-1.16941 -0.342367 -0.25 -0.327271 -0.249775
-2.33739 -0.683755 -0.5 -0.654534 -0.4991
-3.50392 -1.02416 -0.75 -0.981777 -0.747977
-4.66899 -1.36359 -1 -1.30899 -0.996408
-5.8326 -1.70204 -1.25 -1.63617 -1.24439
-6.99473 -2.03951 -1.5 -1.96329 -1.49193
-8.15537 -2.376 -1.75 -2.29035 -1.73903
-9.31452 -2.71151 -1.99999 -2.61733 -1.98568
-10.4722 -3.04604 -2.24999 -2.94423 -2.23189
-11.6283 -3.37959 -2.49999 -3.27103 -2.47767
-12.7829 -3.71216 -2.74998 -3.59771 -2.723
-13.9359 -4.04376 -2.99997 -3.92428 -2.9679
-15.0874 -4.37437 -3.24996 -4.25071 -3.21236
-16.2373 -4.704 -3.49994 -4.57699 -3.45638
-17.3857 -5.03265 -3.74992 -4.90312 -3.69997
-18.5324 -5.36033 -3.9999 -5.22907 -3.94313
-19.6776 -5.68702 -4.24987 -5.55483 -4.18586
-20.8211 -6.01273 -4.49984 -5.8804 -4.42816
-21.963 -6.33747 -4.74979 -6.20576 -4.67002
-23.1033 -6.66122 -4.99975 -6.53089 -4.91146
-24.242 -6.984 -5.24969 -6.85579 -5.15247
-25.3789 -7.3058 -5.49962 -7.18044 -5.39306
-26.5142 -7.62661 -5.74954 -7.50483 -5.63322
-27.6478 -7.94645 -5.99946 -7.82895 -5.87295
-28.7797 -8.26531 -6.24935 -8.15278 -6.11227
-29.9099 -8.58318 -6.49924 -8.4763 -6.35116
-31.0383 -8.90008 -6.74911 -8.79952 -6.58963
-32.1651 -9.216 -6.99896 -9.12241 -6.82768
-33.29 -9.53094 -7.2488 -9.44496 -7.06532
-34.4132 -9.8449 -7.49862 -9.76716 -7.30253
-35.5346 -10.1579 -7.74841 -10.089 -7.53933
-36.6542 -10.4699 -7.99819 -10.4104 -7.77572
-37.772 -10.7809 -8.24794 -10.7315 -8.01169
-38.888 -11.0909 -8.49766 -11.0522 -8.24725
-40.0022 -11.4 -8.74736 -11.3724 -8.4824
-41.1145 -11.7081 -8.99703 -11.6922 -8.71714
-42.2249 -12.0152 -9.24667 -12.0116 -8.95147
-43.3335 -12.3213 -9.49628 -12.3305 -9.18538
-44.4402 -12.6264 -9.74585 -12.649 -9.4189
-45.545 -12.9306 -9.99539 -12.967 -9.652
-46.6478 -13.2338 -10.2449 -13.2844 -9.8847
-47.7488 -13.536 -10.4943 -13.6014 -10.117
-48.8478 -13.8372 -10.7438 -13.9179 -10.3489
-49.9448 -14.1375 -10.9931 -14.2338 -10.5804
-51.0398 -14.4367 -11.2425 -14.5492 -10.8115
-52.1329 -14.735 -11.4917 -14.864 -11.0422
-53.224 -15.0323 -11.741 -15.1783 -11.2725
-54.3131 -15.3287 -11.9901 -15.4919 -11.5023
-55.4001 -15.624 -12.2392 -15.805 -11.7318
-56.4851 -15.9184 -12.4883 -16.1175 -11.9609
-57.568 -16.2118 -12.7373 -16.4293 -12.1896
-58.6489 -16.5042 -12.9862 -16.7406 -12.418
-59.7277 -16.7956 -13.2351 -17.0511 -12.6459
-60.8044 -17.086 -13.4838 -17.3611 -12.8734
-61.8789 -17.3755 -13.7326 -17.6703 -13.1005
-62.9514 -17.664 -13.9812 -17.9789 -13.3273
-64.0217 -17.9515 -14.2297 -18.2868 -13.5536
-65.0899 -18.238 -14.4782 -18.594 -13.7796
-66.1559 -18.5236 -14.7266 -18.9005 -14.0052
-67.2197 -18.8082 -14.9749 -19.2062 -14.2304
-68.2813 -19.0918 -15.2231 -19.5112 -14.4552
-69.3407 -19.3744 -15.4712 -19.8155 -14.6796
-70.3979 -19.656 -15.7192 -20.119 -14.9037
-71.4528 -19.9367 -15.9671 -20.4217 -15.1273
-72.5055 -20.2163 -16.2149 -20.7236 -15.3506
-73.556 -20.495 -16.4626 -21.0248 -15.5735
-74.6041 -20.7727 -16.7102 -21.3251 -15.7961
-75.65 -21.0495 -16.9577 -21.6246 -16.0182
-76.6935 -21.3252 -17.205 -21.9233 -16.24
-77.7348 -21.6 -17.4522 -22.2212 -16.4614
-78.7737 -21.8738 -17.6993 -22.5182 -16.6824
-79.8102 -22.1466 -17.9463 -22.8143 -16.903
-80.8444 -22.4184 -18.1931 -23.1096 -17.1233
-81.8762 -22.6893 -18.4398 -23.404 -17.3432
-82.9057 -22.9592 -18.6863 -23.6975 -17.5627
-83.9327 -23.2281 -18.9327 -23.99 -17.7819
-84.9573 -23.496 -19.1789 -24.2817 -18.0007
-85.9795 -23.7629 -19.425 -24.5725 -18.2191
-86.9992 -24.0289 -19.6709 -24.8623 -18.4371
-88.0165 -24.2939 -19.9166 -25.1512 -18.6548
-89.0313 -24.5579 -20.1622 -25.4391 -18.8721
-90.0436 -24.8209 -20.4076 -25.726 -19.0891
-91.0535 -25.0829 -20.6528 -26.012 -19.3057
-92.0608 -25.344 -20.8979 -26.297 -19.5219
-93.0656 -25.6041 -21.1427 -26.581 -19.7377
-94.0678 -25.8632 -21.3873 -26.8641 -19.9532
-95.0675 -26.1213 -21.6318 -27.1461 -20.1684
-96.0647 -26.3784 -21.876 -27.427 -20.3832
-97.0592 -26.6346 -22.12 -27.707 -20.5976
-98.0512 -26.8898 -22.3639 -27.9859 -20.8117
-99.0406 -27.144 -22.6074 -28.2638 -21.0254
-100.027 -27.3972 -22.8508 -28.5406 -21.2387
-101.011 -27.6495 -23.0939 -28.8164 -21.4517
-101.993 -27.9007 -23.3368 -29.091 -21.6643
-102.972 -28.151 -23.5795 -29.3646 -21.8766
-103.948 -28.4003 -23.8219 -29.6372 -22.0886
-104.921 -28.6487 -24.0641 -29.9086 -22.3001
-105.892 -28.896 -24.306 -30.1789 -22.5114
-106.86 -29.1424 -24.5476 -30.4481 -22.7223
-107.826 -29.3878 -24.789 -30.7162 -22.9328
-108.788 -29.6322 -25.0301 -30.9831 -23.143
-109.748 -29.8756 -25.2709 -31.249 -23.3528
-110.705 -30.118 -25.5114 -31.5137 -23.5623
-111.66 -30.3595 -25.7517 -31.7772 -23.7714
-112.611 -30.6 -25.9916 -32.0396 -23.9802
-113.56 -30.8395 -26.2312 -32.3008 -24.1887
-114.506 -31.078 -26.4705 -32.5608 -24.3968
-115.449 -31.3156 -26.7096 -32.8197 -24.6045
-116.39 -31.5522 -26.9482 -33.0774 -24.812
-117.327 -31.7878 -27.1866 -33.3339 -25.019
-118.262 -32.0224 -27.4246 -33.5892 -25.2258
-119.194 -32.256 -27.6623 -33.8433 -25.4322
-120.123 -32.4887 -27.8996 -34.0962 -25.6382
-121.049 -32.7203 -28.1366 -34.3479 -25.8439
-121.972 -32.951 -28.3732 -34.5984 -26.0493
-122.892 -33.1807 -28.6095 -34.8476 -26.2544
-123.81 -33.4095 -28.8453 -35.0956 -26.4591
-124.724 -33.6372 -29.0808 -35.3424 -26.6634
-125.635 -33.864 -29.316 -35.588 -26.8675
-126.544 -34.0898 -29.5507 -35.8322 -27.0712
-127.449 -34.3146 -29.785 -36.0753 -27.2745
-128.352 -34.5384 -30.0189 -36.3171 -27.4775
-129.252 -34.7613 -30.2524 -36.5576 -27.6802
-130.148 -34.9832 -30.4855 -36.7969 -27.8826
-131.042 -35.2041 -30.7181 -37.0349 -28.0846
-131.932 -35.424 -30.9504 -37.2716 -28.2863
-132.82 -35.6429 -31.1821 -37.507 -28.4877
-133.704 -35.8609 -31.4135 -37.7412 -28.6887
-134.586 -36.0779 -31.6443 -37.974 -28.8895
-135.464 -36.2939 -31.8748 -38.2056 -29.0898
-136.339 -36.5089 -32.1047 -38.4359 -29.2899
-137.212 -36.7229 -32.3342 -38.6649 -29.4896
-138.081 -36.936 -32.5632 -38.8926 -29.689
-138.947 -37.1481 -32.7917 -39.119 -29.8881
-139.81 -37.3592 -33.0197 -39.3441 -30.0868
-140.67 -37.5693 -33.2472 -39.5678 -30.2852
-141.526 -37.7784 -33.4741 -39.7903 -30.4833
-142.38 -37.9866 -33.7006 -40.0114 -30.6811
-143.23 -38.1938 -33.9265 -40.2312 -30.8785
-144.077 -38.4 -34.1519 -40.4497 -31.0756
-144.921 -38.6052 -34.3768 -40.6669 -31.2724
-145.762 -38.8095 -34.6011 -40.8827 -31.4689
-146.6 -39.0127 -34.8249 -41.0973 -31.665
-147.434 -39.215 -35.0481 -41.3105 -31.8609
-148.266 -39.4163 -35.2707 -41.5223 -32.0563
-149.094 -39.6167 -35.4928 -41.7328 -32.2515
-149.919 -39.816 -35.7142 -41.942 -32.4464
-150.74 -40.0144 -35.9351 -42.1498 -32.6409
-151.559 -40.2118 -36.1553 -42.3564 -32.8351
-152.374 -40.4082 -36.375 -42.5615 -33.029
-153.186 -40.6036 -36.5941 -42.7653 -33.2225
-153.994 -40.798 -36.8125 -42.9678 -33.4158
-154.799 -40.9915 -37.0303 -43.1689 -33.6087
-155.601 -41.184 -37.2474 -43.3687 -33.8013
-156.4 -41.3755 -37.4639 -43.5672 -33.9935
-157.196 -41.566 -37.6798 -43.7642 -34.1855
-157.988 -41.7556 -37.895 -43.96 -34.3771
-158.776 -41.9442 -38.1095 -44.1544 -34.5684
-159.562 -42.1318 -38.3233 -44.3474 -34.7594
-160.344 -42.3184 -38.5365 -44.5391 -34.9501
-161.123 -42.504 -38.7489 -44.7295 -35.1404
-161.898 -42.6887 -38.9607 -44.9184 -35.3304
-162.67 -42.8723 -39.1718 -45.1061 -35.5201
-163.439 -43.055 -39.3821 -45.2924 -35.7095
-164.204 -43.2367 -39.5917 -45.4773 -35.8985
-164.966 -43.4175 -39.8006 -45.6609 -36.0872
-165.725 -43.5972 -40.0088 -45.8432 -36.2756
-166.48 -43.776 -40.2162 -46.0241 -36.4637
-167.232 -43.9538 -40.4228 -46.2036 -36.6514
-167.98 -44.1306 -40.6287 -46.3818 -36.8388
-168.725 -44.3064 -40.8339 -46.5587 -37.0259
-169.466 -44.4813 -41.0382 -46.7342 -37.2127
-170.204 -44.6552 -41.2418 -46.9084 -37.3991
-170.939 -44.8281 -41.4445 -47.0812 -37.5852
-171.67 -45 -41.6465 -47.2527 -37.771
-172.398 -45.1709 -41.8477 -47.4228 -37.9564
-173.122 -45.3409 -42.048 -47.5916 -38.1416
-173.843 -45.5099 -42.2476 -47.7591 -38.3263
-174.56 -45.6779 -42.4463 -47.9252 -38.5108
-175.274 -45.8449 -42.6442 -48.09 -38.6949
-175.984 -46.0109 -42.8412 -48.2534 -38.8787
-176.691 -46.176 -43.0374 -48.4156 -39.0621
-177.394 -46.3401 -43.2327 -48.5764 -39.2452
-178.094 -46.5032 -43.4271 -48.7358 -39.428
-178.79 -46.6653 -43.6207 -48.894 -39.6104
-179.483 -46.8264 -43.8134 -49.0508 -39.7925
-180.172 -46.9866 -44.0052 -49.2063 -39.9742
-180.858 -47.1458 -44.1961 -49.3605 -40.1556
-181.54 -47.304 -44.3861 -49.5134 -40.3367
-182.219 -47.4612 -44.5752 -49.6649 -40.5174
-182.894 -47.6175 -44.7634 -49.8152 -40.6978
-183.565 -47.7727 -44.9507 -49.9641 -40.8778
-184.233 -47.927 -45.137 -50.1117 -41.0574
-184.897 -48.0803 -45.3224 -50.258 -41.2367
-185.558 -48.2327 -45.5068 -50.4031 -41.4156
-186.215 -48.384 -45.6903 -50.5468 -41.5942
-186.869 -48.5344 -45.8729 -50.6892 -41.7724
-187.519 -48.6838 -46.0544 -50.8304 -41.9503
-188.165 -48.8322 -46.235 -50.9702 -42.1278
-188.808 -48.9796 -46.4146 -51.1088 -42.3049
-189.447 -49.126 -46.5933 -51.2461 -42.4817
-190.083 -49.2715 -46.7709 -51.3821 -42.658
-190.714 -49.416 -46.9475 -51.5168 -42.834
-191.343 -49.5595 -47.1232 -51.6503 -43.0097
-191.967 -49.702 -47.2978 -51.7825 -43.1849
-192.588 -49.8436 -47.4714 -51.9134 -43.3597
-193.205 -49.9842 -47.644 -52.0431 -43.5342
-193.819 -50.1238 -47.8155 -52.1715 -43.7083
-194.429 -50.2624 -47.986 -52.2987 -43.882
-195.035 -50.4 -48.1555 -52.4246 -44.0553
-195.638 -50.5367 -48.3239 -52.5492 -44.2281
-196.237 -50.6723 -48.4912 -52.6726 -44.4006
-196.832 -50.807 -48.6575 -52.7948 -44.5727
-197.424 -50.9407 -48.8227 -52.9158 -44.7444
-198.011 -51.0735 -48.9869 -53.0355 -44.9156
-198.596 -51.2052 -49.1499 -53.154 -45.0864
-199.176 -51.336 -49.3119 -53.2713 -45.2568
-199.753 -51.4658 -49.4728 -53.3873 -45.4268
-200.326 -51.5946 -49.6325 -53.5022 -45.5963
-200.895 -51.7224 -49.7912 -53.6158 -45.7654
-201.46 -51.8493 -49.9488 -53.7282 -45.9341
-202.022 -51.9752 -50.1053 -53.8395 -46.1023
-202.58 -52.1001 -50.2606 -53.9495 -46.27
-203.134 -52.224 -50.4148 -54.0583 -46.4374
-203.685 -52.3469 -50.5679 -54.166 -46.6042
-204.232 -52.4689 -50.7198 -54.2725 -46.7706
-204.775 -52.5899 -50.8706 -54.3778 -46.9365
-205.314 -52.7099 -51.0203 -54.4819 -47.1019
-205.849 -52.8289 -51.1688 -54.5848 -47.2668
-206.381 -52.9469 -51.3161 -54.6866 -47.4313
-206.909 -53.064 -51.4623 -54.7873 -47.5952
-207.433 -53.1801 -51.6073 -54.8867 -47.7586
-207.953 -53.2952 -51.7512 -54.9851 -47.9216
-208.469 -53.4093 -51.8938 -55.0823 -48.084
-208.982 -53.5224 -52.0353 -55.1783 -48.2459
-209.491 -53.6346 -52.1756 -55.2732 -48.4073
-209.996 -53.7458 -52.3148 -55.367 -48.5681
-210.497 -53.856 -52.4527 -55.4597 -48.7284
-210.994 -53.9652 -52.5894 -55.5512 -48.8881
-211.487 -54.0735 -52.725 -55.6416 -49.0473
-211.977 -54.1807 -52.8593 -55.731 -49.2059
-212.463 -54.287 -52.9924 -55.8192 -49.3639
-212.944 -54.3923 -53.1243 -55.9063 -49.5214
-213.422 -54.4967 -53.255 -55.9923 -49.6782
-213.896 -54.6 -53.3845 -56.0772 -49.8345
-214.366 -54.7024 -53.5127 -56.1611 -49.9901
-214.833 -54.8038 -53.6398 -56.2438 -50.1452
-215.295 -54.9042 -53.7656 -56.3255 -50.2996
-215.753 -55.0036 -53.8901 -56.4062 -50.4533
-216.208 -55.102 -54.0135 -56.4857 -50.6065
-216.658 -55.1995 -54.1356 -56.5642 -50.7589
-217.105 -55.296 -54.2564 -56.6417 -50.9107
-217.547 -55.3915 -54.376 -56.7181 -51.0619
-217.986 -55.486 -54.4944 -56.7935 -51.2123
-218.421 -55.5796 -54.6115 -56.8678 -51.3621
-218.852 -55.6722 -54.7273 -56.9411 -51.5111
-219.278 -55.7638 -54.8419 -57.0134 -51.6594
-219.701 -55.8544 -54.9553 -57.0846 -51.807
-220.12 -55.944 -55.0673 -57.1549 -51.9539
-220.535 -56.0327 -55.1782 -57.2241 -52.1
-220.946 -56.1203 -55.2877 -57.2923 -52.2453
-221.352 -56.207 -55.396 -57.3595 -52.3899
-221.755 -56.2927 -55.503 -57.4258 -52.5336
-222.154 -56.3775 -55.6088 -57.491 -52.6766
-222.549 -56.4612 -55.7133 -57.5553 -52.8188
-222.939 -56.544 -55.8165 -57.6186 -52.9601
-223.326 -56.6258 -55.9184 -57.6809 -53.1006
-223.708 -56.7066 -56.0191 -57.7422 -53.2402
-224.087 -56.7864 -56.1185 -57.8026 -53.379
-224.461 -56.8653 -56.2166 -57.8621 -53.5169
-224.831 -56.9432 -56.3134 -57.9205 -53.6539
-225.197 -57.0201 -56.4089 -57.9781 -53.7899
-225.559 -57.096 -56.5032 -58.0347 -53.9251
-225.917 -57.1709 -56.5962 -58.0904 -54.0593
-226.27 -57.2449 -56.6879 -58.1451 -54.1926
-226.62 -57.3179 -56.7783 -58.1989 -54.3249
-226.965 -57.3899 -56.8675 -58.2518 -54.4561
-227.306 -57.4609 -56.9553 -58.3038 -54.5864
-227.643 -57.5309 -57.0419 -58.3549 -54.7157
-227.976 -57.6 -57.1272 -58.4051 -54.844
-228.305 -57.6681 -57.2112 -58.4544 -54.9711
-228.629 -57.7352 -57.2939 -58.5028 -55.0973
-228.949 -57.8013 -57.3753 -58.5503 -55.2223
-229.265 -57.8664 -57.4555 -58.5969 -55.3462
-229.577 -57.9306 -57.5343 -58.6427 -55.469
-229.884 -57.9938 -57.6119 -58.6876 -55.5907
-230.187 -58.056 -57.6882 -58.7317 -55.7112
-230.486 -58.1172 -57.7633 -58.7748 -55.8305
-230.78 -58.1775 -57.837 -58.8172 -55.9486
-231.07 -58.2367 -57.9095 -58.8587 -56.0655
-231.356 -58.295 -57.9806 -58.8993 -56.1812
-231.638 -58.3523 -58.0505 -58.9391 -56.2956
-231.915 -58.4087 -58.1192 -58.9781 -56.4088
-232.187 -58.464 -58.1865 -59.0163 -56.5206
-232.456 -58.5184 -58.2526 -59.0536 -56.6311
-232.72 -58.5718 -58.3174 -59.0901 -56.7403
-232.979 -58.6242 -58.3809 -59.1258 -56.8482
-233.234 -58.6756 -58.4432 -59.1608 -56.9546
-233.485 -58.726 -58.5042 -59.1949 -57.0597
-233.731 -58.7755 -58.5639 -59.2282 -57.1633
-233.973 -58.824 -58.6224 -59.2608 -57.2655
-234.21 -58.8715 -58.6796 -59.2925 -57.3662
-234.442 -58.918 -58.7355 -59.3235 -57.4654
-234.671 -58.9636 -58.7902 -59.3537 -57.5632
-234.894 -59.0082 -58.8436 -59.3832 -57.6594
-235.113 -59.0518 -58.8958 -59.4119 -57.754
-235.328 -59.0944 -58.9467 -59.4398 -57.847
-235.538 -59.136 -58.9964 -59.467 -57.9385
-235.743 -59.1767 -59.0448 -59.4934 -58.0283
-235.944 -59.2163 -59.092 -59.5192 -58.1165
-236.14 -59.255 -59.1379 -59.5441 -58.203
-236.331 -59.2927 -59.1826 -59.5684 -58.2878
-236.518 -59.3295 -59.2261 -59.5919 -58.3709
-236.7 -59.3652 -59.2683 -59.6147 -58.4522
-236.878 -59.4 -59.3093 -59.6368 -58.5317
-237.051 -59.4338 -59.3491 -59.6582 -58.6095
-237.219 -59.4666 -59.3876 -59.6789 -58.6854
-237.382 -59.4984 -59.425 -59.6989 -58.7595
-237.54 -59.5293 -59.4611 -59.7181 -58.8317
-237.694 -59.5592 -59.496 -59.7368 -58.902
-237.843 -59.5881 -59.5297 -59.7547 -58.9704
-237.987 -59.616 -59.5622 -59.7719 -59.0369
-238.126 -59.6429 -59.5935 -59.7885 -59.1013
-238.261 -59.6689 -59.6236 -59.8044 -59.1638
-238.39 -59.6939 -59.6525 -59.8197 -59.2242
-238.515 -59.7179 -59.6802 -59.8343 -59.2826
-238.635 -59.7409 -59.7067 -59.8482 -59.3389
-238.75 -59.7629 -59.7321 -59.8615 -59.3931
-238.859 -59.784 -59.7562 -59.8741 -59.4451
-238.964 -59.8041 -59.7792 -59.8862 -59.495
-239.065 -59.8232 -59.8011 -59.8975 -59.5427
-239.16 -59.8413 -59.8217 -59.9083 -59.5883
-239.25 -59.8584 -59.8412 -59.9184 -59.6315
-239.335 -59.8746 -59.8596 -59.9279 -59.6725
-239.415 -59.8898 -59.8768 -59.9368 -59.7113
-239.49 -59.904 -59.8928 -59.9451 -59.7477
-239.559 -59.9172 -59.9077 -59.9528 -59.7817
-239.624 -59.9295 -59.9215 -59.9599 -59.8134
-239.684 -59.9407 -59.9341 -59.9664 -59.8427
-239.739 -59.951 -59.9457 -59.9723 -59.8696
-239.788 -59.9603 -59.9561 -59.9776 -59.8941
-239.832 -59.9687 -59.9653 -59.9824 -59.916
-239.872 -59.976 -59.9735 -59.9865 -59.9355
-239.906 -59.9824 -59.9806 -59.9901 -59.9525
-239.934 -59.9878 -59.9865 -59.9932 -59.9669
-239.958 -59.9922 -59.9914 -59.9956 -59.9788
-239.976 -59.9956 -59.9952 -59.9976 -59.988
-239.989 -59.998 -59.9979 -59.9989 -59.9947
-239.997 -59.9995 -59.9995 -59.9997 -59.9987
-240 -60 -60 -60 -60
-239.964 -59.9662 -59.9995 -59.9997 -59.9987
-239.924 -59.9323 -59.9979 -59.9989 -59.9946
-239.879 -59.8985 -59.9952 -59.9976 -59.9878
-239.83 -59.8646 -59.9915 -59.9957 -59.9783
-239.777 -59.8308 -59.9868 -59.9934 -59.9659
-239.719 -59.7969 -59.981 -59.9905 -59.9508
-239.657 -59.7631 -59.9741 -59.9871 -59.9329
-239.591 -59.7292 -59.9663 -59.9831 -59.9121
-239.52 -59.6954 -59.9574 -59.9787 -59.8885
-239.445 -59.6615 -59.9475 -59.9738 -59.862
-239.365 -59.6277 -59.9366 -59.9684 -59.8326
-239.281 -59.5938 -59.9247 -59.9625 -59.8002
-239.194 -59.56 -59.9118 -59.9561 -59.7658
-239.105 -59.5262 -59.8979 -59.9492 -59.7313
-239.014 -59.4923 -59.883 -59.9419 -59.6968
-238.922 -59.4585 -59.8671 -59.934 -59.6622
-238.828 -59.4246 -59.8503 -59.9257 -59.6277
-238.733 -59.3908 -59.8325 -59.917 -59.5932
-238.637 -59.3569 -59.8137 -59.9077 -59.5587
-238.539 -59.3231 -59.794 -59.8981 -59.5241
-238.44 -59.2892 -59.7733 -59.8879 -59.4896
-238.339 -59.2554 -59.7517 -59.8773 -59.4551
-238.238 -59.2215 -59.7291 -59.8663 -59.4206
-238.134 -59.1877 -59.7056 -59.8548 -59.386
-238.029 -59.1538 -59.6812 -59.8429 -59.3515
-237.923 -59.12 -59.6559 -59.8306 -59.317
-237.816 -59.0862 -59.6296 -59.8178 -59.2825
-237.707 -59.0523 -59.6025 -59.8046 -59.2479
-237.597 -59.0185 -59.5745 -59.7909 -59.2134
-237.486 -58.9846 -59.5455 -59.7769 -59.1789
-237.373 -58.9508 -59.5157 -59.7624 -59.1444
-237.259 -58.9169 -59.485 -59.7476 -59.1098
-237.144 -58.8831 -59.4534 -59.7323 -59.0753
-237.028 -58.8492 -59.421 -59.7166 -59.0408
-236.91 -58.8154 -59.3877 -59.7005 -59.0063
-236.791 -58.7815 -59.3536 -59.684 -58.9717
-236.671 -58.7477 -59.3186 -59.6672 -58.9372
-236.549 -58.7138 -59.2828 -59.6499 -58.9027
-236.427 -58.68 -59.2461 -59.6323 -58.8682
-236.303 -58.6462 -59.2086 -59.6142 -58.8337
-236.178 -58.6123 -59.1703 -59.5958 -58.7991
-236.051 -58.5785 -59.1312 -59.5771 -58.7646
-235.924 -58.5446 -59.0913 -59.5579 -58.7301
-235.795 -58.5108 -59.0506 -59.5384 -58.6956
-235.666 -58.4769 -59.0091 -59.5185 -58.661
-235.535 -58.4431 -58.9668 -59.4983 -58.6265
-235.403 -58.4092 -58.9237 -59.4777 -58.592
-235.269 -58.3754 -58.8799 -59.4567 -58.5575
-235.135 -58.3415 -58.8352 -59.4354 -58.5229
-235 -58.3077 -58.7899 -59.4138 -58.4884
-234.863 -58.2738 -58.7438 -59.3918 -58.4539
-234.726 -58.24 -58.6969 -59.3695 -58.4194
-234.587 -58.2062 -58.6493 -59.3468 -58.3848
-234.447 -58.1723 -58.601 -59.3238 -58.3503
-234.307 -58.1385 -58.5519 -59.3005 -58.3158
-234.165 -58.1046 -58.5021 -59.2768 -58.2813
-234.022 -58.0708 -58.4517 -59.2528 -58.2467
-233.878 -58.0369 -58.4005 -59.2285 -58.2122
-233.733 -58.0031 -58.3486 -59.2039 -58.1777
-233.587 -57.9692 -58.296 -59.179 -58.1432
-233.44 -57.9354 -58.2427 -59.1537 -58.1086
-233.293 -57.9015 -58.1888 -59.1282 -58.0741
-233.144 -57.8677 -58.1342 -59.1023 -58.0396
-232.994 -57.8338 -58.0789 -59.0761 -58.0051
-232.843 -57.8 -58.023 -59.0497 -57.9705
-232.692 -57.7662 -57.9664 -59.0229 -57.936
-232.539 -57.7323 -57.9092 -58.9959 -57.9015
-232.385 -57.6985 -57.8513 -58.9686 -57.867
-232.231 -57.6646 -57.7928 -58.9409 -57.8325
-232.075 -57.6308 -57.7337 -58.913 -57.7979
-231.919 -57.5969 -57.674 -58.8848 -57.7634
-231.762 -57.5631 -57.6136 -58.8564 -57.7289
-231.604 -57.5292 -57.5527 -58.8276 -57.6944
-231.445 -57.4954 -57.4912 -58.7986 -57.6598
-231.285 -57.4615 -57.429 -58.7694 -57.6253
-231.125 -57.4277 -57.3663 -58.7398 -57.5908
-230.963 -57.3938 -57.303 -58.71 -57.5563
-230.801 -57.36 -57.2391 -58.6799 -57.5217
-230.638 -57.3262 -57.1747 -58.6496 -57.4872
-230.474 -57.2923 -57.1097 -58.619 -57.4527
-230.309 -57.2585 -57.0441 -58.5882 -57.4182
-230.143 -57.2246 -56.978 -58.5571 -57.3836
-229.977 -57.1908 -56.9114 -58.5258 -57.3491
-229.81 -57.1569 -56.8442 -58.4942 -57.3146
-229.642 -57.1231 -56.7765 -58.4624 -57.2801
-229.473 -57.0892 -56.7083 -58.4303 -57.2455
-229.304 -57.0554 -56.6396 -58.398 -57.211
-229.134 -57.0215 -56.5704 -58.3655 -57.1765
-228.963 -56.9877 -56.5006 -58.3328 -57.142
-228.791 -56.9538 -56.4304 -58.2998 -57.1074
-228.619 -56.92 -56.3597 -58.2666 -57.0729
-228.446 -56.8862 -56.2885 -58.2331 -57.0384
-228.272 -56.8523 -56.2168 -58.1995 -57.0039
-228.098 -56.8185 -56.1446 -58.1656 -56.9693
-227.923 -56.7846 -56.072 -58.1315 -56.9348
-227.747 -56.7508 -55.999 -58.0972 -56.9003
-227.571 -56.7169 -55.9254 -58.0627 -56.8658
-227.394 -56.6831 -55.8515 -58.028 -56.8313
-227.216 -56.6492 -55.777 -57.9931 -56.7967
-227.038 -56.6154 -55.7022 -57.9579 -56.7622
-226.859 -56.5815 -55.6269 -57.9226 -56.7277
-226.679 -56.5477 -55.5512 -57.8871 -56.6932
-226.499 -56.5138 -55.4751 -57.8513 -56.6586
-226.318 -56.48 -55.3986 -57.8154 -56.6241
-226.137 -56.4462 -55.3217 -57.7793 -56.5896
-225.955 -56.4123 -55.2443 -57.743 -56.5551
-225.772 -56.3785 -55.1666 -57.7065 -56.5205
-225.589 -56.3446 -55.0885 -57.6698 -56.486
-225.405 -56.3108 -55.01 -57.6329 -56.4515
-225.221 -56.2769 -54.9311 -57.5959 -56.417
-225.036 -56.2431 -54.8519 -57.5587 -56.3824
-224.851 -56.2092 -54.7723 -57.5213 -56.3479
-224.665 -56.1754 -54.6923 -57.4837 -56.3134
-224.478 -56.1415 -54.612 -57.4459 -56.2789
-224.291 -56.1077 -54.5314 -57.408 -56.2443
-224.104 -56.0738 -54.4504 -57.3699 -56.2098
-223.916 -56.04 -54.369 -57.3317 -56.1753
-223.728 -56.0062 -54.2874 -57.2933 -56.1408
-223.539 -55.9723 -54.2054 -57.2547 -56.1062
-223.349 -55.9385 -54.1231 -57.216 -56.0717
-223.159 -55.9046 -54.0404 -57.1771 -56.0372
-222.969 -55.8708 -53.9575 -57.138 -56.0027
-222.778 -55.8369 -53.8742 -57.0988 -55.9681
-222.587 -55.8031 -53.7907 -57.0595 -55.9336
-222.395 -55.7692 -53.7069 -57.0199 -55.8991
-222.203 -55.7354 -53.6227 -56.9803 -55.8646
-222.01 -55.7015 -53.5383 -56.9405 -55.8301
-221.817 -55.6677 -53.4536 -56.9005 -55.7955
-221.624 -55.6338 -53.3687 -56.8605 -55.761
-221.43 -55.6 -53.2834 -56.8202 -55.7265
-221.236 -55.5662 -53.1979 -56.7799 -55.692
-221.041 -55.5323 -53.1122 -56.7394 -55.6574
-220.846 -55.4985 -53.0262 -56.6987 -55.6229
-220.651 -55.4646 -52.9399 -56.6579 -55.5884
-220.455 -55.4308 -52.8534 -56.617 -55.5539
-220.259 -55.3969 -52.7667 -56.576 -55.5193
-220.062 -55.3631 -52.6797 -56.5349 -55.4848
-219.866 -55.3292 -52.5925 -56.4936 -55.4503
-219.668 -55.2954 -52.5051 -56.4522 -55.4158
-219.471 -55.2615 -52.4174 -56.4106 -55.3812
-219.273 -55.2277 -52.3296 -56.369 -55.3467
-219.075 -55.1938 -52.2415 -56.3272 -55.3122
-218.876 -55.16 -52.1532 -56.2853 -55.2777
-218.677 -55.1262 -52.0647 -56.2433 -55.2431
-218.478 -55.0923 -51.9761 -56.2012 -55.2086
-218.279 -55.0585 -51.8872 -56.159 -55.1741
-218.079 -55.0246 -51.7981 -56.1166 -55.1396
-217.879 -54.9908 -51.7089 -56.0742 -55.105
-217.679 -54.9569 -51.6195 -56.0316 -55.0705
-217.478 -54.9231 -51.5299 -55.9889 -55.036
-217.277 -54.8892 -51.4401 -55.9462 -55.0015
-217.076 -54.8554 -51.3502 -55.9033 -54.967
-216.874 -54.8215 -51.2601 -55.8603 -54.9324
-216.673 -54.7877 -51.1699 -55.8173 -54.8979
-216.471 -54.7538 -51.0795 -55.7741 -54.8634
-216.269 -54.72 -50.9889 -55.7308 -54.8289
-216.066 -54.6862 -50.8982 -55.6875 -54.7943
-215.864 -54.6523 -50.8074 -55.644 -54.7598
-215.661 -54.6185 -50.7164 -55.6005 -54.7253
-215.458 -54.5846 -50.6253 -55.5568 -54.6908
-215.254 -54.5508 -50.5341 -55.5131 -54.6562
-215.051 -54.5169 -50.4427 -55.4693 -54.6217
-214.847 -54.4831 -50.3513 -55.4254 -54.5872
-214.643 -54.4492 -50.2597 -55.3814 -54.5527
-214.439 -54.4154 -50.1679 -55.3373 -54.5181
-214.234 -54.3815 -50.0761 -55.2932 -54.4836
-214.03 -54.3477 -49.9842 -55.2489 -54.4491
-213.825 -54.3138 -49.8922 -55.2046 -54.4146
-213.62 -54.28 -49.8001 -55.1602 -54.38
-213.415 -54.2462 -49.7078 -55.1158 -54.3455
-213.21 -54.2123 -49.6155 -55.0712 -54.311
-213.005 -54.1785 -49.5231 -55.0266 -54.2765
-212.799 -54.1446 -49.4306 -54.9819 -54.2419
-212.593 -54.1108 -49.3381 -54.9372 -54.2074
-212.388 -54.0769 -49.2455 -54.8923 -54.1729
-212.182 -54.0431 -49.1527 -54.8474 -54.1384
-211.975 -54.0092 -49.06 -54.8025 -54.1038
-211.769 -53.9754 -48.9671 -54.7574 -54.0693
-211.563 -53.9415 -48.8742 -54.7123 -54.0348
-211.356 -53.9077 -48.7812 -54.6672 -54.0003
-211.15 -53.8738 -48.6882 -54.6219 -53.9658
-210.943 -53.84 -48.5951 -54.5767 -53.9312
-210.736 -53.8062 -48.502 -54.5313 -53.8967
-210.529 -53.7723 -48.4088 -54.4859 -53.8622
-210.322 -53.7385 -48.3156 -54.4404 -53.8277
-210.115 -53.7046 -48.2224 -54.3949 -53.7931
-209.908 -53.6708 -48.1291 -54.3493 -53.7586
-209.7 -53.6369 -48.0357 -54.3037 -53.7241
-209.493 -53.6031 -47.9424 -54.258 -53.6896
-209.286 -53.5692 -47.849 -54.2123 -53.655
-209.078 -53.5354 -47.7556 -54.1665 -53.6205
-208.87 -53.5015 -47.6621 -54.1207 -53.586
-208.663 -53.4677 -47.5687 -54.0748 -53.5515
-208.455 -53.4338 -47.4752 -54.0289 -53.5169
-208.247 -53.4 -47.3817 -53.9829 -53.4824
-208.039 -53.3662 -47.2883 -53.9369 -53.4479
-207.831 -53.3323 -47.1948 -53.8908 -53.4134
-207.623 -53.2985 -47.1012 -53.8447 -53.3788
-207.415 -53.2646 -47.0077 -53.7985 -53.3443
-207.207 -53.2308 -46.9142 -53.7523 -53.3098
-206.999 -53.1969 -46.8207 -53.7061 -53.2753
-206.791 -53.1631 -46.7272 -53.6598 -53.2407
-206.583 -53.1292 -46.6337 -53.6135 -53.2062
-206.375 -53.0954 -46.5403 -53.5672 -53.1717
-206.166 -53.0615 -46.4468 -53.5208 -53.1372
-205.958 -53.0277 -46.3534 -53.4743 -53.1026
-205.75 -52.9938 -46.2599 -53.4279 -53.0681
-205.542 -52.96 -46.1665 -53.3814 -53.0336
-205.333 -52.9262 -46.0732 -53.3349 -52.9991
-205.125 -52.8923 -45.9798 -53.2883 -52.9646
-204.917 -52.8585 -45.8865 -53.2417 -52.93
-204.708 -52.8246 -45.7932 -53.1951 -52.8955
-204.5 -52.7908 -45.6999 -53.1485 -52.861
-204.292 -52.7569 -45.6067 -53.1018 -52.8265
-204.084 -52.7231 -45.5135 -53.0551 -52.7919
-203.875 -52.6892 -45.4204 -53.0084 -52.7574
-203.667 -52.6554 -45.3273 -52.9616 -52.7229
-203.459 -52.6215 -45.2342 -52.9148 -52.6884
-203.251 -52.5877 -45.1412 -52.868 -52.6538
-203.043 -52.5538 -45.0482 -52.8212 -52.6193
-202.834 -52.52 -44.9553 -52.7744 -52.5848
-202.626 -52.4862 -44.8624 -52.7275 -52.5503
-202.418 -52.4523 -44.7696 -52.6806 -52.5157
-202.21 -52.4185 -44.6769 -52.6337 -52.4812
-202.002 -52.3846 -44.5842 -52.5868 -52.4467
-201.794 -52.3508 -44.4916 -52.5399 -52.4122
-201.587 -52.3169 -44.399 -52.4929 -52.3776
-201.379 -52.2831 -44.3065 -52.4459 -52.3431
-201.171 -52.2492 -44.2141 -52.3989 -52.3086
-200.963 -52.2154 -44.1217 -52.3519 -52.2741
-200.755 -52.1815 -44.0295 -52.3049 -52.2395
-200.548 -52.1477 -43.9372 -52.2579 -52.205
-200.34 -52.1138 -43.8451 -52.2109 -52.1705
-200.133 -52.08 -43.753 -52.1638 -52.136
-199.925 -52.0462 -43.6611 -52.1167 -52.1014
-199.718 -52.0123 -43.5692 -52.0697 -52.0669
-199.511 -51.9785 -43.4773 -52.0226 -52.0324
-199.304 -51.9446 -43.3856 -51.9755 -51.9979
-199.096 -51.9108 -43.2939 -51.9284 -51.9634
-198.889 -51.8769 -43.2024 -51.8813 -51.9288
-198.682 -51.8431 -43.1109 -51.8342 -51.8943
-198.476 -51.8092 -43.0195 -51.787 -51.8598
-198.269 -51.7754 -42.9282 -51.7399 -51.8253
-198.062 -51.7415 -42.837 -51.6928 -51.7907
-197.855 -51.7077 -42.7459 -51.6457 -51.7562
-197.649 -51.6738 -42.6549 -51.5985 -51.7217
-197.443 -51.64 -42.564 -51.5514 -51.6872
-197.236 -51.6062 -42.4732 -51.5042 -51.6526
-197.03 -51.5723 -42.3825 -51.4571 -51.6181
-196.824 -51.5385 -42.2919 -51.41 -51.5836
-196.618 -51.5046 -42.2014 -51.3628 -51.5491
-196.412 -51.4708 -42.111 -51.3157 -51.5145
-196.206 -51.4369 -42.0207 -51.2685 -51.48
-196 -51.4031 -41.9305 -51.2214 -51.4455
-195.795 -51.3692 -41.8404 -51.1743 -51.411
-195.589 -51.3354 -41.7505 -51.1271 -51.3764
-195.384 -51.3015 -41.6606 -51.08 -51.3419
-195.179 -51.2677 -41.5709 -51.0329 -51.3074
-194.974 -51.2338 -41.4813 -50.9857 -51.2729
-194.769 -51.2 -41.3917 -50.9386 -51.2383
-194.564 -51.1662 -41.3024 -50.8915 -51.2038
-194.359 -51.1323 -41.2131 -50.8444 -51.1693
-194.154 -51.0985 -41.1239 -50.7973 -51.1348
-193.95 -51.0646 -41.0349 -50.7502 -51.1003
-193.746 -51.0308 -40.946 -50.7032 -51.0657
-193.541 -50.9969 -40.8572 -50.6561 -51.0312
-193.337 -50.9631 -40.7686 -50.609 -50.9967
-193.133 -50.9292 -40.68 -50.562 -50.9622
-192.93 -50.8954 -40.5916 -50.5149 -50.9276
-192.726 -50.8615 -40.5033 -50.4679 -50.8931
-192.522 -50.8277 -40.4152 -50.4209 -50.8586
-192.319 -50.7938 -40.3272 -50.3739 -50.8241
-192.116 -50.76 -40.2393 -50.3269 -50.7895
-191.913 -50.7262 -40.1515 -50.2799 -50.755
-191.71 -50.6923 -40.0639 -50.2329 -50.7205
-191.507 -50.6585 -39.9764 -50.186 -50.686
-191.304 -50.6246 -39.889 -50.1391 -50.6514
-191.102 -50.5908 -39.8018 -50.0921 -50.6169
-190.899 -50.5569 -39.7147 -50.0452 -50.5824
-190.697 -50.5231 -39.6278 -49.9983 -50.5479
-190.495 -50.4892 -39.5409 -49.9515 -50.5133
-190.293 -50.4554 -39.4543 -49.9046 -50.4788
-190.091 -50.4215 -39.3677 -49.8578 -50.4443
-189.89 -50.3877 -39.2813 -49.8109 -50.4098
-189.688 -50.3538 -39.1951 -49.7641 -50.3752
-189.487 -50.32 -39.109 -49.7173 -50.3407
-189.286 -50.2862 -39.023 -49.6706 -50.3062
-189.085 -50.2523 -38.9372 -49.6238 -50.2717
-188.884 -50.2185 -38.8515 -49.5771 -50.2371
-188.684 -50.1846 -38.766 -49.5304 -50.2026
-188.483 -50.1508 -38.6806 -49.4837 -50.1681
-188.283 -50.1169 -38.5953 -49.437 -50.1336
-188.083 -50.0831 -38.5102 -49.3904 -50.0991
-187.883 -50.0492 -38.4253 -49.3438 -50.0645
-187.683 -50.0154 -38.3405 -49.2972 -50.03
-187.483 -49.9815 -38.2559 -49.2506 -49.9955
-187.284 -49.9477 -38.1714 -49.204 -49.961
-187.085 -49.9138 -38.087 -49.1575 -49.9264
-186.886 -49.88 -38.0028 -49.111 -49.8919
-186.687 -49.8462 -37.9188 -49.0645 -49.8574
-186.488 -49.8123 -37.8349 -49.018 -49.8229
-186.29 -49.7785 -37.7511 -48.9716 -49.7883
-186.091 -49.7446 -37.6676 -48.9252 -49.7538
-185.893 -49.7108 -37.5841 -48.8788 -49.7193
-185.695 -49.6769 -37.5009 -48.8325 -49.6848
-185.497 -49.6431 -37.4177 -48.7861 -49.6502
-185.3 -49.6092 -37.3348 -48.7398 -49.6157
-185.102 -49.5754 -37.252 -48.6936 -49.5812
-184.905 -49.5415 -37.1693 -48.6473 -49.5467
-184.708 -49.5077 -37.0868 -48.6011 -49.5121
-184.511 -49.4738 -37.0045 -48.5549 -49.4776
-184.314 -49.44 -36.9223 -48.5087 -49.4431
-184.118 -49.4062 -36.8403 -48.4626 -49.4086
-183.921 -49.3723 -36.7584 -48.4165 -49.374
-183.725 -49.3385 -36.6767 -48.3704 -49.3395
-183.529 -49.3046 -36.5952 -48.3244 -49.305
-183.333 -49.2708 -36.5138 -48.2783 -49.2705
-183.138 -49.2369 -36.4326 -48.2324 -49.2359
-182.942 -49.2031 -36.3515 -48.1864 -49.2014
-182.747 -49.1692 -36.2706 -48.1405 -49.1669
-182.552 -49.1354 -36.1899 -48.0946 -49.1324
-182.357 -49.1015 -36.1093 -48.0487 -49.0979
-182.163 -49.0677 -36.0289 -48.0029 -49.0633
-181.968 -49.0338 -35.9487 -47.9571 -49.0288
-181.774 -49 -35.8686 -47.9113 -48.9943
-181.58 -48.9662 -35.7887 -47.8656 -48.9598
-181.386 -48.9323 -35.7089 -47.8199 -48.9252
-181.193 -48.8985 -35.6293 -47.7742 -48.8907
-180.999 -48.8646 -35.5499 -47.7286 -48.8562
-180.806 -48.8308 -35.4707 -47.683 -48.8217
-180.613 -48.7969 -35.3916 -47.6374 -48.7871
-180.42 -48.7631 -35.3126 -47.5919 -48.7526
-180.228 -48.7292 -35.2339 -47.5464 -48.7181
-180.035 -48.6954 -35.1553 -47.5009 -48.6836
-179.843 -48.6615 -35.0768 -47.4555 -48.649
-179.651 -48.6277 -34.9986 -47.4101 -48.6145
-179.459 -48.5938 -34.9205 -47.3648 -48.58
-179.267 -48.56 -34.8425 -47.3194 -48.5455
-179.076 -48.5262 -34.7647 -47.2742 -48.5109
-178.885 -48.4923 -34.6871 -47.2289 -48.4764
-178.694 -48.4585 -34.6097 -47.1837 -48.4419
-178.503 -48.4246 -34.5324 -47.1385 -48.4074
-178.312 -48.3908 -34.4553 -47.0934 -48.3728
-178.122 -48.3569 -34.3784 -47.0483 -48.3383
-177.932 -48.3231 -34.3016 -47.0032 -48.3038
-177.742 -48.2892 -34.2251 -46.9582 -48.2693
-177.552 -48.2554 -34.1486 -46.9132 -48.2347
-177.362 -48.2215 -34.0724 -46.8683 -48.2002
-177.173 -48.1877 -33.9963 -46.8233 -48.1657
-176.984 -48.1538 -33.9203 -46.7785 -48.1312
-176.795 -48.12 -33.8446 -46.7336 -48.0967
-176.606 -48.0862 -33.769 -46.6888 -48.0621
-176.418 -48.0523 -33.6936 -46.6441 -48.0276
-176.229 -48.0185 -33.6183 -46.5994 -47.9931
-176.041 -47.9846 -33.5432 -46.5547 -47.9586
-175.853 -47.9508 -33.4683 -46.51 -47.924
-175.665 -47.9169 -33.3936 -46.4655 -47.8895
-175.478 -47.8831 -33.319 -46.4209 -47.855
-175.291 -47.8492 -33.2446 -46.3764 -47.8205
-175.104 -47.8154 -33.1704 -46.3319 -47.7859
-174.917 -47.7815 -33.0963 -46.2875 -47.7514
-174.73 -47.7477 -33.0224 -46.2431 -47.7169
-174.544 -47.7138 -32.9487 -46.1987 -47.6824
-174.357 -47.68 -32.8751 -46.1544 -47.6478
-174.171 -47.6462 -32.8017 -46.1101 -47.6133
-173.985 -47.6123 -32.7285 -46.0659 -47.5788
-173.8 -47.5785 -32.6554 -46.0217 -47.5443
-173.614 -47.5446 -32.5826 -45.9776 -47.5097
-173.429 -47.5108 -32.5098 -45.9334 -47.4752
-173.244 -47.4769 -32.4373 -45.8894 -47.4407
-173.06 -47.4431 -32.3649 -45.8454 -47.4062
-172.875 -47.4092 -32.2927 -45.8014 -47.3716
-172.691 -47.3754 -32.2207 -45.7574 -47.3371
-172.506 -47.3415 -32.1488 -45.7135 -47.3026
-172.323 -47.3077 -32.0771 -45.6697 -47.2681
-172.139 -47.2738 -32.0056 -45.6259 -47.2335
-171.955 -47.24 -31.9342 -45.5821 -47.199
-171.772 -47.2062 -31.863 -45.5384 -47.1645
-171.589 -47.1723 -31.792 -45.4947 -47.13
-171.406 -47.1385 -31.7211 -45.4511 -47.0955
-171.223 -47.1046 -31.6504 -45.4075 -47.0609
-171.041 -47.0708 -31.5799 -45.3639 -47.0264
-170.859 -47.0369 -31.5095 -45.3204 -46.9919
-170.677 -47.0031 -31.4393 -45.277 -46.9574
-170.495 -46.9692 -31.3693 -45.2336 -46.9228
-170.313 -46.9354 -31.2995 -45.1902 -46.8883
-170.132 -46.9015 -31.2298 -45.1469 -46.8538
-169.951 -46.8677 -31.1603 -45.1036 -46.8193
-169.77 -46.8338 -31.0909 -45.0603 -46.7847
-169.589 -46.8 -31.0217 -45.0172 -46.7502
-169.409 -46.7662 -30.9527 -44.974 -46.7157
-169.228 -46.7323 -30.8839 -44.9309 -46.6812
-169.048 -46.6985 -30.8152 -44.8878 -46.6466
-168.868 -46.6646 -30.7467 -44.8448 -46.6121
-168.689 -46.6308 -30.6783 -44.8019 -46.5776
-168.509 -46.5969 -30.6102 -44.7589 -46.5431
-168.33 -46.5631 -30.5422 -44.7161 -46.5085
-168.151 -46.5292 -30.4743 -44.6732 -46.474
-167.972 -46.4954 -30.4066 -44.6304 -46.4395
-167.793 -46.4615 -30.3391 -44.5877 -46.405
-167.615 -46.4277 -30.2718 -44.545 -46.3704
-167.437 -46.3938 -30.2046 -44.5024 -46.3359
-167.259 -46.36 -30.1376 -44.4598 -46.3014
-167.081 -46.3262 -30.0707 -44.4172 -46.2669
-166.903 -46.2923 -30.004 -44.3747 -46.2324
-166.726 -46.2585 -29.9375 -44.3322 -46.1978
-166.549 -46.2246 -29.8711 -44.2898 -46.1633
-166.372 -46.1908 -29.8049 -44.2475 -46.1288
-166.195 -46.1569 -29.7389 -44.2051 -46.0943
-166.019 -46.1231 -29.673 -44.1629 -46.0597
-165.842 -46.0892 -29.6073 -44.1206 -46.0252
-165.666 -46.0554 -29.5418 -44.0784 -45.9907
-165.49 -46.0215 -29.4764 -44.0363 -45.9562
-165.315 -45.9877 -29.4112 -43.9942 -45.9216
-165.139 -45.9538 -29.3462 -43.9522 -45.8871
-164.964 -45.92 -29.2813 -43.9102 -45.8526
-164.789 -45.8862 -29.2165 -43.8682 -45.8181
-164.614 -45.8523 -29.152 -43.8263 -45.7835
-164.44 -45.8185 -29.0876 -43.7845 -45.749
-164.265 -45.7846 -29.0234 -43.7427 -45.7145
-164.091 -45.7508 -28.9593 -43.7009 -45.68
-163.917 -45.7169 -28.8954 -43.6592 -45.6454
-163.743 -45.6831 -28.8316 -43.6175 -45.6109
-163.57 -45.6492 -28.768 -43.5759 -45.5764
-163.396 -45.6154 -28.7046 -43.5344 -45.5419
-163.223 -45.5815 -28.6413 -43.4928 -45.5073
-163.05 -45.5477 -28.5782 -43.4514 -45.4728
-162.877 -45.5138 -28.5153 -43.4099 -45.4383
-162.705 -45.48 -28.4525 -43.3686 -45.4038
-162.532 -45.4462 -28.3898 -43.3272 -45.3692
-162.36 -45.4123 -28.3274 -43.286 -45.3347
-162.188 -45.3785 -28.265 -43.2447 -45.3002
-162.017 -45.3446 -28.2029 -43.2036 -45.2657
-161.845 -45.3108 -28.1409 -43.1624 -45.2312
-161.674 -45.2769 -28.0791 -43.1213 -45.1966
-161.503 -45.2431 -28.0174 -43.0803 -45.1621
-161.332 -45.2092 -27.9559 -43.0393 -45.1276
-161.161 -45.1754 -27.8945 -42.9984 -45.0931
-160.991 -45.1415 -27.8333 -42.9575 -45.0585
-160.821 -45.1077 -27.7722 -42.9166 -45.024
-160.65 -45.0738 -27.7113 -42.8758 -44.9895
-160.481 -45.04 -27.6506 -42.8351 -44.955
-160.311 -45.0062 -27.59 -42.7944 -44.9204
-160.142 -44.9723 -27.5296 -42.7537 -44.8859
-159.972 -44.9385 -27.4693 -42.7131 -44.8514
-159.803 -44.9046 -27.4092 -42.6726 -44.8169
-159.634 -44.8708 -27.3493 -42.6321 -44.7823
-159.466 -44.8369 -27.2894 -42.5916 -44.7478
-159.297 -44.8031 -27.2298 -42.5512 -44.7133
-159.129 -44.7692 -27.1703 -42.5108 -44.6788
-158.961 -44.7354 -27.111 -42.4705 -44.6442
-158.793 -44.7015 -27.0518 -42.4303 -44.6097
-158.626 -44.6677 -26.9927 -42.3901 -44.5752
-158.458 -44.6338 -26.9338 -42.3499 -44.5407
-158.291 -44.6 -26.8751 -42.3098 -44.5061
-158.124 -44.5662 -26.8165 -42.2697 -44.4716
-157.957 -44.5323 -26.7581 -42.2297 -44.4371
-157.791 -44.4985 -26.6998 -42.1897 -44.4026
-157.624 -44.4646 -26.6417 -42.1498 -44.368
-157.458 -44.4308 -26.5837 -42.11 -44.3335
-157.292 -44.3969 -26.5259 -42.0701 -44.299
-157.126 -44.3631 -26.4682 -42.0304 -44.2645
-156.961 -44.3292 -26.4107 -41.9906 -44.23
-156.795 -44.2954 -26.3533 -41.951 -44.1954
-156.63 -44.2615 -26.2961 -41.9114 -44.1609
-156.465 -44.2277 -26.2391 -41.8718 -44.1264
-156.3 -44.1938 -26.1821 -41.8323 -44.0919
-156.135 -44.16 -26.1254 -41.7928 -44.0573
-155.971 -44.1262 -26.0687 -41.7534 -44.0228
-155.807 -44.0923 -26.0123 -41.714 -43.9883
-155.643 -44.0585 -25.9559 -41.6746 -43.9538
-155.479 -44.0246 -25.8997 -41.6354 -43.9192
-155.315 -43.9908 -25.8437 -41.5961 -43.8847
-155.152 -43.9569 -25.7878 -41.557 -43.8502
-154.989 -43.9231 -25.7321 -41.5178 -43.8157
-154.826 -43.8892 -25.6765 -41.4787 -43.7811
-154.663 -43.8554 -25.621 -41.4397 -43.7466
-154.5 -43.8215 -25.5657 -41.4007 -43.7121
-154.338 -43.7877 -25.5106 -41.3618 -43.6776
-154.175 -43.7538 -25.4555 -41.3229 -43.643
-154.013 -43.72 -25.4007 -41.2841 -43.6085
-153.851 -43.6862 -25.3459 -41.2453 -43.574
-153.69 -43.6523 -25.2914 -41.2066 -43.5395
-153.528 -43.6185 -25.2369 -41.1679 -43.5049
-153.367 -43.5846 -25.1826 -41.1292 -43.4704
-153.206 -43.5508 -25.1285 -41.0906 -43.4359
-153.045 -43.5169 -25.0745 -41.0521 -43.4014
-152.884 -43.4831 -25.0206 -41.0136 -43.3668
-152.724 -43.4492 -24.9669 -40.9752 -43.3323
-152.563 -43.4154 -24.9133 -40.9368 -43.2978
-152.403 -43.3815 -24.8598 -40.8984 -43.2633
-152.243 -43.3477 -24.8065 -40.8601 -43.2288
-152.083 -43.3138 -24.7534 -40.8219 -43.1942
-151.924 -43.28 -24.7003 -40.7837 -43.1597
-151.764 -43.2462 -24.6475 -40.7455 -43.1252
-151.605 -43.2123 -24.5947 -40.7074 -43.0907
-151.446 -43.1785 -24.5421 -40.6694 -43.0561
-151.287 -43.1446 -24.4897 -40.6314 -43.0216
-151.129 -43.1108 -24.4373 -40.5934 -42.9871
-150.97 -43.0769 -24.3851 -40.5555 -42.9526
-150.812 -43.0431 -24.3331 -40.5177 -42.918
-150.654 -43.0092 -24.2812 -40.4799 -42.8835
-150.496 -42.9754 -24.2294 -40.4421 -42.849
-150.338 -42.9415 -24.1778 -40.4044 -42.8145
-150.181 -42.9077 -24.1263 -40.3668 -42.7799
-150.023 -42.8738 -24.0749 -40.3292 -42.7454
-149.866 -42.84 -24.0237 -40.2916 -42.7109
-149.709 -42.8062 -23.9726 -40.2541 -42.6764
-149.552 -42.7723 -23.9216 -40.2166 -42.6418
-149.396 -42.7385 -23.8708 -40.1792 -42.6073
-149.239 -42.7046 -23.8201 -40.1419 -42.5728
-149.083 -42.6708 -23.7696 -40.1046 -42.5383
-148.927 -42.6369 -23.7191 -40.0673 -42.5037
-148.771 -42.6031 -23.6689 -40.0301 -42.4692
-148.616 -42.5692 -23.6187 -39.9929 -42.4347
-148.46 -42.5354 -23.5687 -39.9558 -42.4002
-148.305 -42.5015 -23.5188 -39.9187 -42.3657
-148.15 -42.4677 -23.469 -39.8817 -42.3311
-147.995 -42.4338 -23.4194 -39.8447 -42.2966
-147.84 -42.4 -23.3699 -39.8078 -42.2621
-147.685 -42.3662 -23.3206 -39.7709 -42.2276
-147.531 -42.3323 -23.2713 -39.7341 -42.193
-147.377 -42.2985 -23.2223 -39.6973 -42.1585
-147.223 -42.2646 -23.1733 -39.6606 -42.124
-147.069 -42.2308 -23.1244 -39.6239 -42.0895
-146.915 -42.1969 -23.0757 -39.5873 -42.0549
-146.761 -42.1631 -23.0272 -39.5507 -42.0204
-146.608 -42.1292 -22.9787 -39.5142 -41.9859
-146.455 -42.0954 -22.9304 -39.4777 -41.9514
-146.302 -42.0615 -22.8822 -39.4413 -41.9168
-146.149 -42.0277 -22.8341 -39.4049 -41.8823
-145.996 -41.9938 -22.7862 -39.3686 -41.8478
-145.844 -41.96 -22.7384 -39.3323 -41.8133
-145.692 -41.9262 -22.6907 -39.296 -41.7787
-145.54 -41.8923 -22.6432 -39.2598 -41.7442
-145.388 -41.8585 -22.5957 -39.2237 -41.7097
-145.236 -41.8246 -22.5484 -39.1876 -41.6752
-145.084 -41.7908 -22.5013 -39.1515 -41.6406
-144.933 -41.7569 -22.4542 -39.1155 -41.6061
-144.782 -41.7231 -22.4073 -39.0796 -41.5716
-144.63 -41.6892 -22.3605 -39.0437 -41.5371
-144.48 -41.6554 -22.3138 -39.0078 -41.5025
-144.329 -41.6215 -22.2672 -38.972 -41.468
-144.178 -41.5877 -22.2208 -38.9362 -41.4335
-144.028 -41.5538 -22.1745 -38.9005 -41.399
-143.878 -41.52 -22.1283 -38.8649 -41.3645
-143.728 -41.4862 -22.0823 -38.8293 -41.3299
-143.578 -41.4523 -22.0363 -38.7937 -41.2954
-143.428 -41.4185 -21.9905 -38.7582 -41.2609
-143.278 -41.3846 -21.9448 -38.7227 -41.2264
-143.129 -41.3508 -21.8992 -38.6873 -41.1918
-142.98 -41.3169 -21.8538 -38.6519 -41.1573
-142.831 -41.2831 -21.8085 -38.6166 -41.1228
-142.682 -41.2492 -21.7633 -38.5813 -41.0883
-142.533 -41.2154 -21.7182 -38.546 -41.0537
-142.385 -41.1815 -21.6732 -38.5109 -41.0192
-142.236 -41.1477 -21.6283 -38.4757 -40.9847
-142.088 -41.1138 -21.5836 -38.4406 -40.9502
-141.94 -41.08 -21.539 -38.4056 -40.9156
-141.792 -41.0462 -21.4945 -38.3706 -40.8811
-141.645 -41.0123 -21.4501 -38.3356 -40.8466
-141.497 -40.9785 -21.4059 -38.3007 -40.8121
-141.35 -40.9446 -21.3617 -38.2659 -40.7775
-141.203 -40.9108 -21.3177 -38.2311 -40.743
-141.056 -40.8769 -21.2738 -38.1963 -40.7085
-140.909 -40.8431 -21.23 -38.1616 -40.674
-140.762 -40.8092 -21.1863 -38.1269 -40.6394
-140.615 -40.7754 -21.1428 -38.0923 -40.6049
-140.469 -40.7415 -21.0994 -38.0577 -40.5704
-140.323 -40.7077 -21.056 -38.0232 -40.5359
-140.177 -40.6738 -21.0128 -37.9887 -40.5013
-140.031 -40.64 -20.9697 -37.9543 -40.4668
-139.885 -40.6062 -20.9267 -37.9199 -40.4323
-139.74 -40.5723 -20.8839 -37.8856 -40.3978
-139.594 -40.5385 -20.8411 -37.8513 -40.3633
-139.449 -40.5046 -20.7985 -37.817 -40.3287
-139.304 -40.4708 -20.7559 -37.7828 -40.2942
-139.159 -40.4369 -20.7135 -37.7487 -40.2597
-139.014 -40.4031 -20.6712 -37.7146 -40.2252
-138.869 -40.3692 -20.629 -37.6805 -40.1906
-138.725 -40.3354 -20.587 -37.6465 -40.1561
-138.581 -40.3015 -20.545 -37.6125 -40.1216
-138.437 -40.2677 -20.5031 -37.5786 -40.0871
-138.293 -40.2338 -20.4614 -37.5448 -40.0525
-138.149 -40.2 -20.4198 -37.5109 -40.018
-138.005 -40.1662 -20.3782 -37.4771 -39.9835
-137.862 -40.1323 -20.3368 -37.4434 -39.949
-137.718 -40.0985 -20.2955 -37.4097 -39.9144
-137.575 -40.0646 -20.2543 -37.3761 -39.8799
-137.432 -40.0308 -20.2132 -37.3425 -39.8454
-137.289 -39.9969 -20.1723 -37.3089 -39.8109
-137.146 -39.9631 -20.1314 -37.2754 -39.7763
-137.004 -39.9292 -20.0906 -37.242 -39.7418
-136.861 -39.8954 -20.05 -37.2086 -39.7073
-136.719 -39.8615 -20.0094 -37.1752 -39.6728
-136.577 -39.8277 -19.969 -37.1419 -39.6382
-136.435 -39.7938 -19.9287 -37.1086 -39.6037
-136.293 -39.76 -19.8884 -37.0754 -39.5692
-136.151 -39.7262 -19.8483 -37.0422 -39.5347
-136.01 -39.6923 -19.8083 -37.0091 -39.5001
-135.868 -39.6585 -19.7684 -36.976 -39.4656
-135.727 -39.6246 -19.7286 -36.9429 -39.4311
-135.586 -39.5908 -19.6889 -36.9099 -39.3966
-135.445 -39.5569 -19.6493 -36.877 -39.3621
-135.304 -39.5231 -19.6098 -36.8441 -39.3275
-135.164 -39.4892 -19.5704 -36.8112 -39.293
-135.023 -39.4554 -19.5312 -36.7784 -39.2585
-134.883 -39.4215 -19.492 -36.7456 -39.224
-134.743 -39.3877 -19.4529 -36.7129 -39.1894
-134.603 -39.3538 -19.4139 -36.6802 -39.1549
-134.463 -39.32 -19.3751 -36.6475 -39.1204
-134.323 -39.2862 -19.3363 -36.615 -39.0859
-134.184 -39.2523 -19.2977 -36.5824 -39.0513
-134.044 -39.2185 -19.2591 -36.5499 -39.0168
-133.905 -39.1846 -19.2206 -36.5174 -38.9823
-133.766 -39.1508 -19.1823 -36.485 -38.9478
-133.627 -39.1169 -19.144 -36.4527 -38.9132
-133.488 -39.0831 -19.1059 -36.4203 -38.8787
-133.349 -39.0492 -19.0678 -36.388 -38.8442
-133.211 -39.0154 -19.0299 -36.3558 -38.8097
-133.072 -38.9815 -18.992 -36.3236 -38.7751
-132.934 -38.9477 -18.9542 -36.2915 -38.7406
-132.796 -38.9138 -18.9166 -36.2594 -38.7061
-132.658 -38.88 -18.879 -36.2273 -38.6716
-132.52 -38.8462 -18.8416 -36.1953 -38.637
-132.382 -38.8123 -18.8042 -36.1633 -38.6025
-132.245 -38.7785 -18.7669 -36.1314 -38.568
-132.107 -38.7446 -18.7298 -36.0995 -38.5335
-131.97 -38.7108 -18.6927 -36.0677 -38.4989
-131.833 -38.6769 -18.6557 -36.0359 -38.4644
-131.696 -38.6431 -18.6189 -36.0041 -38.4299
-131.559 -38.6092 -18.5821 -35.9724 -38.3954
-131.422 -38.5754 -18.5454 -35.9408 -38.3609
-131.286 -38.5415 -18.5088 -35.9091 -38.3263
-131.149 -38.5077 -18.4723 -35.8776 -38.2918
-131.013 -38.4738 -18.4359 -35.846 -38.2573
-130.877 -38.44 -18.3996 -35.8145 -38.2228
-130.741 -38.4062 -18.3634 -35.7831 -38.1882
-130.605 -38.3723 -18.3273 -35.7517 -38.1537
-130.469 -38.3385 -18.2913 -35.7203 -38.1192
-130.334 -38.3046 -18.2554 -35.689 -38.0847
-130.198 -38.2708 -18.2196 -35.6578 -38.0501
-130.063 -38.2369 -18.1838 -35.6265 -38.0156
-129.928 -38.2031 -18.1482 -35.5953 -37.9811
-129.793 -38.1692 -18.1127 -35.5642 -37.9466
-129.658 -38.1354 -18.0772 -35.5331 -37.912
-129.523 -38.1015 -18.0418 -35.5021 -37.8775
-129.388 -38.0677 -18.0066 -35.471 -37.843
-129.254 -38.0338 -17.9714 -35.4401 -37.8085
-129.119 -38 -17.9363 -35.4091 -37.7739
-129.019 -38 -17.9013 -35.3783 -37.7394
