3929.12 773.753 773.753 1190.81 1190.81
7749.46 1547.49 1547.49 2327.24 2327.24
11336.6 2321.19 2321.19 3347.09 3347.09
14638.3 3094.87 3094.87 4224.27 4224.27
17639.6 3868.5 3868.5 4951.3 4951.3
20314.7 4626.25 4626.25 5531.12 5531.12
22448.5 5253.01 5253.01 5971.24 5971.24
23916.5 5679.95 5679.95 6278.28 6278.28
24718.1 5906.01 5906.01 6453.04 6453.04
24880.4 5948.78 5948.78 6491.43 6491.43
24570 5866.72 5866.72 6418.26 6418.26
24051.3 5733.89 5733.89 6291.77 6291.77
23474.4 5590.08 5590.08 6147.14 6147.14
22900.5 5449.01 5449.01 6001.22 6001.22
22357.9 5317.52 5317.52 5861.45 5861.45
21852.6 5198.4 5198.4 5727.91 5727.91
21382.6 5085.71 5085.71 5605.6 5605.6
20951.2 4986.01 4986.01 5489.58 5489.58
20554.6 4892.65 4892.65 5384.64 5384.64
20175.2 4803.14 4803.14 5284.44 5284.44
19835 4725.32 4725.32 5192.17 5192.17
19514.8 4650.07 4650.07 5107.33 5107.33
19210.4 4578.46 4578.46 5026.71 5026.71
18926.5 4513.89 4513.89 4949.36 4949.36
18658.7 4450.09 4450.09 4879.29 4879.29
18411.8 4392.59 4392.59 4813.34 4813.34
18182.2 4340.44 4340.44 4750.65 4750.65
17957.2 4288.51 4288.51 4690.12 4690.12
17735.4 4235.82 4235.82 4631.87 4631.87
17532.1 4187.51 4187.51 4578.56 4578.56
17342.6 4143 4143 4528.3 4528.3
17163.8 4101.83 4101.83 4480.06 4480.06
16990.6 4061.6 4061.6 4433.71 4433.71
16821.8 4021.65 4021.65 4389.23 4389.23
16660.7 3984.27 3984.27 4346.1 4346.1
16505.4 3948.64 3948.64 4304.04 4304.04
16356.1 3913.91 3913.91 4264.15 4264.15
16214.8 3880.29 3880.29 4227.09 4227.09
16080.3 3848.47 3848.47 4191.67 4191.67
15950.3 3817.8 3817.8 4157.33 4157.33
15821 3786.53 3786.53 4123.96 4123.96
15695.4 3756.15 3756.15 4091.55 4091.55
15574.7 3727.23 3727.23 4060.11 4060.11
15458.6 3699.66 3699.66 4029.67 4029.67
15347.2 3673.33 3673.33 4000.26 4000.26
15240.1 3648.15 3648.15 3971.89 3971.89
15135.9 3624.03 3624.03 3943.94 3943.94
15034.8 3600.92 3600.92 3916.48 3916.48
14937.7 3578.73 3578.73 3890.13 3890.13
14845.2 3557.4 3557.4 3865.18 3865.18
14756.7 3536.9 3536.9 3841.44 3841.44
14669.8 3516.47 3516.47 3818.45 3818.45
14582.7 3495.4 3495.4 3795.94 3795.94
14495.5 3473.91 3473.91 3773.85 3773.85
14409.5 3452.58 3452.58 3752.17 3752.17
14325.7 3431.96 3431.96 3730.9 3730.9
14244.1 3412.02 3412.02 3710.05 3710.05
14164.7 3392.72 3392.72 3689.63 3689.63
14087.4 3374.03 3374.03 3669.66 3669.66
14012.1 3355.9 3355.9 3650.16 3650.16
13938.9 3338.32 3338.32 3631.13 3631.13
13867.7 3321.26 3321.26 3612.58 3612.58
13798.4 3304.68 3304.68 3594.5 3594.5
13730.9 3288.56 3288.56 3576.9 3576.9
13665.3 3272.88 3272.88 3559.76 3559.76
13601.4 3257.63 3257.63 3543.07 3543.07
13539.2 3242.78 3242.78 3526.82 3526.82
13478 3228.32 3228.32 3510.67 3510.67
13418.4 3214.22 3214.22 3494.96 3494.96
13359.2 3200.48 3200.48 3479.12 3479.12
13302.1 3187.08 3187.08 3463.97 3463.97
13245.8 3173.82 3173.82 3449.05 3449.05
13190.9 3160.62 3160.62 3434.83 3434.83
13136.8 3147.32 3147.32 3421.07 3421.07
13083.4 3134.05 3134.05 3407.65 3407.65
13031 3121.02 3121.02 3394.46 3394.46
12979.4 3108.3 3108.3 3381.42 3381.42
12928.7 3095.85 3095.85 3368.52 3368.52
12878.9 3083.68 3083.68 3355.74 3355.74
12829.8 3071.78 3071.78 3343.1 3343.1
12781.4 3060.12 3060.12 3330.59 3330.59
12733.8 3048.71 3048.71 3318.21 3318.21
12687 3037.53 3037.53 3305.97 3305.97
12640.9 3026.58 3026.58 3293.89 3293.89
12595.6 3015.84 3015.84 3281.96 3281.96
12551 3005.29 3005.29 3270.2 3270.2
12506.7 2994.74 2994.74 3258.6 3258.6
12463.2 2984.39 2984.39 3247.18 3247.18
12419.7 2973.89 2973.89 3235.94 3235.94
12376.8 2963.54 2963.54 3224.87 3224.87
12334.5 2953.27 2953.27 3213.99 3213.99
12292.6 2943.03 2943.03 3203.29 3203.29
12251.5 2932.97 2932.97 3192.76 3192.76
12211 2923.09 2923.09 3182.41 3182.41
12171.2 2913.38 2913.38 3172.23 3172.23
12132.1 2903.83 2903.83 3162.23 3162.23
12093.7 2894.44 2894.44 3152.39 3152.39
12055.9 2885.21 2885.21 3142.73 3142.73
12018.7 2876.13 2876.13 3133.22 3133.22
11982.1 2867.19 2867.19 3123.87 3123.87
11946.2 2858.4 2858.4 3114.68 3114.68
11910.8 2849.75 2849.75 3105.64 3105.64
11876 2841.23 2841.23 3096.75 3096.75
11841.7 2832.84 2832.84 3088.01 3088.01
11808 2824.58 2824.58 3079.4 3079.4
11774.8 2816.45 2816.45 3070.94 3070.94
11742.1 2808.43 2808.43 3062.61 3062.61
11709.9 2800.54 2800.54 3054.41 3054.41
11678.2 2792.76 2792.76 3046.34 3046.34
11647 2785.09 2785.09 3038.39 3038.39
11616.2 2777.53 2777.53 3030.57 3030.57
11585.9 2770.08 2770.08 3022.87 3022.87
11556 2762.74 2762.74 3015.28 3015.28
11526.6 2755.49 2755.49 3007.81 3007.81
11496.9 2748.22 2748.22 3000.23 3000.23
11467.6 2741 2741 2992.81 2992.81
11438.6 2733.75 2733.75 2985.55 2985.55
11409 2726.43 2726.43 2978.08 2978.08
11380.1 2719.22 2719.22 2970.82 2970.82
11351.3 2711.91 2711.91 2963.76 2963.76
11322.8 2704.7 2704.7 2956.7 2956.7
11294.6 2697.59 2697.59 2949.73 2949.73
11267 2690.57 2690.57 2942.95 2942.95
11239.9 2683.64 2683.64 2936.33 2936.33
11213.2 2676.79 2676.79 2929.83 2929.83
11186.9 2670.04 2670.04 2923.41 2923.41
11160.9 2663.37 2663.37 2917.06 2917.06
11135.1 2656.78 2656.78 2910.79 2910.79
11109.7 2650.28 2650.28 2904.55 2904.55
11084.4 2643.85 2643.85 2898.34 2898.34
11059.3 2637.5 2637.5 2892.16 2892.16
11034.5 2631.22 2631.22 2886 2886
11009.8 2625.02 2625.02 2879.87 2879.87
10985.3 2618.89 2618.89 2873.77 2873.77
10961 2612.83 2612.83 2867.68 2867.68
10936.9 2606.85 2606.85 2861.63 2861.63
10913 2600.92 2600.92 2855.59 2855.59
10889.3 2595.07 2595.07 2849.59 2849.59
10865.8 2589.28 2589.28 2843.61 2843.61
10842.4 2583.55 2583.55 2837.67 2837.67
10819.3 2577.88 2577.88 2831.76 2831.76
10796.3 2572.28 2572.28 2825.88 2825.88
10773.6 2566.73 2566.73 2820.04 2820.04
10751 2561.25 2561.25 2814.24 2814.24
10728.6 2555.82 2555.82 2808.49 2808.49
10706.4 2550.45 2550.45 2802.77 2802.77
10684.5 2545.14 2545.14 2797.1 2797.1
10662.7 2539.87 2539.87 2791.48 2791.48
10641.1 2534.67 2534.67 2785.9 2785.9
10619.8 2529.51 2529.51 2780.37 2780.37
10598.6 2524.41 2524.41 2774.89 2774.89
10577.6 2519.36 2519.36 2769.45 2769.45
10556.8 2514.36 2514.36 2764.06 2764.06
10536.3 2509.4 2509.4 2758.73 2758.73
10515.9 2504.5 2504.5 2753.44 2753.44
10495.7 2499.64 2499.64 2748.2 2748.2
10475.7 2494.83 2494.83 2743.01 2743.01
10455.9 2490.07 2490.07 2737.87 2737.87
10436.2 2485.35 2485.35 2732.77 2732.77
10416.8 2480.67 2480.67 2727.72 2727.72
10397.5 2476.04 2476.04 2722.72 2722.72
10378.4 2471.45 2471.45 2717.77 2717.77
10359.5 2466.9 2466.9 2712.86 2712.86
10340.8 2462.4 2462.4 2708 2708
10322.2 2457.93 2457.93 2703.19 2703.19
10303.9 2453.51 2453.51 2698.42 2698.42
10285.6 2449.13 2449.13 2693.69 2693.69
10267.6 2444.78 2444.78 2689.01 2689.01
10249.7 2440.47 2440.47 2684.37 2684.37
10232 2436.21 2436.21 2679.77 2679.77
10214.4 2431.97 2431.97 2675.22 2675.22
10197 2427.78 2427.78 2670.7 2670.7
10179.7 2423.62 2423.62 2666.23 2666.23
10162.6 2419.5 2419.5 2661.8 2661.8
10145.6 2415.41 2415.41 2657.4 2657.4
10128.8 2411.36 2411.36 2653.05 2653.05
10112.1 2407.34 2407.34 2648.73 2648.73
10095.6 2403.35 2403.35 2644.45 2644.45
10079.2 2399.4 2399.4 2640.21 2640.21
10063 2395.48 2395.48 2636.01 2636.01
10046.9 2391.6 2391.6 2631.84 2631.84
10030.9 2387.74 2387.74 2627.71 2627.71
10015.1 2383.92 2383.92 2623.62 2623.62
9999.36 2380.12 2380.12 2619.56 2619.56
9983.78 2376.36 2376.36 2615.53 2615.53
9968.33 2372.63 2372.63 2611.54 2611.54
9953.01 2368.93 2368.93 2607.58 2607.58
9937.81 2365.25 2365.25 2603.65 2603.65
9922.73 2361.61 2361.61 2599.76 2599.76
9907.78 2357.99 2357.99 2595.9 2595.9
9892.94 2354.41 2354.41 2592.07 2592.07
9878.23 2350.85 2350.85 2588.27 2588.27
9863.63 2347.31 2347.31 2584.5 2584.5
9849.14 2343.81 2343.81 2580.76 2580.76
9834.76 2340.33 2340.33 2577.05 2577.05
9820.5 2336.88 2336.88 2573.38 2573.38
9806.35 2333.45 2333.45 2569.73 2569.73
9792.31 2330.05 2330.05 2566.11 2566.11
9778.37 2326.67 2326.67 2562.51 2562.51
9764.48 2323.29 2323.29 2558.95 2558.95
9750.63 2319.91 2319.91 2555.41 2555.41
9736.9 2316.55 2316.55 2551.9 2551.9
9723.26 2313.21 2313.21 2548.42 2548.42
9709.73 2309.9 2309.9 2544.96 2544.96
9696.23 2306.58 2306.58 2541.53 2541.53
9682.68 2303.21 2303.21 2538.13 2538.13
9669.23 2299.86 2299.86 2534.75 2534.75
9655.87 2296.54 2296.54 2531.4 2531.4
9642.61 2293.24 2293.24 2528.07 2528.07
9629.45 2289.96 2289.96 2524.76 2524.76
9616.38 2286.71 2286.71 2521.49 2521.49
9603.3 2283.42 2283.42 2518.23 2518.23
9590.27 2280.14 2280.14 2515 2515
9577.33 2276.88 2276.88 2511.79 2511.79
9564.48 2273.64 2273.64 2508.6 2508.6
9551.73 2270.42 2270.42 2505.44 2505.44
9539.05 2267.23 2267.23 2502.3 2502.3
9526.47 2264.05 2264.05 2499.18 2499.18
9513.97 2260.9 2260.9 2496.09 2496.09
9501.56 2257.77 2257.77 2493.01 2493.01
9489.23 2254.66 2254.66 2489.96 2489.96
9476.99 2251.57 2251.57 2486.93 2486.93
9464.83 2248.5 2248.5 2483.92 2483.92
9452.75 2245.45 2245.45 2480.93 2480.93
9440.75 2242.42 2242.42 2477.96 2477.96
9428.83 2239.41 2239.41 2475.01 2475.01
9416.99 2236.42 2236.42 2472.08 2472.08
9405.22 2233.44 2233.44 2469.17 2469.17
9393.53 2230.49 2230.49 2466.28 2466.28
9381.92 2227.56 2227.56 2463.41 2463.41
9370.39 2224.64 2224.64 2460.55 2460.55
9358.93 2221.74 2221.74 2457.72 2457.72
9347.54 2218.86 2218.86 2454.91 2454.91
9336.22 2216 2216 2452.11 2452.11
9324.98 2213.16 2213.16 2449.34 2449.34
9313.81 2210.33 2210.33 2446.58 2446.58
9302.71 2207.52 2207.52 2443.83 2443.83
9291.68 2204.73 2204.73 2441.11 2441.11
9280.71 2201.95 2201.95 2438.41 2438.41
9269.82 2199.19 2199.19 2435.72 2435.72
9258.99 2196.45 2196.45 2433.04 2433.04
9248.23 2193.73 2193.73 2430.39 2430.39
9237.54 2191.02 2191.02 2427.75 2427.75
9226.91 2188.32 2188.32 2425.13 2425.13
9216.34 2185.65 2185.65 2422.53 2422.53
9205.84 2182.99 2182.99 2419.94 2419.94
9195.41 2180.34 2180.34 2417.36 2417.36
9185.03 2177.71 2177.71 2414.81 2414.81
9174.59 2175.03 2175.03 2412.27 2412.27
9164.2 2172.36 2172.36 2409.74 2409.74
9153.88 2169.71 2169.71 2407.23 2407.23
9143.61 2167.07 2167.07 2404.74 2404.74
9133.41 2164.45 2164.45 2402.26 2402.26
9123.13 2161.77 2161.77 2399.79 2399.79
9112.8 2159.06 2159.06 2397.34 2397.34
9102.54 2156.36 2156.36 2394.91 2394.91
9092.33 2153.68 2153.68 2392.48 2392.48
9082.19 2151.02 2151.02 2390.08 2390.08
9072.11 2148.37 2148.37 2387.69 2387.69
9062.05 2145.72 2145.72 2385.31 2385.31
9051.92 2143.01 2143.01 2382.94 2382.94
9041.85 2140.33 2140.33 2380.59 2380.59
9031.83 2137.66 2137.66 2378.26 2378.26
9021.88 2135.01 2135.01 2375.93 2375.93
9011.99 2132.37 2132.37 2373.62 2373.62
9002.15 2129.75 2129.75 2371.33 2371.33
8992.37 2127.14 2127.14 2369.04 2369.04
8982.65 2124.55 2124.55 2366.77 2366.77
8972.98 2121.98 2121.98 2364.52 2364.52
8963.29 2119.41 2119.41 2362.23 2362.23
8953.61 2116.87 2116.87 2359.94 2359.94
8944 2114.33 2114.33 2357.67 2357.67
8934.46 2111.81 2111.81 2355.42 2355.42
8924.98 2109.31 2109.31 2353.18 2353.18
8915.56 2106.82 2106.82 2350.96 2350.96
8906.2 2104.34 2104.34 2348.76 2348.76
8896.84 2101.88 2101.88 2346.54 2346.54
8887.41 2099.43 2099.43 2344.28 2344.28
8878.05 2096.99 2096.99 2342.04 2342.04
8868.78 2094.56 2094.56 2339.83 2339.83
8859.57 2092.15 2092.15 2337.63 2337.63
8850.43 2089.75 2089.75 2335.47 2335.47
8841.36 2087.36 2087.36 2333.32 2333.32
8832.35 2084.99 2084.99 2331.19 2331.19
8823.4 2082.63 2082.63 2329.08 2329.08
8814.43 2080.27 2080.27 2326.94 2326.94
8805.45 2077.94 2077.94 2324.79 2324.79
8796.54 2075.61 2075.61 2322.66 2322.66
8787.69 2073.29 2073.29 2320.55 2320.55
8778.92 2070.99 2070.99 2318.47 2318.47
8770.2 2068.7 2068.7 2316.4 2316.4
8761.55 2066.42 2066.42 2314.36 2314.36
8752.95 2064.15 2064.15 2312.33 2312.33
8744.4 2061.89 2061.89 2310.31 2310.31
8735.91 2059.64 2059.64 2308.31 2308.31
8727.47 2057.41 2057.41 2306.33 2306.33
8719.05 2055.18 2055.18 2304.35 2304.35
8710.67 2052.97 2052.97 2302.37 2302.37
8702.32 2050.76 2050.76 2300.4 2300.4
8694.01 2048.57 2048.57 2298.44 2298.44
8685.73 2046.38 2046.38 2296.48 2296.48
8677.49 2044.21 2044.21 2294.53 2294.53
8669.28 2042.05 2042.05 2292.59 2292.59
8661.1 2039.9 2039.9 2290.65 2290.65
8652.95 2037.75 2037.75 2288.72 2288.72
8644.81 2035.62 2035.62 2286.79 2286.79
8636.7 2033.5 2033.5 2284.85 2284.85
8628.62 2031.38 2031.38 2282.92 2282.92
8620.55 2029.28 2029.28 2280.99 2280.99
8612.51 2027.19 2027.19 2279.07 2279.07
8604.48 2025.1 2025.1 2277.14 2277.14
8596.48 2023.03 2023.03 2275.21 2275.21
8588.49 2020.96 2020.96