3929.12 -0.01
7749.46 -0.02
11336.6 -0.03
14638.3 -0.04
17639.6 -0.05
20314.7 -0.06
22448.5 -0.07
23916.5 -0.08
24718.1 -0.09
24880.4 -0.1
24570 -0.11
24051.3 -0.12
23474.4 -0.13
22900.5 -0.14
22357.9 -0.15
21852.6 -0.16
21382.6 -0.17
20951.2 -0.18
20554.6 -0.19
20175.2 -0.2
19835 -0.21
19514.8 -0.22
19210.4 -0.23
18926.5 -0.24
18658.7 -0.25
18411.8 -0.26
18182.2 -0.27
17957.2 -0.28
17735.4 -0.29
17532.1 -0.3
17342.6 -0.31
17163.8 -0.32
16990.6 -0.33
16821.8 -0.34
16660.7 -0.35
16505.4 -0.36
16356.1 -0.37
16214.8 -0.38
16080.3 -0.39
15950.3 -0.4
15821 -0.41
15695.4 -0.42
15574.7 -0.43
15458.6 -0.44
15347.2 -0.45
15240.1 -0.46
15135.9 -0.47
15034.8 -0.48
14937.7 -0.49
14845.2 -0.5
14756.7 -0.51
14669.8 -0.52
14582.7 -0.53
14495.5 -0.54
14409.5 -0.55
14325.7 -0.56
14244.1 -0.57
14164.7 -0.58
14087.4 -0.59
14012.1 -0.6
13938.9 -0.61
13867.7 -0.62
13798.4 -0.63
13730.9 -0.64
13665.3 -0.65
13601.4 -0.66
13539.2 -0.67
13478 -0.68
13418.4 -0.69
13359.2 -0.7
13302.1 -0.71
13245.8 -0.72
13190.9 -0.73
13136.8 -0.74
13083.4 -0.75
13031 -0.76
12979.4 -0.77
12928.7 -0.78
12878.9 -0.79
12829.8 -0.8
12781.4 -0.81
12733.8 -0.82
12687 -0.83
12640.9 -0.84
12595.6 -0.85
12551 -0.86
12506.7 -0.87
12463.2 -0.88
12419.7 -0.89
12376.8 -0.9
12334.5 -0.91
12292.6 -0.92
12251.5 -0.93
12211 -0.94
12171.2 -0.95
12132.1 -0.96
12093.7 -0.97
12055.9 -0.98
12018.7 -0.99
11982.1 -1
11946.2 -1.01
11910.8 -1.02
11876 -1.03
11841.7 -1.04
11808 -1.05
11774.8 -1.06
11742.1 -1.07
11709.9 -1.08
11678.2 -1.09
11647 -1.1
11616.2 -1.11
11585.9 -1.12
11556 -1.13
11526.6 -1.14
11496.9 -1.15
11467.6 -1.16
11438.6 -1.17
11409 -1.18
11380.1 -1.19
11351.3 -1.2
11322.8 -1.21
11294.6 -1.22
11267 -1.23
11239.9 -1.24
11213.2 -1.25
11186.9 -1.26
11160.9 -1.27
11135.1 -1.28
11109.7 -1.29
11084.4 -1.3
11059.3 -1.31
11034.5 -1.32
11009.8 -1.33
10985.3 -1.34
10961 -1.35
10936.9 -1.36
10913 -1.37
10889.3 -1.38
10865.8 -1.39
10842.4 -1.4
10819.3 -1.41
10796.3 -1.42
10773.6 -1.43
10751 -1.44
10728.6 -1.45
10706.4 -1.46
10684.5 -1.47
10662.7 -1.48
10641.1 -1.49
10619.8 -1.5
10598.6 -1.51
10577.6 -1.52
10556.8 -1.53
10536.3 -1.54
10515.9 -1.55
10495.7 -1.56
10475.7 -1.57
10455.9 -1.58
10436.2 -1.59
10416.8 -1.6
10397.5 -1.61
10378.4 -1.62
10359.5 -1.63
10340.8 -1.64
10322.2 -1.65
10303.9 -1.66
10285.6 -1.67
10267.6 -1.68
10249.7 -1.69
10232 -1.7
10214.4 -1.71
10197 -1.72
10179.7 -1.73
10162.6 -1.74
10145.6 -1.75
10128.8 -1.76
10112.1 -1.77
10095.6 -1.78
10079.2 -1.79
10063 -1.8
10046.9 -1.81
10030.9 -1.82
10015.1 -1.83
9999.36 -1.84
9983.78 -1.85
9968.33 -1.86
9953.01 -1.87
9937.81 -1.88
9922.73 -1.89
9907.78 -1.9
9892.94 -1.91
9878.23 -1.92
9863.63 -1.93
9849.14 -1.94
9834.76 -1.95
9820.5 -1.96
9806.35 -1.97
9792.31 -1.98
9778.37 -1.99
9764.48 -2
9750.63 -2.01
9736.9 -2.02
9723.26 -2.03
9709.73 -2.04
9696.23 -2.05
9682.68 -2.06
9669.23 -2.07
9655.87 -2.08
9642.61 -2.09
9629.45 -2.1
9616.38 -2.11
9603.3 -2.12
9590.27 -2.13
9577.33 -2.14
9564.48 -2.15
9551.73 -2.16
9539.05 -2.17
9526.47 -2.18
9513.97 -2.19
9501.56 -2.2
9489.23 -2.21
9476.99 -2.22
9464.83 -2.23
9452.75 -2.24
9440.75 -2.25
9428.83 -2.26
9416.99 -2.27
9405.22 -2.28
9393.53 -2.29
9381.92 -2.3
9370.39 -2.31
9358.93 -2.32
9347.54 -2.33
9336.22 -2.34
9324.98 -2.35
9313.81 -2.36
9302.71 -2.37
9291.68 -2.38
9280.71 -2.39
9269.82 -2.4
9258.99 -2.41
9248.23 -2.42
9237.54 -2.43
9226.91 -2.44
9216.34 -2.45
9205.84 -2.46
9195.41 -2.47
9185.03 -2.48
9174.59 -2.49
9164.2 -2.5
9153.88 -2.51
9143.61 -2.52
9133.41 -2.53
9123.13 -2.54
9112.8 -2.55
9102.54 -2.56
9092.33 -2.57
9082.19 -2.58
9072.11 -2.59
9062.05 -2.6
9051.92 -2.61
9041.85 -2.62
9031.83 -2.63
9021.88 -2.64
9011.99 -2.65
9002.15 -2.66
8992.37 -2.67
8982.65 -2.68
8972.98 -2.69
8963.29 -2.7
8953.61 -2.71
8944 -2.72
8934.46 -2.73
8924.98 -2.74
8915.56 -2.75
8906.2 -2.76
8896.84 -2.77
8887.41 -2.78
8878.05 -2.79
8868.78 -2.8
8859.57 -2.81
8850.43 -2.82
8841.36 -2.83
8832.35 -2.84
8823.4 -2.85
8814.43 -2.86
8805.45 -2.87
8796.54 -2.88
8787.69 -2.89
8778.92 -2.9
8770.2 -2.91
8761.55 -2.92
8752.95 -2.93
8744.4 -2.94
8735.91 -2.95
8727.47 -2.96
8719.05 -2.97
8710.67 -2.98
8702.32 -2.99
8694.01