0.00525087 0.000392908 -0.00132307 -0.000333371 -0.000392908 0.00132307 2.60261e-06
0.0108096 0.00099214 -0.0026306 -0.000666253 -0.00099214 0.0026306 8.60314e-06
0.0164963 0.00169532 -0.003942 -0.000999861 -0.00169532 0.003942 1.43603e-05
0.0221518 0.00241434 -0.00527526 -0.00133534 -0.00241434 0.00527526 1.65287e-05
0.0276543 0.00307926 -0.00664224 -0.00167341 -0.00307926 0.00664224 1.28547e-05
0.032931 0.0036433 -0.00804688 -0.00201421 -0.0036433 0.00804688 2.48722e-06
0.0379535 0.00408188 -0.00948668 -0.00235741 -0.00408188 0.00948668 -1.42625e-05
0.0426484 0.00441004 -0.0109029 -0.00269187 -0.00441004 0.0109029 -3.38532e-05
0.0469805 0.00464988 -0.0122538 -0.00300981 -0.00464988 0.0122538 -5.36378e-05
0.0508939 0.00484763 -0.0134919 -0.00330071 -0.00484763 0.0134919 -7.22612e-05
0.054442 0.00500979 -0.01463 -0.00356801 -0.00500979 0.01463 -8.9481e-05
0.0577055 0.00514105 -0.0156834 -0.0038174 -0.00514105 0.0156834 -0.000103448
0.0607421 0.00523687 -0.0166746 -0.00405333 -0.00523687 0.0166746 -0.000115316
0.0635864 0.00530642 -0.0176137 -0.00427768 -0.00530642 0.0176137 -0.00012575
0.0662185 0.00538686 -0.0184932 -0.00448682 -0.00538686 0.0184932 -0.000136479
0.0686804 0.00547196 -0.019323 -0.00468386 -0.00547196 0.019323 -0.00014689
0.0710049 0.00555688 -0.0201107 -0.00487116 -0.00555688 0.0201107 -0.000156517
0.0732104 0.00564213 -0.0208597 -0.00504975 -0.00564213 0.0208597 -0.00016519
0.0753129 0.00572743 -0.0215715 -0.00522044 -0.00572743 0.0215715 -0.000172443
0.0773327 0.00580493 -0.0222525 -0.00538491 -0.00580493 0.0222525 -0.000178224
0.0792822 0.00587374 -0.0229053 -0.00554395 -0.00587374 0.0229053 -0.00018237
0.0811603 0.00593967 -0.023527 -0.00569704 -0.00593967 0.023527 -0.000184717
0.0829864 0.00599111 -0.0241249 -0.00584594 -0.00599111 0.0241249 -0.000185291
0.0847594 0.00603013 -0.0246976 -0.00599032 -0.00603013 0.0246976 -0.000184079
0.0864886 0.0060539 -0.0252478 -0.00613093 -0.0060539 0.0252478 -0.000181019
0.0881681 0.00606581 -0.0257743 -0.00626718 -0.00606581 0.0257743 -0.000176396
0.0898164 0.00605648 -0.0262832 -0.00640073 -0.00605648 0.0262832 -0.000170081
0.0914126 0.00604144 -0.0267765 -0.00653026 -0.00604144 0.0267765 -0.000163871
0.0929497 0.00602746 -0.0272615 -0.00665588 -0.00602746 0.0272615 -0.000159483
0.0944381 0.00600312 -0.0277405 -0.00677847 -0.00600312 0.0277405 -0.000156658
0.0958606 0.00598451 -0.028205 -0.00689625 -0.00598451 0.028205 -0.000154992
0.0972341 0.00595283 -0.0286576 -0.00701051 -0.00595283 0.0286576 -0.000153891
0.0985561 0.0059088 -0.0290973 -0.00712103 -0.0059088 0.0290973 -0.000153292
0.0998235 0.00585201 -0.0295179 -0.00722713 -0.00585201 0.0295179 -0.000152348
0.101035 0.00577802 -0.0299169 -0.00732854 -0.00577802 0.0299169 -0.000150687
0.102194 0.00567741 -0.0302913 -0.0074253 -0.00567741 0.0302913 -0.000147515
0.103297 0.00554969 -0.0306363 -0.0075168 -0.00554969 0.0306363 -0.000142266
0.104342 0.00538788 -0.0309473 -0.00760264 -0.00538788 0.0309473 -0.000134191
0.10532 0.00518769 -0.0312186 -0.00768181 -0.00518769 0.0312186 -0.000122844
0.10624 0.00494798 -0.0314497 -0.00775494 -0.00494798 0.0314497 -0.000107488
0.107097 0.00466772 -0.0316362 -0.00782128 -0.00466772 0.0316362 -8.77669e-05
0.107886 0.00434808 -0.0317763 -0.00788047 -0.00434808 0.0317763 -6.36018e-05
0.108623 0.00397938 -0.0318775 -0.00793384 -0.00397938 0.0318775 -3.55435e-05
0.109163 0.00359225 -0.0319551 -0.00797598 -0.00359225 0.0319551 -1.27967e-05
0.10946 0.00318933 -0.0319949 -0.00800363 -0.00318933 0.0319949 4.91907e-06
0.109579 0.00278621 -0.0319816 -0.00801847 -0.00278621 0.0319816 2.30758e-05
0.109598 0.00237604 -0.0319332 -0.0080256 -0.00237604 0.0319332 4.23104e-05
0.109566 0.00195878 -0.0318661 -0.00802846 -0.00195878 0.0318661 6.19445e-05
0.109481 0.00154818 -0.0317825 -0.00802706 -0.00154818 0.0317825 8.14491e-05
0.109373 0.00114301 -0.0316945 -0.00802385 -0.00114301 0.0316945 0.00010023
0.109245 0.000745994 -0.0316029 -0.00801896 -0.000745994 0.0316029 0.000118239
0.109116 0.00035348 -0.0315158 -0.00801394 -0.00035348 0.0315158 0.000135001
0.108985 -2.11768e-05 -0.0314347 -0.00800908 2.11768e-05 0.0314347 0.000150402
0.108841 -0.000381424 -0.0313539 -0.00800325 0.000381424 0.0313539 0.000164782
0.108703 -0.000732656 -0.0312788 -0.00799777 0.000732656 0.0312788 0.00017806
0.108579 -0.00107824 -0.0312114 -0.00799323 0.00107824 0.0312114 0.000190387
0.108439 -0.00141176 -0.031141 -0.0079873 0.00141176 0.031141 0.00020205
0.1083 -0.00173609 -0.0310748 -0.00798151 0.00173609 0.0310748 0.000212813
0.108172 -0.00204542 -0.0310164 -0.00797672 0.00204542 0.0310164 0.000222622
0.10805 -0.00235256 -0.0309615 -0.00797208 0.00235256 0.0309615 0.000231705
0.107927 -0.00264426 -0.0309063 -0.00796721 0.00264426 0.0309063 0.000240646
0.107803 -0.00292041 -0.0308535 -0.00796235 0.00292041 0.0308535 0.000248971
0.107686 -0.00319376 -0.0308037 -0.00795776 0.00319376 0.0308037 0.000256831
0.107573 -0.00347387 -0.0307539 -0.00795286 0.00347387 0.0307539 0.000264373
0.107455 -0.00373902 -0.0307047 -0.00794766 0.00373902 0.0307047 0.000271484
0.107343 -0.00399066 -0.0306589 -0.00794299 0.00399066 0.0306589 0.000278254
0.10723 -0.00423559 -0.0306161 -0.00793837 0.00423559 0.0306161 0.000284337
0.107123 -0.00447816 -0.030577 -0.00793409 0.00447816 0.030577 0.00028984
0.107026 -0.00471727 -0.0305412 -0.00793036 0.00471727 0.0305412 0.000295062
0.106927 -0.00494227 -0.0305039 -0.00792637 0.00494227 0.0305039 0.000300398
0.106828 -0.00516247 -0.0304649 -0.00792197 0.00516247 0.0304649 0.000305745
0.106729 -0.00538388 -0.0304266 -0.00791738 0.00538388 0.0304266 0.000310718
0.106628 -0.00560178 -0.030389 -0.0079126 0.00560178 0.030389 0.000315359
0.106533 -0.00581375 -0.0303563 -0.00790845 0.00581375 0.0303563 0.000319372
0.106444 -0.00602043 -0.0303274 -0.00790482 0.00602043 0.0303274 0.000322979
0.106349 -0.00621833 -0.030296 -0.00790063 0.00621833 0.030296 0.000326634
0.106261 -0.00641336 -0.0302665 -0.00789675 0.00641336 0.0302665 0.000330137
0.106179 -0.00660569 -0.0302388 -0.00789317 0.00660569 0.0302388 0.00033346
0.1061 -0.00679232 -0.0302135 -0.00788986 0.00679232 0.0302135 0.000336474
0.10602 -0.00697406 -0.030189 -0.00788654 0.00697406 0.030189 0.000339294
0.105937 -0.00715996 -0.0301627 -0.00788261 0.00715996 0.0301627 0.000341932
0.105852 -0.00733706 -0.0301352 -0.00787848 0.00733706 0.0301352 0.000344674
0.105765 -0.00751039 -0.0301059 -0.007874 0.00751039 0.0301059 0.000347527
0.105685 -0.00768184 -0.0300795 -0.00786995 0.00768184 0.0300795 0.000350083
0.105611 -0.00785008 -0.0300565 -0.00786645 0.00785008 0.0300565 0.000352341
0.105542 -0.00801854 -0.0300352 -0.00786315 0.00801854 0.0300352 0.000354351
0.105472 -0.00818713 -0.0300147 -0.00785973 0.00818713 0.0300147 0.000356064
0.105402 -0.00834753 -0.0299948 -0.00785643 0.00834753 0.0299948 0.000357724
0.105332 -0.0085024 -0.0299761 -0.00785326 0.0085024 0.0299761 0.000359238
0.105259 -0.00864772 -0.0299557 -0.0078499 0.00864772 0.0299557 0.000360978
0.105187 -0.0087883 -0.0299354 -0.00784661 0.0087883 0.0299354 0.000362751
0.105117 -0.00893465 -0.0299136 -0.00784288 0.00893465 0.0299136 0.000364465
0.105048 -0.00908114 -0.0298925 -0.00783917 0.00908114 0.0298925 0.000366035
0.104982 -0.00922904 -0.0298716 -0.00783543 0.00922904 0.0298716 0.000367529
0.104919 -0.00937787 -0.0298509 -0.00783166 0.00937787 0.0298509 0.000368923
0.104859 -0.0095256 -0.0298319 -0.00782813 0.0095256 0.0298319 0.000370146
0.104802 -0.00966874 -0.0298155 -0.00782498 0.00966874 0.0298155 0.000371112
0.104741 -0.00980319 -0.0298011 -0.00782206 0.00980319 0.0298011 0.000371781
0.104679 -0.00993202 -0.0297859 -0.00781906 0.00993202 0.0297859 0.00037257
0.104616 -0.0100538 -0.0297703 -0.00781606 0.0100538 0.0297703 0.000373486
0.104552 -0.0101776 -0.0297534 -0.00781271 0.0101776 0.0297534 0.000374365
0.104491 -0.0103002 -0.0297372 -0.00780949 0.0103002 0.0297372 0.000375191
0.104434 -0.0104223 -0.0297217 -0.00780638 0.0104223 0.0297217 0.000375946
0.104379 -0.0105442 -0.0297069 -0.00780336 0.0105442 0.0297069 0.000376638
0.104326 -0.0106658 -0.0296926 -0.00780043 0.0106658 0.0296926 0.000377275
0.104275 -0.0107913 -0.0296764 -0.0077971 0.0107913 0.0296764 0.000377996
0.104224 -0.0109163 -0.0296607 -0.00779379 0.0109163 0.0296607 0.000378624
0.104176 -0.0110412 -0.0296456 -0.00779058 0.0110412 0.0296456 0.000379174
0.104123 -0.0111641 -0.0296295 -0.00778705 0.0111641 0.0296295 0.00037966
0.104068 -0.011281 -0.0296151 -0.0077837 0.011281 0.0296151 0.00037991
0.10401 -0.0113915 -0.0296005 -0.00778033 0.0113915 0.0296005 0.000380196
0.103954 -0.0115 -0.0295868 -0.00777716 0.0115 0.0295868 0.000380464
0.103901 -0.0116029 -0.0295728 -0.00777416 0.0116029 0.0295728 0.000380951
0.10385 -0.0117035 -0.0295582 -0.00777114 0.0117035 0.0295582 0.00038158
0.1038 -0.0118053 -0.0295454 -0.00776828 0.0118053 0.0295454 0.00038193
0.103753 -0.0119052 -0.0295333 -0.00776559 0.0119052 0.0295333 0.000382263
0.103708 -0.0120042 -0.0295213 -0.00776294 0.0120042 0.0295213 0.000382608
0.103665 -0.0121037 -0.0295098 -0.00776033 0.0121037 0.0295098 0.000382888
0.103621 -0.0122082 -0.0294981 -0.00775746 0.0122082 0.0294981 0.000382943
0.103579 -0.012312 -0.0294865 -0.00775462 0.012312 0.0294865 0.000382992
0.103539 -0.0124157 -0.0294752 -0.00775182 0.0124157 0.0294752 0.000383018
0.1035 -0.0125193 -0.0294641 -0.00774905 0.0125193 0.0294641 0.000383026
0.103457 -0.0126187 -0.0294535 -0.00774625 0.0126187 0.0294535 0.000382871
0.103411 -0.0127185 -0.0294417 -0.0077431 0.0127185 0.0294417 0.000382683
0.103362 -0.0128094 -0.0294294 -0.00774003 0.0128094 0.0294294 0.000382687
0.103314 -0.0129001 -0.0294169 -0.00773696 0.0129001 0.0294169 0.000382724
0.103267 -0.0129934 -0.0294029 -0.00773358 0.0129934 0.0294029 0.000382848
0.103221 -0.0130855 -0.0293899 -0.00773035 0.0130855 0.0293899 0.00038288
0.103176 -0.0131773 -0.0293773 -0.00772719 0.0131773 0.0293773 0.000382864
0.103132 -0.0132649 -0.0293628 -0.0077239 0.0132649 0.0293628 0.000383192
0.103089 -0.0133518 -0.0293491 -0.00772074 0.0133518 0.0293491 0.000383461
0.103049 -0.0134359 -0.0293372 -0.00771792 0.0134359 0.0293372 0.000383634
0.10301 -0.01352 -0.0293257 -0.00771517 0.01352 0.0293257 0.000383758
0.102973 -0.0136039 -0.0293146 -0.00771248 0.0136039 0.0293146 0.000383834
0.102937 -0.0136875 -0.0293042 -0.00770988 0.0136875 0.0293042 0.000383844
0.102904 -0.0137695 -0.0292952 -0.00770755 0.0137695 0.0292952 0.000383738
0.102872 -0.0138517 -0.0292866 -0.00770524 0.0138517 0.0292866 0.000383587
0.102841 -0.013934 -0.0292783 -0.00770296 0.013934 0.0292783 0.000383393
0.102811 -0.0140167 -0.0292701 -0.00770069 0.0140167 0.0292701 0.000383159
0.102777 -0.014093 -0.0292639 -0.00769867 0.014093 0.0292639 0.000382681
0.102742 -0.0141671 -0.0292575 -0.00769662 0.0141671 0.0292575 0.000382235
0.102706 -0.0142394 -0.0292503 -0.00769448 0.0142394 0.0292503 0.000381898
0.102668 -0.014312 -0.0292419 -0.00769205 0.014312 0.0292419 0.000381589
0.102631 -0.0143854 -0.029233 -0.00768951 0.0143854 0.029233 0.000381269
0.102593 -0.0144594 -0.0292243 -0.00768696 0.0144594 0.0292243 0.000380897
0.102555 -0.0145402 -0.0292132 -0.00768379 0.0145402 0.0292132 0.00038049
0.102517 -0.0146199 -0.0292021 -0.00768064 0.0146199 0.0292021 0.000380128
0.102479 -0.0146984 -0.0291909 -0.00767754 0.0146984 0.0291909 0.000379809
0.102442 -0.0147776 -0.0291787 -0.00767427 0.0147776 0.0291787 0.000379602
0.102406 -0.0148575 -0.0291651 -0.00767081 0.0148575 0.0291651 0.000379534
0.102371 -0.014935 -0.0291529 -0.0076676 0.014935 0.0291529 0.000379386
0.102336 -0.0150095 -0.0291395 -0.00766435 0.0150095 0.0291395 0.000379464
0.102301 -0.015083 -0.0291261 -0.00766111 0.015083 0.0291261 0.000379599
0.102268 -0.015156 -0.0291129 -0.00765794 0.015156 0.0291129 0.000379711
0.102236 -0.0152286 -0.0291001 -0.00765484 0.0152286 0.0291001 0.0003798
0.102206 -0.0152986 -0.0290889 -0.00765204 0.0152986 0.0290889 0.000379824
0.102177 -0.0153675 -0.0290783 -0.00764938 0.0153675 0.0290783 0.000379809
0.102149 -0.015436 -0.0290681 -0.00764679 0.015436 0.0290681 0.00037977
0.102122 -0.0155043 -0.0290582 -0.00764425 0.0155043 0.0290582 0.000379707
0.102096 -0.0155719 -0.0290488 -0.00764181 0.0155719 0.0290488 0.000379601
0.102066 -0.0156298 -0.0290435 -0.00764 0.0156298 0.0290435 0.000379136
0.102037 -0.0156874 -0.0290384 -0.00763824 0.0156874 0.0290384 0.000378642
0.102009 -0.0157451 -0.0290335 -0.0076365 0.0157451 0.0290335 0.000378128
0.101981 -0.0158029 -0.0290287 -0.00763478 0.0158029 0.0290287 0.000377594
0.101952 -0.0158558 -0.0290234 -0.00763306 0.0158558 0.0290234 0.000377217
0.101923 -0.0159088 -0.029018 -0.00763133 0.0159088 0.029018 0.000376834
0.101894 -0.0159622 -0.0290125 -0.00762957 0.0159622 0.0290125 0.000376438
0.101866 -0.0160161 -0.029007 -0.00762778 0.0160161 0.029007 0.00037603
0.101839 -0.0160706 -0.0290014 -0.00762595 0.0160706 0.0290014 0.000375613
0.101812 -0.0161258 -0.0289955 -0.00762407 0.0161258 0.0289955 0.000375188
0.101786 -0.0161817 -0.0289895 -0.00762212 0.0161817 0.0289895 0.000374756
0.10176 -0.0162383 -0.0289832 -0.00762011 0.0162383 0.0289832 0.000374319
0.101734 -0.0162957 -0.0289766 -0.00761803 0.0162957 0.0289766 0.000373878
0.101709 -0.016354 -0.0289698 -0.00761587 0.016354 0.0289698 0.000373432
0.101683 -0.0164159 -0.0289611 -0.00761332 0.0164159 0.0289611 0.00037304
0.101656 -0.0164828 -0.028951 -0.00761035 0.0164828 0.028951 0.000372586
0.101629 -0.016551 -0.0289411 -0.0076073 0.016551 0.0289411 0.000372024
0.101601 -0.0166198 -0.0289295 -0.00760399 0.0166198 0.0289295 0.000371624
0.101573 -0.0166886 -0.0289162 -0.00760047 0.0166886 0.0289162 0.000371426
0.101545 -0.0167565 -0.0289034 -0.00759705 0.0167565 0.0289034 0.000371191
0.101518 -0.0168242 -0.0288913 -0.00759371 0.0168242 0.0288913 0.000370878
0.101492 -0.0168914 -0.0288795 -0.00759043 0.0168914 0.0288795 0.000370556
0.101465 -0.0169553 -0.0288659 -0.00758704 0.0169553 0.0288659 0.000370562
0.101439 -0.0170186 -0.0288526 -0.00758371 0.0170186 0.0288526 0.000370557
0.101414 -0.0170815 -0.0288396 -0.00758045 0.0170815 0.0288396 0.000370542
0.10139 -0.0171432 -0.028827 -0.00757728 0.0171432 0.028827 0.000370531
0.101363 -0.0171975 -0.028817 -0.00757461 0.0171975 0.028817 0.000370355
0.101336 -0.0172469 -0.0288093 -0.00757238 0.0172469 0.0288093 0.000370056
0.101311 -0.0172954 -0.0288022 -0.00757028 0.0172954 0.0288022 0.000369727
0.101286 -0.0173435 -0.0287955 -0.00756824 0.0173435 0.0287955 0.000369378
0.101261 -0.0173911 -0.028789 -0.00756626 0.0173911 0.028789 0.000369009
0.101238 -0.0174377 -0.0287835 -0.00756445 0.0174377 0.0287835 0.000368579
0.101216 -0.0174831 -0.028779 -0.00756283 0.0174831 0.028779 0.000368074
0.101193 -0.0175259 -0.0287745 -0.00756127 0.0175259 0.0287745 0.000367637
0.10117 -0.0175661 -0.02877 -0.00755976 0.0175661 0.02877 0.00036727
0.101147 -0.0176063 -0.0287655 -0.00755827 0.0176063 0.0287655 0.000366889
0.101125 -0.0176462 -0.0287608 -0.00755676 0.0176462 0.0287608 0.000366566
0.101103 -0.0176862 -0.028756 -0.00755524 0.0176862 0.028756 0.000366244
0.101082 -0.0177264 -0.0287512 -0.00755371 0.0177264 0.0287512 0.000365913
0.10106 -0.0177685 -0.0287473 -0.00755219 0.0177685 0.0287473 0.00036538
0.101039 -0.0178108 -0.0287431 -0.00755063 0.0178108 0.0287431 0.000364858
