1 0.000635072
25670.4 -0.5876
42624.4 -1.17584
48507.8 -1.76407
52591.5 -2.35231
56099.8 -2.94054
59193 -3.52878
62000.6 -4.11701
64855.3 -4.70525
67307.5 -5.29348
68894.5 -5.88172
70682.8 -6.46995
72141 -7.05819
73288.5 -7.64642
74160.6 -8.23466
74768.4 -8.82289
75164.3 -9.41113
75444.5 -9.99936
75500.8 -10.5876
75455.2 -11.1758
75306.2 -11.7641
75051.1 -12.3523
74750.3 -12.9405
74379.4 -13.5288
73978.4 -14.117
73521.5 -14.7052
73043.4 -15.2935
72534 -15.8817
71998.1 -16.47
71440.5 -17.0582
70859.6 -17.6464
70266.2 -18.2347
69661.4 -18.8229
69044.9 -19.4111
68421.8 -19.9994
67789.5 -20.5876
67145.4 -21.1758
66488.9 -21.7641
65822.8 -22.3523
65150.3 -22.9405
64469.5 -23.5288
63777.9 -24.117
52178.6 -24.7052
49008.4 -25.2935
48119.2 -25.8817
47525.6 -26.47
46839.7 -27.0582
46122.7 -27.6464
45413.1 -28.2347
44720.5 -28.8229
44008.4 -29.4111
43271.7 -29.9994
42528 -30.5876
41779.7 -31.1758
41019.3 -31.7641
40248.8 -32.3523
39471.3 -32.9405
38685.2 -33.5288
37889.1 -34.117
37072.1 -34.7052
36246.9 -35.2935
35416.4 -35.8817
34579.6 -36.47
33733.2 -37.0582
32855 -37.6464
31940.2 -38.2347
30987.6 -38.8229
30040.8 -39.4111
29096.6 -39.9994
28141.8 -40.5876
27166.5 -41.1758
26156.3 -41.7641
25046.3 -42.3523
23231.5 -42.9405
21802.8 -43.5288
20693.2 -44.117
19670.3 -44.7052
18451.3 -45.2935
17009.8 -45.8817
15869.6 -46.47
14673.6 -47.0582
13400 -47.6464
12335.5 -48.2347
11137.1 -48.8229
9972.98 -49.4111
8829.47 -49.9994
