1 0.000172003
126960 -0.149828
161800 -0.299828
182086 -0.449828
197835 -0.599828
204532 -0.749828
208193 -0.899828
211653 -1.04983
214822 -1.19983
217867 -1.34983
220721 -1.49983
223490 -1.64983
225793 -1.79983
227645 -1.94983
229397 -2.09983
230130 -2.24983
230841 -2.39983
231453 -2.54983
231998 -2.69983
232383 -2.84983
232508 -2.99983
232548 -3.14983
232537 -3.29983
232470 -3.44983
232341 -3.59983
232145 -3.74983
231878 -3.89983
231557 -4.04983
231192 -4.19983
230814 -4.34983
230421 -4.49983
229971 -4.64983
229463 -4.79983
228914 -4.94983
228330 -5.09983
227715 -5.24983
227084 -5.39983
226440 -5.54983
225783 -5.69983
225115 -5.84983
224435 -5.99983
223744 -6.14983
223042 -6.29983
222329 -6.44983
221605 -6.59983
220870 -6.74983
220123 -6.89983
219364 -7.04983
218591 -7.19983
217802 -7.34983
216995 -7.49983
216174 -7.64983
215350 -7.79983
214523 -7.94983
213692 -8.09983
212859 -8.24983
212023 -8.39983
211185 -8.54983
210343 -8.69983
209499 -8.84983
208652 -8.99983
207801 -9.14983
206945 -9.29983
206085 -9.44983
205218 -9.59983
204344 -9.74983
203461 -9.89983
202568 -10.0498
201850 -10.1998
200958 -10.3498
200006 -10.4998
199021 -10.6498
197983 -10.7998
196887 -10.9498
