1 0.00225431
24883.6 -0.497746
41953.6 -0.997746
49309.3 -1.49775
53985.5 -1.99775
57679 -2.49775
60857.2 -2.99775
63663.4 -3.49775
65991.2 -3.99775
67657.7 -4.49775
68577.7 -4.99775
69402.4 -5.49775
70135.1 -5.99775
70792.3 -6.49775
71374.4 -6.99775
71886.4 -7.49775
72427.4 -7.99775
72744.4 -8.49775
73034.5 -8.99775
73309.1 -9.49775
73558.3 -9.99775
73782.9 -10.4977
73988.3 -10.9977
74176 -11.4977
74342.7 -11.9977
74489.4 -12.4977
74617.4 -12.9977
74724.5 -13.4977
74811.7 -13.9977
74870.3 -14.4977
74898.4 -14.9977
74893.7 -15.4977
74856.9 -15.9977
74786.1 -16.4977
74710.3 -16.9977
74636.4 -17.4977
74457.6 -17.9977
74270.7 -18.4977
74063.2 -18.9977
73840.6 -19.4977
73602.8 -19.9977
73349.4 -20.4977
73080.3 -20.9977
72794.3 -21.4977
72492.1 -21.9977
72170.4 -22.4977
71831.5 -22.9977
71473.4 -23.4977
71095.8 -23.9977
70698.9 -24.4977
70279.1 -24.9977
69842.4 -25.4977
69384.6 -25.9977
68906.9 -26.4977
68409.1 -26.9977
67888.9 -27.4977
67347.7 -27.9977
66778.2 -28.4977
66177.3 -28.9977
65543.2 -29.4977
64889.4 -29.9977
64203.4 -30.4977
63440.6 -30.9977
62597.7 -31.4977
61705.7 -31.9977
60638.5 -32.4977
59362.1 -32.9977
57875.7 -33.4977
56472.5 -33.9977
54946.4 -34.4977
53542.9 -34.9977
51868.9 -35.4977
50268.3 -35.9977
48784.1 -36.4977
47181.8 -36.9977
45660.5 -37.4977
44227.9 -37.9977
42430.3 -38.4977
40548.2 -38.9977
38909.4 -39.4977
37012.9 -39.9977
35386.3 -40.4977
33897.2 -40.9977
32242.4 -41.4977
30717.6 -41.9977
29228.2 -42.4977
27642.2 -42.9977
26479.6 -43.4977
24602 -43.9977
23848.9 -44.4977
21919.9 -44.9977
21232.4 -45.4977
20081.2 -45.9977
18688.9 -46.4977
17900.6 -46.9977
17110.2 -47.4977
15518.3 -47.9977
15054.2 -48.4977
14371.6 -48.9977
12992.3 -49.4977
6167.29 -49.9977
