1 1.83613e-08 1.83613e-08 -7.72456e-10 -7.72456e-10
36407.6 18800.6 18800.6 18801.2 18801.2
44102.7 22263.7 22263.7 22263.7 22263.7
49581.6 24960.9 24960.9 24960.9 24960.9
54294.2 27300.3 27300.3 27300.3 27300.3
57194.7 28729 28729 28741.8 28741.8
60657 30495.6 30495.6 30495.6 30495.6
63013.1 31586.6 31586.6 31586.6 31586.6
64752.9 32431.9 32431.9 32431.8 32431.8
66002.3 33038 33038 33037.9 33037.9
66861.1 33456.7 33456.7 33456.5 33456.5
67517.6 33794.1 33794.1 33796 33796
67930.2 33957.8 33957.8 33959.4 33959.4
68224.9 34172.8 34172.8 33666.8 33666.8
68449.6 34235.6 34235.6 34235.2 34235.2
68596.2 34305.6 34305.6 34303.9 34303.9
68698.1 34353.4 34353.4 34351.4 34351.4
68751.3 34379.3 34379.3 34377.6 34377.6
68805.2 34404.7 34404.7 34404.7 34404.7
68861.6 34432.9 34432.9 34432.8 34432.8
68918.4 34461.3 34461.3 34461.1 34461.1
68981.1 34493.4 34493.4 34493.2 34493.2
69043 34523.6 34523.6 34523.1 34523.1
69081.8 34542.3 34542.3 34541.7 34541.7
69109.4 34555.9 34555.9 34555.4 34555.4
69137.9 34570.1 34570.1 34569.5 34569.5
69139.3 34569.7 34569.7 34568.8 34568.8
69112.8 34555.7 34555.7 34554.5 34554.5
69061.5 34529.3 34529.3 34527.7 34527.7
68984.8 34490.5 34490.5 34488 34488
68883.5 34439.6 34439.6 34435.9 34435.9
68793.1 34381.3 34381.3 34390.6 34390.6
68728.1 34365.3 34365.3 34361.6 34361.6
68656.9 34283.1 34283.1 34304.8 34304.8
68581.4 34290.4 34290.4 34287.1 34287.1
68471.5 34233.7 34233.7 34229.9 34229.9
68353.8 34174.7 34174.7 34170.7 34170.7
68232.8 34114.2 34114.2 34109.9 34109.9
68108.1 34051.9 34051.9 34047.2 34047.2
67979.4 33987.7 33987.7 33982.4 33982.4
67845.8 33921.2 33921.2 33914.9 33914.9
67706.2 33851.9 33851.9 33844.1 33844.1
67584.7 33781.8 33781.8 33784 33784
67439.9 33707.9 33707.9 33712.4 33712.4
67305.6 34085.6 34085.6 33027.9 33027.9
67091.4 33547.8 33547.8 33524.5 33524.5
66928.3 33475.1 33475.1 33442.9 33442.9
66723.2 33374.7 33374.7 33332.8 33332.8
66514.5 33275.6 33275.6 33224.2 33224.2
66304.2 33175.2 33175.2 33114.1 33114.1
66091.7 33073.6 33073.6 33002.9 33002.9
65874.5 32969.5 32969.5 32889.4 32889.4
65650.2 32861.7 32861.7 32772.2 32772.2
65416.3 32749 32749 32650.2 32650.2
65167.6 32628.7 32628.7 32520.7 32520.7
64891.9 32494.1 32494.1 32377.1 32377.1
64600.6 32352.8 32352.8 32226.9 32226.9
64303.9 32208.6 32208.6 32074 32074
64002.2 32061.8 32061.8 31918.7 31918.7
63693.9 31911.6 31911.6 31760 31760
63377.4 31757.3 31757.3 31597.3 31597.3
63053.4 31599.1 31599.1 31430.8 31430.8
62719.9 31436.1 31436.1 31259.5 31259.5
62369.8 31264.5 31264.5 31079.8 31079.8
62007.4 31086.9 31086.9 30894.2 30894.2
61628.7 30900.7 30900.7 30700.3 30700.3
61220.3 30699 30699 30491 30491
60762.2 30471.6 30471.6 30256.3 30256.3
60311.3 30250.7 30250.7 30028.1 30028.1
59866 30032 30032 29802.2 29802.2
59408.8 29806.2 29806.2 29569.3 29569.3
