1 -0.000269573
9012.19 -0.130704
14576.8 -0.261139
16977.1 -0.391574
18399.3 -0.522009
19486.7 -0.652443
20413.6 -0.782878
21245.8 -0.913313
22014.9 -1.04375
22739.9 -1.17418
23430.1 -1.30462
24093.3 -1.43505
24734.9 -1.56549
25356 -1.69592
25957.6 -1.82636
26538.8 -1.95679
27094.8 -2.08723
27937.7 -2.21766
28306.3 -2.3481
28855.5 -2.47853
29440.8 -2.60897
29843.2 -2.7394
30405.4 -2.86983
30800.9 -3.00027
31182.2 -3.1307
31780.9 -3.26114
32072.9 -3.39157
32458.4 -3.52201
32818.8 -3.65244
33081.4 -3.78288
33349.3 -3.91331
33613.7 -4.04375
33957.2 -4.17418
34173.1 -4.30462
34403.3 -4.43505
34566.4 -4.56549
34743.2 -4.69592
34894.9 -4.82636
35026.9 -4.95679
35141.7 -5.08723
35242.9 -5.21766
35333.3 -5.3481
35415.1 -5.47853
35490.1 -5.60897
35559.9 -5.7394
35624.7 -5.86983
35680.2 -6.00027
35725.8 -6.1307
35767 -6.26114
35806.6 -6.39157
35874.1 -6.52201
35892.2 -6.65244
35927.5 -6.78288
35962.8 -6.91331
36002.3 -7.04375
36037.2 -7.17418
36073.8 -7.30462
36109 -7.43505
36142.3 -7.56549
36173.3 -7.69592
36201.6 -7.82636
36226.8 -7.95679
36385.6 -8.08723
36345.8 -8.21766
35870.5 -8.3481
36368.2 -8.47853
36401.1 -8.60897
36409.5 -8.7394
36422.7 -8.86983
36436.3 -9.00027
36448.1 -9.1307
36456.3 -9.26114
19312.6 -9.39157
17016.1 -9.52201
16900.5 -9.65244
16853.1 -9.78288
16807.9 -9.91331
16762.7 -10.0437
16717.5 -10.1742
16672.2 -10.3046
16626.8 -10.4351
16581.3 -10.5655
16535.6 -10.6959
16489.7 -10.8264
16443.4 -10.9568
16396.8 -11.0872
16349.7 -11.2177
16302 -11.3481
16253.4 -11.4785
16203.6 -11.609
16152.3 -11.7394
16098.8 -11.8698
16043.4 -12.0003
15987.1 -12.1307
15930.3 -12.2611
15873.7 -12.3916
15817.1 -12.522
15760.7 -12.6524
15704.3 -12.7829
15648 -12.9133
15591.8 -13.0437
15535.7 -13.1742
15479.7 -13.3046
15423.8 -13.4351
15367.9 -13.5655
15312.1 -13.6959
15256.4 -13.8264
15200.8 -13.9568
15145.2 -14.0872
15089.7 -14.2177
15034.3 -14.3481
14978.9 -14.4785
14923.6 -14.609
10647.5 -14.7394
10450.2 -14.8698
10396.6 -15.0003
