1 -4.04866e-08 -4.04866e-08 1.49544e-10 1.49544e-10
27183.8 14169 14169 14169 14169
34038.6 17171.8 17171.8 17171.8 17171.8
38939.2 19612.4 19612.4 19612.4 19612.4
43340 21825.4 21825.4 21825.4 21825.4
47766.8 24037.9 24037.9 24037.9 24037.9
51818.5 26044 26044 26044 26044
54602.4 27394.8 27394.8 27394.8 27394.8
57367.4 28797.1 28797.1 28797.1 28797.1
60136.9 30162.8 30162.8 30162.8 30162.8
62532.8 31384.6 31384.6 31384.6 31384.6
64189.7 32148.7 32148.7 32148.7 32148.7
65393.6 32736.9 32736.9 32736.9 32736.9
66275.8 33166.2 33166.2 33166.2 33166.2
66903.2 33471.6 33471.6 33471.6 33471.6
67413.7 33727.9 33727.9 33727.9 33727.9
67779.3 33901.8 33901.8 33901.8 33901.8
68053.7 34036.7 34036.7 34036.7 34036.7
68272.1 34143.7 34143.7 34143.7 34143.7
68443.1 34227.3 34227.3 34227.3 34227.3
68543.9 34274.7 34274.7 34274.7 34274.7
68553.3 34276.3 34276.3 34276.3 34276.3
68519.9 34259.1 34259.1 34259.1 34259.1
68426.4 34211.5 34211.5 34211.5 34211.5
68389.6 34194.4 34194.4 34194.4 34194.4
68379.3 34189.1 34189.1 34189.1 34189.1
68338.7 34167.5 34167.5 34167.5 34167.5
68265.5 34129.8 34129.8 34129.8 34129.8
68168.1 34080.3 34080.3 34080.3 34080.3
54385.4 26227.3 26227.3 26227.3 26227.3
52042.1 25856.6 25856.6 25856.6 25856.6
51664.5 25808.1 25808.1 25808.1 25808.1
51460.7 25721.6 25721.6 25721.6 25721.6
51274 25630.1 25630.1 25630.1 25630.1
51083.1 25534.5 25534.5 25534.5 25534.5
50877.8 25431.5 25431.5 25431.5 25431.5
50665.4 25325 25325 25325 25325
50445.9 25215 25215 25215 25215
50218.9 25101.3 25101.3 25101.3 25101.3
49987.5 24985.4 24985.4 24985.4 24985.4
49752.1 24867.6 24867.6 24867.6 24867.6
49512.4 24747.6 24747.6 24747.6 24747.6
49267.8 24625.1 24625.1 24625.1 24625.1
49017.8 24499.9 24499.9 24499.9 24499.9
48764.7 24373.3 24373.3 24373.3 24373.3
48510.2 24246 24246 24246 24246
48253.7 24117.7 24117.7 24117.7 24117.7
47994.8 23988.1 23988.1 23988.1 23988.1
47732.7 23856.9 23856.9 23856.9 23856.9
47468.3 23724.7 23724.7 23724.7 23724.7
47203.4 23592.2 23592.2 23592.2 23592.2
46937.9 23459.5 23459.5 23459.5 23459.5
46671.7 23326.4 23326.4 23326.4 23326.4
46404.6 23192.8 23192.8 23192.8 23192.8
46153.3 23067.8 23067.8 23067.8 23067.8
45883.6 22932.2 22932.2 22932.2 22932.2
45610.3 22795.4 22795.4 22795.4 22795.4
45334.3 22657.3 22657.3 22657.3 22657.3
45054.6 22503.5 22503.5 22516.8 22516.8
44772.5 22375.7 22375.7 22373.1 22373.1
44486.1 22232.9 22232.9 22230 22230
44198.5 22089 22089 22085.6 22085.6
43907.6 21943.4 21943.4 21941.5 21941.5
43612 21795.6 21795.6 21795.4 21795.4
43316.2 21648.2 21648.2 21648.2 21648.2
43006.8 21491.9 21491.9 21491.4 21491.4
