1 7.27727e-08 7.27727e-08 1.12487e-07 1.12487e-07
38030.2 19284.5 19284.5 19284.5 19284.5
51699.8 25876.8 25876.8 25876.8 25876.8
58051.5 29065.4 29065.4 29065.4 29065.4
62977.2 31523.4 31523.4 31523.4 31523.4
66669.1 33358.8 33358.8 33358.8 33358.8
68303.7 34158.4 34158.4 34158.4 34158.4
68680.8 34343.7 34343.7 34343.7 34343.7
68923.2 34463.1 34463.1 34463.1 34463.1
69069.7 34535.7 34535.7 34535.7 34535.7
69148 34574.5 34574.5 34574.5 34574.5
69160.6 34580.2 34580.2 34580.2 34580.2
69120.5 34559.8 34559.8 34559.8 34559.8
69040.8 34519.7 34519.7 34519.7 34519.7
68917.9 34457.9 34457.9 34457.9 34457.9
68757.2 34377.2 34377.2 34377.2 34377.2
68554.3 34275.3 34275.3 34275.3 34275.3
68324.7 34160.4 34160.4 34160.4 34160.4
68055.5 34025.5 34025.5 34025.5 34025.5
67759.1 33877 33877 33877 33877
67422.6 33708.4 33708.4 33708.4 33708.4
67060.6 33527.3 33527.3 33527.3 33527.3
66661.2 33327.2 33327.2 33327.2 33327.2
66227 33109.9 33109.9 33109.9 33109.9
65756 32874.1 32874.1 32874.1 32874.1
65251.5 32621.6 32621.6 32621.6 32621.6
64711 32351 32351 32351 32351
64135.5 32063 32063 32063 32063
63524.6 31757.2 31757.2 31757.2 31757.2
62883.2 31436.3 31436.3 31436.3 31436.3
62222.3 31107.7 31107.7 31107.7 31107.7
61551.8 30753.5 30753.5 30753.5 30753.5
60825.4 30406.9 30406.9 30406.9 30406.9
60103.2 30047.1 30047.1 30047.1 30047.1
59310.3 29649 29649 29649 29649
58521.9 29254.6 29254.6 29254.6 29254.6
57710.1 28848.6 28848.6 28848.6 28848.6
56892.9 28439.9 28439.9 28439.9 28439.9
56068.3 28027.5 28027.5 28027.5 28027.5
55236.4 27611.5 27611.5 27611.5 27611.5
54397.9 27192.2 27192.2 27192.2 27192.2
53552.8 26769.6 26769.6 26769.6 26769.6
52700.9 26343.6 26343.6 26343.6 26343.6
51842.6 25914.4 25914.4 25914.4 25914.4
50979.1 25482.6 25482.6 25482.6 25482.6
50110.5 25048.2 25048.2 25048.2 25048.2
49237.1 24611.5 24611.5 24611.5 24611.5
48358.6 24172.2 24172.2 24172.2 24172.2
47475.1 23730.4 23730.4 23730.4 23730.4
46587.3 23286.5 23286.5 23286.5 23286.5
45696.2 22840.9 22840.9 22840.9 22840.9
44801.6 22393.6 22393.6 22393.6 22393.6
43903.4 21944.4 21944.4 21944.4 21944.4
43001.1 21493.3 21493.3 21493.3 21493.3
42095 21040.2 21040.2 21040.2 21040.2
41186.3 20585.8 20585.8 20585.8 20585.8
40274.8 20130.1 20130.1 20130.1 20130.1
39360.5 19672.9 19672.9 19672.9 19672.9
38443.1 19214.2 19214.2 19214.2 19214.2
37522.2 18753.7 18753.7 18753.7 18753.7
36597.6 18291.3 18291.3 18291.3 18291.3
35670.3 17827.7 17827.7 17827.7 17827.7
34741 17363 17363 17363 17363
33809.7 16897.3 16897.3 16897.3 16897.3
32876 16430.5 16430.5 16430.5 16430.5
31939.8 15962.4 15962.4 15962.4 15962.4
31000.8 15492.8 15492.8 15492.8 15492.8
30058.6 15021.7 15021.7 15021.7 15021.7
29114 14549.4 14549.4 14549.4 14549.4
28167.1 14075.9 14075.9 14075.9 14075.9
27217.8 13601.2 13601.2 13601.3 13601.3
