1 -0.00113914
27183.8 -0.77037
34038.6 -1.5396
38939.2 -2.30883
43340 -3.07806
47766.8 -3.84729
51818.5 -4.61652
54602.4 -5.38575
57367.4 -6.15499
60136.9 -6.92422
62532.8 -7.69345
64189.7 -8.46268
65393.6 -9.23191
66275.8 -10.0011
66903.2 -10.7704
67413.7 -11.5396
67779.3 -12.3088
68053.7 -13.0781
68272.1 -13.8473
68443.1 -14.6165
68543.9 -15.3858
68553.3 -16.155
68519.9 -16.9242
68426.4 -17.6934
68389.6 -18.4627
68379.3 -19.2319
68338.7 -20.0011
68265.5 -20.7704
68168.1 -21.5396
54385.4 -22.3088
52042.1 -23.0781
51664.5 -23.8473
51460.7 -24.6165
51274 -25.3858
51083.1 -26.155
50877.8 -26.9242
50665.4 -27.6934
50445.9 -28.4627
50218.9 -29.2319
49987.5 -30.0011
49752.1 -30.7704
49512.4 -31.5396
49267.8 -32.3088
49017.8 -33.0781
48764.7 -33.8473
48510.2 -34.6165
48253.7 -35.3858
47994.8 -36.155
47732.7 -36.9242
47468.3 -37.6934
47203.4 -38.4627
46937.9 -39.2319
46671.7 -40.0011
46404.6 -40.7704
46153.3 -41.5396
45883.6 -42.3088
45610.3 -43.0781
45334.3 -43.8473
45054.6 -44.6165
44772.5 -45.3858
44486.1 -46.155
44198.5 -46.9242
43907.6 -47.6934
43612 -48.4627
43316.2 -49.2319
43006.8 -50.0011
