1 6.47189e-09 6.47189e-09 -7.64803e-09 -7.64803e-09
47636.5 24196.9 24196.9 24196.9 24196.9
96517 48650 48650 48650 48650
137346 68944.3 68944.3 68944.3 68944.3
163896 82112.4 82112.4 82112.4 82112.4
184236 92265.4 92265.4 92265.4 92265.4
202630 101461 101461 101461 101461
216879 108534 108534 108534 108534
221728 110910 110910 110910 110910
226391 113227 113227 113227 113227
230465 115259 115259 115259 115259
234380 117222 117222 117222 117222
237965 119012 119012 119012 119012
241285 120666 120666 120666 120666
244338 122193 122193 122193 122193
247384 123717 123717 123717 123717
249881 124959 124959 124959 124959
251948 125989 125989 125989 125989
253801 126916 126916 126916 126916
254929 127471 127471 127471 127471
255789 127901 127901 127901 127901
256538 128274 128274 128274 128274
257155 128582 128582 128582 128582
257573 128789 128789 128789 128789
257981 128994 128994 128994 128994
258216 129109 129109 129109 129109
258291 129146 129146 129146 129146
258279 129139 129139 129139 129139
258189 129094 129094 129094 129094
258050 129024 129024 129024 129024
257867 128932 128932 128932 128932
257640 128818 128818 128818 128818
257370 128683 128683 128683 128683
257054 128524 128524 128524 128524
256692 128343 128343 128343 128343
256280 128136 128136 128136 128136
255826 127909 127909 127909 127909
255349 127671 127671 127671 127671
254851 127421 127421 127421 127421
254332 127161 127161 127161 127161
253788 126889 126889 126889 126889
253227 126609 126609 126609 126609
252650 126320 126320 126320 126320
252056 126023 126023 126023 126023
251443 125716 125716 125716 125716
250809 125399 125399 125399 125399
250154 125072 125072 125072 125072
249473 124731 124731 124731 124731
248767 124377 124377 124377 124377
248050 124019 124019 124019 124019
247327 123658 123658 123658 123658
246599 123293 123293 123293 123293
245864 122926 122926 122926 122926
245122 122555 122555 122555 122555
244375 122182 122182 122182 122182
243622 121805 121805 121805 121805
242862 121425 121425 121425 121425
242095 121041 121041 121041 121041
241319 120653 120653 120653 120653
240696 120344 120344 120344 120344
239895 119941 119941 119941 119941
239080 119533 119533 119533 119533
238254 119120 119120 119120 119120
237411 118699 118699 118699 118699
236554 118270 118270 118270 118270
235680 117833 117833 117833 117833
234783 117384 117384 117384 117384
233874 116930 116930 116930 116930
232961 116473 116473 116473 116473
232044 116014 116014 116014 116014
231122 115553 115553 115553 115553
230195 115090 115090 115090 115090
229263 114624 114624 114624 114624
228325 114155 114155 114155 114155
227381 113683 113683 113683 113683
226430 113207 113207 113207 113207
225470 112727 112727 112727 112727
224500 112242 112242 112242 112242
223518 111751 111751 111751 111751
222519 111251 111251 111251 111251
221497 110740 110740 110740 110740
220440 110211 110211 110211 110211
219321 109651 109651 109651 109651
218043 109010 109010 109010 109010
216183 108074 108074 108074 108074
214186 107077 107077 107077 107077
212289 106130 106130 106130 106130
210515 105243 105243 105243 105243
208837 104405 104405 104405 104405
207214 103594 103594 103594 103594
205589 102782 102782 102782 102782
203777 101872 101872 101872 101872
200777 100357 100357 100357 100357
196700 98316 98316 98316 98316
192615 96275.2 96275.2 96275.2 96275.2
189024 94485.3 94485.3 94485.3 94485.3
186991 93489.9 93489.9 93489.9 93489.9
185188 92579.6 92579.6 92579.6 92579.6
182867 91410.7 91410.7 91410.7 91410.7
178928 89427.6 89427.6 89427.6 89427.6
175144 87545.6 87545.6 87545.6 87545.6
