1 7.81219e-08 -1.81459e-09 -5.62401e-09 4.85522e-08
35325.7 17941 1.02186e-06 3.14356e-06 17941
48138.9 24087.2 9.20154e-08 2.06273e-07 24087.2
54071.2 27072.3 2.36985e-07 4.39381e-07 27072.3
58852.3 29460.9 1.3028e-07 3.65551e-07 29460.9
62973.7 31517.7 1.09212e-07 3.47398e-07 31517.7
65773.8 32901.6 -2.40834e-08 1.56877e-07 32901.6
67227.4 33625.2 3.04572e-08 1.32604e-07 33625.2
68305.8 34161 1.82699e-08 7.44039e-08 34161
69304.8 34659.8 3.09883e-08 9.2703e-08 34659.8
70278.2 35146.7 5.04951e-09 1.58412e-07 35146.7
71161.5 35587.7 2.79178e-08 5.98739e-08 35587.7
72007.5 36010.2 5.47152e-08 6.544e-08 36010.2
72700.8 36355.3 -3.08937e-08 5.29471e-08 36355.3
73217.8 36588.2 -0.176311 -0.176311 36588.2
73912 36964.1 7.0977e-08 2.33849e-08 36964.1
74440 37224.2 -2.93221e-08 5.86297e-08 37224.2
74924.4 37466 3.23853e-08 -1.11322e-08 37466
75394.2 37700.8 -3.11411e-09 -4.68935e-08 37700.8
75835.1 37921 -1.851e-08 9.96297e-08 37921
76268.6 38137.8 1.04315e-07 -5.90371e-08 38137.8
76692.7 38349.7 5.47443e-08 1.52599e-07 38349.7
77094.3 38550.3 -4.73883e-08 3.30838e-08 38550.3
77475.5 38740.7 7.17337e-08 -2.68847e-08 38740.7
77839.3 38922.5 -1.03682e-08 4.98403e-09 38922.5
78181.1 39093.3 1.25365e-08 9.72723e-08 39093.3
78487.9 39246.3 1.58376e-07 -2.32903e-08 39246.3
78754.6 39379.3 -1.02154e-08 3.68891e-08 39379.3
78981.5 39492.4 6.3359e-08 4.28336e-08 39492.4
79169.7 39586.2 1.57379e-08 1.8299e-08 39586.2
79319.7 39660.9 -1.15833e-08 -7.8755e-08 39660.9
79433.6 39717.6 3.57322e-08 -4.22297e-08 39717.6
79515.3 39758.2 -7.93516e-08 -7.08678e-09 39758.2
79570.1 39785.4 -1.09707e-07 -6.18456e-09 39785.4
79653.7 39827.8 1.98124e-08 -6.48361e-08 39827.8
79705.6 39853.3 3.38041e-08 -3.46554e-08 39853.3
79723.7 39861.9 6.94345e-08 -8.08068e-08 39861.9
79720.9 39860.3 -9.28776e-08 -5.2547e-08 39860.4
79697.6 39848.5 -9.33433e-08 -1.0537e-07 39848.5
79659.5 39820.2 -0.0403441 -0.0403442 39820.2
79611.2 39672.1 -1.02283 -1.02283 39672.1
79528.8 39763.4 -2.57351e-08 -1.35442e-07 39763.4
79441.3 39719.9 -1.64779e-07 3.65399e-08 39719.9
79343.3 39670.8 -4.09636e-08 5.03424e-08 39670.8
79235.8 39617 -1.65754e-07 -1.25503e-07 39617
79117.7 39557.9 -5.37912e-08 -1.14938e-07 39557.9
78987.2 39492.5 2.68337e-08 -8.17963e-08 39492.5
78840.5 39419 1.99798e-07 -5.15865e-09 39419
78676 39336.6 9.69958e-08 4.32483e-08 39336.6
78497.8 39247.4 1.47847e-07 -1.19064e-07 39247.4
78302.6 39149.7 1.9047e-07 -2.66591e-08 39149.7
78096.8 39046.7 -1.16415e-10 -8.55434e-08 39046.7
77883.4 38939.9 -4.17058e-08 2.71757e-08 38939.9
77660 38828.2 -7.15154e-08 -3.17377e-08 38828.2
77426.1 38711.2 2.33194e-08 -1.37508e-07 38711.1
77185.6 38590.9 -4.62678e-08 -1.82532e-07 38590.9
76935.7 38465.8 -3.00497e-08 -1.19398e-08 38465.8
76676.1 38335.9 3.56231e-08 -1.15229e-07 38335.9
76398.2 38196.8 -1.11992e-07 3.69255e-08 38196.8
76104.2 38049.7 -2.14466e-07 -1.2153e-07 38049.7
75798.2 37896.6 5.41986e-08 2.62116e-07 37896.6
75473.1 37733.9 -1.07873e-07 -6.18456e-10 37733.9
75119.7 37556.9 -1.37152e-08 -9.70613e-08 37556.9
74752.4 37373.2 -1.27475e-08 -2.02628e-07 37373.2
74368 37180.8 1.67711e-08 -2.2936e-07 37180.8
73963.6 36978.4 2.79688e-08 -4.18295e-08 36978.4
73518.2 36755.3 2.28087e-07 3.32802e-08 36755.3
72967.1 36478.6 -4.67626e-08 3.74348e-08 36478.6
72429 36209.5 -0.00019052 -0.000191019 36209.5
71878.3 35934.7 -9.24847e-08 4.15748e-08 35934.7
71302.8 35646.6 1.30189e-07 8.3448e-08 35646.6
70617.3 35302.5 7.6514e-08 -2.15899e-07 35302.5
69893.9 34941.7 1.1838e-08 -5.86733e-08 34941.7
68975.7 34479.5 7.93298e-08 -5.26852e-08 34479.5
68186.8 34087.7 6.54909e-08 2.06492e-08 34087.7
67620.7 33806 1.75067e-07 -7.78673e-08 33806
67139.9 33566.4 -1.07641e-07 -2.47819e-08 33566.4
66711.1 33353 -7.93952e-08 4.13274e-08 33353
66297.3 33145.3 3.50992e-08 1.32786e-08 33145.3
65842.6 32917.4 1.04141e-07 1.36395e-07 32917.4
65127 32557.5 8.00064e-08 -8.93197e-08 32557.5
64388.2 32187.2 -2.15339e-07 -1.24506e-07 32187.2
63668.8 31829.2 -8.91378e-08 -2.19552e-07 31829.2
63193.8 31593.2 -6.82485e-08 -1.61068e-07 31593.2
62740.3 31366.5 -1.78952e-07 4.09709e-08 31366.5
62281.3 31136.3 -1.41401e-07 -2.5193e-07 31136.3
61503 30744 -4.4949e-07 -3.88434e-07 30744
61154.5 30578.3 -3.96685e-08 7.07078e-08 30578.3
60749.9 30371.9 1.16634e-07 -2.88623e-07 30371.9
60359.5 30176.7 1.74133e-06 63.1638 30113.5
60063.2 30029.2 -1.09867e-08 6.98259e-07 30029.2
59746.5 29870.5 3.01916e-08 -1.17274e-07 29870.5
59348.3 29670.4 -3.90355e-08 3.7983e-07 29670.4
58808.7 29399.6 2.13655e-07 -1.08674e-07 29399.6
58262.1 29126.9 1.49084e-07 2.53083e-07 29126.9
57868.6 28931 1.6766e-07 4.59113e-08 28931
57441.7 28717.3 2.12021e-08 -9.62791e-08 28717.3
57034.4 28514.2 -2.82365e-07 6.31262e-08 28514.2
56695.8 28345.1 8.78317e-08 1.06789e-07 28345.1
56345.7 28170 9.18881e-08 -3.50134e-07 28170
55979.8 27986.9 -1.94377e-07 3.34294e-08 27986.9
