1 0.000449318
36407.6 -0.642408
44102.7 -1.28526
49581.6 -1.92812
54294.2 -2.57098
57194.7 -3.21384
60657 -3.85669
63013.1 -4.49955
64752.9 -5.14241
66002.3 -5.78526
66861.1 -6.42812
67517.6 -7.07098
67930.2 -7.71384
68224.9 -8.35669
68449.6 -8.99955
68596.2 -9.64241
68698.1 -10.2853
68751.3 -10.9281
68805.2 -11.571
68861.6 -12.2138
68918.4 -12.8567
68981.1 -13.4996
69043 -14.1424
69081.8 -14.7853
69109.4 -15.4281
69137.9 -16.071
69139.3 -16.7138
69112.8 -17.3567
69061.5 -17.9996
68984.8 -18.6424
68883.5 -19.2853
68793.1 -19.9281
68728.1 -20.571
68656.9 -21.2138
68581.4 -21.8567
68471.5 -22.4996
68353.8 -23.1424
68232.8 -23.7853
68108.1 -24.4281
67979.4 -25.071
67845.8 -25.7138
67706.2 -26.3567
67584.7 -26.9996
67439.9 -27.6424
67305.6 -28.2853
67091.4 -28.9281
66928.3 -29.571
66723.2 -30.2138
66514.5 -30.8567
66304.2 -31.4996
66091.7 -32.1424
65874.5 -32.7853
65650.2 -33.4281
65416.3 -34.071
65167.6 -34.7138
64891.9 -35.3567
64600.6 -35.9996
64303.9 -36.6424
64002.2 -37.2853
63693.9 -37.9281
63377.4 -38.571
63053.4 -39.2138
62719.9 -39.8567
62369.8 -40.4996
62007.4 -41.1424
61628.7 -41.7853
61220.3 -42.4281
60762.2 -43.071
60311.3 -43.7138
59866 -44.3567
59408.8 -44.9996
