1 -2.31014e-09 -2.31014e-09 -7.21619e-10 -7.21619e-10
163753 81865.4 81865.4 81865.4 81865.4
201898 100953 100953 100953 100953
211103 105554 105554 105554 105554
219578 109791 109791 109791 109791
227378 113691 113691 113691 113691
234186 117095 117095 117095 117095
239016 119509 119509 119509 119509
241940 120971 120971 120971 120971
244483 122242 122242 122242 122242
246275 123138 123138 123138 123138
247688 123844 123844 123844 123844
248623 124312 124312 124312 124312
249108 124554 124554 124554 124554
249447 124724 124724 124724 124724
249479 124739 124739 124739 124739
249237 124618 124618 124618 124618
248771 124385 124385 124385 124385
248229 124114 124114 124114 124114
247618 123809 123809 123809 123809
246933 123466 123466 123466 123466
246153 123076 123076 123076 123076
245214 122607 122607 122607 122607
244059 122029 122029 122029 122029
242855 121427 121427 121427 121427
241610 120805 120805 120805 120805
240320 120159 120159 120159 120159
238954 119477 119477 119477 119477
237511 118755 118755 118755 118755
235816 117908 117908 117908 117908
233707 116853 116853 116853 116853
