1 7.30452e-08 2.15737e-09 5.67566e-10 4.75364e-08
24883.6 12641.9 -8.61992e-07 -2.29629e-07 12641.9
41953.6 21041.3 -2.83806e-07 -7.48223e-08 21041.3
49309.3 24691 -1.52766e-07 -4.32301e-08 24691
53985.5 27023.5 -1.44188e-07 -3.66344e-08 27023.5
57679 28866.4 -1.06949e-07 -3.95848e-08 28866.4
60857.2 30452.6 -1.13585e-07 -3.29856e-08 30452.6
63663.4 31853 -8.58236e-08 -4.7221e-08 31853
65991.2 33012.1 -6.87214e-08 -3.19342e-08 33012.1
67657.7 33839.9 -4.02506e-08 1.54614e-08 33839.9
68577.7 34296.8 -2.94312e-08 -3.04062e-08 34296.8
69402.4 34707.5 -5.32527e-08 -2.0169e-08 34707.5
70135.1 35073.1 -2.82671e-08 -1.8008e-08 35073.1
70792.3 35401.2 -2.12749e-08 -1.2813e-08 35401.2
71374.4 35691.7 -2.88856e-08 -9.78616e-09 35691.7
71886.4 35947 -2.47019e-08 4.50382e-09 35947
72427.4 36237.4 0.0897469 0.0897471 36237.4
72744.4 36374.2 -4.71773e-08 -7.34872e-09 36374.2
73034.5 36519.7 -1.61599e-08 -4.88944e-08 36519.7
73309.1 36656.7 -9.34233e-09 1.51194e-08 36656.7
73558.3 36781.1 1.61453e-08 2.29193e-08 36781.1
73782.9 36893.2 -4.8567e-08 -5.76256e-09 36893.2
73988.3 36995.7 -6.72735e-08 -4.55984e-08 36995.7
74176 37089.4 -2.2068e-08 -5.40604e-09 37089.4
74342.7 37172.6 2.67537e-08 -2.6077e-08 37172.6
74489.4 37245.8 -4.70027e-09 1.03741e-07 37245.8
74617.4 37309.6 2.25118e-08 1.82335e-08 37309.6
74724.5 37363 5.55156e-09 3.00643e-08 37363
74811.7 37406.5 2.26282e-08 -4.4216e-08 37406.5
74870.3 37435.5 -3.04644e-08 7.48696e-09 37435.5
74898.4 37449.3 7.73434e-09 -2.88273e-08 37449.3
74893.7 37446.7 4.07308e-08 -5.69344e-08 37446.7
74856.9 37428 -4.32337e-08 4.80213e-08 37428
74786.1 37392.4 5.28962e-09 -2.31084e-08 37392.4
74710.3 37354.1 -1.25947e-08 1.91721e-08 37354.1
74636.4 37322 0.0259808 0.0259808 37322
74457.6 37228.2 0.0011706 0.0011706 37228.2
74270.7 37133.7 5.66797e-08 1.01551e-07 37133.7
74063.2 37029.9 4.48636e-08 -8.49323e-08 37029.9
73840.6 36918.5 2.82162e-08 7.26141e-09 36918.5
73602.8 36799.4 -9.51186e-08 4.80941e-09 36799.4
73349.4 36672.6 4.62751e-08 -1.31455e-07 36672.6
73080.3 36537.9 1.36366e-07 -6.47269e-08 36537.9
72794.3 36394.8 -8.27786e-08 -4.08181e-09 36394.8
72492.1 36243.6 6.20494e-08 3.75512e-08 36243.6
72170.4 36082.6 4.74247e-08 3.14321e-09 36082.6
71831.5 35913 -9.80945e-08 -6.32717e-08 35913
71473.4 35733.7 -2.91911e-08 -1.02373e-08 35733.7
71095.8 35544.8 8.53963e-06 8.44037e-06 35544.8
70698.9 35346.1 2.29702e-08 -2.91402e-08 35346.1
70279.1 35136.1 1.20781e-09 6.0907e-08 35136.1
69842.4 34917.6 5.13319e-08 4.45289e-09 34917.6
69384.6 34688.5 -7.01548e-08 -5.86442e-09 34688.5
68906.9 34449.5 4.32919e-08 6.28133e-08 34449.5
68409.1 34200.5 -2.41198e-08 -5.68252e-08 34200.4
67888.9 33940.2 4.01269e-08 -2.69793e-08 33940.1
67347.7 33669.4 1.93177e-08 -1.17798e-08 33669.4
66778.2 33384.5 -1.4402e-07 2.0376e-06 33384.5
66177.3 33083.7 1.49317e-07 -3.38332e-09 33083.7
65543.2 32766.4 5.6767e-08 -4.17385e-08 32766.4
64889.4 32439.4 4.77012e-08 -3.76531e-08 32439.3
64203.4 32096 4.86034e-08 8.06176e-09 32096
63440.6 31713.8 1.22236e-09 -1.48066e-09 31713.8
62597.7 31291.9 1.66532e-07 -2.33413e-08 31291.9
61705.7 30845.4 -8.53106e-08 -6.15291e-08 30845.4
60638.5 30309.8 -1.69384e-08 1.28057e-07 30309.8
59362.1 29669.6 4.40996e-08 2.37225e-07 29669.6
57875.7 28926.7 -1.85973e-08 4.08181e-08 28926.7
56472.5 28224.6 -1.75278e-08 1.87611e-08 28224.6
54946.4 27459.6 -4.92582e-08 -3.13485e-08 27459.6
53542.9 26762.7 4.41651e-08 -3.89919e-08 26762.7
51868.9 25919.1 -8.46194e-09 -9.34524e-08 25919.1
50268.3 25121.5 6.32353e-08 -6.74481e-08 25121.5
48784.1 24382.1 1.05225e-07 4.20005e-08 24382.1
47181.8 23575.7 2.3911e-07 -1.05396e-07 23575.7
45660.5 22814.3 -3.08137e-08 7.45058e-08 22814.3
44227.9 22158.5 -0.00307524 -0.0030751 22158.5
42430.3 21194.5 2.04207e-07 -1.00314e-07 21194.5
40548.2 20253.5 -1.04963e-07 -1.53006e-07 20253.5
38909.4 19441.8 2.60334e-08 1.28668e-07 19441.8
37012.9 18491.5 2.67028e-07 2.75402e-07 18491.5
35386.3 17673.7 1.78188e-07 -8.72751e-08 17673.7
33897.2 16950.1 -2.00918e-07 -1.7216e-07 16950.1
32242.4 16106.3 5.18048e-09 7.1781e-08 16106.3
30717.6 15352.2 1.23793e-07 -6.47633e-08 15352.2
29228.2 14598.3 9.07312e-08 1.99507e-08 14598.3
27642.2 13813.1 9.70686e-08 1.42973e-08 13813.1
26479.6 13230.9 2.32409e-07 -1.99943e-08 13230.9
24602 12282.2 -2.34453e-07 -2.04556e-07 12282.2
23848.9 11917.5 -4.16767e-08 -2.19741e-07 11917.5
21919.9 10976.3 1.23626e-05 1.24354e-05 10976.3
21232.4 10611.3 -1.75969e-07 1.46581e-07 10611.3
20081.2 10028.3 -2.97223e-08 5.69562e-08 10028.3
18688.9 9333.83 1.02038e-07 1.09263e-07 9333.83
17900.6 8944.04 1.30574e-07 -2.61534e-07 8944.04
17110.2 8544.89 -9.53733e-08 -1.65528e-07 8544.89
15518.3 7746.63 6.00412e-08 1.48648e-07 7746.63
15054.2 7523.06 1.35406e-08 -1.36424e-08 7523.06
14371.6 7178.77 3.28044e-07 4.19677e-08 7178.77
12992.3 6483.1 -6.89033e-09 -8.00428e-08 6483.09
6167.29 2951.01 5.55818e-07 2.3051e-07 2951.01
