1 -2.44472e-09 -2.04448e-11 3.7684e-09 3.81447e-10
9012.19 4575.7 -1.04228e-09 -5.27963e-07 4575.7
14576.8 7310.97 1.63709e-10 -1.7369e-07 7310.97
16977.1 8499.58 -6.51198e-10 -7.54808e-08 8499.58
18399.3 9208.72 8.25821e-10 -6.76864e-08 9208.72
19486.7 9751.12 -3.11411e-09 -4.92691e-08 9751.12
20413.6 10213.7 -8.91123e-09 -6.30826e-08 10213.7
21245.8 10629.3 1.40626e-08 -3.06736e-08 10629.3
22014.9 11013.4 -7.00675e-09 -4.8849e-08 11013.4
22739.9 11375.6 1.16052e-08 -3.88591e-08 11375.6
23430.1 11720.5 9.29504e-10 -4.4105e-08 11720.5
24093.3 12051.9 2.32267e-08 -5.10772e-08 12051.9
24734.9 12372.5 -1.34314e-08 -5.06716e-08 12372.5
25356 12682.9 -2.62662e-08 -1.19817e-08 12682.9
25957.6 12983.6 4.53256e-08 -1.38152e-08 12983.6
26538.8 13274 1.58343e-08 -5.14883e-08 13274
27094.8 13551.8 3.52338e-08 -6.58183e-08 13551.8
27937.7 14058.9 1.67227 1.31015 14057.9
28306.3 14176.1 0.736769 0.672792 14175.8
28855.5 14431.6 1.13614e-08 4.79376e-08 14431.6
29440.8 14652.5 -1.35663 28.0274 14652.4
29843.2 14977.1 1.86944 -24.6544 14977.1
30405.4 15230.5 -0.25839 -0.210694 15231.4
30800.9 15402 -3.39824e-08 7.36691e-09 15402.2
31182.2 15594.3 -9.14988e-08 -6.20093e-08 15594.3
31780.9 15966.4 -1.25306 -1.20675 15966.3
32072.9 16014.8 -0.191555 8.91175 16014.8
32458.4 16246.8 -0.40444 -0.333586 16246.8
32818.8 16412 -7.14863e-09 4.31974e-08 16412
33081.4 16542.5 7.37782e-09 -1.2391e-07 16542.5
33349.3 16676.8 -2.73758e-08 4.33283e-09 16676.8
33613.7 16808.9 6.88306e-09 -5.46061e-09 16808.9
33957.2 17023.1 -3.38384 -3.09284 17024.4
34173.1 17091.3 -0.0573045 -0.0344664 17092.2
34403.3 17221.1 -0.180991 -0.252798 17218.7
34566.4 17300.5 -0.270115 -0.299561 17300.4
34743.2 17373.2 7.64267e-08 -3.90173e-08 17372.7
34894.9 17448.8 -1.34241e-09 -1.77097e-08 17448.4
35026.9 17514.5 8.602e-08 -5.20376e-08 17514.4
35141.7 17571.8 7.71215e-08 -5.34674e-08 17571.7
35242.9 17622.2 2.64336e-08 -9.29977e-08 17622.2
35333.3 17667.3 -3.17705e-08 -7.09042e-09 17667.3
35415.1 17708.2 6.02813e-08 -4.62096e-08 17708.2
35490.1 17745.6 -4.37431e-08 1.27147e-08 17745.6
35559.9 17780.5 -4.14366e-09 5.06079e-08 17780.5
35624.7 17812.8 -9.90258e-09 7.68268e-08 17812.8
35680.2 17840.5 -2.32103e-08 7.85367e-08 17840.5
35725.8 17863.2 -2.75395e-09 8.76025e-09 17863.2
35767 17883.8 9.12914e-08 -5.09463e-08 17883.8
35806.6 17903.6 -9.19717e-08 1.06116e-07 17903.6
35874.1 17897.2 -1.09198 -1.47565 17897.5
35892.2 17959.5 -0.567619 -0.367239 17960.8
35927.5 17965.4 -0.0294397 -0.00221911 17965.9
35962.8 17978.4 -0.00510478 -0.163067 17976.8
36002.3 18005.7 -0.00887741 -0.169484 18005.5
36037.2 18018.9 -8.96507e-08 -2.27737e-08 18018.9
36073.8 18037.2 -4.96657e-08 8.62165e-08 18037.2
36109 18054.7 2.11767e-08 -9.60754e-08 18054.8
36142.3 18071.3 -5.08553e-08 -1.03748e-07 18071.5
36173.3 18086.8 8.97016e-08 1.42347e-07 18087
36201.6 18100.8 -1.05822e-07 5.2456e-08 18101.2
36226.8 18113.4 1.17143e-07 -1.33125e-07 18113.8
36385.6 18212.6 -0.743537 -1.0406 18208.1
36345.8 18197.7 -23.5779 -20.9721 18201.5
35870.5 17905.3 7.97636e-05 0.000195361 17905.2
36368.2 18181.5 -8.49073e-05 -0.000328141 18180.9
36401.1 18200.1 -1.69341e-07 -8.74752e-08 18199.6
36409.5 18204.9 2.59944e-07 1.38716e-08 18204.8
36422.7 18211.3 3.75803e-09 -7.49424e-09 18211.6
36436.3 18218 7.29124e-08 -3.33639e-08 18218.5
36448.1 18223.8 6.98492e-09 3.52265e-08 18224.5
36456.3 18227.8 1.61526e-09 -7.34981e-08 18228.6
19312.6 8513.91 -0.102577 -0.0690014 8459.75
17016.1 8489.13 -2.06404e-07 9.43364e-08 8453.46
16900.5 8467.05 -9.95096e-08 -1.17045e-07 8430.41
16853.1 8444.97 1.21909e-08 2.53422e-08 8407.35
16807.9 8422.87 -8.72387e-08 -2.71437e-07 8384.28
16762.7 8400.76 -1.05119e-07 -2.17296e-08 8361.21
16717.5 8378.63 -5.64505e-08 -4.92146e-08 8338.11
16672.2 8356.47 -1.18518e-07 -5.59558e-08 8314.99
16626.8 8334.26 -8.96434e-08 -2.67828e-07 8291.81
16581.3 8311.98 7.99337e-08 1.73033e-07 8268.57
16535.6 8289.61 1.51336e-07 -1.66638e-07 8245.25
16489.7 8267.12 8.5216e-08 -1.12388e-07 8221.81
16443.4 8244.48 -1.63218e-07 -5.14156e-08 8198.22
16396.8 8221.64 -4.03452e-09 8.16181e-08 8174.43
16349.7 8198.55 1.53315e-07 1.21574e-07 8150.4
16302 8175.14 -5.16011e-08 1.86759e-07 8126.04
16253.4 8151.3 1.1376e-07 -5.53518e-08 8101.26
16203.6 8126.88 -9.58098e-08 -6.67351e-08 8075.91
16152.3 8101.66 -2.25664e-08 -4.104e-08 8049.75
16098.8 8075.36 4.14329e-08 6.71971e-08 8022.53
16043.4 8048.15 -5.21759e-08 -1.36966e-07 7994.39
15987.1 8020.42 -2.54295e-09 1.59067e-07 7965.73
15930.3 7992.51 1.82245e-07 -9.38417e-08 7936.89
15873.7 7964.64 -2.01762e-07 -8.18472e-08 7908.11
15817.1 7936.83 -1.48066e-08 -1.62916e-07 7879.37
15760.7 7909.06 1.08026e-07 1.46254e-07 7850.69
15704.3 7881.33 -1.72247e-07 1.04141e-07 7822.05
15648 7853.65 1.12559e-07 -4.97166e-08 7793.46
15591.8 7826.02 -2.08664e-07 -7.42511e-08 7764.91
15535.7 7798.42 -5.05715e-08 -8.12397e-08 7736.41
15479.7 7770.87 -8.54416e-08 -8.55616e-08 7707.94
15423.8 7743.35 4.41541e-08 1.30927e-07 7679.52
15367.9 7715.87 1.17725e-07 7.52516e-08 7651.14
15312.1 7688.43 4.4718e-08 6.1631e-08 7622.8
15256.4 7661.02 -1.21792e-07 -1.7272e-07 7594.5
15200.8 7633.65 1.24823e-07 -3.43531e-07 7566.24
15145.2 7606.31 -1.18664e-07 -9.2743e-08 7538.01
15089.7 7579.01 8.44375e-08 -1.53115e-07 7509.82
15034.3 7551.73 1.71647e-07 1.49364e-07 7481.66
14978.9 7524.49 -1.82376e-07 -8.15053e-08 7453.53
14923.6 7497.28 9.63337e-09 3.25141e-07 7425.44
10647.5 5283.16 -3.16668e-07 7.03265e-07 5210.51
10450.2 5259.04 -8.69732e-08 -2.43032e-07 5185.6
10396.6 5234.95 4.20223e-08 -1.51038e-07 5160.74
