1 1.06988e-07 1.06988e-07 -2.026e-08 -2.026e-08
131773 66499.1 66499.1 66499.1 66499.1
170024 85218.5 85218.5 85218.5 85218.5
195597 97953.2 97953.2 97953.2 97953.2
204206 102131 102131 102131 102131
209909 104992 104992 104992 104992
214843 107459 107459 107459 107459
219222 109644 109644 109644 109644
223311 111689 111689 111689 111689
227006 113532 113532 113532 113532
230455 115254 115254 115254 115254
233309 116675 116675 116675 116675
235509 117769 117769 117769 117769
237219 118622 118622 118622 118622
238324 119171 119171 119171 119171
238971 119489 119489 119489 119489
239427 119717 119717 119717 119717
239733 119868 119868 119868 119868
239852 119926 119926 119926 119926
239767 119882 119882 119882 119882
239586 119791 119791 119791 119791
239317 119656 119656 119656 119656
238947 119470 119470 119470 119470
238451 119221 119221 119221 119221
237794 118891 118891 118891 118891
237064 118526 118526 118526 118526
236292 118139 118139 118139 118139
235472 117729 117729 117729 117729
234593 117289 117289 117289 117289
233641 116812 116812 116812 116812
232578 116280 116280 116280 116280
231354 115666 115666 115666 115666
230077 115028 115028 115028 115028
228777 114378 114378 114378 114378
227449 113714 113714 113714 113714
226084 113031 113031 113031 113031
224662 112319 112319 112319 112319
223137 111556 111556 111556 111556
221370 110669 110669 110669 110669
219262 109613 109613 109613 109613
217088 108526 108526 108526 108526
214837 107400 107400 107400 107400
212465 106213 106213 106213 106213
209745 104848 104848 104848 104848
205910 102919 102919 102919 102919
202050 100994 100994 100994 100994
198234 99087.7 99087.7 99087.7 99087.7
194674 97320.7 97320.7 97320.7 97320.7
189267 94577.8 94577.8 94577.7 94577.7
185130 92543.4 92543.4 92543.4 92543.4
182545 91250.3 91250.3 91250.3 91250.3
179137 89536.1 89536.1 89536.1 89536.1
172877 86377.9 86377.9 86377.9 86377.9
170011 84986.9 84986.9 84986.9 84986.9
167391 83673.2 83673.2 83673.2 83673.2
164618 82287.9 82287.9 82287.9 82287.9
159755 79833.3 79833.3 79833.3 79833.3
155501 77736.5 77736.5 77736.5 77736.5
153904 76946.6 76946.6 76946.6 76946.6
152442 76208.3 76208.3 76208.3 76208.3
150603 75284.6 75284.6 75284.6 75284.6
