1 1.1294e-08 1.1294e-08 -9.84679e-09 -9.84679e-09
25670.4 13689.6 13689.6 13689.6 13689.6
42624.4 21556.6 21556.6 21556.6 21556.6
48507.8 24394.2 24394.2 24394.2 24394.2
52591.5 26424.3 26424.3 26424.3 26424.3
56099.8 28165.1 28165.1 28165.1 28165.1
59193 29700 29700 29700 29700
62000.6 31097.3 31097.3 31097.3 31097.3
64855.3 32518.9 32518.9 32518.9 32518.9
67307.5 33759 33759 33759 33759
68894.5 34520.7 34520.7 34520.7 34520.7
70682.8 35402.9 35402.9 35402.9 35402.9
72141 36117.9 36117.9 36117.9 36117.9
73288.5 36681.5 36681.5 36681.5 36681.5
74160.6 37107.8 37107.8 37107.8 37107.8
74768.4 37402.6 37402.6 37402.6 37402.6
75164.3 37593.8 37593.8 37593.8 37593.8
75444.5 37718.9 37718.9 37718.9 37718.9
75500.8 37728.3 37728.3 37728.3 37728.3
75455.2 37732.3 37732.3 37732.3 37732.3
75306.2 37640.7 37640.7 37640.7 37640.7
75051.1 37515.5 37515.5 37515.5 37515.5
74750.3 37366 37366 37366 37366
74379.4 37174.8 37174.8 37174.8 37174.8
73978.4 36962.3 36962.3 36962.3 36962.3
73521.5 36729.5 36729.5 36729.5 36729.5
73043.4 36466.9 36466.9 36466.9 36466.9
72534 36244.2 36244.2 36244.2 36244.2
71998.1 35979.8 35979.8 35979.8 35979.8
71440.5 35699.8 35699.8 35699.8 35699.8
70859.6 35408.8 35408.8 35408.8 35408.8
70266.2 35111.8 35111.8 35111.8 35111.8
69661.4 34809 34809 34809 34809
69044.9 34500.4 34500.4 34500.4 34500.4
68421.8 34188.6 34188.6 34188.6 34188.6
67789.5 33872.1 33872.1 33872.1 33872.1
67145.4 33549.6 33549.6 33549.6 33549.6
66488.9 33220.9 33220.9 33220.9 33220.9
65822.8 32887.5 32887.5 32887.5 32887.5
65150.3 32551 32551 32551 32551
64469.5 32210.3 32210.3 32210.3 32210.3
63777.9 31864.1 31864.1 31864.1 31864.1
52178.6 24473 24473 24473 24473
49008.4 24292.7 24292.7 24292.7 24292.7
48119.2 24014.6 24014.6 24014.6 24014.6
47525.6 23741.3 23741.3 23741.3 23741.3
46839.7 23394.8 23394.8 23394.8 23394.8
46122.7 23035.8 23035.8 23035.8 23035.8
45413.1 22681.4 22681.4 22681.4 22681.4
44720.5 22341.1 22341.1 22341.1 22341.1
44008.4 21981.9 21981.9 21981.9 21981.9
43271.7 21609.7 21609.7 21609.7 21609.7
42528 21237.5 21237.5 21237.5 21237.5
41779.7 20863 20863 20863 20863
41019.3 20482.4 20482.4 20482.4 20482.4
40248.8 20096.7 20096.7 20096.6 20096.6
39471.3 19630.8 19630.8 19707.3 19707.3
38685.2 19312.3 19312.3 19313.9 19313.9
37889.1 18915.4 18915.4 18914.7 18914.7
37072.1 18475.2 18475.2 18505.4 18505.4
36246.9 18094.7 18094.7 18092.8 18092.8
35416.4 17679.4 17679.4 17678 17678
34579.6 17260.5 17260.5 17259.2 17259.2
33733.2 16841.2 16841.2 16707.3 16707.3
32855 16396.4 16396.4 16396.3 16396.3
31940.2 15936.5 15936.5 15936.8 15936.8
30987.6 15459.7 15459.7 15460 15460
30040.8 14986.4 14986.4 14986.7 14986.7
29096.6 14514.4 14514.4 14511.4 14511.4
28141.8 14036.5 14036.5 14036.7 14036.7
27166.5 13546.1 13546.1 13547.9 13547.9
26156.3 13040.6 13040.6 13040.9 13040.9
25046.3 12437.8 12437.8 12477.6 12477.6
23231.5 -442.255 -442.255 -9473.1 -9473.1
21802.8 10824.8 10824.8 10824.2 10824.2
20693.2 10307 10307 10324.7 10324.7
19670.3 9790.15 9790.15 9807.59 9807.59
18451.3 9166.62 9166.62 9183.52 9183.52
17009.8 8392.62 8392.62 8470.77 8470.77
15869.6 7891.54 7891.54 7351.44 7351.44
14673.6 7291.04 7291.04 7295.79 7295.79
13400 6651.52 6651.52 6656.08 6656.08
12335.5 6131.44 6131.44 6135.87 6135.87
11137.1 5518.83 5518.83 5523.14 5523.14
9972.98 4949.75 4949.75 4953.98 4953.98
8829.47 4371.39 4371.39 4375.48 4375.48
