1 0.000272576
35325.7 -0.449727
48138.9 -0.899727
54071.2 -1.34973
58852.3 -1.79973
62973.7 -2.24973
65773.8 -2.69973
67227.4 -3.14973
68305.8 -3.59973
69304.8 -4.04973
70278.2 -4.49973
71161.5 -4.94973
72007.5 -5.39973
72700.8 -5.84973
73217.8 -6.29973
73912 -6.74973
74440 -7.19973
74924.4 -7.64973
75394.2 -8.09973
75835.1 -8.54973
76268.6 -8.99973
76692.7 -9.44973
77094.3 -9.89973
77475.5 -10.3497
77839.3 -10.7997
78181.1 -11.2497
78487.9 -11.6997
78754.6 -12.1497
78981.5 -12.5997
79169.7 -13.0497
79319.7 -13.4997
79433.6 -13.9497
79515.3 -14.3997
79570.1 -14.8497
79653.7 -15.2997
79705.6 -15.7497
79723.7 -16.1997
79720.9 -16.6497
79697.6 -17.0997
79659.5 -17.5497
79611.2 -17.9997
79528.8 -18.4497
79441.3 -18.8997
79343.3 -19.3497
79235.8 -19.7997
79117.7 -20.2497
78987.2 -20.6997
78840.5 -21.1497
78676 -21.5997
78497.8 -22.0497
78302.6 -22.4997
78096.8 -22.9497
77883.4 -23.3997
77660 -23.8497
77426.1 -24.2997
77185.6 -24.7497
76935.7 -25.1997
76676.1 -25.6497
76398.2 -26.0997
76104.2 -26.5497
75798.2 -26.9997
75473.1 -27.4497
75119.7 -27.8997
74752.4 -28.3497
74368 -28.7997
73963.6 -29.2497
73518.2 -29.6997
72967.1 -30.1497
72429 -30.5997
71878.3 -31.0497
71302.8 -31.4997
70617.3 -31.9497
69893.9 -32.3997
68975.7 -32.8497
68186.8 -33.2997
67620.7 -33.7497
67139.9 -34.1997
66711.1 -34.6497
66297.3 -35.0997
65842.6 -35.5497
65127 -35.9997
64388.2 -36.4497
63668.8 -36.8997
63193.8 -37.3497
62740.3 -37.7997
62281.3 -38.2497
61503 -38.6997
61154.5 -39.1497
60749.9 -39.5997
60359.5 -40.0497
60063.2 -40.4997
59746.5 -40.9497
59348.3 -41.3997
58808.7 -41.8497
58262.1 -42.2997
57868.6 -42.7497
57441.7 -43.1997
57034.4 -43.6497
56695.8 -44.0997
56345.7 -44.5497
55979.8 -44.9997
