1 -7.95704e-05
47636.5 -0.15008
96517 -0.30008
137346 -0.45008
163896 -0.60008
184236 -0.75008
202630 -0.90008
216879 -1.05008
221728 -1.20008
226391 -1.35008
230465 -1.50008
234380 -1.65008
237965 -1.80008
241285 -1.95008
244338 -2.10008
247384 -2.25008
249881 -2.40008
251948 -2.55008
253801 -2.70008
254929 -2.85008
255789 -3.00008
256538 -3.15008
257155 -3.30008
257573 -3.45008
257981 -3.60008
258216 -3.75008
258291 -3.90008
258279 -4.05008
258189 -4.20008
258050 -4.35008
257867 -4.50008
257640 -4.65008
257370 -4.80008
257054 -4.95008
256692 -5.10008
256280 -5.25008
255826 -5.40008
255349 -5.55008
254851 -5.70008
254332 -5.85008
253788 -6.00008
253227 -6.15008
252650 -6.30008
252056 -6.45008
251443 -6.60008
250809 -6.75008
250154 -6.90008
249473 -7.05008
248767 -7.20008
248050 -7.35008
247327 -7.50008
246599 -7.65008
245864 -7.80008
245122 -7.95008
244375 -8.10008
243622 -8.25008
242862 -8.40008
242095 -8.55008
241319 -8.70008
240696 -8.85008
239895 -9.00008
239080 -9.15008
238254 -9.30008
237411 -9.45008
236554 -9.60008
235680 -9.75008
234783 -9.90008
233874 -10.0501
232961 -10.2001
232044 -10.3501
231122 -10.5001
230195 -10.6501
229263 -10.8001
228325 -10.9501
227381 -11.1001
226430 -11.2501
225470 -11.4001
224500 -11.5501
223518 -11.7001
222519 -11.8501
221497 -12.0001
220440 -12.1501
219321 -12.3001
218043 -12.4501
216183 -12.6001
214186 -12.7501
212289 -12.9001
210515 -13.0501
208837 -13.2001
207214 -13.3501
205589 -13.5001
203777 -13.6501
200777 -13.8001
196700 -13.9501
192615 -14.1001
189024 -14.2501
186991 -14.4001
185188 -14.5501
182867 -14.7001
178928 -14.8501
175144 -15.0001
