1 1.27683e-16
11435.4 -0.285714
24146.9 -0.571429
34576.3 -0.857143
39901.5 -1.14286
42404.9 -1.42857
43957.2 -1.71429
45176.2 -2
46207.3 -2.28571
47098.8 -2.57143
47862.4 -2.85714
48454 -3.14286
48780.4 -3.42857
49665.2 -3.71429
50210.8 -4
50573.3 -4.28571
50829.8 -4.57143
51003.3 -4.85714
51105 -5.14286
51143 -5.42857
51126.9 -5.71429
51067.3 -6
50971.9 -6.28571
50851.2 -6.57143
50709.9 -6.85714
50556.2 -7.14286
50389.9 -7.42857
50219.4 -7.71429
50040.2 -8
49856 -8.28571
49664.4 -8.57143
49406.6 -8.85714
49821.1 -9.14286
50132.3 -9.42857
49008 -9.71429
48576.7 -10
48335.2 -10.2857
48137.3 -10.5714
47944.4 -10.8571
47750.8 -11.1429
47556.4 -11.4286
47358 -11.7143
47153 -12
46941.7 -12.2857
46724.8 -12.5714
38601.4 -12.8571
33791.9 -13.1429
32585.2 -13.4286
32105.4 -13.7143
31799.3 -14
31536.9 -14.2857
31284.1 -14.5714
31030.8 -14.8571
30776.1 -15.1429
30520.6 -15.4286
30262.8 -15.7143
30003 -16
29740.2 -16.2857
29475.2 -16.5714
29208.5 -16.8571
28940.4 -17.1429
28671.3 -17.4286
28401.3 -17.7143
28130.1 -18
27857.9 -18.2857
27584.6 -18.5714
27310.3 -18.8571
27035.1 -19.1429
26759 -19.4286
26482.3 -19.7143
26204.8 -20
25926.9 -20.2857
25648.5 -20.5714
25369.7 -20.8571
25090.5 -21.1429
24811.1 -21.4286
24531.5 -21.7143
24251.7 -22
23971.6 -22.2857
23691.3 -22.5714
23410.7 -22.8571
23129.7 -23.1429
22848.5 -23.4286
22566.9 -23.7143
22285 -24
22002.6 -24.2857
21719.9 -24.5714
21436.9 -24.8571
21153.5 -25.1429
20869.8 -25.4286
20585.8 -25.7143
20301.6 -26
20017.2 -26.2857
19732.6 -26.5714
19447.8 -26.8571
19162.7 -27.1429
18877.3 -27.4286
18590.1 -27.7143
18306.1 -28
18020.5 -28.2857
17734.1 -28.5714
17447.2 -28.8571
17159.6 -29.1429
16869.9 -29.4286
16582.4 -29.7143
16294.6 -30
16004.6 -30.2857
15714.2 -30.5714
15422.9 -30.8571
15130.8 -31.1429
14838.5 -31.4286
14547 -31.7143
14254.3 -32
13961.4 -32.2857
13667.5 -32.5714
13371.9 -32.8571
13074.6 -33.1429
12778.1 -33.4286
12480.1 -33.7143
12182.1 -34
11882.4 -34.2857
11579.2 -34.5714
11278 -34.8571
