1 8.30852e-05
131773 -0.199917
170024 -0.399917
195597 -0.599917
204206 -0.799917
209909 -0.999917
214843 -1.19992
219222 -1.39992
223311 -1.59992
227006 -1.79992
230455 -1.99992
233309 -2.19992
235509 -2.39992
237219 -2.59992
238324 -2.79992
238971 -2.99992
239427 -3.19992
239733 -3.39992
239852 -3.59992
239767 -3.79992
239586 -3.99992
239317 -4.19992
238947 -4.39992
238451 -4.59992
237794 -4.79992
237064 -4.99992
236292 -5.19992
235472 -5.39992
234593 -5.59992
233641 -5.79992
232578 -5.99992
231354 -6.19992
230077 -6.39992
228777 -6.59992
227449 -6.79992
226084 -6.99992
224662 -7.19992
223137 -7.39992
221370 -7.59992
219262 -7.79992
217088 -7.99992
214837 -8.19992
212465 -8.39992
209745 -8.59992
205910 -8.79992
202050 -8.99992
198234 -9.19992
194674 -9.39992
189267 -9.59992
185130 -9.79992
182545 -9.99992
179137 -10.1999
172877 -10.3999
170011 -10.5999
167391 -10.7999
164618 -10.9999
159755 -11.1999
155501 -11.3999
153904 -11.5999
152442 -11.7999
150603 -11.9999
