-1.1694 -1e-05 -1e-05 -1e-05 -1e-05
-2.33734 -2e-05 -2e-05 -2e-05 -2e-05
-3.5038 -3e-05 -3e-05 -3e-05 -3e-05
-4.66879 -4e-05 -4e-05 -4e-05 -4e-05
-5.83228 -5e-05 -5e-05 -5e-05 -5e-05
-6.99427 -6e-05 -6e-05 -6e-05 -6e-05
-8.15475 -7e-05 -7e-05 -7e-05 -7e-05
-9.31371 -8e-05 -8e-05 -8e-05 -8e-05
-10.4711 -9e-05 -9e-05 -9e-05 -9e-05
-11.627 -0.0001 -0.0001 -0.0001 -0.0001
-12.7813 -0.00011 -0.00011 -0.00011 -0.00011
-13.9341 -0.00012 -0.00012 -0.00012 -0.00012
-15.0853 -0.00013 -0.00013 -0.00013 -0.00013
-16.2349 -0.00014 -0.00014 -0.00014 -0.00014
-17.3829 -0.00015 -0.00015 -0.00015 -0.00015
-18.5293 -0.00016 -0.00016 -0.00016 -0.00016
-19.674 -0.00017 -0.00017 -0.00017 -0.00017
-20.8171 -0.00018 -0.00018 -0.00018 -0.00018
-21.9586 -0.00019 -0.00019 -0.00019 -0.00019
-23.0984 -0.0002 -0.0002 -0.0002 -0.0002
-24.2365 -0.00021 -0.00021 -0.00021 -0.00021
-25.373 -0.00022 -0.00022 -0.00022 -0.00022
-26.5077 -0.00023 -0.00023 -0.00023 -0.00023
-27.6408 -0.00024 -0.00024 -0.00024 -0.00024
-28.7721 -0.00025 -0.00025 -0.00025 -0.00025
-29.9017 -0.00026 -0.00026 -0.00026 -0.00026
-31.0295 -0.00027 -0.00027 -0.00027 -0.00027
-32.1556 -0.00028 -0.00028 -0.00028 -0.00028
-33.2798 -0.00029 -0.00029 -0.00029 -0.00029
-34.4023 -0.0003 -0.0003 -0.0003 -0.0003
-35.523 -0.00031 -0.00031 -0.00031 -0.00031
-36.6419 -0.00032 -0.00032 -0.00032 -0.00032
-37.759 -0.00033 -0.00033 -0.00033 -0.00033
-38.8742 -0.00034 -0.00034 -0.00034 -0.00034
-39.9875 -0.00035 -0.00035 -0.00035 -0.00035
-41.099 -0.00036 -0.00036 -0.00036 -0.00036
-42.2086 -0.00037 -0.00037 -0.00037 -0.00037
-43.3163 -0.00038 -0.00038 -0.00038 -0.00038
-44.4221 -0.00039 -0.00039 -0.00039 -0.00039
-45.526 -0.0004 -0.0004 -0.0004 -0.0004
-46.6279 -0.00041 -0.00041 -0.00041 -0.00041
-47.7279 -0.00042 -0.00042 -0.00042 -0.00042
-48.8259 -0.00043 -0.00043 -0.00043 -0.00043
-49.922 -0.00044 -0.00044 -0.00044 -0.00044
-51.016 -0.00045 -0.00045 -0.00045 -0.00045
-52.1081 -0.00046 -0.00046 -0.00046 -0.00046
-53.1981 -0.00047 -0.00047 -0.00047 -0.00047
-54.2861 -0.00048 -0.00048 -0.00048 -0.00048
-55.3721 -0.00049 -0.00049 -0.00049 -0.00049
-56.456 -0.0005 -0.0005 -0.0005 -0.0005
-57.5378 -0.00051 -0.00051 -0.00051 -0.00051
-58.6175 -0.00052 -0.00052 -0.00052 -0.00052
-59.6951 -0.00053 -0.00053 -0.00053 -0.00053
-60.7706 -0.00054 -0.00054 -0.00054 -0.00054
-61.844 -0.00055 -0.00055 -0.00055 -0.00055
-62.9152 -0.00056 -0.00056 -0.00056 -0.00056
-63.9843 -0.00057 -0.00057 -0.00057 -0.00057
-65.0512 -0.00058 -0.00058 -0.00058 -0.00058
-66.1159 -0.00059 -0.00059 -0.00059 -0.00059
-67.1785 -0.0006 -0.0006 -0.0006 -0.0006
-68.2388 -0.00061 -0.00061 -0.00061 -0.00061
-69.2969 -0.00062 -0.00062 -0.00062 -0.00062
-70.3527 -0.00063 -0.00063 -0.00063 -0.00063
-71.4063 -0.00064 -0.00064 -0.00064 -0.00064
-72.4576 -0.00065 -0.00065 -0.00065 -0.00065
-73.5066 -0.00066 -0.00066 -0.00066 -0.00066
-74.5534 -0.00067 -0.00067 -0.00067 -0.00067
-75.5978 -0.00068 -0.00068 -0.00068 -0.00068
-76.6399 -0.00069 -0.00069 -0.00069 -0.00069
-77.6797 -0.0007 -0.0007 -0.0007 -0.0007
-78.7171 -0.00071 -0.00071 -0.00071 -0.00071
-79.7521 -0.00072 -0.00072 -0.00072 -0.00072
-80.7848 -0.00073 -0.00073 -0.00073 -0.00073
-81.8151 -0.00074 -0.00074 -0.00074 -0.00074
-82.843 -0.00075 -0.00075 -0.00075 -0.00075
-83.8684 -0.00076 -0.00076 -0.00076 -0.00076
-84.8914 -0.00077 -0.00077 -0.00077 -0.00077
-85.912 -0.00078 -0.00078 -0.00078 -0.00078
-86.9301 -0.00079 -0.00079 -0.00079 -0.00079
-87.9458 -0.0008 -0.0008 -0.0008 -0.0008
-88.9589 -0.00081 -0.00081 -0.00081 -0.00081
-89.9696 -0.00082 -0.00082 -0.00082 -0.00082
-90.9777 -0.00083 -0.00083 -0.00083 -0.00083
-91.9833 -0.00084 -0.00084 -0.00084 -0.00084
-92.9864 -0.00085 -0.00085 -0.00085 -0.00085
-93.9869 -0.00086 -0.00086 -0.00086 -0.00086
-94.9849 -0.00087 -0.00087 -0.00087 -0.00087
-95.9803 -0.00088 -0.00088 -0.00088 -0.00088
-96.9731 -0.00089 -0.00089 -0.00089 -0.00089
-97.9632 -0.0009 -0.0009 -0.0009 -0.0009
-98.9508 -0.00091 -0.00091 -0.00091 -0.00091
-99.9357 -0.00092 -0.00092 -0.00092 -0.00092
-100.918 -0.00093 -0.00093 -0.00093 -0.00093
-101.898 -0.00094 -0.00094 -0.00094 -0.00094
-102.875 -0.00095 -0.00095 -0.00095 -0.00095
-103.849 -0.00096 -0.00096 -0.00096 -0.00096
-104.82 -0.00097 -0.00097 -0.00097 -0.00097
-105.789 -0.00098 -0.00098 -0.00098 -0.00098
-106.756 -0.00099 -0.00099 -0.00099 -0.00099
-107.719 -0.001 -0.001 -0.001 -0.001
-108.68 -0.00101 -0.00101 -0.00101 -0.00101
-109.638 -0.00102 -0.00102 -0.00102 -0.00102
-110.593 -0.00103 -0.00103 -0.00103 -0.00103
-111.545 -0.00104 -0.00104 -0.00104 -0.00104
-112.495 -0.00105 -0.00105 -0.00105 -0.00105
-113.442 -0.00106 -0.00106 -0.00106 -0.00106
-114.386 -0.00107 -0.00107 -0.00107 -0.00107
-115.327 -0.00108 -0.00108 -0.00108 -0.00108
-116.265 -0.00109 -0.00109 -0.00109 -0.00109
-117.2 -0.0011 -0.0011 -0.0011 -0.0011
-118.133 -0.00111 -0.00111 -0.00111 -0.00111
-119.063 -0.00112 -0.00112 -0.00112 -0.00112
-119.99 -0.00113 -0.00113 -0.00113 -0.00113
-120.913 -0.00114 -0.00114 -0.00114 -0.00114
-121.835 -0.00115 -0.00115 -0.00115 -0.00115
-122.753 -0.00116 -0.00116 -0.00116 -0.00116
-123.668 -0.00117 -0.00117 -0.00117 -0.00117
-124.58 -0.00118 -0.00118 -0.00118 -0.00118
-125.489 -0.00119 -0.00119 -0.00119 -0.00119
-126.396 -0.0012 -0.0012 -0.0012 -0.0012
-127.299 -0.00121 -0.00121 -0.00121 -0.00121
-128.199 -0.00122 -0.00122 -0.00122 -0.00122
-129.097 -0.00123 -0.00123 -0.00123 -0.00123
-129.991 -0.00124 -0.00124 -0.00124 -0.00124
-130.882 -0.00125 -0.00125 -0.00125 -0.00125
-131.771 -0.00126 -0.00126 -0.00126 -0.00126
-132.656 -0.00127 -0.00127 -0.00127 -0.00127
-133.538 -0.00128 -0.00128 -0.00128 -0.00128
-134.417 -0.00129 -0.00129 -0.00129 -0.00129
-135.293 -0.0013 -0.0013 -0.0013 -0.0013
-136.166 -0.00131 -0.00131 -0.00131 -0.00131
-137.036 -0.00132 -0.00132 -0.00132 -0.00132
-137.903 -0.00133 -0.00133 -0.00133 -0.00133
-138.767 -0.00134 -0.00134 -0.00134 -0.00134
-139.627 -0.00135 -0.00135 -0.00135 -0.00135
-140.485 -0.00136 -0.00136 -0.00136 -0.00136
-141.339 -0.00137 -0.00137 -0.00137 -0.00137
-142.19 -0.00138 -0.00138 -0.00138 -0.00138
-143.038 -0.00139 -0.00139 -0.00139 -0.00139
-143.883 -0.0014 -0.0014 -0.0014 -0.0014
-144.725 -0.00141 -0.00141 -0.00141 -0.00141
-145.563 -0.00142 -0.00142 -0.00142 -0.00142
-146.399 -0.00143 -0.00143 -0.00143 -0.00143
-147.231 -0.00144 -0.00144 -0.00144 -0.00144
-148.06 -0.00145 -0.00145 -0.00145 -0.00145
-148.885 -0.00146 -0.00146 -0.00146 -0.00146
-149.708 -0.00147 -0.00147 -0.00147 -0.00147
-150.527 -0.00148 -0.00148 -0.00148 -0.00148
-151.343 -0.00149 -0.00149 -0.00149 -0.00149
-152.155 -0.0015 -0.0015 -0.0015 -0.0015
-152.965 -0.00151 -0.00151 -0.00151 -0.00151
-153.771 -0.00152 -0.00152 -0.00152 -0.00152
-154.574 -0.00153 -0.00153 -0.00153 -0.00153
-155.373 -0.00154 -0.00154 -0.00154 -0.00154
-156.17 -0.00155 -0.00155 -0.00155 -0.00155
-156.963 -0.00156 -0.00156 -0.00156 -0.00156
-157.752 -0.00157 -0.00157 -0.00157 -0.00157
-158.539 -0.00158 -0.00158 -0.00158 -0.00158
-159.322 -0.00159 -0.00159 -0.00159 -0.00159
-160.101 -0.0016 -0.0016 -0.0016 -0.0016
-160.878 -0.00161 -0.00161 -0.00161 -0.00161
-161.651 -0.00162 -0.00162 -0.00162 -0.00162
-162.42 -0.00163 -0.00163 -0.00163 -0.00163
-163.187 -0.00164 -0.00164 -0.00164 -0.00164
-163.95 -0.00165 -0.00165 -0.00165 -0.00165
-164.709 -0.00166 -0.00166 -0.00166 -0.00166
-165.465 -0.00167 -0.00167 -0.00167 -0.00167
-166.218 -0.00168 -0.00168 -0.00168 -0.00168
-166.967 -0.00169 -0.00169 -0.00169 -0.00169
-167.713 -0.0017 -0.0017 -0.0017 -0.0017
-168.456 -0.00171 -0.00171 -0.00171 -0.00171
-169.195 -0.00172 -0.00172 -0.00172 -0.00172
-169.93 -0.00173 -0.00173 -0.00173 -0.00173
-170.663 -0.00174 -0.00174 -0.00174 -0.00174
-171.391 -0.00175 -0.00175 -0.00175 -0.00175
-172.117 -0.00176 -0.00176 -0.00176 -0.00176
-172.839 -0.00177 -0.00177 -0.00177 -0.00177
-173.557 -0.00178 -0.00178 -0.00178 -0.00178
-174.272 -0.00179 -0.00179 -0.00179 -0.00179
-174.983 -0.0018 -0.0018 -0.0018 -0.0018
-175.691 -0.00181 -0.00181 -0.00181 -0.00181
-176.396 -0.00182 -0.00182 -0.00182 -0.00182
-177.097 -0.00183 -0.00183 -0.00183 -0.00183
-177.794 -0.00184 -0.00184 -0.00184 -0.00184
-178.488 -0.00185 -0.00185 -0.00185 -0.00185
-179.179 -0.00186 -0.00186 -0.00186 -0.00186
-179.866 -0.00187 -0.00187 -0.00187 -0.00187
-180.549 -0.00188 -0.00188 -0.00188 -0.00188
-181.229 -0.00189 -0.00189 -0.00189 -0.00189
-181.906 -0.0019 -0.0019 -0.0019 -0.0019
-182.579 -0.00191 -0.00191 -0.00191 -0.00191
-183.248 -0.00192 -0.00192 -0.00192 -0.00192
-183.914 -0.00193 -0.00193 -0.00193 -0.00193
-184.576 -0.00194 -0.00194 -0.00194 -0.00194
-185.235 -0.00195 -0.00195 -0.00195 -0.00195
-185.89 -0.00196 -0.00196 -0.00196 -0.00196
-186.541 -0.00197 -0.00197 -0.00197 -0.00197
-187.189 -0.00198 -0.00198 -0.00198 -0.00198
-187.834 -0.00199 -0.00199 -0.00199 -0.00199
-188.474 -0.002 -0.002 -0.002 -0.002
-189.112 -0.00201 -0.00201 -0.00201 -0.00201
-189.745 -0.00202 -0.00202 -0.00202 -0.00202
-190.375 -0.00203 -0.00203 -0.00203 -0.00203
-191.002 -0.00204 -0.00204 -0.00204 -0.00204
-191.624 -0.00205 -0.00205 -0.00205 -0.00205
-192.244 -0.00206 -0.00206 -0.00206 -0.00206
-192.859 -0.00207 -0.00207 -0.00207 -0.00207
-193.471 -0.00208 -0.00208 -0.00208 -0.00208
-194.079 -0.00209 -0.00209 -0.00209 -0.00209
-194.684 -0.0021 -0.0021 -0.0021 -0.0021
-195.285 -0.00211 -0.00211 -0.00211 -0.00211
-195.883 -0.00212 -0.00212 -0.00212 -0.00212
-196.476 -0.00213 -0.00213 -0.00213 -0.00213
-197.066 -0.00214 -0.00214 -0.00214 -0.00214
-197.653 -0.00215 -0.00215 -0.00215 -0.00215
-198.236 -0.00216 -0.00216 -0.00216 -0.00216
-198.815 -0.00217 -0.00217 -0.00217 -0.00217
-199.39 -0.00218 -0.00218 -0.00218 -0.00218
-199.962 -0.00219 -0.00219 -0.00219 -0.00219
-200.53 -0.0022 -0.0022 -0.0022 -0.0022
-201.094 -0.00221 -0.00221 -0.00221 -0.00221
-201.655 -0.00222 -0.00222 -0.00222 -0.00222
-202.212 -0.00223 -0.00223 -0.00223 -0.00223
-202.765 -0.00224 -0.00224 -0.00224 -0.00224
-203.315 -0.00225 -0.00225 -0.00225 -0.00225
-203.861 -0.00226 -0.00226 -0.00226 -0.00226
-204.403 -0.00227 -0.00227 -0.00227 -0.00227
-204.942 -0.00228 -0.00228 -0.00228 -0.00228
-205.476 -0.00229 -0.00229 -0.00229 -0.00229
-206.007 -0.0023 -0.0023 -0.0023 -0.0023
-206.535 -0.00231 -0.00231 -0.00231 -0.00231
-207.058 -0.00232 -0.00232 -0.00232 -0.00232
-207.578 -0.00233 -0.00233 -0.00233 -0.00233
-208.094 -0.00234 -0.00234 -0.00234 -0.00234
-208.606 -0.00235 -0.00235 -0.00235 -0.00235
-209.115 -0.00236 -0.00236 -0.00236 -0.00236
-209.62 -0.00237 -0.00237 -0.00237 -0.00237
-210.121 -0.00238 -0.00238 -0.00238 -0.00238
-210.618 -0.00239 -0.00239 -0.00239 -0.00239
-211.111 -0.0024 -0.0024 -0.0024 -0.0024
-211.601 -0.00241 -0.00241 -0.00241 -0.00241
-212.087 -0.00242 -0.00242 -0.00242 -0.00242
-212.569 -0.00243 -0.00243 -0.00243 -0.00243
-213.047 -0.00244 -0.00244 -0.00244 -0.00244
-213.522 -0.00245 -0.00245 -0.00245 -0.00245
-213.992 -0.00246 -0.00246 -0.00246 -0.00246
-214.459 -0.00247 -0.00247 -0.00247 -0.00247
-214.922 -0.00248 -0.00248 -0.00248 -0.00248
-215.381 -0.00249 -0.00249 -0.00249 -0.00249
-215.837 -0.0025 -0.0025 -0.0025 -0.0025
-216.288 -0.00251 -0.00251 -0.00251 -0.00251
-216.736 -0.00252 -0.00252 -0.00252 -0.00252
-217.179 -0.00253 -0.00253 -0.00253 -0.00253
-217.619 -0.00254 -0.00254 -0.00254 -0.00254
-218.055 -0.00255 -0.00255 -0.00255 -0.00255
-218.487 -0.00256 -0.00256 -0.00256 -0.00256
-218.916 -0.00257 -0.00257 -0.00257 -0.00257
-219.34 -0.00258 -0.00258 -0.00258 -0.00258
-219.76 -0.00259 -0.00259 -0.00259 -0.00259
-220.177 -0.0026 -0.0026 -0.0026 -0.0026
-220.59 -0.00261 -0.00261 -0.00261 -0.00261
-220.998 -0.00262 -0.00262 -0.00262 -0.00262
-221.403 -0.00263 -0.00263 -0.00263 -0.00263
-221.804 -0.00264 -0.00264 -0.00264 -0.00264
-222.201 -0.00265 -0.00265 -0.00265 -0.00265
-222.594 -0.00266 -0.00266 -0.00266 -0.00266
-222.983 -0.00267 -0.00267 -0.00267 -0.00267
-223.368 -0.00268 -0.00268 -0.00268 -0.00268
-223.749 -0.00269 -0.00269 -0.00269 -0.00269
-224.125 -0.0027 -0.0027 -0.0027 -0.0027
-224.498 -0.00271 -0.00271 -0.00271 -0.00271
-224.867 -0.00272 -0.00272 -0.00272 -0.00272
-225.232 -0.00273 -0.00273 -0.00273 -0.00273
-225.593 -0.00274 -0.00274 -0.00274 -0.00274
-225.95 -0.00275 -0.00275 -0.00275 -0.00275
-226.303 -0.00276 -0.00276 -0.00276 -0.00276
-226.651 -0.00277 -0.00277 -0.00277 -0.00277
-226.996 -0.00278 -0.00278 -0.00278 -0.00278
-227.337 -0.00279 -0.00279 -0.00279 -0.00279
-227.673 -0.0028 -0.0028 -0.0028 -0.0028
-228.005 -0.00281 -0.00281 -0.00281 -0.00281
-228.333 -0.00282 -0.00282 -0.00282 -0.00282
-228.657 -0.00283 -0.00283 -0.00283 -0.00283
-228.977 -0.00284 -0.00284 -0.00284 -0.00284
-229.293 -0.00285 -0.00285 -0.00285 -0.00285
-229.605 -0.00286 -0.00286 -0.00286 -0.00286
-229.912 -0.00287 -0.00287 -0.00287 -0.00287
-230.215 -0.00288 -0.00288 -0.00288 -0.00288
-230.514 -0.00289 -0.00289 -0.00289 -0.00289
-230.808 -0.0029 -0.0029 -0.0029 -0.0029
-231.099 -0.00291 -0.00291 -0.00291 -0.00291
-231.385 -0.00292 -0.00292 -0.00292 -0.00292
-231.667 -0.00293 -0.00293 -0.00293 -0.00293
-231.944 -0.00294 -0.00294 -0.00294 -0.00294
-232.218 -0.00295 -0.00295 -0.00295 -0.00295
-232.486 -0.00296 -0.00296 -0.00296 -0.00296
-232.751 -0.00297 -0.00297 -0.00297 -0.00297
-233.011 -0.00298 -0.00298 -0.00298 -0.00298
-233.267 -0.00299 -0.00299 -0.00299 -0.00299
-233.518 -0.003 -0.003 -0.003 -0.003
-233.765 -0.00301 -0.00301 -0.00301 -0.00301
-234.008 -0.00302 -0.00302 -0.00302 -0.00302
-234.246 -0.00303 -0.00303 -0.00303 -0.00303
-234.479 -0.00304 -0.00304 -0.00304 -0.00304
-234.708 -0.00305 -0.00305 -0.00305 -0.00305
-234.933 -0.00306 -0.00306 -0.00306 -0.00306
-235.153 -0.00307 -0.00307 -0.00307 -0.00307
-235.368 -0.00308 -0.00308 -0.00308 -0.00308
-235.579 -0.00309 -0.00309 -0.00309 -0.00309
-235.786 -0.0031 -0.0031 -0.0031 -0.0031
-235.987 -0.00311 -0.00311 -0.00311 -0.00311
-236.184 -0.00312 -0.00312 -0.00312 -0.00312
-236.377 -0.00313 -0.00313 -0.00313 -0.00313
-236.564 -0.00314 -0.00314 -0.00314 -0.00314
-236.747 -0.00315 -0.00315 -0.00315 -0.00315
-236.926 -0.00316 -0.00316 -0.00316 -0.00316
-237.099 -0.00317 -0.00317 -0.00317 -0.00317
-237.268 -0.00318 -0.00318 -0.00318 -0.00318
-237.432 -0.00319 -0.00319 -0.00319 -0.00319
-237.591 -0.0032 -0.0032 -0.0032 -0.0032
-237.745 -0.00321 -0.00321 -0.00321 -0.00321
-237.895 -0.00322 -0.00322 -0.00322 -0.00322
-238.039 -0.00323 -0.00323 -0.00323 -0.00323
-238.179 -0.00324 -0.00324 -0.00324 -0.00324
-238.314 -0.00325 -0.00325 -0.00325 -0.00325
-238.443 -0.00326 -0.00326 -0.00326 -0.00326
-238.568 -0.00327 -0.00327 -0.00327 -0.00327
-238.688 -0.00328 -0.00328 -0.00328 -0.00328
-238.802 -0.00329 -0.00329 -0.00329 -0.00329
-238.912 -0.0033 -0.0033 -0.0033 -0.0033
-239.017 -0.00331 -0.00331 -0.00331 -0.00331
-239.116 -0.00332 -0.00332 -0.00332 -0.00332
-239.21 -0.00333 -0.00333 -0.00333 -0.00333
-239.299 -0.00334 -0.00334 -0.00334 -0.00334
-239.383 -0.00335 -0.00335 -0.00335 -0.00335
-239.462 -0.00336 -0.00336 -0.00336 -0.00336
-239.535 -0.00337 -0.00337 -0.00337 -0.00337
-239.603 -0.00338 -0.00338 -0.00338 -0.00338
-239.666 -0.00339 -0.00339 -0.00339 -0.00339
-239.724 -0.0034 -0.0034 -0.0034 -0.0034
-239.776 -0.00341 -0.00341 -0.00341 -0.00341
-239.823 -0.00342 -0.00342 -0.00342 -0.00342
-239.864 -0.00343 -0.00343 -0.00343 -0.00343
-239.9 -0.00344 -0.00344 -0.00344 -0.00344
-239.93 -0.00345 -0.00345 -0.00345 -0.00345
-239.955 -0.00346 -0.00346 -0.00346 -0.00346
-239.975 -0.00347 -0.00347 -0.00347 -0.00347
-239.989 -0.00348 -0.00348 -0.00348 -0.00348
-239.997 -0.00349 -0.00349 -0.00349 -0.00349
-240 -0.0035 -0.0035 -0.0035 -0.0035
-239.964 -0.00351 -0.00351 -0.00351 -0.00351
-239.923 -0.00352 -0.00352 -0.00352 -0.00352
-239.878 -0.00353 -0.00353 -0.00353 -0.00353
-239.827 -0.00354 -0.00354 -0.00354 -0.00354
-239.772 -0.00355 -0.00355 -0.00355 -0.00355
-239.713 -0.00356 -0.00356 -0.00356 -0.00356
-239.648 -0.00357 -0.00357 -0.00357 -0.00357
-239.579 -0.00358 -0.00358 -0.00358 -0.00358
-239.505 -0.00359 -0.00359 -0.00359 -0.00359
-239.426 -0.0036 -0.0036 -0.0036 -0.0036
-239.342 -0.00361 -0.00361 -0.00361 -0.00361
-239.254 -0.00362 -0.00362 -0.00362 -0.00362
-239.161 -0.00363 -0.00363 -0.00363 -0.00363
-239.067 -0.00364 -0.00364 -0.00364 -0.00364
-238.971 -0.00365 -0.00365 -0.00365 -0.00365
-238.874 -0.00366 -0.00366 -0.00366 -0.00366
-238.776 -0.00367 -0.00367 -0.00367 -0.00367
-238.676 -0.00368 -0.00368 -0.00368 -0.00368
-238.575 -0.00369 -0.00369 -0.00369 -0.00369
-238.472 -0.0037 -0.0037 -0.0037 -0.0037
-238.368 -0.00371 -0.00371 -0.00371 -0.00371
-238.262 -0.00372 -0.00372 -0.00372 -0.00372
-238.155 -0.00373 -0.00373 -0.00373 -0.00373
-238.047 -0.00374 -0.00374 -0.00374 -0.00374
-237.937 -0.00375 -0.00375 -0.00375 -0.00375
-237.826 -0.00376 -0.00376 -0.00376 -0.00376
-237.714 -0.00377 -0.00377 -0.00377 -0.00377
-237.6 -0.00378 -0.00378 -0.00378 -0.00378
-237.485 -0.00379 -0.00379 -0.00379 -0.00379
-237.369 -0.0038 -0.0038 -0.0038 -0.0038
-237.251 -0.00381 -0.00381 -0.00381 -0.00381
-237.132 -0.00382 -0.00382 -0.00382 -0.00382
-237.012 -0.00383 -0.00383 -0.00383 -0.00383
-236.89 -0.00384 -0.00384 -0.00384 -0.00384
-236.768 -0.00385 -0.00385 -0.00385 -0.00385
-236.644 -0.00386 -0.00386 -0.00386 -0.00386
-236.519 -0.00387 -0.00387 -0.00387 -0.00387
-236.392 -0.00388 -0.00388 -0.00388 -0.00388
-236.264 -0.00389 -0.00389 -0.00389 -0.00389
-236.136 -0.0039 -0.0039 -0.0039 -0.0039
-236.006 -0.00391 -0.00391 -0.00391 -0.00391
-235.874 -0.00392 -0.00392 -0.00392 -0.00392
-235.742 -0.00393 -0.00393 -0.00393 -0.00393
-235.608 -0.00394 -0.00394 -0.00394 -0.00394
-235.474 -0.00395 -0.00395 -0.00395 -0.00395
-235.338 -0.00396 -0.00396 -0.00396 -0.00396
-235.201 -0.00397 -0.00397 -0.00397 -0.00397
-235.062 -0.00398 -0.00398 -0.00398 -0.00398
-234.923 -0.00399 -0.00399 -0.00399 -0.00399
-234.783 -0.004 -0.004 -0.004 -0.004
-234.641 -0.00401 -0.00401 -0.00401 -0.00401
-234.499 -0.00402 -0.00402 -0.00402 -0.00402
-234.355 -0.00403 -0.00403 -0.00403 -0.00403
-234.211 -0.00404 -0.00404 -0.00404 -0.00404
-234.065 -0.00405 -0.00405 -0.00405 -0.00405
-233.918 -0.00406 -0.00406 -0.00406 -0.00406
-233.77 -0.00407 -0.00407 -0.00407 -0.00407
-233.621 -0.00408 -0.00408 -0.00408 -0.00408
-233.471 -0.00409 -0.00409 -0.00409 -0.00409
-233.321 -0.0041 -0.0041 -0.0041 -0.0041
-233.169 -0.00411 -0.00411 -0.00411 -0.00411
-233.016 -0.00412 -0.00412 -0.00412 -0.00412
-232.862 -0.00413 -0.00413 -0.00413 -0.00413
-232.707 -0.00414 -0.00414 -0.00414 -0.00414
-232.552 -0.00415 -0.00415 -0.00415 -0.00415
-232.395 -0.00416 -0.00416 -0.00416 -0.00416
-232.237 -0.00417 -0.00417 -0.00417 -0.00417
-232.079 -0.00418 -0.00418 -0.00418 -0.00418
-231.919 -0.00419 -0.00419 -0.00419 -0.00419
-231.759 -0.0042 -0.0042 -0.0042 -0.0042
-231.598 -0.00421 -0.00421 -0.00421 -0.00421
-231.435 -0.00422 -0.00422 -0.00422 -0.00422
-231.272 -0.00423 -0.00423 -0.00423 -0.00423
-231.108 -0.00424 -0.00424 -0.00424 -0.00424
-230.944 -0.00425 -0.00425 -0.00425 -0.00425
-230.778 -0.00426 -0.00426 -0.00426 -0.00426
-230.612 -0.00427 -0.00427 -0.00427 -0.00427
-230.444 -0.00428 -0.00428 -0.00428 -0.00428
-230.276 -0.00429 -0.00429 -0.00429 -0.00429
-230.107 -0.0043 -0.0043 -0.0043 -0.0043
-229.938 -0.00431 -0.00431 -0.00431 -0.00431
-229.767 -0.00432 -0.00432 -0.00432 -0.00432
-229.596 -0.00433 -0.00433 -0.00433 -0.00433
-229.424 -0.00434 -0.00434 -0.00434 -0.00434
-229.251 -0.00435 -0.00435 -0.00435 -0.00435
-229.077 -0.00436 -0.00436 -0.00436 -0.00436
-228.903 -0.00437 -0.00437 -0.00437 -0.00437
-228.728 -0.00438 -0.00438 -0.00438 -0.00438
-228.552 -0.00439 -0.00439 -0.00439 -0.00439
-228.375 -0.0044 -0.0044 -0.0044 -0.0044
-228.198 -0.00441 -0.00441 -0.00441 -0.00441
-228.02 -0.00442 -0.00442 -0.00442 -0.00442
-227.841 -0.00443 -0.00443 -0.00443 -0.00443
-227.662 -0.00444 -0.00444 -0.00444 -0.00444
-227.482 -0.00445 -0.00445 -0.00445 -0.00445
-227.301 -0.00446 -0.00446 -0.00446 -0.00446
-227.12 -0.00447 -0.00447 -0.00447 -0.00447
-226.938 -0.00448 -0.00448 -0.00448 -0.00448
-226.755 -0.00449 -0.00449 -0.00449 -0.00449
-226.572 -0.0045 -0.0045 -0.0045 -0.0045
-226.388 -0.00451 -0.00451 -0.00451 -0.00451
-226.203 -0.00452 -0.00452 -0.00452 -0.00452
-226.018 -0.00453 -0.00453 -0.00453 -0.00453
-225.832 -0.00454 -0.00454 -0.00454 -0.00454
-225.646 -0.00455 -0.00455 -0.00455 -0.00455
-225.459 -0.00456 -0.00456 -0.00456 -0.00456
-225.271 -0.00457 -0.00457 -0.00457 -0.00457
-225.083 -0.00458 -0.00458 -0.00458 -0.00458
-224.894 -0.00459 -0.00459 -0.00459 -0.00459
-224.705 -0.0046 -0.0046 -0.0046 -0.0046
-224.515 -0.00461 -0.00461 -0.00461 -0.00461
-224.325 -0.00462 -0.00462 -0.00462 -0.00462
-224.134 -0.00463 -0.00463 -0.00463 -0.00463
-223.942 -0.00464 -0.00464 -0.00464 -0.00464
-223.751 -0.00465 -0.00465 -0.00465 -0.00465
-223.558 -0.00466 -0.00466 -0.00466 -0.00466
-223.365 -0.00467 -0.00467 -0.00467 -0.00467
-223.172 -0.00468 -0.00468 -0.00468 -0.00468
-222.978 -0.00469 -0.00469 -0.00469 -0.00469
-222.783 -0.0047 -0.0047 -0.0047 -0.0047
-222.588 -0.00471 -0.00471 -0.00471 -0.00471
-222.393 -0.00472 -0.00472 -0.00472 -0.00472
-222.197 -0.00473 -0.00473 -0.00473 -0.00473
-222.001 -0.00474 -0.00474 -0.00474 -0.00474
-221.804 -0.00475 -0.00475 -0.00475 -0.00475
-221.607 -0.00476 -0.00476 -0.00476 -0.00476
-221.41 -0.00477 -0.00477 -0.00477 -0.00477
-221.212 -0.00478 -0.00478 -0.00478 -0.00478
-221.013 -0.00479 -0.00479 -0.00479 -0.00479
-220.814 -0.0048 -0.0048 -0.0048 -0.0048
-220.615 -0.00481 -0.00481 -0.00481 -0.00481
-220.416 -0.00482 -0.00482 -0.00482 -0.00482
-220.216 -0.00483 -0.00483 -0.00483 -0.00483
-220.015 -0.00484 -0.00484 -0.00484 -0.00484
-219.814 -0.00485 -0.00485 -0.00485 -0.00485
-219.613 -0.00486 -0.00486 -0.00486 -0.00486
-219.412 -0.00487 -0.00487 -0.00487 -0.00487
-219.21 -0.00488 -0.00488 -0.00488 -0.00488
-219.008 -0.00489 -0.00489 -0.00489 -0.00489
-218.805 -0.0049 -0.0049 -0.0049 -0.0049
-218.602 -0.00491 -0.00491 -0.00491 -0.00491
-218.399 -0.00492 -0.00492 -0.00492 -0.00492
-218.196 -0.00493 -0.00493 -0.00493 -0.00493
-217.992 -0.00494 -0.00494 -0.00494 -0.00494
-217.788 -0.00495 -0.00495 -0.00495 -0.00495
-217.583 -0.00496 -0.00496 -0.00496 -0.00496
-217.379 -0.00497 -0.00497 -0.00497 -0.00497
-217.173 -0.00498 -0.00498 -0.00498 -0.00498
-216.968 -0.00499 -0.00499 -0.00499 -0.00499
-216.763 -0.005 -0.005 -0.005 -0.005
-216.557 -0.00501 -0.00501 -0.00501 -0.00501
-216.351 -0.00502 -0.00502 -0.00502 -0.00502
-216.144 -0.00503 -0.00503 -0.00503 -0.00503
-215.937 -0.00504 -0.00504 -0.00504 -0.00504
-215.731 -0.00505 -0.00505 -0.00505 -0.00505
-215.523 -0.00506 -0.00506 -0.00506 -0.00506
-215.316 -0.00507 -0.00507 -0.00507 -0.00507
-215.108 -0.00508 -0.00508 -0.00508 -0.00508
-214.9 -0.00509 -0.00509 -0.00509 -0.00509
-214.692 -0.0051 -0.0051 -0.0051 -0.0051
-214.484 -0.00511 -0.00511 -0.00511 -0.00511
-214.275 -0.00512 -0.00512 -0.00512 -0.00512
-214.067 -0.00513 -0.00513 -0.00513 -0.00513
-213.858 -0.00514 -0.00514 -0.00514 -0.00514
-213.649 -0.00515 -0.00515 -0.00515 -0.00515
-213.439 -0.00516 -0.00516 -0.00516 -0.00516
-213.23 -0.00517 -0.00517 -0.00517 -0.00517
-213.02 -0.00518 -0.00518 -0.00518 -0.00518
-212.81 -0.00519 -0.00519 -0.00519 -0.00519
-212.6 -0.0052 -0.0052 -0.0052 -0.0052
-212.39 -0.00521 -0.00521 -0.00521 -0.00521
-212.18 -0.00522 -0.00522 -0.00522 -0.00522
-211.969 -0.00523 -0.00523 -0.00523 -0.00523
-211.758 -0.00524 -0.00524 -0.00524 -0.00524
-211.548 -0.00525 -0.00525 -0.00525 -0.00525
-211.337 -0.00526 -0.00526 -0.00526 -0.00526
-211.126 -0.00527 -0.00527 -0.00527 -0.00527
-210.914 -0.00528 -0.00528 -0.00528 -0.00528
-210.703 -0.00529 -0.00529 -0.00529 -0.00529
-210.491 -0.0053 -0.0053 -0.0053 -0.0053
-210.28 -0.00531 -0.00531 -0.00531 -0.00531
-210.068 -0.00532 -0.00532 -0.00532 -0.00532
-209.856 -0.00533 -0.00533 -0.00533 -0.00533
-209.644 -0.00534 -0.00534 -0.00534 -0.00534
-209.432 -0.00535 -0.00535 -0.00535 -0.00535
-209.22 -0.00536 -0.00536 -0.00536 -0.00536
-209.008 -0.00537 -0.00537 -0.00537 -0.00537
-208.796 -0.00538 -0.00538 -0.00538 -0.00538
-208.583 -0.00539 -0.00539 -0.00539 -0.00539
-208.371 -0.0054 -0.0054 -0.0054 -0.0054
-208.158 -0.00541 -0.00541 -0.00541 -0.00541
-207.946 -0.00542 -0.00542 -0.00542 -0.00542
-207.733 -0.00543 -0.00543 -0.00543 -0.00543
-207.52 -0.00544 -0.00544 -0.00544 -0.00544
-207.307 -0.00545 -0.00545 -0.00545 -0.00545
-207.095 -0.00546 -0.00546 -0.00546 -0.00546
-206.882 -0.00547 -0.00547 -0.00547 -0.00547
-206.669 -0.00548 -0.00548 -0.00548 -0.00548
-206.456 -0.00549 -0.00549 -0.00549 -0.00549
-206.243 -0.0055 -0.0055 -0.0055 -0.0055
-206.029 -0.00551 -0.00551 -0.00551 -0.00551
-205.816 -0.00552 -0.00552 -0.00552 -0.00552
-205.603 -0.00553 -0.00553 -0.00553 -0.00553
-205.39 -0.00554 -0.00554 -0.00554 -0.00554
-205.177 -0.00555 -0.00555 -0.00555 -0.00555
-204.964 -0.00556 -0.00556 -0.00556 -0.00556
-204.75 -0.00557 -0.00557 -0.00557 -0.00557
-204.537 -0.00558 -0.00558 -0.00558 -0.00558
-204.324 -0.00559 -0.00559 -0.00559 -0.00559
-204.111 -0.0056 -0.0056 -0.0056 -0.0056
-203.897 -0.00561 -0.00561 -0.00561 -0.00561
-203.684 -0.00562 -0.00562 -0.00562 -0.00562
-203.471 -0.00563 -0.00563 -0.00563 -0.00563
-203.258 -0.00564 -0.00564 -0.00564 -0.00564
-203.044 -0.00565 -0.00565 -0.00565 -0.00565
-202.831 -0.00566 -0.00566 -0.00566 -0.00566
-202.618 -0.00567 -0.00567 -0.00567 -0.00567
-202.405 -0.00568 -0.00568 -0.00568 -0.00568
-202.191 -0.00569 -0.00569 -0.00569 -0.00569
-201.978 -0.0057 -0.0057 -0.0057 -0.0057
-201.765 -0.00571 -0.00571 -0.00571 -0.00571
-201.552 -0.00572 -0.00572 -0.00572 -0.00572
-201.339 -0.00573 -0.00573 -0.00573 -0.00573
-201.126 -0.00574 -0.00574 -0.00574 -0.00574
-200.913 -0.00575 -0.00575 -0.00575 -0.00575
-200.7 -0.00576 -0.00576 -0.00576 -0.00576
-200.487 -0.00577 -0.00577 -0.00577 -0.00577
-200.275 -0.00578 -0.00578 -0.00578 -0.00578
-200.062 -0.00579 -0.00579 -0.00579 -0.00579
-199.849 -0.0058 -0.0058 -0.0058 -0.0058
-199.636 -0.00581 -0.00581 -0.00581 -0.00581
-199.424 -0.00582 -0.00582 -0.00582 -0.00582
-199.211 -0.00583 -0.00583 -0.00583 -0.00583
-198.999 -0.00584 -0.00584 -0.00584 -0.00584
-198.786 -0.00585 -0.00585 -0.00585 -0.00585
-198.574 -0.00586 -0.00586 -0.00586 -0.00586
-198.362 -0.00587 -0.00587 -0.00587 -0.00587
-198.15 -0.00588 -0.00588 -0.00588 -0.00588
-197.937 -0.00589 -0.00589 -0.00589 -0.00589
-197.725 -0.0059 -0.0059 -0.0059 -0.0059
-197.514 -0.00591 -0.00591 -0.00591 -0.00591
-197.302 -0.00592 -0.00592 -0.00592 -0.00592
-197.09 -0.00593 -0.00593 -0.00593 -0.00593
-196.878 -0.00594 -0.00594 -0.00594 -0.00594
-196.667 -0.00595 -0.00595 -0.00595 -0.00595
-196.455 -0.00596 -0.00596 -0.00596 -0.00596
-196.244 -0.00597 -0.00597 -0.00597 -0.00597
-196.032 -0.00598 -0.00598 -0.00598 -0.00598
-195.821 -0.00599 -0.00599 -0.00599 -0.00599
-195.61 -0.006 -0.006 -0.006 -0.006
-195.399 -0.00601 -0.00601 -0.00601 -0.00601
-195.188 -0.00602 -0.00602 -0.00602 -0.00602
-194.977 -0.00603 -0.00603 -0.00603 -0.00603
-194.767 -0.00604 -0.00604 -0.00604 -0.00604
-194.556 -0.00605 -0.00605 -0.00605 -0.00605
-194.346 -0.00606 -0.00606 -0.00606 -0.00606
-194.135 -0.00607 -0.00607 -0.00607 -0.00607
-193.925 -0.00608 -0.00608 -0.00608 -0.00608
-193.715 -0.00609 -0.00609 -0.00609 -0.00609
-193.505 -0.0061 -0.0061 -0.0061 -0.0061
-193.295 -0.00611 -0.00611 -0.00611 -0.00611
-193.085 -0.00612 -0.00612 -0.00612 -0.00612
-192.876 -0.00613 -0.00613 -0.00613 -0.00613
-192.666 -0.00614 -0.00614 -0.00614 -0.00614
-192.457 -0.00615 -0.00615 -0.00615 -0.00615
-192.248 -0.00616 -0.00616 -0.00616 -0.00616
-192.039 -0.00617 -0.00617 -0.00617 -0.00617
-191.83 -0.00618 -0.00618 -0.00618 -0.00618
-191.621 -0.00619 -0.00619 -0.00619 -0.00619
-191.412 -0.0062 -0.0062 -0.0062 -0.0062
-191.204 -0.00621 -0.00621 -0.00621 -0.00621
-190.995 -0.00622 -0.00622 -0.00622 -0.00622
-190.787 -0.00623 -0.00623 -0.00623 -0.00623
-190.579 -0.00624 -0.00624 -0.00624 -0.00624
-190.371 -0.00625 -0.00625 -0.00625 -0.00625
-190.163 -0.00626 -0.00626 -0.00626 -0.00626
-189.956 -0.00627 -0.00627 -0.00627 -0.00627
-189.748 -0.00628 -0.00628 -0.00628 -0.00628
-189.541 -0.00629 -0.00629 -0.00629 -0.00629
-189.334 -0.0063 -0.0063 -0.0063 -0.0063
-189.127 -0.00631 -0.00631 -0.00631 -0.00631
-188.92 -0.00632 -0.00632 -0.00632 -0.00632
-188.713 -0.00633 -0.00633 -0.00633 -0.00633
-188.506 -0.00634 -0.00634 -0.00634 -0.00634
-188.3 -0.00635 -0.00635 -0.00635 -0.00635
-188.094 -0.00636 -0.00636 -0.00636 -0.00636
-187.888 -0.00637 -0.00637 -0.00637 -0.00637
-187.682 -0.00638 -0.00638 -0.00638 -0.00638
-187.476 -0.00639 -0.00639 -0.00639 -0.00639
-187.27 -0.0064 -0.0064 -0.0064 -0.0064
-187.065 -0.00641 -0.00641 -0.00641 -0.00641
-186.86 -0.00642 -0.00642 -0.00642 -0.00642
-186.655 -0.00643 -0.00643 -0.00643 -0.00643
-186.45 -0.00644 -0.00644 -0.00644 -0.00644
-186.245 -0.00645 -0.00645 -0.00645 -0.00645
-186.04 -0.00646 -0.00646 -0.00646 -0.00646
-185.836 -0.00647 -0.00647 -0.00647 -0.00647
-185.632 -0.00648 -0.00648 -0.00648 -0.00648
-185.428 -0.00649 -0.00649 -0.00649 -0.00649
-185.224 -0.0065 -0.0065 -0.0065 -0.0065
-185.02 -0.00651 -0.00651 -0.00651 -0.00651
-184.817 -0.00652 -0.00652 -0.00652 -0.00652
-184.613 -0.00653 -0.00653 -0.00653 -0.00653
-184.41 -0.00654 -0.00654 -0.00654 -0.00654
-184.207 -0.00655 -0.00655 -0.00655 -0.00655
-184.004 -0.00656 -0.00656 -0.00656 -0.00656
-183.802 -0.00657 -0.00657 -0.00657 -0.00657
-183.599 -0.00658 -0.00658 -0.00658 -0.00658
-183.397 -0.00659 -0.00659 -0.00659 -0.00659
-183.195 -0.0066 -0.0066 -0.0066 -0.0066
-182.993 -0.00661 -0.00661 -0.00661 -0.00661
-182.791 -0.00662 -0.00662 -0.00662 -0.00662
-182.59 -0.00663 -0.00663 -0.00663 -0.00663
-182.388 -0.00664 -0.00664 -0.00664 -0.00664
-182.187 -0.00665 -0.00665 -0.00665 -0.00665
-181.986 -0.00666 -0.00666 -0.00666 -0.00666
-181.786 -0.00667 -0.00667 -0.00667 -0.00667
-181.585 -0.00668 -0.00668 -0.00668 -0.00668
-181.385 -0.00669 -0.00669 -0.00669 -0.00669
-181.185 -0.0067 -0.0067 -0.0067 -0.0067
-180.985 -0.00671 -0.00671 -0.00671 -0.00671
-180.785 -0.00672 -0.00672 -0.00672 -0.00672
-180.585 -0.00673 -0.00673 -0.00673 -0.00673
-180.386 -0.00674 -0.00674 -0.00674 -0.00674
-180.187 -0.00675 -0.00675 -0.00675 -0.00675
-179.988 -0.00676 -0.00676 -0.00676 -0.00676
-179.789 -0.00677 -0.00677 -0.00677 -0.00677
-179.59 -0.00678 -0.00678 -0.00678 -0.00678
-179.392 -0.00679 -0.00679 -0.00679 -0.00679
-179.194 -0.0068 -0.0068 -0.0068 -0.0068
-178.995 -0.00681 -0.00681 -0.00681 -0.00681
-178.798 -0.00682 -0.00682 -0.00682 -0.00682
-178.6 -0.00683 -0.00683 -0.00683 -0.00683
-178.403 -0.00684 -0.00684 -0.00684 -0.00684
-178.205 -0.00685 -0.00685 -0.00685 -0.00685
-178.008 -0.00686 -0.00686 -0.00686 -0.00686
-177.812 -0.00687 -0.00687 -0.00687 -0.00687
-177.615 -0.00688 -0.00688 -0.00688 -0.00688
-177.419 -0.00689 -0.00689 -0.00689 -0.00689
-177.222 -0.0069 -0.0069 -0.0069 -0.0069
-177.026 -0.00691 -0.00691 -0.00691 -0.00691
-176.831 -0.00692 -0.00692 -0.00692 -0.00692
-176.635 -0.00693 -0.00693 -0.00693 -0.00693
-176.44 -0.00694 -0.00694 -0.00694 -0.00694
-176.244 -0.00695 -0.00695 -0.00695 -0.00695
-176.049 -0.00696 -0.00696 -0.00696 -0.00696
-175.855 -0.00697 -0.00697 -0.00697 -0.00697
-175.66 -0.00698 -0.00698 -0.00698 -0.00698
-175.466 -0.00699 -0.00699 -0.00699 -0.00699
-175.272 -0.007 -0.007 -0.007 -0.007
-175.078 -0.00701 -0.00701 -0.00701 -0.00701
-174.884 -0.00702 -0.00702 -0.00702 -0.00702
-174.69 -0.00703 -0.00703 -0.00703 -0.00703
-174.497 -0.00704 -0.00704 -0.00704 -0.00704
-174.304 -0.00705 -0.00705 -0.00705 -0.00705
-174.111 -0.00706 -0.00706 -0.00706 -0.00706
-173.918 -0.00707 -0.00707 -0.00707 -0.00707
-173.726 -0.00708 -0.00708 -0.00708 -0.00708
-173.534 -0.00709 -0.00709 -0.00709 -0.00709
-173.342 -0.0071 -0.0071 -0.0071 -0.0071
-173.15 -0.00711 -0.00711 -0.00711 -0.00711
-172.958 -0.00712 -0.00712 -0.00712 -0.00712
-172.767 -0.00713 -0.00713 -0.00713 -0.00713
-172.575 -0.00714 -0.00714 -0.00714 -0.00714
-172.384 -0.00715 -0.00715 -0.00715 -0.00715
-172.193 -0.00716 -0.00716 -0.00716 -0.00716
-172.003 -0.00717 -0.00717 -0.00717 -0.00717
-171.813 -0.00718 -0.00718 -0.00718 -0.00718
-171.622 -0.00719 -0.00719 -0.00719 -0.00719
-171.432 -0.0072 -0.0072 -0.0072 -0.0072
-171.243 -0.00721 -0.00721 -0.00721 -0.00721
-171.053 -0.00722 -0.00722 -0.00722 -0.00722
-170.864 -0.00723 -0.00723 -0.00723 -0.00723
-170.675 -0.00724 -0.00724 -0.00724 -0.00724
-170.486 -0.00725 -0.00725 -0.00725 -0.00725
-170.297 -0.00726 -0.00726 -0.00726 -0.00726
-170.109 -0.00727 -0.00727 -0.00727 -0.00727
-169.92 -0.00728 -0.00728 -0.00728 -0.00728
-169.732 -0.00729 -0.00729 -0.00729 -0.00729
-169.544 -0.0073 -0.0073 -0.0073 -0.0073
-169.357 -0.00731 -0.00731 -0.00731 -0.00731
-169.169 -0.00732 -0.00732 -0.00732 -0.00732
-168.982 -0.00733 -0.00733 -0.00733 -0.00733
-168.795 -0.00734 -0.00734 -0.00734 -0.00734
-168.608 -0.00735 -0.00735 -0.00735 -0.00735
-168.422 -0.00736 -0.00736 -0.00736 -0.00736
-168.235 -0.00737 -0.00737 -0.00737 -0.00737
-168.049 -0.00738 -0.00738 -0.00738 -0.00738
-167.863 -0.00739 -0.00739 -0.00739 -0.00739
-167.677 -0.0074 -0.0074 -0.0074 -0.0074
-167.492 -0.00741 -0.00741 -0.00741 -0.00741
-167.307 -0.00742 -0.00742 -0.00742 -0.00742
-167.122 -0.00743 -0.00743 -0.00743 -0.00743
-166.937 -0.00744 -0.00744 -0.00744 -0.00744
-166.752 -0.00745 -0.00745 -0.00745 -0.00745
-166.568 -0.00746 -0.00746 -0.00746 -0.00746
-166.383 -0.00747 -0.00747 -0.00747 -0.00747
-166.199 -0.00748 -0.00748 -0.00748 -0.00748
-166.015 -0.00749 -0.00749 -0.00749 -0.00749
-165.832 -0.0075 -0.0075 -0.0075 -0.0075
-165.648 -0.00751 -0.00751 -0.00751 -0.00751
-165.465 -0.00752 -0.00752 -0.00752 -0.00752
-165.282 -0.00753 -0.00753 -0.00753 -0.00753
-165.1 -0.00754 -0.00754 -0.00754 -0.00754
-164.917 -0.00755 -0.00755 -0.00755 -0.00755
-164.735 -0.00756 -0.00756 -0.00756 -0.00756
-164.553 -0.00757 -0.00757 -0.00757 -0.00757
-164.371 -0.00758 -0.00758 -0.00758 -0.00758
-164.189 -0.00759 -0.00759 -0.00759 -0.00759
-164.007 -0.0076 -0.0076 -0.0076 -0.0076
-163.826 -0.00761 -0.00761 -0.00761 -0.00761
-163.645 -0.00762 -0.00762 -0.00762 -0.00762
-163.464 -0.00763 -0.00763 -0.00763 -0.00763
-163.284 -0.00764 -0.00764 -0.00764 -0.00764
-163.103 -0.00765 -0.00765 -0.00765 -0.00765
-162.923 -0.00766 -0.00766 -0.00766 -0.00766
-162.743 -0.00767 -0.00767 -0.00767 -0.00767
-162.563 -0.00768 -0.00768 -0.00768 -0.00768
-162.383 -0.00769 -0.00769 -0.00769 -0.00769
-162.204 -0.0077 -0.0077 -0.0077 -0.0077
-162.025 -0.00771 -0.00771 -0.00771 -0.00771
-161.846 -0.00772 -0.00772 -0.00772 -0.00772
-161.667 -0.00773 -0.00773 -0.00773 -0.00773
-161.488 -0.00774 -0.00774 -0.00774 -0.00774
-161.31 -0.00775 -0.00775 -0.00775 -0.00775
-161.132 -0.00776 -0.00776 -0.00776 -0.00776
-160.954 -0.00777 -0.00777 -0.00777 -0.00777
-160.776 -0.00778 -0.00778 -0.00778 -0.00778
-160.599 -0.00779 -0.00779 -0.00779 -0.00779
-160.421 -0.0078 -0.0078 -0.0078 -0.0078
-160.244 -0.00781 -0.00781 -0.00781 -0.00781
-160.067 -0.00782 -0.00782 -0.00782 -0.00782
-159.891 -0.00783 -0.00783 -0.00783 -0.00783
-159.714 -0.00784 -0.00784 -0.00784 -0.00784
-159.538 -0.00785 -0.00785 -0.00785 -0.00785
-159.362 -0.00786 -0.00786 -0.00786 -0.00786
-159.186 -0.00787 -0.00787 -0.00787 -0.00787
-159.01 -0.00788 -0.00788 -0.00788 -0.00788
-158.835 -0.00789 -0.00789 -0.00789 -0.00789
-158.66 -0.0079 -0.0079 -0.0079 -0.0079
-158.485 -0.00791 -0.00791 -0.00791 -0.00791
-158.31 -0.00792 -0.00792 -0.00792 -0.00792
-158.135 -0.00793 -0.00793 -0.00793 -0.00793
-157.961 -0.00794 -0.00794 -0.00794 -0.00794
-157.787 -0.00795 -0.00795 -0.00795 -0.00795
-157.613 -0.00796 -0.00796 -0.00796 -0.00796
-157.439 -0.00797 -0.00797 -0.00797 -0.00797
-157.265 -0.00798 -0.00798 -0.00798 -0.00798
-157.092 -0.00799 -0.00799 -0.00799 -0.00799
-156.918 -0.008 -0.008 -0.008 -0.008
-156.745 -0.00801 -0.00801 -0.00801 -0.00801
-156.573 -0.00802 -0.00802 -0.00802 -0.00802
-156.4 -0.00803 -0.00803 -0.00803 -0.00803
-156.228 -0.00804 -0.00804 -0.00804 -0.00804
-156.055 -0.00805 -0.00805 -0.00805 -0.00805
-155.883 -0.00806 -0.00806 -0.00806 -0.00806
-155.712 -0.00807 -0.00807 -0.00807 -0.00807
-155.54 -0.00808 -0.00808 -0.00808 -0.00808
-155.369 -0.00809 -0.00809 -0.00809 -0.00809
-155.197 -0.0081 -0.0081 -0.0081 -0.0081
-155.026 -0.00811 -0.00811 -0.00811 -0.00811
-154.856 -0.00812 -0.00812 -0.00812 -0.00812
-154.685 -0.00813 -0.00813 -0.00813 -0.00813
-154.515 -0.00814 -0.00814 -0.00814 -0.00814
-154.344 -0.00815 -0.00815 -0.00815 -0.00815
-154.174 -0.00816 -0.00816 -0.00816 -0.00816
-154.005 -0.00817 -0.00817 -0.00817 -0.00817
-153.835 -0.00818 -0.00818 -0.00818 -0.00818
-153.666 -0.00819 -0.00819 -0.00819 -0.00819
-153.496 -0.0082 -0.0082 -0.0082 -0.0082
-153.327 -0.00821 -0.00821 -0.00821 -0.00821
-153.159 -0.00822 -0.00822 -0.00822 -0.00822
-152.99 -0.00823 -0.00823 -0.00823 -0.00823
-152.822 -0.00824 -0.00824 -0.00824 -0.00824
-152.653 -0.00825 -0.00825 -0.00825 -0.00825
-152.485 -0.00826 -0.00826 -0.00826 -0.00826
-152.317 -0.00827 -0.00827 -0.00827 -0.00827
-152.15 -0.00828 -0.00828 -0.00828 -0.00828
-151.982 -0.00829 -0.00829 -0.00829 -0.00829
-151.815 -0.0083 -0.0083 -0.0083 -0.0083
-151.648 -0.00831 -0.00831 -0.00831 -0.00831
-151.481 -0.00832 -0.00832 -0.00832 -0.00832
-151.315 -0.00833 -0.00833 -0.00833 -0.00833
-151.148 -0.00834 -0.00834 -0.00834 -0.00834
-150.982 -0.00835 -0.00835 -0.00835 -0.00835
-150.816 -0.00836 -0.00836 -0.00836 -0.00836
-150.65 -0.00837 -0.00837 -0.00837 -0.00837
-150.484 -0.00838 -0.00838 -0.00838 -0.00838
-150.318 -0.00839 -0.00839 -0.00839 -0.00839
-150.153 -0.0084 -0.0084 -0.0084 -0.0084
-149.988 -0.00841 -0.00841 -0.00841 -0.00841
-149.823 -0.00842 -0.00842 -0.00842 -0.00842
-149.658 -0.00843 -0.00843 -0.00843 -0.00843
-149.494 -0.00844 -0.00844 -0.00844 -0.00844
-149.329 -0.00845 -0.00845 -0.00845 -0.00845
-149.165 -0.00846 -0.00846 -0.00846 -0.00846
-149.001 -0.00847 -0.00847 -0.00847 -0.00847
-148.837 -0.00848 -0.00848 -0.00848 -0.00848
-148.674 -0.00849 -0.00849 -0.00849 -0.00849
-148.51 -0.0085 -0.0085 -0.0085 -0.0085
-148.347 -0.00851 -0.00851 -0.00851 -0.00851
-148.184 -0.00852 -0.00852 -0.00852 -0.00852
-148.021 -0.00853 -0.00853 -0.00853 -0.00853
-147.858 -0.00854 -0.00854 -0.00854 -0.00854
-147.696 -0.00855 -0.00855 -0.00855 -0.00855
-147.534 -0.00856 -0.00856 -0.00856 -0.00856
-147.371 -0.00857 -0.00857 -0.00857 -0.00857
-147.209 -0.00858 -0.00858 -0.00858 -0.00858
-147.048 -0.00859 -0.00859 -0.00859 -0.00859
-146.886 -0.0086 -0.0086 -0.0086 -0.0086
-146.725 -0.00861 -0.00861 -0.00861 -0.00861
-146.563 -0.00862 -0.00862 -0.00862 -0.00862
-146.402 -0.00863 -0.00863 -0.00863 -0.00863
-146.242 -0.00864 -0.00864 -0.00864 -0.00864
-146.081 -0.00865 -0.00865 -0.00865 -0.00865
-145.92 -0.00866 -0.00866 -0.00866 -0.00866
-145.76 -0.00867 -0.00867 -0.00867 -0.00867
-145.6 -0.00868 -0.00868 -0.00868 -0.00868
-145.44 -0.00869 -0.00869 -0.00869 -0.00869
-145.28 -0.0087 -0.0087 -0.0087 -0.0087
-145.121 -0.00871 -0.00871 -0.00871 -0.00871
-144.961 -0.00872 -0.00872 -0.00872 -0.00872
-144.802 -0.00873 -0.00873 -0.00873 -0.00873
-144.643 -0.00874 -0.00874 -0.00874 -0.00874
-144.484 -0.00875 -0.00875 -0.00875 -0.00875
-144.325 -0.00876 -0.00876 -0.00876 -0.00876
-144.167 -0.00877 -0.00877 -0.00877 -0.00877
-144.009 -0.00878 -0.00878 -0.00878 -0.00878
-143.85 -0.00879 -0.00879 -0.00879 -0.00879
-143.692 -0.0088 -0.0088 -0.0088 -0.0088
-143.535 -0.00881 -0.00881 -0.00881 -0.00881
-143.377 -0.00882 -0.00882 -0.00882 -0.00882
-143.22 -0.00883 -0.00883 -0.00883 -0.00883
-143.062 -0.00884 -0.00884 -0.00884 -0.00884
-142.905 -0.00885 -0.00885 -0.00885 -0.00885
-142.748 -0.00886 -0.00886 -0.00886 -0.00886
-142.591 -0.00887 -0.00887 -0.00887 -0.00887
-142.435 -0.00888 -0.00888 -0.00888 -0.00888
-142.278 -0.00889 -0.00889 -0.00889 -0.00889
-142.122 -0.0089 -0.0089 -0.0089 -0.0089
-141.966 -0.00891 -0.00891 -0.00891 -0.00891
-141.81 -0.00892 -0.00892 -0.00892 -0.00892
-141.655 -0.00893 -0.00893 -0.00893 -0.00893
-141.499 -0.00894 -0.00894 -0.00894 -0.00894
-141.344 -0.00895 -0.00895 -0.00895 -0.00895
-141.188 -0.00896 -0.00896 -0.00896 -0.00896
-141.033 -0.00897 -0.00897 -0.00897 -0.00897
-140.879 -0.00898 -0.00898 -0.00898 -0.00898
-140.724 -0.00899 -0.00899 -0.00899 -0.00899
-140.569 -0.009 -0.009 -0.009 -0.009
-140.415 -0.00901 -0.00901 -0.00901 -0.00901
-140.261 -0.00902 -0.00902 -0.00902 -0.00902
-140.107 -0.00903 -0.00903 -0.00903 -0.00903
-139.953 -0.00904 -0.00904 -0.00904 -0.00904
-139.799 -0.00905 -0.00905 -0.00905 -0.00905
-139.646 -0.00906 -0.00906 -0.00906 -0.00906
-139.492 -0.00907 -0.00907 -0.00907 -0.00907
-139.339 -0.00908 -0.00908 -0.00908 -0.00908
-139.186 -0.00909 -0.00909 -0.00909 -0.00909
-139.033 -0.0091 -0.0091 -0.0091 -0.0091
-138.881 -0.00911 -0.00911 -0.00911 -0.00911
-138.728 -0.00912 -0.00912 -0.00912 -0.00912
-138.576 -0.00913 -0.00913 -0.00913 -0.00913
-138.424 -0.00914 -0.00914 -0.00914 -0.00914
-138.272 -0.00915 -0.00915 -0.00915 -0.00915
-138.12 -0.00916 -0.00916 -0.00916 -0.00916
-137.968 -0.00917 -0.00917 -0.00917 -0.00917
-137.817 -0.00918 -0.00918 -0.00918 -0.00918
-137.665 -0.00919 -0.00919 -0.00919 -0.00919
-137.514 -0.0092 -0.0092 -0.0092 -0.0092
-137.363 -0.00921 -0.00921 -0.00921 -0.00921
-137.212 -0.00922 -0.00922 -0.00922 -0.00922
-137.061 -0.00923 -0.00923 -0.00923 -0.00923
-136.911 -0.00924 -0.00924 -0.00924 -0.00924
-136.76 -0.00925 -0.00925 -0.00925 -0.00925
-136.61 -0.00926 -0.00926 -0.00926 -0.00926
-136.46 -0.00927 -0.00927 -0.00927 -0.00927
-136.31 -0.00928 -0.00928 -0.00928 -0.00928
-136.16 -0.00929 -0.00929 -0.00929 -0.00929
-136.011 -0.0093 -0.0093 -0.0093 -0.0093
-135.861 -0.00931 -0.00931 -0.00931 -0.00931
-135.712 -0.00932 -0.00932 -0.00932 -0.00932
-135.563 -0.00933 -0.00933 -0.00933 -0.00933
-135.414 -0.00934 -0.00934 -0.00934 -0.00934
-135.265 -0.00935 -0.00935 -0.00935 -0.00935
-135.116 -0.00936 -0.00936 -0.00936 -0.00936
-134.968 -0.00937 -0.00937 -0.00937 -0.00937
-134.82 -0.00938 -0.00938 -0.00938 -0.00938
-134.671 -0.00939 -0.00939 -0.00939 -0.00939
-134.523 -0.0094 -0.0094 -0.0094 -0.0094
-134.375 -0.00941 -0.00941 -0.00941 -0.00941
-134.228 -0.00942 -0.00942 -0.00942 -0.00942
-134.08 -0.00943 -0.00943 -0.00943 -0.00943
-133.933 -0.00944 -0.00944 -0.00944 -0.00944
-133.786 -0.00945 -0.00945 -0.00945 -0.00945
-133.638 -0.00946 -0.00946 -0.00946 -0.00946
-133.491 -0.00947 -0.00947 -0.00947 -0.00947
-133.345 -0.00948 -0.00948 -0.00948 -0.00948
-133.198 -0.00949 -0.00949 -0.00949 -0.00949
-133.051 -0.0095 -0.0095 -0.0095 -0.0095
-132.905 -0.00951 -0.00951 -0.00951 -0.00951
-132.759 -0.00952 -0.00952 -0.00952 -0.00952
-132.613 -0.00953 -0.00953 -0.00953 -0.00953
-132.467 -0.00954 -0.00954 -0.00954 -0.00954
-132.321 -0.00955 -0.00955 -0.00955 -0.00955
-132.176 -0.00956 -0.00956 -0.00956 -0.00956
-132.03 -0.00957 -0.00957 -0.00957 -0.00957
-131.885 -0.00958 -0.00958 -0.00958 -0.00958
-131.74 -0.00959 -0.00959 -0.00959 -0.00959
-131.595 -0.0096 -0.0096 -0.0096 -0.0096
-131.45 -0.00961 -0.00961 -0.00961 -0.00961
-131.305 -0.00962 -0.00962 -0.00962 -0.00962
-131.161 -0.00963 -0.00963 -0.00963 -0.00963
-131.016 -0.00964 -0.00964 -0.00964 -0.00964
-130.872 -0.00965 -0.00965 -0.00965 -0.00965
-130.728 -0.00966 -0.00966 -0.00966 -0.00966
-130.584 -0.00967 -0.00967 -0.00967 -0.00967
-130.44 -0.00968 -0.00968 -0.00968 -0.00968
-130.296 -0.00969 -0.00969 -0.00969 -0.00969
-130.153 -0.0097 -0.0097 -0.0097 -0.0097
-130.009 -0.00971 -0.00971 -0.00971 -0.00971
-129.866 -0.00972 -0.00972 -0.00972 -0.00972
-129.723 -0.00973 -0.00973 -0.00973 -0.00973
-129.58 -0.00974 -0.00974 -0.00974 -0.00974
-129.437 -0.00975 -0.00975 -0.00975 -0.00975
-129.294 -0.00976 -0.00976 -0.00976 -0.00976
-129.152 -0.00977 -0.00977 -0.00977 -0.00977
-129.009 -0.00978 -0.00978 -0.00978 -0.00978
-128.867 -0.00979 -0.00979 -0.00979 -0.00979
-128.725 -0.0098 -0.0098 -0.0098 -0.0098
-128.583 -0.00981 -0.00981 -0.00981 -0.00981
-128.441 -0.00982 -0.00982 -0.00982 -0.00982
-128.3 -0.00983 -0.00983 -0.00983 -0.00983
-128.158 -0.00984 -0.00984 -0.00984 -0.00984
-128.017 -0.00985 -0.00985 -0.00985 -0.00985
-127.875 -0.00986 -0.00986 -0.00986 -0.00986
-127.734 -0.00987 -0.00987 -0.00987 -0.00987
-127.593 -0.00988 -0.00988 -0.00988 -0.00988
-127.452 -0.00989 -0.00989 -0.00989 -0.00989
-127.312 -0.0099 -0.0099 -0.0099 -0.0099
-127.171 -0.00991 -0.00991 -0.00991 -0.00991
-127.031 -0.00992 -0.00992 -0.00992 -0.00992
-126.89 -0.00993 -0.00993 -0.00993 -0.00993
-126.75 -0.00994 -0.00994 -0.00994 -0.00994
-126.61 -0.00995 -0.00995 -0.00995 -0.00995
-126.47 -0.00996 -0.00996 -0.00996 -0.00996
-126.33 -0.00997 -0.00997 -0.00997 -0.00997
-126.191 -0.00998 -0.00998 -0.00998 -0.00998
-126.051 -0.00999 -0.00999 -0.00999 -0.00999
-125.912 -0.01 -0.01 -0.01 -0.01
-125.806 -0.01001 -0.01001 -0.01001 -0.01001
