0.765145 0 0.25 0.25 0.265145
1.55561 0 0.5 0.5 0.555607
2.36307 0 0.75 0.75 0.863074
3.17769 0 1 1 1.17769
3.98865 0 1.25 1.25 1.48865
4.78524 0 1.5 1.5 1.78524
5.55791 0 1.75 1.75 2.05791
6.29923 0 2 2 2.29923
7.00444 0 2.25 2.25 2.50444
7.67146 0 2.5 2.5 2.67146
8.30067 0 2.75 2.75 2.80067
8.89432 0 3 3 2.89432
9.45594 0 3.25 3.25 2.95594
9.9897 0 3.5 3.5 2.9897
10.5 0 3.75 3.75 3
10.9911 0 4 4 2.99107
11.4668 0 4.25 4.25 2.96678
11.9306 0 4.5 4.5 2.93055
12.3853 0 4.75 4.75 2.8853
12.8334 0 5 5 2.83344
7.65646 0 0 4.8795 2.77696
7.48477 0 0 4.76731 2.71746
7.31872 0 0 4.66252 2.65619
7.1585 0 0 4.56435 2.59414
7.00421 0 0 4.47214 2.53207
6.85584 0 0 4.38529 2.47055
6.71333 0 0 4.30331 2.41001
6.57654 0 0 4.22577 2.35077
6.44531 0 0 4.15227 2.29304
6.31945 0 0 4.08248 2.23697
6.19875 0 0 4.0161 2.18265
6.08299 0 0 3.95285 2.13014
5.97195 0 0 3.89249 2.07946
5.86541 0 0 3.83482 2.03059
5.76315 0 0 3.77964 1.98351
5.66496 0 0 3.72678 1.93818
5.57064 0 0 3.67607 1.89457
5.47998 0 0 3.62738 1.8526
5.39281 0 0 3.58057 1.81223
5.30893 0 0 3.53553 1.7734
5.22819 0 0 3.49215 1.73603
5.15041 0 0 3.45033 1.70008
5.07545 0 0 3.40997 1.66548
5.00317 0 0 3.371 1.63217
4.93343 0 0 3.33333 1.60009
4.86609 0 0 3.2969 1.56919
4.80105 0 0 3.26164 1.53941
4.73819 0 0 3.22749 1.5107
4.6774 0 0 3.19438 1.48302
4.61858 0 0 3.16228 1.4563
4.56164 0 0 3.13112 1.43052
4.50649 0 0 3.10087 1.40562
4.45304 0 0 3.07148 1.38157
4.40122 0 0 3.0429 1.35832
4.35095 0 0 3.01511 1.33584
4.30217 0 0 2.98807 1.3141
4.2548 0 0 2.96174 1.29306
4.20879 0 0 2.9361 1.27269
4.16407 0 0 2.91111 1.25296
4.12059 0 0 2.88675 1.23384
4.0783 0 0 2.86299 1.21531
4.03715 0 0 2.83981 1.19734
3.99709 0 0 2.81718 1.17991
3.95807 0 0 2.79508 1.16299
3.92006 0 0 2.7735 1.14656
3.88302 0 0 2.75241 1.13061
3.8469 0 0 2.73179 1.11511
3.81168 0 0 2.71163 1.10005
3.77731 0 0 2.69191 1.0854
3.74376 0 0 2.67261 1.07115
3.71101 0 0 2.65372 1.05729
3.67903 0 0 2.63523 1.04379
3.64778 0 0 2.61712 1.03066
3.61724 0 0 2.59938 1.01786
3.58739 0 0 2.58199 1.0054
3.55819 0 0 2.56495 0.993247
3.52964 0 0 2.54824 0.981403
3.5017 0 0 2.53185 0.969853
3.47436 0 0 2.51577 0.958586
3.44759 0 0 2.5 0.947593
3.42138 0 0 2.48452 0.936863
3.39571 0 0 2.46932 0.926387
3.37056 0 0 2.4544 0.916156
3.34591 0 0 2.43975 0.906163
3.32175 0 0 2.42536 0.896398
3.29807 0 0 2.41121 0.886855
3.27484 0 0 2.39732 0.877526
3.25206 0 0 2.38366 0.868403
3.22971 0 0 2.37023 0.85948
3.20777 0 0 2.35702 0.850751
3.18625 0 0 2.34404 0.842209
3.16511 0 0 2.33126 0.833849
3.14436 0 0 2.31869 0.825664
3.12398 0 0 2.30633 0.817649
3.10396 0 0 2.29416 0.8098
3.08429 0 0 2.28218 0.80211
3.06496 0 0 2.27038 0.794576
3.04596 0 0 2.25877 0.787191
3.02729 0 0 2.24733 0.779953
3.00892 0 0 2.23607 0.772857
2.99087 0 0 2.22497 0.765898
2.97311 0 0 2.21404 0.759072
2.95564 0 0 2.20326 0.752377
2.93845 0 0 2.19265 0.745807
2.92154 0 0 2.18218 0.73936
2.90489 0 0 2.17186 0.733032
2.88851 0 0 2.16169 0.72682
2.87238 0 0 2.15166 0.720721
2.8565 0 0 2.14176 0.714731
2.84086 0 0 2.13201 0.708848
2.82545 0 0 2.12238 0.703069
2.81028 0 0 2.11289 0.69739
2.79533 0 0 2.10352 0.691811
2.7806 0 0 2.09427 0.686327
2.76608 0 0 2.08514 0.680936
2.75177 0 0 2.07614 0.675637
2.73767 0 0 2.06725 0.670426
2.72377 0 0 2.05847 0.665301
2.71006 0 0 2.0498 0.660261
2.69654 0 0 2.04124 0.655303
2.68321 0 0 2.03279 0.650426
2.67007 0 0 2.02444 0.645626
2.6571 0 0 2.01619 0.640903
2.6443 0 0 2.00805 0.636255
2.63168 0 0 2 0.631679
2.61922 0 0 1.99205 0.627175
2.60693 0 0 1.98419 0.622739
2.5948 0 0 1.97642 0.618372
2.58282 0 0 1.96875 0.614071
2.571 0 0 1.96116 0.609834
2.55932 0 0 1.95366 0.605661
2.5478 0 0 1.94625 0.601549
2.53642 0 0 1.93892 0.597498
2.52517 0 0 1.93167 0.593506
2.51407 0 0 1.9245 0.589572
2.50311 0 0 1.91741 0.585695
2.49227 0 0 1.9104 0.581872
2.48157 0 0 1.90347 0.578104
2.471 0 0 1.89661 0.574389
2.46055 0 0 1.88982 0.570725
2.45022 0 0 1.88311 0.567112
2.44002 0 0 1.87647 0.563549
2.42993 0 0 1.86989 0.560035
2.41996 0 0 1.86339 0.556568
2.4101 0 0 1.85695 0.553147
2.40036 0 0 1.85058 0.549773
2.39072 0 0 1.84428 0.546443
2.38119 0 0 1.83804 0.543157
2.37177 0 0 1.83186 0.539914
2.36246 0 0 1.82574 0.536714
2.35324 0 0 1.81969 0.533554
2.34413 0 0 1.81369 0.530435
2.33511 0 0 1.80775 0.527356
2.32619 0 0 1.80187 0.524316
2.31737 0 0 1.79605 0.521314
2.30864 0 0 1.79029 0.518349
2.3 0 0 1.78458 0.515421
2.29145 0 0 1.77892 0.512529
2.28299 0 0 1.77332 0.509673
2.27462 0 0 1.76777 0.506851
2.26633 0 0 1.76227 0.504063
2.25813 0 0 1.75682 0.501309
2.25001 0 0 1.75142 0.498588
2.24197 0 0 1.74608 0.495899
2.23402 0 0 1.74078 0.493242
2.22614 0 0 1.73553 0.490616
2.21834 0 0 1.73032 0.48802
2.21062 0 0 1.72516 0.485454
2.20297 0 0 1.72005 0.482918
2.1954 0 0 1.71499 0.480411
2.1879 0 0 1.70996 0.477932
2.18047 0 0 1.70499 0.475481
2.17311 0 0 1.70005 0.473058
2.16582 0 0 1.69516 0.470662
2.1586 0 0 1.69031 0.468292
2.15145 0 0 1.6855 0.465949
2.14436 0 0 1.68073 0.463631
2.13734 0 0 1.676 0.461338
2.13039 0 0 1.67132 0.45907
2.12349 0 0 1.66667 0.456827
2.11666 0 0 1.66206 0.454608
2.1099 0 0 1.65748 0.452412
2.10319 0 0 1.65295 0.450239
2.09654 0 0 1.64845 0.44809
2.08995 0 0 1.64399 0.445963
2.08342 0 0 1.63956 0.443858
2.07695 0 0 1.63517 0.441774
2.07053 0 0 1.63082 0.439713
2.06417 0 0 1.6265 0.437672
2.05787 0 0 1.62221 0.435652
2.05161 0 0 1.61796 0.433653
2.04542 0 0 1.61374 0.431674
2.03927 0 0 1.60956 0.429714
2.03318 0 0 1.6054 0.427774
2.02714 0 0 1.60128 0.425854
2.02114 0 0 1.59719 0.423952
2.0152 0 0 1.59313 0.422069
2.00931 0 0 1.5891 0.420204
2.00346 0 0 1.58511 0.418357
1.99767 0 0 1.58114 0.416529
1.99192 0 0 1.5772 0.414717
1.98622 0 0 1.57329 0.412924
1.98056 0 0 1.56941 0.411147
1.97495 0 0 1.56556 0.409387
1.96938 0 0 1.56174 0.407643
1.96386 0 0 1.55794 0.405916
1.95838 0 0 1.55417 0.404205
1.95294 0 0 1.55043 0.40251
1.94755 0 0 1.54672 0.40083
1.9422 0 0 1.54303 0.399166
1.93689 0 0 1.53937 0.397517
1.93162 0 0 1.53574 0.395883
1.92639 0 0 1.53213 0.394264
1.9212 0 0 1.52854 0.39266
1.91606 0 0 1.52499 0.391069
1.91094 0 0 1.52145 0.389493
1.90587 0 0 1.51794 0.387931
1.90084 0 0 1.51446 0.386383
1.89584 0 0 1.51099 0.384849
1.89088 0 0 1.50756 0.383327
1.88596 0 0 1.50414 0.381819
1.88108 0 0 1.50075 0.380324
1.87622 0 0 1.49738 0.378843
1.87141 0 0 1.49404 0.377373
1.86663 0 0 1.49071 0.375917
1.86188 0 0 1.48741 0.374472
1.85717 0 0 1.48413 0.37304
1.85249 0 0 1.48087 0.37162
1.84785 0 0 1.47764 0.370212
1.84324 0 0 1.47442 0.368816
1.83866 0 0 1.47122 0.367431
1.83411 0 0 1.46805 0.366058
1.82959 0 0 1.4649 0.364696
1.82511 0 0 1.46176 0.363345
1.82066 0 0 1.45865 0.362005
1.81623 0 0 1.45556 0.360677
1.81184 0 0 1.45248 0.359359
1.80748 0 0 1.44943 0.358051
1.80315 0 0 1.44639 0.356754
1.79884 0 0 1.44338 0.355468
1.79457 0 0 1.44038 0.354191
1.79032 0 0 1.4374 0.352925
1.78611 0 0 1.43444 0.351669
1.78192 0 0 1.4315 0.350423
1.77776 0 0 1.42857 0.349186
1.77362 0 0 1.42566 0.347959
1.76952 0 0 1.42278 0.346742
1.76544 0 0 1.4199 0.345534
1.76139 0 0 1.41705 0.344335
1.75736 0 0 1.41421 0.343145
1.75336 0 0 1.41139 0.341965
