-1.1694 -0.342367 -0.25 -0.327271 -0.249762
-2.33734 -0.683755 -0.5 -0.654534 -0.499049
-3.5038 -1.02416 -0.75 -0.981777 -0.747863
-4.66879 -1.36359 -1 -1.30899 -0.996205
-5.83228 -1.70204 -1.25 -1.63617 -1.24408
-6.99427 -2.03951 -1.5 -1.96329 -1.49148
-8.15475 -2.376 -1.75 -2.29035 -1.73841
-9.31371 -2.71151 -1.99999 -2.61733 -1.98488
-10.4711 -3.04604 -2.24999 -2.94423 -2.23088
-11.627 -3.37959 -2.49999 -3.27103 -2.47642
-12.7813 -3.71216 -2.74998 -3.59771 -2.72149
-13.9341 -4.04376 -2.99997 -3.92428 -2.9661
-15.0853 -4.37437 -3.24996 -4.25071 -3.21025
-16.2349 -4.704 -3.49994 -4.57699 -3.45395
-17.3829 -5.03265 -3.74992 -4.90312 -3.69718
-18.5293 -5.36033 -3.9999 -5.22907 -3.93996
-19.674 -5.68702 -4.24987 -5.55483 -4.18229
-20.8171 -6.01273 -4.49984 -5.8804 -4.42416
-21.9586 -6.33747 -4.74979 -6.20576 -4.66558
-23.0984 -6.66122 -4.99975 -6.53089 -4.90654
-24.2365 -6.984 -5.24969 -6.85579 -5.14706
-25.373 -7.3058 -5.49962 -7.18044 -5.38713
-26.5077 -7.62661 -5.74954 -7.50483 -5.62675
-27.6408 -7.94645 -5.99946 -7.82895 -5.86592
-28.7721 -8.26531 -6.24935 -8.15278 -6.10465
-29.9017 -8.58318 -6.49924 -8.4763 -6.34294
-31.0295 -8.90008 -6.74911 -8.79952 -6.58078
-32.1556 -9.216 -6.99896 -9.12241 -6.81818
-33.2798 -9.53094 -7.2488 -9.44496 -7.05514
-34.4023 -9.8449 -7.49862 -9.76716 -7.29167
-35.523 -10.1579 -7.74841 -10.089 -7.52775
-36.6419 -10.4699 -7.99819 -10.4104 -7.7634
-37.759 -10.7809 -8.24794 -10.7315 -7.99861
-38.8742 -11.0909 -8.49766 -11.0522 -8.23339
-39.9875 -11.4 -8.74736 -11.3724 -8.46774
-41.099 -11.7081 -8.99703 -11.6922 -8.70166
-42.2086 -12.0152 -9.24667 -12.0116 -8.93514
-43.3163 -12.3213 -9.49628 -12.3305 -9.1682
-44.4221 -12.6264 -9.74585 -12.649 -9.40083
-45.526 -12.9306 -9.99539 -12.967 -9.63303
-46.6279 -13.2338 -10.2449 -13.2844 -9.8648
-47.7279 -13.536 -10.4943 -13.6014 -10.0962
-48.8259 -13.8372 -10.7438 -13.9179 -10.3271
-49.922 -14.1375 -10.9931 -14.2338 -10.5576
-51.016 -14.4367 -11.2425 -14.5492 -10.7877
-52.1081 -14.735 -11.4917 -14.864 -11.0173
-53.1981 -15.0323 -11.741 -15.1783 -11.2466
-54.2861 -15.3287 -11.9901 -15.4919 -11.4754
-55.3721 -15.624 -12.2392 -15.805 -11.7038
-56.456 -15.9184 -12.4883 -16.1175 -11.9318
-57.5378 -16.2118 -12.7373 -16.4293 -12.1594
-58.6175 -16.5042 -12.9862 -16.7406 -12.3866
-59.6951 -16.7956 -13.2351 -17.0511 -12.6133
-60.7706 -17.086 -13.4838 -17.3611 -12.8397
-61.844 -17.3755 -13.7326 -17.6703 -13.0656
-62.9152 -17.664 -13.9812 -17.9789 -13.2911
-63.9843 -17.9515 -14.2297 -18.2868 -13.5163
-65.0512 -18.238 -14.4782 -18.594 -13.741
-66.1159 -18.5236 -14.7266 -18.9005 -13.9653
-67.1785 -18.8082 -14.9749 -19.2062 -14.1892
-68.2388 -19.0918 -15.2231 -19.5112 -14.4127
-69.2969 -19.3744 -15.4712 -19.8155 -14.6358
-70.3527 -19.656 -15.7192 -20.119 -14.8585
-71.4063 -19.9367 -15.9671 -20.4217 -15.0808
-72.4576 -20.2163 -16.2149 -20.7236 -15.3027
-73.5066 -20.495 -16.4626 -21.0248 -15.5242
-74.5534 -20.7727 -16.7102 -21.3251 -15.7453
-75.5978 -21.0495 -16.9577 -21.6246 -15.966
-76.6399 -21.3252 -17.205 -21.9233 -16.1863
-77.6797 -21.6 -17.4522 -22.2212 -16.4062
-78.7171 -21.8738 -17.6993 -22.5182 -16.6258
-79.7521 -22.1466 -17.9463 -22.8143 -16.8449
-80.7848 -22.4184 -18.1931 -23.1096 -17.0637
-81.8151 -22.6893 -18.4398 -23.404 -17.282
-82.843 -22.9592 -18.6863 -23.6975 -17.5
-83.8684 -23.2281 -18.9327 -23.99 -17.7176
-84.8914 -23.496 -19.1789 -24.2817 -17.9348
-85.912 -23.7629 -19.425 -24.5725 -18.1516
-86.9301 -24.0289 -19.6709 -24.8623 -18.368
-87.9458 -24.2939 -19.9166 -25.1512 -18.5841
-88.9589 -24.5579 -20.1622 -25.4391 -18.7997
-89.9696 -24.8209 -20.4076 -25.726 -19.015
-90.9777 -25.0829 -20.6528 -26.012 -19.2299
-91.9833 -25.344 -20.8979 -26.297 -19.4444
-92.9864 -25.6041 -21.1427 -26.581 -19.6586
-93.9869 -25.8632 -21.3873 -26.8641 -19.8724
-94.9849 -26.1213 -21.6318 -27.1461 -20.0857
-95.9803 -26.3784 -21.876 -27.427 -20.2988
-96.9731 -26.6346 -22.12 -27.707 -20.5114
-97.9632 -26.8898 -22.3639 -27.9859 -20.7237
-98.9508 -27.144 -22.6074 -28.2638 -20.9356
-99.9357 -27.3972 -22.8508 -28.5406 -21.1471
-100.918 -27.6495 -23.0939 -28.8164 -21.3583
-101.898 -27.9007 -23.3368 -29.091 -21.569
-102.875 -28.151 -23.5795 -29.3646 -21.7795
-103.849 -28.4003 -23.8219 -29.6372 -21.9895
-104.82 -28.6487 -24.0641 -29.9086 -22.1992
-105.789 -28.896 -24.306 -30.1789 -22.4085
-106.756 -29.1424 -24.5476 -30.4481 -22.6175
-107.719 -29.3878 -24.789 -30.7162 -22.8261
-108.68 -29.6322 -25.0301 -30.9831 -23.0343
-109.638 -29.8756 -25.2709 -31.249 -23.2421
-110.593 -30.118 -25.5114 -31.5137 -23.4497
-111.545 -30.3595 -25.7517 -31.7772 -23.6568
-112.495 -30.6 -25.9916 -32.0396 -23.8636
-113.442 -30.8395 -26.2312 -32.3008 -24.07
-114.386 -31.078 -26.4705 -32.5608 -24.2761
-115.327 -31.3156 -26.7096 -32.8197 -24.4818
-116.265 -31.5522 -26.9482 -33.0774 -24.6872
-117.2 -31.7878 -27.1866 -33.3339 -24.8922
-118.133 -32.0224 -27.4246 -33.5892 -25.0968
-119.063 -32.256 -27.6623 -33.8433 -25.3011
-119.99 -32.4887 -27.8996 -34.0962 -25.505
-120.913 -32.7203 -28.1366 -34.3479 -25.7086
-121.835 -32.951 -28.3732 -34.5984 -25.9119
-122.753 -33.1807 -28.6095 -34.8476 -26.1148
-123.668 -33.4095 -28.8453 -35.0956 -26.3173
-124.58 -33.6372 -29.0808 -35.3424 -26.5195
-125.489 -33.864 -29.316 -35.588 -26.7214
-126.396 -34.0898 -29.5507 -35.8322 -26.9229
-127.299 -34.3146 -29.785 -36.0753 -27.124
-128.199 -34.5384 -30.0189 -36.3171 -27.3249
-129.097 -34.7613 -30.2524 -36.5576 -27.5253
-129.991 -34.9832 -30.4855 -36.7969 -27.7255
-130.882 -35.2041 -30.7181 -37.0349 -27.9252
-131.771 -35.424 -30.9504 -37.2716 -28.1247
-132.656 -35.6429 -31.1821 -37.507 -28.3238
-133.538 -35.8609 -31.4135 -37.7412 -28.5225
-134.417 -36.0779 -31.6443 -37.974 -28.721
-135.293 -36.2939 -31.8748 -38.2056 -28.9191
-136.166 -36.5089 -32.1047 -38.4359 -29.1168
-137.036 -36.7229 -32.3342 -38.6649 -29.3142
-137.903 -36.936 -32.5632 -38.8926 -29.5113
-138.767 -37.1481 -32.7917 -39.119 -29.708
-139.627 -37.3592 -33.0197 -39.3441 -29.9044
-140.485 -37.5693 -33.2472 -39.5678 -30.1005
-141.339 -37.7784 -33.4741 -39.7903 -30.2962
-142.19 -37.9866 -33.7006 -40.0114 -30.4916
-143.038 -38.1938 -33.9265 -40.2312 -30.6867
-143.883 -38.4 -34.1519 -40.4497 -30.8815
-144.725 -38.6052 -34.3768 -40.6669 -31.0759
-145.563 -38.8095 -34.6011 -40.8827 -31.2699
-146.399 -39.0127 -34.8249 -41.0973 -31.4637
-147.231 -39.215 -35.0481 -41.3105 -31.6571
-148.06 -39.4163 -35.2707 -41.5223 -31.8502
-148.885 -39.6167 -35.4928 -41.7328 -32.043
-149.708 -39.816 -35.7142 -41.942 -32.2354
-150.527 -40.0144 -35.9351 -42.1498 -32.4275
-151.343 -40.2118 -36.1553 -42.3564 -32.6193
-152.155 -40.4082 -36.375 -42.5615 -32.8107
-152.965 -40.6036 -36.5941 -42.7653 -33.0019
-153.771 -40.798 -36.8125 -42.9678 -33.1927
-154.574 -40.9915 -37.0303 -43.1689 -33.3832
-155.373 -41.184 -37.2474 -43.3687 -33.5733
-156.17 -41.3755 -37.4639 -43.5672 -33.7632
-156.963 -41.566 -37.6798 -43.7642 -33.9527
-157.752 -41.7556 -37.895 -43.96 -34.1418
-158.539 -41.9442 -38.1095 -44.1544 -34.3307
-159.322 -42.1318 -38.3233 -44.3474 -34.5192
-160.101 -42.3184 -38.5365 -44.5391 -34.7075
-160.878 -42.504 -38.7489 -44.7295 -34.8954
-161.651 -42.6887 -38.9607 -44.9184 -35.0829
-162.42 -42.8723 -39.1718 -45.1061 -35.2702
-163.187 -43.055 -39.3821 -45.2924 -35.4571
-163.95 -43.2367 -39.5917 -45.4773 -35.6437
-164.709 -43.4175 -39.8006 -45.6609 -35.83
-165.465 -43.5972 -40.0088 -45.8432 -36.016
-166.218 -43.776 -40.2162 -46.0241 -36.2016
-166.967 -43.9538 -40.4228 -46.2036 -36.3869
-167.713 -44.1306 -40.6287 -46.3818 -36.5719
-168.456 -44.3064 -40.8339 -46.5587 -36.7566
-169.195 -44.4813 -41.0382 -46.7342 -36.941
-169.93 -44.6552 -41.2418 -46.9084 -37.125
-170.663 -44.8281 -41.4445 -47.0812 -37.3088
-171.391 -45 -41.6465 -47.2527 -37.4922
-172.117 -45.1709 -41.8477 -47.4228 -37.6752
-172.839 -45.3409 -42.048 -47.5916 -37.858
-173.557 -45.5099 -42.2476 -47.7591 -38.0404
-174.272 -45.6779 -42.4463 -47.9252 -38.2225
-174.983 -45.8449 -42.6442 -48.09 -38.4043
-175.691 -46.0109 -42.8412 -48.2534 -38.5858
-176.396 -46.176 -43.0374 -48.4156 -38.7669
-177.097 -46.3401 -43.2327 -48.5764 -38.9477
-177.794 -46.5032 -43.4271 -48.7358 -39.1282
-178.488 -46.6653 -43.6207 -48.894 -39.3084
-179.179 -46.8264 -43.8134 -49.0508 -39.4883
-179.866 -46.9866 -44.0052 -49.2063 -39.6678
-180.549 -47.1458 -44.1961 -49.3605 -39.847
-181.229 -47.304 -44.3861 -49.5134 -40.0258
-181.906 -47.4612 -44.5752 -49.6649 -40.2044
-182.579 -47.6175 -44.7634 -49.8152 -40.3826
-183.248 -47.7727 -44.9507 -49.9641 -40.5604
-183.914 -47.927 -45.137 -50.1117 -40.738
-184.576 -48.0803 -45.3224 -50.258 -40.9152
-185.235 -48.2327 -45.5068 -50.4031 -41.0921
-185.89 -48.384 -45.6903 -50.5468 -41.2686
-186.541 -48.5344 -45.8729 -50.6892 -41.4448
-187.189 -48.6838 -46.0544 -50.8304 -41.6207
-187.834 -48.8322 -46.235 -50.9702 -41.7962
-188.474 -48.9796 -46.4146 -51.1088 -41.9714
-189.112 -49.126 -46.5933 -51.2461 -42.1462
-189.745 -49.2715 -46.7709 -51.3821 -42.3207
-190.375 -49.416 -46.9475 -51.5168 -42.4949
-191.002 -49.5595 -47.1232 -51.6503 -42.6687
-191.624 -49.702 -47.2978 -51.7825 -42.8421
-192.244 -49.8436 -47.4714 -51.9134 -43.0152
-192.859 -49.9842 -47.644 -52.0431 -43.188
-193.471 -50.1238 -47.8155 -52.1715 -43.3604
-194.079 -50.2624 -47.986 -52.2987 -43.5324
-194.684 -50.4 -48.1555 -52.4246 -43.7041
-195.285 -50.5367 -48.3239 -52.5492 -43.8754
-195.883 -50.6723 -48.4912 -52.6726 -44.0464
-196.476 -50.807 -48.6575 -52.7948 -44.217
-197.066 -50.9407 -48.8227 -52.9158 -44.3872
-197.653 -51.0735 -48.9869 -53.0355 -44.557
-198.236 -51.2052 -49.1499 -53.154 -44.7265
-198.815 -51.336 -49.3119 -53.2713 -44.8956
-199.39 -51.4658 -49.4728 -53.3873 -45.0643
-199.962 -51.5946 -49.6325 -53.5022 -45.2326
-200.53 -51.7224 -49.7912 -53.6158 -45.4006
-201.094 -51.8493 -49.9488 -53.7282 -45.5681
-201.655 -51.9752 -50.1053 -53.8395 -45.7353
-202.212 -52.1001 -50.2606 -53.9495 -45.902
-202.765 -52.224 -50.4148 -54.0583 -46.0683
-203.315 -52.3469 -50.5679 -54.166 -46.2343
-203.861 -52.4689 -50.7198 -54.2725 -46.3998
-204.403 -52.5899 -50.8706 -54.3778 -46.5649
-204.942 -52.7099 -51.0203 -54.4819 -46.7296
-205.476 -52.8289 -51.1688 -54.5848 -46.8939
-206.007 -52.9469 -51.3161 -54.6866 -47.0577
-206.535 -53.064 -51.4623 -54.7873 -47.2211
-207.058 -53.1801 -51.6073 -54.8867 -47.3841
-207.578 -53.2952 -51.7512 -54.9851 -47.5466
-208.094 -53.4093 -51.8938 -55.0823 -47.7086
-208.606 -53.5224 -52.0353 -55.1783 -47.8702
-209.115 -53.6346 -52.1756 -55.2732 -48.0314
-209.62 -53.7458 -52.3148 -55.367 -48.1921
-210.121 -53.856 -52.4527 -55.4597 -48.3523
-210.618 -53.9652 -52.5894 -55.5512 -48.512
-211.111 -54.0735 -52.725 -55.6416 -48.6712
-211.601 -54.1807 -52.8593 -55.731 -48.83
-212.087 -54.287 -52.9924 -55.8192 -48.9882
-212.569 -54.3923 -53.1243 -55.9063 -49.146
-213.047 -54.4967 -53.255 -55.9923 -49.3032
-213.522 -54.6 -53.3845 -56.0772 -49.4599
-213.992 -54.7024 -53.5127 -56.1611 -49.616
-214.459 -54.8038 -53.6398 -56.2438 -49.7717
-214.922 -54.9042 -53.7656 -56.3255 -49.9268
-215.381 -55.0036 -53.8901 -56.4062 -50.0813
-215.837 -55.102 -54.0135 -56.4857 -50.2353
-216.288 -55.1995 -54.1356 -56.5642 -50.3887
-216.736 -55.296 -54.2564 -56.6417 -50.5415
-217.179 -55.3915 -54.376 -56.7181 -50.6938
-217.619 -55.486 -54.4944 -56.7935 -50.8454
-218.055 -55.5796 -54.6115 -56.8678 -50.9964
-218.487 -55.6722 -54.7273 -56.9411 -51.1468
-218.916 -55.7638 -54.8419 -57.0134 -51.2966
-219.34 -55.8544 -54.9553 -57.0846 -51.4458
-219.76 -55.944 -55.0673 -57.1549 -51.5943
-220.177 -56.0327 -55.1782 -57.2241 -51.7421
-220.59 -56.1203 -55.2877 -57.2923 -51.8893
-220.998 -56.207 -55.396 -57.3595 -52.0358
-221.403 -56.2927 -55.503 -57.4258 -52.1815
-221.804 -56.3775 -55.6088 -57.491 -52.3266
-222.201 -56.4612 -55.7133 -57.5553 -52.471
-222.594 -56.544 -55.8165 -57.6186 -52.6146
-222.983 -56.6258 -55.9184 -57.6809 -52.7575
-223.368 -56.7066 -56.0191 -57.7422 -52.8996
-223.749 -56.7864 -56.1185 -57.8026 -53.041
-224.125 -56.8653 -56.2166 -57.8621 -53.1816
-224.498 -56.9432 -56.3134 -57.9205 -53.3213
-224.867 -57.0201 -56.4089 -57.9781 -53.4603
-225.232 -57.096 -56.5032 -58.0347 -53.5984
-225.593 -57.1709 -56.5962 -58.0904 -53.7357
-225.95 -57.2449 -56.6879 -58.1451 -53.8721
-226.303 -57.3179 -56.7783 -58.1989 -54.0077
-226.651 -57.3899 -56.8675 -58.2518 -54.1423
-226.996 -57.4609 -56.9553 -58.3038 -54.2761
-227.337 -57.5309 -57.0419 -58.3549 -54.4089
-227.673 -57.6 -57.1272 -58.4051 -54.5408
-228.005 -57.6681 -57.2112 -58.4544 -54.6717
-228.333 -57.7352 -57.2939 -58.5028 -54.8016
-228.657 -57.8013 -57.3753 -58.5503 -54.9306
-228.977 -57.8664 -57.4555 -58.5969 -55.0585
-229.293 -57.9306 -57.5343 -58.6427 -55.1854
-229.605 -57.9938 -57.6119 -58.6876 -55.3112
-229.912 -58.056 -57.6882 -58.7317 -55.436
-230.215 -58.1172 -57.7633 -58.7748 -55.5597
-230.514 -58.1775 -57.837 -58.8172 -55.6822
-230.808 -58.2367 -57.9095 -58.8587 -55.8036
-231.099 -58.295 -57.9806 -58.8993 -55.9239
-231.385 -58.3523 -58.0505 -58.9391 -56.043
-231.667 -58.4087 -58.1192 -58.9781 -56.1609
-231.944 -58.464 -58.1865 -59.0163 -56.2776
-232.218 -58.5184 -58.2526 -59.0536 -56.393
-232.486 -58.5718 -58.3174 -59.0901 -56.5071
-232.751 -58.6242 -58.3809 -59.1258 -56.62
-233.011 -58.6756 -58.4432 -59.1608 -56.7315
-233.267 -58.726 -58.5042 -59.1949 -56.8417
-233.518 -58.7755 -58.5639 -59.2282 -56.9506
-233.765 -58.824 -58.6224 -59.2608 -57.058
-234.008 -58.8715 -58.6796 -59.2925 -57.1641
-234.246 -58.918 -58.7355 -59.3235 -57.2687
-234.479 -58.9636 -58.7902 -59.3537 -57.3718
-234.708 -59.0082 -58.8436 -59.3832 -57.4734
-234.933 -59.0518 -58.8958 -59.4119 -57.5735
-235.153 -59.0944 -58.9467 -59.4398 -57.6721
-235.368 -59.136 -58.9964 -59.467 -57.7691
-235.579 -59.1767 -59.0448 -59.4934 -57.8644
-235.786 -59.2163 -59.092 -59.5192 -57.9582
-235.987 -59.255 -59.1379 -59.5441 -58.0503
-236.184 -59.2927 -59.1826 -59.5684 -58.1407
-236.377 -59.3295 -59.2261 -59.5919 -58.2293
-236.564 -59.3652 -59.2683 -59.6147 -58.3162
-236.747 -59.4 -59.3093 -59.6368 -58.4014
-236.926 -59.4338 -59.3491 -59.6582 -58.4847
-237.099 -59.4666 -59.3876 -59.6789 -58.5661
-237.268 -59.4984 -59.425 -59.6989 -58.6457
-237.432 -59.5293 -59.4611 -59.7181 -58.7234
-237.591 -59.5592 -59.496 -59.7368 -58.7992
-237.745 -59.5881 -59.5297 -59.7547 -58.8729
-237.895 -59.616 -59.5622 -59.7719 -58.9447
-238.039 -59.6429 -59.5935 -59.7885 -59.0144
-238.179 -59.6689 -59.6236 -59.8044 -59.0821
-238.314 -59.6939 -59.6525 -59.8197 -59.1476
-238.443 -59.7179 -59.6802 -59.8343 -59.211
-238.568 -59.7409 -59.7067 -59.8482 -59.2723
-238.688 -59.7629 -59.7321 -59.8615 -59.3313
-238.802 -59.784 -59.7562 -59.8741 -59.3881
-238.912 -59.8041 -59.7792 -59.8862 -59.4426
-239.017 -59.8232 -59.8011 -59.8975 -59.4948
-239.116 -59.8413 -59.8217 -59.9083 -59.5447
-239.21 -59.8584 -59.8412 -59.9184 -59.5921
-239.299 -59.8746 -59.8596 -59.9279 -59.6372
-239.383 -59.8898 -59.8768 -59.9368 -59.6798
-239.462 -59.904 -59.8928 -59.9451 -59.7199
-239.535 -59.9172 -59.9077 -59.9528 -59.7575
-239.603 -59.9295 -59.9215 -59.9599 -59.7925
-239.666 -59.9407 -59.9341 -59.9664 -59.8249
-239.724 -59.951 -59.9457 -59.9723 -59.8547
-239.776 -59.9603 -59.9561 -59.9776 -59.8818
-239.823 -59.9687 -59.9653 -59.9824 -59.9063
-239.864 -59.976 -59.9735 -59.9865 -59.9279
-239.9 -59.9824 -59.9806 -59.9901 -59.9468
-239.93 -59.9878 -59.9865 -59.9932 -59.9629
-239.955 -59.9922 -59.9914 -59.9956 -59.9762
-239.975 -59.9956 -59.9952 -59.9976 -59.9866
-239.989 -59.998 -59.9979 -59.9989 -59.994
-239.997 -59.9995 -59.9995 -59.9997 -59.9985
-240 -60 -60 -60 -60
-239.964 -59.9662 -59.9995 -59.9997 -59.9985
-239.923 -59.9323 -59.9979 -59.9989 -59.9939
-239.878 -59.8985 -59.9952 -59.9976 -59.9862
-239.827 -59.8646 -59.9915 -59.9957 -59.9755
-239.772 -59.8308 -59.9868 -59.9934 -59.9615
-239.713 -59.7969 -59.981 -59.9905 -59.9444
-239.648 -59.7631 -59.9741 -59.9871 -59.924
-239.579 -59.7292 -59.9663 -59.9831 -59.9004
-239.505 -59.6954 -59.9574 -59.9787 -59.8735
-239.426 -59.6615 -59.9475 -59.9738 -59.8432
-239.342 -59.6277 -59.9366 -59.9684 -59.8097
-239.254 -59.5938 -59.9247 -59.9625 -59.7727
-239.161 -59.56 -59.9118 -59.9561 -59.7333
-239.067 -59.5262 -59.8979 -59.9492 -59.6938
-238.971 -59.4923 -59.883 -59.9419 -59.6543
-238.874 -59.4585 -59.8671 -59.934 -59.6148
-238.776 -59.4246 -59.8503 -59.9257 -59.5753
-238.676 -59.3908 -59.8325 -59.917 -59.5358
-238.575 -59.3569 -59.8137 -59.9077 -59.4963
-238.472 -59.3231 -59.794 -59.8981 -59.4567
-238.368 -59.2892 -59.7733 -59.8879 -59.4172
-238.262 -59.2554 -59.7517 -59.8773 -59.3777
-238.155 -59.2215 -59.7291 -59.8663 -59.3382
-238.047 -59.1877 -59.7056 -59.8548 -59.2987
-237.937 -59.1538 -59.6812 -59.8429 -59.2592
-237.826 -59.12 -59.6559 -59.8306 -59.2197
-237.714 -59.0862 -59.6296 -59.8178 -59.1802
-237.6 -59.0523 -59.6025 -59.8046 -59.1407
-237.485 -59.0185 -59.5745 -59.7909 -59.1012
-237.369 -58.9846 -59.5455 -59.7769 -59.0617
-237.251 -58.9508 -59.5157 -59.7624 -59.0222
-237.132 -58.9169 -59.485 -59.7476 -58.9826
-237.012 -58.8831 -59.4534 -59.7323 -58.9431
-236.89 -58.8492 -59.421 -59.7166 -58.9036
-236.768 -58.8154 -59.3877 -59.7005 -58.8641
-236.644 -58.7815 -59.3536 -59.684 -58.8246
-236.519 -58.7477 -59.3186 -59.6672 -58.7851
-236.392 -58.7138 -59.2828 -59.6499 -58.7456
-236.264 -58.68 -59.2461 -59.6323 -58.7061
-236.136 -58.6462 -59.2086 -59.6142 -58.6666
-236.006 -58.6123 -59.1703 -59.5958 -58.6271
-235.874 -58.5785 -59.1312 -59.5771 -58.5876
-235.742 -58.5446 -59.0913 -59.5579 -58.5481
-235.608 -58.5108 -59.0506 -59.5384 -58.5085
-235.474 -58.4769 -59.0091 -59.5185 -58.469
-235.338 -58.4431 -58.9668 -59.4983 -58.4295
-235.201 -58.4092 -58.9237 -59.4777 -58.39
-235.062 -58.3754 -58.8799 -59.4567 -58.3505
-234.923 -58.3415 -58.8352 -59.4354 -58.311
-234.783 -58.3077 -58.7899 -59.4138 -58.2715
-234.641 -58.2738 -58.7438 -59.3918 -58.232
-234.499 -58.24 -58.6969 -59.3695 -58.1925
-234.355 -58.2062 -58.6493 -59.3468 -58.153
-234.211 -58.1723 -58.601 -59.3238 -58.1135
-234.065 -58.1385 -58.5519 -59.3005 -58.074
-233.918 -58.1046 -58.5021 -59.2768 -58.0344
-233.77 -58.0708 -58.4517 -59.2528 -57.9949
-233.621 -58.0369 -58.4005 -59.2285 -57.9554
-233.471 -58.0031 -58.3486 -59.2039 -57.9159
-233.321 -57.9692 -58.296 -59.179 -57.8764
-233.169 -57.9354 -58.2427 -59.1537 -57.8369
-233.016 -57.9015 -58.1888 -59.1282 -57.7974
-232.862 -57.8677 -58.1342 -59.1023 -57.7579
-232.707 -57.8338 -58.0789 -59.0761 -57.7184
-232.552 -57.8 -58.023 -59.0497 -57.6789
-232.395 -57.7662 -57.9664 -59.0229 -57.6394
-232.237 -57.7323 -57.9092 -58.9959 -57.5998
-232.079 -57.6985 -57.8513 -58.9686 -57.5603
-231.919 -57.6646 -57.7928 -58.9409 -57.5208
-231.759 -57.6308 -57.7337 -58.913 -57.4813
-231.598 -57.5969 -57.674 -58.8848 -57.4418
-231.435 -57.5631 -57.6136 -58.8564 -57.4023
-231.272 -57.5292 -57.5527 -58.8276 -57.3628
-231.108 -57.4954 -57.4912 -58.7986 -57.3233
-230.944 -57.4615 -57.429 -58.7694 -57.2838
-230.778 -57.4277 -57.3663 -58.7398 -57.2443
-230.612 -57.3938 -57.303 -58.71 -57.2048
-230.444 -57.36 -57.2391 -58.6799 -57.1653
-230.276 -57.3262 -57.1747 -58.6496 -57.1257
-230.107 -57.2923 -57.1097 -58.619 -57.0862
-229.938 -57.2585 -57.0441 -58.5882 -57.0467
-229.767 -57.2246 -56.978 -58.5571 -57.0072
-229.596 -57.1908 -56.9114 -58.5258 -56.9677
-229.424 -57.1569 -56.8442 -58.4942 -56.9282
-229.251 -57.1231 -56.7765 -58.4624 -56.8887
-229.077 -57.0892 -56.7083 -58.4303 -56.8492
-228.903 -57.0554 -56.6396 -58.398 -56.8097
-228.728 -57.0215 -56.5704 -58.3655 -56.7702
-228.552 -56.9877 -56.5006 -58.3328 -56.7307
-228.375 -56.9538 -56.4304 -58.2998 -56.6912
-228.198 -56.92 -56.3597 -58.2666 -56.6516
-228.02 -56.8862 -56.2885 -58.2331 -56.6121
-227.841 -56.8523 -56.2168 -58.1995 -56.5726
-227.662 -56.8185 -56.1446 -58.1656 -56.5331
-227.482 -56.7846 -56.072 -58.1315 -56.4936
-227.301 -56.7508 -55.999 -58.0972 -56.4541
-227.12 -56.7169 -55.9254 -58.0627 -56.4146
-226.938 -56.6831 -55.8515 -58.028 -56.3751
-226.755 -56.6492 -55.777 -57.9931 -56.3356
-226.572 -56.6154 -55.7022 -57.9579 -56.2961
-226.388 -56.5815 -55.6269 -57.9226 -56.2566
-226.203 -56.5477 -55.5512 -57.8871 -56.2171
-226.018 -56.5138 -55.4751 -57.8513 -56.1775
-225.832 -56.48 -55.3986 -57.8154 -56.138
-225.646 -56.4462 -55.3217 -57.7793 -56.0985
-225.459 -56.4123 -55.2443 -57.743 -56.059
-225.271 -56.3785 -55.1666 -57.7065 -56.0195
-225.083 -56.3446 -55.0885 -57.6698 -55.98
-224.894 -56.3108 -55.01 -57.6329 -55.9405
-224.705 -56.2769 -54.9311 -57.5959 -55.901
-224.515 -56.2431 -54.8519 -57.5587 -55.8615
-224.325 -56.2092 -54.7723 -57.5213 -55.822
-224.134 -56.1754 -54.6923 -57.4837 -55.7825
-223.942 -56.1415 -54.612 -57.4459 -55.7429
-223.751 -56.1077 -54.5314 -57.408 -55.7034
-223.558 -56.0738 -54.4504 -57.3699 -55.6639
-223.365 -56.04 -54.369 -57.3317 -55.6244
-223.172 -56.0062 -54.2874 -57.2933 -55.5849
-222.978 -55.9723 -54.2054 -57.2547 -55.5454
-222.783 -55.9385 -54.1231 -57.216 -55.5059
-222.588 -55.9046 -54.0404 -57.1771 -55.4664
-222.393 -55.8708 -53.9575 -57.138 -55.4269
-222.197 -55.8369 -53.8742 -57.0988 -55.3874
-222.001 -55.8031 -53.7907 -57.0595 -55.3479
-221.804 -55.7692 -53.7069 -57.0199 -55.3084
-221.607 -55.7354 -53.6227 -56.9803 -55.2688
-221.41 -55.7015 -53.5383 -56.9405 -55.2293
-221.212 -55.6677 -53.4536 -56.9005 -55.1898
-221.013 -55.6338 -53.3687 -56.8605 -55.1503
-220.814 -55.6 -53.2834 -56.8202 -55.1108
-220.615 -55.5662 -53.1979 -56.7799 -55.0713
-220.416 -55.5323 -53.1122 -56.7394 -55.0318
-220.216 -55.4985 -53.0262 -56.6987 -54.9923
-220.015 -55.4646 -52.9399 -56.6579 -54.9528
-219.814 -55.4308 -52.8534 -56.617 -54.9133
-219.613 -55.3969 -52.7667 -56.576 -54.8738
-219.412 -55.3631 -52.6797 -56.5349 -54.8343
-219.21 -55.3292 -52.5925 -56.4936 -54.7947
-219.008 -55.2954 -52.5051 -56.4522 -54.7552
-218.805 -55.2615 -52.4174 -56.4106 -54.7157
-218.602 -55.2277 -52.3296 -56.369 -54.6762
-218.399 -55.1938 -52.2415 -56.3272 -54.6367
-218.196 -55.16 -52.1532 -56.2853 -54.5972
-217.992 -55.1262 -52.0647 -56.2433 -54.5577
-217.788 -55.0923 -51.9761 -56.2012 -54.5182
-217.583 -55.0585 -51.8872 -56.159 -54.4787
-217.379 -55.0246 -51.7981 -56.1166 -54.4392
-217.173 -54.9908 -51.7089 -56.0742 -54.3997
-216.968 -54.9569 -51.6195 -56.0316 -54.3601
-216.763 -54.9231 -51.5299 -55.9889 -54.3206
-216.557 -54.8892 -51.4401 -55.9462 -54.2811
-216.351 -54.8554 -51.3502 -55.9033 -54.2416
-216.144 -54.8215 -51.2601 -55.8603 -54.2021
-215.937 -54.7877 -51.1699 -55.8173 -54.1626
-215.731 -54.7538 -51.0795 -55.7741 -54.1231
-215.523 -54.72 -50.9889 -55.7308 -54.0836
-215.316 -54.6862 -50.8982 -55.6875 -54.0441
-215.108 -54.6523 -50.8074 -55.644 -54.0046
-214.9 -54.6185 -50.7164 -55.6005 -53.9651
-214.692 -54.5846 -50.6253 -55.5568 -53.9256
-214.484 -54.5508 -50.5341 -55.5131 -53.886
-214.275 -54.5169 -50.4427 -55.4693 -53.8465
-214.067 -54.4831 -50.3513 -55.4254 -53.807
-213.858 -54.4492 -50.2597 -55.3814 -53.7675
-213.649 -54.4154 -50.1679 -55.3373 -53.728
-213.439 -54.3815 -50.0761 -55.2932 -53.6885
-213.23 -54.3477 -49.9842 -55.2489 -53.649
-213.02 -54.3138 -49.8922 -55.2046 -53.6095
-212.81 -54.28 -49.8001 -55.1602 -53.57
-212.6 -54.2462 -49.7078 -55.1158 -53.5305
-212.39 -54.2123 -49.6155 -55.0712 -53.491
-212.18 -54.1785 -49.5231 -55.0266 -53.4515
-211.969 -54.1446 -49.4306 -54.9819 -53.4119
-211.758 -54.1108 -49.3381 -54.9372 -53.3724
-211.548 -54.0769 -49.2455 -54.8923 -53.3329
-211.337 -54.0431 -49.1527 -54.8474 -53.2934
-211.126 -54.0092 -49.06 -54.8025 -53.2539
-210.914 -53.9754 -48.9671 -54.7574 -53.2144
-210.703 -53.9415 -48.8742 -54.7123 -53.1749
-210.491 -53.9077 -48.7812 -54.6672 -53.1354
-210.28 -53.8738 -48.6882 -54.6219 -53.0959
-210.068 -53.84 -48.5951 -54.5767 -53.0564
-209.856 -53.8062 -48.502 -54.5313 -53.0169
-209.644 -53.7723 -48.4088 -54.4859 -52.9774
-209.432 -53.7385 -48.3156 -54.4404 -52.9378
-209.22 -53.7046 -48.2224 -54.3949 -52.8983
-209.008 -53.6708 -48.1291 -54.3493 -52.8588
-208.796 -53.6369 -48.0357 -54.3037 -52.8193
-208.583 -53.6031 -47.9424 -54.258 -52.7798
-208.371 -53.5692 -47.849 -54.2123 -52.7403
-208.158 -53.5354 -47.7556 -54.1665 -52.7008
-207.946 -53.5015 -47.6621 -54.1207 -52.6613
-207.733 -53.4677 -47.5687 -54.0748 -52.6218
-207.52 -53.4338 -47.4752 -54.0289 -52.5823
-207.307 -53.4 -47.3817 -53.9829 -52.5428
-207.095 -53.3662 -47.2883 -53.9369 -52.5032
-206.882 -53.3323 -47.1948 -53.8908 -52.4637
-206.669 -53.2985 -47.1012 -53.8447 -52.4242
-206.456 -53.2646 -47.0077 -53.7985 -52.3847
-206.243 -53.2308 -46.9142 -53.7523 -52.3452
-206.029 -53.1969 -46.8207 -53.7061 -52.3057
-205.816 -53.1631 -46.7272 -53.6598 -52.2662
-205.603 -53.1292 -46.6337 -53.6135 -52.2267
-205.39 -53.0954 -46.5403 -53.5672 -52.1872
-205.177 -53.0615 -46.4468 -53.5208 -52.1477
-204.964 -53.0277 -46.3534 -53.4743 -52.1082
-204.75 -52.9938 -46.2599 -53.4279 -52.0687
-204.537 -52.96 -46.1665 -53.3814 -52.0291
-204.324 -52.9262 -46.0732 -53.3349 -51.9896
-204.111 -52.8923 -45.9798 -53.2883 -51.9501
-203.897 -52.8585 -45.8865 -53.2417 -51.9106
-203.684 -52.8246 -45.7932 -53.1951 -51.8711
-203.471 -52.7908 -45.6999 -53.1485 -51.8316
-203.258 -52.7569 -45.6067 -53.1018 -51.7921
-203.044 -52.7231 -45.5135 -53.0551 -51.7526
-202.831 -52.6892 -45.4204 -53.0084 -51.7131
-202.618 -52.6554 -45.3273 -52.9616 -51.6736
-202.405 -52.6215 -45.2342 -52.9148 -51.6341
-202.191 -52.5877 -45.1412 -52.868 -51.5946
-201.978 -52.5538 -45.0482 -52.8212 -51.555
-201.765 -52.52 -44.9553 -52.7744 -51.5155
-201.552 -52.4862 -44.8624 -52.7275 -51.476
-201.339 -52.4523 -44.7696 -52.6806 -51.4365
-201.126 -52.4185 -44.6769 -52.6337 -51.397
-200.913 -52.3846 -44.5842 -52.5868 -51.3575
-200.7 -52.3508 -44.4916 -52.5399 -51.318
-200.487 -52.3169 -44.399 -52.4929 -51.2785
-200.275 -52.2831 -44.3065 -52.4459 -51.239
-200.062 -52.2492 -44.2141 -52.3989 -51.1995
-199.849 -52.2154 -44.1217 -52.3519 -51.16
-199.636 -52.1815 -44.0295 -52.3049 -51.1204
-199.424 -52.1477 -43.9372 -52.2579 -51.0809
-199.211 -52.1138 -43.8451 -52.2109 -51.0414
-198.999 -52.08 -43.753 -52.1638 -51.0019
-198.786 -52.0462 -43.6611 -52.1167 -50.9624
-198.574 -52.0123 -43.5692 -52.0697 -50.9229
-198.362 -51.9785 -43.4773 -52.0226 -50.8834
-198.15 -51.9446 -43.3856 -51.9755 -50.8439
-197.937 -51.9108 -43.2939 -51.9284 -50.8044
-197.725 -51.8769 -43.2024 -51.8813 -50.7649
-197.514 -51.8431 -43.1109 -51.8342 -50.7254
-197.302 -51.8092 -43.0195 -51.787 -50.6859
-197.09 -51.7754 -42.9282 -51.7399 -50.6463
-196.878 -51.7415 -42.837 -51.6928 -50.6068
-196.667 -51.7077 -42.7459 -51.6457 -50.5673
-196.455 -51.6738 -42.6549 -51.5985 -50.5278
-196.244 -51.64 -42.564 -51.5514 -50.4883
-196.032 -51.6062 -42.4732 -51.5042 -50.4488
-195.821 -51.5723 -42.3825 -51.4571 -50.4093
-195.61 -51.5385 -42.2919 -51.41 -50.3698
-195.399 -51.5046 -42.2014 -51.3628 -50.3303
-195.188 -51.4708 -42.111 -51.3157 -50.2908
-194.977 -51.4369 -42.0207 -51.2685 -50.2513
-194.767 -51.4031 -41.9305 -51.2214 -50.2118
-194.556 -51.3692 -41.8404 -51.1743 -50.1722
-194.346 -51.3354 -41.7505 -51.1271 -50.1327
-194.135 -51.3015 -41.6606 -51.08 -50.0932
-193.925 -51.2677 -41.5709 -51.0329 -50.0537
-193.715 -51.2338 -41.4813 -50.9857 -50.0142
-193.505 -51.2 -41.3917 -50.9386 -49.9747
-193.295 -51.1662 -41.3024 -50.8915 -49.9352
-193.085 -51.1323 -41.2131 -50.8444 -49.8957
-192.876 -51.0985 -41.1239 -50.7973 -49.8562
-192.666 -51.0646 -41.0349 -50.7502 -49.8167
-192.457 -51.0308 -40.946 -50.7032 -49.7772
-192.248 -50.9969 -40.8572 -50.6561 -49.7377
-192.039 -50.9631 -40.7686 -50.609 -49.6981
-191.83 -50.9292 -40.68 -50.562 -49.6586
-191.621 -50.8954 -40.5916 -50.5149 -49.6191
-191.412 -50.8615 -40.5033 -50.4679 -49.5796
-191.204 -50.8277 -40.4152 -50.4209 -49.5401
-190.995 -50.7938 -40.3272 -50.3739 -49.5006
-190.787 -50.76 -40.2393 -50.3269 -49.4611
-190.579 -50.7262 -40.1515 -50.2799 -49.4216
-190.371 -50.6923 -40.0639 -50.2329 -49.3821
-190.163 -50.6585 -39.9764 -50.186 -49.3426
-189.956 -50.6246 -39.889 -50.1391 -49.3031
-189.748 -50.5908 -39.8018 -50.0921 -49.2635
-189.541 -50.5569 -39.7147 -50.0452 -49.224
-189.334 -50.5231 -39.6278 -49.9983 -49.1845
-189.127 -50.4892 -39.5409 -49.9515 -49.145
-188.92 -50.4554 -39.4543 -49.9046 -49.1055
-188.713 -50.4215 -39.3677 -49.8578 -49.066
-188.506 -50.3877 -39.2813 -49.8109 -49.0265
-188.3 -50.3538 -39.1951 -49.7641 -48.987
-188.094 -50.32 -39.109 -49.7173 -48.9475
-187.888 -50.2862 -39.023 -49.6706 -48.908
-187.682 -50.2523 -38.9372 -49.6238 -48.8685
-187.476 -50.2185 -38.8515 -49.5771 -48.829
-187.27 -50.1846 -38.766 -49.5304 -48.7894
-187.065 -50.1508 -38.6806 -49.4837 -48.7499
-186.86 -50.1169 -38.5953 -49.437 -48.7104
-186.655 -50.0831 -38.5102 -49.3904 -48.6709
-186.45 -50.0492 -38.4253 -49.3438 -48.6314
-186.245 -50.0154 -38.3405 -49.2972 -48.5919
-186.04 -49.9815 -38.2559 -49.2506 -48.5524
-185.836 -49.9477 -38.1714 -49.204 -48.5129
-185.632 -49.9138 -38.087 -49.1575 -48.4734
-185.428 -49.88 -38.0028 -49.111 -48.4339
-185.224 -49.8462 -37.9188 -49.0645 -48.3944
-185.02 -49.8123 -37.8349 -49.018 -48.3549
-184.817 -49.7785 -37.7511 -48.9716 -48.3153
-184.613 -49.7446 -37.6676 -48.9252 -48.2758
-184.41 -49.7108 -37.5841 -48.8788 -48.2363
-184.207 -49.6769 -37.5009 -48.8325 -48.1968
-184.004 -49.6431 -37.4177 -48.7861 -48.1573
-183.802 -49.6092 -37.3348 -48.7398 -48.1178
-183.599 -49.5754 -37.252 -48.6936 -48.0783
-183.397 -49.5415 -37.1693 -48.6473 -48.0388
-183.195 -49.5077 -37.0868 -48.6011 -47.9993
-182.993 -49.4738 -37.0045 -48.5549 -47.9598
-182.791 -49.44 -36.9223 -48.5087 -47.9203
-182.59 -49.4062 -36.8403 -48.4626 -47.8807
-182.388 -49.3723 -36.7584 -48.4165 -47.8412
-182.187 -49.3385 -36.6767 -48.3704 -47.8017
-181.986 -49.3046 -36.5952 -48.3244 -47.7622
-181.786 -49.2708 -36.5138 -48.2783 -47.7227
-181.585 -49.2369 -36.4326 -48.2324 -47.6832
-181.385 -49.2031 -36.3515 -48.1864 -47.6437
-181.185 -49.1692 -36.2706 -48.1405 -47.6042
-180.985 -49.1354 -36.1899 -48.0946 -47.5647
-180.785 -49.1015 -36.1093 -48.0487 -47.5252
-180.585 -49.0677 -36.0289 -48.0029 -47.4857
-180.386 -49.0338 -35.9487 -47.9571 -47.4462
-180.187 -49 -35.8686 -47.9113 -47.4066
-179.988 -48.9662 -35.7887 -47.8656 -47.3671
-179.789 -48.9323 -35.7089 -47.8199 -47.3276
-179.59 -48.8985 -35.6293 -47.7742 -47.2881
-179.392 -48.8646 -35.5499 -47.7286 -47.2486
-179.194 -48.8308 -35.4707 -47.683 -47.2091
-178.995 -48.7969 -35.3916 -47.6374 -47.1696
-178.798 -48.7631 -35.3126 -47.5919 -47.1301
-178.6 -48.7292 -35.2339 -47.5464 -47.0906
-178.403 -48.6954 -35.1553 -47.5009 -47.0511
-178.205 -48.6615 -35.0768 -47.4555 -47.0116
-178.008 -48.6277 -34.9986 -47.4101 -46.9721
-177.812 -48.5938 -34.9205 -47.3648 -46.9325
-177.615 -48.56 -34.8425 -47.3194 -46.893
-177.419 -48.5262 -34.7647 -47.2742 -46.8535
-177.222 -48.4923 -34.6871 -47.2289 -46.814
-177.026 -48.4585 -34.6097 -47.1837 -46.7745
-176.831 -48.4246 -34.5324 -47.1385 -46.735
-176.635 -48.3908 -34.4553 -47.0934 -46.6955
-176.44 -48.3569 -34.3784 -47.0483 -46.656
-176.244 -48.3231 -34.3016 -47.0032 -46.6165
-176.049 -48.2892 -34.2251 -46.9582 -46.577
-175.855 -48.2554 -34.1486 -46.9132 -46.5375
-175.66 -48.2215 -34.0724 -46.8683 -46.498
-175.466 -48.1877 -33.9963 -46.8233 -46.4584
-175.272 -48.1538 -33.9203 -46.7785 -46.4189
-175.078 -48.12 -33.8446 -46.7336 -46.3794
-174.884 -48.0862 -33.769 -46.6888 -46.3399
-174.69 -48.0523 -33.6936 -46.6441 -46.3004
-174.497 -48.0185 -33.6183 -46.5994 -46.2609
-174.304 -47.9846 -33.5432 -46.5547 -46.2214
-174.111 -47.9508 -33.4683 -46.51 -46.1819
-173.918 -47.9169 -33.3936 -46.4655 -46.1424
-173.726 -47.8831 -33.319 -46.4209 -46.1029
-173.534 -47.8492 -33.2446 -46.3764 -46.0634
-173.342 -47.8154 -33.1704 -46.3319 -46.0238
-173.15 -47.7815 -33.0963 -46.2875 -45.9843
-172.958 -47.7477 -33.0224 -46.2431 -45.9448
-172.767 -47.7138 -32.9487 -46.1987 -45.9053
-172.575 -47.68 -32.8751 -46.1544 -45.8658
-172.384 -47.6462 -32.8017 -46.1101 -45.8263
-172.193 -47.6123 -32.7285 -46.0659 -45.7868
-172.003 -47.5785 -32.6554 -46.0217 -45.7473
-171.813 -47.5446 -32.5826 -45.9776 -45.7078
-171.622 -47.5108 -32.5098 -45.9334 -45.6683
-171.432 -47.4769 -32.4373 -45.8894 -45.6288
-171.243 -47.4431 -32.3649 -45.8454 -45.5893
-171.053 -47.4092 -32.2927 -45.8014 -45.5497
-170.864 -47.3754 -32.2207 -45.7574 -45.5102
-170.675 -47.3415 -32.1488 -45.7135 -45.4707
-170.486 -47.3077 -32.0771 -45.6697 -45.4312
-170.297 -47.2738 -32.0056 -45.6259 -45.3917
-170.109 -47.24 -31.9342 -45.5821 -45.3522
-169.92 -47.2062 -31.863 -45.5384 -45.3127
-169.732 -47.1723 -31.792 -45.4947 -45.2732
-169.544 -47.1385 -31.7211 -45.4511 -45.2337
-169.357 -47.1046 -31.6504 -45.4075 -45.1942
-169.169 -47.0708 -31.5799 -45.3639 -45.1547
-168.982 -47.0369 -31.5095 -45.3204 -45.1152
-168.795 -47.0031 -31.4393 -45.277 -45.0756
-168.608 -46.9692 -31.3693 -45.2336 -45.0361
-168.422 -46.9354 -31.2995 -45.1902 -44.9966
-168.235 -46.9015 -31.2298 -45.1469 -44.9571
-168.049 -46.8677 -31.1603 -45.1036 -44.9176
-167.863 -46.8338 -31.0909 -45.0603 -44.8781
-167.677 -46.8 -31.0217 -45.0172 -44.8386
-167.492 -46.7662 -30.9527 -44.974 -44.7991
-167.307 -46.7323 -30.8839 -44.9309 -44.7596
-167.122 -46.6985 -30.8152 -44.8878 -44.7201
-166.937 -46.6646 -30.7467 -44.8448 -44.6806
-166.752 -46.6308 -30.6783 -44.8019 -44.641
-166.568 -46.5969 -30.6102 -44.7589 -44.6015
-166.383 -46.5631 -30.5422 -44.7161 -44.562
-166.199 -46.5292 -30.4743 -44.6732 -44.5225
-166.015 -46.4954 -30.4066 -44.6304 -44.483
-165.832 -46.4615 -30.3391 -44.5877 -44.4435
-165.648 -46.4277 -30.2718 -44.545 -44.404
-165.465 -46.3938 -30.2046 -44.5024 -44.3645
-165.282 -46.36 -30.1376 -44.4598 -44.325
-165.1 -46.3262 -30.0707 -44.4172 -44.2855
-164.917 -46.2923 -30.004 -44.3747 -44.246
-164.735 -46.2585 -29.9375 -44.3322 -44.2065
-164.553 -46.2246 -29.8711 -44.2898 -44.1669
-164.371 -46.1908 -29.8049 -44.2475 -44.1274
-164.189 -46.1569 -29.7389 -44.2051 -44.0879
-164.007 -46.1231 -29.673 -44.1629 -44.0484
-163.826 -46.0892 -29.6073 -44.1206 -44.0089
-163.645 -46.0554 -29.5418 -44.0784 -43.9694
-163.464 -46.0215 -29.4764 -44.0363 -43.9299
-163.284 -45.9877 -29.4112 -43.9942 -43.8904
-163.103 -45.9538 -29.3462 -43.9522 -43.8509
-162.923 -45.92 -29.2813 -43.9102 -43.8114
-162.743 -45.8862 -29.2165 -43.8682 -43.7719
-162.563 -45.8523 -29.152 -43.8263 -43.7324
-162.383 -45.8185 -29.0876 -43.7845 -43.6928
-162.204 -45.7846 -29.0234 -43.7427 -43.6533
-162.025 -45.7508 -28.9593 -43.7009 -43.6138
-161.846 -45.7169 -28.8954 -43.6592 -43.5743
-161.667 -45.6831 -28.8316 -43.6175 -43.5348
-161.488 -45.6492 -28.768 -43.5759 -43.4953
-161.31 -45.6154 -28.7046 -43.5344 -43.4558
-161.132 -45.5815 -28.6413 -43.4928 -43.4163
-160.954 -45.5477 -28.5782 -43.4514 -43.3768
-160.776 -45.5138 -28.5153 -43.4099 -43.3373
-160.599 -45.48 -28.4525 -43.3686 -43.2978
-160.421 -45.4462 -28.3898 -43.3272 -43.2583
-160.244 -45.4123 -28.3274 -43.286 -43.2187
-160.067 -45.3785 -28.265 -43.2447 -43.1792
-159.891 -45.3446 -28.2029 -43.2036 -43.1397
-159.714 -45.3108 -28.1409 -43.1624 -43.1002
-159.538 -45.2769 -28.0791 -43.1213 -43.0607
-159.362 -45.2431 -28.0174 -43.0803 -43.0212
-159.186 -45.2092 -27.9559 -43.0393 -42.9817
-159.01 -45.1754 -27.8945 -42.9984 -42.9422
-158.835 -45.1415 -27.8333 -42.9575 -42.9027
-158.66 -45.1077 -27.7722 -42.9166 -42.8632
-158.485 -45.0738 -27.7113 -42.8758 -42.8237
-158.31 -45.04 -27.6506 -42.8351 -42.7841
-158.135 -45.0062 -27.59 -42.7944 -42.7446
-157.961 -44.9723 -27.5296 -42.7537 -42.7051
-157.787 -44.9385 -27.4693 -42.7131 -42.6656
-157.613 -44.9046 -27.4092 -42.6726 -42.6261
-157.439 -44.8708 -27.3493 -42.6321 -42.5866
-157.265 -44.8369 -27.2894 -42.5916 -42.5471
-157.092 -44.8031 -27.2298 -42.5512 -42.5076
-156.918 -44.7692 -27.1703 -42.5108 -42.4681
-156.745 -44.7354 -27.111 -42.4705 -42.4286
-156.573 -44.7015 -27.0518 -42.4303 -42.3891
-156.4 -44.6677 -26.9927 -42.3901 -42.3496
-156.228 -44.6338 -26.9338 -42.3499 -42.31
-156.055 -44.6 -26.8751 -42.3098 -42.2705
-155.883 -44.5662 -26.8165 -42.2697 -42.231
-155.712 -44.5323 -26.7581 -42.2297 -42.1915
-155.54 -44.4985 -26.6998 -42.1897 -42.152
-155.369 -44.4646 -26.6417 -42.1498 -42.1125
-155.197 -44.4308 -26.5837 -42.11 -42.073
-155.026 -44.3969 -26.5259 -42.0701 -42.0335
-154.856 -44.3631 -26.4682 -42.0304 -41.994
-154.685 -44.3292 -26.4107 -41.9906 -41.9545
-154.515 -44.2954 -26.3533 -41.951 -41.915
-154.344 -44.2615 -26.2961 -41.9114 -41.8755
-154.174 -44.2277 -26.2391 -41.8718 -41.8359
-154.005 -44.1938 -26.1821 -41.8323 -41.7964
-153.835 -44.16 -26.1254 -41.7928 -41.7569
-153.666 -44.1262 -26.0687 -41.7534 -41.7174
-153.496 -44.0923 -26.0123 -41.714 -41.6779
-153.327 -44.0585 -25.9559 -41.6746 -41.6384
-153.159 -44.0246 -25.8997 -41.6354 -41.5989
-152.99 -43.9908 -25.8437 -41.5961 -41.5594
-152.822 -43.9569 -25.7878 -41.557 -41.5199
-152.653 -43.9231 -25.7321 -41.5178 -41.4804
-152.485 -43.8892 -25.6765 -41.4787 -41.4409
-152.317 -43.8554 -25.621 -41.4397 -41.4013
-152.15 -43.8215 -25.5657 -41.4007 -41.3618
-151.982 -43.7877 -25.5106 -41.3618 -41.3223
-151.815 -43.7538 -25.4555 -41.3229 -41.2828
-151.648 -43.72 -25.4007 -41.2841 -41.2433
-151.481 -43.6862 -25.3459 -41.2453 -41.2038
-151.315 -43.6523 -25.2914 -41.2066 -41.1643
-151.148 -43.6185 -25.2369 -41.1679 -41.1248
-150.982 -43.5846 -25.1826 -41.1292 -41.0853
-150.816 -43.5508 -25.1285 -41.0906 -41.0458
-150.65 -43.5169 -25.0745 -41.0521 -41.0063
-150.484 -43.4831 -25.0206 -41.0136 -40.9668
-150.318 -43.4492 -24.9669 -40.9752 -40.9272
-150.153 -43.4154 -24.9133 -40.9368 -40.8877
-149.988 -43.3815 -24.8598 -40.8984 -40.8482
-149.823 -43.3477 -24.8065 -40.8601 -40.8087
-149.658 -43.3138 -24.7534 -40.8219 -40.7692
-149.494 -43.28 -24.7003 -40.7837 -40.7297
-149.329 -43.2462 -24.6475 -40.7455 -40.6902
-149.165 -43.2123 -24.5947 -40.7074 -40.6507
-149.001 -43.1785 -24.5421 -40.6694 -40.6112
-148.837 -43.1446 -24.4897 -40.6314 -40.5717
-148.674 -43.1108 -24.4373 -40.5934 -40.5322
-148.51 -43.0769 -24.3851 -40.5555 -40.4927
-148.347 -43.0431 -24.3331 -40.5177 -40.4531
-148.184 -43.0092 -24.2812 -40.4799 -40.4136
-148.021 -42.9754 -24.2294 -40.4421 -40.3741
-147.858 -42.9415 -24.1778 -40.4044 -40.3346
-147.696 -42.9077 -24.1263 -40.3668 -40.2951
-147.534 -42.8738 -24.0749 -40.3292 -40.2556
-147.371 -42.84 -24.0237 -40.2916 -40.2161
-147.209 -42.8062 -23.9726 -40.2541 -40.1766
-147.048 -42.7723 -23.9216 -40.2166 -40.1371
-146.886 -42.7385 -23.8708 -40.1792 -40.0976
-146.725 -42.7046 -23.8201 -40.1419 -40.0581
-146.563 -42.6708 -23.7696 -40.1046 -40.0186
-146.402 -42.6369 -23.7191 -40.0673 -39.979
-146.242 -42.6031 -23.6689 -40.0301 -39.9395
-146.081 -42.5692 -23.6187 -39.9929 -39.9
-145.92 -42.5354 -23.5687 -39.9558 -39.8605
-145.76 -42.5015 -23.5188 -39.9187 -39.821
-145.6 -42.4677 -23.469 -39.8817 -39.7815
-145.44 -42.4338 -23.4194 -39.8447 -39.742
-145.28 -42.4 -23.3699 -39.8078 -39.7025
-145.121 -42.3662 -23.3206 -39.7709 -39.663
-144.961 -42.3323 -23.2713 -39.7341 -39.6235
-144.802 -42.2985 -23.2223 -39.6973 -39.584
-144.643 -42.2646 -23.1733 -39.6606 -39.5444
-144.484 -42.2308 -23.1244 -39.6239 -39.5049
-144.325 -42.1969 -23.0757 -39.5873 -39.4654
-144.167 -42.1631 -23.0272 -39.5507 -39.4259
-144.009 -42.1292 -22.9787 -39.5142 -39.3864
-143.85 -42.0954 -22.9304 -39.4777 -39.3469
-143.692 -42.0615 -22.8822 -39.4413 -39.3074
-143.535 -42.0277 -22.8341 -39.4049 -39.2679
-143.377 -41.9938 -22.7862 -39.3686 -39.2284
-143.22 -41.96 -22.7384 -39.3323 -39.1889
-143.062 -41.9262 -22.6907 -39.296 -39.1494
-142.905 -41.8923 -22.6432 -39.2598 -39.1099
-142.748 -41.8585 -22.5957 -39.2237 -39.0703
-142.591 -41.8246 -22.5484 -39.1876 -39.0308
-142.435 -41.7908 -22.5013 -39.1515 -38.9913
-142.278 -41.7569 -22.4542 -39.1155 -38.9518
-142.122 -41.7231 -22.4073 -39.0796 -38.9123
-141.966 -41.6892 -22.3605 -39.0437 -38.8728
-141.81 -41.6554 -22.3138 -39.0078 -38.8333
-141.655 -41.6215 -22.2672 -38.972 -38.7938
-141.499 -41.5877 -22.2208 -38.9362 -38.7543
-141.344 -41.5538 -22.1745 -38.9005 -38.7148
-141.188 -41.52 -22.1283 -38.8649 -38.6753
-141.033 -41.4862 -22.0823 -38.8293 -38.6358
-140.879 -41.4523 -22.0363 -38.7937 -38.5962
-140.724 -41.4185 -21.9905 -38.7582 -38.5567
-140.569 -41.3846 -21.9448 -38.7227 -38.5172
-140.415 -41.3508 -21.8992 -38.6873 -38.4777
-140.261 -41.3169 -21.8538 -38.6519 -38.4382
-140.107 -41.2831 -21.8085 -38.6166 -38.3987
-139.953 -41.2492 -21.7633 -38.5813 -38.3592
-139.799 -41.2154 -21.7182 -38.546 -38.3197
-139.646 -41.1815 -21.6732 -38.5109 -38.2802
-139.492 -41.1477 -21.6283 -38.4757 -38.2407
-139.339 -41.1138 -21.5836 -38.4406 -38.2012
-139.186 -41.08 -21.539 -38.4056 -38.1616
-139.033 -41.0462 -21.4945 -38.3706 -38.1221
-138.881 -41.0123 -21.4501 -38.3356 -38.0826
-138.728 -40.9785 -21.4059 -38.3007 -38.0431
-138.576 -40.9446 -21.3617 -38.2659 -38.0036
-138.424 -40.9108 -21.3177 -38.2311 -37.9641
-138.272 -40.8769 -21.2738 -38.1963 -37.9246
-138.12 -40.8431 -21.23 -38.1616 -37.8851
-137.968 -40.8092 -21.1863 -38.1269 -37.8456
-137.817 -40.7754 -21.1428 -38.0923 -37.8061
-137.665 -40.7415 -21.0994 -38.0577 -37.7666
-137.514 -40.7077 -21.056 -38.0232 -37.7271
-137.363 -40.6738 -21.0128 -37.9887 -37.6875
-137.212 -40.64 -20.9697 -37.9543 -37.648
-137.061 -40.6062 -20.9267 -37.9199 -37.6085
-136.911 -40.5723 -20.8839 -37.8856 -37.569
-136.76 -40.5385 -20.8411 -37.8513 -37.5295
-136.61 -40.5046 -20.7985 -37.817 -37.49
-136.46 -40.4708 -20.7559 -37.7828 -37.4505
-136.31 -40.4369 -20.7135 -37.7487 -37.411
-136.16 -40.4031 -20.6712 -37.7146 -37.3715
-136.011 -40.3692 -20.629 -37.6805 -37.332
-135.861 -40.3354 -20.587 -37.6465 -37.2925
-135.712 -40.3015 -20.545 -37.6125 -37.253
-135.563 -40.2677 -20.5031 -37.5786 -37.2134
-135.414 -40.2338 -20.4614 -37.5448 -37.1739
-135.265 -40.2 -20.4198 -37.5109 -37.1344
-135.116 -40.1662 -20.3782 -37.4771 -37.0949
-134.968 -40.1323 -20.3368 -37.4434 -37.0554
-134.82 -40.0985 -20.2955 -37.4097 -37.0159
-134.671 -40.0646 -20.2543 -37.3761 -36.9764
-134.523 -40.0308 -20.2132 -37.3425 -36.9369
-134.375 -39.9969 -20.1723 -37.3089 -36.8974
-134.228 -39.9631 -20.1314 -37.2754 -36.8579
-134.08 -39.9292 -20.0906 -37.242 -36.8184
-133.933 -39.8954 -20.05 -37.2086 -36.7789
-133.786 -39.8615 -20.0094 -37.1752 -36.7393
-133.638 -39.8277 -19.969 -37.1419 -36.6998
-133.491 -39.7938 -19.9287 -37.1086 -36.6603
-133.345 -39.76 -19.8884 -37.0754 -36.6208
-133.198 -39.7262 -19.8483 -37.0422 -36.5813
-133.051 -39.6923 -19.8083 -37.0091 -36.5418
-132.905 -39.6585 -19.7684 -36.976 -36.5023
-132.759 -39.6246 -19.7286 -36.9429 -36.4628
-132.613 -39.5908 -19.6889 -36.9099 -36.4233
-132.467 -39.5569 -19.6493 -36.877 -36.3838
-132.321 -39.5231 -19.6098 -36.8441 -36.3443
-132.176 -39.4892 -19.5704 -36.8112 -36.3047
-132.03 -39.4554 -19.5312 -36.7784 -36.2652
-131.885 -39.4215 -19.492 -36.7456 -36.2257
-131.74 -39.3877 -19.4529 -36.7129 -36.1862
-131.595 -39.3538 -19.4139 -36.6802 -36.1467
-131.45 -39.32 -19.3751 -36.6475 -36.1072
-131.305 -39.2862 -19.3363 -36.615 -36.0677
-131.161 -39.2523 -19.2977 -36.5824 -36.0282
-131.016 -39.2185 -19.2591 -36.5499 -35.9887
-130.872 -39.1846 -19.2206 -36.5174 -35.9492
-130.728 -39.1508 -19.1823 -36.485 -35.9097
-130.584 -39.1169 -19.144 -36.4527 -35.8702
-130.44 -39.0831 -19.1059 -36.4203 -35.8306
-130.296 -39.0492 -19.0678 -36.388 -35.7911
-130.153 -39.0154 -19.0299 -36.3558 -35.7516
-130.009 -38.9815 -18.992 -36.3236 -35.7121
-129.866 -38.9477 -18.9542 -36.2915 -35.6726
-129.723 -38.9138 -18.9166 -36.2594 -35.6331
-129.58 -38.88 -18.879 -36.2273 -35.5936
-129.437 -38.8462 -18.8416 -36.1953 -35.5541
-129.294 -38.8123 -18.8042 -36.1633 -35.5146
-129.152 -38.7785 -18.7669 -36.1314 -35.4751
-129.009 -38.7446 -18.7298 -36.0995 -35.4356
-128.867 -38.7108 -18.6927 -36.0677 -35.3961
-128.725 -38.6769 -18.6557 -36.0359 -35.3565
-128.583 -38.6431 -18.6189 -36.0041 -35.317
-128.441 -38.6092 -18.5821 -35.9724 -35.2775
-128.3 -38.5754 -18.5454 -35.9408 -35.238
-128.158 -38.5415 -18.5088 -35.9091 -35.1985
-128.017 -38.5077 -18.4723 -35.8776 -35.159
-127.875 -38.4738 -18.4359 -35.846 -35.1195
-127.734 -38.44 -18.3996 -35.8145 -35.08
-127.593 -38.4062 -18.3634 -35.7831 -35.0405
-127.452 -38.3723 -18.3273 -35.7517 -35.001
-127.312 -38.3385 -18.2913 -35.7203 -34.9615
-127.171 -38.3046 -18.2554 -35.689 -34.9219
-127.031 -38.2708 -18.2196 -35.6578 -34.8824
-126.89 -38.2369 -18.1838 -35.6265 -34.8429
-126.75 -38.2031 -18.1482 -35.5953 -34.8034
-126.61 -38.1692 -18.1127 -35.5642 -34.7639
-126.47 -38.1354 -18.0772 -35.5331 -34.7244
-126.33 -38.1015 -18.0418 -35.5021 -34.6849
-126.191 -38.0677 -18.0066 -35.471 -34.6454
-126.051 -38.0338 -17.9714 -35.4401 -34.6059
-125.912 -38 -17.9363 -35.4091 -34.5664
-125.806 -38 -17.9013 -35.3783 -34.5269
