0.765145 1e-05 1e-05 1e-05 1e-05
1.55561 2e-05 2e-05 2e-05 2e-05
2.36307 3e-05 3e-05 3e-05 3e-05
3.17769 4e-05 4e-05 4e-05 4e-05
3.98865 5e-05 5e-05 5e-05 5e-05
4.78524 6e-05 6e-05 6e-05 6e-05
5.55791 7e-05 7e-05 7e-05 7e-05
6.29923 8e-05 8e-05 8e-05 8e-05
7.00444 9e-05 9e-05 9e-05 9e-05
7.67146 0.0001 0.0001 0.0001 0.0001
8.30067 0.00011 0.00011 0.00011 0.00011
8.89432 0.00012 0.00012 0.00012 0.00012
9.45594 0.00013 0.00013 0.00013 0.00013
9.9897 0.00014 0.00014 0.00014 0.00014
10.5 0.00015 0.00015 0.00015 0.00015
10.9911 0.00016 0.00016 0.00016 0.00016
11.4668 0.00017 0.00017 0.00017 0.00017
11.9306 0.00018 0.00018 0.00018 0.00018
12.3853 0.00019 0.00019 0.00019 0.00019
12.8334 0.0002 0.0002 0.0002 0.0002
7.65646 0.00021 0.00021 0.00021 0.00021
7.48477 0.00022 0.00022 0.00022 0.00022
7.31872 0.00023 0.00023 0.00023 0.00023
7.1585 0.00024 0.00024 0.00024 0.00024
7.00421 0.00025 0.00025 0.00025 0.00025
6.85584 0.00026 0.00026 0.00026 0.00026
6.71333 0.00027 0.00027 0.00027 0.00027
6.57654 0.00028 0.00028 0.00028 0.00028
6.44531 0.00029 0.00029 0.00029 0.00029
6.31945 0.0003 0.0003 0.0003 0.0003
6.19875 0.00031 0.00031 0.00031 0.00031
6.08299 0.00032 0.00032 0.00032 0.00032
5.97195 0.00033 0.00033 0.00033 0.00033
5.86541 0.00034 0.00034 0.00034 0.00034
5.76315 0.00035 0.00035 0.00035 0.00035
5.66496 0.00036 0.00036 0.00036 0.00036
5.57064 0.00037 0.00037 0.00037 0.00037
5.47998 0.00038 0.00038 0.00038 0.00038
5.39281 0.00039 0.00039 0.00039 0.00039
5.30893 0.0004 0.0004 0.0004 0.0004
5.22819 0.00041 0.00041 0.00041 0.00041
5.15041 0.00042 0.00042 0.00042 0.00042
5.07545 0.00043 0.00043 0.00043 0.00043
5.00317 0.00044 0.00044 0.00044 0.00044
4.93343 0.00045 0.00045 0.00045 0.00045
4.86609 0.00046 0.00046 0.00046 0.00046
4.80105 0.00047 0.00047 0.00047 0.00047
4.73819 0.00048 0.00048 0.00048 0.00048
4.6774 0.00049 0.00049 0.00049 0.00049
4.61858 0.0005 0.0005 0.0005 0.0005
4.56164 0.00051 0.00051 0.00051 0.00051
4.50649 0.00052 0.00052 0.00052 0.00052
4.45304 0.00053 0.00053 0.00053 0.00053
4.40122 0.00054 0.00054 0.00054 0.00054
4.35095 0.00055 0.00055 0.00055 0.00055
4.30217 0.00056 0.00056 0.00056 0.00056
4.2548 0.00057 0.00057 0.00057 0.00057
4.20879 0.00058 0.00058 0.00058 0.00058
4.16407 0.00059 0.00059 0.00059 0.00059
4.12059 0.0006 0.0006 0.0006 0.0006
4.0783 0.00061 0.00061 0.00061 0.00061
4.03715 0.00062 0.00062 0.00062 0.00062
3.99709 0.00063 0.00063 0.00063 0.00063
3.95807 0.00064 0.00064 0.00064 0.00064
3.92006 0.00065 0.00065 0.00065 0.00065
3.88302 0.00066 0.00066 0.00066 0.00066
3.8469 0.00067 0.00067 0.00067 0.00067
3.81168 0.00068 0.00068 0.00068 0.00068
3.77731 0.00069 0.00069 0.00069 0.00069
3.74376 0.0007 0.0007 0.0007 0.0007
3.71101 0.00071 0.00071 0.00071 0.00071
3.67903 0.00072 0.00072 0.00072 0.00072
3.64778 0.00073 0.00073 0.00073 0.00073
3.61724 0.00074 0.00074 0.00074 0.00074
3.58739 0.00075 0.00075 0.00075 0.00075
3.55819 0.00076 0.00076 0.00076 0.00076
3.52964 0.00077 0.00077 0.00077 0.00077
3.5017 0.00078 0.00078 0.00078 0.00078
3.47436 0.00079 0.00079 0.00079 0.00079
3.44759 0.0008 0.0008 0.0008 0.0008
3.42138 0.00081 0.00081 0.00081 0.00081
3.39571 0.00082 0.00082 0.00082 0.00082
3.37056 0.00083 0.00083 0.00083 0.00083
3.34591 0.00084 0.00084 0.00084 0.00084
3.32175 0.00085 0.00085 0.00085 0.00085
3.29807 0.00086 0.00086 0.00086 0.00086
3.27484 0.00087 0.00087 0.00087 0.00087
3.25206 0.00088 0.00088 0.00088 0.00088
3.22971 0.00089 0.00089 0.00089 0.00089
3.20777 0.0009 0.0009 0.0009 0.0009
3.18625 0.00091 0.00091 0.00091 0.00091
3.16511 0.00092 0.00092 0.00092 0.00092
3.14436 0.00093 0.00093 0.00093 0.00093
3.12398 0.00094 0.00094 0.00094 0.00094
3.10396 0.00095 0.00095 0.00095 0.00095
3.08429 0.00096 0.00096 0.00096 0.00096
3.06496 0.00097 0.00097 0.00097 0.00097
3.04596 0.00098 0.00098 0.00098 0.00098
3.02729 0.00099 0.00099 0.00099 0.00099
3.00892 0.001 0.001 0.001 0.001
2.99087 0.00101 0.00101 0.00101 0.00101
2.97311 0.00102 0.00102 0.00102 0.00102
2.95564 0.00103 0.00103 0.00103 0.00103
2.93845 0.00104 0.00104 0.00104 0.00104
2.92154 0.00105 0.00105 0.00105 0.00105
2.90489 0.00106 0.00106 0.00106 0.00106
2.88851 0.00107 0.00107 0.00107 0.00107
2.87238 0.00108 0.00108 0.00108 0.00108
2.8565 0.00109 0.00109 0.00109 0.00109
2.84086 0.0011 0.0011 0.0011 0.0011
2.82545 0.00111 0.00111 0.00111 0.00111
2.81028 0.00112 0.00112 0.00112 0.00112
2.79533 0.00113 0.00113 0.00113 0.00113
2.7806 0.00114 0.00114 0.00114 0.00114
2.76608 0.00115 0.00115 0.00115 0.00115
2.75177 0.00116 0.00116 0.00116 0.00116
2.73767 0.00117 0.00117 0.00117 0.00117
2.72377 0.00118 0.00118 0.00118 0.00118
2.71006 0.00119 0.00119 0.00119 0.00119
2.69654 0.0012 0.0012 0.0012 0.0012
2.68321 0.00121 0.00121 0.00121 0.00121
2.67007 0.00122 0.00122 0.00122 0.00122
2.6571 0.00123 0.00123 0.00123 0.00123
2.6443 0.00124 0.00124 0.00124 0.00124
2.63168 0.00125 0.00125 0.00125 0.00125
2.61922 0.00126 0.00126 0.00126 0.00126
2.60693 0.00127 0.00127 0.00127 0.00127
2.5948 0.00128 0.00128 0.00128 0.00128
2.58282 0.00129 0.00129 0.00129 0.00129
2.571 0.0013 0.0013 0.0013 0.0013
2.55932 0.00131 0.00131 0.00131 0.00131
2.5478 0.00132 0.00132 0.00132 0.00132
2.53642 0.00133 0.00133 0.00133 0.00133
2.52517 0.00134 0.00134 0.00134 0.00134
2.51407 0.00135 0.00135 0.00135 0.00135
2.50311 0.00136 0.00136 0.00136 0.00136
2.49227 0.00137 0.00137 0.00137 0.00137
2.48157 0.00138 0.00138 0.00138 0.00138
2.471 0.00139 0.00139 0.00139 0.00139
2.46055 0.0014 0.0014 0.0014 0.0014
2.45022 0.00141 0.00141 0.00141 0.00141
2.44002 0.00142 0.00142 0.00142 0.00142
2.42993 0.00143 0.00143 0.00143 0.00143
2.41996 0.00144 0.00144 0.00144 0.00144
2.4101 0.00145 0.00145 0.00145 0.00145
2.40036 0.00146 0.00146 0.00146 0.00146
2.39072 0.00147 0.00147 0.00147 0.00147
2.38119 0.00148 0.00148 0.00148 0.00148
2.37177 0.00149 0.00149 0.00149 0.00149
2.36246 0.0015 0.0015 0.0015 0.0015
2.35324 0.00151 0.00151 0.00151 0.00151
2.34413 0.00152 0.00152 0.00152 0.00152
2.33511 0.00153 0.00153 0.00153 0.00153
2.32619 0.00154 0.00154 0.00154 0.00154
2.31737 0.00155 0.00155 0.00155 0.00155
2.30864 0.00156 0.00156 0.00156 0.00156
2.3 0.00157 0.00157 0.00157 0.00157
2.29145 0.00158 0.00158 0.00158 0.00158
2.28299 0.00159 0.00159 0.00159 0.00159
2.27462 0.0016 0.0016 0.0016 0.0016
2.26633 0.00161 0.00161 0.00161 0.00161
2.25813 0.00162 0.00162 0.00162 0.00162
2.25001 0.00163 0.00163 0.00163 0.00163
2.24197 0.00164 0.00164 0.00164 0.00164
2.23402 0.00165 0.00165 0.00165 0.00165
2.22614 0.00166 0.00166 0.00166 0.00166
2.21834 0.00167 0.00167 0.00167 0.00167
2.21062 0.00168 0.00168 0.00168 0.00168
2.20297 0.00169 0.00169 0.00169 0.00169
2.1954 0.0017 0.0017 0.0017 0.0017
2.1879 0.00171 0.00171 0.00171 0.00171
2.18047 0.00172 0.00172 0.00172 0.00172
2.17311 0.00173 0.00173 0.00173 0.00173
2.16582 0.00174 0.00174 0.00174 0.00174
2.1586 0.00175 0.00175 0.00175 0.00175
2.15145 0.00176 0.00176 0.00176 0.00176
2.14436 0.00177 0.00177 0.00177 0.00177
2.13734 0.00178 0.00178 0.00178 0.00178
2.13039 0.00179 0.00179 0.00179 0.00179
2.12349 0.0018 0.0018 0.0018 0.0018
2.11666 0.00181 0.00181 0.00181 0.00181
2.1099 0.00182 0.00182 0.00182 0.00182
2.10319 0.00183 0.00183 0.00183 0.00183
2.09654 0.00184 0.00184 0.00184 0.00184
2.08995 0.00185 0.00185 0.00185 0.00185
2.08342 0.00186 0.00186 0.00186 0.00186
2.07695 0.00187 0.00187 0.00187 0.00187
2.07053 0.00188 0.00188 0.00188 0.00188
2.06417 0.00189 0.00189 0.00189 0.00189
2.05787 0.0019 0.0019 0.0019 0.0019
2.05161 0.00191 0.00191 0.00191 0.00191
2.04542 0.00192 0.00192 0.00192 0.00192
2.03927 0.00193 0.00193 0.00193 0.00193
2.03318 0.00194 0.00194 0.00194 0.00194
2.02714 0.00195 0.00195 0.00195 0.00195
2.02114 0.00196 0.00196 0.00196 0.00196
2.0152 0.00197 0.00197 0.00197 0.00197
2.00931 0.00198 0.00198 0.00198 0.00198
2.00346 0.00199 0.00199 0.00199 0.00199
1.99767 0.002 0.002 0.002 0.002
1.99192 0.00201 0.00201 0.00201 0.00201
1.98622 0.00202 0.00202 0.00202 0.00202
1.98056 0.00203 0.00203 0.00203 0.00203
1.97495 0.00204 0.00204 0.00204 0.00204
1.96938 0.00205 0.00205 0.00205 0.00205
1.96386 0.00206 0.00206 0.00206 0.00206
1.95838 0.00207 0.00207 0.00207 0.00207
1.95294 0.00208 0.00208 0.00208 0.00208
1.94755 0.00209 0.00209 0.00209 0.00209
1.9422 0.0021 0.0021 0.0021 0.0021
1.93689 0.00211 0.00211 0.00211 0.00211
1.93162 0.00212 0.00212 0.00212 0.00212
1.92639 0.00213 0.00213 0.00213 0.00213
1.9212 0.00214 0.00214 0.00214 0.00214
1.91606 0.00215 0.00215 0.00215 0.00215
1.91094 0.00216 0.00216 0.00216 0.00216
1.90587 0.00217 0.00217 0.00217 0.00217
1.90084 0.00218 0.00218 0.00218 0.00218
1.89584 0.00219 0.00219 0.00219 0.00219
1.89088 0.0022 0.0022 0.0022 0.0022
1.88596 0.00221 0.00221 0.00221 0.00221
1.88108 0.00222 0.00222 0.00222 0.00222
1.87622 0.00223 0.00223 0.00223 0.00223
1.87141 0.00224 0.00224 0.00224 0.00224
1.86663 0.00225 0.00225 0.00225 0.00225
1.86188 0.00226 0.00226 0.00226 0.00226
1.85717 0.00227 0.00227 0.00227 0.00227
1.85249 0.00228 0.00228 0.00228 0.00228
1.84785 0.00229 0.00229 0.00229 0.00229
1.84324 0.0023 0.0023 0.0023 0.0023
1.83866 0.00231 0.00231 0.00231 0.00231
1.83411 0.00232 0.00232 0.00232 0.00232
1.82959 0.00233 0.00233 0.00233 0.00233
1.82511 0.00234 0.00234 0.00234 0.00234
1.82066 0.00235 0.00235 0.00235 0.00235
1.81623 0.00236 0.00236 0.00236 0.00236
1.81184 0.00237 0.00237 0.00237 0.00237
1.80748 0.00238 0.00238 0.00238 0.00238
1.80315 0.00239 0.00239 0.00239 0.00239
1.79884 0.0024 0.0024 0.0024 0.0024
1.79457 0.00241 0.00241 0.00241 0.00241
1.79032 0.00242 0.00242 0.00242 0.00242
1.78611 0.00243 0.00243 0.00243 0.00243
1.78192 0.00244 0.00244 0.00244 0.00244
1.77776 0.00245 0.00245 0.00245 0.00245
1.77362 0.00246 0.00246 0.00246 0.00246
1.76952 0.00247 0.00247 0.00247 0.00247
1.76544 0.00248 0.00248 0.00248 0.00248
1.76139 0.00249 0.00249 0.00249 0.00249
1.75736 0.0025 0.0025 0.0025 0.0025
1.75336 0.00251 0.00251 0.00251 0.00251
