0.841093 1e-05 1e-05 1e-05 1e-05
1.76464 2e-05 2e-05 2e-05 2e-05
2.7085 3e-05 3e-05 3e-05 3e-05
3.63065 4e-05 4e-05 4e-05 4e-05
4.50473 5e-05 5e-05 5e-05 5e-05
5.31873 6e-05 6e-05 6e-05 6e-05
6.07127 7e-05 7e-05 7e-05 7e-05
6.76735 8e-05 8e-05 8e-05 8e-05
7.41489 9e-05 9e-05 9e-05 9e-05
8.02244 0.0001 0.0001 0.0001 0.0001
8.59797 0.00011 0.00011 0.00011 0.00011
9.14837 0.00012 0.00012 0.00012 0.00012
9.6793 0.00013 0.00013 0.00013 0.00013
10.1953 0.00014 0.00014 0.00014 0.00014
10.7 0.00015 0.00015 0.00015 0.00015
11.1961 0.00016 0.00016 0.00016 0.00016
11.6859 0.00017 0.00017 0.00017 0.00017
12.1709 0.00018 0.00018 0.00018 0.00018
12.6525 0.00019 0.00019 0.00019 0.00019
13.1315 0.0002 0.0002 0.0002 0.0002
7.98842 0.00021 0.00021 0.00021 0.00021
7.85246 0.00022 0.00022 0.00022 0.00022
7.7232 0.00023 0.00023 0.00023 0.00023
7.60018 0.00024 0.00024 0.00024 0.00024
7.48301 0.00025 0.00025 0.00025 0.00025
7.3713 0.00026 0.00026 0.00026 0.00026
7.26468 0.00027 0.00027 0.00027 0.00027
7.16282 0.00028 0.00028 0.00028 0.00028
7.06543 0.00029 0.00029 0.00029 0.00029
6.97221 0.0003 0.0003 0.0003 0.0003
6.88291 0.00031 0.00031 0.00031 0.00031
6.79727 0.00032 0.00032 0.00032 0.00032
6.71509 0.00033 0.00033 0.00033 0.00033
6.63614 0.00034 0.00034 0.00034 0.00034
6.56024 0.00035 0.00035 0.00035 0.00035
6.48722 0.00036 0.00036 0.00036 0.00036
6.41689 0.00037 0.00037 0.00037 0.00037
6.34912 0.00038 0.00038 0.00038 0.00038
6.28376 0.00039 0.00039 0.00039 0.00039
6.22068 0.0004 0.0004 0.0004 0.0004
6.15976 0.00041 0.00041 0.00041 0.00041
6.10087 0.00042 0.00042 0.00042 0.00042
6.04393 0.00043 0.00043 0.00043 0.00043
5.98882 0.00044 0.00044 0.00044 0.00044
5.93546 0.00045 0.00045 0.00045 0.00045
5.88375 0.00046 0.00046 0.00046 0.00046
5.83362 0.00047 0.00047 0.00047 0.00047
5.785 0.00048 0.00048 0.00048 0.00048
5.7378 0.00049 0.00049 0.00049 0.00049
5.69198 0.0005 0.0005 0.0005 0.0005
5.64745 0.00051 0.00051 0.00051 0.00051
5.60417 0.00052 0.00052 0.00052 0.00052
5.56208 0.00053 0.00053 0.00053 0.00053
5.52112 0.00054 0.00054 0.00054 0.00054
5.48126 0.00055 0.00055 0.00055 0.00055
5.44243 0.00056 0.00056 0.00056 0.00056
5.40461 0.00057 0.00057 0.00057 0.00057
5.36774 0.00058 0.00058 0.00058 0.00058
5.3318 0.00059 0.00059 0.00059 0.00059
5.29673 0.0006 0.0006 0.0006 0.0006
5.26252 0.00061 0.00061 0.00061 0.00061
5.22912 0.00062 0.00062 0.00062 0.00062
5.1965 0.00063 0.00063 0.00063 0.00063
5.16464 0.00064 0.00064 0.00064 0.00064
5.13351 0.00065 0.00065 0.00065 0.00065
5.10308 0.00066 0.00066 0.00066 0.00066
5.07332 0.00067 0.00067 0.00067 0.00067
5.04421 0.00068 0.00068 0.00068 0.00068
5.01573 0.00069 0.00069 0.00069 0.00069
4.98786 0.0007 0.0007 0.0007 0.0007
4.96057 0.00071 0.00071 0.00071 0.00071
4.93384 0.00072 0.00072 0.00072 0.00072
4.90767 0.00073 0.00073 0.00073 0.00073
4.88202 0.00074 0.00074 0.00074 0.00074
4.85688 0.00075 0.00075 0.00075 0.00075
4.83224 0.00076 0.00076 0.00076 0.00076
4.80808 0.00077 0.00077 0.00077 0.00077
4.78438 0.00078 0.00078 0.00078 0.00078
4.76113 0.00079 0.00079 0.00079 0.00079
4.73831 0.0008 0.0008 0.0008 0.0008
4.71592 0.00081 0.00081 0.00081 0.00081
4.69394 0.00082 0.00082 0.00082 0.00082
4.67236 0.00083 0.00083 0.00083 0.00083
4.65116 0.00084 0.00084 0.00084 0.00084
4.63033 0.00085 0.00085 0.00085 0.00085
4.60987 0.00086 0.00086 0.00086 0.00086
4.58977 0.00087 0.00087 0.00087 0.00087
4.57001 0.00088 0.00088 0.00088 0.00088
4.55058 0.00089 0.00089 0.00089 0.00089
4.53147 0.0009 0.0009 0.0009 0.0009
4.51269 0.00091 0.00091 0.00091 0.00091
4.49421 0.00092 0.00092 0.00092 0.00092
4.47603 0.00093 0.00093 0.00093 0.00093
4.45814 0.00094 0.00094 0.00094 0.00094
4.44053 0.00095 0.00095 0.00095 0.00095
4.4232 0.00096 0.00096 0.00096 0.00096
4.40614 0.00097 0.00097 0.00097 0.00097
4.38935 0.00098 0.00098 0.00098 0.00098
4.37281 0.00099 0.00099 0.00099 0.00099
4.35652 0.001 0.001 0.001 0.001
4.34047 0.00101 0.00101 0.00101 0.00101
4.32466 0.00102 0.00102 0.00102 0.00102
4.30908 0.00103 0.00103 0.00103 0.00103
4.29373 0.00104 0.00104 0.00104 0.00104
4.2786 0.00105 0.00105 0.00105 0.00105
4.26368 0.00106 0.00106 0.00106 0.00106
4.24898 0.00107 0.00107 0.00107 0.00107
4.23448 0.00108 0.00108 0.00108 0.00108
4.22018 0.00109 0.00109 0.00109 0.00109
4.20608 0.0011 0.0011 0.0011 0.0011
4.19217 0.00111 0.00111 0.00111 0.00111
4.17844 0.00112 0.00112 0.00112 0.00112
4.16491 0.00113 0.00113 0.00113 0.00113
4.15155 0.00114 0.00114 0.00114 0.00114
4.13836 0.00115 0.00115 0.00115 0.00115
4.12535 0.00116 0.00116 0.00116 0.00116
4.11251 0.00117 0.00117 0.00117 0.00117
4.09983 0.00118 0.00118 0.00118 0.00118
4.08731 0.00119 0.00119 0.00119 0.00119
4.07495 0.0012 0.0012 0.0012 0.0012
4.06275 0.00121 0.00121 0.00121 0.00121
4.05069 0.00122 0.00122 0.00122 0.00122
4.03879 0.00123 0.00123 0.00123 0.00123
4.02703 0.00124 0.00124 0.00124 0.00124
4.01541 0.00125 0.00125 0.00125 0.00125
4.00393 0.00126 0.00126 0.00126 0.00126
3.99259 0.00127 0.00127 0.00127 0.00127
3.98139 0.00128 0.00128 0.00128 0.00128
3.97031 0.00129 0.00129 0.00129 0.00129
3.95936 0.0013 0.0013 0.0013 0.0013
3.94854 0.00131 0.00131 0.00131 0.00131
3.93785 0.00132 0.00132 0.00132 0.00132
3.92727 0.00133 0.00133 0.00133 0.00133
3.91682 0.00134 0.00134 0.00134 0.00134
3.90648 0.00135 0.00135 0.00135 0.00135
3.89626 0.00136 0.00136 0.00136 0.00136
3.88615 0.00137 0.00137 0.00137 0.00137
3.87615 0.00138 0.00138 0.00138 0.00138
3.86626 0.00139 0.00139 0.00139 0.00139
3.85648 0.0014 0.0014 0.0014 0.0014
3.8468 0.00141 0.00141 0.00141 0.00141
3.83723 0.00142 0.00142 0.00142 0.00142
3.82776 0.00143 0.00143 0.00143 0.00143
3.81838 0.00144 0.00144 0.00144 0.00144
3.80911 0.00145 0.00145 0.00145 0.00145
3.79993 0.00146 0.00146 0.00146 0.00146
3.79084 0.00147 0.00147 0.00147 0.00147
3.78185 0.00148 0.00148 0.00148 0.00148
3.77295 0.00149 0.00149 0.00149 0.00149
3.76414 0.0015 0.0015 0.0015 0.0015
3.75542 0.00151 0.00151 0.00151 0.00151
3.74679 0.00152 0.00152 0.00152 0.00152
3.73824 0.00153 0.00153 0.00153 0.00153
3.72977 0.00154 0.00154 0.00154 0.00154
3.72139 0.00155 0.00155 0.00155 0.00155
3.71309 0.00156 0.00156 0.00156 0.00156
3.70487 0.00157 0.00157 0.00157 0.00157
3.69673 0.00158 0.00158 0.00158 0.00158
3.68866 0.00159 0.00159 0.00159 0.00159
3.68067 0.0016 0.0016 0.0016 0.0016
3.67276 0.00161 0.00161 0.00161 0.00161
3.66492 0.00162 0.00162 0.00162 0.00162
3.65715 0.00163 0.00163 0.00163 0.00163
3.64946 0.00164 0.00164 0.00164 0.00164
3.64184 0.00165 0.00165 0.00165 0.00165
3.63428 0.00166 0.00166 0.00166 0.00166
3.6268 0.00167 0.00167 0.00167 0.00167
3.61938 0.00168 0.00168 0.00168 0.00168
3.61202 0.00169 0.00169 0.00169 0.00169
3.60474 0.0017 0.0017 0.0017 0.0017
3.59752 0.00171 0.00171 0.00171 0.00171
3.59036 0.00172 0.00172 0.00172 0.00172
3.58326 0.00173 0.00173 0.00173 0.00173
3.57623 0.00174 0.00174 0.00174 0.00174
3.56926 0.00175 0.00175 0.00175 0.00175
3.56234 0.00176 0.00176 0.00176 0.00176
3.55549 0.00177 0.00177 0.00177 0.00177
3.54869 0.00178 0.00178 0.00178 0.00178
3.54196 0.00179 0.00179 0.00179 0.00179
3.53528 0.0018 0.0018 0.0018 0.0018
3.52865 0.00181 0.00181 0.00181 0.00181
3.52208 0.00182 0.00182 0.00182 0.00182
3.51556 0.00183 0.00183 0.00183 0.00183
3.5091 0.00184 0.00184 0.00184 0.00184
3.50269 0.00185 0.00185 0.00185 0.00185
3.49634 0.00186 0.00186 0.00186 0.00186
3.49003 0.00187 0.00187 0.00187 0.00187
3.48377 0.00188 0.00188 0.00188 0.00188
3.47757 0.00189 0.00189 0.00189 0.00189
3.47141 0.0019 0.0019 0.0019 0.0019
3.46531 0.00191 0.00191 0.00191 0.00191
3.45925 0.00192 0.00192 0.00192 0.00192
3.45324 0.00193 0.00193 0.00193 0.00193
3.44728 0.00194 0.00194 0.00194 0.00194
3.44136 0.00195 0.00195 0.00195 0.00195
3.43549 0.00196 0.00196 0.00196 0.00196
3.42966 0.00197 0.00197 0.00197 0.00197
3.42388 0.00198 0.00198 0.00198 0.00198
3.41814 0.00199 0.00199 0.00199 0.00199
3.41244 0.002 0.002 0.002 0.002
3.40679 0.00201 0.00201 0.00201 0.00201
3.40118 0.00202 0.00202 0.00202 0.00202
3.39561 0.00203 0.00203 0.00203 0.00203
3.39009 0.00204 0.00204 0.00204 0.00204
3.3846 0.00205 0.00205 0.00205 0.00205
3.37916 0.00206 0.00206 0.00206 0.00206
3.37375 0.00207 0.00207 0.00207 0.00207
3.36839 0.00208 0.00208 0.00208 0.00208
3.36306 0.00209 0.00209 0.00209 0.00209
3.35777 0.0021 0.0021 0.0021 0.0021
3.35252 0.00211 0.00211 0.00211 0.00211
3.3473 0.00212 0.00212 0.00212 0.00212
3.34213 0.00213 0.00213 0.00213 0.00213
3.33699 0.00214 0.00214 0.00214 0.00214
3.33188 0.00215 0.00215 0.00215 0.00215
3.32682 0.00216 0.00216 0.00216 0.00216
3.32178 0.00217 0.00217 0.00217 0.00217
3.31679 0.00218 0.00218 0.00218 0.00218
3.31182 0.00219 0.00219 0.00219 0.00219
3.30689 0.0022 0.0022 0.0022 0.0022
3.302 0.00221 0.00221 0.00221 0.00221
3.29714 0.00222 0.00222 0.00222 0.00222
3.29231 0.00223 0.00223 0.00223 0.00223
3.28751 0.00224 0.00224 0.00224 0.00224
3.28275 0.00225 0.00225 0.00225 0.00225
3.27802 0.00226 0.00226 0.00226 0.00226
3.27332 0.00227 0.00227 0.00227 0.00227
3.26865 0.00228 0.00228 0.00228 0.00228
3.26401 0.00229 0.00229 0.00229 0.00229
3.2594 0.0023 0.0023 0.0023 0.0023
3.25482 0.00231 0.00231 0.00231 0.00231
3.25027 0.00232 0.00232 0.00232 0.00232
3.24575 0.00233 0.00233 0.00233 0.00233
3.24127 0.00234 0.00234 0.00234 0.00234
3.2368 0.00235 0.00235 0.00235 0.00235
3.23237 0.00236 0.00236 0.00236 0.00236
3.22797 0.00237 0.00237 0.00237 0.00237
3.22359 0.00238 0.00238 0.00238 0.00238
3.21925 0.00239 0.00239 0.00239 0.00239
3.21493 0.0024 0.0024 0.0024 0.0024
3.21063 0.00241 0.00241 0.00241 0.00241
3.20637 0.00242 0.00242 0.00242 0.00242
3.20213 0.00243 0.00243 0.00243 0.00243
3.19791 0.00244 0.00244 0.00244 0.00244
3.19372 0.00245 0.00245 0.00245 0.00245
3.18956 0.00246 0.00246 0.00246 0.00246
3.18543 0.00247 0.00247 0.00247 0.00247
3.18131 0.00248 0.00248 0.00248 0.00248
3.17723 0.00249 0.00249 0.00249 0.00249
3.17317 0.0025 0.0025 0.0025 0.0025
3.16913 0.00251 0.00251 0.00251 0.00251
