0.85872 1e-05 1e-05 1e-05 1e-05
1.79078 2e-05 2e-05 2e-05 2e-05
2.71747 3e-05 3e-05 3e-05 3e-05
3.59747 4e-05 4e-05 4e-05 4e-05
4.41359 5e-05 5e-05 5e-05 5e-05
5.16446 6e-05 6e-05 6e-05 6e-05
5.85691 7e-05 7e-05 7e-05 7e-05
6.50069 8e-05 8e-05 8e-05 8e-05
7.10562 9e-05 9e-05 9e-05 9e-05
7.68032 0.0001 0.0001 0.0001 0.0001
8.23183 0.00011 0.00011 0.00011 0.00011
8.76573 0.00012 0.00012 0.00012 0.00012
9.28633 0.00013 0.00013 0.00013 0.00013
9.79692 0.00014 0.00014 0.00014 0.00014
10.3 0.00015 0.00015 0.00015 0.00015
10.7975 0.00016 0.00016 0.00016 0.00016
11.2908 0.00017 0.00017 0.00017 0.00017
11.781 0.00018 0.00018 0.00018 0.00018
12.2689 0.00019 0.00019 0.00019 0.00019
12.7553 0.0002 0.0002 0.0002 0.0002
7.61996 0.00021 0.00021 0.00021 0.00021
7.4922 0.00022 0.00022 0.00022 0.00022
7.37136 0.00023 0.00023 0.00023 0.00023
7.25687 0.00024 0.00024 0.00024 0.00024
7.14822 0.00025 0.00025 0.00025 0.00025
7.04496 0.00026 0.00026 0.00026 0.00026
6.94669 0.00027 0.00027 0.00027 0.00027
6.85304 0.00028 0.00028 0.00028 0.00028
6.76367 0.00029 0.00029 0.00029 0.00029
6.67829 0.0003 0.0003 0.0003 0.0003
6.59661 0.00031 0.00031 0.00031 0.00031
6.5184 0.00032 0.00032 0.00032 0.00032
6.44342 0.00033 0.00033 0.00033 0.00033
6.37146 0.00034 0.00034 0.00034 0.00034
6.30234 0.00035 0.00035 0.00035 0.00035
6.23588 0.00036 0.00036 0.00036 0.00036
6.17191 0.00037 0.00037 0.00037 0.00037
6.1103 0.00038 0.00038 0.00038 0.00038
6.05091 0.00039 0.00039 0.00039 0.00039
5.99361 0.0004 0.0004 0.0004 0.0004
5.93828 0.00041 0.00041 0.00041 0.00041
5.88481 0.00042 0.00042 0.00042 0.00042
5.83312 0.00043 0.00043 0.00043 0.00043
5.7831 0.00044 0.00044 0.00044 0.00044
5.73466 0.00045 0.00045 0.00045 0.00045
5.68774 0.00046 0.00046 0.00046 0.00046
5.64225 0.00047 0.00047 0.00047 0.00047
5.59812 0.00048 0.00048 0.00048 0.00048
5.55529 0.00049 0.00049 0.00049 0.00049
5.51369 0.0005 0.0005 0.0005 0.0005
5.47328 0.00051 0.00051 0.00051 0.00051
5.43399 0.00052 0.00052 0.00052 0.00052
5.39578 0.00053 0.00053 0.00053 0.00053
5.3586 0.00054 0.00054 0.00054 0.00054
5.3224 0.00055 0.00055 0.00055 0.00055
5.28714 0.00056 0.00056 0.00056 0.00056
5.25279 0.00057 0.00057 0.00057 0.00057
5.2193 0.00058 0.00058 0.00058 0.00058
5.18665 0.00059 0.00059 0.00059 0.00059
5.15479 0.0006 0.0006 0.0006 0.0006
5.12369 0.00061 0.00061 0.00061 0.00061
5.09334 0.00062 0.00062 0.00062 0.00062
5.06369 0.00063 0.00063 0.00063 0.00063
5.03472 0.00064 0.00064 0.00064 0.00064
5.00641 0.00065 0.00065 0.00065 0.00065
4.97873 0.00066 0.00066 0.00066 0.00066
4.95166 0.00067 0.00067 0.00067 0.00067
4.92517 0.00068 0.00068 0.00068 0.00068
4.89925 0.00069 0.00069 0.00069 0.00069
4.87388 0.0007 0.0007 0.0007 0.0007
4.84904 0.00071 0.00071 0.00071 0.00071
4.82471 0.00072 0.00072 0.00072 0.00072
4.80087 0.00073 0.00073 0.00073 0.00073
4.77751 0.00074 0.00074 0.00074 0.00074
4.75461 0.00075 0.00075 0.00075 0.00075
4.73216 0.00076 0.00076 0.00076 0.00076
4.71014 0.00077 0.00077 0.00077 0.00077
4.68854 0.00078 0.00078 0.00078 0.00078
4.66735 0.00079 0.00079 0.00079 0.00079
4.64655 0.0008 0.0008 0.0008 0.0008
4.62613 0.00081 0.00081 0.00081 0.00081
4.60608 0.00082 0.00082 0.00082 0.00082
4.58639 0.00083 0.00083 0.00083 0.00083
4.56705 0.00084 0.00084 0.00084 0.00084
4.54805 0.00085 0.00085 0.00085 0.00085
4.52938 0.00086 0.00086 0.00086 0.00086
4.51103 0.00087 0.00087 0.00087 0.00087
4.49298 0.00088 0.00088 0.00088 0.00088
4.47524 0.00089 0.00089 0.00089 0.00089
4.4578 0.0009 0.0009 0.0009 0.0009
4.44064 0.00091 0.00091 0.00091 0.00091
4.42376 0.00092 0.00092 0.00092 0.00092
4.40715 0.00093 0.00093 0.00093 0.00093
4.3908 0.00094 0.00094 0.00094 0.00094
4.37471 0.00095 0.00095 0.00095 0.00095
4.35887 0.00096 0.00096 0.00096 0.00096
4.34328 0.00097 0.00097 0.00097 0.00097
4.32792 0.00098 0.00098 0.00098 0.00098
4.3128 0.00099 0.00099 0.00099 0.00099
4.2979 0.001 0.001 0.001 0.001
4.28322 0.00101 0.00101 0.00101 0.00101
4.26876 0.00102 0.00102 0.00102 0.00102
4.2545 0.00103 0.00103 0.00103 0.00103
4.24046 0.00104 0.00104 0.00104 0.00104
4.22661 0.00105 0.00105 0.00105 0.00105
4.21296 0.00106 0.00106 0.00106 0.00106
4.1995 0.00107 0.00107 0.00107 0.00107
4.18622 0.00108 0.00108 0.00108 0.00108
4.17313 0.00109 0.00109 0.00109 0.00109
4.16022 0.0011 0.0011 0.0011 0.0011
4.14748 0.00111 0.00111 0.00111 0.00111
4.13491 0.00112 0.00112 0.00112 0.00112
4.12251 0.00113 0.00113 0.00113 0.00113
4.11027 0.00114 0.00114 0.00114 0.00114
4.09819 0.00115 0.00115 0.00115 0.00115
4.08627 0.00116 0.00116 0.00116 0.00116
4.0745 0.00117 0.00117 0.00117 0.00117
4.06288 0.00118 0.00118 0.00118 0.00118
4.0514 0.00119 0.00119 0.00119 0.00119
4.04007 0.0012 0.0012 0.0012 0.0012
4.02888 0.00121 0.00121 0.00121 0.00121
4.01783 0.00122 0.00122 0.00122 0.00122
4.00691 0.00123 0.00123 0.00123 0.00123
3.99613 0.00124 0.00124 0.00124 0.00124
3.98547 0.00125 0.00125 0.00125 0.00125
3.97494 0.00126 0.00126 0.00126 0.00126
3.96454 0.00127 0.00127 0.00127 0.00127
3.95425 0.00128 0.00128 0.00128 0.00128
3.94409 0.00129 0.00129 0.00129 0.00129
3.93405 0.0013 0.0013 0.0013 0.0013
3.92411 0.00131 0.00131 0.00131 0.00131
3.9143 0.00132 0.00132 0.00132 0.00132
3.90459 0.00133 0.00133 0.00133 0.00133
3.89499 0.00134 0.00134 0.00134 0.00134
3.8855 0.00135 0.00135 0.00135 0.00135
3.87612 0.00136 0.00136 0.00136 0.00136
3.86683 0.00137 0.00137 0.00137 0.00137
3.85765 0.00138 0.00138 0.00138 0.00138
3.84857 0.00139 0.00139 0.00139 0.00139
3.83958 0.0014 0.0014 0.0014 0.0014
3.8307 0.00141 0.00141 0.00141 0.00141
3.8219 0.00142 0.00142 0.00142 0.00142
3.8132 0.00143 0.00143 0.00143 0.00143
3.80459 0.00144 0.00144 0.00144 0.00144
3.79606 0.00145 0.00145 0.00145 0.00145
3.78763 0.00146 0.00146 0.00146 0.00146
3.77928 0.00147 0.00147 0.00147 0.00147
3.77102 0.00148 0.00148 0.00148 0.00148
3.76283 0.00149 0.00149 0.00149 0.00149
3.75474 0.0015 0.0015 0.0015 0.0015
3.74672 0.00151 0.00151 0.00151 0.00151
3.73878 0.00152 0.00152 0.00152 0.00152
3.73092 0.00153 0.00153 0.00153 0.00153
3.72314 0.00154 0.00154 0.00154 0.00154
3.71543 0.00155 0.00155 0.00155 0.00155
3.70779 0.00156 0.00156 0.00156 0.00156
3.70023 0.00157 0.00157 0.00157 0.00157
3.69275 0.00158 0.00158 0.00158 0.00158
3.68533 0.00159 0.00159 0.00159 0.00159
3.67798 0.0016 0.0016 0.0016 0.0016
3.6707 0.00161 0.00161 0.00161 0.00161
3.66349 0.00162 0.00162 0.00162 0.00162
3.65634 0.00163 0.00163 0.00163 0.00163
3.64926 0.00164 0.00164 0.00164 0.00164
3.64225 0.00165 0.00165 0.00165 0.00165
3.6353 0.00166 0.00166 0.00166 0.00166
3.62841 0.00167 0.00167 0.00167 0.00167
3.62158 0.00168 0.00168 0.00168 0.00168
3.61481 0.00169 0.00169 0.00169 0.00169
3.60811 0.0017 0.0017 0.0017 0.0017
3.60146 0.00171 0.00171 0.00171 0.00171
3.59487 0.00172 0.00172 0.00172 0.00172
3.58834 0.00173 0.00173 0.00173 0.00173
3.58186 0.00174 0.00174 0.00174 0.00174
3.57544 0.00175 0.00175 0.00175 0.00175
3.56908 0.00176 0.00176 0.00176 0.00176
3.56277 0.00177 0.00177 0.00177 0.00177
3.55651 0.00178 0.00178 0.00178 0.00178
3.55031 0.00179 0.00179 0.00179 0.00179
3.54415 0.0018 0.0018 0.0018 0.0018
3.53805 0.00181 0.00181 0.00181 0.00181
3.532 0.00182 0.00182 0.00182 0.00182
3.526 0.00183 0.00183 0.00183 0.00183
3.52005 0.00184 0.00184 0.00184 0.00184
3.51414 0.00185 0.00185 0.00185 0.00185
3.50829 0.00186 0.00186 0.00186 0.00186
3.50248 0.00187 0.00187 0.00187 0.00187
3.49671 0.00188 0.00188 0.00188 0.00188
3.491 0.00189 0.00189 0.00189 0.00189
3.48533 0.0019 0.0019 0.0019 0.0019
3.4797 0.00191 0.00191 0.00191 0.00191
3.47412 0.00192 0.00192 0.00192 0.00192
3.46858 0.00193 0.00193 0.00193 0.00193
3.46308 0.00194 0.00194 0.00194 0.00194
3.45763 0.00195 0.00195 0.00195 0.00195
3.45222 0.00196 0.00196 0.00196 0.00196
3.44685 0.00197 0.00197 0.00197 0.00197
3.44152 0.00198 0.00198 0.00198 0.00198
3.43623 0.00199 0.00199 0.00199 0.00199
3.43098 0.002 0.002 0.002 0.002
3.42577 0.00201 0.00201 0.00201 0.00201
3.4206 0.00202 0.00202 0.00202 0.00202
3.41546 0.00203 0.00203 0.00203 0.00203
3.41037 0.00204 0.00204 0.00204 0.00204
3.40531 0.00205 0.00205 0.00205 0.00205
3.40029 0.00206 0.00206 0.00206 0.00206
3.39531 0.00207 0.00207 0.00207 0.00207
3.39036 0.00208 0.00208 0.00208 0.00208
3.38545 0.00209 0.00209 0.00209 0.00209
3.38057 0.0021 0.0021 0.0021 0.0021
3.37573 0.00211 0.00211 0.00211 0.00211
3.37092 0.00212 0.00212 0.00212 0.00212
3.36615 0.00213 0.00213 0.00213 0.00213
3.36141 0.00214 0.00214 0.00214 0.00214
3.3567 0.00215 0.00215 0.00215 0.00215
3.35202 0.00216 0.00216 0.00216 0.00216
3.34738 0.00217 0.00217 0.00217 0.00217
3.34277 0.00218 0.00218 0.00218 0.00218
3.33819 0.00219 0.00219 0.00219 0.00219
3.33365 0.0022 0.0022 0.0022 0.0022
3.32913 0.00221 0.00221 0.00221 0.00221
3.32465 0.00222 0.00222 0.00222 0.00222
3.32019 0.00223 0.00223 0.00223 0.00223
3.31577 0.00224 0.00224 0.00224 0.00224
3.31137 0.00225 0.00225 0.00225 0.00225
3.30701 0.00226 0.00226 0.00226 0.00226
3.30267 0.00227 0.00227 0.00227 0.00227
3.29836 0.00228 0.00228 0.00228 0.00228
3.29408 0.00229 0.00229 0.00229 0.00229
3.28983 0.0023 0.0023 0.0023 0.0023
3.2856 0.00231 0.00231 0.00231 0.00231
3.28141 0.00232 0.00232 0.00232 0.00232
3.27724 0.00233 0.00233 0.00233 0.00233
3.27309 0.00234 0.00234 0.00234 0.00234
3.26898 0.00235 0.00235 0.00235 0.00235
3.26489 0.00236 0.00236 0.00236 0.00236
3.26082 0.00237 0.00237 0.00237 0.00237
3.25678 0.00238 0.00238 0.00238 0.00238
3.25277 0.00239 0.00239 0.00239 0.00239
3.24878 0.0024 0.0024 0.0024 0.0024
3.24482 0.00241 0.00241 0.00241 0.00241
3.24088 0.00242 0.00242 0.00242 0.00242
3.23697 0.00243 0.00243 0.00243 0.00243
3.23308 0.00244 0.00244 0.00244 0.00244
3.22921 0.00245 0.00245 0.00245 0.00245
3.22537 0.00246 0.00246 0.00246 0.00246
3.22155 0.00247 0.00247 0.00247 0.00247
3.21776 0.00248 0.00248 0.00248 0.00248
3.21398 0.00249 0.00249 0.00249 0.00249
3.21023 0.0025 0.0025 0.0025 0.0025
3.20651 0.00251 0.00251 0.00251 0.00251
