-1.34246 -1e-05 -1e-05 -1e-05 -1e-05
-2.68316 -2e-05 -2e-05 -2e-05 -2e-05
-4.02208 -3e-05 -3e-05 -3e-05 -3e-05
-5.35921 -4e-05 -4e-05 -4e-05 -4e-05
-6.69452 -5e-05 -5e-05 -5e-05 -5e-05
-8.028 -6e-05 -6e-05 -6e-05 -6e-05
-9.35963 -7e-05 -7e-05 -7e-05 -7e-05
-10.6894 -8e-05 -8e-05 -8e-05 -8e-05
-12.0172 -9e-05 -9e-05 -9e-05 -9e-05
-13.3432 -0.0001 -0.0001 -0.0001 -0.0001
-14.6671 -0.00011 -0.00011 -0.00011 -0.00011
-15.9892 -0.00012 -0.00012 -0.00012 -0.00012
-17.3092 -0.00013 -0.00013 -0.00013 -0.00013
-18.6272 -0.00014 -0.00014 -0.00014 -0.00014
-19.9431 -0.00015 -0.00015 -0.00015 -0.00015
-21.257 -0.00016 -0.00016 -0.00016 -0.00016
-22.5688 -0.00017 -0.00017 -0.00017 -0.00017
-23.8785 -0.00018 -0.00018 -0.00018 -0.00018
-25.186 -0.00019 -0.00019 -0.00019 -0.00019
-26.4914 -0.0002 -0.0002 -0.0002 -0.0002
-27.7945 -0.00021 -0.00021 -0.00021 -0.00021
-29.0955 -0.00022 -0.00022 -0.00022 -0.00022
-30.3942 -0.00023 -0.00023 -0.00023 -0.00023
-31.6906 -0.00024 -0.00024 -0.00024 -0.00024
-32.9847 -0.00025 -0.00025 -0.00025 -0.00025
-34.2764 -0.00026 -0.00026 -0.00026 -0.00026
-35.5658 -0.00027 -0.00027 -0.00027 -0.00027
-36.8528 -0.00028 -0.00028 -0.00028 -0.00028
-38.1374 -0.00029 -0.00029 -0.00029 -0.00029
-39.4196 -0.0003 -0.0003 -0.0003 -0.0003
-40.6993 -0.00031 -0.00031 -0.00031 -0.00031
-41.9764 -0.00032 -0.00032 -0.00032 -0.00032
-43.2511 -0.00033 -0.00033 -0.00033 -0.00033
-44.5232 -0.00034 -0.00034 -0.00034 -0.00034
-45.7927 -0.00035 -0.00035 -0.00035 -0.00035
-47.0596 -0.00036 -0.00036 -0.00036 -0.00036
-48.3239 -0.00037 -0.00037 -0.00037 -0.00037
-49.5855 -0.00038 -0.00038 -0.00038 -0.00038
-50.8444 -0.00039 -0.00039 -0.00039 -0.00039
-52.1006 -0.0004 -0.0004 -0.0004 -0.0004
-53.3541 -0.00041 -0.00041 -0.00041 -0.00041
-54.6048 -0.00042 -0.00042 -0.00042 -0.00042
-55.8527 -0.00043 -0.00043 -0.00043 -0.00043
-57.0977 -0.00044 -0.00044 -0.00044 -0.00044
-58.3399 -0.00045 -0.00045 -0.00045 -0.00045
-59.5792 -0.00046 -0.00046 -0.00046 -0.00046
-60.8157 -0.00047 -0.00047 -0.00047 -0.00047
-62.0491 -0.00048 -0.00048 -0.00048 -0.00048
-63.2797 -0.00049 -0.00049 -0.00049 -0.00049
-64.5072 -0.0005 -0.0005 -0.0005 -0.0005
-65.7317 -0.00051 -0.00051 -0.00051 -0.00051
-66.9532 -0.00052 -0.00052 -0.00052 -0.00052
-68.1716 -0.00053 -0.00053 -0.00053 -0.00053
-69.3869 -0.00054 -0.00054 -0.00054 -0.00054
-70.5992 -0.00055 -0.00055 -0.00055 -0.00055
-71.8082 -0.00056 -0.00056 -0.00056 -0.00056
-73.0141 -0.00057 -0.00057 -0.00057 -0.00057
-74.2168 -0.00058 -0.00058 -0.00058 -0.00058
-75.4163 -0.00059 -0.00059 -0.00059 -0.00059
-76.6126 -0.0006 -0.0006 -0.0006 -0.0006
-77.8056 -0.00061 -0.00061 -0.00061 -0.00061
-78.9953 -0.00062 -0.00062 -0.00062 -0.00062
-80.1817 -0.00063 -0.00063 -0.00063 -0.00063
-81.3648 -0.00064 -0.00064 -0.00064 -0.00064
-82.5445 -0.00065 -0.00065 -0.00065 -0.00065
-83.7209 -0.00066 -0.00066 -0.00066 -0.00066
-84.8938 -0.00067 -0.00067 -0.00067 -0.00067
-86.0633 -0.00068 -0.00068 -0.00068 -0.00068
-87.2294 -0.00069 -0.00069 -0.00069 -0.00069
-88.392 -0.0007 -0.0007 -0.0007 -0.0007
-89.5511 -0.00071 -0.00071 -0.00071 -0.00071
-90.7067 -0.00072 -0.00072 -0.00072 -0.00072
-91.8588 -0.00073 -0.00073 -0.00073 -0.00073
-93.0074 -0.00074 -0.00074 -0.00074 -0.00074
-94.1523 -0.00075 -0.00075 -0.00075 -0.00075
-95.2937 -0.00076 -0.00076 -0.00076 -0.00076
-96.4315 -0.00077 -0.00077 -0.00077 -0.00077
-97.5656 -0.00078 -0.00078 -0.00078 -0.00078
-98.6961 -0.00079 -0.00079 -0.00079 -0.00079
-99.823 -0.0008 -0.0008 -0.0008 -0.0008
-100.946 -0.00081 -0.00081 -0.00081 -0.00081
-102.066 -0.00082 -0.00082 -0.00082 -0.00082
-103.181 -0.00083 -0.00083 -0.00083 -0.00083
-104.293 -0.00084 -0.00084 -0.00084 -0.00084
-105.402 -0.00085 -0.00085 -0.00085 -0.00085
-106.506 -0.00086 -0.00086 -0.00086 -0.00086
-107.607 -0.00087 -0.00087 -0.00087 -0.00087
-108.704 -0.00088 -0.00088 -0.00088 -0.00088
-109.797 -0.00089 -0.00089 -0.00089 -0.00089
-110.886 -0.0009 -0.0009 -0.0009 -0.0009
-111.971 -0.00091 -0.00091 -0.00091 -0.00091
-113.053 -0.00092 -0.00092 -0.00092 -0.00092
-114.131 -0.00093 -0.00093 -0.00093 -0.00093
-115.204 -0.00094 -0.00094 -0.00094 -0.00094
-116.274 -0.00095 -0.00095 -0.00095 -0.00095
-117.34 -0.00096 -0.00096 -0.00096 -0.00096
-118.402 -0.00097 -0.00097 -0.00097 -0.00097
-119.46 -0.00098 -0.00098 -0.00098 -0.00098
-120.514 -0.00099 -0.00099 -0.00099 -0.00099
-121.565 -0.001 -0.001 -0.001 -0.001
-122.611 -0.00101 -0.00101 -0.00101 -0.00101
-123.653 -0.00102 -0.00102 -0.00102 -0.00102
-124.691 -0.00103 -0.00103 -0.00103 -0.00103
-125.725 -0.00104 -0.00104 -0.00104 -0.00104
-126.755 -0.00105 -0.00105 -0.00105 -0.00105
-127.781 -0.00106 -0.00106 -0.00106 -0.00106
-128.804 -0.00107 -0.00107 -0.00107 -0.00107
-129.822 -0.00108 -0.00108 -0.00108 -0.00108
-130.836 -0.00109 -0.00109 -0.00109 -0.00109
-131.845 -0.0011 -0.0011 -0.0011 -0.0011
-132.851 -0.00111 -0.00111 -0.00111 -0.00111
-133.853 -0.00112 -0.00112 -0.00112 -0.00112
-134.85 -0.00113 -0.00113 -0.00113 -0.00113
-135.844 -0.00114 -0.00114 -0.00114 -0.00114
-136.833 -0.00115 -0.00115 -0.00115 -0.00115
-137.818 -0.00116 -0.00116 -0.00116 -0.00116
-138.799 -0.00117 -0.00117 -0.00117 -0.00117
-139.776 -0.00118 -0.00118 -0.00118 -0.00118
-140.749 -0.00119 -0.00119 -0.00119 -0.00119
-141.718 -0.0012 -0.0012 -0.0012 -0.0012
-142.682 -0.00121 -0.00121 -0.00121 -0.00121
-143.642 -0.00122 -0.00122 -0.00122 -0.00122
-144.598 -0.00123 -0.00123 -0.00123 -0.00123
-145.55 -0.00124 -0.00124 -0.00124 -0.00124
-146.498 -0.00125 -0.00125 -0.00125 -0.00125
-147.441 -0.00126 -0.00126 -0.00126 -0.00126
-148.38 -0.00127 -0.00127 -0.00127 -0.00127
-149.315 -0.00128 -0.00128 -0.00128 -0.00128
-150.246 -0.00129 -0.00129 -0.00129 -0.00129
-151.172 -0.0013 -0.0013 -0.0013 -0.0013
-152.094 -0.00131 -0.00131 -0.00131 -0.00131
-153.012 -0.00132 -0.00132 -0.00132 -0.00132
-153.926 -0.00133 -0.00133 -0.00133 -0.00133
-154.835 -0.00134 -0.00134 -0.00134 -0.00134
-155.74 -0.00135 -0.00135 -0.00135 -0.00135
-156.641 -0.00136 -0.00136 -0.00136 -0.00136
-157.537 -0.00137 -0.00137 -0.00137 -0.00137
-158.429 -0.00138 -0.00138 -0.00138 -0.00138
-159.316 -0.00139 -0.00139 -0.00139 -0.00139
-160.2 -0.0014 -0.0014 -0.0014 -0.0014
-161.079 -0.00141 -0.00141 -0.00141 -0.00141
-161.953 -0.00142 -0.00142 -0.00142 -0.00142
-162.823 -0.00143 -0.00143 -0.00143 -0.00143
-163.689 -0.00144 -0.00144 -0.00144 -0.00144
-164.55 -0.00145 -0.00145 -0.00145 -0.00145
-165.407 -0.00146 -0.00146 -0.00146 -0.00146
-166.259 -0.00147 -0.00147 -0.00147 -0.00147
-167.107 -0.00148 -0.00148 -0.00148 -0.00148
-167.95 -0.00149 -0.00149 -0.00149 -0.00149
-168.789 -0.0015 -0.0015 -0.0015 -0.0015
-169.624 -0.00151 -0.00151 -0.00151 -0.00151
-170.453 -0.00152 -0.00152 -0.00152 -0.00152
-171.279 -0.00153 -0.00153 -0.00153 -0.00153
-172.099 -0.00154 -0.00154 -0.00154 -0.00154
-172.915 -0.00155 -0.00155 -0.00155 -0.00155
-173.727 -0.00156 -0.00156 -0.00156 -0.00156
-174.533 -0.00157 -0.00157 -0.00157 -0.00157
-175.336 -0.00158 -0.00158 -0.00158 -0.00158
-176.133 -0.00159 -0.00159 -0.00159 -0.00159
-176.926 -0.0016 -0.0016 -0.0016 -0.0016
-177.713 -0.00161 -0.00161 -0.00161 -0.00161
-178.496 -0.00162 -0.00162 -0.00162 -0.00162
-179.275 -0.00163 -0.00163 -0.00163 -0.00163
-180.048 -0.00164 -0.00164 -0.00164 -0.00164
-180.817 -0.00165 -0.00165 -0.00165 -0.00165
-181.58 -0.00166 -0.00166 -0.00166 -0.00166
-182.339 -0.00167 -0.00167 -0.00167 -0.00167
-183.093 -0.00168 -0.00168 -0.00168 -0.00168
-183.841 -0.00169 -0.00169 -0.00169 -0.00169
-184.585 -0.0017 -0.0017 -0.0017 -0.0017
-185.323 -0.00171 -0.00171 -0.00171 -0.00171
-186.057 -0.00172 -0.00172 -0.00172 -0.00172
-186.785 -0.00173 -0.00173 -0.00173 -0.00173
-187.508 -0.00174 -0.00174 -0.00174 -0.00174
-188.225 -0.00175 -0.00175 -0.00175 -0.00175
-188.937 -0.00176 -0.00176 -0.00176 -0.00176
-189.644 -0.00177 -0.00177 -0.00177 -0.00177
-190.346 -0.00178 -0.00178 -0.00178 -0.00178
-191.041 -0.00179 -0.00179 -0.00179 -0.00179
-191.732 -0.0018 -0.0018 -0.0018 -0.0018
-192.416 -0.00181 -0.00181 -0.00181 -0.00181
-193.095 -0.00182 -0.00182 -0.00182 -0.00182
-193.769 -0.00183 -0.00183 -0.00183 -0.00183
-194.436 -0.00184 -0.00184 -0.00184 -0.00184
-195.098 -0.00185 -0.00185 -0.00185 -0.00185
-195.753 -0.00186 -0.00186 -0.00186 -0.00186
-196.403 -0.00187 -0.00187 -0.00187 -0.00187
-197.046 -0.00188 -0.00188 -0.00188 -0.00188
-197.683 -0.00189 -0.00189 -0.00189 -0.00189
-198.314 -0.0019 -0.0019 -0.0019 -0.0019
-198.939 -0.00191 -0.00191 -0.00191 -0.00191
-199.557 -0.00192 -0.00192 -0.00192 -0.00192
-200.168 -0.00193 -0.00193 -0.00193 -0.00193
-200.773 -0.00194 -0.00194 -0.00194 -0.00194
-201.372 -0.00195 -0.00195 -0.00195 -0.00195
-201.963 -0.00196 -0.00196 -0.00196 -0.00196
-202.548 -0.00197 -0.00197 -0.00197 -0.00197
-203.125 -0.00198 -0.00198 -0.00198 -0.00198
-203.695 -0.00199 -0.00199 -0.00199 -0.00199
-204.259 -0.002 -0.002 -0.002 -0.002
-204.814 -0.00201 -0.00201 -0.00201 -0.00201
-205.363 -0.00202 -0.00202 -0.00202 -0.00202
-205.903 -0.00203 -0.00203 -0.00203 -0.00203
-206.436 -0.00204 -0.00204 -0.00204 -0.00204
-206.961 -0.00205 -0.00205 -0.00205 -0.00205
-207.479 -0.00206 -0.00206 -0.00206 -0.00206
-207.988 -0.00207 -0.00207 -0.00207 -0.00207
-208.489 -0.00208 -0.00208 -0.00208 -0.00208
-208.981 -0.00209 -0.00209 -0.00209 -0.00209
-209.465 -0.0021 -0.0021 -0.0021 -0.0021
-209.941 -0.00211 -0.00211 -0.00211 -0.00211
-210.408 -0.00212 -0.00212 -0.00212 -0.00212
-210.865 -0.00213 -0.00213 -0.00213 -0.00213
-211.314 -0.00214 -0.00214 -0.00214 -0.00214
-211.754 -0.00215 -0.00215 -0.00215 -0.00215
-212.184 -0.00216 -0.00216 -0.00216 -0.00216
-212.604 -0.00217 -0.00217 -0.00217 -0.00217
-213.015 -0.00218 -0.00218 -0.00218 -0.00218
-213.416 -0.00219 -0.00219 -0.00219 -0.00219
-213.807 -0.0022 -0.0022 -0.0022 -0.0022
-214.188 -0.00221 -0.00221 -0.00221 -0.00221
-214.558 -0.00222 -0.00222 -0.00222 -0.00222
-214.918 -0.00223 -0.00223 -0.00223 -0.00223
-215.268 -0.00224 -0.00224 -0.00224 -0.00224
-215.606 -0.00225 -0.00225 -0.00225 -0.00225
-215.933 -0.00226 -0.00226 -0.00226 -0.00226
-216.249 -0.00227 -0.00227 -0.00227 -0.00227
-216.554 -0.00228 -0.00228 -0.00228 -0.00228
-216.847 -0.00229 -0.00229 -0.00229 -0.00229
-217.128 -0.0023 -0.0023 -0.0023 -0.0023
-217.398 -0.00231 -0.00231 -0.00231 -0.00231
-217.655 -0.00232 -0.00232 -0.00232 -0.00232
-217.9 -0.00233 -0.00233 -0.00233 -0.00233
-218.132 -0.00234 -0.00234 -0.00234 -0.00234
-218.352 -0.00235 -0.00235 -0.00235 -0.00235
-218.559 -0.00236 -0.00236 -0.00236 -0.00236
-218.752 -0.00237 -0.00237 -0.00237 -0.00237
-218.933 -0.00238 -0.00238 -0.00238 -0.00238
-219.1 -0.00239 -0.00239 -0.00239 -0.00239
-219.253 -0.0024 -0.0024 -0.0024 -0.0024
-219.393 -0.00241 -0.00241 -0.00241 -0.00241
-219.519 -0.00242 -0.00242 -0.00242 -0.00242
-219.63 -0.00243 -0.00243 -0.00243 -0.00243
-219.727 -0.00244 -0.00244 -0.00244 -0.00244
-219.81 -0.00245 -0.00245 -0.00245 -0.00245
-219.878 -0.00246 -0.00246 -0.00246 -0.00246
-219.931 -0.00247 -0.00247 -0.00247 -0.00247
-219.969 -0.00248 -0.00248 -0.00248 -0.00248
-219.992 -0.00249 -0.00249 -0.00249 -0.00249
-220 -0.0025 -0.0025 -0.0025 -0.0025
-219.948 -0.00251 -0.00251 -0.00251 -0.00251
-219.881 -0.00252 -0.00252 -0.00252 -0.00252
-219.801 -0.00253 -0.00253 -0.00253 -0.00253
-219.707 -0.00254 -0.00254 -0.00254 -0.00254
-219.598 -0.00255 -0.00255 -0.00255 -0.00255
-219.476 -0.00256 -0.00256 -0.00256 -0.00256
-219.338 -0.00257 -0.00257 -0.00257 -0.00257
-219.186 -0.00258 -0.00258 -0.00258 -0.00258
-219.02 -0.00259 -0.00259 -0.00259 -0.00259
-218.843 -0.0026 -0.0026 -0.0026 -0.0026
-218.658 -0.00261 -0.00261 -0.00261 -0.00261
-218.466 -0.00262 -0.00262 -0.00262 -0.00262
-218.265 -0.00263 -0.00263 -0.00263 -0.00263
-218.056 -0.00264 -0.00264 -0.00264 -0.00264
-217.838 -0.00265 -0.00265 -0.00265 -0.00265
-217.613 -0.00266 -0.00266 -0.00266 -0.00266
-217.379 -0.00267 -0.00267 -0.00267 -0.00267
-217.137 -0.00268 -0.00268 -0.00268 -0.00268
-216.886 -0.00269 -0.00269 -0.00269 -0.00269
-216.628 -0.0027 -0.0027 -0.0027 -0.0027
-216.361 -0.00271 -0.00271 -0.00271 -0.00271
-216.085 -0.00272 -0.00272 -0.00272 -0.00272
-215.802 -0.00273 -0.00273 -0.00273 -0.00273
-215.51 -0.00274 -0.00274 -0.00274 -0.00274
-215.21 -0.00275 -0.00275 -0.00275 -0.00275
-214.902 -0.00276 -0.00276 -0.00276 -0.00276
-214.586 -0.00277 -0.00277 -0.00277 -0.00277
-214.262 -0.00278 -0.00278 -0.00278 -0.00278
-213.929 -0.00279 -0.00279 -0.00279 -0.00279
-213.589 -0.0028 -0.0028 -0.0028 -0.0028
-213.241 -0.00281 -0.00281 -0.00281 -0.00281
-212.885 -0.00282 -0.00282 -0.00282 -0.00282
-212.521 -0.00283 -0.00283 -0.00283 -0.00283
-212.15 -0.00284 -0.00284 -0.00284 -0.00284
-211.771 -0.00285 -0.00285 -0.00285 -0.00285
-211.385 -0.00286 -0.00286 -0.00286 -0.00286
-210.991 -0.00287 -0.00287 -0.00287 -0.00287
-210.59 -0.00288 -0.00288 -0.00288 -0.00288
-210.182 -0.00289 -0.00289 -0.00289 -0.00289
-209.766 -0.0029 -0.0029 -0.0029 -0.0029
-209.344 -0.00291 -0.00291 -0.00291 -0.00291
-208.915 -0.00292 -0.00292 -0.00292 -0.00292
-208.48 -0.00293 -0.00293 -0.00293 -0.00293
-208.038 -0.00294 -0.00294 -0.00294 -0.00294
-207.59 -0.00295 -0.00295 -0.00295 -0.00295
-207.135 -0.00296 -0.00296 -0.00296 -0.00296
-206.674 -0.00297 -0.00297 -0.00297 -0.00297
-206.208 -0.00298 -0.00298 -0.00298 -0.00298
-205.736 -0.00299 -0.00299 -0.00299 -0.00299
-205.258 -0.003 -0.003 -0.003 -0.003
-204.775 -0.00301 -0.00301 -0.00301 -0.00301
-204.287 -0.00302 -0.00302 -0.00302 -0.00302
-203.793 -0.00303 -0.00303 -0.00303 -0.00303
-203.295 -0.00304 -0.00304 -0.00304 -0.00304
-202.792 -0.00305 -0.00305 -0.00305 -0.00305
-202.285 -0.00306 -0.00306 -0.00306 -0.00306
-201.774 -0.00307 -0.00307 -0.00307 -0.00307
-201.258 -0.00308 -0.00308 -0.00308 -0.00308
-200.738 -0.00309 -0.00309 -0.00309 -0.00309
-200.215 -0.0031 -0.0031 -0.0031 -0.0031
-199.688 -0.00311 -0.00311 -0.00311 -0.00311
-199.158 -0.00312 -0.00312 -0.00312 -0.00312
-198.625 -0.00313 -0.00313 -0.00313 -0.00313
-198.089 -0.00314 -0.00314 -0.00314 -0.00314
-197.55 -0.00315 -0.00315 -0.00315 -0.00315
-197.008 -0.00316 -0.00316 -0.00316 -0.00316
-196.464 -0.00317 -0.00317 -0.00317 -0.00317
-195.918 -0.00318 -0.00318 -0.00318 -0.00318
-195.37 -0.00319 -0.00319 -0.00319 -0.00319
-194.82 -0.0032 -0.0032 -0.0032 -0.0032
-194.269 -0.00321 -0.00321 -0.00321 -0.00321
-193.716 -0.00322 -0.00322 -0.00322 -0.00322
-193.162 -0.00323 -0.00323 -0.00323 -0.00323
-192.607 -0.00324 -0.00324 -0.00324 -0.00324
-192.051 -0.00325 -0.00325 -0.00325 -0.00325
-191.495 -0.00326 -0.00326 -0.00326 -0.00326
-190.937 -0.00327 -0.00327 -0.00327 -0.00327
-190.38 -0.00328 -0.00328 -0.00328 -0.00328
-189.822 -0.00329 -0.00329 -0.00329 -0.00329
-189.265 -0.0033 -0.0033 -0.0033 -0.0033
-188.707 -0.00331 -0.00331 -0.00331 -0.00331
-188.15 -0.00332 -0.00332 -0.00332 -0.00332
-187.593 -0.00333 -0.00333 -0.00333 -0.00333
-187.037 -0.00334 -0.00334 -0.00334 -0.00334
-186.482 -0.00335 -0.00335 -0.00335 -0.00335
-185.928 -0.00336 -0.00336 -0.00336 -0.00336
-185.374 -0.00337 -0.00337 -0.00337 -0.00337
-184.822 -0.00338 -0.00338 -0.00338 -0.00338
-184.271 -0.00339 -0.00339 -0.00339 -0.00339
-183.722 -0.0034 -0.0034 -0.0034 -0.0034
-183.174 -0.00341 -0.00341 -0.00341 -0.00341
-182.628 -0.00342 -0.00342 -0.00342 -0.00342
-182.084 -0.00343 -0.00343 -0.00343 -0.00343
-181.541 -0.00344 -0.00344 -0.00344 -0.00344
-181.001 -0.00345 -0.00345 -0.00345 -0.00345
-180.463 -0.00346 -0.00346 -0.00346 -0.00346
-179.927 -0.00347 -0.00347 -0.00347 -0.00347
-179.393 -0.00348 -0.00348 -0.00348 -0.00348
-178.862 -0.00349 -0.00349 -0.00349 -0.00349
-178.333 -0.0035 -0.0035 -0.0035 -0.0035
-177.806 -0.00351 -0.00351 -0.00351 -0.00351
-177.283 -0.00352 -0.00352 -0.00352 -0.00352
-176.762 -0.00353 -0.00353 -0.00353 -0.00353
-176.244 -0.00354 -0.00354 -0.00354 -0.00354
-175.728 -0.00355 -0.00355 -0.00355 -0.00355
-175.216 -0.00356 -0.00356 -0.00356 -0.00356
-174.706 -0.00357 -0.00357 -0.00357 -0.00357
-174.2 -0.00358 -0.00358 -0.00358 -0.00358
-173.696 -0.00359 -0.00359 -0.00359 -0.00359
-173.196 -0.0036 -0.0036 -0.0036 -0.0036
-172.699 -0.00361 -0.00361 -0.00361 -0.00361
-172.205 -0.00362 -0.00362 -0.00362 -0.00362
-171.714 -0.00363 -0.00363 -0.00363 -0.00363
-171.227 -0.00364 -0.00364 -0.00364 -0.00364
-170.743 -0.00365 -0.00365 -0.00365 -0.00365
-170.262 -0.00366 -0.00366 -0.00366 -0.00366
-169.784 -0.00367 -0.00367 -0.00367 -0.00367
-169.31 -0.00368 -0.00368 -0.00368 -0.00368
-168.839 -0.00369 -0.00369 -0.00369 -0.00369
-168.372 -0.0037 -0.0037 -0.0037 -0.0037
-167.908 -0.00371 -0.00371 -0.00371 -0.00371
-167.447 -0.00372 -0.00372 -0.00372 -0.00372
-166.99 -0.00373 -0.00373 -0.00373 -0.00373
-166.536 -0.00374 -0.00374 -0.00374 -0.00374
-166.086 -0.00375 -0.00375 -0.00375 -0.00375
-165.639 -0.00376 -0.00376 -0.00376 -0.00376
-165.196 -0.00377 -0.00377 -0.00377 -0.00377
-164.755 -0.00378 -0.00378 -0.00378 -0.00378
-164.319 -0.00379 -0.00379 -0.00379 -0.00379
-163.886 -0.0038 -0.0038 -0.0038 -0.0038
-163.456 -0.00381 -0.00381 -0.00381 -0.00381
-163.029 -0.00382 -0.00382 -0.00382 -0.00382
-162.606 -0.00383 -0.00383 -0.00383 -0.00383
-162.186 -0.00384 -0.00384 -0.00384 -0.00384
-161.77 -0.00385 -0.00385 -0.00385 -0.00385
-161.357 -0.00386 -0.00386 -0.00386 -0.00386
-160.947 -0.00387 -0.00387 -0.00387 -0.00387
-160.541 -0.00388 -0.00388 -0.00388 -0.00388
-160.137 -0.00389 -0.00389 -0.00389 -0.00389
-159.738 -0.0039 -0.0039 -0.0039 -0.0039
-159.341 -0.00391 -0.00391 -0.00391 -0.00391
-158.947 -0.00392 -0.00392 -0.00392 -0.00392
-158.557 -0.00393 -0.00393 -0.00393 -0.00393
-158.17 -0.00394 -0.00394 -0.00394 -0.00394
-157.786 -0.00395 -0.00395 -0.00395 -0.00395
-157.405 -0.00396 -0.00396 -0.00396 -0.00396
-157.027 -0.00397 -0.00397 -0.00397 -0.00397
-156.652 -0.00398 -0.00398 -0.00398 -0.00398
-156.28 -0.00399 -0.00399 -0.00399 -0.00399
-155.912 -0.004 -0.004 -0.004 -0.004
-155.546 -0.00401 -0.00401 -0.00401 -0.00401
-155.183 -0.00402 -0.00402 -0.00402 -0.00402
-154.823 -0.00403 -0.00403 -0.00403 -0.00403
-154.466 -0.00404 -0.00404 -0.00404 -0.00404
-154.111 -0.00405 -0.00405 -0.00405 -0.00405
-153.76 -0.00406 -0.00406 -0.00406 -0.00406
-153.411 -0.00407 -0.00407 -0.00407 -0.00407
-153.065 -0.00408 -0.00408 -0.00408 -0.00408
-152.722 -0.00409 -0.00409 -0.00409 -0.00409
-152.381 -0.0041 -0.0041 -0.0041 -0.0041
-152.043 -0.00411 -0.00411 -0.00411 -0.00411
-151.708 -0.00412 -0.00412 -0.00412 -0.00412
-151.376 -0.00413 -0.00413 -0.00413 -0.00413
-151.045 -0.00414 -0.00414 -0.00414 -0.00414
-150.718 -0.00415 -0.00415 -0.00415 -0.00415
-150.393 -0.00416 -0.00416 -0.00416 -0.00416
-150.07 -0.00417 -0.00417 -0.00417 -0.00417
-149.75 -0.00418 -0.00418 -0.00418 -0.00418
-149.432 -0.00419 -0.00419 -0.00419 -0.00419
-149.117 -0.0042 -0.0042 -0.0042 -0.0042
-148.804 -0.00421 -0.00421 -0.00421 -0.00421
-148.493 -0.00422 -0.00422 -0.00422 -0.00422
-148.184 -0.00423 -0.00423 -0.00423 -0.00423
-147.878 -0.00424 -0.00424 -0.00424 -0.00424
-147.574 -0.00425 -0.00425 -0.00425 -0.00425
-147.272 -0.00426 -0.00426 -0.00426 -0.00426
-146.972 -0.00427 -0.00427 -0.00427 -0.00427
-146.675 -0.00428 -0.00428 -0.00428 -0.00428
-146.379 -0.00429 -0.00429 -0.00429 -0.00429
-146.086 -0.0043 -0.0043 -0.0043 -0.0043
-145.794 -0.00431 -0.00431 -0.00431 -0.00431
-145.505 -0.00432 -0.00432 -0.00432 -0.00432
-145.218 -0.00433 -0.00433 -0.00433 -0.00433
-144.932 -0.00434 -0.00434 -0.00434 -0.00434
-144.648 -0.00435 -0.00435 -0.00435 -0.00435
-144.367 -0.00436 -0.00436 -0.00436 -0.00436
-144.087 -0.00437 -0.00437 -0.00437 -0.00437
-143.809 -0.00438 -0.00438 -0.00438 -0.00438
-143.533 -0.00439 -0.00439 -0.00439 -0.00439
-143.259 -0.0044 -0.0044 -0.0044 -0.0044
-142.986 -0.00441 -0.00441 -0.00441 -0.00441
-142.715 -0.00442 -0.00442 -0.00442 -0.00442
-142.446 -0.00443 -0.00443 -0.00443 -0.00443
-142.179 -0.00444 -0.00444 -0.00444 -0.00444
-141.913 -0.00445 -0.00445 -0.00445 -0.00445
-141.649 -0.00446 -0.00446 -0.00446 -0.00446
-141.386 -0.00447 -0.00447 -0.00447 -0.00447
-141.125 -0.00448 -0.00448 -0.00448 -0.00448
-140.866 -0.00449 -0.00449 -0.00449 -0.00449
-140.608 -0.0045 -0.0045 -0.0045 -0.0045
-140.351 -0.00451 -0.00451 -0.00451 -0.00451
-140.096 -0.00452 -0.00452 -0.00452 -0.00452
-139.843 -0.00453 -0.00453 -0.00453 -0.00453
-139.591 -0.00454 -0.00454 -0.00454 -0.00454
-139.34 -0.00455 -0.00455 -0.00455 -0.00455
-139.091 -0.00456 -0.00456 -0.00456 -0.00456
-138.844 -0.00457 -0.00457 -0.00457 -0.00457
-138.597 -0.00458 -0.00458 -0.00458 -0.00458
-138.352 -0.00459 -0.00459 -0.00459 -0.00459
-138.108 -0.0046 -0.0046 -0.0046 -0.0046
-137.866 -0.00461 -0.00461 -0.00461 -0.00461
-137.625 -0.00462 -0.00462 -0.00462 -0.00462
-137.385 -0.00463 -0.00463 -0.00463 -0.00463
-137.146 -0.00464 -0.00464 -0.00464 -0.00464
-136.909 -0.00465 -0.00465 -0.00465 -0.00465
-136.672 -0.00466 -0.00466 -0.00466 -0.00466
-136.437 -0.00467 -0.00467 -0.00467 -0.00467
-136.203 -0.00468 -0.00468 -0.00468 -0.00468
-135.971 -0.00469 -0.00469 -0.00469 -0.00469
-135.739 -0.0047 -0.0047 -0.0047 -0.0047
-135.509 -0.00471 -0.00471 -0.00471 -0.00471
-135.279 -0.00472 -0.00472 -0.00472 -0.00472
-135.051 -0.00473 -0.00473 -0.00473 -0.00473
-134.824 -0.00474 -0.00474 -0.00474 -0.00474
-134.597 -0.00475 -0.00475 -0.00475 -0.00475
-134.372 -0.00476 -0.00476 -0.00476 -0.00476
-134.148 -0.00477 -0.00477 -0.00477 -0.00477
-133.925 -0.00478 -0.00478 -0.00478 -0.00478
-133.703 -0.00479 -0.00479 -0.00479 -0.00479
-133.482 -0.0048 -0.0048 -0.0048 -0.0048
-133.261 -0.00481 -0.00481 -0.00481 -0.00481
-133.042 -0.00482 -0.00482 -0.00482 -0.00482
-132.824 -0.00483 -0.00483 -0.00483 -0.00483
-132.606 -0.00484 -0.00484 -0.00484 -0.00484
-132.39 -0.00485 -0.00485 -0.00485 -0.00485
-132.174 -0.00486 -0.00486 -0.00486 -0.00486
-131.959 -0.00487 -0.00487 -0.00487 -0.00487
-131.746 -0.00488 -0.00488 -0.00488 -0.00488
-131.532 -0.00489 -0.00489 -0.00489 -0.00489
-131.32 -0.0049 -0.0049 -0.0049 -0.0049
-131.109 -0.00491 -0.00491 -0.00491 -0.00491
-130.898 -0.00492 -0.00492 -0.00492 -0.00492
-130.689 -0.00493 -0.00493 -0.00493 -0.00493
-130.48 -0.00494 -0.00494 -0.00494 -0.00494
-130.271 -0.00495 -0.00495 -0.00495 -0.00495
-130.064 -0.00496 -0.00496 -0.00496 -0.00496
-129.857 -0.00497 -0.00497 -0.00497 -0.00497
-129.651 -0.00498 -0.00498 -0.00498 -0.00498
-129.446 -0.00499 -0.00499 -0.00499 -0.00499
-129.242 -0.005 -0.005 -0.005 -0.005
-129.038 -0.00501 -0.00501 -0.00501 -0.00501
-128.835 -0.00502 -0.00502 -0.00502 -0.00502
-128.633 -0.00503 -0.00503 -0.00503 -0.00503
-128.431 -0.00504 -0.00504 -0.00504 -0.00504
-128.23 -0.00505 -0.00505 -0.00505 -0.00505
-128.03 -0.00506 -0.00506 -0.00506 -0.00506
-127.83 -0.00507 -0.00507 -0.00507 -0.00507
-127.631 -0.00508 -0.00508 -0.00508 -0.00508
-127.432 -0.00509 -0.00509 -0.00509 -0.00509
-127.235 -0.0051 -0.0051 -0.0051 -0.0051
-127.038 -0.00511 -0.00511 -0.00511 -0.00511
-126.841 -0.00512 -0.00512 -0.00512 -0.00512
-126.645 -0.00513 -0.00513 -0.00513 -0.00513
-126.45 -0.00514 -0.00514 -0.00514 -0.00514
-126.255 -0.00515 -0.00515 -0.00515 -0.00515
-126.061 -0.00516 -0.00516 -0.00516 -0.00516
-125.867 -0.00517 -0.00517 -0.00517 -0.00517
-125.674 -0.00518 -0.00518 -0.00518 -0.00518
-125.482 -0.00519 -0.00519 -0.00519 -0.00519
-125.29 -0.0052 -0.0052 -0.0052 -0.0052
-125.099 -0.00521 -0.00521 -0.00521 -0.00521
-124.908 -0.00522 -0.00522 -0.00522 -0.00522
-124.718 -0.00523 -0.00523 -0.00523 -0.00523
-124.528 -0.00524 -0.00524 -0.00524 -0.00524
-124.338 -0.00525 -0.00525 -0.00525 -0.00525
-124.15 -0.00526 -0.00526 -0.00526 -0.00526
-123.961 -0.00527 -0.00527 -0.00527 -0.00527
-123.774 -0.00528 -0.00528 -0.00528 -0.00528
-123.586 -0.00529 -0.00529 -0.00529 -0.00529
-123.4 -0.0053 -0.0053 -0.0053 -0.0053
-123.213 -0.00531 -0.00531 -0.00531 -0.00531
-123.027 -0.00532 -0.00532 -0.00532 -0.00532
-122.842 -0.00533 -0.00533 -0.00533 -0.00533
-122.657 -0.00534 -0.00534 -0.00534 -0.00534
-122.473 -0.00535 -0.00535 -0.00535 -0.00535
-122.289 -0.00536 -0.00536 -0.00536 -0.00536
-122.105 -0.00537 -0.00537 -0.00537 -0.00537
-121.922 -0.00538 -0.00538 -0.00538 -0.00538
-121.739 -0.00539 -0.00539 -0.00539 -0.00539
-121.557 -0.0054 -0.0054 -0.0054 -0.0054
-121.375 -0.00541 -0.00541 -0.00541 -0.00541
-121.194 -0.00542 -0.00542 -0.00542 -0.00542
-121.013 -0.00543 -0.00543 -0.00543 -0.00543
-120.832 -0.00544 -0.00544 -0.00544 -0.00544
-120.652 -0.00545 -0.00545 -0.00545 -0.00545
-120.472 -0.00546 -0.00546 -0.00546 -0.00546
-120.292 -0.00547 -0.00547 -0.00547 -0.00547
-120.113 -0.00548 -0.00548 -0.00548 -0.00548
-119.935 -0.00549 -0.00549 -0.00549 -0.00549
-119.756 -0.0055 -0.0055 -0.0055 -0.0055
-119.578 -0.00551 -0.00551 -0.00551 -0.00551
-119.401 -0.00552 -0.00552 -0.00552 -0.00552
-119.224 -0.00553 -0.00553 -0.00553 -0.00553
-119.047 -0.00554 -0.00554 -0.00554 -0.00554
-118.87 -0.00555 -0.00555 -0.00555 -0.00555
-118.694 -0.00556 -0.00556 -0.00556 -0.00556
-118.518 -0.00557 -0.00557 -0.00557 -0.00557
-118.343 -0.00558 -0.00558 -0.00558 -0.00558
-118.168 -0.00559 -0.00559 -0.00559 -0.00559
-117.993 -0.0056 -0.0056 -0.0056 -0.0056
-117.819 -0.00561 -0.00561 -0.00561 -0.00561
-117.645 -0.00562 -0.00562 -0.00562 -0.00562
-117.471 -0.00563 -0.00563 -0.00563 -0.00563
-117.297 -0.00564 -0.00564 -0.00564 -0.00564
-117.124 -0.00565 -0.00565 -0.00565 -0.00565
-116.952 -0.00566 -0.00566 -0.00566 -0.00566
-116.779 -0.00567 -0.00567 -0.00567 -0.00567
-116.607 -0.00568 -0.00568 -0.00568 -0.00568
-116.435 -0.00569 -0.00569 -0.00569 -0.00569
-116.263 -0.0057 -0.0057 -0.0057 -0.0057
-116.092 -0.00571 -0.00571 -0.00571 -0.00571
-115.921 -0.00572 -0.00572 -0.00572 -0.00572
-115.751 -0.00573 -0.00573 -0.00573 -0.00573
-115.58 -0.00574 -0.00574 -0.00574 -0.00574
-115.41 -0.00575 -0.00575 -0.00575 -0.00575
-115.24 -0.00576 -0.00576 -0.00576 -0.00576
-115.071 -0.00577 -0.00577 -0.00577 -0.00577
-114.901 -0.00578 -0.00578 -0.00578 -0.00578
-114.732 -0.00579 -0.00579 -0.00579 -0.00579
-114.564 -0.0058 -0.0058 -0.0058 -0.0058
-114.395 -0.00581 -0.00581 -0.00581 -0.00581
-114.227 -0.00582 -0.00582 -0.00582 -0.00582
-114.059 -0.00583 -0.00583 -0.00583 -0.00583
-113.892 -0.00584 -0.00584 -0.00584 -0.00584
-113.724 -0.00585 -0.00585 -0.00585 -0.00585
-113.557 -0.00586 -0.00586 -0.00586 -0.00586
-113.39 -0.00587 -0.00587 -0.00587 -0.00587
-113.224 -0.00588 -0.00588 -0.00588 -0.00588
-113.057 -0.00589 -0.00589 -0.00589 -0.00589
-112.891 -0.0059 -0.0059 -0.0059 -0.0059
-112.725 -0.00591 -0.00591 -0.00591 -0.00591
-112.56 -0.00592 -0.00592 -0.00592 -0.00592
-112.394 -0.00593 -0.00593 -0.00593 -0.00593
-112.229 -0.00594 -0.00594 -0.00594 -0.00594
-112.064 -0.00595 -0.00595 -0.00595 -0.00595
-111.9 -0.00596 -0.00596 -0.00596 -0.00596
-111.735 -0.00597 -0.00597 -0.00597 -0.00597
-111.571 -0.00598 -0.00598 -0.00598 -0.00598
-111.407 -0.00599 -0.00599 -0.00599 -0.00599
-111.244 -0.006 -0.006 -0.006 -0.006
-111.08 -0.00601 -0.00601 -0.00601 -0.00601
-110.917 -0.00602 -0.00602 -0.00602 -0.00602
-110.754 -0.00603 -0.00603 -0.00603 -0.00603
-110.591 -0.00604 -0.00604 -0.00604 -0.00604
-110.428 -0.00605 -0.00605 -0.00605 -0.00605
-110.266 -0.00606 -0.00606 -0.00606 -0.00606
-110.104 -0.00607 -0.00607 -0.00607 -0.00607
-109.942 -0.00608 -0.00608 -0.00608 -0.00608
-109.78 -0.00609 -0.00609 -0.00609 -0.00609
-109.618 -0.0061 -0.0061 -0.0061 -0.0061
-109.457 -0.00611 -0.00611 -0.00611 -0.00611
-109.296 -0.00612 -0.00612 -0.00612 -0.00612
-109.135 -0.00613 -0.00613 -0.00613 -0.00613
-108.974 -0.00614 -0.00614 -0.00614 -0.00614
-108.814 -0.00615 -0.00615 -0.00615 -0.00615
-108.653 -0.00616 -0.00616 -0.00616 -0.00616
-108.493 -0.00617 -0.00617 -0.00617 -0.00617
-108.333 -0.00618 -0.00618 -0.00618 -0.00618
-108.174 -0.00619 -0.00619 -0.00619 -0.00619
-108.014 -0.0062 -0.0062 -0.0062 -0.0062
-107.855 -0.00621 -0.00621 -0.00621 -0.00621
-107.696 -0.00622 -0.00622 -0.00622 -0.00622
-107.537 -0.00623 -0.00623 -0.00623 -0.00623
-107.378 -0.00624 -0.00624 -0.00624 -0.00624
-107.219 -0.00625 -0.00625 -0.00625 -0.00625
-107.061 -0.00626 -0.00626 -0.00626 -0.00626
-106.903 -0.00627 -0.00627 -0.00627 -0.00627
-106.745 -0.00628 -0.00628 -0.00628 -0.00628
-106.587 -0.00629 -0.00629 -0.00629 -0.00629
-106.429 -0.0063 -0.0063 -0.0063 -0.0063
-106.272 -0.00631 -0.00631 -0.00631 -0.00631
-106.114 -0.00632 -0.00632 -0.00632 -0.00632
-105.957 -0.00633 -0.00633 -0.00633 -0.00633
-105.8 -0.00634 -0.00634 -0.00634 -0.00634
-105.643 -0.00635 -0.00635 -0.00635 -0.00635
-105.487 -0.00636 -0.00636 -0.00636 -0.00636
-105.33 -0.00637 -0.00637 -0.00637 -0.00637
-105.174 -0.00638 -0.00638 -0.00638 -0.00638
-105.018 -0.00639 -0.00639 -0.00639 -0.00639
-104.862 -0.0064 -0.0064 -0.0064 -0.0064
-104.706 -0.00641 -0.00641 -0.00641 -0.00641
-104.551 -0.00642 -0.00642 -0.00642 -0.00642
-104.395 -0.00643 -0.00643 -0.00643 -0.00643
-104.24 -0.00644 -0.00644 -0.00644 -0.00644
-104.085 -0.00645 -0.00645 -0.00645 -0.00645
-103.93 -0.00646 -0.00646 -0.00646 -0.00646
-103.775 -0.00647 -0.00647 -0.00647 -0.00647
-103.62 -0.00648 -0.00648 -0.00648 -0.00648
-103.466 -0.00649 -0.00649 -0.00649 -0.00649
-103.312 -0.0065 -0.0065 -0.0065 -0.0065
-103.157 -0.00651 -0.00651 -0.00651 -0.00651
-103.003 -0.00652 -0.00652 -0.00652 -0.00652
-102.85 -0.00653 -0.00653 -0.00653 -0.00653
-102.696 -0.00654 -0.00654 -0.00654 -0.00654
-102.542 -0.00655 -0.00655 -0.00655 -0.00655
-102.389 -0.00656 -0.00656 -0.00656 -0.00656
-102.236 -0.00657 -0.00657 -0.00657 -0.00657
-102.083 -0.00658 -0.00658 -0.00658 -0.00658
-101.93 -0.00659 -0.00659 -0.00659 -0.00659
-101.777 -0.0066 -0.0066 -0.0066 -0.0066
-101.624 -0.00661 -0.00661 -0.00661 -0.00661
-101.472 -0.00662 -0.00662 -0.00662 -0.00662
-101.319 -0.00663 -0.00663 -0.00663 -0.00663
-101.167 -0.00664 -0.00664 -0.00664 -0.00664
-101.015 -0.00665 -0.00665 -0.00665 -0.00665
-100.863 -0.00666 -0.00666 -0.00666 -0.00666
-100.711 -0.00667 -0.00667 -0.00667 -0.00667
-100.56 -0.00668 -0.00668 -0.00668 -0.00668
-100.408 -0.00669 -0.00669 -0.00669 -0.00669
-100.257 -0.0067 -0.0067 -0.0067 -0.0067
-100.106 -0.00671 -0.00671 -0.00671 -0.00671
-99.9545 -0.00672 -0.00672 -0.00672 -0.00672
-99.8035 -0.00673 -0.00673 -0.00673 -0.00673
-99.6527 -0.00674 -0.00674 -0.00674 -0.00674
-99.502 -0.00675 -0.00675 -0.00675 -0.00675
-99.3515 -0.00676 -0.00676 -0.00676 -0.00676
-99.2011 -0.00677 -0.00677 -0.00677 -0.00677
-99.0508 -0.00678 -0.00678 -0.00678 -0.00678
-98.9006 -0.00679 -0.00679 -0.00679 -0.00679
-98.7506 -0.0068 -0.0068 -0.0068 -0.0068
-98.6008 -0.00681 -0.00681 -0.00681 -0.00681
-98.451 -0.00682 -0.00682 -0.00682 -0.00682
-98.3014 -0.00683 -0.00683 -0.00683 -0.00683
-98.1519 -0.00684 -0.00684 -0.00684 -0.00684
-98.0025 -0.00685 -0.00685 -0.00685 -0.00685
-97.8533 -0.00686 -0.00686 -0.00686 -0.00686
-97.7042 -0.00687 -0.00687 -0.00687 -0.00687
-97.5552 -0.00688 -0.00688 -0.00688 -0.00688
-97.4064 -0.00689 -0.00689 -0.00689 -0.00689
-97.2576 -0.0069 -0.0069 -0.0069 -0.0069
-97.109 -0.00691 -0.00691 -0.00691 -0.00691
-96.9606 -0.00692 -0.00692 -0.00692 -0.00692
-96.8122 -0.00693 -0.00693 -0.00693 -0.00693
-96.664 -0.00694 -0.00694 -0.00694 -0.00694
-96.5159 -0.00695 -0.00695 -0.00695 -0.00695
-96.3679 -0.00696 -0.00696 -0.00696 -0.00696
-96.22 -0.00697 -0.00697 -0.00697 -0.00697
-96.0723 -0.00698 -0.00698 -0.00698 -0.00698
-95.9246 -0.00699 -0.00699 -0.00699 -0.00699
-95.7771 -0.007 -0.007 -0.007 -0.007
-95.6298 -0.00701 -0.00701 -0.00701 -0.00701
-95.4825 -0.00702 -0.00702 -0.00702 -0.00702
-95.3353 -0.00703 -0.00703 -0.00703 -0.00703
-95.1883 -0.00704 -0.00704 -0.00704 -0.00704
-95.0414 -0.00705 -0.00705 -0.00705 -0.00705
-94.8946 -0.00706 -0.00706 -0.00706 -0.00706
-94.7479 -0.00707 -0.00707 -0.00707 -0.00707
-94.6013 -0.00708 -0.00708 -0.00708 -0.00708
-94.4549 -0.00709 -0.00709 -0.00709 -0.00709
-94.3085 -0.0071 -0.0071 -0.0071 -0.0071
-94.1623 -0.00711 -0.00711 -0.00711 -0.00711
-94.0162 -0.00712 -0.00712 -0.00712 -0.00712
-93.8702 -0.00713 -0.00713 -0.00713 -0.00713
-93.7243 -0.00714 -0.00714 -0.00714 -0.00714
-93.5785 -0.00715 -0.00715 -0.00715 -0.00715
-93.4328 -0.00716 -0.00716 -0.00716 -0.00716
-93.2873 -0.00717 -0.00717 -0.00717 -0.00717
-93.1418 -0.00718 -0.00718 -0.00718 -0.00718
-92.9965 -0.00719 -0.00719 -0.00719 -0.00719
-92.8513 -0.0072 -0.0072 -0.0072 -0.0072
-92.7061 -0.00721 -0.00721 -0.00721 -0.00721
-92.5611 -0.00722 -0.00722 -0.00722 -0.00722
-92.4162 -0.00723 -0.00723 -0.00723 -0.00723
-92.2714 -0.00724 -0.00724 -0.00724 -0.00724
-92.1267 -0.00725 -0.00725 -0.00725 -0.00725
-91.9821 -0.00726 -0.00726 -0.00726 -0.00726
-91.8377 -0.00727 -0.00727 -0.00727 -0.00727
-91.6933 -0.00728 -0.00728 -0.00728 -0.00728
-91.549 -0.00729 -0.00729 -0.00729 -0.00729
-91.4048 -0.0073 -0.0073 -0.0073 -0.0073
-91.2608 -0.00731 -0.00731 -0.00731 -0.00731
-91.1168 -0.00732 -0.00732 -0.00732 -0.00732
-90.973 -0.00733 -0.00733 -0.00733 -0.00733
-90.8292 -0.00734 -0.00734 -0.00734 -0.00734
-90.6856 -0.00735 -0.00735 -0.00735 -0.00735
-90.542 -0.00736 -0.00736 -0.00736 -0.00736
-90.3986 -0.00737 -0.00737 -0.00737 -0.00737
-90.2552 -0.00738 -0.00738 -0.00738 -0.00738
-90.112 -0.00739 -0.00739 -0.00739 -0.00739
-89.9688 -0.0074 -0.0074 -0.0074 -0.0074
-89.8258 -0.00741 -0.00741 -0.00741 -0.00741
-89.6828 -0.00742 -0.00742 -0.00742 -0.00742
-89.54 -0.00743 -0.00743 -0.00743 -0.00743
-89.3972 -0.00744 -0.00744 -0.00744 -0.00744
-89.2546 -0.00745 -0.00745 -0.00745 -0.00745
-89.112 -0.00746 -0.00746 -0.00746 -0.00746
-88.9695 -0.00747 -0.00747 -0.00747 -0.00747
-88.8272 -0.00748 -0.00748 -0.00748 -0.00748
-88.6849 -0.00749 -0.00749 -0.00749 -0.00749
-88.5427 -0.0075 -0.0075 -0.0075 -0.0075
-88.4007 -0.00751 -0.00751 -0.00751 -0.00751
-88.2587 -0.00752 -0.00752 -0.00752 -0.00752
-88.1168 -0.00753 -0.00753 -0.00753 -0.00753
-87.975 -0.00754 -0.00754 -0.00754 -0.00754
-87.8333 -0.00755 -0.00755 -0.00755 -0.00755
-87.6917 -0.00756 -0.00756 -0.00756 -0.00756
-87.5502 -0.00757 -0.00757 -0.00757 -0.00757
-87.4088 -0.00758 -0.00758 -0.00758 -0.00758
-87.2675 -0.00759 -0.00759 -0.00759 -0.00759
-87.1263 -0.0076 -0.0076 -0.0076 -0.0076
-86.9851 -0.00761 -0.00761 -0.00761 -0.00761
-86.8441 -0.00762 -0.00762 -0.00762 -0.00762
-86.7031 -0.00763 -0.00763 -0.00763 -0.00763
-86.5623 -0.00764 -0.00764 -0.00764 -0.00764
-86.4215 -0.00765 -0.00765 -0.00765 -0.00765
-86.2808 -0.00766 -0.00766 -0.00766 -0.00766
-86.1402 -0.00767 -0.00767 -0.00767 -0.00767
-85.9997 -0.00768 -0.00768 -0.00768 -0.00768
-85.8593 -0.00769 -0.00769 -0.00769 -0.00769
-85.719 -0.0077 -0.0077 -0.0077 -0.0077
-85.5788 -0.00771 -0.00771 -0.00771 -0.00771
-85.4386 -0.00772 -0.00772 -0.00772 -0.00772
-85.2986 -0.00773 -0.00773 -0.00773 -0.00773
-85.1586 -0.00774 -0.00774 -0.00774 -0.00774
-85.0187 -0.00775 -0.00775 -0.00775 -0.00775
-84.8789 -0.00776 -0.00776 -0.00776 -0.00776
-84.7392 -0.00777 -0.00777 -0.00777 -0.00777
-84.5996 -0.00778 -0.00778 -0.00778 -0.00778
-84.4601 -0.00779 -0.00779 -0.00779 -0.00779
-84.3206 -0.0078 -0.0078 -0.0078 -0.0078
-84.1812 -0.00781 -0.00781 -0.00781 -0.00781
-84.042 -0.00782 -0.00782 -0.00782 -0.00782
-83.9028 -0.00783 -0.00783 -0.00783 -0.00783
-83.7637 -0.00784 -0.00784 -0.00784 -0.00784
-83.6246 -0.00785 -0.00785 -0.00785 -0.00785
-83.4857 -0.00786 -0.00786 -0.00786 -0.00786
-83.3469 -0.00787 -0.00787 -0.00787 -0.00787
-83.2081 -0.00788 -0.00788 -0.00788 -0.00788
-83.0694 -0.00789 -0.00789 -0.00789 -0.00789
-82.9308 -0.0079 -0.0079 -0.0079 -0.0079
-82.7923 -0.00791 -0.00791 -0.00791 -0.00791
-82.6538 -0.00792 -0.00792 -0.00792 -0.00792
-82.5155 -0.00793 -0.00793 -0.00793 -0.00793
-82.3772 -0.00794 -0.00794 -0.00794 -0.00794
-82.239 -0.00795 -0.00795 -0.00795 -0.00795
-82.1009 -0.00796 -0.00796 -0.00796 -0.00796
-81.9629 -0.00797 -0.00797 -0.00797 -0.00797
-81.8249 -0.00798 -0.00798 -0.00798 -0.00798
-81.687 -0.00799 -0.00799 -0.00799 -0.00799
-81.5492 -0.008 -0.008 -0.008 -0.008
-81.457 -0.00801 -0.00801 -0.00801 -0.00801
-81.3648 -0.00802 -0.00802 -0.00802 -0.00802
-81.2727 -0.00803 -0.00803 -0.00803 -0.00803
-81.1807 -0.00804 -0.00804 -0.00804 -0.00804
-81.0887 -0.00805 -0.00805 -0.00805 -0.00805
-80.9969 -0.00806 -0.00806 -0.00806 -0.00806
-80.9051 -0.00807 -0.00807 -0.00807 -0.00807
-80.8134 -0.00808 -0.00808 -0.00808 -0.00808
-80.7218 -0.00809 -0.00809 -0.00809 -0.00809
-80.6302 -0.0081 -0.0081 -0.0081 -0.0081
-80.5387 -0.00811 -0.00811 -0.00811 -0.00811
-80.4473 -0.00812 -0.00812 -0.00812 -0.00812
-80.356 -0.00813 -0.00813 -0.00813 -0.00813
-80.2648 -0.00814 -0.00814 -0.00814 -0.00814
-80.1736 -0.00815 -0.00815 -0.00815 -0.00815
-80.0825 -0.00816 -0.00816 -0.00816 -0.00816
-79.9915 -0.00817 -0.00817 -0.00817 -0.00817
-79.9006 -0.00818 -0.00818 -0.00818 -0.00818
-79.8097 -0.00819 -0.00819 -0.00819 -0.00819
-79.7189 -0.0082 -0.0082 -0.0082 -0.0082
-79.6282 -0.00821 -0.00821 -0.00821 -0.00821
-79.5376 -0.00822 -0.00822 -0.00822 -0.00822
-79.447 -0.00823 -0.00823 -0.00823 -0.00823
-79.3565 -0.00824 -0.00824 -0.00824 -0.00824
-79.2661 -0.00825 -0.00825 -0.00825 -0.00825
-79.1758 -0.00826 -0.00826 -0.00826 -0.00826
-79.0855 -0.00827 -0.00827 -0.00827 -0.00827
-78.9953 -0.00828 -0.00828 -0.00828 -0.00828
-78.9052 -0.00829 -0.00829 -0.00829 -0.00829
-78.8151 -0.0083 -0.0083 -0.0083 -0.0083
-78.7251 -0.00831 -0.00831 -0.00831 -0.00831
-78.6352 -0.00832 -0.00832 -0.00832 -0.00832
-78.5454 -0.00833 -0.00833 -0.00833 -0.00833
-78.4556 -0.00834 -0.00834 -0.00834 -0.00834
-78.3659 -0.00835 -0.00835 -0.00835 -0.00835
-78.2763 -0.00836 -0.00836 -0.00836 -0.00836
-78.1868 -0.00837 -0.00837 -0.00837 -0.00837
-78.0973 -0.00838 -0.00838 -0.00838 -0.00838
-78.0079 -0.00839 -0.00839 -0.00839 -0.00839
-77.9185 -0.0084 -0.0084 -0.0084 -0.0084
-77.8293 -0.00841 -0.00841 -0.00841 -0.00841
-77.7401 -0.00842 -0.00842 -0.00842 -0.00842
-77.6509 -0.00843 -0.00843 -0.00843 -0.00843
-77.5619 -0.00844 -0.00844 -0.00844 -0.00844
-77.4729 -0.00845 -0.00845 -0.00845 -0.00845
-77.384 -0.00846 -0.00846 -0.00846 -0.00846
-77.2951 -0.00847 -0.00847 -0.00847 -0.00847
-77.2063 -0.00848 -0.00848 -0.00848 -0.00848
-77.1176 -0.00849 -0.00849 -0.00849 -0.00849
-77.029 -0.0085 -0.0085 -0.0085 -0.0085
-76.9404 -0.00851 -0.00851 -0.00851 -0.00851
-76.8519 -0.00852 -0.00852 -0.00852 -0.00852
-76.7634 -0.00853 -0.00853 -0.00853 -0.00853
-76.675 -0.00854 -0.00854 -0.00854 -0.00854
-76.5867 -0.00855 -0.00855 -0.00855 -0.00855
-76.4985 -0.00856 -0.00856 -0.00856 -0.00856
-76.4103 -0.00857 -0.00857 -0.00857 -0.00857
-76.3222 -0.00858 -0.00858 -0.00858 -0.00858
-76.2342 -0.00859 -0.00859 -0.00859 -0.00859
-76.1462 -0.0086 -0.0086 -0.0086 -0.0086
-76.0583 -0.00861 -0.00861 -0.00861 -0.00861
-75.9704 -0.00862 -0.00862 -0.00862 -0.00862
-75.8827 -0.00863 -0.00863 -0.00863 -0.00863
-75.7949 -0.00864 -0.00864 -0.00864 -0.00864
-75.7073 -0.00865 -0.00865 -0.00865 -0.00865
-75.6197 -0.00866 -0.00866 -0.00866 -0.00866
-75.5322 -0.00867 -0.00867 -0.00867 -0.00867
-75.4447 -0.00868 -0.00868 -0.00868 -0.00868
-75.3573 -0.00869 -0.00869 -0.00869 -0.00869
-75.27 -0.0087 -0.0087 -0.0087 -0.0087
-75.1828 -0.00871 -0.00871 -0.00871 -0.00871
-75.0956 -0.00872 -0.00872 -0.00872 -0.00872
-75.0084 -0.00873 -0.00873 -0.00873 -0.00873
-74.9213 -0.00874 -0.00874 -0.00874 -0.00874
-74.8343 -0.00875 -0.00875 -0.00875 -0.00875
-74.7474 -0.00876 -0.00876 -0.00876 -0.00876
-74.6605 -0.00877 -0.00877 -0.00877 -0.00877
-74.5737 -0.00878 -0.00878 -0.00878 -0.00878
-74.4869 -0.00879 -0.00879 -0.00879 -0.00879
-74.4002 -0.0088 -0.0088 -0.0088 -0.0088
-74.3136 -0.00881 -0.00881 -0.00881 -0.00881
-74.227 -0.00882 -0.00882 -0.00882 -0.00882
-74.1405 -0.00883 -0.00883 -0.00883 -0.00883
-74.0541 -0.00884 -0.00884 -0.00884 -0.00884
-73.9677 -0.00885 -0.00885 -0.00885 -0.00885
-73.8814 -0.00886 -0.00886 -0.00886 -0.00886
-73.7951 -0.00887 -0.00887 -0.00887 -0.00887
-73.7089 -0.00888 -0.00888 -0.00888 -0.00888
-73.6228 -0.00889 -0.00889 -0.00889 -0.00889
-73.5367 -0.0089 -0.0089 -0.0089 -0.0089
-73.4507 -0.00891 -0.00891 -0.00891 -0.00891
-73.3647 -0.00892 -0.00892 -0.00892 -0.00892
-73.2788 -0.00893 -0.00893 -0.00893 -0.00893
-73.193 -0.00894 -0.00894 -0.00894 -0.00894
-73.1072 -0.00895 -0.00895 -0.00895 -0.00895
-73.0214 -0.00896 -0.00896 -0.00896 -0.00896
-72.9358 -0.00897 -0.00897 -0.00897 -0.00897
-72.8502 -0.00898 -0.00898 -0.00898 -0.00898
-72.7646 -0.00899 -0.00899 -0.00899 -0.00899
-72.6791 -0.009 -0.009 -0.009 -0.009
-72.5937 -0.00901 -0.00901 -0.00901 -0.00901
-72.5084 -0.00902 -0.00902 -0.00902 -0.00902
-72.423 -0.00903 -0.00903 -0.00903 -0.00903
-72.3378 -0.00904 -0.00904 -0.00904 -0.00904
-72.2526 -0.00905 -0.00905 -0.00905 -0.00905
-72.1675 -0.00906 -0.00906 -0.00906 -0.00906
-72.0824 -0.00907 -0.00907 -0.00907 -0.00907
-71.9974 -0.00908 -0.00908 -0.00908 -0.00908
-71.9124 -0.00909 -0.00909 -0.00909 -0.00909
-71.8275 -0.0091 -0.0091 -0.0091 -0.0091
-71.7426 -0.00911 -0.00911 -0.00911 -0.00911
-71.6578 -0.00912 -0.00912 -0.00912 -0.00912
-71.5731 -0.00913 -0.00913 -0.00913 -0.00913
-71.4884 -0.00914 -0.00914 -0.00914 -0.00914
-71.4038 -0.00915 -0.00915 -0.00915 -0.00915
-71.3192 -0.00916 -0.00916 -0.00916 -0.00916
-71.2347 -0.00917 -0.00917 -0.00917 -0.00917
-71.1503 -0.00918 -0.00918 -0.00918 -0.00918
-71.0659 -0.00919 -0.00919 -0.00919 -0.00919
-70.9815 -0.0092 -0.0092 -0.0092 -0.0092
-70.8972 -0.00921 -0.00921 -0.00921 -0.00921
-70.813 -0.00922 -0.00922 -0.00922 -0.00922
-70.7288 -0.00923 -0.00923 -0.00923 -0.00923
-70.6447 -0.00924 -0.00924 -0.00924 -0.00924
-70.5606 -0.00925 -0.00925 -0.00925 -0.00925
-70.4766 -0.00926 -0.00926 -0.00926 -0.00926
-70.3926 -0.00927 -0.00927 -0.00927 -0.00927
-70.3087 -0.00928 -0.00928 -0.00928 -0.00928
-70.2249 -0.00929 -0.00929 -0.00929 -0.00929
-70.1411 -0.0093 -0.0093 -0.0093 -0.0093
-70.0573 -0.00931 -0.00931 -0.00931 -0.00931
-69.9736 -0.00932 -0.00932 -0.00932 -0.00932
-69.89 -0.00933 -0.00933 -0.00933 -0.00933
-69.8064 -0.00934 -0.00934 -0.00934 -0.00934
-69.7229 -0.00935 -0.00935 -0.00935 -0.00935
-69.6394 -0.00936 -0.00936 -0.00936 -0.00936
-69.556 -0.00937 -0.00937 -0.00937 -0.00937
-69.4726 -0.00938 -0.00938 -0.00938 -0.00938
-69.3893 -0.00939 -0.00939 -0.00939 -0.00939
-69.306 -0.0094 -0.0094 -0.0094 -0.0094
-69.2228 -0.00941 -0.00941 -0.00941 -0.00941
-69.1396 -0.00942 -0.00942 -0.00942 -0.00942
-69.0565 -0.00943 -0.00943 -0.00943 -0.00943
-68.9735 -0.00944 -0.00944 -0.00944 -0.00944
-68.8905 -0.00945 -0.00945 -0.00945 -0.00945
-68.8075 -0.00946 -0.00946 -0.00946 -0.00946
-68.7246 -0.00947 -0.00947 -0.00947 -0.00947
-68.6418 -0.00948 -0.00948 -0.00948 -0.00948
-68.559 -0.00949 -0.00949 -0.00949 -0.00949
-68.4762 -0.0095 -0.0095 -0.0095 -0.0095
-68.3935 -0.00951 -0.00951 -0.00951 -0.00951
-68.3109 -0.00952 -0.00952 -0.00952 -0.00952
-68.2283 -0.00953 -0.00953 -0.00953 -0.00953
-68.1457 -0.00954 -0.00954 -0.00954 -0.00954
-68.0632 -0.00955 -0.00955 -0.00955 -0.00955
-67.9808 -0.00956 -0.00956 -0.00956 -0.00956
-67.8984 -0.00957 -0.00957 -0.00957 -0.00957
-67.816 -0.00958 -0.00958 -0.00958 -0.00958
-67.7337 -0.00959 -0.00959 -0.00959 -0.00959
-67.6515 -0.0096 -0.0096 -0.0096 -0.0096
-67.5693 -0.00961 -0.00961 -0.00961 -0.00961
-67.4871 -0.00962 -0.00962 -0.00962 -0.00962
-67.405 -0.00963 -0.00963 -0.00963 -0.00963
-67.323 -0.00964 -0.00964 -0.00964 -0.00964
-67.241 -0.00965 -0.00965 -0.00965 -0.00965
-67.159 -0.00966 -0.00966 -0.00966 -0.00966
-67.0771 -0.00967 -0.00967 -0.00967 -0.00967
-66.9953 -0.00968 -0.00968 -0.00968 -0.00968
-66.9135 -0.00969 -0.00969 -0.00969 -0.00969
-66.8317 -0.0097 -0.0097 -0.0097 -0.0097
-66.75 -0.00971 -0.00971 -0.00971 -0.00971
-66.6684 -0.00972 -0.00972 -0.00972 -0.00972
-66.5867 -0.00973 -0.00973 -0.00973 -0.00973
-66.5052 -0.00974 -0.00974 -0.00974 -0.00974
-66.4237 -0.00975 -0.00975 -0.00975 -0.00975
-66.3422 -0.00976 -0.00976 -0.00976 -0.00976
-66.2608 -0.00977 -0.00977 -0.00977 -0.00977
-66.1794 -0.00978 -0.00978 -0.00978 -0.00978
-66.0981 -0.00979 -0.00979 -0.00979 -0.00979
-66.0168 -0.0098 -0.0098 -0.0098 -0.0098
-65.9356 -0.00981 -0.00981 -0.00981 -0.00981
-65.8544 -0.00982 -0.00982 -0.00982 -0.00982
-65.7732 -0.00983 -0.00983 -0.00983 -0.00983
-65.6921 -0.00984 -0.00984 -0.00984 -0.00984
-65.6111 -0.00985 -0.00985 -0.00985 -0.00985
-65.5301 -0.00986 -0.00986 -0.00986 -0.00986
-65.4491 -0.00987 -0.00987 -0.00987 -0.00987
-65.3682 -0.00988 -0.00988 -0.00988 -0.00988
-65.2874 -0.00989 -0.00989 -0.00989 -0.00989
-65.2066 -0.0099 -0.0099 -0.0099 -0.0099
-65.1258 -0.00991 -0.00991 -0.00991 -0.00991
-65.0451 -0.00992 -0.00992 -0.00992 -0.00992
-64.9644 -0.00993 -0.00993 -0.00993 -0.00993
-64.8838 -0.00994 -0.00994 -0.00994 -0.00994
-64.8032 -0.00995 -0.00995 -0.00995 -0.00995
-64.7226 -0.00996 -0.00996 -0.00996 -0.00996
-64.6421 -0.00997 -0.00997 -0.00997 -0.00997
-64.5617 -0.00998 -0.00998 -0.00998 -0.00998
-64.4813 -0.00999 -0.00999 -0.00999 -0.00999
-64.4009 -0.01 -0.01 -0.01 -0.01
-64.3206 -0.01001 -0.01001 -0.01001 -0.01001
