1 190000 2.39045e-17 -1.68822e-10 -190000 -2.39045e-17 1.68818e-10 190000 -2.39037e-17 -1.68818e-10 -190000 2.39037e-17 1.68822e-10
6022.78 190000 3011.39 -25554.9 -190000 -3011.39 2.30918e+06 190000 -3011.39 -2.30918e+06 -190000 3011.39 25554.9
12050.3 190000 6025.16 -51116.3 -190000 -6025.16 4.62016e+06 190000 -6025.16 -4.62016e+06 -190000 6025.16 51116.3
18121.2 190000 9060.6 -76738.1 -190000 -9060.6 6.94744e+06 190000 -9060.6 -6.94744e+06 -190000 9060.6 76738.1
24126.8 190000 12063.4 -102269 -190000 -12063.4 9.25017e+06 190000 -12063.4 -9.25017e+06 -190000 12063.4 102269
29357.9 190000 14678.9 -126722 -190000 -14678.9 1.12614e+07 190000 -14678.9 -1.12614e+07 -190000 14678.9 126722
33374.9 190000 16687.5 -149485 -190000 -16687.5 1.28157e+07 190000 -16687.5 -1.28157e+07 -190000 16687.5 149485
36131.7 190000 18065.8 -170493 -190000 -18065.8 1.38958e+07 190000 -18065.8 -1.38958e+07 -190000 18065.8 170493
37932.5 190000 18966.2 -190171 -190000 -18966.2 1.46161e+07 190000 -18966.2 -1.46161e+07 -190000 18966.2 190171
39146.7 190000 19573.4 -209032 -190000 -19573.4 1.51157e+07 190000 -19573.4 -1.51157e+07 -190000 19573.4 209032
40031.3 190000 20015.7 -227433 -190000 -20015.7 1.54913e+07 190000 -20015.7 -1.54913e+07 -190000 20015.7 227433
40740.8 190000 20370.4 -245591 -190000 -20370.4 1.5801e+07 190000 -20370.4 -1.5801e+07 -190000 20370.4 245591
41355.1 190000 20677.5 -263615 -190000 -20677.5 1.60748e+07 190000 -20677.5 -1.60748e+07 -190000 20677.5 263615
41914.3 190000 20957.2 -281563 -190000 -20957.2 1.63279e+07 190000 -20957.2 -1.63279e+07 -190000 20957.2 281563
42441.4 190000 21220.7 -299465 -190000 -21220.7 1.6569e+07 190000 -21220.7 -1.6569e+07 -190000 21220.7 299465
42954.1 190000 21477 -317347 -190000 -21477 1.68046e+07 190000 -21477 -1.68046e+07 -190000 21477 317347
43452 190000 21726 -335208 -190000 -21726 1.70347e+07 190000 -21726 -1.70347e+07 -190000 21726 335208
43943.3 190000 21971.7 -353060 -190000 -21971.7 1.72623e+07 190000 -21971.7 -1.72623e+07 -190000 21971.7 353060
44426.8 190000 22213.4 -370900 -190000 -22213.4 1.7487e+07 190000 -22213.4 -1.7487e+07 -190000 22213.4 370900
44896.7 190000 22448.3 -388721 -190000 -22448.3 1.77065e+07 190000 -22448.3 -1.77065e+07 -190000 22448.3 388721
45340.9 190000 22670.5 -406505 -190000 -22670.5 1.79164e+07 190000 -22670.5 -1.79164e+07 -190000 22670.5 406505
45737.9 190000 22868.9 -424223 -190000 -22868.9 1.81085e+07 190000 -22868.9 -1.81085e+07 -190000 22868.9 424223
46888.9 190000 23444.5 -442992 -190000 -23444.5 1.85844e+07 190000 -23444.5 -1.85844e+07 -190000 23444.5 442992
46967.8 190000 23483.9 -460266 -190000 -23483.9 1.86569e+07 190000 -23483.9 -1.86569e+07 -190000 23483.9 460266
47185.7 190000 23592.9 -477734 -190000 -23592.9 1.87816e+07 190000 -23592.9 -1.87816e+07 -190000 23592.9 477734
47487.1 190000 23743.5 -495317 -190000 -23743.5 1.89377e+07 190000 -23743.5 -1.89377e+07 -190000 23743.5 495317
47760.1 190000 23880 -512861 -190000 -23880 1.90832e+07 190000 -23880 -1.90832e+07 -190000 23880 512861
47993.1 190000 23996.5 -530348 -190000 -23996.5 1.92136e+07 190000 -23996.5 -1.92136e+07 -190000 23996.5 530348
48199.7 190000 24099.9 -547798 -190000 -24099.9 1.93341e+07 190000 -24099.9 -1.93341e+07 -190000 24099.9 547798
48371.4 190000 24185.7 -565199 -190000 -24185.7 1.94415e+07 190000 -24185.7 -1.94415e+07 -190000 24185.7 565199
48520 190000 24260 -582567 -190000 -24260 1.95401e+07 190000 -24260 -1.95401e+07 -190000 24260 582567
48641.9 190000 24321 -599898 -190000 -24321 1.96288e+07 190000 -24321 -1.96288e+07 -190000 24321 599898
48738.8 190000 24369.4 -617193 -190000 -24369.4 1.97079e+07 190000 -24369.4 -1.97079e+07 -190000 24369.4 617193
48819.8 190000 24409.9 -634465 -190000 -24409.9 1.97812e+07 190000 -24409.9 -1.97812e+07 -190000 24409.9 634465
48876.5 190000 24438.2 -651703 -190000 -24438.2 1.98452e+07 190000 -24438.2 -1.98452e+07 -190000 24438.2 651703
48918.8 190000 24459.4 -668921 -190000 -24459.4 1.99039e+07 190000 -24459.4 -1.99039e+07 -190000 24459.4 668921
48947.9 190000 24474 -686120 -190000 -24474 1.99576e+07 190000 -24474 -1.99576e+07 -190000 24474 686120
48958.5 190000 24479.3 -703292 -190000 -24479.3 2.00043e+07 190000 -24479.3 -2.00043e+07 -190000 24479.3 703292
48958.1 190000 24479.1 -720449 -190000 -24479.1 2.00469e+07 190000 -24479.1 -2.00469e+07 -190000 24479.1 720449
48950.8 190000 24475.4 -737595 -190000 -24475.4 2.00868e+07 190000 -24475.4 -2.00868e+07 -190000 24475.4 737595
48930.3 190000 24465.1 -754723 -190000 -24465.1 2.01219e+07 190000 -24465.1 -2.01219e+07 -190000 24465.1 754723
48897.9 190000 24449 -771833 -190000 -24449 2.01524e+07 190000 -24449 -2.01524e+07 -190000 24449 771833
48863.2 190000 24431.6 -788940 -190000 -24431.6 2.0182e+07 190000 -24431.6 -2.0182e+07 -190000 24431.6 788940
48822.3 190000 24411.2 -806038 -190000 -24411.2 2.02094e+07 190000 -24411.2 -2.02094e+07 -190000 24411.2 806038
48772.4 190000 24386.2 -823122 -190000 -24386.2 2.02333e+07 190000 -24386.2 -2.02333e+07 -190000 24386.2 823122
48715.1 190000 24357.5 -840196 -190000 -24357.5 2.02545e+07 190000 -24357.5 -2.02545e+07 -190000 24357.5 840196
48656.3 190000 24328.1 -857267 -190000 -24328.1 2.02751e+07 190000 -24328.1 -2.02751e+07 -190000 24328.1 857267
48596.8 190000 24298.4 -874336 -190000 -24298.4 2.02954e+07 190000 -24298.4 -2.02954e+07 -190000 24298.4 874336
48531.2 190000 24265.6 -891397 -190000 -24265.6 2.03134e+07 190000 -24265.6 -2.03134e+07 -190000 24265.6 891397
48460.3 190000 24230.1 -908450 -190000 -24230.1 2.03294e+07 190000 -24230.1 -2.03294e+07 -190000 24230.1 908450
48386.2 190000 24193.1 -925497 -190000 -24193.1 2.03443e+07 190000 -24193.1 -2.03443e+07 -190000 24193.1 925497
48312.1 190000 24156.1 -942544 -190000 -24156.1 2.03591e+07 190000 -24156.1 -2.03591e+07 -190000 24156.1 942544
48239.8 190000 24119.9 -959593 -190000 -24119.9 2.03746e+07 190000 -24119.9 -2.03746e+07 -190000 24119.9 959593
48163.7 190000 24081.8 -976637 -190000 -24081.8 2.03886e+07 190000 -24081.8 -2.03886e+07 -190000 24081.8 976637
48083.9 190000 24041.9 -993674 -190000 -24041.9 2.04013e+07 190000 -24041.9 -2.04013e+07 -190000 24041.9 993674
48001.8 190000 24000.9 -1.01071e+06 -190000 -24000.9 2.04131e+07 190000 -24000.9 -2.04131e+07 -190000 24000.9 1.01071e+06
47919 190000 23959.5 -1.02774e+06 -190000 -23959.5 2.04246e+07 190000 -23959.5 -2.04246e+07 -190000 23959.5 1.02774e+06
47836.5 190000 23918.2 -1.04477e+06 -190000 -23918.2 2.04363e+07 190000 -23918.2 -2.04363e+07 -190000 23918.2 1.04477e+06
47757.2 190000 23878.6 -1.06181e+06 -190000 -23878.6 2.04491e+07 190000 -23878.6 -2.04491e+07 -190000 23878.6 1.06181e+06
47675.9 190000 23838 -1.07884e+06 -190000 -23838 2.04613e+07 190000 -23838 -2.04613e+07 -190000 23838 1.07884e+06
47591.9 190000 23796 -1.09587e+06 -190000 -23796 2.04723e+07 190000 -23796 -2.04723e+07 -190000 23796 1.09587e+06
47505.9 190000 23753 -1.1129e+06 -190000 -23753 2.04826e+07 190000 -23753 -2.04826e+07 -190000 23753 1.1129e+06
47419.1 190000 23709.5 -1.12992e+06 -190000 -23709.5 2.04926e+07 190000 -23709.5 -2.04926e+07 -190000 23709.5 1.12992e+06
47332.1 190000 23666.1 -1.14694e+06 -190000 -23666.1 2.05026e+07 190000 -23666.1 -2.05026e+07 -190000 23666.1 1.14694e+06
47246 190000 23623 -1.16396e+06 -190000 -23623 2.05129e+07 190000 -23623 -2.05129e+07 -190000 23623 1.16396e+06
47160.9 190000 23580.5 -1.18099e+06 -190000 -23580.5 2.05235e+07 190000 -23580.5 -2.05235e+07 -190000 23580.5 1.18099e+06
47077.7 190000 23538.8 -1.19802e+06 -190000 -23538.8 2.05349e+07 190000 -23538.8 -2.05349e+07 -190000 23538.8 1.19802e+06
46992.7 190000 23496.4 -1.21504e+06 -190000 -23496.4 2.05456e+07 190000 -23496.4 -2.05456e+07 -190000 23496.4 1.21504e+06
46905.8 190000 23452.9 -1.23206e+06 -190000 -23452.9 2.05556e+07 190000 -23452.9 -2.05556e+07 -190000 23452.9 1.23206e+06
46817.3 190000 23408.6 -1.24908e+06 -190000 -23408.6 2.05649e+07 190000 -23408.6 -2.05649e+07 -190000 23408.6 1.24908e+06
46728 190000 23364 -1.26609e+06 -190000 -23364 2.0574e+07 190000 -23364 -2.0574e+07 -190000 23364 1.26609e+06
46638.4 190000 23319.2 -1.28311e+06 -190000 -23319.2 2.0583e+07 190000 -23319.2 -2.0583e+07 -190000 23319.2 1.28311e+06
46549 190000 23274.5 -1.30012e+06 -190000 -23274.5 2.0592e+07 190000 -23274.5 -2.0592e+07 -190000 23274.5 1.30012e+06
46459.9 190000 23229.9 -1.31714e+06 -190000 -23229.9 2.06011e+07 190000 -23229.9 -2.06011e+07 -190000 23229.9 1.31714e+06
46371.7 190000 23185.8 -1.33415e+06 -190000 -23185.8 2.06106e+07 190000 -23185.8 -2.06106e+07 -190000 23185.8 1.33415e+06
46284 190000 23142 -1.35117e+06 -190000 -23142 2.06202e+07 190000 -23142 -2.06202e+07 -190000 23142 1.35117e+06
46197.4 190000 23098.7 -1.36818e+06 -190000 -23098.7 2.06303e+07 190000 -23098.7 -2.06303e+07 -190000 23098.7 1.36818e+06
46109.5 190000 23054.8 -1.3852e+06 -190000 -23054.8 2.06399e+07 190000 -23054.8 -2.06399e+07 -190000 23054.8 1.3852e+06
46020.1 190000 23010 -1.40221e+06 -190000 -23010 2.06489e+07 190000 -23010 -2.06489e+07 -190000 23010 1.40221e+06
45929.2 190000 22964.6 -1.41922e+06 -190000 -22964.6 2.06573e+07 190000 -22964.6 -2.06573e+07 -190000 22964.6 1.41922e+06
45837.3 190000 22918.7 -1.43623e+06 -190000 -22918.7 2.06654e+07 190000 -22918.7 -2.06654e+07 -190000 22918.7 1.43623e+06
45744.8 190000 22872.4 -1.45323e+06 -190000 -22872.4 2.06732e+07 190000 -22872.4 -2.06732e+07 -190000 22872.4 1.45323e+06
45651.8 190000 22825.9 -1.47023e+06 -190000 -22825.9 2.06809e+07 190000 -22825.9 -2.06809e+07 -190000 22825.9 1.47023e+06
45558.7 190000 22779.3 -1.48724e+06 -190000 -22779.3 2.06885e+07 190000 -22779.3 -2.06885e+07 -190000 22779.3 1.48724e+06
45465.4 190000 22732.7 -1.50424e+06 -190000 -22732.7 2.0696e+07 190000 -22732.7 -2.0696e+07 -190000 22732.7 1.50424e+06
45372 190000 22686 -1.52124e+06 -190000 -22686 2.07035e+07 190000 -22686 -2.07035e+07 -190000 22686 1.52124e+06
45278.6 190000 22639.3 -1.53825e+06 -190000 -22639.3 2.0711e+07 190000 -22639.3 -2.0711e+07 -190000 22639.3 1.53825e+06
45185.3 190000 22592.6 -1.55525e+06 -190000 -22592.6 2.07185e+07 190000 -22592.6 -2.07185e+07 -190000 22592.6 1.55525e+06
45092.1 190000 22546.1 -1.57225e+06 -190000 -22546.1 2.07261e+07 190000 -22546.1 -2.07261e+07 -190000 22546.1 1.57225e+06
44998.7 190000 22499.4 -1.58925e+06 -190000 -22499.4 2.07336e+07 190000 -22499.4 -2.07336e+07 -190000 22499.4 1.58925e+06
44905.3 190000 22452.7 -1.60625e+06 -190000 -22452.7 2.07411e+07 190000 -22452.7 -2.07411e+07 -190000 22452.7 1.60625e+06
44810.9 190000 22405.4 -1.62325e+06 -190000 -22405.4 2.07482e+07 190000 -22405.4 -2.07482e+07 -190000 22405.4 1.62325e+06
44715.1 190000 22357.6 -1.64024e+06 -190000 -22357.6 2.07547e+07 190000 -22357.6 -2.07547e+07 -190000 22357.6 1.64024e+06
31150.6 190000 15575.3 -1.6384e+06 -190000 -15575.3 1.56875e+07 190000 -15575.3 -1.56875e+07 -190000 15575.3 1.6384e+06
31059.1 190000 15529.5 -1.65539e+06 -190000 -15529.5 1.56956e+07 190000 -15529.5 -1.56956e+07 -190000 15529.5 1.65539e+06
30966.8 190000 15483.4 -1.67239e+06 -190000 -15483.4 1.57035e+07 190000 -15483.4 -1.57035e+07 -190000 15483.4 1.67239e+06
30874 190000 15437 -1.68939e+06 -190000 -15437 1.57111e+07 190000 -15437 -1.57111e+07 -190000 15437 1.68939e+06
30780.6 190000 15390.3 -1.70638e+06 -190000 -15390.3 1.57185e+07 190000 -15390.3 -1.57185e+07 -190000 15390.3 1.70638e+06
30686.7 190000 15343.3 -1.72337e+06 -190000 -15343.3 1.57257e+07 190000 -15343.3 -1.57257e+07 -190000 15343.3 1.72337e+06
30592.3 190000 15296.1 -1.74037e+06 -190000 -15296.1 1.57328e+07 190000 -15296.1 -1.57328e+07 -190000 15296.1 1.74037e+06
30497.4 190000 15248.7 -1.75736e+06 -190000 -15248.7 1.57396e+07 190000 -15248.7 -1.57396e+07 -190000 15248.7 1.75736e+06
30402 190000 15201 -1.77435e+06 -190000 -15201 1.57462e+07 190000 -15201 -1.57462e+07 -190000 15201 1.77435e+06
30506.4 190000 15253.2 -1.79162e+06 -190000 -15253.2 1.58282e+07 190000 -15253.2 -1.58282e+07 -190000 15253.2 1.79162e+06
30397.1 190000 15198.6 -1.80859e+06 -190000 -15198.6 1.58296e+07 190000 -15198.6 -1.58296e+07 -190000 15198.6 1.80859e+06
30286.5 190000 15143.2 -1.82555e+06 -190000 -15143.2 1.58305e+07 190000 -15143.2 -1.58305e+07 -190000 15143.2 1.82555e+06
30177.3 190000 15088.7 -1.84252e+06 -190000 -15088.7 1.58319e+07 190000 -15088.7 -1.58319e+07 -190000 15088.7 1.84252e+06
30068 190000 15034 -1.85949e+06 -190000 -15034 1.58333e+07 190000 -15034 -1.58333e+07 -190000 15034 1.85949e+06
29959.1 190000 14979.5 -1.87645e+06 -190000 -14979.5 1.58349e+07 190000 -14979.5 -1.58349e+07 -190000 14979.5 1.87645e+06
29851.4 190000 14925.7 -1.89342e+06 -190000 -14925.7 1.58369e+07 190000 -14925.7 -1.58369e+07 -190000 14925.7 1.89342e+06
29744.6 190000 14872.3 -1.91039e+06 -190000 -14872.3 1.58392e+07 190000 -14872.3 -1.58392e+07 -190000 14872.3 1.91039e+06
29638.7 190000 14819.4 -1.92736e+06 -190000 -14819.4 1.58419e+07 190000 -14819.4 -1.58419e+07 -190000 14819.4 1.92736e+06
29533.3 190000 14766.6 -1.94433e+06 -190000 -14766.6 1.58448e+07 190000 -14766.6 -1.58448e+07 -190000 14766.6 1.94433e+06
29427.8 190000 14713.9 -1.9613e+06 -190000 -14713.9 1.58476e+07 190000 -14713.9 -1.58476e+07 -190000 14713.9 1.9613e+06
29323.2 190000 14661.6 -1.97827e+06 -190000 -14661.6 1.58508e+07 190000 -14661.6 -1.58508e+07 -190000 14661.6 1.97827e+06
29219.5 190000 14609.7 -1.99524e+06 -190000 -14609.7 1.58542e+07 190000 -14609.7 -1.58542e+07 -190000 14609.7 1.99524e+06
29115.8 190000 14557.9 -2.01222e+06 -190000 -14557.9 1.58577e+07 190000 -14557.9 -1.58577e+07 -190000 14557.9 2.01222e+06
29011.5 190000 14505.8 -2.02918e+06 -190000 -14505.8 1.5861e+07 190000 -14505.8 -1.5861e+07 -190000 14505.8 2.02918e+06
28906.5 190000 14453.2 -2.04615e+06 -190000 -14453.2 1.5864e+07 190000 -14453.2 -1.5864e+07 -190000 14453.2 2.04615e+06
28800 190000 14400 -2.06312e+06 -190000 -14400 1.58665e+07 190000 -14400 -1.58665e+07 -190000 14400 2.06312e+06
28693.4 190000 14346.7 -2.08008e+06 -190000 -14346.7 1.58688e+07 190000 -14346.7 -1.58688e+07 -190000 14346.7 2.08008e+06
28586.5 190000 14293.3 -2.09705e+06 -190000 -14293.3 1.58711e+07 190000 -14293.3 -1.58711e+07 -190000 14293.3 2.09705e+06
28479.2 190000 14239.6 -2.11401e+06 -190000 -14239.6 1.58732e+07 190000 -14239.6 -1.58732e+07 -190000 14239.6 2.11401e+06
28371.5 190000 14185.7 -2.13097e+06 -190000 -14185.7 1.58752e+07 190000 -14185.7 -1.58752e+07 -190000 14185.7 2.13097e+06
28263.3 190000 14131.7 -2.14793e+06 -190000 -14131.7 1.5877e+07 190000 -14131.7 -1.5877e+07 -190000 14131.7 2.14793e+06
28154.9 190000 14077.4 -2.16489e+06 -190000 -14077.4 1.58787e+07 190000 -14077.4 -1.58787e+07 -190000 14077.4 2.16489e+06
28046 190000 14023 -2.18185e+06 -190000 -14023 1.58803e+07 190000 -14023 -1.58803e+07 -190000 14023 2.18185e+06
27936.6 190000 13968.3 -2.19881e+06 -190000 -13968.3 1.58815e+07 190000 -13968.3 -1.58815e+07 -190000 13968.3 2.19881e+06
27826.4 190000 13913.2 -2.21576e+06 -190000 -13913.2 1.58826e+07 190000 -13913.2 -1.58826e+07 -190000 13913.2 2.21576e+06
27716 190000 13858 -2.23272e+06 -190000 -13858 1.58835e+07 190000 -13858 -1.58835e+07 -190000 13858 2.23272e+06
27605.4 190000 13802.7 -2.24967e+06 -190000 -13802.7 1.58844e+07 190000 -13802.7 -1.58844e+07 -190000 13802.7 2.24967e+06
27494.6 190000 13747.3 -2.26662e+06 -190000 -13747.3 1.58852e+07 190000 -13747.3 -1.58852e+07 -190000 13747.3 2.26662e+06
27384 190000 13692 -2.28358e+06 -190000 -13692 1.5886e+07 190000 -13692 -1.5886e+07 -190000 13692 2.28358e+06
27273.2 190000 13636.6 -2.30053e+06 -190000 -13636.6 1.58868e+07 190000 -13636.6 -1.58868e+07 -190000 13636.6 2.30053e+06
27162.2 190000 13581.1 -2.31748e+06 -190000 -13581.1 1.58876e+07 190000 -13581.1 -1.58876e+07 -190000 13581.1 2.31748e+06
27051.1 190000 13525.5 -2.33443e+06 -190000 -13525.5 1.58882e+07 190000 -13525.5 -1.58882e+07 -190000 13525.5 2.33443e+06
26939.8 190000 13469.9 -2.35138e+06 -190000 -13469.9 1.58888e+07 190000 -13469.9 -1.58888e+07 -190000 13469.9 2.35138e+06
26828.3 190000 13414.1 -2.36833e+06 -190000 -13414.1 1.58893e+07 190000 -13414.1 -1.58893e+07 -190000 13414.1 2.36833e+06
26716.6 190000 13358.3 -2.38528e+06 -190000 -13358.3 1.58898e+07 190000 -13358.3 -1.58898e+07 -190000 13358.3 2.38528e+06
26604.8 190000 13302.4 -2.40222e+06 -190000 -13302.4 1.58902e+07 190000 -13302.4 -1.58902e+07 -190000 13302.4 2.40222e+06
26492.8 190000 13246.4 -2.41917e+06 -190000 -13246.4 1.58905e+07 190000 -13246.4 -1.58905e+07 -190000 13246.4 2.41917e+06
26380.6 190000 13190.3 -2.43612e+06 -190000 -13190.3 1.58907e+07 190000 -13190.3 -1.58907e+07 -190000 13190.3 2.43612e+06
26268.1 190000 13134.1 -2.45306e+06 -190000 -13134.1 1.58909e+07 190000 -13134.1 -1.58909e+07 -190000 13134.1 2.45306e+06
26155.3 190000 13077.7 -2.47e+06 -190000 -13077.7 1.58909e+07 190000 -13077.7 -1.58909e+07 -190000 13077.7 2.47e+06
26042.3 190000 13021.1 -2.48695e+06 -190000 -13021.1 1.58908e+07 190000 -13021.1 -1.58908e+07 -190000 13021.1 2.48695e+06
25929 190000 12964.5 -2.50389e+06 -190000 -12964.5 1.58907e+07 190000 -12964.5 -1.58907e+07 -190000 12964.5 2.50389e+06
25815.6 190000 12907.8 -2.52083e+06 -190000 -12907.8 1.58905e+07 190000 -12907.8 -1.58905e+07 -190000 12907.8 2.52083e+06
25702 190000 12851 -2.53777e+06 -190000 -12851 1.58902e+07 190000 -12851 -1.58902e+07 -190000 12851 2.53777e+06
25588.4 190000 12794.2 -2.55471e+06 -190000 -12794.2 1.58899e+07 190000 -12794.2 -1.58899e+07 -190000 12794.2 2.55471e+06
25474.7 190000 12737.3 -2.57165e+06 -190000 -12737.3 1.58895e+07 190000 -12737.3 -1.58895e+07 -190000 12737.3 2.57165e+06
25360.7 190000 12680.4 -2.58859e+06 -190000 -12680.4 1.58891e+07 190000 -12680.4 -1.58891e+07 -190000 12680.4 2.58859e+06
25246.5 190000 12623.3 -2.60553e+06 -190000 -12623.3 1.58886e+07 190000 -12623.3 -1.58886e+07 -190000 12623.3 2.60553e+06
25132.1 190000 12566.1 -2.62247e+06 -190000 -12566.1 1.5888e+07 190000 -12566.1 -1.5888e+07 -190000 12566.1 2.62247e+06
25017.5 190000 12508.8 -2.63941e+06 -190000 -12508.8 1.58873e+07 190000 -12508.8 -1.58873e+07 -190000 12508.8 2.63941e+06
24902.6 190000 12451.3 -2.65634e+06 -190000 -12451.3 1.58865e+07 190000 -12451.3 -1.58865e+07 -190000 12451.3 2.65634e+06
24787.4 190000 12393.7 -2.67328e+06 -190000 -12393.7 1.58856e+07 190000 -12393.7 -1.58856e+07 -190000 12393.7 2.67328e+06
24672.1 190000 12336 -2.69021e+06 -190000 -12336 1.58846e+07 190000 -12336 -1.58846e+07 -190000 12336 2.69021e+06
24556.7 190000 12278.3 -2.70714e+06 -190000 -12278.3 1.58836e+07 190000 -12278.3 -1.58836e+07 -190000 12278.3 2.70714e+06
24441.1 190000 12220.5 -2.72408e+06 -190000 -12220.5 1.58826e+07 190000 -12220.5 -1.58826e+07 -190000 12220.5 2.72408e+06
24325.3 190000 12162.7 -2.74101e+06 -190000 -12162.7 1.58814e+07 190000 -12162.7 -1.58814e+07 -190000 12162.7 2.74101e+06
24209.4 190000 12104.7 -2.75794e+06 -190000 -12104.7 1.58802e+07 190000 -12104.7 -1.58802e+07 -190000 12104.7 2.75794e+06
24093.2 190000 12046.6 -2.77487e+06 -190000 -12046.6 1.5879e+07 190000 -12046.6 -1.5879e+07 -190000 12046.6 2.77487e+06
23976.9 190000 11988.5 -2.7918e+06 -190000 -11988.5 1.58776e+07 190000 -11988.5 -1.58776e+07 -190000 11988.5 2.7918e+06
23860.4 190000 11930.2 -2.80873e+06 -190000 -11930.2 1.58762e+07 190000 -11930.2 -1.58762e+07 -190000 11930.2 2.80873e+06
23743.8 190000 11871.9 -2.82565e+06 -190000 -11871.9 1.58748e+07 190000 -11871.9 -1.58748e+07 -190000 11871.9 2.82565e+06
23627.1 190000 11813.5 -2.84258e+06 -190000 -11813.5 1.58732e+07 190000 -11813.5 -1.58732e+07 -190000 11813.5 2.84258e+06
23510.2 190000 11755.1 -2.85951e+06 -190000 -11755.1 1.58717e+07 190000 -11755.1 -1.58717e+07 -190000 11755.1 2.85951e+06
23393.2 190000 11696.6 -2.87643e+06 -190000 -11696.6 1.58701e+07 190000 -11696.6 -1.58701e+07 -190000 11696.6 2.87643e+06
23276 190000 11638 -2.89336e+06 -190000 -11638 1.58684e+07 190000 -11638 -1.58684e+07 -190000 11638 2.89336e+06
23158.8 190000 11579.4 -2.91028e+06 -190000 -11579.4 1.58667e+07 190000 -11579.4 -1.58667e+07 -190000 11579.4 2.91028e+06
23041.4 190000 11520.7 -2.92721e+06 -190000 -11520.7 1.5865e+07 190000 -11520.7 -1.5865e+07 -190000 11520.7 2.92721e+06
22924 190000 11462 -2.94413e+06 -190000 -11462 1.58632e+07 190000 -11462 -1.58632e+07 -190000 11462 2.94413e+06
22806.5 190000 11403.2 -2.96105e+06 -190000 -11403.2 1.58614e+07 190000 -11403.2 -1.58614e+07 -190000 11403.2 2.96105e+06
22688.9 190000 11344.4 -2.97797e+06 -190000 -11344.4 1.58595e+07 190000 -11344.4 -1.58595e+07 -190000 11344.4 2.97797e+06
22571.1 190000 11285.6 -2.99489e+06 -190000 -11285.6 1.58576e+07 190000 -11285.6 -1.58576e+07 -190000 11285.6 2.99489e+06
22453.3 190000 11226.6 -3.01182e+06 -190000 -11226.6 1.58557e+07 190000 -11226.6 -1.58557e+07 -190000 11226.6 3.01182e+06
22335.3 190000 11167.7 -3.02874e+06 -190000 -11167.7 1.58537e+07 190000 -11167.7 -1.58537e+07 -190000 11167.7 3.02874e+06
22217.3 190000 11108.7 -3.04565e+06 -190000 -11108.7 1.58517e+07 190000 -11108.7 -1.58517e+07 -190000 11108.7 3.04565e+06
22099.3 190000 11049.6 -3.06257e+06 -190000 -11049.6 1.58497e+07 190000 -11049.6 -1.58497e+07 -190000 11049.6 3.06257e+06
21981.1 190000 10990.5 -3.07949e+06 -190000 -10990.5 1.58476e+07 190000 -10990.5 -1.58476e+07 -190000 10990.5 3.07949e+06
21862.9 190000 10931.4 -3.09641e+06 -190000 -10931.4 1.58455e+07 190000 -10931.4 -1.58455e+07 -190000 10931.4 3.09641e+06
21744.6 190000 10872.3 -3.11332e+06 -190000 -10872.3 1.58434e+07 190000 -10872.3 -1.58434e+07 -190000 10872.3 3.11332e+06
21626.2 190000 10813.1 -3.13024e+06 -190000 -10813.1 1.58412e+07 190000 -10813.1 -1.58412e+07 -190000 10813.1 3.13024e+06
21507.8 190000 10753.9 -3.14716e+06 -190000 -10753.9 1.58391e+07 190000 -10753.9 -1.58391e+07 -190000 10753.9 3.14716e+06
21389.2 190000 10694.6 -3.16407e+06 -190000 -10694.6 1.58369e+07 190000 -10694.6 -1.58369e+07 -190000 10694.6 3.16407e+06
21270.6 190000 10635.3 -3.18099e+06 -190000 -10635.3 1.58346e+07 190000 -10635.3 -1.58346e+07 -190000 10635.3 3.18099e+06
21152 190000 10576 -3.1979e+06 -190000 -10576 1.58323e+07 190000 -10576 -1.58323e+07 -190000 10576 3.1979e+06
21033.2 190000 10516.6 -3.21481e+06 -190000 -10516.6 1.58301e+07 190000 -10516.6 -1.58301e+07 -190000 10516.6 3.21481e+06
20914.4 190000 10457.2 -3.23172e+06 -190000 -10457.2 1.58277e+07 190000 -10457.2 -1.58277e+07 -190000 10457.2 3.23172e+06
20795.5 190000 10397.8 -3.24864e+06 -190000 -10397.8 1.58254e+07 190000 -10397.8 -1.58254e+07 -190000 10397.8 3.24864e+06
20676.5 190000 10338.3 -3.26555e+06 -190000 -10338.3 1.5823e+07 190000 -10338.3 -1.5823e+07 -190000 10338.3 3.26555e+06
20557.5 190000 10278.7 -3.28246e+06 -190000 -10278.7 1.58205e+07 190000 -10278.7 -1.58205e+07 -190000 10278.7 3.28246e+06
20438.3 190000 10219.2 -3.29937e+06 -190000 -10219.2 1.58181e+07 190000 -10219.2 -1.58181e+07 -190000 10219.2 3.29937e+06
20319.1 190000 10159.6 -3.31628e+06 -190000 -10159.6 1.58156e+07 190000 -10159.6 -1.58156e+07 -190000 10159.6 3.31628e+06
20199.8 190000 10099.9 -3.33319e+06 -190000 -10099.9 1.58131e+07 190000 -10099.9 -1.58131e+07 -190000 10099.9 3.33319e+06
20080.4 190000 10040.2 -3.3501e+06 -190000 -10040.2 1.58105e+07 190000 -10040.2 -1.58105e+07 -190000 10040.2 3.3501e+06
19960.9 190000 9980.46 -3.367e+06 -190000 -9980.46 1.58079e+07 190000 -9980.46 -1.58079e+07 -190000 9980.46 3.367e+06
19841.4 190000 9920.71 -3.38391e+06 -190000 -9920.71 1.58053e+07 190000 -9920.71 -1.58053e+07 -190000 9920.71 3.38391e+06
19721.9 190000 9860.95 -3.40082e+06 -190000 -9860.95 1.58027e+07 190000 -9860.95 -1.58027e+07 -190000 9860.95 3.40082e+06
19602.4 190000 9801.18 -3.41772e+06 -190000 -9801.18 1.58001e+07 190000 -9801.18 -1.58001e+07 -190000 9801.18 3.41772e+06
19482.8 190000 9741.41 -3.43463e+06 -190000 -9741.41 1.57975e+07 190000 -9741.41 -1.57975e+07 -190000 9741.41 3.43463e+06
19363.3 190000 9681.63 -3.45153e+06 -190000 -9681.63 1.57949e+07 190000 -9681.63 -1.57949e+07 -190000 9681.63 3.45153e+06
19243.7 190000 9621.85 -3.46844e+06 -190000 -9621.85 1.57922e+07 190000 -9621.85 -1.57922e+07 -190000 9621.85 3.46844e+06
19124.1 190000 9562.05 -3.48534e+06 -190000 -9562.05 1.57896e+07 190000 -9562.05 -1.57896e+07 -190000 9562.05 3.48534e+06
19004.5 190000 9502.25 -3.50225e+06 -190000 -9502.25 1.57869e+07 190000 -9502.25 -1.57869e+07 -190000 9502.25 3.50225e+06
18884.9 190000 9442.45 -3.51915e+06 -190000 -9442.45 1.57843e+07 190000 -9442.45 -1.57843e+07 -190000 9442.45 3.51915e+06
18765.3 190000 9382.63 -3.53605e+06 -190000 -9382.63 1.57816e+07 190000 -9382.63 -1.57816e+07 -190000 9382.63 3.53605e+06
18645.6 190000 9322.81 -3.55295e+06 -190000 -9322.81 1.57789e+07 190000 -9322.81 -1.57789e+07 -190000 9322.81 3.55295e+06
18526 190000 9262.99 -3.56986e+06 -190000 -9262.99 1.57763e+07 190000 -9262.99 -1.57763e+07 -190000 9262.99 3.56986e+06
18406.3 190000 9203.15 -3.58676e+06 -190000 -9203.15 1.57736e+07 190000 -9203.15 -1.57736e+07 -190000 9203.15 3.58676e+06
18286.6 190000 9143.31 -3.60366e+06 -190000 -9143.31 1.57709e+07 190000 -9143.31 -1.57709e+07 -190000 9143.31 3.60366e+06
18166.9 190000 9083.46 -3.62056e+06 -190000 -9083.46 1.57682e+07 190000 -9083.46 -1.57682e+07 -190000 9083.46 3.62056e+06
18047.2 190000 9023.6 -3.63746e+06 -190000 -9023.6 1.57655e+07 190000 -9023.6 -1.57655e+07 -190000 9023.6 3.63746e+06
17927.5 190000 8963.73 -3.65436e+06 -190000 -8963.73 1.57628e+07 190000 -8963.73 -1.57628e+07 -190000 8963.73 3.65436e+06
17807.7 190000 8903.86 -3.67125e+06 -190000 -8903.86 1.57601e+07 190000 -8903.86 -1.57601e+07 -190000 8903.86 3.67125e+06
17688 190000 8843.98 -3.68815e+06 -190000 -8843.98 1.57573e+07 190000 -8843.98 -1.57573e+07 -190000 8843.98 3.68815e+06
17568.2 190000 8784.09 -3.70505e+06 -190000 -8784.09 1.57546e+07 190000 -8784.09 -1.57546e+07 -190000 8784.09 3.70505e+06
17448.4 190000 8724.19 -3.72195e+06 -190000 -8724.19 1.57519e+07 190000 -8724.19 -1.57519e+07 -190000 8724.19 3.72195e+06
17328.6 190000 8664.28 -3.73884e+06 -190000 -8664.28 1.57491e+07 190000 -8664.28 -1.57491e+07 -190000 8664.28 3.73884e+06
17208.7 190000 8604.36 -3.75574e+06 -190000 -8604.36 1.57464e+07 190000 -8604.36 -1.57464e+07 -190000 8604.36 3.75574e+06
17088.9 190000 8544.43 -3.77263e+06 -190000 -8544.43 1.57436e+07 190000 -8544.43 -1.57436e+07 -190000 8544.43 3.77263e+06
16969 190000 8484.49 -3.78953e+06 -190000 -8484.49 1.57408e+07 190000 -8484.49 -1.57408e+07 -190000 8484.49 3.78953e+06
16849.1 190000 8424.54 -3.80642e+06 -190000 -8424.54 1.5738e+07 190000 -8424.54 -1.5738e+07 -190000 8424.54 3.80642e+06
16729.2 190000 8364.58 -3.82332e+06 -190000 -8364.58 1.57352e+07 190000 -8364.58 -1.57352e+07 -190000 8364.58 3.82332e+06
16609.2 190000 8304.61 -3.84021e+06 -190000 -8304.61 1.57324e+07 190000 -8304.61 -1.57324e+07 -190000 8304.61 3.84021e+06
16489.2 190000 8244.62 -3.8571e+06 -190000 -8244.62 1.57296e+07 190000 -8244.62 -1.57296e+07 -190000 8244.62 3.8571e+06
16369.3 190000 8184.66 -3.87399e+06 -190000 -8184.66 1.57268e+07 190000 -8184.66 -1.57268e+07 -190000 8184.66 3.87399e+06
16249.4 190000 8124.7 -3.89088e+06 -190000 -8124.7 1.5724e+07 190000 -8124.7 -1.5724e+07 -190000 8124.7 3.89088e+06
16129.5 190000 8064.74 -3.90778e+06 -190000 -8064.74 1.57212e+07 190000 -8064.74 -1.57212e+07 -190000 8064.74 3.90778e+06
16009.5 190000 8004.76 -3.92467e+06 -190000 -8004.76 1.57184e+07 190000 -8004.76 -1.57184e+07 -190000 8004.76 3.92467e+06
15889.5 190000 7944.77 -3.94156e+06 -190000 -7944.77 1.57155e+07 190000 -7944.77 -1.57155e+07 -190000 7944.77 3.94156e+06
15769.5 190000 7884.76 -3.95845e+06 -190000 -7884.76 1.57127e+07 190000 -7884.76 -1.57127e+07 -190000 7884.76 3.95845e+06
15649.5 190000 7824.75 -3.97533e+06 -190000 -7824.75 1.57098e+07 190000 -7824.75 -1.57098e+07 -190000 7824.75 3.97533e+06
15529.4 190000 7764.72 -3.99222e+06 -190000 -7764.72 1.5707e+07 190000 -7764.72 -1.5707e+07 -190000 7764.72 3.99222e+06
15409.3 190000 7704.67 -4.00911e+06 -190000 -7704.67 1.57041e+07 190000 -7704.67 -1.57041e+07 -190000 7704.67 4.00911e+06
15289.2 190000 7644.61 -4.026e+06 -190000 -7644.61 1.57012e+07 190000 -7644.61 -1.57012e+07 -190000 7644.61 4.026e+06
15169.1 190000 7584.54 -4.04289e+06 -190000 -7584.54 1.56983e+07 190000 -7584.54 -1.56983e+07 -190000 7584.54 4.04289e+06
15048.9 190000 7524.44 -4.05977e+06 -190000 -7524.44 1.56954e+07 190000 -7524.44 -1.56954e+07 -190000 7524.44 4.05977e+06
14928.7 190000 7464.34 -4.07666e+06 -190000 -7464.34 1.56925e+07 190000 -7464.34 -1.56925e+07 -190000 7464.34 4.07666e+06
14808.4 190000 7404.21 -4.09354e+06 -190000 -7404.21 1.56895e+07 190000 -7404.21 -1.56895e+07 -190000 7404.21 4.09354e+06
14688.1 190000 7344.06 -4.11043e+06 -190000 -7344.06 1.56866e+07 190000 -7344.06 -1.56866e+07 -190000 7344.06 4.11043e+06
14567.8 190000 7283.9 -4.12731e+06 -190000 -7283.9 1.56836e+07 190000 -7283.9 -1.56836e+07 -190000 7283.9 4.12731e+06
14447.4 190000 7223.71 -4.1442e+06 -190000 -7223.71 1.56806e+07 190000 -7223.71 -1.56806e+07 -190000 7223.71 4.1442e+06
14327 190000 7163.5 -4.16108e+06 -190000 -7163.5 1.56776e+07 190000 -7163.5 -1.56776e+07 -190000 7163.5 4.16108e+06
14206.5 190000 7103.27 -4.17796e+06 -190000 -7103.27 1.56745e+07 190000 -7103.27 -1.56745e+07 -190000 7103.27 4.17796e+06
14086 190000 7043.02 -4.19484e+06 -190000 -7043.02 1.56715e+07 190000 -7043.02 -1.56715e+07 -190000 7043.02 4.19484e+06
13965.5 190000 6982.74 -4.21173e+06 -190000 -6982.74 1.56684e+07 190000 -6982.74 -1.56684e+07 -190000 6982.74 4.21173e+06
13844.9 190000 6922.44 -4.22861e+06 -190000 -6922.44 1.56653e+07 190000 -6922.44 -1.56653e+07 -190000 6922.44 4.22861e+06
13724.1 190000 6862.07 -4.24549e+06 -190000 -6862.07 1.56622e+07 190000 -6862.07 -1.56622e+07 -190000 6862.07 4.24549e+06
13603.3 190000 6801.65 -4.26237e+06 -190000 -6801.65 1.5659e+07 190000 -6801.65 -1.5659e+07 -190000 6801.65 4.26237e+06
13482.4 190000 6741.2 -4.27925e+06 -190000 -6741.2 1.56558e+07 190000 -6741.2 -1.56558e+07 -190000 6741.2 4.27925e+06
13361.4 190000 6680.71 -4.29613e+06 -190000 -6680.71 1.56526e+07 190000 -6680.71 -1.56526e+07 -190000 6680.71 4.29613e+06
13240.4 190000 6620.19 -4.31301e+06 -190000 -6620.19 1.56493e+07 190000 -6620.19 -1.56493e+07 -190000 6620.19 4.31301e+06
13119.3 190000 6559.67 -4.32988e+06 -190000 -6559.67 1.56461e+07 190000 -6559.67 -1.56461e+07 -190000 6559.67 4.32988e+06
12998.3 190000 6499.15 -4.34676e+06 -190000 -6499.15 1.56428e+07 190000 -6499.15 -1.56428e+07 -190000 6499.15 4.34676e+06
12877.3 190000 6438.63 -4.36364e+06 -190000 -6438.63 1.56395e+07 190000 -6438.63 -1.56395e+07 -190000 6438.63 4.36364e+06
12756.2 190000 6378.11 -4.38051e+06 -190000 -6378.11 1.56363e+07 190000 -6378.11 -1.56363e+07 -190000 6378.11 4.38051e+06
12635.2 190000 6317.59 -4.39739e+06 -190000 -6317.59 1.5633e+07 190000 -6317.59 -1.5633e+07 -190000 6317.59 4.39739e+06
12514.2 190000 6257.08 -4.41427e+06 -190000 -6257.08 1.56298e+07 190000 -6257.08 -1.56298e+07 -190000 6257.08 4.41427e+06
12393.1 190000 6196.57 -4.43114e+06 -190000 -6196.57 1.56265e+07 190000 -6196.57 -1.56265e+07 -190000 6196.57 4.43114e+06
12272.1 190000 6136.06 -4.44802e+06 -190000 -6136.06 1.56232e+07 190000 -6136.06 -1.56232e+07 -190000 6136.06 4.44802e+06
12151.1 190000 6075.55 -4.46489e+06 -190000 -6075.55 1.562e+07 190000 -6075.55 -1.562e+07 -190000 6075.55 4.46489e+06
12030.1 190000 6015.04 -4.48176e+06 -190000 -6015.04 1.56167e+07 190000 -6015.04 -1.56167e+07 -190000 6015.04 4.48176e+06
11909.1 190000 5954.53 -4.49864e+06 -190000 -5954.53 1.56134e+07 190000 -5954.53 -1.56134e+07 -190000 5954.53 4.49864e+06
11788.1 190000 5894.03 -4.51551e+06 -190000 -5894.03 1.56102e+07 190000 -5894.03 -1.56102e+07 -190000 5894.03 4.51551e+06
11667 190000 5833.52 -4.53238e+06 -190000 -5833.52 1.56069e+07 190000 -5833.52 -1.56069e+07 -190000 5833.52 4.53238e+06
11546 190000 5773.01 -4.54925e+06 -190000 -5773.01 1.56036e+07 190000 -5773.01 -1.56036e+07 -190000 5773.01 4.54925e+06
11425 190000 5712.5 -4.56613e+06 -190000 -5712.5 1.56004e+07 190000 -5712.5 -1.56004e+07 -190000 5712.5 4.56613e+06
11304 190000 5652 -4.583e+06 -190000 -5652 1.55971e+07 190000 -5652 -1.55971e+07 -190000 5652 4.583e+06
11183 190000 5591.49 -4.59987e+06 -190000 -5591.49 1.55938e+07 190000 -5591.49 -1.55938e+07 -190000 5591.49 4.59987e+06
11061.9 190000 5530.97 -4.61674e+06 -190000 -5530.97 1.55906e+07 190000 -5530.97 -1.55906e+07 -190000 5530.97 4.61674e+06
10940.9 190000 5470.46 -4.63361e+06 -190000 -5470.46 1.55873e+07 190000 -5470.46 -1.55873e+07 -190000 5470.46 4.63361e+06
10819.9 190000 5409.94 -4.65048e+06 -190000 -5409.94 1.5584e+07 190000 -5409.94 -1.5584e+07 -190000 5409.94 4.65048e+06
10698.8 190000 5349.42 -4.66734e+06 -190000 -5349.42 1.55807e+07 190000 -5349.42 -1.55807e+07 -190000 5349.42 4.66734e+06
10577.8 190000 5288.9 -4.68421e+06 -190000 -5288.9 1.55774e+07 190000 -5288.9 -1.55774e+07 -190000 5288.9 4.68421e+06
10456.7 190000 5228.37 -4.70108e+06 -190000 -5228.37 1.55741e+07 190000 -5228.37 -1.55741e+07 -190000 5228.37 4.70108e+06
10335.7 190000 5167.84 -4.71795e+06 -190000 -5167.84 1.55708e+07 190000 -5167.84 -1.55708e+07 -190000 5167.84 4.71795e+06
10214.6 190000 5107.3 -4.73481e+06 -190000 -5107.3 1.55675e+07 190000 -5107.3 -1.55675e+07 -190000 5107.3 4.73481e+06
10093.5 190000 5046.76 -4.75168e+06 -190000 -5046.76 1.55642e+07 190000 -5046.76 -1.55642e+07 -190000 5046.76 4.75168e+06
9972.43 190000 4986.21 -4.76855e+06 -190000 -4986.21 1.55609e+07 190000 -4986.21 -1.55609e+07 -190000 4986.21 4.76855e+06
9851.32 190000 4925.66 -4.78541e+06 -190000 -4925.66 1.55576e+07 190000 -4925.66 -1.55576e+07 -190000 4925.66 4.78541e+06
9730.2 190000 4865.1 -4.80228e+06 -190000 -4865.1 1.55543e+07 190000 -4865.1 -1.55543e+07 -190000 4865.1 4.80228e+06
9609.05 190000 4804.53 -4.81914e+06 -190000 -4804.53 1.55509e+07 190000 -4804.53 -1.55509e+07 -190000 4804.53 4.81914e+06
9487.89 190000 4743.95 -4.836e+06 -190000 -4743.95 1.55476e+07 190000 -4743.95 -1.55476e+07 -190000 4743.95 4.836e+06
9366.71 190000 4683.36 -4.85287e+06 -190000 -4683.36 1.55443e+07 190000 -4683.36 -1.55443e+07 -190000 4683.36 4.85287e+06
9245.51 190000 4622.76 -4.86973e+06 -190000 -4622.76 1.55409e+07 190000 -4622.76 -1.55409e+07 -190000 4622.76 4.86973e+06
9124.29 190000 4562.15 -4.8866e+06 -190000 -4562.15 1.55375e+07 190000 -4562.15 -1.55375e+07 -190000 4562.15 4.8866e+06
9003.05 190000 4501.52 -4.90346e+06 -190000 -4501.52 1.55342e+07 190000 -4501.52 -1.55342e+07 -190000 4501.52 4.90346e+06
8881.78 190000 4440.89 -4.92032e+06 -190000 -4440.89 1.55308e+07 190000 -4440.89 -1.55308e+07 -190000 4440.89 4.92032e+06
8760.48 190000 4380.24 -4.93718e+06 -190000 -4380.24 1.55274e+07 190000 -4380.24 -1.55274e+07 -190000 4380.24 4.93718e+06
8639.15 190000 4319.57 -4.95405e+06 -190000 -4319.57 1.5524e+07 190000 -4319.57 -1.5524e+07 -190000 4319.57 4.95405e+06
8517.79 190000 4258.89 -4.97091e+06 -190000 -4258.89 1.55205e+07 190000 -4258.89 -1.55205e+07 -190000 4258.89 4.97091e+06
8396.39 190000 4198.2 -4.98777e+06 -190000 -4198.2 1.55171e+07 190000 -4198.2 -1.55171e+07 -190000 4198.2 4.98777e+06
8274.96 190000 4137.48 -5.00463e+06 -190000 -4137.48 1.55136e+07 190000 -4137.48 -1.55136e+07 -190000 4137.48 5.00463e+06
8153.49 190000 4076.74 -5.02149e+06 -190000 -4076.74 1.55102e+07 190000 -4076.74 -1.55102e+07 -190000 4076.74 5.02149e+06
8031.98 190000 4015.99 -5.03835e+06 -190000 -4015.99 1.55067e+07 190000 -4015.99 -1.55067e+07 -190000 4015.99 5.03835e+06
7910.42 190000 3955.21 -5.05521e+06 -190000 -3955.21 1.55032e+07 190000 -3955.21 -1.55032e+07 -190000 3955.21 5.05521e+06
7788.81 190000 3894.41 -5.07207e+06 -190000 -3894.41 1.54997e+07 190000 -3894.41 -1.54997e+07 -190000 3894.41 5.07207e+06
7667.16 190000 3833.58 -5.08893e+06 -190000 -3833.58 1.54961e+07 190000 -3833.58 -1.54961e+07 -190000 3833.58 5.08893e+06
7545.45 190000 3772.73 -5.10578e+06 -190000 -3772.73 1.54926e+07 190000 -3772.73 -1.54926e+07 -190000 3772.73 5.10578e+06
7423.69 190000 3711.84 -5.12264e+06 -190000 -3711.84 1.5489e+07 190000 -3711.84 -1.5489e+07 -190000 3711.84 5.12264e+06
7301.87 190000 3650.93 -5.1395e+06 -190000 -3650.93 1.54854e+07 190000 -3650.93 -1.54854e+07 -190000 3650.93 5.1395e+06
