1 1.79142e-08 1.79142e-08 3.83823e-09 3.83823e-09
98522.1 56504.3 56504.3 56504.3 56504.3
125078 64737.6 64737.6 64737.6 64737.6
135671 68719.9 68719.9 68719.9 68719.9
141639 71297.1 71297.1 71297.1 71297.1
145855 73277.3 73277.3 73277.3 73277.3
149401 74984.8 74984.8 74984.8 74984.8
152596 76554.7 76554.7 76554.7 76554.7
155649 78073.7 78073.7 78073.7 78073.7
158626 79571.1 79571.1 79571.1 79571.1
161587 81036.6 81036.6 81036.6 81036.6
164598 82549.6 82549.6 82549.6 82549.6
167568 84027.7 84027.7 84027.7 84027.7
170625 85568.1 85568.1 85568.1 85568.1
173677 87089.8 87089.8 87089.8 87089.8
176729 88625.6 88625.6 88625.6 88625.6
179869 90196.5 90196.5 90196.5 90196.5
182968 91739.9 91739.9 91739.9 91739.9
185956 93229.6 93229.6 93229.6 93229.6
188955 94725.4 94725.4 94725.4 94725.4
191825 96145.9 96145.9 96145.9 96145.9
194447 97433.4 97433.4 97433.4 97433.4
196703 98526.7 98526.7 98526.7 98526.7
198671 99495.1 99495.1 99495.1 99495.1
200347 100304 100304 100304 100304
201664 100932 100932 100932 100932
204216 102443 102443 102443 102443
204767 102469 102469 102469 102469
205040 102561 102561 102561 102561
205413 102743 102743 102743 102743
205850 102963 102963 102963 102963
206295 103183 103183 103183 103183
206699 103382 103382 103382 103382
207063 103560 103560 103560 103560
207389 103724 103724 103724 103724
207820 103952 103952 103952 103952
208307 104195 104195 104195 104195
208785 104432 104432 104432 104432
209235 104654 104654 104654 104654
209654 104861 104861 104861 104861
210048 105057 105057 105057 105057
210430 105247 105247 105247 105247
210786 105421 105421 105421 105421
211140 105601 105601 105601 105601
211570 105825 105825 105825 105825
212046 106063 106063 106063 106063
212521 106300 106300 106300 106300
212980 106527 106527 106527 106527
213417 106744 106744 106744 106744
213832 106950 106950 106950 106950
214231 107148 107148 107148 107148
214619 107342 107342 107342 107342
215003 107533 107533 107533 107533
215385 107725 107725 107725 107725
215768 107916 107916 107916 107916
216122 108092 108092 108092 108092
216498 108281 108281 108281 108281
216914 108494 108494 108494 108494
217366 108721 108721 108721 108721
217821 108948 108948 108948 108948
218270 109172 109172 109172 109172
218706 109389 109389 109389 109389
219128 109598 109598 109598 109598
219534 109801 109801 109801 109801
219929 109997 109997 109997 109997
220314 110189 110189 110189 110189
220692 110377 110377 110377 110377
221067 110565 110565 110565 110565
221439 110751 110751 110751 110751
221811 110937 110937 110937 110937
222183 111122 111122 111122 111122
222555 111309 111309 111309 111309
222928 111495 111495 111495 111495
223301 111682 111682 111682 111682
223662 111860 111860 111860 111860
224016 112038 112038 112038 112038
224379 112220 112220 112220 112220
224750 112406 112406 112406 112406
225149 112610 112610 112610 112610
225561 112815 112815 112815 112815
225970 113019 113019 113019 113019
226373 113220 113220 113220 113220
226767 113416 113416 113416 113416
227151 113607 113607 113607 113607
227524 113793 113793 113793 113793
227885 113972 113972 113972 113972
228236 114147 114147 114147 114147
228577 114317 114317 114317 114317
228909 114482 114482 114482 114482
229233 114644 114644 114644 114644
229551 114802 114802 114802 114802
229862 114957 114957 114957 114957
230166 115108 115108 115108 115108
230465 115257 115257 115257 115257
230757 115402 115402 115402 115402
231042 115545 115545 115545 115545
231321 115683 115683 115683 115683
231593 115819 115819 115819 115819
231858 115951 115951 115951 115951
232116 116079 116079 116079 116079
232367 116204 116204 116204 116204
232610 116325 116325 116325 116325
232846 116443 116443 116443 116443
233075 116556 116556 116556 116556
233297 116667 116667 116667 116667
233506 116770 116770 116770 116770
233694 116863 116863 116863 116863
233881 116956 116956 116956 116956
234066 117048 117048 117048 117048
234250 117140 117140 117140 117140
234786 117469 117469 117469 117469
235033 117547 117547 117547 117547
235226 117631 117631 117631 117631
235400 117715 117715 117715 117715
235566 117797 117797 117797 117797
235724 117875 117875 117875 117875
235874 117949 117949 117949 117949
236015 118019 118019 118019 118019
236147 118085 118085 118085 118085
236273 118147 118147 118147 118147
236392 118206 118206 118206 118206
236506 118262 118262 118262 118262
236617 118318 118318 118318 118318
236726 118372 118372 118372 118372
236834 118426 118426 118426 118426
236940 118479 118479 118479 118479
237045 118531 118531 118531 118531
237148 118583 118583 118583 118583
237251 118634 118634 118634 118634
237352 118684 118684 118684 118684
237453 118735 118735 118735 118735
237552 118785 118785 118785 118785
237652 118834 118834 118834 118834
237750 118883 118883 118883 118883
237848 118932 118932 118932 118932
237945 118981 118981 118981 118981
238042 119029 119029 119029 119029
238138 119077 119077 119077 119077
238233 119125 119125 119125 119125
238328 119172 119172 119172 119172
238422 119219 119219 119219 119219
238515 119265 119265 119265 119265
238608 119312 119312 119312 119312
238700 119358 119358 119358 119358
238791 119403 119403 119403 119403
238881 119448 119448 119448 119448
238971 119493 119493 119493 119493
239060 119537 119537 119537 119537
239148 119581 119581 119581 119581
239236 119625 119625 119625 119625
239322 119668 119668 119668 119668
239408 119711 119711 119711 119711
239481 119745 119745 119745 119745
239550 119781 119781 119781 119781
239622 119817 119817 119817 119817
239697 119855 119855 119855 119855
239773 119893 119893 119893 119893
239851 119932 119932 119932 119932
239929 119971 119971 119971 119971
240018 120017 120017 120017 120017
240117 120067 120067 120067 120067
240214 120115 120115 120115 120115
240308 120162 120162 120162 120162
240399 120207 120207 120207 120207
240486 120250 120250 120250 120250
240567 120290 120290 120290 120290
240644 120328 120328 120328 120328
240715 120364 120364 120364 120364
240782 120396 120396 120396 120396
240843 120426 120426 120426 120426
240900 120455 120455 120455 120455
240953 120481 120481 120481 120481
241003 120505 120505 120505 120505
241049 120529 120529 120529 120529
241094 120551 120551 120551 120551
241136 120572 120572 120572 120572
241177 120592 120592 120592 120592
241216 120611 120611 120611 120611
241254 120630 120630 120630 120630
241291 120648 120648 120648 120648
241327 120666 120666 120666 120666
241362 120684 120684 120684 120684
241396 120701 120701 120701 120701
241429 120717 120717 120717 120717
241462 120734 120734 120734 120734
241494 120749 120749 120749 120749
241525 120765 120765 120765 120765
241555 120780 120780 120780 120780
241585 120795 120795 120795 120795
241614 120809 120809 120809 120809
241642 120823 120823 120823 120823
241670 120837 120837 120837 120837
241697 120851 120851 120851 120851
241723 120864 120864 120864 120864
241748 120876 120876 120876 120876
241773 120889 120889 120889 120889
241797 120901 120901 120901 120901
241821 120912 120912 120912 120912
241843 120924 120924 120924 120924
241865 120935 120935 120935 120935
241887 120945 120945 120945 120945
241907 120955 120955 120955 120955
241927 120965 120965 120965 120965
241946 120975 120975 120975 120975
241964 120984 120984 120984 120984
241982 120992 120992 120992 120992
241999 121001 121001 121001 121001
242015 121009 121009 121009 121009
242030 121016 121016 121016 121016
242045 121024 121024 121024 121024
242059 121031 121031 121031 121031
242072 121037 121037 121037 121037
242084 121043 121043 121043 121043
242096 121049 121049 121049 121049
242107 121054 121054 121054 121054
242117 121059 121059 121059 121059
242126 121064 121064 121064 121064
242134 121068 121068 121068 121068
242142 121072 121072 121072 121072
242149 121075 121075 121075 121075
242155 121078 121078 121078 121078
242161 121081 121081 121081 121081
242165 121083 121083 121083 121083
242169 121085 121085 121085 121085
242172 121086 121086 121086 121086
242174 121087 121087 121087 121087
242175 121088 121088 121088 121088
242176 121088 121088 121088 121088
242176 121088 121088 121088 121088
242174 121087 121087 121087 121087
242172 121086 121086 121086 121086
242170 121085 121085 121085 121085
242166 121083 121083 121083 121083
242162 121080 121080 121080 121080
242156 121078 121078 121078 121078
242150 121074 121074 121074 121074
242143 121071 121071 121071 121071
242134 121066 121066 121066 121066
242125 121062 121062 121062 121062
242114 121056 121056 121056 121056
242102 121050 121050 121050 121050
242088 121043 121043 121043 121043
242071 121034 121034 121034 121034
242051 121024 121024 121024 121024
242031 121014 121014 121014 121014
242012 121004 121004 121004 121004
241992 120994 120994 120994 120994
241972 120985 120985 120985 120985
241952 120974 120974 120974 120974
241932 120964 120964 120964 120964
241910 120953 120953 120953 120953
241889 120943 120943 120943 120943
241867 120932 120932 120932 120932
241845 120921 120921 120921 120921
241824 120910 120910 120910 120910
241801 120899 120899 120899 120899
241779 120888 120888 120888 120888
241757 120876 120876 120876 120876
241734 120865 120865 120865 120865
241713 120855 120855 120855 120855
241695 120846 120846 120846 120846
241676 120836 120836 120836 120836
241657 120827 120827 120827 120827
241637 120817 120817 120817 120817
241617 120807 120807 120807 120807
241596 120796 120796 120796 120796
241574 120785 120785 120785 120785
241551 120774 120774 120774 120774
241527 120762 120762 120762 120762
241502 120749 120749 120749 120749
241476 120736 120736 120736 120736
241449 120722 120722 120722 120722
241422 120708 120708 120708 120708
241392 120694 120694 120694 120694
241362 120679 120679 120679 120679
241331 120663 120663 120663 120663
241299 120647 120647 120647 120647
241265 120630 120630 120630 120630
241231 120613 120613 120613 120613
241196 120595 120595 120595 120595
241159 120577 120577 120577 120577
241122 120558 120558 120558 120558
241084 120539 120539 120539 120539
241046 120520 120520 120520 120520
241006 120500 120500 120500 120500
240966 120480 120480 120480 120480
240925 120459 120459 120459 120459
240884 120439 120439 120439 120439
240842 120418 120418 120418 120418
240800 120397 120397 120397 120397
240757 120375 120375 120375 120375
240714 120354 120354 120353 120353
240671 120332 120332 120332 120332
240627 120310 120310 120310 120310
240582 120287 120287 120287 120287
240538 120265 120265 120265 120265
240493 120243 120243 120243 120243
240447 120220 120220 120220 120220
240401 120197 120197 120197 120197
240355 120174 120174 120174 120174
240309 120151 120151 120151 120151
240263 120127 120127 120127 120127
240216 120104 120104 120104 120104
240168 120080 120080 120080 120080
240121 120056 120056 120056 120056
240073 120033 120033 120033 120033
240025 120009 120009 120009 120009
239977 119984 119984 119984 119984
239928 119960 119960 119960 119960
239879 119935 119935 119935 119935
239830 119911 119911 119911 119911
239780 119886 119886 119886 119886
239731 119861 119861 119861 119861
239681 119836 119836 119836 119836
239630 119811 119811 119811 119811
239580 119786 119786 119786 119786
239529 119760 119760 119760 119760
239478 119735 119735 119735 119735
239426 119709 119709 119709 119709
239375 119683 119683 119683 119683
239323 119657 119657 119657 119657
239271 119631 119631 119631 119631
239218 119605 119605 119605 119605
239165 119578 119578 119578 119578
239112 119552 119552 119552 119552
239059 119525 119525 119525 119525
239005 119498 119498 119498 119498
238951 119471 119471 119471 119471
238897 119444 119444 119444 119444
238843 119417 119417 119417 119417
238788 119389 119389 119390 119390
238733 119362 119362 119362 119362
238678 119334 119334 119334 119334
238622 119307 119307 119307 119307
238566 119279 119279 119279 119279
238510 119250 119250 119250 119250
238454 119222 119222 119222 119222
238397 119194 119194 119194 119194
238340 119165 119165 119165 119165
238283 119137 119137 119137 119137
238225 119108 119108 119108 119108
238168 119079 119079 119079 119079
238109 119050 119050 119050 119050
238051 119021 119021 119021 119021
237992 118991 118991 118991 118991
237933 118962 118962 118962 118962
237874 118932 118932 118932 118932
237814 118902 118902 118902 118902
237755 118872 118872 118872 118872
237694 118842 118842 118842 118842
237634 118812 118812 118812 118812
237573 118781 118781 118781 118781
237512 118751 118751 118751 118751
237450 118720 118720 118720 118720
237389 118689 118689 118689 118689
237327 118658 118658 118658 118658
237265 118627 118627 118627 118627
237202 118596 118596 118596 118596
237140 118565 118565 118565 118565
237077 118533 118533 118533 118533
237014 118502 118502 118502 118502
236952 118471 118471 118471 118471
236889 118439 118439 118439 118439
236826 118408 118408 118408 118408
236762 118376 118376 118376 118376
236699 118344 118344 118344 118344
236636 118313 118313 118313 118313
236572 118281 118281 118281 118281
236509 118249 118249 118249 118249
236445 118217 118217 118217 118217
236381 118185 118185 118185 118185
236317 118153 118153 118153 118153
236253 118121 118121 118121 118121
236189 118089 118089 118089 118089
236125 118057 118057 118057 118057
236060 118025 118025 118025 118025
235996 117993 117993 117993 117993
235931 117960 117960 117960 117960
235867 117928 117928 117928 117928
235802 117895 117895 117895 117895
235737 117863 117863 117863 117863
235672 117831 117831 117831 117831
235607 117798 117798 117798 117798
235542 117765 117765 117765 117765
235476 117733 117733 117733 117733
235411 117700 117700 117700 117700
235346 117667 117667 117667 117667
235280 117635 117635 117635 117635
235214 117602 117602 117602 117602
235149 117569 117569 117569 117569
235083 117536 117536 117536 117536
235017 117503 117503 117503 117503
234951 117470 117470 117470 117470
234885 117437 117437 117437 117437
234819 117404 117404 117404 117404
234752 117371 117371 117371 117371
234686 117338 117338 117338 117338
234620 117304 117304 117304 117304
234553 117271 117271 117271 117271
234487 117238 117238 117238 117238
234420 117204 117204 117204 117204
