1 8.60124e-05
21454.6 -0.239914
34092.1 -0.479914
39664.8 -0.719914
42834 -0.959914
45119.7 -1.19991
47050.5 -1.43991
48824.5 -1.67991
50538.9 -1.91991
52219.7 -2.15991
53891.3 -2.39991
55551.2 -2.63991
57173.8 -2.87991
58715 -3.11991
60093.6 -3.35991
61186.4 -3.59991
61969.3 -3.83991
63043.9 -4.07991
63107.3 -4.31991
63215.3 -4.55991
63393.6 -4.79991
63546.3 -5.03991
63710.6 -5.27991
63874.8 -5.51991
64014 -5.75991
64172.8 -5.99991
64330.4 -6.23991
64469.2 -6.47991
64607.2 -6.71991
64762.2 -6.95991
64909.8 -7.19991
65044.4 -7.43991
65170.2 -7.67991
65313 -7.91991
65457.2 -8.15991
65594 -8.39991
65724.2 -8.63991
65841.2 -8.87991
65963.1 -9.11991
66099.8 -9.35991
66232.9 -9.59991
66359.8 -9.83991
66481.3 -10.0799
66599.2 -10.3199
66706.8 -10.5599
66817.7 -10.7999
66936.5 -11.0399
67059.2 -11.2799
67177.7 -11.5199
67291.1 -11.7599
67400.4 -11.9999
67506.5 -12.2399
67610.5 -12.4799
67709.2 -12.7199
67805.4 -12.9599
67903.6 -13.1999
68005.4 -13.4399
68111.8 -13.6799
68215.2 -13.9199
68314.6 -14.1599
68410.4 -14.3999
68502.9 -14.6399
68593 -14.8799
68681.1 -15.1199
68767.8 -15.3599
68853.2 -15.5999
68937.1 -15.8399
69015.1 -16.0799
69094.1 -16.3199
69173.8 -16.5599
69253.8 -16.7999
69338 -17.0399
69421.1 -17.2799
69501.6 -17.5199
69579.1 -17.7599
69653.7 -17.9999
69725.9 -18.2399
69796 -18.4799
69864.2 -18.7199
69930.9 -18.9599
69996.2 -19.1999
70060.3 -19.4399
70123.3 -19.6799
70185.2 -19.9199
70246 -20.1599
70305.8 -20.3999
70364.6 -20.6399
70419.3 -20.8799
70474.1 -21.1199
70527.6 -21.3599
70580.8 -21.5999
70633.5 -21.8399
70685.8 -22.0799
70740.3 -22.3199
70793.1 -22.5599
70843.8 -22.7999
70892 -23.0399
70937.9 -23.2799
70981.3 -23.5199
71022.6 -23.7599
71061.7 -23.9999
71098.8 -24.2399
71133.9 -24.4799
71167.1 -24.7199
71198.4 -24.9599
71227.7 -25.1999
71255.1 -25.4399
71280.5 -25.6799
71303.9 -25.9199
71325.3 -26.1599
71344.5 -26.3999
71361.6 -26.6399
71376.5 -26.8799
71389.3 -27.1199
71399.8 -27.3599
71408.1 -27.5999
71414.2 -27.8399
71418 -28.0799
71419.2 -28.3199
71416.7 -28.5599
71411.1 -28.7999
71404.1 -29.0399
71395.5 -29.2799
71385.3 -29.5199
71457 -29.7599
71435.4 -29.9999
71413.4 -30.2399
71390.7 -30.4799
71369.3 -30.7199
71346.7 -30.9599
71322.3 -31.1999
71296.3 -31.4399
71269.2 -31.6799
71240.9 -31.9199
71211.5 -32.1599
71181.2 -32.3999
71150 -32.6399
71118 -32.8799
71085.3 -33.1199
71052 -33.3599
71017.9 -33.5999
70982.9 -33.8399
70947.2 -34.0799
70910.6 -34.3199
70873.3 -34.5599
70835.2 -34.7999
70796.4 -35.0399
70756.8 -35.2799
70716.4 -35.5199
70675.3 -35.7599
70633.4 -35.9999
70590.7 -36.2399
70547.2 -36.4799
70502.8 -36.7199
70457.6 -36.9599
70411.6 -37.1999
70364.6 -37.4399
70317.2 -37.6799
70269.4 -37.9199
70221.1 -38.1599
70172.4 -38.3999
70123.3 -38.6399
70073.8 -38.8799
70023.8 -39.1199
69973.5 -39.3599
69922.6 -39.5999
69871.4 -39.8399
69819.8 -40.0799
69767.7 -40.3199
69715.2 -40.5599
69662.2 -40.7999
69608.9 -41.0399
69555.1 -41.2799
69500.8 -41.5199
69446.1 -41.7599
69390.9 -41.9999
69335.3 -42.2399
69279.2 -42.4799
69222.6 -42.7199
69165.6 -42.9599
69108 -43.1999
69050 -43.4399
68991.4 -43.6799
68932.3 -43.9199
68872.6 -44.1599
68812.4 -44.3999
68751.6 -44.6399
68690.3 -44.8799
68628.3 -45.1199
68565.7 -45.3599
68502.8 -45.5999
68439.7 -45.8399
68376.4 -46.0799
68312.8 -46.3199
68249 -46.5599
68185 -46.7999
68120.7 -47.0399
68056.2 -47.2799
67991.5 -47.5199
67926.5 -47.7599
67861.2 -47.9999
67795.7 -48.2399
67730 -48.4799
67664.1 -48.7199
67597.9 -48.9599
67531.6 -49.1999
67465 -49.4399
67398.3 -49.6799
67331.2 -49.9199
67264 -50.1599
67196.5 -50.3999
67128.8 -50.6399
67060.9 -50.8799
66992.7 -51.1199
66924.2 -51.3599
66855.5 -51.5999
66786.5 -51.8399
66717.3 -52.0799
66647.7 -52.3199
66577.9 -52.5599
66507.7 -52.7999
66437.3 -53.0399
66366.5 -53.2799
66295.4 -53.5199
66223.9 -53.7599
66152 -53.9999
66079.8 -54.2399
66007.2 -54.4799
65934.1 -54.7199
65860.6 -54.9599
65786.6 -55.1999
65712.2 -55.4399
65637.6 -55.6799
65562.9 -55.9199
65488.1 -56.1599
65413.2 -56.3999
65338.2 -56.6399
65263.1 -56.8799
65188 -57.1199
65112.7 -57.3599
65037.4 -57.5999
64961.9 -57.8399
64886.4 -58.0799
64810.7 -58.3199
64735 -58.5599
64659.1 -58.7999
64583.2 -59.0399
64507.1 -59.2799
64430.9 -59.5199
64354.7 -59.7599
64278.3 -59.9999
