1 -8.87181e-09 -8.87181e-09 -2.29902e-08 -2.29902e-08
29267.8 14640.6 14640.6 14640.6 14640.6
36504.5 18251.8 18251.8 18251.8 18251.8
40924.2 20463.3 20463.3 20463.3 20463.3
45755 22878.7 22878.7 22878.7 22878.7
50395.9 25199 25199 25199 25199
53487.1 26744.1 26744.1 26744.1 26744.1
53941.4 26970.8 26970.8 26970.8 26970.8
54439.2 27219.7 27219.7 27219.7 27219.7
54942.8 27471.5 27471.5 27471.5 27471.5
55394.8 27697.5 27697.5 27697.5 27697.5
55870.6 27935.4 27935.4 27935.4 27935.4
56332.2 28166.2 28166.2 28166.2 28166.2
56744.8 28372.5 28372.5 28372.5 28372.5
57152.7 28576.4 28576.4 28576.4 28576.4
57599.3 28799.8 28799.8 28799.8 28799.8
57981.3 28990.7 28990.7 28990.7 28990.7
58333.3 29166.7 29166.7 29166.7 29166.7
58677.5 29338.8 29338.8 29338.8 29338.8
59014.6 29507.4 29507.4 29507.4 29507.4
59334.6 29667.4 29667.4 29667.4 29667.4
59667.6 29833.9 29833.9 29833.9 29833.9
59972.8 29986.5 29986.5 29986.5 29986.5
60240.6 30120.3 30120.3 30120.3 30120.3
60490.4 30245.3 30245.3 30245.3 30245.3
60729.3 30364.7 30364.7 30364.7 30364.7
60958.5 30479.3 30479.3 30479.3 30479.3
61177.9 30589 30589 30589 30589
61387.5 30693.8 30693.8 30693.8 30693.8
61587.3 30793.7 30793.7 30793.7 30793.7
61777.3 30888.7 30888.7 30888.7 30888.7
61957.5 30978.8 30978.8 30978.8 30978.8
62128 31064 31064 31064 31064
62283.3 31141.7 31141.7 31141.7 31141.7
62433.2 31216.6 31216.6 31216.6 31216.6
62581.4 31290.7 31290.7 31290.7 31290.7
62712.5 31356.3 31356.3 31356.3 31356.3
62824.3 31412.2 31412.2 31412.2 31412.2
62919.8 31459.9 31459.9 31459.9 31459.9
63001.6 31500.8 31500.8 31500.8 31500.8
63070.5 31535.3 31535.3 31535.3 31535.3
63126.2 31563.1 31563.1 31563.1 31563.1
63168.2 31584.1 31584.1 31584.1 31584.1
63196 31598 31598 31598 31598
63209.7 31604.8 31604.8 31604.8 31604.8
63325.8 31663 31663 31663 31663
63286.7 31643.4 31643.4 31643.4 31643.4
63242.1 31621 31621 31621 31621
63194.7 31597.4 31597.4 31597.4 31597.4
63145.3 31572.6 31572.6 31572.6 31572.6
63093.7 31546.8 31546.8 31546.9 31546.9
63039.1 31519.6 31519.6 31519.6 31519.6
62981.3 31490.6 31490.6 31490.6 31490.6
62920.2 31460.1 31460.1 31460.1 31460.1
62856 31428 31428 31428 31428
62788.7 31394.4 31394.4 31394.4 31394.4
62718.3 31359.2 31359.2 31359.2 31359.2
62644.8 31322.4 31322.4 31322.4 31322.4
62568.2 31284.1 31284.1 31284.1 31284.1
62488.3 31244.1 31244.1 31244.1 31244.1
62405.2 31202.6 31202.6 31202.6 31202.6
62318.7 31159.3 31159.3 31159.3 31159.3
62228.7 31114.3 31114.3 31114.3 31114.3
62135.1 31067.5 31067.5 31067.5 31067.5
62037.6 31018.8 31018.8 31018.8 31018.8
61936.2 30968.1 30968.1 30968.1 30968.1
61833.1 30916.5 30916.5 30916.5 30916.5
61728.7 30864.3 30864.3 30864.3 30864.3
61623 30811.5 30811.5 30811.5 30811.5
61516.6 30758.3 30758.3 30758.3 30758.3
61486.6 30743.3 30743.3 30743.3 30743.3
61371.2 30685.6 30685.6 30685.6 30685.6
61254.7 30627.3 30627.3 30627.3 30627.3
61138.3 30569.1 30569.1 30569.1 30569.1
61022.3 30511.1 30511.1 30511.1 30511.1
60906.4 30453.2 30453.2 30453.2 30453.2
60790.7 30395.3 30395.3 30395.3 30395.3
60675.1 30337.5 30337.5 30337.5 30337.5
60559.6 30279.8 30279.8 30279.8 30279.8
60444.1 30222 30222 30222 30222
60328.7 30164.3 30164.3 30164.3 30164.3
60213 30106.5 30106.5 30106.5 30106.5
60096.7 30048.3 30048.3 30048.3 30048.3
59979.5 29989.7 29989.7 29989.7 29989.7
59861.4 29930.7 29930.7 29930.7 29930.7
59742.3 29871.1 29871.1 29871.1 29871.1
59622.3 29811.1 29811.1 29811.1 29811.1
59501.3 29750.6 29750.6 29750.6 29750.6
59379.2 29689.6 29689.6 29689.6 29689.6
59255.9 29627.9 29627.9 29627.9 29627.9
59131.4 29565.7 29565.7 29565.7 29565.7
59005.5 29502.7 29502.7 29502.7 29502.7
58878.1 29439 29439 29439 29439
58749 29374.5 29374.5 29374.5 29374.5
58618.1 29309 29309 29309 29309
58485.1 29242.5 29242.5 29242.5 29242.5
58351.2 29175.5 29175.5 29175.5 29175.5
58217.2 29108.6 29108.6 29108.6 29108.6
58083.2 29041.6 29041.6 29041.6 29041.6
57949.2 28974.6 28974.6 28974.6 28974.6
57815.1 28907.5 28907.5 28907.5 28907.5
57681 28840.5 28840.5 28840.5 28840.5
57546.8 28773.4 28773.4 28773.4 28773.4
57412.6 28706.3 28706.3 28706.3 28706.3
57278.3 28639.1 28639.1 28639.1 28639.1
57144 28572 28572 28572 28572
57009.7 28504.8 28504.8 28504.8 28504.8
56875.3 28437.6 28437.6 28437.6 28437.6
56740.8 28370.4 28370.4 28370.4 28370.4
56606.3 28303.1 28303.1 28303.1 28303.1
56471.7 28235.8 28235.8 28235.8 28235.8
56337.1 28168.5 28168.5 28168.5 28168.5
56202.4 28101.2 28101.2 28101.2 28101.2
56067.6 28033.8 28033.8 28033.8 28033.8
55932.7 27966.3 27966.3 27966.3 27966.3
55797.7 27898.8 27898.8 27898.8 27898.8
55662.6 27831.3 27831.3 27831.3 27831.3
55527.4 27763.7 27763.7 27763.7 27763.7
55392.1 27696 27696 27696 27696
55256.6 27628.3 27628.3 27628.3 27628.3
55120.9 27560.4 27560.4 27560.4 27560.4
54985.1 27492.5 27492.5 27492.5 27492.5
54849.1 27424.5 27424.5 27424.5 27424.5
54712.8 27356.4 27356.4 27356.4 27356.4
54576.3 27288.1 27288.1 27288.1 27288.1
54439.6 27219.7 27219.7 27219.7 27219.7
54302.5 27151.2 27151.2 27151.2 27151.2
54165 27082.5 27082.5 27082.5 27082.5
54027.2 27013.6 27013.6 27013.6 27013.6
53888.9 26944.4 26944.4 26944.4 26944.4
53750 26875 26875 26875 26875
53610.5 26805.2 26805.2 26805.2 26805.2
53470.3 26735.1 26735.1 26735.1 26735.1
53329.2 26664.6 26664.6 26664.6 26664.6
53187.1 26593.5 26593.5 26593.5 26593.5
53043.5 26521.7 26521.7 26521.7 26521.7
52898.5 26449.2 26449.2 26449.2 26449.2
52751.7 26375.8 26375.8 26375.8 26375.8
52602.8 26301.4 26301.4 26301.4 26301.4
52451 26225.5 26225.5 26225.5 26225.5
52295.5 26147.7 26147.7 26147.7 26147.7
52135.1 26067.5 26067.5 26067.5 26067.5
51968.6 25984.3 25984.3 25984.3 25984.3
51800.2 25900.1 25900.1 25900.1 25900.1
51631 25815.5 25815.5 25815.5 25815.5
51461.1 25730.5 25730.5 25730.5 25730.5
51290.4 25645.1 25645.1 25645.2 25645.2
51118.9 25559.4 25559.4 25559.4 25559.4
50946.7 25473.3 25473.3 25473.3 25473.3
50773.6 25386.7 25386.7 25386.7 25386.7
50599.6 25299.8 25299.8 25299.8 25299.8
