1 1.12805e-19
6022.78 -0.133333
12050.3 -0.266667
18121.2 -0.4
24126.8 -0.533333
29357.9 -0.666667
33374.9 -0.8
36131.7 -0.933333
37932.5 -1.06667
39146.7 -1.2
40031.3 -1.33333
40740.8 -1.46667
41355.1 -1.6
41914.3 -1.73333
42441.4 -1.86667
42954.1 -2
43452 -2.13333
43943.3 -2.26667
44426.8 -2.4
44896.7 -2.53333
45340.9 -2.66667
45737.9 -2.8
46888.9 -2.93333
46967.8 -3.06667
47185.7 -3.2
47487.1 -3.33333
47760.1 -3.46667
47993.1 -3.6
48199.7 -3.73333
48371.4 -3.86667
48520 -4
48641.9 -4.13333
48738.8 -4.26667
48819.8 -4.4
48876.5 -4.53333
48918.8 -4.66667
48947.9 -4.8
48958.5 -4.93333
48958.1 -5.06667
48950.8 -5.2
48930.3 -5.33333
48897.9 -5.46667
48863.2 -5.6
48822.3 -5.73333
48772.4 -5.86667
48715.1 -6
48656.3 -6.13333
48596.8 -6.26667
48531.2 -6.4
48460.3 -6.53333
48386.2 -6.66667
48312.1 -6.8
48239.8 -6.93333
48163.7 -7.06667
48083.9 -7.2
48001.8 -7.33333
47919 -7.46667
47836.5 -7.6
47757.2 -7.73333
47675.9 -7.86667
47591.9 -8
47505.9 -8.13333
47419.1 -8.26667
47332.1 -8.4
47246 -8.53333
47160.9 -8.66667
47077.7 -8.8
46992.7 -8.93333
46905.8 -9.06667
46817.3 -9.2
46728 -9.33333
46638.4 -9.46667
46549 -9.6
46459.9 -9.73333
46371.7 -9.86667
46284 -10
46197.4 -10.1333
46109.5 -10.2667
46020.1 -10.4
45929.2 -10.5333
45837.3 -10.6667
45744.8 -10.8
45651.8 -10.9333
45558.7 -11.0667
45465.4 -11.2
45372 -11.3333
45278.6 -11.4667
45185.3 -11.6
45092.1 -11.7333
44998.7 -11.8667
44905.3 -12
44810.9 -12.1333
44715.1 -12.2667
31150.6 -12.4
31059.1 -12.5333
30966.8 -12.6667
30874 -12.8
30780.6 -12.9333
30686.7 -13.0667
30592.3 -13.2
30497.4 -13.3333
30402 -13.4667
30506.4 -13.6
30397.1 -13.7333
30286.5 -13.8667
30177.3 -14
30068 -14.1333
29959.1 -14.2667
29851.4 -14.4
29744.6 -14.5333
29638.7 -14.6667
29533.3 -14.8
29427.8 -14.9333
29323.2 -15.0667
29219.5 -15.2
29115.8 -15.3333
29011.5 -15.4667
28906.5 -15.6
28800 -15.7333
28693.4 -15.8667
28586.5 -16
28479.2 -16.1333
28371.5 -16.2667
28263.3 -16.4
28154.9 -16.5333
28046 -16.6667
27936.6 -16.8
27826.4 -16.9333
27716 -17.0667
27605.4 -17.2
27494.6 -17.3333
27384 -17.4667
27273.2 -17.6
27162.2 -17.7333
27051.1 -17.8667
26939.8 -18
26828.3 -18.1333
26716.6 -18.2667
26604.8 -18.4
26492.8 -18.5333
26380.6 -18.6667
26268.1 -18.8
26155.3 -18.9333
26042.3 -19.0667
25929 -19.2
25815.6 -19.3333
25702 -19.4667
25588.4 -19.6
25474.7 -19.7333
25360.7 -19.8667
25246.5 -20
25132.1 -20.1333
25017.5 -20.2667
24902.6 -20.4
24787.4 -20.5333
24672.1 -20.6667
24556.7 -20.8
24441.1 -20.9333
24325.3 -21.0667
24209.4 -21.2
24093.2 -21.3333
23976.9 -21.4667
23860.4 -21.6
23743.8 -21.7333
23627.1 -21.8667
23510.2 -22
23393.2 -22.1333
23276 -22.2667
23158.8 -22.4
23041.4 -22.5333
22924 -22.6667
22806.5 -22.8
22688.9 -22.9333
22571.1 -23.0667
22453.3 -23.2
22335.3 -23.3333
22217.3 -23.4667
22099.3 -23.6
21981.1 -23.7333
21862.9 -23.8667
21744.6 -24
21626.2 -24.1333
21507.8 -24.2667
21389.2 -24.4
21270.6 -24.5333
21152 -24.6667
21033.2 -24.8
20914.4 -24.9333
20795.5 -25.0667
20676.5 -25.2
20557.5 -25.3333
20438.3 -25.4667
20319.1 -25.6
20199.8 -25.7333
20080.4 -25.8667
19960.9 -26
19841.4 -26.1333
19721.9 -26.2667
19602.4 -26.4
19482.8 -26.5333
19363.3 -26.6667
19243.7 -26.8
19124.1 -26.9333
19004.5 -27.0667
18884.9 -27.2
18765.3 -27.3333
18645.6 -27.4667
18526 -27.6
18406.3 -27.7333
18286.6 -27.8667
18166.9 -28
18047.2 -28.1333
17927.5 -28.2667
17807.7 -28.4
17688 -28.5333
17568.2 -28.6667
17448.4 -28.8
17328.6 -28.9333
17208.7 -29.0667
17088.9 -29.2
16969 -29.3333
16849.1 -29.4667
16729.2 -29.6
16609.2 -29.7333
16489.2 -29.8667
16369.3 -30
16249.4 -30.1333
16129.5 -30.2667
16009.5 -30.4
15889.5 -30.5333
15769.5 -30.6667
15649.5 -30.8
15529.4 -30.9333
15409.3 -31.0667
15289.2 -31.2
15169.1 -31.3333
15048.9 -31.4667
14928.7 -31.6
14808.4 -31.7333
14688.1 -31.8667
14567.8 -32
14447.4 -32.1333
14327 -32.2667
14206.5 -32.4
14086 -32.5333
13965.5 -32.6667
13844.9 -32.8
13724.1 -32.9333
13603.3 -33.0667
13482.4 -33.2
13361.4 -33.3333
13240.4 -33.4667
13119.3 -33.6
12998.3 -33.7333
12877.3 -33.8667
12756.2 -34
12635.2 -34.1333
12514.2 -34.2667
12393.1 -34.4
12272.1 -34.5333
12151.1 -34.6667
12030.1 -34.8
11909.1 -34.9333
11788.1 -35.0667
11667 -35.2
11546 -35.3333
11425 -35.4667
11304 -35.6
11183 -35.7333
11061.9 -35.8667
10940.9 -36
10819.9 -36.1333
10698.8 -36.2667
10577.8 -36.4
10456.7 -36.5333
10335.7 -36.6667
10214.6 -36.8
10093.5 -36.9333
9972.43 -37.0667
9851.32 -37.2
9730.2 -37.3333
9609.05 -37.4667
9487.89 -37.6
9366.71 -37.7333
9245.51 -37.8667
9124.29 -38
9003.05 -38.1333
8881.78 -38.2667
8760.48 -38.4
8639.15 -38.5333
8517.79 -38.6667
8396.39 -38.8
8274.96 -38.9333
8153.49 -39.0667
8031.98 -39.2
7910.42 -39.3333
7788.81 -39.4667
7667.16 -39.6
7545.45 -39.7333
7423.69 -39.8667
7301.87 -40
