1 1.04505e-07 1.04505e-07 3.51981e-08 3.51981e-08
39947.4 19974.9 19974.9 19974.9 19974.9
79296.2 39649.3 39649.3 39649.3 39649.3
97610.6 48805.6 48805.6 48805.6 48805.6
108370 54185.4 54185.4 54185.4 54185.4
115800 57900.2 57900.2 57900.2 57900.2
121479 60739.5 60739.5 60739.5 60739.5
126103 63051.8 63051.8 63051.8 63051.8
130042 65021.2 65021.2 65021.2 65021.2
133483 66741.6 66741.6 66741.6 66741.6
136580 68290.3 68290.3 68290.3 68290.3
139418 69709.1 69709.1 69709.1 69709.1
142048 71023.8 71023.8 71023.8 71023.8
144514 72257.1 72257.1 72257.1 72257.1
146847 73423.6 73423.6 73423.6 73423.6
149085 74542.6 74542.6 74542.6 74542.6
151249 75624.5 75624.5 75624.5 75624.5
153321 76660.7 76660.7 76660.7 76660.7
155333 77666.7 77666.7 77666.7 77666.7
157315 78657.4 78657.4 78657.4 78657.4
159218 79609.2 79609.2 79609.2 79609.2
161121 80560.7 80560.7 80560.7 80560.7
162950 81475.1 81475.1 81475.1 81475.1
164784 82392.3 82392.3 82392.3 82392.3
166567 83283.6 83283.6 83283.6 83283.6
168330 84165 84165 84165 84165
170093 85046.5 85046.5 85046.5 85046.5
171792 85896 85896 85896 85896
173498 86749.2 86749.2 86749.2 86749.2
175195 87597.4 87597.4 87597.4 87597.4
176833 88416.3 88416.3 88416.3 88416.3
178463 89231.4 89231.4 89231.4 89231.4
180089 90044.6 90044.6 90044.6 90044.6
181670 90835 90835 90835 90835
183192 91596.1 91596.1 91596.1 91596.1
184700 92349.8 92349.8 92349.8 92349.8
186172 93086.1 93086.1 93086.1 93086.1
187580 93790.3 93790.3 93790.3 93790.3
188895 94447.4 94447.4 94447.4 94447.4
190148 95074.3 95074.3 95074.3 95074.3
191348 95674.1 95674.1 95674.1 95674.1
192456 96228.3 96228.3 96228.3 96228.3
193462 96730.8 96730.8 96730.8 96730.8
194346 97173.2 97173.2 97173.2 97173.2
195155 97577.7 97577.7 97577.7 97577.7
195901 97950.5 97950.5 97950.5 97950.5
196558 98279.2 98279.2 98279.2 98279.2
198875 99437.6 99437.6 99437.6 99437.6
199117 99558.4 99558.4 99558.4 99558.4
199470 99735.1 99735.1 99735.1 99735.1
199968 99983.9 99983.9 99983.9 99983.9
200594 100297 100297 100297 100297
201329 100664 100664 100664 100664
202169 101085 101085 101085 101085
203111 101555 101555 101555 101555
204133 102066 102066 102066 102066
205143 102572 102572 102572 102572
206136 103068 103068 103068 103068
207104 103552 103552 103552 103552
208038 104019 104019 104019 104019
208936 104468 104468 104468 104468
209800 104900 104900 104900 104900
210633 105316 105316 105316 105316
211421 105710 105710 105710 105710
212186 106093 106093 106093 106093
212933 106466 106466 106466 106466
213672 106836 106836 106836 106836
214389 107195 107195 107195 107195
215079 107539 107539 107539 107539
215742 107871 107871 107871 107871
216380 108190 108190 108190 108190
216993 108497 108497 108497 108497
217583 108792 108792 108792 108792
218138 109069 109069 109069 109069
218681 109340 109340 109340 109340
219212 109606 109606 109606 109606
219741 109871 109871 109871 109871
220257 110128 110128 110128 110128
220752 110376 110376 110376 110376
221226 110613 110613 110613 110613
221681 110841 110841 110841 110841
222119 111059 111059 111059 111059
222540 111270 111270 111270 111270
222946 111473 111473 111473 111473
223328 111664 111664 111664 111664
223696 111848 111848 111848 111848
224057 112028 112028 112028 112028
224411 112205 112205 112205 112205
224769 112384 112384 112384 112384
225115 112558 112558 112558 112558
225447 112724 112724 112724 112724
225765 112883 112883 112883 112883
226069 113035 113035 113035 113035
226360 113180 113180 113180 113180
226641 113320 113320 113320 113320
226911 113455 113455 113455 113455
227171 113585 113585 113585 113585
227422 113711 113711 113711 113711
227650 113825 113825 113825 113825
227876 113938 113938 113938 113938
228100 114050 114050 114050 114050
228320 114160 114160 114160 114160
228547 114273 114273 114273 114273
228767 114384 114384 114384 114384
228978 114489 114489 114489 114489
229179 114590 114590 114590 114590
229370 114685 114685 114685 114685
229553 114777 114777 114777 114777
229728 114864 114864 114864 114864
229896 114948 114948 114948 114948
230057 115029 115029 115029 115029
230213 115106 115106 115106 115106
230364 115182 115182 115182 115182
230510 115255 115255 115255 115255
230642 115321 115321 115321 115321
230769 115385 115385 115385 115385
230896 115448 115448 115448 115448
231022 115511 115511 115511 115511
231148 115574 115574 115574 115574
231281 115641 115641 115641 115641
231411 115706 115706 115706 115706
231535 115768 115768 115768 115768
231653 115826 115826 115826 115826
231764 115882 115882 115882 115882
231870 115935 115935 115935 115935
231970 115985 115985 115985 115985
232066 116033 116033 116033 116033
232157 116079 116079 116079 116079
232246 116123 116123 116123 116123
232331 116165 116165 116165 116165
232413 116207 116207 116207 116207
232494 116247 116247 116247 116247
232572 116286 116286 116286 116286
232648 116324 116324 116324 116324
232716 116358 116358 116358 116358
232778 116389 116389 116389 116389
232841 116420 116420 116420 116420
232905 116452 116452 116452 116452
232969 116485 116485 116485 116485
233035 116517 116517 116517 116517
233106 116553 116553 116553 116553
233177 116589 116589 116589 116589
233245 116622 116622 116622 116622
233308 116654 116654 116654 116654
233368 116684 116684 116684 116684
233424 116712 116712 116712 116712
233476 116738 116738 116738 116738
233525 116763 116763 116763 116763
233573 116786 116786 116786 116786
233617 116809 116809 116809 116809
233661 116830 116830 116830 116830
233702 116851 116851 116851 116851
233743 116871 116871 116871 116871
233782 116891 116891 116891 116891
233820 116910 116910 116910 116910
233857 116929 116929 116929 116929
233894 116947 116947 116947 116947
233929 116965 116965 116965 116965
233964 116982 116982 116982 116982
233999 116999 116999 116999 116999
234025 117013 117013 117013 117013
234050 117025 117025 117025 117025
234076 117038 117038 117038 117038
234103 117052 117052 117052 117052
234131 117066 117066 117066 117066
234160 117080 117080 117080 117080
234190 117095 117095 117095 117095
234224 117112 117112 117112 117112
234260 117130 117130 117130 117130
234293 117147 117147 117147 117147
234324 117162 117162 117162 117162
234352 117176 117176 117176 117176
234378 117189 117189 117189 117189
234401 117201 117201 117201 117201
234423 117211 117211 117211 117211
234443 117221 117221 117221 117221
234461 117231 117231 117231 117231
234478 117239 117239 117239 117239
234494 117247 117247 117247 117247
234510 117255 117255 117255 117255
234524 117262 117262 117262 117262
234538 117269 117269 117269 117269
234551 117276 117276 117276 117276
234564 117282 117282 117282 117282
234576 117288 117288 117288 117288
234587 117294 117294 117294 117294
234598 117299 117299 117299 117299
234609 117304 117304 117304 117304
234619 117310 117310 117310 117310
234629 117314 117314 117314 117314
234638 117319 117319 117319 117319
234647 117323 117323 117323 117323
234655 117327 117327 117327 117327
234663 117331 117331 117331 117331
234667 117334 117334 117334 117334
234666 117333 117333 117333 117333
234666 117333 117333 117333 117333
234667 117333 117333 117333 117333
234668 117334 117334 117334 117334
234669 117334 117334 117334 117334
234670 117335 117335 117335 117335
234672 117336 117336 117336 117336
234673 117337 117337 117337 117337
234676 117338 117338 117338 117338
234681 117341 117341 117341 117341
234685 117342 117342 117342 117342
234686 117343 117343 117343 117343
234684 117342 117342 117342 117342
234681 117340 117340 117340 117340
234675 117338 117338 117338 117338
234667 117334 117334 117334 117334
234657 117329 117329 117329 117329
234645 117323 117323 117323 117323
234632 117316 117316 117316 117316
234616 117308 117308 117308 117308
234599 117300 117300 117300 117300
234581 117290 117290 117290 117290
234561 117280 117280 117280 117280
234539 117270 117270 117270 117270
234516 117258 117258 117258 117258
234492 117246 117246 117246 117246
234466 117233 117233 117233 117233
234439 117219 117219 117219 117219
234410 117205 117205 117205 117205
234380 117190 117190 117190 117190
234349 117175 117175 117175 117175
234316 117158 117158 117158 117158
234282 117141 117141 117141 117141
234247 117124 117124 117124 117124
234210 117105 117105 117105 117105
234172 117086 117086 117086 117086
234133 117066 117066 117066 117066
234092 117046 117046 117046 117046
234050 117025 117025 117025 117025
234006 117003 117003 117003 117003
233961 116980 116980 116980 116980
233914 116957 116957 116957 116957
233866 116933 116933 116933 116933
233816 116908 116908 116908 116908
233763 116882 116882 116882 116882
233706 116853 116853 116853 116853
233647 116823 116823 116823 116823
233587 116794 116794 116794 116794
233528 116764 116764 116764 116764
233468 116734 116734 116734 116734
233604 116871 116871 116871 116871
233667 116833 116833 116833 116833
233590 116795 116795 116795 116795
233515 116757 116757 116757 116757
233442 116721 116721 116721 116721
233371 116685 116685 116685 116685
233302 116651 116651 116651 116651
233234 116617 116617 116617 116617
233171 116586 116586 116586 116586
233108 116554 116554 116554 116554
233045 116523 116523 116523 116523
232982 116491 116491 116491 116491
232918 116459 116459 116459 116459
232855 116428 116428 116428 116428
232792 116396 116396 116396 116396
232728 116364 116364 116364 116364
232665 116333 116333 116333 116333
232603 116301 116301 116301 116301
232541 116270 116270 116270 116270
232479 116239 116239 116239 116239
232418 116209 116209 116209 116209
232357 116178 116178 116178 116178
232297 116149 116149 116149 116149
232239 116119 116119 116119 116119
232181 116091 116091 116091 116091
232125 116062 116062 116062 116062
232069 116035 116035 116035 116035
232015 116007 116007 116007 116007
231961 115981 115981 115981 115981
231909 115954 115954 115954 115954
231857 115929 115929 115929 115929
231806 115903 115903 115903 115903
231755 115877 115877 115877 115877
231702 115851 115851 115851 115851
231649 115825 115825 115825 115825
231596 115798 115798 115798 115798
231541 115771 115771 115771 115771
231486 115743 115743 115743 115743
231431 115715 115715 115715 115715
231375 115687 115687 115687 115687
231318 115659 115659 115659 115659
231260 115630 115630 115630 115630
231202 115601 115601 115601 115601
231143 115572 115572 115572 115572
231084 115542 115542 115542 115542
231024 115512 115512 115512 115512
230963 115481 115481 115481 115481
230902 115451 115451 115451 115451
230839 115420 115420 115420 115420
230777 115388 115388 115388 115388
230713 115357 115357 115357 115357
230649 115324 115324 115324 115324
230584 115292 115292 115292 115292
230518 115259 115259 115259 115259
230452 115226 115226 115226 115226
230385 115192 115192 115192 115192
230317 115158 115158 115158 115158
230248 115124 115124 115124 115124
230179 115089 115089 115089 115089
230109 115054 115054 115054 115054
230039 115019 115019 115019 115019
229968 114984 114984 114984 114984
229897 114948 114948 114948 114948
229825 114913 114913 114913 114913
229753 114877 114877 114877 114877
229681 114841 114841 114841 114841
229609 114804 114804 114804 114804
229536 114768 114768 114768 114768
229462 114731 114731 114731 114731
229388 114694 114694 114694 114694
229314 114657 114657 114657 114657
229239 114620 114620 114620 114620
229164 114582 114582 114582 114582
229088 114544 114544 114544 114544
229012 114506 114506 114506 114506
228935 114468 114468 114468 114468
228858 114429 114429 114429 114429
228779 114390 114390 114390 114390
228700 114350 114350 114350 114350
228620 114310 114310 114310 114310
228540 114270 114270 114270 114270
228460 114230 114230 114230 114230
228380 114190 114190 114190 114190
228299 114149 114149 114149 114149
228218 114109 114109 114109 114109
228137 114068 114068 114068 114068
228055 114027 114027 114027 114027
227973 113986 113986 113986 113986
227891 113945 113945 113945 113945
227808 113904 113904 113904 113904
227725 113863 113863 113863 113863
227642 113821 113821 113821 113821
227558 113779 113779 113779 113779
227474 113737 113737 113737 113737
227389 113695 113695 113695 113695
227305 113652 113652 113652 113652
227219 113610 113610 113610 113610
227134 113567 113567 113567 113567
227047 113524 113524 113524 113524
226961 113480 113480 113480 113480
226874 113437 113437 113437 113437
226787 113393 113393 113393 113393
226699 113349 113349 113349 113349
226611 113305 113305 113305 113305
226522 113261 113261 113261 113261
226434 113217 113217 113217 113217
226344 113172 113172 113172 113172
226254 113127 113127 113127 113127
226163 113082 113082 113082 113082
226073 113036 113036 113036 113036
225982 112991 112991 112991 112991
225890 112945 112945 112945 112945
225799 112899 112899 112899 112899
225707 112853 112853 112853 112853
225614 112807 112807 112807 112807
225522 112761 112761 112761 112761
225429 112714 112714 112714 112714
225336 112668 112668 112668 112668
225242 112621 112621 112621 112621
225148 112574 112574 112574 112574
225054 112527 112527 112527 112527
224960 112480 112480 112480 112480
224865 112432 112432 112432 112432
224770 112385 112385 112385 112385
224675 112337 112337 112337 112337
224579 112289 112289 112289 112289
224483 112242 112242 112242 112242
224387 112194 112194 112194 112194
224291 112145 112145 112145 112145
224194 112097 112097 112097 112097
224097 112049 112049 112049 112049
224000 112000 112000 112000 112000
223903 111951 111951 111951 111951
223805 111902 111902 111902 111902
223707 111854 111854 111854 111854
223609 111804 111804 111804 111804
223510 111755 111755 111755 111755
223412 111706 111706 111706 111706
223313 111656 111656 111656 111656
223214 111607 111607 111607 111607
223114 111557 111557 111557 111557
223015 111507 111507 111507 111507
222915 111457 111457 111457 111457
222814 111407 111407 111407 111407
222714 111357 111357 111357 111357
222613 111307 111307 111307 111307
222512 111256 111256 111256 111256
222411 111205 111205 111205 111205
222309 111155 111155 111155 111155
222207 111104 111104 111104 111104
222105 111053 111053 111053 111053
222003 111001 111001 111001 111001
221900 110950 110950 110950 110950
221797 110899 110899 110899 110899
221694 110847 110847 110847 110847
221591 110795 110795 110795 110795
221487 110743 110743 110743 110743
221383 110691 110691 110691 110691
221278 110639 110639 110639 110639
221173 110587 110587 110587 110587
221068 110534 110534 110534 110534
220963 110482 110482 110482 110482
220857 110429 110429 110429 110429
220751 110376 110376 110376 110376
220645 110323 110323 110323 110323
220539 110269 110269 110269 110269
220432 110216 110216 110216 110216
220324 110162 110162 110162 110162
220217 110108 110108 110108 110108
220109 110055 110055 110055 110055
220002 110001 110001 110001 110001
219894 109947 109947 109947 109947
219786 109893 109893 109893 109893
219679 109839 109839 109839 109839
219570 109785 109785 109785 109785
219462 109731 109731 109731 109731
219354 109677 109677 109677 109677
219246 109623 109623 109623 109623
219137 109569 109569 109569 109569
219029 109514 109514 109514 109514
218920 109460 109460 109460 109460
218811 109406 109406 109406 109406
218702 109351 109351 109351 109351
218593 109297 109297 109297 109297
218484 109242 109242 109242 109242
218375 109187 109187 109187 109187
218265 109133 109133 109133 109133
218156 109078 109078 109078 109078
218046 109023 109023 109023 109023
217936 108968 108968 108968 108968
217826 108913 108913 108913 108913
217716 108858 108858 108858 108858
217606 108803 108803 108803 108803
217496 108748 108748 108748 108748
217386 108693 108693 108693 108693
217275 108638 108638 108638 108638
217165 108582 108582 108582 108582
217054 108527 108527 108527 108527
216943 108471 108471 108471 108471
216832 108416 108416 108416 108416
216721 108360 108360 108360 108360
216609 108305 108305 108305 108305
216498 108249 108249 108249 108249
216386 108193 108193 108193 108193
216275 108137 108137 108137 108137
216163 108081 108081 108081 108081
216051 108025 108025 108025 108025
215939 107969 107969 107969 107969
215826 107913 107913 107913 107913
215714 107857 107857 107857 107857
215601 107801 107801 107801 107801
215489 107744 107744 107744 107744
215376 107688 107688 107688 107688
215263 107631 107631 107631 107631
215149 107575 107575 107575 107575
215036 107518 107518 107518 107518
214923 107461 107461 107461 107461
214809 107404 107404 107404 107404
214695 107348 107348 107348 107348
214581 107291 107291 107291 107291
214467 107233 107233 107233 107233
214352 107176 107176 107176 107176
214238 107119 107119 107119 107119
214123 107062 107062 107062 107062
214008 107004 107004 107004 107004
213893 106947 106947 106947 106947
213778 106889 106889 106889 106889
213662 106831 106831 106831 106831
213547 106773 106773 106773 106773
213431 106715 106715 106715 106715
213315 106657 106657 106657 106657
213198 106599 106599 106599 106599
213082 106541 106541 106541 106541
212965 106482 106482 106482 106482
212848 106424 106424 106424 106424
212731 106365 106365 106365 106365
212613 106307 106307 106307 106307
212496 106248 106248 106248 106248
212378 106189 106189 106189 106189
212259 106130 106130 106130 106130
212141 106071 106071 106071 106071
212022 106011 106011 106011 106011
211903 105952 105952 105952 105952
211784 105892 105892 105892 105892
211665 105832 105832 105832 105832
211546 105773 105773 105773 105773
211426 105713 105713 105713 105713
211307 105653 105653 105653 105653
211188 105594 105594 105594 105594
211068 105534 105534 105534 105534
210948 105474 105474 105474 105474
210829 105414 105414 105414 105414
210709 105355 105355 105355 105355
210590 105295 105295 105295 105295
210470 105235 105235 105235 105235
210350 105175 105175 105175 105175
210230 105115 105115 105115 105115
210110 105055 105055 105055 105055
209990 104995 104995 104995 104995
209870 104935 104935 104935 104935
209750 104875 104875 104875 104875
209630 104815 104815 104815 104815
209509 104755 104755 104755 104755
209389 104695 104695 104695 104695
209269 104634 104634 104634 104634
209148 104574 104574 104574 104574
209028 104514 104514 104514 104514
208907 104454 104454 104454 104454
208787 104393 104393 104393 104393
208666 104333 104333 104333 104333
208545 104272 104272 104272 104272
208424 104212 104212 104212 104212
208303 104152 104152 104152 104152
208182 104091 104091 104091 104091
208061 104031 104031 104031 104031
207940 103970 103970 103970 103970
207819 103909 103909 103909 103909
207697 103849 103849 103849 103849
207576 103788 103788 103788 103788
207454 103727 103727 103727 103727
207333 103666 103666 103666 103666
207211 103606 103606 103606 103606
207089 103545 103545 103545 103545
206968 103484 103484 103484 103484
206846 103423 103423 103423 103423
206724 103362 103362 103362 103362
206602 103301 103301 103301 103301
206479 103240 103240 103240 103240
206357 103179 103179 103179 103179
206235 103117 103117 103117 103117
206112 103056 103056 103056 103056
205990 102995 102995 102995 102995
205867 102933 102933 102933 102933
205744 102872 102872 102872 102872
205621 102811 102811 102811 102811
205498 102749 102749 102749 102749
205375 102688 102688 102688 102688
205252 102626 102626 102626 102626
205128 102564 102564 102564 102564
205005 102502 102502 102502 102502
204881 102441 102441 102441 102441
204757 102379 102379 102379 102379
204634 102317 102317 102317 102317
204510 102255 102255 102255 102255
204385 102193 102193 102193 102193
204261 102131 102131 102131 102131
