1 0.000360609
11840.8 -0.239639
23746.1 -0.479639
34190.7 -0.719639
41628.9 -0.959639
46752.5 -1.19964
50825.9 -1.43964
54460.8 -1.67964
57888 -1.91964
61089.9 -2.15964
63678.5 -2.39964
65382 -2.63964
66122.7 -2.87964
66839.9 -3.11964
67499.4 -3.35964
68115.5 -3.59964
68677.8 -3.83964
69206.7 -4.07964
69713.5 -4.31964
70186.2 -4.55964
70636 -4.79964
71073.1 -5.03964
71479.2 -5.27964
71873.4 -5.51964
72256 -5.75964
72611.6 -5.99964
72951.6 -6.23964
73284.4 -6.47964
73605.4 -6.71964
73899.9 -6.95964
74179.5 -7.19964
74444.4 -7.43964
74684.5 -7.67964
74915.6 -7.91964
75119.3 -8.15964
75286.7 -8.39964
75419 -8.63964
75522.9 -8.87964
75601.2 -9.11964
75652.6 -9.35964
75676.1 -9.59964
75742.5 -9.83964
75704.5 -10.0796
75662.4 -10.3196
75614.5 -10.5596
75554.3 -10.7996
75480.4 -11.0396
75398.2 -11.2796
75308.3 -11.5196
75210.8 -11.7596
75104.9 -11.9996
74989.8 -12.2396
74864.3 -12.4796
74730.5 -12.7196
74591.8 -12.9596
74447.9 -13.1996
74298.2 -13.4396
74142.2 -13.6796
73979.1 -13.9196
73807.8 -14.1596
73626.7 -14.3996
73439.3 -14.6396
73248.1 -14.8796
73052.7 -15.1196
72852.8 -15.3596
72647.8 -15.5996
72436.8 -15.8396
72219 -16.0796
71992.5 -16.3196
71755.4 -16.5596
71512.8 -16.7996
71266.9 -17.0396
71017.3 -17.2796
70763.4 -17.5196
70504.4 -17.7596
70238.8 -17.9996
69964.9 -18.2396
69679.7 -18.4796
69380.6 -18.7196
69074.5 -18.9596
68765.9 -19.1996
68453.9 -19.4396
68137.6 -19.6796
67815.6 -19.9196
67486.2 -20.1596
67146.4 -20.3996
66791.3 -20.6396
66410.7 -20.8796
66011.5 -21.1196
65607.3 -21.3596
65198.3 -21.5996
64781.8 -21.8396
64353.9 -22.0796
63908.6 -22.3196
63434.3 -22.5596
62917.7 -22.7996
62389.3 -23.0396
61849.9 -23.2796
61297.1 -23.5196
60728.9 -23.7596
60133.3 -23.9996
59487.3 -24.2396
58779.5 -24.4796
58064.6 -24.7196
57324.1 -24.9596
56549.4 -25.1996
55819.3 -25.4396
55140.9 -25.6796
54436.5 -25.9196
53725.7 -26.1596
53119.7 -26.3996
52553.4 -26.6396
51956 -26.8796
51298 -27.1196
50666.5 -27.3596
50152 -27.5996
49639.7 -27.8396
49113.5 -28.0796
48557 -28.3196
48067.4 -28.5596
47824.9 -28.7996
47234.2 -29.0396
46585.7 -29.2796
46002.3 -29.5196
45559.3 -29.7596
45152.2 -29.9996
44732.6 -30.2396
44292.4 -30.4796
43804.1 -30.7196
43272.2 -30.9596
42780.9 -31.1996
42286.3 -31.4396
41804.1 -31.6796
41338.8 -31.9196
40900.1 -32.1596
40559.9 -32.3996
40202.1 -32.6396
39806.8 -32.8796
39300.7 -33.1196
38702.3 -33.3596
38233.8 -33.5996
37855.5 -33.8396
37483 -34.0796
37117.3 -34.3196
36755.6 -34.5596
36365.8 -34.7996
35927.6 -35.0396
35515.9 -35.2796
35086.6 -35.5196
34643.4 -35.7596
34194.3 -35.9996
33750.6 -36.2396
33445.7 -36.4796
33150 -36.7196
32828.7 -36.9596
32403.1 -37.1996
31904.7 -37.4396
31345.2 -37.6796
31013 -37.9196
30661 -38.1596
30290.5 -38.3996
29904.1 -38.6396
29341.7 -38.8796
28884.4 -39.1196
28481.4 -39.3596
27985.4 -39.5996
27313.7 -39.8396
26795.2 -40.0796
26411.1 -40.3196
25958.6 -40.5596
25315.8 -40.7996
24573.4 -41.0396
24267.1 -41.2796
23860.5 -41.5196
23324.9 -41.7596
22668.4 -41.9996
22028.6 -42.2396
21703.4 -42.4796
21212.4 -42.7196
20784.1 -42.9596
20008.9 -43.1996
19436.3 -43.4396
19025.3 -43.6796
18801.2 -43.9196
18405.7 -44.1596
17114.5 -44.3996
16759.1 -44.6396
16667.5 -44.8796
16489.3 -45.1196
15697.7 -45.3596
14421 -45.5996
14427.8 -45.8396
14359.9 -46.0796
14103.9 -46.3196
12697.1 -46.5596
12055.1 -46.7996
12062.3 -47.0396
11972.4 -47.2796
11694.2 -47.5196
10352.8 -47.7596
9613.63 -47.9996
9612.98 -48.2396
9525.56 -48.4796
9286.38 -48.7196
8618.52 -48.9596
7300.68 -49.1996
7086.6 -49.4396
7019.51 -49.6796
6845.99 -49.9196
6593.99 -50.1596
5763.44 -50.3996
4554.49 -50.6396
4440.84 -50.8796
4331.08 -51.1196
4266.4 -51.3596
4170.9 -51.5996
3229.96 -51.8396
1899.16 -52.0796
1715.03 -52.3196
1727.88 -52.5596
1791.99 -52.7996
1729.88 -53.0396
1089.16 -53.2796
-447.101 -53.5196
-14127.5 -53.7596
-14017.9 -53.9996
-13952.1 -54.2396
-13973.4 -54.4796
-14256.7 -54.7196
-15454.2 -54.9596
-16599.8 -55.1996
