1 -0.000455232
9574.57 -0.200455
18453 -0.400455
23757.8 -0.600455
26244.2 -0.800455
27746.4 -1.00046
29059.1 -1.20046
30402.6 -1.40046
31815.6 -1.60046
33303 -1.80046
34852.2 -2.00046
36453.6 -2.20046
38092.2 -2.40046
39746.3 -2.60046
41392.2 -2.80046
42973.1 -3.00046
44415.4 -3.20046
45632.1 -3.40046
46545.2 -3.60046
47162.3 -3.80046
49401.5 -4.00046
50120.4 -4.20046
51103.8 -4.40046
52195.9 -4.60046
53192.2 -4.80046
54097.2 -5.00046
54916.3 -5.20046
55666.5 -5.40046
56346.2 -5.60046
56958.6 -5.80046
57509.8 -6.00046
58004.5 -6.20046
58459.3 -6.40046
58869.9 -6.60046
59237.5 -6.80046
59566.3 -7.00046
59861.8 -7.20046
60126.6 -7.40046
60374.5 -7.60046
60599.6 -7.80046
60801 -8.00046
60981.1 -8.20046
61143.1 -8.40046
61290.7 -8.60046
61425.2 -8.80046
61550.5 -9.00046
61671.9 -9.20046
61783.3 -9.40046
61884 -9.60046
61975 -9.80046
62058.1 -10.0005
62135.1 -10.2005
62207.4 -10.4005
62275.8 -10.6005
62340.8 -10.8005
62401.5 -11.0005
62462.5 -11.2005
62521.3 -11.4005
62574.8 -11.6005
62622.3 -11.8005
62663.7 -12.0005
62699.5 -12.2005
62730 -12.4005
62755.6 -12.6005
62776.2 -12.8005
62791.9 -13.0005
62802.5 -13.2005
62808.1 -13.4005
62808.8 -13.6005
62804.3 -13.8005
62795.3 -14.0005
62783.7 -14.2005
62768.3 -14.4005
62858.5 -14.6005
62823.2 -14.8005
62791.7 -15.0005
62764.6 -15.2005
62742.5 -15.4005
62725.7 -15.6005
62714.3 -15.8005
62708.2 -16.0005
62707.3 -16.2005
62707.2 -16.4005
62704.8 -16.6005
62699.9 -16.8005
62692.6 -17.0005
62682.9 -17.2005
62671.4 -17.4005
62658.5 -17.6005
62644.2 -17.8005
62628.5 -18.0005
62611.5 -18.2005
62593 -18.4005
62573.2 -18.6005
62552 -18.8005
62529.5 -19.0005
62505.7 -19.2005
62480.6 -19.4005
62454 -19.6005
62426.4 -19.8005
62397.5 -20.0005
62366.9 -20.2005
62334.5 -20.4005
62300.5 -20.6005
47398.2 -20.8005
47367.6 -21.0005
47351 -21.2005
47333.8 -21.4005
47316 -21.6005
47297.7 -21.8005
47278.9 -22.0005
47259.7 -22.2005
47239.9 -22.4005
47220.4 -22.6005
47200.5 -22.8005
47180.1 -23.0005
47159.5 -23.2005
47133.4 -23.4005
47102.2 -23.6005
47067.6 -23.8005
47031.5 -24.0005
46991.6 -24.2005
46948.6 -24.4005
46903.4 -24.6005
46856.7 -24.8005
46809.5 -25.0005
46761.9 -25.2005
46714.1 -25.4005
46666 -25.6005
46617.7 -25.8005
46569 -26.0005
46519.5 -26.2005
46468.4 -26.4005
46417.1 -26.6005
46365.5 -26.8005
46313.7 -27.0005
46261.5 -27.2005
46209.1 -27.4005
46156.9 -27.6005
46104.8 -27.8005
46052.3 -28.0005
45999.7 -28.2005
45946.7 -28.4005
45893.6 -28.6005
45840.2 -28.8005
45786.5 -29.0005
45731.9 -29.2005
45676.9 -29.4005
45621.6 -29.6005
45566 -29.8005
45510.1 -30.0005
45453.9 -30.2005
45397.4 -30.4005
45340.5 -30.6005
45283.3 -30.8005
45225.8 -31.0005
45168 -31.2005
45109.7 -31.4005
45051.4 -31.6005
44992.9 -31.8005
44934.4 -32.0005
44875.8 -32.2005
44817.7 -32.4005
44759.5 -32.6005
44701.2 -32.8005
44642.9 -33.0005
44584.5 -33.2005
44526 -33.4005
44467.5 -33.6005
44408.9 -33.8005
44350.2 -34.0005
44291.5 -34.2005
44232.6 -34.4005
44173.7 -34.6005
44114.4 -34.8005
44055 -35.0005
43995.5 -35.2005
43936 -35.4005
43876.3 -35.6005
43816.6 -35.8005
43756.7 -36.0005
43696.8 -36.2005
43636.8 -36.4005
43576.7 -36.6005
43516.5 -36.8005
43456.1 -37.0005
43395.7 -37.2005
43335.1 -37.4005
43274.4 -37.6005
43213.6 -37.8005
43152.7 -38.0005
43091.6 -38.2005
43030.4 -38.4005
42969.1 -38.6005
42907.6 -38.8005
42845.9 -39.0005
42784.1 -39.2005
42722.1 -39.4005
42659.9 -39.6005
42597.5 -39.8005
42534.9 -40.0005
42472.1 -40.2005
42409 -40.4005
42345.8 -40.6005
42282.3 -40.8005
42218.5 -41.0005
42154.4 -41.2005
42090 -41.4005
42025.4 -41.6005
41960.8 -41.8005
41896.1 -42.0005
41831.4 -42.2005
41766.8 -42.4005
41702.6 -42.6005
41638.4 -42.8005
41574.1 -43.0005
41509.9 -43.2005
41445.6 -43.4005
41381.4 -43.6005
41317.1 -43.8005
41252.8 -44.0005
41188.4 -44.2005
41124.1 -44.4005
41059.7 -44.6005
40995.3 -44.8005
40930.9 -45.0005
40866.5 -45.2005
40802 -45.4005
40737.5 -45.6005
40672.9 -45.8005
40608.1 -46.0005
40543.2 -46.2005
40478.3 -46.4005
40413.3 -46.6005
40348.3 -46.8005
40283.2 -47.0005
40218.1 -47.2005
40152.9 -47.4005
40087.6 -47.6005
40022.3 -47.8005
39956.9 -48.0005
39891.4 -48.2005
39825.9 -48.4005
39760.3 -48.6005
39694.6 -48.8005
39628.8 -49.0005
39562.9 -49.2005
39496.9 -49.4005
39430.8 -49.6005
39364.6 -49.8005
39298.3 -50.0005
39231.8 -50.2005
39165.2 -50.4005
39098.5 -50.6005
39031.6 -50.8005
38964.6 -51.0005
38897.4 -51.2005
38830 -51.4005
38762.4 -51.6005
38694.6 -51.8005
38626.6 -52.0005
38558.4 -52.2005
38489.8 -52.4005
38421 -52.6005
38351.9 -52.8005
38282.5 -53.0005
38212.7 -53.2005
38142.5 -53.4005
38071.9 -53.6005
38000.8 -53.8005
37929.1 -54.0005
37856.9 -54.2005
37784.5 -54.4005
37712.1 -54.6005
37639.6 -54.8005
37567.1 -55.0005
37494.5 -55.2005
37421.9 -55.4005
37349.2 -55.6005
37276.5 -55.8005
37203.7 -56.0005
37130.8 -56.2005
37057.9 -56.4005
36984.9 -56.6005
36911.8 -56.8005
36838.6 -57.0005
36765.3 -57.2005
36691.9 -57.4005
36618.4 -57.6005
36544.7 -57.8005
36471.6 -58.0005
36399.1 -58.2005
36326.7 -58.4005
36254.4 -58.6005
36182 -58.8005
36109.6 -59.0005
36037.1 -59.2005
35964.6 -59.4005
35892 -59.6005
35819.4 -59.8005
35746.7 -60.0005
