1 1.95754e-08 1.95754e-08 2.66331e-08 2.66331e-08
7694.85 3908.34 3908.34 3908.34 3908.34
15495.7 7810.57 7810.57 7810.57 7810.57
23432.6 11780.2 11780.2 11780.2 11780.2
30077.4 15085.3 15085.3 15085.3 15085.3
34706.4 17382.8 17382.8 17382.8 17382.8
37753.4 18896.2 18896.2 18896.2 18896.2
39880.4 19954.6 19954.6 19954.6 19954.6
41525.2 20774.2 20774.2 20774.2 20774.2
42926.1 21473.6 21473.6 21473.6 21473.6
44204 22111.8 22111.8 22111.8 22111.8
45418.4 22718.9 22718.9 22718.9 22718.9
46602.9 23310.8 23310.8 23310.8 23310.8
47770.5 23894.6 23894.6 23894.6 23894.6
48931.3 24475 24475 24475 24475
50090.3 25054.4 25054.4 25054.4 25054.4
51250.8 25634.7 25634.7 25634.7 25634.7
52419.4 26219.2 26219.2 26219.2 26219.2
53581.1 26799.9 26799.9 26799.9 26799.9
54746.5 27382.6 27382.6 27382.6 27382.6
55892.5 27955.4 27955.4 27955.4 27955.4
57021.8 28519.9 28519.9 28519.9 28519.9
58097.3 29057.1 29057.1 29057.1 29057.1
59107.4 29561.6 29561.6 29561.6 29561.6
60012.8 30013.2 30013.2 30013.2 30013.2
60776.1 30393.6 30393.6 30393.6 30393.6
61398.2 30703.5 30703.5 30703.5 30703.5
61861.7 30934 30934 30934 30934
63304.5 31672.4 31672.4 31672.4 31672.4
64169.9 32095 32095 32095 32095
64608.9 32308.6 32308.6 32308.6 32308.6
65155.1 32582.4 32582.4 32582.4 32582.4
65817.6 32914.6 32914.6 32914.6 32914.6
66499.2 33255 33255 33255 33255
67127.9 33568.8 33568.8 33568.8 33568.8
67702.8 33855.8 33855.8 33855.8 33855.8
68227.2 34117.6 34117.6 34117.6 34117.6
68706.8 34357.2 34357.2 34357.2 34357.2
69154.8 34580.8 34580.8 34580.8 34580.8
69562.1 34784.2 34784.2 34784.2 34784.2
69928.8 34967.2 34967.2 34967.2 34967.2
70258.7 35131.9 35131.9 35131.9 35131.9
70555 35279.8 35279.8 35279.8 35279.8
70827.2 35415.7 35415.7 35415.7 35415.7
71077.5 35540.7 35540.7 35540.7 35540.7
71299.1 35651.2 35651.2 35651.2 35651.2
71492.7 35747.8 35747.8 35747.8 35747.8
71662.1 35832.3 35832.3 35832.3 35832.3
71810.9 35906.6 35906.6 35906.6 35906.6
71940.8 35971.4 35971.4 35971.4 35971.4
72059.4 36030.6 36030.6 36030.6 36030.6
72165.1 36083.3 36083.3 36083.3 36083.3
72252.5 36126.9 36126.9 36126.9 36126.9
72322.2 36161.6 36161.6 36161.6 36161.6
72376.8 36188.8 36188.8 36188.8 36188.8
72418.8 36209.7 36209.7 36209.7 36209.7
72450.5 36225.4 36225.4 36225.4 36225.4
72472.8 36236.5 36236.5 36236.5 36236.5
72486.9 36243.5 36243.5 36243.5 36243.5
72497.2 36248.7 36248.7 36248.7 36248.7
72499.7 36249.8 36249.8 36249.8 36249.8
72491.5 36245.6 36245.6 36245.6 36245.6
72473 36236.3 36236.3 36236.3 36236.3
72445.7 36222.6 36222.6 36222.6 36222.6
72411 36205.2 36205.2 36205.2 36205.2
72370 36184.7 36184.7 36184.7 36184.7
72323.6 36161.4 36161.4 36161.4 36161.4
72272.2 36135.7 36135.7 36135.7 36135.7
72216 36107.6 36107.6 36107.6 36107.6
72155.4 36077.2 36077.2 36077.2 36077.2
72090.3 36044.6 36044.6 36044.6 36044.6
72021.1 36010 36010 36010 36010
71948.9 35973.8 35973.8 35973.8 35973.8
71871.3 35935 35935 35935 35935
71789.2 35893.9 35893.9 35893.9 35893.9
71702.5 35850.5 35850.5 35850.5 35850.5
71611.7 35805.1 35805.1 35805.1 35805.1
71517 35757.7 35757.7 35757.7 35757.7
71418.9 35708.6 35708.6 35708.6 35708.6
71317.4 35657.9 35657.9 35657.9 35657.9
71212.9 35605.6 35605.6 35605.6 35605.6
71105.3 35551.8 35551.8 35551.8 35551.8
70994.6 35496.4 35496.4 35496.4 35496.4
70881.5 35439.8 35439.8 35439.8 35439.8
70766.7 35382.4 35382.4 35382.4 35382.4
70649.9 35324 35324 35324 35324
70531.1 35264.6 35264.6 35264.6 35264.6
70410.2 35204.1 35204.1 35204.1 35204.1
70287.2 35142.6 35142.6 35142.6 35142.6
70161.7 35079.8 35079.8 35079.8 35079.8
70033.8 35015.9 35015.9 35015.9 35015.9
69903.4 34950.6 34950.6 34950.6 34950.6
69770.4 34884.1 34884.1 34884.1 34884.1
69634.6 34816.2 34816.2 34816.2 34816.2
69495.9 34746.8 34746.8 34746.8 34746.8
69354.7 34676.2 34676.2 34676.2 34676.2
69212.2 34604.9 34604.9 34604.9 34604.9
69067.4 34532.5 34532.5 34532.5 34532.5
68920.4 34459 34459 34459 34459
68771 34384.3 34384.3 34384.3 34384.3
68619.2 34308.4 34308.4 34308.4 34308.4
68465.1 34231.3 34231.3 34231.3 34231.3
68308.7 34153.1 34153.1 34153.1 34153.1
68150.1 34073.8 34073.8 34073.8 34073.8
67989.4 33993.4 33993.4 33993.4 33993.4
67826.8 33912.1 33912.1 33912.1 33912.1
67747.4 33873.7 33873.7 33873.7 33873.7
67576.9 33787.1 33787.1 33787.1 33787.1
67404.7 33701 33701 33701 33701
67233.7 33615.5 33615.5 33615.5 33615.5
67063.7 33530.5 33530.5 33530.5 33530.5
66894.9 33446.1 33446.1 33446.1 33446.1
66727.7 33362.5 33362.5 33362.5 33362.5
66561.9 33279.6 33279.6 33279.6 33279.6
66397.5 33197.4 33197.4 33197.4 33197.4
66234.5 33115.9 33115.9 33115.9 33115.9
66072.7 33035 33035 33035 33035
65912 32954.7 32954.7 32954.7 32954.7
65752.3 32874.9 32874.9 32874.9 32874.9
65593.6 32795.5 32795.5 32795.5 32795.5
65435.8 32716.6 32716.6 32716.6 32716.6
65277.5 32637.5 32637.5 32637.5 32637.5
65118.2 32557.8 32557.8 32557.8 32557.8
64957.8 32477.6 32477.6 32477.6 32477.6
64796.5 32396.9 32396.9 32396.9 32396.9
64634 32315.7 32315.7 32315.7 32315.7
64470.4 32233.9 32233.9 32233.9 32233.9
64305.6 32151.5 32151.5 32151.5 32151.5
64139.7 32068.5 32068.5 32068.5 32068.5
63972.5 31984.9 31984.9 31984.9 31984.9
63804 31900.6 31900.6 31900.6 31900.6
63634.7 31816 31816 31816 31816
63464.9 31731.1 31731.1 31731.1 31731.1
63294.6 31645.9 31645.9 31645.9 31645.9
63123.8 31560.5 31560.5 31560.5 31560.5
62952.5 31474.9 31474.9 31474.9 31474.9
62780.6 31388.9 31388.9 31388.9 31388.9
62608.1 31302.6 31302.6 31302.6 31302.6
62435 31216.1 31216.1 31216.1 31216.1
62261.3 31129.3 31129.3 31129.3 31129.3
62087 31042.1 31042.1 31042.1 31042.1
49244.5 24416.9 24416.9 24416.9 24416.9
48760.7 24373.2 24373.2 24373.2 24373.2
48660.7 24329.4 24329.4 24329.4 24329.4
48570.3 24284.4 24284.4 24284.4 24284.4
48477.4 24237.9 24237.9 24237.9 24237.9
48381.9 24190.2 24190.2 24190.2 24190.2
48284 24141.2 24141.2 24141.2 24141.2
48184.3 24091.3 24091.3 24091.3 24091.3
48074.9 24036.5 24036.5 24036.5 24036.5
47957 23977.5 23977.5 23977.5 23977.5
47829.3 23913.6 23913.6 23913.6 23913.6
47696 23846.9 23846.9 23846.9 23846.9
47557.4 23777.6 23777.6 23777.6 23777.6
47412.2 23704.9 23704.9 23704.9 23704.9
47264.2 23630.9 23630.9 23630.9 23630.9
47112.5 23555 23555 23555 23555
46955 23476.2 23476.2 23476.2 23476.2
46794.4 23395.9 23395.9 23395.9 23395.9
46633.3 23315.3 23315.3 23315.3 23315.3
46467.9 23232.6 23232.6 23232.6 23232.6
46297.5 23147.4 23147.4 23147.4 23147.4
46124.2 23060.7 23060.7 23060.7 23060.7
45950.3 22973.8 22973.8 22973.8 22973.8
45776.4 22886.8 22886.8 22886.8 22886.8
45601.5 22799.3 22799.3 22799.3 22799.3
45424.1 22710.6 22710.6 22710.6 22710.6
45243.6 22620.4 22620.4 22620.4 22620.4
45062.1 22529.6 22529.6 22529.6 22529.6
44880 22438.5 22438.5 22438.5 22438.5
44697.7 22347.4 22347.4 22347.4 22347.4
44516.6 22256.9 22256.9 22256.9 22256.9
44335.1 22166.1 22166.1 22166.1 22166.1
44152.9 22075 22075 22075 22075
43969.3 21983.2 21983.2 21983.2 21983.2
43783.2 21890.1 21890.1 21890.1 21890.1
43596.3 21796.6 21796.6 21796.6 21796.6
43408.5 21702.7 21702.7 21702.7 21702.7
43219.7 21608.3 21608.3 21608.3 21608.3
43031.3 21514.1 21514.1 21514.1 21514.1
42844.1 21420.5 21420.5 21420.5 21420.5
42656.7 21326.9 21326.9 21326.9 21326.9
42469.1 21233.1 21233.1 21233.1 21233.1
42281.3 21139.2 21139.2 21139.2 21139.2
42093.3 21045.1 21045.1 21045.1 21045.1
41904.9 20950.9 20950.9 20950.9 20950.9
41715.1 20856 20856 20856 20856
41525 20760.9 20760.9 20760.9 20760.9
41334.5 20665.7 20665.7 20665.7 20665.7
41143.8 20570.3 20570.3 20570.3 20570.3
40952.7 20474.8 20474.8 20474.8 20474.8
40761.2 20379.1 20379.1 20379.1 20379.1
40569.4 20283.2 20283.2 20283.2 20283.2
40377.7 20187.3 20187.3 20187.3 20187.3
40186.3 20091.6 20091.6 20091.6 20091.6
39994.5 19995.7 19995.7 19995.7 19995.7
39802.3 19899.6 19899.6 19899.6 19899.6
39609.6 19803.3 19803.3 19803.3 19803.3
39416.5 19706.7 19706.7 19706.7 19706.7
39222.9 19609.9 19609.9 19609.9 19609.9
39028.8 19512.8 19512.8 19512.8 19512.8
38834.1 19415.5 19415.5 19415.5 19415.5
38638.8 19317.8 19317.8 19317.8 19317.8
38442.9 19219.9 19219.9 19219.9 19219.9
38245.6 19121.2 19121.2 19121.2 19121.2
38047.4 19022.1 19022.1 19022.1 19022.1
37848.1 18922.5 18922.5 18922.5 18922.5
37647.9 18822.3 18822.3 18822.3 18822.3
37446.5 18721.6 18721.6 18721.6 18721.6
37243.8 18620.3 18620.3 18620.3 18620.3
37039.6 18518.1 18518.1 18518.1 18518.1
36834 18415.3 18415.3 18415.3 18415.3
36629.2 18312.9 18312.9 18312.9 18312.9
36424.4 18210.6 18210.6 18210.6 18210.6
36219.5 18108.1 18108.1 18108.1 18108.1
36014.5 18005.6 18005.6 18005.6 18005.6
35809.3 17903 17903 17903 17903
35603.9 17800.3 17800.3 17800.3 17800.3
35398.2 17697.5 17697.5 17697.4 17697.4
35192.3 17594.5 17594.5 17594.5 17594.5
34986.1 17491.4 17491.4 17491.4 17491.4
34779.6 17388.1 17388.1 17388.1 17388.1
34572.7 17284.7 17284.7 17284.7 17284.7
34365.5 17181.1 17181.1 17181.1 17181.1
34158.5 17077.6 17077.6 17077.6 17077.6
33951.9 16974.3 16974.3 16974.3 16974.3
33744.9 16870.8 16870.8 16870.8 16870.8
33537.5 16767.1 16767.1 16767.1 16767.1
33329.5 16663.1 16663.1 16663.1 16663.1
33121.1 16558.9 16558.9 16558.9 16558.9
32912 16454.3 16454.3 16454.3 16454.3
32702.4 16349.5 16349.5 16349.5 16349.5
32492 16244.3 16244.3 16244.3 16244.3
32280.9 16138.7 16138.7 16138.7 16138.7
32068.9 16032.7 16032.7 16032.7 16032.7
31856 15926.3 15926.3 15926.3 15926.3
31642.2 15819.3 15819.3 15819.3 15819.3
31427.2 15711.8 15711.8 15711.8 15711.8
31210.9 15603.7 15603.7 15603.7 15603.7
30993.2 15494.9 15494.9 15494.9 15494.9
30773.7 15385.1 15385.1 15385.1 15385.1
30551.3 15273.8 15273.8 15273.8 15273.8
30326.7 15161.5 15161.5 15161.5 15161.5
30099.4 15047.9 15047.9 15047.9 15047.9
29869.6 14933 14933 14933 14933
29639.1 14817.7 14817.7 14817.7 14817.7
29408.5 14702.4 14702.4 14702.4 14702.4
29177.7 14587 14587 14587 14587
28946.7 14471.5 14471.5 14471.5 14471.5
28715.3 14355.8 14355.8 14355.8 14355.8
28483.6 14239.9 14239.9 14239.9 14239.9
28251.4 14123.8 14123.8 14123.8 14123.8
28018.7 14007.5 14007.5 14007.5 14007.5
27785.4 13890.8 13890.8 13890.8 13890.8
27551.4 13773.8 13773.8 13773.8 13773.8
27316.5 13656.4 13656.4 13656.4 13656.4
27080.8 13538.5 13538.5 13538.5 13538.5
26843.9 13420 13420 13420 13420
26605.9 13301 13301 13301 13301
26366.4 13181.2 13181.2 13181.2 13181.2
26125.2 13060.7 13060.7 13060.7 13060.7
25883.1 12939.6 12939.6 12939.6 12939.6
25642.9 12819.5 12819.5 12819.5 12819.5
25400.7 12698.4 12698.4 12698.4 12698.4
25156.1 12576.1 12576.1 12576 12576
24908.7 12452.3 12452.3 12452.3 12452.3
24658.1 12327 12327 12327 12327
24403.9 12199.9 12199.9 12199.9 12199.9
24145.4 12070.6 12070.6 12070.6 12070.6
23882 11938.9 11938.9 11938.9 11938.9
23613.2 11804.4 11804.4 11804.4 11804.4
23342.5 11669.1 11669.1 11669.1 11669.1
23072 11533.8 11533.8 11533.8 11533.8
22801.4 11398.5 11398.5 11398.5 11398.5
22528.1 11261.8 11261.8 11261.8 11261.8
22254.6 11125.1 11125.1 11125.1 11125.1
21981 10988.3 10988.3 10988.3 10988.3
21707.1 10851.3 10851.3 10851.3 10851.3
21432.5 10714.1 10714.1 10714.1 10714.1
21157.3 10576.4 10576.4 10576.4 10576.4
20881.1 10438.3 10438.3 10438.3 10438.3
20603.7 10299.6 10299.6 10299.6 10299.6
20324.7 10160.1 10160.1 10160.1 10160.1
20044 10019.7 10019.7 10019.7 10019.7
19761 9878.21 9878.21 9878.21 9878.21
19475.4 9735.37 9735.37 9735.37 9735.37
19186.6 9590.98 9590.98 9590.97 9590.97
18894.2 9444.72 9444.72 9444.71 9444.71
18601.1 9298.2 9298.2 9298.2 9298.2
18307.5 9151.35 9151.35 9151.35 9151.35
18007.2 9001.17 9001.17 9001.17 9001.17
17699 8846.99 8846.99 8846.99 8846.99
17381 8687.91 8687.91 8687.9 8687.9
17053.9 8524.28 8524.28 8524.28 8524.28
16726.3 8360.53 8360.53 8360.53 8360.53
16399.3 8197 8197 8197 8197
16070.2 8032.44 8032.44 8032.44 8032.44
15739 7866.83 7866.83 7866.83 7866.83
15407.8 7701.22 7701.22 7701.22 7701.22
15076.2 7535.45 7535.45 7535.45 7535.45
14744 7369.3 7369.3 7369.3 7369.3
14410.5 7202.57 7202.57 7202.57 7202.57
14075.4 7034.98 7034.98 7034.98 7034.98
13737.9 6866.23 6866.23 6866.23 6866.23
13397.4 6695.96 6695.96 6695.96 6695.96
13053.1 6523.75 6523.75 6523.75 6523.75
12703.9 6349.1 6349.1 6349.1 6349.1
12348.6 6171.4 6171.4 6171.4 6171.4
11985.7 5989.92 5989.92 5989.92 5989.92
11615.1 5804.51 5804.51 5804.51 5804.51
11245.1 5619.5 5619.5 5619.5 5619.5
10855.1 5424.32 5424.32 5424.31 5424.31
10446.8 5220.06 5220.06 5220.06 5220.06
10038.1 5015.77 5015.77 5015.77 5015.77
9629.88 4811.65 4811.65 4811.65 4811.65
9231.59 4612.66 4612.66 4612.66 4612.66
8899.04 4446.83 4446.83 4446.83 4446.83
8566.81 4280.72 4280.72 4280.72 4280.72
8233.77 4114.2 4114.2 4114.2 4114.2
7899.46 3947.02 3947.02 3947.02 3947.02
7563.34 3778.95 3778.95 3778.95 3778.95
7224.84 3609.68 3609.68 3609.68 3609.68
6883.24 3438.85 3438.85 3438.85 3438.85
6537.69 3266.04 3266.04 3266.04 3266.04
6187.17 3090.74 3090.74 3090.74 3090.74
5830.46 2912.33 2912.33 2912.32 2912.32
5466.06 2730.06 2730.06 2730.06 2730.06
5109.77 2552.11 2552.11 2552.11 2552.11
4797.62 2425.36 2425.36 2425.57 2425.57
4487.26 2241.14 2241.14 2241.14 2241.14
4172.78 2083.79 2083.79 2062.79 2062.79
3849.92 1922.34 1922.34 1922.35 1922.35
