1 8.97613e-05 8.97613e-05 8.97612e-05 8.97612e-05
12544 6354.47 6354.47 6354.47 6354.47
16807.2 8410.97 8410.97 8411.1 8411.1
18627.8 9324.77 9324.77 9324.25 9324.25
20080.8 10051.1 10051.1 10051.1 10051.1
21446.3 10733.1 10733.1 10734.1 10734.1
22790.5 11405.4 11405.4 11405.4 11405.4
24131.3 12075.7 12075.7 12075.7 12075.7
25462.3 12742.6 12742.6 12741.5 12741.5
26744.5 13381.8 13381.8 13383.4 13383.4
27878.6 13948 13948 13947 13947
29667.4 14854.4 14854.4 14854.4 14854.4
30464 15240.9 15240.9 15239.9 15239.9
31353.2 15682.6 15682.6 15683.6 15683.6
32135.1 16074.8 16074.8 16072.7 16072.7
32810.9 16411.9 16411.9 16409.8 16409.8
33396.7 16702 16702 16704.1 16704.1
33907.1 16956.6 16956.6 16959.7 16959.7
34351.3 17180.1 17180.1 17177 17177
34730 17367.7 17367.7 17367.7 17367.7
35045.7 17526 17526 17525 17525
35313.2 17660.2 17660.2 17659.2 17659.2
35541.7 17773.9 17773.9 17771.8 17771.8
35737.4 17870.2 17870.2 17870.2 17870.2
35905.7 17952.8 17952.8 17954.9 17954.9
36049.7 18026.4 18026.4 18023.3 18023.3
36164.3 18082.1 18082.1 18084.2 18084.2
36255.3 18132.3 18132.3 18124 18124
36330.6 18166.4 18166.4 18166.4 18166.4
36394.7 18201.1 18201.1 18199 18199
36450 18225.3 18225.3 18225.3 18225.3
36498.7 18246.1 18246.1 18248.2 18248.2
36542.3 18270.6 18270.6 18272.7 18272.7
36582.1 18287 18287 18293.2 18293.2
36619.1 18308.2 18308.2 18308.2 18308.2
36654.2 18324.3 18324.3 18320.1 18320.1
36686.7 18343.3 18343.3 18343.3 18343.3
36710.5 18359.9 18359.9 18355.7 18355.7
36729.8 18361.9 18361.9 18366 18366
36747.5 18375.5 18375.5 18375.5 18375.5
36764.7 18384.8 18384.8 18382.7 18382.7
36782.1 18392 18392 18390 18390
36799.8 18401.5 18401.5 18405.7 18405.7
36817.9 18409.2 18409.2 18409.2 18409.2
36836.6 18417.1 18417.1 18417.1 18417.1
36855.6 18429.3 18429.3 18429.3 18429.3
36875.2 18437.7 18437.7 18439.7 18439.7
36895.1 18446.2 18446.2 18448.3 18448.3
36915.4 18457 18457 18463.2 18463.2
36935.9 18474.1 18474.1 18463.7 18463.7
36956.6 18478.8 18478.8 18474.7 18474.7
36977.3 18489.9 18489.9 18489.9 18489.9
36998 18498.7 18498.7 18494.6 18494.6
37018.4 18507.5 18507.5 18507.5 18507.5
37038.5 18514 18514 18514 18514
17654.7 8530.52 8530.52 8522.2 8522.2
17025.4 8503.34 8503.34 8499.18 8499.18
16981.1 8495.36 8495.36 8503.69 8503.69
16959.9 8485.69 8485.69 8485.69 8485.69
16944 8474.27 8474.27 8461.78 8461.78
16932.9 8461.03 8461.03 8477.68 8477.68
16926.3 8466.72 8466.72 8458.39 8458.39
16924.2 8453.81 8453.81 8470.46 8470.46
16925.3 8463.28 8463.28 8463.28 8463.28
16925.8 8460.01 8460.01 8460.01 8460.01
16925.7 8468.88 8468.88 8468.88 8468.88
16925 8456.62 8456.62 8456.62 8456.62
16927.2 8466.71 8466.71 8454.22 8454.22
16923.2 8469.41 8469.41 8469.41 8469.41
16917.6 8458.86 8458.86 8442.21 8442.21
16910.7 8455.99 8455.99 8468.48 8468.48
16902.7 8448.42 8448.42 8456.74 8456.74
16893.8 8444.55 8444.55 8461.2 8461.2
16884 8436.1 8436.1 8452.75 8452.75
16873.5 8439.76 8439.76 8448.09 8448.09
16862.3 8430.57 8430.57 8418.09 8418.09
16850.4 8425.2 8425.2 8425.2 8425.2
16837.8 8415.33 8415.33 8431.98 8431.98
16824.6 8417.63 8417.63 8405.14 8405.14
16812 8411.94 8411.94 8428.59 8428.59
16799.3 8397.8 8397.8 8410.29 8410.29
