1 0.000185205
91210.4 -0.0426719
133687 -0.0855291
148740 -0.128386
157382 -0.171243
163481 -0.214101
168358 -0.256958
172574 -0.299815
176428 -0.342672
180063 -0.385529
183550 -0.428386
186942 -0.471243
190266 -0.514101
193557 -0.556958
196842 -0.599815
200013 -0.642672
203173 -0.685529
206124 -0.728386
208955 -0.771243
211438 -0.814101
213713 -0.856958
215645 -0.899815
218024 -0.942672
219286 -0.985529
220403 -1.02839
221409 -1.07124
222350 -1.1141
223126 -1.15696
224316 -1.19981
224761 -1.24267
225242 -1.28553
225706 -1.32839
226109 -1.37124
226593 -1.4141
227098 -1.45696
227569 -1.49981
227996 -1.54267
228372 -1.58553
228820 -1.62839
229295 -1.67124
229745 -1.7141
230163 -1.75696
230558 -1.79981
230908 -1.84267
231303 -1.88553
231745 -1.92839
232178 -1.97124
232586 -2.0141
232970 -2.05696
233339 -2.09981
233690 -2.14267
234024 -2.18553
234385 -2.22839
234794 -2.27124
235197 -2.3141
235583 -2.35696
235948 -2.39981
236298 -2.44267
236638 -2.48553
236972 -2.52839
237304 -2.57124
237607 -2.6141
237926 -2.65696
238266 -2.69981
238632 -2.74267
238992 -2.78553
239339 -2.82839
239670 -2.87124
239987 -2.9141
240293 -2.95696
240591 -2.99981
240883 -3.04267
241172 -3.08553
241456 -3.12839
241738 -3.17124
241993 -3.2141
242253 -3.25696
242515 -3.29981
242789 -3.34267
243072 -3.38553
243343 -3.42839
243598 -3.47124
243833 -3.5141
244049 -3.55696
244248 -3.59981
244430 -3.64267
244597 -3.68553
244752 -3.72839
244894 -3.77124
245026 -3.8141
245146 -3.85696
245257 -3.89981
245357 -3.94267
245434 -3.98553
245917 -4.02839
245929 -4.07124
245950 -4.1141
245979 -4.15696
246033 -4.19981
246089 -4.24267
246139 -4.28553
246178 -4.32839
246208 -4.37124
246229 -4.4141
246244 -4.45696
246256 -4.49981
246263 -4.54267
246268 -4.58553
246269 -4.62839
246269 -4.67124
246267 -4.7141
246264 -4.75696
246259 -4.79981
246253 -4.84267
246245 -4.88553
246235 -4.92839
246223 -4.97124
246205 -5.0141
246175 -5.05696
246144 -5.09981
246117 -5.14267
246091 -5.18553
246066 -5.22839
246043 -5.27124
246031 -5.3141
246018 -5.35696
246000 -5.39981
245974 -5.44267
245942 -5.48553
245902 -5.52839
245855 -5.57124
245802 -5.6141
245744 -5.65696
245682 -5.69981
245617 -5.74267
245548 -5.78553
245477 -5.82839
245403 -5.87124
245327 -5.9141
245250 -5.95696
245171 -5.99981
245092 -6.04267
245011 -6.08553
244929 -6.12839
244846 -6.17124
244761 -6.2141
244676 -6.25696
244589 -6.29981
244501 -6.34267
244411 -6.38553
244321 -6.42839
244229 -6.47124
244135 -6.5141
244040 -6.55696
243944 -6.59981
243846 -6.64267
243747 -6.68553
243645 -6.72839
243541 -6.77124
243434 -6.8141
243322 -6.85696
243208 -6.89981
243095 -6.94267
242980 -6.98553
242866 -7.02839
242751 -7.07124
242636 -7.1141
242520 -7.15696
242404 -7.19981
242288 -7.24267
242173 -7.28553
242062 -7.32839
241949 -7.37124
241834 -7.4141
241717 -7.45696
241598 -7.49981
241477 -7.54267
241354 -7.58553
241228 -7.62839
241101 -7.67124
240971 -7.7141
240839 -7.75696
240705 -7.79981
240570 -7.84267
240434 -7.88553
240295 -7.92839
240156 -7.97124
240016 -8.0141
239874 -8.05696
239731 -8.09981
239587 -8.14267
239443 -8.18553
239297 -8.22839
239151 -8.27124
239004 -8.3141
238855 -8.35696
238706 -8.39981
238556 -8.44267
238405 -8.48553
238254 -8.52839
238101 -8.57124
237948 -8.6141
237793 -8.65696
237638 -8.69981
237483 -8.74267
237327 -8.78553
237171 -8.82839
237014 -8.87124
236857 -8.9141
236699 -8.95696
236541 -8.99981
236382 -9.04267
236223 -9.08553
236063 -9.12839
235903 -9.17124
235742 -9.2141
235581 -9.25696
235419 -9.29981
235257 -9.34267
235094 -9.38553
234931 -9.42839
234768 -9.47124
234604 -9.5141
234439 -9.55696
234274 -9.59981
234109 -9.64267
233943 -9.68553
233776 -9.72839
233609 -9.77124
233442 -9.8141
233274 -9.85696
233105 -9.89981
232936 -9.94267
232767 -9.98553
232597 -10.0284
232427 -10.0712
232256 -10.1141
232084 -10.157
231913 -10.1998
231740 -10.2427
231567 -10.2855
231394 -10.3284
231220 -10.3712
231046 -10.4141
230871 -10.457
230696 -10.4998
230520 -10.5427
230343 -10.5855
230166 -10.6284
229989 -10.6712
229811 -10.7141
229632 -10.757
229453 -10.7998
229273 -10.8427
229093 -10.8855
228913 -10.9284
228731 -10.9712
228550 -11.0141
228368 -11.057
228186 -11.0998
228003 -11.1427
227821 -11.1855
227638 -11.2284
227455 -11.2712
227271 -11.3141
227087 -11.357
226904 -11.3998
226719 -11.4427
226535 -11.4855
226350 -11.5284
226165 -11.5712
225980 -11.6141
225795 -11.657
225609 -11.6998
225423 -11.7427
225237 -11.7855
225051 -11.8284
224864 -11.8712
224677 -11.9141
224490 -11.957
224303 -11.9998
224116 -12.0427
223928 -12.0855
223740 -12.1284
223551 -12.1712
223363 -12.2141
223174 -12.257
222985 -12.2998
222796 -12.3427
222606 -12.3855
222417 -12.4284
222227 -12.4712
222036 -12.5141
221846 -12.557
221655 -12.5998
221464 -12.6427
221273 -12.6855
221081 -12.7284
220890 -12.7712
220698 -12.8141
220505 -12.857
220313 -12.8998
220120 -12.9427
219927 -12.9855
219734 -13.0284
219541 -13.0712
219347 -13.1141
219153 -13.157
218959 -13.1998
218765 -13.2427
218571 -13.2855
218376 -13.3284
218182 -13.3712
217987 -13.4141
217791 -13.457
217596 -13.4998
217400 -13.5427
217204 -13.5855
217008 -13.6284
216811 -13.6712
216615 -13.7141
216418 -13.757
216221 -13.7998
216023 -13.8427
215826 -13.8855
215628 -13.9284
215429 -13.9712
215231 -14.0141
215032 -14.057
214833 -14.0998
214634 -14.1427
214434 -14.1855
214234 -14.2284
214034 -14.2712
213834 -14.3141
213633 -14.357
213432 -14.3998
213231 -14.4427
213030 -14.4855
212829 -14.5284
212628 -14.5712
212426 -14.6141
212225 -14.657
212024 -14.6998
211822 -14.7427
211621 -14.7855
211419 -14.8284
211217 -14.8712
211016 -14.9141
210814 -14.957
210612 -14.9998
