1 -8.96585e-05
12544 -0.18759
16807.2 -0.37509
18627.8 -0.56259
20080.8 -0.75009
21446.3 -0.93759
22790.5 -1.12509
24131.3 -1.31259
25462.3 -1.50009
26744.5 -1.68759
27878.6 -1.87509
29667.4 -2.06259
30464 -2.25009
31353.2 -2.43759
32135.1 -2.62509
32810.9 -2.81259
33396.7 -3.00009
33907.1 -3.18759
34351.3 -3.37509
34730 -3.56259
35045.7 -3.75009
35313.2 -3.93759
35541.7 -4.12509
35737.4 -4.31259
35905.7 -4.50009
36049.7 -4.68759
36164.3 -4.87509
36255.3 -5.06259
36330.6 -5.25009
36394.7 -5.43759
36450 -5.62509
36498.7 -5.81259
36542.3 -6.00009
36582.1 -6.18759
36619.1 -6.37509
36654.2 -6.56259
36686.7 -6.75009
36710.5 -6.93759
36729.8 -7.12509
36747.5 -7.31259
36764.7 -7.50009
36782.1 -7.68759
36799.8 -7.87509
36817.9 -8.06259
36836.6 -8.25009
36855.6 -8.43759
36875.2 -8.62509
36895.1 -8.81259
36915.4 -9.00009
36935.9 -9.18759
36956.6 -9.37509
36977.3 -9.56259
36998 -9.75009
37018.4 -9.93759
37038.5 -10.1251
17654.7 -10.3126
17025.4 -10.5001
16981.1 -10.6876
16959.9 -10.8751
16944 -11.0626
16932.9 -11.2501
16926.3 -11.4376
16924.2 -11.6251
16925.3 -11.8126
16925.8 -12.0001
16925.7 -12.1876
16925 -12.3751
16927.2 -12.5626
16923.2 -12.7501
16917.6 -12.9376
16910.7 -13.1251
16902.7 -13.3126
16893.8 -13.5001
16884 -13.6876
16873.5 -13.8751
16862.3 -14.0626
16850.4 -14.2501
16837.8 -14.4376
16824.6 -14.6251
16812 -14.8126
16799.3 -15.0001
