1 -2.89686e-05
98522.1 -0.037529
125078 -0.075029
135671 -0.112529
141639 -0.150029
145855 -0.187529
149401 -0.225029
152596 -0.262529
155649 -0.300029
158626 -0.337529
161587 -0.375029
164598 -0.412529
167568 -0.450029
170625 -0.487529
173677 -0.525029
176729 -0.562529
179869 -0.600029
182968 -0.637529
185956 -0.675029
188955 -0.712529
191825 -0.750029
194447 -0.787529
196703 -0.825029
198671 -0.862529
200347 -0.900029
201664 -0.937529
204216 -0.975029
204767 -1.01253
205040 -1.05003
205413 -1.08753
205850 -1.12503
206295 -1.16253
206699 -1.20003
207063 -1.23753
207389 -1.27503
207820 -1.31253
208307 -1.35003
208785 -1.38753
209235 -1.42503
209654 -1.46253
210048 -1.50003
210430 -1.53753
210786 -1.57503
211140 -1.61253
211570 -1.65003
212046 -1.68753
212521 -1.72503
212980 -1.76253
213417 -1.80003
213832 -1.83753
214231 -1.87503
214619 -1.91253
215003 -1.95003
215385 -1.98753
215768 -2.02503
216122 -2.06253
216498 -2.10003
216914 -2.13753
217366 -2.17503
217821 -2.21253
218270 -2.25003
218706 -2.28753
219128 -2.32503
219534 -2.36253
219929 -2.40003
220314 -2.43753
220692 -2.47503
221067 -2.51253
221439 -2.55003
221811 -2.58753
222183 -2.62503
222555 -2.66253
222928 -2.70003
223301 -2.73753
223662 -2.77503
224016 -2.81253
224379 -2.85003
224750 -2.88753
225149 -2.92503
225561 -2.96253
225970 -3.00003
226373 -3.03753
226767 -3.07503
227151 -3.11253
227524 -3.15003
227885 -3.18753
228236 -3.22503
228577 -3.26253
228909 -3.30003
229233 -3.33753
229551 -3.37503
229862 -3.41253
230166 -3.45003
230465 -3.48753
230757 -3.52503
231042 -3.56253
231321 -3.60003
231593 -3.63753
231858 -3.67503
232116 -3.71253
232367 -3.75003
232610 -3.78753
232846 -3.82503
233075 -3.86253
233297 -3.90003
233506 -3.93753
233694 -3.97503
233881 -4.01253
234066 -4.05003
234250 -4.08753
234786 -4.12503
235033 -4.16253
235226 -4.20003
235400 -4.23753
235566 -4.27503
235724 -4.31253
235874 -4.35003
236015 -4.38753
236147 -4.42503
236273 -4.46253
236392 -4.50003
236506 -4.53753
236617 -4.57503
236726 -4.61253
236834 -4.65003
236940 -4.68753
237045 -4.72503
237148 -4.76253
237251 -4.80003
237352 -4.83753
237453 -4.87503
237552 -4.91253
237652 -4.95003
237750 -4.98753
237848 -5.02503
237945 -5.06253
238042 -5.10003
238138 -5.13753
238233 -5.17503
238328 -5.21253
238422 -5.25003
238515 -5.28753
238608 -5.32503
238700 -5.36253
238791 -5.40003
238881 -5.43753
238971 -5.47503
239060 -5.51253
239148 -5.55003
239236 -5.58753
239322 -5.62503
239408 -5.66253
239481 -5.70003
239550 -5.73753
239622 -5.77503
239697 -5.81253
239773 -5.85003
239851 -5.88753
239929 -5.92503
240018 -5.96253
240117 -6.00003
240214 -6.03753
240308 -6.07503
240399 -6.11253
240486 -6.15003
240567 -6.18753
240644 -6.22503
240715 -6.26253
240782 -6.30003
240843 -6.33753
240900 -6.37503
240953 -6.41253
241003 -6.45003
241049 -6.48753
241094 -6.52503
241136 -6.56253
241177 -6.60003
241216 -6.63753
241254 -6.67503
241291 -6.71253
241327 -6.75003
241362 -6.78753
241396 -6.82503
241429 -6.86253
241462 -6.90003
241494 -6.93753
241525 -6.97503
241555 -7.01253
241585 -7.05003
241614 -7.08753
241642 -7.12503
241670 -7.16253
241697 -7.20003
241723 -7.23753
241748 -7.27503
241773 -7.31253
241797 -7.35003
241821 -7.38753
241843 -7.42503
241865 -7.46253
241887 -7.50003
241907 -7.53753
241927 -7.57503
241946 -7.61253
241964 -7.65003
241982 -7.68753
241999 -7.72503
242015 -7.76253
242030 -7.80003
242045 -7.83753
242059 -7.87503
242072 -7.91253
242084 -7.95003
242096 -7.98753
242107 -8.02503
242117 -8.06253
242126 -8.10003
242134 -8.13753
242142 -8.17503
242149 -8.21253
242155 -8.25003
242161 -8.28753
242165 -8.32503
242169 -8.36253
242172 -8.40003
242174 -8.43753
242175 -8.47503
242176 -8.51253
242176 -8.55003
242174 -8.58753
242172 -8.62503
242170 -8.66253
242166 -8.70003
242162 -8.73753
242156 -8.77503
242150 -8.81253
242143 -8.85003
242134 -8.88753
242125 -8.92503
242114 -8.96253
242102 -9.00003
242088 -9.03753
242071 -9.07503
242051 -9.11253
242031 -9.15003
242012 -9.18753
241992 -9.22503
241972 -9.26253
241952 -9.30003
241932 -9.33753
241910 -9.37503
241889 -9.41253
241867 -9.45003
241845 -9.48753
241824 -9.52503
241801 -9.56253
241779 -9.60003
241757 -9.63753
241734 -9.67503
241713 -9.71253
241695 -9.75003
241676 -9.78753
241657 -9.82503
241637 -9.86253
241617 -9.90003
241596 -9.93753
241574 -9.97503
241551 -10.0125
241527 -10.05
241502 -10.0875
241476 -10.125
241449 -10.1625
241422 -10.2
241392 -10.2375
241362 -10.275
241331 -10.3125
241299 -10.35
241265 -10.3875
241231 -10.425
241196 -10.4625
241159 -10.5
241122 -10.5375
241084 -10.575
241046 -10.6125
241006 -10.65
240966 -10.6875
240925 -10.725
240884 -10.7625
240842 -10.8
240800 -10.8375
240757 -10.875
240714 -10.9125
240671 -10.95
240627 -10.9875
240582 -11.025
240538 -11.0625
240493 -11.1
240447 -11.1375
240401 -11.175
240355 -11.2125
240309 -11.25
240263 -11.2875
240216 -11.325
240168 -11.3625
240121 -11.4
240073 -11.4375
240025 -11.475
239977 -11.5125
239928 -11.55
239879 -11.5875
239830 -11.625
239780 -11.6625
239731 -11.7
239681 -11.7375
239630 -11.775
239580 -11.8125
239529 -11.85
239478 -11.8875
239426 -11.925
239375 -11.9625
239323 -12
239271 -12.0375
239218 -12.075
239165 -12.1125
239112 -12.15
239059 -12.1875
239005 -12.225
238951 -12.2625
238897 -12.3
238843 -12.3375
238788 -12.375
238733 -12.4125
238678 -12.45
238622 -12.4875
238566 -12.525
238510 -12.5625
238454 -12.6
238397 -12.6375
238340 -12.675
238283 -12.7125
238225 -12.75
238168 -12.7875
238109 -12.825
238051 -12.8625
237992 -12.9
237933 -12.9375
237874 -12.975
237814 -13.0125
237755 -13.05
237694 -13.0875
237634 -13.125
237573 -13.1625
237512 -13.2
237450 -13.2375
237389 -13.275
237327 -13.3125
237265 -13.35
237202 -13.3875
237140 -13.425
237077 -13.4625
237014 -13.5
236952 -13.5375
236889 -13.575
236826 -13.6125
236762 -13.65
236699 -13.6875
236636 -13.725
236572 -13.7625
236509 -13.8
236445 -13.8375
236381 -13.875
236317 -13.9125
236253 -13.95
236189 -13.9875
236125 -14.025
236060 -14.0625
235996 -14.1
235931 -14.1375
235867 -14.175
235802 -14.2125
235737 -14.25
235672 -14.2875
235607 -14.325
235542 -14.3625
235476 -14.4
235411 -14.4375
235346 -14.475
235280 -14.5125
235214 -14.55
235149 -14.5875
235083 -14.625
235017 -14.6625
234951 -14.7
234885 -14.7375
234819 -14.775
234752 -14.8125
234686 -14.85
234620 -14.8875
234553 -14.925
234487 -14.9625
234420 -15
