1 -0.000508229
7694.85 -0.171937
15495.7 -0.343365
23432.6 -0.514794
30077.4 -0.686223
34706.4 -0.857651
37753.4 -1.02908
39880.4 -1.20051
41525.2 -1.37194
42926.1 -1.54337
44204 -1.71479
45418.4 -1.88622
46602.9 -2.05765
47770.5 -2.22908
48931.3 -2.40051
50090.3 -2.57194
51250.8 -2.74337
52419.4 -2.91479
53581.1 -3.08622
54746.5 -3.25765
55892.5 -3.42908
57021.8 -3.60051
58097.3 -3.77194
59107.4 -3.94337
60012.8 -4.11479
60776.1 -4.28622
61398.2 -4.45765
61861.7 -4.62908
63304.5 -4.80051
64169.9 -4.97194
64608.9 -5.14337
65155.1 -5.31479
65817.6 -5.48622
66499.2 -5.65765
67127.9 -5.82908
67702.8 -6.00051
68227.2 -6.17194
68706.8 -6.34337
69154.8 -6.51479
69562.1 -6.68622
69928.8 -6.85765
70258.7 -7.02908
70555 -7.20051
70827.2 -7.37194
71077.5 -7.54337
71299.1 -7.71479
71492.7 -7.88622
71662.1 -8.05765
71810.9 -8.22908
71940.8 -8.40051
72059.4 -8.57194
72165.1 -8.74337
72252.5 -8.91479
72322.2 -9.08622
72376.8 -9.25765
72418.8 -9.42908
72450.5 -9.60051
72472.8 -9.77194
72486.9 -9.94337
72497.2 -10.1148
72499.7 -10.2862
72491.5 -10.4577
72473 -10.6291
72445.7 -10.8005
72411 -10.9719
72370 -11.1434
72323.6 -11.3148
72272.2 -11.4862
72216 -11.6577
72155.4 -11.8291
72090.3 -12.0005
72021.1 -12.1719
71948.9 -12.3434
71871.3 -12.5148
71789.2 -12.6862
71702.5 -12.8577
71611.7 -13.0291
71517 -13.2005
71418.9 -13.3719
71317.4 -13.5434
71212.9 -13.7148
71105.3 -13.8862
70994.6 -14.0577
70881.5 -14.2291
70766.7 -14.4005
70649.9 -14.5719
70531.1 -14.7434
70410.2 -14.9148
70287.2 -15.0862
70161.7 -15.2577
70033.8 -15.4291
69903.4 -15.6005
69770.4 -15.7719
69634.6 -15.9434
69495.9 -16.1148
69354.7 -16.2862
69212.2 -16.4577
69067.4 -16.6291
68920.4 -16.8005
68771 -16.9719
68619.2 -17.1434
68465.1 -17.3148
68308.7 -17.4862
68150.1 -17.6577
67989.4 -17.8291
67826.8 -18.0005
67747.4 -18.1719
67576.9 -18.3434
67404.7 -18.5148
67233.7 -18.6862
67063.7 -18.8577
66894.9 -19.0291
66727.7 -19.2005
66561.9 -19.3719
66397.5 -19.5434
66234.5 -19.7148
66072.7 -19.8862
65912 -20.0577
65752.3 -20.2291
65593.6 -20.4005
65435.8 -20.5719
65277.5 -20.7434
65118.2 -20.9148
64957.8 -21.0862
64796.5 -21.2577
64634 -21.4291
64470.4 -21.6005
64305.6 -21.7719
64139.7 -21.9434
63972.5 -22.1148
63804 -22.2862
63634.7 -22.4577
63464.9 -22.6291
63294.6 -22.8005
63123.8 -22.9719
62952.5 -23.1434
62780.6 -23.3148
62608.1 -23.4862
62435 -23.6577
62261.3 -23.8291
62087 -24.0005
49244.5 -24.1719
48760.7 -24.3434
48660.7 -24.5148
48570.3 -24.6862
48477.4 -24.8577
48381.9 -25.0291
48284 -25.2005
48184.3 -25.3719
48074.9 -25.5434
47957 -25.7148
47829.3 -25.8862
47696 -26.0577
47557.4 -26.2291
47412.2 -26.4005
47264.2 -26.5719
47112.5 -26.7434
46955 -26.9148
46794.4 -27.0862
46633.3 -27.2577
46467.9 -27.4291
46297.5 -27.6005
46124.2 -27.7719
45950.3 -27.9434
45776.4 -28.1148
45601.5 -28.2862
45424.1 -28.4577
45243.6 -28.6291
45062.1 -28.8005
44880 -28.9719
44697.7 -29.1434
44516.6 -29.3148
44335.1 -29.4862
44152.9 -29.6577
43969.3 -29.8291
43783.2 -30.0005
43596.3 -30.1719
43408.5 -30.3434
43219.7 -30.5148
43031.3 -30.6862
42844.1 -30.8577
42656.7 -31.0291
42469.1 -31.2005
42281.3 -31.3719
42093.3 -31.5434
41904.9 -31.7148
41715.1 -31.8862
41525 -32.0577
41334.5 -32.2291
41143.8 -32.4005
40952.7 -32.5719
40761.2 -32.7434
40569.4 -32.9148
40377.7 -33.0862
40186.3 -33.2577
39994.5 -33.4291
39802.3 -33.6005
39609.6 -33.7719
39416.5 -33.9434
39222.9 -34.1148
39028.8 -34.2862
38834.1 -34.4577
38638.8 -34.6291
38442.9 -34.8005
38245.6 -34.9719
38047.4 -35.1434
37848.1 -35.3148
37647.9 -35.4862
37446.5 -35.6577
37243.8 -35.8291
37039.6 -36.0005
36834 -36.1719
36629.2 -36.3434
36424.4 -36.5148
36219.5 -36.6862
36014.5 -36.8577
35809.3 -37.0291
35603.9 -37.2005
35398.2 -37.3719
35192.3 -37.5434
34986.1 -37.7148
34779.6 -37.8862
34572.7 -38.0577
34365.5 -38.2291
34158.5 -38.4005
33951.9 -38.5719
33744.9 -38.7434
33537.5 -38.9148
33329.5 -39.0862
33121.1 -39.2577
32912 -39.4291
32702.4 -39.6005
32492 -39.7719
32280.9 -39.9434
32068.9 -40.1148
31856 -40.2862
31642.2 -40.4577
31427.2 -40.6291
31210.9 -40.8005
30993.2 -40.9719
30773.7 -41.1434
30551.3 -41.3148
30326.7 -41.4862
30099.4 -41.6577
29869.6 -41.8291
29639.1 -42.0005
29408.5 -42.1719
29177.7 -42.3434
28946.7 -42.5148
28715.3 -42.6862
28483.6 -42.8577
28251.4 -43.0291
28018.7 -43.2005
27785.4 -43.3719
27551.4 -43.5434
27316.5 -43.7148
27080.8 -43.8862
26843.9 -44.0577
26605.9 -44.2291
26366.4 -44.4005
26125.2 -44.5719
25883.1 -44.7434
25642.9 -44.9148
25400.7 -45.0862
25156.1 -45.2577
24908.7 -45.4291
24658.1 -45.6005
24403.9 -45.7719
24145.4 -45.9434
23882 -46.1148
23613.2 -46.2862
23342.5 -46.4577
23072 -46.6291
22801.4 -46.8005
22528.1 -46.9719
22254.6 -47.1434
21981 -47.3148
21707.1 -47.4862
21432.5 -47.6577
21157.3 -47.8291
20881.1 -48.0005
20603.7 -48.1719
20324.7 -48.3434
20044 -48.5148
19761 -48.6862
19475.4 -48.8577
19186.6 -49.0291
18894.2 -49.2005
18601.1 -49.3719
18307.5 -49.5434
18007.2 -49.7148
17699 -49.8862
17381 -50.0577
17053.9 -50.2291
16726.3 -50.4005
16399.3 -50.5719
16070.2 -50.7434
15739 -50.9148
15407.8 -51.0862
15076.2 -51.2577
14744 -51.4291
14410.5 -51.6005
14075.4 -51.7719
13737.9 -51.9434
13397.4 -52.1148
13053.1 -52.2862
12703.9 -52.4577
12348.6 -52.6291
11985.7 -52.8005
11615.1 -52.9719
11245.1 -53.1434
10855.1 -53.3148
10446.8 -53.4862
10038.1 -53.6577
9629.88 -53.8291
9231.59 -54.0005
8899.04 -54.1719
8566.81 -54.3434
8233.77 -54.5148
7899.46 -54.6862
7563.34 -54.8577
7224.84 -55.0291
6883.24 -55.2005
6537.69 -55.3719
6187.17 -55.5434
5830.46 -55.7148
5466.06 -55.8862
5109.77 -56.0577
4797.62 -56.2291
4487.26 -56.4005
4172.78 -56.5719
3849.92 -56.7434
