1 0.000239371
39947.4 -0.0270334
79296.2 -0.0543061
97610.6 -0.0815788
108370 -0.108852
115800 -0.136124
121479 -0.163397
126103 -0.19067
130042 -0.217942
133483 -0.245215
136580 -0.272488
139418 -0.299761
142048 -0.327033
144514 -0.354306
146847 -0.381579
149085 -0.408852
151249 -0.436124
153321 -0.463397
155333 -0.49067
157315 -0.517942
159218 -0.545215
161121 -0.572488
162950 -0.599761
164784 -0.627033
166567 -0.654306
168330 -0.681579
170093 -0.708852
171792 -0.736124
173498 -0.763397
175195 -0.79067
176833 -0.817942
178463 -0.845215
180089 -0.872488
181670 -0.899761
183192 -0.927033
184700 -0.954306
186172 -0.981579
187580 -1.00885
188895 -1.03612
190148 -1.0634
191348 -1.09067
192456 -1.11794
193462 -1.14522
194346 -1.17249
195155 -1.19976
195901 -1.22703
196558 -1.25431
198875 -1.28158
199117 -1.30885
199470 -1.33612
199968 -1.3634
200594 -1.39067
201329 -1.41794
202169 -1.44522
203111 -1.47249
204133 -1.49976
205143 -1.52703
206136 -1.55431
207104 -1.58158
208038 -1.60885
208936 -1.63612
209800 -1.6634
210633 -1.69067
211421 -1.71794
212186 -1.74522
212933 -1.77249
213672 -1.79976
214389 -1.82703
215079 -1.85431
215742 -1.88158
216380 -1.90885
216993 -1.93612
217583 -1.9634
218138 -1.99067
218681 -2.01794
219212 -2.04522
219741 -2.07249
220257 -2.09976
220752 -2.12703
221226 -2.15431
221681 -2.18158
222119 -2.20885
222540 -2.23612
222946 -2.2634
223328 -2.29067
223696 -2.31794
224057 -2.34522
224411 -2.37249
224769 -2.39976
225115 -2.42703
225447 -2.45431
225765 -2.48158
226069 -2.50885
226360 -2.53612
226641 -2.5634
226911 -2.59067
227171 -2.61794
227422 -2.64522
227650 -2.67249
227876 -2.69976
228100 -2.72703
228320 -2.75431
228547 -2.78158
228767 -2.80885
228978 -2.83612
229179 -2.8634
229370 -2.89067
229553 -2.91794
229728 -2.94522
229896 -2.97249
230057 -2.99976
230213 -3.02703
230364 -3.05431
230510 -3.08158
230642 -3.10885
230769 -3.13612
230896 -3.1634
231022 -3.19067
231148 -3.21794
231281 -3.24522
231411 -3.27249
231535 -3.29976
231653 -3.32703
231764 -3.35431
231870 -3.38158
231970 -3.40885
232066 -3.43612
232157 -3.4634
232246 -3.49067
232331 -3.51794
232413 -3.54522
232494 -3.57249
232572 -3.59976
232648 -3.62703
232716 -3.65431
232778 -3.68158
232841 -3.70885
232905 -3.73612
232969 -3.7634
233035 -3.79067
233106 -3.81794
233177 -3.84522
233245 -3.87249
233308 -3.89976
233368 -3.92703
233424 -3.95431
233476 -3.98158
233525 -4.00885
233573 -4.03612
233617 -4.0634
233661 -4.09067
233702 -4.11794
233743 -4.14522
233782 -4.17249
233820 -4.19976
233857 -4.22703
233894 -4.25431
233929 -4.28158
233964 -4.30885
233999 -4.33612
234025 -4.3634
234050 -4.39067
234076 -4.41794
234103 -4.44522
234131 -4.47249
234160 -4.49976
234190 -4.52703
234224 -4.55431
234260 -4.58158
234293 -4.60885
234324 -4.63612
234352 -4.6634
234378 -4.69067
234401 -4.71794
234423 -4.74522
234443 -4.77249
234461 -4.79976
234478 -4.82703
234494 -4.85431
234510 -4.88158
234524 -4.90885
234538 -4.93612
234551 -4.9634
234564 -4.99067
234576 -5.01794
234587 -5.04522
234598 -5.07249
234609 -5.09976
234619 -5.12703
234629 -5.15431
234638 -5.18158
234647 -5.20885
234655 -5.23612
234663 -5.2634
234667 -5.29067
234666 -5.31794
234666 -5.34522
234667 -5.37249
234668 -5.39976
234669 -5.42703
234670 -5.45431
234672 -5.48158
234673 -5.50885
234676 -5.53612
234681 -5.5634
234685 -5.59067
234686 -5.61794
234684 -5.64522
234681 -5.67249
234675 -5.69976
234667 -5.72703
234657 -5.75431
234645 -5.78158
234632 -5.80885
234616 -5.83612
234599 -5.8634
234581 -5.89067
234561 -5.91794
234539 -5.94522
234516 -5.97249
234492 -5.99976
234466 -6.02703
234439 -6.05431
234410 -6.08158
234380 -6.10885
234349 -6.13612
234316 -6.1634
234282 -6.19067
234247 -6.21794
234210 -6.24522
234172 -6.27249
234133 -6.29976
234092 -6.32703
234050 -6.35431
234006 -6.38158
233961 -6.40885
233914 -6.43612
233866 -6.4634
233816 -6.49067
233763 -6.51794
233706 -6.54522
233647 -6.57249
233587 -6.59976
233528 -6.62703
233468 -6.65431
233604 -6.68158
233667 -6.70885
233590 -6.73612
233515 -6.7634
233442 -6.79067
233371 -6.81794
233302 -6.84522
233234 -6.87249
233171 -6.89976
233108 -6.92703
233045 -6.95431
232982 -6.98158
232918 -7.00885
232855 -7.03612
232792 -7.0634
232728 -7.09067
232665 -7.11794
232603 -7.14522
232541 -7.17249
232479 -7.19976
232418 -7.22703
232357 -7.25431
232297 -7.28158
232239 -7.30885
232181 -7.33612
232125 -7.3634
232069 -7.39067
232015 -7.41794
231961 -7.44522
231909 -7.47249
231857 -7.49976
231806 -7.52703
231755 -7.55431
231702 -7.58158
231649 -7.60885
231596 -7.63612
231541 -7.6634
231486 -7.69067
231431 -7.71794
231375 -7.74522
231318 -7.77249
231260 -7.79976
231202 -7.82703
231143 -7.85431
231084 -7.88158
231024 -7.90885
230963 -7.93612
230902 -7.9634
230839 -7.99067
230777 -8.01794
230713 -8.04522
230649 -8.07249
230584 -8.09976
230518 -8.12703
230452 -8.15431
230385 -8.18158
230317 -8.20885
230248 -8.23612
230179 -8.2634
230109 -8.29067
230039 -8.31794
229968 -8.34522
229897 -8.37249
229825 -8.39976
229753 -8.42703
229681 -8.45431
229609 -8.48158
229536 -8.50885
229462 -8.53612
229388 -8.5634
229314 -8.59067
229239 -8.61794
229164 -8.64522
229088 -8.67249
229012 -8.69976
228935 -8.72703
228858 -8.75431
228779 -8.78158
228700 -8.80885
228620 -8.83612
228540 -8.8634
228460 -8.89067
228380 -8.91794
228299 -8.94522
228218 -8.97249
228137 -8.99976
228055 -9.02703
227973 -9.05431
227891 -9.08158
227808 -9.10885
227725 -9.13612
227642 -9.1634
227558 -9.19067
227474 -9.21794
227389 -9.24522
227305 -9.27249
227219 -9.29976
227134 -9.32703
227047 -9.35431
226961 -9.38158
226874 -9.40885
226787 -9.43612
226699 -9.4634
226611 -9.49067
226522 -9.51794
226434 -9.54522
226344 -9.57249
226254 -9.59976
226163 -9.62703
226073 -9.65431
225982 -9.68158
225890 -9.70885
225799 -9.73612
225707 -9.7634
225614 -9.79067
225522 -9.81794
225429 -9.84522
225336 -9.87249
225242 -9.89976
225148 -9.92703
225054 -9.95431
224960 -9.98158
224865 -10.0089
224770 -10.0361
224675 -10.0634
224579 -10.0907
224483 -10.1179
224387 -10.1452
224291 -10.1725
224194 -10.1998
224097 -10.227
224000 -10.2543
223903 -10.2816
223805 -10.3089
223707 -10.3361
223609 -10.3634
223510 -10.3907
223412 -10.4179
223313 -10.4452
223214 -10.4725
223114 -10.4998
223015 -10.527
222915 -10.5543
222814 -10.5816
222714 -10.6089
222613 -10.6361
222512 -10.6634
222411 -10.6907
222309 -10.7179
222207 -10.7452
222105 -10.7725
222003 -10.7998
221900 -10.827
221797 -10.8543
221694 -10.8816
221591 -10.9089
221487 -10.9361
221383 -10.9634
221278 -10.9907
221173 -11.0179
221068 -11.0452
220963 -11.0725
220857 -11.0998
220751 -11.127
220645 -11.1543
220539 -11.1816
220432 -11.2089
220324 -11.2361
220217 -11.2634
220109 -11.2907
220002 -11.3179
219894 -11.3452
219786 -11.3725
219679 -11.3998
219570 -11.427
219462 -11.4543
219354 -11.4816
219246 -11.5089
219137 -11.5361
219029 -11.5634
218920 -11.5907
218811 -11.6179
218702 -11.6452
218593 -11.6725
218484 -11.6998
218375 -11.727
218265 -11.7543
218156 -11.7816
218046 -11.8089
217936 -11.8361
217826 -11.8634
217716 -11.8907
217606 -11.9179
217496 -11.9452
217386 -11.9725
217275 -11.9998
217165 -12.027
217054 -12.0543
216943 -12.0816
216832 -12.1089
216721 -12.1361
216609 -12.1634
216498 -12.1907
216386 -12.2179
216275 -12.2452
216163 -12.2725
216051 -12.2998
215939 -12.327
215826 -12.3543
215714 -12.3816
215601 -12.4089
215489 -12.4361
215376 -12.4634
215263 -12.4907
215149 -12.5179
215036 -12.5452
214923 -12.5725
214809 -12.5998
214695 -12.627
214581 -12.6543
214467 -12.6816
214352 -12.7089
214238 -12.7361
214123 -12.7634
214008 -12.7907
213893 -12.8179
213778 -12.8452
213662 -12.8725
213547 -12.8998
213431 -12.927
213315 -12.9543
213198 -12.9816
213082 -13.0089
212965 -13.0361
212848 -13.0634
212731 -13.0907
212613 -13.1179
212496 -13.1452
212378 -13.1725
212259 -13.1998
212141 -13.227
212022 -13.2543
211903 -13.2816
211784 -13.3089
211665 -13.3361
211546 -13.3634
211426 -13.3907
211307 -13.4179
211188 -13.4452
211068 -13.4725
210948 -13.4998
210829 -13.527
210709 -13.5543
210590 -13.5816
210470 -13.6089
210350 -13.6361
210230 -13.6634
210110 -13.6907
209990 -13.7179
209870 -13.7452
209750 -13.7725
209630 -13.7998
209509 -13.827
209389 -13.8543
209269 -13.8816
209148 -13.9089
209028 -13.9361
208907 -13.9634
208787 -13.9907
208666 -14.0179
208545 -14.0452
208424 -14.0725
208303 -14.0998
208182 -14.127
208061 -14.1543
207940 -14.1816
207819 -14.2089
207697 -14.2361
207576 -14.2634
207454 -14.2907
207333 -14.3179
207211 -14.3452
207089 -14.3725
206968 -14.3998
206846 -14.427
206724 -14.4543
206602 -14.4816
206479 -14.5089
206357 -14.5361
206235 -14.5634
206112 -14.5907
205990 -14.6179
205867 -14.6452
205744 -14.6725
205621 -14.6998
205498 -14.727
205375 -14.7543
205252 -14.7816
205128 -14.8089
205005 -14.8361
204881 -14.8634
204757 -14.8907
204634 -14.9179
204510 -14.9452
204385 -14.9725
204261 -14.9998
