1 1.92495e-08 1.92495e-08 1.87398e-08 1.87398e-08
23104.8 -1.09777e+06 -1.09777e+06 -1.09777e+06 -1.09777e+06
35720.8 12512.2 12512.2 12512.2 12512.2
44987.8 22547 22547 22547 22547
66482.2 33404 33404 33404 33404
84551.6 42405.2 42405.2 42405.2 42405.2
99478.4 49849.2 49849.2 49849.2 49849.2
112058 56121.5 56121.5 56121.5 56121.5
122610 61381.6 61381.6 61381.6 61381.6
131159 65641.3 65641.3 65641.3 65641.3
138054 69075.9 69075.9 69075.9 69075.9
143454 71764.2 71764.2 71764.2 71764.2
147593 73826.8 73826.8 73826.8 73826.8
151291 75675.1 75675.1 75675.1 75675.1
154893 77475.6 77475.6 77475.6 77475.6
158423 79240.1 79240.1 79240.1 79240.1
161890 80973.2 80973.2 80973.2 80973.2
165278 82666.3 82666.3 82666.3 82666.3
168623 84337.6 84337.6 84337.6 84337.6
171922 85987.9 85987.9 85987.9 85987.9
175123 87586.6 87586.6 87586.6 87586.6
178253 89151.6 89151.6 89151.6 89151.6
181211 90628.5 90628.5 90628.5 90628.5
184002 92023.1 92023.1 92023.1 92023.1
186518 93278.3 93278.3 93278.3 93278.3
188761 94397.8 94397.8 94397.8 94397.8
190647 95337.4 95337.4 95337.4 95337.4
192209 96115.9 96115.9 96115.9 96115.9
193475 96746.5 96746.5 96746.5 96746.5
196482 98280.4 98280.4 98280.4 98280.4
197245 98631.1 98631.1 98631.1 98631.1
198401 99211.4 99211.4 99211.4 99211.4
199984 100006 100006 100006 100006
202016 101026 101026 101026 101026
204227 102131 102131 102131 102131
206306 103169 103169 103169 103169
208270 104150 104150 104150 104150
210136 105083 105083 105083 105083
211917 105972 105972 105972 105972
213593 106810 106810 106810 106810
215179 107602 107602 107602 107602
216685 108354 108354 108354 108354
218125 109074 109074 109074 109074
219483 109752 109752 109752 109752
220761 110390 110390 110390 110390
221974 110997 110997 110997 110997
223130 111574 111574 111574 111574
224236 112127 112127 112127 112127
225293 112655 112655 112655 112655
226277 113146 113146 113146 113146
227201 113608 113608 113608 113608
228085 114049 114049 114049 114049
228931 114472 114472 114472 114472
229743 114878 114878 114878 114878
230526 115269 115269 115269 115269
231256 115634 115634 115634 115634
231940 115976 115976 115976 115976
232585 116298 116298 116298 116298
233199 116604 116604 116604 116604
233793 116901 116901 116901 116901
234369 117189 117189 117189 117189
234926 117467 117467 117467 117467
235451 117729 117729 117729 117729
235942 117975 117975 117975 117975
236406 118207 118207 118207 118207
236848 118427 118427 118427 118427
237269 118638 118638 118638 118638
237673 118839 118839 118839 118839
238068 119037 119037 119037 119037
238457 119231 119231 119231 119231
238831 119419 119419 119419 119419
239182 119594 119594 119594 119594
239513 119759 119759 119759 119759
239830 119917 119917 119917 119917
240133 120069 120069 120069 120069
240427 120216 120216 120216 120216
240711 120358 120358 120358 120358
240988 120496 120496 120496 120496
241256 120630 120630 120630 120630
241520 120762 120762 120762 120762
241781 120893 120893 120893 120893
242028 121016 121016 121016 121016
242263 121133 121133 121133 121133
242489 121246 121246 121246 121246
242707 121355 121355 121355 121355
242921 121462 121462 121462 121462
243130 121567 121567 121567 121567
243336 121670 121670 121670 121670
243539 121771 121771 121771 121771
243739 121871 121871 121871 121871
243937 121970 121970 121970 121970
244132 122068 122068 122068 122068
244326 122164 122164 122164 122164
244511 122257 122257 122257 122257
244687 122345 122345 122345 122345
244859 122431 122431 122431 122431
245026 122514 122514 122514 122514
245190 122597 122597 122597 122597
245353 122678 122678 122678 122678
245515 122759 122759 122759 122759
245676 122839 122839 122839 122839
245836 122919 122919 122919 122919
245997 123000 123000 123000 123000
246157 123080 123080 123080 123080
246317 123160 123160 123160 123160
246477 123240 123240 123240 123240
246637 123320 123320 123320 123320
246797 123400 123400 123400 123400
246957 123480 123480 123480 123480
247113 123558 123558 123558 123558
247261 123632 123632 123632 123632
247402 123702 123702 123702 123702
247536 123769 123769 123769 123769
247667 123835 123835 123835 123835
247798 123900 123900 123900 123900
247929 123965 123965 123965 123965
248059 124031 124031 124031 124031
248189 124096 124096 124096 124096
248319 124160 124160 124160 124160
248448 124225 124225 124225 124225
248577 124290 124290 124290 124290
248706 124354 124354 124354 124354
248833 124418 124418 124418 124418
248960 124481 124481 124481 124481
249085 124544 124544 124544 124544
249209 124606 124606 124606 124606
249332 124667 124667 124667 124667
249452 124727 124727 124727 124727
249571 124786 124786 124786 124786
249687 124844 124844 124844 124844
249798 124900 124900 124900 124900
249901 124951 124951 124951 124951
249995 124998 124998 124998 124998
250081 125041 125041 125041 125041
250159 125080 125080 125080 125080
250231 125116 125116 125116 125116
250296 125148 125148 125148 125148
250354 125177 125177 125177 125177
250406 125203 125203 125203 125203
250453 125227 125227 125227 125227
250498 125249 125249 125249 125249
250539 125270 125270 125270 125270
250577 125289 125289 125289 125289
250612 125306 125306 125306 125306
250644 125322 125322 125322 125322
250674 125337 125337 125337 125337
250701 125351 125351 125351 125351
250726 125363 125363 125363 125363
250748 125374 125374 125374 125374
251193 125604 125604 125604 125604
251195 125598 125598 125598 125598
251191 125596 125596 125596 125596
251194 125597 125597 125597 125597
251204 125602 125602 125602 125602
251221 125611 125611 125611 125611
251244 125622 125622 125622 125622
251275 125638 125638 125638 125638
251325 125663 125663 125663 125663
251375 125688 125688 125688 125688
251412 125706 125706 125706 125706
251452 125726 125726 125726 125726
251496 125748 125748 125748 125748
251544 125772 125772 125772 125772
251596 125798 125798 125798 125798
251653 125827 125827 125827 125827
251714 125858 125858 125858 125858
251781 125891 125891 125891 125891
251848 125924 125924 125924 125924
251912 125957 125957 125957 125957
251974 125988 125988 125988 125988
252034 126018 126018 126018 126018
252092 126047 126047 126047 126047
252148 126074 126074 126074 126074
252201 126101 126101 126101 126101
252253 126127 126127 126127 126127
252305 126153 126153 126153 126153
252355 126178 126178 126178 126178
252405 126203 126203 126203 126203
252454 126227 126227 126227 126227
252501 126251 126251 126251 126251
252548 126274 126274 126274 126274
252594 126298 126298 126298 126298
252640 126320 126320 126320 126320
252684 126342 126342 126342 126342
252727 126364 126364 126364 126364
252770 126385 126385 126385 126385
252812 126406 126406 126406 126406
252852 126426 126426 126426 126426
252892 126446 126446 126446 126446
252931 126466 126466 126466 126466
252969 126485 126485 126485 126485
253006 126503 126503 126503 126503
253042 126521 126521 126521 126521
253077 126539 126539 126539 126539
253111 126556 126556 126556 126556
253144 126572 126572 126572 126572
253176 126588 126588 126588 126588
253209 126605 126605 126605 126605
253246 126623 126623 126623 126623
253281 126641 126641 126641 126641
253303 126652 126652 126652 126652
253322 126661 126661 126661 126661
253338 126669 126669 126669 126669
253352 126676 126676 126676 126676
253364 126682 126682 126682 126682
253374 126687 126687 126687 126687
253382 126691 126691 126691 126691
253389 126694 126694 126694 126694
253393 126697 126697 126697 126697
253396 126698 126698 126698 126698
253397 126699 126699 126699 126699
253397 126698 126698 126698 126698
253395 126697 126697 126697 126697
253391 126696 126696 126696 126696
253386 126693 126693 126693 126693
253380 126690 126690 126690 126690
253371 126686 126686 126686 126686
253362 126681 126681 126681 126681
253351 126676 126676 126676 126676
253340 126670 126670 126670 126670
253328 126664 126664 126664 126664
253315 126657 126657 126657 126657
253301 126650 126650 126650 126650
253286 126643 126643 126643 126643
253271 126635 126635 126635 126635
253254 126627 126627 126627 126627
253237 126618 126618 126618 126618
253219 126609 126609 126609 126609
253200 126600 126600 126600 126600
253180 126590 126590 126590 126590
253160 126580 126580 126580 126580
253138 126569 126569 126569 126569
253116 126558 126558 126558 126558
253092 126546 126546 126546 126546
253068 126534 126534 126534 126534
253044 126522 126522 126522 126522
253019 126509 126509 126509 126509
252994 126497 126497 126497 126497
252968 126484 126484 126484 126484
252942 126471 126471 126471 126471
252916 126458 126458 126458 126458
252889 126444 126444 126444 126444
252861 126430 126430 126430 126430
252833 126416 126416 126416 126416
252805 126402 126402 126402 126402
252776 126388 126388 126388 126388
252746 126373 126373 126373 126373
252716 126358 126358 126358 126358
252685 126342 126342 126342 126342
252653 126326 126326 126326 126326
252621 126310 126310 126310 126310
252589 126294 126294 126294 126294
252556 126278 126278 126278 126278
252522 126261 126261 126261 126261
252487 126243 126243 126243 126243
252452 126226 126226 126226 126226
252416 126208 126208 126208 126208
252379 126189 126189 126189 126189
252342 126171 126171 126171 126171
252303 126151 126151 126151 126151
252265 126132 126132 126132 126132
252226 126113 126113 126113 126113
252186 126093 126093 126093 126093
252147 126073 126073 126073 126073
252107 126053 126053 126053 126053
252066 126033 126033 126033 126033
252026 126013 126013 126013 126013
251985 125992 125992 125992 125992
251944 125972 125972 125972 125972
251902 125951 125951 125951 125951
251862 125931 125931 125931 125931
251822 125911 125911 125911 125911
251781 125890 125890 125890 125890
251740 125870 125870 125870 125870
251698 125848 125848 125848 125848
251652 125825 125825 125825 125825
251605 125802 125802 125802 125802
251558 125779 125779 125779 125779
251510 125755 125755 125755 125755
251462 125731 125731 125731 125731
251413 125706 125706 125706 125706
251364 125682 125682 125682 125682
251315 125657 125657 125657 125657
251264 125632 125632 125632 125632
251214 125607 125607 125607 125607
251163 125581 125581 125581 125581
251112 125556 125556 125556 125556
251060 125530 125530 125530 125530
251008 125504 125504 125504 125504
250956 125478 125478 125478 125478
250903 125451 125451 125451 125451
250850 125425 125425 125425 125425
250797 125398 125398 125398 125398
250743 125371 125371 125371 125371
250689 125344 125344 125344 125344
250634 125317 125317 125317 125317
250580 125289 125289 125289 125289
250525 125262 125262 125262 125262
250469 125234 125234 125234 125234
250413 125206 125206 125206 125206
250357 125178 125178 125178 125178
250301 125150 125150 125150 125150
250244 125122 125122 125122 125122
250187 125093 125093 125093 125093
250130 125064 125064 125064 125064
250072 125035 125035 125035 125035
250014 125006 125006 125006 125006
249955 124977 124977 124977 124977
249896 124948 124948 124948 124948
249837 124918 124918 124918 124918
249778 124888 124888 124888 124888
249718 124858 124858 124858 124858
249657 124828 124828 124828 124828
249596 124798 124798 124798 124798
249535 124767 124767 124767 124767
249474 124736 124736 124736 124736
249412 124705 124705 124705 124705
249349 124674 124674 124674 124674
249287 124643 124643 124643 124643
249225 124612 124612 124612 124612
249162 124581 124581 124581 124581
249099 124549 124549 124549 124549
249037 124518 124518 124518 124518
248974 124486 124486 124486 124486
248911 124455 124455 124455 124455
248848 124423 124423 124423 124423
248785 124392 124392 124392 124392
248721 124360 124360 124360 124360
248658 124328 124328 124328 124328
248594 124297 124297 124297 124297
248531 124265 124265 124265 124265
248467 124233 124233 124233 124233
248403 124201 124201 124201 124201
248339 124169 124169 124169 124169
248275 124137 124137 124137 124137
248211 124105 124105 124105 124105
248146 124073 124073 124073 124073
248082 124040 124040 124040 124040
248017 124008 124008 124008 124008
247952 123976 123976 123976 123976
247888 123943 123943 123943 123943
247823 123911 123911 123911 123911
247758 123878 123878 123878 123878
247692 123846 123846 123846 123846
247627 123813 123813 123813 123813
247561 123780 123780 123780 123780
247496 123747 123747 123747 123747
247430 123714 123714 123714 123714
247364 123681 123681 123681 123681
247298 123648 123648 123648 123648
247232 123615 123615 123615 123615
247165 123582 123582 123582 123582
247099 123549 123549 123549 123549
247032 123515 123515 123515 123515
246965 123482 123482 123482 123482
246898 123448 123448 123448 123448
246831 123415 123415 123415 123415
246763 123381 123381 123381 123381
246696 123347 123347 123347 123347
246628 123313 123313 123313 123313
246560 123279 123279 123279 123279
246492 123245 123245 123245 123245
246424 123211 123211 123211 123211
246355 123177 123177 123177 123177
246287 123143 123143 123143 123143
246218 123108 123108 123108 123108
246149 123074 123074 123074 123074
246080 123039 123039 123039 123039
246011 123005 123005 123005 123005
245941 122970 122970 122970 122970
245872 122935 122935 122935 122935
245802 122900 122900 122900 122900
245732 122865 122865 122865 122865
245662 122830 122830 122830 122830
245592 122795 122795 122795 122795
245521 122760 122760 122760 122760
245450 122725 122725 122725 122725
245380 122689 122689 122689 122689
245308 122654 122654 122654 122654
245237 122618 122618 122618 122618
245166 122582 122582 122582 122582
245094 122546 122546 122546 122546
245022 122510 122510 122510 122510
244950 122474 122474 122474 122474
244877 122438 122438 122438 122438
244805 122402 122402 122402 122402
244732 122365 122365 122365 122365
244659 122329 122329 122329 122329
244585 122292 122292 122292 122292
244511 122255 122255 122255 122255
244437 122218 122218 122218 122218
244363 122181 122181 122181 122181
244288 122144 122144 122144 122144
244214 122106 122106 122106 122106
244139 122069 122069 122069 122069
244064 122031 122031 122031 122031
243989 121994 121994 121994 121994
243914 121956 121956 121956 121956
243839 121919 121919 121919 121919
243764 121881 121881 121881 121881
243688 121844 121844 121844 121844
243613 121806 121806 121806 121806
243538 121769 121769 121769 121769
243463 121731 121731 121731 121731
243388 121693 121693 121693 121693
243313 121656 121656 121656 121656
243238 121618 121618 121618 121618
243162 121581 121581 121581 121581
243087 121543 121543 121543 121543
243012 121505 121505 121505 121505
242937 121468 121468 121468 121468
242861 121430 121430 121430 121430
242786 121392 121392 121392 121392
242711 121355 121355 121355 121355
242635 121317 121317 121317 121317
242560 121279 121279 121279 121279
242484 121241 121241 121241 121241
242409 121204 121204 121204 121204
242333 121166 121166 121166 121166
242258 121128 121128 121128 121128
242182 121090 121090 121090 121090
242106 121052 121052 121052 121052
242030 121015 121015 121015 121015
241955 120977 120977 120977 120977
241879 120939 120939 120939 120939
241803 120901 120901 120901 120901
241727 120863 120863 120863 120863
241651 120825 120825 120825 120825
241575 120787 120787 120787 120787
241499 120749 120749 120749 120749
241423 120711 120711 120711 120711
241347 120673 120673 120673 120673
241271 120635 120635 120635 120635
241194 120597 120597 120597 120597
241118 120558 120558 120558 120558
241042 120520 120520 120520 120520
240965 120482 120482 120482 120482
240889 120444 120444 120444 120444
240812 120405 120405 120405 120405
240735 120367 120367 120367 120367
240658 120329 120329 120329 120329
240582 120290 120290 120290 120290
240505 120252 120252 120252 120252
240427 120213 120213 120213 120213
240350 120175 120175 120175 120175
240273 120136 120136 120136 120136
240196 120097 120097 120097 120097
240118 120059 120059 120059 120059
240041 120020 120020 120020 120020
239963 119981 119981 119981 119981
239885 119942 119942 119942 119942
239807 119903 119903 119903 119903
239729 119864 119864 119864 119864
239651 119825 119825 119825 119825
239573 119786 119786 119786 119786
239495 119747 119747 119747 119747
239416 119707 119707 119707 119707
239337 119668 119668 119668 119668
239258 119629 119629 119629 119629
239179 119589 119589 119589 119589
239100 119549 119549 119549 119549
239021 119510 119510 119510 119510
238941 119470 119470 119470 119470
238861 119430 119430 119430 119430
238781 119390 119390 119390 119390
238701 119350 119350 119350 119350
238621 119310 119310 119310 119310
238540 119269 119269 119269 119269
238459 119229 119229 119229 119229
238378 119189 119189 119189 119189
238297 119148 119148 119148 119148
238215 119107 119107 119107 119107
238133 119066 119066 119066 119066
238051 119025 119025 119025 119025
237969 118984 118984 118984 118984
237886 118942 118942 118942 118942
237803 118901 118901 118901 118901
237719 118859 118859 118859 118859
237636 118817 118817 118817 118817
237552 118775 118775 118775 118775
237467 118733 118733 118733 118733
237383 118691 118691 118691 118691
237298 118648 118648 118648 118648
237213 118606 118606 118606 118606
237127 118563 118563 118563 118563
237041 118520 118520 118520 118520
236955 118477 118477 118477 118477
236868 118433 118433 118433 118433
236782 118390 118390 118390 118390
236695 118347 118347 118347 118347
236608 118303 118303 118303 118303
236521 118260 118260 118260 118260
236434 118216 118216 118216 118216
236347 118173 118173 118173 118173
236260 118129 118129 118129 118129
236173 118086 118086 118086 118086
236086 118042 118042 118042 118042
235999 117999 117999 117999 117999
235912 117955 117955 117955 117955
235825 117912 117912 117912 117912
235738 117868 117868 117868 117868
235651 117825 117825 117825 117825
235564 117781 117781 117781 117781
235477 117738 117738 117738 117738
235390 117694 117694 117694 117694
235303 117651 117651 117651 117651
235216 117607 117607 117607 117607
235129 117564 117564 117564 117564
235042 117520 117520 117520 117520
234954 117477 117477 117477 117477
234867 117433 117433 117433 117433
234780 117389 117389 117389 117389
234693 117346 117346 117346 117346
234606 117302 117302 117302 117302
234519 117259 117259 117259 117259
234431 117215 117215 117215 117215
234344 117171 117171 117171 117171
234257 117128 117128 117128 117128
234169 117084 117084 117084 117084
234082 117040 117040 117040 117040
233995 116997 116997 116997 116997
233907 116953 116953 116953 116953
233820 116909 116909 116909 116909
233732 116865 116865 116865 116865
233645 116822 116822 116822 116822
233557 116778 116778 116778 116778
233469 116734 116734 116734 116734
233382 116690 116690 116690 116690
233294 116646 116646 116646 116646
233206 116602 116602 116602 116602
233119 116559 116559 116559 116559
233031 116515 116515 116515 116515
232943 116471 116471 116471 116471
232855 116427 116427 116427 116427
232767 116383 116383 116383 116383
232679 116339 116339 116339 116339
232591 116295 116295 116295 116295
232503 116251 116251 116251 116251
232414 116206 116206 116206 116206
232326 116162 116162 116162 116162
232238 116118 116118 116118 116118
232149 116074 116074 116074 116074
232061 116030 116030 116030 116030
231972 115985 115985 115985 115985
231883 115941 115941 115941 115941
231794 115896 115896 115896 115896
231705 115852 115852 115852 115852
231616 115808 115808 115807 115807
231527 115763 115763 115763 115763
231438 115718 115718 115718 115718
231349 115674 115674 115674 115674
