1 1.14361e-07 1.14361e-07 1.14273e-07 1.14273e-07
11964.4 5985.11 5985.11 5985.11 5985.11
23796 11900.8 11900.8 11900.8 11900.8
33145 16574.3 16574.3 16574.3 16574.3
39071.3 19536.7 19536.7 19536.7 19536.7
42887.4 21444.4 21444.4 21444.4 21444.4
45636.4 22818.8 22818.8 22818.8 22818.8
47857.6 23929.3 23929.3 23929.3 23929.3
49792.1 24896.5 24896.5 24896.5 24896.5
51565.2 25783 25783 25783 25783
53256.8 26628.8 26628.8 26628.8 26628.8
54886.2 27443.5 27443.5 27443.5 27443.5
56466.7 28233.7 28233.7 28233.7 28233.7
57987.8 28994.3 28994.3 28994.3 28994.3
59409.1 29704.9 29704.9 29704.9 29704.9
60644.3 30322.4 30322.4 30322.4 30322.4
61567.7 30784 30784 30784 30784
62171.5 31085.9 31085.9 31085.9 31085.9
62828 31414.2 31414.2 31414.2 31414.2
62938.7 31469.4 31469.4 31469.4 31469.4
63087.2 31543.7 31543.7 31543.7 31543.7
63231.2 31615.6 31615.6 31615.6 31615.6
63345.6 31672.8 31672.8 31672.8 31672.8
63470.3 31735.2 31735.2 31735.2 31735.2
63567.2 31783.6 31783.6 31783.6 31783.6
63664.9 31832.5 31832.5 31832.5 31832.5
63761.4 31880.7 31880.7 31880.7 31880.7
63841.8 31920.9 31920.9 31920.9 31920.9
63905.7 31952.9 31952.9 31952.9 31952.9
63986.2 31993.1 31993.1 31993.1 31993.1
64053 32026.5 32026.5 32026.5 32026.5
64111.4 32055.7 32055.7 32055.7 32055.7
64152.6 32076.3 32076.3 32076.3 32076.3
64210.3 32105.2 32105.2 32105.2 32105.2
64261.1 32130.6 32130.6 32130.6 32130.6
64302.2 32151.1 32151.1 32151.1 32151.1
64338.2 32169.1 32169.1 32169.1 32169.1
64362.2 32181.1 32181.1 32181.1 32181.1
64391.5 32195.8 32195.8 32195.8 32195.8
64426.6 32213.3 32213.3 32213.3 32213.3
64452.9 32226.4 32226.4 32226.4 32226.4
64472 32236 32236 32236 32236
64487 32243.5 32243.5 32243.5 32243.5
64499.9 32250 32250 32250 32250
64503.8 32251.9 32251.9 32251.9 32251.9
64508.3 32254.2 32254.2 32254.2 32254.2
64519.9 32259.9 32259.9 32259.9 32259.9
64527.4 32263.7 32263.7 32263.7 32263.7
64530.8 32265.4 32265.4 32265.4 32265.4
64526.7 32263.4 32263.4 32263.4 32263.4
64519.3 32259.7 32259.7 32259.7 32259.7
64509.7 32254.8 32254.8 32254.8 32254.8
64498.4 32249.2 32249.2 32249.2 32249.2
64484.4 32242.2 32242.2 32242.2 32242.2
64461.1 32230.6 32230.6 32230.6 32230.6
64440.9 32220.4 32220.4 32220.4 32220.4
64424.1 32212 32212 32212 32212
64407.1 32203.6 32203.6 32203.6 32203.6
64384.9 32192.4 32192.4 32192.4 32192.4
64357.9 32179 32179 32179 32179
64327.3 32163.6 32163.6 32163.6 32163.6
64293.8 32146.9 32146.9 32146.9 32146.9
64258.1 32129 32129 32129 32129
64220.5 32110.2 32110.2 32110.2 32110.2
64181.2 32090.6 32090.6 32090.6 32090.6
64140.3 32070.1 32070.1 32070.1 32070.1
64097.8 32048.9 32048.9 32048.9 32048.9
64053.3 32026.7 32026.7 32026.7 32026.7
64003.8 32001.9 32001.9 32001.9 32001.9
63950.4 31975.2 31975.2 31975.2 31975.2
63897.8 31948.9 31948.9 31948.9 31948.9
63845.6 31922.8 31922.8 31922.8 31922.8
63793.8 31896.9 31896.9 31896.9 31896.9
63739.4 31869.7 31869.7 31869.7 31869.7
63681.1 31840.5 31840.5 31840.5 31840.5
63619.3 31809.6 31809.6 31809.6 31809.6
63554.2 31777.1 31777.1 31777.1 31777.1
63486.4 31743.2 31743.2 31743.2 31743.2
63416 31708 31708 31708 31708
63343.2 31671.6 31671.6 31671.6 31671.6
63268.2 31634.1 31634.1 31634.1 31634.1
63190.9 31595.4 31595.4 31595.4 31595.4
63111.3 31555.6 31555.6 31555.6 31555.6
63029.5 31514.7 31514.7 31514.7 31514.7
62945.3 31472.6 31472.6 31472.6 31472.6
62858.8 31429.4 31429.4 31429.4 31429.4
62769.7 31384.8 31384.8 31384.8 31384.8
62678.1 31339 31339 31339 31339
62583.8 31291.9 31291.9 31291.9 31291.9
62486.8 31243.4 31243.4 31243.4 31243.4
62388 31194 31194 31194 31194
62287.4 31143.7 31143.7 31143.7 31143.7
62185 31092.5 31092.5 31092.5 31092.5
62080.7 31040.3 31040.3 31040.3 31040.3
61974.4 30987.2 30987.2 30987.2 30987.2
61865.7 30932.8 30932.8 30932.8 30932.8
61753.9 30876.9 30876.9 30876.9 30876.9
61639.3 30819.6 30819.6 30819.6 30819.6
61523.2 30761.5 30761.5 30761.5 30761.5
61405.2 30702.6 30702.6 30702.6 30702.6
61285.3 30642.6 30642.6 30642.6 30642.6
61163.4 30581.7 30581.7 30581.7 30581.7
61039.3 30519.6 30519.6 30519.6 30519.6
60913 30456.5 30456.5 30456.5 30456.5
60784.8 30392.4 30392.4 30392.4 30392.4
60654.6 30327.3 30327.3 30327.3 30327.3
60522.4 30261.2 30261.2 30261.2 30261.2
60388 30194 30194 30194 30194
60251.6 30125.8 30125.8 30125.8 30125.8
60113.1 30056.5 30056.5 30056.5 30056.5
59972.6 29986.2 29986.2 29986.2 29986.2
59830.1 29915 29915 29915 29915
59685.7 29842.8 29842.8 29842.8 29842.8
59539.4 29769.7 29769.7 29769.7 29769.7
59391.4 29695.7 29695.7 29695.7 29695.7
59241.7 29620.8 29620.8 29620.8 29620.8
59090.3 29545.1 29545.1 29545.1 29545.1
58995.4 29497.7 29497.7 29497.7 29497.7
58835.8 29417.8 29417.8 29417.8 29417.8
58674.8 29337.4 29337.4 29337.4 29337.4
58513.2 29256.6 29256.6 29256.6 29256.6
58350.9 29175.4 29175.4 29175.4 29175.4
58187.9 29093.9 29093.9 29093.9 29093.9
58024.2 29012 29012 29012 29012
57859.8 28929.9 28929.9 28929.9 28929.9
57695.2 28847.5 28847.5 28847.5 28847.5
57530.2 28765 28765 28765 28765
57364.8 28682.4 28682.4 28682.4 28682.4
57199.2 28599.6 28599.6 28599.6 28599.6
57033.2 28516.6 28516.6 28516.6 28516.6
56867 28433.4 28433.4 28433.4 28433.4
56700.4 28350.2 28350.2 28350.2 28350.2
56533.4 28266.6 28266.6 28266.6 28266.6
56365.9 28182.9 28182.9 28182.9 28182.9
56197.8 28098.9 28098.9 28098.9 28098.9
56029.3 28014.6 28014.6 28014.6 28014.6
55860.3 27930.1 27930.1 27930.1 27930.1
55690.8 27845.4 27845.4 27845.4 27845.4
55520.8 27760.3 27760.3 27760.3 27760.3
55350.3 27675.1 27675.1 27675.1 27675.1
55179.2 27589.6 27589.6 27589.6 27589.6
55007.7 27503.8 27503.8 27503.8 27503.8
54835.6 27417.8 27417.8 27417.8 27417.8
54663.1 27331.5 27331.5 27331.5 27331.5
54490 27244.9 27244.9 27244.9 27244.9
54316.3 27158.1 27158.1 27158.1 27158.1
54142.2 27071 27071 27071 27071
53967.5 26983.7 26983.7 26983.7 26983.7
53792.2 26896.1 26896.1 26896.1 26896.1
53616.4 26808.2 26808.2 26808.2 26808.2
53440 26720 26720 26720 26720
53263.1 26631.5 26631.5 26631.5 26631.5
53085.5 26542.7 26542.7 26542.7 26542.7
52907.4 26453.7 26453.7 26453.7 26453.7
52729 26364.4 26364.4 26364.4 26364.4
52550.2 26275.1 26275.1 26275.1 26275.1
52371.2 26185.6 26185.6 26185.6 26185.6
52192 26095.9 26095.9 26095.9 26095.9
52012.4 26006.2 26006.2 26006.2 26006.2
51832.6 25916.3 25916.3 25916.3 25916.3
51652.6 25826.2 25826.2 25826.2 25826.2
51472.2 25736.1 25736.1 25736.1 25736.1
51291.7 25645.8 25645.8 25645.8 25645.8
51110.8 25555.4 25555.4 25555.4 25555.4
50929.7 25464.8 25464.8 25464.8 25464.8
50748.3 25374.1 25374.1 25374.1 25374.1
50566.7 25283.3 25283.3 25283.3 25283.3
50384.8 25192.4 25192.4 25192.4 25192.4
50202.6 25101.3 25101.3 25101.3 25101.3
50020.2 25010.1 25010.1 25010.1 25010.1
49837.5 24918.7 24918.7 24918.7 24918.7
49654.6 24827.2 24827.2 24827.2 24827.2
49471.3 24735.6 24735.6 24735.6 24735.6
49287.9 24643.9 24643.9 24643.9 24643.9
49104.1 24552 24552 24552 24552
48920 24460 24460 24460 24460
48735.7 24367.8 24367.8 24367.8 24367.8
48551.1 24275.5 24275.5 24275.5 24275.5
48366.2 24183.1 24183.1 24183.1 24183.1
48181.1 24090.5 24090.5 24090.5 24090.5
47995.6 23997.7 23997.7 23997.7 23997.7
47809.8 23904.9 23904.9 23904.9 23904.9
47623.7 23811.8 23811.8 23811.8 23811.8
47437.3 23718.6 23718.6 23718.6 23718.6
47250.5 23625.2 23625.2 23625.2 23625.2
47063.4 23531.7 23531.7 23531.7 23531.7
46876 23438 23438 23438 23438
46688.2 23344.1 23344.1 23344.1 23344.1
46500.1 23250 23250 23250 23250
46311.6 23155.8 23155.8 23155.8 23155.8
46122.8 23061.3 23061.3 23061.3 23061.3
45933.5 22966.7 22966.7 22966.7 22966.7
45743.9 22871.9 22871.9 22871.9 22871.9
45553.9 22776.9 22776.9 22776.9 22776.9
45363.8 22681.9 22681.9 22681.9 22681.9
45173.6 22586.7 22586.7 22586.7 22586.7
44983.2 22491.6 22491.6 22491.6 22491.6
44792.7 22396.3 22396.3 22396.3 22396.3
44602.1 22301 22301 22301 22301
44411.4 22205.7 22205.7 22205.7 22205.7
44220.6 22110.3 22110.3 22110.3 22110.3
44029.7 22014.8 22014.8 22014.8 22014.8
43838.6 21919.3 21919.3 21919.3 21919.3
43647.5 21823.7 21823.7 21823.7 21823.7
43456.2 21728 21728 21728 21728
43264.8 21632.3 21632.3 21632.3 21632.3
43073.2 21536.6 21536.6 21536.6 21536.6
42881.6 21440.8 21440.8 21440.8 21440.8
42689.8 21344.9 21344.9 21344.9 21344.9
42497.9 21248.9 21248.9 21248.9 21248.9
42305.9 21152.9 21152.9 21152.9 21152.9
42113.8 21056.8 21056.8 21056.8 21056.8
41921.5 20960.7 20960.7 20960.7 20960.7
41729.1 20864.5 20864.5 20864.5 20864.5
41536.5 20768.2 20768.2 20768.2 20768.2
41343.9 20671.9 20671.9 20671.9 20671.9
41151 20575.5 20575.5 20575.5 20575.5
40958.1 20479 20479 20479 20479
40765 20382.5 20382.5 20382.5 20382.5
40571.7 20285.8 20285.8 20285.8 20285.8
40378.3 20189.1 20189.1 20189.1 20189.1
40184.8 20092.3 20092.3 20092.4 20092.4
39991.1 19995.5 19995.5 19995.5 19995.5
39797.2 19898.6 19898.6 19898.6 19898.6
39603.2 19801.5 19801.5 19801.5 19801.5
39408.9 19704.4 19704.4 19704.4 19704.4
39214.6 19607.2 19607.2 19607.2 19607.2
39020 19509.9 19509.9 19509.9 19509.9
38825.2 19412.6 19412.6 19412.6 19412.6
38630.2 19315.1 19315.1 19315.1 19315.1
38435.1 19217.5 19217.5 19217.5 19217.5
38239.7 19119.8 19119.8 19119.8 19119.8
38044.1 19022 19022 19022 19022
37848.2 18924.1 18924.1 18924.1 18924.1
37652.2 18826 18826 18826 18826
37455.9 18727.9 18727.9 18727.9 18727.9
37259.3 18629.6 18629.6 18629.6 18629.6
37062.4 18531.2 18531.2 18531.2 18531.2
36865.3 18432.6 18432.6 18432.6 18432.6
36667.9 18333.9 18333.9 18333.9 18333.9
36470.3 18235.1 18235.1 18235.1 18235.1
36272.3 18136.1 18136.1 18136.1 18136.1
36073.9 18036.9 18036.9 18036.9 18036.9
35875.3 17937.6 17937.6 17937.6 17937.6
35676.3 17838.1 17838.1 17838.1 17838.1
35477.2 17738.5 17738.5 17738.5 17738.5
35278 17638.9 17638.9 17638.9 17638.9
35078.8 17539.3 17539.3 17539.3 17539.3
34879.5 17439.7 17439.7 17439.7 17439.7
34680.2 17340 17340 17340 17340
34480.8 17240.4 17240.4 17240.4 17240.4
