1 -6.54236e-05
23104.8 -0.0273382
35720.8 -0.0546109
44987.8 -0.0818836
66482.2 -0.109156
84551.6 -0.136429
99478.4 -0.163702
112058 -0.190975
122610 -0.218247
131159 -0.24552
138054 -0.272793
143454 -0.300065
147593 -0.327338
151291 -0.354611
154893 -0.381884
158423 -0.409156
161890 -0.436429
165278 -0.463702
168623 -0.490975
171922 -0.518247
175123 -0.54552
178253 -0.572793
181211 -0.600065
184002 -0.627338
186518 -0.654611
188761 -0.681884
190647 -0.709156
192209 -0.736429
193475 -0.763702
196482 -0.790975
197245 -0.818247
198401 -0.84552
199984 -0.872793
202016 -0.900065
204227 -0.927338
206306 -0.954611
208270 -0.981884
210136 -1.00916
211917 -1.03643
213593 -1.0637
215179 -1.09097
216685 -1.11825
218125 -1.14552
219483 -1.17279
220761 -1.20007
221974 -1.22734
223130 -1.25461
224236 -1.28188
225293 -1.30916
226277 -1.33643
227201 -1.3637
228085 -1.39097
228931 -1.41825
229743 -1.44552
230526 -1.47279
231256 -1.50007
231940 -1.52734
232585 -1.55461
233199 -1.58188
233793 -1.60916
234369 -1.63643
234926 -1.6637
235451 -1.69097
235942 -1.71825
236406 -1.74552
236848 -1.77279
237269 -1.80007
237673 -1.82734
238068 -1.85461
238457 -1.88188
238831 -1.90916
239182 -1.93643
239513 -1.9637
239830 -1.99097
240133 -2.01825
240427 -2.04552
240711 -2.07279
240988 -2.10007
241256 -2.12734
241520 -2.15461
241781 -2.18188
242028 -2.20916
242263 -2.23643
242489 -2.2637
242707 -2.29097
242921 -2.31825
243130 -2.34552
243336 -2.37279
243539 -2.40007
243739 -2.42734
243937 -2.45461
244132 -2.48188
244326 -2.50916
244511 -2.53643
244687 -2.5637
244859 -2.59097
245026 -2.61825
245190 -2.64552
245353 -2.67279
245515 -2.70007
245676 -2.72734
245836 -2.75461
245997 -2.78188
246157 -2.80916
246317 -2.83643
246477 -2.8637
246637 -2.89097
246797 -2.91825
246957 -2.94552
247113 -2.97279
247261 -3.00007
247402 -3.02734
247536 -3.05461
247667 -3.08188
247798 -3.10916
247929 -3.13643
248059 -3.1637
248189 -3.19097
248319 -3.21825
248448 -3.24552
248577 -3.27279
248706 -3.30007
248833 -3.32734
248960 -3.35461
249085 -3.38188
249209 -3.40916
249332 -3.43643
249452 -3.4637
249571 -3.49097
249687 -3.51825
249798 -3.54552
249901 -3.57279
249995 -3.60007
250081 -3.62734
250159 -3.65461
250231 -3.68188
250296 -3.70916
250354 -3.73643
250406 -3.7637
250453 -3.79097
250498 -3.81825
250539 -3.84552
250577 -3.87279
250612 -3.90007
250644 -3.92734
250674 -3.95461
250701 -3.98188
250726 -4.00916
250748 -4.03643
251193 -4.0637
251195 -4.09097
251191 -4.11825
251194 -4.14552
251204 -4.17279
251221 -4.20007
251244 -4.22734
251275 -4.25461
251325 -4.28188
251375 -4.30916
251412 -4.33643
251452 -4.3637
251496 -4.39097
251544 -4.41825
251596 -4.44552
251653 -4.47279
251714 -4.50007
251781 -4.52734
251848 -4.55461
251912 -4.58188
251974 -4.60916
252034 -4.63643
252092 -4.6637
252148 -4.69097
252201 -4.71825
252253 -4.74552
252305 -4.77279
252355 -4.80007
252405 -4.82734
252454 -4.85461
252501 -4.88188
252548 -4.90916
252594 -4.93643
252640 -4.9637
252684 -4.99097
252727 -5.01825
252770 -5.04552
252812 -5.07279
252852 -5.10007
252892 -5.12734
252931 -5.15461
252969 -5.18188
253006 -5.20916
253042 -5.23643
253077 -5.2637
253111 -5.29097
253144 -5.31825
253176 -5.34552
253209 -5.37279
253246 -5.40007
253281 -5.42734
253303 -5.45461
253322 -5.48188
253338 -5.50916
253352 -5.53643
253364 -5.5637
253374 -5.59097
253382 -5.61825
253389 -5.64552
253393 -5.67279
253396 -5.70007
253397 -5.72734
253397 -5.75461
253395 -5.78188
253391 -5.80916
253386 -5.83643
253380 -5.8637
253371 -5.89097
253362 -5.91825
253351 -5.94552
253340 -5.97279
253328 -6.00007
253315 -6.02734
253301 -6.05461
253286 -6.08188
253271 -6.10916
253254 -6.13643
253237 -6.1637
253219 -6.19097
253200 -6.21825
253180 -6.24552
253160 -6.27279
253138 -6.30007
253116 -6.32734
253092 -6.35461
253068 -6.38188
253044 -6.40916
253019 -6.43643
252994 -6.4637
252968 -6.49097
252942 -6.51825
252916 -6.54552
252889 -6.57279
252861 -6.60007
252833 -6.62734
252805 -6.65461
252776 -6.68188
252746 -6.70916
252716 -6.73643
252685 -6.7637
252653 -6.79097
252621 -6.81825
252589 -6.84552
252556 -6.87279
252522 -6.90007
252487 -6.92734
252452 -6.95461
252416 -6.98188
252379 -7.00916
252342 -7.03643
252303 -7.0637
252265 -7.09097
252226 -7.11825
252186 -7.14552
252147 -7.17279
252107 -7.20007
252066 -7.22734
252026 -7.25461
251985 -7.28188
251944 -7.30916
251902 -7.33643
251862 -7.3637
251822 -7.39097
251781 -7.41825
251740 -7.44552
251698 -7.47279
251652 -7.50007
251605 -7.52734
251558 -7.55461
251510 -7.58188
251462 -7.60916
251413 -7.63643
251364 -7.6637
251315 -7.69097
251264 -7.71825
251214 -7.74552
251163 -7.77279
251112 -7.80007
251060 -7.82734
251008 -7.85461
250956 -7.88188
250903 -7.90916
250850 -7.93643
250797 -7.9637
250743 -7.99097
250689 -8.01825
250634 -8.04552
250580 -8.07279
250525 -8.10007
250469 -8.12734
250413 -8.15461
250357 -8.18188
250301 -8.20916
250244 -8.23643
250187 -8.2637
250130 -8.29097
250072 -8.31825
250014 -8.34552
249955 -8.37279
249896 -8.40007
249837 -8.42734
249778 -8.45461
249718 -8.48188
249657 -8.50916
249596 -8.53643
249535 -8.5637
249474 -8.59097
249412 -8.61825
249349 -8.64552
249287 -8.67279
249225 -8.70007
249162 -8.72734
249099 -8.75461
249037 -8.78188
248974 -8.80916
248911 -8.83643
248848 -8.8637
248785 -8.89097
248721 -8.91825
248658 -8.94552
248594 -8.97279
248531 -9.00007
248467 -9.02734
248403 -9.05461
248339 -9.08188
248275 -9.10916
248211 -9.13643
248146 -9.1637
248082 -9.19097
248017 -9.21825
247952 -9.24552
247888 -9.27279
247823 -9.30007
247758 -9.32734
247692 -9.35461
247627 -9.38188
247561 -9.40916
247496 -9.43643
247430 -9.4637
247364 -9.49097
247298 -9.51825
247232 -9.54552
247165 -9.57279
247099 -9.60007
247032 -9.62734
246965 -9.65461
246898 -9.68188
246831 -9.70916
246763 -9.73643
246696 -9.7637
246628 -9.79097
246560 -9.81825
246492 -9.84552
246424 -9.87279
246355 -9.90007
246287 -9.92734
246218 -9.95461
246149 -9.98188
246080 -10.0092
246011 -10.0364
245941 -10.0637
245872 -10.091
245802 -10.1182
245732 -10.1455
245662 -10.1728
245592 -10.2001
245521 -10.2273
245450 -10.2546
245380 -10.2819
245308 -10.3092
245237 -10.3364
245166 -10.3637
245094 -10.391
245022 -10.4182
244950 -10.4455
244877 -10.4728
244805 -10.5001
244732 -10.5273
244659 -10.5546
244585 -10.5819
244511 -10.6092
244437 -10.6364
244363 -10.6637
244288 -10.691
244214 -10.7182
244139 -10.7455
244064 -10.7728
243989 -10.8001
243914 -10.8273
243839 -10.8546
243764 -10.8819
243688 -10.9092
243613 -10.9364
243538 -10.9637
243463 -10.991
243388 -11.0182
243313 -11.0455
243238 -11.0728
243162 -11.1001
243087 -11.1273
243012 -11.1546
242937 -11.1819
242861 -11.2092
242786 -11.2364
242711 -11.2637
242635 -11.291
242560 -11.3182
242484 -11.3455
242409 -11.3728
242333 -11.4001
242258 -11.4273
242182 -11.4546
242106 -11.4819
242030 -11.5092
241955 -11.5364
241879 -11.5637
241803 -11.591
241727 -11.6182
241651 -11.6455
241575 -11.6728
241499 -11.7001
241423 -11.7273
241347 -11.7546
241271 -11.7819
241194 -11.8092
241118 -11.8364
241042 -11.8637
240965 -11.891
240889 -11.9182
240812 -11.9455
240735 -11.9728
240658 -12.0001
240582 -12.0273
240505 -12.0546
240427 -12.0819
240350 -12.1092
240273 -12.1364
240196 -12.1637
240118 -12.191
240041 -12.2182
239963 -12.2455
239885 -12.2728
239807 -12.3001
239729 -12.3273
239651 -12.3546
239573 -12.3819
239495 -12.4092
239416 -12.4364
239337 -12.4637
239258 -12.491
239179 -12.5182
239100 -12.5455
239021 -12.5728
238941 -12.6001
238861 -12.6273
238781 -12.6546
238701 -12.6819
238621 -12.7092
238540 -12.7364
238459 -12.7637
238378 -12.791
238297 -12.8182
238215 -12.8455
238133 -12.8728
238051 -12.9001
237969 -12.9273
237886 -12.9546
237803 -12.9819
237719 -13.0092
237636 -13.0364
237552 -13.0637
237467 -13.091
237383 -13.1182
237298 -13.1455
237213 -13.1728
237127 -13.2001
237041 -13.2273
236955 -13.2546
236868 -13.2819
236782 -13.3092
236695 -13.3364
236608 -13.3637
236521 -13.391
236434 -13.4182
236347 -13.4455
236260 -13.4728
236173 -13.5001
236086 -13.5273
235999 -13.5546
235912 -13.5819
235825 -13.6092
235738 -13.6364
235651 -13.6637
235564 -13.691
235477 -13.7182
235390 -13.7455
235303 -13.7728
235216 -13.8001
235129 -13.8273
235042 -13.8546
234954 -13.8819
234867 -13.9092
234780 -13.9364
234693 -13.9637
234606 -13.991
234519 -14.0182
234431 -14.0455
234344 -14.0728
234257 -14.1001
234169 -14.1273
234082 -14.1546
233995 -14.1819
233907 -14.2092
233820 -14.2364
233732 -14.2637
233645 -14.291
233557 -14.3182
233469 -14.3455
233382 -14.3728
233294 -14.4001
233206 -14.4273
233119 -14.4546
233031 -14.4819
232943 -14.5092
232855 -14.5364
232767 -14.5637
232679 -14.591
232591 -14.6182
232503 -14.6455
232414 -14.6728
232326 -14.7001
232238 -14.7273
232149 -14.7546
232061 -14.7819
231972 -14.8092
231883 -14.8364
231794 -14.8637
231705 -14.891
231616 -14.9182
231527 -14.9455
231438 -14.9728
231349 -15.0001
