1 0.000145168
29267.8 -0.399855
36504.5 -0.799855
40924.2 -1.19985
45755 -1.59985
50395.9 -1.99985
53487.1 -2.39985
53941.4 -2.79985
54439.2 -3.19985
54942.8 -3.59985
55394.8 -3.99985
55870.6 -4.39985
56332.2 -4.79985
56744.8 -5.19985
57152.7 -5.59985
57599.3 -5.99985
57981.3 -6.39985
58333.3 -6.79985
58677.5 -7.19985
59014.6 -7.59985
59334.6 -7.99985
59667.6 -8.39985
59972.8 -8.79985
60240.6 -9.19985
60490.4 -9.59985
60729.3 -9.99985
60958.5 -10.3999
61177.9 -10.7999
61387.5 -11.1999
61587.3 -11.5999
61777.3 -11.9999
61957.5 -12.3999
62128 -12.7999
62283.3 -13.1999
62433.2 -13.5999
62581.4 -13.9999
62712.5 -14.3999
62824.3 -14.7999
62919.8 -15.1999
63001.6 -15.5999
63070.5 -15.9999
63126.2 -16.3999
63168.2 -16.7999
63196 -17.1999
63209.7 -17.5999
63325.8 -17.9999
63286.7 -18.3999
63242.1 -18.7999
63194.7 -19.1999
63145.3 -19.5999
63093.7 -19.9999
63039.1 -20.3999
62981.3 -20.7999
62920.2 -21.1999
62856 -21.5999
62788.7 -21.9999
62718.3 -22.3999
62644.8 -22.7999
62568.2 -23.1999
62488.3 -23.5999
62405.2 -23.9999
62318.7 -24.3999
62228.7 -24.7999
62135.1 -25.1999
62037.6 -25.5999
61936.2 -25.9999
61833.1 -26.3999
61728.7 -26.7999
61623 -27.1999
61516.6 -27.5999
61486.6 -27.9999
61371.2 -28.3999
61254.7 -28.7999
61138.3 -29.1999
61022.3 -29.5999
60906.4 -29.9999
60790.7 -30.3999
60675.1 -30.7999
60559.6 -31.1999
60444.1 -31.5999
60328.7 -31.9999
60213 -32.3999
60096.7 -32.7999
59979.5 -33.1999
59861.4 -33.5999
59742.3 -33.9999
59622.3 -34.3999
59501.3 -34.7999
59379.2 -35.1999
59255.9 -35.5999
59131.4 -35.9999
59005.5 -36.3999
58878.1 -36.7999
58749 -37.1999
58618.1 -37.5999
58485.1 -37.9999
58351.2 -38.3999
58217.2 -38.7999
58083.2 -39.1999
57949.2 -39.5999
57815.1 -39.9999
57681 -40.3999
57546.8 -40.7999
57412.6 -41.1999
57278.3 -41.5999
57144 -41.9999
57009.7 -42.3999
56875.3 -42.7999
56740.8 -43.1999
56606.3 -43.5999
56471.7 -43.9999
56337.1 -44.3999
56202.4 -44.7999
56067.6 -45.1999
55932.7 -45.5999
55797.7 -45.9999
55662.6 -46.3999
55527.4 -46.7999
55392.1 -47.1999
55256.6 -47.5999
55120.9 -47.9999
54985.1 -48.3999
54849.1 -48.7999
54712.8 -49.1999
54576.3 -49.5999
54439.6 -49.9999
54302.5 -50.3999
54165 -50.7999
54027.2 -51.1999
53888.9 -51.5999
53750 -51.9999
53610.5 -52.3999
53470.3 -52.7999
53329.2 -53.1999
53187.1 -53.5999
53043.5 -53.9999
52898.5 -54.3999
52751.7 -54.7999
52602.8 -55.1999
52451 -55.5999
52295.5 -55.9999
52135.1 -56.3999
51968.6 -56.7999
51800.2 -57.1999
51631 -57.5999
51461.1 -57.9999
51290.4 -58.3999
51118.9 -58.7999
50946.7 -59.1999
50773.6 -59.5999
50599.6 -59.9999
