1 2.52057e-08 2.52057e-08 2.521e-08 2.521e-08
11840.8 5920.78 5920.78 5920.78 5920.78
23746.1 11873.4 11873.4 11873.4 11873.4
34190.7 17095.6 17095.6 17095.6 17095.6
41628.9 20814.6 20814.6 20814.6 20814.6
46752.5 23376.4 23376.4 23376.4 23376.4
50825.9 25413 25413 25413 25413
54460.8 27230.5 27230.5 27230.5 27230.5
57888 28944.1 28944.1 28944.1 28944.1
61089.9 30545.1 30545.1 30545.1 30545.1
63678.5 31839.3 31839.3 31839.3 31839.3
65382 32691 32691 32691 32691
66122.7 33061.4 33061.4 33061.4 33061.4
66839.9 33420 33420 33420 33420
67499.4 33749.7 33749.7 33749.7 33749.7
68115.5 34057.8 34057.8 34057.8 34057.8
68677.8 34338.9 34338.9 34338.9 34338.9
69206.7 34603.3 34603.3 34603.3 34603.3
69713.5 34856.8 34856.8 34856.8 34856.8
70186.2 35093.1 35093.1 35093.1 35093.1
70636 35318 35318 35318 35318
71073.1 35536.6 35536.6 35536.6 35536.6
71479.2 35739.6 35739.6 35739.6 35739.6
71873.4 35936.7 35936.7 35936.7 35936.7
72256 36128 36128 36128 36128
72611.6 36305.8 36305.8 36305.8 36305.8
72951.6 36475.8 36475.8 36475.8 36475.8
73284.4 36642.2 36642.2 36642.2 36642.2
73605.4 36802.7 36802.7 36802.7 36802.7
73899.9 36950 36950 36950 36950
74179.5 37089.7 37089.7 37089.7 37089.7
74444.4 37222.2 37222.2 37222.2 37222.2
74684.5 37342.3 37342.3 37342.3 37342.3
74915.6 37457.8 37457.8 37457.8 37457.8
75119.3 37559.7 37559.7 37559.7 37559.7
75286.7 37643.3 37643.3 37643.3 37643.3
75419 37709.5 37709.5 37709.5 37709.5
75522.9 37761.5 37761.5 37761.5 37761.5
75601.2 37800.6 37800.6 37800.6 37800.6
75652.6 37826.3 37826.3 37826.3 37826.3
75676.1 37838.1 37838.1 37838.1 37838.1
75742.5 37871.3 37871.3 37871.3 37871.3
75704.5 37852.2 37852.2 37852.2 37852.2
75662.4 37831.2 37831.2 37831.2 37831.2
75614.5 37807.2 37807.2 37807.2 37807.2
75554.3 37777.2 37777.2 37777.2 37777.2
75480.4 37740.2 37740.2 37740.2 37740.2
75398.2 37699.1 37699.1 37699.1 37699.1
75308.3 37654.2 37654.2 37654.2 37654.2
75210.8 37605.4 37605.4 37605.4 37605.4
75104.9 37552.4 37552.4 37552.4 37552.4
74989.8 37494.9 37494.9 37494.9 37494.9
74864.3 37432.1 37432.1 37432.1 37432.1
74730.5 37365.3 37365.3 37365.3 37365.3
74591.8 37295.9 37295.9 37295.9 37295.9
74447.9 37223.9 37223.9 37223.9 37223.9
74298.2 37149.1 37149.1 37149.1 37149.1
74142.2 37071.1 37071.1 37071.1 37071.1
73979.1 36989.6 36989.6 36989.6 36989.6
73807.8 36903.9 36903.9 36903.9 36903.9
73626.7 36813.4 36813.4 36813.4 36813.4
73439.3 36719.6 36719.6 36719.6 36719.6
73248.1 36624 36624 36624 36624
73052.7 36526.4 36526.4 36526.4 36526.4
72852.8 36426.4 36426.4 36426.4 36426.4
72647.8 36323.9 36323.9 36323.9 36323.9
72436.8 36218.4 36218.4 36218.4 36218.4
72219 36109.5 36109.5 36109.5 36109.5
71992.5 35996.2 35996.2 35996.2 35996.2
71755.4 35877.7 35877.7 35877.7 35877.7
71512.8 35756.4 35756.4 35756.4 35756.4
71266.9 35633.4 35633.4 35633.4 35633.4
71017.3 35508.7 35508.7 35508.7 35508.7
70763.4 35381.7 35381.7 35381.7 35381.7
70504.4 35252.2 35252.2 35252.2 35252.2
70238.8 35119.4 35119.4 35119.4 35119.4
69964.9 34982.5 34982.5 34982.5 34982.5
69679.7 34839.8 34839.8 34839.8 34839.8
69380.6 34690.3 34690.3 34690.3 34690.3
69074.5 34537.3 34537.3 34537.3 34537.3
68765.9 34383 34383 34383 34383
68453.9 34227 34227 34227 34227
68137.6 34068.8 34068.8 34068.8 34068.8
67815.6 33907.8 33907.8 33907.8 33907.8
67486.2 33743.1 33743.1 33743.1 33743.1
67146.4 33573.2 33573.2 33573.2 33573.2
66791.3 33395.6 33395.6 33395.6 33395.6
66410.7 33205.4 33205.4 33205.4 33205.4
66011.5 33005.7 33005.7 33005.7 33005.7
65607.3 32803.6 32803.6 32803.6 32803.6
65198.3 32599.1 32599.1 32599.1 32599.1
64781.8 32390.9 32390.9 32390.9 32390.9
64353.9 32176.9 32176.9 32176.9 32176.9
63908.6 31954.3 31954.3 31954.3 31954.3
63434.3 31717.1 31717.1 31717.1 31717.1
62917.7 31458.9 31458.9 31458.9 31458.9
62389.3 31194.7 31194.7 31194.7 31194.7
61849.9 30924.9 30924.9 30924.9 30924.9
61297.1 30648.5 30648.5 30648.5 30648.5
60728.9 30364.4 30364.4 30364.4 30364.4
60133.3 30066.6 30066.6 30066.6 30066.6
59487.3 29743.6 29743.6 29743.6 29743.6
58779.5 29389.7 29389.7 29389.7 29389.7
58064.6 29032.3 29032.3 29032.3 29032.3
57324.1 28662 28662 28662 28662
56549.4 28274.7 28274.7 28274.7 28274.7
55819.3 27909.6 27909.6 27909.6 27909.6
55140.9 27570.4 27570.4 27570.4 27570.4
54436.5 27218.3 27218.3 27218.3 27218.3
53725.7 26862.8 26862.8 26862.8 26862.8
53119.7 26559.8 26559.8 26559.8 26559.8
52553.4 26276.7 26276.7 26276.7 26276.7
51956 25978 25978 25978 25978
51298 25649 25649 25649 25649
50666.5 25333.2 25333.2 25333.2 25333.2
50152 25076 25076 25076 25076
49639.7 24819.8 24819.8 24819.8 24819.8
49113.5 24556.7 24556.7 24556.7 24556.7
48557 24278.5 24278.5 24278.5 24278.5
48067.4 24033.7 24033.7 24033.7 24033.7
47824.9 23912.5 23912.5 23912.5 23912.5
47234.2 23617.1 23617.1 23617.1 23617.1
46585.7 23292.8 23292.8 23292.8 23292.8
46002.3 23001.2 23001.2 23001.2 23001.2
45559.3 22779.6 22779.6 22779.6 22779.6
45152.2 22576.1 22576.1 22576.1 22576.1
44732.6 22366.3 22366.3 22366.3 22366.3
44292.4 22146.2 22146.2 22146.2 22146.2
43804.1 21902 21902 21902 21902
43272.2 21636.1 21636.1 21636.1 21636.1
42780.9 21390.4 21390.4 21390.4 21390.4
42286.3 21143.1 21143.1 21143.1 21143.1
41804.1 20902 20902 20902 20902
41338.8 20669.4 20669.4 20669.4 20669.4
40900.1 20450 20450 20450 20450
40559.9 20280 20280 20280 20280
40202.1 20101 20101 20101 20101
39806.8 19903.4 19903.4 19903.4 19903.4
39300.7 19650.3 19650.3 19650.3 19650.3
38702.3 19351.1 19351.1 19351.1 19351.1
38233.8 19116.9 19116.9 19116.9 19116.9
37855.5 18927.8 18927.8 18927.8 18927.8
37483 18741.5 18741.5 18741.5 18741.5
37117.3 18558.7 18558.7 18558.7 18558.7
36755.6 18377.8 18377.8 18377.8 18377.8
36365.8 18182.9 18182.9 18182.9 18182.9
35927.6 17963.8 17963.8 17963.8 17963.8
35515.9 17757.9 17757.9 17757.9 17757.9
35086.6 17543.3 17543.3 17543.3 17543.3
34643.4 17321.7 17321.7 17321.7 17321.7
34194.3 17097.2 17097.2 17097.2 17097.2
33750.6 16875.3 16875.3 16875.3 16875.3
33445.7 16722.8 16722.8 16722.8 16722.8
33150 16575 16575 16575 16575
32828.7 16414.3 16414.3 16414.3 16414.3
32403.1 16201.5 16201.5 16201.5 16201.5
31904.7 15952.3 15952.3 15952.3 15952.3
31345.2 15672.6 15672.6 15672.6 15672.6
31013 15506.5 15506.5 15506.5 15506.5
30661 15330.5 15330.5 15330.5 15330.5
30290.5 15145.3 15145.3 15145.3 15145.3
29904.1 14952 14952 14952 14952
29341.7 14670.8 14670.8 14670.8 14670.8
28884.4 14442.2 14442.2 14442.2 14442.2
28481.4 14240.7 14240.7 14240.7 14240.7
27985.4 13992.7 13992.7 13992.7 13992.7
27313.7 13656.8 13656.8 13656.8 13656.8
26795.2 13397.6 13397.6 13397.6 13397.6
26411.1 13205.5 13205.5 13205.5 13205.5
25958.6 12979.3 12979.3 12979.3 12979.3
25315.8 12657.9 12657.9 12657.9 12657.9
24573.4 12286.7 12286.7 12286.7 12286.7
24267.1 12133.5 12133.5 12133.5 12133.5
23860.5 11930.2 11930.2 11930.2 11930.2
23324.9 11662.4 11662.4 11662.4 11662.4
22668.4 11334.2 11334.2 11334.2 11334.2
22028.6 11014.3 11014.3 11014.3 11014.3
21703.4 10851.7 10851.7 10851.7 10851.7
21212.4 10606.2 10606.2 10606.2 10606.2
20784.1 10392 10392 10392 10392
20008.9 10004.7 10004.7 10004.7 10004.7
19436.3 9718.17 9718.17 9718.17 9718.17
19025.3 9512.64 9512.64 9512.64 9512.64
18801.2 9400.62 9400.62 9400.62 9400.62
18405.7 9202.81 9202.81 9202.81 9202.81
17114.5 8557.2 8557.2 8557.2 8557.2
16759.1 8379.55 8379.55 8379.55 8379.55
16667.5 8333.77 8333.77 8333.77 8333.77
16489.3 8244.65 8244.65 8244.65 8244.65
15697.7 7849.9 7849.9 7849.9 7849.9
14421 7210.5 7210.5 7210.5 7210.5
14427.8 7213.9 7213.9 7213.9 7213.9
14359.9 7179.94 7179.94 7179.94 7179.94
14103.9 7051.93 7051.93 7051.92 7051.92
12697.1 6348.49 6348.49 6348.49 6348.49
12055.1 6027.59 6027.59 6027.59 6027.59
12062.3 6031.14 6031.14 6031.13 6031.13
11972.4 5986.2 5986.2 5986.21 5986.21
11694.2 5847.11 5847.11 5847.11 5847.11
10352.8 5176.35 5176.35 5176.35 5176.35
9613.63 4806.81 4806.81 4806.82 4806.82
9612.98 4806.49 4806.49 4806.49 4806.49
9525.56 4762.78 4762.78 4762.78 4762.78
9286.38 4643.18 4643.18 4643.18 4643.18
8618.52 4309.23 4309.23 4309.23 4309.23
7300.68 3650.29 3650.29 3650.28 3650.28
7086.6 3543.31 3543.31 3543.31 3543.31
7019.51 3509.75 3509.75 3509.76 3509.76
6845.99 3422.99 3422.99 3422.99 3422.99
6593.99 3296.99 3296.99 3296.99 3296.99
5763.44 2881.68 2881.68 2881.68 2881.68
4554.49 2277.22 2277.22 2277.22 2277.22
4440.84 2220.43 2220.43 2220.43 2220.43
4331.08 2165.53 2165.53 2165.54 2165.54
4266.4 2133.2 2133.2 2133.2 2133.2
4170.9 2085.45 2085.45 2085.44 2085.44
3229.96 1614.93 1614.93 1614.93 1614.93
1899.16 949.548 949.548 949.553 949.553
1715.03 857.525 857.525 857.523 857.523
1727.88 863.945 863.945 863.942 863.942
1791.99 895.991 895.991 895.991 895.991
1729.88 864.938 864.938 864.935 864.935
1089.16 544.541 544.541 544.541 544.541
-447.101 -223.592 -223.592 -223.6 -223.6
-14127.5 -7064.58 -7064.58 -7064.57 -7064.57
-14017.9 -7008.93 -7008.93 -7008.94 -7008.94
-13952.1 -6976.05 -6976.05 -6976.05 -6976.05
-13973.4 -6986.72 -6986.72 -6986.72 -6986.72
-14256.7 -7128.37 -7128.37 -7128.37 -7128.37
-15454.2 -7727.14 -7727.14 -7727.13 -7727.13
-16599.8 -8299.91 -8299.91 -8299.91 -8299.91
