1 5.62174e-08 5.62174e-08 -1.97577e-11 -1.97577e-11
91210.4 45629.6 45629.6 45629.6 45629.6
133687 66842.6 66842.6 66842.6 66842.6
148740 74371.9 74371.9 74371.9 74371.9
157382 78692.6 78692.6 78692.6 78692.6
163481 81741.9 81741.9 81741.9 81741.9
168358 84179.9 84179.9 84179.9 84179.9
172574 86287.8 86287.8 86287.8 86287.8
176428 88215.1 88215.1 88215.1 88215.1
180063 90032.1 90032.1 90032.1 90032.1
183550 91775.7 91775.7 91775.7 91775.7
186942 93471.6 93471.6 93471.6 93471.6
190266 95134 95134 95134 95134
193557 96779.1 96779.1 96779.1 96779.1
196842 98422 98422 98422 98422
200013 100007 100007 100007 100007
203173 101587 101587 101587 101587
206124 103063 103063 103063 103063
208955 104478 104478 104478 104478
211438 105720 105720 105720 105720
213713 106857 106857 106857 106857
215645 107823 107823 107823 107823
218024 109013 109013 109013 109013
219286 109643 109643 109643 109643
220403 110202 110202 110202 110202
221409 110705 110705 110705 110705
222350 111175 111175 111175 111175
223126 111563 111563 111563 111563
224316 112158 112158 112158 112158
224761 112381 112381 112381 112381
225242 112621 112621 112621 112621
225706 112853 112853 112853 112853
226109 113055 113055 113055 113055
226593 113296 113296 113296 113296
227098 113549 113549 113549 113549
227569 113784 113784 113784 113784
227996 113998 113998 113998 113998
228372 114186 114186 114186 114186
228820 114410 114410 114410 114410
229295 114648 114648 114648 114648
229745 114873 114873 114873 114873
230163 115082 115082 115082 115082
230558 115279 115279 115279 115279
230908 115454 115454 115454 115454
231303 115651 115651 115651 115651
231745 115873 115873 115873 115873
232178 116089 116089 116089 116089
232586 116293 116293 116293 116293
232970 116485 116485 116485 116485
233339 116670 116670 116670 116670
233690 116845 116845 116845 116845
234024 117012 117012 117012 117012
234385 117193 117193 117193 117193
234794 117397 117397 117397 117397
235197 117599 117599 117599 117599
235583 117791 117791 117791 117791
235948 117974 117974 117974 117974
236298 118149 118149 118149 118149
236638 118319 118319 118319 118319
236972 118486 118486 118486 118486
237304 118652 118652 118652 118652
237607 118804 118804 118804 118804
237926 118963 118963 118963 118963
238266 119133 119133 119133 119133
238632 119316 119316 119316 119316
238992 119496 119496 119496 119496
239339 119670 119670 119670 119670
239670 119835 119835 119835 119835
239987 119994 119994 119994 119994
240293 120147 120147 120147 120147
240591 120296 120296 120296 120296
240883 120442 120442 120442 120442
241172 120586 120586 120586 120586
241456 120728 120728 120728 120728
241738 120869 120869 120869 120869
241993 120997 120997 120997 120997
242253 121126 121126 121126 121126
242515 121258 121258 121258 121258
242789 121395 121395 121395 121395
243072 121536 121536 121536 121536
243343 121672 121672 121672 121672
243598 121799 121799 121799 121799
243833 121917 121917 121917 121917
244049 122025 122025 122025 122025
244248 122124 122124 122124 122124
244430 122215 122215 122215 122215
244597 122299 122299 122299 122299
244752 122376 122376 122376 122376
244894 122447 122447 122447 122447
245026 122513 122513 122513 122513
245146 122573 122573 122573 122573
245257 122629 122629 122629 122629
245357 122679 122679 122679 122679
245434 122717 122717 122717 122717
245917 122959 122959 122959 122959
245929 122965 122965 122965 122965
245950 122975 122975 122975 122975
245979 122989 122989 122989 122989
246033 123016 123016 123016 123016
246089 123045 123045 123045 123045
246139 123069 123069 123069 123069
246178 123089 123089 123089 123089
246208 123104 123104 123104 123104
246229 123115 123115 123115 123115
246244 123122 123122 123122 123122
246256 123128 123128 123128 123128
246263 123132 123132 123132 123132
246268 123134 123134 123134 123134
246269 123135 123135 123135 123135
246269 123135 123135 123135 123135
246267 123134 123134 123134 123134
246264 123132 123132 123132 123132
246259 123129 123129 123129 123129
246253 123126 123126 123126 123126
246245 123122 123122 123122 123122
246235 123118 123118 123118 123118
246223 123111 123111 123111 123111
246205 123102 123102 123102 123102
246175 123087 123087 123087 123087
246144 123072 123072 123072 123072
246117 123058 123058 123058 123058
246091 123045 123045 123045 123045
246066 123033 123033 123033 123033
246043 123021 123021 123021 123021
246031 123015 123015 123015 123015
246018 123009 123009 123009 123009
246000 123000 123000 123000 123000
245974 122987 122987 122987 122987
245942 122971 122971 122971 122971
245902 122951 122951 122951 122951
245855 122927 122927 122927 122927
245802 122901 122901 122901 122901
245744 122872 122872 122872 122872
245682 122841 122841 122841 122841
245617 122808 122808 122808 122808
245548 122774 122774 122774 122774
245477 122738 122738 122738 122738
245403 122701 122701 122701 122701
245327 122663 122663 122663 122663
245250 122625 122625 122625 122625
245171 122586 122586 122586 122586
245092 122546 122546 122546 122546
245011 122505 122505 122505 122505
244929 122464 122464 122464 122464
244846 122423 122423 122423 122423
244761 122381 122381 122381 122381
244676 122338 122338 122338 122338
244589 122294 122294 122294 122294
244501 122250 122250 122250 122250
244411 122206 122206 122206 122206
244321 122160 122160 122160 122160
244229 122114 122114 122114 122114
244135 122068 122068 122068 122068
244040 122020 122020 122020 122020
243944 121972 121972 121972 121972
243846 121923 121923 121923 121923
243747 121873 121873 121873 121873
243645 121823 121823 121823 121823
243541 121771 121771 121771 121771
243434 121717 121717 121717 121717
243322 121661 121661 121661 121661
243208 121604 121604 121604 121604
243095 121547 121547 121547 121547
242980 121490 121490 121490 121490
242866 121433 121433 121433 121433
242751 121375 121375 121375 121375
242636 121318 121318 121318 121318
242520 121260 121260 121260 121260
242404 121202 121202 121202 121202
242288 121144 121144 121144 121144
242173 121087 121087 121087 121087
242062 121031 121031 121031 121031
241949 120974 120974 120974 120974
241834 120917 120917 120917 120917
241717 120859 120859 120859 120859
241598 120799 120799 120799 120799
241477 120739 120739 120739 120739
241354 120677 120677 120677 120677
241228 120614 120614 120614 120614
241101 120550 120550 120550 120550
240971 120485 120485 120485 120485
240839 120420 120420 120420 120420
240705 120353 120353 120353 120353
240570 120285 120285 120285 120285
240434 120217 120217 120217 120217
240295 120148 120148 120148 120148
240156 120078 120078 120078 120078
240016 120008 120008 120008 120008
239874 119937 119937 119937 119937
239731 119866 119866 119866 119866
239587 119794 119794 119794 119794
239443 119721 119721 119721 119721
239297 119649 119649 119649 119649
239151 119575 119575 119575 119575
239004 119502 119502 119502 119502
238855 119428 119428 119428 119428
238706 119353 119353 119353 119353
238556 119278 119278 119278 119278
238405 119203 119203 119203 119203
238254 119127 119127 119127 119127
238101 119050 119050 119050 119050
237948 118974 118974 118974 118974
237793 118897 118897 118897 118897
237638 118819 118819 118819 118819
237483 118741 118741 118741 118741
237327 118664 118664 118664 118664
237171 118585 118585 118585 118585
237014 118507 118507 118507 118507
236857 118428 118428 118428 118428
236699 118349 118349 118349 118349
236541 118270 118270 118270 118270
236382 118191 118191 118191 118191
236223 118111 118111 118111 118111
236063 118031 118031 118031 118031
235903 117951 117951 117951 117951
235742 117871 117871 117871 117871
235581 117790 117790 117790 117790
235419 117710 117710 117710 117710
235257 117628 117628 117628 117628
235094 117547 117547 117547 117547
234931 117466 117466 117466 117466
234768 117384 117384 117384 117384
234604 117302 117302 117302 117302
234439 117220 117220 117220 117220
234274 117137 117137 117137 117137
234109 117054 117054 117054 117054
233943 116971 116971 116971 116971
233776 116888 116888 116888 116888
233609 116805 116805 116805 116805
233442 116721 116721 116721 116721
233274 116637 116637 116637 116637
233105 116553 116553 116553 116553
232936 116468 116468 116468 116468
232767 116383 116383 116383 116383
232597 116299 116299 116299 116299
232427 116213 116213 116213 116213
232256 116128 116128 116128 116128
232084 116042 116042 116042 116042
231913 115956 115956 115956 115956
231740 115870 115870 115870 115870
231567 115784 115784 115784 115784
231394 115697 115697 115697 115697
231220 115610 115610 115610 115610
231046 115523 115523 115523 115523
230871 115435 115435 115435 115435
230696 115348 115348 115348 115348
230520 115260 115260 115260 115260
230343 115172 115172 115172 115172
230166 115083 115083 115083 115083
229989 114994 114994 114994 114994
229811 114905 114905 114905 114905
229632 114816 114816 114816 114816
229453 114727 114727 114727 114727
229273 114637 114637 114637 114637
229093 114547 114547 114547 114547
228913 114456 114456 114456 114456
228731 114366 114366 114366 114366
228550 114275 114275 114275 114275
228368 114184 114184 114184 114184
228186 114093 114093 114093 114093
228003 114002 114002 114002 114002
227821 113910 113910 113910 113910
227638 113819 113819 113819 113819
227455 113727 113727 113727 113727
227271 113636 113636 113636 113636
227087 113544 113544 113544 113544
226904 113452 113452 113452 113452
226719 113360 113360 113360 113360
226535 113267 113267 113267 113267
226350 113175 113175 113175 113175
226165 113083 113083 113083 113083
225980 112990 112990 112990 112990
225795 112897 112897 112897 112897
225609 112805 112805 112805 112805
225423 112712 112712 112712 112712
225237 112619 112619 112619 112619
225051 112525 112525 112525 112525
224864 112432 112432 112432 112432
224677 112339 112339 112339 112339
224490 112245 112245 112245 112245
224303 112152 112152 112152 112152
224116 112058 112058 112058 112058
223928 111964 111964 111964 111964
223740 111870 111870 111870 111870
223551 111776 111776 111776 111776
223363 111681 111681 111681 111681
223174 111587 111587 111587 111587
222985 111493 111493 111493 111493
222796 111398 111398 111398 111398
222606 111303 111303 111303 111303
222417 111208 111208 111208 111208
222227 111113 111113 111113 111113
222036 111018 111018 111018 111018
221846 110923 110923 110923 110923
221655 110828 110828 110828 110828
221464 110732 110732 110732 110732
221273 110636 110636 110636 110636
221081 110541 110541 110541 110541
220890 110445 110445 110445 110445
220698 110349 110349 110349 110349
220505 110253 110253 110253 110253
220313 110156 110156 110156 110156
220120 110060 110060 110060 110060
219927 109963 109963 109963 109963
219734 109867 109867 109867 109867
219541 109770 109770 109770 109770
219347 109674 109674 109674 109674
219153 109577 109577 109577 109577
218959 109480 109480 109480 109480
218765 109383 109383 109383 109383
218571 109285 109285 109285 109285
218376 109188 109188 109188 109188
218182 109091 109091 109091 109091
217987 108993 108993 108993 108993
217791 108896 108896 108896 108896
217596 108798 108798 108798 108798
217400 108700 108700 108700 108700
217204 108602 108602 108602 108602
217008 108504 108504 108504 108504
216811 108406 108406 108406 108406
216615 108307 108307 108307 108307
216418 108209 108209 108209 108209
216221 108110 108110 108110 108110
216023 108012 108012 108012 108012
215826 107913 107913 107913 107913
215628 107814 107814 107814 107814
215429 107715 107715 107715 107715
215231 107615 107615 107615 107615
215032 107516 107516 107516 107516
214833 107416 107416 107416 107416
214634 107317 107317 107317 107317
214434 107217 107217 107217 107217
214234 107117 107117 107117 107117
214034 107017 107017 107017 107017
213834 106917 106917 106917 106917
213633 106816 106816 106816 106816
213432 106716 106716 106716 106716
213231 106615 106615 106615 106615
213030 106515 106515 106515 106515
212829 106414 106414 106414 106414
212628 106314 106314 106314 106314
212426 106213 106213 106213 106213
212225 106113 106113 106113 106113
212024 106012 106012 106012 106012
211822 105911 105911 105911 105911
211621 105810 105810 105810 105810
211419 105709 105709 105709 105709
211217 105609 105609 105609 105609
211016 105508 105508 105508 105508
210814 105407 105407 105407 105407
210612 105306 105306 105306 105306
