480.025 60 59.9999 60.1981 60 60 59.6514 60.1755 60
957.918 120 119.996 120.342 120 120 117.283 120.297 120
1431.94 180 179.96 180.431 180 180 171.205 180.362 179.985
1900.57 240 239.776 240.452 240 240 220.27 240.333 239.743
2360.91 300 299.149 300.268 300 300 263.918 299.82 297.756
2804.24 360 357.49 359.054 359.999 360 302.094 356.588 349.015
3213.99 420 413.819 413.537 419.974 420 335.095 403.386 388.18
3619.14 480 466.772 501.695 479.628 480 363.419 431.454 416.168
3931.65 540 514.789 524.931 536.506 540 387.645 451.084 436.694
4167.04 600 556.5 561.112 582.126 550.5 408.353 455.931 452.52
4357.85 660 591.139 590.767 611.756 551.1 426.084 461.728 465.272
4481.58 680.8 618.746 614.892 630.835 551.7 441.313 467.391 475.905
4565.41 682 640.044 634.447 644.236 552.3 454.45 472.925 485.004
4633.97 683.2 656.126 650.235 654.389 552.9 465.838 478.332 492.95
4690.85 684.4 668.14 662.931 662.504 553.5 475.765 483.613 500
4738.72 685.6 677.105 673.098 669.241 554.1 484.469 488.772 506.335
4779.58 686.8 683.837 681.205 674.99 554.7 492.145 493.812 512.086
4814.93 688 688.951 687.641 680 555.3 498.955 498.734 517.354
4845.94 689.2 692.897 692.725 684.437 555.9 505.032 503.541 522.213
4873.49 690.4 696 696.723 688.417 556.5 510.486 508.235 526.724
4898.23 691.6 698.489 699.851 692.026 557.1 515.409 512.818 530.934
4920.69 692.8 700.529 702.285 695.326 557.7 519.877 517.294 534.881
4941.29 694 702.237 704.168 698.367 558.3 523.953 521.663 538.598
4960.33 695.2 703.698 705.618 701.185 558.9 527.692 525.929 542.109
4978.08 696.4 704.972 706.726 703.812 559.5 531.136 530.092 545.437
4994.73 697.6 706.106 707.569 706.272 560.1 534.325 534.157 548.601
5010.45 698.8 707.131 708.206 708.585 560.7 537.291 538.124 551.616
5025.38 700 708.072 708.683 710.767 561.3 540.061 541.995 554.496
5039.61 701.2 708.949 709.039 712.833 561.9 542.659 545.772 557.254
5053.23 702.4 709.774 709.302 714.795 562.5 545.103 549.459 559.899
5066.33 703.6 710.558 709.495 716.662 563.1 547.413 553.055 562.441
5078.95 704.8 711.311 709.636 718.444 563.7 549.603 556.564 564.887
5091.14 706 712.037 709.738 720.148 564.3 551.686 559.987 567.245
5102.95 707.2 712.743 709.811 721.781 564.9 553.673 563.326 569.521
5114.42 708.4 713.431 709.863 723.348 565.5 555.574 566.582 571.721
5125.57 709.6 714.106 709.9 724.854 566.1 557.398 569.758 573.85
5136.42 710.8 714.769 709.925 726.305 566.7 559.152 572.855 575.912
5147 712 715.423 709.944 727.704 567.3 560.844 575.875 577.913
5157.33 713.2 716.068 709.956 729.054 567.9 562.478 578.82 579.854
5167.43 714.4 716.708 709.965 730.36 568.5 564.061 581.691 581.741
5177.3 715.6 717.342 709.972 731.624 569.1 565.597 584.489 583.576
5186.96 716.8 717.971 709.976 732.848 569.7 567.09 587.217 585.361
5196.43 718 718.596 709.98 734.036 570.3 568.544 589.876 587.101
5205.72 719.2 719.218 709.982 735.188 570.9 569.963 592.467 588.796
5214.82 720.4 719.838 709.984 736.308 571.5 571.348 594.993 590.45
5223.76 721.6 720.455 709.986 737.397 572.1 572.703 597.453 592.064
5232.54 722.8 721.069 709.988 738.457 572.7 574.031 599.85 593.641
5241.16 724 721.682 709.989 739.489 573.3 575.333 602.186 595.181
5249.64 725.2 722.294 709.99 740.495 573.9 576.612 604.461 596.688
5257.98 726.4 722.904 709.991 741.476 574.5 577.869 606.677 598.161
5266.18 727.6 723.513 709.992 742.433 575.1 579.106 608.835 599.604
5274.26 728.8 724.121 709.993 743.368 575.7 580.324 610.937 601.017
5282.21 730 724.728 709.994 744.282 576.3 581.524 612.984 602.401
5290.05 731.2 725.335 709.995 745.174 576.9 582.709 614.976 603.758
5297.77 732.4 725.94 709.996 746.048 577.5 583.879 616.916 605.088
5305.38 733.6 726.546 709.996 746.902 578.1 585.035 618.805 606.393
5312.88 734.8 727.15 709.997 747.739 578.7 586.177 620.643 607.674
5320.28 736 727.754 709.998 748.558 579.3 587.308 622.432 608.931
5327.58 737.2 728.358 709.998 749.361 579.9 588.427 624.174 610.166
5334.79 738.4 728.961 709.999 750.148 580.5 589.536 625.868 611.38
5341.91 739.6 729.565 709.999 750.92 581.1 590.635 627.516 612.572
5348.93 740.8 730.167 709.999 751.677 581.7 591.724 629.12 613.745
5355.87 742 730.77 710 752.421 582.3 592.805 630.68 614.898
5362.73 743.2 731.372 710 753.15 582.9 593.877 632.198 616.032
5369.5 744.4 731.974 710 753.867 583.5 594.942 633.674 617.148
5376.2 745.6 732.576 710 754.571 584.1 595.999 635.109 618.246
4672.82 746.8 733.178 0 755.263 584.7 597.05 636.505 619.328
4679.37 748 733.779 0 755.943 585.3 598.094 637.861 620.393
4685.85 749.2 734.381 0 756.612 585.9 599.132 639.181 621.442
4692.25 750.4 734.982 0 757.271 586.5 600.164 640.463 622.476
4698.6 751.6 735.583 0 757.918 587.1 601.19 641.709 623.494
4704.87 752.8 736.185 0 758.555 587.7 602.212 642.92 624.498
4711.08 754 736.786 0 759.183 588.3 603.229 644.097 625.489
4717.23 755.2 737.387 0 759.8 588.9 604.241 645.24 626.465
4723.32 756.4 737.987 0 760.409 589.5 605.248 646.351 627.428
4729.36 757.6 738.588 0 761.008 590.1 606.252 647.43 628.378
4735.33 758.8 739.189 0 761.599 590.7 607.251 648.479 629.316
4741.26 760 739.79 0 762.181 591.3 608.247 649.496 630.241
4747.12 761.2 740.39 0 762.755 591.9 609.239 650.485 631.155
4752.94 762.4 740.991 0 763.321 592.5 610.228 651.445 632.057
4758.71 763.6 741.591 0 763.879 593.1 611.214 652.376 632.948
4764.43 764.8 742.192 0 764.43 593.7 612.196 653.281 633.827
4770.1 766 742.792 0 764.973 594.3 613.176 654.159 634.696
4775.72 767.2 743.393 0 765.509 594.9 614.153 655.01 635.555
4781.3 768.4 743.993 0 766.038 595.5 615.127 655.837 636.403
4786.83 769.6 744.594 0 766.56 596.1 616.098 656.639 637.242
4792.33 770.8 745.194 0 767.076 596.7 617.068 657.417 638.071
4797.78 772 745.794 0 767.585 597.3 618.035 658.172 638.89
4803.19 773.2 746.395 0 768.088 597.9 618.999 658.904 639.7
4808.56 774.4 746.995 0 768.584 598.5 619.962 659.614 640.501
4813.89 775.6 747.595 0 769.075 599.1 620.922 660.302 641.294
4819.18 776.8 748.195 0 769.56 599.7 621.881 660.969 642.078
4824.44 778 748.796 0 770.039 600.3 622.837 661.616 642.853
4829.66 779.2 749.396 0 770.513 600.9 623.792 662.243 643.62
4834.85 780.4 749.996 0 770.981 601.5 624.745 662.851 644.379
4840.01 781.6 750.596 0 771.444 602.1 625.697 663.44 645.13
4845.13 782.8 751.197 0 771.902 602.7 626.647 664.01 645.874
4850.22 784 751.797 0 772.355 603.3 627.595 664.563 646.61
4855.28 785.2 752.397 0 772.803 603.9 628.543 665.098 647.338
4860.31 786.4 752.997 0 773.246 604.5 629.488 665.617 648.06
4865.31 787.6 753.597 0 773.684 605.1 630.432 666.119 648.774
4870.28 788.8 754.197 0 774.117 605.7 631.375 666.605 649.482
4875.22 790 754.797 0 774.547 606.3 632.317 667.075 650.182
4880.13 791.2 755.398 0 774.971 606.9 633.258 667.531 650.876
4885.02 792.4 755.998 0 775.391 607.5 634.197 667.971 651.564
4889.88 793.6 756.598 0 775.807 608.1 635.136 668.398 652.245
4894.72 794.8 757.198 0 776.219 608.7 636.073 668.811 652.919
4899.53 796 757.798 0 776.627 609.3 637.009 669.21 653.588
4904.32 797.2 758.398 0 777.031 609.9 637.944 669.596 654.251
4909.08 798.4 758.998 0 777.431 610.5 638.879 669.97 654.907
4913.83 799.6 759.598 0 777.827 611.1 639.812 670.331 655.558
4918.55 800.8 760.198 0 778.219 611.7 640.745 670.68 656.203
4923.24 802 760.798 0 778.607 612.3 641.676 671.018 656.843
4927.92 803.2 761.398 0 778.992 612.9 642.607 671.344 657.477
4932.57 804.4 761.999 0 779.374 613.5 643.537 671.659 658.106
4937.21 805.6 762.599 0 779.751 614.1 644.466 671.964 658.729
4941.83 806.8 763.199 0 780.126 614.7 645.395 672.259 659.347
4946.42 808 763.799 0 780.497 615.3 646.323 672.543 659.96
4951 809.2 764.399 0 780.865 615.9 647.25 672.818 660.568
4955.56 810.4 764.999 0 781.229 616.5 648.176 673.083 661.171
4960.1 811.6 765.599 0 781.591 617.1 649.102 673.339 661.77
4964.62 812.8 766.199 0 781.949 617.7 650.027 673.586 662.363
4969.13 814 766.799 0 782.304 618.3 650.952 673.825 662.952
4973.62 815.2 767.399 0 782.656 618.9 651.876 674.055 663.536
4978.1 816.4 767.999 0 783.005 619.5 652.799 674.278 664.115
4982.55 817.6 768.599 0 783.351 620.1 653.722 674.492 664.69
4987 818.8 769.199 0 783.695 620.7 654.644 674.699 665.261
4991.43 820 769.799 0 784.035 621.3 655.566 674.899 665.827
4995.84 821.2 770.399 0 784.373 621.9 656.487 675.091 666.389
5000.24 822.4 770.999 0 784.708 622.5 657.408 675.277 666.947
5004.62 823.6 771.599 0 785.041 623.1 658.329 675.455 667.501
5009 824.8 772.199 0 785.37 623.7 659.248 675.628 668.051
5013.36 826 772.799 0 785.697 624.3 660.168 675.794 668.596
5017.7 827.2 773.399 0 786.022 624.9 661.087 675.954 669.138
5022.03 828.4 773.999 0 786.344 625.5 662.005 676.109 669.676
5026.35 829.6 774.599 0 786.664 626.1 662.924 676.257 670.21
5030.66 830.8 775.199 0 786.981 626.7 663.841 676.4 670.74
5034.96 832 775.799 0 787.296 627.3 664.759 676.538 671.267
5039.24 833.2 776.399 0 787.608 627.9 665.676 676.671 671.79
5043.52 834.4 776.999 0 787.918 628.5 666.592 676.799 672.309
5047.78 835.6 777.599 0 788.226 629.1 667.509 676.922 672.825
5052.03 836.8 778.199 0 788.531 629.7 668.425 677.04 673.337
5056.27 838 778.799 0 788.835 630.3 669.34 677.154 673.846
5060.51 839.2 779.4 0 789.136 630.9 670.256 677.264 674.351
5064.73 840.4 780 0 789.435 631.5 671.171 677.37 674.853
5068.94 841.6 780.6 0 789.732 632.1 672.085 677.471 675.352
5073.14 842.8 781.2 0 790.026 632.7 673 677.569 675.847
5077.33 844 781.8 0 790.319 633.3 673.914 677.662 676.34
5081.52 845.2 782.4 0 790.61 633.9 674.828 677.753 676.829
5085.69 846.4 783 0 790.898 634.5 675.741 677.839 677.314
5089.86 847.6 783.6 0 791.185 635.1 676.655 677.923 677.797
5094.02 848.8 784.2 0 791.47 635.7 677.568 678.003 678.277
5098.17 850 784.8 0 791.753 636.3 678.48 678.08 678.754
5102.31 851.2 785.4 0 792.033 636.9 679.393 678.154 679.228
5106.44 852.4 786 0 792.312 637.5 680.305 678.225 679.698
5110.57 853.6 786.6 0 792.59 638.1 681.217 678.293 680.166
5114.68 854.8 787.2 0 792.865 638.7 682.129 678.359 680.631
5118.79 856 787.8 0 793.139 639.3 683.041 678.422 681.094
5122.9 857.2 788.4 0 793.41 639.9 683.952 678.482 681.553
5126.99 858.4 789 0 793.68 640.5 684.863 678.54 682.01
5131.08 859.6 789.6 0 793.949 641.1 685.774 678.596 682.464
5135.16 860.8 790.2 0 794.215 641.7 686.685 678.649 682.915
5139.24 862 790.8 0 794.48 642.3 687.595 678.701 683.364
5143.31 863.2 791.4 0 794.743 642.9 688.506 678.75 683.81
5147.37 864.4 792 0 795.005 643.5 689.416 678.797 684.254
5151.43 865.6 792.6 0 795.265 644.1 690.326 678.843 684.694
5155.48 866.8 793.2 0 795.523 644.7 691.236 678.886 685.133
5159.52 868 793.8 0 795.78 645.3 692.145 678.928 685.569
5163.56 869.2 794.4 0 796.036 645.9 693.055 678.968 686.002
5167.59 870.4 795 0 796.289 646.5 693.964 679.007 686.433
5171.62 871.6 795.6 0 796.541 647.1 694.873 679.043 686.862
5175.64 872.8 796.2 0 796.792 647.7 695.782 679.079 687.288
5179.66 874 796.8 0 797.041 648.3 696.691 679.113 687.712
5183.67 875.2 797.4 0 797.289 648.9 697.6 679.145 688.134
5187.67 876.4 798 0 797.535 649.5 698.508 679.177 688.553
5191.67 877.6 798.6 0 797.78 650.1 699.417 679.207 688.97
5195.67 878.8 799.2 0 798.024 650.7 700.325 679.235 689.385
5199.66 880 799.8 0 798.266 651.3 701.233 679.263 689.797
5203.64 881.2 800.4 0 798.507 651.9 702.141 679.289 690.208
5207.62 882.4 801 0 798.746 652.5 703.049 679.315 690.616
5211.6 883.6 801.6 0 798.984 653.1 703.957 679.339 691.022
5215.57 884.8 802.2 0 799.22 653.7 704.864 679.362 691.426
5219.54 886 802.8 0 799.456 654.3 705.772 679.385 691.828
5223.5 887.2 803.4 0 799.69 654.9 706.679 679.406 692.227
5227.46 888.4 804 0 799.923 655.5 707.586 679.427 692.625
5231.41 889.6 804.6 0 800.154 656.1 708.493 679.446 693.021
5235.36 890.8 805.2 0 800.384 656.7 709.4 679.465 693.414
5239.31 892 805.8 0 800.613 657.3 710.307 679.484 693.806
5243.25 893.2 806.4 0 800.841 657.9 711.214 679.501 694.196
5247.19 894.4 807 0 801.067 658.5 712.121 679.518 694.583
5251.12 895.6 807.6 0 801.293 659.1 713.027 679.534 694.969
5255.05 896.8 808.2 0 801.517 659.7 713.934 679.55 695.353
5258.98 898 808.8 0 801.74 660.3 714.84 679.565 695.735
5262.9 899.2 809.4 0 801.961 660.9 715.746 679.579 696.115
5266.82 900.4 810 0 802.182 661.5 716.652 679.593 696.494
5270.74 901.6 810.6 0 802.401 662.1 717.558 679.606 696.87
5274.65 902.8 811.2 0 802.62 662.7 718.464 679.619 697.245
5278.56 904 811.8 0 802.837 663.3 719.37 679.631 697.618
5282.46 905.2 812.4 0 803.053 663.9 720.276 679.643 697.989
5286.36 906.4 813 0 803.268 664.5 721.182 679.654 698.358
5290.26 907.6 813.6 0 803.482 665.1 722.087 679.665 698.726
5294.15 908.8 814.2 0 803.695 665.7 722.993 679.676 699.092
5298.05 910 814.8 0 803.907 666.3 723.899 679.686 699.456
5301.93 911.2 815.4 0 804.117 666.9 724.804 679.695 699.818
5305.82 912.4 816 0 804.327 667.5 725.709 679.705 700.179
5309.7 913.6 816.6 0 804.536 668.1 726.614 679.714 700.538
5313.58 914.8 817.2 0 804.743 668.7 727.52 679.723 700.896
5317.46 916 817.8 0 804.95 669.3 728.425 679.731 701.252
5321.33 917.2 818.4 0 805.156 669.9 729.33 679.74 701.606
5325.2 918.4 819 0 805.36 670.5 730.235 679.747 701.959
5329.07 919.6 819.6 0 805.564 671.1 731.139 679.755 702.31
5332.93 920.8 820.2 0 805.767 671.7 732.044 679.763 702.659
5336.79 922 820.8 0 805.968 672.3 732.949 679.77 703.007
5340.65 923.2 821.4 0 806.169 672.9 733.854 679.777 703.354
5344.51 924.4 822 0 806.369 673.5 734.758 679.783 703.699
5348.36 925.6 822.6 0 806.568 674.1 735.663 679.79 704.042
5352.21 926.8 823.2 0 806.766 674.7 736.567 679.796 704.384
5356.06 928 823.8 0 806.963 675.3 737.472 679.802 704.725
5359.91 929.2 824.4 0 807.159 675.9 738.376 679.808 705.064
5363.75 930.4 825 0 807.354 676.5 739.28 679.814 705.401
5367.59 931.6 825.6 0 807.549 677.1 740.185 679.82 705.737
5371.43 932.8 826.2 0 807.742 677.7 741.089 679.825 706.072
5375.26 934 826.8 0 807.935 678.3 741.993 679.831 706.405
5379.1 935.2 827.4 0 808.126 678.9 742.897 679.836 706.737
5382.93 936.4 828 0 808.317 679.5 743.801 679.841 707.068
5386.75 937.6 828.6 0 808.507 680.1 744.705 679.846 707.397
5390.58 938.8 829.2 0 808.697 680.7 745.609 679.851 707.725
5394.4 940 829.8 0 808.885 681.3 746.513 679.855 708.051
5398.22 941.2 830.4 0 809.072 681.9 747.416 679.86 708.376
5402.04 942.4 831 0 809.259 682.5 748.32 679.864 708.7
5405.86 943.6 831.6 0 809.445 683.1 749.224 679.868 709.022
5409.67 944.8 832.2 0 809.63 683.7 750.128 679.873 709.343
5413.49 946 832.8 0 809.814 684.3 751.031 679.877 709.663
5417.3 947.2 833.4 0 809.998 684.9 751.935 679.881 709.982
5421.1 948.4 834 0 810.181 685.5 752.838 679.885 710.299
5424.91 949.6 834.6 0 810.363 686.1 753.742 679.888 710.615
5428.71 950.8 835.2 0 810.544 686.7 754.645 679.892 710.93
5432.51 952 835.8 0 810.724 687.3 755.549 679.896 711.243
5436.31 953.2 836.4 0 810.904 687.9 756.452 679.899 711.555
5440.11 954.4 837 0 811.083 688.5 757.355 679.903 711.866
5443.9 955.6 837.6 0 811.261 689.1 758.259 679.906 712.176
5447.69 956.8 838.2 0 811.438 689.7 759.162 679.91 712.485
5451.48 958 838.8 0 811.615 690.3 760.065 679.913 712.792
5455.27 959.2 839.4 0 811.791 690.9 760.968 679.916 713.098
5459.06 960.4 840 0 811.966 691.5 761.871 679.919 713.403
5462.84 961.6 840.6 0 812.141 692.1 762.774 679.922 713.707
5466.63 962.8 841.2 0 812.315 692.7 763.677 679.925 714.01
5470.41 964 841.8 0 812.488 693.3 764.58 679.928 714.312
5474.19 965.2 842.4 0 812.66 693.9 765.483 679.931 714.612
5477.96 966.4 843 0 812.832 694.5 766.386 679.934 714.912
5481.74 967.6 843.6 0 813.003 695.1 767.289 679.936 715.21
5485.51 968.8 844.2 0 813.173 695.7 768.192 679.939 715.507
5489.28 970 844.8 0 813.343 696.3 769.095 679.942 715.803
5493.05 971.2 845.4 0 813.512 696.9 769.998 679.944 716.098
5496.82 972.4 846 0 813.68 697.5 770.9 679.947 716.392
5500.58 973.6 846.6 0 813.848 698.1 771.803 679.949 716.684
5504.35 974.8 847.2 0 814.015 698.7 772.706 679.951 716.976
5508.11 976 847.8 0 814.181 699.3 773.608 679.954 717.267
5511.87 977.2 848.4 0 814.347 699.9 774.511 679.956 717.556
5515.63 978.4 849 0 814.512 700.5 775.414 679.958 717.845
5519.39 979.6 849.6 0 814.677 701.1 776.316 679.96 718.132
5523.14 980.8 850.2 0 814.841 701.7 777.219 679.962 718.419
5526.89 982 850.8 0 815.004 702.3 778.121 679.964 718.704
5530.65 983.2 851.4 0 815.167 702.9 779.024 679.966 718.989
5534.39 984.4 852 0 815.329 703.5 779.926 679.968 719.272
5538.14 985.6 852.6 0 815.49 704.1 780.829 679.97 719.555
5541.89 986.8 853.2 0 815.651 704.7 781.731 679.972 719.836
5545.63 988 853.8 0 815.811 705.3 782.633 679.973 720.117
5549.38 989.2 854.4 0 815.971 705.9 783.536 679.975 720.396
5553.12 990.4 855 0 816.13 706.5 784.438 679.976 720.675
5556.86 991.6 855.6 0 816.288 707.1 785.34 679.978 720.952
5560.6 992.8 856.2 0 816.446 707.7 786.243 679.98 721.229
5564.33 994 856.8 0 816.603 708.3 787.145 679.981 721.504
5568.07 995.2 857.4 0 816.76 708.9 788.047 679.982 721.779
5571.8 996.4 858 0 816.916 709.5 788.949 679.984 722.053
5575.53 997.6 858.6 0 817.072 710.1 789.851 679.985 722.326
5579.26 998.8 859.2 0 817.227 710.7 790.754 679.986 722.598
5582.99 1000 859.8 0 817.381 711.3 791.656 679.987 722.869
5586.72 1001.2 860.4 0 817.535 711.9 792.558 679.989 723.139
5590.45 1002.4 861 0 817.689 712.5 793.46 679.99 723.408
5594.17 1003.6 861.6 0 817.841 713.1 794.362 679.991 723.676
5597.89 1004.8 862.2 0 817.994 713.7 795.264 679.992 723.944
5601.61 1006 862.8 0 818.145 714.3 796.166 679.992 724.21
5605.33 1007.2 863.4 0 818.297 714.9 797.068 679.993 724.476
5609.05 1008.4 864 0 818.447 715.5 797.97 679.994 724.741
5612.77 1009.6 864.6 0 818.597 716.1 798.872 679.995 725.005
5616.48 1010.8 865.2 0 818.747 716.7 799.774 679.996 725.268
5620.2 1012 865.8 0 818.896 717.3 800.676 679.996 725.53
5623.91 1013.2 866.4 0 819.045 717.9 801.578 679.997 725.792
5627.62 1014.4 867 0 819.193 718.5 802.48 679.997 726.052
5631.33 1015.6 867.6 0 819.341 719.1 803.381 679.998 726.312
5635.04 1016.8 868.2 0 819.488 719.7 804.283 679.998 726.571
5638.75 1018 868.8 0 819.634 720.3 805.185 679.999 726.829
5642.45 1019.2 869.4 0 819.78 720.9 806.087 679.999 727.086
5646.16 1020.4 870 0 819.926 721.5 806.989 679.999 727.343
5649.86 1021.6 870.6 0 820.071 722.1 807.89 680 727.598
5653.56 1022.8 871.2 0 820.216 722.7 808.792 680 727.853
5657.26 1024 871.8 0 820.36 723.3 809.694 680 728.107
5660.96 1025.2 872.4 0 820.504 723.9 810.596 680 728.36
5664.66 1026.4 873 0 820.647 724.5 811.497 680 728.613
4988.35 1027.6 873.6 0 820.789 725.1 812.399 0 728.864
