480.025 0.0003 0.0003 0.0003 0.0003 0.0003 0.0003 0.0003 0.0003
957.918 0.0006 0.0006 0.0006 0.0006 0.0006 0.0006 0.0006 0.0006
1431.94 0.0009 0.0009 0.0009 0.0009 0.0009 0.0009 0.0009 0.0009
1900.57 0.0012 0.0012 0.0012 0.0012 0.0012 0.0012 0.0012 0.0012
2360.91 0.0015 0.0015 0.0015 0.0015 0.0015 0.0015 0.0015 0.0015
2804.24 0.0018 0.0018 0.0018 0.0018 0.0018 0.0018 0.0018 0.0018
3213.99 0.0021 0.0021 0.0021 0.0021 0.0021 0.0021 0.0021 0.0021
3619.14 0.0024 0.0024 0.0024 0.0024 0.0024 0.0024 0.0024 0.0024
3931.65 0.0027 0.0027 0.0027 0.0027 0.0027 0.0027 0.0027 0.0027
4167.04 0.003 0.003 0.003 0.003 0.003 0.003 0.003 0.003
4357.85 0.0033 0.0033 0.0033 0.0033 0.0033 0.0033 0.0033 0.0033
4481.58 0.0036 0.0036 0.0036 0.0036 0.0036 0.0036 0.0036 0.0036
4565.41 0.0039 0.0039 0.0039 0.0039 0.0039 0.0039 0.0039 0.0039
4633.97 0.0042 0.0042 0.0042 0.0042 0.0042 0.0042 0.0042 0.0042
4690.85 0.0045 0.0045 0.0045 0.0045 0.0045 0.0045 0.0045 0.0045
4738.72 0.0048 0.0048 0.0048 0.0048 0.0048 0.0048 0.0048 0.0048
4779.58 0.0051 0.0051 0.0051 0.0051 0.0051 0.0051 0.0051 0.0051
4814.93 0.0054 0.0054 0.0054 0.0054 0.0054 0.0054 0.0054 0.0054
4845.94 0.0057 0.0057 0.0057 0.0057 0.0057 0.0057 0.0057 0.0057
4873.49 0.006 0.006 0.006 0.006 0.006 0.006 0.006 0.006
4898.23 0.0063 0.0063 0.0063 0.0063 0.0063 0.0063 0.0063 0.0063
4920.69 0.0066 0.0066 0.0066 0.0066 0.0066 0.0066 0.0066 0.0066
4941.29 0.0069 0.0069 0.0069 0.0069 0.0069 0.0069 0.0069 0.0069
4960.33 0.0072 0.0072 0.0072 0.0072 0.0072 0.0072 0.0072 0.0072
4978.08 0.0075 0.0075 0.0075 0.0075 0.0075 0.0075 0.0075 0.0075
4994.73 0.0078 0.0078 0.0078 0.0078 0.0078 0.0078 0.0078 0.0078
5010.45 0.0081 0.0081 0.0081 0.0081 0.0081 0.0081 0.0081 0.0081
5025.38 0.0084 0.0084 0.0084 0.0084 0.0084 0.0084 0.0084 0.0084
5039.61 0.0087 0.0087 0.0087 0.0087 0.0087 0.0087 0.0087 0.0087
5053.23 0.009 0.009 0.009 0.009 0.009 0.009 0.009 0.009
5066.33 0.0093 0.0093 0.0093 0.0093 0.0093 0.0093 0.0093 0.0093
5078.95 0.0096 0.0096 0.0096 0.0096 0.0096 0.0096 0.0096 0.0096
5091.14 0.0099 0.0099 0.0099 0.0099 0.0099 0.0099 0.0099 0.0099
5102.95 0.0102 0.0102 0.0102 0.0102 0.0102 0.0102 0.0102 0.0102
5114.42 0.0105 0.0105 0.0105 0.0105 0.0105 0.0105 0.0105 0.0105
5125.57 0.0108 0.0108 0.0108 0.0108 0.0108 0.0108 0.0108 0.0108
5136.42 0.0111 0.0111 0.0111 0.0111 0.0111 0.0111 0.0111 0.0111
5147 0.0114 0.0114 0.0114 0.0114 0.0114 0.0114 0.0114 0.0114
5157.33 0.0117 0.0117 0.0117 0.0117 0.0117 0.0117 0.0117 0.0117
5167.43 0.012 0.012 0.012 0.012 0.012 0.012 0.012 0.012
5177.3 0.0123 0.0123 0.0123 0.0123 0.0123 0.0123 0.0123 0.0123
5186.96 0.0126 0.0126 0.0126 0.0126 0.0126 0.0126 0.0126 0.0126
5196.43 0.0129 0.0129 0.0129 0.0129 0.0129 0.0129 0.0129 0.0129
5205.72 0.0132 0.0132 0.0132 0.0132 0.0132 0.0132 0.0132 0.0132
5214.82 0.0135 0.0135 0.0135 0.0135 0.0135 0.0135 0.0135 0.0135
5223.76 0.0138 0.0138 0.0138 0.0138 0.0138 0.0138 0.0138 0.0138
5232.54 0.0141 0.0141 0.0141 0.0141 0.0141 0.0141 0.0141 0.0141
5241.16 0.0144 0.0144 0.0144 0.0144 0.0144 0.0144 0.0144 0.0144
5249.64 0.0147 0.0147 0.0147 0.0147 0.0147 0.0147 0.0147 0.0147
5257.98 0.015 0.015 0.015 0.015 0.015 0.015 0.015 0.015
5266.18 0.0153 0.0153 0.0153 0.0153 0.0153 0.0153 0.0153 0.0153
5274.26 0.0156 0.0156 0.0156 0.0156 0.0156 0.0156 0.0156 0.0156
5282.21 0.0159 0.0159 0.0159 0.0159 0.0159 0.0159 0.0159 0.0159
5290.05 0.0162 0.0162 0.0162 0.0162 0.0162 0.0162 0.0162 0.0162
5297.77 0.0165 0.0165 0.0165 0.0165 0.0165 0.0165 0.0165 0.0165
5305.38 0.0168 0.0168 0.0168 0.0168 0.0168 0.0168 0.0168 0.0168
5312.88 0.0171 0.0171 0.0171 0.0171 0.0171 0.0171 0.0171 0.0171
5320.28 0.0174 0.0174 0.0174 0.0174 0.0174 0.0174 0.0174 0.0174
5327.58 0.0177 0.0177 0.0177 0.0177 0.0177 0.0177 0.0177 0.0177
5334.79 0.018 0.018 0.018 0.018 0.018 0.018 0.018 0.018
5341.91 0.0183 0.0183 0.0183 0.0183 0.0183 0.0183 0.0183 0.0183
5348.93 0.0186 0.0186 0.0186 0.0186 0.0186 0.0186 0.0186 0.0186
5355.87 0.0189 0.0189 0.0189 0.0189 0.0189 0.0189 0.0189 0.0189
5362.73 0.0192 0.0192 0.0192 0.0192 0.0192 0.0192 0.0192 0.0192
5369.5 0.0195 0.0195 0.0195 0.0195 0.0195 0.0195 0.0195 0.0195
5376.2 0.0198 0.0198 0.0198 0.0198 0.0198 0.0198 0.0198 0.0198
4672.82 0.0201 0.0201 0.0198 0.0201 0.0201 0.0201 0.0201 0.0201
4679.37 0.0204 0.0204 0.0198 0.0204 0.0204 0.0204 0.0204 0.0204
4685.85 0.0207 0.0207 0.0198 0.0207 0.0207 0.0207 0.0207 0.0207
4692.25 0.021 0.021 0.0198 0.021 0.021 0.021 0.021 0.021
4698.6 0.0213 0.0213 0.0198 0.0213 0.0213 0.0213 0.0213 0.0213
4704.87 0.0216 0.0216 0.0198 0.0216 0.0216 0.0216 0.0216 0.0216
4711.08 0.0219 0.0219 0.0198 0.0219 0.0219 0.0219 0.0219 0.0219
4717.23 0.0222 0.0222 0.0198 0.0222 0.0222 0.0222 0.0222 0.0222
4723.32 0.0225 0.0225 0.0198 0.0225 0.0225 0.0225 0.0225 0.0225
4729.36 0.0228 0.0228 0.0198 0.0228 0.0228 0.0228 0.0228 0.0228
4735.33 0.0231 0.0231 0.0198 0.0231 0.0231 0.0231 0.0231 0.0231
4741.26 0.0234 0.0234 0.0198 0.0234 0.0234 0.0234 0.0234 0.0234
4747.12 0.0237 0.0237 0.0198 0.0237 0.0237 0.0237 0.0237 0.0237
4752.94 0.024 0.024 0.0198 0.024 0.024 0.024 0.024 0.024
4758.71 0.0243 0.0243 0.0198 0.0243 0.0243 0.0243 0.0243 0.0243
4764.43 0.0246 0.0246 0.0198 0.0246 0.0246 0.0246 0.0246 0.0246
4770.1 0.0249 0.0249 0.0198 0.0249 0.0249 0.0249 0.0249 0.0249
4775.72 0.0252 0.0252 0.0198 0.0252 0.0252 0.0252 0.0252 0.0252
4781.3 0.0255 0.0255 0.0198 0.0255 0.0255 0.0255 0.0255 0.0255
4786.83 0.0258 0.0258 0.0198 0.0258 0.0258 0.0258 0.0258 0.0258
4792.33 0.0261 0.0261 0.0198 0.0261 0.0261 0.0261 0.0261 0.0261
4797.78 0.0264 0.0264 0.0198 0.0264 0.0264 0.0264 0.0264 0.0264
4803.19 0.0267 0.0267 0.0198 0.0267 0.0267 0.0267 0.0267 0.0267
4808.56 0.027 0.027 0.0198 0.027 0.027 0.027 0.027 0.027
4813.89 0.0273 0.0273 0.0198 0.0273 0.0273 0.0273 0.0273 0.0273
4819.18 0.0276 0.0276 0.0198 0.0276 0.0276 0.0276 0.0276 0.0276
4824.44 0.0279 0.0279 0.0198 0.0279 0.0279 0.0279 0.0279 0.0279
4829.66 0.0282 0.0282 0.0198 0.0282 0.0282 0.0282 0.0282 0.0282
4834.85 0.0285 0.0285 0.0198 0.0285 0.0285 0.0285 0.0285 0.0285
4840.01 0.0288 0.0288 0.0198 0.0288 0.0288 0.0288 0.0288 0.0288
4845.13 0.0291 0.0291 0.0198 0.0291 0.0291 0.0291 0.0291 0.0291
4850.22 0.0294 0.0294 0.0198 0.0294 0.0294 0.0294 0.0294 0.0294
4855.28 0.0297 0.0297 0.0198 0.0297 0.0297 0.0297 0.0297 0.0297
4860.31 0.03 0.03 0.0198 0.03 0.03 0.03 0.03 0.03
4865.31 0.0303 0.0303 0.0198 0.0303 0.0303 0.0303 0.0303 0.0303
4870.28 0.0306 0.0306 0.0198 0.0306 0.0306 0.0306 0.0306 0.0306
4875.22 0.0309 0.0309 0.0198 0.0309 0.0309 0.0309 0.0309 0.0309
4880.13 0.0312 0.0312 0.0198 0.0312 0.0312 0.0312 0.0312 0.0312
4885.02 0.0315 0.0315 0.0198 0.0315 0.0315 0.0315 0.0315 0.0315
4889.88 0.0318 0.0318 0.0198 0.0318 0.0318 0.0318 0.0318 0.0318
4894.72 0.0321 0.0321 0.0198 0.0321 0.0321 0.0321 0.0321 0.0321
4899.53 0.0324 0.0324 0.0198 0.0324 0.0324 0.0324 0.0324 0.0324
4904.32 0.0327 0.0327 0.0198 0.0327 0.0327 0.0327 0.0327 0.0327
4909.08 0.033 0.033 0.0198 0.033 0.033 0.033 0.033 0.033
4913.83 0.0333 0.0333 0.0198 0.0333 0.0333 0.0333 0.0333 0.0333
4918.55 0.0336 0.0336 0.0198 0.0336 0.0336 0.0336 0.0336 0.0336
4923.24 0.0339 0.0339 0.0198 0.0339 0.0339 0.0339 0.0339 0.0339
4927.92 0.0342 0.0342 0.0198 0.0342 0.0342 0.0342 0.0342 0.0342
4932.57 0.0345 0.0345 0.0198 0.0345 0.0345 0.0345 0.0345 0.0345
4937.21 0.0348 0.0348 0.0198 0.0348 0.0348 0.0348 0.0348 0.0348
4941.83 0.0351 0.0351 0.0198 0.0351 0.0351 0.0351 0.0351 0.0351
4946.42 0.0354 0.0354 0.0198 0.0354 0.0354 0.0354 0.0354 0.0354
4951 0.0357 0.0357 0.0198 0.0357 0.0357 0.0357 0.0357 0.0357
4955.56 0.036 0.036 0.0198 0.036 0.036 0.036 0.036 0.036
4960.1 0.0363 0.0363 0.0198 0.0363 0.0363 0.0363 0.0363 0.0363
4964.62 0.0366 0.0366 0.0198 0.0366 0.0366 0.0366 0.0366 0.0366
4969.13 0.0369 0.0369 0.0198 0.0369 0.0369 0.0369 0.0369 0.0369
4973.62 0.0372 0.0372 0.0198 0.0372 0.0372 0.0372 0.0372 0.0372
4978.1 0.0375 0.0375 0.0198 0.0375 0.0375 0.0375 0.0375 0.0375
4982.55 0.0378 0.0378 0.0198 0.0378 0.0378 0.0378 0.0378 0.0378
4987 0.0381 0.0381 0.0198 0.0381 0.0381 0.0381 0.0381 0.0381
4991.43 0.0384 0.0384 0.0198 0.0384 0.0384 0.0384 0.0384 0.0384
4995.84 0.0387 0.0387 0.0198 0.0387 0.0387 0.0387 0.0387 0.0387
5000.24 0.039 0.039 0.0198 0.039 0.039 0.039 0.039 0.039
5004.62 0.0393 0.0393 0.0198 0.0393 0.0393 0.0393 0.0393 0.0393
5009 0.0396 0.0396 0.0198 0.0396 0.0396 0.0396 0.0396 0.0396
5013.36 0.0399 0.0399 0.0198 0.0399 0.0399 0.0399 0.0399 0.0399
5017.7 0.0402 0.0402 0.0198 0.0402 0.0402 0.0402 0.0402 0.0402
5022.03 0.0405 0.0405 0.0198 0.0405 0.0405 0.0405 0.0405 0.0405
5026.35 0.0408 0.0408 0.0198 0.0408 0.0408 0.0408 0.0408 0.0408
5030.66 0.0411 0.0411 0.0198 0.0411 0.0411 0.0411 0.0411 0.0411
5034.96 0.0414 0.0414 0.0198 0.0414 0.0414 0.0414 0.0414 0.0414
5039.24 0.0417 0.0417 0.0198 0.0417 0.0417 0.0417 0.0417 0.0417
5043.52 0.042 0.042 0.0198 0.042 0.042 0.042 0.042 0.042
5047.78 0.0423 0.0423 0.0198 0.0423 0.0423 0.0423 0.0423 0.0423
5052.03 0.0426 0.0426 0.0198 0.0426 0.0426 0.0426 0.0426 0.0426
5056.27 0.0429 0.0429 0.0198 0.0429 0.0429 0.0429 0.0429 0.0429
5060.51 0.0432 0.0432 0.0198 0.0432 0.0432 0.0432 0.0432 0.0432
5064.73 0.0435 0.0435 0.0198 0.0435 0.0435 0.0435 0.0435 0.0435
5068.94 0.0438 0.0438 0.0198 0.0438 0.0438 0.0438 0.0438 0.0438
5073.14 0.0441 0.0441 0.0198 0.0441 0.0441 0.0441 0.0441 0.0441
5077.33 0.0444 0.0444 0.0198 0.0444 0.0444 0.0444 0.0444 0.0444
5081.52 0.0447 0.0447 0.0198 0.0447 0.0447 0.0447 0.0447 0.0447
5085.69 0.045 0.045 0.0198 0.045 0.045 0.045 0.045 0.045
5089.86 0.0453 0.0453 0.0198 0.0453 0.0453 0.0453 0.0453 0.0453
5094.02 0.0456 0.0456 0.0198 0.0456 0.0456 0.0456 0.0456 0.0456
5098.17 0.0459 0.0459 0.0198 0.0459 0.0459 0.0459 0.0459 0.0459
5102.31 0.0462 0.0462 0.0198 0.0462 0.0462 0.0462 0.0462 0.0462
5106.44 0.0465 0.0465 0.0198 0.0465 0.0465 0.0465 0.0465 0.0465
5110.57 0.0468 0.0468 0.0198 0.0468 0.0468 0.0468 0.0468 0.0468
5114.68 0.0471 0.0471 0.0198 0.0471 0.0471 0.0471 0.0471 0.0471
5118.79 0.0474 0.0474 0.0198 0.0474 0.0474 0.0474 0.0474 0.0474
5122.9 0.0477 0.0477 0.0198 0.0477 0.0477 0.0477 0.0477 0.0477
5126.99 0.048 0.048 0.0198 0.048 0.048 0.048 0.048 0.048
5131.08 0.0483 0.0483 0.0198 0.0483 0.0483 0.0483 0.0483 0.0483
5135.16 0.0486 0.0486 0.0198 0.0486 0.0486 0.0486 0.0486 0.0486
5139.24 0.0489 0.0489 0.0198 0.0489 0.0489 0.0489 0.0489 0.0489
5143.31 0.0492 0.0492 0.0198 0.0492 0.0492 0.0492 0.0492 0.0492
5147.37 0.0495 0.0495 0.0198 0.0495 0.0495 0.0495 0.0495 0.0495
5151.43 0.0498 0.0498 0.0198 0.0498 0.0498 0.0498 0.0498 0.0498
5155.48 0.0501 0.0501 0.0198 0.0501 0.0501 0.0501 0.0501 0.0501
5159.52 0.0504 0.0504 0.0198 0.0504 0.0504 0.0504 0.0504 0.0504
5163.56 0.0507 0.0507 0.0198 0.0507 0.0507 0.0507 0.0507 0.0507
5167.59 0.051 0.051 0.0198 0.051 0.051 0.051 0.051 0.051
5171.62 0.0513 0.0513 0.0198 0.0513 0.0513 0.0513 0.0513 0.0513
5175.64 0.0516 0.0516 0.0198 0.0516 0.0516 0.0516 0.0516 0.0516
5179.66 0.0519 0.0519 0.0198 0.0519 0.0519 0.0519 0.0519 0.0519
5183.67 0.0522 0.0522 0.0198 0.0522 0.0522 0.0522 0.0522 0.0522
5187.67 0.0525 0.0525 0.0198 0.0525 0.0525 0.0525 0.0525 0.0525
5191.67 0.0528 0.0528 0.0198 0.0528 0.0528 0.0528 0.0528 0.0528
5195.67 0.0531 0.0531 0.0198 0.0531 0.0531 0.0531 0.0531 0.0531
5199.66 0.0534 0.0534 0.0198 0.0534 0.0534 0.0534 0.0534 0.0534
5203.64 0.0537 0.0537 0.0198 0.0537 0.0537 0.0537 0.0537 0.0537
5207.62 0.054 0.054 0.0198 0.054 0.054 0.054 0.054 0.054
5211.6 0.0543 0.0543 0.0198 0.0543 0.0543 0.0543 0.0543 0.0543
5215.57 0.0546 0.0546 0.0198 0.0546 0.0546 0.0546 0.0546 0.0546
5219.54 0.0549 0.0549 0.0198 0.0549 0.0549 0.0549 0.0549 0.0549
5223.5 0.0552 0.0552 0.0198 0.0552 0.0552 0.0552 0.0552 0.0552
5227.46 0.0555 0.0555 0.0198 0.0555 0.0555 0.0555 0.0555 0.0555
5231.41 0.0558 0.0558 0.0198 0.0558 0.0558 0.0558 0.0558 0.0558
5235.36 0.0561 0.0561 0.0198 0.0561 0.0561 0.0561 0.0561 0.0561
5239.31 0.0564 0.0564 0.0198 0.0564 0.0564 0.0564 0.0564 0.0564
5243.25 0.0567 0.0567 0.0198 0.0567 0.0567 0.0567 0.0567 0.0567
5247.19 0.057 0.057 0.0198 0.057 0.057 0.057 0.057 0.057
5251.12 0.0573 0.0573 0.0198 0.0573 0.0573 0.0573 0.0573 0.0573
5255.05 0.0576 0.0576 0.0198 0.0576 0.0576 0.0576 0.0576 0.0576
5258.98 0.0579 0.0579 0.0198 0.0579 0.0579 0.0579 0.0579 0.0579
5262.9 0.0582 0.0582 0.0198 0.0582 0.0582 0.0582 0.0582 0.0582
5266.82 0.0585 0.0585 0.0198 0.0585 0.0585 0.0585 0.0585 0.0585
5270.74 0.0588 0.0588 0.0198 0.0588 0.0588 0.0588 0.0588 0.0588
5274.65 0.0591 0.0591 0.0198 0.0591 0.0591 0.0591 0.0591 0.0591
5278.56 0.0594 0.0594 0.0198 0.0594 0.0594 0.0594 0.0594 0.0594
5282.46 0.0597 0.0597 0.0198 0.0597 0.0597 0.0597 0.0597 0.0597
5286.36 0.06 0.06 0.0198 0.06 0.06 0.06 0.06 0.06
5290.26 0.0603 0.0603 0.0198 0.0603 0.0603 0.0603 0.0603 0.0603
5294.15 0.0606 0.0606 0.0198 0.0606 0.0606 0.0606 0.0606 0.0606
5298.05 0.0609 0.0609 0.0198 0.0609 0.0609 0.0609 0.0609 0.0609
5301.93 0.0612 0.0612 0.0198 0.0612 0.0612 0.0612 0.0612 0.0612
5305.82 0.0615 0.0615 0.0198 0.0615 0.0615 0.0615 0.0615 0.0615
5309.7 0.0618 0.0618 0.0198 0.0618 0.0618 0.0618 0.0618 0.0618
5313.58 0.0621 0.0621 0.0198 0.0621 0.0621 0.0621 0.0621 0.0621
5317.46 0.0624 0.0624 0.0198 0.0624 0.0624 0.0624 0.0624 0.0624
5321.33 0.0627 0.0627 0.0198 0.0627 0.0627 0.0627 0.0627 0.0627
5325.2 0.063 0.063 0.0198 0.063 0.063 0.063 0.063 0.063
5329.07 0.0633 0.0633 0.0198 0.0633 0.0633 0.0633 0.0633 0.0633
5332.93 0.0636 0.0636 0.0198 0.0636 0.0636 0.0636 0.0636 0.0636
5336.79 0.0639 0.0639 0.0198 0.0639 0.0639 0.0639 0.0639 0.0639
5340.65 0.0642 0.0642 0.0198 0.0642 0.0642 0.0642 0.0642 0.0642
5344.51 0.0645 0.0645 0.0198 0.0645 0.0645 0.0645 0.0645 0.0645
5348.36 0.0648 0.0648 0.0198 0.0648 0.0648 0.0648 0.0648 0.0648
5352.21 0.0651 0.0651 0.0198 0.0651 0.0651 0.0651 0.0651 0.0651
5356.06 0.0654 0.0654 0.0198 0.0654 0.0654 0.0654 0.0654 0.0654
5359.91 0.0657 0.0657 0.0198 0.0657 0.0657 0.0657 0.0657 0.0657
5363.75 0.066 0.066 0.0198 0.066 0.066 0.066 0.066 0.066
5367.59 0.0663 0.0663 0.0198 0.0663 0.0663 0.0663 0.0663 0.0663
5371.43 0.0666 0.0666 0.0198 0.0666 0.0666 0.0666 0.0666 0.0666
5375.26 0.0669 0.0669 0.0198 0.0669 0.0669 0.0669 0.0669 0.0669
5379.1 0.0672 0.0672 0.0198 0.0672 0.0672 0.0672 0.0672 0.0672
5382.93 0.0675 0.0675 0.0198 0.0675 0.0675 0.0675 0.0675 0.0675
5386.75 0.0678 0.0678 0.0198 0.0678 0.0678 0.0678 0.0678 0.0678
5390.58 0.0681 0.0681 0.0198 0.0681 0.0681 0.0681 0.0681 0.0681
5394.4 0.0684 0.0684 0.0198 0.0684 0.0684 0.0684 0.0684 0.0684
5398.22 0.0687 0.0687 0.0198 0.0687 0.0687 0.0687 0.0687 0.0687
5402.04 0.069 0.069 0.0198 0.069 0.069 0.069 0.069 0.069
5405.86 0.0693 0.0693 0.0198 0.0693 0.0693 0.0693 0.0693 0.0693
5409.67 0.0696 0.0696 0.0198 0.0696 0.0696 0.0696 0.0696 0.0696
5413.49 0.0699 0.0699 0.0198 0.0699 0.0699 0.0699 0.0699 0.0699
5417.3 0.0702 0.0702 0.0198 0.0702 0.0702 0.0702 0.0702 0.0702
5421.1 0.0705 0.0705 0.0198 0.0705 0.0705 0.0705 0.0705 0.0705
5424.91 0.0708 0.0708 0.0198 0.0708 0.0708 0.0708 0.0708 0.0708
5428.71 0.0711 0.0711 0.0198 0.0711 0.0711 0.0711 0.0711 0.0711
5432.51 0.0714 0.0714 0.0198 0.0714 0.0714 0.0714 0.0714 0.0714
5436.31 0.0717 0.0717 0.0198 0.0717 0.0717 0.0717 0.0717 0.0717
5440.11 0.072 0.072 0.0198 0.072 0.072 0.072 0.072 0.072
5443.9 0.0723 0.0723 0.0198 0.0723 0.0723 0.0723 0.0723 0.0723
5447.69 0.0726 0.0726 0.0198 0.0726 0.0726 0.0726 0.0726 0.0726
5451.48 0.0729 0.0729 0.0198 0.0729 0.0729 0.0729 0.0729 0.0729
5455.27 0.0732 0.0732 0.0198 0.0732 0.0732 0.0732 0.0732 0.0732
5459.06 0.0735 0.0735 0.0198 0.0735 0.0735 0.0735 0.0735 0.0735
5462.84 0.0738 0.0738 0.0198 0.0738 0.0738 0.0738 0.0738 0.0738
5466.63 0.0741 0.0741 0.0198 0.0741 0.0741 0.0741 0.0741 0.0741
5470.41 0.0744 0.0744 0.0198 0.0744 0.0744 0.0744 0.0744 0.0744
5474.19 0.0747 0.0747 0.0198 0.0747 0.0747 0.0747 0.0747 0.0747
5477.96 0.075 0.075 0.0198 0.075 0.075 0.075 0.075 0.075
5481.74 0.0753 0.0753 0.0198 0.0753 0.0753 0.0753 0.0753 0.0753
5485.51 0.0756 0.0756 0.0198 0.0756 0.0756 0.0756 0.0756 0.0756
5489.28 0.0759 0.0759 0.0198 0.0759 0.0759 0.0759 0.0759 0.0759
5493.05 0.0762 0.0762 0.0198 0.0762 0.0762 0.0762 0.0762 0.0762
5496.82 0.0765 0.0765 0.0198 0.0765 0.0765 0.0765 0.0765 0.0765
5500.58 0.0768 0.0768 0.0198 0.0768 0.0768 0.0768 0.0768 0.0768
5504.35 0.0771 0.0771 0.0198 0.0771 0.0771 0.0771 0.0771 0.0771
5508.11 0.0774 0.0774 0.0198 0.0774 0.0774 0.0774 0.0774 0.0774
5511.87 0.0777 0.0777 0.0198 0.0777 0.0777 0.0777 0.0777 0.0777
5515.63 0.078 0.078 0.0198 0.078 0.078 0.078 0.078 0.078
5519.39 0.0783 0.0783 0.0198 0.0783 0.0783 0.0783 0.0783 0.0783
5523.14 0.0786 0.0786 0.0198 0.0786 0.0786 0.0786 0.0786 0.0786
5526.89 0.0789 0.0789 0.0198 0.0789 0.0789 0.0789 0.0789 0.0789
5530.65 0.0792 0.0792 0.0198 0.0792 0.0792 0.0792 0.0792 0.0792
5534.39 0.0795 0.0795 0.0198 0.0795 0.0795 0.0795 0.0795 0.0795
5538.14 0.0798 0.0798 0.0198 0.0798 0.0798 0.0798 0.0798 0.0798
5541.89 0.0801 0.0801 0.0198 0.0801 0.0801 0.0801 0.0801 0.0801
5545.63 0.0804 0.0804 0.0198 0.0804 0.0804 0.0804 0.0804 0.0804
5549.38 0.0807 0.0807 0.0198 0.0807 0.0807 0.0807 0.0807 0.0807
5553.12 0.081 0.081 0.0198 0.081 0.081 0.081 0.081 0.081
5556.86 0.0813 0.0813 0.0198 0.0813 0.0813 0.0813 0.0813 0.0813
5560.6 0.0816 0.0816 0.0198 0.0816 0.0816 0.0816 0.0816 0.0816
5564.33 0.0819 0.0819 0.0198 0.0819 0.0819 0.0819 0.0819 0.0819
5568.07 0.0822 0.0822 0.0198 0.0822 0.0822 0.0822 0.0822 0.0822
5571.8 0.0825 0.0825 0.0198 0.0825 0.0825 0.0825 0.0825 0.0825
5575.53 0.0828 0.0828 0.0198 0.0828 0.0828 0.0828 0.0828 0.0828
5579.26 0.0831 0.0831 0.0198 0.0831 0.0831 0.0831 0.0831 0.0831
5582.99 0.0834 0.0834 0.0198 0.0834 0.0834 0.0834 0.0834 0.0834
5586.72 0.0837 0.0837 0.0198 0.0837 0.0837 0.0837 0.0837 0.0837
5590.45 0.084 0.084 0.0198 0.084 0.084 0.084 0.084 0.084
5594.17 0.0843 0.0843 0.0198 0.0843 0.0843 0.0843 0.0843 0.0843
5597.89 0.0846 0.0846 0.0198 0.0846 0.0846 0.0846 0.0846 0.0846
5601.61 0.0849 0.0849 0.0198 0.0849 0.0849 0.0849 0.0849 0.0849
5605.33 0.0852 0.0852 0.0198 0.0852 0.0852 0.0852 0.0852 0.0852
5609.05 0.0855 0.0855 0.0198 0.0855 0.0855 0.0855 0.0855 0.0855
5612.77 0.0858 0.0858 0.0198 0.0858 0.0858 0.0858 0.0858 0.0858
5616.48 0.0861 0.0861 0.0198 0.0861 0.0861 0.0861 0.0861 0.0861
5620.2 0.0864 0.0864 0.0198 0.0864 0.0864 0.0864 0.0864 0.0864
5623.91 0.0867 0.0867 0.0198 0.0867 0.0867 0.0867 0.0867 0.0867
5627.62 0.087 0.087 0.0198 0.087 0.087 0.087 0.087 0.087
5631.33 0.0873 0.0873 0.0198 0.0873 0.0873 0.0873 0.0873 0.0873
5635.04 0.0876 0.0876 0.0198 0.0876 0.0876 0.0876 0.0876 0.0876
5638.75 0.0879 0.0879 0.0198 0.0879 0.0879 0.0879 0.0879 0.0879
5642.45 0.0882 0.0882 0.0198 0.0882 0.0882 0.0882 0.0882 0.0882
5646.16 0.0885 0.0885 0.0198 0.0885 0.0885 0.0885 0.0885 0.0885
5649.86 0.0888 0.0888 0.0198 0.0888 0.0888 0.0888 0.0888 0.0888
5653.56 0.0891 0.0891 0.0198 0.0891 0.0891 0.0891 0.0891 0.0891
5657.26 0.0894 0.0894 0.0198 0.0894 0.0894 0.0894 0.0894 0.0894
5660.96 0.0897 0.0897 0.0198 0.0897 0.0897 0.0897 0.0897 0.0897
5664.66 0.09 0.09 0.0198 0.09 0.09 0.09 0.09 0.09
4988.35 0.0903 0.0903 0.0198 0.0903 0.0903 0.0903 0.09 0.0903
