8772.27 -0.02
15837.1 -0.04
20898.8 -0.06
23545.5 -0.08
24759.4 -0.1
25282.7 -0.12
25477.1 -0.14
25512.1 -0.16
25469.6 -0.18
25385.7 -0.2
25283.2 -0.22
25171.2 -0.24
25055.3 -0.26
24942.6 -0.28
24829.8 -0.3
24719.2 -0.32
24614.6 -0.34
24513.8 -0.36
24411.7 -0.38
24317.2 -0.4
24228.8 -0.42
24140.6 -0.44
24055.6 -0.46
23974.4 -0.48
23896.3 -0.5
23818.5 -0.52
23744.7 -0.54
23675.3 -0.56
23610 -0.58
23546.9 -0.6
23484.2 -0.62
23420.1 -0.64
23356.2 -0.66
23295.3 -0.68
23238.8 -0.7
23183.2 -0.72
23132.4 -0.74
23084.5 -0.76
23036.4 -0.78
22989.8 -0.8
22942.8 -0.82
22896.6 -0.84
22849 -0.86
22802.2 -0.88
22757 -0.9
22712.6 -0.92
22669.7 -0.94
22627.9 -0.96
22587.8 -0.98
22549.9 -1
22513.8 -1.02
22478.2 -1.04
22442.5 -1.06
22408.2 -1.08
22376 -1.1
22342.9 -1.12
22309.4 -1.14
22276.8 -1.16
22244.5 -1.18
22212.8 -1.2
22181.7 -1.22
22150.7 -1.24
22119.9 -1.26
22089.7 -1.28
22060.2 -1.3
22031.3 -1.32
22002.2 -1.34
21973.6 -1.36
21945.7 -1.38
21918.5 -1.4
21892 -1.42
21865.6 -1.44
21839.7 -1.46
21814.4 -1.48
21789.8 -1.5
21765.7 -1.52
21742.2 -1.54
21719 -1.56
21695.7 -1.58
21672.9 -1.6
21650.7 -1.62
21629.3 -1.64
21608.4 -1.66
21586.8 -1.68
21565.3 -1.7
21543.5 -1.72
21522.3 -1.74
21501.7 -1.76
21480.9 -1.78
21460.9 -1.8
21441 -1.82
21421.3 -1.84
21401.3 -1.86
21381.4 -1.88
21361.8 -1.9
21342.6 -1.92
21323.7 -1.94
21305.2 -1.96
21286.9 -1.98
21268.7 -2
21250.6 -2.02
21232.7 -2.04
21214.9 -2.06
21197.3 -2.08
21179.8 -2.1
21162.6 -2.12
21145.6 -2.14
21128.8 -2.16
21112.2 -2.18
21095.9 -2.2
21079.8 -2.22
21063.9 -2.24
21048.2 -2.26
21032.7 -2.28
21017.2 -2.3
21001.8 -2.32
20986.7 -2.34
20971.8 -2.36
20957.1 -2.38
20942.6 -2.4
20928.3 -2.42
20914.2 -2.44
20900.2 -2.46
20886 -2.48
20872 -2.5
20858.1 -2.52
20844.4 -2.54
20830.9 -2.56
20817.5 -2.58
20804.3 -2.6
20791.3 -2.62
20778.5 -2.64
20765.8 -2.66
20752.9 -2.68
20740.2 -2.7
20727.7 -2.72
20715.3 -2.74
20703 -2.76
20690.7 -2.78
20678.4 -2.8
20666.2 -2.82
20654.1 -2.84
20642.2 -2.86
20630.5 -2.88
20618.8 -2.9
20607.3 -2.92
20595.9 -2.94
20584.4 -2.96
20572.7 -2.98
20561.1 -3
20549.6 -3.02
20538.3 -3.04
20527 -3.06
20515.8 -3.08
20504.6 -3.1
20493.5 -3.12
20482.5 -3.14
20471.6 -3.16
20460.6 -3.18
20449.7 -3.2
20438.9 -3.22
20428.3 -3.24
20417.9 -3.26
20407.5 -3.28
20397.2 -3.3
20386.9 -3.32
20376.8 -3.34
20366.7 -3.36
20356.3 -3.38
20345.9 -3.4
20335.6 -3.42
20325.5 -3.44
20315.5 -3.46
20305.6 -3.48
20295.8 -3.5
20286.2 -3.52
20276.7 -3.54
20267.3 -3.56
20258 -3.58
20248.6 -3.6
20239.3 -3.62
20230 -3.64
20220.7 -3.66
20211.4 -3.68
20202 -3.7
20192.5 -3.72
20183.1 -3.74
20173.7 -3.76
20164.4 -3.78
20155.2 -3.8
20146.1 -3.82
20137.1 -3.84
20128.1 -3.86
20119.3 -3.88
20110.5 -3.9
20101.7 -3.92
20093 -3.94
20084.2 -3.96
20075.5 -3.98
20066.8 -4
20058.2 -4.02
