1 -300000 -300000 -300000 2.74141e-12 -1.31587e-11 0 0
2 -300000 -300000 -300000 -2.87217e-11 -1.31587e-11 -1.88778e-11 1.19232e-16
178214 -300001 -300001 -541819 8.11399e-07 -1.40501e-07 4.67377e-07 0.283314
401806 -300002 -299998 -735643 0.103995 -0.854109 0.0510081 0.439318
583230 -299999 -300002 -906069 -0.0283997 0.392172 -0.222584 0.544506
745089 -300011 -300005 -1.05755e+06 2.43661 -0.383852 0.887495 0.620428
893135 -300002 -300003 -1.19552e+06 -0.15041 0.0651023 -0.193619 0.678785
1.03521e+06 -300003 -300003 -1.32019e+06 0.059443 0.0282492 -0.0794312 0.7245
1.15705e+06 -300002 -300003 -1.43436e+06 -0.0925218 0.0017481 -0.0960172 0.761588
1.27224e+06 -300002 -300002 -1.53905e+06 -0.149342 0.00142717 -0.0936436 0.792201
1.37704e+06 -300006 -300007 -1.62816e+06 -0.134439 0.00484128 -0.0802582 0.816042
1.46815e+06 -300009 -300005 -1.71463e+06 -0.253931 -0.06332 0.285913 0.83747
1.53587e+06 -300005 -300004 -1.79312e+06 -0.115656 0.0141923 -0.0755001 0.855613
1.59848e+06 -300004 -300003 -1.85541e+06 -0.109221 0.136248 0.0253846 0.869204
1.67025e+06 -300007 -300008 -1.92069e+06 -0.106063 -0.117103 -0.201198 0.882736
1.74108e+06 -300010 -300010 -1.98913e+06 -0.184336 -0.0188858 -0.100665 0.896206
1.79588e+06 -300019 -300020 -2.03664e+06 -0.0880969 0.0419868 0.0447922 0.905147
1.81881e+06 -300005 -300006 -2.07582e+06 -0.085488 0.0193111 -0.0510515 0.912309
1.85836e+06 -300007 -300007 -2.1162e+06 -0.0829741 0.020316 -0.0477363 0.919462
1.90121e+06 -300008 -300009 -2.15774e+06 -0.0804673 0.0211303 -0.0446512 0.926606
1.94426e+06 -300010 -300011 -2.20049e+06 -0.0779555 0.0217707 -0.0417675 0.933741
1.98787e+06 -300011 -300012 -2.24449e+06 -0.075987 0.0222581 -0.039058 0.940867
2.03604e+06 -300016 -300016 -2.28983e+06 -0.0728876 0.0226028 -0.0365001 0.947982
2.05014e+06 -300010 -300010 -2.31473e+06 -0.0597298 0.0205119 -0.0281621 0.951807
2.06704e+06 -300011 -300011 -2.33141e+06 -0.0580113 0.0206976 -0.0264537 0.954327
2.08427e+06 -300012 -300012 -2.34827e+06 -0.0563183 0.0208223 -0.0248376 0.956848
2.1017e+06 -300013 -300013 -2.36533e+06 -0.0546498 0.0208907 -0.0233078 0.959368
2.11928e+06 -300013 -300014 -2.38257e+06 -0.0527425 0.0181371 -0.0263726 0.961888
2.13718e+06 -300015 -300016 -2.40003e+06 -0.0513855 0.0210744 -0.0202442 0.964409
2.15567e+06 -300017 -300017 -2.41768e+06 -0.0497831 0.020986 -0.0189533 0.966929
2.17397e+06 -300018 -300018 -2.43554e+06 -0.0482004 0.0208592 -0.0177248 0.969449
2.19203e+06 -300020 -300020 -2.4536e+06 -0.0466365 0.0206955 -0.016556 0.971969
2.21118e+06 -300022 -300022 -2.47188e+06 -0.0450903 0.0204991 -0.0154416 0.974488
2.23056e+06 -300024 -300024 -2.49037e+06 -0.0435607 0.0202718 -0.0143789 0.977008
2.24807e+06 -300024 -300024 -2.50907e+06 -0.0403057 0.0106347 -0.0206976 0.979527
2.26869e+06 -300029 -300029 -2.52803e+06 -0.0405743 0.0202354 -0.0119368 0.982046
2.28842e+06 -300031 -300031 -2.54719e+06 -0.0390891 0.0198996 -0.0110361 0.984565
2.30728e+06 -300032 -300032 -2.56657e+06 -0.0376179 0.0195449 -0.0101715 0.987084
2.32738e+06 -300035 -300035 -2.58621e+06 -0.0361586 0.0191722 -0.00933995 0.989602
2.34778e+06 -300038 -300039 -2.60608e+06 -0.0347111 0.0187832 -0.00853932 0.99212
2.35509e+06 -300016 -300016 -2.62599e+06 -0.0332799 0.018383 -0.00776756 0.994639
2.37577e+06 -300018 -300018 -2.64634e+06 -0.0318529 0.0179654 -0.00702133 0.997157
2.39575e+06 -300019 -300019 -2.66694e+06 -0.0304348 0.0175355 -0.00629859 0.999675
2.40122e+06 -300027 -300027 -2.66969e+06 -0.0213868 0.0148209 -0.00194246 1
2.40235e+06 -300029 -300029 -2.6697e+06 -0.0210211 0.014597 -0.00185137 1
2.40238e+06 -300029 -300029 -2.6697e+06 -0.0206611 0.014377 -0.00176224 1
2.40237e+06 -300029 -300029 -2.6697e+06 -0.0203068 0.0141607 -0.00167522 1
2.40142e+06 -300027 -300027 -2.66968e+06 -0.0201828 0.0117739 -0.00407577 1
2.40235e+06 -300029 -300029 -2.6697e+06 -0.0196123 0.0138486 -0.00139181 1
2.40238e+06 -300029 -300029 -2.6697e+06 -0.0192748 0.0136374 -0.00131664 1
2.40157e+06 -300027 -300027 -2.66969e+06 -0.0189429 0.0134303 -0.00124296 1
2.40264e+06 -300029 -300029 -2.6697e+06 -0.0186158 0.0132263 -0.00117091 1
2.40157e+06 -300027 -300027 -2.66969e+06 -0.0182945 0.0130263 -0.00110053 1
2.40147e+06 -300027 -300027 -2.66968e+06 -0.0177603 0.0107502 -0.00340865 1
2.40154e+06 -300027 -300027 -2.66969e+06 -0.0176695 0.0127439 -0.000851397 1
2.4026e+06 -300029 -300029 -2.6697e+06 -0.017375 0.0124179 -0.0009664 1
2.40157e+06 -300027 -300027 -2.66969e+06 -0.0170615 0.0123635 -0.000724777 1
2.40266e+06 -300029 -300029 -2.6697e+06 -0.0167646 0.0121746 -0.000667538 1
2.40157e+06 -300027 -300027 -2.66969e+06 -0.016473 0.0119895 -0.000611532 1
2.40154e+06 -300027 -300027 -2.66969e+06 -0.0161858 0.0118074 -0.000556747 1
2.40235e+06 -300029 -300029 -2.6697e+06 -0.015903 0.0116285 -0.000503174 1
2.40157e+06 -300027 -300027 -2.66969e+06 -0.0156252 0.011453 -0.000450808 1
2.40236e+06 -300029 -300029 -2.6697e+06 -0.0153515 0.0112804 -0.000399624 1
2.40267e+06 -300029 -300029 -2.6697e+06 -0.0150824 0.0111109 -0.000349619 1
2.40217e+06 -300028 -300028 -2.66969e+06 -0.0147861 0.00987177 -0.00163599 1
2.40238e+06 -300029 -300029 -2.6697e+06 -0.0145576 0.0108374 -0.000191451 1
2.40238e+06 -300029 -300029 -2.6697e+06 -0.0143013 0.0106737 -0.000147927 1
2.40262e+06 -300029 -300029 -2.6697e+06 -0.0140509 0.0106881 2.50325e-05 1
2.40238e+06 -300029 -300029 -2.6697e+06 -0.0138011 0.0103474 -7.05329e-05 1
2.40237e+06 -300029 -300029 -2.6697e+06 -0.013557 0.0101928 -2.94314e-05 1
2.40157e+06 -300027 -300027 -2.66969e+06 -0.0133172 0.010041 1.06972e-05 1
2.40155e+06 -300027 -300027 -2.66969e+06 -0.013081 0.00989167 4.9868e-05 1
2.40236e+06 -300029 -300029 -2.6697e+06 -0.0128484 0.00974483 8.80871e-05 1
2.40157e+06 -300027 -300027 -2.66969e+06 -0.01262 0.00960081 0.000125383 1
2.40134e+06 -300027 -300027 -2.66968e+06 -0.0124015 0.00937882 9.75176e-05 1
2.40235e+06 -300029 -300029 -2.6697e+06 -0.0121737 0.00932349 0.000200606 1
2.40157e+06 -300027 -300027 -2.66969e+06 -0.0119563 0.0091866 0.000234996 1
2.40265e+06 -300029 -300029 -2.6697e+06 -0.0117421 0.0090518 0.000268496 1
2.40268e+06 -300029 -300029 -2.6697e+06 -0.0115316 0.00891943 0.000301139 1
2.40238e+06 -300029 -300029 -2.6697e+06 -0.0113245 0.0087893 0.000332928 1
2.40157e+06 -300027 -300027 -2.66969e+06 -0.0111209 0.0086615 0.000363884 1
2.40155e+06 -300027 -300027 -2.66969e+06 -0.0109205 0.00853573 0.000393999 1
2.40236e+06 -300029 -300029 -2.6697e+06 -0.0107232 0.00841196 0.000423286 1
2.40239e+06 -300029 -300029 -2.6697e+06 -0.0105293 0.00829038 0.000451777 1
2.40239e+06 -300029 -300029 -2.6697e+06 -0.0103386 0.00817083 0.000479474 1
2.40239e+06 -300029 -300029 -2.6697e+06 -0.0101511 0.00805327 0.000506391 1
2.40157e+06 -300027 -300027 -2.66969e+06 -0.00996672 0.00793777 0.000532552 1
2.40236e+06 -300029 -300029 -2.6697e+06 -0.00978512 0.00782396 0.000557934 1
2.40157e+06 -300027 -300027 -2.66969e+06 -0.00960678 0.00771224 0.000582595 1
2.40237e+06 -300029 -300029 -2.6697e+06 -0.00943111 0.00760214 0.000606502 1
2.40158e+06 -300027 -300027 -2.66969e+06 -0.00925859 0.00749405 0.000629715 1
2.40266e+06 -300029 -300029 -2.6697e+06 -0.00908868 0.00738753 0.000652195 1
2.4027e+06 -300029 -300029 -2.6697e+06 -0.00892169 0.00728284 0.000673996 1
2.39972e+06 -300024 -300024 -2.66966e+06 -0.0089262 0.00675088 0.000952606 1
2.40151e+06 -300027 -300027 -2.66969e+06 -0.00859439 0.007086 0.000710027 1
2.40237e+06 -300029 -300029 -2.6697e+06 -0.00843546 0.00698605 0.000729935 1
2.39874e+06 -300023 -300023 -2.66965e+06 -0.00827681 0.0134126 0.00727372 1
2.40229e+06 -300029 -300029 -2.6697e+06 -0.00812571 0.00647194 0.000448576 1
2.40158e+06 -300027 -300027 -2.66969e+06 -0.00797477 0.00639307 0.000482715 1
2.40262e+06 -300029 -300029 -2.6697e+06 -0.00782783 0.00648954 0.000645443 1
2.40239e+06 -300029 -300029 -2.6697e+06 -0.00768001 0.00622842 0.000538799 1
2.40264e+06 -300029 -300029 -2.6697e+06 -0.00753808 0.00632694 0.000699333 1
2.40159e+06 -300027 -300027 -2.66969e+06 -0.00739519 0.00606777 0.0005905 1
2.40237e+06 -300029 -300029 -2.6697e+06 -0.00725621 0.00599273 0.000618351 1
2.40158e+06 -300027 -300027 -2.66969e+06 -0.00711974 0.00591861 0.000645039 1
2.40135e+06 -300027 -300027 -2.66968e+06 -0.00699772 0.0059574 0.000754387 1
2.40156e+06 -300027 -300027 -2.66969e+06 -0.00685323 0.0057675 0.000690543 1
2.40156e+06 -300027 -300027 -2.66969e+06 -0.00672342 0.00569584 0.000714162 1
2.40156e+06 -300027 -300027 -2.66969e+06 -0.00659578 0.00562493 0.000736742 1
2.40157e+06 -300027 -300027 -2.66969e+06 -0.00647028 0.00555479 0.000758326 1
2.40237e+06 -300029 -300029 -2.6697e+06 -0.00634681 0.00548534 0.000778935 1
2.4024e+06 -300029 -300029 -2.6697e+06 -0.0062255 0.00541673 0.000798632 1
2.40268e+06 -300029 -300029 -2.6697e+06 -0.00610624 0.00534889 0.000817432 1
2.4027e+06 -300029 -300029 -2.6697e+06 -0.00598899 0.00528182 0.00083537 1
2.40241e+06 -300029 -300029 -2.6697e+06 -0.00587371 0.00521551 0.000852477 1
2.40159e+06 -300027 -300027 -2.66969e+06 -0.00576046 0.00515004 0.000868793 1
2.40267e+06 -300029 -300029 -2.6697e+06 -0.00564898 0.0050852 0.000884296 1
2.4016e+06 -300027 -300027 -2.66969e+06 -0.00553952 0.00502125 0.000899087 1
2.40238e+06 -300029 -300029 -2.6697e+06 -0.00543178 0.00495793 0.000913115 1
2.40416e+06 -300037 -300037 -2.66977e+06 -0.0053256 0.0048951 0.000926387 1
2.40245e+06 -300029 -300029 -2.6697e+06 -0.00522192 0.00483368 0.000939126 1
2.40242e+06 -300029 -300029 -2.6697e+06 -0.00511965 0.00477269 0.000951142 1
2.40241e+06 -300029 -300029 -2.6697e+06 -0.00501913 0.00471243 0.000962525 1
2.4016e+06 -300027 -300027 -2.66969e+06 -0.00492038 0.00465298 0.000973316 1
2.4024e+06 -300029 -300029 -2.6697e+06 -0.00482319 0.00459413 0.000983481 1
2.4022e+06 -300028 -300028 -2.66969e+06 -0.00471859 0.00561435 0.00233454 1
2.4027e+06 -300029 -300029 -2.6697e+06 -0.00463409 0.00442184 0.000940263 1
2.40243e+06 -300029 -300029 -2.6697e+06 -0.00454186 0.00436818 0.000951854 1
2.40271e+06 -300029 -300029 -2.6697e+06 -0.00445122 0.004315 0.000962668 1
2.40272e+06 -300029 -300029 -2.6697e+06 -0.00436214 0.00426239 0.000972853 1
2.40243e+06 -300029 -300029 -2.6697e+06 -0.00427459 0.00421035 0.000982429 1
2.40271e+06 -300029 -300029 -2.6697e+06 -0.00418855 0.00415889 0.000991414 1
2.40162e+06 -300027 -300027 -2.66969e+06 -0.00410404 0.00410805 0.000999856 1
2.40159e+06 -300027 -300027 -2.66969e+06 -0.00402094 0.00405774 0.00100773 1
2.40151e+06 -300027 -300027 -2.66969e+06 -0.00401766 0.00617054 0.00347993 1
2.40267e+06 -300029 -300029 -2.6697e+06 -0.00385753 0.00384981 0.000907291 1
2.40162e+06 -300027 -300027 -2.66969e+06 -0.00377875 0.00380683 0.000919366 1
2.4024e+06 -300029 -300029 -2.6697e+06 -0.00370124 0.00376385 0.000930454 1
2.4027e+06 -300029 -300029 -2.6697e+06 -0.00362513 0.00372125 0.000940851 1
2.40163e+06 -300027 -300027 -2.66969e+06 -0.00355038 0.00367901 0.000950593 1
2.4024e+06 -300029 -300029 -2.6697e+06 -0.00347685 0.003637 0.000959646 1
2.40243e+06 -300029 -300029 -2.6697e+06 -0.00340465 0.00359538 0.000968092 1
2.40162e+06 -300028 -300028 -2.66969e+06 -0.00333376 0.00355416 0.000975959 1
2.40241e+06 -300029 -300029 -2.6697e+06 -0.00326402 0.00351319 0.000983212 1
2.40162e+06 -300028 -300028 -2.66969e+06 -0.00319559 0.00347268 0.000989952 1
2.4016e+06 -300028 -300028 -2.66969e+06 -0.00312831 0.00343248 0.000996145 1
2.40161e+06 -300028 -300028 -2.66969e+06 -0.00306223 0.00339265 0.00100183 1
2.40242e+06 -300029 -300029 -2.6697e+06 -0.00299727 0.00335314 0.00100701 1
2.40055e+06 -300026 -300026 -2.66967e+06 -0.00283505 0.00710791 0.00480554 1
2.40269e+06 -300029 -300029 -2.6697e+06 -0.00287268 0.00308809 0.000828747 1
2.40164e+06 -300028 -300028 -2.66969e+06 -0.00281113 0.00305928 0.000842088 1
2.40242e+06 -300029 -300029 -2.6697e+06 -0.00275062 0.00302999 0.000854202 1
2.40164e+06 -300028 -300028 -2.66969e+06 -0.00269124 0.00300075 0.000865528 1
2.40242e+06 -300029 -300029 -2.6697e+06 -0.00263287 0.00297141 0.000876034 1
2.40245e+06 -300029 -300029 -2.66971e+06 -0.00257556 0.0029421 0.000885806 1
2.4027e+06 -300029 -300029 -2.6697e+06 -0.00253142 0.0027811 0.000718142 1
2.40165e+06 -300028 -300028 -2.66969e+06 -0.00246387 0.00289066 0.000911095 1
2.40244e+06 -300029 -300029 -2.66971e+06 -0.00240956 0.00286107 0.000918411 1
2.40271e+06 -300029 -300029 -2.6697e+06 -0.00235796 0.00296346 0.00110199 1
2.40274e+06 -300029 -300029 -2.66971e+06 -0.00230384 0.00279525 0.00092346 1
2.40248e+06 -300029 -300029 -2.66971e+06 -0.00225243 0.00276639 0.000929451 1
2.40277e+06 -300029 -300029 -2.66971e+06 -0.00220195 0.00273763 0.000934876 1
2.40248e+06 -300029 -300029 -2.66971e+06 -0.00215237 0.00270899 0.000939781 1
2.40166e+06 -300028 -300028 -2.66969e+06 -0.00210371 0.00268053 0.000944205 1
2.40245e+06 -300029 -300029 -2.66971e+06 -0.0020559 0.00265214 0.000948112 1
2.40166e+06 -300028 -300028 -2.66969e+06 -0.00200899 0.00262397 0.0009516 1
2.40246e+06 -300029 -300029 -2.66971e+06 -0.0019629 0.0025959 0.000954616 1
2.40247e+06 -300029 -300029 -2.66971e+06 -0.00191767 0.00256803 0.000957235 1
2.39612e+06 -300019 -300020 -2.66962e+06 -0.00193465 0.00279725 0.00123602 1
2.4015e+06 -300028 -300028 -2.66969e+06 -0.00182884 0.00249981 0.000947879 1
2.40246e+06 -300029 -300029 -2.66971e+06 -0.00178605 0.00247314 0.000950011 1
2.40248e+06 -300030 -300030 -2.66971e+06 -0.00174406 0.00244665 0.000951761 1
2.40249e+06 -300030 -300030 -2.66971e+06 -0.00170283 0.00242033 0.00095315 1
2.40168e+06 -300028 -300028 -2.66969e+06 -0.00166238 0.00239422 0.000954212 1
2.40246e+06 -300030 -300030 -2.66971e+06 -0.00162265 0.00236824 0.000954909 1
2.40249e+06 -300030 -300030 -2.66971e+06 -0.00158367 0.00234248 0.000955311 1
2.40168e+06 -300028 -300028 -2.66969e+06 -0.00154543 0.00231695 0.000955431 1
2.40247e+06 -300030 -300030 -2.66971e+06 -0.00150787 0.00229155 0.000955227 1
2.40169e+06 -300028 -300028 -2.66969e+06 -0.00147104 0.00226643 0.000954789 1
2.40167e+06 -300028 -300028 -2.66969e+06 -0.00143488 0.00224148 0.000954072 1
2.40167e+06 -300028 -300028 -2.66969e+06 -0.0013994 0.00221674 0.000953106 1
2.40248e+06 -300030 -300030 -2.66971e+06 -0.00136458 0.00219219 0.000951885 1
2.4025e+06 -300030 -300030 -2.66971e+06 -0.00133042 0.00216789 0.000950457 1
2.40251e+06 -300030 -300030 -2.66971e+06 -0.00129691 0.0021438 0.000948814 1
2.40279e+06 -300030 -300030 -2.66971e+06 -0.00126403 0.00211994 0.000946964 1
2.40171e+06 -300028 -300028 -2.66969e+06 -0.00123178 0.00209633 0.00094494 1
2.40249e+06 -300030 -300030 -2.66971e+06 -0.00120012 0.00207289 0.000942691 1
2.4028e+06 -300030 -300030 -2.66971e+06 -0.00116908 0.0020497 0.000940281 1
2.40254e+06 -300030 -300030 -2.66971e+06 -0.00113863 0.00202674 0.000937708 1
2.40171e+06 -300028 -300028 -2.6697e+06 -0.00110877 0.00200403 0.000934988 1
2.40169e+06 -300028 -300028 -2.6697e+06 -0.00107947 0.00198152 0.000932099 1
2.40252e+06 -300030 -300030 -2.66971e+06 -0.00105073 0.00195921 0.000929046 1
2.40254e+06 -300030 -300030 -2.66971e+06 -0.00102255 0.00193716 0.000925871 1
2.40158e+06 -300028 -300028 -2.66969e+06 -0.000912862 0.00437356 0.00307316 1
2.40252e+06 -300030 -300030 -2.66971e+06 -0.000969317 0.00177691 0.000808094 1
2.40283e+06 -300030 -300030 -2.66971e+06 -0.000942715 0.00176138 0.000810242 1
2.40174e+06 -300028 -300028 -2.6697e+06 -0.000916636 0.0017456 0.000811834 1
2.40171e+06 -300028 -300028 -2.6697e+06 -0.000891065 0.00172977 0.000813044 1
2.40252e+06 -300030 -300030 -2.66971e+06 -0.000865991 0.0017139 0.000813892 1
2.40174e+06 -300028 -300028 -2.6697e+06 -0.000841415 0.00169807 0.000814443 1
2.40172e+06 -300028 -300028 -2.6697e+06 -0.00081732 0.00168221 0.000814667 1
2.40254e+06 -300030 -300030 -2.66971e+06 -0.000793699 0.00166634 0.000814577 1
