1 -100000 -100000 -100000 1.3707e-13 0 -8.22422e-13 0
2 -100000 -100000 -100000 -1.3031e-12 1.92022e-12 -8.22422e-13 6.44274e-17
105140 -100000 -100000 -237278 3.50129e-08 -3.27555e-08 -3.46119e-09 0.390486
227486 -99994 -100003 -341596 -0.217741 2.02355 -1.16139 0.567291
326795 -100001 -99999.9 -429274 0.755512 -0.121326 0.681046 0.674254
415267 -100002 -100001 -505268 -0.318715 0.904709 1.2155 0.747035
488512 -100002 -100001 -569304 0.0514443 0.416239 -0.129629 0.797965
551852 -100001 -100007 -621223 0.0357422 0.811627 -1.11888 0.833791
594343 -100005 -100002 -666868 0.0961214 -0.543071 0.128353 0.861969
637355 -100004 -100003 -706305 0.0312409 -0.303924 0.0612555 0.884159
677713 -100011 -100011 -743217 0.0254515 -0.257466 0.0542454 0.903316
693978 -100004 -100004 -767175 0.0232489 -0.242365 0.0535773 0.915051
718838 -100005 -100005 -792316 0.0192082 -0.233225 -0.00647865 0.92676
742392 -100006 -100004 -818659 -0.0153033 -0.259137 0.0233283 0.938446
773806 -100013 -100013 -846188 0.0287631 -0.125775 0.150405 0.950037
779276 -100007 -100007 -856278 0.0136897 -0.163175 0.0398841 0.954167
790082 -100008 -100008 -866604 0.0123794 -0.154168 0.0385603 0.958297
801021 -100009 -100009 -877125 0.0111342 -0.145598 0.037125 0.962426
811733 -100011 -100011 -887845 0.0102708 -0.137402 0.035576 0.966556
822924 -100013 -100012 -898771 0.00882497 -0.129565 0.0340416 0.970684
834505 -100015 -100014 -909908 0.00776627 -0.122023 0.0324197 0.974813
846388 -100017 -100016 -921262 0.00655587 -0.113743 0.0317714 0.978941
858699 -100019 -100019 -932840 0.00642252 -0.106736 0.030175 0.983068
871440 -100022 -100022 -944651 0.00489594 -0.101046 0.0272368 0.987195
874260 -100009 -100009 -956567 0.00385145 -0.0987603 0.0235437 0.991323
887044 -100011 -100011 -968844 0.0032256 -0.0876394 0.0240925 0.995449
900019 -100013 -100012 -981368 0.002386 -0.0815931 0.0220899 0.999574
903602 -100019 -100019 -982729 9.65499e-05 -0.0567281 0.0161053 1
903418 -100019 -100019 -982729 -0.000176238 -0.0551491 0.0154513 1
903789 -100019 -100019 -982729 -0.000438707 -0.0536191 0.014812 1
903500 -100019 -100019 -982727 -0.000657708 -0.0524405 0.0138107 1
903791 -100019 -100019 -982729 -0.000934264 -0.0506829 0.0136053 1
903799 -100019 -100019 -982729 -0.00116682 -0.0492989 0.0130098 1
903799 -100019 -100019 -982729 -0.00139003 -0.0479586 0.0124297 1
903799 -100019 -100019 -982729 -0.00160418 -0.0466605 0.011865 1
902673 -100017 -100017 -982717 -0.0040031 -0.0548578 0.00428442 1
903429 -100019 -100019 -982727 -0.00203174 -0.0437632 0.0111289 1
903789 -100019 -100019 -982729 -0.00214905 -0.042374 0.010819 1
903501 -100019 -100019 -982727 -0.00229746 -0.041653 0.00996818 1
903436 -100019 -100019 -982728 -0.00250063 -0.0398937 0.00994694 1
903790 -100019 -100019 -982729 -0.00267213 -0.0391661 0.0092277 1
903459 -100019 -100019 -982727 -0.0029022 -0.0383974 0.00849015 1
903790 -100019 -100019 -982729 -0.00298152 -0.0371572 0.00826756 1
903410 -100019 -100019 -982727 -0.00310317 -0.0351505 0.00817199 1
903491 -100019 -100019 -982727 -0.00323173 -0.0357171 0.00700711 1
903451 -100019 -100019 -982727 -0.00346928 -0.034647 0.00666071 1
903441 -100019 -100019 -982727 -0.00364851 -0.0333137 0.00669491 1
903450 -100019 -100019 -982727 -0.00371115 -0.032911 0.00583617 1
903790 -100019 -100019 -982729 -0.00375279 -0.0318187 0.00570332 1
903501 -100019 -100019 -982727 -0.00374121 -0.030708 0.00570117 1
903494 -100019 -100019 -982727 -0.003847 -0.0298673 0.00523193 1
903792 -100019 -100019 -982729 -0.00406774 -0.0295007 0.00455456 1
903502 -100019 -100019 -982727 -0.0041274 -0.0291263 0.00391554 1
903792 -100019 -100019 -982729 -0.00424965 -0.0279901 0.00391413 1
903800 -100019 -100019 -982729 -0.00433284 -0.0272789 0.00359642 1
903502 -100019 -100019 -982727 -0.00437829 -0.026887 0.00291223 1
903793 -100019 -100019 -982729 -0.0044868 -0.0258861 0.00301952 1
903800 -100019 -100019 -982729 -0.00455671 -0.0252298 0.00273118 1
903461 -100019 -100019 -982727 -0.00465635 -0.0243499 0.00269305 1
903494 -100019 -100019 -982727 -0.00456314 -0.0236069 0.00246671 1
903495 -100019 -100019 -982727 -0.00462368 -0.0230231 0.0021842 1
903495 -100019 -100019 -982727 -0.00468044 -0.0225287 0.00198882 1
903443 -100019 -100019 -982727 -0.00497979 -0.0220748 0.00154302 1
903792 -100019 -100019 -982729 -0.00489843 -0.0217149 0.00110364 1
903452 -100019 -100019 -982727 -0.00495736 -0.0213511 0.000690148 1
903494 -100019 -100019 -982727 -0.00486197 -0.0202925 0.00106836 1
903504 -100019 -100019 -982728 -0.0048674 -0.0200873 0.000458645 1
903454 -100019 -100019 -982727 -0.00513175 -0.0198078 2.12599e-05 1
903418 -100019 -100019 -982729 -0.00509073 -0.0190418 8.898e-05 1
903452 -100019 -100019 -982727 -0.0051908 -0.0187884 -0.000337521 1
903444 -100019 -100019 -982727 -0.00527037 -0.0178525 -6.40104e-05 1
903495 -100019 -100019 -982727 -0.00513247 -0.0178963 -0.000829596 1
902669 -100017 -100017 -982717 -0.00300643 -0.0233754 -0.00921989 1
903483 -100019 -100019 -982728 -0.00509775 -0.0160883 -0.000112374 1
903497 -100019 -100019 -982727 -0.00515149 -0.0153979 5.40988e-05 1
903455 -100019 -100019 -982727 -0.00532161 -0.0150986 -0.000310026 1
903117 -100018 -100018 -982723 -0.00531305 -0.0101122 0.00192459 1
903488 -100019 -100019 -982727 -0.00527361 -0.0153066 -0.0015032 1
903498 -100019 -100019 -982727 -0.00519513 -0.0141303 -0.00102735 1
903797 -100019 -100019 -982729 -0.00532361 -0.0141502 -0.00150134 1
903455 -100019 -100019 -982727 -0.00534249 -0.013967 -0.00183784 1
903796 -100019 -100019 -982729 -0.00532887 -0.0133836 -0.00176228 1
903805 -100019 -100019 -982729 -0.00532948 -0.0130213 -0.00189604 1
903508 -100019 -100019 -982727 -0.00520822 -0.0123648 -0.00164778 1
903120 -100018 -100018 -982723 -0.0053435 -0.00747584 0.000507405 1
903490 -100019 -100019 -982727 -0.00529075 -0.0127043 -0.00286035 1
903424 -100019 -100019 -982729 -0.00531987 -0.0119378 -0.00262782 1
903457 -100019 -100019 -982727 -0.0053845 -0.0118272 -0.00296242 1
903424 -100019 -100019 -982729 -0.0053041 -0.0112248 -0.00279593 1
903448 -100019 -100019 -982727 -0.00542124 -0.0106951 -0.00269281 1
902579 -100017 -100017 -982716 -0.00553977 -0.0111876 -0.00328314 1
903776 -100019 -100019 -982730 -0.00526614 -0.0102199 -0.00305343 1
903458 -100019 -100019 -982727 -0.00526937 -0.0101026 -0.003337 1
903444 -100019 -100019 -982729 -0.00523579 -0.00929522 -0.00302528 1
903450 -100019 -100019 -982727 -0.00524236 -0.00950046 -0.00351022 1
903801 -100019 -100019 -982730 -0.00521197 -0.00899242 -0.0033807 1
903512 -100019 -100019 -982728 -0.00507625 -0.00840248 -0.00308571 1
903505 -100019 -100019 -982728 -0.00506261 -0.00814358 -0.00319342 1
903505 -100019 -100019 -982728 -0.00513531 -0.00856727 -0.00397716 1
903431 -100019 -100019 -982729 -0.00515194 -0.00788559 -0.00372574 1
903504 -100019 -100019 -982728 -0.00510035 -0.00791705 -0.00417949 1
903464 -100019 -100019 -982727 -0.00514957 -0.00708467 -0.00360888 1
903804 -100019 -100019 -982730 -0.00509519 -0.00708444 -0.00394336 1
903463 -100019 -100019 -982727 -0.00520115 -0.00663223 -0.00382051 1
903507 -100019 -100019 -982728 -0.00493159 -0.00621434 -0.0038034 1
903806 -100019 -100019 -982730 -0.0050335 -0.00636885 -0.00419899 1
903465 -100019 -100019 -982727 -0.00513809 -0.00592515 -0.00407012 1
903806 -100019 -100019 -982730 -0.00498755 -0.00589377 -0.00434909 1
903210 -100018 -100018 -982723 -0.00505308 -0.00175416 -0.00217571 1
903800 -100019 -100019 -982730 -0.00494104 -0.00568264 -0.00469446 1
903442 -100019 -100019 -982729 -0.00491824 -0.00542761 -0.00473931 1
903808 -100019 -100019 -982730 -0.0048951 -0.00517819 -0.00478571 1
903818 -100019 -100019 -982730 -0.00487172 -0.00493347 -0.00483317 1
903819 -100019 -100019 -982730 -0.00484809 -0.00469318 -0.0048816 1
903521 -100019 -100019 -982728 -0.00470384 -0.00415514 -0.00455248 1
903438 -100019 -100019 -982730 -0.00480275 -0.00424951 -0.00500749 1
903811 -100019 -100019 -982730 -0.00477848 -0.0040192 -0.00505637 1
903523 -100019 -100019 -982728 -0.00472085 -0.00417133 -0.00540835 1
903425 -100019 -100019 -982728 -0.00493775 -0.00460066 -0.00550519 1
903514 -100019 -100019 -982728 -0.00458158 -0.00296105 -0.00476451 1
903517 -100019 -100019 -982728 -0.00464668 -0.00345644 -0.00552963 1
903460 -100019 -100019 -982729 -0.0046513 -0.00255292 -0.00507264 1
903815 -100019 -100019 -982731 -0.00463171 -0.002658 -0.00533502 1
903825 -100019 -100019 -982731 -0.00460684 -0.00245372 -0.00539217 1
903826 -100019 -100019 -982731 -0.00458196 -0.00225182 -0.00544974 1
903452 -100019 -100019 -982730 -0.0045571 -0.00205214 -0.00550772 1
903443 -100019 -100019 -982730 -0.00453225 -0.00185456 -0.00556606 1
903443 -100019 -100019 -982730 -0.00450744 -0.00165899 -0.0056248 1
903819 -100019 -100019 -982731 -0.00448267 -0.00146531 -0.00568391 1
903480 -100019 -100019 -982728 -0.00447306 -0.00146954 -0.00593958 1
903432 -100019 -100019 -982729 -0.00463979 -0.00143967 -0.00684479 1
903471 -100019 -100019 -982728 -0.00453025 -0.000640091 -0.00558911 1
902650 -100018 -100018 -982718 -0.00373812 0.00808009 0.000467769 1
903452 -100019 -100019 -982729 -0.00450016 -0.000948828 -0.00631922 1
903474 -100019 -100019 -982729 -0.00447291 -0.00073327 -0.0063526 1
903825 -100019 -100019 -982731 -0.00431978 -0.000719117 -0.00658596 1
903537 -100019 -100019 -982729 -0.00426232 -0.00087437 -0.00691134 1
903454 -100019 -100019 -982731 -0.0042727 -0.000248722 -0.00661006 1
903472 -100019 -100019 -982730 -0.00424384 0.000151498 -0.00635227 1
903829 -100019 -100019 -982731 -0.0042254 0.00015687 -0.0066975 1
903541 -100019 -100019 -982730 -0.00416858 6.17438e-05 -0.0071131 1
903832 -100019 -100019 -982732 -0.00417969 0.000593941 -0.00674559 1
903841 -100019 -100019 -982732 -0.00415655 0.000793443 -0.00678902 1
903502 -100019 -100019 -982729 -0.00416757 0.00123217 -0.00659291 1
903834 -100019 -100019 -982732 -0.00410999 0.00116623 -0.00690101 1
903844 -100019 -100019 -982732 -0.00408756 0.00135978 -0.00694947 1
903845 -100019 -100019 -982732 -0.00406535 0.00155103 -0.00700004 1
903638 -100019 -100019 -982731 -0.00404339 0.00174021 -0.00705259 1
903543 -100019 -100019 -982730 -0.00398833 0.00162394 -0.0074872 1
903840 -100019 -100019 -982732 -0.0040013 0.00213752 -0.00713661 1
903849 -100019 -100019 -982732 -0.00398005 0.00231935 -0.00719653 1
903500 -100019 -100019 -982730 -0.00408538 0.00269674 -0.00706107 1
903471 -100019 -100019 -982732 -0.00393579 0.00266193 -0.00733776 1
903843 -100019 -100019 -982733 -0.00391541 0.00284148 -0.00740034 1
902124 -100017 -100017 -982712 -0.00461851 0.0170197 0.00653448 1
903468 -100019 -100019 -982730 -0.00392257 0.00188275 -0.00884424 1
903505 -100019 -100019 -982730 -0.00386488 0.00264843 -0.00832156 1
901207 -100015 -100016 -982701 -0.00399353 -0.00808582 -0.020294 1
903437 -100019 -100019 -982730 -0.00391523 0.00395029 -0.0074786 1
903848 -100019 -100019 -982733 -0.00376841 0.00390456 -0.00776948 1
903562 -100019 -100019 -982731 -0.00371744 0.00377215 -0.00822432 1
903504 -100019 -100019 -982731 -0.00386098 0.00446952 -0.00769445 1
903646 -100019 -100019 -982733 -0.00371491 0.00442382 -0.00798674 1
903518 -100019 -100019 -982731 -0.00376955 0.0043513 -0.00830665 1
903028 -100018 -100018 -982724 -0.00370728 0.00239457 -0.00949315 1
903504 -100019 -100019 -982731 -0.00369712 0.00535788 -0.00782787 1
903859 -100019 -100019 -982734 -0.00364629 0.00525211 -0.00818159 1
903571 -100019 -100019 -982732 -0.00359732 0.00510601 -0.00865362 1
901340 -100016 -100016 -982703 -0.00574883 0.00446967 -0.00925832 1
903805 -100019 -100019 -982734 -0.00356601 0.00577323 -0.00841223 1
903522 -100019 -100019 -982732 -0.00367869 0.00612911 -0.00830783 1
903866 -100019 -100020 -982734 -0.00353573 0.00607318 -0.00861582 1
903578 -100019 -100019 -982732 -0.00348876 0.00592959 -0.00908948 1
903500 -100019 -100019 -982734 -0.00351002 0.00642129 -0.008773 1
903870 -100019 -100020 -982735 -0.00349697 0.00658192 -0.00886737 1
903583 -100019 -100019 -982733 -0.00345077 0.00643822 -0.00934405 1
903875 -100020 -100020 -982735 -0.00347284 0.00693041 -0.00902997 1
903543 -100019 -100019 -982732 -0.00349465 0.00733503 -0.00888359 1
903877 -100020 -100020 -982735 -0.00344771 0.00723476 -0.00924276 1
903547 -100019 -100019 -982733 -0.00350758 0.00715544 -0.0095824 1
903880 -100020 -100020 -982735 -0.00342317 0.00758258 -0.0094163 1
903890 -100020 -100020 -982735 -0.00341213 0.00774674 -0.00951445 1
903594 -100019 -100019 -982733 -0.00336789 0.00760597 -0.0099957 1
903496 -100019 -100019 -982733 -0.00359993 0.00772337 -0.0107526 1
903535 -100019 -100019 -982733 -0.00350438 0.0085087 -0.00952452 1
902713 -100018 -100018 -982722 -0.00116012 -0.000391268 -0.0162645 1
903569 -100019 -100019 -982734 -0.00328082 0.00958712 -0.00898012 1
903551 -100019 -100019 -982734 -0.00346532 0.00912518 -0.00978816 1
903552 -100019 -100019 -982734 -0.00341627 0.00975408 -0.0094281 1
903895 -100020 -100020 -982736 -0.00337157 0.00961575 -0.00983636 1
903550 -100020 -100020 -982735 -0.00331117 0.00945354 -0.0101668 1
903600 -100019 -100020 -982735 -0.00332066 0.00951835 -0.0104047 1
903603 -100020 -100020 -982735 -0.00331297 0.00975817 -0.0105947 1
903903 -100020 -100020 -982737 -0.00333907 0.0102273 -0.0103217 1
903542 -100020 -100020 -982737 -0.00333079 0.0103665 -0.0104593 1
903225 -100019 -100019 -982731 -0.00333786 0.0132547 -0.00564714 1
903548 -100020 -100020 -982735 -0.0034411 0.0105868 -0.0108631 1
903568 -100020 -100020 -982735 -0.00333846 0.0107867 -0.0109416 1
903571 -100020 -100020 -982735 -0.003368 0.0104517 -0.011557 1
903573 -100020 -100020 -982735 -0.00335972 0.0106462 -0.0116442 1
903916 -100020 -100020 -982738 -0.00328008 0.011085 -0.0114884 1
903628 -100020 -100020 -982736 -0.00324039 0.0109519 -0.0119836 1
