1 -0.000741546 -0.000741546 -0.000741546 3.38813e-20 -1.6263e-19 0
2 -0.000741546 -0.000741546 -0.000741546 -1.01644e-19 -1.6263e-19 -8.13152e-20
126872 -0.00042931 -0.00042931 -0.00174155 3.65175e-15 4.86698e-16 1.25557e-15
262754 -5.92043e-05 -5.92043e-05 -0.00274155 4.404e-15 7.71572e-16 1.54005e-15
394423 0.000337785 0.000337785 -0.00374155 -5.30391e-09 1.89951e-08 1.89951e-08
509165 0.000752434 0.000752434 -0.00474155 -1.14094e-09 6.58295e-09 6.58295e-09
606145 0.00118267 0.00118268 -0.00574155 -1.20838e-09 2.65935e-09 7.0076e-09
693629 0.00162202 0.00162203 -0.00674155 -9.91654e-10 9.99424e-09 5.12108e-09
768572 0.00207528 0.00207531 -0.00774155 -1.06228e-09 -1.57529e-09 5.78512e-09
823585 0.00253099 0.002531 -0.00874155 -8.02443e-10 3.59133e-09 5.52658e-09
867997 0.00299748 0.0029975 -0.00974155 -6.50626e-10 5.60039e-09 6.95578e-09
922226 0.00346282 0.00346283 -0.0107415 1.29613e-09 4.81145e-09 6.41742e-09
965364 0.0039383 0.00393831 -0.0117415 1.38094e-10 4.11267e-09 5.66785e-09
994740 0.00442124 0.00442124 -0.0127415 -2.0264e-09 2.78013e-09 4.26996e-09
1.0127e+06 0.00490517 0.00490518 -0.0137415 -4.26226e-10 3.53434e-09 4.96973e-09
1.04441e+06 0.00539026 0.00539026 -0.0147415 -3.35984e-10 3.45224e-09 4.83523e-09
1.07821e+06 0.00587684 0.00587684 -0.0157415 -2.56724e-10 3.377e-09 4.71195e-09
1.10299e+06 0.00637288 0.00637288 -0.0167415 -2.86745e-10 3.783e-09 5.38579e-09
1.10572e+06 0.00687762 0.00687762 -0.0177415 -1.80278e-10 3.40166e-09 4.75932e-09
1.1182e+06 0.00738323 0.00738323 -0.0187415 -1.2288e-10 3.33726e-09 4.65404e-09
1.13113e+06 0.00788984 0.00788984 -0.0197415 -6.93066e-11 3.27725e-09 4.5554e-09
1.1438e+06 0.0083975 0.00839751 -0.0207415 -1.23687e-11 3.182e-09 4.37751e-09
1.15765e+06 0.00890625 0.00890626 -0.0217415 2.91735e-11 3.16069e-09 4.35409e-09
1.17127e+06 0.00941614 0.00941615 -0.0227415 7.21268e-11 3.11355e-09 4.27509e-09
1.18511e+06 0.00992721 0.00992721 -0.0237415 1.11846e-10 3.0698e-09 4.20141e-09
1.19918e+06 0.0104395 0.0104395 -0.0247415 1.48467e-10 3.02928e-09 4.13282e-09
1.21334e+06 0.0109531 0.0109531 -0.0257415 1.83294e-10 2.99169e-09 4.06913e-09
1.22805e+06 0.0114679 0.0114679 -0.0267415 2.13297e-10 2.95726e-09 4.00998e-09
1.23224e+06 0.0119843 0.0119843 -0.0277415 2.41445e-10 2.92547e-09 3.95523e-09
1.2469e+06 0.0125019 0.0125019 -0.0287415 2.67972e-10 2.89517e-09 3.90351e-09
1.26199e+06 0.013021 0.013021 -0.0297415 2.91176e-10 2.86788e-09 3.85641e-09
1.27686e+06 0.0135424 0.0135424 -0.0307415 2.85293e-10 2.88078e-09 3.86624e-09
1.27865e+06 0.0140744 0.0140744 -0.0317415 3.01826e-10 2.8657e-09 3.8353e-09
1.27882e+06 0.0146065 0.0146065 -0.0327415 3.17063e-10 2.84471e-09 3.79896e-09
1.27866e+06 0.0151386 0.0151386 -0.0337415 3.31991e-10 2.83377e-09 3.77302e-09
1.27884e+06 0.0156706 0.0156706 -0.0347415 3.46177e-10 2.80999e-09 3.73463e-09
1.27883e+06 0.0162027 0.0162027 -0.0357415 3.59804e-10 2.79176e-09 3.70216e-09
1.27886e+06 0.0167348 0.0167348 -0.0367415 3.72838e-10 2.77366e-09 3.67019e-09
1.27866e+06 0.0172669 0.0172669 -0.0377415 3.85182e-10 2.76305e-09 3.64607e-09
1.2787e+06 0.0177989 0.0177989 -0.0387415 3.97299e-10 2.73631e-09 3.60621e-09
1.27866e+06 0.018331 0.018331 -0.0397415 4.08627e-10 2.7285e-09 3.58554e-09
1.27866e+06 0.0188631 0.0188631 -0.0407415 4.19433e-10 2.69795e-09 3.54249e-09
1.27866e+06 0.0193952 0.0193952 -0.0417415 4.2979e-10 2.69336e-09 3.52572e-09
1.27866e+06 0.0199273 0.0199273 -0.0427415 4.39619e-10 2.67795e-09 3.49845e-09
1.27886e+06 0.0204593 0.0204593 -0.0437415 4.48891e-10 2.65515e-09 3.4641e-09
1.27883e+06 0.0209914 0.0209914 -0.0447415 4.57737e-10 2.63793e-09 3.43562e-09
1.27866e+06 0.0215235 0.0215235 -0.0457415 4.66153e-10 2.61346e-09 3.40017e-09
1.2787e+06 0.0220556 0.0220556 -0.0467415 4.7445e-10 2.60556e-09 3.38152e-09
1.27882e+06 0.0225877 0.0225877 -0.0477415 4.81688e-10 2.58639e-09 3.35198e-09
1.27883e+06 0.0231197 0.0231197 -0.0487415 4.88767e-10 2.56989e-09 3.32533e-09
1.27886e+06 0.0236518 0.0236518 -0.0497415 4.95786e-10 2.55355e-09 3.29911e-09
1.27887e+06 0.0241839 0.0241839 -0.0507415 5.0216e-10 2.53737e-09 3.2733e-09
1.27866e+06 0.024716 0.024716 -0.0517415 5.07679e-10 2.52869e-09 3.25523e-09
1.27866e+06 0.0252481 0.0252481 -0.0527415 5.13146e-10 2.51468e-09 3.23208e-09
1.27886e+06 0.0257802 0.0257802 -0.0537415 5.18365e-10 2.49335e-09 3.20185e-09
1.27883e+06 0.0263122 0.0263122 -0.0547415 5.23148e-10 2.47756e-09 3.17738e-09
1.27866e+06 0.0268443 0.0268443 -0.0557415 5.27435e-10 2.45459e-09 3.14595e-09
1.27882e+06 0.0273764 0.0273764 -0.0567415 5.31647e-10 2.44463e-09 3.12776e-09
1.2787e+06 0.0279085 0.0279085 -0.0577415 5.35565e-10 2.42608e-09 3.10112e-09
1.27883e+06 0.0284406 0.0284406 -0.0587415 5.38936e-10 2.41361e-09 3.08087e-09
1.27883e+06 0.0289727 0.0289727 -0.0597415 5.42097e-10 2.39882e-09 3.05846e-09
1.27883e+06 0.0295048 0.0295048 -0.0607415 5.44962e-10 2.38418e-09 3.0364e-09
1.27866e+06 0.0300369 0.0300369 -0.0617415 5.47609e-10 2.37711e-09 3.0221e-09
1.2787e+06 0.030569 0.030569 -0.0627415 5.5024e-10 2.36061e-09 2.99862e-09
1.27883e+06 0.0311011 0.0311011 -0.0637415 5.52005e-10 2.34377e-09 2.97487e-09
1.27883e+06 0.0316332 0.0316332 -0.0647415 5.53771e-10 2.32955e-09 2.95397e-09
1.27883e+06 0.0321653 0.0321653 -0.0657415 5.55284e-10 2.3155e-09 2.9334e-09
1.27886e+06 0.0326974 0.0326974 -0.0667415 5.56552e-10 2.3016e-09 2.91315e-09
1.27871e+06 0.0332295 0.0332295 -0.0677415 5.57962e-10 2.2913e-09 2.89661e-09
1.27887e+06 0.0337616 0.0337616 -0.0687415 5.58497e-10 2.27514e-09 2.87447e-09
1.27867e+06 0.0342937 0.0342937 -0.0697415 5.58956e-10 2.269e-09 2.86245e-09
1.2787e+06 0.0348259 0.0348259 -0.0707415 5.59534e-10 2.24672e-09 2.83451e-09
1.27883e+06 0.035358 0.035358 -0.0717415 5.59589e-10 2.23598e-09 2.81816e-09
1.27867e+06 0.0358901 0.0358901 -0.0727415 5.59568e-10 2.21546e-09 2.79221e-09
1.2787e+06 0.0364222 0.0364222 -0.0737415 5.59438e-10 2.20462e-09 2.77615e-09
1.2787e+06 0.0369543 0.0369543 -0.0747415 5.59287e-10 2.19791e-09 2.7643e-09
1.27883e+06 0.0374865 0.0374865 -0.0757415 5.58403e-10 2.18291e-09 2.74424e-09
1.27871e+06 0.0380186 0.0380186 -0.0767415 5.57987e-10 2.17391e-09 2.73041e-09
1.27887e+06 0.0385507 0.0385507 -0.0777415 5.57106e-10 2.15913e-09 2.71082e-09
1.27867e+06 0.0390829 0.0390829 -0.0787415 5.55797e-10 2.15438e-09 2.70143e-09
1.27866e+06 0.039615 0.039615 -0.0797415 5.54339e-10 2.14416e-09 2.68668e-09
1.27879e+06 0.0401471 0.0401471 -0.0807415 5.52932e-10 2.12986e-09 2.67011e-09
1.27887e+06 0.0406793 0.0406793 -0.0817415 5.5137e-10 2.11543e-09 2.64988e-09
1.27867e+06 0.0412114 0.0412114 -0.0827415 5.49665e-10 2.09609e-09 2.62634e-09
1.27883e+06 0.0417436 0.0417436 -0.0837415 5.47772e-10 2.08989e-09 2.61605e-09
1.27883e+06 0.0422757 0.0422757 -0.0847415 5.45768e-10 2.07841e-09 2.60059e-09
1.27867e+06 0.0428079 0.0428079 -0.0857415 5.43666e-10 2.05965e-09 2.57794e-09
1.2788e+06 0.04334 0.04334 -0.0867415 5.41349e-10 2.05935e-09 2.57173e-09
1.27867e+06 0.0438722 0.0438722 -0.0877415 5.39077e-10 2.05189e-09 2.56208e-09
1.27867e+06 0.0444044 0.0444044 -0.0887415 5.36612e-10 2.04287e-09 2.54949e-09
1.27883e+06 0.0449365 0.0449365 -0.0897415 5.3397e-10 2.02643e-09 2.52957e-09
1.27867e+06 0.0454687 0.0454687 -0.0907415 5.313e-10 2.00813e-09 2.50787e-09
1.27885e+06 0.0460009 0.0460009 -0.0917415 5.2848e-10 2.00295e-09 2.49938e-09
1.27871e+06 0.0465331 0.0465331 -0.0927415 5.25963e-10 1.99593e-09 2.48908e-09
1.27884e+06 0.0470653 0.0470653 -0.0937415 5.22708e-10 1.98302e-09 2.47306e-09
1.27884e+06 0.0475975 0.0475975 -0.0947415 5.19628e-10 1.97275e-09 2.45973e-09
1.27867e+06 0.0481296 0.0481297 -0.0957415 5.16531e-10 1.97004e-09 2.45405e-09
1.27884e+06 0.0486618 0.0486618 -0.0967415 5.13237e-10 1.95447e-09 2.43557e-09
1.27867e+06 0.0491941 0.0491941 -0.0977415 5.0976e-10 1.9371e-09 2.41537e-09
1.27884e+06 0.0497263 0.0497263 -0.0987415 5.06467e-10 1.93272e-09 2.40824e-09
1.27907e+06 0.0502585 0.0502585 -0.0997415 5.02998e-10 1.92309e-09 2.39592e-09
1.27868e+06 0.0507907 0.0507907 -0.100742 4.99308e-10 1.90622e-09 2.37643e-09
1.27871e+06 0.0513229 0.0513229 -0.101742 4.96193e-10 1.90572e-09 2.37345e-09
1.2788e+06 0.0518551 0.0518551 -0.102742 4.91706e-10 1.88868e-09 2.35601e-09
1.27868e+06 0.0523874 0.0523874 -0.103742 4.88441e-10 1.89097e-09 2.35437e-09
1.27884e+06 0.0529196 0.0529196 -0.104742 4.84617e-10 1.87649e-09 2.33752e-09
1.27884e+06 0.0534519 0.0534519 -0.105742 4.80787e-10 1.86755e-09 2.32627e-09
1.27885e+06 0.0539841 0.0539841 -0.106742 4.76908e-10 1.85873e-09 2.31519e-09
1.27908e+06 0.0545163 0.0545164 -0.107742 4.72981e-10 1.85001e-09 2.30428e-09
1.27889e+06 0.0550486 0.0550486 -0.108742 4.69009e-10 1.8414e-09 2.29353e-09
1.27889e+06 0.0555809 0.0555809 -0.109742 4.64995e-10 1.83289e-09 2.28294e-09
1.27868e+06 0.0561131 0.0561132 -0.110742 4.6097e-10 1.81705e-09 2.26506e-09
1.27884e+06 0.0566454 0.0566454 -0.111742 4.56858e-10 1.81431e-09 2.26035e-09
1.27872e+06 0.0571777 0.0571777 -0.112742 4.53111e-10 1.80969e-09 2.25375e-09
1.27872e+06 0.05771 0.05771 -0.113742 4.49066e-10 1.80259e-09 2.24475e-09
1.27795e+06 0.0582423 0.0582423 -0.114742 4.52013e-10 1.75966e-09 2.19124e-09
1.27883e+06 0.0587746 0.0587746 -0.115742 4.42616e-10 1.77623e-09 2.21223e-09
1.27888e+06 0.0593069 0.0593069 -0.116742 4.38328e-10 1.76902e-09 2.20335e-09
1.27885e+06 0.0598392 0.0598392 -0.117742 4.34015e-10 1.76187e-09 2.19457e-09
1.27885e+06 0.0603715 0.0603716 -0.118742 4.29681e-10 1.75477e-09 2.18589e-09
1.27908e+06 0.0609039 0.0609039 -0.119742 4.25326e-10 1.74773e-09 2.1773e-09
1.27886e+06 0.0614362 0.0614362 -0.120742 4.20953e-10 1.74075e-09 2.16882e-09
1.27873e+06 0.0619686 0.0619686 -0.121742 4.16701e-10 1.73043e-09 2.15697e-09
1.27885e+06 0.0625009 0.0625009 -0.122742 4.122e-10 1.72612e-09 2.15126e-09
1.27882e+06 0.0630333 0.0630333 -0.123742 4.07223e-10 1.71401e-09 2.13989e-09
1.27869e+06 0.0635656 0.0635656 -0.124742 4.03252e-10 1.71875e-09 2.14177e-09
1.27885e+06 0.064098 0.064098 -0.125742 3.98767e-10 1.70663e-09 2.12831e-09
1.27874e+06 0.0646304 0.0646304 -0.126742 3.94703e-10 1.70348e-09 2.1238e-09
1.27886e+06 0.0651628 0.0651628 -0.127742 3.89984e-10 1.69436e-09 2.11344e-09
1.27874e+06 0.0656952 0.0656952 -0.128742 3.85905e-10 1.69128e-09 2.10907e-09
1.27869e+06 0.0662276 0.0662276 -0.129742 3.81021e-10 1.67485e-09 2.09147e-09
1.27869e+06 0.06676 0.06676 -0.130742 3.76688e-10 1.66645e-09 2.0819e-09
1.27869e+06 0.0672924 0.0672924 -0.131742 3.72081e-10 1.67316e-09 2.08746e-09
1.27874e+06 0.0678249 0.0678249 -0.132742 3.68073e-10 1.66503e-09 2.07815e-09
1.27883e+06 0.0683573 0.0683573 -0.133742 3.63295e-10 1.65955e-09 2.07376e-09
1.27889e+06 0.0688898 0.0688898 -0.134742 3.58858e-10 1.65097e-09 2.06261e-09
1.2787e+06 0.0694222 0.0694222 -0.135742 3.54422e-10 1.63738e-09 2.04797e-09
1.27874e+06 0.0699547 0.0699547 -0.136742 3.50321e-10 1.64032e-09 2.04995e-09
1.27887e+06 0.0704872 0.0704872 -0.137742 3.45599e-10 1.63192e-09 2.04052e-09
1.27871e+06 0.0710197 0.0710197 -0.138742 3.41216e-10 1.63355e-09 2.04117e-09
1.27874e+06 0.0715522 0.0715522 -0.139742 3.36861e-10 1.61878e-09 2.0254e-09
1.27889e+06 0.0720847 0.0720847 -0.140742 3.32327e-10 1.61549e-09 2.02123e-09
1.27887e+06 0.0726172 0.0726172 -0.141742 3.27899e-10 1.60979e-09 2.01462e-09
1.27875e+06 0.0731497 0.0731497 -0.142742 3.23618e-10 1.60074e-09 2.00464e-09
1.27875e+06 0.0736823 0.0736823 -0.143742 3.19494e-10 1.60113e-09 2.00428e-09
1.27884e+06 0.0742148 0.0742148 -0.144742 3.14271e-10 1.5899e-09 1.99004e-09
1.27875e+06 0.0747474 0.0747474 -0.145742 3.10412e-10 1.58346e-09 1.98435e-09
1.27891e+06 0.07528 0.07528 -0.146742 3.05945e-10 1.58074e-09 1.98082e-09
1.27892e+06 0.0758125 0.0758125 -0.147742 3.01587e-10 1.57555e-09 1.97488e-09
1.27876e+06 0.0763451 0.0763451 -0.148742 2.97382e-10 1.56695e-09 1.9656e-09
1.2789e+06 0.0768777 0.0768777 -0.149742 2.92957e-10 1.56447e-09 1.96237e-09
1.27889e+06 0.0774104 0.0774104 -0.150742 2.88644e-10 1.55952e-09 1.95671e-09
1.27892e+06 0.077943 0.077943 -0.151742 2.84349e-10 1.55461e-09 1.95112e-09
1.27872e+06 0.0784756 0.0784756 -0.152742 2.80099e-10 1.54227e-09 1.93812e-09
1.27888e+06 0.0790083 0.0790083 -0.153742 2.75817e-10 1.54307e-09 1.93827e-09
1.27877e+06 0.079541 0.079541 -0.154742 2.71955e-10 1.54187e-09 1.9365e-09
1.27889e+06 0.0800736 0.0800736 -0.155742 2.67465e-10 1.53474e-09 1.92871e-09
1.27889e+06 0.0806063 0.0806063 -0.156742 2.63258e-10 1.53015e-09 1.92353e-09
1.27877e+06 0.081139 0.081139 -0.157742 2.59208e-10 1.52213e-09 1.91498e-09
1.27873e+06 0.0816718 0.0816718 -0.158742 2.54792e-10 1.51281e-09 1.90506e-09
1.27891e+06 0.0822045 0.0822045 -0.159742 2.50752e-10 1.51398e-09 1.90566e-09
1.27893e+06 0.0827372 0.0827372 -0.160742 2.46627e-10 1.50976e-09 1.90091e-09
1.27894e+06 0.08327 0.08327 -0.161742 2.42524e-10 1.50558e-09 1.8962e-09
1.2789e+06 0.0838028 0.0838028 -0.162742 2.38442e-10 1.50144e-09 1.89155e-09
1.2789e+06 0.0843356 0.0843356 -0.163742 2.34383e-10 1.49734e-09 1.88694e-09
1.27874e+06 0.0848684 0.0848684 -0.164742 2.30376e-10 1.48576e-09 1.87488e-09
1.27892e+06 0.0854012 0.0854012 -0.165742 2.26342e-10 1.48735e-09 1.87599e-09
1.27891e+06 0.085934 0.085934 -0.166742 2.22352e-10 1.48349e-09 1.87167e-09
1.27891e+06 0.0864668 0.0864668 -0.167742 2.18385e-10 1.47966e-09 1.86738e-09
1.27874e+06 0.0869997 0.0869997 -0.168742 2.14511e-10 1.48338e-09 1.87066e-09
1.27891e+06 0.0875326 0.0875326 -0.169742 2.10544e-10 1.474e-09 1.86085e-09
1.27801e+06 0.0880655 0.0880655 -0.170742 2.04313e-10 1.50553e-09 1.90107e-09
1.27889e+06 0.0885984 0.0885984 -0.171742 2.02096e-10 1.47515e-09 1.86385e-09
1.27895e+06 0.0891313 0.0891313 -0.172742 1.98269e-10 1.47076e-09 1.85899e-09
1.2788e+06 0.0896642 0.0896642 -0.173742 1.94605e-10 1.46296e-09 1.85079e-09
1.27879e+06 0.0901972 0.0901972 -0.174742 1.90868e-10 1.4579e-09 1.84519e-09
1.27892e+06 0.0907301 0.0907301 -0.175742 1.87017e-10 1.45638e-09 1.84328e-09
1.27892e+06 0.0912631 0.0912631 -0.176742 1.83287e-10 1.45242e-09 1.83889e-09
1.27644e+06 0.0917961 0.0917961 -0.177742 1.85502e-10 1.4522e-09 1.83762e-09
1.27886e+06 0.0923291 0.0923291 -0.178742 1.77717e-10 1.4458e-09 1.83127e-09
1.27876e+06 0.0928622 0.0928622 -0.179742 1.73888e-10 1.43455e-09 1.81963e-09
1.27896e+06 0.0933952 0.0933952 -0.180742 1.70346e-10 1.4364e-09 1.8211e-09
1.27558e+06 0.0939283 0.0939283 -0.181742 1.69912e-10 1.40633e-09 1.79044e-09
1.27884e+06 0.0944614 0.0944614 -0.182742 1.64059e-10 1.42258e-09 1.80648e-09
1.27881e+06 0.0949945 0.0949945 -0.183742 1.60602e-10 1.41611e-09 1.7996e-09
1.27877e+06 0.0955276 0.0955276 -0.184742 1.56966e-10 1.40813e-09 1.79132e-09
1.27881e+06 0.0960607 0.0960607 -0.185742 1.53786e-10 1.41436e-09 1.79715e-09
1.27877e+06 0.0965939 0.0965939 -0.186742 1.50072e-10 1.41652e-09 1.79903e-09
1.27877e+06 0.0971271 0.0971271 -0.187742 1.46417e-10 1.41553e-09 1.79772e-09
1.27898e+06 0.0976603 0.0976603 -0.188742 1.43389e-10 1.40701e-09 1.78889e-09
1.27878e+06 0.0981935 0.0981935 -0.189742 1.39589e-10 1.41146e-09 1.79304e-09
1.27898e+06 0.0987267 0.0987267 -0.190742 1.36615e-10 1.40286e-09 1.78415e-09
1.27879e+06 0.09926 0.09926 -0.191742 1.32868e-10 1.40726e-09 1.78826e-09
1.27895e+06 0.0997932 0.0997932 -0.192742 1.29594e-10 1.39861e-09 1.77933e-09
1.27896e+06 0.100327 0.100327 -0.193742 1.26265e-10 1.39548e-09 1.77592e-09
1.27883e+06 0.10086 0.10086 -0.194742 1.23102e-10 1.38888e-09 1.76911e-09
1.27896e+06 0.101393 0.101393 -0.195742 1.19731e-10 1.38846e-09 1.76839e-09
1.2788e+06 0.101927 0.101927 -0.196742 1.16513e-10 1.37794e-09 1.75762e-09
1.27896e+06 0.10246 0.10246 -0.197742 1.13272e-10 1.38071e-09 1.76014e-09
1.2788e+06 0.102993 0.102993 -0.198742 1.09961e-10 1.3855e-09 1.76468e-09
1.2788e+06 0.103527 0.103527 -0.199742 1.06723e-10 1.36968e-09 1.74862e-09
1.27884e+06 0.10406 0.10406 -0.200742 1.04076e-10 1.37603e-09 1.75468e-09
