1 -0.000123591 -0.000123591 -0.000123591 8.47033e-22 0 -5.0822e-21
2 -0.000123591 -0.000123591 -0.000123591 -4.23516e-21 6.77626e-21 -5.0822e-21
62732.6 0.000216809 0.000216809 -0.00112359 -5.02019e-17 -1.87486e-16 -7.3929e-18
122346 0.000621329 0.000621329 -0.00212359 -6.01292e-17 -1.95048e-16 -1.13841e-17
178787 0.00105574 0.00105574 -0.00312359 -2.91285e-12 1.54055e-08 1.54055e-08
216848 0.00150837 0.00150837 -0.00412359 3.9482e-09 6.95529e-09 6.95529e-09
246132 0.00197447 0.00197447 -0.00512359 1.78103e-09 4.08237e-09 4.08237e-09
260376 0.00245198 0.00245198 -0.00612359 -5.20128e-09 -3.33383e-10 -3.33383e-10
278669 0.00293616 0.00293616 -0.00712359 -2.08672e-09 5.46835e-10 5.46834e-10
293748 0.00342488 0.00342489 -0.00812359 -2.14368e-09 -3.98424e-09 4.35725e-09
297471 0.00392979 0.0039298 -0.00912359 -2.11107e-09 -2.26335e-09 1.81099e-09
303633 0.00443657 0.00443657 -0.0101236 -2.01167e-09 -2.74217e-09 1.21683e-09
310096 0.00494546 0.00494546 -0.0111236 -2.05417e-09 -2.69083e-09 9.64147e-10
318650 0.00545661 0.00545662 -0.0121236 -2.0476e-09 -2.74205e-09 7.01863e-10
325784 0.00597023 0.00597023 -0.0131236 -1.79859e-09 -3.00267e-09 2.53013e-10
327546 0.00648661 0.00648662 -0.0141236 -1.90733e-09 -2.82829e-09 2.5987e-10
335345 0.00700568 0.00700568 -0.0151236 -1.89859e-09 -2.76898e-09 1.71683e-10
338478 0.00753509 0.0075351 -0.0161236 -1.88198e-09 -2.60902e-09 2.23255e-10
338460 0.00806716 0.00806717 -0.0171236 -1.92193e-09 -2.51379e-09 1.40582e-10
338687 0.00859923 0.00859924 -0.0181236 -1.87994e-09 -2.41936e-09 1.47722e-10
338693 0.0091313 0.00913131 -0.0191236 -1.86349e-09 -2.32745e-09 1.30559e-10
338693 0.00966338 0.00966338 -0.0201236 -1.84638e-09 -2.23767e-09 1.16703e-10
338905 0.0101954 0.0101954 -0.0211236 -1.80627e-09 -2.21408e-09 -2.80338e-11
338472 0.0107275 0.0107275 -0.0221236 -1.85331e-09 -2.08781e-09 -1.44505e-11
338917 0.0112596 0.0112596 -0.0231236 -1.72754e-09 -2.09923e-09 -8.42795e-11
338700 0.0117917 0.0117917 -0.0241236 -1.74842e-09 -1.95382e-09 -2.04962e-11
337718 0.0123238 0.0123238 -0.0251236 -2.18036e-09 -2.91402e-09 -1.05829e-09
338684 0.0128558 0.0128558 -0.0261236 -1.90583e-09 -2.36202e-09 -5.3346e-10
338693 0.0133879 0.0133879 -0.0271236 -1.89315e-09 -2.14472e-09 -4.10185e-10
338751 0.01392 0.01392 -0.0281236 -1.83306e-09 -2.01666e-09 -3.49667e-10
337917 0.014452 0.014452 -0.0291236 -1.79978e-09 -1.93513e-09 -3.18109e-10
338884 0.0149841 0.0149841 -0.0301236 -1.76342e-09 -1.93573e-09 -3.17452e-10
338855 0.0155162 0.0155162 -0.0311236 -1.78351e-09 -1.60057e-09 -7.74868e-11
338698 0.0160483 0.0160483 -0.0321236 -1.74032e-09 -1.58495e-09 -1.19223e-10
338905 0.0165803 0.0165803 -0.0331236 -1.71537e-09 -1.43074e-09 5.03325e-11
338699 0.0171124 0.0171124 -0.0341236 -1.68905e-09 -1.3873e-09 5.17207e-12
338630 0.0176445 0.0176445 -0.0351236 -1.72533e-09 -1.58053e-09 -1.3519e-10
338692 0.0181766 0.0181766 -0.0361236 -1.66842e-09 -1.35441e-09 -1.14872e-11
338850 0.0187086 0.0187086 -0.0371236 -1.6763e-09 -1.12313e-09 1.71336e-10
338698 0.0192407 0.0192407 -0.0381236 -1.63196e-09 -1.1372e-09 1.11181e-10
338461 0.0197728 0.0197728 -0.0391236 -1.57183e-09 -1.09404e-09 1.29909e-10
338899 0.0203049 0.0203049 -0.0401236 -1.56307e-09 -9.58714e-10 2.8338e-10
338226 0.0208369 0.0208369 -0.0411236 -1.53685e-09 -9.4197e-10 2.23305e-10
338682 0.021369 0.021369 -0.0421236 -1.51135e-09 -8.91107e-10 2.34286e-10
338905 0.0219011 0.0219011 -0.0431236 -1.48718e-09 -7.78245e-10 3.79096e-10
338929 0.0224332 0.0224332 -0.0441236 -1.38153e-09 -8.71954e-10 2.12557e-10
338325 0.0229653 0.0229653 -0.0451236 -1.39744e-09 -7.70224e-10 2.78192e-10
338457 0.0234974 0.0234974 -0.0461236 -1.42846e-09 -7.25067e-10 2.33143e-10
338844 0.0240294 0.0240294 -0.0471236 -1.41298e-09 -5.28537e-10 4.25734e-10
337460 0.0245616 0.0245616 -0.0481236 -9.43484e-10 -1.45956e-09 -5.35179e-10
338661 0.0250936 0.0250936 -0.0491236 -1.13523e-09 -8.88662e-10 7.34642e-12
338905 0.0256257 0.0256257 -0.0501236 -1.11955e-09 -6.73715e-10 1.25469e-10
338473 0.0261578 0.0261578 -0.0511236 -1.15663e-09 -6.77631e-10 7.68337e-11
338900 0.0266899 0.0266899 -0.0521236 -1.09073e-09 -7.48752e-10 8.1746e-11
338930 0.027222 0.027222 -0.0531236 -1.0046e-09 -7.12952e-10 6.04889e-11
338701 0.0277541 0.0277541 -0.0541236 -1.02854e-09 -5.93038e-10 1.5931e-10
338695 0.0282862 0.0282862 -0.0551236 -1.01342e-09 -5.32955e-10 1.99337e-10
338695 0.0288183 0.0288183 -0.0561236 -9.98418e-10 -4.777e-10 2.35533e-10
338907 0.0293504 0.0293504 -0.0571236 -9.61123e-10 -5.60655e-10 2.04333e-10
338912 0.0298825 0.0298825 -0.0581236 -9.35217e-10 -4.9961e-10 1.41494e-10
338701 0.0304146 0.0304146 -0.0591236 -9.322e-10 -4.08681e-10 2.51018e-10
338695 0.0309467 0.0309467 -0.0601236 -9.18392e-10 -3.58464e-10 2.85771e-10
338695 0.0314788 0.0314788 -0.0611236 -9.04708e-10 -3.12274e-10 3.1728e-10
338468 0.0320109 0.0320109 -0.0621236 -9.45182e-10 -2.69936e-10 2.89768e-10
338690 0.032543 0.032543 -0.0631236 -9.04656e-10 -2.29798e-10 3.45315e-10
336347 0.0330752 0.0330752 -0.0641236 -8.82108e-10 -1.68928e-09 -6.55023e-10
337950 0.0336072 0.0336072 -0.0651236 -8.73656e-10 -3.34687e-10 1.21729e-10
338676 0.0341393 0.0341393 -0.0661236 -8.59125e-10 -4.86119e-10 1.15909e-10
338712 0.0346714 0.0346714 -0.0671236 -8.1751e-10 -5.15e-10 2.73592e-11
338908 0.0352036 0.0352036 -0.0681236 -8.19295e-10 -3.22049e-10 3.01762e-10
338931 0.0357357 0.0357357 -0.0691236 -7.2581e-10 -3.97498e-10 1.78684e-10
338389 0.0362678 0.0362678 -0.0701236 -8.14087e-10 -2.8207e-10 2.81986e-10
338900 0.0367999 0.0367999 -0.0711236 -7.49907e-10 -3.60936e-10 2.61459e-10
338702 0.0373321 0.0373321 -0.0721236 -7.49126e-10 -2.3306e-10 3.4156e-10
338697 0.0378642 0.0378642 -0.0731236 -7.37578e-10 -1.81704e-10 3.8064e-10
338909 0.0383963 0.0383963 -0.0741236 -7.27249e-10 -1.2124e-12 4.79572e-10
338703 0.0389285 0.0389285 -0.0751236 -7.15623e-10 -3.69357e-11 4.69563e-10
338698 0.0394606 0.0394606 -0.0761236 -7.04598e-10 -4.55076e-12 4.93258e-10
338909 0.0399928 0.0399928 -0.0771236 -6.71315e-10 -3.88983e-11 3.80784e-10
338704 0.0405249 0.0405249 -0.0781236 -6.71873e-10 2.96867e-11 4.78349e-10
338910 0.0410571 0.0410571 -0.0791236 -6.39253e-10 -7.4727e-11 4.38235e-10
338860 0.0415892 0.0415892 -0.0801236 -7.63657e-10 -1.2188e-10 3.48969e-10
338390 0.0421214 0.0421214 -0.0811236 -6.79276e-10 3.64887e-11 4.22883e-10
337696 0.0426535 0.0426536 -0.0821236 -5.87477e-10 7.15658e-10 7.99723e-10
338672 0.0431857 0.0431857 -0.0831236 -6.22304e-10 3.56693e-10 6.10767e-10
338910 0.0437179 0.0437179 -0.0841236 -5.91442e-10 2.19494e-10 5.46945e-10
338391 0.04425 0.04425 -0.0851236 -6.54675e-10 2.95458e-10 5.89464e-10
338556 0.0447822 0.0447822 -0.0861236 -6.24042e-10 4.1802e-10 7.13379e-10
338696 0.0453144 0.0453144 -0.0871236 -6.11065e-10 3.53235e-10 6.49863e-10
338929 0.0458466 0.0458466 -0.0881236 -5.78907e-10 4.52485e-10 7.50321e-10
338936 0.0463788 0.0463788 -0.0891236 -5.01886e-10 2.92415e-10 5.91398e-10
338918 0.0469109 0.046911 -0.0901236 -5.35373e-10 4.82946e-10 7.13112e-10
338764 0.0474431 0.0474431 -0.0911236 -4.94672e-10 4.07414e-10 6.75442e-10
337464 0.0479754 0.0479754 -0.0921236 -7.68862e-11 -4.81685e-10 -2.10813e-10
338668 0.0485076 0.0485076 -0.0931236 -2.86739e-10 5.42943e-11 3.27879e-10
338565 0.0490398 0.0490398 -0.0941236 -2.95735e-10 2.18959e-10 4.95123e-10
338698 0.049572 0.049572 -0.0951236 -2.92611e-10 1.90728e-10 4.69344e-10
338702 0.0501042 0.0501042 -0.0961236 -2.932e-10 2.21977e-10 5.02923e-10
338470 0.0506364 0.0506364 -0.0971236 -2.60311e-10 2.69912e-10 5.33707e-10
338561 0.0511687 0.0511687 -0.0981236 -2.8551e-10 4.0096e-10 6.76971e-10
338855 0.0517009 0.0517009 -0.0991236 -4.05433e-10 1.99784e-10 4.78266e-10
338572 0.0522331 0.0522331 -0.100124 -3.45891e-10 1.84171e-10 4.65004e-10
338700 0.0527654 0.0527654 -0.101124 -3.42984e-10 2.73255e-10 5.56324e-10
338916 0.0532976 0.0532976 -0.102124 -3.18665e-10 1.62121e-10 5.17245e-10
338922 0.0538299 0.0538299 -0.103124 -3.05559e-10 1.96642e-10 4.47011e-10
338575 0.0543621 0.0543621 -0.104124 -3.2316e-10 3.80076e-10 6.67346e-10
338702 0.0548944 0.0548944 -0.105124 -3.17767e-10 3.36141e-10 6.25313e-10
338861 0.0554267 0.0554267 -0.106124 -4.39452e-10 2.01147e-10 4.9214e-10
338397 0.055959 0.055959 -0.107124 -3.62984e-10 3.44316e-10 5.59431e-10
338465 0.0564912 0.0564913 -0.108124 -3.3253e-10 3.44647e-10 5.81722e-10
338856 0.0570235 0.0570235 -0.109124 -4.69218e-10 2.11339e-10 4.61583e-10
338940 0.0575558 0.0575558 -0.110124 -3.23813e-10 2.16637e-10 4.70269e-10
338730 0.0580881 0.0580881 -0.111124 -3.31502e-10 1.502e-10 4.53626e-10
338708 0.0586205 0.0586205 -0.112124 -3.42194e-10 2.62267e-10 5.44732e-10
338708 0.0591528 0.0591528 -0.113124 -3.39231e-10 2.91235e-10 5.75618e-10
338938 0.0596851 0.0596851 -0.114124 -2.5591e-10 2.17095e-10 5.0329e-10
338715 0.0602174 0.0602174 -0.115124 -2.93548e-10 3.00894e-10 5.88813e-10
338709 0.0607498 0.0607498 -0.116124 -2.91958e-10 3.26763e-10 6.16319e-10
338921 0.0612821 0.0612821 -0.117124 -2.67921e-10 2.15469e-10 5.76554e-10
338928 0.0618145 0.0618145 -0.118124 -2.55135e-10 2.49772e-10 5.05499e-10
338717 0.0623468 0.0623468 -0.119124 -2.6511e-10 3.15397e-10 6.07531e-10
338711 0.0628792 0.0628792 -0.120124 -2.64129e-10 3.41296e-10 6.34844e-10
338712 0.0634116 0.0634116 -0.121124 -2.63113e-10 3.6422e-10 6.59127e-10
338924 0.063944 0.063944 -0.122124 -2.39624e-10 3.20214e-10 5.46421e-10
338930 0.0644764 0.0644764 -0.123124 -2.2738e-10 3.15278e-10 5.09581e-10
338719 0.0650088 0.0650088 -0.124124 -2.37895e-10 3.76956e-10 6.11151e-10
338714 0.0655412 0.0655412 -0.125124 -2.37445e-10 3.99182e-10 6.38124e-10
338926 0.0660736 0.0660736 -0.126124 -2.14514e-10 3.54367e-10 5.27829e-10
337725 0.0666061 0.0666061 -0.127124 1.38774e-10 -2.53e-10 2.9761e-10
338918 0.0671385 0.0671385 -0.128124 3.57631e-11 5.77576e-11 4.39302e-10
338721 0.0676709 0.0676709 -0.129124 -1.05206e-11 1.67513e-10 5.46736e-10
338872 0.0682034 0.0682034 -0.130124 -5.18113e-11 3.68788e-10 7.45738e-10
338933 0.0687358 0.0687358 -0.131124 -4.13705e-11 4.56977e-10 7.61739e-10
338953 0.0692683 0.0692683 -0.132124 -2.31551e-11 5.0935e-10 8.48942e-10
338724 0.0698008 0.0698008 -0.133124 -4.05518e-11 4.69013e-10 8.08514e-10
338719 0.0703333 0.0703333 -0.134124 -4.61473e-11 4.81635e-10 8.21063e-10
338719 0.0708658 0.0708658 -0.135124 -5.15092e-11 4.92757e-10 8.32115e-10
338931 0.0713983 0.0713983 -0.136124 -3.41941e-11 3.68095e-10 7.77434e-10
338938 0.0719308 0.0719308 -0.137124 -5.14446e-11 5.19586e-10 9.62025e-10
338938 0.0724634 0.0724634 -0.138124 -5.71565e-11 6.26511e-10 9.60078e-10
338727 0.0729959 0.0729959 -0.139124 -6.16555e-11 5.56145e-10 9.22912e-10
338722 0.0735285 0.0735285 -0.140124 -6.63856e-11 5.57184e-10 9.22284e-10
338935 0.074061 0.074061 -0.141124 -4.84596e-11 4.93725e-10 7.87185e-10
338729 0.0745936 0.0745936 -0.142124 -6.40784e-11 5.36267e-10 8.65137e-10
338661 0.0751262 0.0751262 -0.143124 -1.30729e-10 2.71703e-10 7.05252e-10
338490 0.0756588 0.0756588 -0.144124 -7.03308e-11 4.32933e-10 8.3234e-10
338383 0.0761914 0.0761914 -0.145124 -7.80632e-11 4.47682e-10 8.35041e-10
338717 0.076724 0.076724 -0.146124 -8.79321e-11 4.61538e-10 8.46583e-10
338253 0.0772567 0.0772567 -0.147124 -9.15871e-11 4.7383e-10 8.56672e-10
338715 0.0777893 0.0777893 -0.148124 -9.50846e-11 4.84747e-10 8.65496e-10
338940 0.078322 0.078322 -0.149124 -9.94789e-11 5.59048e-10 1.00792e-09
338735 0.0788547 0.0788547 -0.150124 -1.02284e-10 5.2615e-10 9.36209e-10
338942 0.0793873 0.0793873 -0.151124 -1.06437e-10 5.94161e-10 1.07068e-09
338948 0.07992 0.07992 -0.152124 -1.10058e-10 6.2041e-10 1.12665e-09
338949 0.0804527 0.0804527 -0.153124 -1.13594e-10 6.4216e-10 1.17642e-09
338967 0.0809855 0.0809855 -0.154124 -3.54901e-11 4.94984e-10 9.8552e-10
338739 0.0815182 0.0815182 -0.155124 -7.88311e-11 5.47713e-10 1.02992e-09
338734 0.082051 0.082051 -0.156124 -8.27469e-11 5.46236e-10 1.02051e-09
338946 0.0825837 0.0825837 -0.157124 -8.75603e-11 6.80197e-10 1.07677e-09
338953 0.0831165 0.0831165 -0.158124 -6.82996e-11 4.66336e-10 9.62857e-10
338606 0.0836493 0.0836493 -0.159124 -8.53133e-11 4.2036e-10 8.74986e-10
338733 0.0841821 0.0841821 -0.160124 -8.78403e-11 4.92031e-10 9.40109e-10
338950 0.0847149 0.0847149 -0.161124 -9.23724e-11 6.34193e-10 1.00585e-09
338956 0.0852478 0.0852478 -0.162124 -9.63646e-11 6.27012e-10 1.09989e-09
337749 0.0857806 0.0857806 -0.163124 -1.20383e-11 1.25446e-09 1.3498e-09
338036 0.0863135 0.0863135 -0.164124 1.79931e-11 6.99207e-10 6.77527e-10
338739 0.0868463 0.0868463 -0.165124 -1.46349e-11 9.20328e-10 1.00456e-09
338899 0.0873792 0.0873792 -0.166124 -6.21415e-11 9.67396e-10 1.08545e-09
338747 0.0879122 0.0879122 -0.167124 -5.04854e-11 8.54628e-10 9.82992e-10
338956 0.0884451 0.0884451 -0.168124 -5.68228e-11 8.91779e-10 1.10017e-09
338963 0.088978 0.088978 -0.169124 -6.25362e-11 8.90414e-10 1.14139e-09
338908 0.089511 0.089511 -0.170124 -1.9062e-10 6.69044e-10 8.90029e-10
338963 0.0900439 0.0900439 -0.171124 -1.10496e-10 6.66173e-10 8.21676e-10
338754 0.0905769 0.0905769 -0.172124 -1.24277e-10 6.90848e-10 8.87856e-10
338979 0.0911099 0.0911099 -0.173124 -4.63571e-11 5.79489e-10 7.82655e-10
338986 0.091643 0.091643 -0.174124 -6.62661e-11 7.32409e-10 9.41441e-10
338969 0.092176 0.092176 -0.175124 -5.97338e-11 5.32949e-10 8.17836e-10
338914 0.0927091 0.0927091 -0.176124 -1.09804e-10 7.5743e-10 1.01061e-09
338914 0.0932421 0.0932421 -0.177124 -1.30611e-10 8.20814e-10 1.07717e-09
338758 0.0937752 0.0937752 -0.178124 -1.15769e-10 7.23603e-10 9.82962e-10
338967 0.0943083 0.0943083 -0.179124 -9.55176e-11 5.74457e-10 9.06976e-10
338974 0.0948415 0.0948415 -0.180124 -8.6469e-11 5.76055e-10 8.03952e-10
338763 0.0953746 0.0953746 -0.181124 -1.00183e-10 6.13399e-10 8.79028e-10
338758 0.0959078 0.0959078 -0.182124 -1.02846e-10 6.13846e-10 8.82004e-10
338759 0.096441 0.096441 -0.183124 -1.05407e-10 6.14173e-10 8.84747e-10
338760 0.0969742 0.0969742 -0.184124 -1.07866e-10 6.14384e-10 8.87256e-10
338761 0.0975074 0.0975074 -0.185124 -1.10226e-10 6.14498e-10 8.89553e-10
338763 0.0980406 0.0980406 -0.186124 -1.12493e-10 6.1453e-10 8.91661e-10
338531 0.0985739 0.0985739 -0.187124 -8.12062e-11 6.34803e-10 8.94425e-10
338916 0.0991072 0.0991072 -0.188124 -1.34936e-10 7.7746e-10 1.04912e-09
338787 0.0996405 0.0996405 -0.189124 -1.06727e-10 7.90671e-10 1.1114e-09
338925 0.100174 0.100174 -0.190124 -2.38679e-10 5.64553e-10 8.63295e-10
338773 0.100707 0.100707 -0.191124 -1.78096e-10 6.41226e-10 9.41012e-10
337028 0.101241 0.101241 -0.192124 3.75861e-10 1.01859e-09 5.55586e-10
338937 0.101774 0.101774 -0.193124 9.33757e-11 9.51444e-10 8.16882e-10
338777 0.102307 0.102307 -0.194124 8.37867e-11 8.598e-10 7.81457e-10
338774 0.102841 0.102841 -0.195124 7.40321e-11 8.41762e-10 7.83652e-10
339005 0.103374 0.103374 -0.196124 1.45395e-10 7.23854e-10 6.84984e-10
338782 0.103908 0.103908 -0.197124 9.56497e-11 7.705e-10 7.49922e-10
338777 0.104441 0.104441 -0.198124 8.56506e-11 7.62196e-10 7.59001e-10
338991 0.104975 0.104975 -0.199124 9.85528e-11 6.88808e-10 6.31647e-10
338943 0.105508 0.105508 -0.200124 -4.59128e-11 5.68779e-10 5.64417e-10
