1 -0.00148309 -0.00148309 -0.00148309 6.77626e-20 -3.25261e-19 0
2 -0.00148309 -0.00148309 -0.00148309 -2.03288e-19 -3.25261e-19 -1.6263e-19
178214 -0.00118211 -0.00118211 -0.00248309 8.73058e-15 -1.51203e-15 5.02891e-15
401806 -0.000828479 -0.000828461 -0.00348309 9.72157e-10 -7.98425e-09 4.76828e-10
583230 -0.000448655 -0.000448659 -0.00448309 1.57443e-10 6.0001e-11 -1.69918e-09
745089 -4.97843e-05 -4.97558e-05 -0.00548309 1.97301e-08 -5.09556e-09 6.56442e-09
893135 0.000362276 0.000362285 -0.00648309 5.90803e-09 -2.60585e-09 4.80948e-10
1.03521e+06 0.000785795 0.000785803 -0.00748309 7.09363e-09 -2.73011e-09 8.84525e-10
1.15705e+06 0.001218 0.00121801 -0.00848309 6.15297e-09 -2.85826e-09 6.08267e-10
1.27224e+06 0.00165756 0.00165757 -0.00948309 5.59053e-09 -2.85717e-09 4.40683e-10
1.37704e+06 0.0021073 0.00210731 -0.0104831 5.41065e-09 -2.83191e-09 3.54774e-10
1.46815e+06 0.0025595 0.00255952 -0.0114831 4.40036e-09 -3.26434e-09 2.58231e-09
1.53587e+06 0.00301691 0.00301692 -0.0124831 4.84202e-09 -2.88179e-09 7.83193e-10
1.59848e+06 0.00348359 0.0034836 -0.0134831 4.6855e-09 -2.09388e-09 1.2851e-09
1.67025e+06 0.00394927 0.00394928 -0.0144831 4.52766e-09 -3.43039e-09 -6.76152e-11
1.74108e+06 0.00441441 0.00441442 -0.0154831 3.88952e-09 -3.02226e-09 2.24314e-10
1.79588e+06 0.00489181 0.00489182 -0.0164831 4.17487e-09 -2.68699e-09 9.37465e-10
1.81881e+06 0.00537463 0.00537464 -0.0174831 4.05205e-09 -2.75572e-09 4.37929e-10
1.85836e+06 0.005858 0.00585801 -0.0184831 3.93581e-09 -2.72028e-09 3.78192e-10
1.90121e+06 0.00634213 0.00634214 -0.0194831 3.82627e-09 -2.68514e-09 3.24023e-10
1.94426e+06 0.00682717 0.00682717 -0.0204831 3.72326e-09 -2.65053e-09 2.74996e-10
1.98787e+06 0.00731326 0.00731327 -0.0214831 3.62338e-09 -2.61662e-09 2.30712e-10
2.03604e+06 0.00780054 0.00780055 -0.0224831 3.53508e-09 -2.58358e-09 1.90741e-10
2.05014e+06 0.00830003 0.00830004 -0.0234831 3.50487e-09 -2.56295e-09 1.85511e-10
2.06704e+06 0.00880456 0.00880456 -0.0244831 3.42817e-09 -2.53222e-09 1.54419e-10
2.08427e+06 0.00930978 0.00930978 -0.0254831 3.35446e-09 -2.50182e-09 1.25562e-10
2.1017e+06 0.00981571 0.00981572 -0.0264831 3.28367e-09 -2.47179e-09 9.88114e-11
2.11928e+06 0.0103224 0.0103224 -0.0274831 3.21721e-09 -2.45769e-09 4.88019e-11
2.13718e+06 0.0108298 0.0108298 -0.0284831 3.15097e-09 -2.41595e-09 4.60154e-11
2.15567e+06 0.011338 0.011338 -0.0294831 3.08858e-09 -2.38715e-09 2.51694e-11
2.17397e+06 0.0118471 0.0118471 -0.0304831 3.02887e-09 -2.35892e-09 5.98292e-12
2.19203e+06 0.0123569 0.0123569 -0.0314831 2.97178e-09 -2.33131e-09 -1.16418e-11
2.21118e+06 0.0128676 0.0128676 -0.0324831 2.91726e-09 -2.30434e-09 -2.77842e-11
2.23056e+06 0.0133792 0.0133792 -0.0334831 2.86525e-09 -2.27803e-09 -4.25287e-11
2.24807e+06 0.0138917 0.0138917 -0.0344831 2.8252e-09 -2.30368e-09 -9.60261e-11
2.26869e+06 0.0144051 0.0144051 -0.0354831 2.77078e-09 -2.23769e-09 -7.57259e-11
2.28842e+06 0.0149194 0.0149194 -0.0364831 2.72592e-09 -2.21292e-09 -8.61951e-11
2.30728e+06 0.0154348 0.0154348 -0.0374831 2.68334e-09 -2.18893e-09 -9.55846e-11
2.32738e+06 0.0159511 0.0159511 -0.0384831 2.643e-09 -2.16571e-09 -1.03949e-10
2.34778e+06 0.0164684 0.0164684 -0.0394831 2.60483e-09 -2.14328e-09 -1.11348e-10
2.35509e+06 0.0169869 0.0169869 -0.0404831 2.56871e-09 -2.12161e-09 -1.17844e-10
2.37577e+06 0.0175064 0.0175064 -0.0414831 2.53465e-09 -2.10072e-09 -1.23484e-10
2.39575e+06 0.0180269 0.0180269 -0.0424831 2.50251e-09 -2.08059e-09 -1.28341e-10
2.40122e+06 0.0185575 0.0185575 -0.0434831 2.51128e-09 -2.0724e-09 -1.13364e-10
2.40235e+06 0.0190896 0.0190896 -0.0444831 2.48557e-09 -2.05442e-09 -1.15393e-10
2.40238e+06 0.0196217 0.0196217 -0.0454831 2.46029e-09 -2.03671e-09 -1.17315e-10
2.40237e+06 0.0201538 0.0201538 -0.0464831 2.43546e-09 -2.01927e-09 -1.19132e-10
2.40142e+06 0.0206859 0.0206859 -0.0474831 2.40985e-09 -2.01361e-09 -1.34022e-10
2.40235e+06 0.0212179 0.0212179 -0.0484831 2.38678e-09 -1.98739e-09 -1.25067e-10
2.40238e+06 0.02175 0.02175 -0.0494831 2.36321e-09 -1.9706e-09 -1.26468e-10
2.40157e+06 0.0222821 0.0222821 -0.0504831 2.34004e-09 -1.95406e-09 -1.2778e-10
2.40264e+06 0.0228142 0.0228142 -0.0514831 2.31728e-09 -1.93778e-09 -1.29005e-10
2.40157e+06 0.0233463 0.0233463 -0.0524831 2.29491e-09 -1.92173e-09 -1.30146e-10
2.40147e+06 0.0238783 0.0238783 -0.0534831 2.27409e-09 -1.91695e-09 -1.43803e-10
2.40154e+06 0.0244104 0.0244104 -0.0544831 2.2516e-09 -1.89249e-09 -1.34657e-10
2.4026e+06 0.0249425 0.0249425 -0.0554831 2.23032e-09 -1.87774e-09 -1.36367e-10
2.40157e+06 0.0254746 0.0254746 -0.0564831 2.20951e-09 -1.86197e-09 -1.36336e-10
2.40266e+06 0.0260067 0.0260067 -0.0574831 2.18902e-09 -1.84698e-09 -1.3697e-10
2.40157e+06 0.0265388 0.0265388 -0.0584831 2.16889e-09 -1.83222e-09 -1.37536e-10
2.40154e+06 0.0270709 0.0270709 -0.0594831 2.14911e-09 -1.81768e-09 -1.38037e-10
2.40235e+06 0.0276029 0.0276029 -0.0604831 2.12968e-09 -1.80336e-09 -1.38473e-10
2.40157e+06 0.028135 0.028135 -0.0614831 2.11059e-09 -1.78925e-09 -1.38846e-10
2.40236e+06 0.0286671 0.0286671 -0.0624831 2.09184e-09 -1.77536e-09 -1.39157e-10
2.40267e+06 0.0291992 0.0291992 -0.0634831 2.07341e-09 -1.76167e-09 -1.39409e-10
2.40217e+06 0.0297313 0.0297313 -0.0644831 2.05548e-09 -1.75387e-09 -1.46679e-10
2.40238e+06 0.0302634 0.0302634 -0.0654831 2.03757e-09 -1.73599e-09 -1.41138e-10
2.40238e+06 0.0307955 0.0307955 -0.0664831 2.0201e-09 -1.72284e-09 -1.41155e-10
2.40262e+06 0.0313276 0.0313276 -0.0674831 2.00294e-09 -1.70896e-09 -1.4043e-10
2.40238e+06 0.0318597 0.0318597 -0.0684831 1.98609e-09 -1.69695e-09 -1.40904e-10
2.40237e+06 0.0323918 0.0323918 -0.0694831 1.96954e-09 -1.68439e-09 -1.40777e-10
2.40157e+06 0.0329239 0.0329239 -0.0704831 1.95328e-09 -1.67201e-09 -1.40603e-10
2.40155e+06 0.033456 0.033456 -0.0714831 1.93731e-09 -1.65982e-09 -1.40381e-10
2.40236e+06 0.0339881 0.0339881 -0.0724831 1.92163e-09 -1.64781e-09 -1.40114e-10
2.40157e+06 0.0345203 0.0345203 -0.0734831 1.90623e-09 -1.63597e-09 -1.39803e-10
2.40134e+06 0.0350524 0.0350524 -0.0744831 1.89107e-09 -1.62473e-09 -1.39788e-10
2.40235e+06 0.0355845 0.0355845 -0.0754831 1.87624e-09 -1.6129e-09 -1.39116e-10
2.40157e+06 0.0361166 0.0361166 -0.0764831 1.86165e-09 -1.60157e-09 -1.38674e-10
2.40265e+06 0.0366487 0.0366487 -0.0774831 1.84732e-09 -1.5904e-09 -1.38193e-10
2.40268e+06 0.0371808 0.0371808 -0.0784831 1.83325e-09 -1.5794e-09 -1.37672e-10
2.40238e+06 0.037713 0.037713 -0.0794831 1.81944e-09 -1.56855e-09 -1.37114e-10
2.40157e+06 0.0382451 0.0382451 -0.0804831 1.80588e-09 -1.55787e-09 -1.3652e-10
2.40155e+06 0.0387772 0.0387772 -0.0814831 1.79256e-09 -1.54733e-09 -1.3589e-10
2.40236e+06 0.0393094 0.0393094 -0.0824831 1.77948e-09 -1.53695e-09 -1.35225e-10
2.40239e+06 0.0398415 0.0398415 -0.0834831 1.76664e-09 -1.52672e-09 -1.34527e-10
2.40239e+06 0.0403736 0.0403736 -0.0844831 1.75404e-09 -1.51663e-09 -1.33796e-10
2.40239e+06 0.0409058 0.0409058 -0.0854831 1.74166e-09 -1.50669e-09 -1.33033e-10
2.40157e+06 0.0414379 0.0414379 -0.0864831 1.72951e-09 -1.49689e-09 -1.32239e-10
2.40236e+06 0.0419701 0.0419701 -0.0874831 1.71759e-09 -1.48722e-09 -1.31416e-10
2.40157e+06 0.0425022 0.0425022 -0.0884831 1.70588e-09 -1.4777e-09 -1.30564e-10
2.40237e+06 0.0430344 0.0430344 -0.0894831 1.69439e-09 -1.46831e-09 -1.29684e-10
2.40158e+06 0.0435665 0.0435665 -0.0904831 1.68311e-09 -1.45905e-09 -1.28777e-10
2.40266e+06 0.0440987 0.0440987 -0.0914831 1.67203e-09 -1.44993e-09 -1.27843e-10
2.4027e+06 0.0446309 0.0446309 -0.0924831 1.66117e-09 -1.44093e-09 -1.26884e-10
2.39972e+06 0.045163 0.0451631 -0.0934831 1.6496e-09 -1.43433e-09 -1.24536e-10
2.40151e+06 0.0456952 0.0456952 -0.0944831 1.63982e-09 -1.42382e-09 -1.2459e-10
2.40237e+06 0.0462274 0.0462274 -0.0954831 1.62955e-09 -1.41519e-09 -1.23566e-10
2.39874e+06 0.0467596 0.0467596 -0.0964831 1.61948e-09 -1.37209e-09 -8.79379e-11
2.40229e+06 0.0472917 0.0472917 -0.0974831 1.60958e-09 -1.39154e-09 -1.14707e-10
2.40158e+06 0.0478239 0.0478239 -0.0984831 1.59987e-09 -1.38358e-09 -1.13946e-10
2.40262e+06 0.0483561 0.0483561 -0.0994831 1.59034e-09 -1.37481e-09 -1.12459e-10
2.40239e+06 0.0488883 0.0488883 -0.100483 1.581e-09 -1.3678e-09 -1.1219e-10
2.40264e+06 0.0494205 0.0494205 -0.101483 1.57182e-09 -1.35922e-09 -1.10642e-10
