1 -200000 -200000 -200000 9.81962e-13 -1.96392e-12 1.47294e-12 0
2 -200000 -200000 -200000 -6.60353e-12 -1.96392e-12 -1.2531e-11 2.17885e-16
240399 -200000 -200000 -515110 3.34783e-07 2.40144e-07 2.46814e-07 0.455356
510640 -200025 -199990 -740848 -0.0517386 -2.29295 5.32256 0.634154
733776 -200000 -200007 -918943 -0.203563 0.686847 -0.280693 0.733807
912839 -200003 -200012 -1.06373e+06 0.0335831 -0.712741 2.58487 0.797596
1.03227e+06 -200005 -200008 -1.17336e+06 -0.345337 1.18432 -0.0150723 0.838364
1.13586e+06 -200009 -200012 -1.25945e+06 0.0757178 -0.133998 -1.157 0.866717
1.22173e+06 -200014 -200016 -1.33802e+06 0.0704416 -0.0706154 -1.03147 0.890219
1.26099e+06 -200010 -200012 -1.39607e+06 0.059446 -0.0208291 -0.817844 0.906312
1.30515e+06 -200013 -200016 -1.43725e+06 0.0548773 0.00333605 -0.270757 0.917121
1.35194e+06 -200019 -200020 -1.48028e+06 0.0514265 0.0181994 -0.699312 0.92792
1.40325e+06 -200026 -200028 -1.52527e+06 0.0476265 0.0405144 -0.624196 0.938707
1.45082e+06 -200036 -200037 -1.57236e+06 0.025745 0.106007 -0.605691 0.949482
1.44682e+06 -200020 -200021 -1.58502e+06 0.0359393 0.066375 -0.412998 0.952322
1.45642e+06 -200022 -200023 -1.59612e+06 0.0406057 0.0701278 -0.379174 0.95476
1.46997e+06 -200024 -200025 -1.60735e+06 0.0311692 0.0789743 -0.342892 0.957199
1.48207e+06 -200027 -200027 -1.61871e+06 0.0290777 0.0822949 -0.312933 0.959638
1.49005e+06 -200026 -200028 -1.63017e+06 0.0146009 0.0589298 -0.428487 0.962078
1.50378e+06 -200031 -200031 -1.6418e+06 0.0239593 0.101256 -0.247085 0.964518
1.51895e+06 -200034 -200035 -1.65355e+06 0.0238523 0.0904267 -0.226524 0.966958
1.52987e+06 -200036 -200037 -1.66543e+06 0.016402 0.100854 -0.194321 0.969398
1.54256e+06 -200040 -200040 -1.67745e+06 0.0147822 0.0982232 -0.176095 0.971838
1.54948e+06 -200038 -200036 -1.68955e+06 0.158268 -0.00528266 -0.243877 0.974279
1.57025e+06 -200049 -200049 -1.70192e+06 0.0133541 0.0905348 -0.145364 0.97672
1.58384e+06 -200053 -200054 -1.71437e+06 0.0121053 0.0859247 -0.131511 0.979161
1.57283e+06 -200019 -200020 -1.72666e+06 0.0124951 0.078591 -0.12268 0.981604
1.58654e+06 -200022 -200022 -1.73939e+06 0.00960559 0.0772014 -0.10545 0.984046
1.60005e+06 -200024 -200024 -1.75227e+06 0.00845274 0.0725662 -0.0935958 0.986488
1.61372e+06 -200026 -200027 -1.7653e+06 0.00734597 0.0679793 -0.0822681 0.98893
1.62647e+06 -200028 -200029 -1.77848e+06 0.00436555 0.0710894 -0.0637804 0.991373
1.64157e+06 -200032 -200033 -1.79184e+06 0.00534269 0.0582351 -0.061749 0.993816
1.6546e+06 -200034 -200035 -1.80534e+06 0.00556514 0.0610229 -0.0445369 0.996259
1.66893e+06 -200038 -200038 -1.81902e+06 0.00459054 0.0562038 -0.0353456 0.998702
1.67693e+06 -200047 -200047 -1.82641e+06 0.000130108 0.0401083 -0.0012717 1
1.67801e+06 -200047 -200048 -1.82641e+06 0.00115673 0.0384669 -0.00277525 1
1.68044e+06 -200049 -200050 -1.82643e+06 -0.000202446 0.0334382 -0.00468811 1
1.68051e+06 -200049 -200050 -1.82643e+06 -0.000341061 0.0306028 -0.00599569 1
1.68051e+06 -200049 -200050 -1.82643e+06 -0.000472685 0.0280217 -0.00710969 1
1.68051e+06 -200049 -200050 -1.82643e+06 -0.000597278 0.0256713 -0.00805196 1
1.67918e+06 -200048 -200048 -1.82642e+06 0.00201521 0.0161208 -0.0162519 1
1.67914e+06 -200048 -200048 -1.82642e+06 0.00182657 0.0149579 -0.0161172 1
1.6782e+06 -200047 -200048 -1.82641e+06 -0.000512452 0.0207188 -0.00796503 1
1.67594e+06 -200044 -200044 -1.82638e+06 -0.0260705 -0.0522191 -0.0558003 1
1.68039e+06 -200049 -200050 -1.82643e+06 -0.000605405 0.0240623 -0.00443119 1
1.67922e+06 -200048 -200048 -1.82642e+06 -0.00600095 0.0130225 -0.0143231 1
1.68048e+06 -200049 -200050 -1.82643e+06 -0.000663737 0.0209249 -0.0053237 1
1.68051e+06 -200049 -200050 -1.82643e+06 -0.000760225 0.0191195 -0.00607705 1
1.67918e+06 -200048 -200048 -1.82642e+06 0.00188052 0.0100691 -0.0141186 1
1.67915e+06 -200048 -200048 -1.82642e+06 0.00171871 0.0093646 -0.0138537 1
1.67919e+06 -200048 -200048 -1.82642e+06 -0.00645195 0.00717396 -0.0151137 1
1.6782e+06 -200047 -200048 -1.82641e+06 -0.000517775 0.0149925 -0.00525636 1
1.68045e+06 -200049 -200050 -1.82643e+06 -0.00117778 0.0142169 -0.00634364 1
1.6794e+06 -200048 -200048 -1.82642e+06 0.000167818 0.00844119 -0.0141067 1
1.67937e+06 -200048 -200048 -1.82642e+06 -0.00130335 0.016964 0.000960522 1
1.68048e+06 -200050 -200050 -1.82643e+06 -0.00140515 0.0107612 -0.00743118 1
1.6794e+06 -200048 -200048 -1.82642e+06 -4.64104e-05 0.00529214 -0.0149821 1
1.67915e+06 -200048 -200048 -1.82642e+06 0.00118757 0.00214151 -0.0144903 1
1.68048e+06 -200050 -200050 -1.82643e+06 -0.00166376 0.0095013 -0.00646434 1
1.6794e+06 -200048 -200048 -1.82642e+06 -0.000290743 0.00411125 -0.0140263 1
1.67937e+06 -200048 -200048 -1.82642e+06 -0.00173625 0.0158 -0.00159175 1
1.67937e+06 -200048 -200048 -1.82642e+06 -0.00177539 0.0115161 0.000461535 1
1.6792e+06 -200048 -200048 -1.82642e+06 -0.00713669 -0.00317219 -0.016615 1
1.68048e+06 -200050 -200050 -1.82643e+06 -0.00172818 0.00610666 -0.00679656 1
1.68052e+06 -200050 -200050 -1.82643e+06 -0.0017567 0.00554731 -0.00683917 1
1.6794e+06 -200048 -200048 -1.82642e+06 -0.00174324 0.00957949 0.000499903 1
1.67827e+06 -200048 -200048 -1.82642e+06 -0.00181132 0.00400222 -0.0075444 1
1.68046e+06 -200050 -200050 -1.82643e+06 -0.00183069 0.00364046 -0.00744262 1
1.67811e+06 -200048 -200048 -1.82642e+06 -0.000667242 0.00362474 -0.00554181 1
1.68045e+06 -200050 -200050 -1.82643e+06 -0.00189406 0.00293891 -0.00732145 1
1.6794e+06 -200048 -200048 -1.82642e+06 -0.000495108 -0.00187788 -0.014539 1
1.67809e+06 -200048 -200048 -1.82642e+06 -0.00165815 0.00178337 -0.0064421 1
1.67913e+06 -200048 -200048 -1.82642e+06 0.000754947 -0.00466777 -0.0136596 1
1.67937e+06 -200048 -200048 -1.82642e+06 -0.000647441 -0.00409404 -0.00991423 1
1.68049e+06 -200050 -200050 -1.82643e+06 -0.00209654 0.00362483 -0.00479315 1
1.68052e+06 -200050 -200050 -1.82643e+06 -0.00209552 0.00324829 -0.0048322 1
1.67923e+06 -200048 -200048 -1.82642e+06 -0.00389878 0.011858 0.00410037 1
1.68049e+06 -200050 -200050 -1.82643e+06 -0.00201736 0.00175044 -0.00569668 1
1.67919e+06 -200048 -200048 -1.82642e+06 0.000715013 -0.00586115 -0.0130108 1
1.67938e+06 -200048 -200048 -1.82642e+06 -0.00205223 0.00951844 -0.000157262 1
1.67921e+06 -200048 -200048 -1.82642e+06 -0.0073791 -0.00774229 -0.0142 1
1.67916e+06 -200048 -200048 -1.82642e+06 0.000794777 -0.00551735 -0.0117179 1
1.67461e+06 -200041 -200041 -1.82636e+06 -0.0328082 -0.0947425 -0.100696 1
1.68037e+06 -200050 -200050 -1.82643e+06 -0.00116145 0.0116453 0.0059304 1
1.67941e+06 -200048 -200048 -1.82642e+06 0.000226756 0.0030392 0.000364617 1
1.6805e+06 -200050 -200050 -1.82643e+06 -0.00123456 0.0100018 0.00460219 1
1.67813e+06 -200048 -200048 -1.82642e+06 -0.00094902 0.00774586 0.0036608 1
1.67935e+06 -200048 -200048 -1.82642e+06 0.000142664 0.000699549 -0.00150538 1
1.67939e+06 -200048 -200048 -1.82642e+06 -0.00127488 0.0124453 0.010309 1
1.67863e+06 -200048 -200048 -1.82642e+06 -0.00151444 0.0042903 -0.000592327 1
1.67597e+06 -200044 -200044 -1.82638e+06 0.0234784 -0.0315919 -0.0604519 1
1.67912e+06 -200048 -200048 -1.82642e+06 -0.00729087 0.00138927 -0.00212246 1
1.6805e+06 -200050 -200050 -1.82643e+06 -0.00183179 0.0100472 0.0066688 1
1.67739e+06 -200046 -200046 -1.8264e+06 -0.00306901 0.0388604 0.0186639 1
1.67934e+06 -200048 -200048 -1.82642e+06 -0.000362688 0.00083555 -0.00439505 1
1.67789e+06 -200048 -200048 -1.82642e+06 -0.00179829 0.00531581 0.00312109 1
1.67918e+06 -200048 -200048 -1.82642e+06 -0.0035891 0.013629 0.0115202 1
1.67939e+06 -200048 -200048 -1.82642e+06 -0.000283426 -0.00411516 -0.00332735 1
1.6794e+06 -200048 -200048 -1.82642e+06 -0.00168153 0.008069 0.00880493 1
1.67864e+06 -200048 -200048 -1.82642e+06 -0.00190173 0.000296269 -0.00183042 1
1.68049e+06 -200050 -200050 -1.82643e+06 -0.00168964 0.00238075 0.000338761 1
1.67943e+06 -200048 -200048 -1.82642e+06 -0.00026285 -0.00531695 -0.00446473 1
1.67919e+06 -200048 -200048 -1.82642e+06 -0.000500255 0.0098779 0.00786159 1
1.67922e+06 -200048 -200048 -1.82642e+06 -0.00353014 0.0102849 0.00834868 1
1.68051e+06 -200050 -200050 -1.82643e+06 -0.00163193 0.000258025 -0.001602 1
1.67944e+06 -200048 -200048 -1.82642e+06 -0.000204552 -0.00721639 -0.00618916 1
1.67941e+06 -200048 -200048 -1.82642e+06 -0.000225377 -0.00379768 -0.00846088 1
1.67919e+06 -200048 -200048 -1.82642e+06 0.00107616 -0.00626135 -0.00790508 1
1.67919e+06 -200048 -200048 -1.82642e+06 -0.000518513 0.00918424 0.00760401 1
1.67923e+06 -200048 -200048 -1.82642e+06 -0.00702896 -0.00826857 -0.00978712 1
1.6783e+06 -200048 -200048 -1.82642e+06 -0.00156798 0.00139385 -6.55343e-05 1
1.67938e+06 -200048 -200048 -1.82642e+06 -0.00151288 0.00572301 0.00713531 1
1.6792e+06 -200048 -200048 -1.82642e+06 0.00119242 -0.00703383 -0.00851389 1
1.68053e+06 -200050 -200050 -1.82643e+06 -0.00159907 0.00107757 -0.000344162 1
1.68056e+06 -200050 -200050 -1.82644e+06 -0.0015773 0.000891887 -0.000474687 1
1.68056e+06 -200050 -200050 -1.82644e+06 -0.00155634 0.000728042 -0.000585626 1
1.67816e+06 -200048 -200048 -1.82642e+06 -0.000353619 0.000901173 0.00111306 1
1.67855e+06 -200048 -200047 -1.82641e+06 -0.0047224 -0.0157057 -0.00905151 1
1.68052e+06 -200050 -200050 -1.82644e+06 -0.00143636 0.00162574 0.000117053 1
1.68057e+06 -200050 -200050 -1.82644e+06 -0.00141823 0.00139664 -5.14163e-05 1
1.68057e+06 -200050 -200050 -1.82644e+06 -0.00139926 0.00119577 -0.000196296 1
1.67946e+06 -200048 -200049 -1.82642e+06 -0.00134206 0.00557505 0.00705313 1
1.68055e+06 -200050 -200050 -1.82644e+06 -0.00136942 0.000281641 -0.00113718 1
1.67946e+06 -200049 -200049 -1.82642e+06 -0.00131195 0.0047623 0.00621573 1
1.68055e+06 -200050 -200050 -1.82644e+06 -0.00133913 -0.000443799 -0.00188667 1
1.67607e+06 -200044 -200044 -1.82639e+06 -0.00705266 0.071561 0.0450443 1
1.67913e+06 -200048 -200048 -1.82642e+06 0.000167853 0.00080521 0.00045904 1
1.67794e+06 -200048 -200048 -1.82642e+06 -0.0010667 -0.0068182 -0.0071595 1
1.6779e+06 -200048 -200048 -1.82642e+06 -0.00105584 -0.00620266 -0.00653262 1
1.68052e+06 -200050 -200050 -1.82644e+06 -0.00104514 -0.00565025 -0.00596936 1
1.67926e+06 -200048 -200048 -1.82642e+06 0.000163131 0.00229335 0.00198461 1
1.67794e+06 -200048 -200048 -1.82642e+06 -0.00106806 -0.00549874 -0.00579757 1
1.67941e+06 -200049 -200049 -1.82642e+06 0.000357965 -0.00957689 -0.0126845 1
1.68057e+06 -200050 -200050 -1.82644e+06 -0.00107964 -0.00399998 -0.00414823 1
1.6806e+06 -200050 -200050 -1.82644e+06 -0.00106562 -0.00367056 -0.00381625 1
1.67931e+06 -200049 -200049 -1.82642e+06 -0.0063485 -0.0123614 -0.0125038 1
1.67928e+06 -200049 -200049 -1.82642e+06 -0.00618783 -0.0112427 -0.0113821 1
1.67817e+06 -200048 -200048 -1.82642e+06 0.000700159 -4.54587e-05 -0.00128263 1
1.67943e+06 -200049 -200049 -1.82643e+06 0.000642345 -0.00864375 -0.00591744 1
1.68058e+06 -200050 -200050 -1.82644e+06 -0.000801135 -0.000488396 -0.000712984 1
1.67928e+06 -200049 -200049 -1.82642e+06 0.00040528 0.00695198 0.00673435 1
1.67947e+06 -200049 -200049 -1.82643e+06 -0.000791043 0.00608224 0.00305031 1
1.68059e+06 -200050 -200050 -1.82644e+06 -0.000827554 -0.00194157 -0.0020157 1
1.67951e+06 -200049 -200049 -1.82643e+06 -0.000778975 0.00276981 0.0055156 1
1.68059e+06 -200050 -200050 -1.82644e+06 -0.000815397 -0.00225621 -0.00246323 1
1.68063e+06 -200050 -200050 -1.82644e+06 -0.000804948 -0.00208016 -0.00228114 1
1.67934e+06 -200049 -200049 -1.82643e+06 -0.00260511 0.00708005 0.00688402 1
1.6806e+06 -200050 -200050 -1.82644e+06 -0.000710956 -0.00263037 -0.00282169 1
1.67952e+06 -200049 -200049 -1.82643e+06 0.000710561 -0.00699143 -0.0100001 1
1.67949e+06 -200049 -200049 -1.82643e+06 0.000681361 -0.00622359 -0.00909607 1
1.67928e+06 -200049 -200049 -1.82643e+06 0.000438236 0.00650872 0.00658836 1
1.67597e+06 -200045 -200045 -1.82639e+06 0.00566589 0.0609753 0.0363085 1
1.68052e+06 -200051 -200051 -1.82644e+06 -0.00107389 -0.00762619 -0.00655862 1
1.67936e+06 -200049 -200049 -1.82643e+06 -0.00635135 -0.0159214 -0.0149068 1
1.67447e+06 -200042 -200042 -1.82637e+06 -0.00119659 0.107987 0.0755455 1
1.68049e+06 -200051 -200051 -1.82644e+06 -0.000853709 -0.0154954 -0.0132623 1
1.68065e+06 -200051 -200051 -1.82644e+06 -0.000837404 -0.0139929 -0.0118622 1
1.67955e+06 -200049 -200049 -1.82643e+06 0.000593653 -0.0200833 -0.0152172 1
1.67952e+06 -200049 -200049 -1.82643e+06 0.000572404 -0.0181868 -0.0135381 1
1.68064e+06 -200051 -200051 -1.82644e+06 -0.0008628 -0.00906581 -0.00744977 1
1.67934e+06 -200049 -200049 -1.82643e+06 0.000354726 -0.000751504 0.000796931 1
1.68064e+06 -200051 -200051 -1.82644e+06 -0.000873004 -0.00827696 -0.00679439 1
1.67956e+06 -200049 -200049 -1.82643e+06 0.000560801 -0.0121057 -0.0135119 1
1.67858e+06 -200049 -200049 -1.82643e+06 0.00158839 -0.00625206 -0.00476115 1
1.68063e+06 -200051 -200051 -1.82644e+06 -0.000931537 -0.00569825 -0.00427183 1
1.68069e+06 -200051 -200051 -1.82644e+06 -0.000910546 -0.00519715 -0.00383185 1
1.67957e+06 -200049 -200049 -1.82643e+06 0.000525049 -0.00934056 -0.0108608 1
1.67826e+06 -200049 -200049 -1.82643e+06 -0.000611074 -0.00496373 -0.00247814 1
1.68063e+06 -200051 -200051 -1.82644e+06 -0.000902827 -0.00339006 -0.00210863 1
1.6807e+06 -200051 -200051 -1.82644e+06 -0.000882636 -0.00311764 -0.00189141 1
1.6807e+06 -200051 -200051 -1.82644e+06 -0.00086298 -0.0028703 -0.00169744 1
1.68071e+06 -200051 -200051 -1.82644e+06 -0.000843765 -0.0026459 -0.0015243 1
1.6796e+06 -200049 -200050 -1.82643e+06 0.000591367 -0.00704495 -0.00880137 1
1.68069e+06 -200051 -200051 -1.82644e+06 -0.000843758 -0.0016796 -0.000522266 1
1.68072e+06 -200051 -200051 -1.82645e+06 -0.000824411 -0.00157626 -0.000470539 1
1.68072e+06 -200051 -200051 -1.82645e+06 -0.000805895 -0.00147991 -0.000422976 1
1.67961e+06 -200050 -200050 -1.82643e+06 0.000628969 -0.00599888 -0.00781897 1
1.67958e+06 -200050 -200050 -1.82643e+06 0.000609582 -0.00534044 -0.00707348 1
1.6807e+06 -200051 -200051 -1.82645e+06 -0.000825734 -0.000143323 0.00103701 1
1.67962e+06 -200050 -200050 -1.82643e+06 -0.000767338 0.00441571 0.00837452 1
1.68071e+06 -200051 -200051 -1.82645e+06 -0.000796 -0.000817436 0.000127747 1
1.68075e+06 -200051 -200051 -1.82645e+06 -0.000777611 -0.000789275 0.000114024 1
1.67963e+06 -200050 -200050 -1.82643e+06 0.000657769 -0.00821118 -0.00451657 1
1.67906e+06 -200049 -200049 -1.82643e+06 0.000233633 -0.00602447 -0.0035222 1
1.6796e+06 -200050 -200050 -1.82643e+06 -0.000749608 0.00794915 0.00569818 1
1.68073e+06 -200051 -200051 -1.82645e+06 -0.000778044 -0.000309797 0.00037678 1
1.67948e+06 -200050 -200050 -1.82643e+06 -0.00257727 0.00874798 0.00940116 1
1.68074e+06 -200052 -200052 -1.82645e+06 -0.000668312 -0.00119101 -0.000569204 1
1.68078e+06 -200052 -200052 -1.82645e+06 -0.000653897 -0.00111166 -0.000519999 1
1.68078e+06 -200052 -200052 -1.82645e+06 -0.000639279 -0.00104157 -0.000478904 1
1.67967e+06 -200050 -200050 -1.82644e+06 -0.000585606 0.00364925 0.00701954 1
1.67888e+06 -200050 -200050 -1.82643e+06 -0.000809194 -0.00372546 -0.00335001 1
1.68075e+06 -200052 -200052 -1.82645e+06 -0.000596747 -0.00114123 -0.000785561 1
1.6808e+06 -200052 -200052 -1.82645e+06 -0.000583369 -0.0010592 -0.000723323 1
1.67969e+06 -200050 -200050 -1.82644e+06 0.000848686 -0.00561637 -0.00813672 1
1.68078e+06 -200052 -200052 -1.82645e+06 -0.000594585 -0.000334648 9.64173e-05 1
1.6797e+06 -200050 -200050 -1.82644e+06 -0.00054111 0.00713643 0.00470565 1
1.67967e+06 -200050 -200050 -1.82644e+06 0.000843923 -0.00568746 -0.00800808 1
1.67968e+06 -200050 -200050 -1.82644e+06 0.000820205 -0.00787434 -0.00441245 1
1.67873e+06 -200050 -200050 -1.82644e+06 0.00184859 0.000315965 0.000774745 1
1.68078e+06 -200052 -200052 -1.82645e+06 -0.000683398 0.000246465 0.00068167 1
1.67972e+06 -200050 -200051 -1.82644e+06 0.00075383 -0.00445629 -0.00688485 1
