1 -150000 -150000 -150000 1.3707e-12 -6.57937e-12 0 0
2 -150000 -150000 -150000 -1.00751e-11 -6.57937e-12 -6.86748e-12 8.37082e-17
126872 -150000 -150000 -318467 2.3441e-07 3.12489e-08 8.05982e-08 0.350496
262754 -150000 -150000 -448535 1.81345e-07 3.82909e-08 6.4328e-08 0.52071
394423 -150004 -150004 -560351 -0.451715 1.61775 1.61775 0.628405
509165 -150001 -150001 -658985 0.109185 -0.161357 -0.161357 0.703728
606145 -150001 -149999 -743628 0.0611818 -0.481175 -0.0588334 0.757589
693629 -150001 -150001 -820174 0.0609412 0.440547 -0.229356 0.79962
768572 -150006 -150000 -881010 0.0313677 -0.932374 -0.076314 0.829311
823585 -150002 -150003 -940167 0.0485511 -0.045001 -0.0777931 0.855516
867997 -150003 -150002 -985869 0.0482223 0.192349 0.107298 0.87418
922226 -150006 -150007 -1.03463e+06 0.252049 0.0373552 0.00962511 0.89273
965364 -150015 -150016 -1.07173e+06 0.0326809 -0.0555889 -0.0797366 0.905981
994740 -150013 -150017 -1.10054e+06 -0.229776 -0.191264 -0.214735 0.91582
1.0127e+06 -150005 -150006 -1.13042e+06 0.0364473 -0.0379039 -0.0599021 0.925645
1.04441e+06 -150007 -150008 -1.16157e+06 0.0344234 -0.0357112 -0.0567262 0.93545
1.07821e+06 -150010 -150010 -1.19401e+06 0.0325106 -0.0335318 -0.0535779 0.945238
1.10299e+06 -150021 -150022 -1.21653e+06 0.0181412 0.0269876 0.046203 0.951779
1.10572e+06 -150008 -150008 -1.22859e+06 0.025112 -0.0286929 -0.0458931 0.955244
1.1182e+06 -150009 -150009 -1.24094e+06 0.0238316 -0.0270373 -0.0435214 0.958708
1.13113e+06 -150010 -150010 -1.25348e+06 0.022591 -0.0254906 -0.0412823 0.962172
1.1438e+06 -150011 -150011 -1.26622e+06 0.0222605 -0.0289251 -0.0497723 0.965636
1.15765e+06 -150013 -150013 -1.27917e+06 0.0202015 -0.0221244 -0.0364077 0.969099
1.17127e+06 -150015 -150015 -1.29233e+06 0.0190674 -0.0208726 -0.0345248 0.972563
1.18511e+06 -150017 -150017 -1.3057e+06 0.0179645 -0.0196789 -0.0327142 0.976025
1.19918e+06 -150019 -150019 -1.31929e+06 0.0168914 -0.0185369 -0.0309694 0.979488
1.21334e+06 -150022 -150022 -1.3331e+06 0.0159951 -0.0174591 -0.0292757 0.98295
1.22805e+06 -150024 -150024 -1.34714e+06 0.0148239 -0.0163834 -0.0276492 0.986412
1.23224e+06 -150010 -150010 -1.36128e+06 0.013834 -0.0153658 -0.026068 0.989875
1.2469e+06 -150011 -150011 -1.37578e+06 0.0129895 -0.0145269 -0.0246799 0.993336
1.26199e+06 -150013 -150013 -1.39054e+06 0.0120107 -0.0135997 -0.0231966 0.996797
1.27686e+06 -150019 -150019 -1.40445e+06 0.00754056 -0.00772035 -0.0147579 1
1.27865e+06 -150021 -150021 -1.40447e+06 0.00729439 -0.00722704 -0.0140904 1
1.27882e+06 -150021 -150021 -1.40447e+06 0.00695742 -0.00766277 -0.014342 1
1.27866e+06 -150021 -150021 -1.40447e+06 0.0066875 -0.00664719 -0.0131546 1
1.27884e+06 -150022 -150022 -1.40448e+06 0.00640684 -0.00763234 -0.0139723 1
1.27883e+06 -150021 -150021 -1.40447e+06 0.00614263 -0.00757861 -0.0137555 1
1.27886e+06 -150022 -150022 -1.40448e+06 0.00588537 -0.00752396 -0.0135419 1
1.27866e+06 -150021 -150021 -1.40447e+06 0.00561993 -0.00650936 -0.0123725 1
1.2787e+06 -150021 -150021 -1.40447e+06 0.00540968 -0.00792596 -0.0136305 1
1.27866e+06 -150021 -150021 -1.40447e+06 0.00516331 -0.00641682 -0.0119822 1
1.27866e+06 -150021 -150021 -1.40447e+06 0.00492741 -0.0083596 -0.0137818 1
1.27866e+06 -150021 -150021 -1.40447e+06 0.00470816 -0.00629298 -0.0115757 1
1.27866e+06 -150021 -150021 -1.40447e+06 0.00448981 -0.0062975 -0.0114443 1
1.27886e+06 -150022 -150022 -1.40448e+06 0.00426846 -0.00726602 -0.0122804 1
1.27883e+06 -150021 -150021 -1.40447e+06 0.00406214 -0.007197 -0.0120824 1
1.27866e+06 -150021 -150021 -1.40447e+06 0.00386529 -0.0080973 -0.012857 1
1.2787e+06 -150021 -150021 -1.40447e+06 0.00371592 -0.00654572 -0.0111908 1
1.27882e+06 -150021 -150021 -1.40447e+06 0.00347578 -0.00696113 -0.0114792 1
1.27883e+06 -150021 -150021 -1.40447e+06 0.00329147 -0.00689538 -0.0112972 1
1.27886e+06 -150022 -150022 -1.40447e+06 0.0031581 -0.00682984 -0.0111184 1
1.27887e+06 -150022 -150022 -1.40447e+06 0.00298312 -0.00676453 -0.0109428 1
1.27866e+06 -150021 -150021 -1.40447e+06 0.00275216 -0.00574007 -0.00981089 1
1.27866e+06 -150021 -150021 -1.40447e+06 0.0025882 -0.005739 -0.0097051 1
1.27886e+06 -150022 -150022 -1.40448e+06 0.00244409 -0.00669316 -0.0105572 1
1.27883e+06 -150021 -150021 -1.40447e+06 0.00228913 -0.00662052 -0.0103852 1
1.27866e+06 -150021 -150021 -1.40447e+06 0.00211873 -0.0075082 -0.0111761 1
1.27882e+06 -150021 -150021 -1.40447e+06 0.00199288 -0.00641395 -0.00998745 1
1.2787e+06 -150021 -150021 -1.40447e+06 0.00186887 -0.00679018 -0.0102796 1
1.27883e+06 -150021 -150021 -1.40447e+06 0.00171287 -0.00625325 -0.00964534 1
1.27883e+06 -150021 -150021 -1.40447e+06 0.00157927 -0.00619016 -0.009495 1
1.27883e+06 -150021 -150021 -1.40447e+06 0.00144963 -0.00612734 -0.00934718 1
1.27866e+06 -150021 -150021 -1.40447e+06 0.00133282 -0.00509559 -0.00823261 1
1.2787e+06 -150021 -150021 -1.40447e+06 0.00125134 -0.00562501 -0.00867354 1
1.27883e+06 -150021 -150021 -1.40447e+06 0.00108254 -0.00603028 -0.00900794 1
1.27883e+06 -150021 -150021 -1.40447e+06 0.000967873 -0.00596286 -0.00886394 1
1.27883e+06 -150021 -150021 -1.40447e+06 0.000856706 -0.00589626 -0.00872272 1
1.27886e+06 -150022 -150022 -1.40448e+06 0.000748959 -0.00583035 -0.00858409 1
1.27871e+06 -150021 -150021 -1.40447e+06 0.000694191 -0.00531522 -0.00800595 1
1.27887e+06 -150022 -150022 -1.40448e+06 0.000542535 -0.00573002 -0.008344 1
1.27867e+06 -150021 -150021 -1.40447e+06 0.000429421 -0.00470447 -0.00725124 1
1.2787e+06 -150021 -150021 -1.40447e+06 0.00036793 -0.00611333 -0.00858681 1
1.27883e+06 -150021 -150021 -1.40447e+06 0.000257781 -0.00556555 -0.00798295 1
1.27867e+06 -150021 -150021 -1.40447e+06 0.000172713 -0.00646985 -0.00882509 1
1.2787e+06 -150021 -150021 -1.40447e+06 0.000100684 -0.00582137 -0.00810825 1
1.2787e+06 -150021 -150021 -1.40447e+06 4.88049e-05 -0.00484042 -0.00706822 1
1.27883e+06 -150021 -150021 -1.40447e+06 -8.21573e-05 -0.00525525 -0.0074333 1
1.27871e+06 -150021 -150021 -1.40447e+06 -0.000110289 -0.00475437 -0.00686861 1
1.27887e+06 -150022 -150022 -1.40447e+06 -0.00019018 -0.00516816 -0.00723556 1
1.27867e+06 -150021 -150021 -1.40447e+06 -0.000300547 -0.00413894 -0.00615319 1
1.27866e+06 -150021 -150021 -1.40447e+06 -0.000394982 -0.00415443 -0.00611689 1
1.27879e+06 -150022 -150022 -1.40447e+06 -0.000452806 -0.00469555 -0.00632923 1
1.27887e+06 -150022 -150022 -1.40448e+06 -0.000512289 -0.00508335 -0.00695292 1
1.27867e+06 -150021 -150021 -1.40447e+06 -0.000571611 -0.00598666 -0.00780814 1
1.27883e+06 -150021 -150021 -1.40447e+06 -0.000636402 -0.00488661 -0.00666126 1
1.27883e+06 -150021 -150021 -1.40447e+06 -0.000695127 -0.00482676 -0.00655579 1
1.27867e+06 -150021 -150021 -1.40447e+06 -0.000747935 -0.0057379 -0.00742248 1
1.2788e+06 -150022 -150022 -1.40447e+06 -0.000811973 -0.00394584 -0.00586547 1
1.27867e+06 -150021 -150021 -1.40447e+06 -0.000849648 -0.00366134 -0.0052537 1
1.27867e+06 -150021 -150021 -1.40447e+06 -0.000900411 -0.00367065 -0.0052221 1
1.27883e+06 -150021 -150021 -1.40447e+06 -0.000958227 -0.00464676 -0.00615834 1
1.27867e+06 -150021 -150021 -1.40447e+06 -0.00100126 -0.00555513 -0.00702786 1
1.27885e+06 -150022 -150022 -1.40448e+06 -0.00105018 -0.00445922 -0.00589409 1
1.27871e+06 -150021 -150021 -1.40447e+06 -0.00104382 -0.00395342 -0.00535922 1
1.27884e+06 -150021 -150021 -1.40447e+06 -0.00113592 -0.00437872 -0.00574086 1
1.27884e+06 -150021 -150021 -1.40447e+06 -0.00117579 -0.00432294 -0.00565008 1
1.27867e+06 -150021 -150021 -1.40447e+06 -0.00120509 -0.00329726 -0.0045903 1
1.27884e+06 -150021 -150021 -1.40447e+06 -0.0012509 -0.00427873 -0.00553855 1
1.27867e+06 -150021 -150021 -1.40447e+06 -0.00130595 -0.00518252 -0.00640997 1
1.27884e+06 -150021 -150021 -1.40447e+06 -0.00131931 -0.00410097 -0.00529689 1
1.27907e+06 -150022 -150022 -1.40448e+06 -0.00135151 -0.00405006 -0.00521525 1
1.27868e+06 -150021 -150021 -1.40447e+06 -0.00140221 -0.00496137 -0.00609664 1
1.27871e+06 -150022 -150022 -1.40447e+06 -0.00136167 -0.0034432 -0.00454152 1
1.2788e+06 -150022 -150022 -1.40447e+06 -0.0015133 -0.00457089 -0.00537001 1
1.27868e+06 -150021 -150021 -1.40447e+06 -0.00145685 -0.00281359 -0.00387029 1
1.27884e+06 -150021 -150021 -1.40447e+06 -0.00149149 -0.00380659 -0.00483612 1
1.27884e+06 -150021 -150021 -1.40447e+06 -0.00151576 -0.00375933 -0.00476243 1
1.27885e+06 -150021 -150021 -1.40447e+06 -0.00153884 -0.00371285 -0.00469019 1
1.27908e+06 -150022 -150022 -1.40448e+06 -0.00156074 -0.00366695 -0.0046192 1
1.27889e+06 -150022 -150022 -1.40448e+06 -0.00158152 -0.0036217 -0.00454951 1
1.27889e+06 -150022 -150022 -1.40448e+06 -0.00160119 -0.00357704 -0.00448104 1
1.27868e+06 -150021 -150021 -1.40447e+06 -0.001616 -0.00450514 -0.00538594 1
1.27884e+06 -150021 -150021 -1.40447e+06 -0.00163747 -0.00342485 -0.00428305 1
1.27872e+06 -150022 -150022 -1.40447e+06 -0.00160433 -0.00293497 -0.00377894 1
1.27872e+06 -150022 -150022 -1.40447e+06 -0.00162078 -0.00292585 -0.00374843 1
1.27795e+06 -150020 -150020 -1.40446e+06 -0.000718764 -0.00759952 -0.00954034 1
1.27883e+06 -150021 -150021 -1.40447e+06 -0.00171668 -0.0030109 -0.00375483 1
1.27888e+06 -150022 -150022 -1.40448e+06 -0.001729 -0.00299192 -0.0037169 1
1.27885e+06 -150021 -150021 -1.40447e+06 -0.00174061 -0.00297146 -0.00367787 1
1.27885e+06 -150022 -150022 -1.40447e+06 -0.00175135 -0.00295015 -0.00363845 1
1.27908e+06 -150022 -150022 -1.40448e+06 -0.00176127 -0.00292806 -0.00359871 1
1.27886e+06 -150022 -150022 -1.40447e+06 -0.00177042 -0.00290533 -0.0035588 1
1.27873e+06 -150022 -150022 -1.40447e+06 -0.00176088 -0.00332596 -0.00397048 1
1.27885e+06 -150022 -150022 -1.40447e+06 -0.00178686 -0.00282863 -0.00344911 1
1.27882e+06 -150022 -150022 -1.40448e+06 -0.00186681 -0.00350739 -0.00383314 1
1.27869e+06 -150022 -150022 -1.40447e+06 -0.00178972 -0.00176962 -0.00236547 1
1.27885e+06 -150022 -150022 -1.40447e+06 -0.00180439 -0.00278715 -0.00336771 1
1.27874e+06 -150022 -150022 -1.40447e+06 -0.00175953 -0.00230901 -0.0028825 1
1.27886e+06 -150022 -150022 -1.40447e+06 -0.00181436 -0.0027643 -0.00331558 1
1.27874e+06 -150022 -150022 -1.40447e+06 -0.00176822 -0.00228369 -0.00282866 1
1.27869e+06 -150022 -150022 -1.40447e+06 -0.00184176 -0.00370157 -0.00422507 1
1.27869e+06 -150022 -150022 -1.40447e+06 -0.00182002 -0.00361689 -0.004127 1
1.27869e+06 -150022 -150022 -1.40447e+06 -0.00184098 -0.00158677 -0.00208384 1
1.27874e+06 -150022 -150022 -1.40447e+06 -0.001777 -0.00214172 -0.00263388 1
1.27883e+06 -150022 -150022 -1.40448e+06 -0.00183401 -0.00217395 -0.00236698 1
1.27889e+06 -150022 -150022 -1.40448e+06 -0.0018283 -0.00260161 -0.00306834 1
1.2787e+06 -150022 -150022 -1.40447e+06 -0.00182426 -0.00354615 -0.00400094 1
1.27874e+06 -150022 -150022 -1.40447e+06 -0.00177771 -0.00203063 -0.00246601 1
1.27887e+06 -150022 -150022 -1.40447e+06 -0.00182717 -0.00247932 -0.00291112 1
1.27871e+06 -150022 -150022 -1.40447e+06 -0.00181654 -0.00147567 -0.00189645 1
1.27874e+06 -150022 -150022 -1.40448e+06 -0.00180569 -0.00293375 -0.00335158 1
1.27889e+06 -150022 -150022 -1.40448e+06 -0.00182157 -0.00242708 -0.00282673 1
1.27887e+06 -150022 -150022 -1.40447e+06 -0.00181868 -0.0023977 -0.00278716 1
1.27875e+06 -150022 -150022 -1.40448e+06 -0.00179747 -0.00281394 -0.00320127 1
1.27875e+06 -150022 -150022 -1.40448e+06 -0.00176242 -0.00186469 -0.00222684 1
1.27884e+06 -150022 -150022 -1.40448e+06 -0.00188221 -0.00273705 -0.00337678 1
1.27875e+06 -150022 -150022 -1.40448e+06 -0.00178548 -0.00270492 -0.00304166 1
1.27891e+06 -150022 -150022 -1.40448e+06 -0.00179916 -0.00219633 -0.00253206 1
1.27892e+06 -150022 -150022 -1.40448e+06 -0.00179412 -0.00217275 -0.00249994 1
1.27876e+06 -150022 -150022 -1.40448e+06 -0.00177085 -0.00260284 -0.00291394 1
1.2789e+06 -150022 -150022 -1.40448e+06 -0.00178359 -0.00209609 -0.00240681 1
1.27889e+06 -150022 -150022 -1.40448e+06 -0.00177765 -0.00207462 -0.00237745 1
1.27892e+06 -150022 -150022 -1.40448e+06 -0.00177142 -0.00205299 -0.00234814 1
1.27872e+06 -150022 -150022 -1.40448e+06 -0.00176113 -0.00300967 -0.00329733 1
1.27888e+06 -150022 -150022 -1.40448e+06 -0.0017583 -0.00194471 -0.00222508 1
1.27877e+06 -150022 -150022 -1.40448e+06 -0.0017015 -0.00148106 -0.00174655 1
1.27889e+06 -150022 -150022 -1.40448e+06 -0.00174498 -0.00193947 -0.00220577 1
1.27889e+06 -150022 -150022 -1.40448e+06 -0.00173751 -0.00191963 -0.00217919 1
1.27877e+06 -150022 -150022 -1.40448e+06 -0.00171187 -0.00235429 -0.00259951 1
1.27873e+06 -150022 -150022 -1.40448e+06 -0.00174238 -0.00282014 -0.00306668 1
1.27891e+06 -150022 -150022 -1.40448e+06 -0.00171391 -0.00176802 -0.00200834 1
1.27893e+06 -150022 -150022 -1.40448e+06 -0.00170563 -0.00175433 -0.00198858 1
1.27894e+06 -150022 -150022 -1.40448e+06 -0.00169718 -0.00174011 -0.00196846 1
1.2789e+06 -150022 -150022 -1.40448e+06 -0.00168856 -0.00172555 -0.00194815 1
1.2789e+06 -150022 -150022 -1.40448e+06 -0.00167977 -0.00171066 -0.00192767 1
1.27874e+06 -150022 -150022 -1.40448e+06 -0.00166699 -0.00267639 -0.00288794 1
1.27892e+06 -150022 -150022 -1.40448e+06 -0.0016618 -0.00161492 -0.00182115 1
1.27891e+06 -150022 -150022 -1.40448e+06 -0.00165257 -0.00160377 -0.00180483 1
1.27891e+06 -150022 -150022 -1.40448e+06 -0.00164319 -0.00159201 -0.00178803 1
1.27874e+06 -150022 -150022 -1.40448e+06 -0.00162468 -0.000597979 -0.000789085 1
1.27891e+06 -150022 -150022 -1.40448e+06 -0.00162422 -0.0016325 -0.00181882 1
1.27801e+06 -150021 -150021 -1.40447e+06 -0.00191953 0.00300614 0.00401416 1
1.27889e+06 -150022 -150022 -1.40448e+06 -0.0015964 -0.00192042 -0.00212795 1
1.27895e+06 -150022 -150022 -1.40448e+06 -0.00158666 -0.00188067 -0.00208286 1
1.2788e+06 -150022 -150022 -1.40448e+06 -0.00155881 -0.00229933 -0.00248869 1
1.27879e+06 -150022 -150022 -1.40448e+06 -0.0015493 -0.00222583 -0.00242576 1
1.27892e+06 -150022 -150022 -1.40448e+06 -0.00155769 -0.00171469 -0.00190209 1
1.27892e+06 -150022 -150022 -1.40448e+06 -0.00154754 -0.00168489 -0.00186762 1
1.27644e+06 -150018 -150018 -1.40445e+06 -0.000764387 -0.00117503 -0.00143746 1
1.27886e+06 -150022 -150022 -1.40448e+06 -0.00153702 -0.00163562 -0.00180781 1
1.27876e+06 -150022 -150022 -1.40448e+06 -0.00154645 -0.0025831 -0.00275102 1
1.27896e+06 -150022 -150022 -1.40448e+06 -0.00151548 -0.00151676 -0.00168051 1
1.27558e+06 -150017 -150017 -1.40443e+06 -0.0010883 -0.00495932 -0.00514877 1
1.27884e+06 -150022 -150022 -1.40448e+06 -0.00150533 -0.00125507 -0.00141062 1
1.27881e+06 -150022 -150022 -1.40448e+06 -0.00147629 -0.00169892 -0.0018584 1
1.27877e+06 -150022 -150022 -1.40448e+06 -0.00147994 -0.00219873 -0.00234675 1
1.27881e+06 -150022 -150022 -1.40448e+06 -0.00142285 -0.000683801 -0.000835963 1
1.27877e+06 -150022 -150022 -1.40448e+06 -0.00145362 -0.000182899 -0.000323793 1
1.27877e+06 -150022 -150022 -1.40448e+06 -0.00146699 -0.000253411 -0.000390848 1
1.27898e+06 -150022 -150022 -1.40448e+06 -0.00139407 -0.00128602 -0.00142009 1
1.27878e+06 -150022 -150022 -1.40448e+06 -0.0014453 -0.000293912 -0.000424702 1
1.27898e+06 -150022 -150022 -1.40448e+06 -0.00137233 -0.00132279 -0.00145038 1
1.27879e+06 -150022 -150022 -1.40448e+06 -0.00142354 -0.00032581 -0.000450296 1
1.27895e+06 -150022 -150022 -1.40448e+06 -0.0013967 -0.00135144 -0.0014729 1
1.27896e+06 -150022 -150022 -1.40448e+06 -0.0013855 -0.0013294 -0.00144791 1
1.27883e+06 -150022 -150022 -1.40448e+06 -0.00135624 -0.0017672 -0.00187507 1
1.27896e+06 -150022 -150022 -1.40448e+06 -0.00136355 -0.00125756 -0.00137034 1
1.2788e+06 -150022 -150022 -1.40448e+06 -0.0013485 -0.00222951 -0.00233957 1
1.27896e+06 -150022 -150022 -1.40448e+06 -0.00134124 -0.00115583 -0.00126325 1
1.2788e+06 -150022 -150022 -1.40448e+06 -0.00134537 -0.000161925 -0.000266764 1
1.2788e+06 -150022 -150022 -1.40448e+06 -0.00133863 -0.0021762 -0.00227853 1
1.27884e+06 -150022 -150022 -1.40448e+06 -0.00125695 -0.000652298 -0.000759959 1
