1 -25000 -25000 -25000 3.42676e-14 0 -2.05605e-13 0
2 -25000 -25000 -25000 -1.84212e-13 2.91306e-13 -2.05605e-13 2.28959e-17
62732.6 -25000.8 -25000.8 -101211 -1.42707e-09 -5.32997e-09 -2.10075e-10 0.515847
122346 -25001.1 -25001.1 -155334 -8.72759e-10 -2.17531e-09 -2.21421e-10 0.699586
178787 -25002.5 -25002.5 -196447 -0.000121309 0.64159 0.64159 0.795216
216848 -25003.1 -25003.1 -228132 0.17783 -0.109771 -0.109771 0.85287
246132 -25003.1 -25003.1 -251915 -0.0252696 -0.183539 -0.183539 0.889446
260376 -25002.2 -25002.2 -269676 -0.352997 -0.297084 -0.297084 0.913749
278669 -25004.4 -25004.4 -285098 -0.00234768 -0.0898854 -0.0898854 0.933036
293748 -25011.2 -25010 -300497 -0.00515634 -0.277925 0.155603 0.950803
297471 -25005.5 -25005.6 -306668 -0.000623447 -0.0355144 -0.0628411 0.95761
303633 -25006.7 -25006.7 -313074 0.00495475 -0.0419944 -0.0597382 0.964415
310096 -25008.2 -25008.3 -319685 -3.15994e-06 -0.0170942 -0.0408865 0.97122
318650 -25011.2 -25011.2 -326516 0.000363667 -0.0112708 -0.0332675 0.978022
325784 -25013.5 -25013.6 -333563 0.0137547 -0.0199817 -0.0403172 0.984824
327546 -25005.8 -25005.9 -340762 0.000487011 -0.000170068 -0.0189674 0.991627
335345 -25007.6 -25007.7 -348278 0.000778235 0.00300282 -0.0142981 0.998425
338478 -25012.3 -25012.3 -350091 0.00130403 0.0104069 -0.00387959 1
338460 -25012.4 -25012.5 -350092 -0.0016303 0.0102459 -0.00646926 1
338687 -25012.4 -25012.4 -350091 0.00159128 0.0101254 -0.00264306 1
338693 -25012.4 -25012.4 -350091 0.00167254 0.00992709 -0.00220775 1
338693 -25012.4 -25012.4 -350091 0.00174822 0.00971429 -0.00181717 1
338905 -25012.7 -25012.9 -350095 0.00307598 0.00589605 -0.00898494 1
338472 -25012.4 -25012.5 -350092 -0.00119509 0.0098668 -0.00346493 1
338917 -25012.7 -25012.8 -350094 0.00650243 0.00400129 -0.00555274 1
338700 -25012.4 -25012.4 -350091 0.00188641 0.0100506 0.000969795 1
337718 -25010.8 -25010.8 -350078 -0.0233732 -0.0492029 -0.0578338 1
338684 -25012.5 -25012.5 -350092 0.00442137 0.00785206 0.00226442 1
338693 -25012.3 -25012.4 -350091 0.00279289 0.0159008 0.00798983 1
338751 -25012.6 -25012.5 -350093 0.00468957 0.0146753 0.00715895 1
337917 -25011.6 -25011.2 -350083 0.00407602 0.0114847 0.00514109 1
338884 -25012.8 -25012.8 -350095 0.00396053 0.00537079 0.00245621 1
338855 -25012.7 -25012.8 -350094 0.000734918 0.0213528 0.0146345 1
338698 -25012.3 -25012.4 -350091 0.00277204 0.0109249 0.00454198 1
338905 -25012.7 -25012.9 -350095 0.00270574 0.0138026 0.0116612 1
338699 -25012.4 -25012.4 -350091 0.00275132 0.0089353 0.00295058 1
338630 -25012.4 -25012.4 -350092 -0.000742834 -0.00664899 -0.0064956 1
338692 -25012.4 -25012.4 -350091 0.00284698 0.00957177 0.00389173 1
338850 -25012.7 -25012.8 -350094 0.000897118 0.0174953 0.0121004 1
338698 -25012.4 -25012.4 -350091 0.00291223 0.00744193 0.00231499 1
338461 -25012.4 -25012.5 -350092 0.00474796 0.00592642 0.00214127 1
338899 -25012.8 -25012.9 -350095 0.00272642 0.0103899 0.00962804 1
338226 -25012.4 -25012.4 -350091 0.00275538 0.00582941 0.00115614 1
338682 -25012.4 -25012.4 -350092 0.00272893 0.00560003 0.0011608 1
338905 -25012.8 -25012.9 -350095 0.00264193 0.00897455 0.00868016 1
338929 -25012.8 -25012.8 -350095 0.00717747 -0.00104052 -0.00526989 1
338325 -25012.4 -25012.4 -350091 0.00248372 0.00522447 0.00120687 1
338457 -25012.5 -25012.5 -350092 -0.000573448 0.00499483 -0.00196242 1
338844 -25012.8 -25012.8 -350095 0.000599657 0.0133893 0.00989431 1
337460 -25010.8 -25010.8 -350078 0.0266521 -0.0459926 -0.0493161 1
338661 -25012.4 -25012.4 -350091 0.0017717 0.0104242 0.0072667 1
338905 -25012.9 -25012.8 -350095 0.00171441 0.0169787 0.0100543 1
338473 -25012.5 -25012.5 -350092 -0.00127622 0.00776936 0.00199925 1
338900 -25012.9 -25012.8 -350095 0.00310118 -0.00033892 0.00121669 1
338930 -25012.8 -25012.8 -350095 0.00629666 0.00185138 -0.00062148 1
338701 -25012.4 -25012.4 -350092 0.00161838 0.00760659 0.00525825 1
338695 -25012.4 -25012.4 -350092 0.00161097 0.00695413 0.00472257 1
338695 -25012.4 -25012.4 -350092 0.00160061 0.00637587 0.00425526 1
338907 -25012.9 -25012.8 -350095 0.00284805 -0.00165928 0.000249866 1
338912 -25012.8 -25012.9 -350095 0.00279528 0.00264803 -0.00341207 1
338701 -25012.4 -25012.4 -350092 0.00148478 0.00635344 0.00454631 1
338695 -25012.4 -25012.4 -350092 0.0014742 0.00581022 0.0040913 1
338695 -25012.4 -25012.4 -350092 0.00146232 0.00532844 0.00369499 1
338468 -25012.5 -25012.5 -350092 -0.00158531 0.00488538 0.000193365 1
338690 -25012.4 -25012.4 -350092 0.00153034 0.0045533 0.00321102 1
336347 -25009 -25009.1 -350063 0.0019864 -0.0798286 -0.0546728 1
337950 -25012 -25011.8 -350087 0.00140954 0.0385208 0.0179018 1
338676 -25012.4 -25012.4 -350092 0.00147942 0.00962027 0.00809683 1
338712 -25012.5 -25012.6 -350093 0.00303365 0.0029046 -0.00116377 1
338908 -25012.8 -25012.9 -350095 0.00132722 0.0122047 0.0148654 1
338931 -25012.8 -25012.8 -350095 0.00587548 0.00150495 8.16758e-05 1
338389 -25012.5 -25012.5 -350092 -0.00219374 0.0071916 0.00584073 1
338900 -25012.9 -25012.8 -350095 0.00257268 -0.00104585 0.00159541 1
338702 -25012.4 -25012.4 -350092 0.00125441 0.00669052 0.00524981 1
338697 -25012.4 -25012.5 -350092 0.00123884 0.00603277 0.00466534 1
338909 -25012.9 -25012.9 -350096 0.00116313 0.0129768 0.00775224 1
338703 -25012.5 -25012.5 -350092 0.00120032 0.00409952 0.00308552 1
338698 -25012.5 -25012.5 -350092 0.00118405 0.00374801 0.00278278 1
338909 -25012.8 -25012.9 -350096 0.00242662 -0.000165649 -0.00500814 1
338704 -25012.5 -25012.5 -350092 0.0011105 0.00377436 0.00312356 1
338910 -25012.9 -25012.8 -350096 0.00235474 -0.0040888 -0.000783399 1
338860 -25012.8 -25012.8 -350095 -0.0058796 -0.00457244 -0.00538255 1
338390 -25012.5 -25012.5 -350092 0.00197297 0.00674378 0.00161895 1
337696 -25011.5 -25011.4 -350084 0.0060844 0.04132 0.0219277 1
338672 -25012.5 -25012.5 -350092 0.000906848 -0.000719501 -0.000295329 1
338910 -25012.9 -25012.9 -350096 0.00216017 -0.00804487 -0.00372377 1
338391 -25012.5 -25012.5 -350093 -0.00253527 0.000481371 0.000636081 1
338556 -25012.6 -25012.6 -350093 0.000527712 0.00711064 0.00725934 1
338696 -25012.5 -25012.5 -350092 0.000977151 -0.000293094 -0.000151774 1
338929 -25012.9 -25012.9 -350096 0.0022661 0.00543684 0.00557113 1
338936 -25012.9 -25012.9 -350095 0.00539238 -0.00643267 -0.00630504 1
338918 -25013 -25012.9 -350096 0.00065637 0.00767505 0.00386975 1
338764 -25012.7 -25012.8 -350094 0.00259495 -0.000631197 -0.000295026 1
337464 -25010.9 -25010.9 -350078 0.0246861 -0.0502338 -0.0499159 1
338668 -25012.5 -25012.5 -350092 -0.000171118 0.00646774 0.00676974 1
338565 -25012.6 -25012.6 -350093 -0.000585784 0.0122921 0.0125791 1
338698 -25012.5 -25012.5 -350092 -0.000100164 0.00419805 0.00447078 1
338702 -25012.5 -25012.5 -350092 -8.02023e-05 0.00373051 0.00398969 1
338470 -25012.6 -25012.6 -350093 0.00180956 0.00444767 0.0036063 1
338561 -25012.6 -25012.6 -350093 -0.000563964 0.00945337 0.0097436 1
338855 -25012.9 -25012.9 -350095 -0.00700115 -0.00685157 -0.00657622 1
338572 -25012.6 -25012.6 -350093 5.01332e-05 -0.00410074 -0.00383906 1
338700 -25012.5 -25012.5 -350093 0.00018689 0.00307416 0.00332284 1
338916 -25013 -25012.9 -350096 0.0014539 -0.00479568 -0.000631528 1
338922 -25012.9 -25013 -350096 0.00142018 -0.000317481 -0.004242 1
338575 -25012.6 -25012.6 -350094 -0.000320377 0.0101536 0.0103797 1
338702 -25012.5 -25012.5 -350093 0.000152185 0.00230968 0.00252288 1
338861 -25012.9 -25012.9 -350095 -0.00676314 -0.00649556 -0.00629296 1
338397 -25012.6 -25012.6 -350093 0.00111286 0.00498515 0.000818643 1
338465 -25012.6 -25012.6 -350093 0.0022341 0.00236414 0.00163725 1
338856 -25012.9 -25012.9 -350096 -0.00662619 -0.00637515 -0.00597756 1
338940 -25012.9 -25012.9 -350096 0.00504929 -0.00270196 -0.00232459 1
338730 -25012.7 -25012.7 -350094 0.00194383 -0.00500285 -0.00202851 1
338708 -25012.5 -25012.6 -350093 0.000314058 0.00394055 0.00416269 1
338708 -25012.6 -25012.6 -350093 0.000314179 0.0034811 0.0036933 1
338938 -25012.9 -25012.9 -350096 0.00482769 -0.00252636 -0.0023247 1
338715 -25012.6 -25012.6 -350093 0.000157451 0.00351805 0.0037097 1
338709 -25012.6 -25012.6 -350093 0.000163384 0.00310819 0.00329033 1
338921 -25013 -25012.9 -350096 0.00142693 -0.00478859 -0.000685355 1
338928 -25012.9 -25013 -350096 0.0013895 -0.000326354 -0.00431339 1
338717 -25012.6 -25012.6 -350093 9.34875e-05 0.00353235 0.00370135 1
338711 -25012.6 -25012.6 -350093 9.90721e-05 0.00311654 0.00327549 1
338712 -25012.6 -25012.6 -350093 0.000103691 0.00275385 0.00290492 1
338924 -25013 -25013 -350097 0.00136807 -0.00117601 -0.00496352 1
338930 -25013 -25013 -350097 0.00133134 -0.000830508 -0.0044044 1
338719 -25012.6 -25012.6 -350093 3.58106e-05 0.00307345 0.00363256 1
338714 -25012.6 -25012.6 -350093 4.20992e-05 0.0026943 0.00322398 1
338926 -25013 -25013.1 -350097 0.00130776 -0.00124944 -0.00467798 1
337725 -25011.6 -25011.4 -350084 0.0204572 -0.0346997 -0.0151307 1
338918 -25013 -25013 -350096 0.00383923 0.00112803 0.000839389 1
338721 -25012.6 -25012.6 -350093 -0.000793285 0.00669507 0.00642893 1
338872 -25013 -25013 -350096 -0.00269232 0.0144545 0.0142016 1
338933 -25013.1 -25013 -350097 -0.000680248 0.0117536 0.00758016 1
338953 -25013 -25013 -350097 0.000703033 0.00847117 0.00846394 1
338724 -25012.6 -25012.7 -350094 -0.000646327 0.00171986 0.00171129 1
338719 -25012.7 -25012.7 -350094 -0.000618336 0.00151803 0.00150991 1
338719 -25012.7 -25012.7 -350094 -0.000592048 0.00133883 0.00133112 1
338931 -25013.1 -25013 -350097 0.00069396 -0.00637174 -0.00244492 1
338938 -25013.1 -25013.1 -350097 -0.000642391 0.00551078 0.00921721 1
338938 -25013.1 -25013.1 -350097 -0.000623019 0.00859792 0.0042269 1
338727 -25012.7 -25012.7 -350094 -0.000545773 9.28553e-05 -9.88293e-05 1
338722 -25012.7 -25012.7 -350094 -0.000522419 0.000102015 -8.17994e-05 1
338935 -25013.1 -25013.2 -350097 0.000761026 -0.00351614 -0.00762619 1
338729 -25012.7 -25012.7 -350094 -0.000519185 0.000735193 0.000790401 1
338661 -25012.8 -25012.7 -350094 -0.00398756 -0.0145129 -0.00860779 1
338490 -25012.8 -25012.7 -350094 0.00151625 0.00222779 0.00308822 1
338383 -25012.7 -25012.7 -350094 0.000279026 0.00187635 0.0016045 1
338717 -25012.7 -25012.7 -350094 -0.000423005 0.00166092 0.00140306 1
338253 -25012.7 -25012.7 -350094 -0.000404268 0.00147169 0.00122666 1
338715 -25012.7 -25012.7 -350094 -0.000386607 0.00130545 0.0010726 1
338940 -25013.1 -25013.2 -350098 -0.000428667 0.00478705 0.00850341 1
338735 -25012.7 -25012.7 -350094 -0.000359173 0.000404309 -2.72e-05 1
338942 -25013.2 -25013.2 -350098 -0.000402201 0.00400983 0.00753967 1
338948 -25013.2 -25013.2 -350098 -0.000392616 0.00336054 0.00668979 1
338949 -25013.2 -25013.2 -350098 -0.000383268 0.00280238 0.00594261 1
338967 -25013.2 -25013.1 -350098 0.00420619 -0.00694749 -0.00792611 1
338739 -25012.8 -25012.8 -350095 -0.000455495 -0.000306735 -0.00123506 1
338734 -25012.8 -25012.8 -350095 -0.000434185 -0.000227237 -0.00110944 1
338946 -25013.3 -25013.2 -350098 -0.00047457 0.00741659 0.0026382 1
338953 -25013.3 -25013.2 -350098 0.000858471 -0.00852203 -0.00515676 1
338606 -25012.9 -25012.9 -350096 -0.000551691 -0.00659072 -0.00736059 1
338733 -25012.8 -25012.8 -350095 -0.000401425 0.000924902 0.00019501 1
338950 -25013.3 -25013.2 -350099 -0.000443356 0.00841907 0.00378407 1
338956 -25013.2 -25013.3 -350099 -0.000432754 0.0035569 0.00706112 1
337749 -25011.9 -25011.7 -350086 0.00453211 0.0369096 0.0173559 1
338036 -25012.1 -25012.3 -350090 0.00381836 -0.0138212 -0.0295909 1
338739 -25013 -25013 -350097 -3.63058e-05 0.00591697 0.00444749 1
338899 -25013.2 -25013.2 -350098 -0.00268505 0.0054265 0.00663466 1
338747 -25012.9 -25012.9 -350095 -0.000608343 -0.00378058 -0.00263345 1
338956 -25013.3 -25013.3 -350099 -0.000642055 0.000308158 0.0053422 1
338963 -25013.3 -25013.3 -350099 -0.000622861 6.83106e-05 0.00482725 1
338908 -25013.2 -25013.2 -350098 -0.00748607 -0.0123998 -0.0118455 1
338963 -25013.3 -25013.3 -350099 0.000978611 -0.00599355 -0.0094102 1
338754 -25012.9 -25012.9 -350096 -0.000313602 -0.00143333 -0.000709442 1
338979 -25013.3 -25013.3 -350099 0.00422837 -0.00692793 -0.00624168 1
338986 -25013.3 -25013.3 -350099 0.000870711 0.00532927 0.00598149 1
338969 -25013.4 -25013.3 -350099 0.000776371 -0.00869481 -0.00412815 1
338914 -25013.3 -25013.3 -350099 -0.00244669 0.00851697 0.00888449 1
338914 -25013.3 -25013.3 -350099 -0.00231924 0.00756527 0.00791631 1
338758 -25012.9 -25012.9 -350096 -0.000257304 -0.001901 -0.00156735 1
338967 -25013.4 -25013.3 -350100 0.00101627 -0.0092698 -0.00500435 1
338974 -25013.3 -25013.4 -350100 0.000986113 -0.00426997 -0.00813918 1
338763 -25013 -25013 -350096 -0.000306363 8.89065e-05 0.000388104 1
338758 -25013 -25013 -350096 -0.00029361 6.69472e-05 0.000349626 1
338759 -25013 -25013 -350096 -0.0002819 4.98198e-05 0.000318498 1
338760 -25013 -25013 -350096 -0.000270656 3.52804e-05 0.000290652 1
338761 -25013 -25013 -350096 -0.000259863 2.29801e-05 0.000265706 1
338763 -25013 -25013 -350097 -0.000249501 1.26144e-05 0.000243324 1
338531 -25013 -25013.1 -350097 0.0016396 0.00114438 0.000269671 1
338916 -25013.4 -25013.4 -350100 -0.00224615 0.0085492 0.00881402 1
338787 -25013.2 -25013.2 -350098 0.000527742 0.00476233 0.0076421 1
338925 -25013.4 -25013.4 -350100 -0.00716157 -0.0104581 -0.0103384 1
338773 -25013 -25013 -350097 3.4181e-05 -0.000612519 -0.000497624 1
337028 -25010.6 -25010.7 -350077 0.0311214 0.0209015 -0.0218762 1
338937 -25013.6 -25013.5 -350101 -0.00122689 0.00605912 0.00438498 1
338777 -25013.1 -25013.1 -350097 -0.0011154 -0.00229685 7.27979e-05 1
338774 -25013.1 -25013.1 -350097 -0.00107227 -0.00209295 0.000157478 1
339005 -25013.5 -25013.5 -350101 0.00350303 -0.00760522 -0.0054665 1
338782 -25013.1 -25013.1 -350097 -0.00114607 -0.000956869 0.00107591 1
338777 -25013.1 -25013.1 -350098 -0.0011004 -0.000916244 0.00101574 1
338991 -25013.5 -25013.6 -350101 0.000207055 -0.00455185 -0.00667367 1
338943 -25013.5 -25013.5 -350101 -0.00801474 -0.0088803 -0.00691324 1
