1 -0.00148309 -0.00148309 -0.00148309 6.77626e-20 -3.25261e-19 0
2 -0.00148309 -0.00148309 -0.00148309 -2.03288e-19 -3.25261e-19 -1.6263e-19
178214 -0.00118211 -0.00118211 -0.00248309 8.73058e-15 -1.51203e-15 5.02891e-15
401806 -0.000828479 -0.000828461 -0.00348309 9.72157e-10 -7.98425e-09 4.76828e-10
583230 -0.000448655 -0.000448659 -0.00448309 1.57443e-10 6.0001e-11 -1.69918e-09
745089 -4.97843e-05 -4.97558e-05 -0.00548309 1.97301e-08 -5.09556e-09 6.56442e-09
893135 0.000362276 0.000362285 -0.00648309 5.90803e-09 -2.60585e-09 4.80948e-10
1.03521e+06 0.000785795 0.000785803 -0.00748309 7.09363e-09 -2.73011e-09 8.84525e-10
1.15705e+06 0.001218 0.00121801 -0.00848309 6.15297e-09 -2.85826e-09 6.08267e-10
1.27224e+06 0.00165756 0.00165757 -0.00948309 5.59053e-09 -2.85717e-09 4.40683e-10
1.37704e+06 0.0021073 0.00210731 -0.0104831 5.41065e-09 -2.83191e-09 3.54774e-10
1.46815e+06 0.0025595 0.00255952 -0.0114831 4.40036e-09 -3.26434e-09 2.58231e-09
1.53587e+06 0.00301691 0.00301692 -0.0124831 4.84202e-09 -2.88179e-09 7.83193e-10
1.59848e+06 0.00348359 0.0034836 -0.0134831 4.6855e-09 -2.09388e-09 1.2851e-09
1.67025e+06 0.00394927 0.00394928 -0.0144831 4.52766e-09 -3.43039e-09 -6.76152e-11
1.74108e+06 0.00441441 0.00441442 -0.0154831 3.88952e-09 -3.02226e-09 2.24314e-10
1.79588e+06 0.00489181 0.00489182 -0.0164831 4.17487e-09 -2.68699e-09 9.37465e-10
1.81881e+06 0.00537463 0.00537464 -0.0174831 4.05205e-09 -2.75572e-09 4.37929e-10
1.85836e+06 0.005858 0.00585801 -0.0184831 3.93581e-09 -2.72028e-09 3.78192e-10
1.90121e+06 0.00634213 0.00634214 -0.0194831 3.82627e-09 -2.68514e-09 3.24023e-10
1.94426e+06 0.00682717 0.00682717 -0.0204831 3.72326e-09 -2.65053e-09 2.74996e-10
1.98787e+06 0.00731326 0.00731327 -0.0214831 3.62338e-09 -2.61662e-09 2.30712e-10
2.03604e+06 0.00780054 0.00780055 -0.0224831 3.53508e-09 -2.58358e-09 1.90741e-10
2.05014e+06 0.00830003 0.00830004 -0.0234831 3.50487e-09 -2.56295e-09 1.85511e-10
2.06704e+06 0.00880456 0.00880456 -0.0244831 3.42817e-09 -2.53222e-09 1.54419e-10
2.08427e+06 0.00930978 0.00930978 -0.0254831 3.35446e-09 -2.50182e-09 1.25562e-10
2.1017e+06 0.00981571 0.00981572 -0.0264831 3.28367e-09 -2.47179e-09 9.88114e-11
2.11928e+06 0.0103224 0.0103224 -0.0274831 3.21721e-09 -2.45769e-09 4.88019e-11
2.13718e+06 0.0108298 0.0108298 -0.0284831 3.15097e-09 -2.41595e-09 4.60154e-11
2.15567e+06 0.011338 0.011338 -0.0294831 3.08858e-09 -2.38715e-09 2.51694e-11
2.17397e+06 0.0118471 0.0118471 -0.0304831 3.02887e-09 -2.35892e-09 5.98292e-12
2.19203e+06 0.0123569 0.0123569 -0.0314831 2.97178e-09 -2.33131e-09 -1.16418e-11
2.21118e+06 0.0128676 0.0128676 -0.0324831 2.91726e-09 -2.30434e-09 -2.77842e-11
2.23056e+06 0.0133792 0.0133792 -0.0334831 2.86525e-09 -2.27803e-09 -4.25287e-11
2.24807e+06 0.0138917 0.0138917 -0.0344831 2.8252e-09 -2.30368e-09 -9.60261e-11
2.26869e+06 0.0144051 0.0144051 -0.0354831 2.77078e-09 -2.23769e-09 -7.57259e-11
2.28842e+06 0.0149194 0.0149194 -0.0364831 2.72592e-09 -2.21292e-09 -8.61951e-11
2.30728e+06 0.0154348 0.0154348 -0.0374831 2.68334e-09 -2.18893e-09 -9.55846e-11
2.32738e+06 0.0159511 0.0159511 -0.0384831 2.643e-09 -2.16571e-09 -1.03949e-10
2.34778e+06 0.0164684 0.0164684 -0.0394831 2.60483e-09 -2.14328e-09 -1.11348e-10
2.35509e+06 0.0169869 0.0169869 -0.0404831 2.56871e-09 -2.12161e-09 -1.17844e-10
2.37577e+06 0.0175064 0.0175064 -0.0414831 2.53465e-09 -2.10072e-09 -1.23484e-10
2.39575e+06 0.0180269 0.0180269 -0.0424831 2.50251e-09 -2.08059e-09 -1.28341e-10
2.40122e+06 0.0185575 0.0185575 -0.0434831 2.51128e-09 -2.0724e-09 -1.13364e-10
2.40235e+06 0.0190896 0.0190896 -0.0444831 2.48557e-09 -2.05442e-09 -1.15393e-10
2.40238e+06 0.0196217 0.0196217 -0.0454831 2.46029e-09 -2.03671e-09 -1.17315e-10
2.40237e+06 0.0201538 0.0201538 -0.0464831 2.43546e-09 -2.01927e-09 -1.19132e-10
2.40142e+06 0.0206859 0.0206859 -0.0474831 2.40985e-09 -2.01361e-09 -1.34022e-10
2.40235e+06 0.0212179 0.0212179 -0.0484831 2.38678e-09 -1.98739e-09 -1.25067e-10
2.40238e+06 0.02175 0.02175 -0.0494831 2.36321e-09 -1.9706e-09 -1.26468e-10
2.40157e+06 0.0222821 0.0222821 -0.0504831 2.34004e-09 -1.95406e-09 -1.2778e-10
2.40264e+06 0.0228142 0.0228142 -0.0514831 2.31728e-09 -1.93778e-09 -1.29005e-10
2.40157e+06 0.0233463 0.0233463 -0.0524831 2.29491e-09 -1.92173e-09 -1.30146e-10
2.40147e+06 0.0238783 0.0238783 -0.0534831 2.27409e-09 -1.91695e-09 -1.43803e-10
2.40154e+06 0.0244104 0.0244104 -0.0544831 2.2516e-09 -1.89249e-09 -1.34657e-10
2.4026e+06 0.0249425 0.0249425 -0.0554831 2.23032e-09 -1.87774e-09 -1.36367e-10
2.40157e+06 0.0254746 0.0254746 -0.0564831 2.20951e-09 -1.86197e-09 -1.36336e-10
2.40266e+06 0.0260067 0.0260067 -0.0574831 2.18902e-09 -1.84698e-09 -1.3697e-10
2.40157e+06 0.0265388 0.0265388 -0.0584831 2.16889e-09 -1.83222e-09 -1.37536e-10
2.40154e+06 0.0270709 0.0270709 -0.0594831 2.14911e-09 -1.81768e-09 -1.38037e-10
2.40235e+06 0.0276029 0.0276029 -0.0604831 2.12968e-09 -1.80336e-09 -1.38473e-10
2.40157e+06 0.028135 0.028135 -0.0614831 2.11059e-09 -1.78925e-09 -1.38846e-10
2.40236e+06 0.0286671 0.0286671 -0.0624831 2.09184e-09 -1.77536e-09 -1.39157e-10
2.40267e+06 0.0291992 0.0291992 -0.0634831 2.07341e-09 -1.76167e-09 -1.39409e-10
2.40217e+06 0.0297313 0.0297313 -0.0644831 2.05548e-09 -1.75387e-09 -1.46679e-10
2.40238e+06 0.0302634 0.0302634 -0.0654831 2.03757e-09 -1.73599e-09 -1.41138e-10
2.40238e+06 0.0307955 0.0307955 -0.0664831 2.0201e-09 -1.72284e-09 -1.41155e-10
2.40262e+06 0.0313276 0.0313276 -0.0674831 2.00294e-09 -1.70896e-09 -1.4043e-10
2.40238e+06 0.0318597 0.0318597 -0.0684831 1.98609e-09 -1.69695e-09 -1.40904e-10
2.40237e+06 0.0323918 0.0323918 -0.0694831 1.96954e-09 -1.68439e-09 -1.40777e-10
2.40157e+06 0.0329239 0.0329239 -0.0704831 1.95328e-09 -1.67201e-09 -1.40603e-10
2.40155e+06 0.033456 0.033456 -0.0714831 1.93731e-09 -1.65982e-09 -1.40381e-10
2.40236e+06 0.0339881 0.0339881 -0.0724831 1.92163e-09 -1.64781e-09 -1.40114e-10
2.40157e+06 0.0345203 0.0345203 -0.0734831 1.90623e-09 -1.63597e-09 -1.39803e-10
2.40134e+06 0.0350524 0.0350524 -0.0744831 1.89107e-09 -1.62473e-09 -1.39788e-10
2.40235e+06 0.0355845 0.0355845 -0.0754831 1.87624e-09 -1.6129e-09 -1.39116e-10
2.40157e+06 0.0361166 0.0361166 -0.0764831 1.86165e-09 -1.60157e-09 -1.38674e-10
2.40265e+06 0.0366487 0.0366487 -0.0774831 1.84732e-09 -1.5904e-09 -1.38193e-10
2.40268e+06 0.0371808 0.0371808 -0.0784831 1.83325e-09 -1.5794e-09 -1.37672e-10
2.40238e+06 0.037713 0.037713 -0.0794831 1.81944e-09 -1.56855e-09 -1.37114e-10
2.40157e+06 0.0382451 0.0382451 -0.0804831 1.80588e-09 -1.55787e-09 -1.3652e-10
2.40155e+06 0.0387772 0.0387772 -0.0814831 1.79256e-09 -1.54733e-09 -1.3589e-10
2.40236e+06 0.0393094 0.0393094 -0.0824831 1.77948e-09 -1.53695e-09 -1.35225e-10
2.40239e+06 0.0398415 0.0398415 -0.0834831 1.76664e-09 -1.52672e-09 -1.34527e-10
2.40239e+06 0.0403736 0.0403736 -0.0844831 1.75404e-09 -1.51663e-09 -1.33796e-10
2.40239e+06 0.0409058 0.0409058 -0.0854831 1.74166e-09 -1.50669e-09 -1.33033e-10
2.40157e+06 0.0414379 0.0414379 -0.0864831 1.72951e-09 -1.49689e-09 -1.32239e-10
2.40236e+06 0.0419701 0.0419701 -0.0874831 1.71759e-09 -1.48722e-09 -1.31416e-10
2.40157e+06 0.0425022 0.0425022 -0.0884831 1.70588e-09 -1.4777e-09 -1.30564e-10
2.40237e+06 0.0430344 0.0430344 -0.0894831 1.69439e-09 -1.46831e-09 -1.29684e-10
2.40158e+06 0.0435665 0.0435665 -0.0904831 1.68311e-09 -1.45905e-09 -1.28777e-10
2.40266e+06 0.0440987 0.0440987 -0.0914831 1.67203e-09 -1.44993e-09 -1.27843e-10
2.4027e+06 0.0446309 0.0446309 -0.0924831 1.66117e-09 -1.44093e-09 -1.26884e-10
2.39972e+06 0.045163 0.0451631 -0.0934831 1.6496e-09 -1.43433e-09 -1.24536e-10
2.40151e+06 0.0456952 0.0456952 -0.0944831 1.63982e-09 -1.42382e-09 -1.2459e-10
2.40237e+06 0.0462274 0.0462274 -0.0954831 1.62955e-09 -1.41519e-09 -1.23566e-10
2.39874e+06 0.0467596 0.0467596 -0.0964831 1.61948e-09 -1.37209e-09 -8.79379e-11
2.40229e+06 0.0472917 0.0472917 -0.0974831 1.60958e-09 -1.39154e-09 -1.14707e-10
2.40158e+06 0.0478239 0.0478239 -0.0984831 1.59987e-09 -1.38358e-09 -1.13946e-10
2.40262e+06 0.0483561 0.0483561 -0.0994831 1.59034e-09 -1.37481e-09 -1.12459e-10
2.40239e+06 0.0488883 0.0488883 -0.100483 1.581e-09 -1.3678e-09 -1.1219e-10
2.40264e+06 0.0494205 0.0494205 -0.101483 1.57182e-09 -1.35922e-09 -1.10642e-10
2.40159e+06 0.0499527 0.0499527 -0.102483 1.56283e-09 -1.35241e-09 -1.10315e-10
2.40237e+06 0.0504849 0.0504849 -0.103483 1.554e-09 -1.34496e-09 -1.09404e-10
2.40158e+06 0.0510172 0.0510172 -0.104483 1.54534e-09 -1.33761e-09 -1.08463e-10
2.40135e+06 0.0515494 0.0515494 -0.105483 1.53678e-09 -1.32975e-09 -1.07049e-10
2.40156e+06 0.0520816 0.0520816 -0.106483 1.5285e-09 -1.32305e-09 -1.06412e-10
2.40156e+06 0.0526138 0.0526138 -0.107483 1.52032e-09 -1.31597e-09 -1.05393e-10
2.40156e+06 0.0531461 0.0531461 -0.108483 1.5123e-09 -1.30898e-09 -1.0435e-10
2.40157e+06 0.0536783 0.0536783 -0.109483 1.50444e-09 -1.30208e-09 -1.03283e-10
2.40237e+06 0.0542105 0.0542106 -0.110483 1.49673e-09 -1.29526e-09 -1.02193e-10
2.4024e+06 0.0547428 0.0547428 -0.111483 1.48916e-09 -1.28853e-09 -1.01081e-10
2.40268e+06 0.0552751 0.0552751 -0.112483 1.48174e-09 -1.28189e-09 -9.99489e-11
2.4027e+06 0.0558073 0.0558073 -0.113483 1.47447e-09 -1.27533e-09 -9.87967e-11
2.40241e+06 0.0563396 0.0563396 -0.114483 1.46733e-09 -1.26885e-09 -9.76257e-11
2.40159e+06 0.0568719 0.0568719 -0.115483 1.46034e-09 -1.26245e-09 -9.64367e-11
2.40267e+06 0.0574041 0.0574042 -0.116483 1.45348e-09 -1.25613e-09 -9.5231e-11
2.4016e+06 0.0579364 0.0579364 -0.117483 1.44675e-09 -1.24989e-09 -9.4009e-11
2.40238e+06 0.0584687 0.0584687 -0.118483 1.44016e-09 -1.24374e-09 -9.27719e-11
2.40416e+06 0.059001 0.059001 -0.119483 1.4337e-09 -1.23766e-09 -9.15208e-11
2.40245e+06 0.0595333 0.0595333 -0.120483 1.42736e-09 -1.23165e-09 -9.02551e-11
2.40242e+06 0.0600657 0.0600657 -0.121483 1.42115e-09 -1.22572e-09 -8.89769e-11
2.40241e+06 0.060598 0.060598 -0.122483 1.41506e-09 -1.21987e-09 -8.76865e-11
2.4016e+06 0.0611303 0.0611303 -0.123483 1.40909e-09 -1.21409e-09 -8.63844e-11
2.4024e+06 0.0616626 0.0616626 -0.124483 1.40324e-09 -1.20839e-09 -8.50718e-11
2.4022e+06 0.062195 0.062195 -0.125483 1.39756e-09 -1.19704e-09 -7.66388e-11
2.4027e+06 0.0627273 0.0627273 -0.126483 1.39191e-09 -1.1961e-09 -8.10097e-11
2.40243e+06 0.0632597 0.0632597 -0.127483 1.3864e-09 -1.19066e-09 -7.97322e-11
2.40271e+06 0.063792 0.0637921 -0.128483 1.38101e-09 -1.18529e-09 -7.84438e-11
2.40272e+06 0.0643244 0.0643244 -0.129483 1.37572e-09 -1.17999e-09 -7.71448e-11
2.40243e+06 0.0648568 0.0648568 -0.130483 1.37055e-09 -1.17476e-09 -7.58358e-11
2.40271e+06 0.0653892 0.0653892 -0.131483 1.36547e-09 -1.16958e-09 -7.45176e-11
2.40162e+06 0.0659216 0.0659216 -0.132483 1.3605e-09 -1.16447e-09 -7.31906e-11
2.40159e+06 0.066454 0.066454 -0.133483 1.35564e-09 -1.15943e-09 -7.18557e-11
2.40151e+06 0.0669864 0.0669864 -0.134483 1.35045e-09 -1.14298e-09 -5.74487e-11
2.40267e+06 0.0675188 0.0675188 -0.135483 1.34611e-09 -1.1473e-09 -6.65839e-11
2.40162e+06 0.0680513 0.0680513 -0.136483 1.34153e-09 -1.14255e-09 -6.53464e-11
2.4024e+06 0.0685837 0.0685837 -0.137483 1.33706e-09 -1.13785e-09 -6.40986e-11
2.4027e+06 0.0691161 0.0691161 -0.138483 1.33267e-09 -1.13321e-09 -6.284e-11
2.40163e+06 0.0696486 0.0696486 -0.139483 1.32838e-09 -1.12862e-09 -6.15715e-11
2.4024e+06 0.0701811 0.0701811 -0.140483 1.32418e-09 -1.12409e-09 -6.0294e-11
2.40243e+06 0.0707135 0.0707136 -0.141483 1.32006e-09 -1.1196e-09 -5.90081e-11
2.40162e+06 0.071246 0.071246 -0.142483 1.31604e-09 -1.11517e-09 -5.77142e-11
2.40241e+06 0.0717785 0.0717785 -0.143483 1.31209e-09 -1.11079e-09 -5.64134e-11
2.40162e+06 0.072311 0.0723111 -0.144483 1.30824e-09 -1.10646e-09 -5.5106e-11
2.4016e+06 0.0728436 0.0728436 -0.145483 1.30446e-09 -1.10218e-09 -5.37927e-11
2.40161e+06 0.0733761 0.0733761 -0.146483 1.30076e-09 -1.09795e-09 -5.24741e-11
2.40242e+06 0.0739086 0.0739086 -0.147483 1.29715e-09 -1.09378e-09 -5.11508e-11
2.40055e+06 0.0744412 0.0744412 -0.148483 1.29413e-09 -1.06954e-09 -2.97143e-11
2.40269e+06 0.0749737 0.0749737 -0.149483 1.29026e-09 -1.08165e-09 -4.45773e-11
2.40164e+06 0.0755063 0.0755063 -0.150483 1.28687e-09 -1.07781e-09 -4.34346e-11
2.40242e+06 0.0760389 0.0760389 -0.151483 1.28356e-09 -1.07401e-09 -4.22811e-11
2.40164e+06 0.0765715 0.0765715 -0.152483 1.28031e-09 -1.07024e-09 -4.11162e-11
2.40242e+06 0.0771041 0.0771041 -0.153483 1.27714e-09 -1.06652e-09 -3.99409e-11
2.40245e+06 0.0776367 0.0776367 -0.154483 1.27404e-09 -1.06283e-09 -3.8756e-11
2.4027e+06 0.0781693 0.0781693 -0.155483 1.27094e-09 -1.05987e-09 -3.84988e-11
2.40165e+06 0.078702 0.078702 -0.156483 1.26803e-09 -1.0557e-09 -3.65471e-11
2.40244e+06 0.0792346 0.0792346 -0.157483 1.26513e-09 -1.05211e-09 -3.53298e-11
2.40271e+06 0.0797673 0.0797673 -0.158483 1.26228e-09 -1.04787e-09 -3.31687e-11
2.40274e+06 0.0802999 0.0802999 -0.159483 1.25952e-09 -1.04493e-09 -3.26895e-11
2.40248e+06 0.0808326 0.0808326 -0.160483 1.25681e-09 -1.04147e-09 -3.14632e-11
2.40277e+06 0.0813653 0.0813653 -0.161483 1.25417e-09 -1.03804e-09 -3.02321e-11
2.40248e+06 0.081898 0.081898 -0.162483 1.25158e-09 -1.03465e-09 -2.89967e-11
2.40166e+06 0.0824308 0.0824308 -0.163483 1.24905e-09 -1.0313e-09 -2.77576e-11
2.40245e+06 0.0829635 0.0829635 -0.164483 1.24659e-09 -1.02798e-09 -2.65154e-11
2.40166e+06 0.0834963 0.0834963 -0.165483 1.24418e-09 -1.0247e-09 -2.52704e-11
2.40246e+06 0.084029 0.084029 -0.166483 1.24182e-09 -1.02145e-09 -2.40234e-11
2.40247e+06 0.0845618 0.0845618 -0.167483 1.23952e-09 -1.01824e-09 -2.27746e-11
2.39612e+06 0.0850947 0.0850947 -0.168483 1.23695e-09 -1.0137e-09 -2.00583e-11
2.4015e+06 0.0856274 0.0856274 -0.169483 1.23501e-09 -1.01166e-09 -1.99867e-11
2.40246e+06 0.0861602 0.0861602 -0.170483 1.23287e-09 -1.00857e-09 -1.87491e-11
2.40248e+06 0.0866931 0.0866931 -0.171483 1.23078e-09 -1.00551e-09 -1.75108e-11
2.40249e+06 0.0872259 0.0872259 -0.172483 1.22874e-09 -1.00248e-09 -1.62722e-11
2.40168e+06 0.0877588 0.0877588 -0.173483 1.22675e-09 -9.99491e-10 -1.50334e-11
2.40246e+06 0.0882917 0.0882917 -0.174483 1.22481e-09 -9.96531e-10 -1.37952e-11
2.40249e+06 0.0888246 0.0888246 -0.175483 1.22292e-09 -9.93604e-10 -1.25576e-11
2.40168e+06 0.0893575 0.0893575 -0.176483 1.22108e-09 -9.90709e-10 -1.1321e-11
2.40247e+06 0.0898904 0.0898904 -0.177483 1.21928e-09 -9.87846e-10 -1.0086e-11
2.40169e+06 0.0904234 0.0904234 -0.178483 1.21752e-09 -9.85014e-10 -8.85241e-12
2.40167e+06 0.0909563 0.0909563 -0.179483 1.21581e-09 -9.82214e-10 -7.62088e-12
2.40167e+06 0.0914893 0.0914893 -0.180483 1.21414e-09 -9.79445e-10 -6.39159e-12
2.40248e+06 0.0920223 0.0920223 -0.181483 1.21251e-09 -9.76707e-10 -5.16493e-12
2.4025e+06 0.0925553 0.0925553 -0.182483 1.21093e-09 -9.73999e-10 -3.94089e-12
2.40251e+06 0.0930883 0.0930883 -0.183483 1.20939e-09 -9.71322e-10 -2.71984e-12
2.40279e+06 0.0936214 0.0936214 -0.184483 1.20788e-09 -9.68675e-10 -1.50199e-12
2.40171e+06 0.0941545 0.0941545 -0.185483 1.20642e-09 -9.66057e-10 -2.87409e-13
2.40249e+06 0.0946875 0.0946875 -0.186483 1.20499e-09 -9.63469e-10 9.23317e-13
2.4028e+06 0.0952206 0.0952206 -0.187483 1.2036e-09 -9.60909e-10 2.13032e-12
2.40254e+06 0.0957537 0.0957537 -0.188483 1.20225e-09 -9.58379e-10 3.33335e-12
2.40171e+06 0.0962869 0.0962869 -0.189483 1.20094e-09 -9.55877e-10 4.53232e-12
2.40169e+06 0.09682 0.09682 -0.190483 1.19966e-09 -9.53403e-10 5.72686e-12
2.40252e+06 0.0973532 0.0973532 -0.191483 1.19841e-09 -9.50957e-10 6.91677e-12
2.40254e+06 0.0978864 0.0978864 -0.192483 1.1972e-09 -9.48539e-10 8.10214e-12
2.40158e+06 0.0984196 0.0984196 -0.193483 1.19646e-09 -9.33117e-10 2.06825e-11
2.40252e+06 0.0989528 0.0989528 -0.194483 1.19498e-09 -9.41222e-10 1.26527e-11
2.40283e+06 0.0994861 0.0994861 -0.195483 1.19387e-09 -9.39005e-10 1.37098e-11
2.40174e+06 0.100019 0.100019 -0.196483 1.19278e-09 -9.36809e-10 1.47668e-11
2.40171e+06 0.100553 0.100553 -0.197483 1.19173e-09 -9.34634e-10 1.58238e-11
2.40252e+06 0.101086 0.101086 -0.198483 1.19071e-09 -9.3248e-10 1.68804e-11
2.40174e+06 0.101619 0.101619 -0.199483 1.18972e-09 -9.30346e-10 1.79367e-11
2.40172e+06 0.102153 0.102153 -0.200483 1.18876e-09 -9.28232e-10 1.89919e-11
2.40254e+06 0.102686 0.102686 -0.201483 1.18783e-09 -9.26139e-10 2.00457e-11
