1 -0.000247182 -0.000247182 -0.000247182 1.69407e-21 0 -1.01644e-20
2 -0.000247182 -0.000247182 -0.000247182 -8.47033e-21 1.35525e-20 -1.01644e-20
79013.3 8.33734e-05 8.33734e-05 -0.00124718 6.53444e-18 -4.20155e-16 1.31371e-16
164413 0.000476278 0.000476298 -0.00224718 6.77257e-09 -5.31066e-08 -1.06009e-08
235154 0.000897683 0.000897698 -0.00324718 2.40791e-09 -2.42551e-08 -3.95863e-09
295065 0.0013387 0.00133872 -0.00424718 1.89319e-09 -2.19551e-08 -3.47441e-09
338153 0.00179195 0.00179196 -0.00524718 1.48278e-09 -2.02663e-08 -3.14468e-09
371966 0.0022583 0.00225831 -0.00624718 1.07574e-09 -1.86107e-08 -2.84955e-09
395913 0.0027297 0.00272973 -0.00724718 3.74965e-09 -1.58849e-08 -1.39107e-08
413784 0.00321287 0.00321289 -0.00824718 1.84608e-09 -1.53163e-08 -4.9639e-09
435922 0.00369772 0.00369774 -0.00924718 1.54831e-09 -1.43335e-08 -5.60139e-09
456151 0.00418668 0.00418669 -0.0102472 1.41067e-09 -1.3821e-08 -5.31448e-09
458434 0.00469136 0.00469138 -0.0112472 1.18642e-09 -1.31438e-08 -5.07895e-09
466905 0.00519748 0.0051975 -0.0122472 9.98998e-10 -1.25192e-08 -4.82856e-09
476073 0.00570523 0.00570524 -0.0132472 8.26251e-10 -1.19991e-08 -4.64298e-09
481779 0.00621474 0.00621476 -0.0142472 8.17141e-10 -1.33013e-08 -6.24674e-09
491774 0.00672606 0.00672607 -0.0152472 7.05787e-10 -1.17941e-08 -4.19224e-09
502699 0.00723931 0.00723932 -0.0162472 5.23965e-10 -1.13298e-08 -4.42334e-09
505732 0.00775477 0.00775478 -0.0172472 4.09732e-10 -1.09962e-08 -4.3277e-09
515231 0.00827229 0.0082723 -0.0182472 3.12707e-10 -1.06916e-08 -4.22045e-09
524567 0.00879211 0.00879212 -0.0192472 2.28555e-10 -1.04062e-08 -4.08188e-09
527334 0.00932305 0.00932306 -0.0202472 2.07284e-10 -1.03553e-08 -4.07745e-09
527478 0.00985512 0.00985513 -0.0212472 1.56042e-10 -1.02315e-08 -4.07119e-09
527898 0.0103872 0.0103872 -0.0222472 9.26244e-11 -1.00466e-08 -3.99902e-09
527493 0.0109193 0.0109193 -0.0232472 4.38618e-11 -9.85714e-09 -3.91792e-09
527899 0.0114513 0.0114513 -0.0242472 -9.72902e-12 -9.72554e-09 -3.89028e-09
527909 0.0119834 0.0119834 -0.0252472 -5.75591e-11 -9.58147e-09 -3.84604e-09
527910 0.0125155 0.0125155 -0.0262472 -1.02577e-10 -9.44339e-09 -3.80379e-09
527493 0.0130476 0.0130476 -0.0272472 -1.33358e-10 -9.34163e-09 -3.79405e-09
527482 0.0135796 0.0135796 -0.0282472 -1.74766e-10 -9.16359e-09 -3.70435e-09
526688 0.0141117 0.0141117 -0.0292472 -2.16089e-10 -9.08851e-09 -3.7512e-09
527877 0.0146438 0.0146438 -0.0302472 -2.50556e-10 -8.95154e-09 -3.6738e-09
527909 0.0151758 0.0151758 -0.0312472 -2.8333e-10 -8.83712e-09 -3.63694e-09
527910 0.0157079 0.0157079 -0.0322472 -3.13912e-10 -8.72702e-09 -3.60129e-09
527148 0.01624 0.01624 -0.0332472 -3.41197e-10 -8.62172e-09 -3.57236e-09
527890 0.0167721 0.0167721 -0.0342472 -3.68385e-10 -8.519e-09 -3.53541e-09
527384 0.0173041 0.0173042 -0.0352472 -3.91553e-10 -8.40265e-09 -3.47783e-09
527547 0.0178362 0.0178362 -0.0362472 -4.14952e-10 -8.30042e-09 -3.43114e-09
527138 0.0183683 0.0183683 -0.0372472 -4.3027e-10 -8.22132e-09 -3.41496e-09
527473 0.0189004 0.0189004 -0.0382472 -4.41366e-10 -8.16534e-09 -3.42042e-09
527549 0.0194325 0.0194325 -0.0392472 -4.65618e-10 -8.04191e-09 -3.3415e-09
527901 0.0199645 0.0199645 -0.0402472 -4.82082e-10 -7.97183e-09 -3.3325e-09
527910 0.0204966 0.0204966 -0.0412472 -4.96962e-10 -7.89248e-09 -3.30528e-09
527147 0.0210287 0.0210287 -0.0422472 -5.10383e-10 -7.82364e-09 -3.28009e-09
527487 0.0215608 0.0215608 -0.0432472 -5.44377e-10 -7.78137e-09 -3.28959e-09
527483 0.0220929 0.0220929 -0.0442472 -5.3109e-10 -7.71581e-09 -3.27025e-09
527550 0.0226249 0.0226249 -0.0452472 -5.46925e-10 -7.6053e-09 -3.19231e-09
527901 0.023157 0.023157 -0.0462472 -5.55344e-10 -7.54769e-09 -3.18431e-09
527507 0.0236891 0.0236891 -0.0472472 -5.8438e-10 -7.51753e-09 -3.19528e-09
527496 0.0242212 0.0242212 -0.0482472 -5.99776e-10 -7.46558e-09 -3.1828e-09
527550 0.0247533 0.0247533 -0.0492472 -5.86374e-10 -7.39615e-09 -3.16309e-09
527310 0.0252854 0.0252854 -0.0502472 -5.9404e-10 -7.33068e-09 -3.12699e-09
527895 0.0258174 0.0258174 -0.0512472 -5.96389e-10 -7.26101e-09 -3.09204e-09
527911 0.0263495 0.0263495 -0.0522472 -5.98305e-10 -7.20017e-09 -3.06452e-09
527911 0.0268816 0.0268816 -0.0532472 -5.99399e-10 -7.14131e-09 -3.03766e-09
527204 0.0274137 0.0274137 -0.0542472 -5.99712e-10 -7.08435e-09 -3.01142e-09
527893 0.0279458 0.0279458 -0.0552472 -5.99283e-10 -7.0292e-09 -2.98576e-09
527911 0.0284779 0.0284779 -0.0562472 -5.98151e-10 -6.97577e-09 -2.96065e-09
527562 0.02901 0.02901 -0.0572472 -5.96194e-10 -6.89322e-09 -2.9171e-09
527902 0.0295421 0.0295421 -0.0582472 -5.9388e-10 -6.86279e-09 -2.90575e-09
527320 0.0300742 0.0300742 -0.0592472 -5.93461e-10 -6.80411e-09 -2.8719e-09
527896 0.0306063 0.0306063 -0.0602472 -5.88383e-10 -6.76498e-09 -2.85662e-09
527912 0.0311384 0.0311384 -0.0612472 -5.84234e-10 -6.72036e-09 -2.83489e-09
527912 0.0316705 0.0316705 -0.0622472 -5.79581e-10 -6.67695e-09 -2.81345e-09
527563 0.0322026 0.0322026 -0.0632472 -5.74294e-10 -6.61574e-09 -2.76155e-09
527499 0.0327347 0.0327347 -0.0642472 -5.90674e-10 -6.62456e-09 -2.79764e-09
527498 0.0332668 0.0332668 -0.0652472 -5.79528e-10 -6.5243e-09 -2.71706e-09
527902 0.0337989 0.033799 -0.0662472 -5.68532e-10 -6.50871e-09 -2.72036e-09
527082 0.0343311 0.0343311 -0.0672472 -5.61404e-10 -6.47153e-09 -2.70131e-09
527475 0.0348632 0.0348632 -0.0682472 -5.4896e-10 -6.40452e-09 -2.65172e-09
527901 0.0353953 0.0353953 -0.0692472 -5.4409e-10 -6.38926e-09 -2.65317e-09
527913 0.0359274 0.0359274 -0.0702472 -5.36088e-10 -6.35588e-09 -2.63585e-09
527497 0.0364596 0.0364596 -0.0712472 -5.22831e-10 -6.29248e-09 -2.58786e-09
527903 0.0369917 0.0369917 -0.0722472 -5.17207e-10 -6.28067e-09 -2.59085e-09
527497 0.0375238 0.0375238 -0.0732472 -4.96958e-10 -6.28133e-09 -2.60572e-09
527903 0.0380559 0.0380559 -0.0742472 -4.94686e-10 -6.23171e-09 -2.56974e-09
527914 0.0385881 0.0385881 -0.0752472 -4.85688e-10 -6.20166e-09 -2.55278e-09
527914 0.0391202 0.0391202 -0.0762472 -4.76497e-10 -6.1723e-09 -2.53599e-09
527915 0.0396523 0.0396524 -0.0772472 -4.67127e-10 -6.14362e-09 -2.51939e-09
527259 0.0401845 0.0401845 -0.0782472 -4.47701e-10 -6.11561e-09 -2.50298e-09
527898 0.0407166 0.0407166 -0.0792472 -4.43744e-10 -6.08826e-09 -2.48676e-09
527915 0.0412488 0.0412488 -0.0802472 -4.34051e-10 -6.06155e-09 -2.47073e-09
527512 0.0417809 0.041781 -0.0812472 -4.31649e-10 -5.99827e-09 -2.41772e-09
527556 0.0423131 0.0423131 -0.0822472 -4.1166e-10 -6.01565e-09 -2.45677e-09
527143 0.0428453 0.0428453 -0.0832472 -4.04729e-10 -5.98088e-09 -2.43084e-09
527896 0.0433774 0.0433774 -0.0842472 -3.94597e-10 -5.9557e-09 -2.41081e-09
526492 0.0439096 0.0439096 -0.0852472 -3.58948e-10 -5.67953e-09 -2.24145e-09
527354 0.0444418 0.0444418 -0.0862472 -3.62297e-10 -5.80146e-09 -2.30651e-09
527902 0.0449739 0.0449739 -0.0872472 -3.53228e-10 -5.79939e-09 -2.31474e-09
527513 0.0455061 0.0455061 -0.0882472 -3.65141e-10 -5.82314e-09 -2.34448e-09
527315 0.0460383 0.0460383 -0.0892472 -3.43328e-10 -5.79649e-09 -2.3236e-09
527498 0.0465705 0.0465705 -0.0902472 -3.40011e-10 -5.73684e-09 -2.26949e-09
527907 0.0471027 0.0471027 -0.0912472 -3.25313e-10 -5.74502e-09 -2.28299e-09
527918 0.0476349 0.0476349 -0.0922472 -3.14833e-10 -5.73056e-09 -2.27363e-09
527515 0.0481671 0.0481671 -0.0932472 -3.11759e-10 -5.67882e-09 -2.2268e-09
527909 0.0486993 0.0486993 -0.0942472 -2.96902e-10 -5.68817e-09 -2.24086e-09
527919 0.0492315 0.0492315 -0.0952472 -2.8629e-10 -5.67487e-09 -2.23208e-09
527920 0.0497637 0.0497637 -0.0962472 -2.75692e-10 -5.66149e-09 -2.22305e-09
527157 0.0502959 0.0502959 -0.0972472 -2.6507e-10 -5.64972e-09 -2.22186e-09
527901 0.0508281 0.0508281 -0.0982472 -2.54569e-10 -5.63511e-09 -2.20753e-09
527264 0.0513604 0.0513604 -0.0992472 -2.34164e-10 -5.62162e-09 -2.19781e-09
527500 0.0518926 0.0518926 -0.100247 -2.3684e-10 -5.57097e-09 -2.15078e-09
527507 0.0524248 0.0524249 -0.101247 -2.29592e-10 -5.54431e-09 -2.1276e-09
527911 0.0529571 0.0529571 -0.102247 -2.14845e-10 -5.55623e-09 -2.14286e-09
527519 0.0534893 0.0534893 -0.103247 -2.11811e-10 -5.50823e-09 -2.09806e-09
527563 0.0540216 0.0540216 -0.104247 -1.96891e-10 -5.49049e-09 -2.09521e-09
527564 0.0545539 0.0545539 -0.105247 -1.80857e-10 -5.53145e-09 -2.12029e-09
527565 0.0550861 0.0550861 -0.106247 -1.68057e-10 -5.53367e-09 -2.12034e-09
527084 0.0556184 0.0556184 -0.107247 -1.61089e-10 -5.50384e-09 -2.10027e-09
527140 0.0561507 0.0561507 -0.108247 -1.45195e-10 -5.49198e-09 -2.08638e-09
527313 0.056683 0.056683 -0.109247 -1.39256e-10 -5.49251e-09 -2.09252e-09
527493 0.0572153 0.0572153 -0.110247 -1.17375e-10 -5.5052e-09 -2.10792e-09
525983 0.0577476 0.0577476 -0.111247 -1.17093e-10 -5.80028e-09 -2.54073e-09
527875 0.0582798 0.0582799 -0.112247 -1.05839e-10 -5.57164e-09 -2.2353e-09
527522 0.0588122 0.0588122 -0.113247 -1.18151e-10 -5.58405e-09 -2.24799e-09
527567 0.0593445 0.0593445 -0.114247 -9.5942e-11 -5.50602e-09 -2.18203e-09
527918 0.0598768 0.0598768 -0.115247 -8.64275e-11 -5.50286e-09 -2.17208e-09
527165 0.0604091 0.0604091 -0.116247 -7.68515e-11 -5.49045e-09 -2.15327e-09
527909 0.0609415 0.0609415 -0.117247 -6.74649e-11 -5.46632e-09 -2.13287e-09
527580 0.0614738 0.0614738 -0.118247 -5.24344e-11 -5.47893e-09 -2.13375e-09
527517 0.0620062 0.0620062 -0.119247 -6.83377e-11 -5.4792e-09 -2.14114e-09
527920 0.0625385 0.0625385 -0.120247 -4.66771e-11 -5.438e-09 -2.10026e-09
527316 0.0630709 0.0630709 -0.121247 -5.0303e-11 -5.45565e-09 -2.14976e-09
527512 0.0636033 0.0636033 -0.122247 -4.12065e-11 -5.3782e-09 -2.05415e-09
527200 0.0641357 0.0641357 -0.123247 -2.53489e-11 -5.38786e-09 -2.0581e-09
526452 0.0646681 0.0646681 -0.124247 8.38455e-11 -5.52646e-09 -2.30021e-09
527894 0.0652005 0.0652005 -0.125247 3.45944e-11 -5.4071e-09 -2.1216e-09
527529 0.0657329 0.0657329 -0.126247 3.49484e-11 -5.34955e-09 -2.0623e-09
527924 0.0662653 0.0662653 -0.127247 4.70038e-11 -5.35471e-09 -2.06577e-09
527935 0.0667977 0.0667977 -0.128247 5.47308e-11 -5.33846e-09 -2.0479e-09
527532 0.0673302 0.0673302 -0.129247 4.04961e-11 -5.36062e-09 -2.0685e-09
527926 0.0678626 0.0678626 -0.130247 6.06401e-11 -5.32246e-09 -2.02885e-09
527588 0.0683951 0.0683951 -0.131247 6.85163e-11 -5.27702e-09 -1.99382e-09
527512 0.0689275 0.0689275 -0.132247 8.75882e-11 -5.31417e-09 -2.02257e-09
527206 0.06946 0.06946 -0.133247 9.07648e-11 -5.285e-09 -1.98632e-09
527571 0.0699925 0.0699925 -0.134247 9.68683e-11 -5.25215e-09 -1.94333e-09
527930 0.070525 0.070525 -0.135247 1.03914e-10 -5.25348e-09 -1.95035e-09
527941 0.0710575 0.0710575 -0.136247 1.10977e-10 -5.24346e-09 -1.93926e-09
527942 0.07159 0.07159 -0.137247 1.1795e-10 -5.23396e-09 -1.92873e-09
527593 0.0721225 0.0721225 -0.138247 1.24994e-10 -5.19401e-09 -1.89964e-09
527517 0.072655 0.072655 -0.139247 1.4324e-10 -5.23622e-09 -1.93388e-09
527583 0.0731876 0.0731876 -0.140247 1.48975e-10 -5.22792e-09 -1.9363e-09
527279 0.0737201 0.0737201 -0.141247 1.62086e-10 -5.20705e-09 -1.90732e-09
527524 0.0742527 0.0742527 -0.142247 1.55236e-10 -5.16118e-09 -1.8602e-09
527935 0.0747853 0.0747853 -0.143247 1.65724e-10 -5.17714e-09 -1.87496e-09
527421 0.0753179 0.0753179 -0.144247 1.76074e-10 -5.19569e-09 -1.88531e-09
527319 0.0758505 0.0758505 -0.145247 1.76141e-10 -5.13815e-09 -1.79926e-09
527582 0.0763831 0.0763831 -0.146247 1.89921e-10 -5.17422e-09 -1.86473e-09
527523 0.0769157 0.0769157 -0.147247 2.04151e-10 -5.18733e-09 -1.87038e-09
527589 0.0774483 0.0774483 -0.148247 2.08978e-10 -5.19233e-09 -1.86292e-09
527592 0.077981 0.077981 -0.149247 2.1698e-10 -5.18488e-09 -1.87379e-09
527943 0.0785136 0.0785136 -0.150247 2.19136e-10 -5.16459e-09 -1.84613e-09
526490 0.0790463 0.0790463 -0.151247 3.25927e-10 -5.31247e-09 -2.0942e-09
527915 0.079579 0.079579 -0.152247 2.72781e-10 -5.19921e-09 -1.92119e-09
527550 0.0801117 0.0801117 -0.153247 2.69341e-10 -5.14773e-09 -1.86758e-09
527595 0.0806444 0.0806444 -0.154247 2.77827e-10 -5.12786e-09 -1.85752e-09
527947 0.0811771 0.0811771 -0.155247 2.81739e-10 -5.13714e-09 -1.85778e-09
527301 0.0817099 0.0817099 -0.156247 2.95639e-10 -5.12834e-09 -1.84686e-09
527592 0.0822426 0.0822426 -0.157247 2.93988e-10 -5.10102e-09 -1.80565e-09
527600 0.0827754 0.0827754 -0.158247 3.03339e-10 -5.13733e-09 -1.83521e-09
527336 0.0833081 0.0833081 -0.159247 2.90888e-10 -5.17811e-09 -1.84979e-09
527945 0.0838409 0.0838409 -0.160247 3.01899e-10 -5.12886e-09 -1.8177e-09
527347 0.0843737 0.0843737 -0.161247 3.02006e-10 -5.08497e-09 -1.74138e-09
527948 0.0849065 0.0849065 -0.162247 3.07803e-10 -5.10089e-09 -1.77505e-09
527615 0.0854394 0.0854394 -0.163247 3.11652e-10 -5.06397e-09 -1.74976e-09
527540 0.0859722 0.0859722 -0.164247 3.20174e-10 -5.04732e-09 -1.72582e-09
527956 0.0865051 0.0865051 -0.165247 3.20832e-10 -5.06342e-09 -1.74149e-09
522495 0.0870381 0.0870381 -0.166247 3.24299e-10 -5.06051e-09 -1.73816e-09
526396 0.0875709 0.0875709 -0.167247 3.0429e-10 -4.86446e-09 -1.43919e-09
527929 0.0881038 0.0881038 -0.168247 3.21598e-10 -4.9888e-09 -1.62333e-09
526891 0.0886367 0.0886367 -0.169247 3.24853e-10 -4.83579e-09 -1.56561e-09
527944 0.0891696 0.0891696 -0.170247 3.2892e-10 -4.93887e-09 -1.61477e-09
527623 0.0897026 0.0897026 -0.171247 3.38323e-10 -4.97775e-09 -1.64148e-09
527616 0.0902356 0.0902356 -0.172247 3.38833e-10 -4.94532e-09 -1.60394e-09
527374 0.0907685 0.0907685 -0.173247 3.41461e-10 -4.97424e-09 -1.63987e-09
527240 0.0913015 0.0913016 -0.174247 3.47673e-10 -4.97467e-09 -1.63494e-09
527959 0.0918346 0.0918346 -0.175247 3.49721e-10 -4.97688e-09 -1.64052e-09
527980 0.0923676 0.0923676 -0.176247 3.53031e-10 -4.98005e-09 -1.64393e-09
527981 0.0929007 0.0929007 -0.177247 3.56286e-10 -4.98268e-09 -1.6468e-09
527390 0.0934337 0.0934337 -0.178247 3.56879e-10 -4.97366e-09 -1.63802e-09
527968 0.0939668 0.0939668 -0.179247 3.6153e-10 -4.98267e-09 -1.64725e-09
527392 0.0944999 0.0944999 -0.180247 3.62048e-10 -4.97325e-09 -1.63806e-09
527355 0.0950331 0.0950331 -0.181247 3.53723e-10 -5.04917e-09 -1.68253e-09
527554 0.0955662 0.0955662 -0.182247 3.69207e-10 -4.97693e-09 -1.62904e-09
527978 0.0960994 0.0960994 -0.183247 3.69426e-10 -4.99642e-09 -1.64924e-09
527990 0.0966325 0.0966325 -0.184247 3.72447e-10 -4.99655e-09 -1.65004e-09
527642 0.0971657 0.0971658 -0.185247 3.75577e-10 -4.97716e-09 -1.61941e-09
527984 0.097699 0.097699 -0.186247 3.78373e-10 -4.98985e-09 -1.63982e-09
527644 0.0982322 0.0982322 -0.187247 3.8139e-10 -4.959e-09 -1.62173e-09
527569 0.0987655 0.0987655 -0.188247 3.95686e-10 -5.01044e-09 -1.66691e-09
527986 0.0992987 0.0992987 -0.189247 3.91745e-10 -4.99098e-09 -1.64802e-09
527999 0.099832 0.099832 -0.190247 3.94308e-10 -4.99051e-09 -1.64811e-09
528001 0.100365 0.100365 -0.191247 3.96826e-10 -4.98991e-09 -1.64805e-09
528002 0.100899 0.100899 -0.192247 3.99303e-10 -4.98919e-09 -1.64785e-09
526067 0.101432 0.101432 -0.193247 4.00442e-10 -4.52041e-09 -1.31568e-09
527603 0.101965 0.101965 -0.194247 4.0932e-10 -4.83848e-09 -1.56634e-09
527646 0.102499 0.102499 -0.195247 4.08572e-10 -4.82037e-09 -1.52757e-09
527594 0.103032 0.103032 -0.196247 4.03243e-10 -4.80754e-09 -1.51999e-09
527648 0.103566 0.103566 -0.197247 4.10024e-10 -4.81197e-09 -1.53482e-09
527597 0.104099 0.104099 -0.198247 3.90222e-10 -4.88136e-09 -1.59567e-09
527597 0.104633 0.104633 -0.199247 3.83135e-10 -4.90617e-09 -1.61886e-09
527387 0.105166 0.105166 -0.200247 3.85323e-10 -4.95824e-09 -1.63763e-09
