1 50000 50000 50000 7.95808e-13 50000 50000 1.36424e-12 -4.54747e-13 50000 50000 -2.38742e-12 50000 50000 50000 -1.02318e-12 0 50000 -1.81899e-12 1.81899e-12 0 1.81899e-12 50000 -2.72848e-12 5.00222e-12
2 50000 50000 50000 -2.6148e-12 50000 50000 -9.09495e-12 1.81899e-12 50000 50000 2.84217e-12 50000 50000 50000 -2.27374e-13 -4.54747e-13 50000 -4.09273e-12 -1.81899e-12 -1.81899e-12 0 50000 7.27596e-12 2.72848e-12
105140 50000 50000 84319.5 -1.39901e-05 50000 84319.5 -1.38581e-05 -1.409e-05 84319.5 50000 -1.41106e-05 84319.5 50000 50000 70820.7 -1.40333e-05 50000 -34319.5 -1.40033e-05 -1.40096e-05 -34319.5 50000 -1.41935e-05 -34319.5
227486 49999.6 50000.3 110399 2.20968 49999.6 110400 -1.54069 1.30884 110400 50000.3 -0.645587 110400 50001 50000.4 167087 0.750849 49999.8 -60399.4 -1.43078 -4.24685 -60401.7 49999.1 3.58396 -60399.4
326795 49999.4 49999.8 132317 -0.490044 50000 132318 0.721878 0.587444 132318 50000.4 -0.353744 132318 50000 50000 244477 0.70013 50000.2 -82317.6 -0.869844 -0.309612 -82318.8 50000.2 0.137956 -82318.1
415267 50000 50000.2 151313 -0.299823 49999.9 151316 -1.25263 -1.25086 151318 50000.1 -0.301331 151316 50000.6 50000.4 313952 2.67966 49999.8 -101315 -1.50044 -1.50002 -101317 49999.6 2.68018 -101316
488512 50000.2 49999.8 167323 -0.349182 50000.4 167325 -0.359233 -0.361325 167326 50000 -0.361423 167324 50000 49999.1 371188 -0.349602 50000.8 -117326 0.949391 -0.36903 -117325 49999.9 0.983225 -117324
551852 50000.6 50001.1 180304 0.0845601 50000.8 180305 -1.71899 0.0668167 180306 50001.2 -1.70155 180305 50000.6 50000.1 421548 -1.70003 50001.3 -130305 0.0664567 -1.71977 -130306 50000.9 0.0865109 -130305
594343 50000.6 50000.6 191715 -0.957095 50000.8 191717 -0.295751 -0.810369 191717 50000.8 -0.448267 191715 50000.4 49999.8 452628 -0.969884 50001.3 -141717 -0.235313 -0.32601 -141717 50000.7 -0.891889 -141716
637355 50000.6 50000.8 201575 -0.673733 50000.7 201576 -0.674326 -0.67389 201577 50000.9 -0.674166 201575 50000.4 50000.2 485781 -0.673704 50001 -151576 -0.67411 -0.674584 -151577 50000.8 -0.673223 -151575
677713 50002.6 50002.8 210802 -2.65277 50002.7 210804 -2.65322 -2.65289 210804 50002.9 -2.6531 210803 50002.4 50002.2 516910 -2.65275 50003 -160804 -2.65292 -2.65346 -160805 50002.7 -2.65221 -160803
693978 50000.7 50000.9 216792 -0.833674 50000.8 216793 -0.833828 -0.833721 216794 50001 -0.83378 216793 50000.6 50000.4 527186 -0.833681 50001.1 -166793 -0.83377 -0.833941 -166794 50000.9 -0.83351 -166793
718838 50001 50001.3 223078 -1.04911 50001.1 223079 -1.16172 -1.05309 223079 50001.4 -1.15941 223078 50000.9 50000.8 545761 -1.16091 50001.4 -173079 -1.18946 -1.16068 -173080 50001.3 -1.18801 -173078
742392 50001.2 50001.1 229664 -1.17768 50001.2 229665 -1.00124 -1.23859 229665 50001.2 -0.927234 229664 50001.1 50000.7 562729 -1.23969 50001.5 -179665 -1.16557 -1.39373 -179665 50001.1 -1.01539 -179664
773806 50002.9 50003.2 236545 -3.16215 50003 236546 -3.17758 -3.1312 236547 50003.2 -3.20541 236546 50002.9 50002.8 587261 -2.98054 50003.3 -186546 -3.00928 -2.87321 -186547 50003.3 -3.11504 -186546
779276 50001.6 50001.7 239068 -1.6562 50001.6 239069 -1.65627 -1.65622 239070 50001.8 -1.65625 239069 50001.5 50001.4 590208 -1.65622 50001.9 -189069 -1.65625 -1.65636 -189070 50001.7 -1.65611 -189069
790082 50001.8 50002 241650 -1.91115 50001.9 241651 -1.91122 -1.91117 241651 50002 -1.9112 241650 50001.8 50001.6 598432 -1.91115 50002.1 -191651 -1.91118 -1.91127 -191651 50002 -1.91105 -191650
801021 50002.2 50002.3 244280 -2.22484 50002.2 244281 -2.22492 -2.22486 244281 50002.3 -2.2249 244280 50002.1 50002 606741 -2.22484 50002.4 -194281 -2.22488 -2.22498 -194281 50002.3 -2.22475 -194280
811733 50002.5 50002.6 246960 -2.59111 50002.6 246961 -2.59217 -2.59054 246961 50002.7 -2.59267 246961 50002.5 50002.4 614773 -2.59118 50002.8 -196961 -2.59192 -2.59067 -196961 50002.7 -2.59255 -196961
822924 50003 50003.1 249691 -3.02317 50003 249692 -3.02325 -3.02319 249693 50003.1 -3.02323 249692 50002.9 50002.8 623233 -3.02317 50003.2 -199692 -3.02321 -3.02331 -199693 50003.1 -3.02307 -199692
834505 50003.5 50003.6 252476 -3.50989 50003.5 252476 -3.50997 -3.50991 252477 50003.6 -3.50996 252476 50003.4 50003.3 632029 -3.50989 50003.7 -202477 -3.50994 -3.51004 -202477 50003.6 -3.5098 -202476
846388 50004 50004.1 255314 -4.06008 50004 255315 -4.06059 -4.06052 255316 50004.1 -4.06014 255315 50004 50003.9 641074 -4.05788 50004.2 -205315 -4.05924 -4.05933 -205316 50004.1 -4.05779 -205315
858699 50004.6 50004.7 258209 -4.68229 50004.7 258210 -4.6809 -4.6811 258210 50004.8 -4.68161 258209 50004.6 50004.5 650490 -4.67975 50004.9 -208210 -4.67888 -4.6798 -208210 50004.8 -4.67925 -208209
871440 50005.4 50005.5 261162 -5.46358 50005.4 261162 -5.46366 -5.4636 261163 50005.5 -5.46365 261162 50005.4 50005.3 660278 -5.46358 50005.6 -211162 -5.46364 -5.46373 -211163 50005.5 -5.46349 -211162
874260 50002.1 50002.2 264141 -2.13894 50002.1 264141 -2.13129 -2.13914 264142 50002.2 -2.13089 264141 50002.1 50002 660120 -2.14369 50002.3 -214141 -2.13914 -2.14383 -214142 50002.2 -2.13909 -214141
887044 50002.6 50002.7 267210 -2.62275 50002.6 267211 -2.62278 -2.62276 267211 50002.7 -2.62278 267211 50002.5 50002.5 669834 -2.62275 50002.8 -217211 -2.62278 -2.62281 -217211 50002.7 -2.62272 -217211
900019 50003 50003.1 270341 -3.05376 50003 270342 -3.05389 -3.05386 270342 50003.1 -3.05378 270342 50003 50002.9 679678 -3.05434 50003.2 -220342 -3.05439 -3.05442 -220342 50003.1 -3.05431 -220342
903602 50004.6 50004.7 270681 -4.64847 50004.6 270682 -4.64852 -4.64848 270682 50004.7 -4.64851 270682 50004.6 50004.5 682920 -4.64847 50004.8 -220682 -4.64851 -4.64855 -220682 50004.7 -4.64843 -220682
903418 50004.6 50004.7 270681 -4.65857 50004.6 270682 -4.65861 -4.65858 270682 50004.7 -4.6586 270682 50004.6 50004.6 682737 -4.65857 50004.8 -220682 -4.6586 -4.65864 -220682 50004.7 -4.65853 -220682
903789 50004.6 50004.7 270681 -4.67569 50004.7 270682 -4.67573 -4.67569 270682 50004.7 -4.67572 270682 50004.6 50004.6 683107 -4.67569 50004.8 -220682 -4.67572 -4.67576 -220682 50004.7 -4.67565 -220682
903500 50004.6 50004.6 270681 -4.61614 50004.6 270681 -4.61681 -4.61609 270682 50004.6 -4.61689 270681 50004.6 50004.5 682819 -4.6169 50004.7 -220681 -4.61735 -4.61676 -220682 50004.7 -4.61745 -220681
903791 50004.7 50004.7 270682 -4.67576 50004.7 270682 -4.67579 -4.67576 270682 50004.7 -4.67579 270682 50004.6 50004.6 683109 -4.67575 50004.8 -220682 -4.67579 -4.67582 -220682 50004.7 -4.67572 -220682
903799 50004.7 50004.7 270682 -4.67584 50004.7 270682 -4.67587 -4.67584 270682 50004.7 -4.67587 270682 50004.6 50004.6 683117 -4.67583 50004.8 -220682 -4.67587 -4.6759 -220682 50004.7 -4.6758 -220682
903799 50004.7 50004.7 270682 -4.67589 50004.7 270682 -4.67592 -4.6759 270682 50004.7 -4.67592 270682 50004.6 50004.6 683117 -4.67589 50004.8 -220682 -4.67592 -4.67596 -220682 50004.7 -4.67586 -220682
903799 50004.7 50004.7 270682 -4.67595 50004.7 270682 -4.67598 -4.67596 270682 50004.7 -4.67598 270682 50004.6 50004.6 683117 -4.67595 50004.8 -220682 -4.67598 -4.67602 -220682 50004.7 -4.67592 -220682
902673 50004.3 50004.3 270678 -4.29439 50004.3 270679 -4.28795 -4.29782 270679 50004.3 -4.28439 270679 50004.3 50004.2 681995 -4.30945 50004.4 -220679 -4.30426 -4.31074 -220679 50004.3 -4.30304 -220679
903429 50004.6 50004.6 270681 -4.60421 50004.6 270681 -4.60435 -4.60432 270682 50004.6 -4.60423 270681 50004.6 50004.5 682748 -4.60469 50004.7 -220681 -4.60479 -4.60482 -220682 50004.7 -4.60466 -220681
903789 50004.7 50004.7 270682 -4.67613 50004.7 270682 -4.67615 -4.67613 270682 50004.7 -4.67615 270682 50004.6 50004.6 683108 -4.67612 50004.8 -220682 -4.67616 -4.67619 -220682 50004.7 -4.67609 -220682
903501 50004.6 50004.6 270681 -4.61735 50004.6 270681 -4.61661 -4.61727 270682 50004.6 -4.61666 270681 50004.6 50004.5 682820 -4.61799 50004.7 -220681 -4.61721 -4.61787 -220682 50004.7 -4.61736 -220681
903436 50004.6 50004.7 270681 -4.64547 50004.6 270682 -4.64505 -4.64545 270682 50004.7 -4.64505 270682 50004.6 50004.6 682754 -4.64507 50004.7 -220682 -4.64443 -4.64507 -220682 50004.7 -4.64446 -220682
903790 50004.7 50004.7 270682 -4.67641 50004.7 270682 -4.67643 -4.67641 270682 50004.7 -4.67643 270682 50004.6 50004.6 683108 -4.6764 50004.8 -220682 -4.67644 -4.67646 -220682 50004.7 -4.67638 -220682
903459 50004.6 50004.6 270681 -4.60483 50004.6 270681 -4.60497 -4.60494 270682 50004.6 -4.60485 270681 50004.6 50004.5 682778 -4.60531 50004.7 -220681 -4.60541 -4.60543 -220682 50004.6 -4.60529 -220681
903790 50004.7 50004.7 270682 -4.67659 50004.7 270682 -4.67661 -4.67659 270682 50004.7 -4.67661 270682 50004.6 50004.6 683109 -4.67658 50004.8 -220682 -4.67662 -4.67664 -220682 50004.7 -4.67656 -220682
903410 50004.6 50004.6 270681 -4.61594 50004.6 270681 -4.61537 -4.61596 270682 50004.6 -4.61541 270681 50004.6 50004.5 682729 -4.61498 50004.7 -220681 -4.61379 -4.6153 -220682 50004.7 -4.61335 -220681
903491 50004.6 50004.6 270681 -4.61793 50004.6 270681 -4.61718 -4.61785 270682 50004.6 -4.61723 270681 50004.6 50004.5 682810 -4.61856 50004.7 -220681 -4.61779 -4.61844 -220682 50004.7 -4.61794 -220681
903451 50004.6 50004.6 270681 -4.60525 50004.6 270681 -4.60539 -4.60537 270682 50004.6 -4.60527 270681 50004.6 50004.5 682770 -4.60573 50004.7 -220681 -4.60583 -4.60585 -220682 50004.6 -4.60571 -220681
903441 50004.6 50004.6 270681 -4.60211 50004.6 270681 -4.60232 -4.60231 270682 50004.6 -4.60213 270681 50004.6 50004.5 682760 -4.60173 50004.7 -220681 -4.6018 -4.60182 -220682 50004.6 -4.60171 -220681
903450 50004.6 50004.6 270681 -4.60551 50004.6 270681 -4.60564 -4.60563 270682 50004.6 -4.60553 270681 50004.6 50004.5 682769 -4.60599 50004.7 -220681 -4.60609 -4.60611 -220682 50004.6 -4.60597 -220681
903790 50004.7 50004.7 270682 -4.67736 50004.7 270682 -4.67738 -4.67736 270682 50004.7 -4.67738 270682 50004.6 50004.6 683109 -4.67736 50004.7 -220682 -4.67739 -4.67741 -220682 50004.7 -4.67734 -220682
903501 50004.6 50004.6 270681 -4.61869 50004.6 270681 -4.61913 -4.61848 270682 50004.6 -4.6193 270681 50004.6 50004.6 682820 -4.61793 50004.7 -220681 -4.61859 -4.61792 -220682 50004.7 -4.61863 -220681
903494 50004.6 50004.6 270681 -4.61942 50004.6 270681 -4.61863 -4.61925 270682 50004.6 -4.61884 270681 50004.6 50004.6 682813 -4.61878 50004.7 -220681 -4.61803 -4.61874 -220682 50004.7 -4.61804 -220681
903792 50004.7 50004.7 270682 -4.67786 50004.7 270682 -4.67787 -4.67786 270682 50004.7 -4.67788 270682 50004.6 50004.6 683110 -4.67785 50004.7 -220682 -4.67788 -4.6779 -220682 50004.7 -4.67783 -220682
903502 50004.6 50004.6 270681 -4.61916 50004.6 270681 -4.6184 -4.61907 270682 50004.6 -4.61845 270681 50004.6 50004.6 682821 -4.61979 50004.7 -220681 -4.61901 -4.61966 -220682 50004.7 -4.61918 -220681
903792 50004.7 50004.7 270682 -4.67823 50004.7 270682 -4.67824 -4.67822 270682 50004.7 -4.67824 270682 50004.6 50004.6 683111 -4.67822 50004.7 -220682 -4.67825 -4.67826 -220682 50004.7 -4.6782 -220682
903800 50004.7 50004.7 270682 -4.67845 50004.7 270682 -4.67847 -4.67845 270682 50004.7 -4.67847 270682 50004.6 50004.6 683118 -4.67844 50004.7 -220682 -4.67847 -4.67849 -220682 50004.7 -4.67843 -220682
903502 50004.6 50004.6 270681 -4.61902 50004.6 270681 -4.61967 -4.61897 270682 50004.6 -4.61975 270681 50004.6 50004.6 682821 -4.61978 50004.7 -220681 -4.62022 -4.61961 -220682 50004.7 -4.62035 -220681
903793 50004.7 50004.7 270682 -4.67884 50004.7 270682 -4.67885 -4.67884 270682 50004.7 -4.67886 270682 50004.6 50004.6 683111 -4.67883 50004.7 -220682 -4.67886 -4.67888 -220682 50004.7 -4.67882 -220682
903800 50004.7 50004.7 270682 -4.67909 50004.7 270682 -4.67911 -4.67909 270682 50004.7 -4.67911 270682 50004.6 50004.6 683119 -4.67909 50004.7 -220682 -4.67911 -4.67913 -220682 50004.7 -4.67907 -220682
903461 50004.6 50004.6 270681 -4.60808 50004.6 270681 -4.60816 -4.60814 270682 50004.6 -4.6081 270681 50004.6 50004.6 682779 -4.60759 50004.7 -220681 -4.60773 -4.60774 -220682 50004.6 -4.60757 -220681
903494 50004.6 50004.6 270681 -4.62124 50004.6 270681 -4.62045 -4.62107 270682 50004.6 -4.62066 270681 50004.6 50004.6 682813 -4.6206 50004.7 -220681 -4.61985 -4.62056 -220682 50004.7 -4.61987 -220681
903495 50004.6 50004.6 270681 -4.6215 50004.6 270681 -4.62071 -4.62133 270682 50004.6 -4.62092 270681 50004.6 50004.6 682814 -4.62086 50004.7 -220681 -4.62011 -4.62081 -220682 50004.7 -4.62012 -220681
903495 50004.6 50004.6 270681 -4.62117 50004.6 270681 -4.6216 -4.62095 270682 50004.6 -4.62177 270681 50004.6 50004.6 682814 -4.6204 50004.7 -220681 -4.62106 -4.62038 -220682 50004.7 -4.6211 -220681
903443 50004.6 50004.6 270681 -4.60531 50004.6 270681 -4.60552 -4.60551 270682 50004.6 -4.60532 270681 50004.6 50004.6 682762 -4.60494 50004.7 -220681 -4.605 -4.60501 -220682 50004.6 -4.60492 -220681
903792 50004.7 50004.7 270682 -4.6806 50004.7 270682 -4.68061 -4.6806 270682 50004.7 -4.68061 270682 50004.6 50004.6 683110 -4.6806 50004.7 -220682 -4.68062 -4.68063 -220682 50004.7 -4.68058 -220682
903452 50004.6 50004.6 270681 -4.60554 50004.6 270681 -4.60559 -4.60558 270682 50004.6 -4.60555 270681 50004.6 50004.6 682770 -4.6059 50004.7 -220681 -4.60613 -4.60614 -220682 50004.6 -4.60589 -220681
903494 50004.6 50004.6 270681 -4.6223 50004.6 270681 -4.62273 -4.62209 270682 50004.6 -4.6229 270681 50004.6 50004.6 682813 -4.62153 50004.7 -220681 -4.62219 -4.62151 -220682 50004.7 -4.62224 -220681
903504 50004.6 50004.7 270682 -4.64693 50004.6 270682 -4.64689 -4.64667 270682 50004.7 -4.64716 270682 50004.6 50004.6 682822 -4.64692 50004.7 -220682 -4.6469 -4.64669 -220682 50004.7 -4.64713 -220682
903454 50004.6 50004.6 270681 -4.6101 50004.6 270681 -4.61022 -4.61021 270682 50004.6 -4.61011 270681 50004.6 50004.6 682773 -4.61058 50004.7 -220681 -4.61067 -4.61068 -220682 50004.6 -4.61057 -220681
903418 50004.7 50004.7 270682 -4.6651 50004.7 270682 -4.66511 -4.6651 270682 50004.7 -4.66511 270682 50004.6 50004.6 682736 -4.66509 50004.7 -220682 -4.66512 -4.66513 -220682 50004.7 -4.66508 -220682
903452 50004.6 50004.6 270681 -4.61079 50004.6 270681 -4.61091 -4.6109 270682 50004.6 -4.6108 270681 50004.6 50004.6 682771 -4.61127 50004.7 -220681 -4.61135 -4.61136 -220682 50004.6 -4.61126 -220681
903444 50004.6 50004.6 270681 -4.60785 50004.6 270681 -4.60805 -4.60804 270682 50004.6 -4.60786 270681 50004.6 50004.6 682762 -4.60747 50004.6 -220681 -4.60753 -4.60754 -220682 50004.6 -4.60746 -220681
903495 50004.6 50004.6 270681 -4.62358 50004.6 270681 -4.62423 -4.62353 270682 50004.6 -4.62431 270681 50004.6 50004.6 682814 -4.62434 50004.7 -220681 -4.62478 -4.62416 -220682 50004.7 -4.62492 -220681
902669 50004.3 50004.3 270679 -4.29505 50004.3 270679 -4.30135 -4.29154 270679 50004.3 -4.3048 270679 50004.3 50004.3 681990 -4.31141 50004.3 -220679 -4.31641 -4.31019 -220679 50004.3 -4.31764 -220679
903483 50004.6 50004.7 270682 -4.64929 50004.6 270682 -4.64925 -4.64903 270682 50004.7 -4.64952 270682 50004.6 50004.6 682801 -4.64928 50004.7 -220682 -4.64926 -4.64905 -220682 50004.7 -4.64949 -220682
903497 50004.6 50004.6 270681 -4.62555 50004.6 270681 -4.62598 -4.62534 270682 50004.6 -4.62615 270681 50004.6 50004.6 682816 -4.62478 50004.7 -220682 -4.62544 -4.62476 -220682 50004.7 -4.62549 -220682
903455 50004.6 50004.6 270681 -4.61358 50004.6 270681 -4.61365 -4.61364 270682 50004.6 -4.61359 270681 50004.6 50004.6 682774 -4.61309 50004.6 -220681 -4.61322 -4.61323 -220682 50004.6 -4.61308 -220681
903117 50004.5 50004.5 270680 -4.50306 50004.5 270680 -4.49721 -4.50313 270681 50004.5 -4.4972 270680 50004.5 50004.5 682436 -4.4971 50004.5 -220680 -4.48824 -4.49728 -220681 50004.5 -4.48794 -220680
903488 50004.6 50004.6 270681 -4.62673 50004.6 270682 -4.62596 -4.62664 270682 50004.6 -4.62602 270682 50004.6 50004.6 682807 -4.62736 50004.7 -220682 -4.62657 -4.62721 -220682 50004.6 -4.62676 -220682
903498 50004.6 50004.6 270681 -4.62789 50004.6 270682 -4.62709 -4.62772 270682 50004.6 -4.6273 270682 50004.6 50004.6 682817 -4.62725 50004.7 -220682 -4.62649 -4.62719 -220682 50004.6 -4.62652 -220682
903797 50004.7 50004.7 270682 -4.68673 50004.7 270682 -4.68674 -4.68673 270682 50004.7 -4.68674 270682 50004.7 50004.7 683115 -4.68673 50004.7 -220682 -4.68675 -4.68675 -220682 50004.7 -4.68672 -220682
903455 50004.6 50004.6 270681 -4.61177 50004.6 270681 -4.61182 -4.61181 270682 50004.6 -4.61178 270681 50004.6 50004.6 682774 -4.61213 50004.6 -220681 -4.61235 -4.61236 -220682 50004.6 -4.61213 -220681
903796 50004.7 50004.7 270682 -4.68772 50004.7 270682 -4.68773 -4.68772 270682 50004.7 -4.68773 270682 50004.7 50004.7 683114 -4.68772 50004.7 -220682 -4.68773 -4.68774 -220682 50004.7 -4.68771 -220682
903805 50004.7 50004.7 270682 -4.68828 50004.7 270682 -4.68829 -4.68828 270682 50004.7 -4.68829 270682 50004.7 50004.7 683123 -4.68828 50004.7 -220682 -4.68829 -4.6883 -220682 50004.7 -4.68827 -220682
903508 50004.6 50004.6 270681 -4.62983 50004.6 270682 -4.63025 -4.62962 270682 50004.6 -4.63043 270682 50004.6 50004.6 682826 -4.62906 50004.7 -220682 -4.62971 -4.62903 -220682 50004.7 -4.62977 -220682
903120 50004.5 50004.5 270680 -4.50693 50004.5 270680 -4.50107 -4.50699 270681 50004.5 -4.50106 270680 50004.5 50004.5 682440 -4.50096 50004.5 -220680 -4.4921 -4.50114 -220681 50004.5 -4.4918 -220680
903490 50004.6 50004.6 270681 -4.63079 50004.6 270682 -4.63002 -4.63071 270682 50004.6 -4.63008 270682 50004.6 50004.6 682809 -4.63142 50004.7 -220682 -4.63063 -4.63127 -220682 50004.6 -4.63082 -220682
903424 50004.7 50004.7 270682 -4.67337 50004.7 270682 -4.67337 -4.67337 270682 50004.7 -4.67337 270682 50004.7 50004.6 682742 -4.67336 50004.7 -220682 -4.67338 -4.67338 -220682 50004.7 -4.67336 -220682
903457 50004.6 50004.6 270681 -4.61921 50004.6 270681 -4.61932 -4.61932 270682 50004.6 -4.61921 270681 50004.6 50004.6 682776 -4.61969 50004.6 -220681 -4.61977 -4.61977 -220682 50004.6 -4.61968 -220681
903424 50004.7 50004.7 270682 -4.67457 50004.7 270682 -4.67457 -4.67456 270682 50004.7 -4.67457 270682 50004.7 50004.6 682742 -4.67456 50004.7 -220682 -4.67457 -4.67458 -220682 50004.7 -4.67455 -220682
903448 50004.6 50004.6 270681 -4.61715 50004.6 270681 -4.61735 -4.61734 270682 50004.6 -4.61715 270681 50004.6 50004.6 682767 -4.61677 50004.6 -220681 -4.61683 -4.61683 -220682 50004.6 -4.61677 -220681
902579 50004.3 50004.3 270679 -4.31041 50004.3 270679 -4.2941 -4.31074 270679 50004.3 -4.2936 270679 50004.3 50004.3 681900 -4.31107 50004.3 -220679 -4.29501 -4.31137 -220679 50004.3 -4.29477 -220679
903776 50004.7 50004.7 270682 -4.69344 50004.7 270682 -4.69344 -4.69344 270682 50004.7 -4.69345 270682 50004.7 50004.7 683094 -4.69343 50004.7 -220682 -4.69345 -4.69345 -220682 50004.7 -4.69343 -220682
903458 50004.6 50004.6 270681 -4.61874 50004.6 270681 -4.61877 -4.61877 270682 50004.6 -4.61874 270681 50004.6 50004.6 682777 -4.61909 50004.6 -220681 -4.61931 -4.61931 -220682 50004.6 -4.61909 -220681
903444 50004.7 50004.7 270682 -4.66403 50004.7 270682 -4.66359 -4.664 270682 50004.7 -4.66359 270682 50004.6 50004.6 682763 -4.66363 50004.7 -220682 -4.66296 -4.66358 -220682 50004.7 -4.66304 -220682
903450 50004.6 50004.6 270681 -4.6201 50004.6 270681 -4.62013 -4.62013 270682 50004.6 -4.6201 270681 50004.6 50004.6 682769 -4.62046 50004.6 -220681 -4.62067 -4.62067 -220682 50004.6 -4.62045 -220681
903801 50004.7 50004.7 270682 -4.6964 50004.7 270682 -4.6964 -4.6964 270682 50004.7 -4.6964 270682 50004.7 50004.7 683118 -4.69639 50004.7 -220682 -4.69641 -4.69641 -220682 50004.7 -4.69639 -220682
903512 50004.6 50004.6 270682 -4.6381 50004.6 270682 -4.63852 -4.63789 270682 50004.6 -4.6387 270682 50004.6 50004.6 682831 -4.63733 50004.7 -220682 -4.63798 -4.6373 -220682 50004.7 -4.63805 -220682
903505 50004.6 50004.6 270682 -4.63882 50004.6 270682 -4.63924 -4.63861 270682 50004.6 -4.63942 270682 50004.6 50004.6 682823 -4.63805 50004.7 -220682 -4.6387 -4.63801 -220682 50004.7 -4.63877 -220682
903505 50004.6 50004.6 270682 -4.63955 50004.6 270682 -4.63877 -4.63946 270682 50004.6 -4.63883 270682 50004.6 50004.6 682824 -4.64018 50004.7 -220682 -4.63938 -4.64002 -220682 50004.7 -4.63958 -220682
903431 50004.7 50004.7 270682 -4.68234 50004.7 270682 -4.68234 -4.68234 270682 50004.7 -4.68234 270682 50004.7 50004.7 682749 -4.68233 50004.7 -220682 -4.68234 -4.68235 -220682 50004.7 -4.68233 -220682
903504 50004.6 50004.6 270682 -4.64044 50004.6 270682 -4.64107 -4.64038 270682 50004.6 -4.64116 270682 50004.6 50004.6 682823 -4.64119 50004.7 -220682 -4.64163 -4.64099 -220682 50004.7 -4.64178 -220682
903464 50004.6 50004.6 270681 -4.62959 50004.6 270682 -4.62965 -4.62964 270682 50004.6 -4.62959 270682 50004.6 50004.6 682783 -4.62909 50004.6 -220682 -4.62921 -4.62922 -220682 50004.6 -4.62908 -220682
903804 50004.7 50004.7 270682 -4.70197 50004.7 270682 -4.70196 -4.70196 270682 50004.7 -4.70197 270682 50004.7 50004.7 683122 -4.70196 50004.7 -220682 -4.70197 -4.70197 -220682 50004.7 -4.70196 -220682
903463 50004.6 50004.6 270681 -4.62753 50004.6 270682 -4.62773 -4.62773 270682 50004.6 -4.62753 270682 50004.6 50004.6 682782 -4.62715 50004.6 -220682 -4.62721 -4.62721 -220682 50004.6 -4.62715 -220682
903507 50004.6 50004.7 270682 -4.64516 50004.6 270682 -4.64435 -4.64498 270682 50004.6 -4.64456 270682 50004.6 50004.6 682825 -4.64451 50004.7 -220682 -4.64375 -4.64444 -220682 50004.7 -4.64379 -220682
903806 50004.7 50004.7 270682 -4.70463 50004.7 270682 -4.70463 -4.70463 270682 50004.7 -4.70463 270682 50004.7 50004.7 683124 -4.70462 50004.7 -220682 -4.70463 -4.70464 -220682 50004.7 -4.70462 -220682
903465 50004.6 50004.6 270682 -4.63021 50004.6 270682 -4.6304 -4.6304 270682 50004.6 -4.63021 270682 50004.6 50004.6 682783 -4.62983 50004.6 -220682 -4.62988 -4.62988 -220682 50004.6 -4.62983 -220682
903806 50004.7 50004.7 270682 -4.70649 50004.7 270682 -4.70649 -4.70649 270682 50004.7 -4.70649 270682 50004.7 50004.7 683124 -4.70648 50004.7 -220682 -4.70649 -4.70649 -220682 50004.7 -4.70648 -220682
903210 50004.5 50004.5 270681 -4.51975 50004.5 270681 -4.51351 -4.51987 270681 50004.5 -4.51336 270681 50004.5 50004.5 682529 -4.51483 50004.5 -220681 -4.506 -4.51489 -220681 50004.5 -4.50598 -220681
903800 50004.7 50004.7 270682 -4.70837 50004.7 270682 -4.70837 -4.70837 270682 50004.7 -4.70838 270682 50004.7 50004.7 683118 -4.70837 50004.7 -220682 -4.70838 -4.70838 -220682 50004.7 -4.70837 -220682
903442 50004.7 50004.7 270682 -4.6923 50004.7 270682 -4.6923 -4.6923 270682 50004.7 -4.6923 270682 50004.7 50004.7 682760 -4.6923 50004.7 -220682 -4.69231 -4.69231 -220682 50004.7 -4.69229 -220682
903808 50004.7 50004.7 270682 -4.71049 50004.7 270682 -4.71049 -4.71049 270682 50004.7 -4.71049 270682 50004.7 50004.7 683126 -4.71048 50004.7 -220682 -4.71049 -4.71049 -220682 50004.7 -4.71048 -220682
903818 50004.7 50004.7 270682 -4.71155 50004.7 270682 -4.71154 -4.71154 270682 50004.7 -4.71154 270682 50004.7 50004.7 683136 -4.71154 50004.7 -220682 -4.71155 -4.71155 -220682 50004.7 -4.71154 -220682
903819 50004.7 50004.7 270682 -4.71261 50004.7 270682 -4.7126 -4.7126 270682 50004.7 -4.71261 270682 50004.7 50004.7 683137 -4.7126 50004.7 -220682 -4.71261 -4.71261 -220682 50004.7 -4.7126 -220682
903521 50004.7 50004.7 270682 -4.65443 50004.7 270682 -4.65485 -4.65421 270682 50004.7 -4.65502 270682 50004.6 50004.6 682840 -4.65365 50004.7 -220682 -4.6543 -4.65361 -220682 50004.7 -4.65438 -220682
903438 50004.7 50004.7 270682 -4.69758 50004.7 270682 -4.69757 -4.69757 270682 50004.7 -4.69758 270682 50004.7 50004.7 682756 -4.69757 50004.7 -220682 -4.69758 -4.69758 -220682 50004.7 -4.69757 -220682
903811 50004.7 50004.7 270682 -4.71592 50004.7 270682 -4.71591 -4.71591 270682 50004.7 -4.71592 270682 50004.7 50004.7 683128 -4.71591 50004.7 -220682 -4.71592 -4.71592 -220682 50004.7 -4.71591 -220682
903523 50004.7 50004.7 270682 -4.65773 50004.7 270682 -4.65695 -4.65764 270682 50004.7 -4.65701 270682 50004.6 50004.6 682841 -4.65836 50004.7 -220682 -4.65756 -4.65819 -220682 50004.7 -4.65776 -220682
903425 50004.7 50004.7 270682 -4.65598 50004.7 270682 -4.65474 -4.65623 270682 50004.7 -4.65437 270682 50004.6 50004.6 682743 -4.65693 50004.7 -220682 -4.65634 -4.65695 -220682 50004.7 -4.65637 -220682
903514 50004.7 50004.7 270682 -4.66008 50004.7 270682 -4.66049 -4.65986 270682 50004.7 -4.66067 270682 50004.6 50004.7 682832 -4.6593 50004.7 -220682 -4.65995 -4.65926 -220682 50004.7 -4.66003 -220682
903517 50004.7 50004.7 270682 -4.66124 50004.7 270682 -4.66046 -4.66115 270682 50004.7 -4.66051 270682 50004.7 50004.7 682835 -4.66186 50004.7 -220682 -4.66107 -4.6617 -220682 50004.7 -4.66127 -220682
903460 50004.7 50004.7 270682 -4.69076 50004.7 270682 -4.69031 -4.69073 270682 50004.7 -4.69032 270682 50004.7 50004.7 682778 -4.69035 50004.7 -220682 -4.68969 -4.6903 -220682 50004.7 -4.68977 -220682
903815 50004.7 50004.7 270682 -4.72313 50004.7 270682 -4.72313 -4.72313 270682 50004.7 -4.72313 270682 50004.7 50004.7 683133 -4.72312 50004.7 -220682 -4.72313 -4.72313 -220682 50004.7 -4.72313 -220682
903825 50004.7 50004.7 270682 -4.72443 50004.7 270682 -4.72442 -4.72443 270682 50004.7 -4.72443 270682 50004.7 50004.7 683143 -4.72442 50004.7 -220682 -4.72443 -4.72443 -220682 50004.7 -4.72442 -220682
903826 50004.7 50004.7 270682 -4.72574 50004.7 270682 -4.72573 -4.72573 270682 50004.7 -4.72573 270682 50004.7 50004.7 683144 -4.72573 50004.7 -220682 -4.72573 -4.72573 -220682 50004.7 -4.72573 -220682
903452 50004.7 50004.7 270682 -4.70983 50004.7 270682 -4.70983 -4.70983 270682 50004.7 -4.70983 270682 50004.7 50004.7 682769 -4.70982 50004.7 -220682 -4.70983 -4.70983 -220682 50004.7 -4.70983 -220682
903443 50004.7 50004.7 270682 -4.71117 50004.7 270682 -4.71116 -4.71117 270682 50004.7 -4.71117 270682 50004.7 50004.7 682760 -4.71116 50004.7 -220682 -4.71117 -4.71117 -220682 50004.7 -4.71116 -220682
903443 50004.7 50004.7 270682 -4.71254 50004.7 270682 -4.71253 -4.71254 270682 50004.7 -4.71254 270682 50004.7 50004.7 682761 -4.71253 50004.7 -220682 -4.71254 -4.71254 -220682 50004.7 -4.71254 -220682
903819 50004.7 50004.7 270682 -4.73118 50004.7 270682 -4.73117 -4.73118 270682 50004.7 -4.73118 270682 50004.7 50004.7 683136 -4.73117 50004.7 -220682 -4.73118 -4.73118 -220682 50004.7 -4.73117 -220682
903480 50004.7 50004.7 270682 -4.65648 50004.7 270682 -4.65651 -4.65651 270682 50004.7 -4.65647 270682 50004.6 50004.7 682798 -4.65684 50004.7 -220682 -4.65704 -4.65704 -220682 50004.7 -4.65684 -220682
903432 50004.7 50004.7 270682 -4.66999 50004.7 270682 -4.67185 -4.67036 270682 50004.7 -4.67159 270682 50004.7 50004.7 682750 -4.67199 50004.7 -220682 -4.67257 -4.67196 -220682 50004.7 -4.67255 -220682
903471 50004.7 50004.7 270682 -4.65969 50004.7 270682 -4.65988 -4.65989 270682 50004.7 -4.65969 270682 50004.7 50004.7 682789 -4.65931 50004.7 -220682 -4.65936 -4.65936 -220682 50004.7 -4.65932 -220682
902650 50004.4 50004.3 270679 -4.3603 50004.4 270679 -4.35238 -4.35905 270679 50004.3 -4.35369 270679 50004.3 50004.3 681971 -4.34728 50004.4 -220679 -4.33354 -4.34382 -220679 50004.3 -4.33708 -220679
903452 50004.7 50004.7 270682 -4.6625 50004.7 270682 -4.66269 -4.66269 270682 50004.7 -4.66249 270682 50004.7 50004.7 682770 -4.66212 50004.7 -220682 -4.66217 -4.66216 -220682 50004.7 -4.66212 -220682
903474 50004.7 50004.7 270682 -4.66418 50004.7 270682 -4.66437 -4.66438 270682 50004.7 -4.66418 270682 50004.7 50004.7 682792 -4.66381 50004.7 -220682 -4.66385 -4.66385 -220682 50004.7 -4.66381 -220682
903825 50004.8 50004.7 270683 -4.74163 50004.7 270682 -4.74162 -4.74162 270682 50004.7 -4.74162 270682 50004.7 50004.7 683143 -4.74162 50004.7 -220682 -4.74162 -4.74162 -220682 50004.7 -4.74162 -220682
903537 50004.7 50004.7 270682 -4.68362 50004.7 270682 -4.68284 -4.68354 270682 50004.7 -4.6829 270682 50004.7 50004.7 682855 -4.68425 50004.7 -220682 -4.68345 -4.68408 -220682 50004.7 -4.68366 -220682
903454 50004.7 50004.7 270682 -4.72757 50004.7 270682 -4.72756 -4.72756 270682 50004.7 -4.72756 270682 50004.7 50004.7 682772 -4.72756 50004.7 -220682 -4.72756 -4.72756 -220682 50004.7 -4.72756 -220682
903472 50004.7 50004.7 270682 -4.71484 50004.7 270682 -4.71525 -4.71483 270682 50004.7 -4.71528 270682 50004.7 50004.7 682789 -4.71429 50004.7 -220682 -4.71481 -4.7142 -220682 50004.7 -4.71488 -220682
903829 50004.8 50004.8 270683 -4.74819 50004.7 270683 -4.74819 -4.74819 270683 50004.7 -4.74819 270683 50004.7 50004.7 683146 -4.74819 50004.7 -220683 -4.74819 -4.74819 -220683 50004.7 -4.74819 -220683
903541 50004.7 50004.7 270682 -4.68947 50004.7 270682 -4.69011 -4.68942 270682 50004.7 -4.69019 270682 50004.7 50004.7 682859 -4.69023 50004.7 -220682 -4.69066 -4.69002 -220682 50004.7 -4.69083 -220682
903832 50004.8 50004.8 270683 -4.75161 50004.8 270683 -4.7516 -4.75161 270683 50004.7 -4.75161 270683 50004.7 50004.8 683150 -4.7516 50004.7 -220683 -4.7516 -4.7516 -220683 50004.8 -4.7516 -220683
903841 50004.8 50004.8 270683 -4.7534 50004.8 270683 -4.75339 -4.75339 270683 50004.7 -4.75339 270683 50004.7 50004.8 683158 -4.75339 50004.7 -220683 -4.75339 -4.75339 -220683 50004.8 -4.75339 -220683
903502 50004.7 50004.7 270682 -4.6829 50004.7 270682 -4.68296 -4.68296 270682 50004.7 -4.6829 270682 50004.7 50004.7 682820 -4.6824 50004.7 -220682 -4.68252 -4.68252 -220682 50004.7 -4.68241 -220682
903834 50004.8 50004.8 270683 -4.75695 50004.8 270683 -4.75694 -4.75695 270683 50004.8 -4.75695 270683 50004.8 50004.8 683151 -4.75694 50004.8 -220683 -4.75694 -4.75694 -220683 50004.8 -4.75695 -220683
903844 50004.8 50004.8 270683 -4.75883 50004.8 270683 -4.75882 -4.75882 270683 50004.8 -4.75882 270683 50004.8 50004.8 683161 -4.75882 50004.8 -220683 -4.75882 -4.75881 -220683 50004.8 -4.75882 -220683
903845 50004.8 50004.8 270683 -4.76069 50004.8 270683 -4.76068 -4.76069 270683 50004.8 -4.76068 270683 50004.8 50004.8 683162 -4.76068 50004.8 -220683 -4.76068 -4.76068 -220683 50004.8 -4.76069 -220683
903638 50004.8 50004.7 270683 -4.74524 50004.7 270682 -4.74523 -4.74523 270683 50004.7 -4.74523 270682 50004.7 50004.7 682955 -4.74523 50004.7 -220682 -4.74523 -4.74522 -220683 50004.7 -4.74523 -220682
903543 50004.7 50004.7 270682 -4.70389 50004.7 270682 -4.70452 -4.70383 270682 50004.7 -4.70461 270682 50004.7 50004.7 682861 -4.70465 50004.7 -220682 -4.70508 -4.70444 -220682 50004.7 -4.70525 -220682
903840 50004.8 50004.8 270683 -4.76642 50004.8 270683 -4.76641 -4.76642 270683 50004.8 -4.76642 270683 50004.8 50004.8 683157 -4.76641 50004.8 -220683 -4.76641 -4.76641 -220683 50004.8 -4.76642 -220683
903849 50004.8 50004.8 270683 -4.76843 50004.8 270683 -4.76842 -4.76843 270683 50004.8 -4.76843 270683 50004.8 50004.8 683166 -4.76842 50004.8 -220683 -4.76842 -4.76842 -220683 50004.8 -4.76843 -220683
903500 50004.7 50004.7 270682 -4.69414 50004.7 270682 -4.69432 -4.69433 270682 50004.7 -4.69413 270682 50004.7 50004.7 682818 -4.69376 50004.7 -220682 -4.6938 -4.69379 -220682 50004.7 -4.69376 -220682
903471 50004.8 50004.8 270683 -4.75506 50004.8 270683 -4.75505 -4.75505 270683 50004.7 -4.75505 270683 50004.8 50004.8 682789 -4.75505 50004.7 -220683 -4.75505 -4.75504 -220683 50004.8 -4.75505 -220683
903843 50004.8 50004.8 270683 -4.77453 50004.8 270683 -4.77452 -4.77453 270683 50004.8 -4.77453 270683 50004.8 50004.8 683160 -4.77452 50004.8 -220683 -4.77452 -4.77452 -220683 50004.8 -4.77453 -220683
902124 50004.2 50004.2 270678 -4.16591 50004.2 270677 -4.16737 -4.16737 270678 50004.1 -4.16591 270677 50004.2 50004.2 681446 -4.1374 50004.1 -220677 -4.14161 -4.14161 -220678 50004.2 -4.13741 -220677
903468 50004.7 50004.7 270682 -4.70535 50004.7 270682 -4.70545 -4.70546 270682 50004.7 -4.70534 270682 50004.7 50004.7 682786 -4.70584 50004.7 -220682 -4.7059 -4.70589 -220682 50004.7 -4.70584 -220682
903505 50004.7 50004.7 270682 -4.70826 50004.7 270682 -4.70831 -4.70831 270682 50004.7 -4.70825 270682 50004.7 50004.7 682823 -4.70775 50004.7 -220682 -4.70787 -4.70786 -220682 50004.7 -4.70776 -220682
901207 50003.8 50003.9 270675 -3.81246 50003.8 270675 -3.83583 -3.81284 270675 50003.8 -3.83562 270675 50003.8 50003.8 680532 -3.83574 50003.8 -220675 -3.85772 -3.83592 -220675 50003.8 -3.85737 -220675
903437 50004.7 50004.7 270682 -4.70831 50004.7 270682 -4.7085 -4.70851 270682 50004.7 -4.7083 270682 50004.7 50004.7 682755 -4.70793 50004.7 -220682 -4.70796 -4.70796 -220682 50004.7 -4.70793 -220682
903848 50004.8 50004.8 270683 -4.78752 50004.8 270683 -4.78751 -4.78752 270683 50004.8 -4.78752 270683 50004.8 50004.8 683165 -4.78751 50004.8 -220683 -4.78751 -4.78751 -220683 50004.8 -4.78752 -220683
903562 50004.7 50004.7 270682 -4.72895 50004.7 270682 -4.72958 -4.72889 270682 50004.7 -4.72967 270682 50004.7 50004.7 682880 -4.72971 50004.7 -220682 -4.73014 -4.72949 -220682 50004.7 -4.73032 -220682
903504 50004.7 50004.7 270682 -4.71551 50004.7 270682 -4.71569 -4.7157 270682 50004.7 -4.7155 270682 50004.7 50004.7 682822 -4.71513 50004.7 -220682 -4.71517 -4.71516 -220682 50004.7 -4.71513 -220682
903646 50004.8 50004.8 270683 -4.777 50004.8 270683 -4.77699 -4.777 270683 50004.8 -4.77699 270683 50004.8 50004.8 682963 -4.77699 50004.8 -220683 -4.77699 -4.77698 -220683 50004.8 -4.777 -220683
903518 50004.7 50004.7 270682 -4.72352 50004.7 270682 -4.72363 -4.72363 270682 50004.7 -4.72351 270682 50004.7 50004.7 682836 -4.72401 50004.7 -220682 -4.72407 -4.72406 -220682 50004.7 -4.72401 -220682
903028 50004.5 50004.5 270681 -4.52697 50004.5 270681 -4.51521 -4.52702 270681 50004.5 -4.51517 270681 50004.5 50004.5 682347 -4.52996 50004.5 -220681 -4.51981 -4.53007 -220681 50004.5 -4.51969 -220681
903504 50004.7 50004.7 270682 -4.72865 50004.7 270682 -4.72871 -4.72871 270682 50004.7 -4.72865 270682 50004.7 50004.7 682822 -4.72815 50004.7 -220682 -4.72827 -4.72826 -220682 50004.7 -4.72816 -220682
903859 50004.8 50004.8 270683 -4.80413 50004.8 270683 -4.80412 -4.80413 270683 50004.8 -4.80412 270683 50004.8 50004.8 683176 -4.80412 50004.8 -220683 -4.80412 -4.80411 -220683 50004.8 -4.80413 -220683
903571 50004.8 50004.7 270683 -4.74559 50004.7 270682 -4.74622 -4.74554 270683 50004.7 -4.74631 270682 50004.7 50004.8 682889 -4.74635 50004.7 -220682 -4.74678 -4.74613 -220683 50004.7 -4.74696 -220682
901340 50003.9 50003.9 270675 -3.90021 50003.9 270675 -3.88096 -3.90321 270675 50003.9 -3.8778 270675 50003.9 50003.9 680665 -3.90292 50003.9 -220675 -3.87824 -3.90043 -220675 50003.9 -3.88088 -220675
903805 50004.8 50004.8 270683 -4.81129 50004.8 270683 -4.81128 -4.81128 270683 50004.8 -4.81128 270683 50004.8 50004.8 683122 -4.81128 50004.8 -220683 -4.81128 -4.81127 -220683 50004.8 -4.81129 -220683
903522 50004.7 50004.7 270683 -4.73745 50004.7 270682 -4.73763 -4.73764 270682 50004.7 -4.73744 270682 50004.7 50004.7 682840 -4.73706 50004.7 -220682 -4.7371 -4.73709 -220682 50004.7 -4.73707 -220682
903866 50004.8 50004.8 270683 -4.81697 50004.8 270683 -4.81695 -4.81696 270683 50004.8 -4.81696 270683 50004.8 50004.8 683183 -4.81696 50004.8 -220683 -4.81696 -4.81695 -220683 50004.8 -4.81697 -220683
903578 50004.8 50004.8 270683 -4.75845 50004.8 270683 -4.75908 -4.7584 270683 50004.8 -4.75917 270683 50004.8 50004.8 682895 -4.75921 50004.7 -220683 -4.75964 -4.75899 -220683 50004.8 -4.75982 -220683
903500 50004.8 50004.8 270683 -4.80481 50004.8 270683 -4.80479 -4.8048 270683 50004.8 -4.8048 270683 50004.8 50004.8 682816 -4.8048 50004.8 -220683 -4.80479 -4.80479 -220683 50004.8 -4.80481 -220683
903870 50004.8 50004.8 270683 -4.82511 50004.8 270683 -4.82509 -4.8251 270683 50004.8 -4.8251 270683 50004.8 50004.8 683187 -4.8251 50004.8 -220683 -4.82509 -4.82509 -220683 50004.8 -4.8251 -220683
903583 50004.8 50004.8 270683 -4.76657 50004.8 270683 -4.7672 -4.76651 270683 50004.8 -4.76729 270683 50004.8 50004.8 682900 -4.76733 50004.7 -220683 -4.76776 -4.76711 -220683 50004.8 -4.76794 -220683
903875 50004.8 50004.8 270683 -4.83066 50004.8 270683 -4.83065 -4.83066 270683 50004.8 -4.83065 270683 50004.8 50004.8 683192 -4.83065 50004.8 -220683 -4.83065 -4.83064 -220683 50004.8 -4.83066 -220683
903543 50004.8 50004.8 270683 -4.7602 50004.8 270683 -4.76025 -4.76026 270683 50004.8 -4.76019 270683 50004.8 50004.8 682861 -4.75969 50004.7 -220683 -4.75981 -4.7598 -220683 50004.8 -4.7597 -220683
903877 50004.8 50004.8 270683 -4.83637 50004.8 270683 -4.83636 -4.83637 270683 50004.8 -4.83636 270683 50004.8 50004.9 683193 -4.83636 50004.8 -220683 -4.83636 -4.83635 -220683 50004.8 -4.83637 -220683
903547 50004.8 50004.8 270683 -4.76542 50004.8 270683 -4.76552 -4.76553 270683 50004.8 -4.76541 270683 50004.8 50004.8 682864 -4.7659 50004.7 -220683 -4.76596 -4.76595 -220683 50004.8 -4.76591 -220683
903880 50004.9 50004.8 270683 -4.84223 50004.8 270683 -4.84222 -4.84223 270683 50004.8 -4.84222 270683 50004.8 50004.9 683197 -4.84222 50004.8 -220683 -4.84222 -4.84221 -220683 50004.8 -4.84223 -220683
903890 50004.9 50004.8 270684 -4.84525 50004.8 270683 -4.84524 -4.84525 270683 50004.8 -4.84524 270683 50004.8 50004.9 683207 -4.84524 50004.8 -220683 -4.84524 -4.84523 -220683 50004.8 -4.84525 -220683
903594 50004.8 50004.8 270683 -4.78673 50004.8 270683 -4.78736 -4.78667 270683 50004.8 -4.78745 270683 50004.8 50004.8 682911 -4.78749 50004.8 -220683 -4.78792 -4.78727 -220683 50004.8 -4.7881 -220683
903496 50004.8 50004.8 270683 -4.78588 50004.8 270683 -4.78775 -4.78625 270683 50004.8 -4.78749 270683 50004.8 50004.8 682813 -4.78789 50004.8 -220683 -4.78847 -4.78784 -220683 50004.8 -4.78847 -220683
903535 50004.8 50004.8 270683 -4.7769 50004.8 270683 -4.77708 -4.77709 270683 50004.8 -4.77689 270683 50004.8 50004.8 682852 -4.77651 50004.8 -220683 -4.77655 -4.77654 -220683 50004.8 -4.77652 -220683
902713 50004.5 50004.5 270680 -4.45896 50004.5 270680 -4.44509 -4.45549 270680 50004.5 -4.44865 270680 50004.5 50004.5 682033 -4.47212 50004.4 -220680 -4.46412 -4.47086 -220680 50004.4 -4.46545 -220680
903569 50004.8 50004.8 270683 -4.7996 50004.8 270683 -4.80002 -4.79938 270683 50004.8 -4.80019 270683 50004.8 50004.8 682886 -4.79882 50004.8 -220683 -4.79946 -4.79875 -220683 50004.8 -4.79956 -220683
903551 50004.8 50004.8 270683 -4.78966 50004.8 270683 -4.78976 -4.78977 270683 50004.8 -4.78965 270683 50004.8 50004.8 682868 -4.79015 50004.8 -220683 -4.7902 -4.79019 -220683 50004.8 -4.79016 -220683
903552 50004.8 50004.8 270683 -4.79335 50004.8 270683 -4.79339 -4.79341 270683 50004.8 -4.79334 270683 50004.8 50004.8 682869 -4.79284 50004.8 -220683 -4.79295 -4.79294 -220683 50004.8 -4.79285 -220683
903895 50004.9 50004.9 270684 -4.87042 50004.9 270683 -4.8704 -4.87041 270684 50004.9 -4.8704 270683 50004.9 50004.9 683211 -4.87041 50004.8 -220683 -4.8704 -4.87039 -220684 50004.9 -4.87042 -220683
903550 50004.9 50004.8 270684 -4.84138 50004.8 270683 -4.84068 -4.84131 270683 50004.8 -4.84078 270683 50004.8 50004.9 682866 -4.84177 50004.8 -220683 -4.84131 -4.84173 -220683 50004.8 -4.84133 -220683
903600 50004.8 50004.8 270683 -4.81598 50004.8 270683 -4.81518 -4.81589 270683 50004.8 -4.81524 270683 50004.8 50004.8 682917 -4.81662 50004.8 -220683 -4.8158 -4.81643 -220683 50004.8 -4.81602 -220683
903603 50004.8 50004.8 270683 -4.81859 50004.8 270683 -4.81922 -4.81854 270683 50004.8 -4.81931 270683 50004.8 50004.8 682919 -4.81936 50004.8 -220683 -4.81978 -4.81913 -220683 50004.8 -4.81997 -220683
903903 50004.9 50004.9 270684 -4.88394 50004.9 270684 -4.88392 -4.88393 270684 50004.9 -4.88393 270684 50004.9 50004.9 683219 -4.88393 50004.9 -220684 -4.88392 -4.88391 -220684 50004.9 -4.88394 -220684
903542 50004.9 50004.9 270684 -4.8697 50004.9 270683 -4.86968 -4.86969 270684 50004.9 -4.86969 270683 50004.9 50004.9 682858 -4.86969 50004.8 -220683 -4.86968 -4.86967 -220684 50004.9 -4.8697 -220683
903225 50004.7 50004.7 270682 -4.69542 50004.7 270682 -4.70146 -4.69543 270682 50004.7 -4.7014 270682 50004.7 50004.7 682543 -4.68601 50004.7 -220682 -4.69547 -4.68627 -220682 50004.7 -4.69533 -220682
903548 50004.8 50004.8 270683 -4.81635 50004.8 270683 -4.81653 -4.81655 270683 50004.8 -4.81634 270683 50004.8 50004.8 682865 -4.81597 50004.8 -220683 -4.816 -4.81599 -220683 50004.8 -4.81598 -220683
903568 50004.8 50004.8 270683 -4.82387 50004.8 270683 -4.82392 -4.82393 270683 50004.8 -4.82386 270683 50004.8 50004.8 682885 -4.82336 50004.8 -220683 -4.82347 -4.82346 -220683 50004.8 -4.82338 -220683
903571 50004.8 50004.8 270683 -4.82697 50004.8 270683 -4.82706 -4.82708 270683 50004.8 -4.82695 270683 50004.8 50004.8 682887 -4.82745 50004.8 -220683 -4.82751 -4.8275 -220683 50004.8 -4.82747 -220683
903573 50004.8 50004.8 270683 -4.83059 50004.8 270683 -4.83069 -4.8307 270683 50004.8 -4.83058 270683 50004.8 50004.9 682889 -4.83108 50004.8 -220683 -4.83114 -4.83112 -220683 50004.8 -4.83109 -220683
903916 50004.9 50004.9 270684 -4.90911 50004.9 270684 -4.9091 -4.90911 270684 50004.9 -4.9091 270684 50004.9 50004.9 683231 -4.9091 50004.9 -220684 -4.9091 -4.90908 -220684 50004.9 -4.90911 -220684
903628 50004.9 50004.9 270684 -4.85064 50004.9 270683 -4.85128 -4.85059 270683 50004.8 -4.85137 270683 50004.9 50004.9 682944 -4.85141 50004.8 -220683 -4.85184 -4.85118 -220683 50004.8 -4.85203 -220683
