1 100000 100000 100000 -1.29603e-11 100000 100000 -5.45697e-12 -5.45697e-12 100000 100000 -7.7307e-12 100000 100000 100000 -5.00222e-12 -4.54747e-12 100000 -1.18234e-11 -3.63798e-12 3.63798e-12 3.63798e-12 100000 0 2.72848e-12
2 100000 100000 100000 4.09273e-11 100000 100000 1.09139e-11 2.72848e-11 100000 100000 2.47837e-11 100000 100000 100000 1.50067e-11 2.27374e-11 100000 9.09495e-12 1.09139e-11 -1.09139e-11 -3.63798e-12 100000 4.54747e-12 3.63798e-12
240399 100000 100000 178778 -0.118276 100000 178778 -0.118274 -0.118275 178778 100000 -0.118275 178778 100000 100000 161622 -0.118275 100000 -78777.6 -0.118274 -0.118273 -78777.6 100000 -0.118274 -78777.6
510640 100003 99997.7 235206 -7.56099 100003 235212 3.03859 -7.67434 235209 99997.7 3.10768 235203 100001 99998.3 375431 3.78533 100001 -135212 0.857974 3.79185 -135206 99998.3 0.898162 -135203
733776 100001 100000 279733 -0.238905 100001 279735 -0.724477 -0.848532 279734 100000 -0.115761 279732 99999.5 100000 554044 1.77278 99998.7 -179735 -0.93028 -0.867533 -179735 99999.4 1.7194 -179732
912839 99999.7 100002 315924 -1.94482 99999.8 315922 -2.00552 -1.93197 315927 100002 -1.94867 315929 99997.1 100002 696913 5.13726 99997.3 -215922 -1.96806 4.98487 -215925 100002 -1.88629 -215929
1.03227e+06 100002 100001 343332 -0.698257 100002 343334 -1.72037 -1.72297 343336 100001 -0.695649 343335 99999.8 100001 788934 2.61208 99998.6 -243333 -1.77153 -1.76843 -243336 99999.4 2.60953 -243334
1.13586e+06 100003 100002 364858 -1.86809 100003 364858 -1.86507 -1.86777 364859 100002 -1.86539 364859 100001 100001 870999 -1.86409 100001 -264858 -1.8642 -1.86091 -264860 100002 -1.86739 -264859
1.22173e+06 100004 100003 384502 -3.14999 100004 384503 -3.14804 -3.15054 384504 100004 -3.14748 384503 100002 100003 937227 -3.1438 100002 -284503 -3.1484 -3.14535 -284505 100003 -3.14686 -284503
1.26099e+06 100003 100002 399014 -2.29183 100003 399014 -2.29121 -2.29202 399016 100003 -2.29102 399015 100001 100002 961972 -2.28982 100002 -299015 -2.29137 -2.29034 -299016 100002 -2.29085 -299015
1.30515e+06 100003 100003 409310 -3.24537 100004 409309 -3.38053 -3.2397 409311 100003 -3.36766 409312 100002 100003 995845 -2.36997 100002 -309309 -3.25143 -2.41161 -309312 100003 -3.22815 -309312
1.35194e+06 100005 100005 420067 -4.5111 100005 420067 -4.51053 -4.51135 420069 100005 -4.51029 420068 100004 100004 1.03188e+06 -4.50935 100004 -320067 -4.51094 -4.51005 -320069 100005 -4.51023 -320069
1.40325e+06 100007 100006 431316 -6.42934 100007 431316 -6.42874 -6.42954 431317 100007 -6.42853 431317 100006 100006 1.07194e+06 -6.42725 100006 -331316 -6.42906 -6.42783 -331318 100007 -6.42849 -331317
1.45082e+06 100009 100009 443088 -8.75917 100009 443088 -8.8446 -8.8225 443090 100009 -8.84477 443089 100008 100009 1.10773e+06 -8.84361 100009 -343088 -8.82212 -8.84382 -343090 100009 -8.75842 -343089
1.44682e+06 100005 100005 446252 -5.05965 100005 446252 -5.05937 -5.05972 446254 100005 -5.05928 446253 100005 100005 1.10057e+06 -5.05877 100005 -346252 -5.05957 -5.05904 -346254 100005 -5.05932 -346253
1.45642e+06 100006 100005 449028 -5.41433 100006 449028 -5.42499 -5.39964 449029 100005 -5.43244 449029 100005 100005 1.10739e+06 -5.41702 100005 -349028 -5.43455 -5.41839 -349029 100006 -5.43935 -349029
1.46997e+06 100006 100006 451836 -6.06163 100006 451836 -6.06139 -6.06172 451837 100006 -6.06131 451837 100006 100006 1.11814e+06 -6.06091 100006 -351836 -6.06163 -6.06116 -351838 100006 -6.06138 -351837
1.48207e+06 100007 100007 454675 -6.6185 100007 454675 -6.61826 -6.61858 454676 100007 -6.61819 454676 100006 100007 1.1274e+06 -6.61782 100007 -354675 -6.61852 -6.61807 -354677 100007 -6.61828 -354676
1.49005e+06 100007 100007 457542 -6.459 100007 457542 -6.73297 -6.48821 457543 100007 -6.72263 457543 100006 100007 1.13251e+06 -6.73127 100006 -357542 -6.81782 -6.72867 -357544 100007 -6.81161 -357543
1.50378e+06 100008 100008 460448 -7.63755 100008 460448 -7.63506 -7.64138 460449 100008 -7.63133 460449 100007 100008 1.14333e+06 -7.63176 100008 -360448 -7.62816 -7.64482 -360449 100008 -7.61346 -360449
1.51895e+06 100009 100009 463387 -8.60964 100009 463387 -8.60945 -8.60971 463388 100009 -8.60938 463388 100008 100009 1.15557e+06 -8.60912 100009 -363387 -8.60977 -8.60936 -363388 100009 -8.60954 -363388
1.52987e+06 100009 100009 466356 -9.12912 100009 466356 -9.13933 -9.13957 466357 100009 -9.12888 466356 100009 100009 1.16352e+06 -9.10195 100009 -366356 -9.11981 -9.11943 -366357 100009 -9.10233 -366356
1.54256e+06 100010 100010 469361 -9.9568 100010 469361 -9.96736 -9.9676 469362 100010 -9.95657 469361 100010 100010 1.1732e+06 -9.92747 100010 -369361 -9.9461 -9.94574 -369362 100010 -9.92783 -369361
1.54948e+06 100009 100009 472388 -9.38118 100010 472389 -8.70779 -9.16416 472389 100009 -8.93401 472388 100009 100009 1.1771e+06 -9.51038 100009 -372389 -9.03104 -9.46235 -372389 100009 -9.0875 -372388
1.57025e+06 100012 100012 475480 -12.1959 100012 475480 -12.1959 -12.196 475480 100012 -12.1957 475480 100012 100012 1.19477e+06 -12.1955 100012 -375480 -12.1961 -12.1957 -375480 100012 -12.1959 -375480
1.58384e+06 100013 100013 478592 -13.2994 100013 478593 -13.2991 -13.2994 478593 100013 -13.2991 478592 100013 100013 1.20525e+06 -13.2991 100013 -378593 -13.2995 -13.2993 -378593 100013 -13.2993 -378592
1.57283e+06 100005 100005 481666 -4.82468 100005 481666 -4.83431 -4.8205 481667 100005 -4.83527 481666 100005 100005 1.19116e+06 -4.83233 100005 -381666 -4.84102 -4.8325 -381667 100005 -4.8417 -381666
1.58654e+06 100006 100005 484848 -5.48032 100006 484848 -5.48023 -5.48033 484849 100005 -5.48022 484848 100005 100005 1.2017e+06 -5.48023 100005 -384848 -5.48037 -5.4803 -384849 100006 -5.4803 -384848
1.60005e+06 100006 100006 488067 -6.04751 100006 488067 -6.04744 -6.04752 488068 100006 -6.04742 488067 100006 100006 1.21199e+06 -6.04744 100006 -388067 -6.04758 -6.04751 -388068 100006 -6.04751 -388067
1.61372e+06 100007 100007 491325 -6.67061 100007 491325 -6.67054 -6.67062 491325 100007 -6.67053 491325 100007 100007 1.2224e+06 -6.67055 100007 -391325 -6.67068 -6.67062 -391325 100007 -6.67061 -391325
1.62647e+06 100007 100007 494620 -7.11967 100007 494620 -7.12332 -7.12339 494620 100007 -7.1196 494620 100007 100007 1.23185e+06 -7.10316 100007 -394620 -7.11196 -7.11191 -394620 100007 -7.10322 -394620
1.64157e+06 100008 100008 497959 -8.10547 100008 497959 -8.10541 -8.10547 497959 100008 -8.1054 497959 100008 100008 1.24361e+06 -8.10544 100008 -397959 -8.10555 -8.1055 -397959 100008 -8.10549 -397959
1.6546e+06 100009 100009 501334 -8.62744 100009 501335 -8.62513 -8.62519 501335 100009 -8.62739 501335 100009 100009 1.25326e+06 -8.61322 100009 -401335 -8.60878 -8.60874 -401335 100009 -8.61325 -401335
1.66893e+06 100009 100009 504754 -9.49642 100010 504754 -9.49407 -9.49411 504754 100009 -9.49637 504754 100009 100009 1.26418e+06 -9.48187 100010 -404754 -9.47733 -9.4773 -404754 100010 -9.4819 -404754
1.67693e+06 100012 100012 506602 -11.6675 100012 506602 -11.6674 -11.6675 506602 100012 -11.6674 506602 100012 100012 1.27033e+06 -11.6674 100012 -406602 -11.6675 -11.6675 -406602 100012 -11.6675 -406602
1.67801e+06 100012 100012 506604 -11.8858 100012 506604 -11.8863 -11.8842 506604 100012 -11.8884 506604 100012 100012 1.27141e+06 -11.8847 100012 -406604 -11.8852 -11.8841 -406604 100012 -11.8848 -406604
1.68044e+06 100012 100012 506608 -12.3716 100012 506608 -12.3715 -12.3716 506608 100012 -12.3715 506608 100012 100012 1.27384e+06 -12.3716 100012 -406608 -12.3717 -12.3716 -406608 100012 -12.3716 -406608
1.68051e+06 100012 100012 506608 -12.3721 100012 506608 -12.372 -12.3721 506608 100012 -12.372 506608 100012 100012 1.2739e+06 -12.3721 100012 -406608 -12.3721 -12.3721 -406608 100012 -12.3721 -406608
1.68051e+06 100012 100012 506608 -12.3723 100012 506608 -12.3723 -12.3723 506608 100012 -12.3723 506608 100012 100012 1.2739e+06 -12.3723 100012 -406608 -12.3724 -12.3723 -406608 100012 -12.3723 -406608
1.68051e+06 100012 100012 506608 -12.3725 100012 506608 -12.3725 -12.3725 506608 100012 -12.3725 506608 100012 100012 1.2739e+06 -12.3725 100012 -406608 -12.3726 -12.3726 -406608 100012 -12.3726 -406608
1.67918e+06 100012 100012 506604 -11.9307 100012 506604 -11.9263 -11.9263 506604 100012 -11.9307 506604 100012 100012 1.27258e+06 -11.9455 100012 -406604 -11.9433 -11.9433 -406604 100012 -11.9455 -406604
1.67914e+06 100012 100012 506604 -11.9308 100012 506604 -11.9263 -11.9263 506604 100012 -11.9307 506604 100012 100012 1.27254e+06 -11.9455 100012 -406604 -11.9434 -11.9433 -406604 100012 -11.9455 -406604
1.6782e+06 100012 100012 506603 -11.8668 100012 506604 -11.8654 -11.8652 506604 100012 -11.8657 506604 100012 100012 1.27159e+06 -11.8657 100012 -406604 -11.8653 -11.8654 -406604 100012 -11.8668 -406604
1.67594e+06 100011 100011 506596 -10.9021 100011 506596 -10.8659 -10.9408 506596 100011 -10.8254 506596 100011 100011 1.26934e+06 -11.0076 100011 -406596 -10.9806 -11.0204 -406596 100011 -10.969 -406596
1.68039e+06 100012 100012 506608 -12.3732 100012 506608 -12.3732 -12.3732 506608 100012 -12.3732 506608 100012 100012 1.27378e+06 -12.3732 100012 -406608 -12.3732 -12.3732 -406608 100012 -12.3732 -406608
1.67922e+06 100012 100012 506604 -11.9421 100012 506604 -11.9506 -11.9506 506605 100012 -11.9421 506604 100012 100012 1.27262e+06 -11.9611 100012 -406604 -11.9646 -11.9646 -406604 100012 -11.9611 -406604
1.68048e+06 100012 100012 506608 -12.3745 100012 506608 -12.3745 -12.3745 506608 100012 -12.3745 506608 100012 100012 1.27387e+06 -12.3745 100012 -406608 -12.3745 -12.3745 -406608 100012 -12.3745 -406608
1.68051e+06 100012 100012 506608 -12.3751 100012 506608 -12.3751 -12.3751 506608 100012 -12.3751 506608 100012 100012 1.2739e+06 -12.3751 100012 -406608 -12.3752 -12.3752 -406608 100012 -12.3751 -406608
1.67918e+06 100012 100012 506604 -11.9334 100012 506604 -11.9289 -11.929 506604 100012 -11.9334 506604 100012 100012 1.27258e+06 -11.9481 100012 -406604 -11.946 -11.946 -406604 100012 -11.9482 -406604
1.67915e+06 100012 100012 506604 -11.9336 100012 506604 -11.9291 -11.9291 506604 100012 -11.9335 506604 100012 100012 1.27254e+06 -11.9483 100012 -406604 -11.9461 -11.9461 -406604 100012 -11.9483 -406604
1.67919e+06 100012 100012 506604 -11.9439 100012 506604 -11.9524 -11.9524 506604 100012 -11.9439 506604 100012 100012 1.27258e+06 -11.9628 100012 -406604 -11.9664 -11.9664 -406604 100012 -11.9628 -406604
1.6782e+06 100012 100012 506603 -11.8702 100012 506604 -11.8688 -11.8686 506604 100012 -11.8691 506604 100012 100012 1.2716e+06 -11.8691 100012 -406604 -11.8686 -11.8688 -406604 100012 -11.8702 -406604
1.68045e+06 100012 100012 506608 -12.3771 100012 506608 -12.3771 -12.3771 506608 100012 -12.3771 506608 100012 100012 1.27384e+06 -12.3771 100012 -406608 -12.3771 -12.3771 -406608 100012 -12.3771 -406608
1.6794e+06 100012 100012 506605 -11.9964 100012 506605 -12.0118 -11.9936 506605 100012 -12.0134 506605 100012 100012 1.27279e+06 -12.0101 100012 -406605 -12.0227 -12.0104 -406605 100012 -12.0234 -406605
1.67937e+06 100012 100012 506605 -12.0104 100012 506605 -12.0229 -12.0107 506605 100012 -12.0237 506605 100012 100012 1.27276e+06 -11.9967 100012 -406605 -12.0122 -11.9939 -406605 100012 -12.0138 -406605
1.68048e+06 100012 100012 506608 -12.3788 100012 506608 -12.3788 -12.3788 506608 100012 -12.3788 506608 100012 100012 1.27387e+06 -12.3788 100012 -406608 -12.3788 -12.3788 -406608 100012 -12.3788 -406608
1.6794e+06 100012 100012 506605 -11.998 100012 506605 -12.0135 -11.9952 506605 100012 -12.0151 506605 100012 100012 1.27279e+06 -12.0117 100012 -406605 -12.0243 -12.012 -406605 100012 -12.025 -406605
1.67915e+06 100012 100012 506604 -11.9377 100012 506604 -11.9333 -11.9333 506604 100012 -11.9377 506604 100012 100012 1.27255e+06 -11.9525 100012 -406604 -11.9503 -11.9503 -406604 100012 -11.9525 -406604
1.68048e+06 100012 100012 506608 -12.3806 100012 506608 -12.3806 -12.3806 506608 100012 -12.3806 506608 100012 100012 1.27387e+06 -12.3806 100012 -406608 -12.3806 -12.3806 -406608 100012 -12.3806 -406608
1.6794e+06 100012 100012 506605 -11.9999 100012 506605 -12.0153 -11.9971 506605 100012 -12.017 506605 100012 100012 1.27279e+06 -12.0136 100012 -406605 -12.0262 -12.0139 -406605 100012 -12.0269 -406605
1.67937e+06 100012 100012 506605 -12.0274 100012 506605 -12.0143 -12.0266 506605 100012 -12.0141 506605 100012 100012 1.27277e+06 -12.0174 100012 -406605 -11.9976 -12.0158 -406605 100012 -12.0003 -406605
1.67937e+06 100012 100012 506605 -12.0148 100012 506605 -12.0273 -12.0151 506605 100012 -12.0281 506605 100012 100012 1.27277e+06 -12.001 100012 -406605 -12.0165 -11.9983 -406605 100012 -12.0182 -406605
1.6792e+06 100012 100012 506604 -11.951 100012 506604 -11.9595 -11.9595 506605 100012 -11.951 506604 100012 100012 1.27259e+06 -11.9699 100012 -406604 -11.9735 -11.9734 -406605 100012 -11.9699 -406604
1.68048e+06 100012 100012 506608 -12.3842 100012 506608 -12.3842 -12.3842 506608 100012 -12.3842 506608 100012 100012 1.27387e+06 -12.3842 100012 -406608 -12.3843 -12.3842 -406608 100012 -12.3842 -406608
1.68052e+06 100012 100012 506608 -12.3853 100012 506608 -12.3853 -12.3853 506608 100012 -12.3853 506608 100012 100012 1.27391e+06 -12.3853 100012 -406608 -12.3853 -12.3853 -406608 100012 -12.3853 -406608
1.6794e+06 100012 100012 506605 -12.0181 100012 506605 -12.0306 -12.0183 506605 100012 -12.0314 506605 100012 100012 1.2728e+06 -12.0043 100012 -406605 -12.0198 -12.0016 -406605 100012 -12.0214 -406605
1.67827e+06 100012 100012 506604 -11.8993 100012 506604 -11.8993 -11.8993 506604 100012 -11.8993 506604 100012 100012 1.27166e+06 -11.8993 100012 -406604 -11.8993 -11.8993 -406604 100012 -11.8993 -406604
1.68046e+06 100012 100012 506608 -12.3876 100012 506608 -12.3876 -12.3876 506608 100012 -12.3876 506608 100012 100012 1.27385e+06 -12.3876 100012 -406608 -12.3876 -12.3876 -406608 100012 -12.3876 -406608
1.67811e+06 100012 100012 506604 -11.9054 100012 506604 -11.9012 -11.9033 506604 100012 -11.9028 506604 100012 100012 1.27151e+06 -11.9018 100012 -406604 -11.9011 -11.9021 -406604 100012 -11.9017 -406604
1.68045e+06 100012 100012 506608 -12.3895 100012 506608 -12.3895 -12.3895 506608 100012 -12.3895 506608 100012 100012 1.27385e+06 -12.3895 100012 -406608 -12.3895 -12.3895 -406608 100012 -12.3895 -406608
1.6794e+06 100012 100012 506605 -12.0088 100012 506605 -12.0243 -12.0061 506605 100012 -12.026 506605 100012 100012 1.2728e+06 -12.0226 100012 -406605 -12.0351 -12.0229 -406605 100012 -12.0359 -406605
1.67809e+06 100012 100012 506604 -11.9055 100012 506604 -11.9061 -11.9048 506604 100012 -11.9067 506604 100012 100012 1.27148e+06 -11.9062 100012 -406604 -11.9067 -11.9041 -406604 100012 -11.9091 -406604
1.67913e+06 100012 100012 506604 -11.9498 100012 506604 -11.9454 -11.9454 506604 100012 -11.9498 506604 100012 100012 1.27252e+06 -11.9646 100012 -406604 -11.9624 -11.9624 -406604 100012 -11.9646 -406604
1.67937e+06 100012 100012 506605 -12.0288 100012 506605 -12.0089 -12.0271 506605 100012 -12.0117 506605 100012 100012 1.27276e+06 -12.0387 100012 -406605 -12.0257 -12.038 -406605 100012 -12.0254 -406605
1.68049e+06 100012 100012 506608 -12.3948 100012 506608 -12.3948 -12.3948 506608 100012 -12.3948 506608 100012 100012 1.27388e+06 -12.3948 100012 -406608 -12.3948 -12.3948 -406608 100012 -12.3948 -406608
1.68052e+06 100012 100012 506608 -12.3962 100012 506608 -12.3962 -12.3962 506608 100012 -12.3962 506608 100012 100012 1.27391e+06 -12.3962 100012 -406608 -12.3962 -12.3962 -406608 100012 -12.3962 -406608
1.67923e+06 100012 100012 506604 -11.9834 100012 506605 -11.9869 -11.9869 506605 100012 -11.9834 506605 100012 100012 1.27263e+06 -11.9644 100012 -406605 -11.973 -11.9729 -406605 100012 -11.9644 -406605
1.68049e+06 100012 100012 506608 -12.3983 100012 506608 -12.3983 -12.3983 506608 100012 -12.3983 506608 100012 100012 1.27388e+06 -12.3983 100012 -406608 -12.3984 -12.3984 -406608 100012 -12.3983 -406608
1.67919e+06 100012 100012 506604 -11.9569 100012 506604 -11.9525 -11.9525 506604 100012 -11.9569 506604 100012 100012 1.27259e+06 -11.9717 100012 -406604 -11.9695 -11.9695 -406604 100012 -11.9717 -406604
1.67938e+06 100012 100012 506605 -12.0458 100012 506605 -12.0327 -12.045 506605 100012 -12.0325 506605 100012 100012 1.27277e+06 -12.0358 100012 -406605 -12.016 -12.0342 -406605 100012 -12.0187 -406605
1.67921e+06 100012 100012 506605 -11.9692 100012 506605 -11.9777 -11.9777 506605 100012 -11.9692 506605 100012 100012 1.2726e+06 -11.9881 100012 -406605 -11.9917 -11.9917 -406605 100012 -11.9881 -406605
1.67916e+06 100012 100012 506604 -11.9606 100012 506604 -11.9561 -11.9561 506604 100012 -11.9606 506604 100012 100012 1.27256e+06 -11.9753 100012 -406604 -11.9731 -11.9731 -406604 100012 -11.9753 -406604
1.67461e+06 100010 100010 506591 -10.2693 100010 506591 -10.3183 -10.3183 506591 100010 -10.2693 506591 100010 100010 1.26802e+06 -10.4721 100010 -406591 -10.4875 -10.4875 -406591 100010 -10.4721 -406591
1.68037e+06 100012 100012 506608 -12.4056 100012 506608 -12.4056 -12.4056 506608 100012 -12.4056 506608 100012 100012 1.27376e+06 -12.4055 100012 -406608 -12.4056 -12.4056 -406608 100012 -12.4055 -406608
1.67941e+06 100012 100012 506605 -12.043 100012 506605 -12.023 -12.0413 506605 100012 -12.0258 506605 100012 100012 1.27281e+06 -12.0529 100012 -406605 -12.0399 -12.0521 -406605 100012 -12.0396 -406605
1.6805e+06 100012 100012 506608 -12.4095 100012 506608 -12.4095 -12.4095 506608 100012 -12.4095 506608 100012 100012 1.27389e+06 -12.4095 100012 -406608 -12.4095 -12.4095 -406608 100012 -12.4095 -406608
1.67813e+06 100012 100012 506604 -11.9246 100012 506604 -11.9252 -11.9239 506604 100012 -11.9258 506604 100012 100012 1.27152e+06 -11.9253 100012 -406604 -11.9258 -11.9232 -406604 100012 -11.9282 -406604
1.67935e+06 100012 100012 506605 -12.0473 100012 506605 -12.0274 -12.0456 506605 100012 -12.0301 506605 100012 100012 1.27275e+06 -12.0572 100012 -406605 -12.0442 -12.0565 -406605 100012 -12.0439 -406605
1.67939e+06 100012 100012 506605 -12.0456 100012 506605 -12.0581 -12.0458 506605 100012 -12.0589 506605 100012 100012 1.27278e+06 -12.0318 100012 -406605 -12.0473 -12.0291 -406605 100012 -12.0489 -406605
1.67863e+06 100012 100012 506604 -11.8986 100012 506604 -11.8989 -11.8989 506604 100012 -11.8986 506604 100012 100012 1.27202e+06 -11.9029 100012 -406604 -11.904 -11.904 -406604 100012 -11.9029 -406604
1.67597e+06 100011 100011 506596 -10.906 100011 506596 -10.9409 -10.866 506596 100011 -10.9799 506596 100011 100011 1.26938e+06 -11.0214 100011 -406596 -11.0461 -11.0087 -406596 100011 -11.0593 -406596
1.67912e+06 100012 100012 506605 -11.9854 100012 506605 -11.9938 -11.9939 506605 100012 -11.9853 506605 100012 100012 1.27252e+06 -12.0043 100012 -406605 -12.0078 -12.0078 -406605 100012 -12.0043 -406605
1.6805e+06 100012 100012 506608 -12.4213 100012 506608 -12.4213 -12.4213 506608 100012 -12.4213 506608 100012 100012 1.27389e+06 -12.4213 100012 -406608 -12.4214 -12.4214 -406608 100012 -12.4213 -406608
1.67739e+06 100011 100011 506600 -11.5225 100011 506600 -11.4851 -11.524 506600 100011 -11.4828 506600 100012 100011 1.27079e+06 -11.4916 100012 -406600 -11.4265 -11.4922 -406600 100011 -11.4269 -406600
1.67934e+06 100012 100012 506605 -12.042 100012 506605 -12.0575 -12.0392 506605 100012 -12.0591 506605 100012 100012 1.27273e+06 -12.0557 100012 -406605 -12.0683 -12.056 -406605 100012 -12.0691 -406605
1.67789e+06 100012 100012 506604 -11.9382 100012 506604 -11.9382 -11.9382 506604 100012 -11.9382 506604 100012 100012 1.27129e+06 -11.9382 100012 -406604 -11.9382 -11.9383 -406604 100012 -11.9382 -406604
1.67918e+06 100012 100012 506605 -12.0141 100012 506605 -12.0176 -12.0176 506605 100012 -12.0141 506605 100012 100012 1.27258e+06 -11.9951 100012 -406605 -12.0037 -12.0037 -406605 100012 -11.9951 -406605
1.67939e+06 100012 100012 506605 -12.0653 100012 506605 -12.0453 -12.0636 506605 100012 -12.0481 506605 100012 100012 1.27279e+06 -12.0752 100012 -406605 -12.0622 -12.0745 -406605 100012 -12.0619 -406605
1.6794e+06 100012 100012 506605 -12.0639 100012 506605 -12.0765 -12.0642 506605 100012 -12.0773 506605 100012 100012 1.27279e+06 -12.0502 100012 -406605 -12.0657 -12.0474 -406605 100012 -12.0673 -406605
1.67864e+06 100012 100012 506604 -11.9172 100012 506604 -11.9176 -11.9176 506604 100012 -11.9172 506604 100012 100012 1.27203e+06 -11.9216 100012 -406604 -11.9226 -11.9226 -406604 100012 -11.9216 -406604
1.68049e+06 100012 100012 506608 -12.4375 100012 506608 -12.4375 -12.4375 506608 100012 -12.4375 506608 100012 100012 1.27388e+06 -12.4375 100012 -406608 -12.4375 -12.4375 -406608 100012 -12.4375 -406608
1.67943e+06 100012 100012 506605 -12.0739 100012 506605 -12.054 -12.0723 506605 100012 -12.0568 506605 100012 100012 1.27282e+06 -12.0839 100012 -406605 -12.0708 -12.0831 -406605 100012 -12.0705 -406605
1.67919e+06 100012 100012 506605 -12.0126 100012 506605 -12.0104 -12.0104 506605 100012 -12.0126 506605 100012 100012 1.27258e+06 -11.9978 100012 -406605 -11.9934 -11.9934 -406605 100012 -11.9978 -406605
1.67922e+06 100012 100012 506605 -12.029 100012 506605 -12.0325 -12.0325 506605 100012 -12.029 506605 100012 100012 1.27262e+06 -12.01 100012 -406605 -12.0185 -12.0185 -406605 100012 -12.01 -406605
1.68051e+06 100012 100012 506608 -12.4468 100012 506608 -12.4468 -12.4468 506609 100012 -12.4468 506608 100012 100012 1.27391e+06 -12.4468 100012 -406609 -12.4468 -12.4468 -406609 100012 -12.4468 -406608
1.67944e+06 100012 100012 506605 -12.0831 100012 506605 -12.0632 -12.0815 506605 100012 -12.066 506605 100012 100012 1.27283e+06 -12.0931 100012 -406605 -12.08 -12.0923 -406605 100012 -12.0797 -406605
1.67941e+06 100012 100012 506605 -12.0682 100012 506605 -12.0837 -12.0654 506605 100012 -12.0853 506605 100012 100012 1.2728e+06 -12.0819 100012 -406605 -12.0945 -12.0822 -406605 100012 -12.0953 -406605
1.67919e+06 100012 100012 506605 -12.0096 100012 506605 -12.0052 -12.0052 506605 100012 -12.0096 506605 100012 100012 1.27259e+06 -12.0244 100012 -406605 -12.0222 -12.0222 -406605 100012 -12.0244 -406605
1.67919e+06 100012 100012 506605 -12.0269 100012 506605 -12.0247 -12.0247 506605 100012 -12.0269 506605 100012 100012 1.27258e+06 -12.0121 100012 -406605 -12.0077 -12.0077 -406605 100012 -12.0121 -406605
1.67923e+06 100012 100012 506605 -12.0246 100012 506605 -12.0331 -12.0331 506605 100012 -12.0246 506605 100012 100012 1.27263e+06 -12.0436 100012 -406605 -12.0471 -12.0471 -406605 100012 -12.0436 -406605
1.6783e+06 100012 100012 506604 -11.9721 100012 506604 -11.9721 -11.9721 506605 100012 -11.9721 506604 100012 100012 1.2717e+06 -11.9721 100012 -406604 -11.9721 -11.9721 -406605 100012 -11.9721 -406604
1.67938e+06 100012 100012 506605 -12.0947 100012 506605 -12.1073 -12.095 506606 100012 -12.1081 506606 100012 100012 1.27278e+06 -12.081 100012 -406605 -12.0965 -12.0782 -406606 100012 -12.0981 -406606
1.6792e+06 100012 100012 506605 -12.0227 100012 506605 -12.0182 -12.0182 506605 100012 -12.0226 506605 100012 100012 1.27259e+06 -12.0375 100012 -406605 -12.0353 -12.0353 -406605 100012 -12.0375 -406605
1.68053e+06 100012 100012 506609 -12.4705 100012 506609 -12.4705 -12.4705 506609 100012 -12.4705 506609 100012 100012 1.27392e+06 -12.4705 100012 -406609 -12.4705 -12.4705 -406609 100012 -12.4705 -406609
1.68056e+06 100012 100012 506609 -12.4737 100012 506609 -12.4737 -12.4737 506609 100012 -12.4737 506609 100012 100012 1.27395e+06 -12.4737 100012 -406609 -12.4737 -12.4737 -406609 100012 -12.4737 -406609
1.68056e+06 100012 100012 506609 -12.4767 100012 506609 -12.4767 -12.4767 506609 100012 -12.4767 506609 100012 100012 1.27396e+06 -12.4767 100012 -406609 -12.4767 -12.4767 -406609 100012 -12.4767 -406609
1.67816e+06 100012 100012 506605 -11.9932 100012 506605 -11.989 -11.9911 506605 100012 -11.9905 506605 100012 100012 1.27156e+06 -11.9895 100012 -406605 -11.9888 -11.9898 -406605 100012 -11.9894 -406605
1.67855e+06 100012 100012 506604 -11.8738 100012 506604 -11.856 -11.8779 506604 100012 -11.8499 506604 100012 100012 1.27195e+06 -11.8929 100012 -406604 -11.8827 -11.895 -406604 100012 -11.8813 -406604
1.68052e+06 100012 100012 506609 -12.4856 100012 506609 -12.4856 -12.4856 506609 100012 -12.4856 506609 100012 100012 1.27391e+06 -12.4856 100012 -406609 -12.4856 -12.4856 -406609 100012 -12.4856 -406609
1.68057e+06 100012 100012 506609 -12.4891 100012 506609 -12.4891 -12.4891 506609 100012 -12.4891 506609 100012 100012 1.27396e+06 -12.4891 100012 -406609 -12.4891 -12.4891 -406609 100012 -12.4891 -406609
1.68057e+06 100012 100012 506609 -12.4924 100012 506609 -12.4924 -12.4924 506609 100012 -12.4924 506609 100012 100012 1.27396e+06 -12.4924 100012 -406609 -12.4924 -12.4924 -406609 100012 -12.4924 -406609
1.67946e+06 100012 100012 506606 -12.1248 100012 506606 -12.1373 -12.125 506606 100012 -12.1381 506606 100012 100012 1.27285e+06 -12.111 100012 -406606 -12.1265 -12.1082 -406606 100012 -12.1281 -406606
1.68055e+06 100012 100012 506609 -12.4988 100012 506609 -12.4988 -12.4988 506609 100012 -12.4988 506609 100012 100012 1.27394e+06 -12.4988 100013 -406609 -12.4988 -12.4989 -406609 100013 -12.4988 -406609
1.67946e+06 100012 100012 506606 -12.1314 100012 506606 -12.144 -12.1317 506606 100012 -12.1447 506606 100012 100012 1.27286e+06 -12.1176 100012 -406606 -12.1331 -12.1148 -406606 100012 -12.1348 -406606
1.68055e+06 100013 100013 506609 -12.5058 100013 506609 -12.5058 -12.5058 506609 100013 -12.5058 506609 100013 100013 1.27394e+06 -12.5058 100013 -406609 -12.5058 -12.5058 -406609 100013 -12.5058 -406609
1.67607e+06 100011 100011 506597 -11.13 100011 506597 -11.1028 -11.1428 506597 100011 -11.0912 506597 100011 100011 1.26947e+06 -11.0241 100011 -406597 -10.9877 -11.0628 -406597 100011 -10.9471 -406597
1.67913e+06 100012 100012 506605 -12.0807 100012 506605 -12.0785 -12.0784 506605 100012 -12.0807 506605 100012 100012 1.27253e+06 -12.0658 100012 -406605 -12.0614 -12.0614 -406605 100012 -12.0659 -406605
1.67794e+06 100012 100012 506605 -12.0246 100012 506605 -12.0246 -12.0246 506605 100012 -12.0246 506605 100012 100012 1.27133e+06 -12.0246 100012 -406605 -12.0246 -12.0246 -406605 100012 -12.0246 -406605
1.6779e+06 100012 100012 506605 -12.0282 100012 506605 -12.0282 -12.0282 506605 100012 -12.0282 506605 100012 100012 1.2713e+06 -12.0282 100012 -406605 -12.0282 -12.0282 -406605 100012 -12.0282 -406605
1.68052e+06 100013 100013 506609 -12.5241 100013 506609 -12.5241 -12.5241 506609 100013 -12.5241 506609 100013 100013 1.27391e+06 -12.5241 100013 -406609 -12.5241 -12.5241 -406609 100013 -12.5241 -406609
1.67926e+06 100012 100012 506605 -12.0962 100012 506605 -12.0939 -12.0939 506605 100012 -12.0961 506605 100012 100012 1.27265e+06 -12.0813 100012 -406605 -12.0769 -12.0769 -406605 100012 -12.0813 -406605
1.67794e+06 100012 100012 506605 -12.0394 100012 506605 -12.0394 -12.0394 506605 100012 -12.0394 506605 100012 100012 1.27134e+06 -12.0394 100012 -406605 -12.0394 -12.0394 -406605 100012 -12.0394 -406605
1.67941e+06 100012 100012 506606 -12.1501 100012 506606 -12.1657 -12.1474 506606 100012 -12.1673 506606 100012 100012 1.27281e+06 -12.1639 100012 -406606 -12.1765 -12.1642 -406606 100012 -12.1773 -406606
1.68057e+06 100013 100013 506609 -12.5401 100013 506609 -12.5401 -12.5401 506609 100013 -12.5401 506609 100013 100013 1.27396e+06 -12.5401 100013 -406609 -12.5401 -12.5401 -406609 100013 -12.5401 -406609
1.6806e+06 100013 100013 506609 -12.5444 100013 506609 -12.5444 -12.5444 506609 100013 -12.5444 506609 100013 100013 1.27399e+06 -12.5444 100013 -406609 -12.5444 -12.5444 -406609 100013 -12.5444 -406609
1.67931e+06 100012 100012 506606 -12.1111 100012 506606 -12.1196 -12.1196 506606 100012 -12.1111 506606 100012 100012 1.27271e+06 -12.1301 100012 -406606 -12.1336 -12.1336 -406606 100012 -12.1301 -406606
1.67928e+06 100012 100012 506606 -12.115 100012 506606 -12.1235 -12.1235 506606 100012 -12.115 506606 100012 100012 1.27268e+06 -12.134 100012 -406606 -12.1375 -12.1375 -406606 100012 -12.134 -406606
1.67817e+06 100012 100012 506605 -12.0659 100012 506605 -12.0664 -12.0638 506605 100012 -12.0688 506605 100012 100012 1.27156e+06 -12.0652 100012 -406605 -12.0658 -12.0645 -406605 100012 -12.0664 -406605
1.67943e+06 100012 100012 506606 -12.1921 100012 506606 -12.1721 -12.1904 506606 100012 -12.1749 506606 100012 100012 1.27282e+06 -12.2021 100012 -406606 -12.189 -12.2013 -406606 100012 -12.1887 -406606
1.68058e+06 100013 100013 506609 -12.5659 100013 506610 -12.5659 -12.5659 506610 100013 -12.5659 506609 100013 100013 1.27397e+06 -12.5659 100013 -406610 -12.5659 -12.5659 -406610 100013 -12.5659 -406609
1.67928e+06 100012 100012 506606 -12.1372 100012 506606 -12.135 -12.135 506606 100012 -12.1372 506606 100012 100012 1.27268e+06 -12.1224 100012 -406606 -12.1179 -12.1179 -406606 100012 -12.1224 -406606
1.67947e+06 100012 100012 506606 -12.2154 100012 506606 -12.2023 -12.2146 506606 100012 -12.202 506606 100012 100012 1.27286e+06 -12.2054 100012 -406606 -12.1854 -12.2038 -406606 100012 -12.1882 -406606
1.68059e+06 100013 100013 506610 -12.5798 100013 506610 -12.5798 -12.5798 506610 100013 -12.5798 506610 100013 100013 1.27398e+06 -12.5797 100013 -406610 -12.5798 -12.5798 -406610 100013 -12.5798 -406610
1.67951e+06 100012 100012 506606 -12.2115 100012 506606 -12.2241 -12.2117 506607 100012 -12.2248 506607 100012 100012 1.2729e+06 -12.1976 100012 -406606 -12.2132 -12.1949 -406607 100012 -12.2148 -406607
1.68059e+06 100013 100013 506610 -12.5893 100013 506610 -12.5893 -12.5893 506610 100013 -12.5893 506610 100013 100013 1.27398e+06 -12.5893 100013 -406610 -12.5893 -12.5894 -406610 100013 -12.5893 -406610
1.68063e+06 100013 100013 506610 -12.5945 100013 506610 -12.5945 -12.5945 506610 100013 -12.5945 506610 100013 100013 1.27402e+06 -12.5945 100013 -406610 -12.5945 -12.5945 -406610 100013 -12.5945 -406610
1.67934e+06 100012 100012 506606 -12.1794 100012 506606 -12.183 -12.183 506606 100012 -12.1794 506606 100012 100012 1.27273e+06 -12.1604 100012 -406606 -12.1689 -12.1689 -406606 100012 -12.1604 -406606
1.6806e+06 100013 100013 506610 -12.6043 100013 506610 -12.6043 -12.6043 506610 100013 -12.6043 506610 100013 100013 1.27399e+06 -12.6043 100013 -406610 -12.6043 -12.6043 -406610 100013 -12.6043 -406610
1.67952e+06 100012 100012 506607 -12.2219 100012 506607 -12.2374 -12.2191 506607 100012 -12.2391 506607 100012 100012 1.27291e+06 -12.2357 100012 -406607 -12.2483 -12.236 -406607 100012 -12.2491 -406607
1.67949e+06 100012 100012 506607 -12.2267 100012 506607 -12.2423 -12.2239 506607 100012 -12.244 506607 100012 100012 1.27289e+06 -12.2405 100012 -406607 -12.2532 -12.2408 -406607 100012 -12.2539 -406607
1.67928e+06 100012 100012 506606 -12.1849 100012 506606 -12.1827 -12.1827 506606 100012 -12.1849 506606 100012 100012 1.27267e+06 -12.17 100012 -406606 -12.1656 -12.1656 -406606 100012 -12.17 -406606
1.67597e+06 100011 100011 506597 -11.2277 100011 506598 -11.1735 -11.2149 506598 100011 -11.1873 506597 100011 100011 1.26937e+06 -11.1476 100011 -406598 -11.0296 -11.1084 -406597 100011 -11.0701 -406597
1.68052e+06 100013 100013 506610 -12.63 100013 506610 -12.63 -12.63 506610 100013 -12.63 506610 100013 100013 1.27391e+06 -12.63 100013 -406610 -12.6301 -12.6301 -406610 100013 -12.6301 -406610
1.67936e+06 100012 100012 506606 -12.1962 100012 506607 -12.2048 -12.2048 506606 100012 -12.1962 506606 100012 100012 1.27275e+06 -12.2153 100012 -406607 -12.2188 -12.2188 -406607 100012 -12.2153 -406606
1.67447e+06 100011 100010 506592 -10.6237 100011 506592 -10.5751 -10.6255 506592 100010 -10.5758 506592 100011 100010 1.26788e+06 -10.4521 100011 -406592 -10.3557 -10.452 -406592 100010 -10.3532 -406592
1.68049e+06 100013 100013 506610 -12.6464 100013 506610 -12.6464 -12.6464 506610 100013 -12.6464 506610 100013 100013 1.27388e+06 -12.6464 100013 -406610 -12.6464 -12.6464 -406610 100013 -12.6464 -406610
1.68065e+06 100013 100013 506610 -12.6534 100013 506610 -12.6534 -12.6534 506610 100013 -12.6534 506610 100013 100013 1.27404e+06 -12.6534 100013 -406610 -12.6534 -12.6534 -406610 100013 -12.6534 -406610
1.67955e+06 100012 100012 506607 -12.2874 100012 506607 -12.2674 -12.2858 506607 100012 -12.2702 506607 100012 100012 1.27294e+06 -12.2974 100012 -406607 -12.2843 -12.2967 -406607 100012 -12.284 -406607
1.67952e+06 100012 100012 506607 -12.293 100012 506607 -12.2729 -12.2913 506607 100012 -12.2757 506607 100012 100012 1.27291e+06 -12.303 100012 -406607 -12.2898 -12.3022 -406607 100012 -12.2895 -406607
1.68064e+06 100013 100013 506610 -12.6709 100013 506610 -12.6709 -12.6709 506610 100013 -12.6709 506610 100013 100013 1.27403e+06 -12.6709 100013 -406610 -12.6709 -12.6709 -406610 100013 -12.6709 -406610
1.67934e+06 100012 100012 506607 -12.2405 100012 506607 -12.2382 -12.2383 506607 100012 -12.2405 506607 100012 100012 1.27273e+06 -12.2256 100012 -406607 -12.2211 -12.2211 -406607 100012 -12.2255 -406607
1.68064e+06 100013 100013 506610 -12.6831 100013 506611 -12.6831 -12.6831 506610 100013 -12.6831 506610 100013 100013 1.27403e+06 -12.6831 100013 -406611 -12.6831 -12.6831 -406610 100013 -12.6831 -406610
1.67956e+06 100012 100012 506607 -12.2997 100012 506607 -12.3153 -12.2969 506607 100012 -12.317 506607 100012 100012 1.27295e+06 -12.3136 100012 -406607 -12.3262 -12.3138 -406607 100012 -12.327 -406607
1.67858e+06 100012 100012 506607 -12.248 100012 506607 -12.2337 -12.2439 506607 100012 -12.238 506607 100012 100012 1.27197e+06 -12.248 100012 -406607 -12.2337 -12.2439 -406607 100012 -12.238 -406607
1.68063e+06 100013 100013 506611 -12.7021 100013 506611 -12.7021 -12.7021 506611 100013 -12.7021 506611 100013 100013 1.27402e+06 -12.7021 100013 -406611 -12.7021 -12.7021 -406611 100013 -12.7021 -406611
1.68069e+06 100013 100013 506611 -12.7088 100013 506611 -12.7088 -12.7088 506611 100013 -12.7088 506611 100013 100013 1.27407e+06 -12.7088 100013 -406611 -12.7088 -12.7088 -406611 100013 -12.7088 -406611
1.67957e+06 100012 100012 506608 -12.3248 100012 506608 -12.3404 -12.322 506608 100012 -12.3421 506608 100012 100012 1.27297e+06 -12.3387 100012 -406608 -12.3514 -12.339 -406608 100012 -12.3521 -406608
1.67826e+06 100012 100012 506607 -12.2243 100012 506607 -12.225 -12.2236 506607 100012 -12.2256 506607 100012 100012 1.27165e+06 -12.225 100012 -406607 -12.2255 -12.2229 -406607 100012 -12.228 -406607
1.68063e+06 100013 100013 506611 -12.7285 100013 506611 -12.7285 -12.7285 506611 100013 -12.7285 506611 100013 100013 1.27402e+06 -12.7285 100013 -406611 -12.7285 -12.7285 -406611 100013 -12.7285 -406611
1.6807e+06 100013 100013 506611 -12.7357 100013 506611 -12.7357 -12.7357 506611 100013 -12.7357 506611 100013 100013 1.27409e+06 -12.7357 100013 -406611 -12.7357 -12.7357 -406611 100013 -12.7357 -406611
1.6807e+06 100013 100013 506611 -12.7426 100013 506611 -12.7426 -12.7426 506611 100013 -12.7426 506611 100013 100013 1.27409e+06 -12.7426 100013 -406611 -12.7426 -12.7426 -406611 100013 -12.7426 -406611
1.68071e+06 100013 100013 506611 -12.7496 100013 506611 -12.7496 -12.7496 506611 100013 -12.7496 506611 100013 100013 1.2741e+06 -12.7496 100013 -406611 -12.7496 -12.7496 -406611 100013 -12.7496 -406611
1.6796e+06 100012 100012 506608 -12.365 100012 506608 -12.3807 -12.3622 506608 100012 -12.3823 506608 100012 100012 1.27299e+06 -12.3789 100012 -406608 -12.3916 -12.3792 -406608 100012 -12.3924 -406608
1.68069e+06 100013 100013 506611 -12.7637 100013 506611 -12.7637 -12.7637 506611 100013 -12.7637 506611 100013 100013 1.27407e+06 -12.7637 100013 -406611 -12.7637 -12.7637 -406611 100013 -12.7637 -406611
1.68072e+06 100013 100013 506611 -12.7712 100013 506611 -12.7712 -12.7712 506611 100013 -12.7712 506611 100013 100013 1.27411e+06 -12.7712 100013 -406611 -12.7712 -12.7712 -406611 100013 -12.7712 -406611
1.68072e+06 100013 100013 506611 -12.7786 100013 506611 -12.7786 -12.7786 506611 100013 -12.7786 506611 100013 100013 1.27411e+06 -12.7786 100013 -406611 -12.7786 -12.7786 -406611 100013 -12.7786 -406611
1.67961e+06 100012 100012 506608 -12.3936 100012 506608 -12.4092 -12.3908 506608 100012 -12.4109 506608 100012 100012 1.273e+06 -12.4075 100012 -406608 -12.4202 -12.4077 -406608 100012 -12.4209 -406608
1.67958e+06 100012 100012 506608 -12.4007 100012 506608 -12.4164 -12.3979 506608 100012 -12.418 506608 100012 100012 1.27298e+06 -12.4146 100012 -406608 -12.4273 -12.4149 -406608 100012 -12.4281 -406608
1.6807e+06 100013 100013 506611 -12.801 100013 506611 -12.801 -12.801 506611 100013 -12.801 506612 100013 100013 1.27409e+06 -12.801 100013 -406611 -12.801 -12.801 -406611 100013 -12.801 -406612
1.67962e+06 100012 100012 506608 -12.4298 100012 506608 -12.4425 -12.4301 506608 100012 -12.4433 506608 100012 100012 1.27301e+06 -12.4159 100012 -406608 -12.4316 -12.4131 -406608 100012 -12.4332 -406608
1.68071e+06 100013 100013 506612 -12.8166 100013 506612 -12.8166 -12.8166 506612 100013 -12.8166 506612 100013 100013 1.2741e+06 -12.8166 100013 -406612 -12.8166 -12.8166 -406612 100013 -12.8166 -406612
1.68075e+06 100013 100013 506612 -12.8248 100013 506612 -12.8248 -12.8248 506612 100013 -12.8248 506612 100013 100013 1.27413e+06 -12.8248 100013 -406612 -12.8248 -12.8248 -406612 100013 -12.8248 -406612
1.67963e+06 100012 100012 506609 -12.4564 100012 506609 -12.4363 -12.4548 506609 100012 -12.4391 506609 100012 100012 1.27303e+06 -12.4665 100012 -406609 -12.4533 -12.4657 -406609 100012 -12.453 -406609
1.67906e+06 100012 100012 506608 -12.3321 100012 506608 -12.3224 -12.3307 506608 100012 -12.3242 506608 100012 100012 1.27245e+06 -12.341 100012 -406608 -12.3351 -12.3404 -406608 100012 -12.3358 -406608
1.6796e+06 100012 100012 506609 -12.4821 100012 506609 -12.4689 -12.4814 506609 100012 -12.4687 506609 100012 100012 1.27299e+06 -12.4721 100012 -406609 -12.452 -12.4704 -406609 100012 -12.4547 -406609
1.68073e+06 100013 100013 506612 -12.8573 100013 506612 -12.8573 -12.8573 506612 100013 -12.8573 506612 100013 100013 1.27412e+06 -12.8573 100013 -406612 -12.8573 -12.8573 -406612 100013 -12.8573 -406612
1.67948e+06 100012 100012 506608 -12.438 100012 506608 -12.4415 -12.4415 506608 100012 -12.438 506608 100012 100012 1.27287e+06 -12.4188 100012 -406608 -12.4273 -12.4273 -406608 100012 -12.4188 -406608
1.68074e+06 100013 100013 506612 -12.8742 100013 506612 -12.8742 -12.8742 506612 100013 -12.8742 506612 100013 100013 1.27413e+06 -12.8742 100013 -406612 -12.8742 -12.8742 -406612 100013 -12.8742 -406612
1.68078e+06 100013 100013 506612 -12.8831 100013 506612 -12.8831 -12.8831 506612 100013 -12.8831 506612 100013 100013 1.27416e+06 -12.8831 100013 -406612 -12.8831 -12.8831 -406612 100013 -12.8831 -406612
1.68078e+06 100013 100013 506612 -12.8918 100013 506612 -12.8918 -12.8918 506612 100013 -12.8918 506612 100013 100013 1.27417e+06 -12.8918 100013 -406612 -12.8918 -12.8918 -406612 100013 -12.8918 -406612
1.67967e+06 100013 100013 506609 -12.5191 100013 506609 -12.5318 -12.5193 506609 100013 -12.5326 506609 100013 100013 1.27306e+06 -12.5051 100013 -406609 -12.5208 -12.5023 -406609 100013 -12.5225 -406609
1.67888e+06 100012 100012 506608 -12.3737 100012 506608 -12.3741 -12.3741 506608 100012 -12.3737 506608 100012 100012 1.27228e+06 -12.3782 100012 -406608 -12.3792 -12.3792 -406608 100012 -12.3782 -406608
1.68075e+06 100013 100013 506612 -12.9183 100013 506612 -12.9183 -12.9183 506612 100013 -12.9183 506612 100013 100013 1.27413e+06 -12.9183 100013 -406612 -12.9183 -12.9183 -406612 100013 -12.9183 -406612
1.6808e+06 100013 100013 506613 -12.9278 100013 506613 -12.9278 -12.9278 506613 100013 -12.9278 506613 100013 100013 1.27419e+06 -12.9278 100013 -406613 -12.9278 -12.9278 -406613 100013 -12.9278 -406613
1.67969e+06 100013 100013 506609 -12.5405 100013 506609 -12.5562 -12.5377 506609 100013 -12.5579 506609 100013 100013 1.27308e+06 -12.5545 100013 -406609 -12.5672 -12.5547 -406609 100013 -12.568 -406609
1.68078e+06 100013 100013 506613 -12.9461 100013 506613 -12.9461 -12.9461 506613 100013 -12.9461 506613 100013 100013 1.27417e+06 -12.9461 100013 -406613 -12.9461 -12.9461 -406613 100013 -12.9461 -406613
1.6797e+06 100013 100013 506610 -12.5863 100013 506610 -12.5731 -12.5855 506610 100013 -12.5728 506610 100013 100013 1.27309e+06 -12.5762 100013 -406610 -12.556 -12.5745 -406610 100013 -12.5588 -406610
1.67967e+06 100013 100013 506610 -12.5679 100013 506610 -12.5836 -12.5651 506610 100013 -12.5853 506610 100013 100013 1.27306e+06 -12.5819 100013 -406610 -12.5946 -12.5821 -406610 100013 -12.5954 -406610
1.67968e+06 100013 100013 506610 -12.5947 100013 506610 -12.5745 -12.593 506610 100013 -12.5773 506610 100013 100013 1.27307e+06 -12.6048 100013 -406610 -12.5915 -12.6041 -406610 100013 -12.5913 -406610
1.67873e+06 100013 100013 506609 -12.5176 100013 506609 -12.5236 -12.5134 506609 100013 -12.5277 506609 100013 100013 1.27212e+06 -12.5176 100013 -406609 -12.5236 -12.5134 -406609 100013 -12.5277 -406609
1.68078e+06 100013 100013 506613 -12.9944 100013 506613 -12.9944 -12.9944 506613 100013 -12.9944 506613 100013 100013 1.27417e+06 -12.9944 100013 -406613 -12.9944 -12.9944 -406613 100013 -12.9944 -406613
1.67972e+06 100013 100013 506610 -12.6064 100013 506610 -12.6221 -12.6036 506610 100013 -12.6238 506610 100013 100013 1.27311e+06 -12.6204 100013 -406610 -12.6332 -12.6207 -406610 100013 -12.6339 -406610
