1 25000 25000 25000 3.97904e-13 25000 25000 6.82121e-13 -2.27374e-13 25000 25000 -1.19371e-12 25000 25000 25000 -5.11591e-13 0 25000 -9.09495e-13 9.09495e-13 0 9.09495e-13 25000 -1.36424e-12 2.50111e-12
2 25000 25000 25000 -1.36424e-12 25000 25000 -3.41061e-12 1.13687e-12 25000 25000 -5.11591e-13 25000 25000 25000 -8.52651e-13 -1.36424e-12 25000 -2.04636e-12 -9.09495e-13 -9.09495e-13 -9.09495e-13 25000 2.27374e-12 1.13687e-12
79013.3 25000 25000 49929.1 -0.0436199 25000 49929.1 -0.0436198 -0.0436199 49929.1 25000 -0.0436199 49929.1 25000 25000 54084.2 -0.0436199 25000 -24929.1 -0.0436199 -0.0436199 -24929.1 25000 -0.0436199 -24929.1
164413 24999.4 25000 68232.7 0.0458639 24999.5 68228.1 2.05504 1.24434 68227.9 25000.1 0.82866 68230.3 24998.7 25000.1 121183 -2.81317 25000.3 -43229.2 0.727808 3.5961 -43228.4 25001.7 -5.58553 -43231.4
235154 25000.1 24999.9 83010.4 -0.156126 24999.9 83009.4 -0.12783 -0.142718 83009 24999.7 -0.141671 83010.2 25000.7 25000.9 177143 -0.18524 24999.9 -58009.3 -0.129806 -0.0996075 -58008.6 25000.1 -0.21395 -58010.1
295065 25000.4 25000.2 94861.8 -0.35164 25000.2 94860.6 -0.349727 -0.350411 94860.1 25000 -0.350956 94861.4 25000.8 25000.9 225203 -0.353233 25000.1 -69860.6 -0.351244 -0.349034 -69859.8 25000.3 -0.355443 -69861.4
338153 25000.4 25000.3 104714 -0.37763 25000.2 104713 -0.37718 -0.37736 104712 25000.1 -0.377449 104713 25000.7 25000.9 258439 -0.377937 25000.2 -79712.5 -0.377437 -0.37698 -79711.7 25000.3 -0.378395 -79713.2
371966 25000.5 25000.4 112062 -0.493877 25000.4 112061 -0.493259 -0.493495 112060 25000.2 -0.49364 112062 25000.8 25000.9 284903 -0.494342 25000.3 -87061 -0.493668 -0.493002 -87060.2 25000.4 -0.495008 -87061.6
395913 25001.4 25000.4 118760 -0.884365 25001.4 118760 -0.259988 -0.597966 118757 25000.4 -0.597121 118757 25001.7 25000.8 302153 -2.22522 25001.3 -93759.9 -0.555504 -2.16352 -93757.7 25000.4 -0.605773 -93757
413784 25000.6 25000.7 123399 -0.798827 25000.5 123398 -0.833809 -0.797129 123397 25000.6 -0.830322 123398 25001 25001.2 315384 -0.557531 25000.6 -98398.3 -0.800569 -0.568435 -98397 25000.8 -0.794778 -98398
435922 25001.3 25001.2 128337 -1.31363 25001.2 128336 -1.31329 -1.31347 128335 25001.1 -1.31345 128336 25001.6 25001.7 332585 -1.31402 25001.2 -103336 -1.31347 -1.31352 -103335 25001.2 -1.31397 -103335
456151 25003.4 25003.4 133200 -3.41916 25003.3 133199 -3.40783 -3.41572 133198 25003.3 -3.41108 133199 25003.6 25003.7 347951 -3.41122 25003.3 -108199 -3.40804 -3.41022 -108198 25003.3 -3.40944 -108199
458434 25001.4 25001.4 135123 -1.41521 25001.3 135123 -1.41503 -1.41511 135121 25001.3 -1.41513 135122 25001.6 25001.7 348311 -1.41574 25001.3 -110122 -1.41716 -1.41715 -110121 25001.3 -1.41576 -110122
466905 25001.7 25001.7 137111 -1.73133 25001.6 137110 -1.73666 -1.73154 137109 25001.6 -1.73826 137110 25001.9 25002 354794 -1.7298 25001.6 -112110 -1.73337 -1.7252 -112109 25001.7 -1.73585 -112110
476073 25002.2 25002.1 139148 -2.16485 25002.1 139148 -2.1647 -2.16478 139147 25002.1 -2.16477 139147 25002.3 25002.4 361925 -2.16497 25002 -114148 -2.16474 -2.16473 -114147 25002.1 -2.16499 -114147
481779 25002 25001.9 141232 -1.82112 25001.9 141231 -1.80445 -1.80451 141230 25001.9 -1.82106 141231 25002.1 25002.1 365548 -2.08775 25001.8 -116231 -2.08377 -2.08376 -116231 25001.9 -2.08776 -116231
491774 25002.7 25002.6 143376 -2.74016 25002.6 143375 -2.69146 -2.72268 143374 25002.6 -2.70918 143375 25002.8 25002.9 373399 -2.64826 25002.6 -118375 -2.64304 -2.58314 -118374 25002.6 -2.7068 -118375
502699 25003.8 25003.8 145577 -3.7843 25003.7 145577 -3.79185 -3.78372 145576 25003.7 -3.79307 145577 25003.9 25004 382121 -3.77659 25003.7 -120577 -3.78419 -3.77269 -120576 25003.7 -3.78723 -120577
505732 25001.6 25001.6 147811 -1.63169 25001.6 147810 -1.63164 -1.63167 147810 25001.6 -1.63166 147810 25001.8 25001.8 382921 -1.63174 25001.5 -122810 -1.63165 -1.63164 -122810 25001.6 -1.63174 -122810
515231 25002 25002 150123 -2.03157 25002 150123 -2.03152 -2.03155 150122 25002 -2.03155 150123 25002.2 25002.2 390107 -2.03161 25001.9 -125123 -2.03152 -2.03152 -125122 25002 -2.03162 -125123
524567 25002.4 25002.4 152497 -2.40343 25002.4 152497 -2.40644 -2.40335 152496 25002.3 -2.40638 152497 25002.5 25002.5 397070 -2.39617 25002.3 -127497 -2.40167 -2.39592 -127496 25002.3 -2.40174 -127497
527334 25003.7 25003.7 152744 -3.72021 25003.7 152743 -3.71948 -3.71951 152743 25003.7 -3.72018 152743 25003.8 25003.8 399590 -3.71578 25003.6 -127743 -3.71433 -3.71433 -127743 25003.7 -3.71579 -127743
527478 25003.8 25003.7 152744 -3.73563 25003.7 152744 -3.73417 -3.7342 152743 25003.7 -3.7356 152743 25003.8 25003.8 399734 -3.74029 25003.7 -127744 -3.73948 -3.73948 -127743 25003.7 -3.7403 -127743
527898 25003.9 25003.9 152745 -3.87463 25003.9 152745 -3.87458 -3.8746 152744 25003.8 -3.8746 152745 25003.9 25004 400153 -3.87467 25003.8 -127745 -3.87456 -3.87456 -127744 25003.8 -3.87468 -127745
527493 25003.8 25003.7 152744 -3.74038 25003.7 152744 -3.73962 -3.73965 152743 25003.7 -3.74035 152743 25003.8 25003.8 399749 -3.7358 25003.7 -127744 -3.73429 -3.73428 -127743 25003.7 -3.73581 -127743
527899 25003.9 25003.9 152745 -3.87468 25003.9 152745 -3.87462 -3.87465 152744 25003.8 -3.87465 152745 25003.9 25004 400153 -3.87472 25003.8 -127745 -3.87461 -3.87461 -127744 25003.8 -3.87473 -127745
527909 25003.9 25003.9 152745 -3.87478 25003.9 152745 -3.87473 -3.87476 152744 25003.8 -3.87476 152745 25003.9 25003.9 400164 -3.87482 25003.8 -127745 -3.87472 -3.87471 -127744 25003.8 -3.87483 -127745
527910 25003.9 25003.9 152745 -3.87481 25003.9 152745 -3.87476 -3.87479 152744 25003.9 -3.87479 152745 25003.9 25003.9 400165 -3.87485 25003.8 -127745 -3.87475 -3.87474 -127744 25003.8 -3.87486 -127745
527493 25003.8 25003.7 152744 -3.73587 25003.7 152744 -3.73442 -3.73444 152743 25003.7 -3.73585 152743 25003.8 25003.8 399749 -3.74052 25003.7 -127744 -3.73973 -3.73972 -127743 25003.7 -3.74053 -127743
527482 25003.7 25003.7 152744 -3.74044 25003.7 152744 -3.73971 -3.73972 152743 25003.7 -3.74043 152743 25003.8 25003.8 399738 -3.73586 25003.7 -127744 -3.73437 -3.73436 -127743 25003.7 -3.73587 -127743
526688 25003.5 25003.5 152742 -3.48161 25003.5 152741 -3.50857 -3.48173 152741 25003.5 -3.50841 152742 25003.5 25003.6 398946 -3.49086 25003.4 -127741 -3.51388 -3.49127 -127741 25003.5 -3.51352 -127742
527877 25003.9 25003.9 152745 -3.87475 25003.9 152745 -3.87471 -3.87473 152744 25003.9 -3.87473 152745 25003.9 25003.9 400132 -3.87478 25003.8 -127745 -3.87469 -3.87469 -127744 25003.8 -3.87479 -127745
527909 25003.9 25003.9 152745 -3.87501 25003.9 152745 -3.87498 -3.87499 152744 25003.9 -3.875 152745 25003.9 25003.9 400164 -3.87504 25003.8 -127745 -3.87496 -3.87495 -127744 25003.8 -3.87505 -127745
527910 25003.9 25003.9 152745 -3.87506 25003.9 152745 -3.87503 -3.87504 152744 25003.9 -3.87505 152745 25003.9 25003.9 400165 -3.87509 25003.8 -127745 -3.87501 -3.875 -127744 25003.8 -3.8751 -127745
527148 25003.7 25003.7 152744 -3.71834 25003.7 152743 -3.71766 -3.71814 152743 25003.7 -3.71789 152743 25003.8 25003.8 399404 -3.71921 25003.7 -127743 -3.71748 -3.71839 -127743 25003.7 -3.71821 -127743
527890 25003.9 25003.9 152745 -3.87509 25003.9 152745 -3.87506 -3.87507 152744 25003.9 -3.87508 152745 25003.9 25003.9 400145 -3.87512 25003.8 -127745 -3.87504 -3.87503 -127744 25003.8 -3.87513 -127745
527384 25003.7 25003.7 152744 -3.71961 25003.7 152743 -3.7211 -3.71939 152743 25003.7 -3.72132 152743 25003.8 25003.8 399641 -3.71603 25003.7 -127743 -3.718 -3.71538 -127743 25003.7 -3.71853 -127743
527547 25003.8 25003.8 152744 -3.75937 25003.8 152744 -3.76326 -3.75944 152743 25003.7 -3.76351 152744 25003.8 25003.8 399803 -3.75506 25003.7 -127744 -3.75985 -3.75414 -127743 25003.7 -3.76043 -127744
527138 25003.7 25003.7 152744 -3.71938 25003.7 152743 -3.7177 -3.71863 152743 25003.7 -3.71836 152743 25003.8 25003.8 399394 -3.71856 25003.7 -127743 -3.71784 -3.7183 -127743 25003.7 -3.71813 -127743
527473 25003.7 25003.7 152744 -3.73638 25003.7 152744 -3.73496 -3.73496 152743 25003.7 -3.73638 152744 25003.8 25003.8 399729 -3.74102 25003.7 -127744 -3.74026 -3.74025 -127743 25003.7 -3.74103 -127744
527549 25003.8 25003.8 152744 -3.75961 25003.8 152744 -3.76351 -3.75969 152743 25003.8 -3.76375 152744 25003.8 25003.8 399805 -3.7553 25003.7 -127744 -3.7601 -3.75439 -127743 25003.7 -3.76067 -127744
527901 25003.9 25003.9 152745 -3.87557 25003.9 152745 -3.87555 -3.87556 152744 25003.9 -3.87557 152745 25003.9 25003.9 400156 -3.8756 25003.8 -127745 -3.87553 -3.87553 -127744 25003.8 -3.87561 -127745
527910 25003.9 25003.9 152745 -3.87574 25003.9 152745 -3.87572 -3.87572 152744 25003.9 -3.87573 152745 25003.9 25003.9 400165 -3.87576 25003.8 -127745 -3.8757 -3.87569 -127744 25003.8 -3.87577 -127745
527147 25003.7 25003.7 152744 -3.71823 25003.7 152743 -3.71841 -3.71802 152743 25003.7 -3.71833 152743 25003.8 25003.8 399403 -3.71866 25003.7 -127743 -3.71888 -3.71812 -127743 25003.7 -3.71959 -127743
527487 25003.8 25003.7 152744 -3.73983 25003.7 152744 -3.74246 -3.74247 152743 25003.7 -3.73982 152744 25003.8 25003.8 399743 -3.74578 25003.7 -127744 -3.74681 -3.7468 -127743 25003.7 -3.74579 -127744
527483 25003.7 25003.7 152744 -3.73697 25003.7 152744 -3.73555 -3.73555 152743 25003.7 -3.73696 152744 25003.8 25003.8 399739 -3.74161 25003.7 -127744 -3.74085 -3.74084 -127743 25003.7 -3.74161 -127744
527550 25003.8 25003.8 152744 -3.76022 25003.8 152744 -3.76412 -3.7603 152743 25003.8 -3.76436 152744 25003.8 25003.8 399806 -3.75591 25003.7 -127744 -3.76071 -3.755 -127743 25003.7 -3.76128 -127744
527901 25003.9 25003.9 152745 -3.87623 25003.9 152745 -3.87622 -3.87623 152744 25003.9 -3.87623 152745 25003.9 25003.9 400156 -3.87626 25003.8 -127745 -3.8762 -3.8762 -127744 25003.8 -3.87626 -127745
527507 25003.8 25003.7 152744 -3.74039 25003.7 152744 -3.74302 -3.74303 152743 25003.7 -3.74039 152744 25003.8 25003.8 399763 -3.74634 25003.7 -127744 -3.74738 -3.74737 -127743 25003.7 -3.74635 -127744
527496 25003.8 25003.7 152744 -3.74045 25003.7 152744 -3.74308 -3.74309 152743 25003.7 -3.74045 152744 25003.8 25003.8 399753 -3.7464 25003.7 -127744 -3.74744 -3.74743 -127743 25003.7 -3.74641 -127744
527550 25003.8 25003.8 152744 -3.75642 25003.8 152744 -3.76126 -3.75557 152743 25003.8 -3.76177 152744 25003.8 25003.8 399806 -3.76077 25003.7 -127744 -3.76464 -3.7608 -127744 25003.7 -3.76493 -127744
527310 25003.7 25003.7 152743 -3.71213 25003.7 152743 -3.71223 -3.71224 152743 25003.7 -3.71212 152743 25003.7 25003.7 399566 -3.71381 25003.7 -127743 -3.71407 -3.71407 -127743 25003.7 -3.71381 -127743
527895 25003.9 25003.9 152745 -3.87693 25003.9 152745 -3.87692 -3.87693 152744 25003.9 -3.87693 152745 25003.9 25003.9 400150 -3.87695 25003.8 -127745 -3.87691 -3.8769 -127744 25003.8 -3.87696 -127745
527911 25003.9 25003.9 152745 -3.87719 25003.9 152745 -3.87718 -3.87719 152744 25003.9 -3.87719 152745 25003.9 25003.9 400166 -3.87721 25003.8 -127745 -3.87717 -3.87716 -127744 25003.9 -3.87722 -127745
527911 25003.9 25003.9 152745 -3.87737 25003.9 152745 -3.87736 -3.87736 152744 25003.9 -3.87736 152745 25003.9 25003.9 400166 -3.87739 25003.8 -127745 -3.87734 -3.87734 -127745 25003.9 -3.87739 -127745
527204 25003.7 25003.7 152744 -3.71902 25003.7 152743 -3.71902 -3.71902 152743 25003.7 -3.71902 152743 25003.7 25003.8 399461 -3.71904 25003.7 -127743 -3.719 -3.71899 -127743 25003.7 -3.71905 -127743
527893 25003.9 25003.9 152745 -3.87765 25003.9 152745 -3.87764 -3.87764 152745 25003.9 -3.87764 152745 25003.9 25003.9 400148 -3.87767 25003.8 -127745 -3.87762 -3.87762 -127745 25003.9 -3.87767 -127745
527911 25003.9 25003.9 152745 -3.87794 25003.9 152745 -3.87793 -3.87793 152745 25003.9 -3.87793 152745 25003.9 25003.9 400166 -3.87795 25003.8 -127745 -3.87791 -3.87791 -127745 25003.9 -3.87796 -127745
527562 25003.8 25003.8 152744 -3.76636 25003.8 152744 -3.76229 -3.76613 152744 25003.8 -3.76221 152744 25003.8 25003.8 399818 -3.76326 25003.7 -127744 -3.75701 -3.76271 -127744 25003.7 -3.7579 -127744
527902 25003.9 25003.9 152745 -3.87829 25003.9 152745 -3.87828 -3.87829 152745 25003.9 -3.87829 152745 25003.9 25003.9 400157 -3.87831 25003.9 -127745 -3.87827 -3.87826 -127745 25003.9 -3.87831 -127745
527320 25003.7 25003.7 152743 -3.7155 25003.7 152743 -3.7158 -3.71581 152743 25003.7 -3.71549 152743 25003.7 25003.7 399576 -3.71385 25003.7 -127743 -3.71393 -3.71393 -127743 25003.7 -3.71386 -127743
527896 25003.9 25003.9 152745 -3.87872 25003.9 152745 -3.87871 -3.87871 152745 25003.9 -3.87871 152745 25003.9 25003.9 400151 -3.87873 25003.9 -127745 -3.87869 -3.87869 -127745 25003.9 -3.87874 -127745
527912 25003.9 25003.9 152745 -3.87905 25003.9 152745 -3.87904 -3.87905 152745 25003.9 -3.87904 152745 25003.9 25003.9 400167 -3.87906 25003.9 -127745 -3.87903 -3.87902 -127745 25003.9 -3.87907 -127745
527912 25003.9 25003.9 152745 -3.8793 25003.9 152745 -3.87929 -3.87929 152745 25003.9 -3.87929 152745 25003.9 25003.9 400167 -3.87931 25003.9 -127745 -3.87928 -3.87927 -127745 25003.9 -3.87932 -127745
527563 25003.8 25003.8 152744 -3.76359 25003.8 152744 -3.7675 -3.76367 152744 25003.8 -3.76773 152744 25003.8 25003.8 399819 -3.75927 25003.7 -127744 -3.76409 -3.75839 -127744 25003.7 -3.76463 -127744
527499 25003.8 25003.7 152744 -3.74361 25003.7 152744 -3.74625 -3.74626 152743 25003.7 -3.74361 152744 25003.8 25003.8 399756 -3.74956 25003.7 -127744 -3.75061 -3.75061 -127743 25003.7 -3.74956 -127744
527498 25003.7 25003.7 152744 -3.7498 25003.7 152744 -3.75089 -3.75089 152743 25003.7 -3.7498 152744 25003.8 25003.8 399754 -3.74388 25003.7 -127744 -3.7465 -3.74649 -127743 25003.7 -3.74389 -127744
527902 25003.9 25003.9 152745 -3.88031 25003.9 152745 -3.8803 -3.88031 152745 25003.9 -3.8803 152745 25003.9 25003.9 400157 -3.88032 25003.9 -127745 -3.88029 -3.88029 -127745 25003.9 -3.88033 -127745
527082 25003.7 25003.7 152743 -3.72204 25003.7 152743 -3.72204 -3.72204 152743 25003.7 -3.72204 152743 25003.7 25003.7 399338 -3.72205 25003.7 -127743 -3.72202 -3.72202 -127743 25003.7 -3.72206 -127743
527475 25003.7 25003.7 152744 -3.74634 25003.7 152744 -3.74564 -3.74564 152743 25003.7 -3.74634 152744 25003.8 25003.8 399731 -3.74174 25003.7 -127744 -3.7403 -3.7403 -127743 25003.7 -3.74174 -127744
527901 25003.9 25003.9 152745 -3.88122 25003.9 152745 -3.88122 -3.88122 152745 25003.9 -3.88122 152745 25003.9 25003.9 400157 -3.88123 25003.9 -127745 -3.8812 -3.8812 -127745 25003.9 -3.88124 -127745
527913 25003.9 25003.9 152745 -3.88162 25003.9 152745 -3.88162 -3.88162 152745 25003.9 -3.88162 152745 25003.9 25003.9 400168 -3.88164 25003.9 -127745 -3.88161 -3.8816 -127745 25003.9 -3.88164 -127745
527497 25003.7 25003.7 152744 -3.74738 25003.7 152744 -3.74668 -3.74668 152743 25003.7 -3.74738 152744 25003.8 25003.8 399753 -3.74277 25003.7 -127744 -3.74134 -3.74134 -127743 25003.7 -3.74278 -127744
527903 25003.9 25003.9 152745 -3.88223 25003.9 152745 -3.88223 -3.88223 152745 25003.9 -3.88223 152745 25003.9 25003.9 400158 -3.88224 25003.9 -127745 -3.88221 -3.88221 -127745 25003.9 -3.88224 -127745
527497 25003.7 25003.7 152744 -3.74344 25003.7 152744 -3.74203 -3.74204 152743 25003.7 -3.74344 152744 25003.8 25003.8 399753 -3.74807 25003.7 -127744 -3.74735 -3.74734 -127743 25003.7 -3.74808 -127744
527903 25003.9 25003.9 152745 -3.88296 25003.9 152745 -3.88295 -3.88296 152745 25003.9 -3.88295 152745 25003.9 25003.9 400158 -3.88297 25003.9 -127745 -3.88294 -3.88294 -127745 25003.9 -3.88297 -127745
527914 25003.9 25003.9 152745 -3.88341 25003.9 152745 -3.88341 -3.88341 152745 25003.9 -3.88341 152745 25003.9 25003.9 400169 -3.88342 25003.9 -127745 -3.8834 -3.8834 -127745 25003.9 -3.88343 -127745
527914 25003.9 25003.9 152745 -3.8838 25003.9 152745 -3.8838 -3.8838 152745 25003.9 -3.8838 152745 25003.9 25003.9 400170 -3.88381 25003.9 -127745 -3.88379 -3.88379 -127745 25003.9 -3.88382 -127745
527915 25003.9 25003.9 152745 -3.8842 25003.9 152745 -3.8842 -3.8842 152745 25003.9 -3.8842 152745 25003.9 25003.9 400170 -3.88422 25003.9 -127745 -3.88419 -3.88419 -127745 25003.9 -3.88422 -127745
527259 25003.7 25003.7 152744 -3.74296 25003.7 152744 -3.73846 -3.74172 152743 25003.7 -3.73975 152744 25003.8 25003.8 399515 -3.74297 25003.7 -127744 -3.73845 -3.74171 -127743 25003.7 -3.73976 -127744
527898 25003.9 25003.9 152745 -3.88496 25003.9 152745 -3.88496 -3.88496 152745 25003.9 -3.88496 152745 25003.9 25003.9 400153 -3.88497 25003.9 -127745 -3.88495 -3.88495 -127745 25003.9 -3.88497 -127745
527915 25003.9 25003.9 152745 -3.88548 25003.9 152745 -3.88548 -3.88548 152745 25003.9 -3.88548 152745 25003.9 25003.9 400170 -3.88549 25003.9 -127745 -3.88547 -3.88547 -127745 25003.9 -3.88549 -127745
527512 25003.8 25003.8 152744 -3.75553 25003.8 152744 -3.75662 -3.75662 152744 25003.8 -3.75553 152744 25003.8 25003.8 399768 -3.74961 25003.7 -127744 -3.75223 -3.75223 -127744 25003.7 -3.74961 -127744
527556 25003.8 25003.8 152744 -3.76583 25003.8 152744 -3.77069 -3.76499 152744 25003.8 -3.77119 152744 25003.8 25003.8 399812 -3.77018 25003.8 -127744 -3.77408 -3.77024 -127744 25003.8 -3.77433 -127744
527143 25003.7 25003.7 152744 -3.7289 25003.7 152743 -3.7286 -3.72899 152743 25003.7 -3.72879 152743 25003.7 25003.7 399400 -3.73013 25003.7 -127743 -3.72872 -3.72947 -127743 25003.7 -3.72922 -127743
527896 25003.9 25003.9 152745 -3.88726 25003.9 152745 -3.88726 -3.88726 152745 25003.9 -3.88726 152745 25003.9 25003.9 400151 -3.88727 25003.9 -127745 -3.88725 -3.88725 -127745 25003.9 -3.88727 -127745
526492 25003.4 25003.4 152741 -3.45683 25003.4 152741 -3.44121 -3.45277 152741 25003.4 -3.44511 152741 25003.5 25003.4 398751 -3.4323 25003.4 -127741 -3.39725 -3.42032 -127741 25003.4 -3.40956 -127741
527354 25003.7 25003.7 152744 -3.732 25003.7 152743 -3.73351 -3.7318 152743 25003.7 -3.73372 152743 25003.7 25003.7 399610 -3.7284 25003.7 -127743 -3.73043 -3.72781 -127743 25003.7 -3.73089 -127743
527902 25003.9 25003.9 152745 -3.8888 25003.9 152745 -3.8888 -3.8888 152745 25003.9 -3.88879 152745 25003.9 25003.9 400157 -3.8888 25003.9 -127745 -3.88878 -3.88878 -127745 25003.9 -3.8888 -127745
527513 25003.8 25003.8 152744 -3.75299 25003.8 152744 -3.75563 -3.75563 152744 25003.8 -3.75299 152744 25003.8 25003.8 399770 -3.75893 25003.7 -127744 -3.76 -3.76 -127744 25003.7 -3.75893 -127744
527315 25003.7 25003.7 152743 -3.72473 25003.7 152743 -3.72485 -3.72485 152743 25003.7 -3.72473 152743 25003.7 25003.7 399572 -3.7264 25003.7 -127743 -3.72669 -3.72669 -127743 25003.7 -3.7264 -127743
527498 25003.8 25003.8 152744 -3.75991 25003.8 152744 -3.761 -3.761 152744 25003.8 -3.75991 152744 25003.8 25003.8 399755 -3.75398 25003.7 -127744 -3.75661 -3.75661 -127744 25003.7 -3.75398 -127744
527907 25003.9 25003.9 152745 -3.89104 25003.9 152745 -3.89104 -3.89104 152745 25003.9 -3.89104 152745 25003.9 25003.9 400162 -3.89105 25003.9 -127745 -3.89103 -3.89103 -127745 25003.9 -3.89105 -127745
527918 25003.9 25003.9 152745 -3.89171 25003.9 152745 -3.89171 -3.89171 152745 25003.9 -3.89171 152745 25003.9 25003.9 400174 -3.89172 25003.9 -127745 -3.8917 -3.8917 -127745 25003.9 -3.89172 -127745
527515 25003.8 25003.8 152744 -3.76173 25003.8 152744 -3.76282 -3.76282 152744 25003.8 -3.76173 152744 25003.8 25003.8 399772 -3.7558 25003.7 -127744 -3.75843 -3.75843 -127744 25003.7 -3.7558 -127744
527909 25003.9 25003.9 152745 -3.89286 25003.9 152745 -3.89286 -3.89286 152745 25003.9 -3.89286 152745 25003.9 25003.9 400164 -3.89287 25003.9 -127745 -3.89285 -3.89285 -127745 25003.9 -3.89287 -127745
527919 25003.9 25003.9 152745 -3.89357 25003.9 152745 -3.89357 -3.89357 152745 25003.9 -3.89357 152745 25003.9 25003.9 400174 -3.89358 25003.9 -127745 -3.89356 -3.89356 -127745 25003.9 -3.89358 -127745
527920 25003.9 25003.9 152745 -3.89422 25003.9 152745 -3.89422 -3.89422 152745 25003.9 -3.89422 152745 25003.9 25003.9 400175 -3.89423 25003.9 -127745 -3.89421 -3.89421 -127745 25003.9 -3.89423 -127745
527157 25003.7 25003.7 152744 -3.7367 25003.7 152744 -3.7364 -3.73679 152743 25003.7 -3.73659 152743 25003.7 25003.7 399413 -3.73793 25003.7 -127744 -3.73652 -3.73727 -127743 25003.7 -3.73701 -127743
527901 25003.9 25003.9 152745 -3.89548 25003.9 152745 -3.89548 -3.89548 152745 25003.9 -3.89547 152745 25003.9 25003.9 400156 -3.89548 25003.9 -127745 -3.89547 -3.89547 -127745 25003.9 -3.89548 -127745
527264 25003.8 25003.7 152744 -3.75422 25003.8 152744 -3.74972 -3.75298 152744 25003.8 -3.751 152744 25003.8 25003.8 399521 -3.75423 25003.7 -127744 -3.74971 -3.75297 -127744 25003.7 -3.75101 -127744
527500 25003.8 25003.8 152744 -3.76616 25003.8 152744 -3.76725 -3.76725 152744 25003.8 -3.76616 152744 25003.8 25003.8 399757 -3.76023 25003.8 -127744 -3.76286 -3.76286 -127744 25003.8 -3.76023 -127744
527507 25003.8 25003.8 152744 -3.76687 25003.8 152744 -3.76796 -3.76796 152744 25003.8 -3.76687 152744 25003.8 25003.8 399763 -3.76094 25003.8 -127744 -3.76357 -3.76357 -127744 25003.8 -3.76094 -127744
527911 25003.9 25003.9 152745 -3.89836 25003.9 152745 -3.89836 -3.89836 152745 25003.9 -3.89836 152745 25003.9 25003.9 400166 -3.89836 25003.9 -127745 -3.89835 -3.89835 -127745 25003.9 -3.89836 -127745
527519 25003.8 25003.8 152744 -3.7684 25003.8 152744 -3.76949 -3.76949 152744 25003.8 -3.7684 152744 25003.8 25003.8 399775 -3.76246 25003.8 -127744 -3.76509 -3.76509 -127744 25003.8 -3.76246 -127744
527563 25003.8 25003.8 152744 -3.78754 25003.8 152744 -3.78346 -3.78731 152744 25003.8 -3.78338 152744 25003.8 25003.8 399819 -3.78441 25003.8 -127744 -3.77818 -3.7839 -127744 25003.8 -3.77904 -127744
527564 25003.8 25003.8 152744 -3.78518 25003.8 152744 -3.77897 -3.78468 152744 25003.8 -3.77981 152744 25003.8 25003.8 399820 -3.78832 25003.8 -127744 -3.78423 -3.78807 -127744 25003.8 -3.78416 -127744
527565 25003.8 25003.8 152744 -3.78597 25003.8 152744 -3.77975 -3.78547 152744 25003.8 -3.78059 152744 25003.8 25003.8 399821 -3.7891 25003.8 -127744 -3.78501 -3.78886 -127744 25003.8 -3.78494 -127744
527084 25003.7 25003.7 152744 -3.74288 25003.7 152744 -3.74289 -3.74289 152744 25003.7 -3.74288 152744 25003.7 25003.7 399340 -3.74289 25003.7 -127744 -3.74288 -3.74288 -127744 25003.7 -3.74289 -127744
527140 25003.7 25003.7 152744 -3.74618 25003.7 152744 -3.74452 -3.74544 152744 25003.7 -3.74517 152744 25003.8 25003.8 399396 -3.74534 25003.7 -127744 -3.74467 -3.74515 -127744 25003.7 -3.7449 -127744
527313 25003.7 25003.7 152744 -3.73828 25003.7 152744 -3.73839 -3.73839 152743 25003.7 -3.73828 152744 25003.7 25003.7 399569 -3.73995 25003.7 -127744 -3.74025 -3.74025 -127743 25003.7 -3.73995 -127744
527493 25003.8 25003.8 152744 -3.76492 25003.8 152744 -3.76351 -3.76351 152744 25003.8 -3.76492 152744 25003.8 25003.8 399749 -3.76955 25003.8 -127744 -3.76884 -3.76884 -127744 25003.8 -3.76955 -127744
525983 25003.2 25003.3 152739 -3.19395 25003.2 152739 -3.22428 -3.19469 152739 25003.3 -3.22431 152739 25003.2 25003.3 398244 -3.26223 25003.2 -127739 -3.2776 -3.26202 -127739 25003.2 -3.27705 -127739
527875 25003.9 25003.9 152745 -3.90636 25003.9 152745 -3.90635 -3.90636 152745 25003.9 -3.90635 152745 25003.9 25003.9 400130 -3.90635 25003.9 -127745 -3.90634 -3.90634 -127745 25003.9 -3.90635 -127745
527522 25003.8 25003.8 152744 -3.77065 25003.8 152744 -3.7733 -3.7733 152744 25003.8 -3.77065 152744 25003.8 25003.8 399778 -3.77661 25003.8 -127744 -3.77769 -3.77769 -127744 25003.8 -3.77661 -127744
527567 25003.8 25003.8 152744 -3.79594 25003.8 152744 -3.79186 -3.79571 152744 25003.8 -3.79178 152744 25003.8 25003.8 399823 -3.79282 25003.8 -127744 -3.78659 -3.7923 -127744 25003.8 -3.78744 -127744
527918 25003.9 25003.9 152745 -3.90948 25003.9 152745 -3.90948 -3.90948 152745 25003.9 -3.90948 152745 25003.9 25003.9 400173 -3.90949 25003.9 -127745 -3.90948 -3.90948 -127745 25003.9 -3.90949 -127745
527165 25003.7 25003.7 152744 -3.75166 25003.8 152744 -3.75186 -3.75147 152744 25003.8 -3.75177 152744 25003.8 25003.8 399421 -3.75209 25003.7 -127744 -3.75235 -3.7516 -127744 25003.7 -3.75301 -127744
527909 25003.9 25003.9 152745 -3.91143 25003.9 152745 -3.91143 -3.91143 152745 25003.9 -3.91143 152745 25003.9 25003.9 400164 -3.91144 25003.9 -127745 -3.91143 -3.91143 -127745 25003.9 -3.91144 -127745
527580 25003.8 25003.8 152744 -3.79672 25003.8 152744 -3.7905 -3.79622 152744 25003.8 -3.79134 152744 25003.8 25003.8 399836 -3.79986 25003.8 -127744 -3.79577 -3.79962 -127744 25003.8 -3.7957 -127744
527517 25003.8 25003.8 152744 -3.77632 25003.8 152744 -3.77897 -3.77897 152744 25003.8 -3.77632 152744 25003.8 25003.8 399773 -3.78228 25003.8 -127744 -3.78336 -3.78336 -127744 25003.8 -3.78228 -127744
527920 25003.9 25003.9 152745 -3.91453 25003.9 152745 -3.91454 -3.91454 152745 25003.9 -3.91453 152745 25003.9 25003.9 400175 -3.91454 25003.9 -127745 -3.91453 -3.91453 -127745 25003.9 -3.91454 -127745
527316 25003.7 25003.7 152743 -3.71546 25003.7 152743 -3.72395 -3.71731 152743 25003.7 -3.72269 152743 25003.7 25003.7 399573 -3.72529 25003.7 -127743 -3.72946 -3.72571 -127743 25003.7 -3.72881 -127743
527512 25003.8 25003.8 152744 -3.78534 25003.8 152744 -3.78643 -3.78643 152744 25003.8 -3.78534 152744 25003.8 25003.8 399768 -3.77939 25003.8 -127744 -3.78203 -3.78203 -127744 25003.8 -3.77939 -127744
527200 25003.7 25003.7 152744 -3.75328 25003.8 152744 -3.7528 -3.75279 152744 25003.8 -3.75289 152744 25003.8 25003.8 399456 -3.7529 25003.7 -127744 -3.75279 -3.7528 -127744 25003.7 -3.75329 -127744
526452 25003.4 25003.5 152741 -3.43063 25003.4 152741 -3.44243 -3.41823 152741 25003.5 -3.45441 152741 25003.4 25003.5 398711 -3.46663 25003.4 -127741 -3.47513 -3.4624 -127741 25003.5 -3.47908 -127741
527894 25003.9 25003.9 152745 -3.91988 25003.9 152745 -3.91988 -3.91989 152745 25003.9 -3.91988 152745 25003.9 25003.9 400149 -3.91988 25003.9 -127745 -3.91987 -3.91988 -127745 25003.9 -3.91988 -127745
527529 25003.8 25003.8 152744 -3.78985 25003.8 152744 -3.79094 -3.79094 152744 25003.8 -3.78985 152744 25003.8 25003.8 399785 -3.78391 25003.8 -127744 -3.78655 -3.78655 -127744 25003.8 -3.78391 -127744
527924 25003.9 25003.9 152745 -3.92242 25003.9 152745 -3.92242 -3.92242 152745 25003.9 -3.92242 152745 25003.9 25003.9 400179 -3.92243 25003.9 -127745 -3.92242 -3.92242 -127745 25003.9 -3.92243 -127745
527935 25003.9 25003.9 152745 -3.9237 25003.9 152745 -3.9237 -3.9237 152745 25003.9 -3.9237 152745 25003.9 25003.9 400190 -3.92371 25003.9 -127745 -3.9237 -3.9237 -127745 25003.9 -3.92371 -127745
527532 25003.8 25003.8 152744 -3.7874 25003.8 152744 -3.79005 -3.79005 152744 25003.8 -3.7874 152744 25003.8 25003.8 399788 -3.79337 25003.8 -127744 -3.79445 -3.79445 -127744 25003.8 -3.79337 -127744
527926 25003.9 25003.9 152745 -3.92609 25003.9 152745 -3.9261 -3.92609 152745 25003.9 -3.9261 152745 25003.9 25003.9 400181 -3.9261 25003.9 -127745 -3.92609 -3.92609 -127745 25003.9 -3.9261 -127745
527588 25003.8 25003.8 152744 -3.81437 25003.8 152744 -3.81029 -3.81414 152744 25003.8 -3.8102 152744 25003.8 25003.8 399844 -3.81124 25003.8 -127744 -3.805 -3.81073 -127744 25003.8 -3.80585 -127744
527512 25003.8 25003.8 152744 -3.78798 25003.8 152744 -3.78657 -3.78657 152744 25003.8 -3.78798 152744 25003.8 25003.8 399768 -3.79263 25003.8 -127744 -3.79192 -3.79192 -127744 25003.8 -3.79263 -127744
527206 25003.8 25003.8 152744 -3.76498 25003.8 152744 -3.7645 -3.76449 152744 25003.8 -3.7646 152744 25003.8 25003.8 399462 -3.7646 25003.8 -127744 -3.76449 -3.7645 -127744 25003.8 -3.76499 -127744
527571 25003.8 25003.8 152744 -3.81393 25003.8 152744 -3.81787 -3.81401 152744 25003.8 -3.8181 152744 25003.8 25003.8 399826 -3.80958 25003.8 -127744 -3.81446 -3.80873 -127744 25003.8 -3.81496 -127744
527930 25003.9 25003.9 152745 -3.93264 25003.9 152745 -3.93265 -3.93265 152745 25003.9 -3.93264 152745 25003.9 25003.9 400185 -3.93265 25003.9 -127745 -3.93264 -3.93265 -127745 25003.9 -3.93265 -127745
527941 25003.9 25003.9 152745 -3.93408 25003.9 152745 -3.93409 -3.93409 152745 25003.9 -3.93408 152745 25003.9 25003.9 400196 -3.93409 25003.9 -127745 -3.93408 -3.93408 -127745 25003.9 -3.93409 -127745
527942 25003.9 25003.9 152745 -3.93548 25003.9 152745 -3.93548 -3.93548 152745 25003.9 -3.93548 152745 25003.9 25003.9 400197 -3.93548 25003.9 -127745 -3.93548 -3.93548 -127745 25003.9 -3.93548 -127745
527593 25003.8 25003.8 152744 -3.82358 25003.8 152744 -3.81949 -3.82335 152744 25003.8 -3.81941 152744 25003.8 25003.8 399849 -3.82044 25003.8 -127744 -3.8142 -3.81993 -127744 25003.8 -3.81505 -127744
527517 25003.8 25003.8 152744 -3.79728 25003.8 152744 -3.79587 -3.79587 152744 25003.8 -3.79728 152744 25003.8 25003.8 399773 -3.80193 25003.8 -127744 -3.80123 -3.80122 -127744 25003.8 -3.80193 -127744
527583 25003.8 25003.8 152744 -3.81779 25003.8 152744 -3.82268 -3.81694 152744 25003.8 -3.82318 152744 25003.8 25003.8 399839 -3.82215 25003.8 -127744 -3.82609 -3.82223 -127744 25003.8 -3.82633 -127744
527279 25003.8 25003.8 152744 -3.79447 25003.8 152744 -3.79646 -3.79318 152744 25003.8 -3.79769 152744 25003.8 25003.8 399535 -3.79447 25003.8 -127744 -3.79645 -3.79318 -127744 25003.8 -3.7977 -127744
527524 25003.8 25003.8 152744 -3.81059 25003.8 152744 -3.81168 -3.81168 152744 25003.8 -3.81059 152744 25003.8 25003.8 399780 -3.80463 25003.8 -127744 -3.80728 -3.80728 -127744 25003.8 -3.80463 -127744
527935 25003.9 25003.9 152745 -3.94423 25003.9 152745 -3.94423 -3.94423 152745 25003.9 -3.94423 152745 25003.9 25003.9 400190 -3.94423 25003.9 -127745 -3.94423 -3.94423 -127745 25003.9 -3.94423 -127745
527421 25003.8 25003.8 152744 -3.78657 25003.8 152744 -3.7835 -3.78612 152744 25003.8 -3.78406 152744 25003.8 25003.8 399677 -3.78943 25003.8 -127744 -3.78749 -3.78922 -127744 25003.8 -3.7877 -127744
527319 25003.7 25003.8 152744 -3.75556 25003.8 152744 -3.75976 -3.756 152744 25003.8 -3.75909 152744 25003.8 25003.8 399575 -3.74572 25003.7 -127744 -3.75422 -3.74757 -127744 25003.8 -3.75297 -127744
527582 25003.8 25003.8 152744 -3.82674 25003.8 152744 -3.83164 -3.8259 152744 25003.8 -3.83214 152744 25003.8 25003.8 399838 -3.83111 25003.8 -127744 -3.83505 -3.83119 -127744 25003.8 -3.83529 -127744
527523 25003.8 25003.8 152744 -3.80921 25003.8 152744 -3.8078 -3.8078 152744 25003.8 -3.80921 152744 25003.8 25003.8 399779 -3.81386 25003.8 -127744 -3.81316 -3.81316 -127744 25003.8 -3.81386 -127744
527589 25003.8 25003.8 152744 -3.83535 25003.8 152744 -3.82911 -3.83485 152744 25003.8 -3.82995 152744 25003.8 25003.8 399845 -3.8385 25003.8 -127744 -3.8344 -3.83826 -127744 25003.8 -3.83432 -127744
527592 25003.8 25003.8 152744 -3.83158 25003.8 152744 -3.83648 -3.83074 152744 25003.8 -3.83699 152744 25003.8 25003.8 399848 -3.83596 25003.8 -127744 -3.8399 -3.83603 -127744 25003.8 -3.84014 -127744
527943 25004 25004 152745 -3.95558 25004 152745 -3.95558 -3.95559 152745 25004 -3.95558 152745 25004 25004 400197 -3.95559 25004 -127745 -3.95558 -3.95558 -127745 25004 -3.95559 -127745
526490 25003.5 25003.5 152741 -3.46492 25003.5 152741 -3.47679 -3.4525 152741 25003.5 -3.48878 152741 25003.5 25003.5 398749 -3.50105 25003.5 -127741 -3.50961 -3.49681 -127741 25003.5 -3.51356 -127741
527915 25004 25004 152745 -3.95884 25004 152745 -3.95884 -3.95884 152745 25004 -3.95884 152745 25004 25004 400170 -3.95884 25004 -127745 -3.95883 -3.95883 -127745 25004 -3.95884 -127745
527550 25003.8 25003.8 152744 -3.82823 25003.8 152744 -3.82932 -3.82932 152744 25003.8 -3.82823 152744 25003.8 25003.8 399806 -3.82226 25003.8 -127744 -3.82491 -3.82491 -127744 25003.8 -3.82226 -127744
527595 25003.8 25003.8 152744 -3.8486 25003.8 152744 -3.8445 -3.84837 152744 25003.8 -3.84442 152744 25003.9 25003.8 399851 -3.84546 25003.8 -127744 -3.83921 -3.84495 -127744 25003.8 -3.84005 -127744
527947 25004 25004 152745 -3.96441 25004 152745 -3.96441 -3.96441 152745 25004 -3.96441 152745 25004 25004 400202 -3.96442 25004 -127745 -3.96441 -3.96441 -127745 25004 -3.96442 -127745
527301 25003.8 25003.8 152744 -3.81875 25003.8 152744 -3.82075 -3.81746 152744 25003.8 -3.82199 152744 25003.8 25003.8 399557 -3.81876 25003.8 -127744 -3.82075 -3.81746 -127744 25003.8 -3.822 -127744
527592 25003.8 25003.9 152744 -3.84978 25003.8 152744 -3.85374 -3.84987 152744 25003.9 -3.85397 152744 25003.9 25003.9 399847 -3.84542 25003.8 -127744 -3.85032 -3.84457 -127744 25003.9 -3.85082 -127744
527600 25003.9 25003.8 152744 -3.85268 25003.9 152744 -3.84643 -3.85217 152744 25003.8 -3.84727 152744 25003.9 25003.9 399856 -3.85583 25003.9 -127744 -3.85173 -3.8556 -127744 25003.8 -3.85165 -127744
527336 25003.8 25003.8 152744 -3.77648 25003.8 152744 -3.77107 -3.77774 152744 25003.8 -3.76922 152744 25003.8 25003.8 399592 -3.78263 25003.8 -127744 -3.77952 -3.78329 -127744 25003.8 -3.77909 -127744
527945 25004 25004 152746 -3.97383 25004 152745 -3.97383 -3.97383 152745 25004 -3.97383 152746 25004 25004 400200 -3.97383 25004 -127745 -3.97383 -3.97383 -127745 25004 -3.97383 -127745
527347 25003.8 25003.8 152744 -3.78289 25003.8 152744 -3.7871 -3.78333 152744 25003.8 -3.78644 152744 25003.8 25003.8 399603 -3.77303 25003.8 -127744 -3.78155 -3.77488 -127744 25003.8 -3.7803 -127744
527948 25004 25004 152746 -3.97779 25004 152746 -3.97779 -3.97779 152746 25004 -3.97779 152746 25004 25004 400202 -3.9778 25004 -127746 -3.97779 -3.97779 -127746 25004 -3.9778 -127746
527615 25003.9 25003.9 152745 -3.86549 25003.9 152745 -3.86138 -3.86526 152745 25003.9 -3.8613 152745 25003.9 25003.9 399870 -3.86234 25003.9 -127745 -3.85608 -3.86183 -127745 25003.9 -3.85693 -127745
527540 25003.8 25003.8 152744 -3.84421 25003.8 152744 -3.84351 -3.84351 152744 25003.8 -3.84421 152744 25003.8 25003.8 399795 -3.83955 25003.8 -127744 -3.83814 -3.83814 -127744 25003.8 -3.83955 -127744
527956 25004 25004 152746 -3.98397 25004 152746 -3.98397 -3.98397 152746 25004 -3.98397 152746 25004 25004 400210 -3.98397 25004 -127746 -3.98397 -3.98397 -127746 25004 -3.98397 -127746
522495 25001.9 25001.9 152728 -1.91172 25001.9 152728 -1.91172 -1.91172 152728 25001.9 -1.91172 152728 25001.9 25001.9 394767 -1.91172 25001.9 -127728 -1.91172 -1.91172 -127728 25001.9 -1.91172 -127728
526396 25003.5 25003.5 152742 -3.53017 25003.5 152742 -3.5462 -3.53373 152742 25003.5 -3.54226 152742 25003.5 25003.5 398655 -3.48558 25003.5 -127742 -3.5213 -3.49803 -127742 25003.5 -3.50941 -127742
527929 25004 25004 152746 -3.99017 25004 152746 -3.99017 -3.99017 152746 25004 -3.99017 152746 25004 25004 400183 -3.99018 25004 -127746 -3.99017 -3.99018 -127746 25004 -3.99018 -127746
526891 25003.7 25003.7 152743 -3.69747 25003.7 152743 -3.68615 -3.69776 152743 25003.7 -3.68616 152743 25003.7 25003.7 399148 -3.68579 25003.7 -127743 -3.66495 -3.68641 -127743 25003.7 -3.66368 -127743
527944 25004 25004 152746 -3.99467 25004 152746 -3.99467 -3.99467 152746 25004 -3.99467 152746 25004 25004 400198 -3.99466 25004 -127746 -3.99467 -3.99466 -127746 25004 -3.99467 -127746
527623 25003.9 25003.9 152745 -3.87905 25003.9 152745 -3.87278 -3.87854 152745 25003.9 -3.87363 152745 25003.9 25003.9 399879 -3.88221 25003.9 -127745 -3.87809 -3.88197 -127745 25003.9 -3.87801 -127745
527616 25003.9 25003.9 152745 -3.88015 25003.9 152745 -3.88412 -3.88024 152745 25003.9 -3.88435 152745 25003.9 25003.9 399871 -3.87576 25003.9 -127745 -3.88068 -3.87492 -127745 25003.9 -3.88118 -127745
527374 25003.8 25003.8 152744 -3.83223 25003.8 152744 -3.83235 -3.83235 152744 25003.8 -3.83223 152744 25003.8 25003.8 399630 -3.83391 25003.8 -127744 -3.83422 -3.83422 -127744 25003.8 -3.83391 -127744
527240 25003.8 25003.8 152744 -3.83616 25003.8 152744 -3.83568 -3.83567 152744 25003.8 -3.83577 152744 25003.8 25003.8 399495 -3.83577 25003.8 -127744 -3.83566 -3.83567 -127744 25003.8 -3.83616 -127744
527959 25004 25004 152746 -4.00625 25004 152746 -4.00625 -4.00625 152746 25004 -4.00625 152746 25004 25004 400214 -4.00625 25004 -127746 -4.00624 -4.00624 -127746 25004 -4.00625 -127746
527980 25004 25004 152746 -4.00873 25004 152746 -4.00873 -4.00873 152746 25004 -4.00873 152746 25004 25004 400234 -4.00873 25004 -127746 -4.00873 -4.00873 -127746 25004 -4.00873 -127746
527981 25004 25004 152746 -4.01115 25004 152746 -4.01115 -4.01115 152746 25004 -4.01115 152746 25004 25004 400236 -4.01115 25004 -127746 -4.01114 -4.01114 -127746 25004 -4.01115 -127746
527390 25003.8 25003.8 152744 -3.84547 25003.8 152744 -3.84578 -3.84578 152744 25003.8 -3.84547 152744 25003.8 25003.8 399646 -3.84378 25003.8 -127744 -3.8439 -3.8439 -127744 25003.8 -3.84378 -127744
527968 25004 25004 152746 -4.01597 25004 152746 -4.01597 -4.01597 152746 25004 -4.01597 152746 25004 25004 400222 -4.01597 25004 -127746 -4.01597 -4.01597 -127746 25004 -4.01597 -127746
527392 25003.8 25003.8 152744 -3.85026 25003.9 152744 -3.85058 -3.85058 152744 25003.9 -3.85026 152744 25003.8 25003.8 399648 -3.84858 25003.8 -127744 -3.84869 -3.84869 -127744 25003.8 -3.84858 -127744
527355 25003.8 25003.8 152744 -3.82343 25003.8 152744 -3.81799 -3.82469 152744 25003.8 -3.81614 152744 25003.8 25003.8 399611 -3.8296 25003.8 -127744 -3.82647 -3.83026 -127744 25003.8 -3.82603 -127744
527554 25003.9 25003.9 152745 -3.88457 25003.9 152745 -3.88387 -3.88387 152745 25003.9 -3.88457 152745 25003.9 25003.9 399809 -3.87988 25003.9 -127745 -3.87847 -3.87847 -127745 25003.9 -3.87988 -127745
527978 25004 25004 152746 -4.02619 25004 152746 -4.02619 -4.02619 152746 25004 -4.02619 152746 25004 25004 400232 -4.02619 25004 -127746 -4.02619 -4.02619 -127746 25004 -4.02619 -127746
527990 25004 25004 152746 -4.0289 25004 152746 -4.0289 -4.0289 152746 25004 -4.0289 152746 25004 25004 400244 -4.0289 25004 -127746 -4.0289 -4.0289 -127746 25004 -4.0289 -127746
527642 25003.9 25003.9 152745 -3.91156 25003.9 152745 -3.91554 -3.91165 152745 25003.9 -3.91578 152745 25003.9 25003.9 399897 -3.90717 25003.9 -127745 -3.9121 -3.90632 -127745 25003.9 -3.9126 -127745
527984 25004 25004 152746 -4.03418 25004 152746 -4.03418 -4.03418 152746 25004 -4.03417 152746 25004 25004 400238 -4.03418 25004 -127746 -4.03417 -4.03417 -127746 25004 -4.03417 -127746
527644 25003.9 25003.9 152745 -3.92105 25003.9 152745 -3.91691 -3.92081 152745 25003.9 -3.91683 152745 25003.9 25003.9 399899 -3.91787 25003.9 -127745 -3.91158 -3.91736 -127745 25003.9 -3.91243 -127745
527569 25003.9 25003.9 152745 -3.89547 25003.9 152745 -3.89405 -3.89405 152745 25003.9 -3.89547 152745 25003.9 25003.9 399824 -3.90016 25003.9 -127745 -3.89946 -3.89945 -127745 25003.9 -3.90016 -127745
527986 25004 25004 152746 -4.04242 25004 152746 -4.04242 -4.04242 152746 25004 -4.04242 152746 25004 25004 400240 -4.04242 25004 -127746 -4.04242 -4.04242 -127746 25004 -4.04242 -127746
527999 25004 25004 152746 -4.04532 25004 152746 -4.04532 -4.04532 152746 25004 -4.04532 152746 25004 25004 400253 -4.04532 25004 -127746 -4.04532 -4.04532 -127746 25004 -4.04532 -127746
528001 25004 25004 152746 -4.04817 25004 152746 -4.04817 -4.04817 152746 25004 -4.04817 152746 25004 25004 400254 -4.04817 25004 -127746 -4.04817 -4.04817 -127746 25004 -4.04817 -127746
528002 25004.1 25004.1 152746 -4.05105 25004.1 152746 -4.05105 -4.05105 152746 25004.1 -4.05105 152746 25004.1 25004.1 400256 -4.05105 25004 -127746 -4.05105 -4.05105 -127746 25004 -4.05105 -127746
526067 25003.4 25003.3 152740 -3.40323 25003.4 152740 -3.38794 -3.40379 152740 25003.3 -3.38814 152740 25003.4 25003.4 398326 -3.34969 25003.4 -127740 -3.31969 -3.34966 -127740 25003.4 -3.31896 -127740
527603 25003.9 25003.9 152745 -3.93144 25003.9 152745 -3.93638 -3.93059 152745 25003.9 -3.93688 152745 25003.9 25003.9 399858 -3.93585 25003.9 -127745 -3.93984 -3.93593 -127745 25003.9 -3.94008 -127745
527646 25003.9 25003.9 152745 -3.93909 25003.9 152745 -3.94308 -3.93917 152745 25003.9 -3.94331 152745 25003.9 25003.9 399900 -3.93467 25003.9 -127745 -3.93961 -3.93383 -127745 25003.9 -3.94012 -127745
527594 25003.9 25003.9 152745 -3.92715 25003.9 152745 -3.92824 -3.92824 152745 25003.9 -3.92714 152745 25003.9 25003.9 399849 -3.92112 25003.9 -127745 -3.92377 -3.92378 -127745 25003.9 -3.92111 -127745
527648 25003.9 25003.9 152745 -3.94921 25004 152745 -3.94506 -3.94897 152745 25003.9 -3.94498 152745 25003.9 25003.9 399903 -3.94602 25003.9 -127745 -3.93971 -3.94551 -127745 25003.9 -3.94056 -127745
527597 25003.9 25003.9 152745 -3.92706 25003.9 152745 -3.92973 -3.92973 152745 25003.9 -3.92706 152745 25003.9 25003.9 399852 -3.93309 25003.9 -127745 -3.93418 -3.93418 -127745 25003.9 -3.93309 -127745
527597 25003.9 25003.9 152745 -3.93008 25003.9 152745 -3.93274 -3.93274 152745 25003.9 -3.93008 152745 25003.9 25003.9 399852 -3.9361 25003.9 -127745 -3.93719 -3.9372 -127745 25003.9 -3.9361 -127745
527387 25003.9 25003.9 152745 -3.87529 25003.9 152745 -3.86982 -3.87655 152745 25003.9 -3.86797 152745 25003.9 25003.9 399643 -3.88149 25003.9 -127745 -3.87834 -3.88216 -127745 25003.9 -3.8779 -127745
