1 75000 75000 75000 2.95586e-12 75000 75000 1.09139e-11 -9.09495e-13 75000 75000 4.54747e-13 75000 75000 75000 2.72848e-12 8.18545e-12 75000 -2.72848e-12 0 -3.63798e-12 -7.27596e-12 75000 9.09495e-13 9.09495e-13
2 75000 75000 75000 -8.18545e-12 75000 75000 -3.54703e-11 -8.18545e-12 75000 75000 -5.22959e-12 75000 75000 75000 4.54747e-13 -1.54614e-11 75000 -1.00044e-11 -3.63798e-12 3.63798e-12 -3.63798e-12 75000 -1.00044e-11 -2.72848e-12
126872 75000.1 75000.1 117117 -0.0747752 75000.1 117117 -0.0747745 -0.0747752 117117 75000.1 -0.0747753 117117 75000.1 75000.1 84755.6 -0.074775 75000.1 -42116.8 -0.0747754 -0.0747755 -42116.8 75000.1 -0.0747752 -42116.8
262754 74999.9 74999.9 149634 0.0882705 74999.9 149634 0.0882711 0.0882705 149634 74999.9 0.0882704 149634 74999.9 74999.9 188121 0.0882707 74999.9 -74633.8 0.0882704 0.0882702 -74633.8 74999.9 0.0882705 -74633.8
394423 75000.8 75000.8 177584 -0.631978 75000.6 177587 -2.18078 -2.18078 177589 75000.6 -0.631978 177587 75001.5 75001.5 291836 4.19906 74999.3 -102586 -3.64635 -3.64635 -102589 74999.3 4.19906 -102586
509165 75000.1 75000.1 202245 -0.0634027 75000.3 202246 -0.00376351 -0.00376357 202247 75000.3 -0.0634027 202246 74999.6 74999.6 381920 -0.0425635 75000.2 -127246 -0.0151135 -0.0151135 -127247 75000.2 -0.0425635 -127246
606145 75000.2 74999.8 223407 -0.18001 75000.4 223408 0.467832 -0.184295 223408 75000 0.476022 223407 74999.7 74999.5 457739 -0.148134 75000.3 -148408 -0.181809 -0.151797 -148408 75000.1 -0.18201 -148407
693629 75000.3 74999.8 242542 -0.30633 75000.5 242544 -0.295616 -0.316592 242544 75000 -0.297905 242542 75000 74999.4 526087 -0.289347 75000.5 -167544 0.732317 -0.303526 -167543 74999.9 0.759245 -167542
768572 75001.5 75000.6 257753 -1.32132 75001.7 257755 0.182524 -1.34802 257754 75000.7 0.233143 257752 75001 75000.3 585820 -1.53917 75001.5 -182755 -1.33413 -1.56018 -182755 75000.8 -1.33656 -182752
823585 75000.7 75000.7 272541 -0.719545 75000.8 272542 -0.719708 -0.719644 272543 75000.8 -0.719615 272541 75000.5 75000.5 626044 -0.719391 75000.9 -197542 -0.719598 -0.719732 -197543 75000.9 -0.71925 -197541
867997 75000.6 75000.1 283966 -0.870605 75000.7 283968 -0.450802 -0.871909 283968 75000.3 -0.455203 283965 75000.4 75000 659031 -0.439774 75000.8 -208968 0.045188 -0.449945 -208967 75000.4 0.0616212 -208965
922226 75001.5 75001.5 296157 -1.7034 75001.7 296159 -1.39937 -1.39951 296159 75001.7 -1.70325 296157 75001.3 75001.4 701069 -1.40284 75001.6 -221158 -1.6999 -1.69998 -221159 75001.7 -1.40277 -221157
965364 75003.7 75003.7 305432 -3.72657 75003.8 305433 -3.72659 -3.7268 305433 75003.8 -3.72636 305432 75003.5 75003.5 734933 -3.72646 75003.9 -230433 -3.72655 -3.72671 -230433 75003.9 -3.7263 -230432
994740 75003.7 75004.2 312634 -3.24406 75003.6 312634 -4.24266 -3.66648 312635 75004.1 -3.80855 312635 75003.4 75003.9 757107 -3.57548 75003.7 -237634 -4.33788 -3.77303 -237636 75004.2 -4.14175 -237635
1.0127e+06 75001.3 75001.3 320104 -1.3599 75001.4 320105 -1.35979 -1.35988 320105 75001.4 -1.35981 320104 75001.2 75001.2 767593 -1.35981 75001.5 -245105 -1.35982 -1.35989 -245105 75001.5 -1.35973 -245104
1.04441e+06 75001.8 75001.8 327893 -1.86499 75001.9 327894 -1.86499 -1.86503 327894 75001.9 -1.86496 327893 75001.7 75001.7 791519 -1.86493 75002 -252894 -1.86504 -1.86506 -252894 75002 -1.86492 -252893
1.07821e+06 75002.5 75002.5 336001 -2.566 75002.6 336002 -2.56599 -2.56602 336003 75002.6 -2.56596 336002 75002.4 75002.4 817211 -2.56593 75002.7 -261002 -2.56603 -2.56605 -261003 75002.7 -2.56591 -261002
1.10299e+06 75005.3 75005.4 341633 -5.40105 75005.4 341633 -5.46174 -5.41788 341634 75005.4 -5.44366 341633 75005.2 75005.3 836353 -5.22106 75005.4 -266634 -5.37663 -5.28215 -266634 75005.5 -5.31893 -266633
1.10572e+06 75002 75002 344647 -2.00318 75002.1 344648 -2.00318 -2.0032 344649 75002.1 -2.00316 344648 75001.8 75001.9 836073 -2.00316 75002.1 -269648 -2.00321 -2.00322 -269649 75002.1 -2.00315 -269648
1.1182e+06 75002.2 75002.2 347734 -2.20646 75002.3 347735 -2.20647 -2.20648 347735 75002.3 -2.20645 347735 75002.1 75002.1 845462 -2.20643 75002.3 -272735 -2.20649 -2.20649 -272735 75002.3 -2.20642 -272735
1.13113e+06 75002.5 75002.5 350870 -2.50767 75002.6 350871 -2.50768 -2.50769 350871 75002.5 -2.50766 350871 75002.4 75002.4 855262 -2.50764 75002.6 -275871 -2.5077 -2.5077 -275871 75002.6 -2.50763 -275871
1.1438e+06 75002.8 75002.8 354055 -2.77907 75002.8 354056 -2.79642 -2.77761 354057 75002.8 -2.79769 354056 75002.6 75002.7 864747 -2.79923 75002.9 -279056 -2.80909 -2.79888 -279057 75002.9 -2.80922 -279056
1.15765e+06 75003.2 75003.2 357293 -3.23511 75003.3 357293 -3.23511 -3.23513 357294 75003.3 -3.23509 357293 75003.1 75003.1 875359 -3.23507 75003.3 -282293 -3.23514 -3.23514 -282294 75003.3 -3.23507 -282293
1.17127e+06 75003.7 75003.6 360581 -3.67244 75003.7 360582 -3.67245 -3.67246 360583 75003.7 -3.67243 360582 75003.5 75003.6 885693 -3.6724 75003.8 -285582 -3.67247 -3.67247 -285583 75003.8 -3.6724 -285582
1.18511e+06 75004.2 75004.1 363924 -4.16684 75004.2 363924 -4.16685 -4.16686 363925 75004.2 -4.16683 363924 75004 75004.1 896187 -4.16681 75004.3 -288924 -4.16688 -4.16688 -288925 75004.3 -4.1668 -288924
1.19918e+06 75004.7 75004.7 367321 -4.72514 75004.8 367321 -4.72515 -4.72516 367322 75004.8 -4.72513 367321 75004.6 75004.6 906861 -4.7251 75004.8 -292321 -4.72518 -4.72518 -292322 75004.8 -4.7251 -292321
1.21334e+06 75005.4 75005.4 370775 -5.44259 75005.5 370775 -5.43936 -5.44237 370776 75005.5 -5.43961 370775 75005.3 75005.3 917566 -5.44256 75005.5 -295775 -5.4394 -5.44231 -295776 75005.5 -5.43962 -295775
1.22805e+06 75006.1 75006 374285 -6.06442 75006.1 374285 -6.06443 -6.06444 374286 75006.1 -6.06441 374285 75006 75006 928768 -6.06438 75006.2 -299285 -6.06446 -6.06446 -299286 75006.2 -6.06438 -299285
1.23224e+06 75002.4 75002.4 377820 -2.44949 75002.5 377820 -2.44949 -2.44949 377821 75002.5 -2.44948 377820 75002.4 75002.4 929419 -2.44947 75002.5 -302820 -2.4495 -2.4495 -302821 75002.5 -2.44948 -302820
1.2469e+06 75002.8 75002.8 381446 -2.78266 75002.8 381446 -2.78312 -2.78247 381446 75002.8 -2.78332 381446 75002.7 75002.7 940451 -2.78296 75002.9 -306446 -2.78349 -2.78287 -306446 75002.9 -2.78362 -306446
1.26199e+06 75003.2 75003.2 385133 -3.22405 75003.2 385134 -3.22389 -3.22389 385134 75003.2 -3.22405 385134 75003.1 75003.1 951857 -3.22443 75003.3 -310134 -3.22439 -3.22439 -310134 75003.3 -3.22443 -310134
1.27686e+06 75004.6 75004.6 388612 -4.65381 75004.7 388612 -4.65382 -4.65382 388613 75004.7 -4.65382 388612 75004.6 75004.6 963247 -4.6538 75004.7 -313612 -4.65384 -4.65383 -313613 75004.7 -4.65381 -313612
1.27865e+06 75005.3 75005.3 388618 -5.33004 75005.3 388618 -5.33059 -5.32998 388618 75005.3 -5.33067 388618 75005.3 75005.3 965032 -5.32914 75005.4 -313618 -5.32977 -5.32913 -313618 75005.4 -5.32976 -313618
1.27882e+06 75005.3 75005.3 388617 -5.31382 75005.3 388618 -5.31383 -5.31383 388618 75005.3 -5.31382 388618 75005.3 75005.3 965205 -5.3138 75005.4 -313618 -5.31385 -5.31385 -313618 75005.4 -5.31381 -313618
1.27866e+06 75005.3 75005.3 388617 -5.31926 75005.3 388618 -5.31925 -5.31925 388618 75005.3 -5.31926 388618 75005.3 75005.3 965043 -5.31731 75005.4 -313618 -5.31734 -5.31734 -313618 75005.4 -5.31731 -313618
1.27884e+06 75005.4 75005.4 388618 -5.41646 75005.4 388619 -5.41647 -5.41647 388619 75005.4 -5.41646 388619 75005.4 75005.4 965224 -5.41644 75005.5 -313619 -5.41648 -5.41648 -313619 75005.5 -5.41644 -313619
1.27883e+06 75005.3 75005.3 388617 -5.31406 75005.3 388618 -5.31407 -5.31407 388618 75005.3 -5.31406 388618 75005.3 75005.3 965210 -5.31404 75005.4 -313618 -5.31409 -5.31408 -313618 75005.4 -5.31405 -313618
1.27886e+06 75005.4 75005.4 388618 -5.41661 75005.4 388619 -5.41661 -5.41662 388619 75005.4 -5.41661 388619 75005.4 75005.4 965241 -5.41659 75005.5 -313619 -5.41663 -5.41663 -313619 75005.5 -5.41659 -313619
1.27866e+06 75005.3 75005.3 388618 -5.31936 75005.3 388618 -5.31939 -5.3194 388618 75005.3 -5.31936 388618 75005.3 75005.3 965044 -5.31743 75005.4 -313618 -5.31751 -5.3175 -313618 75005.4 -5.31744 -313618
1.2787e+06 75005.3 75005.3 388618 -5.33004 75005.3 388618 -5.33064 -5.33 388618 75005.3 -5.33065 388618 75005.3 75005.3 965081 -5.33091 75005.4 -313618 -5.33149 -5.33087 -313618 75005.4 -5.33155 -313618
1.27866e+06 75005.3 75005.3 388618 -5.31975 75005.3 388618 -5.31974 -5.31974 388618 75005.3 -5.31975 388618 75005.3 75005.3 965040 -5.3178 75005.4 -313618 -5.31783 -5.31783 -313618 75005.4 -5.3178 -313618
1.27866e+06 75005.3 75005.3 388618 -5.31791 75005.3 388618 -5.31791 -5.31791 388618 75005.3 -5.31791 388618 75005.3 75005.3 965039 -5.31983 75005.4 -313618 -5.31985 -5.31985 -313618 75005.4 -5.31983 -313618
1.27866e+06 75005.3 75005.3 388618 -5.31995 75005.3 388618 -5.31994 -5.31995 388618 75005.3 -5.31995 388618 75005.3 75005.3 965039 -5.31801 75005.4 -313618 -5.31803 -5.31803 -313618 75005.4 -5.31801 -313618
1.27866e+06 75005.3 75005.3 388618 -5.32007 75005.3 388618 -5.32006 -5.32006 388618 75005.3 -5.32007 388618 75005.3 75005.3 965040 -5.31812 75005.4 -313618 -5.31815 -5.31815 -313618 75005.4 -5.31812 -313618
1.27886e+06 75005.4 75005.4 388618 -5.41734 75005.4 388619 -5.41735 -5.41735 388619 75005.4 -5.41734 388619 75005.4 75005.4 965244 -5.41733 75005.5 -313619 -5.41736 -5.41736 -313619 75005.5 -5.41733 -313619
1.27883e+06 75005.3 75005.3 388618 -5.31499 75005.3 388618 -5.31499 -5.315 388618 75005.3 -5.31499 388618 75005.3 75005.3 965211 -5.31497 75005.4 -313618 -5.31501 -5.31501 -313618 75005.4 -5.31498 -313618
1.27866e+06 75005.3 75005.3 388618 -5.31853 75005.3 388618 -5.31853 -5.31853 388618 75005.3 -5.31853 388618 75005.3 75005.3 965044 -5.32045 75005.4 -313618 -5.32047 -5.32046 -313618 75005.4 -5.32045 -313618
1.2787e+06 75005.3 75005.3 388618 -5.33189 75005.3 388618 -5.33244 -5.33183 388618 75005.3 -5.33252 388618 75005.3 75005.3 965081 -5.33099 75005.4 -313618 -5.33162 -5.33097 -313618 75005.4 -5.33161 -313618
1.27882e+06 75005.3 75005.3 388618 -5.31539 75005.3 388618 -5.31539 -5.31539 388618 75005.3 -5.31539 388618 75005.3 75005.3 965207 -5.31537 75005.4 -313618 -5.31541 -5.31541 -313618 75005.4 -5.31538 -313618
1.27883e+06 75005.3 75005.3 388618 -5.31554 75005.3 388618 -5.31555 -5.31555 388618 75005.3 -5.31554 388618 75005.3 75005.3 965210 -5.31553 75005.4 -313618 -5.31556 -5.31556 -313618 75005.4 -5.31553 -313618
1.27886e+06 75005.4 75005.4 388618 -5.37488 75005.4 388618 -5.374 -5.3748 388619 75005.4 -5.37408 388618 75005.3 75005.3 965246 -5.37486 75005.4 -313618 -5.37402 -5.37481 -313619 75005.4 -5.37406 -313618
1.27887e+06 75005.4 75005.4 388618 -5.37509 75005.4 388618 -5.37422 -5.37501 388619 75005.4 -5.37429 388618 75005.3 75005.3 965248 -5.37507 75005.4 -313618 -5.37423 -5.37503 -313619 75005.4 -5.37428 -313618
1.27866e+06 75005.3 75005.3 388618 -5.32126 75005.3 388618 -5.32129 -5.32129 388618 75005.3 -5.32126 388618 75005.3 75005.3 965045 -5.31933 75005.4 -313618 -5.3194 -5.3194 -313618 75005.4 -5.31934 -313618
1.27866e+06 75005.3 75005.3 388618 -5.32143 75005.3 388618 -5.32146 -5.32146 388618 75005.3 -5.32143 388618 75005.3 75005.3 965040 -5.31951 75005.4 -313618 -5.31957 -5.31957 -313618 75005.4 -5.31951 -313618
1.27886e+06 75005.4 75005.4 388618 -5.41906 75005.4 388619 -5.41906 -5.41906 388619 75005.4 -5.41906 388619 75005.4 75005.4 965237 -5.41905 75005.5 -313619 -5.41908 -5.41908 -313619 75005.5 -5.41905 -313619
1.27883e+06 75005.3 75005.3 388618 -5.31677 75005.3 388618 -5.31677 -5.31677 388618 75005.3 -5.31677 388618 75005.3 75005.3 965212 -5.31675 75005.4 -313618 -5.31678 -5.31678 -313618 75005.4 -5.31676 -313618
1.27866e+06 75005.3 75005.3 388618 -5.32018 75005.3 388618 -5.32021 -5.32021 388618 75005.3 -5.32018 388618 75005.3 75005.3 965045 -5.32208 75005.4 -313618 -5.32213 -5.32213 -313618 75005.4 -5.32208 -313618
1.27882e+06 75005.3 75005.3 388618 -5.31719 75005.3 388618 -5.31719 -5.31719 388618 75005.3 -5.31719 388618 75005.3 75005.3 965207 -5.31718 75005.4 -313618 -5.3172 -5.3172 -313618 75005.4 -5.31718 -313618
1.2787e+06 75005.3 75005.3 388618 -5.33384 75005.3 388618 -5.33318 -5.33382 388618 75005.3 -5.33322 388618 75005.3 75005.3 965086 -5.33473 75005.4 -313618 -5.33405 -5.33466 -313618 75005.4 -5.33409 -313618
1.27883e+06 75005.3 75005.3 388618 -5.31771 75005.3 388618 -5.31771 -5.31771 388618 75005.3 -5.3177 388618 75005.3 75005.3 965208 -5.31769 75005.4 -313618 -5.31772 -5.31772 -313618 75005.4 -5.31769 -313618
1.27883e+06 75005.3 75005.3 388618 -5.31797 75005.3 388618 -5.31797 -5.31797 388618 75005.3 -5.31797 388618 75005.3 75005.3 965211 -5.31796 75005.4 -313618 -5.31798 -5.31798 -313618 75005.4 -5.31796 -313618
1.27883e+06 75005.3 75005.3 388618 -5.31825 75005.3 388618 -5.31825 -5.31826 388618 75005.3 -5.31825 388618 75005.3 75005.3 965211 -5.31824 75005.4 -313618 -5.31827 -5.31827 -313618 75005.4 -5.31824 -313618
1.27866e+06 75005.3 75005.3 388618 -5.32393 75005.3 388618 -5.32392 -5.32392 388618 75005.3 -5.32393 388618 75005.3 75005.3 965046 -5.32199 75005.4 -313618 -5.32201 -5.32201 -313618 75005.4 -5.32199 -313618
1.2787e+06 75005.3 75005.3 388618 -5.33616 75005.3 388618 -5.33546 -5.33608 388618 75005.3 -5.33553 388618 75005.3 75005.3 965083 -5.33525 75005.4 -313618 -5.33461 -5.33525 -313618 75005.4 -5.33463 -313618
1.27883e+06 75005.3 75005.3 388618 -5.31918 75005.3 388618 -5.31918 -5.31918 388618 75005.3 -5.31918 388618 75005.3 75005.3 965209 -5.31917 75005.4 -313618 -5.31919 -5.31919 -313618 75005.4 -5.31917 -313618
1.27883e+06 75005.3 75005.3 388618 -5.3195 75005.3 388618 -5.3195 -5.3195 388618 75005.3 -5.3195 388618 75005.3 75005.3 965212 -5.31949 75005.4 -313618 -5.31951 -5.31951 -313618 75005.4 -5.31949 -313618
1.27883e+06 75005.3 75005.3 388618 -5.31984 75005.3 388618 -5.31985 -5.31985 388618 75005.3 -5.31984 388618 75005.3 75005.3 965212 -5.31983 75005.4 -313618 -5.31986 -5.31986 -313618 75005.4 -5.31983 -313618
1.27886e+06 75005.4 75005.4 388619 -5.42282 75005.4 388619 -5.42282 -5.42282 388619 75005.4 -5.42282 388619 75005.4 75005.4 965244 -5.42281 75005.5 -313619 -5.42283 -5.42283 -313619 75005.5 -5.42281 -313619
1.27871e+06 75005.3 75005.3 388618 -5.33729 75005.3 388618 -5.33784 -5.33723 388618 75005.3 -5.33793 388618 75005.3 75005.3 965089 -5.3364 75005.4 -313618 -5.33701 -5.33637 -313618 75005.4 -5.33701 -313618
1.27887e+06 75005.4 75005.4 388619 -5.42359 75005.4 388619 -5.42359 -5.42359 388619 75005.4 -5.42359 388619 75005.4 75005.4 965248 -5.42358 75005.5 -313619 -5.4236 -5.4236 -313619 75005.5 -5.42358 -313619
1.27867e+06 75005.3 75005.3 388618 -5.32654 75005.3 388618 -5.32657 -5.32657 388618 75005.3 -5.32654 388618 75005.3 75005.3 965048 -5.32461 75005.4 -313618 -5.32467 -5.32467 -313618 75005.4 -5.32461 -313618
1.2787e+06 75005.3 75005.3 388618 -5.33754 75005.3 388618 -5.33814 -5.3375 388618 75005.3 -5.33816 388618 75005.3 75005.3 965085 -5.33842 75005.4 -313618 -5.33899 -5.33837 -313618 75005.4 -5.33906 -313618
1.27883e+06 75005.3 75005.3 388618 -5.32218 75005.3 388618 -5.32218 -5.32218 388618 75005.3 -5.32218 388618 75005.3 75005.3 965210 -5.32217 75005.4 -313618 -5.32219 -5.32219 -313618 75005.4 -5.32217 -313618
1.27867e+06 75005.3 75005.3 388618 -5.32606 75005.3 388618 -5.32606 -5.32606 388618 75005.3 -5.32606 388618 75005.3 75005.3 965048 -5.32798 75005.4 -313618 -5.32799 -5.32799 -313618 75005.4 -5.32798 -313618
1.2787e+06 75005.3 75005.3 388618 -5.33885 75005.3 388618 -5.33945 -5.33881 388618 75005.3 -5.33947 388618 75005.3 75005.3 965085 -5.33973 75005.4 -313618 -5.3403 -5.33968 -313618 75005.4 -5.34037 -313618
1.2787e+06 75005.3 75005.3 388618 -5.34085 75005.3 388618 -5.34014 -5.34076 388618 75005.3 -5.34021 388618 75005.3 75005.3 965086 -5.33993 75005.4 -313618 -5.33929 -5.33993 -313618 75005.4 -5.33931 -313618
1.27883e+06 75005.3 75005.3 388618 -5.324 75005.3 388618 -5.324 -5.32401 388618 75005.3 -5.324 388618 75005.3 75005.3 965211 -5.32399 75005.4 -313618 -5.32401 -5.32401 -313618 75005.4 -5.32399 -313618
1.27871e+06 75005.3 75005.3 388618 -5.34181 75005.3 388618 -5.34111 -5.34172 388618 75005.3 -5.34117 388618 75005.3 75005.3 965090 -5.3409 75005.4 -313618 -5.34025 -5.34089 -313618 75005.4 -5.34028 -313618
1.27887e+06 75005.4 75005.4 388618 -5.38425 75005.4 388618 -5.38338 -5.38418 388619 75005.4 -5.38346 388618 75005.4 75005.4 965248 -5.38425 75005.4 -313618 -5.38339 -5.38419 -313619 75005.4 -5.38345 -313618
1.27867e+06 75005.3 75005.3 388618 -5.33094 75005.3 388618 -5.33093 -5.33093 388618 75005.3 -5.33094 388618 75005.3 75005.3 965051 -5.329 75005.4 -313618 -5.32901 -5.32901 -313618 75005.4 -5.329 -313618
1.27866e+06 75005.3 75005.3 388618 -5.33121 75005.3 388618 -5.33124 -5.33124 388618 75005.3 -5.33121 388618 75005.3 75005.3 965045 -5.32929 75005.4 -313618 -5.32934 -5.32934 -313618 75005.4 -5.32929 -313618
1.27879e+06 75005.4 75005.4 388618 -5.39169 75005.4 388618 -5.39254 -5.3917 388619 75005.4 -5.39251 388618 75005.4 75005.4 965176 -5.39034 75005.4 -313618 -5.39169 -5.3905 -313619 75005.4 -5.39158 -313618
1.27887e+06 75005.4 75005.4 388619 -5.42996 75005.4 388619 -5.42996 -5.42996 388619 75005.4 -5.42996 388619 75005.4 75005.4 965247 -5.42995 75005.5 -313619 -5.42997 -5.42997 -313619 75005.5 -5.42995 -313619
1.27867e+06 75005.3 75005.3 388618 -5.33128 75005.3 388618 -5.33127 -5.33127 388618 75005.3 -5.33128 388618 75005.3 75005.3 965052 -5.33321 75005.4 -313618 -5.33321 -5.33321 -313618 75005.4 -5.33321 -313618
1.27883e+06 75005.3 75005.3 388618 -5.32838 75005.3 388618 -5.32838 -5.32838 388618 75005.3 -5.32838 388618 75005.3 75005.3 965213 -5.32837 75005.4 -313618 -5.32838 -5.32838 -313618 75005.4 -5.32837 -313618
1.27883e+06 75005.3 75005.3 388618 -5.32899 75005.3 388618 -5.32899 -5.32899 388618 75005.3 -5.32899 388618 75005.3 75005.3 965217 -5.32899 75005.4 -313618 -5.329 -5.329 -313618 75005.4 -5.32899 -313618
1.27867e+06 75005.3 75005.3 388618 -5.33309 75005.3 388618 -5.33309 -5.33309 388618 75005.3 -5.33309 388618 75005.3 75005.3 965052 -5.33502 75005.4 -313618 -5.33502 -5.33502 -313618 75005.4 -5.33502 -313618
1.2788e+06 75005.4 75005.4 388618 -5.39622 75005.4 388619 -5.39541 -5.39625 388619 75005.4 -5.3954 388619 75005.4 75005.4 965178 -5.3953 75005.4 -313619 -5.39421 -5.3954 -313619 75005.4 -5.39405 -313619
1.27867e+06 75005.3 75005.3 388618 -5.33638 75005.3 388618 -5.33637 -5.33637 388618 75005.3 -5.33638 388618 75005.3 75005.3 965052 -5.33444 75005.4 -313618 -5.33445 -5.33445 -313618 75005.4 -5.33444 -313618
1.27867e+06 75005.3 75005.3 388618 -5.33704 75005.3 388618 -5.33703 -5.33703 388618 75005.3 -5.33704 388618 75005.3 75005.3 965049 -5.3351 75005.4 -313618 -5.33511 -5.33511 -313618 75005.4 -5.3351 -313618
1.27883e+06 75005.3 75005.3 388618 -5.33235 75005.3 388618 -5.33235 -5.33235 388618 75005.3 -5.33235 388618 75005.3 75005.3 965215 -5.33235 75005.4 -313618 -5.33236 -5.33236 -313618 75005.4 -5.33235 -313618
1.27867e+06 75005.3 75005.3 388618 -5.33654 75005.3 388618 -5.33653 -5.33653 388618 75005.3 -5.33654 388618 75005.3 75005.3 965054 -5.33847 75005.4 -313618 -5.33847 -5.33847 -313618 75005.4 -5.33847 -313618
1.27885e+06 75005.4 75005.4 388619 -5.43668 75005.4 388619 -5.43668 -5.43668 388619 75005.4 -5.43668 388619 75005.4 75005.4 965235 -5.43667 75005.5 -313619 -5.43669 -5.43669 -313619 75005.5 -5.43667 -313619
1.27871e+06 75005.4 75005.4 388618 -5.35135 75005.4 388618 -5.35189 -5.35128 388618 75005.4 -5.35198 388618 75005.3 75005.3 965096 -5.35045 75005.4 -313618 -5.35106 -5.35042 -313618 75005.4 -5.35107 -313618
1.27884e+06 75005.3 75005.3 388618 -5.33537 75005.3 388618 -5.33537 -5.33537 388618 75005.3 -5.33537 388618 75005.3 75005.3 965218 -5.33536 75005.4 -313618 -5.33538 -5.33538 -313618 75005.4 -5.33536 -313618
1.27884e+06 75005.3 75005.3 388618 -5.33616 75005.3 388618 -5.33616 -5.33616 388618 75005.3 -5.33616 388618 75005.3 75005.3 965221 -5.33615 75005.4 -313618 -5.33617 -5.33617 -313618 75005.4 -5.33615 -313618
1.27867e+06 75005.3 75005.3 388618 -5.34238 75005.3 388618 -5.34237 -5.34237 388618 75005.3 -5.34238 388618 75005.3 75005.3 965056 -5.34044 75005.4 -313618 -5.34044 -5.34044 -313618 75005.4 -5.34044 -313618
1.27884e+06 75005.3 75005.3 388618 -5.33782 75005.3 388618 -5.33782 -5.33782 388618 75005.3 -5.33782 388618 75005.3 75005.3 965218 -5.33781 75005.4 -313618 -5.33783 -5.33783 -313618 75005.4 -5.33781 -313618
1.27867e+06 75005.3 75005.3 388618 -5.34192 75005.3 388618 -5.34195 -5.34195 388618 75005.3 -5.34192 388618 75005.3 75005.3 965056 -5.34383 75005.4 -313618 -5.34387 -5.34387 -313618 75005.4 -5.34383 -313618
1.27884e+06 75005.3 75005.3 388618 -5.33955 75005.3 388618 -5.33955 -5.33955 388618 75005.3 -5.33955 388618 75005.3 75005.3 965219 -5.33955 75005.4 -313618 -5.33956 -5.33956 -313618 75005.4 -5.33955 -313618
1.27907e+06 75005.4 75005.4 388619 -5.44342 75005.4 388619 -5.44342 -5.44342 388619 75005.4 -5.44342 388619 75005.4 75005.4 965453 -5.44341 75005.5 -313619 -5.44343 -5.44343 -313619 75005.5 -5.44341 -313619
1.27868e+06 75005.3 75005.3 388618 -5.34466 75005.3 388618 -5.3447 -5.3447 388618 75005.3 -5.34466 388618 75005.3 75005.3 965064 -5.34657 75005.4 -313618 -5.34661 -5.34661 -313618 75005.4 -5.34657 -313618
1.27871e+06 75005.4 75005.4 388618 -5.35968 75005.4 388618 -5.35898 -5.35959 388618 75005.4 -5.35904 388618 75005.3 75005.3 965096 -5.35877 75005.4 -313618 -5.35812 -5.35876 -313618 75005.4 -5.35815 -313618
1.2788e+06 75005.4 75005.4 388619 -5.40843 75005.4 388619 -5.40733 -5.40852 388619 75005.4 -5.40719 388619 75005.4 75005.4 965186 -5.40934 75005.4 -313619 -5.40854 -5.40939 -313619 75005.4 -5.40853 -313619
1.27868e+06 75005.3 75005.3 388618 -5.34969 75005.3 388618 -5.34967 -5.34967 388618 75005.3 -5.34968 388618 75005.3 75005.3 965059 -5.34774 75005.4 -313618 -5.34775 -5.34775 -313618 75005.4 -5.34774 -313618
1.27884e+06 75005.3 75005.3 388618 -5.34525 75005.3 388618 -5.34525 -5.34525 388618 75005.3 -5.34525 388618 75005.3 75005.3 965222 -5.34524 75005.4 -313618 -5.34526 -5.34526 -313618 75005.4 -5.34524 -313618
1.27884e+06 75005.3 75005.3 388618 -5.34627 75005.3 388618 -5.34627 -5.34627 388618 75005.3 -5.34627 388618 75005.3 75005.3 965227 -5.34627 75005.4 -313618 -5.34628 -5.34628 -313618 75005.4 -5.34627 -313618
1.27885e+06 75005.3 75005.3 388618 -5.34732 75005.3 388618 -5.34732 -5.34732 388618 75005.3 -5.34732 388618 75005.3 75005.3 965227 -5.34731 75005.4 -313618 -5.34732 -5.34732 -313618 75005.4 -5.34731 -313618
1.27908e+06 75005.5 75005.5 388619 -5.45149 75005.5 388619 -5.45149 -5.45149 388619 75005.5 -5.45149 388619 75005.4 75005.4 965458 -5.45148 75005.5 -313619 -5.4515 -5.4515 -313619 75005.5 -5.45148 -313619
1.27889e+06 75005.5 75005.5 388619 -5.45265 75005.5 388619 -5.45265 -5.45265 388619 75005.5 -5.45265 388619 75005.4 75005.4 965273 -5.45264 75005.5 -313619 -5.45265 -5.45265 -313619 75005.5 -5.45264 -313619
1.27889e+06 75005.5 75005.5 388619 -5.45378 75005.5 388619 -5.45378 -5.45378 388619 75005.5 -5.45378 388619 75005.4 75005.4 965269 -5.45377 75005.5 -313619 -5.45379 -5.45378 -313619 75005.5 -5.45377 -313619
1.27868e+06 75005.4 75005.4 388618 -5.35525 75005.4 388618 -5.35524 -5.35524 388618 75005.4 -5.35525 388618 75005.3 75005.3 965065 -5.35718 75005.4 -313618 -5.35717 -5.35717 -313618 75005.4 -5.35718 -313618
1.27884e+06 75005.4 75005.4 388618 -5.35288 75005.4 388618 -5.35288 -5.35288 388618 75005.4 -5.35288 388618 75005.3 75005.3 965226 -5.35287 75005.4 -313618 -5.35288 -5.35288 -313618 75005.4 -5.35287 -313618
1.27872e+06 75005.4 75005.4 388618 -5.37083 75005.4 388618 -5.37137 -5.37076 388618 75005.4 -5.37147 388618 75005.4 75005.4 965106 -5.36993 75005.4 -313618 -5.37054 -5.3699 -313618 75005.4 -5.37055 -313618
1.27872e+06 75005.4 75005.4 388618 -5.37204 75005.4 388618 -5.37259 -5.37198 388618 75005.4 -5.37268 388618 75005.4 75005.4 965104 -5.37115 75005.4 -313618 -5.37176 -5.37111 -313618 75005.4 -5.37177 -313618
1.27795e+06 75005 75005 388615 -5.03026 75005 388615 -5.03481 -5.0287 388616 75005 -5.03634 388615 75005 75005 964331 -5.04054 75005 -313615 -5.04434 -5.03994 -313616 75005.1 -5.04492 -313616
1.27883e+06 75005.4 75005.4 388618 -5.35759 75005.4 388618 -5.35759 -5.35759 388618 75005.4 -5.35759 388618 75005.3 75005.3 965209 -5.35758 75005.4 -313618 -5.35759 -5.35759 -313618 75005.4 -5.35758 -313618
1.27888e+06 75005.5 75005.5 388619 -5.46231 75005.5 388619 -5.46231 -5.46231 388619 75005.5 -5.46231 388619 75005.4 75005.4 965264 -5.4623 75005.5 -313619 -5.46231 -5.46231 -313619 75005.5 -5.4623 -313619
1.27885e+06 75005.4 75005.4 388618 -5.36037 75005.4 388618 -5.36037 -5.36037 388618 75005.4 -5.36037 388618 75005.3 75005.3 965235 -5.36037 75005.4 -313618 -5.36038 -5.36037 -313618 75005.4 -5.36037 -313618
1.27885e+06 75005.4 75005.4 388618 -5.36164 75005.4 388618 -5.36164 -5.36164 388618 75005.4 -5.36164 388618 75005.3 75005.3 965235 -5.36164 75005.4 -313618 -5.36165 -5.36165 -313618 75005.4 -5.36164 -313618
1.27908e+06 75005.5 75005.5 388619 -5.46635 75005.5 388619 -5.46635 -5.46635 388619 75005.5 -5.46635 388619 75005.5 75005.5 965466 -5.46635 75005.5 -313619 -5.46636 -5.46636 -313619 75005.5 -5.46635 -313619
1.27886e+06 75005.4 75005.4 388618 -5.36442 75005.4 388618 -5.36442 -5.36442 388618 75005.4 -5.36442 388618 75005.4 75005.4 965243 -5.36442 75005.4 -313618 -5.36443 -5.36443 -313618 75005.4 -5.36442 -313618
1.27873e+06 75005.4 75005.4 388618 -5.3823 75005.4 388618 -5.38164 -5.38228 388618 75005.4 -5.38168 388618 75005.4 75005.4 965113 -5.38321 75005.4 -313618 -5.38251 -5.38312 -313618 75005.4 -5.38257 -313618
1.27885e+06 75005.4 75005.4 388618 -5.36721 75005.4 388618 -5.36721 -5.3672 388618 75005.4 -5.36721 388618 75005.4 75005.4 965235 -5.3672 75005.4 -313618 -5.36721 -5.36721 -313618 75005.4 -5.3672 -313618
1.27882e+06 75005.4 75005.4 388619 -5.43408 75005.4 388619 -5.43298 -5.43417 388619 75005.4 -5.43283 388619 75005.4 75005.4 965203 -5.435 75005.4 -313619 -5.43419 -5.43504 -313619 75005.4 -5.43418 -313619
1.27869e+06 75005.4 75005.4 388618 -5.37559 75005.4 388618 -5.37557 -5.37557 388618 75005.4 -5.37559 388618 75005.4 75005.4 965073 -5.37364 75005.4 -313618 -5.37364 -5.37364 -313618 75005.4 -5.37364 -313618
1.27885e+06 75005.4 75005.4 388618 -5.37163 75005.4 388618 -5.37163 -5.37163 388618 75005.4 -5.37163 388618 75005.4 75005.4 965236 -5.37163 75005.4 -313618 -5.37164 -5.37164 -313618 75005.4 -5.37163 -313618
1.27874e+06 75005.4 75005.4 388618 -5.38998 75005.4 388618 -5.39053 -5.38992 388619 75005.4 -5.39063 388618 75005.4 75005.4 965117 -5.38909 75005.4 -313618 -5.3897 -5.38905 -313619 75005.4 -5.38971 -313618
1.27886e+06 75005.4 75005.4 388618 -5.37473 75005.4 388618 -5.37473 -5.37473 388618 75005.4 -5.37473 388618 75005.4 75005.4 965239 -5.37473 75005.4 -313618 -5.37473 -5.37473 -313618 75005.4 -5.37473 -313618
1.27874e+06 75005.4 75005.4 388618 -5.39314 75005.4 388618 -5.39368 -5.39307 388619 75005.4 -5.39378 388618 75005.4 75005.4 965119 -5.39224 75005.4 -313618 -5.39285 -5.3922 -313619 75005.4 -5.39286 -313618
1.27869e+06 75005.4 75005.4 388618 -5.3812 75005.4 388618 -5.38123 -5.38123 388618 75005.4 -5.38119 388618 75005.4 75005.4 965074 -5.38311 75005.4 -313618 -5.38315 -5.38315 -313618 75005.4 -5.38311 -313618
1.27869e+06 75005.4 75005.4 388618 -5.38305 75005.4 388618 -5.38305 -5.38305 388618 75005.4 -5.38305 388618 75005.4 75005.4 965075 -5.38499 75005.4 -313618 -5.38499 -5.38499 -313618 75005.4 -5.38499 -313618
1.27869e+06 75005.4 75005.4 388618 -5.38642 75005.4 388618 -5.38645 -5.38645 388618 75005.4 -5.38642 388618 75005.4 75005.4 965075 -5.38449 75005.4 -313618 -5.38454 -5.38453 -313618 75005.4 -5.38449 -313618
1.27874e+06 75005.4 75005.4 388618 -5.39977 75005.4 388619 -5.40032 -5.39971 388619 75005.4 -5.40041 388619 75005.4 75005.4 965118 -5.39888 75005.4 -313619 -5.39948 -5.39884 -313619 75005.4 -5.3995 -313619
1.27883e+06 75005.5 75005.5 388619 -5.45036 75005.4 388619 -5.45121 -5.45036 388619 75005.4 -5.45118 388619 75005.4 75005.4 965209 -5.44901 75005.5 -313619 -5.45035 -5.44916 -313619 75005.5 -5.45026 -313619
1.27889e+06 75005.5 75005.5 388619 -5.49019 75005.5 388619 -5.49019 -5.49019 388619 75005.5 -5.49019 388619 75005.5 75005.5 965267 -5.49018 75005.5 -313619 -5.49019 -5.49019 -313619 75005.5 -5.49018 -313619
1.2787e+06 75005.4 75005.4 388618 -5.39173 75005.4 388618 -5.39172 -5.39172 388619 75005.4 -5.39173 388618 75005.4 75005.4 965085 -5.39367 75005.4 -313618 -5.39366 -5.39366 -313619 75005.4 -5.39367 -313618
1.27874e+06 75005.4 75005.4 388619 -5.4075 75005.4 388619 -5.40679 -5.40741 388619 75005.4 -5.40686 388619 75005.4 75005.4 965122 -5.40659 75005.4 -313619 -5.40593 -5.40657 -313619 75005.4 -5.40597 -313619
1.27887e+06 75005.4 75005.4 388618 -5.39184 75005.4 388618 -5.39184 -5.39184 388619 75005.4 -5.39184 388618 75005.4 75005.4 965248 -5.39184 75005.4 -313618 -5.39184 -5.39184 -313619 75005.4 -5.39184 -313618
1.27871e+06 75005.4 75005.4 388618 -5.39915 75005.4 388619 -5.39913 -5.39913 388619 75005.4 -5.39915 388619 75005.4 75005.4 965087 -5.3972 75005.4 -313619 -5.3972 -5.3972 -313619 75005.4 -5.3972 -313619
1.27874e+06 75005.4 75005.4 388619 -5.41222 75005.4 388619 -5.41155 -5.41219 388619 75005.4 -5.41159 388619 75005.4 75005.4 965125 -5.41312 75005.4 -313619 -5.41242 -5.41304 -313619 75005.4 -5.41248 -313619
1.27889e+06 75005.5 75005.5 388619 -5.50149 75005.5 388619 -5.50148 -5.50148 388619 75005.5 -5.50148 388619 75005.5 75005.5 965271 -5.50148 75005.5 -313619 -5.50149 -5.50149 -313619 75005.5 -5.50148 -313619
1.27887e+06 75005.4 75005.4 388618 -5.39954 75005.4 388619 -5.39954 -5.39954 388619 75005.4 -5.39954 388619 75005.4 75005.4 965256 -5.39954 75005.4 -313619 -5.39954 -5.39954 -313619 75005.4 -5.39954 -313619
1.27875e+06 75005.4 75005.4 388619 -5.41811 75005.4 388619 -5.41744 -5.41809 388619 75005.4 -5.41749 388619 75005.4 75005.4 965132 -5.41902 75005.4 -313619 -5.41832 -5.41893 -313619 75005.4 -5.41838 -313619
1.27875e+06 75005.4 75005.4 388619 -5.42106 75005.4 388619 -5.42035 -5.42096 388619 75005.4 -5.42041 388619 75005.4 75005.4 965130 -5.42014 75005.4 -313619 -5.41948 -5.42012 -313619 75005.4 -5.41952 -313619
1.27884e+06 75005.5 75005.5 388619 -5.47014 75005.5 388619 -5.47148 -5.47028 388619 75005.5 -5.47139 388619 75005.5 75005.5 965220 -5.47149 75005.5 -313619 -5.47235 -5.4715 -313619 75005.5 -5.47231 -313619
1.27875e+06 75005.4 75005.4 388619 -5.42369 75005.4 388619 -5.42429 -5.42365 388619 75005.4 -5.42432 388619 75005.4 75005.4 965135 -5.42458 75005.4 -313619 -5.42514 -5.42452 -313619 75005.4 -5.42523 -313619
1.27891e+06 75005.5 75005.5 388619 -5.51392 75005.5 388620 -5.51392 -5.51392 388620 75005.5 -5.51392 388620 75005.5 75005.5 965290 -5.51391 75005.5 -313620 -5.51392 -5.51392 -313620 75005.5 -5.51391 -313620
1.27892e+06 75005.5 75005.5 388619 -5.51614 75005.5 388620 -5.51614 -5.51614 388620 75005.5 -5.51614 388620 75005.5 75005.5 965302 -5.51614 75005.5 -313620 -5.51615 -5.51615 -313620 75005.5 -5.51614 -313620
1.27876e+06 75005.4 75005.4 388619 -5.43017 75005.4 388619 -5.43077 -5.43013 388619 75005.4 -5.43079 388619 75005.4 75005.4 965140 -5.43106 75005.4 -313619 -5.43162 -5.431 -313619 75005.4 -5.4317 -313619
1.2789e+06 75005.5 75005.5 388620 -5.52057 75005.5 388620 -5.52057 -5.52056 388620 75005.5 -5.52057 388620 75005.5 75005.5 965281 -5.52056 75005.5 -313620 -5.52057 -5.52057 -313620 75005.5 -5.52056 -313620
1.27889e+06 75005.4 75005.4 388619 -5.41859 75005.4 388619 -5.41859 -5.41858 388619 75005.4 -5.41859 388619 75005.4 75005.4 965267 -5.41858 75005.4 -313619 -5.41859 -5.41859 -313619 75005.4 -5.41858 -313619
1.27892e+06 75005.5 75005.5 388620 -5.52516 75005.5 388620 -5.52516 -5.52515 388620 75005.5 -5.52516 388620 75005.5 75005.5 965299 -5.52515 75005.5 -313620 -5.52516 -5.52516 -313620 75005.5 -5.52515 -313620
1.27872e+06 75005.4 75005.4 388619 -5.42669 75005.4 388619 -5.42669 -5.42669 388619 75005.4 -5.42669 388619 75005.4 75005.4 965104 -5.42864 75005.4 -313619 -5.42863 -5.42863 -313619 75005.4 -5.42864 -313619
1.27888e+06 75005.4 75005.4 388619 -5.42547 75005.4 388619 -5.42547 -5.42547 388619 75005.4 -5.42547 388619 75005.4 75005.4 965266 -5.42546 75005.4 -313619 -5.42547 -5.42547 -313619 75005.4 -5.42546 -313619
1.27877e+06 75005.4 75005.4 388619 -5.44546 75005.4 388619 -5.44475 -5.44537 388619 75005.4 -5.44481 388619 75005.4 75005.4 965147 -5.44454 75005.5 -313619 -5.44388 -5.44452 -313619 75005.5 -5.44392 -313619
1.27889e+06 75005.4 75005.4 388619 -5.43026 75005.4 388619 -5.43026 -5.43026 388619 75005.4 -5.43026 388619 75005.4 75005.4 965269 -5.43026 75005.4 -313619 -5.43026 -5.43026 -313619 75005.4 -5.43026 -313619
1.27889e+06 75005.4 75005.4 388619 -5.4327 75005.4 388619 -5.4327 -5.4327 388619 75005.4 -5.4327 388619 75005.4 75005.4 965274 -5.4327 75005.4 -313619 -5.4327 -5.4327 -313619 75005.4 -5.4327 -313619
1.27877e+06 75005.5 75005.5 388619 -5.45128 75005.5 388619 -5.45188 -5.45123 388619 75005.5 -5.4519 388619 75005.4 75005.4 965151 -5.45217 75005.5 -313619 -5.45273 -5.45211 -313619 75005.5 -5.45281 -313619
1.27873e+06 75005.4 75005.4 388619 -5.44101 75005.4 388619 -5.44104 -5.44104 388619 75005.4 -5.44101 388619 75005.4 75005.4 965107 -5.44294 75005.4 -313619 -5.44297 -5.44297 -313619 75005.4 -5.44294 -313619
1.27891e+06 75005.5 75005.5 388620 -5.54492 75005.5 388620 -5.54492 -5.54492 388620 75005.5 -5.54492 388620 75005.5 75005.5 965293 -5.54492 75005.6 -313620 -5.54492 -5.54492 -313620 75005.6 -5.54492 -313620
1.27893e+06 75005.5 75005.5 388620 -5.5476 75005.5 388620 -5.5476 -5.5476 388620 75005.5 -5.5476 388620 75005.5 75005.5 965311 -5.5476 75005.6 -313620 -5.5476 -5.5476 -313620 75005.6 -5.5476 -313620
1.27894e+06 75005.6 75005.6 388620 -5.55027 75005.5 388620 -5.55027 -5.55027 388620 75005.5 -5.55027 388620 75005.5 75005.5 965318 -5.55026 75005.6 -313620 -5.55027 -5.55027 -313620 75005.6 -5.55026 -313620
1.2789e+06 75005.4 75005.4 388619 -5.44816 75005.4 388619 -5.44816 -5.44816 388619 75005.4 -5.44816 388619 75005.4 75005.4 965283 -5.44815 75005.5 -313619 -5.44816 -5.44816 -313619 75005.5 -5.44815 -313619
1.2789e+06 75005.5 75005.5 388619 -5.4508 75005.4 388619 -5.4508 -5.4508 388619 75005.4 -5.4508 388619 75005.4 75005.4 965284 -5.45079 75005.5 -313619 -5.4508 -5.4508 -313619 75005.5 -5.45079 -313619
1.27874e+06 75005.5 75005.5 388619 -5.45707 75005.5 388619 -5.45706 -5.45706 388619 75005.5 -5.45707 388619 75005.5 75005.5 965119 -5.45902 75005.5 -313619 -5.45901 -5.45901 -313619 75005.5 -5.45902 -313619
1.27892e+06 75005.6 75005.6 388620 -5.56124 75005.6 388620 -5.56124 -5.56124 388620 75005.6 -5.56124 388620 75005.6 75005.6 965302 -5.56124 75005.6 -313620 -5.56125 -5.56125 -313620 75005.6 -5.56124 -313620
1.27891e+06 75005.5 75005.5 388619 -5.45915 75005.5 388619 -5.45915 -5.45915 388619 75005.5 -5.45915 388619 75005.5 75005.5 965289 -5.45914 75005.5 -313619 -5.45915 -5.45915 -313619 75005.5 -5.45914 -313619
1.27891e+06 75005.5 75005.5 388619 -5.46193 75005.5 388619 -5.46193 -5.46193 388619 75005.5 -5.46193 388619 75005.5 75005.5 965290 -5.46193 75005.5 -313619 -5.46193 -5.46193 -313619 75005.5 -5.46193 -313619
1.27874e+06 75005.5 75005.5 388619 -5.47032 75005.5 388619 -5.4703 -5.4703 388619 75005.5 -5.47032 388619 75005.5 75005.5 965125 -5.46836 75005.5 -313619 -5.46835 -5.46835 -313619 75005.5 -5.46836 -313619
1.27891e+06 75005.5 75005.5 388619 -5.46773 75005.5 388619 -5.46773 -5.46773 388619 75005.5 -5.46773 388619 75005.5 75005.5 965288 -5.46772 75005.5 -313619 -5.46773 -5.46773 -313619 75005.5 -5.46772 -313619
1.27801e+06 75005.1 75005.1 388616 -5.14721 75005.1 388616 -5.15238 -5.14781 388616 75005.1 -5.15178 388616 75005.1 75005.1 964392 -5.13578 75005.1 -313616 -5.14369 -5.1374 -313616 75005.2 -5.14213 -313616
1.27889e+06 75005.5 75005.5 388619 -5.4735 75005.5 388619 -5.4735 -5.4735 388619 75005.5 -5.4735 388619 75005.5 75005.5 965272 -5.4735 75005.5 -313619 -5.47351 -5.47351 -313619 75005.5 -5.4735 -313619
1.27895e+06 75005.6 75005.6 388620 -5.582 75005.6 388620 -5.582 -5.582 388620 75005.6 -5.582 388620 75005.6 75005.6 965328 -5.58199 75005.6 -313620 -5.582 -5.582 -313620 75005.6 -5.58199 -313620
1.2788e+06 75005.5 75005.5 388619 -5.49604 75005.5 388619 -5.49664 -5.49599 388619 75005.5 -5.49666 388619 75005.5 75005.5 965176 -5.49693 75005.5 -313619 -5.49749 -5.49687 -313619 75005.5 -5.49758 -313619
1.27879e+06 75005.5 75005.5 388619 -5.49973 75005.5 388619 -5.49906 -5.49971 388619 75005.5 -5.49911 388619 75005.5 75005.5 965173 -5.50065 75005.5 -313619 -5.49994 -5.50056 -313619 75005.5 -5.5 -313619
1.27892e+06 75005.5 75005.5 388619 -5.48603 75005.5 388619 -5.48603 -5.48603 388619 75005.5 -5.48603 388619 75005.5 75005.5 965299 -5.48603 75005.5 -313619 -5.48603 -5.48603 -313619 75005.5 -5.48603 -313619
1.27892e+06 75005.5 75005.5 388619 -5.48921 75005.5 388619 -5.48921 -5.48921 388619 75005.5 -5.48921 388619 75005.5 75005.5 965304 -5.4892 75005.5 -313619 -5.48921 -5.48921 -313619 75005.5 -5.4892 -313619
1.27644e+06 75004.6 75004.6 388611 -4.56809 75004.6 388611 -4.5532 -4.56703 388611 75004.6 -4.55432 388611 75004.6 75004.5 962828 -4.56693 75004.6 -313611 -4.55435 -4.56821 -313611 75004.6 -4.55301 -313611
1.27886e+06 75005.5 75005.5 388619 -5.49523 75005.5 388619 -5.49523 -5.49523 388619 75005.5 -5.49523 388619 75005.5 75005.5 965241 -5.49523 75005.5 -313619 -5.49523 -5.49523 -313619 75005.5 -5.49523 -313619
1.27876e+06 75005.5 75005.5 388619 -5.50235 75005.5 388619 -5.50238 -5.50238 388619 75005.5 -5.50235 388619 75005.5 75005.5 965142 -5.50429 75005.5 -313619 -5.50432 -5.50432 -313619 75005.5 -5.50429 -313619
1.27896e+06 75005.6 75005.6 388620 -5.60809 75005.6 388620 -5.60809 -5.60809 388620 75005.6 -5.60809 388620 75005.6 75005.6 965338 -5.60809 75005.6 -313620 -5.60809 -5.60809 -313620 75005.6 -5.60809 -313620
1.27558e+06 75004.2 75004.2 388609 -4.21699 75004.2 388609 -4.23094 -4.21619 388609 75004.2 -4.23177 388609 75004.2 75004.2 961976 -4.22415 75004.2 -313609 -4.23679 -4.222 -313609 75004.2 -4.23886 -313609
1.27884e+06 75005.5 75005.5 388619 -5.50853 75005.5 388619 -5.50853 -5.50853 388619 75005.5 -5.50853 388619 75005.5 75005.5 965225 -5.50853 75005.5 -313619 -5.50853 -5.50853 -313619 75005.5 -5.50852 -313619
1.27881e+06 75005.5 75005.5 388620 -5.52958 75005.5 388620 -5.52891 -5.52956 388620 75005.5 -5.52895 388620 75005.5 75005.5 965190 -5.5305 75005.5 -313620 -5.52979 -5.53041 -313620 75005.5 -5.52985 -313620
1.27877e+06 75005.5 75005.5 388620 -5.51975 75005.5 388620 -5.51974 -5.51974 388620 75005.5 -5.51975 388620 75005.5 75005.5 965150 -5.52171 75005.5 -313620 -5.5217 -5.5217 -313620 75005.5 -5.52172 -313620
1.27881e+06 75005.5 75005.5 388620 -5.53695 75005.5 388620 -5.5375 -5.53688 388620 75005.5 -5.53759 388620 75005.5 75005.5 965192 -5.53604 75005.5 -313620 -5.53665 -5.536 -313620 75005.5 -5.53667 -313620
1.27877e+06 75005.5 75005.5 388620 -5.52888 75005.5 388620 -5.52886 -5.52886 388620 75005.5 -5.52888 388620 75005.5 75005.5 965154 -5.52691 75005.5 -313620 -5.52691 -5.52691 -313620 75005.5 -5.52691 -313620
1.27877e+06 75005.5 75005.5 388620 -5.53227 75005.5 388620 -5.53229 -5.53229 388620 75005.5 -5.53227 388620 75005.5 75005.5 965154 -5.53032 75005.5 -313620 -5.53036 -5.53035 -313620 75005.5 -5.53032 -313620
1.27898e+06 75005.6 75005.6 388620 -5.59191 75005.6 388620 -5.59102 -5.59184 388620 75005.6 -5.5911 388620 75005.6 75005.6 965359 -5.59191 75005.6 -313620 -5.59103 -5.59184 -313620 75005.6 -5.5911 -313620
1.27878e+06 75005.5 75005.5 388620 -5.53972 75005.5 388620 -5.53974 -5.53974 388620 75005.5 -5.53972 388620 75005.5 75005.5 965163 -5.53777 75005.5 -313620 -5.5378 -5.5378 -313620 75005.5 -5.53777 -313620
1.27898e+06 75005.6 75005.6 388620 -5.59949 75005.6 388620 -5.5986 -5.59941 388620 75005.6 -5.59868 388620 75005.6 75005.6 965363 -5.59949 75005.6 -313620 -5.5986 -5.59941 -313620 75005.6 -5.59867 -313620
1.27879e+06 75005.5 75005.5 388620 -5.54731 75005.5 388620 -5.54734 -5.54734 388620 75005.5 -5.54731 388620 75005.5 75005.5 965167 -5.54536 75005.6 -313620 -5.54539 -5.54539 -313620 75005.6 -5.54536 -313620
1.27895e+06 75005.5 75005.5 388620 -5.54582 75005.5 388620 -5.54582 -5.54582 388620 75005.5 -5.54582 388620 75005.5 75005.5 965330 -5.54582 75005.5 -313620 -5.54582 -5.54582 -313620 75005.5 -5.54582 -313620
1.27896e+06 75005.6 75005.6 388620 -5.54973 75005.5 388620 -5.54973 -5.54973 388620 75005.5 -5.54973 388620 75005.5 75005.5 965337 -5.54973 75005.6 -313620 -5.54973 -5.54973 -313620 75005.6 -5.54973 -313620
1.27883e+06 75005.6 75005.6 388620 -5.57009 75005.6 388620 -5.5707 -5.57005 388620 75005.6 -5.57072 388620 75005.6 75005.6 965215 -5.571 75005.6 -313620 -5.57156 -5.57093 -313620 75005.6 -5.57165 -313620
1.27896e+06 75005.6 75005.6 388620 -5.55768 75005.6 388620 -5.55768 -5.55768 388620 75005.6 -5.55768 388620 75005.6 75005.6 965338 -5.55768 75005.6 -313620 -5.55768 -5.55768 -313620 75005.6 -5.55768 -313620
1.2788e+06 75005.6 75005.6 388620 -5.56533 75005.6 388620 -5.56532 -5.56532 388620 75005.6 -5.56533 388620 75005.6 75005.6 965178 -5.5673 75005.6 -313620 -5.56729 -5.56729 -313620 75005.6 -5.5673 -313620
1.27896e+06 75005.6 75005.6 388620 -5.5658 75005.6 388620 -5.5658 -5.5658 388620 75005.6 -5.5658 388620 75005.6 75005.6 965341 -5.5658 75005.6 -313620 -5.5658 -5.5658 -313620 75005.6 -5.5658 -313620
1.2788e+06 75005.6 75005.6 388620 -5.57528 75005.6 388620 -5.5753 -5.5753 388620 75005.6 -5.57528 388620 75005.6 75005.6 965181 -5.57332 75005.6 -313620 -5.57336 -5.57336 -313620 75005.6 -5.57332 -313620
1.2788e+06 75005.6 75005.6 388620 -5.57751 75005.6 388620 -5.57754 -5.57754 388620 75005.6 -5.57751 388620 75005.6 75005.6 965179 -5.57946 75005.6 -313620 -5.57949 -5.57949 -313620 75005.6 -5.57946 -313620
1.27884e+06 75005.6 75005.6 388620 -5.59573 75005.6 388620 -5.59629 -5.59566 388620 75005.6 -5.59638 388620 75005.6 75005.6 965223 -5.59482 75005.6 -313620 -5.59544 -5.59478 -313620 75005.6 -5.59546 -313620
