1 12500 12500 12500 1.98952e-13 12500 12500 3.41061e-13 -1.13687e-13 12500 12500 -5.96856e-13 12500 12500 12500 -2.55795e-13 0 12500 -4.54747e-13 4.54747e-13 0 4.54747e-13 12500 -6.82121e-13 1.25056e-12
2 12500 12500 12500 -6.82121e-13 12500 12500 -1.13687e-12 5.68434e-13 12500 12500 -2.55795e-13 12500 12500 12500 0 -1.13687e-13 12500 -1.13687e-12 4.54747e-13 -4.54747e-13 -4.54747e-13 12500 1.25056e-12 6.82121e-13
62732.6 12500.2 12500.2 31552.7 -0.20904 12500.2 31552.7 -0.20904 -0.20904 31552.7 12500.2 -0.20904 31552.7 12500.2 12500.2 43679.9 -0.20904 12500.2 -19052.7 -0.20904 -0.20904 -19052.7 12500.2 -0.20904 -19052.7
122346 12500.3 12500.3 45083.5 -0.271939 12500.3 45083.5 -0.271939 -0.271939 45083.5 12500.3 -0.271939 45083.5 12500.3 12500.3 89762.1 -0.271939 12500.3 -32583.5 -0.271939 -0.271939 -32583.5 12500.3 -0.271939 -32583.5
178787 12500.1 12500.1 55358.7 -0.862178 12500.1 55359.4 -0.86237 -0.86237 55360.2 12500.1 -0.862178 55359.4 12499.9 12499.9 135927 0.850432 12499.9 -42859.4 0.850565 0.850565 -42858.7 12499.9 0.850432 -42859.4
216848 12500.4 12500.4 63281.2 -0.884355 12500.5 63280.3 -0.404992 -0.404992 63280.1 12500.5 -0.884355 63280.3 12499.7 12499.7 166067 -0.906439 12500.4 -50780.7 1.1453 1.1453 -50779.4 12500.4 -0.906439 -50780.7
246132 12500.7 12500.7 69228.1 -0.478296 12500.7 69227.5 -0.478664 -0.478664 69226.9 12500.7 -0.478296 69227.5 12500.3 12500.3 189404 -0.475979 12500.2 -56727.5 -0.478798 -0.478798 -56727.3 12500.2 -0.475979 -56727.5
260376 12500.8 12500.8 73669.3 -0.102527 12500.5 73668.8 -0.645097 -0.645097 73668.4 12500.5 -0.102527 73668.8 12500.4 12500.4 199207 -0.520212 12500.2 -61168.9 -0.645994 -0.645994 -61168.9 12500.2 -0.520212 -61168.9
278669 12501.1 12501.1 77524.4 -1.00003 12501.1 77524 -0.999598 -0.999598 77523.6 12501.1 -1.00003 77524 12500.9 12500.9 213645 -0.999407 12500.8 -65024 -0.999005 -0.999005 -65023.9 12500.8 -0.999407 -65024
293748 12502.7 12502.6 81374.3 -2.73867 12502.7 81374 -2.41312 -2.74186 81373.6 12502.6 -2.40304 81374 12502.5 12502.6 224874 -2.40286 12502.4 -68874 -2.74144 -2.41271 -68873.8 12502.5 -2.73848 -68874
297471 12501.4 12501.4 82917 -1.33275 12501.4 82916.7 -1.33284 -1.33274 82916.3 12501.4 -1.33286 82916.7 12501.3 12501.3 227055 -1.33272 12501.2 -70416.7 -1.33246 -1.33256 -70416.5 12501.2 -1.33261 -70416.7
303633 12501.7 12501.7 84518.7 -1.64126 12501.7 84518.4 -1.60443 -1.63425 84518.1 12501.7 -1.61392 84518.4 12501.6 12501.6 231615 -1.66021 12501.5 -72018.4 -1.64263 -1.65763 -72018.2 12501.5 -1.64357 -72018.3
310096 12502.1 12502.1 86171.3 -2.03638 12502.1 86171.1 -2.03635 -2.03637 86170.8 12502.1 -2.03636 86171 12502 12502 236424 -2.03627 12501.9 -73671.1 -2.03615 -2.03612 -73670.9 12502 -2.0363 -73671
318650 12502.8 12502.8 87879.2 -2.781 12502.8 87879 -2.78093 -2.78099 87878.7 12502.8 -2.78094 87878.9 12502.8 12502.8 243271 -2.7809 12502.7 -75379 -2.78078 -2.78074 -75378.8 12502.7 -2.78094 -75378.9
325784 12503.4 12503.4 89641.1 -3.37716 12503.4 89640.9 -3.35591 -3.35596 89640.7 12503.4 -3.37711 89640.9 12503.4 12503.4 248643 -3.4042 12503.3 -77140.9 -3.39579 -3.39575 -77140.8 12503.3 -3.40424 -77140.9
327546 12501.5 12501.5 91440.9 -1.45842 12501.5 91440.7 -1.4584 -1.45842 91440.5 12501.5 -1.4584 91440.7 12501.5 12501.5 248605 -1.4584 12501.4 -78940.7 -1.45836 -1.45835 -78940.6 12501.4 -1.45842 -78940.7
335345 12501.9 12501.9 93319.8 -1.91565 12501.9 93319.7 -1.91563 -1.91565 93319.5 12501.9 -1.91563 93319.7 12501.9 12501.9 254525 -1.91565 12501.9 -80819.7 -1.91561 -1.91559 -80819.5 12501.9 -1.91567 -80819.6
338478 12503.1 12503.1 93772.9 -3.09016 12503.1 93772.8 -3.09014 -3.09016 93772.6 12503.1 -3.09014 93772.8 12503.1 12503.1 257205 -3.09016 12503.1 -81272.8 -3.09011 -3.09009 -81272.6 12503.1 -3.09018 -81272.8
338460 12503.1 12503.1 93773.3 -3.13102 12503.1 93773.2 -3.13281 -3.13687 93773 12503.1 -3.12935 93773.1 12503.2 12503.2 257187 -3.13766 12503.1 -81273.2 -3.12989 -3.13672 -81273 12503.1 -3.13086 -81273.1
338687 12503.1 12503.1 93773.2 -3.11791 12503.1 93773 -3.11788 -3.1179 93772.9 12503.1 -3.11788 93773 12503.1 12503.1 257414 -3.11791 12503.1 -81273 -3.11786 -3.11784 -81272.9 12503.1 -3.11793 -81273
338693 12503.1 12503.1 93773.2 -3.11791 12503.1 93773 -3.11789 -3.11791 93772.9 12503.1 -3.11789 93773 12503.1 12503.1 257420 -3.11791 12503.1 -81273 -3.11786 -3.11785 -81272.9 12503.1 -3.11793 -81273
338693 12503.1 12503.1 93773.1 -3.11792 12503.1 93773 -3.1179 -3.11792 93772.9 12503.1 -3.1179 93773 12503.1 12503.1 257420 -3.11793 12503.1 -81273 -3.11788 -3.11786 -81272.9 12503.1 -3.11794 -81273
338905 12503.2 12503.2 93774 -3.20885 12503.2 93773.9 -3.22373 -3.20628 93773.8 12503.2 -3.22509 93773.9 12503.2 12503.3 257631 -3.22284 12503.2 -81273.9 -3.23294 -3.22324 -81273.8 12503.2 -3.23362 -81273.9
338472 12503.1 12503.1 93773.3 -3.13118 12503.1 93773.2 -3.13297 -3.13703 93773 12503.1 -3.12951 93773.2 12503.2 12503.2 257198 -3.13782 12503.1 -81273.2 -3.13006 -3.13689 -81273 12503.1 -3.13102 -81273.1
338917 12503.2 12503.2 93773.9 -3.20662 12503.2 93773.8 -3.19936 -3.19937 93773.7 12503.2 -3.20661 93773.8 12503.2 12503.2 257643 -3.21755 12503.2 -81273.8 -3.21487 -3.21485 -81273.7 12503.2 -3.21757 -81273.8
338700 12503.1 12503.1 93773.1 -3.11804 12503.1 93773 -3.11803 -3.11805 93772.9 12503.1 -3.11803 93773 12503.1 12503.1 257426 -3.11806 12503.1 -81273 -3.11801 -3.118 -81272.9 12503.1 -3.11807 -81273
337718 12502.8 12502.8 93770.1 -2.68013 12502.8 93770 -2.72073 -2.72074 93769.8 12502.8 -2.68012 93770 12502.8 12502.8 256448 -2.8056 12502.7 -81270 -2.81963 -2.81962 -81269.9 12502.7 -2.80561 -81270
338684 12503.2 12503.1 93773.5 -3.15641 12503.2 93773.4 -3.14488 -3.15359 93773.3 12503.1 -3.1472 93773.3 12503.2 12503.2 257410 -3.16871 12503.1 -81273.4 -3.16196 -3.16767 -81273.3 12503.1 -3.16367 -81273.3
338693 12503.1 12503.1 93773.1 -3.11808 12503.1 93773 -3.11808 -3.11809 93772.9 12503.1 -3.11807 93773 12503.1 12503.1 257420 -3.11812 12503.1 -81273 -3.11808 -3.11807 -81272.9 12503.1 -3.11813 -81273
338751 12503.2 12503.2 93773.6 -3.1804 12503.2 93773.5 -3.16236 -3.17728 93773.4 12503.2 -3.16564 93773.4 12503.2 12503.2 257477 -3.18045 12503.2 -81273.5 -3.16237 -3.17726 -81273.4 12503.2 -3.16571 -81273.4
337917 12502.9 12502.8 93771 -2.90939 12502.9 93771.1 -2.8337 -2.90814 93770.9 12502.8 -2.83644 93770.8 12502.9 12502.9 256646 -2.91199 12502.9 -81271.1 -2.84084 -2.91324 -81270.9 12502.8 -2.84009 -81270.8
338884 12503.2 12503.2 93774 -3.2252 12503.2 93774 -3.20637 -3.22384 93773.8 12503.2 -3.20893 93773.8 12503.2 12503.2 257610 -3.23371 12503.2 -81274 -3.22339 -3.23305 -81273.8 12503.2 -3.22297 -81273.8
338855 12503.2 12503.2 93773.8 -3.2106 12503.2 93773.8 -3.21452 -3.21454 93773.7 12503.2 -3.21057 93773.7 12503.2 12503.2 257581 -3.19195 12503.2 -81273.8 -3.203 -3.20301 -81273.7 12503.2 -3.19194 -81273.7
338698 12503.1 12503.1 93773.1 -3.11832 12503.1 93773.1 -3.11829 -3.11832 93773 12503.1 -3.11829 93773 12503.1 12503.1 257425 -3.11835 12503.1 -81273.1 -3.11829 -3.1183 -81273 12503.1 -3.11834 -81273
338905 12503.2 12503.2 93774 -3.22322 12503.2 93773.9 -3.23335 -3.2237 93773.8 12503.2 -3.23396 93773.9 12503.2 12503.3 257631 -3.20927 12503.2 -81273.9 -3.22412 -3.20666 -81273.8 12503.2 -3.22553 -81273.9
338699 12503.1 12503.1 93773.1 -3.11843 12503.1 93773.1 -3.11841 -3.11843 93773 12503.1 -3.1184 93773 12503.1 12503.1 257426 -3.11846 12503.1 -81273.1 -3.11841 -3.11842 -81273 12503.1 -3.11845 -81273
338630 12503.1 12503.1 93773.2 -3.12125 12503.1 93773.2 -3.1107 -3.12636 93773 12503.1 -3.10467 93773 12503.1 12503.1 257357 -3.14245 12503.1 -81273.2 -3.13627 -3.14431 -81273.1 12503.1 -3.13495 -81273
338692 12503.1 12503.1 93773.1 -3.11849 12503.1 93773.1 -3.11848 -3.11849 93773 12503.1 -3.11848 93773 12503.1 12503.1 257419 -3.11851 12503.1 -81273.1 -3.11847 -3.11847 -81273 12503.1 -3.11851 -81273
338850 12503.2 12503.2 93773.8 -3.21087 12503.2 93773.8 -3.2148 -3.21482 93773.7 12503.2 -3.21085 93773.7 12503.2 12503.2 257576 -3.19221 12503.2 -81273.8 -3.20328 -3.20328 -81273.7 12503.2 -3.19221 -81273.7
338698 12503.1 12503.1 93773.1 -3.11867 12503.1 93773.1 -3.11866 -3.11867 93773 12503.1 -3.11865 93773 12503.1 12503.1 257425 -3.11869 12503.1 -81273.1 -3.11865 -3.11865 -81273 12503.1 -3.11869 -81273
338461 12503.1 12503.1 93773.2 -3.12969 12503.1 93773.2 -3.13248 -3.12709 93773.1 12503.1 -3.1362 93773.1 12503.1 12503.1 257188 -3.13012 12503.1 -81273.2 -3.13456 -3.12739 -81273.1 12503.1 -3.13825 -81273.1
338899 12503.2 12503.2 93774 -3.2237 12503.2 93773.9 -3.23384 -3.22417 93773.9 12503.2 -3.23444 93773.9 12503.2 12503.2 257625 -3.20973 12503.2 -81273.9 -3.2246 -3.20713 -81273.8 12503.2 -3.226 -81273.9
338226 12503.1 12503.1 93773 -3.11164 12503.1 93773 -3.11163 -3.11165 93772.9 12503.1 -3.11163 93773 12503.1 12503.1 256953 -3.11166 12503.1 -81273 -3.11163 -3.11163 -81272.9 12503.1 -3.11166 -81273
338682 12503.1 12503.1 93773.1 -3.11893 12503.1 93773 -3.11893 -3.11894 93773 12503.1 -3.11892 93773 12503.1 12503.1 257409 -3.11894 12503.1 -81273 -3.11892 -3.11891 -81273 12503.1 -3.11895 -81273
338905 12503.2 12503.2 93773.9 -3.22396 12503.2 93773.9 -3.23411 -3.22443 93773.9 12503.2 -3.23471 93773.9 12503.2 12503.2 257631 -3.20999 12503.2 -81273.9 -3.22487 -3.20739 -81273.9 12503.2 -3.22626 -81273.9
338929 12503.2 12503.2 93773.9 -3.20786 12503.2 93773.8 -3.20061 -3.20062 93773.7 12503.2 -3.20785 93773.8 12503.2 12503.2 257655 -3.21879 12503.2 -81273.8 -3.21613 -3.21613 -81273.8 12503.2 -3.2188 -81273.8
338325 12503.1 12503.1 93773 -3.11201 12503.1 93773 -3.11201 -3.11202 93772.9 12503.1 -3.11201 93773 12503.1 12503.1 257052 -3.11202 12503.1 -81273 -3.112 -3.11199 -81272.9 12503.1 -3.11203 -81273
338457 12503.1 12503.1 93773.2 -3.1325 12503.1 93773.2 -3.13431 -3.13835 93773.1 12503.1 -3.13084 93773.2 12503.1 12503.1 257184 -3.13915 12503.1 -81273.2 -3.13141 -3.13825 -81273.1 12503.1 -3.13234 -81273.2
338844 12503.2 12503.2 93773.8 -3.2118 12503.2 93773.8 -3.21574 -3.21574 93773.7 12503.2 -3.2118 93773.8 12503.2 12503.2 257570 -3.19313 12503.2 -81273.8 -3.20422 -3.20421 -81273.7 12503.2 -3.19314 -81273.8
337460 12502.7 12502.7 93769.8 -2.68633 12502.7 93769.7 -2.64829 -2.6483 93769.6 12502.7 -2.68633 93769.7 12502.7 12502.7 256190 -2.78478 12502.7 -81269.7 -2.77785 -2.77784 -81269.7 12502.7 -2.78479 -81269.7
338661 12503.1 12503.1 93773.1 -3.11946 12503.1 93773 -3.11947 -3.11948 93773 12503.1 -3.11945 93773 12503.1 12503.1 257388 -3.11945 12503.1 -81273 -3.11943 -3.11943 -81273 12503.1 -3.11946 -81273
338905 12503.2 12503.2 93773.9 -3.23552 12503.2 93773.9 -3.22523 -3.23491 93773.9 12503.2 -3.22475 93773.9 12503.2 12503.2 257631 -3.22707 12503.2 -81273.9 -3.20822 -3.22569 -81273.9 12503.2 -3.21081 -81273.9
338473 12503.1 12503.1 93773.2 -3.13318 12503.1 93773.2 -3.13499 -3.13903 93773.1 12503.1 -3.13152 93773.2 12503.1 12503.1 257199 -3.13984 12503.1 -81273.2 -3.13211 -3.13895 -81273.1 12503.1 -3.13304 -81273.1
338900 12503.2 12503.2 93774 -3.22734 12503.2 93774 -3.2085 -3.22598 93773.9 12503.2 -3.21107 93773.9 12503.2 12503.2 257626 -3.23585 12503.2 -81274 -3.22553 -3.23521 -81273.9 12503.2 -3.22508 -81273.9
338930 12503.2 12503.2 93773.9 -3.209 12503.2 93773.8 -3.20175 -3.20176 93773.8 12503.2 -3.209 93773.8 12503.2 12503.2 257656 -3.21994 12503.2 -81273.8 -3.21728 -3.21728 -81273.8 12503.2 -3.21994 -81273.8
338701 12503.1 12503.1 93773.1 -3.12045 12503.1 93773.1 -3.12044 -3.12045 93773 12503.1 -3.12044 93773 12503.1 12503.1 257428 -3.12047 12503.1 -81273.1 -3.12044 -3.12045 -81273 12503.1 -3.12046 -81273
338695 12503.1 12503.1 93773.1 -3.12055 12503.1 93773.1 -3.12055 -3.12055 93773 12503.1 -3.12054 93773 12503.1 12503.1 257422 -3.12057 12503.1 -81273.1 -3.12055 -3.12055 -81273 12503.1 -3.12057 -81273
338695 12503.1 12503.1 93773.1 -3.12072 12503.1 93773.1 -3.12071 -3.12072 93773 12503.1 -3.12071 93773 12503.1 12503.1 257422 -3.12074 12503.1 -81273.1 -3.12072 -3.12072 -81273 12503.1 -3.12074 -81273
338907 12503.2 12503.2 93774 -3.22816 12503.2 93774 -3.20932 -3.2268 93773.9 12503.2 -3.21188 93773.9 12503.2 12503.2 257633 -3.23666 12503.2 -81274 -3.22634 -3.23603 -81273.9 12503.2 -3.22589 -81273.9
338912 12503.2 12503.2 93774 -3.21214 12503.2 93773.9 -3.22705 -3.20957 93773.9 12503.2 -3.22841 93773.9 12503.2 12503.2 257638 -3.22614 12503.2 -81273.9 -3.23627 -3.22659 -81273.9 12503.2 -3.23691 -81273.9
338701 12503.1 12503.1 93773.1 -3.12132 12503.1 93773.1 -3.12132 -3.12133 93773 12503.1 -3.12131 93773 12503.1 12503.1 257428 -3.12134 12503.1 -81273.1 -3.12132 -3.12132 -81273 12503.1 -3.12134 -81273
338695 12503.1 12503.1 93773.1 -3.12145 12503.1 93773.1 -3.12145 -3.12145 93773 12503.1 -3.12145 93773 12503.1 12503.1 257422 -3.12147 12503.1 -81273.1 -3.12145 -3.12145 -81273 12503.1 -3.12147 -81273
338695 12503.1 12503.1 93773.1 -3.12165 12503.1 93773.1 -3.12165 -3.12166 93773 12503.1 -3.12165 93773 12503.1 12503.1 257422 -3.12167 12503.1 -81273.1 -3.12165 -3.12165 -81273 12503.1 -3.12167 -81273
338468 12503.1 12503.1 93773.2 -3.13505 12503.1 93773.2 -3.13685 -3.14089 93773.2 12503.1 -3.13339 93773.2 12503.1 12503.1 257195 -3.1417 12503.1 -81273.2 -3.13396 -3.14081 -81273.2 12503.1 -3.13488 -81273.2
338690 12503.1 12503.1 93773.1 -3.12209 12503.1 93773.1 -3.12209 -3.12209 93773 12503.1 -3.12208 93773 12503.1 12503.1 257417 -3.1221 12503.1 -81273.1 -3.12209 -3.12209 -81273 12503.1 -3.1221 -81273
336347 12502.3 12502.3 93766.2 -2.21419 12502.3 93766 -2.22819 -2.21334 93766 12502.3 -2.22869 93766.1 12502.3 12502.3 255081 -2.34052 12502.3 -81266 -2.39549 -2.34141 -81266.1 12502.3 -2.39503 -81266.1
337950 12503 12503 93771.9 -3.01568 12503 93772 -2.99712 -3.0166 93772 12503 -2.9973 93771.9 12503 12503 256678 -2.99619 12503 -81272 -2.95409 -2.998 -81271.9 12503 -2.9499 -81271.9
338676 12503.1 12503.1 93773.1 -3.12267 12503.1 93773.1 -3.12268 -3.12268 93773 12503.1 -3.12268 93773.1 12503.1 12503.1 257403 -3.12272 12503.1 -81273.1 -3.12272 -3.1227 -81273 12503.1 -3.12274 -81273.1
338712 12503.2 12503.2 93773.4 -3.15244 12503.2 93773.4 -3.15883 -3.15013 93773.4 12503.2 -3.16164 93773.4 12503.2 12503.2 257439 -3.16893 12503.2 -81273.4 -3.17299 -3.16726 -81273.4 12503.2 -3.17399 -81273.4
338908 12503.2 12503.2 93774 -3.22835 12503.2 93773.9 -3.2385 -3.22882 93773.9 12503.2 -3.23911 93774 12503.2 12503.2 257634 -3.21439 12503.2 -81273.9 -3.22928 -3.2118 -81273.9 12503.2 -3.23066 -81274
338931 12503.2 12503.2 93773.9 -3.21238 12503.2 93773.8 -3.20513 -3.20513 93773.8 12503.2 -3.21237 93773.9 12503.2 12503.2 257658 -3.22334 12503.2 -81273.8 -3.22068 -3.22069 -81273.8 12503.2 -3.22333 -81273.9
338389 12503.1 12503.1 93773.1 -3.12821 12503.1 93773.1 -3.13397 -3.13397 93773.1 12503.1 -3.12821 93773.1 12503.1 12503.1 257116 -3.12823 12503.1 -81273.1 -3.13398 -3.13397 -81273.1 12503.1 -3.12823 -81273.1
338900 12503.2 12503.2 93774 -3.23145 12503.2 93774 -3.21261 -3.23009 93773.9 12503.2 -3.21518 93773.9 12503.2 12503.2 257626 -3.23996 12503.2 -81274 -3.22965 -3.23933 -81273.9 12503.2 -3.2292 -81273.9
338702 12503.1 12503.1 93773.1 -3.12444 12503.1 93773.1 -3.12444 -3.12444 93773.1 12503.1 -3.12444 93773.1 12503.1 12503.1 257429 -3.12446 12503.1 -81273.1 -3.12445 -3.12444 -81273.1 12503.1 -3.12446 -81273.1
338697 12503.1 12503.1 93773.1 -3.12467 12503.1 93773.1 -3.12467 -3.12468 93773.1 12503.1 -3.12467 93773.1 12503.1 12503.1 257424 -3.12469 12503.1 -81273.1 -3.12468 -3.12468 -81273.1 12503.1 -3.1247 -81273.1
338909 12503.2 12503.2 93774 -3.24086 12503.2 93774 -3.23055 -3.24025 93774 12503.2 -3.23008 93773.9 12503.2 12503.2 257635 -3.23239 12503.2 -81274 -3.21353 -3.23101 -81273.9 12503.2 -3.21612 -81273.9
338703 12503.1 12503.1 93773.1 -3.12536 12503.1 93773.1 -3.12536 -3.12536 93773.1 12503.1 -3.12536 93773.1 12503.1 12503.1 257430 -3.12538 12503.1 -81273.1 -3.12537 -3.12537 -81273.1 12503.1 -3.12538 -81273.1
338698 12503.1 12503.1 93773.1 -3.12563 12503.1 93773.1 -3.12562 -3.12563 93773.1 12503.1 -3.12562 93773.1 12503.1 12503.1 257425 -3.12564 12503.1 -81273.1 -3.12563 -3.12563 -81273.1 12503.1 -3.12564 -81273.1
338909 12503.2 12503.2 93774 -3.2171 12503.2 93774 -3.23201 -3.21453 93773.9 12503.2 -3.23337 93774 12503.2 12503.2 257635 -3.23111 12503.2 -81274 -3.24125 -3.23156 -81274 12503.2 -3.24188 -81274
338704 12503.1 12503.1 93773.1 -3.12637 12503.1 93773.1 -3.12637 -3.12637 93773.1 12503.1 -3.12636 93773.1 12503.1 12503.1 257431 -3.12638 12503.1 -81273.1 -3.12636 -3.12637 -81273.1 12503.1 -3.12638 -81273.1
338910 12503.2 12503.2 93774 -3.23409 12503.2 93774 -3.21525 -3.23273 93774 12503.2 -3.21782 93774 12503.2 12503.2 257636 -3.2426 12503.2 -81274 -3.23228 -3.24197 -81274 12503.2 -3.23182 -81274
338860 12503.2 12503.2 93773.8 -3.20092 12503.2 93773.8 -3.21204 -3.21204 93773.8 12503.2 -3.20093 93773.8 12503.2 12503.2 257586 -3.21963 12503.2 -81273.8 -3.22356 -3.22356 -81273.8 12503.2 -3.21964 -81273.8
338390 12503.1 12503.1 93773.2 -3.13291 12503.1 93773.2 -3.13437 -3.13266 93773.1 12503.1 -3.13654 93773.2 12503.1 12503.1 257117 -3.13655 12503.1 -81273.2 -3.13266 -3.13438 -81273.1 12503.1 -3.13292 -81273.1
337696 12502.9 12502.8 93770.8 -2.9073 12502.9 93770.9 -2.87617 -2.89746 93770.9 12502.8 -2.887 93770.8 12502.9 12502.8 256425 -2.86695 12502.9 -81270.9 -2.78489 -2.83504 -81270.8 12502.9 -2.81834 -81270.8
338672 12503.1 12503.1 93773.1 -3.128 12503.1 93773.1 -3.128 -3.128 93773.1 12503.1 -3.128 93773.1 12503.1 12503.1 257399 -3.12802 12503.1 -81273.1 -3.12803 -3.12802 -81273.1 12503.1 -3.12803 -81273.1
338910 12503.2 12503.2 93774 -3.23608 12503.2 93774.1 -3.21722 -3.23472 93774 12503.2 -3.21979 93773.9 12503.2 12503.2 257636 -3.24457 12503.2 -81274.1 -3.23424 -3.24394 -81274 12503.2 -3.23378 -81273.9
338391 12503.1 12503.1 93773.2 -3.13341 12503.1 93773.2 -3.13917 -3.13918 93773.2 12503.1 -3.13341 93773.1 12503.1 12503.1 257118 -3.13341 12503.1 -81273.2 -3.13916 -3.13916 -81273.2 12503.1 -3.13341 -81273.1
338556 12503.2 12503.2 93773.3 -3.16003 12503.2 93773.4 -3.16074 -3.16075 93773.3 12503.2 -3.16002 93773.3 12503.2 12503.2 257282 -3.14646 12503.2 -81273.4 -3.14669 -3.1467 -81273.3 12503.2 -3.14645 -81273.3
338696 12503.1 12503.1 93773.1 -3.12986 12503.1 93773.2 -3.12986 -3.12987 93773.1 12503.1 -3.12986 93773.1 12503.1 12503.1 257423 -3.12987 12503.1 -81273.2 -3.12985 -3.12986 -81273.1 12503.1 -3.12986 -81273.1
338929 12503.2 12503.2 93773.9 -3.23019 12503.2 93773.9 -3.22754 -3.22755 93773.9 12503.2 -3.23018 93773.9 12503.2 12503.2 257655 -3.21925 12503.2 -81273.9 -3.21199 -3.212 -81273.9 12503.2 -3.21925 -81273.9
338936 12503.2 12503.2 93773.9 -3.21977 12503.2 93773.9 -3.21252 -3.21253 93773.9 12503.2 -3.21977 93773.9 12503.2 12503.2 257662 -3.23071 12503.2 -81273.9 -3.22806 -3.22807 -81273.9 12503.2 -3.23071 -81273.9
338918 12503.2 12503.2 93774 -3.24734 12503.2 93774.1 -3.23703 -3.24674 93774 12503.2 -3.23656 93774 12503.2 12503.2 257644 -3.23885 12503.2 -81274.1 -3.21998 -3.23748 -81274 12503.2 -3.22256 -81274
338764 12503.2 12503.2 93773.6 -3.17952 12503.2 93773.6 -3.19116 -3.17624 93773.6 12503.2 -3.19429 93773.6 12503.2 12503.2 257491 -3.17953 12503.2 -81273.6 -3.19115 -3.17623 -81273.6 12503.2 -3.1943 -81273.6
337464 12502.7 12502.7 93769.9 -2.69745 12502.8 93769.8 -2.65939 -2.6594 93769.7 12502.8 -2.69744 93769.8 12502.7 12502.7 256194 -2.79603 12502.7 -81269.8 -2.7891 -2.7891 -81269.8 12502.7 -2.79602 -81269.8
338668 12503.1 12503.1 93773.2 -3.13246 12503.1 93773.2 -3.13247 -3.13247 93773.1 12503.1 -3.13245 93773.1 12503.1 12503.1 257395 -3.13244 12503.1 -81273.2 -3.13243 -3.13244 -81273.1 12503.1 -3.13244 -81273.1
338565 12503.2 12503.2 93773.4 -3.16383 12503.1 93773.4 -3.16454 -3.16455 93773.3 12503.1 -3.16383 93773.3 12503.2 12503.2 257291 -3.15027 12503.2 -81273.4 -3.15051 -3.15051 -81273.3 12503.2 -3.15027 -81273.3
338698 12503.1 12503.1 93773.2 -3.13373 12503.1 93773.2 -3.13373 -3.13373 93773.1 12503.1 -3.13373 93773.1 12503.1 12503.1 257425 -3.13375 12503.1 -81273.2 -3.13374 -3.13375 -81273.1 12503.1 -3.13375 -81273.1
338702 12503.1 12503.1 93773.2 -3.13426 12503.1 93773.2 -3.13425 -3.13426 93773.1 12503.1 -3.13425 93773.2 12503.1 12503.1 257429 -3.13427 12503.1 -81273.2 -3.13426 -3.13426 -81273.1 12503.1 -3.13427 -81273.2
338470 12503.1 12503.1 93773.3 -3.14627 12503.1 93773.3 -3.15075 -3.14357 93773.3 12503.1 -3.15442 93773.3 12503.2 12503.2 257196 -3.14588 12503.1 -81273.3 -3.14867 -3.14326 -81273.3 12503.2 -3.15241 -81273.3
338561 12503.2 12503.2 93773.4 -3.16603 12503.2 93773.4 -3.16675 -3.16675 93773.4 12503.2 -3.16603 93773.4 12503.2 12503.2 257287 -3.15245 12503.2 -81273.4 -3.1527 -3.1527 -81273.3 12503.2 -3.15245 -81273.4
338855 12503.2 12503.2 93773.9 -3.21001 12503.2 93773.9 -3.22112 -3.22112 93773.9 12503.2 -3.21001 93773.9 12503.2 12503.2 257582 -3.22873 12503.2 -81273.9 -3.23266 -3.23266 -81273.9 12503.2 -3.22873 -81273.9
338572 12503.2 12503.2 93773.4 -3.15366 12503.2 93773.4 -3.15391 -3.15391 93773.4 12503.2 -3.15366 93773.4 12503.2 12503.2 257298 -3.16725 12503.2 -81273.4 -3.16796 -3.16796 -81273.4 12503.2 -3.16725 -81273.4
338700 12503.1 12503.1 93773.2 -3.13714 12503.1 93773.2 -3.13714 -3.13714 93773.2 12503.1 -3.13714 93773.2 12503.1 12503.1 257427 -3.13715 12503.1 -81273.2 -3.13714 -3.13714 -81273.2 12503.1 -3.13715 -81273.2
338916 12503.2 12503.2 93774.1 -3.2455 12503.2 93774.1 -3.22663 -3.24414 93774.1 12503.2 -3.22921 93774 12503.3 12503.2 257641 -3.25401 12503.2 -81274.1 -3.24369 -3.25339 -81274.1 12503.2 -3.24322 -81274
338922 12503.2 12503.2 93774.1 -3.22991 12503.2 93774.1 -3.24485 -3.22734 93774.1 12503.2 -3.24621 93774.1 12503.2 12503.3 257648 -3.24393 12503.2 -81274.1 -3.2541 -3.24439 -81274.1 12503.2 -3.25472 -81274.1
338575 12503.2 12503.2 93773.4 -3.16974 12503.2 93773.4 -3.17045 -3.17046 93773.4 12503.2 -3.16973 93773.4 12503.2 12503.2 257301 -3.15616 12503.2 -81273.4 -3.1564 -3.1564 -81273.4 12503.2 -3.15615 -81273.4
338702 12503.1 12503.1 93773.2 -3.13965 12503.1 93773.2 -3.13965 -3.13965 93773.2 12503.1 -3.13965 93773.2 12503.1 12503.1 257428 -3.13967 12503.1 -81273.2 -3.13966 -3.13966 -81273.2 12503.1 -3.13967 -81273.2
338861 12503.2 12503.2 93774 -3.21446 12503.2 93773.9 -3.22557 -3.22557 93773.9 12503.2 -3.21446 93773.9 12503.2 12503.2 257587 -3.23319 12503.2 -81273.9 -3.23712 -3.23712 -81273.9 12503.2 -3.23319 -81273.9
338397 12503.1 12503.1 93773.3 -3.14653 12503.1 93773.3 -3.14799 -3.14627 93773.3 12503.1 -3.15016 93773.3 12503.2 12503.2 257124 -3.15016 12503.1 -81273.3 -3.14627 -3.14799 -81273.3 12503.1 -3.14653 -81273.3
338465 12503.2 12503.1 93773.3 -3.15929 12503.2 93773.3 -3.15015 -3.15556 93773.3 12503.2 -3.15275 93773.3 12503.2 12503.2 257192 -3.16133 12503.2 -81273.3 -3.15047 -3.15766 -81273.3 12503.2 -3.15318 -81273.3
338856 12503.2 12503.2 93774 -3.21659 12503.2 93774 -3.2277 -3.2277 93774 12503.2 -3.21659 93774 12503.2 12503.2 257582 -3.23532 12503.2 -81274 -3.23926 -3.23925 -81274 12503.2 -3.23532 -81274
338940 12503.2 12503.2 93774 -3.23243 12503.2 93774 -3.22517 -3.22517 93774 12503.2 -3.23243 93774 12503.2 12503.2 257666 -3.24339 12503.2 -81274 -3.24074 -3.24074 -81274 12503.2 -3.24338 -81274
338730 12503.2 12503.2 93773.6 -3.18274 12503.2 93773.6 -3.17121 -3.17993 93773.6 12503.2 -3.17352 93773.6 12503.2 12503.2 257457 -3.19509 12503.2 -81273.6 -3.18836 -3.19411 -81273.6 12503.2 -3.19002 -81273.6
338708 12503.1 12503.1 93773.3 -3.14459 12503.1 93773.3 -3.14459 -3.14459 93773.2 12503.1 -3.14459 93773.2 12503.2 12503.2 257435 -3.1446 12503.1 -81273.3 -3.1446 -3.1446 -81273.2 12503.1 -3.1446 -81273.2
338708 12503.1 12503.1 93773.3 -3.14532 12503.1 93773.3 -3.14532 -3.14532 93773.2 12503.1 -3.14532 93773.2 12503.2 12503.2 257435 -3.14534 12503.1 -81273.3 -3.14533 -3.14533 -81273.2 12503.1 -3.14534 -81273.2
338938 12503.2 12503.2 93774.1 -3.23545 12503.2 93774 -3.2282 -3.2282 93774 12503.2 -3.23545 93774 12503.2 12503.2 257664 -3.24642 12503.2 -81274 -3.24378 -3.24378 -81274 12503.2 -3.24642 -81274
338715 12503.1 12503.1 93773.3 -3.14694 12503.1 93773.3 -3.14694 -3.14695 93773.3 12503.1 -3.14694 93773.3 12503.2 12503.2 257442 -3.14695 12503.1 -81273.3 -3.14695 -3.14695 -81273.3 12503.1 -3.14695 -81273.3
338709 12503.1 12503.1 93773.3 -3.14769 12503.1 93773.3 -3.14769 -3.14769 93773.3 12503.1 -3.14769 93773.3 12503.2 12503.2 257436 -3.1477 12503.1 -81273.3 -3.1477 -3.1477 -81273.3 12503.1 -3.1477 -81273.3
338921 12503.3 12503.2 93774.2 -3.25659 12503.3 93774.2 -3.23771 -3.25523 93774.2 12503.2 -3.24028 93774.1 12503.3 12503.3 257647 -3.26512 12503.3 -81274.2 -3.25478 -3.2645 -81274.2 12503.2 -3.25431 -81274.1
338928 12503.2 12503.3 93774.2 -3.2412 12503.2 93774.2 -3.25615 -3.23863 93774.2 12503.3 -3.25752 93774.2 12503.3 12503.3 257653 -3.25523 12503.2 -81274.2 -3.26542 -3.2557 -81274.2 12503.3 -3.26604 -81274.2
338717 12503.1 12503.1 93773.3 -3.15025 12503.1 93773.3 -3.15025 -3.15025 93773.3 12503.1 -3.15025 93773.3 12503.2 12503.2 257443 -3.15026 12503.2 -81273.3 -3.15025 -3.15026 -81273.3 12503.2 -3.15026 -81273.3
338711 12503.1 12503.1 93773.3 -3.15105 12503.1 93773.3 -3.15105 -3.15105 93773.3 12503.1 -3.15105 93773.3 12503.2 12503.2 257438 -3.15106 12503.2 -81273.3 -3.15106 -3.15106 -81273.3 12503.2 -3.15106 -81273.3
338712 12503.1 12503.1 93773.3 -3.15193 12503.1 93773.3 -3.15193 -3.15193 93773.3 12503.1 -3.15193 93773.3 12503.2 12503.2 257438 -3.15194 12503.2 -81273.3 -3.15193 -3.15193 -81273.3 12503.2 -3.15194 -81273.3
338924 12503.2 12503.3 93774.2 -3.24472 12503.2 93774.2 -3.25967 -3.24214 93774.2 12503.3 -3.26103 93774.2 12503.3 12503.3 257650 -3.25875 12503.3 -81274.2 -3.26894 -3.25922 -81274.2 12503.3 -3.26956 -81274.2
338930 12503.2 12503.3 93774.2 -3.24572 12503.3 93774.2 -3.26067 -3.24315 93774.2 12503.3 -3.26203 93774.2 12503.3 12503.3 257656 -3.25975 12503.3 -81274.2 -3.26994 -3.26022 -81274.2 12503.3 -3.27056 -81274.2
338719 12503.2 12503.2 93773.3 -3.15472 12503.2 93773.3 -3.15472 -3.15472 93773.3 12503.2 -3.15472 93773.4 12503.2 12503.2 257446 -3.15472 12503.2 -81273.3 -3.15472 -3.15472 -81273.3 12503.2 -3.15473 -81273.4
338714 12503.2 12503.2 93773.3 -3.15559 12503.2 93773.3 -3.15559 -3.15559 93773.3 12503.2 -3.15559 93773.4 12503.2 12503.2 257440 -3.1556 12503.2 -81273.3 -3.1556 -3.1556 -81273.3 12503.2 -3.15561 -81273.4
338926 12503.3 12503.3 93774.2 -3.24855 12503.3 93774.2 -3.26351 -3.24597 93774.2 12503.3 -3.26488 93774.3 12503.3 12503.3 257651 -3.26259 12503.3 -81274.2 -3.27279 -3.26306 -81274.2 12503.3 -3.27341 -81274.3
337725 12502.9 12502.9 93771.1 -2.89445 12502.9 93771.1 -2.81223 -2.86251 93771 12502.9 -2.84571 93771 12502.9 12502.9 256454 -2.93499 12502.9 -81271.1 -2.90376 -2.92513 -81271.1 12502.9 -2.91461 -81271
338918 12503.2 12503.2 93774.2 -3.248 12503.2 93774.2 -3.24078 -3.24076 93774.1 12503.2 -3.24802 93774.1 12503.3 12503.3 257644 -3.25898 12503.3 -81274.2 -3.25635 -3.25634 -81274.1 12503.3 -3.25899 -81274.1
338721 12503.2 12503.2 93773.4 -3.15957 12503.2 93773.4 -3.15956 -3.15957 93773.4 12503.2 -3.15956 93773.4 12503.2 12503.2 257448 -3.15959 12503.2 -81273.4 -3.15958 -3.15958 -81273.4 12503.2 -3.15959 -81273.4
338872 12503.2 12503.2 93774.1 -3.25392 12503.2 93774.1 -3.25786 -3.25786 93774.1 12503.2 -3.25391 93774.1 12503.3 12503.3 257598 -3.23519 12503.3 -81274.1 -3.2463 -3.2463 -81274.1 12503.3 -3.23519 -81274.1
338933 12503.3 12503.3 93774.3 -3.27863 12503.3 93774.3 -3.26827 -3.27801 93774.3 12503.3 -3.26781 93774.2 12503.3 12503.3 257658 -3.27012 12503.3 -81274.3 -3.25121 -3.26875 -81274.3 12503.3 -3.25379 -81274.2
338953 12503.3 12503.3 93774.2 -3.26345 12503.3 93774.2 -3.2608 -3.2608 93774.2 12503.3 -3.26345 93774.2 12503.3 12503.3 257678 -3.25248 12503.3 -81274.2 -3.24523 -3.24523 -81274.2 12503.3 -3.25249 -81274.2
338724 12503.2 12503.2 93773.4 -3.16376 12503.2 93773.4 -3.16376 -3.16376 93773.4 12503.2 -3.16376 93773.4 12503.2 12503.2 257451 -3.16377 12503.2 -81273.4 -3.16377 -3.16377 -81273.4 12503.2 -3.16377 -81273.4
338719 12503.2 12503.2 93773.4 -3.1648 12503.2 93773.4 -3.16479 -3.1648 93773.4 12503.2 -3.1648 93773.4 12503.2 12503.2 257445 -3.1648 12503.2 -81273.4 -3.1648 -3.1648 -81273.4 12503.2 -3.1648 -81273.4
338719 12503.2 12503.2 93773.4 -3.16591 12503.2 93773.4 -3.1659 -3.1659 93773.4 12503.2 -3.1659 93773.4 12503.2 12503.2 257446 -3.16591 12503.2 -81273.4 -3.1659 -3.16591 -81273.4 12503.2 -3.16591 -81273.4
338931 12503.3 12503.3 93774.3 -3.27567 12503.3 93774.4 -3.25675 -3.2743 93774.3 12503.3 -3.25932 93774.3 12503.3 12503.3 257657 -3.2842 12503.3 -81274.4 -3.27384 -3.28358 -81274.3 12503.3 -3.27337 -81274.3
338938 12503.3 12503.3 93774.3 -3.27461 12503.3 93774.3 -3.28482 -3.27508 93774.3 12503.3 -3.28544 93774.3 12503.3 12503.3 257663 -3.26057 12503.3 -81274.3 -3.27554 -3.25799 -81274.3 12503.3 -3.27691 -81274.3
338938 12503.3 12503.3 93774.4 -3.28663 12503.3 93774.4 -3.27627 -3.28602 93774.3 12503.3 -3.2758 93774.3 12503.3 12503.3 257664 -3.27811 12503.3 -81274.4 -3.25918 -3.27674 -81274.3 12503.3 -3.26176 -81274.3
338727 12503.2 12503.2 93773.5 -3.17057 12503.2 93773.5 -3.17057 -3.17057 93773.5 12503.2 -3.17057 93773.5 12503.2 12503.2 257454 -3.17058 12503.2 -81273.5 -3.17058 -3.17057 -81273.5 12503.2 -3.17058 -81273.5
338722 12503.2 12503.2 93773.5 -3.17171 12503.2 93773.5 -3.1717 -3.17171 93773.5 12503.2 -3.17171 93773.5 12503.2 12503.2 257449 -3.17171 12503.2 -81273.5 -3.1717 -3.17171 -81273.5 12503.2 -3.17171 -81273.5
338935 12503.3 12503.3 93774.4 -3.26538 12503.3 93774.4 -3.28036 -3.26281 93774.4 12503.3 -3.28173 93774.4 12503.3 12503.3 257660 -3.27944 12503.3 -81274.4 -3.28965 -3.2799 -81274.4 12503.3 -3.29027 -81274.4
338729 12503.2 12503.2 93773.5 -3.17422 12503.2 93773.5 -3.17421 -3.17422 93773.5 12503.2 -3.17422 93773.5 12503.2 12503.2 257456 -3.17422 12503.2 -81273.5 -3.17421 -3.17422 -81273.5 12503.2 -3.17421 -81273.5
338661 12503.2 12503.2 93773.6 -3.17835 12503.2 93773.6 -3.16774 -3.18345 93773.6 12503.2 -3.1617 93773.6 12503.2 12503.2 257387 -3.19966 12503.2 -81273.6 -3.19346 -3.20156 -81273.6 12503.2 -3.1921 -81273.6
338490 12503.2 12503.2 93773.6 -3.19647 12503.2 93773.7 -3.18559 -3.1928 93773.6 12503.2 -3.1883 93773.6 12503.2 12503.2 257217 -3.19444 12503.2 -81273.7 -3.18526 -3.1907 -81273.6 12503.2 -3.18788 -81273.6
338383 12503.2 12503.2 93773.5 -3.17694 12503.2 93773.5 -3.17576 -3.17576 93773.5 12503.2 -3.17694 93773.5 12503.2 12503.2 257110 -3.17695 12503.2 -81273.5 -3.17577 -3.17577 -81273.5 12503.2 -3.17695 -81273.5
338717 12503.2 12503.2 93773.5 -3.17927 12503.2 93773.6 -3.17926 -3.17927 93773.5 12503.2 -3.17926 93773.5 12503.2 12503.2 257444 -3.17927 12503.2 -81273.6 -3.17927 -3.17927 -81273.5 12503.2 -3.17927 -81273.5
338253 12503.2 12503.2 93773.5 -3.1732 12503.2 93773.5 -3.17319 -3.1732 93773.5 12503.2 -3.17319 93773.5 12503.2 12503.2 256980 -3.1732 12503.2 -81273.5 -3.1732 -3.1732 -81273.5 12503.2 -3.1732 -81273.5
338715 12503.2 12503.2 93773.6 -3.18194 12503.2 93773.6 -3.18193 -3.18194 93773.6 12503.2 -3.18193 93773.6 12503.2 12503.2 257442 -3.18194 12503.2 -81273.6 -3.18194 -3.18194 -81273.6 12503.2 -3.18194 -81273.6
338940 12503.3 12503.3 93774.5 -3.29013 12503.3 93774.4 -3.30035 -3.29059 93774.5 12503.3 -3.30097 93774.5 12503.3 12503.3 257665 -3.27606 12503.3 -81274.4 -3.29106 -3.27349 -81274.5 12503.3 -3.29243 -81274.5
338735 12503.2 12503.2 93773.6 -3.18476 12503.2 93773.6 -3.18475 -3.18475 93773.6 12503.2 -3.18475 93773.6 12503.2 12503.2 257461 -3.18476 12503.2 -81273.6 -3.18475 -3.18476 -81273.6 12503.2 -3.18476 -81273.6
338942 12503.3 12503.3 93774.5 -3.293 12503.3 93774.5 -3.30323 -3.29347 93774.5 12503.3 -3.30385 93774.5 12503.3 12503.3 257667 -3.27893 12503.3 -81274.5 -3.29393 -3.27635 -81274.5 12503.3 -3.2953 -81274.5
338948 12503.3 12503.3 93774.5 -3.29453 12503.3 93774.5 -3.30476 -3.295 93774.5 12503.3 -3.30538 93774.5 12503.3 12503.3 257674 -3.28046 12503.3 -81274.5 -3.29546 -3.27788 -81274.5 12503.3 -3.29683 -81274.5
338949 12503.3 12503.3 93774.5 -3.29602 12503.3 93774.5 -3.30626 -3.29648 93774.5 12503.3 -3.30687 93774.6 12503.3 12503.3 257674 -3.28194 12503.3 -81274.5 -3.29695 -3.27937 -81274.5 12503.3 -3.29832 -81274.6
338967 12503.3 12503.3 93774.4 -3.28097 12503.3 93774.4 -3.27371 -3.27371 93774.4 12503.3 -3.28098 93774.5 12503.3 12503.3 257693 -3.29198 12503.3 -81274.4 -3.28934 -3.28934 -81274.4 12503.3 -3.29199 -81274.5
338739 12503.2 12503.2 93773.7 -3.19197 12503.2 93773.6 -3.19198 -3.19197 93773.6 12503.2 -3.19198 93773.7 12503.2 12503.2 257465 -3.19196 12503.2 -81273.6 -3.19197 -3.19196 -81273.6 12503.2 -3.19197 -81273.7
338734 12503.2 12503.2 93773.7 -3.19342 12503.2 93773.6 -3.19342 -3.19342 93773.7 12503.2 -3.19342 93773.7 12503.2 12503.2 257460 -3.19341 12503.2 -81273.6 -3.19342 -3.19341 -81273.7 12503.2 -3.19342 -81273.7
338946 12503.3 12503.3 93774.6 -3.31297 12503.3 93774.6 -3.30258 -3.31235 93774.6 12503.3 -3.30211 93774.6 12503.3 12503.3 257672 -3.3044 12503.3 -81274.6 -3.28545 -3.30303 -81274.6 12503.3 -3.28803 -81274.6
338953 12503.3 12503.3 93774.6 -3.30606 12503.3 93774.6 -3.28711 -3.30469 93774.6 12503.3 -3.28968 93774.6 12503.3 12503.3 257678 -3.31462 12503.3 -81274.6 -3.30424 -3.31401 -81274.6 12503.3 -3.30377 -81274.6
338606 12503.2 12503.2 93773.9 -3.21557 12503.2 93773.9 -3.21583 -3.21583 93773.9 12503.2 -3.21558 93773.9 12503.2 12503.2 257332 -3.22924 12503.2 -81273.9 -3.22997 -3.22996 -81273.9 12503.2 -3.22925 -81273.9
338733 12503.2 12503.2 93773.7 -3.19967 12503.2 93773.7 -3.19966 -3.19967 93773.7 12503.2 -3.19967 93773.7 12503.2 12503.2 257460 -3.19966 12503.2 -81273.7 -3.19966 -3.19966 -81273.7 12503.2 -3.19966 -81273.7
338950 12503.3 12503.3 93774.6 -3.31947 12503.3 93774.7 -3.30907 -3.31886 93774.6 12503.3 -3.30861 93774.6 12503.3 12503.3 257675 -3.31091 12503.3 -81274.7 -3.29194 -3.30954 -81274.6 12503.3 -3.29452 -81274.6
338956 12503.3 12503.3 93774.6 -3.31035 12503.3 93774.6 -3.3206 -3.31082 93774.6 12503.3 -3.32122 93774.7 12503.3 12503.3 257682 -3.29626 12503.3 -81274.6 -3.31129 -3.29368 -81274.6 12503.3 -3.31266 -81274.7
337749 12502.9 12502.9 93771.4 -2.97867 12502.9 93771.5 -2.94727 -2.96879 93771.5 12502.9 -2.95813 93771.4 12502.9 12502.9 256478 -2.93786 12503 -81271.5 -2.85537 -2.90586 -81271.4 12502.9 -2.88891 -81271.4
338036 12503 12503.1 93772.5 -3.01753 12503 93772.5 -3.05478 -3.00933 93772.4 12503.1 -3.06063 93772.5 12503 12503.1 256763 -3.06364 12503 -81272.4 -3.08174 -3.06247 -81272.5 12503.1 -3.08287 -81272.5
338739 12503.3 12503.2 93774.1 -3.25984 12503.3 93774.1 -3.25306 -3.25886 93774.1 12503.2 -3.25472 93774.1 12503.3 12503.2 257465 -3.24738 12503.3 -81274.1 -3.23578 -3.24456 -81274.1 12503.2 -3.2381 -81274.1
338899 12503.3 12503.3 93774.5 -3.30428 12503.3 93774.6 -3.30824 -3.30823 93774.5 12503.3 -3.30428 93774.5 12503.3 12503.3 257624 -3.28545 12503.3 -81274.6 -3.29658 -3.29658 -81274.5 12503.3 -3.28545 -81274.5
338747 12503.2 12503.2 93773.8 -3.21143 12503.2 93773.8 -3.21143 -3.21143 93773.8 12503.2 -3.21143 93773.8 12503.2 12503.2 257473 -3.21143 12503.2 -81273.8 -3.21142 -3.21142 -81273.8 12503.2 -3.21143 -81273.8
338956 12503.3 12503.3 93774.7 -3.32084 12503.3 93774.7 -3.33111 -3.32131 93774.7 12503.3 -3.33172 93774.8 12503.3 12503.3 257681 -3.30672 12503.3 -81274.7 -3.32176 -3.30414 -81274.7 12503.3 -3.32313 -81274.8
338963 12503.3 12503.3 93774.8 -3.32275 12503.3 93774.7 -3.33301 -3.32321 93774.7 12503.3 -3.33363 93774.8 12503.3 12503.3 257688 -3.30863 12503.3 -81274.7 -3.32366 -3.30605 -81274.7 12503.3 -3.32504 -81274.8
338908 12503.3 12503.3 93774.6 -3.29276 12503.3 93774.6 -3.3039 -3.3039 93774.6 12503.3 -3.29276 93774.6 12503.3 12503.3 257634 -3.3116 12503.3 -81274.6 -3.31555 -3.31555 -81274.6 12503.3 -3.31159 -81274.6
338963 12503.3 12503.3 93774.8 -3.31237 12503.3 93774.7 -3.32742 -3.30979 93774.8 12503.3 -3.32879 93774.8 12503.3 12503.3 257689 -3.32647 12503.3 -81274.7 -3.33674 -3.32693 -81274.8 12503.3 -3.33736 -81274.8
338754 12503.2 12503.2 93773.9 -3.22049 12503.2 93773.9 -3.22049 -3.22049 93773.9 12503.2 -3.22049 93773.9 12503.2 12503.2 257480 -3.22048 12503.2 -81273.9 -3.22048 -3.22048 -81273.9 12503.2 -3.22048 -81273.9
338979 12503.3 12503.3 93774.7 -3.31358 12503.3 93774.7 -3.30632 -3.30631 93774.7 12503.3 -3.31359 93774.7 12503.3 12503.3 257704 -3.32463 12503.3 -81274.7 -3.32198 -3.32198 -81274.7 12503.3 -3.32464 -81274.7
338986 12503.3 12503.3 93774.7 -3.32664 12503.3 93774.7 -3.324 -3.324 93774.7 12503.3 -3.32665 93774.7 12503.3 12503.3 257711 -3.31559 12503.3 -81274.7 -3.30832 -3.30831 -81274.7 12503.3 -3.31559 -81274.7
338969 12503.3 12503.3 93774.9 -3.33656 12503.3 93774.9 -3.31756 -3.33519 93774.8 12503.3 -3.32013 93774.8 12503.3 12503.3 257694 -3.34516 12503.3 -81274.9 -3.33473 -3.34454 -81274.8 12503.3 -3.33426 -81274.8
338914 12503.3 12503.3 93774.7 -3.32322 12503.3 93774.7 -3.32719 -3.32718 93774.7 12503.3 -3.32323 93774.7 12503.3 12503.3 257639 -3.30436 12503.3 -81274.7 -3.3155 -3.3155 -81274.7 12503.3 -3.30436 -81274.7
338914 12503.3 12503.3 93774.7 -3.32523 12503.3 93774.7 -3.32919 -3.32919 93774.7 12503.3 -3.32523 93774.7 12503.3 12503.3 257639 -3.30637 12503.3 -81274.7 -3.31751 -3.31751 -81274.7 12503.3 -3.30637 -81274.7
338758 12503.2 12503.2 93774 -3.23209 12503.2 93774 -3.23209 -3.23209 93774 12503.2 -3.2321 93774 12503.2 12503.2 257484 -3.2321 12503.2 -81274 -3.23209 -3.23209 -81274 12503.2 -3.2321 -81274
338967 12503.4 12503.3 93774.9 -3.34468 12503.4 93774.9 -3.32566 -3.34331 93774.9 12503.3 -3.32824 93774.9 12503.3 12503.3 257692 -3.35327 12503.3 -81274.9 -3.34283 -3.35266 -81274.9 12503.3 -3.34237 -81274.9
338974 12503.3 12503.4 93774.9 -3.3304 12503.3 93774.9 -3.34548 -3.32783 93774.9 12503.4 -3.34685 93774.9 12503.3 12503.3 257699 -3.34454 12503.3 -81274.9 -3.35483 -3.34501 -81274.9 12503.3 -3.35545 -81274.9
338763 12503.2 12503.2 93774 -3.23824 12503.2 93774 -3.23824 -3.23824 93774 12503.2 -3.23824 93774 12503.2 12503.2 257489 -3.23824 12503.2 -81274 -3.23823 -3.23824 -81274 12503.2 -3.23824 -81274
338758 12503.2 12503.2 93774.1 -3.24027 12503.2 93774.1 -3.24027 -3.24027 93774 12503.2 -3.24027 93774.1 12503.2 12503.2 257484 -3.24027 12503.2 -81274.1 -3.24027 -3.24027 -81274 12503.2 -3.24027 -81274.1
338759 12503.2 12503.2 93774.1 -3.24239 12503.2 93774.1 -3.24239 -3.24238 93774.1 12503.2 -3.24239 93774.1 12503.2 12503.2 257485 -3.24239 12503.2 -81274.1 -3.24239 -3.24239 -81274.1 12503.2 -3.24239 -81274.1
338760 12503.2 12503.2 93774.1 -3.24453 12503.2 93774.1 -3.24453 -3.24453 93774.1 12503.2 -3.24453 93774.1 12503.2 12503.2 257486 -3.24453 12503.2 -81274.1 -3.24453 -3.24453 -81274.1 12503.2 -3.24453 -81274.1
338761 12503.2 12503.2 93774.1 -3.2467 12503.2 93774.1 -3.2467 -3.2467 93774.1 12503.2 -3.2467 93774.1 12503.2 12503.2 257487 -3.2467 12503.2 -81274.1 -3.2467 -3.2467 -81274.1 12503.2 -3.2467 -81274.1
338763 12503.2 12503.2 93774.1 -3.24889 12503.2 93774.1 -3.24889 -3.24889 93774.1 12503.2 -3.24889 93774.1 12503.2 12503.2 257488 -3.24889 12503.2 -81274.1 -3.24889 -3.24889 -81274.1 12503.2 -3.24889 -81274.1
338531 12503.3 12503.3 93774.3 -3.26299 12503.3 93774.2 -3.26754 -3.26028 93774.3 12503.3 -3.27122 93774.3 12503.3 12503.3 257257 -3.26257 12503.3 -81274.2 -3.26543 -3.25995 -81274.3 12503.3 -3.26918 -81274.3
338916 12503.3 12503.3 93774.9 -3.34908 12503.3 93774.9 -3.35305 -3.35305 93774.9 12503.3 -3.34908 93774.9 12503.3 12503.3 257641 -3.33018 12503.3 -81274.9 -3.34134 -3.34134 -81274.9 12503.3 -3.33018 -81274.9
338787 12503.3 12503.3 93774.5 -3.30315 12503.3 93774.5 -3.3073 -3.30148 93774.5 12503.3 -3.30829 93774.6 12503.3 12503.3 257513 -3.28647 12503.3 -81274.5 -3.29296 -3.28415 -81274.5 12503.3 -3.29579 -81274.6
338925 12503.4 12503.4 93775 -3.33488 12503.3 93775 -3.34603 -3.34603 93775 12503.3 -3.33488 93775 12503.3 12503.3 257650 -3.35379 12503.3 -81275 -3.35775 -3.35775 -81275 12503.3 -3.35379 -81275
338773 12503.3 12503.3 93774.2 -3.26031 12503.3 93774.2 -3.26031 -3.26031 93774.2 12503.3 -3.26032 93774.2 12503.3 12503.3 257499 -3.2603 12503.3 -81274.2 -3.2603 -3.2603 -81274.2 12503.3 -3.26031 -81274.2
337028 12502.6 12502.6 93769.1 -2.66183 12502.7 93769.1 -2.64176 -2.60827 93769.1 12502.7 -2.6939 93769.1 12502.6 12502.6 255759 -2.6939 12502.7 -81269.1 -2.60827 -2.64176 -81269.1 12502.7 -2.66183 -81269.1
338937 12503.4 12503.4 93775.2 -3.38474 12503.4 93775.2 -3.37428 -3.38415 93775.2 12503.4 -3.37379 93775.2 12503.4 12503.4 257661 -3.3761 12503.4 -81275.2 -3.35706 -3.37474 -81275.2 12503.4 -3.35962 -81275.2
338777 12503.3 12503.3 93774.3 -3.26745 12503.3 93774.3 -3.26745 -3.26745 93774.3 12503.3 -3.26746 93774.3 12503.3 12503.3 257502 -3.26745 12503.3 -81274.3 -3.26745 -3.26745 -81274.3 12503.3 -3.26745 -81274.3
338774 12503.3 12503.3 93774.3 -3.26982 12503.3 93774.3 -3.26982 -3.26981 93774.3 12503.3 -3.26982 93774.3 12503.3 12503.3 257499 -3.26982 12503.3 -81274.3 -3.26981 -3.26981 -81274.3 12503.3 -3.26981 -81274.3
339005 12503.4 12503.4 93775.2 -3.36482 12503.4 93775.1 -3.35754 -3.35754 93775.1 12503.4 -3.36482 93775.1 12503.4 12503.4 257730 -3.37594 12503.4 -81275.1 -3.37328 -3.37328 -81275.1 12503.4 -3.37593 -81275.1
338782 12503.3 12503.3 93774.4 -3.27482 12503.3 93774.3 -3.27482 -3.27482 93774.3 12503.3 -3.27482 93774.3 12503.3 12503.3 257508 -3.27482 12503.3 -81274.3 -3.27481 -3.27482 -81274.3 12503.3 -3.27482 -81274.3
338777 12503.3 12503.3 93774.4 -3.27727 12503.3 93774.4 -3.27727 -3.27727 93774.4 12503.3 -3.27727 93774.4 12503.3 12503.3 257503 -3.27728 12503.3 -81274.4 -3.27727 -3.27727 -81274.4 12503.3 -3.27727 -81274.4
338991 12503.4 12503.4 93775.3 -3.37527 12503.4 93775.3 -3.3904 -3.37268 93775.3 12503.4 -3.39178 93775.3 12503.4 12503.4 257716 -3.38947 12503.4 -81275.3 -3.39981 -3.38993 -81275.3 12503.4 -3.40043 -81275.3
338943 12503.4 12503.4 93775.2 -3.35995 12503.4 93775.2 -3.37111 -3.37111 93775.2 12503.4 -3.35995 93775.2 12503.4 12503.4 257667 -3.3789 12503.4 -81275.2 -3.38286 -3.38286 -81275.2 12503.4 -3.37889 -81275.2
