1 150000 150000 150000 5.91172e-12 150000 150000 2.18279e-11 -1.81899e-12 150000 150000 9.09495e-13 150000 150000 150000 5.45697e-12 1.63709e-11 150000 -5.45697e-12 0 -7.27596e-12 -1.45519e-11 150000 1.81899e-12 1.81899e-12
2 150000 150000 150000 -2.22826e-11 150000 150000 -8.73115e-11 -2.36469e-11 150000 150000 -1.81899e-11 150000 150000 150000 1.81899e-12 -4.91127e-11 150000 -5.45697e-12 -7.27596e-12 1.45519e-11 0 150000 -1.45519e-11 -3.63798e-12
178214 150000 150000 210455 -0.146353 150000 210455 -0.14635 -0.146353 210455 150000 -0.146353 210455 150000 150000 117759 -0.146352 150000 -60454.8 -0.146353 -0.146354 -60454.8 150000 -0.146353 -60454.8
401806 150000 150000 258911 -0.837189 150000 258911 0.837039 -0.330886 258910 150000 0.334209 258910 150000 150000 292895 -1.29344 150000 -108911 1.28772 1.76277 -108910 150000 -1.7618 -108911
583230 150000 150000 301517 0.214071 150000 301517 -0.425024 0.212447 301517 150000 -0.423407 301517 150000 150000 431713 -0.0637643 150000 -151517 0.215379 -0.0615807 -151517 150000 0.213116 -151517
745089 150000 149999 339386 -4.06481 150002 339385 2.41613 0.532283 339383 150001 -2.19318 339384 150000 150000 555703 -2.30302 150001 -189385 2.10226 2.4516 -189382 150001 -2.65325 -189384
893135 150001 150000 373880 -0.149999 150000 373879 -0.156301 -0.138235 373878 150000 -0.168574 373879 150000 150000 669255 -0.349757 150000 -223879 -0.136163 -0.337539 -223878 150000 -0.148798 -223879
1.03521e+06 150000 150000 405045 -0.71816 150000 405044 -0.147939 -0.148361 405043 150000 -0.717785 405044 150000 150000 780167 -0.890904 150000 -255045 1.61605 1.61595 -255042 150000 -0.890703 -255044
1.15705e+06 150000 150000 433590 -0.206546 150000 433589 -0.0521902 -0.0522594 433588 150000 -0.206476 433589 150000 150000 873463 -0.26246 150000 -283589 0.427355 0.427372 -283588 150000 -0.262474 -283589
1.27224e+06 150000 150000 459761 -0.0592175 150000 459761 -0.0588502 -0.0589544 459759 150000 -0.0591122 459760 150000 150000 962476 -0.0591601 150000 -309761 -0.0587254 -0.0587009 -309759 150000 -0.0591837 -309760
1.37704e+06 150002 150001 482039 -1.23262 150001 482038 -1.23212 -1.23227 482036 150001 -1.23247 482037 150001 150001 1.045e+06 -1.23252 150001 -332038 -1.23196 -1.23194 -332036 150001 -1.23254 -332037
1.46815e+06 150002 150001 503657 -1.71872 150002 503657 -1.14002 -2.00419 503655 150001 -0.848789 503655 150002 150002 1.11449e+06 -0.965163 150001 -353657 -1.82317 -1.99618 -353656 150001 -0.774377 -353655
1.53587e+06 150001 150001 523279 -0.895325 150001 523279 -0.706674 -0.90275 523277 150001 -0.699176 523277 150001 150001 1.16259e+06 -0.895356 150001 -373279 -0.706588 -0.902669 -373277 150000 -0.699199 -373277
1.59848e+06 150001 150001 538852 -0.752261 150001 538852 -0.535584 -0.755333 538850 150000 -0.536262 538850 150001 150001 1.20963e+06 -0.53017 150000 -388852 -0.283849 -0.53404 -388850 150000 -0.276165 -388850
1.67025e+06 150002 150002 555173 -1.48108 150002 555173 -1.48053 -1.48059 555171 150002 -1.48102 555172 150002 150002 1.26508e+06 -1.76045 150001 -405173 -1.75989 -1.75989 -405171 150001 -1.76045 -405172
1.74108e+06 150002 150002 572283 -2.19146 150002 572282 -2.30825 -2.30833 572280 150002 -2.19138 572281 150002 150002 1.3188e+06 -2.30986 150002 -422282 -2.18973 -2.18974 -422281 150002 -2.30984 -422281
1.79588e+06 150005 150005 584160 -4.5357 150004 584160 -4.60196 -4.53534 584158 150004 -4.60093 584159 150005 150005 1.36172e+06 -4.35608 150004 -434160 -4.53617 -4.35959 -434158 150004 -4.53407 -434159
1.81881e+06 150001 150001 593955 -1.19019 150001 593954 -1.19014 -1.19016 593953 150001 -1.19016 593953 150001 150001 1.37485e+06 -1.19019 150001 -443954 -1.19013 -1.19014 -443953 150001 -1.19018 -443953
1.85836e+06 150002 150002 604049 -1.48992 150001 604048 -1.48987 -1.48989 604047 150001 -1.4899 604048 150002 150002 1.40431e+06 -1.48991 150001 -454048 -1.48986 -1.48986 -454047 150001 -1.48991 -454048
1.90121e+06 150002 150002 614434 -1.87281 150002 614433 -1.87276 -1.87278 614432 150002 -1.87279 614433 150002 150002 1.43678e+06 -1.87279 150002 -464433 -1.87274 -1.87274 -464432 150002 -1.87279 -464433
1.94426e+06 150003 150002 625122 -2.36227 150002 625121 -2.36222 -2.36224 625120 150002 -2.36225 625120 150002 150003 1.46914e+06 -2.36226 150002 -475121 -2.36221 -2.36221 -475120 150002 -2.36226 -475120
1.98787e+06 150003 150003 636123 -2.69167 150003 636122 -2.63843 -2.69258 636121 150003 -2.63751 636121 150003 150003 1.50175e+06 -2.69166 150002 -486122 -2.63841 -2.69254 -486121 150002 -2.63752 -486121
2.03604e+06 150004 150004 647457 -3.76955 150004 647456 -3.76949 -3.76951 647455 150004 -3.76953 647456 150004 150004 1.53859e+06 -3.76954 150004 -497456 -3.76948 -3.76947 -497455 150004 -3.76955 -497456
2.05014e+06 150002 150002 653682 -2.33365 150002 653681 -2.33362 -2.33363 653680 150002 -2.33364 653681 150002 150002 1.54646e+06 -2.33364 150002 -503681 -2.33361 -2.33361 -503680 150002 -2.33364 -503681
2.06704e+06 150003 150003 657851 -2.56432 150003 657851 -2.56429 -2.5643 657850 150002 -2.56431 657850 150003 150003 1.55919e+06 -2.56431 150002 -507851 -2.56428 -2.56428 -507850 150002 -2.56431 -507850
2.08427e+06 150003 150003 662068 -2.81466 150003 662067 -2.81463 -2.81464 662066 150003 -2.81465 662067 150003 150003 1.5722e+06 -2.81466 150003 -512067 -2.81462 -2.81462 -512066 150003 -2.81465 -512067
2.1017e+06 150003 150003 666332 -3.08918 150003 666331 -3.08915 -3.08916 666330 150003 -3.08917 666331 150003 150003 1.58537e+06 -3.08918 150003 -516331 -3.08915 -3.08915 -516330 150003 -3.08918 -516331
2.11928e+06 150003 150003 670644 -3.22384 150003 670643 -3.23124 -3.22339 670642 150003 -3.23166 670643 150003 150003 1.59864e+06 -3.23256 150003 -520643 -3.23764 -3.23239 -520642 150003 -3.23777 -520643
2.13718e+06 150004 150004 675007 -3.71994 150004 675007 -3.71991 -3.71992 675006 150004 -3.71993 675006 150004 150004 1.61217e+06 -3.71994 150004 -525007 -3.7199 -3.7199 -525006 150004 -3.71994 -525006
2.15567e+06 150004 150004 679420 -4.08115 150004 679420 -4.08112 -4.08113 679419 150004 -4.08114 679419 150004 150004 1.62625e+06 -4.08115 150004 -529420 -4.08111 -4.08111 -529419 150004 -4.08115 -529419
2.17397e+06 150005 150005 683884 -4.47642 150004 683884 -4.47638 -4.4764 683883 150004 -4.4764 683884 150005 150005 1.64008e+06 -4.47641 150004 -533884 -4.47638 -4.47637 -533883 150004 -4.47641 -533884
2.19203e+06 150005 150005 688401 -4.90893 150005 688400 -4.9089 -4.90891 688399 150005 -4.90892 688400 150005 150005 1.65363e+06 -4.90893 150005 -538400 -4.90889 -4.90889 -538399 150005 -4.90893 -538400
2.21118e+06 150005 150005 692970 -5.38192 150005 692970 -5.38189 -5.3819 692969 150005 -5.38191 692970 150005 150005 1.66821e+06 -5.38192 150005 -542970 -5.38188 -5.38188 -542969 150005 -5.38192 -542970
2.23056e+06 150006 150006 697594 -5.89884 150006 697593 -5.89881 -5.89882 697592 150006 -5.89883 697593 150006 150006 1.68296e+06 -5.89884 150006 -547593 -5.8988 -5.8988 -547592 150006 -5.89884 -547593
2.24807e+06 150006 150006 702268 -5.89559 150006 702267 -5.88207 -5.8928 702267 150006 -5.88489 702267 150006 150006 1.6958e+06 -5.91069 150006 -552267 -5.90193 -5.90959 -552267 150006 -5.90306 -552267
2.26869e+06 150007 150007 707007 -7.07944 150007 707006 -7.0794 -7.07941 707006 150007 -7.07942 707006 150007 150007 1.71169e+06 -7.07943 150007 -557006 -7.07939 -7.07939 -557006 150007 -7.07944 -557006
2.28842e+06 150008 150008 711798 -7.75201 150008 711798 -7.75197 -7.75198 711797 150008 -7.75199 711798 150008 150008 1.72662e+06 -7.75201 150008 -561798 -7.75197 -7.75196 -561797 150008 -7.75201 -561798
2.30728e+06 150008 150008 716644 -7.96314 150008 716643 -7.9631 -7.96311 716643 150008 -7.96312 716643 150008 150008 1.74063e+06 -7.96314 150008 -566643 -7.9631 -7.96309 -566643 150008 -7.96314 -566643
2.32738e+06 150009 150009 721552 -8.7166 150009 721551 -8.71657 -8.71658 721551 150009 -8.71659 721551 150009 150009 1.75583e+06 -8.7166 150009 -571551 -8.71656 -8.71656 -571551 150009 -8.7166 -571551
2.34778e+06 150010 150010 726520 -9.53804 150010 726520 -9.53801 -9.53802 726519 150009 -9.53803 726520 150010 150010 1.77126e+06 -9.53804 150009 -576520 -9.53801 -9.538 -576519 150009 -9.53805 -576520
2.35509e+06 150004 150004 731498 -3.97428 150004 731498 -3.97427 -3.97427 731497 150004 -3.97428 731498 150004 150004 1.77359e+06 -3.97428 150004 -581498 -3.97427 -3.97427 -581497 150004 -3.97428 -581498
2.37577e+06 150004 150004 736586 -4.39869 150004 736585 -4.39868 -4.39868 736585 150004 -4.39869 736585 150004 150004 1.78918e+06 -4.39869 150004 -586585 -4.39868 -4.39867 -586585 150004 -4.39869 -586585
2.39575e+06 150005 150005 741734 -4.57887 150005 741734 -4.57886 -4.57886 741733 150005 -4.57886 741734 150005 150005 1.80401e+06 -4.57887 150004 -591734 -4.57885 -4.57885 -591733 150005 -4.57887 -591734
2.40122e+06 150007 150007 742422 -6.72861 150007 742421 -6.7286 -6.7286 742421 150007 -6.72861 742421 150007 150007 1.8088e+06 -6.72861 150007 -592421 -6.72859 -6.72859 -592421 150007 -6.72862 -592421
2.40235e+06 150007 150007 742426 -7.1781 150007 742425 -7.17808 -7.17808 742425 150007 -7.17809 742425 150007 150007 1.80992e+06 -7.1781 150007 -592425 -7.17808 -7.17807 -592425 150007 -7.1781 -592425
2.40238e+06 150007 150007 742426 -7.17846 150007 742425 -7.17845 -7.17845 742425 150007 -7.17846 742425 150007 150007 1.80995e+06 -7.17846 150007 -592425 -7.17844 -7.17844 -592425 150007 -7.17847 -592425
2.40237e+06 150007 150007 742426 -7.17862 150007 742425 -7.1786 -7.1786 742425 150007 -7.17861 742425 150007 150007 1.80994e+06 -7.17862 150007 -592425 -7.1786 -7.17859 -592425 150007 -7.17862 -592425
2.40142e+06 150007 150007 742421 -6.63337 150007 742421 -6.63638 -6.63372 742420 150007 -6.63604 742421 150007 150007 1.809e+06 -6.63823 150007 -592421 -6.64057 -6.63836 -592420 150007 -6.64044 -592420
2.40235e+06 150007 150007 742425 -7.1787 150007 742425 -7.17869 -7.17869 742425 150007 -7.1787 742425 150007 150007 1.80993e+06 -7.17871 150007 -592425 -7.17869 -7.17868 -592425 150007 -7.17871 -592425
2.40238e+06 150007 150007 742425 -7.17914 150007 742425 -7.17912 -7.17913 742425 150007 -7.17913 742425 150007 150007 1.80995e+06 -7.17914 150007 -592425 -7.17912 -7.17912 -592425 150007 -7.17914 -592425
2.40157e+06 150007 150007 742422 -6.77337 150007 742422 -6.77335 -6.77336 742421 150007 -6.77336 742422 150007 150007 1.80914e+06 -6.77337 150007 -592422 -6.77335 -6.77335 -592421 150007 -6.77337 -592422
2.40264e+06 150007 150007 742425 -7.17935 150007 742425 -7.17934 -7.17934 742425 150007 -7.17935 742425 150007 150007 1.81022e+06 -7.17935 150007 -592425 -7.17933 -7.17933 -592425 150007 -7.17936 -592425
2.40157e+06 150007 150007 742422 -6.77377 150007 742422 -6.77376 -6.77376 742421 150007 -6.77376 742422 150007 150007 1.80915e+06 -6.77377 150007 -592422 -6.77375 -6.77375 -592421 150007 -6.77377 -592422
2.40147e+06 150007 150007 742421 -6.64543 150007 742421 -6.64757 -6.64507 742420 150007 -6.64793 742421 150007 150007 1.80905e+06 -6.65001 150007 -592421 -6.65191 -6.64984 -592420 150007 -6.65208 -592421
2.40154e+06 150007 150007 742422 -6.77397 150007 742422 -6.77396 -6.77397 742421 150007 -6.77397 742422 150007 150007 1.80912e+06 -6.77398 150007 -592422 -6.77396 -6.77396 -592421 150007 -6.77398 -592422
2.4026e+06 150007 150007 742425 -7.1526 150007 742425 -7.15292 -7.15262 742424 150007 -7.15291 742425 150007 150007 1.81017e+06 -7.15294 150007 -592425 -7.15317 -7.15293 -592424 150007 -7.15319 -592425
2.40157e+06 150007 150007 742422 -6.77469 150007 742422 -6.77468 -6.77468 742421 150007 -6.77469 742422 150007 150007 1.80915e+06 -6.7747 150007 -592422 -6.77468 -6.77468 -592421 150007 -6.7747 -592422
2.40266e+06 150007 150007 742425 -7.18083 150007 742425 -7.18082 -7.18082 742425 150007 -7.18083 742425 150007 150007 1.81023e+06 -7.18084 150007 -592425 -7.18082 -7.18082 -592425 150007 -7.18084 -592425
2.40157e+06 150007 150007 742422 -6.77525 150007 742422 -6.77524 -6.77524 742421 150007 -6.77524 742422 150007 150007 1.80915e+06 -6.77525 150007 -592422 -6.77523 -6.77523 -592421 150007 -6.77525 -592422
2.40154e+06 150007 150007 742422 -6.77535 150007 742422 -6.77534 -6.77535 742421 150007 -6.77535 742422 150007 150007 1.80912e+06 -6.77536 150007 -592422 -6.77534 -6.77534 -592421 150007 -6.77536 -592422
2.40235e+06 150007 150007 742425 -7.18175 150007 742425 -7.18174 -7.18174 742425 150007 -7.18175 742425 150007 150007 1.80992e+06 -7.18175 150007 -592425 -7.18174 -7.18173 -592425 150007 -7.18175 -592425
2.40157e+06 150007 150007 742422 -6.77616 150007 742422 -6.77615 -6.77615 742421 150007 -6.77615 742422 150007 150007 1.80914e+06 -6.77616 150007 -592422 -6.77614 -6.77614 -592421 150007 -6.77616 -592422
2.40236e+06 150007 150007 742425 -7.18243 150007 742425 -7.18242 -7.18242 742425 150007 -7.18243 742425 150007 150007 1.80994e+06 -7.18243 150007 -592425 -7.18242 -7.18241 -592425 150007 -7.18243 -592425
2.40267e+06 150007 150007 742425 -7.18298 150007 742425 -7.18297 -7.18297 742425 150007 -7.18298 742425 150007 150007 1.81024e+06 -7.18298 150007 -592425 -7.18297 -7.18296 -592425 150007 -7.18298 -592425
2.40217e+06 150007 150007 742423 -6.89858 150007 742423 -6.90082 -6.89852 742422 150007 -6.90088 742423 150007 150007 1.80975e+06 -6.90115 150007 -592423 -6.90302 -6.90111 -592422 150007 -6.90306 -592423
2.40238e+06 150007 150007 742425 -7.18362 150007 742425 -7.18361 -7.18361 742425 150007 -7.18362 742425 150007 150007 1.80995e+06 -7.18362 150007 -592425 -7.18361 -7.1836 -592425 150007 -7.18362 -592425
2.40238e+06 150007 150007 742425 -7.18416 150007 742425 -7.18415 -7.18415 742425 150007 -7.18415 742425 150007 150007 1.80996e+06 -7.18416 150007 -592425 -7.18414 -7.18414 -592425 150007 -7.18416 -592425
2.40262e+06 150007 150007 742425 -7.15746 150007 742425 -7.15721 -7.15746 742425 150007 -7.15722 742425 150007 150007 1.8102e+06 -7.15719 150007 -592425 -7.15689 -7.15719 -592425 150007 -7.15688 -592425
2.40238e+06 150007 150007 742425 -7.18501 150007 742425 -7.185 -7.185 742425 150007 -7.18501 742425 150007 150007 1.80995e+06 -7.18501 150007 -592425 -7.185 -7.18499 -592425 150007 -7.18501 -592425
2.40237e+06 150007 150007 742425 -7.18548 150007 742425 -7.18547 -7.18547 742425 150007 -7.18548 742425 150007 150007 1.80995e+06 -7.18548 150007 -592425 -7.18547 -7.18546 -592425 150007 -7.18548 -592425
2.40157e+06 150007 150007 742422 -6.77965 150007 742422 -6.77964 -6.77965 742421 150007 -6.77965 742422 150007 150007 1.80915e+06 -6.77966 150007 -592422 -6.77964 -6.77964 -592421 150007 -6.77966 -592422
2.40155e+06 150007 150007 742422 -6.77994 150007 742422 -6.77993 -6.77993 742421 150007 -6.77993 742422 150007 150007 1.80913e+06 -6.77994 150007 -592422 -6.77992 -6.77992 -592421 150007 -6.77994 -592422
2.40236e+06 150007 150007 742425 -7.18676 150007 742425 -7.18676 -7.18676 742425 150007 -7.18676 742425 150007 150007 1.80994e+06 -7.18677 150007 -592425 -7.18675 -7.18675 -592425 150007 -7.18677 -592425
2.40157e+06 150007 150007 742422 -6.7811 150007 742422 -6.78109 -6.7811 742421 150007 -6.7811 742422 150007 150007 1.80915e+06 -6.7811 150007 -592422 -6.78109 -6.78109 -592421 150007 -6.78111 -592422
2.40134e+06 150007 150007 742421 -6.64532 150007 742421 -6.64075 -6.64533 742420 150007 -6.64074 742421 150007 150007 1.80892e+06 -6.64545 150007 -592421 -6.6409 -6.64545 -592420 150007 -6.6409 -592421
2.40235e+06 150007 150007 742425 -7.18833 150007 742425 -7.18833 -7.18833 742425 150007 -7.18833 742425 150007 150007 1.80992e+06 -7.18834 150007 -592425 -7.18832 -7.18832 -592425 150007 -7.18834 -592425
2.40157e+06 150007 150007 742422 -6.78271 150007 742422 -6.7827 -6.7827 742421 150007 -6.7827 742422 150007 150007 1.80915e+06 -6.78271 150007 -592422 -6.78269 -6.78269 -592421 150007 -6.78271 -592422
2.40265e+06 150007 150007 742425 -7.18958 150007 742425 -7.18957 -7.18957 742425 150007 -7.18958 742425 150007 150007 1.81023e+06 -7.18958 150007 -592425 -7.18957 -7.18957 -592425 150007 -7.18958 -592425
2.40268e+06 150007 150007 742425 -7.19039 150007 742425 -7.19038 -7.19038 742425 150007 -7.19038 742425 150007 150007 1.81025e+06 -7.19039 150007 -592425 -7.19038 -7.19037 -592425 150007 -7.19039 -592425
2.40238e+06 150007 150007 742425 -7.19103 150007 742425 -7.19102 -7.19102 742425 150007 -7.19102 742425 150007 150007 1.80996e+06 -7.19103 150007 -592425 -7.19102 -7.19101 -592425 150007 -7.19103 -592425
2.40157e+06 150007 150007 742422 -6.7851 150007 742422 -6.78509 -6.78509 742421 150007 -6.7851 742422 150007 150007 1.80915e+06 -6.7851 150007 -592422 -6.78509 -6.78509 -592421 150007 -6.7851 -592422
2.40155e+06 150007 150007 742422 -6.78556 150007 742422 -6.78555 -6.78555 742421 150007 -6.78556 742422 150007 150007 1.80913e+06 -6.78556 150007 -592422 -6.78555 -6.78555 -592422 150007 -6.78556 -592422
2.40236e+06 150007 150007 742425 -7.19288 150007 742425 -7.19287 -7.19287 742425 150007 -7.19288 742425 150007 150007 1.80993e+06 -7.19288 150007 -592425 -7.19287 -7.19287 -592425 150007 -7.19288 -592425
2.40239e+06 150007 150007 742425 -7.19379 150007 742425 -7.19378 -7.19378 742425 150007 -7.19378 742425 150007 150007 1.80996e+06 -7.19379 150007 -592425 -7.19378 -7.19377 -592425 150007 -7.19379 -592425
2.40239e+06 150007 150007 742425 -7.19453 150007 742425 -7.19452 -7.19452 742425 150007 -7.19453 742425 150007 150007 1.80996e+06 -7.19453 150007 -592425 -7.19452 -7.19452 -592425 150007 -7.19453 -592425
2.40239e+06 150007 150007 742425 -7.19529 150007 742425 -7.19529 -7.19529 742425 150007 -7.19529 742425 150007 150007 1.80996e+06 -7.1953 150007 -592425 -7.19528 -7.19528 -592425 150007 -7.1953 -592425
2.40157e+06 150007 150007 742422 -6.78927 150007 742422 -6.78926 -6.78926 742422 150007 -6.78927 742422 150007 150007 1.80915e+06 -6.78927 150007 -592422 -6.78926 -6.78926 -592422 150007 -6.78927 -592422
2.40236e+06 150007 150007 742425 -7.1967 150007 742425 -7.19669 -7.19669 742425 150007 -7.1967 742425 150007 150007 1.80993e+06 -7.1967 150007 -592425 -7.19669 -7.19669 -592425 150007 -7.1967 -592425
2.40157e+06 150007 150007 742422 -6.79082 150007 742422 -6.79082 -6.79082 742422 150007 -6.79082 742422 150007 150007 1.80915e+06 -6.79083 150007 -592422 -6.79081 -6.79081 -592422 150007 -6.79083 -592422
2.40237e+06 150007 150007 742425 -7.19838 150007 742425 -7.19838 -7.19838 742425 150007 -7.19838 742425 150007 150007 1.80994e+06 -7.19838 150007 -592425 -7.19837 -7.19837 -592425 150007 -7.19839 -592425
2.40158e+06 150007 150007 742422 -6.79246 150007 742422 -6.79246 -6.79246 742422 150007 -6.79246 742422 150007 150007 1.80915e+06 -6.79247 150007 -592422 -6.79246 -6.79245 -592422 150007 -6.79247 -592422
2.40266e+06 150007 150007 742425 -7.20016 150007 742425 -7.20015 -7.20015 742425 150007 -7.20016 742425 150007 150007 1.81023e+06 -7.20016 150007 -592425 -7.20015 -7.20015 -592425 150007 -7.20016 -592425
2.4027e+06 150007 150007 742425 -7.20127 150007 742425 -7.20126 -7.20126 742425 150007 -7.20127 742425 150007 150007 1.81027e+06 -7.20127 150007 -592425 -7.20126 -7.20126 -592425 150007 -7.20127 -592425
2.39972e+06 150006 150006 742415 -6.00043 150006 742415 -6.00013 -6.00066 742415 150006 -5.99989 742415 150006 150006 1.8073e+06 -6.00017 150006 -592415 -6.0004 -5.99991 -592415 150006 -6.00065 -592415
2.40151e+06 150007 150007 742422 -6.79547 150007 742422 -6.79547 -6.79547 742422 150007 -6.79547 742422 150007 150007 1.80908e+06 -6.79548 150007 -592422 -6.79546 -6.79546 -592422 150007 -6.79548 -592422
2.40237e+06 150007 150007 742426 -7.20399 150007 742425 -7.20399 -7.20399 742425 150007 -7.20399 742425 150007 150007 1.80995e+06 -7.204 150007 -592425 -7.20398 -7.20398 -592425 150007 -7.204 -592425
2.39874e+06 150006 150006 742413 -5.74634 150006 742413 -5.74633 -5.74633 742413 150006 -5.74634 742413 150006 150006 1.80633e+06 -5.73347 150006 -592413 -5.73346 -5.73346 -592413 150006 -5.73347 -592413
2.40229e+06 150007 150007 742426 -7.20557 150007 742425 -7.20557 -7.20557 742425 150007 -7.20557 742425 150007 150007 1.80986e+06 -7.20558 150007 -592425 -7.20557 -7.20556 -592425 150007 -7.20558 -592425
2.40158e+06 150007 150007 742422 -6.79994 150007 742422 -6.79994 -6.79994 742422 150007 -6.79994 742422 150007 150007 1.80916e+06 -6.79994 150007 -592422 -6.79993 -6.79993 -592422 150007 -6.79994 -592422
2.40262e+06 150007 150007 742425 -7.18103 150007 742425 -7.18078 -7.18103 742425 150007 -7.18078 742425 150007 150007 1.81019e+06 -7.18076 150007 -592425 -7.18046 -7.18077 -592425 150007 -7.18045 -592425
2.40239e+06 150007 150007 742426 -7.20953 150007 742425 -7.20952 -7.20952 742425 150007 -7.20953 742425 150007 150007 1.80997e+06 -7.20953 150007 -592425 -7.20952 -7.20952 -592425 150007 -7.20953 -592425
2.40264e+06 150007 150007 742425 -7.18348 150007 742425 -7.18324 -7.18348 742425 150007 -7.18324 742425 150007 150007 1.81021e+06 -7.18321 150007 -592425 -7.18292 -7.18322 -592425 150007 -7.1829 -592425
