1 0 0 0 -0.000247182 0 0 -0.000247182 -0.000247182 0 0 -0.000247182 0 0 0 -0.000247182 -0.000247182 0 -0.000247182 -0.000247182 -0.000247182 -0.000247182 0 -0.000247182 -0.000247182
2 0 0 0 -0.000247182 0 0 -0.000247182 -0.000247182 0 0 -0.000247182 0 0 0 -0.000247182 -0.000247182 0 -0.000247182 -0.000247182 -0.000247182 -0.000247182 0 -0.000247182 -0.000247182
79013.3 0 0 0 8.33734e-05 0 0 8.33734e-05 8.33734e-05 0 0 8.33734e-05 0 0 0 -0.00124718 8.33734e-05 0 -0.00124718 8.33734e-05 8.33734e-05 -0.00124718 0 8.33734e-05 -0.00124718
164413 0 0 0 0.000476275 0 0 0.00047634 0.000476231 0 0 0.000476384 0 0 0 -0.00224718 0.00047624 0 -0.00224718 0.000476236 0.000476482 -0.00224718 0 0.000475998 -0.00224718
235154 0 0 0 0.00089768 0 0 0.000897715 0.000897653 0 0 0.000897741 0 0 0 -0.00324718 0.000897664 0 -0.00324718 0.000897683 0.000897791 -0.00324718 0 0.000897559 -0.00324718
295065 0 0 0 0.0013387 0 0 0.00133873 0.00133867 0 0 0.00133876 0 0 0 -0.00424718 0.00133868 0 -0.00424718 0.00133871 0.0013388 -0.00424718 0 0.00133859 -0.00424718
338153 0 0 0 0.00179194 0 0 0.00179197 0.00179192 0 0 0.001792 0 0 0 -0.00524718 0.00179193 0 -0.00524718 0.00179196 0.00179204 -0.00524718 0 0.00179184 -0.00524718
371966 0 0 0 0.0022583 0 0 0.00225832 0.00225827 0 0 0.00225835 0 0 0 -0.00624718 0.00225828 0 -0.00624718 0.00225831 0.00225839 -0.00624718 0 0.0022582 -0.00624718
395913 0 0 0 0.0027297 0 0 0.00272975 0.00272969 0 0 0.00272976 0 0 0 -0.00724718 0.00272962 0 -0.00724718 0.00272976 0.00272972 -0.00724718 0 0.00272966 -0.00724718
413784 0 0 0 0.00321287 0 0 0.0032129 0.00321285 0 0 0.00321292 0 0 0 -0.00824718 0.00321284 0 -0.00824718 0.0032129 0.00321294 -0.00824718 0 0.0032128 -0.00824718
435922 0 0 0 0.00369772 0 0 0.00369775 0.0036977 0 0 0.00369777 0 0 0 -0.00924718 0.00369769 0 -0.00924718 0.00369775 0.00369778 -0.00924718 0 0.00369766 -0.00924718
456151 0 0 0 0.00418668 0 0 0.0041867 0.00418666 0 0 0.00418672 0 0 0 -0.0102472 0.00418665 0 -0.0102472 0.00418671 0.00418674 -0.0102472 0 0.00418662 -0.0102472
458434 0 0 0 0.00469137 0 0 0.00469139 0.00469134 0 0 0.00469141 0 0 0 -0.0112472 0.00469133 0 -0.0112472 0.00469139 0.00469142 -0.0112472 0 0.00469131 -0.0112472
466905 0 0 0 0.00519749 0 0 0.0051975 0.00519746 0 0 0.00519752 0 0 0 -0.0122472 0.00519745 0 -0.0122472 0.00519751 0.00519754 -0.0122472 0 0.00519743 -0.0122472
476073 0 0 0 0.00570523 0 0 0.00570525 0.00570521 0 0 0.00570527 0 0 0 -0.0132472 0.0057052 0 -0.0132472 0.00570526 0.00570529 -0.0132472 0 0.00570517 -0.0132472
481779 0 0 0 0.00621475 0 0 0.00621476 0.00621473 0 0 0.00621478 0 0 0 -0.0142472 0.00621471 0 -0.0142472 0.00621476 0.00621479 -0.0142472 0 0.00621468 -0.0142472
491774 0 0 0 0.00672606 0 0 0.00672607 0.00672604 0 0 0.00672609 0 0 0 -0.0152472 0.00672603 0 -0.0152472 0.00672608 0.00672611 -0.0152472 0 0.006726 -0.0152472
502699 0 0 0 0.00723931 0 0 0.00723933 0.00723929 0 0 0.00723935 0 0 0 -0.0162472 0.00723929 0 -0.0162472 0.00723934 0.00723937 -0.0162472 0 0.00723926 -0.0162472
505732 0 0 0 0.00775477 0 0 0.00775478 0.00775475 0 0 0.0077548 0 0 0 -0.0172472 0.00775474 0 -0.0172472 0.00775479 0.00775482 -0.0172472 0 0.00775472 -0.0172472
515231 0 0 0 0.0082723 0 0 0.00827231 0.00827228 0 0 0.00827233 0 0 0 -0.0182472 0.00827227 0 -0.0182472 0.00827232 0.00827235 -0.0182472 0 0.00827224 -0.0182472
524567 0 0 0 0.00879211 0 0 0.00879212 0.00879209 0 0 0.00879214 0 0 0 -0.0192472 0.00879208 0 -0.0192472 0.00879213 0.00879216 -0.0192472 0 0.00879206 -0.0192472
527334 0 0 0 0.00932305 0 0 0.00932306 0.00932303 0 0 0.00932308 0 0 0 -0.0202472 0.00932302 0 -0.0202472 0.00932307 0.0093231 -0.0202472 0 0.009323 -0.0202472
527478 0 0 0 0.00985512 0 0 0.00985513 0.0098551 0 0 0.00985515 0 0 0 -0.0212472 0.00985509 0 -0.0212472 0.00985514 0.00985517 -0.0212472 0 0.00985507 -0.0212472
527898 0 0 0 0.0103872 0 0 0.0103872 0.0103872 0 0 0.0103872 0 0 0 -0.0222472 0.0103872 0 -0.0222472 0.0103872 0.0103872 -0.0222472 0 0.0103871 -0.0222472
527493 0 0 0 0.0109193 0 0 0.0109193 0.0109192 0 0 0.0109193 0 0 0 -0.0232472 0.0109192 0 -0.0232472 0.0109193 0.0109193 -0.0232472 0 0.0109192 -0.0232472
527899 0 0 0 0.0114513 0 0 0.0114513 0.0114513 0 0 0.0114514 0 0 0 -0.0242472 0.0114513 0 -0.0242472 0.0114513 0.0114514 -0.0242472 0 0.0114513 -0.0242472
527909 0 0 0 0.0119834 0 0 0.0119834 0.0119834 0 0 0.0119834 0 0 0 -0.0252472 0.0119834 0 -0.0252472 0.0119834 0.0119834 -0.0252472 0 0.0119834 -0.0252472
527910 0 0 0 0.0125155 0 0 0.0125155 0.0125155 0 0 0.0125155 0 0 0 -0.0262472 0.0125154 0 -0.0262472 0.0125155 0.0125155 -0.0262472 0 0.0125154 -0.0262472
527493 0 0 0 0.0130476 0 0 0.0130476 0.0130475 0 0 0.0130476 0 0 0 -0.0272472 0.0130475 0 -0.0272472 0.0130476 0.0130476 -0.0272472 0 0.0130475 -0.0272472
527482 0 0 0 0.0135796 0 0 0.0135796 0.0135796 0 0 0.0135797 0 0 0 -0.0282472 0.0135796 0 -0.0282472 0.0135796 0.0135797 -0.0282472 0 0.0135796 -0.0282472
526688 0 0 0 0.0141117 0 0 0.0141117 0.0141117 0 0 0.0141117 0 0 0 -0.0292472 0.0141117 0 -0.0292472 0.0141117 0.0141118 -0.0292472 0 0.0141117 -0.0292472
527877 0 0 0 0.0146438 0 0 0.0146438 0.0146437 0 0 0.0146438 0 0 0 -0.0302472 0.0146437 0 -0.0302472 0.0146438 0.0146438 -0.0302472 0 0.0146437 -0.0302472
527909 0 0 0 0.0151758 0 0 0.0151758 0.0151758 0 0 0.0151759 0 0 0 -0.0312472 0.0151758 0 -0.0312472 0.0151759 0.0151759 -0.0312472 0 0.0151758 -0.0312472
527910 0 0 0 0.0157079 0 0 0.0157079 0.0157079 0 0 0.0157079 0 0 0 -0.0322472 0.0157079 0 -0.0322472 0.0157079 0.015708 -0.0322472 0 0.0157079 -0.0322472
527148 0 0 0 0.01624 0 0 0.01624 0.01624 0 0 0.01624 0 0 0 -0.0332472 0.01624 0 -0.0332472 0.01624 0.01624 -0.0332472 0 0.01624 -0.0332472
527890 0 0 0 0.0167721 0 0 0.0167721 0.016772 0 0 0.0167721 0 0 0 -0.0342472 0.016772 0 -0.0342472 0.0167721 0.0167721 -0.0342472 0 0.016772 -0.0342472
527384 0 0 0 0.0173041 0 0 0.0173042 0.0173041 0 0 0.0173042 0 0 0 -0.0352472 0.0173041 0 -0.0352472 0.0173042 0.0173042 -0.0352472 0 0.0173041 -0.0352472
527547 0 0 0 0.0178362 0 0 0.0178362 0.0178362 0 0 0.0178362 0 0 0 -0.0362472 0.0178362 0 -0.0362472 0.0178362 0.0178363 -0.0362472 0 0.0178362 -0.0362472
527138 0 0 0 0.0183683 0 0 0.0183683 0.0183683 0 0 0.0183683 0 0 0 -0.0372472 0.0183683 0 -0.0372472 0.0183683 0.0183683 -0.0372472 0 0.0183683 -0.0372472
527473 0 0 0 0.0189004 0 0 0.0189004 0.0189004 0 0 0.0189004 0 0 0 -0.0382472 0.0189004 0 -0.0382472 0.0189004 0.0189004 -0.0382472 0 0.0189003 -0.0382472
527549 0 0 0 0.0194325 0 0 0.0194325 0.0194324 0 0 0.0194325 0 0 0 -0.0392472 0.0194324 0 -0.0392472 0.0194325 0.0194325 -0.0392472 0 0.0194324 -0.0392472
527901 0 0 0 0.0199645 0 0 0.0199645 0.0199645 0 0 0.0199645 0 0 0 -0.0402472 0.0199645 0 -0.0402472 0.0199645 0.0199646 -0.0402472 0 0.0199645 -0.0402472
527910 0 0 0 0.0204966 0 0 0.0204966 0.0204966 0 0 0.0204966 0 0 0 -0.0412472 0.0204966 0 -0.0412472 0.0204966 0.0204966 -0.0412472 0 0.0204966 -0.0412472
527147 0 0 0 0.0210287 0 0 0.0210287 0.0210287 0 0 0.0210287 0 0 0 -0.0422472 0.0210287 0 -0.0422472 0.0210287 0.0210287 -0.0422472 0 0.0210287 -0.0422472
527487 0 0 0 0.0215608 0 0 0.0215608 0.0215608 0 0 0.0215608 0 0 0 -0.0432472 0.0215608 0 -0.0432472 0.0215608 0.0215608 -0.0432472 0 0.0215607 -0.0432472
527483 0 0 0 0.0220929 0 0 0.0220929 0.0220928 0 0 0.0220929 0 0 0 -0.0442472 0.0220928 0 -0.0442472 0.0220929 0.0220929 -0.0442472 0 0.0220928 -0.0442472
527550 0 0 0 0.0226249 0 0 0.0226249 0.0226249 0 0 0.022625 0 0 0 -0.0452472 0.0226249 0 -0.0452472 0.0226249 0.022625 -0.0452472 0 0.0226249 -0.0452472
527901 0 0 0 0.023157 0 0 0.023157 0.023157 0 0 0.023157 0 0 0 -0.0462472 0.023157 0 -0.0462472 0.023157 0.023157 -0.0462472 0 0.023157 -0.0462472
527507 0 0 0 0.0236891 0 0 0.0236891 0.0236891 0 0 0.0236891 0 0 0 -0.0472472 0.0236891 0 -0.0472472 0.0236891 0.0236891 -0.0472472 0 0.0236891 -0.0472472
527496 0 0 0 0.0242212 0 0 0.0242212 0.0242212 0 0 0.0242212 0 0 0 -0.0482472 0.0242212 0 -0.0482472 0.0242212 0.0242212 -0.0482472 0 0.0242211 -0.0482472
527550 0 0 0 0.0247533 0 0 0.0247533 0.0247533 0 0 0.0247533 0 0 0 -0.0492472 0.0247533 0 -0.0492472 0.0247533 0.0247533 -0.0492472 0 0.0247532 -0.0492472
527310 0 0 0 0.0252854 0 0 0.0252854 0.0252853 0 0 0.0252854 0 0 0 -0.0502472 0.0252853 0 -0.0502472 0.0252854 0.0252854 -0.0502472 0 0.0252853 -0.0502472
527895 0 0 0 0.0258174 0 0 0.0258174 0.0258174 0 0 0.0258175 0 0 0 -0.0512472 0.0258174 0 -0.0512472 0.0258175 0.0258175 -0.0512472 0 0.0258174 -0.0512472
527911 0 0 0 0.0263495 0 0 0.0263495 0.0263495 0 0 0.0263496 0 0 0 -0.0522472 0.0263495 0 -0.0522472 0.0263495 0.0263496 -0.0522472 0 0.0263495 -0.0522472
527911 0 0 0 0.0268816 0 0 0.0268816 0.0268816 0 0 0.0268816 0 0 0 -0.0532472 0.0268816 0 -0.0532472 0.0268816 0.0268817 -0.0532472 0 0.0268816 -0.0532472
527204 0 0 0 0.0274137 0 0 0.0274137 0.0274137 0 0 0.0274137 0 0 0 -0.0542472 0.0274137 0 -0.0542472 0.0274137 0.0274138 -0.0542472 0 0.0274137 -0.0542472
527893 0 0 0 0.0279458 0 0 0.0279458 0.0279458 0 0 0.0279458 0 0 0 -0.0552472 0.0279458 0 -0.0552472 0.0279458 0.0279458 -0.0552472 0 0.0279458 -0.0552472
527911 0 0 0 0.0284779 0 0 0.0284779 0.0284779 0 0 0.0284779 0 0 0 -0.0562472 0.0284779 0 -0.0562472 0.0284779 0.0284779 -0.0562472 0 0.0284779 -0.0562472
527562 0 0 0 0.02901 0 0 0.02901 0.02901 0 0 0.02901 0 0 0 -0.0572472 0.02901 0 -0.0572472 0.02901 0.02901 -0.0572472 0 0.02901 -0.0572472
527902 0 0 0 0.0295421 0 0 0.0295421 0.0295421 0 0 0.0295421 0 0 0 -0.0582472 0.0295421 0 -0.0582472 0.0295421 0.0295421 -0.0582472 0 0.0295421 -0.0582472
527320 0 0 0 0.0300742 0 0 0.0300742 0.0300742 0 0 0.0300742 0 0 0 -0.0592472 0.0300742 0 -0.0592472 0.0300742 0.0300742 -0.0592472 0 0.0300742 -0.0592472
527896 0 0 0 0.0306063 0 0 0.0306063 0.0306063 0 0 0.0306063 0 0 0 -0.0602472 0.0306063 0 -0.0602472 0.0306063 0.0306063 -0.0602472 0 0.0306063 -0.0602472
527912 0 0 0 0.0311384 0 0 0.0311384 0.0311384 0 0 0.0311384 0 0 0 -0.0612472 0.0311384 0 -0.0612472 0.0311384 0.0311384 -0.0612472 0 0.0311384 -0.0612472
527912 0 0 0 0.0316705 0 0 0.0316705 0.0316705 0 0 0.0316705 0 0 0 -0.0622472 0.0316705 0 -0.0622472 0.0316705 0.0316705 -0.0622472 0 0.0316705 -0.0622472
527563 0 0 0 0.0322026 0 0 0.0322026 0.0322026 0 0 0.0322026 0 0 0 -0.0632472 0.0322026 0 -0.0632472 0.0322026 0.0322027 -0.0632472 0 0.0322026 -0.0632472
527499 0 0 0 0.0327347 0 0 0.0327347 0.0327347 0 0 0.0327347 0 0 0 -0.0642472 0.0327347 0 -0.0642472 0.0327347 0.0327348 -0.0642472 0 0.0327347 -0.0642472
527498 0 0 0 0.0332668 0 0 0.0332668 0.0332668 0 0 0.0332669 0 0 0 -0.0652472 0.0332668 0 -0.0652472 0.0332669 0.0332669 -0.0652472 0 0.0332668 -0.0652472
527902 0 0 0 0.0337989 0 0 0.033799 0.0337989 0 0 0.033799 0 0 0 -0.0662472 0.0337989 0 -0.0662472 0.033799 0.033799 -0.0662472 0 0.0337989 -0.0662472
527082 0 0 0 0.0343311 0 0 0.0343311 0.0343311 0 0 0.0343311 0 0 0 -0.0672472 0.0343311 0 -0.0672472 0.0343311 0.0343311 -0.0672472 0 0.034331 -0.0672472
527475 0 0 0 0.0348632 0 0 0.0348632 0.0348632 0 0 0.0348632 0 0 0 -0.0682472 0.0348632 0 -0.0682472 0.0348632 0.0348632 -0.0682472 0 0.0348632 -0.0682472
527901 0 0 0 0.0353953 0 0 0.0353953 0.0353953 0 0 0.0353953 0 0 0 -0.0692472 0.0353953 0 -0.0692472 0.0353953 0.0353953 -0.0692472 0 0.0353953 -0.0692472
527913 0 0 0 0.0359274 0 0 0.0359274 0.0359274 0 0 0.0359274 0 0 0 -0.0702472 0.0359274 0 -0.0702472 0.0359274 0.0359275 -0.0702472 0 0.0359274 -0.0702472
527497 0 0 0 0.0364596 0 0 0.0364596 0.0364595 0 0 0.0364596 0 0 0 -0.0712472 0.0364595 0 -0.0712472 0.0364596 0.0364596 -0.0712472 0 0.0364595 -0.0712472
527903 0 0 0 0.0369917 0 0 0.0369917 0.0369917 0 0 0.0369917 0 0 0 -0.0722472 0.0369917 0 -0.0722472 0.0369917 0.0369917 -0.0722472 0 0.0369916 -0.0722472
527497 0 0 0 0.0375238 0 0 0.0375238 0.0375238 0 0 0.0375238 0 0 0 -0.0732472 0.0375238 0 -0.0732472 0.0375238 0.0375238 -0.0732472 0 0.0375238 -0.0732472
527903 0 0 0 0.0380559 0 0 0.0380559 0.0380559 0 0 0.038056 0 0 0 -0.0742472 0.0380559 0 -0.0742472 0.0380559 0.038056 -0.0742472 0 0.0380559 -0.0742472
527914 0 0 0 0.0385881 0 0 0.0385881 0.0385881 0 0 0.0385881 0 0 0 -0.0752472 0.0385881 0 -0.0752472 0.0385881 0.0385881 -0.0752472 0 0.038588 -0.0752472
527914 0 0 0 0.0391202 0 0 0.0391202 0.0391202 0 0 0.0391202 0 0 0 -0.0762472 0.0391202 0 -0.0762472 0.0391202 0.0391202 -0.0762472 0 0.0391202 -0.0762472
527915 0 0 0 0.0396524 0 0 0.0396524 0.0396523 0 0 0.0396524 0 0 0 -0.0772472 0.0396523 0 -0.0772472 0.0396524 0.0396524 -0.0772472 0 0.0396523 -0.0772472
527259 0 0 0 0.0401845 0 0 0.0401845 0.0401845 0 0 0.0401845 0 0 0 -0.0782472 0.0401845 0 -0.0782472 0.0401845 0.0401845 -0.0782472 0 0.0401845 -0.0782472
527898 0 0 0 0.0407166 0 0 0.0407166 0.0407166 0 0 0.0407167 0 0 0 -0.0792472 0.0407166 0 -0.0792472 0.0407166 0.0407167 -0.0792472 0 0.0407166 -0.0792472
527915 0 0 0 0.0412488 0 0 0.0412488 0.0412488 0 0 0.0412488 0 0 0 -0.0802472 0.0412488 0 -0.0802472 0.0412488 0.0412488 -0.0802472 0 0.0412488 -0.0802472
527512 0 0 0 0.0417809 0 0 0.041781 0.0417809 0 0 0.041781 0 0 0 -0.0812472 0.0417809 0 -0.0812472 0.041781 0.041781 -0.0812472 0 0.0417809 -0.0812472
527556 0 0 0 0.0423131 0 0 0.0423131 0.0423131 0 0 0.0423131 0 0 0 -0.0822472 0.0423131 0 -0.0822472 0.0423131 0.0423131 -0.0822472 0 0.0423131 -0.0822472
527143 0 0 0 0.0428453 0 0 0.0428453 0.0428453 0 0 0.0428453 0 0 0 -0.0832472 0.0428453 0 -0.0832472 0.0428453 0.0428453 -0.0832472 0 0.0428452 -0.0832472
527896 0 0 0 0.0433774 0 0 0.0433774 0.0433774 0 0 0.0433774 0 0 0 -0.0842472 0.0433774 0 -0.0842472 0.0433774 0.0433774 -0.0842472 0 0.0433774 -0.0842472
526492 0 0 0 0.0439096 0 0 0.0439096 0.0439096 0 0 0.0439096 0 0 0 -0.0852472 0.0439096 0 -0.0852472 0.0439096 0.0439096 -0.0852472 0 0.0439096 -0.0852472
527354 0 0 0 0.0444418 0 0 0.0444418 0.0444418 0 0 0.0444418 0 0 0 -0.0862472 0.0444418 0 -0.0862472 0.0444418 0.0444418 -0.0862472 0 0.0444417 -0.0862472
527902 0 0 0 0.0449739 0 0 0.0449739 0.0449739 0 0 0.044974 0 0 0 -0.0872472 0.0449739 0 -0.0872472 0.0449739 0.044974 -0.0872472 0 0.0449739 -0.0872472
527513 0 0 0 0.0455061 0 0 0.0455061 0.0455061 0 0 0.0455061 0 0 0 -0.0882472 0.0455061 0 -0.0882472 0.0455061 0.0455061 -0.0882472 0 0.0455061 -0.0882472
527315 0 0 0 0.0460383 0 0 0.0460383 0.0460383 0 0 0.0460383 0 0 0 -0.0892472 0.0460383 0 -0.0892472 0.0460383 0.0460383 -0.0892472 0 0.0460383 -0.0892472
527498 0 0 0 0.0465705 0 0 0.0465705 0.0465705 0 0 0.0465705 0 0 0 -0.0902472 0.0465705 0 -0.0902472 0.0465705 0.0465705 -0.0902472 0 0.0465705 -0.0902472
527907 0 0 0 0.0471027 0 0 0.0471027 0.0471027 0 0 0.0471027 0 0 0 -0.0912472 0.0471027 0 -0.0912472 0.0471027 0.0471027 -0.0912472 0 0.0471026 -0.0912472
527918 0 0 0 0.0476349 0 0 0.0476349 0.0476349 0 0 0.0476349 0 0 0 -0.0922472 0.0476349 0 -0.0922472 0.0476349 0.0476349 -0.0922472 0 0.0476348 -0.0922472
527515 0 0 0 0.0481671 0 0 0.0481671 0.0481671 0 0 0.0481671 0 0 0 -0.0932472 0.0481671 0 -0.0932472 0.0481671 0.0481671 -0.0932472 0 0.048167 -0.0932472
527909 0 0 0 0.0486993 0 0 0.0486993 0.0486993 0 0 0.0486993 0 0 0 -0.0942472 0.0486993 0 -0.0942472 0.0486993 0.0486993 -0.0942472 0 0.0486992 -0.0942472
527919 0 0 0 0.0492315 0 0 0.0492315 0.0492315 0 0 0.0492315 0 0 0 -0.0952472 0.0492315 0 -0.0952472 0.0492315 0.0492315 -0.0952472 0 0.0492315 -0.0952472
527920 0 0 0 0.0497637 0 0 0.0497637 0.0497637 0 0 0.0497637 0 0 0 -0.0962472 0.0497637 0 -0.0962472 0.0497637 0.0497637 -0.0962472 0 0.0497637 -0.0962472
527157 0 0 0 0.0502959 0 0 0.0502959 0.0502959 0 0 0.0502959 0 0 0 -0.0972472 0.0502959 0 -0.0972472 0.0502959 0.0502959 -0.0972472 0 0.0502959 -0.0972472
527901 0 0 0 0.0508281 0 0 0.0508281 0.0508281 0 0 0.0508282 0 0 0 -0.0982472 0.0508281 0 -0.0982472 0.0508281 0.0508282 -0.0982472 0 0.0508281 -0.0982472
527264 0 0 0 0.0513604 0 0 0.0513604 0.0513604 0 0 0.0513604 0 0 0 -0.0992472 0.0513604 0 -0.0992472 0.0513604 0.0513604 -0.0992472 0 0.0513603 -0.0992472
527500 0 0 0 0.0518926 0 0 0.0518926 0.0518926 0 0 0.0518926 0 0 0 -0.100247 0.0518926 0 -0.100247 0.0518926 0.0518926 -0.100247 0 0.0518926 -0.100247
527507 0 0 0 0.0524248 0 0 0.0524249 0.0524248 0 0 0.0524249 0 0 0 -0.101247 0.0524248 0 -0.101247 0.0524249 0.0524249 -0.101247 0 0.0524248 -0.101247
527911 0 0 0 0.0529571 0 0 0.0529571 0.0529571 0 0 0.0529571 0 0 0 -0.102247 0.0529571 0 -0.102247 0.0529571 0.0529571 -0.102247 0 0.0529571 -0.102247
527519 0 0 0 0.0534893 0 0 0.0534893 0.0534893 0 0 0.0534894 0 0 0 -0.103247 0.0534893 0 -0.103247 0.0534893 0.0534894 -0.103247 0 0.0534893 -0.103247
527563 0 0 0 0.0540216 0 0 0.0540216 0.0540216 0 0 0.0540216 0 0 0 -0.104247 0.0540216 0 -0.104247 0.0540216 0.0540216 -0.104247 0 0.0540216 -0.104247
527564 0 0 0 0.0545539 0 0 0.0545539 0.0545538 0 0 0.0545539 0 0 0 -0.105247 0.0545538 0 -0.105247 0.0545539 0.0545539 -0.105247 0 0.0545538 -0.105247
527565 0 0 0 0.0550861 0 0 0.0550861 0.0550861 0 0 0.0550861 0 0 0 -0.106247 0.0550861 0 -0.106247 0.0550861 0.0550861 -0.106247 0 0.0550861 -0.106247
527084 0 0 0 0.0556184 0 0 0.0556184 0.0556184 0 0 0.0556184 0 0 0 -0.107247 0.0556184 0 -0.107247 0.0556184 0.0556184 -0.107247 0 0.0556184 -0.107247
527140 0 0 0 0.0561507 0 0 0.0561507 0.0561507 0 0 0.0561507 0 0 0 -0.108247 0.0561507 0 -0.108247 0.0561507 0.0561507 -0.108247 0 0.0561506 -0.108247
527313 0 0 0 0.056683 0 0 0.056683 0.056683 0 0 0.056683 0 0 0 -0.109247 0.056683 0 -0.109247 0.056683 0.056683 -0.109247 0 0.0566829 -0.109247
527493 0 0 0 0.0572153 0 0 0.0572153 0.0572152 0 0 0.0572153 0 0 0 -0.110247 0.0572152 0 -0.110247 0.0572153 0.0572153 -0.110247 0 0.0572152 -0.110247
525983 0 0 0 0.0577476 0 0 0.0577476 0.0577476 0 0 0.0577476 0 0 0 -0.111247 0.0577476 0 -0.111247 0.0577476 0.0577476 -0.111247 0 0.0577475 -0.111247
527875 0 0 0 0.0582799 0 0 0.0582799 0.0582798 0 0 0.0582799 0 0 0 -0.112247 0.0582798 0 -0.112247 0.0582799 0.0582799 -0.112247 0 0.0582798 -0.112247
527522 0 0 0 0.0588122 0 0 0.0588122 0.0588122 0 0 0.0588122 0 0 0 -0.113247 0.0588122 0 -0.113247 0.0588122 0.0588122 -0.113247 0 0.0588121 -0.113247
527567 0 0 0 0.0593445 0 0 0.0593445 0.0593445 0 0 0.0593445 0 0 0 -0.114247 0.0593445 0 -0.114247 0.0593445 0.0593445 -0.114247 0 0.0593445 -0.114247
527918 0 0 0 0.0598768 0 0 0.0598768 0.0598768 0 0 0.0598768 0 0 0 -0.115247 0.0598768 0 -0.115247 0.0598768 0.0598768 -0.115247 0 0.0598768 -0.115247
527165 0 0 0 0.0604091 0 0 0.0604091 0.0604091 0 0 0.0604092 0 0 0 -0.116247 0.0604091 0 -0.116247 0.0604091 0.0604092 -0.116247 0 0.0604091 -0.116247
527909 0 0 0 0.0609415 0 0 0.0609415 0.0609415 0 0 0.0609415 0 0 0 -0.117247 0.0609415 0 -0.117247 0.0609415 0.0609415 -0.117247 0 0.0609414 -0.117247
527580 0 0 0 0.0614738 0 0 0.0614738 0.0614738 0 0 0.0614738 0 0 0 -0.118247 0.0614738 0 -0.118247 0.0614738 0.0614738 -0.118247 0 0.0614738 -0.118247
527517 0 0 0 0.0620062 0 0 0.0620062 0.0620062 0 0 0.0620062 0 0 0 -0.119247 0.0620062 0 -0.119247 0.0620062 0.0620062 -0.119247 0 0.0620062 -0.119247
527920 0 0 0 0.0625385 0 0 0.0625385 0.0625385 0 0 0.0625386 0 0 0 -0.120247 0.0625385 0 -0.120247 0.0625385 0.0625386 -0.120247 0 0.0625385 -0.120247
527316 0 0 0 0.0630709 0 0 0.0630709 0.0630709 0 0 0.0630709 0 0 0 -0.121247 0.0630709 0 -0.121247 0.0630709 0.0630709 -0.121247 0 0.0630709 -0.121247
527512 0 0 0 0.0636033 0 0 0.0636033 0.0636033 0 0 0.0636033 0 0 0 -0.122247 0.0636033 0 -0.122247 0.0636033 0.0636033 -0.122247 0 0.0636033 -0.122247
527200 0 0 0 0.0641357 0 0 0.0641357 0.0641357 0 0 0.0641357 0 0 0 -0.123247 0.0641357 0 -0.123247 0.0641357 0.0641357 -0.123247 0 0.0641356 -0.123247
526452 0 0 0 0.0646681 0 0 0.0646681 0.0646681 0 0 0.0646681 0 0 0 -0.124247 0.0646681 0 -0.124247 0.0646681 0.0646681 -0.124247 0 0.0646681 -0.124247
527894 0 0 0 0.0652005 0 0 0.0652005 0.0652005 0 0 0.0652005 0 0 0 -0.125247 0.0652005 0 -0.125247 0.0652005 0.0652005 -0.125247 0 0.0652004 -0.125247
527529 0 0 0 0.0657329 0 0 0.0657329 0.0657329 0 0 0.0657329 0 0 0 -0.126247 0.0657329 0 -0.126247 0.0657329 0.0657329 -0.126247 0 0.0657329 -0.126247
527924 0 0 0 0.0662653 0 0 0.0662653 0.0662653 0 0 0.0662653 0 0 0 -0.127247 0.0662653 0 -0.127247 0.0662653 0.0662653 -0.127247 0 0.0662653 -0.127247
527935 0 0 0 0.0667977 0 0 0.0667977 0.0667977 0 0 0.0667977 0 0 0 -0.128247 0.0667977 0 -0.128247 0.0667977 0.0667977 -0.128247 0 0.0667977 -0.128247
527532 0 0 0 0.0673302 0 0 0.0673302 0.0673302 0 0 0.0673302 0 0 0 -0.129247 0.0673302 0 -0.129247 0.0673302 0.0673302 -0.129247 0 0.0673301 -0.129247
527926 0 0 0 0.0678626 0 0 0.0678626 0.0678626 0 0 0.0678626 0 0 0 -0.130247 0.0678626 0 -0.130247 0.0678626 0.0678626 -0.130247 0 0.0678626 -0.130247
527588 0 0 0 0.0683951 0 0 0.0683951 0.0683951 0 0 0.0683951 0 0 0 -0.131247 0.0683951 0 -0.131247 0.0683951 0.0683951 -0.131247 0 0.068395 -0.131247
527512 0 0 0 0.0689275 0 0 0.0689275 0.0689275 0 0 0.0689275 0 0 0 -0.132247 0.0689275 0 -0.132247 0.0689275 0.0689275 -0.132247 0 0.0689275 -0.132247
527206 0 0 0 0.06946 0 0 0.06946 0.06946 0 0 0.06946 0 0 0 -0.133247 0.06946 0 -0.133247 0.06946 0.06946 -0.133247 0 0.06946 -0.133247
527571 0 0 0 0.0699925 0 0 0.0699925 0.0699925 0 0 0.0699925 0 0 0 -0.134247 0.0699925 0 -0.134247 0.0699925 0.0699925 -0.134247 0 0.0699925 -0.134247
527930 0 0 0 0.070525 0 0 0.070525 0.070525 0 0 0.070525 0 0 0 -0.135247 0.070525 0 -0.135247 0.070525 0.070525 -0.135247 0 0.0705249 -0.135247
527941 0 0 0 0.0710575 0 0 0.0710575 0.0710575 0 0 0.0710575 0 0 0 -0.136247 0.0710575 0 -0.136247 0.0710575 0.0710575 -0.136247 0 0.0710574 -0.136247
527942 0 0 0 0.07159 0 0 0.07159 0.07159 0 0 0.07159 0 0 0 -0.137247 0.07159 0 -0.137247 0.07159 0.07159 -0.137247 0 0.07159 -0.137247
527593 0 0 0 0.0721225 0 0 0.0721225 0.0721225 0 0 0.0721225 0 0 0 -0.138247 0.0721225 0 -0.138247 0.0721225 0.0721225 -0.138247 0 0.0721225 -0.138247
527517 0 0 0 0.072655 0 0 0.0726551 0.072655 0 0 0.0726551 0 0 0 -0.139247 0.072655 0 -0.139247 0.0726551 0.0726551 -0.139247 0 0.072655 -0.139247
527583 0 0 0 0.0731876 0 0 0.0731876 0.0731876 0 0 0.0731876 0 0 0 -0.140247 0.0731876 0 -0.140247 0.0731876 0.0731876 -0.140247 0 0.0731876 -0.140247
527279 0 0 0 0.0737201 0 0 0.0737202 0.0737201 0 0 0.0737202 0 0 0 -0.141247 0.0737201 0 -0.141247 0.0737201 0.0737202 -0.141247 0 0.0737201 -0.141247
527524 0 0 0 0.0742527 0 0 0.0742527 0.0742527 0 0 0.0742527 0 0 0 -0.142247 0.0742527 0 -0.142247 0.0742527 0.0742527 -0.142247 0 0.0742527 -0.142247
527935 0 0 0 0.0747853 0 0 0.0747853 0.0747853 0 0 0.0747853 0 0 0 -0.143247 0.0747853 0 -0.143247 0.0747853 0.0747853 -0.143247 0 0.0747853 -0.143247
527421 0 0 0 0.0753179 0 0 0.0753179 0.0753179 0 0 0.0753179 0 0 0 -0.144247 0.0753179 0 -0.144247 0.0753179 0.0753179 -0.144247 0 0.0753178 -0.144247
527319 0 0 0 0.0758505 0 0 0.0758505 0.0758505 0 0 0.0758505 0 0 0 -0.145247 0.0758505 0 -0.145247 0.0758505 0.0758505 -0.145247 0 0.0758504 -0.145247
527582 0 0 0 0.0763831 0 0 0.0763831 0.0763831 0 0 0.0763831 0 0 0 -0.146247 0.0763831 0 -0.146247 0.0763831 0.0763831 -0.146247 0 0.0763831 -0.146247
527523 0 0 0 0.0769157 0 0 0.0769157 0.0769157 0 0 0.0769157 0 0 0 -0.147247 0.0769157 0 -0.147247 0.0769157 0.0769157 -0.147247 0 0.0769157 -0.147247
527589 0 0 0 0.0774483 0 0 0.0774483 0.0774483 0 0 0.0774484 0 0 0 -0.148247 0.0774483 0 -0.148247 0.0774483 0.0774484 -0.148247 0 0.0774483 -0.148247
527592 0 0 0 0.077981 0 0 0.077981 0.077981 0 0 0.077981 0 0 0 -0.149247 0.077981 0 -0.149247 0.077981 0.077981 -0.149247 0 0.077981 -0.149247
527943 0 0 0 0.0785136 0 0 0.0785136 0.0785136 0 0 0.0785136 0 0 0 -0.150247 0.0785136 0 -0.150247 0.0785136 0.0785137 -0.150247 0 0.0785136 -0.150247
526490 0 0 0 0.0790463 0 0 0.0790463 0.0790463 0 0 0.0790463 0 0 0 -0.151247 0.0790463 0 -0.151247 0.0790463 0.0790463 -0.151247 0 0.0790463 -0.151247
527915 0 0 0 0.079579 0 0 0.079579 0.079579 0 0 0.079579 0 0 0 -0.152247 0.079579 0 -0.152247 0.079579 0.079579 -0.152247 0 0.079579 -0.152247
527550 0 0 0 0.0801117 0 0 0.0801117 0.0801117 0 0 0.0801117 0 0 0 -0.153247 0.0801117 0 -0.153247 0.0801117 0.0801117 -0.153247 0 0.0801117 -0.153247
527595 0 0 0 0.0806444 0 0 0.0806444 0.0806444 0 0 0.0806444 0 0 0 -0.154247 0.0806444 0 -0.154247 0.0806444 0.0806444 -0.154247 0 0.0806444 -0.154247
527947 0 0 0 0.0811771 0 0 0.0811771 0.0811771 0 0 0.0811771 0 0 0 -0.155247 0.0811771 0 -0.155247 0.0811771 0.0811771 -0.155247 0 0.0811771 -0.155247
527301 0 0 0 0.0817099 0 0 0.0817099 0.0817098 0 0 0.0817099 0 0 0 -0.156247 0.0817098 0 -0.156247 0.0817099 0.0817099 -0.156247 0 0.0817098 -0.156247
527592 0 0 0 0.0822426 0 0 0.0822426 0.0822426 0 0 0.0822426 0 0 0 -0.157247 0.0822426 0 -0.157247 0.0822426 0.0822426 -0.157247 0 0.0822426 -0.157247
527600 0 0 0 0.0827754 0 0 0.0827754 0.0827754 0 0 0.0827754 0 0 0 -0.158247 0.0827754 0 -0.158247 0.0827754 0.0827754 -0.158247 0 0.0827753 -0.158247
527336 0 0 0 0.0833081 0 0 0.0833081 0.0833081 0 0 0.0833082 0 0 0 -0.159247 0.0833081 0 -0.159247 0.0833081 0.0833082 -0.159247 0 0.0833081 -0.159247
527945 0 0 0 0.0838409 0 0 0.0838409 0.0838409 0 0 0.0838409 0 0 0 -0.160247 0.0838409 0 -0.160247 0.0838409 0.0838409 -0.160247 0 0.0838409 -0.160247
527347 0 0 0 0.0843737 0 0 0.0843737 0.0843737 0 0 0.0843737 0 0 0 -0.161247 0.0843737 0 -0.161247 0.0843737 0.0843738 -0.161247 0 0.0843737 -0.161247
527948 0 0 0 0.0849065 0 0 0.0849066 0.0849065 0 0 0.0849066 0 0 0 -0.162247 0.0849065 0 -0.162247 0.0849065 0.0849066 -0.162247 0 0.0849065 -0.162247
527615 0 0 0 0.0854394 0 0 0.0854394 0.0854394 0 0 0.0854394 0 0 0 -0.163247 0.0854394 0 -0.163247 0.0854394 0.0854394 -0.163247 0 0.0854394 -0.163247
527540 0 0 0 0.0859722 0 0 0.0859722 0.0859722 0 0 0.0859722 0 0 0 -0.164247 0.0859722 0 -0.164247 0.0859722 0.0859723 -0.164247 0 0.0859722 -0.164247
527956 0 0 0 0.0865051 0 0 0.0865051 0.0865051 0 0 0.0865051 0 0 0 -0.165247 0.0865051 0 -0.165247 0.0865051 0.0865051 -0.165247 0 0.0865051 -0.165247
522495 0 0 0 0.0870381 0 0 0.0870381 0.087038 0 0 0.0870381 0 0 0 -0.166247 0.087038 0 -0.166247 0.0870381 0.0870381 -0.166247 0 0.087038 -0.166247
526396 0 0 0 0.0875709 0 0 0.0875709 0.0875709 0 0 0.0875709 0 0 0 -0.167247 0.0875709 0 -0.167247 0.0875709 0.0875709 -0.167247 0 0.0875709 -0.167247
527929 0 0 0 0.0881038 0 0 0.0881038 0.0881038 0 0 0.0881038 0 0 0 -0.168247 0.0881038 0 -0.168247 0.0881038 0.0881038 -0.168247 0 0.0881037 -0.168247
526891 0 0 0 0.0886367 0 0 0.0886367 0.0886367 0 0 0.0886367 0 0 0 -0.169247 0.0886367 0 -0.169247 0.0886367 0.0886367 -0.169247 0 0.0886367 -0.169247
527944 0 0 0 0.0891696 0 0 0.0891696 0.0891696 0 0 0.0891696 0 0 0 -0.170247 0.0891696 0 -0.170247 0.0891696 0.0891696 -0.170247 0 0.0891696 -0.170247
527623 0 0 0 0.0897026 0 0 0.0897026 0.0897026 0 0 0.0897026 0 0 0 -0.171247 0.0897026 0 -0.171247 0.0897026 0.0897026 -0.171247 0 0.0897026 -0.171247
527616 0 0 0 0.0902356 0 0 0.0902356 0.0902355 0 0 0.0902356 0 0 0 -0.172247 0.0902355 0 -0.172247 0.0902356 0.0902356 -0.172247 0 0.0902355 -0.172247
527374 0 0 0 0.0907685 0 0 0.0907686 0.0907685 0 0 0.0907686 0 0 0 -0.173247 0.0907685 0 -0.173247 0.0907685 0.0907686 -0.173247 0 0.0907685 -0.173247
527240 0 0 0 0.0913016 0 0 0.0913016 0.0913015 0 0 0.0913016 0 0 0 -0.174247 0.0913015 0 -0.174247 0.0913016 0.0913016 -0.174247 0 0.0913015 -0.174247
527959 0 0 0 0.0918346 0 0 0.0918346 0.0918346 0 0 0.0918346 0 0 0 -0.175247 0.0918346 0 -0.175247 0.0918346 0.0918346 -0.175247 0 0.0918345 -0.175247
527980 0 0 0 0.0923676 0 0 0.0923676 0.0923676 0 0 0.0923676 0 0 0 -0.176247 0.0923676 0 -0.176247 0.0923676 0.0923676 -0.176247 0 0.0923676 -0.176247
527981 0 0 0 0.0929007 0 0 0.0929007 0.0929006 0 0 0.0929007 0 0 0 -0.177247 0.0929006 0 -0.177247 0.0929007 0.0929007 -0.177247 0 0.0929006 -0.177247
527390 0 0 0 0.0934337 0 0 0.0934337 0.0934337 0 0 0.0934338 0 0 0 -0.178247 0.0934337 0 -0.178247 0.0934337 0.0934338 -0.178247 0 0.0934337 -0.178247
527968 0 0 0 0.0939668 0 0 0.0939668 0.0939668 0 0 0.0939668 0 0 0 -0.179247 0.0939668 0 -0.179247 0.0939668 0.0939668 -0.179247 0 0.0939668 -0.179247
527392 0 0 0 0.0944999 0 0 0.0944999 0.0944999 0 0 0.0944999 0 0 0 -0.180247 0.0944999 0 -0.180247 0.0944999 0.0945 -0.180247 0 0.0944999 -0.180247
527355 0 0 0 0.0950331 0 0 0.0950331 0.0950331 0 0 0.0950331 0 0 0 -0.181247 0.0950331 0 -0.181247 0.0950331 0.0950331 -0.181247 0 0.095033 -0.181247
527554 0 0 0 0.0955662 0 0 0.0955662 0.0955662 0 0 0.0955662 0 0 0 -0.182247 0.0955662 0 -0.182247 0.0955662 0.0955662 -0.182247 0 0.0955662 -0.182247
527978 0 0 0 0.0960994 0 0 0.0960994 0.0960994 0 0 0.0960994 0 0 0 -0.183247 0.0960994 0 -0.183247 0.0960994 0.0960994 -0.183247 0 0.0960993 -0.183247
527990 0 0 0 0.0966325 0 0 0.0966326 0.0966325 0 0 0.0966326 0 0 0 -0.184247 0.0966325 0 -0.184247 0.0966325 0.0966326 -0.184247 0 0.0966325 -0.184247
527642 0 0 0 0.0971657 0 0 0.0971658 0.0971657 0 0 0.0971658 0 0 0 -0.185247 0.0971657 0 -0.185247 0.0971658 0.0971658 -0.185247 0 0.0971657 -0.185247
527984 0 0 0 0.097699 0 0 0.097699 0.097699 0 0 0.097699 0 0 0 -0.186247 0.097699 0 -0.186247 0.097699 0.097699 -0.186247 0 0.0976989 -0.186247
527644 0 0 0 0.0982322 0 0 0.0982322 0.0982322 0 0 0.0982322 0 0 0 -0.187247 0.0982322 0 -0.187247 0.0982322 0.0982322 -0.187247 0 0.0982322 -0.187247
527569 0 0 0 0.0987655 0 0 0.0987655 0.0987655 0 0 0.0987655 0 0 0 -0.188247 0.0987655 0 -0.188247 0.0987655 0.0987655 -0.188247 0 0.0987654 -0.188247
527986 0 0 0 0.0992987 0 0 0.0992987 0.0992987 0 0 0.0992988 0 0 0 -0.189247 0.0992987 0 -0.189247 0.0992987 0.0992988 -0.189247 0 0.0992987 -0.189247
527999 0 0 0 0.099832 0 0 0.099832 0.099832 0 0 0.099832 0 0 0 -0.190247 0.099832 0 -0.190247 0.099832 0.0998321 -0.190247 0 0.099832 -0.190247
528001 0 0 0 0.100365 0 0 0.100365 0.100365 0 0 0.100365 0 0 0 -0.191247 0.100365 0 -0.191247 0.100365 0.100365 -0.191247 0 0.100365 -0.191247
528002 0 0 0 0.100899 0 0 0.100899 0.100899 0 0 0.100899 0 0 0 -0.192247 0.100899 0 -0.192247 0.100899 0.100899 -0.192247 0 0.100899 -0.192247
526067 0 0 0 0.101432 0 0 0.101432 0.101432 0 0 0.101432 0 0 0 -0.193247 0.101432 0 -0.193247 0.101432 0.101432 -0.193247 0 0.101432 -0.193247
527603 0 0 0 0.101965 0 0 0.101965 0.101965 0 0 0.101965 0 0 0 -0.194247 0.101965 0 -0.194247 0.101965 0.101965 -0.194247 0 0.101965 -0.194247
527646 0 0 0 0.102499 0 0 0.102499 0.102499 0 0 0.102499 0 0 0 -0.195247 0.102499 0 -0.195247 0.102499 0.102499 -0.195247 0 0.102499 -0.195247
527594 0 0 0 0.103032 0 0 0.103032 0.103032 0 0 0.103032 0 0 0 -0.196247 0.103032 0 -0.196247 0.103032 0.103032 -0.196247 0 0.103032 -0.196247
527648 0 0 0 0.103566 0 0 0.103566 0.103566 0 0 0.103566 0 0 0 -0.197247 0.103566 0 -0.197247 0.103566 0.103566 -0.197247 0 0.103566 -0.197247
527597 0 0 0 0.104099 0 0 0.104099 0.104099 0 0 0.104099 0 0 0 -0.198247 0.104099 0 -0.198247 0.104099 0.104099 -0.198247 0 0.104099 -0.198247
527597 0 0 0 0.104633 0 0 0.104633 0.104633 0 0 0.104633 0 0 0 -0.199247 0.104633 0 -0.199247 0.104633 0.104633 -0.199247 0 0.104633 -0.199247
527387 0 0 0 0.105166 0 0 0.105166 0.105166 0 0 0.105166 0 0 0 -0.200247 0.105166 0 -0.200247 0.105166 0.105166 -0.200247 0 0.105166 -0.200247
