1 0 0 0 -0.000741546 0 0 -0.000741546 -0.000741546 0 0 -0.000741546 0 0 0 -0.000741546 -0.000741546 0 -0.000741546 -0.000741546 -0.000741546 -0.000741546 0 -0.000741546 -0.000741546
2 0 0 0 -0.000741546 0 0 -0.000741546 -0.000741546 0 0 -0.000741546 0 0 0 -0.000741546 -0.000741546 0 -0.000741546 -0.000741546 -0.000741546 -0.000741546 0 -0.000741546 -0.000741546
126872 0 0 0 -0.00042931 0 0 -0.00042931 -0.00042931 0 0 -0.00042931 0 0 0 -0.00174155 -0.00042931 0 -0.00174155 -0.00042931 -0.00042931 -0.00174155 0 -0.00042931 -0.00174155
262754 0 0 0 -5.92043e-05 0 0 -5.92043e-05 -5.92043e-05 0 0 -5.92043e-05 0 0 0 -0.00274155 -5.92043e-05 0 -0.00274155 -5.92043e-05 -5.92043e-05 -0.00274155 0 -5.92043e-05 -0.00274155
394423 0 0 0 0.00033776 0 0 0.000337789 0.000337789 0 0 0.00033776 0 0 0 -0.00374155 0.000337891 0 -0.00374155 0.000337724 0.000337724 -0.00374155 0 0.000337891 -0.00374155
509165 0 0 0 0.000752424 0 0 0.000752438 0.000752438 0 0 0.000752424 0 0 0 -0.00474155 0.000752472 0 -0.00474155 0.000752408 0.000752408 -0.00474155 0 0.000752472 -0.00474155
606145 0 0 0 0.00118265 0 0 0.00118269 0.00118266 0 0 0.00118268 0 0 0 -0.00574155 0.00118271 0 -0.00574155 0.00118264 0.00118264 -0.00574155 0 0.0011827 -0.00574155
693629 0 0 0 0.00162202 0 0 0.00162203 0.00162203 0 0 0.00162202 0 0 0 -0.00674155 0.00162205 0 -0.00674155 0.00162203 0.00162199 -0.00674155 0 0.00162209 -0.00674155
768572 0 0 0 0.00207526 0 0 0.00207534 0.00207527 0 0 0.00207533 0 0 0 -0.00774155 0.00207531 0 -0.00774155 0.00207526 0.00207525 -0.00774155 0 0.00207532 -0.00774155
823585 0 0 0 0.00253098 0 0 0.00253102 0.00253099 0 0 0.002531 0 0 0 -0.00874155 0.00253102 0 -0.00874155 0.00253098 0.00253097 -0.00874155 0 0.00253103 -0.00874155
867997 0 0 0 0.00299746 0 0 0.00299751 0.00299748 0 0 0.0029975 0 0 0 -0.00974155 0.00299751 0 -0.00974155 0.00299748 0.00299746 -0.00974155 0 0.00299754 -0.00974155
922226 0 0 0 0.0034628 0 0 0.00346285 0.00346282 0 0 0.00346283 0 0 0 -0.0107415 0.00346285 0 -0.0107415 0.0034628 0.00346279 -0.0107415 0 0.00346286 -0.0107415
965364 0 0 0 0.00393828 0 0 0.00393832 0.0039383 0 0 0.00393831 0 0 0 -0.0117415 0.00393833 0 -0.0117415 0.00393828 0.00393827 -0.0117415 0 0.00393834 -0.0117415
994740 0 0 0 0.00442124 0 0 0.00442124 0.00442124 0 0 0.00442123 0 0 0 -0.0127415 0.00442127 0 -0.0127415 0.0044212 0.00442122 -0.0127415 0 0.00442126 -0.0127415
1.0127e+06 0 0 0 0.00490516 0 0 0.00490519 0.00490517 0 0 0.00490517 0 0 0 -0.0137415 0.0049052 0 -0.0137415 0.00490515 0.00490515 -0.0137415 0 0.0049052 -0.0137415
1.04441e+06 0 0 0 0.00539025 0 0 0.00539027 0.00539026 0 0 0.00539026 0 0 0 -0.0147415 0.00539029 0 -0.0147415 0.00539024 0.00539024 -0.0147415 0 0.00539029 -0.0147415
1.07821e+06 0 0 0 0.00587683 0 0 0.00587685 0.00587684 0 0 0.00587684 0 0 0 -0.0157415 0.00587687 0 -0.0157415 0.00587682 0.00587682 -0.0157415 0 0.00587687 -0.0157415
1.10299e+06 0 0 0 0.00637287 0 0 0.00637289 0.00637288 0 0 0.00637288 0 0 0 -0.0167415 0.00637291 0 -0.0167415 0.00637286 0.00637286 -0.0167415 0 0.00637291 -0.0167415
1.10572e+06 0 0 0 0.00687761 0 0 0.00687763 0.00687762 0 0 0.00687762 0 0 0 -0.0177415 0.00687765 0 -0.0177415 0.0068776 0.0068776 -0.0177415 0 0.00687764 -0.0177415
1.1182e+06 0 0 0 0.00738322 0 0 0.00738324 0.00738323 0 0 0.00738323 0 0 0 -0.0187415 0.00738325 0 -0.0187415 0.00738321 0.00738321 -0.0187415 0 0.00738325 -0.0187415
1.13113e+06 0 0 0 0.00788983 0 0 0.00788985 0.00788984 0 0 0.00788984 0 0 0 -0.0197415 0.00788987 0 -0.0197415 0.00788982 0.00788982 -0.0197415 0 0.00788987 -0.0197415
1.1438e+06 0 0 0 0.00839749 0 0 0.00839751 0.00839751 0 0 0.0083975 0 0 0 -0.0207415 0.00839753 0 -0.0207415 0.00839748 0.00839748 -0.0207415 0 0.00839753 -0.0207415
1.15765e+06 0 0 0 0.00890625 0 0 0.00890627 0.00890626 0 0 0.00890625 0 0 0 -0.0217415 0.00890628 0 -0.0217415 0.00890623 0.00890623 -0.0217415 0 0.00890628 -0.0217415
1.17127e+06 0 0 0 0.00941613 0 0 0.00941615 0.00941615 0 0 0.00941614 0 0 0 -0.0227415 0.00941617 0 -0.0227415 0.00941612 0.00941612 -0.0227415 0 0.00941617 -0.0227415
1.18511e+06 0 0 0 0.0099272 0 0 0.00992722 0.00992721 0 0 0.00992721 0 0 0 -0.0237415 0.00992723 0 -0.0237415 0.00992719 0.00992719 -0.0237415 0 0.00992723 -0.0237415
1.19918e+06 0 0 0 0.0104395 0 0 0.0104395 0.0104395 0 0 0.0104395 0 0 0 -0.0247415 0.0104395 0 -0.0247415 0.0104395 0.0104395 -0.0247415 0 0.0104395 -0.0247415
1.21334e+06 0 0 0 0.010953 0 0 0.0109531 0.0109531 0 0 0.0109531 0 0 0 -0.0257415 0.0109531 0 -0.0257415 0.010953 0.010953 -0.0257415 0 0.0109531 -0.0257415
1.22805e+06 0 0 0 0.0114679 0 0 0.0114679 0.0114679 0 0 0.0114679 0 0 0 -0.0267415 0.011468 0 -0.0267415 0.0114679 0.0114679 -0.0267415 0 0.0114679 -0.0267415
1.23224e+06 0 0 0 0.0119843 0 0 0.0119843 0.0119843 0 0 0.0119843 0 0 0 -0.0277415 0.0119843 0 -0.0277415 0.0119843 0.0119843 -0.0277415 0 0.0119843 -0.0277415
1.2469e+06 0 0 0 0.0125019 0 0 0.0125019 0.0125019 0 0 0.0125019 0 0 0 -0.0287415 0.0125019 0 -0.0287415 0.0125019 0.0125019 -0.0287415 0 0.0125019 -0.0287415
1.26199e+06 0 0 0 0.013021 0 0 0.013021 0.013021 0 0 0.013021 0 0 0 -0.0297415 0.013021 0 -0.0297415 0.013021 0.013021 -0.0297415 0 0.013021 -0.0297415
1.27686e+06 0 0 0 0.0135424 0 0 0.0135424 0.0135424 0 0 0.0135424 0 0 0 -0.0307415 0.0135424 0 -0.0307415 0.0135424 0.0135424 -0.0307415 0 0.0135424 -0.0307415
1.27865e+06 0 0 0 0.0140744 0 0 0.0140744 0.0140744 0 0 0.0140744 0 0 0 -0.0317415 0.0140745 0 -0.0317415 0.0140744 0.0140744 -0.0317415 0 0.0140745 -0.0317415
1.27882e+06 0 0 0 0.0146065 0 0 0.0146065 0.0146065 0 0 0.0146065 0 0 0 -0.0327415 0.0146065 0 -0.0327415 0.0146065 0.0146065 -0.0327415 0 0.0146065 -0.0327415
1.27866e+06 0 0 0 0.0151386 0 0 0.0151386 0.0151386 0 0 0.0151386 0 0 0 -0.0337415 0.0151386 0 -0.0337415 0.0151386 0.0151386 -0.0337415 0 0.0151386 -0.0337415
1.27884e+06 0 0 0 0.0156706 0 0 0.0156707 0.0156707 0 0 0.0156706 0 0 0 -0.0347415 0.0156707 0 -0.0347415 0.0156706 0.0156706 -0.0347415 0 0.0156707 -0.0347415
1.27883e+06 0 0 0 0.0162027 0 0 0.0162027 0.0162027 0 0 0.0162027 0 0 0 -0.0357415 0.0162027 0 -0.0357415 0.0162027 0.0162027 -0.0357415 0 0.0162027 -0.0357415
1.27886e+06 0 0 0 0.0167348 0 0 0.0167348 0.0167348 0 0 0.0167348 0 0 0 -0.0367415 0.0167348 0 -0.0367415 0.0167348 0.0167348 -0.0367415 0 0.0167348 -0.0367415
1.27866e+06 0 0 0 0.0172669 0 0 0.0172669 0.0172669 0 0 0.0172669 0 0 0 -0.0377415 0.0172669 0 -0.0377415 0.0172669 0.0172669 -0.0377415 0 0.0172669 -0.0377415
1.2787e+06 0 0 0 0.0177989 0 0 0.017799 0.017799 0 0 0.0177989 0 0 0 -0.0387415 0.017799 0 -0.0387415 0.0177989 0.0177989 -0.0387415 0 0.017799 -0.0387415
1.27866e+06 0 0 0 0.018331 0 0 0.018331 0.018331 0 0 0.018331 0 0 0 -0.0397415 0.018331 0 -0.0397415 0.018331 0.018331 -0.0397415 0 0.018331 -0.0397415
1.27866e+06 0 0 0 0.0188631 0 0 0.0188631 0.0188631 0 0 0.0188631 0 0 0 -0.0407415 0.0188631 0 -0.0407415 0.0188631 0.0188631 -0.0407415 0 0.0188631 -0.0407415
1.27866e+06 0 0 0 0.0193952 0 0 0.0193952 0.0193952 0 0 0.0193952 0 0 0 -0.0417415 0.0193952 0 -0.0417415 0.0193952 0.0193952 -0.0417415 0 0.0193952 -0.0417415
1.27866e+06 0 0 0 0.0199272 0 0 0.0199273 0.0199273 0 0 0.0199273 0 0 0 -0.0427415 0.0199273 0 -0.0427415 0.0199272 0.0199272 -0.0427415 0 0.0199273 -0.0427415
1.27886e+06 0 0 0 0.0204593 0 0 0.0204593 0.0204593 0 0 0.0204593 0 0 0 -0.0437415 0.0204594 0 -0.0437415 0.0204593 0.0204593 -0.0437415 0 0.0204593 -0.0437415
1.27883e+06 0 0 0 0.0209914 0 0 0.0209914 0.0209914 0 0 0.0209914 0 0 0 -0.0447415 0.0209914 0 -0.0447415 0.0209914 0.0209914 -0.0447415 0 0.0209914 -0.0447415
1.27866e+06 0 0 0 0.0215235 0 0 0.0215235 0.0215235 0 0 0.0215235 0 0 0 -0.0457415 0.0215235 0 -0.0457415 0.0215235 0.0215235 -0.0457415 0 0.0215235 -0.0457415
1.2787e+06 0 0 0 0.0220556 0 0 0.0220556 0.0220556 0 0 0.0220556 0 0 0 -0.0467415 0.0220556 0 -0.0467415 0.0220556 0.0220556 -0.0467415 0 0.0220556 -0.0467415
1.27882e+06 0 0 0 0.0225876 0 0 0.0225877 0.0225877 0 0 0.0225877 0 0 0 -0.0477415 0.0225877 0 -0.0477415 0.0225876 0.0225876 -0.0477415 0 0.0225877 -0.0477415
1.27883e+06 0 0 0 0.0231197 0 0 0.0231197 0.0231197 0 0 0.0231197 0 0 0 -0.0487415 0.0231198 0 -0.0487415 0.0231197 0.0231197 -0.0487415 0 0.0231198 -0.0487415
1.27886e+06 0 0 0 0.0236518 0 0 0.0236518 0.0236518 0 0 0.0236518 0 0 0 -0.0497415 0.0236518 0 -0.0497415 0.0236518 0.0236518 -0.0497415 0 0.0236518 -0.0497415
1.27887e+06 0 0 0 0.0241839 0 0 0.0241839 0.0241839 0 0 0.0241839 0 0 0 -0.0507415 0.0241839 0 -0.0507415 0.0241839 0.0241839 -0.0507415 0 0.0241839 -0.0507415
1.27866e+06 0 0 0 0.024716 0 0 0.024716 0.024716 0 0 0.024716 0 0 0 -0.0517415 0.024716 0 -0.0517415 0.024716 0.024716 -0.0517415 0 0.024716 -0.0517415
1.27866e+06 0 0 0 0.0252481 0 0 0.0252481 0.0252481 0 0 0.0252481 0 0 0 -0.0527415 0.0252481 0 -0.0527415 0.0252481 0.0252481 -0.0527415 0 0.0252481 -0.0527415
1.27886e+06 0 0 0 0.0257801 0 0 0.0257802 0.0257802 0 0 0.0257802 0 0 0 -0.0537415 0.0257802 0 -0.0537415 0.0257801 0.0257801 -0.0537415 0 0.0257802 -0.0537415
1.27883e+06 0 0 0 0.0263122 0 0 0.0263123 0.0263123 0 0 0.0263122 0 0 0 -0.0547415 0.0263123 0 -0.0547415 0.0263122 0.0263122 -0.0547415 0 0.0263123 -0.0547415
1.27866e+06 0 0 0 0.0268443 0 0 0.0268443 0.0268443 0 0 0.0268443 0 0 0 -0.0557415 0.0268444 0 -0.0557415 0.0268443 0.0268443 -0.0557415 0 0.0268444 -0.0557415
1.27882e+06 0 0 0 0.0273764 0 0 0.0273764 0.0273764 0 0 0.0273764 0 0 0 -0.0567415 0.0273764 0 -0.0567415 0.0273764 0.0273764 -0.0567415 0 0.0273764 -0.0567415
1.2787e+06 0 0 0 0.0279085 0 0 0.0279085 0.0279085 0 0 0.0279085 0 0 0 -0.0577415 0.0279085 0 -0.0577415 0.0279085 0.0279085 -0.0577415 0 0.0279085 -0.0577415
1.27883e+06 0 0 0 0.0284406 0 0 0.0284406 0.0284406 0 0 0.0284406 0 0 0 -0.0587415 0.0284406 0 -0.0587415 0.0284406 0.0284406 -0.0587415 0 0.0284406 -0.0587415
1.27883e+06 0 0 0 0.0289727 0 0 0.0289727 0.0289727 0 0 0.0289727 0 0 0 -0.0597415 0.0289727 0 -0.0597415 0.0289727 0.0289727 -0.0597415 0 0.0289727 -0.0597415
1.27883e+06 0 0 0 0.0295048 0 0 0.0295048 0.0295048 0 0 0.0295048 0 0 0 -0.0607415 0.0295048 0 -0.0607415 0.0295048 0.0295048 -0.0607415 0 0.0295048 -0.0607415
1.27866e+06 0 0 0 0.0300369 0 0 0.0300369 0.0300369 0 0 0.0300369 0 0 0 -0.0617415 0.0300369 0 -0.0617415 0.0300369 0.0300369 -0.0617415 0 0.0300369 -0.0617415
1.2787e+06 0 0 0 0.030569 0 0 0.030569 0.030569 0 0 0.030569 0 0 0 -0.0627415 0.030569 0 -0.0627415 0.030569 0.030569 -0.0627415 0 0.030569 -0.0627415
1.27883e+06 0 0 0 0.0311011 0 0 0.0311011 0.0311011 0 0 0.0311011 0 0 0 -0.0637415 0.0311011 0 -0.0637415 0.0311011 0.0311011 -0.0637415 0 0.0311011 -0.0637415
1.27883e+06 0 0 0 0.0316332 0 0 0.0316332 0.0316332 0 0 0.0316332 0 0 0 -0.0647415 0.0316332 0 -0.0647415 0.0316332 0.0316332 -0.0647415 0 0.0316332 -0.0647415
1.27883e+06 0 0 0 0.0321653 0 0 0.0321653 0.0321653 0 0 0.0321653 0 0 0 -0.0657415 0.0321653 0 -0.0657415 0.0321653 0.0321653 -0.0657415 0 0.0321653 -0.0657415
1.27886e+06 0 0 0 0.0326974 0 0 0.0326974 0.0326974 0 0 0.0326974 0 0 0 -0.0667415 0.0326974 0 -0.0667415 0.0326974 0.0326974 -0.0667415 0 0.0326974 -0.0667415
1.27871e+06 0 0 0 0.0332295 0 0 0.0332295 0.0332295 0 0 0.0332295 0 0 0 -0.0677415 0.0332295 0 -0.0677415 0.0332295 0.0332295 -0.0677415 0 0.0332295 -0.0677415
1.27887e+06 0 0 0 0.0337616 0 0 0.0337616 0.0337616 0 0 0.0337616 0 0 0 -0.0687415 0.0337616 0 -0.0687415 0.0337616 0.0337616 -0.0687415 0 0.0337616 -0.0687415
1.27867e+06 0 0 0 0.0342937 0 0 0.0342938 0.0342938 0 0 0.0342937 0 0 0 -0.0697415 0.0342938 0 -0.0697415 0.0342937 0.0342937 -0.0697415 0 0.0342938 -0.0697415
1.2787e+06 0 0 0 0.0348259 0 0 0.0348259 0.0348259 0 0 0.0348259 0 0 0 -0.0707415 0.0348259 0 -0.0707415 0.0348258 0.0348258 -0.0707415 0 0.0348259 -0.0707415
1.27883e+06 0 0 0 0.035358 0 0 0.035358 0.035358 0 0 0.035358 0 0 0 -0.0717415 0.035358 0 -0.0717415 0.035358 0.035358 -0.0717415 0 0.035358 -0.0717415
1.27867e+06 0 0 0 0.0358901 0 0 0.0358901 0.0358901 0 0 0.0358901 0 0 0 -0.0727415 0.0358901 0 -0.0727415 0.0358901 0.0358901 -0.0727415 0 0.0358901 -0.0727415
1.2787e+06 0 0 0 0.0364222 0 0 0.0364222 0.0364222 0 0 0.0364222 0 0 0 -0.0737415 0.0364222 0 -0.0737415 0.0364222 0.0364222 -0.0737415 0 0.0364222 -0.0737415
1.2787e+06 0 0 0 0.0369543 0 0 0.0369543 0.0369543 0 0 0.0369543 0 0 0 -0.0747415 0.0369544 0 -0.0747415 0.0369543 0.0369543 -0.0747415 0 0.0369544 -0.0747415
1.27883e+06 0 0 0 0.0374865 0 0 0.0374865 0.0374865 0 0 0.0374865 0 0 0 -0.0757415 0.0374865 0 -0.0757415 0.0374865 0.0374865 -0.0757415 0 0.0374865 -0.0757415
1.27871e+06 0 0 0 0.0380186 0 0 0.0380186 0.0380186 0 0 0.0380186 0 0 0 -0.0767415 0.0380186 0 -0.0767415 0.0380186 0.0380186 -0.0767415 0 0.0380186 -0.0767415
1.27887e+06 0 0 0 0.0385507 0 0 0.0385507 0.0385507 0 0 0.0385507 0 0 0 -0.0777415 0.0385507 0 -0.0777415 0.0385507 0.0385507 -0.0777415 0 0.0385507 -0.0777415
1.27867e+06 0 0 0 0.0390829 0 0 0.0390829 0.0390829 0 0 0.0390829 0 0 0 -0.0787415 0.0390829 0 -0.0787415 0.0390829 0.0390829 -0.0787415 0 0.0390829 -0.0787415
1.27866e+06 0 0 0 0.039615 0 0 0.039615 0.039615 0 0 0.039615 0 0 0 -0.0797415 0.039615 0 -0.0797415 0.039615 0.039615 -0.0797415 0 0.039615 -0.0797415
1.27879e+06 0 0 0 0.0401471 0 0 0.0401471 0.0401471 0 0 0.0401471 0 0 0 -0.0807415 0.0401472 0 -0.0807415 0.0401471 0.0401471 -0.0807415 0 0.0401472 -0.0807415
1.27887e+06 0 0 0 0.0406793 0 0 0.0406793 0.0406793 0 0 0.0406793 0 0 0 -0.0817415 0.0406793 0 -0.0817415 0.0406793 0.0406793 -0.0817415 0 0.0406793 -0.0817415
1.27867e+06 0 0 0 0.0412114 0 0 0.0412114 0.0412114 0 0 0.0412114 0 0 0 -0.0827415 0.0412114 0 -0.0827415 0.0412114 0.0412114 -0.0827415 0 0.0412114 -0.0827415
1.27883e+06 0 0 0 0.0417436 0 0 0.0417436 0.0417436 0 0 0.0417436 0 0 0 -0.0837415 0.0417436 0 -0.0837415 0.0417436 0.0417436 -0.0837415 0 0.0417436 -0.0837415
1.27883e+06 0 0 0 0.0422757 0 0 0.0422757 0.0422757 0 0 0.0422757 0 0 0 -0.0847415 0.0422757 0 -0.0847415 0.0422757 0.0422757 -0.0847415 0 0.0422757 -0.0847415
1.27867e+06 0 0 0 0.0428079 0 0 0.0428079 0.0428079 0 0 0.0428079 0 0 0 -0.0857415 0.0428079 0 -0.0857415 0.0428079 0.0428079 -0.0857415 0 0.0428079 -0.0857415
1.2788e+06 0 0 0 0.04334 0 0 0.0433401 0.04334 0 0 0.04334 0 0 0 -0.0867415 0.0433401 0 -0.0867415 0.04334 0.04334 -0.0867415 0 0.0433401 -0.0867415
1.27867e+06 0 0 0 0.0438722 0 0 0.0438722 0.0438722 0 0 0.0438722 0 0 0 -0.0877415 0.0438722 0 -0.0877415 0.0438722 0.0438722 -0.0877415 0 0.0438722 -0.0877415
1.27867e+06 0 0 0 0.0444044 0 0 0.0444044 0.0444044 0 0 0.0444044 0 0 0 -0.0887415 0.0444044 0 -0.0887415 0.0444044 0.0444044 -0.0887415 0 0.0444044 -0.0887415
1.27883e+06 0 0 0 0.0449365 0 0 0.0449366 0.0449365 0 0 0.0449365 0 0 0 -0.0897415 0.0449366 0 -0.0897415 0.0449365 0.0449365 -0.0897415 0 0.0449366 -0.0897415
1.27867e+06 0 0 0 0.0454687 0 0 0.0454687 0.0454687 0 0 0.0454687 0 0 0 -0.0907415 0.0454687 0 -0.0907415 0.0454687 0.0454687 -0.0907415 0 0.0454687 -0.0907415
1.27885e+06 0 0 0 0.0460009 0 0 0.0460009 0.0460009 0 0 0.0460009 0 0 0 -0.0917415 0.0460009 0 -0.0917415 0.0460009 0.0460009 -0.0917415 0 0.0460009 -0.0917415
1.27871e+06 0 0 0 0.0465331 0 0 0.0465331 0.0465331 0 0 0.0465331 0 0 0 -0.0927415 0.0465331 0 -0.0927415 0.0465331 0.0465331 -0.0927415 0 0.0465331 -0.0927415
1.27884e+06 0 0 0 0.0470653 0 0 0.0470653 0.0470653 0 0 0.0470653 0 0 0 -0.0937415 0.0470653 0 -0.0937415 0.0470653 0.0470653 -0.0937415 0 0.0470653 -0.0937415
1.27884e+06 0 0 0 0.0475974 0 0 0.0475975 0.0475975 0 0 0.0475975 0 0 0 -0.0947415 0.0475975 0 -0.0947415 0.0475974 0.0475974 -0.0947415 0 0.0475975 -0.0947415
1.27867e+06 0 0 0 0.0481296 0 0 0.0481297 0.0481297 0 0 0.0481296 0 0 0 -0.0957415 0.0481297 0 -0.0957415 0.0481296 0.0481296 -0.0957415 0 0.0481297 -0.0957415
1.27884e+06 0 0 0 0.0486618 0 0 0.0486619 0.0486619 0 0 0.0486618 0 0 0 -0.0967415 0.0486619 0 -0.0967415 0.0486618 0.0486618 -0.0967415 0 0.0486619 -0.0967415
1.27867e+06 0 0 0 0.049194 0 0 0.0491941 0.0491941 0 0 0.0491941 0 0 0 -0.0977415 0.0491941 0 -0.0977415 0.049194 0.049194 -0.0977415 0 0.0491941 -0.0977415
1.27884e+06 0 0 0 0.0497263 0 0 0.0497263 0.0497263 0 0 0.0497263 0 0 0 -0.0987415 0.0497263 0 -0.0987415 0.0497262 0.0497262 -0.0987415 0 0.0497263 -0.0987415
1.27907e+06 0 0 0 0.0502585 0 0 0.0502585 0.0502585 0 0 0.0502585 0 0 0 -0.0997415 0.0502585 0 -0.0997415 0.0502585 0.0502585 -0.0997415 0 0.0502585 -0.0997415
1.27868e+06 0 0 0 0.0507907 0 0 0.0507907 0.0507907 0 0 0.0507907 0 0 0 -0.100742 0.0507907 0 -0.100742 0.0507907 0.0507907 -0.100742 0 0.0507907 -0.100742
1.27871e+06 0 0 0 0.0513229 0 0 0.0513229 0.0513229 0 0 0.0513229 0 0 0 -0.101742 0.0513229 0 -0.101742 0.0513229 0.0513229 -0.101742 0 0.0513229 -0.101742
1.2788e+06 0 0 0 0.0518551 0 0 0.0518551 0.0518551 0 0 0.0518551 0 0 0 -0.102742 0.0518551 0 -0.102742 0.0518551 0.0518551 -0.102742 0 0.0518552 -0.102742
1.27868e+06 0 0 0 0.0523874 0 0 0.0523874 0.0523874 0 0 0.0523874 0 0 0 -0.103742 0.0523874 0 -0.103742 0.0523874 0.0523874 -0.103742 0 0.0523874 -0.103742
1.27884e+06 0 0 0 0.0529196 0 0 0.0529196 0.0529196 0 0 0.0529196 0 0 0 -0.104742 0.0529196 0 -0.104742 0.0529196 0.0529196 -0.104742 0 0.0529196 -0.104742
1.27884e+06 0 0 0 0.0534518 0 0 0.0534519 0.0534519 0 0 0.0534519 0 0 0 -0.105742 0.0534519 0 -0.105742 0.0534518 0.0534518 -0.105742 0 0.0534519 -0.105742
1.27885e+06 0 0 0 0.0539841 0 0 0.0539841 0.0539841 0 0 0.0539841 0 0 0 -0.106742 0.0539841 0 -0.106742 0.0539841 0.0539841 -0.106742 0 0.0539841 -0.106742
1.27908e+06 0 0 0 0.0545163 0 0 0.0545164 0.0545164 0 0 0.0545163 0 0 0 -0.107742 0.0545164 0 -0.107742 0.0545163 0.0545163 -0.107742 0 0.0545164 -0.107742
1.27889e+06 0 0 0 0.0550486 0 0 0.0550486 0.0550486 0 0 0.0550486 0 0 0 -0.108742 0.0550486 0 -0.108742 0.0550486 0.0550486 -0.108742 0 0.0550486 -0.108742
1.27889e+06 0 0 0 0.0555809 0 0 0.0555809 0.0555809 0 0 0.0555809 0 0 0 -0.109742 0.0555809 0 -0.109742 0.0555809 0.0555809 -0.109742 0 0.0555809 -0.109742
1.27868e+06 0 0 0 0.0561131 0 0 0.0561132 0.0561132 0 0 0.0561131 0 0 0 -0.110742 0.0561132 0 -0.110742 0.0561131 0.0561131 -0.110742 0 0.0561132 -0.110742
1.27884e+06 0 0 0 0.0566454 0 0 0.0566454 0.0566454 0 0 0.0566454 0 0 0 -0.111742 0.0566454 0 -0.111742 0.0566454 0.0566454 -0.111742 0 0.0566454 -0.111742
1.27872e+06 0 0 0 0.0571777 0 0 0.0571777 0.0571777 0 0 0.0571777 0 0 0 -0.112742 0.0571777 0 -0.112742 0.0571777 0.0571777 -0.112742 0 0.0571777 -0.112742
1.27872e+06 0 0 0 0.05771 0 0 0.05771 0.05771 0 0 0.05771 0 0 0 -0.113742 0.05771 0 -0.113742 0.05771 0.05771 -0.113742 0 0.05771 -0.113742
1.27795e+06 0 0 0 0.0582423 0 0 0.0582423 0.0582423 0 0 0.0582423 0 0 0 -0.114742 0.0582423 0 -0.114742 0.0582423 0.0582423 -0.114742 0 0.0582423 -0.114742
1.27883e+06 0 0 0 0.0587746 0 0 0.0587746 0.0587746 0 0 0.0587746 0 0 0 -0.115742 0.0587746 0 -0.115742 0.0587746 0.0587746 -0.115742 0 0.0587746 -0.115742
1.27888e+06 0 0 0 0.0593069 0 0 0.0593069 0.0593069 0 0 0.0593069 0 0 0 -0.116742 0.0593069 0 -0.116742 0.0593069 0.0593069 -0.116742 0 0.0593069 -0.116742
1.27885e+06 0 0 0 0.0598392 0 0 0.0598392 0.0598392 0 0 0.0598392 0 0 0 -0.117742 0.0598392 0 -0.117742 0.0598392 0.0598392 -0.117742 0 0.0598392 -0.117742
1.27885e+06 0 0 0 0.0603715 0 0 0.0603716 0.0603716 0 0 0.0603715 0 0 0 -0.118742 0.0603716 0 -0.118742 0.0603715 0.0603715 -0.118742 0 0.0603716 -0.118742
1.27908e+06 0 0 0 0.0609039 0 0 0.0609039 0.0609039 0 0 0.0609039 0 0 0 -0.119742 0.0609039 0 -0.119742 0.0609039 0.0609039 -0.119742 0 0.0609039 -0.119742
1.27886e+06 0 0 0 0.0614362 0 0 0.0614362 0.0614362 0 0 0.0614362 0 0 0 -0.120742 0.0614362 0 -0.120742 0.0614362 0.0614362 -0.120742 0 0.0614362 -0.120742
1.27873e+06 0 0 0 0.0619686 0 0 0.0619686 0.0619686 0 0 0.0619686 0 0 0 -0.121742 0.0619686 0 -0.121742 0.0619686 0.0619686 -0.121742 0 0.0619686 -0.121742
1.27885e+06 0 0 0 0.0625009 0 0 0.0625009 0.0625009 0 0 0.0625009 0 0 0 -0.122742 0.0625009 0 -0.122742 0.0625009 0.0625009 -0.122742 0 0.0625009 -0.122742
1.27882e+06 0 0 0 0.0630333 0 0 0.0630333 0.0630333 0 0 0.0630333 0 0 0 -0.123742 0.0630333 0 -0.123742 0.0630333 0.0630333 -0.123742 0 0.0630333 -0.123742
1.27869e+06 0 0 0 0.0635656 0 0 0.0635656 0.0635656 0 0 0.0635656 0 0 0 -0.124742 0.0635657 0 -0.124742 0.0635656 0.0635656 -0.124742 0 0.0635657 -0.124742
1.27885e+06 0 0 0 0.064098 0 0 0.064098 0.064098 0 0 0.064098 0 0 0 -0.125742 0.064098 0 -0.125742 0.064098 0.064098 -0.125742 0 0.064098 -0.125742
1.27874e+06 0 0 0 0.0646304 0 0 0.0646304 0.0646304 0 0 0.0646304 0 0 0 -0.126742 0.0646304 0 -0.126742 0.0646304 0.0646304 -0.126742 0 0.0646304 -0.126742
1.27886e+06 0 0 0 0.0651628 0 0 0.0651628 0.0651628 0 0 0.0651628 0 0 0 -0.127742 0.0651628 0 -0.127742 0.0651628 0.0651628 -0.127742 0 0.0651628 -0.127742
1.27874e+06 0 0 0 0.0656952 0 0 0.0656952 0.0656952 0 0 0.0656952 0 0 0 -0.128742 0.0656952 0 -0.128742 0.0656952 0.0656952 -0.128742 0 0.0656952 -0.128742
1.27869e+06 0 0 0 0.0662276 0 0 0.0662276 0.0662276 0 0 0.0662276 0 0 0 -0.129742 0.0662276 0 -0.129742 0.0662276 0.0662276 -0.129742 0 0.0662276 -0.129742
1.27869e+06 0 0 0 0.06676 0 0 0.06676 0.06676 0 0 0.06676 0 0 0 -0.130742 0.06676 0 -0.130742 0.06676 0.06676 -0.130742 0 0.06676 -0.130742
1.27869e+06 0 0 0 0.0672924 0 0 0.0672924 0.0672924 0 0 0.0672924 0 0 0 -0.131742 0.0672925 0 -0.131742 0.0672924 0.0672924 -0.131742 0 0.0672925 -0.131742
1.27874e+06 0 0 0 0.0678249 0 0 0.0678249 0.0678249 0 0 0.0678249 0 0 0 -0.132742 0.0678249 0 -0.132742 0.0678249 0.0678249 -0.132742 0 0.0678249 -0.132742
1.27883e+06 0 0 0 0.0683573 0 0 0.0683573 0.0683573 0 0 0.0683573 0 0 0 -0.133742 0.0683573 0 -0.133742 0.0683573 0.0683573 -0.133742 0 0.0683573 -0.133742
1.27889e+06 0 0 0 0.0688898 0 0 0.0688898 0.0688898 0 0 0.0688898 0 0 0 -0.134742 0.0688898 0 -0.134742 0.0688898 0.0688898 -0.134742 0 0.0688898 -0.134742
1.2787e+06 0 0 0 0.0694222 0 0 0.0694222 0.0694222 0 0 0.0694222 0 0 0 -0.135742 0.0694222 0 -0.135742 0.0694222 0.0694222 -0.135742 0 0.0694222 -0.135742
1.27874e+06 0 0 0 0.0699547 0 0 0.0699547 0.0699547 0 0 0.0699547 0 0 0 -0.136742 0.0699547 0 -0.136742 0.0699547 0.0699547 -0.136742 0 0.0699547 -0.136742
1.27887e+06 0 0 0 0.0704872 0 0 0.0704872 0.0704872 0 0 0.0704872 0 0 0 -0.137742 0.0704872 0 -0.137742 0.0704872 0.0704872 -0.137742 0 0.0704872 -0.137742
1.27871e+06 0 0 0 0.0710197 0 0 0.0710197 0.0710197 0 0 0.0710197 0 0 0 -0.138742 0.0710197 0 -0.138742 0.0710197 0.0710197 -0.138742 0 0.0710197 -0.138742
1.27874e+06 0 0 0 0.0715522 0 0 0.0715522 0.0715522 0 0 0.0715522 0 0 0 -0.139742 0.0715522 0 -0.139742 0.0715522 0.0715522 -0.139742 0 0.0715522 -0.139742
1.27889e+06 0 0 0 0.0720847 0 0 0.0720847 0.0720847 0 0 0.0720847 0 0 0 -0.140742 0.0720847 0 -0.140742 0.0720847 0.0720847 -0.140742 0 0.0720847 -0.140742
1.27887e+06 0 0 0 0.0726172 0 0 0.0726172 0.0726172 0 0 0.0726172 0 0 0 -0.141742 0.0726172 0 -0.141742 0.0726172 0.0726172 -0.141742 0 0.0726172 -0.141742
1.27875e+06 0 0 0 0.0731497 0 0 0.0731497 0.0731497 0 0 0.0731497 0 0 0 -0.142742 0.0731497 0 -0.142742 0.0731497 0.0731497 -0.142742 0 0.0731497 -0.142742
1.27875e+06 0 0 0 0.0736823 0 0 0.0736823 0.0736823 0 0 0.0736823 0 0 0 -0.143742 0.0736823 0 -0.143742 0.0736823 0.0736823 -0.143742 0 0.0736823 -0.143742
1.27884e+06 0 0 0 0.0742148 0 0 0.0742148 0.0742148 0 0 0.0742148 0 0 0 -0.144742 0.0742148 0 -0.144742 0.0742148 0.0742148 -0.144742 0 0.0742148 -0.144742
1.27875e+06 0 0 0 0.0747474 0 0 0.0747474 0.0747474 0 0 0.0747474 0 0 0 -0.145742 0.0747474 0 -0.145742 0.0747474 0.0747474 -0.145742 0 0.0747474 -0.145742
1.27891e+06 0 0 0 0.07528 0 0 0.07528 0.07528 0 0 0.07528 0 0 0 -0.146742 0.07528 0 -0.146742 0.07528 0.07528 -0.146742 0 0.07528 -0.146742
1.27892e+06 0 0 0 0.0758125 0 0 0.0758126 0.0758125 0 0 0.0758125 0 0 0 -0.147742 0.0758126 0 -0.147742 0.0758125 0.0758125 -0.147742 0 0.0758126 -0.147742
1.27876e+06 0 0 0 0.0763451 0 0 0.0763451 0.0763451 0 0 0.0763451 0 0 0 -0.148742 0.0763452 0 -0.148742 0.0763451 0.0763451 -0.148742 0 0.0763452 -0.148742
1.2789e+06 0 0 0 0.0768777 0 0 0.0768778 0.0768777 0 0 0.0768777 0 0 0 -0.149742 0.0768778 0 -0.149742 0.0768777 0.0768777 -0.149742 0 0.0768778 -0.149742
1.27889e+06 0 0 0 0.0774104 0 0 0.0774104 0.0774104 0 0 0.0774104 0 0 0 -0.150742 0.0774104 0 -0.150742 0.0774104 0.0774104 -0.150742 0 0.0774104 -0.150742
1.27892e+06 0 0 0 0.077943 0 0 0.077943 0.077943 0 0 0.077943 0 0 0 -0.151742 0.077943 0 -0.151742 0.077943 0.077943 -0.151742 0 0.077943 -0.151742
1.27872e+06 0 0 0 0.0784756 0 0 0.0784756 0.0784756 0 0 0.0784756 0 0 0 -0.152742 0.0784757 0 -0.152742 0.0784756 0.0784756 -0.152742 0 0.0784757 -0.152742
1.27888e+06 0 0 0 0.0790083 0 0 0.0790083 0.0790083 0 0 0.0790083 0 0 0 -0.153742 0.0790083 0 -0.153742 0.0790083 0.0790083 -0.153742 0 0.0790083 -0.153742
1.27877e+06 0 0 0 0.079541 0 0 0.079541 0.079541 0 0 0.079541 0 0 0 -0.154742 0.079541 0 -0.154742 0.079541 0.079541 -0.154742 0 0.079541 -0.154742
1.27889e+06 0 0 0 0.0800736 0 0 0.0800737 0.0800736 0 0 0.0800736 0 0 0 -0.155742 0.0800737 0 -0.155742 0.0800736 0.0800736 -0.155742 0 0.0800737 -0.155742
1.27889e+06 0 0 0 0.0806063 0 0 0.0806063 0.0806063 0 0 0.0806063 0 0 0 -0.156742 0.0806063 0 -0.156742 0.0806063 0.0806063 -0.156742 0 0.0806063 -0.156742
1.27877e+06 0 0 0 0.081139 0 0 0.081139 0.081139 0 0 0.081139 0 0 0 -0.157742 0.0811391 0 -0.157742 0.081139 0.081139 -0.157742 0 0.0811391 -0.157742
1.27873e+06 0 0 0 0.0816718 0 0 0.0816718 0.0816718 0 0 0.0816718 0 0 0 -0.158742 0.0816718 0 -0.158742 0.0816718 0.0816718 -0.158742 0 0.0816718 -0.158742
1.27891e+06 0 0 0 0.0822045 0 0 0.0822045 0.0822045 0 0 0.0822045 0 0 0 -0.159742 0.0822045 0 -0.159742 0.0822045 0.0822045 -0.159742 0 0.0822045 -0.159742
1.27893e+06 0 0 0 0.0827372 0 0 0.0827372 0.0827372 0 0 0.0827372 0 0 0 -0.160742 0.0827372 0 -0.160742 0.0827372 0.0827372 -0.160742 0 0.0827372 -0.160742
1.27894e+06 0 0 0 0.08327 0 0 0.08327 0.08327 0 0 0.08327 0 0 0 -0.161742 0.08327 0 -0.161742 0.08327 0.08327 -0.161742 0 0.08327 -0.161742
1.2789e+06 0 0 0 0.0838028 0 0 0.0838028 0.0838028 0 0 0.0838028 0 0 0 -0.162742 0.0838028 0 -0.162742 0.0838028 0.0838028 -0.162742 0 0.0838028 -0.162742
1.2789e+06 0 0 0 0.0843355 0 0 0.0843356 0.0843356 0 0 0.0843356 0 0 0 -0.163742 0.0843356 0 -0.163742 0.0843355 0.0843355 -0.163742 0 0.0843356 -0.163742
1.27874e+06 0 0 0 0.0848683 0 0 0.0848684 0.0848684 0 0 0.0848684 0 0 0 -0.164742 0.0848684 0 -0.164742 0.0848683 0.0848683 -0.164742 0 0.0848684 -0.164742
1.27892e+06 0 0 0 0.0854012 0 0 0.0854012 0.0854012 0 0 0.0854012 0 0 0 -0.165742 0.0854012 0 -0.165742 0.0854012 0.0854012 -0.165742 0 0.0854012 -0.165742
1.27891e+06 0 0 0 0.085934 0 0 0.085934 0.085934 0 0 0.085934 0 0 0 -0.166742 0.085934 0 -0.166742 0.085934 0.085934 -0.166742 0 0.085934 -0.166742
1.27891e+06 0 0 0 0.0864668 0 0 0.0864668 0.0864668 0 0 0.0864668 0 0 0 -0.167742 0.0864669 0 -0.167742 0.0864668 0.0864668 -0.167742 0 0.0864669 -0.167742
1.27874e+06 0 0 0 0.0869997 0 0 0.0869997 0.0869997 0 0 0.0869997 0 0 0 -0.168742 0.0869997 0 -0.168742 0.0869997 0.0869997 -0.168742 0 0.0869997 -0.168742
1.27891e+06 0 0 0 0.0875326 0 0 0.0875326 0.0875326 0 0 0.0875326 0 0 0 -0.169742 0.0875326 0 -0.169742 0.0875326 0.0875326 -0.169742 0 0.0875326 -0.169742
1.27801e+06 0 0 0 0.0880655 0 0 0.0880655 0.0880655 0 0 0.0880655 0 0 0 -0.170742 0.0880655 0 -0.170742 0.0880655 0.0880655 -0.170742 0 0.0880655 -0.170742
1.27889e+06 0 0 0 0.0885984 0 0 0.0885984 0.0885984 0 0 0.0885984 0 0 0 -0.171742 0.0885984 0 -0.171742 0.0885984 0.0885984 -0.171742 0 0.0885984 -0.171742
1.27895e+06 0 0 0 0.0891313 0 0 0.0891313 0.0891313 0 0 0.0891313 0 0 0 -0.172742 0.0891313 0 -0.172742 0.0891313 0.0891313 -0.172742 0 0.0891313 -0.172742
1.2788e+06 0 0 0 0.0896642 0 0 0.0896642 0.0896642 0 0 0.0896642 0 0 0 -0.173742 0.0896642 0 -0.173742 0.0896642 0.0896642 -0.173742 0 0.0896642 -0.173742
1.27879e+06 0 0 0 0.0901972 0 0 0.0901972 0.0901972 0 0 0.0901972 0 0 0 -0.174742 0.0901972 0 -0.174742 0.0901972 0.0901972 -0.174742 0 0.0901972 -0.174742
1.27892e+06 0 0 0 0.0907301 0 0 0.0907301 0.0907301 0 0 0.0907301 0 0 0 -0.175742 0.0907301 0 -0.175742 0.0907301 0.0907301 -0.175742 0 0.0907301 -0.175742
1.27892e+06 0 0 0 0.0912631 0 0 0.0912631 0.0912631 0 0 0.0912631 0 0 0 -0.176742 0.0912631 0 -0.176742 0.0912631 0.0912631 -0.176742 0 0.0912631 -0.176742
1.27644e+06 0 0 0 0.0917961 0 0 0.0917962 0.0917961 0 0 0.0917961 0 0 0 -0.177742 0.0917962 0 -0.177742 0.0917961 0.0917961 -0.177742 0 0.0917962 -0.177742
1.27886e+06 0 0 0 0.0923291 0 0 0.0923291 0.0923291 0 0 0.0923291 0 0 0 -0.178742 0.0923291 0 -0.178742 0.0923291 0.0923291 -0.178742 0 0.0923291 -0.178742
1.27876e+06 0 0 0 0.0928622 0 0 0.0928622 0.0928622 0 0 0.0928622 0 0 0 -0.179742 0.0928622 0 -0.179742 0.0928622 0.0928622 -0.179742 0 0.0928622 -0.179742
1.27896e+06 0 0 0 0.0933952 0 0 0.0933952 0.0933952 0 0 0.0933952 0 0 0 -0.180742 0.0933952 0 -0.180742 0.0933952 0.0933952 -0.180742 0 0.0933952 -0.180742
1.27558e+06 0 0 0 0.0939283 0 0 0.0939283 0.0939283 0 0 0.0939283 0 0 0 -0.181742 0.0939283 0 -0.181742 0.0939283 0.0939283 -0.181742 0 0.0939283 -0.181742
1.27884e+06 0 0 0 0.0944614 0 0 0.0944614 0.0944614 0 0 0.0944614 0 0 0 -0.182742 0.0944614 0 -0.182742 0.0944614 0.0944614 -0.182742 0 0.0944614 -0.182742
1.27881e+06 0 0 0 0.0949945 0 0 0.0949945 0.0949945 0 0 0.0949945 0 0 0 -0.183742 0.0949945 0 -0.183742 0.0949945 0.0949945 -0.183742 0 0.0949945 -0.183742
1.27877e+06 0 0 0 0.0955276 0 0 0.0955276 0.0955276 0 0 0.0955276 0 0 0 -0.184742 0.0955276 0 -0.184742 0.0955276 0.0955276 -0.184742 0 0.0955276 -0.184742
1.27881e+06 0 0 0 0.0960607 0 0 0.0960607 0.0960607 0 0 0.0960607 0 0 0 -0.185742 0.0960607 0 -0.185742 0.0960607 0.0960607 -0.185742 0 0.0960608 -0.185742
1.27877e+06 0 0 0 0.0965939 0 0 0.0965939 0.0965939 0 0 0.0965939 0 0 0 -0.186742 0.0965939 0 -0.186742 0.0965939 0.0965939 -0.186742 0 0.0965939 -0.186742
1.27877e+06 0 0 0 0.0971271 0 0 0.0971271 0.0971271 0 0 0.0971271 0 0 0 -0.187742 0.0971271 0 -0.187742 0.0971271 0.0971271 -0.187742 0 0.0971271 -0.187742
1.27898e+06 0 0 0 0.0976603 0 0 0.0976603 0.0976603 0 0 0.0976603 0 0 0 -0.188742 0.0976603 0 -0.188742 0.0976603 0.0976603 -0.188742 0 0.0976603 -0.188742
1.27878e+06 0 0 0 0.0981935 0 0 0.0981935 0.0981935 0 0 0.0981935 0 0 0 -0.189742 0.0981935 0 -0.189742 0.0981935 0.0981935 -0.189742 0 0.0981935 -0.189742
1.27898e+06 0 0 0 0.0987267 0 0 0.0987267 0.0987267 0 0 0.0987267 0 0 0 -0.190742 0.0987267 0 -0.190742 0.0987267 0.0987267 -0.190742 0 0.0987267 -0.190742
1.27879e+06 0 0 0 0.09926 0 0 0.09926 0.09926 0 0 0.09926 0 0 0 -0.191742 0.09926 0 -0.191742 0.09926 0.09926 -0.191742 0 0.09926 -0.191742
1.27895e+06 0 0 0 0.0997932 0 0 0.0997933 0.0997932 0 0 0.0997932 0 0 0 -0.192742 0.0997933 0 -0.192742 0.0997932 0.0997932 -0.192742 0 0.0997933 -0.192742
1.27896e+06 0 0 0 0.100327 0 0 0.100327 0.100327 0 0 0.100327 0 0 0 -0.193742 0.100327 0 -0.193742 0.100327 0.100327 -0.193742 0 0.100327 -0.193742
1.27883e+06 0 0 0 0.10086 0 0 0.10086 0.10086 0 0 0.10086 0 0 0 -0.194742 0.10086 0 -0.194742 0.10086 0.10086 -0.194742 0 0.10086 -0.194742
1.27896e+06 0 0 0 0.101393 0 0 0.101393 0.101393 0 0 0.101393 0 0 0 -0.195742 0.101393 0 -0.195742 0.101393 0.101393 -0.195742 0 0.101393 -0.195742
1.2788e+06 0 0 0 0.101927 0 0 0.101927 0.101927 0 0 0.101927 0 0 0 -0.196742 0.101927 0 -0.196742 0.101927 0.101927 -0.196742 0 0.101927 -0.196742
1.27896e+06 0 0 0 0.10246 0 0 0.10246 0.10246 0 0 0.10246 0 0 0 -0.197742 0.10246 0 -0.197742 0.10246 0.10246 -0.197742 0 0.10246 -0.197742
1.2788e+06 0 0 0 0.102993 0 0 0.102993 0.102993 0 0 0.102993 0 0 0 -0.198742 0.102993 0 -0.198742 0.102993 0.102993 -0.198742 0 0.102993 -0.198742
1.2788e+06 0 0 0 0.103527 0 0 0.103527 0.103527 0 0 0.103527 0 0 0 -0.199742 0.103527 0 -0.199742 0.103527 0.103527 -0.199742 0 0.103527 -0.199742
1.27884e+06 0 0 0 0.10406 0 0 0.10406 0.10406 0 0 0.10406 0 0 0 -0.200742 0.10406 0 -0.200742 0.10406 0.10406 -0.200742 0 0.10406 -0.200742
