1 0 0 0 -0.000123591 0 0 -0.000123591 -0.000123591 0 0 -0.000123591 0 0 0 -0.000123591 -0.000123591 0 -0.000123591 -0.000123591 -0.000123591 -0.000123591 0 -0.000123591 -0.000123591
2 0 0 0 -0.000123591 0 0 -0.000123591 -0.000123591 0 0 -0.000123591 0 0 0 -0.000123591 -0.000123591 0 -0.000123591 -0.000123591 -0.000123591 -0.000123591 0 -0.000123591 -0.000123591
62732.6 0 0 0 0.000216809 0 0 0.000216809 0.000216809 0 0 0.000216809 0 0 0 -0.00112359 0.000216809 0 -0.00112359 0.000216809 0.000216809 -0.00112359 0 0.000216809 -0.00112359
122346 0 0 0 0.000621329 0 0 0.000621329 0.000621329 0 0 0.000621329 0 0 0 -0.00212359 0.000621329 0 -0.00212359 0.000621329 0.000621329 -0.00212359 0 0.000621329 -0.00212359
178787 0 0 0 0.00105572 0 0 0.00105572 0.00105572 0 0 0.00105572 0 0 0 -0.00312359 0.0010558 0 -0.00312359 0.0010558 0.0010558 -0.00312359 0 0.0010558 -0.00312359
216848 0 0 0 0.00150836 0 0 0.00150835 0.00150835 0 0 0.00150836 0 0 0 -0.00412359 0.00150837 0 -0.00412359 0.00150846 0.00150846 -0.00412359 0 0.00150837 -0.00412359
246132 0 0 0 0.00197447 0 0 0.00197447 0.00197447 0 0 0.00197447 0 0 0 -0.00512359 0.00197448 0 -0.00512359 0.00197453 0.00197453 -0.00512359 0 0.00197448 -0.00512359
260376 0 0 0 0.00245198 0 0 0.00245196 0.00245196 0 0 0.00245198 0 0 0 -0.00612359 0.00245197 0 -0.00612359 0.00245201 0.00245201 -0.00612359 0 0.00245197 -0.00612359
278669 0 0 0 0.00293616 0 0 0.00293615 0.00293615 0 0 0.00293616 0 0 0 -0.00712359 0.00293615 0 -0.00712359 0.0029362 0.0029362 -0.00712359 0 0.00293615 -0.00712359
293748 0 0 0 0.00342487 0 0 0.00342489 0.00342486 0 0 0.00342491 0 0 0 -0.00812359 0.0034249 0 -0.00812359 0.0034249 0.00342494 -0.00812359 0 0.00342486 -0.00812359
297471 0 0 0 0.00392979 0 0 0.00392979 0.00392977 0 0 0.0039298 0 0 0 -0.00912359 0.00392979 0 -0.00912359 0.00392981 0.00392983 -0.00912359 0 0.00392978 -0.00912359
303633 0 0 0 0.00443657 0 0 0.00443657 0.00443655 0 0 0.00443658 0 0 0 -0.0101236 0.00443657 0 -0.0101236 0.00443659 0.0044366 -0.0101236 0 0.00443655 -0.0101236
310096 0 0 0 0.00494545 0 0 0.00494545 0.00494544 0 0 0.00494547 0 0 0 -0.0111236 0.00494545 0 -0.0111236 0.00494548 0.00494549 -0.0111236 0 0.00494544 -0.0111236
318650 0 0 0 0.00545661 0 0 0.00545661 0.0054566 0 0 0.00545663 0 0 0 -0.0121236 0.00545661 0 -0.0121236 0.00545663 0.00545664 -0.0121236 0 0.0054566 -0.0121236
325784 0 0 0 0.00597023 0 0 0.00597023 0.00597022 0 0 0.00597024 0 0 0 -0.0131236 0.00597023 0 -0.0131236 0.00597025 0.00597026 -0.0131236 0 0.00597021 -0.0131236
327546 0 0 0 0.00648661 0 0 0.00648661 0.0064866 0 0 0.00648663 0 0 0 -0.0141236 0.00648661 0 -0.0141236 0.00648663 0.00648664 -0.0141236 0 0.0064866 -0.0141236
335345 0 0 0 0.00700568 0 0 0.00700567 0.00700566 0 0 0.00700569 0 0 0 -0.0151236 0.00700567 0 -0.0151236 0.00700569 0.00700571 -0.0151236 0 0.00700566 -0.0151236
338478 0 0 0 0.00753509 0 0 0.00753509 0.00753508 0 0 0.0075351 0 0 0 -0.0161236 0.00753509 0 -0.0161236 0.00753511 0.00753512 -0.0161236 0 0.00753508 -0.0161236
338460 0 0 0 0.00806716 0 0 0.00806716 0.00806715 0 0 0.00806717 0 0 0 -0.0171236 0.00806716 0 -0.0171236 0.00806718 0.00806719 -0.0171236 0 0.00806715 -0.0171236
338687 0 0 0 0.00859923 0 0 0.00859923 0.00859922 0 0 0.00859924 0 0 0 -0.0181236 0.00859923 0 -0.0181236 0.00859925 0.00859926 -0.0181236 0 0.00859922 -0.0181236
338693 0 0 0 0.00913131 0 0 0.0091313 0.00913129 0 0 0.00913132 0 0 0 -0.0191236 0.0091313 0 -0.0191236 0.00913132 0.00913133 -0.0191236 0 0.00913129 -0.0191236
338693 0 0 0 0.00966338 0 0 0.00966337 0.00966336 0 0 0.00966339 0 0 0 -0.0201236 0.00966337 0 -0.0201236 0.00966339 0.0096634 -0.0201236 0 0.00966336 -0.0201236
338905 0 0 0 0.0101954 0 0 0.0101954 0.0101954 0 0 0.0101955 0 0 0 -0.0211236 0.0101954 0 -0.0211236 0.0101955 0.0101955 -0.0211236 0 0.0101954 -0.0211236
338472 0 0 0 0.0107275 0 0 0.0107275 0.0107275 0 0 0.0107275 0 0 0 -0.0221236 0.0107275 0 -0.0221236 0.0107275 0.0107275 -0.0221236 0 0.0107275 -0.0221236
338917 0 0 0 0.0112596 0 0 0.0112596 0.0112596 0 0 0.0112596 0 0 0 -0.0231236 0.0112596 0 -0.0231236 0.0112596 0.0112596 -0.0231236 0 0.0112596 -0.0231236
338700 0 0 0 0.0117917 0 0 0.0117917 0.0117917 0 0 0.0117917 0 0 0 -0.0241236 0.0117917 0 -0.0241236 0.0117917 0.0117917 -0.0241236 0 0.0117917 -0.0241236
337718 0 0 0 0.0123238 0 0 0.0123238 0.0123237 0 0 0.0123238 0 0 0 -0.0251236 0.0123238 0 -0.0251236 0.0123238 0.0123238 -0.0251236 0 0.0123237 -0.0251236
338684 0 0 0 0.0128558 0 0 0.0128558 0.0128558 0 0 0.0128558 0 0 0 -0.0261236 0.0128558 0 -0.0261236 0.0128558 0.0128558 -0.0261236 0 0.0128558 -0.0261236
338693 0 0 0 0.0133879 0 0 0.0133879 0.0133879 0 0 0.0133879 0 0 0 -0.0271236 0.0133879 0 -0.0271236 0.0133879 0.0133879 -0.0271236 0 0.0133879 -0.0271236
338751 0 0 0 0.01392 0 0 0.0139199 0.0139199 0 0 0.01392 0 0 0 -0.0281236 0.0139199 0 -0.0281236 0.01392 0.01392 -0.0281236 0 0.0139199 -0.0281236
337917 0 0 0 0.014452 0 0 0.014452 0.014452 0 0 0.0144521 0 0 0 -0.0291236 0.014452 0 -0.0291236 0.0144521 0.0144521 -0.0291236 0 0.014452 -0.0291236
338884 0 0 0 0.0149841 0 0 0.0149841 0.0149841 0 0 0.0149841 0 0 0 -0.0301236 0.0149841 0 -0.0301236 0.0149841 0.0149841 -0.0301236 0 0.0149841 -0.0301236
338855 0 0 0 0.0155162 0 0 0.0155162 0.0155162 0 0 0.0155162 0 0 0 -0.0311236 0.0155162 0 -0.0311236 0.0155162 0.0155162 -0.0311236 0 0.0155162 -0.0311236
338698 0 0 0 0.0160483 0 0 0.0160482 0.0160482 0 0 0.0160483 0 0 0 -0.0321236 0.0160482 0 -0.0321236 0.0160483 0.0160483 -0.0321236 0 0.0160482 -0.0321236
338905 0 0 0 0.0165803 0 0 0.0165803 0.0165803 0 0 0.0165803 0 0 0 -0.0331236 0.0165803 0 -0.0331236 0.0165803 0.0165803 -0.0331236 0 0.0165803 -0.0331236
338699 0 0 0 0.0171124 0 0 0.0171124 0.0171124 0 0 0.0171124 0 0 0 -0.0341236 0.0171124 0 -0.0341236 0.0171124 0.0171124 -0.0341236 0 0.0171124 -0.0341236
338630 0 0 0 0.0176445 0 0 0.0176445 0.0176445 0 0 0.0176445 0 0 0 -0.0351236 0.0176445 0 -0.0351236 0.0176445 0.0176445 -0.0351236 0 0.0176445 -0.0351236
338692 0 0 0 0.0181766 0 0 0.0181766 0.0181765 0 0 0.0181766 0 0 0 -0.0361236 0.0181766 0 -0.0361236 0.0181766 0.0181766 -0.0361236 0 0.0181765 -0.0361236
338850 0 0 0 0.0187086 0 0 0.0187086 0.0187086 0 0 0.0187086 0 0 0 -0.0371236 0.0187086 0 -0.0371236 0.0187086 0.0187086 -0.0371236 0 0.0187086 -0.0371236
338698 0 0 0 0.0192407 0 0 0.0192407 0.0192407 0 0 0.0192407 0 0 0 -0.0381236 0.0192407 0 -0.0381236 0.0192407 0.0192407 -0.0381236 0 0.0192407 -0.0381236
338461 0 0 0 0.0197728 0 0 0.0197728 0.0197728 0 0 0.0197728 0 0 0 -0.0391236 0.0197728 0 -0.0391236 0.0197728 0.0197728 -0.0391236 0 0.0197728 -0.0391236
338899 0 0 0 0.0203049 0 0 0.0203049 0.0203049 0 0 0.0203049 0 0 0 -0.0401236 0.0203049 0 -0.0401236 0.0203049 0.0203049 -0.0401236 0 0.0203049 -0.0401236
338226 0 0 0 0.0208369 0 0 0.0208369 0.0208369 0 0 0.020837 0 0 0 -0.0411236 0.0208369 0 -0.0411236 0.020837 0.020837 -0.0411236 0 0.0208369 -0.0411236
338682 0 0 0 0.021369 0 0 0.021369 0.021369 0 0 0.021369 0 0 0 -0.0421236 0.021369 0 -0.0421236 0.021369 0.021369 -0.0421236 0 0.021369 -0.0421236
338905 0 0 0 0.0219011 0 0 0.0219011 0.0219011 0 0 0.0219011 0 0 0 -0.0431236 0.0219011 0 -0.0431236 0.0219011 0.0219011 -0.0431236 0 0.0219011 -0.0431236
338929 0 0 0 0.0224332 0 0 0.0224332 0.0224332 0 0 0.0224332 0 0 0 -0.0441236 0.0224332 0 -0.0441236 0.0224332 0.0224332 -0.0441236 0 0.0224332 -0.0441236
338325 0 0 0 0.0229653 0 0 0.0229653 0.0229653 0 0 0.0229653 0 0 0 -0.0451236 0.0229653 0 -0.0451236 0.0229653 0.0229653 -0.0451236 0 0.0229653 -0.0451236
338457 0 0 0 0.0234974 0 0 0.0234974 0.0234973 0 0 0.0234974 0 0 0 -0.0461236 0.0234974 0 -0.0461236 0.0234974 0.0234974 -0.0461236 0 0.0234974 -0.0461236
338844 0 0 0 0.0240294 0 0 0.0240294 0.0240294 0 0 0.0240294 0 0 0 -0.0471236 0.0240294 0 -0.0471236 0.0240295 0.0240295 -0.0471236 0 0.0240294 -0.0471236
337460 0 0 0 0.0245616 0 0 0.0245616 0.0245615 0 0 0.0245616 0 0 0 -0.0481236 0.0245615 0 -0.0481236 0.0245616 0.0245616 -0.0481236 0 0.0245615 -0.0481236
338661 0 0 0 0.0250936 0 0 0.0250936 0.0250936 0 0 0.0250936 0 0 0 -0.0491236 0.0250936 0 -0.0491236 0.0250936 0.0250936 -0.0491236 0 0.0250936 -0.0491236
338905 0 0 0 0.0256257 0 0 0.0256257 0.0256257 0 0 0.0256257 0 0 0 -0.0501236 0.0256257 0 -0.0501236 0.0256257 0.0256257 -0.0501236 0 0.0256257 -0.0501236
338473 0 0 0 0.0261578 0 0 0.0261578 0.0261578 0 0 0.0261578 0 0 0 -0.0511236 0.0261578 0 -0.0511236 0.0261578 0.0261578 -0.0511236 0 0.0261578 -0.0511236
338900 0 0 0 0.0266899 0 0 0.0266899 0.0266899 0 0 0.0266899 0 0 0 -0.0521236 0.0266899 0 -0.0521236 0.0266899 0.0266899 -0.0521236 0 0.0266899 -0.0521236
338930 0 0 0 0.027222 0 0 0.027222 0.027222 0 0 0.027222 0 0 0 -0.0531236 0.027222 0 -0.0531236 0.027222 0.027222 -0.0531236 0 0.027222 -0.0531236
338701 0 0 0 0.0277541 0 0 0.0277541 0.0277541 0 0 0.0277541 0 0 0 -0.0541236 0.0277541 0 -0.0541236 0.0277541 0.0277541 -0.0541236 0 0.0277541 -0.0541236
338695 0 0 0 0.0282862 0 0 0.0282862 0.0282862 0 0 0.0282862 0 0 0 -0.0551236 0.0282862 0 -0.0551236 0.0282862 0.0282862 -0.0551236 0 0.0282862 -0.0551236
338695 0 0 0 0.0288183 0 0 0.0288183 0.0288183 0 0 0.0288183 0 0 0 -0.0561236 0.0288183 0 -0.0561236 0.0288183 0.0288183 -0.0561236 0 0.0288183 -0.0561236
338907 0 0 0 0.0293504 0 0 0.0293504 0.0293504 0 0 0.0293504 0 0 0 -0.0571236 0.0293504 0 -0.0571236 0.0293504 0.0293504 -0.0571236 0 0.0293504 -0.0571236
338912 0 0 0 0.0298825 0 0 0.0298825 0.0298825 0 0 0.0298825 0 0 0 -0.0581236 0.0298825 0 -0.0581236 0.0298825 0.0298825 -0.0581236 0 0.0298825 -0.0581236
338701 0 0 0 0.0304146 0 0 0.0304146 0.0304146 0 0 0.0304146 0 0 0 -0.0591236 0.0304146 0 -0.0591236 0.0304146 0.0304146 -0.0591236 0 0.0304146 -0.0591236
338695 0 0 0 0.0309467 0 0 0.0309467 0.0309467 0 0 0.0309467 0 0 0 -0.0601236 0.0309467 0 -0.0601236 0.0309467 0.0309467 -0.0601236 0 0.0309467 -0.0601236
338695 0 0 0 0.0314788 0 0 0.0314788 0.0314788 0 0 0.0314788 0 0 0 -0.0611236 0.0314788 0 -0.0611236 0.0314788 0.0314788 -0.0611236 0 0.0314788 -0.0611236
338468 0 0 0 0.0320109 0 0 0.0320109 0.0320109 0 0 0.0320109 0 0 0 -0.0621236 0.0320109 0 -0.0621236 0.0320109 0.0320109 -0.0621236 0 0.0320109 -0.0621236
338690 0 0 0 0.032543 0 0 0.032543 0.032543 0 0 0.032543 0 0 0 -0.0631236 0.032543 0 -0.0631236 0.032543 0.032543 -0.0631236 0 0.032543 -0.0631236
336347 0 0 0 0.0330752 0 0 0.0330751 0.0330751 0 0 0.0330752 0 0 0 -0.0641236 0.0330751 0 -0.0641236 0.0330752 0.0330752 -0.0641236 0 0.0330751 -0.0641236
337950 0 0 0 0.0336072 0 0 0.0336072 0.0336072 0 0 0.0336072 0 0 0 -0.0651236 0.0336072 0 -0.0651236 0.0336072 0.0336072 -0.0651236 0 0.0336072 -0.0651236
338676 0 0 0 0.0341393 0 0 0.0341393 0.0341393 0 0 0.0341393 0 0 0 -0.0661236 0.0341393 0 -0.0661236 0.0341393 0.0341393 -0.0661236 0 0.0341393 -0.0661236
338712 0 0 0 0.0346714 0 0 0.0346714 0.0346714 0 0 0.0346715 0 0 0 -0.0671236 0.0346714 0 -0.0671236 0.0346715 0.0346715 -0.0671236 0 0.0346714 -0.0671236
338908 0 0 0 0.0352036 0 0 0.0352036 0.0352036 0 0 0.0352036 0 0 0 -0.0681236 0.0352036 0 -0.0681236 0.0352036 0.0352036 -0.0681236 0 0.0352036 -0.0681236
338931 0 0 0 0.0357357 0 0 0.0357357 0.0357357 0 0 0.0357357 0 0 0 -0.0691236 0.0357357 0 -0.0691236 0.0357357 0.0357357 -0.0691236 0 0.0357357 -0.0691236
338389 0 0 0 0.0362678 0 0 0.0362678 0.0362678 0 0 0.0362678 0 0 0 -0.0701236 0.0362678 0 -0.0701236 0.0362678 0.0362678 -0.0701236 0 0.0362678 -0.0701236
338900 0 0 0 0.0367999 0 0 0.0367999 0.0367999 0 0 0.0367999 0 0 0 -0.0711236 0.0367999 0 -0.0711236 0.0367999 0.0367999 -0.0711236 0 0.0367999 -0.0711236
338702 0 0 0 0.0373321 0 0 0.0373321 0.0373321 0 0 0.0373321 0 0 0 -0.0721236 0.0373321 0 -0.0721236 0.0373321 0.0373321 -0.0721236 0 0.0373321 -0.0721236
338697 0 0 0 0.0378642 0 0 0.0378642 0.0378642 0 0 0.0378642 0 0 0 -0.0731236 0.0378642 0 -0.0731236 0.0378642 0.0378642 -0.0731236 0 0.0378642 -0.0731236
338909 0 0 0 0.0383963 0 0 0.0383963 0.0383963 0 0 0.0383963 0 0 0 -0.0741236 0.0383963 0 -0.0741236 0.0383963 0.0383963 -0.0741236 0 0.0383963 -0.0741236
338703 0 0 0 0.0389285 0 0 0.0389285 0.0389285 0 0 0.0389285 0 0 0 -0.0751236 0.0389285 0 -0.0751236 0.0389285 0.0389285 -0.0751236 0 0.0389285 -0.0751236
338698 0 0 0 0.0394606 0 0 0.0394606 0.0394606 0 0 0.0394606 0 0 0 -0.0761236 0.0394606 0 -0.0761236 0.0394606 0.0394606 -0.0761236 0 0.0394606 -0.0761236
338909 0 0 0 0.0399928 0 0 0.0399928 0.0399928 0 0 0.0399928 0 0 0 -0.0771236 0.0399928 0 -0.0771236 0.0399928 0.0399928 -0.0771236 0 0.0399928 -0.0771236
338704 0 0 0 0.0405249 0 0 0.0405249 0.0405249 0 0 0.0405249 0 0 0 -0.0781236 0.0405249 0 -0.0781236 0.0405249 0.0405249 -0.0781236 0 0.0405249 -0.0781236
338910 0 0 0 0.0410571 0 0 0.0410571 0.0410571 0 0 0.0410571 0 0 0 -0.0791236 0.0410571 0 -0.0791236 0.0410571 0.0410571 -0.0791236 0 0.0410571 -0.0791236
338860 0 0 0 0.0415892 0 0 0.0415892 0.0415892 0 0 0.0415892 0 0 0 -0.0801236 0.0415892 0 -0.0801236 0.0415892 0.0415892 -0.0801236 0 0.0415892 -0.0801236
338390 0 0 0 0.0421214 0 0 0.0421214 0.0421214 0 0 0.0421214 0 0 0 -0.0811236 0.0421214 0 -0.0811236 0.0421214 0.0421214 -0.0811236 0 0.0421214 -0.0811236
337696 0 0 0 0.0426535 0 0 0.0426535 0.0426535 0 0 0.0426536 0 0 0 -0.0821236 0.0426535 0 -0.0821236 0.0426536 0.0426536 -0.0821236 0 0.0426536 -0.0821236
338672 0 0 0 0.0431857 0 0 0.0431857 0.0431857 0 0 0.0431857 0 0 0 -0.0831236 0.0431857 0 -0.0831236 0.0431857 0.0431857 -0.0831236 0 0.0431857 -0.0831236
338910 0 0 0 0.0437179 0 0 0.0437179 0.0437179 0 0 0.0437179 0 0 0 -0.0841236 0.0437179 0 -0.0841236 0.0437179 0.0437179 -0.0841236 0 0.0437179 -0.0841236
338391 0 0 0 0.04425 0 0 0.04425 0.04425 0 0 0.04425 0 0 0 -0.0851236 0.04425 0 -0.0851236 0.04425 0.04425 -0.0851236 0 0.04425 -0.0851236
338556 0 0 0 0.0447822 0 0 0.0447822 0.0447822 0 0 0.0447822 0 0 0 -0.0861236 0.0447822 0 -0.0861236 0.0447822 0.0447822 -0.0861236 0 0.0447822 -0.0861236
338696 0 0 0 0.0453144 0 0 0.0453144 0.0453144 0 0 0.0453144 0 0 0 -0.0871236 0.0453144 0 -0.0871236 0.0453144 0.0453144 -0.0871236 0 0.0453144 -0.0871236
338929 0 0 0 0.0458466 0 0 0.0458466 0.0458466 0 0 0.0458466 0 0 0 -0.0881236 0.0458466 0 -0.0881236 0.0458466 0.0458466 -0.0881236 0 0.0458466 -0.0881236
338936 0 0 0 0.0463788 0 0 0.0463788 0.0463788 0 0 0.0463788 0 0 0 -0.0891236 0.0463788 0 -0.0891236 0.0463788 0.0463788 -0.0891236 0 0.0463788 -0.0891236
338918 0 0 0 0.0469109 0 0 0.0469109 0.0469109 0 0 0.046911 0 0 0 -0.0901236 0.0469109 0 -0.0901236 0.046911 0.046911 -0.0901236 0 0.046911 -0.0901236
338764 0 0 0 0.0474431 0 0 0.0474431 0.0474431 0 0 0.0474432 0 0 0 -0.0911236 0.0474431 0 -0.0911236 0.0474432 0.0474432 -0.0911236 0 0.0474431 -0.0911236
337464 0 0 0 0.0479754 0 0 0.0479754 0.0479754 0 0 0.0479754 0 0 0 -0.0921236 0.0479754 0 -0.0921236 0.0479754 0.0479754 -0.0921236 0 0.0479754 -0.0921236
338668 0 0 0 0.0485076 0 0 0.0485076 0.0485076 0 0 0.0485076 0 0 0 -0.0931236 0.0485076 0 -0.0931236 0.0485076 0.0485076 -0.0931236 0 0.0485076 -0.0931236
338565 0 0 0 0.0490398 0 0 0.0490398 0.0490398 0 0 0.0490398 0 0 0 -0.0941236 0.0490398 0 -0.0941236 0.0490398 0.0490398 -0.0941236 0 0.0490398 -0.0941236
338698 0 0 0 0.049572 0 0 0.049572 0.049572 0 0 0.049572 0 0 0 -0.0951236 0.049572 0 -0.0951236 0.049572 0.049572 -0.0951236 0 0.049572 -0.0951236
338702 0 0 0 0.0501042 0 0 0.0501042 0.0501042 0 0 0.0501042 0 0 0 -0.0961236 0.0501042 0 -0.0961236 0.0501042 0.0501042 -0.0961236 0 0.0501042 -0.0961236
338470 0 0 0 0.0506364 0 0 0.0506364 0.0506364 0 0 0.0506364 0 0 0 -0.0971236 0.0506364 0 -0.0971236 0.0506364 0.0506364 -0.0971236 0 0.0506364 -0.0971236
338561 0 0 0 0.0511687 0 0 0.0511687 0.0511686 0 0 0.0511687 0 0 0 -0.0981236 0.0511687 0 -0.0981236 0.0511687 0.0511687 -0.0981236 0 0.0511687 -0.0981236
338855 0 0 0 0.0517009 0 0 0.0517009 0.0517009 0 0 0.0517009 0 0 0 -0.0991236 0.0517009 0 -0.0991236 0.0517009 0.0517009 -0.0991236 0 0.0517009 -0.0991236
338572 0 0 0 0.0522331 0 0 0.0522331 0.0522331 0 0 0.0522331 0 0 0 -0.100124 0.0522331 0 -0.100124 0.0522331 0.0522331 -0.100124 0 0.0522331 -0.100124
338700 0 0 0 0.0527654 0 0 0.0527654 0.0527654 0 0 0.0527654 0 0 0 -0.101124 0.0527654 0 -0.101124 0.0527654 0.0527654 -0.101124 0 0.0527654 -0.101124
338916 0 0 0 0.0532976 0 0 0.0532976 0.0532976 0 0 0.0532976 0 0 0 -0.102124 0.0532976 0 -0.102124 0.0532976 0.0532976 -0.102124 0 0.0532976 -0.102124
338922 0 0 0 0.0538299 0 0 0.0538299 0.0538299 0 0 0.0538299 0 0 0 -0.103124 0.0538299 0 -0.103124 0.0538299 0.0538299 -0.103124 0 0.0538299 -0.103124
338575 0 0 0 0.0543621 0 0 0.0543621 0.0543621 0 0 0.0543621 0 0 0 -0.104124 0.0543621 0 -0.104124 0.0543622 0.0543622 -0.104124 0 0.0543621 -0.104124
338702 0 0 0 0.0548944 0 0 0.0548944 0.0548944 0 0 0.0548944 0 0 0 -0.105124 0.0548944 0 -0.105124 0.0548944 0.0548944 -0.105124 0 0.0548944 -0.105124
338861 0 0 0 0.0554267 0 0 0.0554267 0.0554267 0 0 0.0554267 0 0 0 -0.106124 0.0554267 0 -0.106124 0.0554267 0.0554267 -0.106124 0 0.0554267 -0.106124
338397 0 0 0 0.055959 0 0 0.055959 0.055959 0 0 0.055959 0 0 0 -0.107124 0.055959 0 -0.107124 0.055959 0.055959 -0.107124 0 0.055959 -0.107124
338465 0 0 0 0.0564912 0 0 0.0564912 0.0564912 0 0 0.0564913 0 0 0 -0.108124 0.0564912 0 -0.108124 0.0564913 0.0564913 -0.108124 0 0.0564912 -0.108124
338856 0 0 0 0.0570235 0 0 0.0570235 0.0570235 0 0 0.0570235 0 0 0 -0.109124 0.0570235 0 -0.109124 0.0570235 0.0570235 -0.109124 0 0.0570235 -0.109124
338940 0 0 0 0.0575558 0 0 0.0575558 0.0575558 0 0 0.0575558 0 0 0 -0.110124 0.0575558 0 -0.110124 0.0575558 0.0575558 -0.110124 0 0.0575558 -0.110124
338730 0 0 0 0.0580881 0 0 0.0580881 0.0580881 0 0 0.0580881 0 0 0 -0.111124 0.0580881 0 -0.111124 0.0580882 0.0580882 -0.111124 0 0.0580881 -0.111124
338708 0 0 0 0.0586205 0 0 0.0586205 0.0586205 0 0 0.0586205 0 0 0 -0.112124 0.0586205 0 -0.112124 0.0586205 0.0586205 -0.112124 0 0.0586205 -0.112124
338708 0 0 0 0.0591528 0 0 0.0591528 0.0591528 0 0 0.0591528 0 0 0 -0.113124 0.0591528 0 -0.113124 0.0591528 0.0591528 -0.113124 0 0.0591528 -0.113124
338938 0 0 0 0.0596851 0 0 0.0596851 0.0596851 0 0 0.0596851 0 0 0 -0.114124 0.0596851 0 -0.114124 0.0596851 0.0596851 -0.114124 0 0.0596851 -0.114124
338715 0 0 0 0.0602174 0 0 0.0602174 0.0602174 0 0 0.0602174 0 0 0 -0.115124 0.0602174 0 -0.115124 0.0602174 0.0602174 -0.115124 0 0.0602174 -0.115124
338709 0 0 0 0.0607498 0 0 0.0607498 0.0607498 0 0 0.0607498 0 0 0 -0.116124 0.0607498 0 -0.116124 0.0607498 0.0607498 -0.116124 0 0.0607498 -0.116124
338921 0 0 0 0.0612821 0 0 0.0612821 0.0612821 0 0 0.0612821 0 0 0 -0.117124 0.0612821 0 -0.117124 0.0612821 0.0612821 -0.117124 0 0.0612821 -0.117124
338928 0 0 0 0.0618145 0 0 0.0618145 0.0618145 0 0 0.0618145 0 0 0 -0.118124 0.0618145 0 -0.118124 0.0618145 0.0618145 -0.118124 0 0.0618145 -0.118124
338717 0 0 0 0.0623468 0 0 0.0623468 0.0623468 0 0 0.0623468 0 0 0 -0.119124 0.0623468 0 -0.119124 0.0623469 0.0623469 -0.119124 0 0.0623468 -0.119124
338711 0 0 0 0.0628792 0 0 0.0628792 0.0628792 0 0 0.0628792 0 0 0 -0.120124 0.0628792 0 -0.120124 0.0628792 0.0628792 -0.120124 0 0.0628792 -0.120124
338712 0 0 0 0.0634116 0 0 0.0634116 0.0634116 0 0 0.0634116 0 0 0 -0.121124 0.0634116 0 -0.121124 0.0634116 0.0634116 -0.121124 0 0.0634116 -0.121124
338924 0 0 0 0.063944 0 0 0.063944 0.063944 0 0 0.063944 0 0 0 -0.122124 0.063944 0 -0.122124 0.063944 0.063944 -0.122124 0 0.063944 -0.122124
338930 0 0 0 0.0644764 0 0 0.0644764 0.0644764 0 0 0.0644764 0 0 0 -0.123124 0.0644764 0 -0.123124 0.0644764 0.0644764 -0.123124 0 0.0644764 -0.123124
338719 0 0 0 0.0650088 0 0 0.0650088 0.0650088 0 0 0.0650088 0 0 0 -0.124124 0.0650088 0 -0.124124 0.0650088 0.0650088 -0.124124 0 0.0650088 -0.124124
338714 0 0 0 0.0655412 0 0 0.0655412 0.0655412 0 0 0.0655412 0 0 0 -0.125124 0.0655412 0 -0.125124 0.0655412 0.0655412 -0.125124 0 0.0655412 -0.125124
338926 0 0 0 0.0660736 0 0 0.0660736 0.0660736 0 0 0.0660736 0 0 0 -0.126124 0.0660736 0 -0.126124 0.0660736 0.0660736 -0.126124 0 0.0660736 -0.126124
337725 0 0 0 0.0666061 0 0 0.0666061 0.0666061 0 0 0.0666061 0 0 0 -0.127124 0.0666061 0 -0.127124 0.0666061 0.0666061 -0.127124 0 0.0666061 -0.127124
338918 0 0 0 0.0671385 0 0 0.0671385 0.0671385 0 0 0.0671385 0 0 0 -0.128124 0.0671385 0 -0.128124 0.0671385 0.0671385 -0.128124 0 0.0671385 -0.128124
338721 0 0 0 0.0676709 0 0 0.0676709 0.0676709 0 0 0.0676709 0 0 0 -0.129124 0.0676709 0 -0.129124 0.0676709 0.0676709 -0.129124 0 0.0676709 -0.129124
338872 0 0 0 0.0682034 0 0 0.0682034 0.0682034 0 0 0.0682034 0 0 0 -0.130124 0.0682034 0 -0.130124 0.0682034 0.0682034 -0.130124 0 0.0682034 -0.130124
338933 0 0 0 0.0687358 0 0 0.0687358 0.0687358 0 0 0.0687358 0 0 0 -0.131124 0.0687358 0 -0.131124 0.0687358 0.0687358 -0.131124 0 0.0687358 -0.131124
338953 0 0 0 0.0692683 0 0 0.0692683 0.0692683 0 0 0.0692683 0 0 0 -0.132124 0.0692683 0 -0.132124 0.0692683 0.0692683 -0.132124 0 0.0692683 -0.132124
338724 0 0 0 0.0698008 0 0 0.0698008 0.0698008 0 0 0.0698008 0 0 0 -0.133124 0.0698008 0 -0.133124 0.0698008 0.0698008 -0.133124 0 0.0698008 -0.133124
338719 0 0 0 0.0703333 0 0 0.0703333 0.0703333 0 0 0.0703333 0 0 0 -0.134124 0.0703333 0 -0.134124 0.0703333 0.0703333 -0.134124 0 0.0703333 -0.134124
338719 0 0 0 0.0708658 0 0 0.0708658 0.0708658 0 0 0.0708658 0 0 0 -0.135124 0.0708658 0 -0.135124 0.0708658 0.0708658 -0.135124 0 0.0708658 -0.135124
338931 0 0 0 0.0713983 0 0 0.0713983 0.0713983 0 0 0.0713983 0 0 0 -0.136124 0.0713983 0 -0.136124 0.0713983 0.0713983 -0.136124 0 0.0713983 -0.136124
338938 0 0 0 0.0719308 0 0 0.0719308 0.0719308 0 0 0.0719308 0 0 0 -0.137124 0.0719308 0 -0.137124 0.0719308 0.0719308 -0.137124 0 0.0719308 -0.137124
338938 0 0 0 0.0724634 0 0 0.0724634 0.0724634 0 0 0.0724634 0 0 0 -0.138124 0.0724634 0 -0.138124 0.0724634 0.0724634 -0.138124 0 0.0724634 -0.138124
338727 0 0 0 0.0729959 0 0 0.0729959 0.0729959 0 0 0.0729959 0 0 0 -0.139124 0.0729959 0 -0.139124 0.0729959 0.0729959 -0.139124 0 0.0729959 -0.139124
338722 0 0 0 0.0735285 0 0 0.0735285 0.0735285 0 0 0.0735285 0 0 0 -0.140124 0.0735285 0 -0.140124 0.0735285 0.0735285 -0.140124 0 0.0735285 -0.140124
338935 0 0 0 0.074061 0 0 0.074061 0.074061 0 0 0.074061 0 0 0 -0.141124 0.074061 0 -0.141124 0.074061 0.074061 -0.141124 0 0.074061 -0.141124
338729 0 0 0 0.0745936 0 0 0.0745936 0.0745936 0 0 0.0745936 0 0 0 -0.142124 0.0745936 0 -0.142124 0.0745936 0.0745936 -0.142124 0 0.0745936 -0.142124
338661 0 0 0 0.0751262 0 0 0.0751262 0.0751262 0 0 0.0751262 0 0 0 -0.143124 0.0751262 0 -0.143124 0.0751262 0.0751262 -0.143124 0 0.0751262 -0.143124
338490 0 0 0 0.0756588 0 0 0.0756588 0.0756588 0 0 0.0756588 0 0 0 -0.144124 0.0756588 0 -0.144124 0.0756588 0.0756588 -0.144124 0 0.0756588 -0.144124
338383 0 0 0 0.0761914 0 0 0.0761914 0.0761914 0 0 0.0761914 0 0 0 -0.145124 0.0761914 0 -0.145124 0.0761914 0.0761914 -0.145124 0 0.0761914 -0.145124
338717 0 0 0 0.076724 0 0 0.076724 0.076724 0 0 0.076724 0 0 0 -0.146124 0.076724 0 -0.146124 0.0767241 0.0767241 -0.146124 0 0.076724 -0.146124
338253 0 0 0 0.0772567 0 0 0.0772567 0.0772567 0 0 0.0772567 0 0 0 -0.147124 0.0772567 0 -0.147124 0.0772567 0.0772567 -0.147124 0 0.0772567 -0.147124
338715 0 0 0 0.0777893 0 0 0.0777893 0.0777893 0 0 0.0777893 0 0 0 -0.148124 0.0777893 0 -0.148124 0.0777893 0.0777893 -0.148124 0 0.0777893 -0.148124
338940 0 0 0 0.078322 0 0 0.078322 0.078322 0 0 0.078322 0 0 0 -0.149124 0.078322 0 -0.149124 0.078322 0.078322 -0.149124 0 0.078322 -0.149124
338735 0 0 0 0.0788547 0 0 0.0788547 0.0788547 0 0 0.0788547 0 0 0 -0.150124 0.0788547 0 -0.150124 0.0788547 0.0788547 -0.150124 0 0.0788547 -0.150124
338942 0 0 0 0.0793873 0 0 0.0793873 0.0793873 0 0 0.0793873 0 0 0 -0.151124 0.0793873 0 -0.151124 0.0793874 0.0793874 -0.151124 0 0.0793873 -0.151124
338948 0 0 0 0.07992 0 0 0.07992 0.07992 0 0 0.07992 0 0 0 -0.152124 0.07992 0 -0.152124 0.07992 0.0799201 -0.152124 0 0.07992 -0.152124
338949 0 0 0 0.0804527 0 0 0.0804527 0.0804527 0 0 0.0804527 0 0 0 -0.153124 0.0804528 0 -0.153124 0.0804528 0.0804528 -0.153124 0 0.0804527 -0.153124
338967 0 0 0 0.0809855 0 0 0.0809855 0.0809855 0 0 0.0809855 0 0 0 -0.154124 0.0809855 0 -0.154124 0.0809855 0.0809855 -0.154124 0 0.0809855 -0.154124
338739 0 0 0 0.0815182 0 0 0.0815182 0.0815182 0 0 0.0815182 0 0 0 -0.155124 0.0815182 0 -0.155124 0.0815182 0.0815182 -0.155124 0 0.0815182 -0.155124
338734 0 0 0 0.082051 0 0 0.082051 0.082051 0 0 0.082051 0 0 0 -0.156124 0.082051 0 -0.156124 0.082051 0.082051 -0.156124 0 0.082051 -0.156124
338946 0 0 0 0.0825837 0 0 0.0825837 0.0825837 0 0 0.0825837 0 0 0 -0.157124 0.0825837 0 -0.157124 0.0825837 0.0825837 -0.157124 0 0.0825837 -0.157124
338953 0 0 0 0.0831165 0 0 0.0831165 0.0831165 0 0 0.0831165 0 0 0 -0.158124 0.0831165 0 -0.158124 0.0831165 0.0831165 -0.158124 0 0.0831165 -0.158124
338606 0 0 0 0.0836493 0 0 0.0836493 0.0836493 0 0 0.0836493 0 0 0 -0.159124 0.0836493 0 -0.159124 0.0836493 0.0836493 -0.159124 0 0.0836493 -0.159124
338733 0 0 0 0.0841821 0 0 0.0841821 0.0841821 0 0 0.0841821 0 0 0 -0.160124 0.0841821 0 -0.160124 0.0841821 0.0841821 -0.160124 0 0.0841821 -0.160124
338950 0 0 0 0.0847149 0 0 0.0847149 0.0847149 0 0 0.0847149 0 0 0 -0.161124 0.0847149 0 -0.161124 0.0847149 0.0847149 -0.161124 0 0.0847149 -0.161124
338956 0 0 0 0.0852478 0 0 0.0852478 0.0852477 0 0 0.0852478 0 0 0 -0.162124 0.0852478 0 -0.162124 0.0852478 0.0852478 -0.162124 0 0.0852478 -0.162124
337749 0 0 0 0.0857806 0 0 0.0857806 0.0857806 0 0 0.0857806 0 0 0 -0.163124 0.0857806 0 -0.163124 0.0857806 0.0857806 -0.163124 0 0.0857806 -0.163124
338036 0 0 0 0.0863135 0 0 0.0863135 0.0863135 0 0 0.0863135 0 0 0 -0.164124 0.0863135 0 -0.164124 0.0863135 0.0863135 -0.164124 0 0.0863135 -0.164124
338739 0 0 0 0.0868463 0 0 0.0868463 0.0868463 0 0 0.0868463 0 0 0 -0.165124 0.0868464 0 -0.165124 0.0868464 0.0868464 -0.165124 0 0.0868464 -0.165124
338899 0 0 0 0.0873792 0 0 0.0873792 0.0873792 0 0 0.0873792 0 0 0 -0.166124 0.0873792 0 -0.166124 0.0873793 0.0873793 -0.166124 0 0.0873792 -0.166124
338747 0 0 0 0.0879122 0 0 0.0879122 0.0879122 0 0 0.0879122 0 0 0 -0.167124 0.0879122 0 -0.167124 0.0879122 0.0879122 -0.167124 0 0.0879122 -0.167124
338956 0 0 0 0.0884451 0 0 0.0884451 0.0884451 0 0 0.0884451 0 0 0 -0.168124 0.0884451 0 -0.168124 0.0884451 0.0884451 -0.168124 0 0.0884451 -0.168124
338963 0 0 0 0.088978 0 0 0.088978 0.088978 0 0 0.088978 0 0 0 -0.169124 0.088978 0 -0.169124 0.088978 0.088978 -0.169124 0 0.088978 -0.169124
338908 0 0 0 0.089511 0 0 0.089511 0.089511 0 0 0.089511 0 0 0 -0.170124 0.089511 0 -0.170124 0.089511 0.089511 -0.170124 0 0.089511 -0.170124
338963 0 0 0 0.0900439 0 0 0.0900439 0.0900439 0 0 0.0900439 0 0 0 -0.171124 0.090044 0 -0.171124 0.090044 0.090044 -0.171124 0 0.0900439 -0.171124
338754 0 0 0 0.0905769 0 0 0.0905769 0.0905769 0 0 0.0905769 0 0 0 -0.172124 0.0905769 0 -0.172124 0.090577 0.090577 -0.172124 0 0.0905769 -0.172124
338979 0 0 0 0.0911099 0 0 0.0911099 0.0911099 0 0 0.0911099 0 0 0 -0.173124 0.0911099 0 -0.173124 0.09111 0.09111 -0.173124 0 0.0911099 -0.173124
338986 0 0 0 0.091643 0 0 0.091643 0.091643 0 0 0.091643 0 0 0 -0.174124 0.091643 0 -0.174124 0.091643 0.091643 -0.174124 0 0.091643 -0.174124
338969 0 0 0 0.092176 0 0 0.092176 0.092176 0 0 0.092176 0 0 0 -0.175124 0.092176 0 -0.175124 0.092176 0.092176 -0.175124 0 0.092176 -0.175124
338914 0 0 0 0.0927091 0 0 0.0927091 0.0927091 0 0 0.0927091 0 0 0 -0.176124 0.0927091 0 -0.176124 0.0927091 0.0927091 -0.176124 0 0.0927091 -0.176124
338914 0 0 0 0.0932421 0 0 0.0932421 0.0932421 0 0 0.0932421 0 0 0 -0.177124 0.0932421 0 -0.177124 0.0932422 0.0932422 -0.177124 0 0.0932421 -0.177124
338758 0 0 0 0.0937752 0 0 0.0937752 0.0937752 0 0 0.0937752 0 0 0 -0.178124 0.0937752 0 -0.178124 0.0937753 0.0937753 -0.178124 0 0.0937752 -0.178124
338967 0 0 0 0.0943083 0 0 0.0943083 0.0943083 0 0 0.0943083 0 0 0 -0.179124 0.0943083 0 -0.179124 0.0943084 0.0943084 -0.179124 0 0.0943083 -0.179124
338974 0 0 0 0.0948415 0 0 0.0948415 0.0948415 0 0 0.0948415 0 0 0 -0.180124 0.0948415 0 -0.180124 0.0948415 0.0948415 -0.180124 0 0.0948415 -0.180124
338763 0 0 0 0.0953746 0 0 0.0953746 0.0953746 0 0 0.0953746 0 0 0 -0.181124 0.0953746 0 -0.181124 0.0953746 0.0953746 -0.181124 0 0.0953746 -0.181124
338758 0 0 0 0.0959078 0 0 0.0959078 0.0959078 0 0 0.0959078 0 0 0 -0.182124 0.0959078 0 -0.182124 0.0959078 0.0959078 -0.182124 0 0.0959078 -0.182124
338759 0 0 0 0.096441 0 0 0.096441 0.096441 0 0 0.096441 0 0 0 -0.183124 0.096441 0 -0.183124 0.096441 0.096441 -0.183124 0 0.096441 -0.183124
338760 0 0 0 0.0969742 0 0 0.0969742 0.0969742 0 0 0.0969742 0 0 0 -0.184124 0.0969742 0 -0.184124 0.0969742 0.0969742 -0.184124 0 0.0969742 -0.184124
338761 0 0 0 0.0975074 0 0 0.0975074 0.0975074 0 0 0.0975074 0 0 0 -0.185124 0.0975074 0 -0.185124 0.0975074 0.0975074 -0.185124 0 0.0975074 -0.185124
338763 0 0 0 0.0980406 0 0 0.0980406 0.0980406 0 0 0.0980406 0 0 0 -0.186124 0.0980407 0 -0.186124 0.0980407 0.0980407 -0.186124 0 0.0980406 -0.186124
338531 0 0 0 0.0985739 0 0 0.0985739 0.0985739 0 0 0.0985739 0 0 0 -0.187124 0.0985739 0 -0.187124 0.0985739 0.0985739 -0.187124 0 0.0985739 -0.187124
338916 0 0 0 0.0991072 0 0 0.0991072 0.0991072 0 0 0.0991072 0 0 0 -0.188124 0.0991072 0 -0.188124 0.0991072 0.0991072 -0.188124 0 0.0991072 -0.188124
338787 0 0 0 0.0996405 0 0 0.0996405 0.0996405 0 0 0.0996405 0 0 0 -0.189124 0.0996405 0 -0.189124 0.0996405 0.0996405 -0.189124 0 0.0996405 -0.189124
338925 0 0 0 0.100174 0 0 0.100174 0.100174 0 0 0.100174 0 0 0 -0.190124 0.100174 0 -0.190124 0.100174 0.100174 -0.190124 0 0.100174 -0.190124
338773 0 0 0 0.100707 0 0 0.100707 0.100707 0 0 0.100707 0 0 0 -0.191124 0.100707 0 -0.191124 0.100707 0.100707 -0.191124 0 0.100707 -0.191124
337028 0 0 0 0.101241 0 0 0.101241 0.101241 0 0 0.101241 0 0 0 -0.192124 0.101241 0 -0.192124 0.101241 0.101241 -0.192124 0 0.101241 -0.192124
338937 0 0 0 0.101774 0 0 0.101774 0.101774 0 0 0.101774 0 0 0 -0.193124 0.101774 0 -0.193124 0.101774 0.101774 -0.193124 0 0.101774 -0.193124
338777 0 0 0 0.102307 0 0 0.102307 0.102307 0 0 0.102307 0 0 0 -0.194124 0.102307 0 -0.194124 0.102307 0.102307 -0.194124 0 0.102307 -0.194124
338774 0 0 0 0.102841 0 0 0.102841 0.102841 0 0 0.102841 0 0 0 -0.195124 0.102841 0 -0.195124 0.102841 0.102841 -0.195124 0 0.102841 -0.195124
339005 0 0 0 0.103374 0 0 0.103374 0.103374 0 0 0.103374 0 0 0 -0.196124 0.103374 0 -0.196124 0.103374 0.103374 -0.196124 0 0.103374 -0.196124
338782 0 0 0 0.103908 0 0 0.103908 0.103908 0 0 0.103908 0 0 0 -0.197124 0.103908 0 -0.197124 0.103908 0.103908 -0.197124 0 0.103908 -0.197124
338777 0 0 0 0.104441 0 0 0.104441 0.104441 0 0 0.104441 0 0 0 -0.198124 0.104441 0 -0.198124 0.104441 0.104441 -0.198124 0 0.104441 -0.198124
338991 0 0 0 0.104975 0 0 0.104975 0.104975 0 0 0.104975 0 0 0 -0.199124 0.104975 0 -0.199124 0.104975 0.104975 -0.199124 0 0.104975 -0.199124
338943 0 0 0 0.105508 0 0 0.105508 0.105508 0 0 0.105508 0 0 0 -0.200124 0.105508 0 -0.200124 0.105508 0.105508 -0.200124 0 0.105508 -0.200124
