1 0 0 0 -0.00148309 0 0 -0.00148309 -0.00148309 0 0 -0.00148309 0 0 0 -0.00148309 -0.00148309 0 -0.00148309 -0.00148309 -0.00148309 -0.00148309 0 -0.00148309 -0.00148309
2 0 0 0 -0.00148309 0 0 -0.00148309 -0.00148309 0 0 -0.00148309 0 0 0 -0.00148309 -0.00148309 0 -0.00148309 -0.00148309 -0.00148309 -0.00148309 0 -0.00148309 -0.00148309
178214 0 0 0 -0.00118211 0 0 -0.00118211 -0.00118211 0 0 -0.00118211 0 0 0 -0.00248309 -0.00118211 0 -0.00248309 -0.00118211 -0.00118211 -0.00248309 0 -0.00118211 -0.00248309
401806 0 0 0 -0.000828486 0 0 -0.000828452 -0.000828497 0 0 -0.000828442 0 0 0 -0.00348309 -0.000828482 0 -0.00348309 -0.000828456 -0.000828431 -0.00348309 0 -0.000828507 -0.00348309
583230 0 0 0 -0.00044865 0 0 -0.000448664 -0.000448654 0 0 -0.00044866 0 0 0 -0.00448309 -0.000448666 0 -0.00448309 -0.000448643 -0.000448648 -0.00448309 0 -0.000448661 -0.00448309
745089 0 0 0 -4.98144e-05 0 0 -4.97031e-05 -4.9773e-05 0 0 -4.97447e-05 0 0 0 -0.00548309 -4.97683e-05 0 -0.00548309 -4.97281e-05 -4.97022e-05 -0.00548309 0 -4.97942e-05 -0.00548309
893135 0 0 0 0.00036227 0 0 0.000362299 0.000362279 0 0 0.00036229 0 0 0 -0.00648309 0.000362273 0 -0.00648309 0.000362299 0.000362304 -0.00648309 0 0.000362268 -0.00648309
1.03521e+06 0 0 0 0.000785789 0 0 0.000785813 0.000785793 0 0 0.000785809 0 0 0 -0.00748309 0.000785787 0 -0.00748309 0.00078584 0.00078585 -0.00748309 0 0.000785777 -0.00748309
1.15705e+06 0 0 0 0.001218 0 0 0.00121802 0.001218 0 0 0.00121801 0 0 0 -0.00848309 0.001218 0 -0.00848309 0.00121803 0.00121804 -0.00848309 0 0.00121799 -0.00848309
1.27224e+06 0 0 0 0.00165756 0 0 0.00165758 0.00165756 0 0 0.00165757 0 0 0 -0.00948309 0.00165756 0 -0.00948309 0.00165759 0.0016576 -0.00948309 0 0.00165755 -0.00948309
1.37704e+06 0 0 0 0.0021073 0 0 0.00210732 0.0021073 0 0 0.00210731 0 0 0 -0.0104831 0.0021073 0 -0.0104831 0.00210733 0.00210734 -0.0104831 0 0.00210729 -0.0104831
1.46815e+06 0 0 0 0.00255949 0 0 0.00255954 0.0025595 0 0 0.00255953 0 0 0 -0.0114831 0.00255951 0 -0.0114831 0.00255953 0.00255953 -0.0114831 0 0.0025595 -0.0114831
1.53587e+06 0 0 0 0.0030169 0 0 0.00301693 0.0030169 0 0 0.00301692 0 0 0 -0.0124831 0.0030169 0 -0.0124831 0.00301693 0.00301694 -0.0124831 0 0.0030169 -0.0124831
1.59848e+06 0 0 0 0.00348358 0 0 0.00348361 0.00348358 0 0 0.0034836 0 0 0 -0.0134831 0.00348358 0 -0.0134831 0.00348362 0.00348362 -0.0134831 0 0.00348358 -0.0134831
1.67025e+06 0 0 0 0.00394927 0 0 0.00394929 0.00394927 0 0 0.00394929 0 0 0 -0.0144831 0.00394927 0 -0.0144831 0.00394929 0.0039493 -0.0144831 0 0.00394926 -0.0144831
1.74108e+06 0 0 0 0.00441441 0 0 0.00441443 0.00441441 0 0 0.00441442 0 0 0 -0.0154831 0.00441441 0 -0.0154831 0.00441443 0.00441444 -0.0154831 0 0.0044144 -0.0154831
1.79588e+06 0 0 0 0.00489181 0 0 0.00489183 0.00489181 0 0 0.00489183 0 0 0 -0.0164831 0.00489181 0 -0.0164831 0.00489183 0.00489185 -0.0164831 0 0.0048918 -0.0164831
1.81881e+06 0 0 0 0.00537463 0 0 0.00537465 0.00537463 0 0 0.00537465 0 0 0 -0.0174831 0.00537463 0 -0.0174831 0.00537465 0.00537466 -0.0174831 0 0.00537462 -0.0174831
1.85836e+06 0 0 0 0.005858 0 0 0.00585802 0.005858 0 0 0.00585802 0 0 0 -0.0184831 0.005858 0 -0.0184831 0.00585802 0.00585803 -0.0184831 0 0.00585799 -0.0184831
1.90121e+06 0 0 0 0.00634213 0 0 0.00634215 0.00634213 0 0 0.00634214 0 0 0 -0.0194831 0.00634213 0 -0.0194831 0.00634215 0.00634216 -0.0194831 0 0.00634212 -0.0194831
1.94426e+06 0 0 0 0.00682716 0 0 0.00682718 0.00682717 0 0 0.00682718 0 0 0 -0.0204831 0.00682716 0 -0.0204831 0.00682718 0.00682719 -0.0204831 0 0.00682715 -0.0204831
1.98787e+06 0 0 0 0.00731325 0 0 0.00731327 0.00731326 0 0 0.00731327 0 0 0 -0.0214831 0.00731326 0 -0.0214831 0.00731328 0.00731328 -0.0214831 0 0.00731325 -0.0214831
2.03604e+06 0 0 0 0.00780054 0 0 0.00780056 0.00780054 0 0 0.00780055 0 0 0 -0.0224831 0.00780054 0 -0.0224831 0.00780056 0.00780057 -0.0224831 0 0.00780053 -0.0224831
2.05014e+06 0 0 0 0.00830003 0 0 0.00830005 0.00830003 0 0 0.00830004 0 0 0 -0.0234831 0.00830003 0 -0.0234831 0.00830005 0.00830006 -0.0234831 0 0.00830002 -0.0234831
2.06704e+06 0 0 0 0.00880455 0 0 0.00880457 0.00880456 0 0 0.00880457 0 0 0 -0.0244831 0.00880455 0 -0.0244831 0.00880457 0.00880458 -0.0244831 0 0.00880455 -0.0244831
2.08427e+06 0 0 0 0.00930977 0 0 0.00930979 0.00930978 0 0 0.00930979 0 0 0 -0.0254831 0.00930977 0 -0.0254831 0.00930979 0.0093098 -0.0254831 0 0.00930977 -0.0254831
2.1017e+06 0 0 0 0.00981571 0 0 0.00981572 0.00981571 0 0 0.00981572 0 0 0 -0.0264831 0.00981571 0 -0.0264831 0.00981573 0.00981573 -0.0264831 0 0.0098157 -0.0264831
2.11928e+06 0 0 0 0.0103224 0 0 0.0103224 0.0103224 0 0 0.0103224 0 0 0 -0.0274831 0.0103224 0 -0.0274831 0.0103224 0.0103224 -0.0274831 0 0.0103224 -0.0274831
2.13718e+06 0 0 0 0.0108298 0 0 0.0108298 0.0108298 0 0 0.0108298 0 0 0 -0.0284831 0.0108298 0 -0.0284831 0.0108298 0.0108298 -0.0284831 0 0.0108298 -0.0284831
2.15567e+06 0 0 0 0.011338 0 0 0.011338 0.011338 0 0 0.011338 0 0 0 -0.0294831 0.011338 0 -0.0294831 0.011338 0.0113381 -0.0294831 0 0.011338 -0.0294831
2.17397e+06 0 0 0 0.011847 0 0 0.0118471 0.0118471 0 0 0.0118471 0 0 0 -0.0304831 0.011847 0 -0.0304831 0.0118471 0.0118471 -0.0304831 0 0.011847 -0.0304831
2.19203e+06 0 0 0 0.0123569 0 0 0.0123569 0.0123569 0 0 0.0123569 0 0 0 -0.0314831 0.0123569 0 -0.0314831 0.0123569 0.0123569 -0.0314831 0 0.0123569 -0.0314831
2.21118e+06 0 0 0 0.0128676 0 0 0.0128676 0.0128676 0 0 0.0128676 0 0 0 -0.0324831 0.0128676 0 -0.0324831 0.0128676 0.0128676 -0.0324831 0 0.0128676 -0.0324831
2.23056e+06 0 0 0 0.0133792 0 0 0.0133792 0.0133792 0 0 0.0133792 0 0 0 -0.0334831 0.0133792 0 -0.0334831 0.0133792 0.0133792 -0.0334831 0 0.0133792 -0.0334831
2.24807e+06 0 0 0 0.0138917 0 0 0.0138917 0.0138917 0 0 0.0138917 0 0 0 -0.0344831 0.0138917 0 -0.0344831 0.0138917 0.0138917 -0.0344831 0 0.0138917 -0.0344831
2.26869e+06 0 0 0 0.0144051 0 0 0.0144051 0.0144051 0 0 0.0144051 0 0 0 -0.0354831 0.0144051 0 -0.0354831 0.0144051 0.0144051 -0.0354831 0 0.0144051 -0.0354831
2.28842e+06 0 0 0 0.0149194 0 0 0.0149194 0.0149194 0 0 0.0149194 0 0 0 -0.0364831 0.0149194 0 -0.0364831 0.0149194 0.0149194 -0.0364831 0 0.0149194 -0.0364831
2.30728e+06 0 0 0 0.0154347 0 0 0.0154348 0.0154348 0 0 0.0154348 0 0 0 -0.0374831 0.0154347 0 -0.0374831 0.0154348 0.0154348 -0.0374831 0 0.0154347 -0.0374831
2.32738e+06 0 0 0 0.0159511 0 0 0.0159511 0.0159511 0 0 0.0159511 0 0 0 -0.0384831 0.0159511 0 -0.0384831 0.0159511 0.0159511 -0.0384831 0 0.0159511 -0.0384831
2.34778e+06 0 0 0 0.0164684 0 0 0.0164684 0.0164684 0 0 0.0164684 0 0 0 -0.0394831 0.0164684 0 -0.0394831 0.0164684 0.0164684 -0.0394831 0 0.0164684 -0.0394831
2.35509e+06 0 0 0 0.0169869 0 0 0.0169869 0.0169869 0 0 0.0169869 0 0 0 -0.0404831 0.0169869 0 -0.0404831 0.0169869 0.0169869 -0.0404831 0 0.0169869 -0.0404831
2.37577e+06 0 0 0 0.0175064 0 0 0.0175064 0.0175064 0 0 0.0175064 0 0 0 -0.0414831 0.0175064 0 -0.0414831 0.0175064 0.0175064 -0.0414831 0 0.0175064 -0.0414831
2.39575e+06 0 0 0 0.0180269 0 0 0.0180269 0.0180269 0 0 0.0180269 0 0 0 -0.0424831 0.0180269 0 -0.0424831 0.0180269 0.0180269 -0.0424831 0 0.0180269 -0.0424831
2.40122e+06 0 0 0 0.0185575 0 0 0.0185576 0.0185575 0 0 0.0185576 0 0 0 -0.0434831 0.0185575 0 -0.0434831 0.0185576 0.0185576 -0.0434831 0 0.0185575 -0.0434831
2.40235e+06 0 0 0 0.0190896 0 0 0.0190896 0.0190896 0 0 0.0190896 0 0 0 -0.0444831 0.0190896 0 -0.0444831 0.0190896 0.0190896 -0.0444831 0 0.0190896 -0.0444831
2.40238e+06 0 0 0 0.0196217 0 0 0.0196217 0.0196217 0 0 0.0196217 0 0 0 -0.0454831 0.0196217 0 -0.0454831 0.0196217 0.0196217 -0.0454831 0 0.0196217 -0.0454831
2.40237e+06 0 0 0 0.0201538 0 0 0.0201538 0.0201538 0 0 0.0201538 0 0 0 -0.0464831 0.0201538 0 -0.0464831 0.0201538 0.0201538 -0.0464831 0 0.0201538 -0.0464831
2.40142e+06 0 0 0 0.0206859 0 0 0.0206859 0.0206859 0 0 0.0206859 0 0 0 -0.0474831 0.0206859 0 -0.0474831 0.0206859 0.0206859 -0.0474831 0 0.0206858 -0.0474831
2.40235e+06 0 0 0 0.0212179 0 0 0.0212179 0.0212179 0 0 0.0212179 0 0 0 -0.0484831 0.0212179 0 -0.0484831 0.0212179 0.0212179 -0.0484831 0 0.0212179 -0.0484831
2.40238e+06 0 0 0 0.02175 0 0 0.02175 0.02175 0 0 0.02175 0 0 0 -0.0494831 0.02175 0 -0.0494831 0.02175 0.02175 -0.0494831 0 0.02175 -0.0494831
2.40157e+06 0 0 0 0.0222821 0 0 0.0222821 0.0222821 0 0 0.0222821 0 0 0 -0.0504831 0.0222821 0 -0.0504831 0.0222821 0.0222821 -0.0504831 0 0.0222821 -0.0504831
2.40264e+06 0 0 0 0.0228142 0 0 0.0228142 0.0228142 0 0 0.0228142 0 0 0 -0.0514831 0.0228142 0 -0.0514831 0.0228142 0.0228142 -0.0514831 0 0.0228142 -0.0514831
2.40157e+06 0 0 0 0.0233463 0 0 0.0233463 0.0233463 0 0 0.0233463 0 0 0 -0.0524831 0.0233462 0 -0.0524831 0.0233463 0.0233463 -0.0524831 0 0.0233462 -0.0524831
2.40147e+06 0 0 0 0.0238783 0 0 0.0238783 0.0238783 0 0 0.0238783 0 0 0 -0.0534831 0.0238783 0 -0.0534831 0.0238783 0.0238784 -0.0534831 0 0.0238783 -0.0534831
2.40154e+06 0 0 0 0.0244104 0 0 0.0244104 0.0244104 0 0 0.0244104 0 0 0 -0.0544831 0.0244104 0 -0.0544831 0.0244104 0.0244104 -0.0544831 0 0.0244104 -0.0544831
2.4026e+06 0 0 0 0.0249425 0 0 0.0249425 0.0249425 0 0 0.0249425 0 0 0 -0.0554831 0.0249425 0 -0.0554831 0.0249425 0.0249425 -0.0554831 0 0.0249425 -0.0554831
2.40157e+06 0 0 0 0.0254746 0 0 0.0254746 0.0254746 0 0 0.0254746 0 0 0 -0.0564831 0.0254746 0 -0.0564831 0.0254746 0.0254746 -0.0564831 0 0.0254746 -0.0564831
2.40266e+06 0 0 0 0.0260067 0 0 0.0260067 0.0260067 0 0 0.0260067 0 0 0 -0.0574831 0.0260067 0 -0.0574831 0.0260067 0.0260067 -0.0574831 0 0.0260067 -0.0574831
2.40157e+06 0 0 0 0.0265388 0 0 0.0265388 0.0265388 0 0 0.0265388 0 0 0 -0.0584831 0.0265388 0 -0.0584831 0.0265388 0.0265388 -0.0584831 0 0.0265388 -0.0584831
2.40154e+06 0 0 0 0.0270709 0 0 0.0270709 0.0270709 0 0 0.0270709 0 0 0 -0.0594831 0.0270708 0 -0.0594831 0.0270709 0.0270709 -0.0594831 0 0.0270708 -0.0594831
2.40235e+06 0 0 0 0.0276029 0 0 0.0276029 0.0276029 0 0 0.0276029 0 0 0 -0.0604831 0.0276029 0 -0.0604831 0.0276029 0.027603 -0.0604831 0 0.0276029 -0.0604831
2.40157e+06 0 0 0 0.028135 0 0 0.028135 0.028135 0 0 0.028135 0 0 0 -0.0614831 0.028135 0 -0.0614831 0.028135 0.0281351 -0.0614831 0 0.028135 -0.0614831
2.40236e+06 0 0 0 0.0286671 0 0 0.0286671 0.0286671 0 0 0.0286671 0 0 0 -0.0624831 0.0286671 0 -0.0624831 0.0286671 0.0286671 -0.0624831 0 0.0286671 -0.0624831
2.40267e+06 0 0 0 0.0291992 0 0 0.0291992 0.0291992 0 0 0.0291992 0 0 0 -0.0634831 0.0291992 0 -0.0634831 0.0291992 0.0291992 -0.0634831 0 0.0291992 -0.0634831
2.40217e+06 0 0 0 0.0297313 0 0 0.0297313 0.0297313 0 0 0.0297313 0 0 0 -0.0644831 0.0297313 0 -0.0644831 0.0297313 0.0297313 -0.0644831 0 0.0297313 -0.0644831
2.40238e+06 0 0 0 0.0302634 0 0 0.0302634 0.0302634 0 0 0.0302634 0 0 0 -0.0654831 0.0302634 0 -0.0654831 0.0302634 0.0302634 -0.0654831 0 0.0302634 -0.0654831
2.40238e+06 0 0 0 0.0307955 0 0 0.0307955 0.0307955 0 0 0.0307955 0 0 0 -0.0664831 0.0307955 0 -0.0664831 0.0307955 0.0307955 -0.0664831 0 0.0307955 -0.0664831
2.40262e+06 0 0 0 0.0313276 0 0 0.0313276 0.0313276 0 0 0.0313276 0 0 0 -0.0674831 0.0313276 0 -0.0674831 0.0313276 0.0313276 -0.0674831 0 0.0313276 -0.0674831
2.40238e+06 0 0 0 0.0318597 0 0 0.0318597 0.0318597 0 0 0.0318597 0 0 0 -0.0684831 0.0318597 0 -0.0684831 0.0318597 0.0318597 -0.0684831 0 0.0318597 -0.0684831
2.40237e+06 0 0 0 0.0323918 0 0 0.0323918 0.0323918 0 0 0.0323918 0 0 0 -0.0694831 0.0323918 0 -0.0694831 0.0323918 0.0323918 -0.0694831 0 0.0323918 -0.0694831
2.40157e+06 0 0 0 0.0329239 0 0 0.0329239 0.0329239 0 0 0.0329239 0 0 0 -0.0704831 0.0329239 0 -0.0704831 0.0329239 0.0329239 -0.0704831 0 0.0329239 -0.0704831
2.40155e+06 0 0 0 0.033456 0 0 0.033456 0.033456 0 0 0.033456 0 0 0 -0.0714831 0.033456 0 -0.0714831 0.033456 0.033456 -0.0714831 0 0.033456 -0.0714831
2.40236e+06 0 0 0 0.0339881 0 0 0.0339881 0.0339881 0 0 0.0339881 0 0 0 -0.0724831 0.0339881 0 -0.0724831 0.0339881 0.0339881 -0.0724831 0 0.0339881 -0.0724831
2.40157e+06 0 0 0 0.0345203 0 0 0.0345203 0.0345203 0 0 0.0345203 0 0 0 -0.0734831 0.0345203 0 -0.0734831 0.0345203 0.0345203 -0.0734831 0 0.0345202 -0.0734831
2.40134e+06 0 0 0 0.0350524 0 0 0.0350524 0.0350524 0 0 0.0350524 0 0 0 -0.0744831 0.0350524 0 -0.0744831 0.0350524 0.0350524 -0.0744831 0 0.0350524 -0.0744831
2.40235e+06 0 0 0 0.0355845 0 0 0.0355845 0.0355845 0 0 0.0355845 0 0 0 -0.0754831 0.0355845 0 -0.0754831 0.0355845 0.0355845 -0.0754831 0 0.0355845 -0.0754831
2.40157e+06 0 0 0 0.0361166 0 0 0.0361166 0.0361166 0 0 0.0361166 0 0 0 -0.0764831 0.0361166 0 -0.0764831 0.0361166 0.0361166 -0.0764831 0 0.0361166 -0.0764831
2.40265e+06 0 0 0 0.0366487 0 0 0.0366487 0.0366487 0 0 0.0366487 0 0 0 -0.0774831 0.0366487 0 -0.0774831 0.0366487 0.0366487 -0.0774831 0 0.0366487 -0.0774831
2.40268e+06 0 0 0 0.0371808 0 0 0.0371808 0.0371808 0 0 0.0371808 0 0 0 -0.0784831 0.0371808 0 -0.0784831 0.0371808 0.0371809 -0.0784831 0 0.0371808 -0.0784831
2.40238e+06 0 0 0 0.037713 0 0 0.037713 0.037713 0 0 0.037713 0 0 0 -0.0794831 0.037713 0 -0.0794831 0.037713 0.037713 -0.0794831 0 0.037713 -0.0794831
2.40157e+06 0 0 0 0.0382451 0 0 0.0382451 0.0382451 0 0 0.0382451 0 0 0 -0.0804831 0.0382451 0 -0.0804831 0.0382451 0.0382451 -0.0804831 0 0.0382451 -0.0804831
2.40155e+06 0 0 0 0.0387772 0 0 0.0387772 0.0387772 0 0 0.0387772 0 0 0 -0.0814831 0.0387772 0 -0.0814831 0.0387772 0.0387772 -0.0814831 0 0.0387772 -0.0814831
2.40236e+06 0 0 0 0.0393094 0 0 0.0393094 0.0393094 0 0 0.0393094 0 0 0 -0.0824831 0.0393094 0 -0.0824831 0.0393094 0.0393094 -0.0824831 0 0.0393093 -0.0824831
2.40239e+06 0 0 0 0.0398415 0 0 0.0398415 0.0398415 0 0 0.0398415 0 0 0 -0.0834831 0.0398415 0 -0.0834831 0.0398415 0.0398415 -0.0834831 0 0.0398415 -0.0834831
2.40239e+06 0 0 0 0.0403736 0 0 0.0403736 0.0403736 0 0 0.0403736 0 0 0 -0.0844831 0.0403736 0 -0.0844831 0.0403736 0.0403736 -0.0844831 0 0.0403736 -0.0844831
2.40239e+06 0 0 0 0.0409058 0 0 0.0409058 0.0409058 0 0 0.0409058 0 0 0 -0.0854831 0.0409058 0 -0.0854831 0.0409058 0.0409058 -0.0854831 0 0.0409058 -0.0854831
2.40157e+06 0 0 0 0.0414379 0 0 0.0414379 0.0414379 0 0 0.0414379 0 0 0 -0.0864831 0.0414379 0 -0.0864831 0.0414379 0.0414379 -0.0864831 0 0.0414379 -0.0864831
2.40236e+06 0 0 0 0.0419701 0 0 0.0419701 0.0419701 0 0 0.0419701 0 0 0 -0.0874831 0.0419701 0 -0.0874831 0.0419701 0.0419701 -0.0874831 0 0.0419701 -0.0874831
2.40157e+06 0 0 0 0.0425022 0 0 0.0425022 0.0425022 0 0 0.0425022 0 0 0 -0.0884831 0.0425022 0 -0.0884831 0.0425022 0.0425022 -0.0884831 0 0.0425022 -0.0884831
2.40237e+06 0 0 0 0.0430344 0 0 0.0430344 0.0430344 0 0 0.0430344 0 0 0 -0.0894831 0.0430344 0 -0.0894831 0.0430344 0.0430344 -0.0894831 0 0.0430344 -0.0894831
2.40158e+06 0 0 0 0.0435665 0 0 0.0435665 0.0435665 0 0 0.0435665 0 0 0 -0.0904831 0.0435665 0 -0.0904831 0.0435665 0.0435666 -0.0904831 0 0.0435665 -0.0904831
2.40266e+06 0 0 0 0.0440987 0 0 0.0440987 0.0440987 0 0 0.0440987 0 0 0 -0.0914831 0.0440987 0 -0.0914831 0.0440987 0.0440987 -0.0914831 0 0.0440987 -0.0914831
2.4027e+06 0 0 0 0.0446309 0 0 0.0446309 0.0446309 0 0 0.0446309 0 0 0 -0.0924831 0.0446309 0 -0.0924831 0.0446309 0.0446309 -0.0924831 0 0.0446308 -0.0924831
2.39972e+06 0 0 0 0.045163 0 0 0.0451631 0.045163 0 0 0.0451631 0 0 0 -0.0934831 0.045163 0 -0.0934831 0.0451631 0.0451631 -0.0934831 0 0.045163 -0.0934831
2.40151e+06 0 0 0 0.0456952 0 0 0.0456952 0.0456952 0 0 0.0456952 0 0 0 -0.0944831 0.0456952 0 -0.0944831 0.0456952 0.0456952 -0.0944831 0 0.0456952 -0.0944831
2.40237e+06 0 0 0 0.0462274 0 0 0.0462274 0.0462274 0 0 0.0462274 0 0 0 -0.0954831 0.0462274 0 -0.0954831 0.0462274 0.0462274 -0.0954831 0 0.0462274 -0.0954831
2.39874e+06 0 0 0 0.0467596 0 0 0.0467596 0.0467596 0 0 0.0467596 0 0 0 -0.0964831 0.0467596 0 -0.0964831 0.0467596 0.0467596 -0.0964831 0 0.0467596 -0.0964831
2.40229e+06 0 0 0 0.0472917 0 0 0.0472917 0.0472917 0 0 0.0472917 0 0 0 -0.0974831 0.0472917 0 -0.0974831 0.0472917 0.0472918 -0.0974831 0 0.0472917 -0.0974831
2.40158e+06 0 0 0 0.0478239 0 0 0.0478239 0.0478239 0 0 0.0478239 0 0 0 -0.0984831 0.0478239 0 -0.0984831 0.0478239 0.0478239 -0.0984831 0 0.0478239 -0.0984831
2.40262e+06 0 0 0 0.0483561 0 0 0.0483561 0.0483561 0 0 0.0483561 0 0 0 -0.0994831 0.0483561 0 -0.0994831 0.0483561 0.0483561 -0.0994831 0 0.0483561 -0.0994831
2.40239e+06 0 0 0 0.0488883 0 0 0.0488883 0.0488883 0 0 0.0488883 0 0 0 -0.100483 0.0488883 0 -0.100483 0.0488883 0.0488883 -0.100483 0 0.0488883 -0.100483
2.40264e+06 0 0 0 0.0494205 0 0 0.0494205 0.0494205 0 0 0.0494205 0 0 0 -0.101483 0.0494205 0 -0.101483 0.0494205 0.0494205 -0.101483 0 0.0494205 -0.101483
2.40159e+06 0 0 0 0.0499527 0 0 0.0499527 0.0499527 0 0 0.0499527 0 0 0 -0.102483 0.0499527 0 -0.102483 0.0499527 0.0499527 -0.102483 0 0.0499527 -0.102483
2.40237e+06 0 0 0 0.0504849 0 0 0.0504849 0.0504849 0 0 0.0504849 0 0 0 -0.103483 0.0504849 0 -0.103483 0.0504849 0.0504849 -0.103483 0 0.0504849 -0.103483
2.40158e+06 0 0 0 0.0510172 0 0 0.0510172 0.0510172 0 0 0.0510172 0 0 0 -0.104483 0.0510172 0 -0.104483 0.0510172 0.0510172 -0.104483 0 0.0510172 -0.104483
2.40135e+06 0 0 0 0.0515494 0 0 0.0515494 0.0515494 0 0 0.0515494 0 0 0 -0.105483 0.0515494 0 -0.105483 0.0515494 0.0515494 -0.105483 0 0.0515494 -0.105483
2.40156e+06 0 0 0 0.0520816 0 0 0.0520816 0.0520816 0 0 0.0520816 0 0 0 -0.106483 0.0520816 0 -0.106483 0.0520816 0.0520816 -0.106483 0 0.0520816 -0.106483
2.40156e+06 0 0 0 0.0526138 0 0 0.0526138 0.0526138 0 0 0.0526138 0 0 0 -0.107483 0.0526138 0 -0.107483 0.0526138 0.0526138 -0.107483 0 0.0526138 -0.107483
2.40156e+06 0 0 0 0.0531461 0 0 0.0531461 0.0531461 0 0 0.0531461 0 0 0 -0.108483 0.0531461 0 -0.108483 0.0531461 0.0531461 -0.108483 0 0.0531461 -0.108483
2.40157e+06 0 0 0 0.0536783 0 0 0.0536783 0.0536783 0 0 0.0536783 0 0 0 -0.109483 0.0536783 0 -0.109483 0.0536783 0.0536783 -0.109483 0 0.0536783 -0.109483
2.40237e+06 0 0 0 0.0542105 0 0 0.0542106 0.0542105 0 0 0.0542106 0 0 0 -0.110483 0.0542105 0 -0.110483 0.0542106 0.0542106 -0.110483 0 0.0542105 -0.110483
2.4024e+06 0 0 0 0.0547428 0 0 0.0547428 0.0547428 0 0 0.0547428 0 0 0 -0.111483 0.0547428 0 -0.111483 0.0547428 0.0547428 -0.111483 0 0.0547428 -0.111483
2.40268e+06 0 0 0 0.0552751 0 0 0.0552751 0.0552751 0 0 0.0552751 0 0 0 -0.112483 0.0552751 0 -0.112483 0.0552751 0.0552751 -0.112483 0 0.0552751 -0.112483
2.4027e+06 0 0 0 0.0558073 0 0 0.0558073 0.0558073 0 0 0.0558073 0 0 0 -0.113483 0.0558073 0 -0.113483 0.0558073 0.0558073 -0.113483 0 0.0558073 -0.113483
2.40241e+06 0 0 0 0.0563396 0 0 0.0563396 0.0563396 0 0 0.0563396 0 0 0 -0.114483 0.0563396 0 -0.114483 0.0563396 0.0563396 -0.114483 0 0.0563396 -0.114483
2.40159e+06 0 0 0 0.0568719 0 0 0.0568719 0.0568719 0 0 0.0568719 0 0 0 -0.115483 0.0568719 0 -0.115483 0.0568719 0.0568719 -0.115483 0 0.0568719 -0.115483
2.40267e+06 0 0 0 0.0574041 0 0 0.0574042 0.0574041 0 0 0.0574042 0 0 0 -0.116483 0.0574041 0 -0.116483 0.0574042 0.0574042 -0.116483 0 0.0574041 -0.116483
2.4016e+06 0 0 0 0.0579364 0 0 0.0579364 0.0579364 0 0 0.0579364 0 0 0 -0.117483 0.0579364 0 -0.117483 0.0579365 0.0579365 -0.117483 0 0.0579364 -0.117483
2.40238e+06 0 0 0 0.0584687 0 0 0.0584687 0.0584687 0 0 0.0584687 0 0 0 -0.118483 0.0584687 0 -0.118483 0.0584687 0.0584687 -0.118483 0 0.0584687 -0.118483
2.40416e+06 0 0 0 0.059001 0 0 0.059001 0.059001 0 0 0.059001 0 0 0 -0.119483 0.059001 0 -0.119483 0.059001 0.059001 -0.119483 0 0.059001 -0.119483
2.40245e+06 0 0 0 0.0595333 0 0 0.0595333 0.0595333 0 0 0.0595333 0 0 0 -0.120483 0.0595333 0 -0.120483 0.0595333 0.0595333 -0.120483 0 0.0595333 -0.120483
2.40242e+06 0 0 0 0.0600656 0 0 0.0600657 0.0600657 0 0 0.0600657 0 0 0 -0.121483 0.0600656 0 -0.121483 0.0600657 0.0600657 -0.121483 0 0.0600656 -0.121483
2.40241e+06 0 0 0 0.060598 0 0 0.060598 0.060598 0 0 0.060598 0 0 0 -0.122483 0.060598 0 -0.122483 0.060598 0.060598 -0.122483 0 0.060598 -0.122483
2.4016e+06 0 0 0 0.0611303 0 0 0.0611303 0.0611303 0 0 0.0611303 0 0 0 -0.123483 0.0611303 0 -0.123483 0.0611303 0.0611303 -0.123483 0 0.0611303 -0.123483
2.4024e+06 0 0 0 0.0616626 0 0 0.0616626 0.0616626 0 0 0.0616626 0 0 0 -0.124483 0.0616626 0 -0.124483 0.0616626 0.0616626 -0.124483 0 0.0616626 -0.124483
2.4022e+06 0 0 0 0.062195 0 0 0.062195 0.062195 0 0 0.062195 0 0 0 -0.125483 0.062195 0 -0.125483 0.062195 0.062195 -0.125483 0 0.062195 -0.125483
2.4027e+06 0 0 0 0.0627273 0 0 0.0627273 0.0627273 0 0 0.0627273 0 0 0 -0.126483 0.0627273 0 -0.126483 0.0627273 0.0627273 -0.126483 0 0.0627273 -0.126483
2.40243e+06 0 0 0 0.0632597 0 0 0.0632597 0.0632597 0 0 0.0632597 0 0 0 -0.127483 0.0632597 0 -0.127483 0.0632597 0.0632597 -0.127483 0 0.0632597 -0.127483
2.40271e+06 0 0 0 0.063792 0 0 0.0637921 0.063792 0 0 0.0637921 0 0 0 -0.128483 0.063792 0 -0.128483 0.0637921 0.0637921 -0.128483 0 0.063792 -0.128483
2.40272e+06 0 0 0 0.0643244 0 0 0.0643244 0.0643244 0 0 0.0643244 0 0 0 -0.129483 0.0643244 0 -0.129483 0.0643244 0.0643244 -0.129483 0 0.0643244 -0.129483
2.40243e+06 0 0 0 0.0648568 0 0 0.0648568 0.0648568 0 0 0.0648568 0 0 0 -0.130483 0.0648568 0 -0.130483 0.0648568 0.0648568 -0.130483 0 0.0648568 -0.130483
2.40271e+06 0 0 0 0.0653892 0 0 0.0653892 0.0653892 0 0 0.0653892 0 0 0 -0.131483 0.0653892 0 -0.131483 0.0653892 0.0653892 -0.131483 0 0.0653892 -0.131483
2.40162e+06 0 0 0 0.0659216 0 0 0.0659216 0.0659216 0 0 0.0659216 0 0 0 -0.132483 0.0659216 0 -0.132483 0.0659216 0.0659216 -0.132483 0 0.0659216 -0.132483
2.40159e+06 0 0 0 0.066454 0 0 0.066454 0.066454 0 0 0.066454 0 0 0 -0.133483 0.066454 0 -0.133483 0.066454 0.066454 -0.133483 0 0.066454 -0.133483
2.40151e+06 0 0 0 0.0669864 0 0 0.0669864 0.0669864 0 0 0.0669864 0 0 0 -0.134483 0.0669864 0 -0.134483 0.0669864 0.0669864 -0.134483 0 0.0669864 -0.134483
2.40267e+06 0 0 0 0.0675188 0 0 0.0675188 0.0675188 0 0 0.0675188 0 0 0 -0.135483 0.0675188 0 -0.135483 0.0675188 0.0675188 -0.135483 0 0.0675188 -0.135483
2.40162e+06 0 0 0 0.0680513 0 0 0.0680513 0.0680513 0 0 0.0680513 0 0 0 -0.136483 0.0680513 0 -0.136483 0.0680513 0.0680513 -0.136483 0 0.0680513 -0.136483
2.4024e+06 0 0 0 0.0685837 0 0 0.0685837 0.0685837 0 0 0.0685837 0 0 0 -0.137483 0.0685837 0 -0.137483 0.0685837 0.0685837 -0.137483 0 0.0685837 -0.137483
2.4027e+06 0 0 0 0.0691161 0 0 0.0691162 0.0691161 0 0 0.0691162 0 0 0 -0.138483 0.0691161 0 -0.138483 0.0691162 0.0691162 -0.138483 0 0.0691161 -0.138483
2.40163e+06 0 0 0 0.0696486 0 0 0.0696486 0.0696486 0 0 0.0696486 0 0 0 -0.139483 0.0696486 0 -0.139483 0.0696486 0.0696486 -0.139483 0 0.0696486 -0.139483
2.4024e+06 0 0 0 0.0701811 0 0 0.0701811 0.0701811 0 0 0.0701811 0 0 0 -0.140483 0.0701811 0 -0.140483 0.0701811 0.0701811 -0.140483 0 0.0701811 -0.140483
2.40243e+06 0 0 0 0.0707135 0 0 0.0707136 0.0707135 0 0 0.0707136 0 0 0 -0.141483 0.0707135 0 -0.141483 0.0707136 0.0707136 -0.141483 0 0.0707135 -0.141483
2.40162e+06 0 0 0 0.071246 0 0 0.0712461 0.071246 0 0 0.071246 0 0 0 -0.142483 0.071246 0 -0.142483 0.0712461 0.0712461 -0.142483 0 0.071246 -0.142483
2.40241e+06 0 0 0 0.0717785 0 0 0.0717785 0.0717785 0 0 0.0717785 0 0 0 -0.143483 0.0717785 0 -0.143483 0.0717785 0.0717785 -0.143483 0 0.0717785 -0.143483
2.40162e+06 0 0 0 0.072311 0 0 0.0723111 0.072311 0 0 0.0723111 0 0 0 -0.144483 0.072311 0 -0.144483 0.0723111 0.0723111 -0.144483 0 0.072311 -0.144483
2.4016e+06 0 0 0 0.0728436 0 0 0.0728436 0.0728436 0 0 0.0728436 0 0 0 -0.145483 0.0728436 0 -0.145483 0.0728436 0.0728436 -0.145483 0 0.0728436 -0.145483
2.40161e+06 0 0 0 0.0733761 0 0 0.0733761 0.0733761 0 0 0.0733761 0 0 0 -0.146483 0.0733761 0 -0.146483 0.0733761 0.0733761 -0.146483 0 0.0733761 -0.146483
2.40242e+06 0 0 0 0.0739086 0 0 0.0739086 0.0739086 0 0 0.0739086 0 0 0 -0.147483 0.0739086 0 -0.147483 0.0739086 0.0739086 -0.147483 0 0.0739086 -0.147483
2.40055e+06 0 0 0 0.0744412 0 0 0.0744412 0.0744412 0 0 0.0744412 0 0 0 -0.148483 0.0744412 0 -0.148483 0.0744412 0.0744412 -0.148483 0 0.0744412 -0.148483
2.40269e+06 0 0 0 0.0749737 0 0 0.0749737 0.0749737 0 0 0.0749737 0 0 0 -0.149483 0.0749737 0 -0.149483 0.0749737 0.0749737 -0.149483 0 0.0749737 -0.149483
2.40164e+06 0 0 0 0.0755063 0 0 0.0755063 0.0755063 0 0 0.0755063 0 0 0 -0.150483 0.0755063 0 -0.150483 0.0755063 0.0755063 -0.150483 0 0.0755063 -0.150483
2.40242e+06 0 0 0 0.0760389 0 0 0.0760389 0.0760389 0 0 0.0760389 0 0 0 -0.151483 0.0760389 0 -0.151483 0.0760389 0.0760389 -0.151483 0 0.0760389 -0.151483
2.40164e+06 0 0 0 0.0765715 0 0 0.0765715 0.0765715 0 0 0.0765715 0 0 0 -0.152483 0.0765715 0 -0.152483 0.0765715 0.0765715 -0.152483 0 0.0765715 -0.152483
2.40242e+06 0 0 0 0.0771041 0 0 0.0771041 0.0771041 0 0 0.0771041 0 0 0 -0.153483 0.0771041 0 -0.153483 0.0771041 0.0771041 -0.153483 0 0.0771041 -0.153483
2.40245e+06 0 0 0 0.0776367 0 0 0.0776367 0.0776367 0 0 0.0776367 0 0 0 -0.154483 0.0776367 0 -0.154483 0.0776367 0.0776367 -0.154483 0 0.0776367 -0.154483
2.4027e+06 0 0 0 0.0781693 0 0 0.0781693 0.0781693 0 0 0.0781693 0 0 0 -0.155483 0.0781693 0 -0.155483 0.0781693 0.0781693 -0.155483 0 0.0781693 -0.155483
2.40165e+06 0 0 0 0.078702 0 0 0.078702 0.078702 0 0 0.078702 0 0 0 -0.156483 0.078702 0 -0.156483 0.078702 0.078702 -0.156483 0 0.078702 -0.156483
2.40244e+06 0 0 0 0.0792346 0 0 0.0792346 0.0792346 0 0 0.0792346 0 0 0 -0.157483 0.0792346 0 -0.157483 0.0792346 0.0792346 -0.157483 0 0.0792346 -0.157483
2.40271e+06 0 0 0 0.0797673 0 0 0.0797673 0.0797673 0 0 0.0797673 0 0 0 -0.158483 0.0797673 0 -0.158483 0.0797673 0.0797673 -0.158483 0 0.0797673 -0.158483
2.40274e+06 0 0 0 0.0802999 0 0 0.0802999 0.0802999 0 0 0.0802999 0 0 0 -0.159483 0.0802999 0 -0.159483 0.0802999 0.0803 -0.159483 0 0.0802999 -0.159483
2.40248e+06 0 0 0 0.0808326 0 0 0.0808326 0.0808326 0 0 0.0808326 0 0 0 -0.160483 0.0808326 0 -0.160483 0.0808326 0.0808326 -0.160483 0 0.0808326 -0.160483
2.40277e+06 0 0 0 0.0813653 0 0 0.0813653 0.0813653 0 0 0.0813653 0 0 0 -0.161483 0.0813653 0 -0.161483 0.0813653 0.0813653 -0.161483 0 0.0813653 -0.161483
2.40248e+06 0 0 0 0.081898 0 0 0.081898 0.081898 0 0 0.081898 0 0 0 -0.162483 0.081898 0 -0.162483 0.0818981 0.0818981 -0.162483 0 0.081898 -0.162483
2.40166e+06 0 0 0 0.0824308 0 0 0.0824308 0.0824308 0 0 0.0824308 0 0 0 -0.163483 0.0824308 0 -0.163483 0.0824308 0.0824308 -0.163483 0 0.0824308 -0.163483
2.40245e+06 0 0 0 0.0829635 0 0 0.0829635 0.0829635 0 0 0.0829635 0 0 0 -0.164483 0.0829635 0 -0.164483 0.0829635 0.0829635 -0.164483 0 0.0829635 -0.164483
2.40166e+06 0 0 0 0.0834963 0 0 0.0834963 0.0834963 0 0 0.0834963 0 0 0 -0.165483 0.0834963 0 -0.165483 0.0834963 0.0834963 -0.165483 0 0.0834963 -0.165483
2.40246e+06 0 0 0 0.084029 0 0 0.084029 0.084029 0 0 0.084029 0 0 0 -0.166483 0.084029 0 -0.166483 0.084029 0.084029 -0.166483 0 0.084029 -0.166483
2.40247e+06 0 0 0 0.0845618 0 0 0.0845618 0.0845618 0 0 0.0845618 0 0 0 -0.167483 0.0845618 0 -0.167483 0.0845618 0.0845618 -0.167483 0 0.0845618 -0.167483
2.39612e+06 0 0 0 0.0850947 0 0 0.0850947 0.0850947 0 0 0.0850947 0 0 0 -0.168483 0.0850947 0 -0.168483 0.0850947 0.0850947 -0.168483 0 0.0850947 -0.168483
2.4015e+06 0 0 0 0.0856274 0 0 0.0856274 0.0856274 0 0 0.0856274 0 0 0 -0.169483 0.0856274 0 -0.169483 0.0856274 0.0856274 -0.169483 0 0.0856274 -0.169483
2.40246e+06 0 0 0 0.0861602 0 0 0.0861602 0.0861602 0 0 0.0861602 0 0 0 -0.170483 0.0861602 0 -0.170483 0.0861602 0.0861602 -0.170483 0 0.0861602 -0.170483
2.40248e+06 0 0 0 0.0866931 0 0 0.0866931 0.0866931 0 0 0.0866931 0 0 0 -0.171483 0.0866931 0 -0.171483 0.0866931 0.0866931 -0.171483 0 0.0866931 -0.171483
2.40249e+06 0 0 0 0.0872259 0 0 0.0872259 0.0872259 0 0 0.0872259 0 0 0 -0.172483 0.0872259 0 -0.172483 0.0872259 0.0872259 -0.172483 0 0.0872259 -0.172483
2.40168e+06 0 0 0 0.0877588 0 0 0.0877588 0.0877588 0 0 0.0877588 0 0 0 -0.173483 0.0877588 0 -0.173483 0.0877588 0.0877588 -0.173483 0 0.0877588 -0.173483
2.40246e+06 0 0 0 0.0882917 0 0 0.0882917 0.0882917 0 0 0.0882917 0 0 0 -0.174483 0.0882917 0 -0.174483 0.0882917 0.0882917 -0.174483 0 0.0882917 -0.174483
2.40249e+06 0 0 0 0.0888246 0 0 0.0888246 0.0888246 0 0 0.0888246 0 0 0 -0.175483 0.0888246 0 -0.175483 0.0888246 0.0888246 -0.175483 0 0.0888246 -0.175483
2.40168e+06 0 0 0 0.0893575 0 0 0.0893575 0.0893575 0 0 0.0893575 0 0 0 -0.176483 0.0893575 0 -0.176483 0.0893575 0.0893575 -0.176483 0 0.0893575 -0.176483
2.40247e+06 0 0 0 0.0898904 0 0 0.0898904 0.0898904 0 0 0.0898904 0 0 0 -0.177483 0.0898904 0 -0.177483 0.0898904 0.0898904 -0.177483 0 0.0898904 -0.177483
2.40169e+06 0 0 0 0.0904234 0 0 0.0904234 0.0904234 0 0 0.0904234 0 0 0 -0.178483 0.0904234 0 -0.178483 0.0904234 0.0904234 -0.178483 0 0.0904234 -0.178483
2.40167e+06 0 0 0 0.0909563 0 0 0.0909563 0.0909563 0 0 0.0909563 0 0 0 -0.179483 0.0909563 0 -0.179483 0.0909563 0.0909563 -0.179483 0 0.0909563 -0.179483
2.40167e+06 0 0 0 0.0914893 0 0 0.0914893 0.0914893 0 0 0.0914893 0 0 0 -0.180483 0.0914893 0 -0.180483 0.0914893 0.0914893 -0.180483 0 0.0914893 -0.180483
2.40248e+06 0 0 0 0.0920223 0 0 0.0920223 0.0920223 0 0 0.0920223 0 0 0 -0.181483 0.0920223 0 -0.181483 0.0920223 0.0920223 -0.181483 0 0.0920223 -0.181483
2.4025e+06 0 0 0 0.0925553 0 0 0.0925553 0.0925553 0 0 0.0925553 0 0 0 -0.182483 0.0925553 0 -0.182483 0.0925553 0.0925553 -0.182483 0 0.0925553 -0.182483
2.40251e+06 0 0 0 0.0930883 0 0 0.0930883 0.0930883 0 0 0.0930883 0 0 0 -0.183483 0.0930883 0 -0.183483 0.0930883 0.0930883 -0.183483 0 0.0930883 -0.183483
2.40279e+06 0 0 0 0.0936214 0 0 0.0936214 0.0936214 0 0 0.0936214 0 0 0 -0.184483 0.0936214 0 -0.184483 0.0936214 0.0936214 -0.184483 0 0.0936214 -0.184483
2.40171e+06 0 0 0 0.0941545 0 0 0.0941545 0.0941545 0 0 0.0941545 0 0 0 -0.185483 0.0941545 0 -0.185483 0.0941545 0.0941545 -0.185483 0 0.0941545 -0.185483
2.40249e+06 0 0 0 0.0946875 0 0 0.0946875 0.0946875 0 0 0.0946875 0 0 0 -0.186483 0.0946875 0 -0.186483 0.0946875 0.0946875 -0.186483 0 0.0946875 -0.186483
2.4028e+06 0 0 0 0.0952206 0 0 0.0952206 0.0952206 0 0 0.0952206 0 0 0 -0.187483 0.0952206 0 -0.187483 0.0952206 0.0952206 -0.187483 0 0.0952206 -0.187483
2.40254e+06 0 0 0 0.0957537 0 0 0.0957537 0.0957537 0 0 0.0957537 0 0 0 -0.188483 0.0957537 0 -0.188483 0.0957537 0.0957537 -0.188483 0 0.0957537 -0.188483
2.40171e+06 0 0 0 0.0962869 0 0 0.0962869 0.0962869 0 0 0.0962869 0 0 0 -0.189483 0.0962869 0 -0.189483 0.0962869 0.0962869 -0.189483 0 0.0962869 -0.189483
2.40169e+06 0 0 0 0.09682 0 0 0.09682 0.09682 0 0 0.09682 0 0 0 -0.190483 0.09682 0 -0.190483 0.09682 0.09682 -0.190483 0 0.09682 -0.190483
2.40252e+06 0 0 0 0.0973532 0 0 0.0973532 0.0973532 0 0 0.0973532 0 0 0 -0.191483 0.0973532 0 -0.191483 0.0973532 0.0973532 -0.191483 0 0.0973532 -0.191483
2.40254e+06 0 0 0 0.0978864 0 0 0.0978864 0.0978864 0 0 0.0978864 0 0 0 -0.192483 0.0978864 0 -0.192483 0.0978864 0.0978864 -0.192483 0 0.0978864 -0.192483
2.40158e+06 0 0 0 0.0984196 0 0 0.0984196 0.0984196 0 0 0.0984196 0 0 0 -0.193483 0.0984196 0 -0.193483 0.0984196 0.0984196 -0.193483 0 0.0984196 -0.193483
2.40252e+06 0 0 0 0.0989528 0 0 0.0989528 0.0989528 0 0 0.0989528 0 0 0 -0.194483 0.0989528 0 -0.194483 0.0989528 0.0989528 -0.194483 0 0.0989528 -0.194483
2.40283e+06 0 0 0 0.0994861 0 0 0.0994861 0.0994861 0 0 0.0994861 0 0 0 -0.195483 0.0994861 0 -0.195483 0.0994861 0.0994861 -0.195483 0 0.0994861 -0.195483
2.40174e+06 0 0 0 0.100019 0 0 0.100019 0.100019 0 0 0.100019 0 0 0 -0.196483 0.100019 0 -0.196483 0.100019 0.100019 -0.196483 0 0.100019 -0.196483
2.40171e+06 0 0 0 0.100553 0 0 0.100553 0.100553 0 0 0.100553 0 0 0 -0.197483 0.100553 0 -0.197483 0.100553 0.100553 -0.197483 0 0.100553 -0.197483
2.40252e+06 0 0 0 0.101086 0 0 0.101086 0.101086 0 0 0.101086 0 0 0 -0.198483 0.101086 0 -0.198483 0.101086 0.101086 -0.198483 0 0.101086 -0.198483
2.40174e+06 0 0 0 0.101619 0 0 0.101619 0.101619 0 0 0.101619 0 0 0 -0.199483 0.101619 0 -0.199483 0.101619 0.101619 -0.199483 0 0.101619 -0.199483
2.40172e+06 0 0 0 0.102153 0 0 0.102153 0.102153 0 0 0.102153 0 0 0 -0.200483 0.102153 0 -0.200483 0.102153 0.102153 -0.200483 0 0.102153 -0.200483
2.40254e+06 0 0 0 0.102686 0 0 0.102686 0.102686 0 0 0.102686 0 0 0 -0.201483 0.102686 0 -0.201483 0.102686 0.102686 -0.201483 0 0.102686 -0.201483
