1 0 0 0 -0.000552059 0 0 -0.000552059 -0.000552059 0 0 -0.000552059 0 0 0 -0.000552059 -0.000552059 0 -0.000552059 -0.000552059 -0.000552059 -0.000552059 0 -0.000552059 -0.000552059
2 0 0 0 -0.000552059 0 0 -0.000552059 -0.000552059 0 0 -0.000552059 0 0 0 -0.000552059 -0.000552059 0 -0.000552059 -0.000552059 -0.000552059 -0.000552059 0 -0.000552059 -0.000552059
240399 0 0 0 -0.000219831 0 0 -0.000219831 -0.000219831 0 0 -0.000219831 0 0 0 -0.00155206 -0.000219831 0 -0.00155206 -0.000219831 -0.000219831 -0.00155206 0 -0.000219831 -0.00155206
510640 0 0 0 0.000176248 0 0 0.00017654 0.000176246 0 0 0.000176541 0 0 0 -0.00255206 0.000176506 0 -0.00255206 0.000176378 0.000176507 -0.00255206 0 0.000176378 -0.00255206
733776 0 0 0 0.000601736 0 0 0.000601871 0.000601739 0 0 0.000601867 0 0 0 -0.00355206 0.000601881 0 -0.00355206 0.000601777 0.000601853 -0.00355206 0 0.000601806 -0.00355206
912839 0 0 0 0.00104486 0 0 0.001045 0.00104486 0 0 0.001045 0 0 0 -0.00455206 0.00104511 0 -0.00455206 0.00104485 0.00104509 -0.00455206 0 0.00104487 -0.00455206
1.03227e+06 0 0 0 0.0015037 0 0 0.00150383 0.00150371 0 0 0.00150382 0 0 0 -0.00555206 0.0015039 0 -0.00555206 0.00150371 0.00150384 -0.00555206 0 0.00150377 -0.00555206
1.13586e+06 0 0 0 0.00197239 0 0 0.0019725 0.00197239 0 0 0.0019725 0 0 0 -0.00655206 0.00197255 0 -0.00655206 0.00197239 0.00197252 -0.00655206 0 0.00197243 -0.00655206
1.22173e+06 0 0 0 0.00244479 0 0 0.0024449 0.00244479 0 0 0.00244489 0 0 0 -0.00755206 0.00244494 0 -0.00755206 0.00244479 0.00244491 -0.00755206 0 0.00244482 -0.00755206
1.26099e+06 0 0 0 0.00292639 0 0 0.00292649 0.00292639 0 0 0.00292649 0 0 0 -0.00855206 0.00292653 0 -0.00855206 0.00292639 0.0029265 -0.00855206 0 0.00292642 -0.00855206
1.30515e+06 0 0 0 0.00341558 0 0 0.00341568 0.00341558 0 0 0.00341567 0 0 0 -0.00955206 0.00341572 0 -0.00955206 0.00341557 0.00341569 -0.00955206 0 0.0034156 -0.00955206
1.35194e+06 0 0 0 0.00390607 0 0 0.00390617 0.00390608 0 0 0.00390616 0 0 0 -0.0105521 0.0039062 0 -0.0105521 0.00390607 0.00390617 -0.0105521 0 0.0039061 -0.0105521
1.40325e+06 0 0 0 0.00439823 0 0 0.00439832 0.00439824 0 0 0.00439831 0 0 0 -0.0115521 0.00439835 0 -0.0115521 0.00439823 0.00439832 -0.0115521 0 0.00439825 -0.0115521
1.45082e+06 0 0 0 0.00489241 0 0 0.0048925 0.00489242 0 0 0.00489249 0 0 0 -0.0125521 0.00489253 0 -0.0125521 0.00489241 0.0048925 -0.0125521 0 0.00489244 -0.0125521
1.44682e+06 0 0 0 0.00540054 0 0 0.00540062 0.00540054 0 0 0.00540061 0 0 0 -0.0135521 0.00540064 0 -0.0135521 0.00540053 0.00540062 -0.0135521 0 0.00540056 -0.0135521
1.45642e+06 0 0 0 0.00590993 0 0 0.00591001 0.00590994 0 0 0.00591001 0 0 0 -0.0145521 0.00591004 0 -0.0145521 0.00590993 0.00591001 -0.0145521 0 0.00590995 -0.0145521
1.46997e+06 0 0 0 0.00642005 0 0 0.00642013 0.00642006 0 0 0.00642012 0 0 0 -0.0155521 0.00642015 0 -0.0155521 0.00642005 0.00642013 -0.0155521 0 0.00642007 -0.0155521
1.48207e+06 0 0 0 0.00693092 0 0 0.00693099 0.00693093 0 0 0.00693099 0 0 0 -0.0165521 0.00693101 0 -0.0165521 0.00693092 0.00693099 -0.0165521 0 0.00693094 -0.0165521
1.49005e+06 0 0 0 0.00744257 0 0 0.00744264 0.00744258 0 0 0.00744263 0 0 0 -0.0175521 0.00744266 0 -0.0175521 0.00744256 0.00744263 -0.0175521 0 0.00744258 -0.0175521
1.50378e+06 0 0 0 0.007955 0 0 0.00795506 0.007955 0 0 0.00795506 0 0 0 -0.0185521 0.00795508 0 -0.0185521 0.00795499 0.00795506 -0.0185521 0 0.00795501 -0.0185521
1.51895e+06 0 0 0 0.00846824 0 0 0.00846831 0.00846825 0 0 0.0084683 0 0 0 -0.0195521 0.00846832 0 -0.0195521 0.00846824 0.0084683 -0.0195521 0 0.00846826 -0.0195521
1.52987e+06 0 0 0 0.00898233 0 0 0.0089824 0.00898234 0 0 0.00898239 0 0 0 -0.0205521 0.00898241 0 -0.0205521 0.00898233 0.00898239 -0.0205521 0 0.00898235 -0.0205521
1.54256e+06 0 0 0 0.00949728 0 0 0.00949734 0.00949729 0 0 0.00949734 0 0 0 -0.0215521 0.00949736 0 -0.0215521 0.00949728 0.00949734 -0.0215521 0 0.0094973 -0.0215521
1.54948e+06 0 0 0 0.0100131 0 0 0.0100132 0.0100131 0 0 0.0100132 0 0 0 -0.0225521 0.0100132 0 -0.0225521 0.0100131 0.0100132 -0.0225521 0 0.0100132 -0.0225521
1.57025e+06 0 0 0 0.0105299 0 0 0.0105299 0.0105299 0 0 0.0105299 0 0 0 -0.0235521 0.0105299 0 -0.0235521 0.0105299 0.0105299 -0.0235521 0 0.0105299 -0.0235521
1.58384e+06 0 0 0 0.0110475 0 0 0.0110476 0.0110475 0 0 0.0110476 0 0 0 -0.0245521 0.0110476 0 -0.0245521 0.0110475 0.0110476 -0.0245521 0 0.0110475 -0.0245521
1.57283e+06 0 0 0 0.0115663 0 0 0.0115663 0.0115663 0 0 0.0115663 0 0 0 -0.0255521 0.0115664 0 -0.0255521 0.0115663 0.0115663 -0.0255521 0 0.0115663 -0.0255521
1.58654e+06 0 0 0 0.0120859 0 0 0.012086 0.0120859 0 0 0.012086 0 0 0 -0.0265521 0.012086 0 -0.0265521 0.0120859 0.012086 -0.0265521 0 0.0120859 -0.0265521
1.60005e+06 0 0 0 0.0126065 0 0 0.0126066 0.0126065 0 0 0.0126066 0 0 0 -0.0275521 0.0126066 0 -0.0275521 0.0126065 0.0126066 -0.0275521 0 0.0126066 -0.0275521
1.61372e+06 0 0 0 0.0131282 0 0 0.0131282 0.0131282 0 0 0.0131282 0 0 0 -0.0285521 0.0131283 0 -0.0285521 0.0131282 0.0131282 -0.0285521 0 0.0131282 -0.0285521
1.62647e+06 0 0 0 0.0136509 0 0 0.013651 0.0136509 0 0 0.0136509 0 0 0 -0.0295521 0.013651 0 -0.0295521 0.0136509 0.0136509 -0.0295521 0 0.0136509 -0.0295521
1.64157e+06 0 0 0 0.0141747 0 0 0.0141747 0.0141747 0 0 0.0141747 0 0 0 -0.0305521 0.0141747 0 -0.0305521 0.0141747 0.0141747 -0.0305521 0 0.0141747 -0.0305521
1.6546e+06 0 0 0 0.0146996 0 0 0.0146996 0.0146996 0 0 0.0146996 0 0 0 -0.0315521 0.0146996 0 -0.0315521 0.0146996 0.0146996 -0.0315521 0 0.0146996 -0.0315521
1.66893e+06 0 0 0 0.0152256 0 0 0.0152256 0.0152256 0 0 0.0152256 0 0 0 -0.0325521 0.0152256 0 -0.0325521 0.0152256 0.0152256 -0.0325521 0 0.0152256 -0.0325521
1.67693e+06 0 0 0 0.0157549 0 0 0.0157549 0.0157549 0 0 0.0157549 0 0 0 -0.0335521 0.0157549 0 -0.0335521 0.0157549 0.0157549 -0.0335521 0 0.0157549 -0.0335521
1.67801e+06 0 0 0 0.016287 0 0 0.016287 0.016287 0 0 0.016287 0 0 0 -0.0345521 0.016287 0 -0.0345521 0.016287 0.016287 -0.0345521 0 0.016287 -0.0345521
1.68044e+06 0 0 0 0.016819 0 0 0.0168191 0.016819 0 0 0.0168191 0 0 0 -0.0355521 0.0168191 0 -0.0355521 0.016819 0.0168191 -0.0355521 0 0.016819 -0.0355521
1.68051e+06 0 0 0 0.0173511 0 0 0.0173512 0.0173511 0 0 0.0173511 0 0 0 -0.0365521 0.0173512 0 -0.0365521 0.0173511 0.0173511 -0.0365521 0 0.0173511 -0.0365521
1.68051e+06 0 0 0 0.0178832 0 0 0.0178832 0.0178832 0 0 0.0178832 0 0 0 -0.0375521 0.0178832 0 -0.0375521 0.0178832 0.0178832 -0.0375521 0 0.0178832 -0.0375521
1.68051e+06 0 0 0 0.0184153 0 0 0.0184153 0.0184153 0 0 0.0184153 0 0 0 -0.0385521 0.0184153 0 -0.0385521 0.0184153 0.0184153 -0.0385521 0 0.0184153 -0.0385521
1.67918e+06 0 0 0 0.0189473 0 0 0.0189474 0.0189473 0 0 0.0189474 0 0 0 -0.0395521 0.0189474 0 -0.0395521 0.0189473 0.0189474 -0.0395521 0 0.0189474 -0.0395521
1.67914e+06 0 0 0 0.0194794 0 0 0.0194795 0.0194794 0 0 0.0194795 0 0 0 -0.0405521 0.0194795 0 -0.0405521 0.0194794 0.0194795 -0.0405521 0 0.0194794 -0.0405521
1.6782e+06 0 0 0 0.0200115 0 0 0.0200115 0.0200115 0 0 0.0200115 0 0 0 -0.0415521 0.0200116 0 -0.0415521 0.0200115 0.0200115 -0.0415521 0 0.0200115 -0.0415521
1.67594e+06 0 0 0 0.0205436 0 0 0.0205436 0.0205436 0 0 0.0205436 0 0 0 -0.0425521 0.0205436 0 -0.0425521 0.0205436 0.0205436 -0.0425521 0 0.0205436 -0.0425521
1.68039e+06 0 0 0 0.0210756 0 0 0.0210757 0.0210757 0 0 0.0210757 0 0 0 -0.0435521 0.0210757 0 -0.0435521 0.0210756 0.0210757 -0.0435521 0 0.0210757 -0.0435521
1.67922e+06 0 0 0 0.0216077 0 0 0.0216078 0.0216077 0 0 0.0216078 0 0 0 -0.0445521 0.0216078 0 -0.0445521 0.0216077 0.0216078 -0.0445521 0 0.0216078 -0.0445521
1.68048e+06 0 0 0 0.0221398 0 0 0.0221399 0.0221398 0 0 0.0221399 0 0 0 -0.0455521 0.0221399 0 -0.0455521 0.0221398 0.0221399 -0.0455521 0 0.0221398 -0.0455521
1.68051e+06 0 0 0 0.0226719 0 0 0.0226719 0.0226719 0 0 0.0226719 0 0 0 -0.0465521 0.022672 0 -0.0465521 0.0226719 0.0226719 -0.0465521 0 0.0226719 -0.0465521
1.67918e+06 0 0 0 0.023204 0 0 0.023204 0.023204 0 0 0.023204 0 0 0 -0.0475521 0.023204 0 -0.0475521 0.023204 0.023204 -0.0475521 0 0.023204 -0.0475521
1.67915e+06 0 0 0 0.0237361 0 0 0.0237361 0.0237361 0 0 0.0237361 0 0 0 -0.0485521 0.0237361 0 -0.0485521 0.0237361 0.0237361 -0.0485521 0 0.0237361 -0.0485521
1.67919e+06 0 0 0 0.0242682 0 0 0.0242682 0.0242682 0 0 0.0242682 0 0 0 -0.0495521 0.0242682 0 -0.0495521 0.0242682 0.0242682 -0.0495521 0 0.0242682 -0.0495521
1.6782e+06 0 0 0 0.0248002 0 0 0.0248003 0.0248002 0 0 0.0248003 0 0 0 -0.0505521 0.0248003 0 -0.0505521 0.0248002 0.0248003 -0.0505521 0 0.0248003 -0.0505521
1.68045e+06 0 0 0 0.0253323 0 0 0.0253324 0.0253323 0 0 0.0253324 0 0 0 -0.0515521 0.0253324 0 -0.0515521 0.0253323 0.0253324 -0.0515521 0 0.0253323 -0.0515521
1.6794e+06 0 0 0 0.0258644 0 0 0.0258645 0.0258644 0 0 0.0258645 0 0 0 -0.0525521 0.0258645 0 -0.0525521 0.0258644 0.0258645 -0.0525521 0 0.0258644 -0.0525521
1.67937e+06 0 0 0 0.0263965 0 0 0.0263966 0.0263965 0 0 0.0263965 0 0 0 -0.0535521 0.0263966 0 -0.0535521 0.0263965 0.0263965 -0.0535521 0 0.0263965 -0.0535521
1.68048e+06 0 0 0 0.0269286 0 0 0.0269286 0.0269286 0 0 0.0269286 0 0 0 -0.0545521 0.0269287 0 -0.0545521 0.0269286 0.0269286 -0.0545521 0 0.0269286 -0.0545521
1.6794e+06 0 0 0 0.0274607 0 0 0.0274607 0.0274607 0 0 0.0274607 0 0 0 -0.0555521 0.0274607 0 -0.0555521 0.0274607 0.0274607 -0.0555521 0 0.0274607 -0.0555521
1.67915e+06 0 0 0 0.0279928 0 0 0.0279928 0.0279928 0 0 0.0279928 0 0 0 -0.0565521 0.0279928 0 -0.0565521 0.0279928 0.0279928 -0.0565521 0 0.0279928 -0.0565521
1.68048e+06 0 0 0 0.0285249 0 0 0.0285249 0.0285249 0 0 0.0285249 0 0 0 -0.0575521 0.0285249 0 -0.0575521 0.0285249 0.0285249 -0.0575521 0 0.0285249 -0.0575521
1.6794e+06 0 0 0 0.029057 0 0 0.029057 0.029057 0 0 0.029057 0 0 0 -0.0585521 0.029057 0 -0.0585521 0.029057 0.029057 -0.0585521 0 0.029057 -0.0585521
1.67937e+06 0 0 0 0.0295891 0 0 0.0295891 0.0295891 0 0 0.0295891 0 0 0 -0.0595521 0.0295891 0 -0.0595521 0.0295891 0.0295891 -0.0595521 0 0.0295891 -0.0595521
1.67937e+06 0 0 0 0.0301212 0 0 0.0301212 0.0301212 0 0 0.0301212 0 0 0 -0.0605521 0.0301212 0 -0.0605521 0.0301212 0.0301212 -0.0605521 0 0.0301212 -0.0605521
1.6792e+06 0 0 0 0.0306533 0 0 0.0306533 0.0306533 0 0 0.0306533 0 0 0 -0.0615521 0.0306533 0 -0.0615521 0.0306533 0.0306533 -0.0615521 0 0.0306533 -0.0615521
1.68048e+06 0 0 0 0.0311854 0 0 0.0311854 0.0311854 0 0 0.0311854 0 0 0 -0.0625521 0.0311854 0 -0.0625521 0.0311854 0.0311854 -0.0625521 0 0.0311854 -0.0625521
1.68052e+06 0 0 0 0.0317175 0 0 0.0317175 0.0317175 0 0 0.0317175 0 0 0 -0.0635521 0.0317175 0 -0.0635521 0.0317175 0.0317175 -0.0635521 0 0.0317175 -0.0635521
1.6794e+06 0 0 0 0.0322496 0 0 0.0322496 0.0322496 0 0 0.0322496 0 0 0 -0.0645521 0.0322497 0 -0.0645521 0.0322496 0.0322496 -0.0645521 0 0.0322496 -0.0645521
1.67827e+06 0 0 0 0.0327817 0 0 0.0327818 0.0327817 0 0 0.0327817 0 0 0 -0.0655521 0.0327818 0 -0.0655521 0.0327817 0.0327818 -0.0655521 0 0.0327817 -0.0655521
1.68046e+06 0 0 0 0.0333138 0 0 0.0333139 0.0333138 0 0 0.0333139 0 0 0 -0.0665521 0.0333139 0 -0.0665521 0.0333138 0.0333139 -0.0665521 0 0.0333138 -0.0665521
1.67811e+06 0 0 0 0.0338459 0 0 0.033846 0.0338459 0 0 0.033846 0 0 0 -0.0675521 0.033846 0 -0.0675521 0.0338459 0.033846 -0.0675521 0 0.0338459 -0.0675521
1.68045e+06 0 0 0 0.034378 0 0 0.0343781 0.034378 0 0 0.0343781 0 0 0 -0.0685521 0.0343781 0 -0.0685521 0.034378 0.0343781 -0.0685521 0 0.0343781 -0.0685521
1.6794e+06 0 0 0 0.0349102 0 0 0.0349102 0.0349102 0 0 0.0349102 0 0 0 -0.0695521 0.0349102 0 -0.0695521 0.0349102 0.0349102 -0.0695521 0 0.0349102 -0.0695521
1.67809e+06 0 0 0 0.0354423 0 0 0.0354423 0.0354423 0 0 0.0354423 0 0 0 -0.0705521 0.0354423 0 -0.0705521 0.0354423 0.0354423 -0.0705521 0 0.0354423 -0.0705521
1.67913e+06 0 0 0 0.0359744 0 0 0.0359745 0.0359744 0 0 0.0359745 0 0 0 -0.0715521 0.0359745 0 -0.0715521 0.0359744 0.0359745 -0.0715521 0 0.0359744 -0.0715521
1.67937e+06 0 0 0 0.0365065 0 0 0.0365066 0.0365065 0 0 0.0365066 0 0 0 -0.0725521 0.0365066 0 -0.0725521 0.0365065 0.0365066 -0.0725521 0 0.0365066 -0.0725521
1.68049e+06 0 0 0 0.0370387 0 0 0.0370387 0.0370387 0 0 0.0370387 0 0 0 -0.0735521 0.0370387 0 -0.0735521 0.0370387 0.0370387 -0.0735521 0 0.0370387 -0.0735521
1.68052e+06 0 0 0 0.0375708 0 0 0.0375708 0.0375708 0 0 0.0375708 0 0 0 -0.0745521 0.0375708 0 -0.0745521 0.0375708 0.0375708 -0.0745521 0 0.0375708 -0.0745521
1.67923e+06 0 0 0 0.0381029 0 0 0.038103 0.0381029 0 0 0.038103 0 0 0 -0.0755521 0.038103 0 -0.0755521 0.0381029 0.038103 -0.0755521 0 0.0381029 -0.0755521
1.68049e+06 0 0 0 0.0386351 0 0 0.0386351 0.0386351 0 0 0.0386351 0 0 0 -0.0765521 0.0386351 0 -0.0765521 0.0386351 0.0386351 -0.0765521 0 0.0386351 -0.0765521
1.67919e+06 0 0 0 0.0391672 0 0 0.0391672 0.0391672 0 0 0.0391672 0 0 0 -0.0775521 0.0391673 0 -0.0775521 0.0391672 0.0391672 -0.0775521 0 0.0391672 -0.0775521
1.67938e+06 0 0 0 0.0396993 0 0 0.0396994 0.0396993 0 0 0.0396994 0 0 0 -0.0785521 0.0396994 0 -0.0785521 0.0396993 0.0396994 -0.0785521 0 0.0396994 -0.0785521
1.67921e+06 0 0 0 0.0402315 0 0 0.0402315 0.0402315 0 0 0.0402315 0 0 0 -0.0795521 0.0402315 0 -0.0795521 0.0402315 0.0402315 -0.0795521 0 0.0402315 -0.0795521
1.67916e+06 0 0 0 0.0407636 0 0 0.0407637 0.0407636 0 0 0.0407637 0 0 0 -0.0805521 0.0407637 0 -0.0805521 0.0407636 0.0407637 -0.0805521 0 0.0407637 -0.0805521
1.67461e+06 0 0 0 0.0412958 0 0 0.0412959 0.0412958 0 0 0.0412959 0 0 0 -0.0815521 0.0412959 0 -0.0815521 0.0412958 0.0412959 -0.0815521 0 0.0412958 -0.0815521
1.68037e+06 0 0 0 0.0418279 0 0 0.041828 0.0418279 0 0 0.041828 0 0 0 -0.0825521 0.041828 0 -0.0825521 0.0418279 0.041828 -0.0825521 0 0.041828 -0.0825521
1.67941e+06 0 0 0 0.0423601 0 0 0.0423601 0.0423601 0 0 0.0423601 0 0 0 -0.0835521 0.0423602 0 -0.0835521 0.0423601 0.0423601 -0.0835521 0 0.0423601 -0.0835521
1.6805e+06 0 0 0 0.0428923 0 0 0.0428923 0.0428923 0 0 0.0428923 0 0 0 -0.0845521 0.0428923 0 -0.0845521 0.0428923 0.0428923 -0.0845521 0 0.0428923 -0.0845521
1.67813e+06 0 0 0 0.0434244 0 0 0.0434245 0.0434244 0 0 0.0434245 0 0 0 -0.0855521 0.0434245 0 -0.0855521 0.0434244 0.0434245 -0.0855521 0 0.0434244 -0.0855521
1.67935e+06 0 0 0 0.0439566 0 0 0.0439566 0.0439566 0 0 0.0439566 0 0 0 -0.0865521 0.0439567 0 -0.0865521 0.0439566 0.0439566 -0.0865521 0 0.0439566 -0.0865521
1.67939e+06 0 0 0 0.0444888 0 0 0.0444888 0.0444888 0 0 0.0444888 0 0 0 -0.0875521 0.0444888 0 -0.0875521 0.0444888 0.0444888 -0.0875521 0 0.0444888 -0.0875521
1.67863e+06 0 0 0 0.0450209 0 0 0.045021 0.045021 0 0 0.045021 0 0 0 -0.0885521 0.045021 0 -0.0885521 0.045021 0.045021 -0.0885521 0 0.045021 -0.0885521
1.67597e+06 0 0 0 0.0455531 0 0 0.0455532 0.0455531 0 0 0.0455532 0 0 0 -0.0895521 0.0455532 0 -0.0895521 0.0455531 0.0455532 -0.0895521 0 0.0455532 -0.0895521
1.67912e+06 0 0 0 0.0460853 0 0 0.0460854 0.0460853 0 0 0.0460854 0 0 0 -0.0905521 0.0460854 0 -0.0905521 0.0460853 0.0460854 -0.0905521 0 0.0460853 -0.0905521
1.6805e+06 0 0 0 0.0466175 0 0 0.0466175 0.0466175 0 0 0.0466175 0 0 0 -0.0915521 0.0466175 0 -0.0915521 0.0466175 0.0466175 -0.0915521 0 0.0466175 -0.0915521
1.67739e+06 0 0 0 0.0471497 0 0 0.0471497 0.0471497 0 0 0.0471497 0 0 0 -0.0925521 0.0471498 0 -0.0925521 0.0471497 0.0471497 -0.0925521 0 0.0471497 -0.0925521
1.67934e+06 0 0 0 0.0476819 0 0 0.0476819 0.0476819 0 0 0.0476819 0 0 0 -0.0935521 0.0476819 0 -0.0935521 0.0476819 0.0476819 -0.0935521 0 0.0476819 -0.0935521
1.67789e+06 0 0 0 0.0482141 0 0 0.0482141 0.0482141 0 0 0.0482141 0 0 0 -0.0945521 0.0482141 0 -0.0945521 0.0482141 0.0482141 -0.0945521 0 0.0482141 -0.0945521
1.67918e+06 0 0 0 0.0487463 0 0 0.0487463 0.0487463 0 0 0.0487463 0 0 0 -0.0955521 0.0487464 0 -0.0955521 0.0487463 0.0487463 -0.0955521 0 0.0487463 -0.0955521
1.67939e+06 0 0 0 0.0492785 0 0 0.0492785 0.0492785 0 0 0.0492785 0 0 0 -0.0965521 0.0492786 0 -0.0965521 0.0492785 0.0492785 -0.0965521 0 0.0492785 -0.0965521
1.6794e+06 0 0 0 0.0498107 0 0 0.0498108 0.0498107 0 0 0.0498108 0 0 0 -0.0975521 0.0498108 0 -0.0975521 0.0498107 0.0498108 -0.0975521 0 0.0498107 -0.0975521
1.67864e+06 0 0 0 0.0503429 0 0 0.050343 0.0503429 0 0 0.050343 0 0 0 -0.0985521 0.050343 0 -0.0985521 0.0503429 0.050343 -0.0985521 0 0.050343 -0.0985521
1.68049e+06 0 0 0 0.0508752 0 0 0.0508752 0.0508752 0 0 0.0508752 0 0 0 -0.0995521 0.0508752 0 -0.0995521 0.0508752 0.0508752 -0.0995521 0 0.0508752 -0.0995521
1.67943e+06 0 0 0 0.0514074 0 0 0.0514074 0.0514074 0 0 0.0514074 0 0 0 -0.100552 0.0514075 0 -0.100552 0.0514074 0.0514074 -0.100552 0 0.0514074 -0.100552
1.67919e+06 0 0 0 0.0519396 0 0 0.0519397 0.0519396 0 0 0.0519397 0 0 0 -0.101552 0.0519397 0 -0.101552 0.0519396 0.0519397 -0.101552 0 0.0519397 -0.101552
1.67922e+06 0 0 0 0.0524719 0 0 0.0524719 0.0524719 0 0 0.0524719 0 0 0 -0.102552 0.0524719 0 -0.102552 0.0524719 0.0524719 -0.102552 0 0.0524719 -0.102552
1.68051e+06 0 0 0 0.0530041 0 0 0.0530042 0.0530041 0 0 0.0530042 0 0 0 -0.103552 0.0530042 0 -0.103552 0.0530041 0.0530042 -0.103552 0 0.0530041 -0.103552
1.67944e+06 0 0 0 0.0535364 0 0 0.0535364 0.0535364 0 0 0.0535364 0 0 0 -0.104552 0.0535364 0 -0.104552 0.0535364 0.0535364 -0.104552 0 0.0535364 -0.104552
1.67941e+06 0 0 0 0.0540686 0 0 0.0540687 0.0540686 0 0 0.0540687 0 0 0 -0.105552 0.0540687 0 -0.105552 0.0540686 0.0540687 -0.105552 0 0.0540686 -0.105552
1.67919e+06 0 0 0 0.0546009 0 0 0.0546009 0.0546009 0 0 0.0546009 0 0 0 -0.106552 0.0546009 0 -0.106552 0.0546009 0.0546009 -0.106552 0 0.0546009 -0.106552
1.67919e+06 0 0 0 0.0551332 0 0 0.0551332 0.0551332 0 0 0.0551332 0 0 0 -0.107552 0.0551332 0 -0.107552 0.0551332 0.0551332 -0.107552 0 0.0551332 -0.107552
1.67923e+06 0 0 0 0.0556654 0 0 0.0556655 0.0556654 0 0 0.0556655 0 0 0 -0.108552 0.0556655 0 -0.108552 0.0556654 0.0556655 -0.108552 0 0.0556655 -0.108552
1.6783e+06 0 0 0 0.0561977 0 0 0.0561978 0.0561977 0 0 0.0561978 0 0 0 -0.109552 0.0561978 0 -0.109552 0.0561977 0.0561978 -0.109552 0 0.0561977 -0.109552
1.67938e+06 0 0 0 0.05673 0 0 0.05673 0.05673 0 0 0.05673 0 0 0 -0.110552 0.0567301 0 -0.110552 0.05673 0.0567301 -0.110552 0 0.05673 -0.110552
1.6792e+06 0 0 0 0.0572623 0 0 0.0572623 0.0572623 0 0 0.0572623 0 0 0 -0.111552 0.0572624 0 -0.111552 0.0572623 0.0572623 -0.111552 0 0.0572623 -0.111552
1.68053e+06 0 0 0 0.0577946 0 0 0.0577946 0.0577946 0 0 0.0577946 0 0 0 -0.112552 0.0577947 0 -0.112552 0.0577946 0.0577946 -0.112552 0 0.0577946 -0.112552
1.68056e+06 0 0 0 0.0583269 0 0 0.0583269 0.0583269 0 0 0.0583269 0 0 0 -0.113552 0.058327 0 -0.113552 0.0583269 0.0583269 -0.113552 0 0.0583269 -0.113552
1.68056e+06 0 0 0 0.0588592 0 0 0.0588593 0.0588592 0 0 0.0588593 0 0 0 -0.114552 0.0588593 0 -0.114552 0.0588592 0.0588593 -0.114552 0 0.0588592 -0.114552
1.67816e+06 0 0 0 0.0593915 0 0 0.0593916 0.0593915 0 0 0.0593916 0 0 0 -0.115552 0.0593916 0 -0.115552 0.0593916 0.0593916 -0.115552 0 0.0593916 -0.115552
1.67855e+06 0 0 0 0.0599239 0 0 0.0599239 0.0599239 0 0 0.0599239 0 0 0 -0.116552 0.0599239 0 -0.116552 0.0599239 0.0599239 -0.116552 0 0.0599239 -0.116552
1.68052e+06 0 0 0 0.0604562 0 0 0.0604562 0.0604562 0 0 0.0604562 0 0 0 -0.117552 0.0604563 0 -0.117552 0.0604562 0.0604562 -0.117552 0 0.0604562 -0.117552
1.68057e+06 0 0 0 0.0609885 0 0 0.0609886 0.0609885 0 0 0.0609886 0 0 0 -0.118552 0.0609886 0 -0.118552 0.0609885 0.0609886 -0.118552 0 0.0609886 -0.118552
1.68057e+06 0 0 0 0.0615209 0 0 0.0615209 0.0615209 0 0 0.0615209 0 0 0 -0.119552 0.0615209 0 -0.119552 0.0615209 0.0615209 -0.119552 0 0.0615209 -0.119552
1.67946e+06 0 0 0 0.0620533 0 0 0.0620533 0.0620533 0 0 0.0620533 0 0 0 -0.120552 0.0620533 0 -0.120552 0.0620533 0.0620533 -0.120552 0 0.0620533 -0.120552
1.68055e+06 0 0 0 0.0625856 0 0 0.0625857 0.0625856 0 0 0.0625857 0 0 0 -0.121552 0.0625857 0 -0.121552 0.0625856 0.0625857 -0.121552 0 0.0625856 -0.121552
1.67946e+06 0 0 0 0.063118 0 0 0.063118 0.063118 0 0 0.063118 0 0 0 -0.122552 0.063118 0 -0.122552 0.063118 0.063118 -0.122552 0 0.063118 -0.122552
1.68055e+06 0 0 0 0.0636504 0 0 0.0636504 0.0636504 0 0 0.0636504 0 0 0 -0.123552 0.0636504 0 -0.123552 0.0636504 0.0636504 -0.123552 0 0.0636504 -0.123552
1.67607e+06 0 0 0 0.0641828 0 0 0.0641828 0.0641828 0 0 0.0641828 0 0 0 -0.124552 0.0641828 0 -0.124552 0.0641828 0.0641828 -0.124552 0 0.0641828 -0.124552
1.67913e+06 0 0 0 0.0647152 0 0 0.0647152 0.0647152 0 0 0.0647152 0 0 0 -0.125552 0.0647152 0 -0.125552 0.0647152 0.0647152 -0.125552 0 0.0647152 -0.125552
1.67794e+06 0 0 0 0.0652476 0 0 0.0652476 0.0652476 0 0 0.0652476 0 0 0 -0.126552 0.0652476 0 -0.126552 0.0652476 0.0652476 -0.126552 0 0.0652476 -0.126552
1.6779e+06 0 0 0 0.06578 0 0 0.06578 0.06578 0 0 0.06578 0 0 0 -0.127552 0.06578 0 -0.127552 0.06578 0.06578 -0.127552 0 0.06578 -0.127552
1.68052e+06 0 0 0 0.0663124 0 0 0.0663124 0.0663124 0 0 0.0663124 0 0 0 -0.128552 0.0663124 0 -0.128552 0.0663124 0.0663124 -0.128552 0 0.0663124 -0.128552
1.67926e+06 0 0 0 0.0668448 0 0 0.0668449 0.0668448 0 0 0.0668449 0 0 0 -0.129552 0.0668449 0 -0.129552 0.0668448 0.0668449 -0.129552 0 0.0668448 -0.129552
1.67794e+06 0 0 0 0.0673773 0 0 0.0673773 0.0673773 0 0 0.0673773 0 0 0 -0.130552 0.0673773 0 -0.130552 0.0673773 0.0673773 -0.130552 0 0.0673773 -0.130552
1.67941e+06 0 0 0 0.0679097 0 0 0.0679098 0.0679097 0 0 0.0679098 0 0 0 -0.131552 0.0679098 0 -0.131552 0.0679097 0.0679098 -0.131552 0 0.0679097 -0.131552
1.68057e+06 0 0 0 0.0684422 0 0 0.0684422 0.0684422 0 0 0.0684422 0 0 0 -0.132552 0.0684422 0 -0.132552 0.0684422 0.0684422 -0.132552 0 0.0684422 -0.132552
1.6806e+06 0 0 0 0.0689746 0 0 0.0689747 0.0689746 0 0 0.0689747 0 0 0 -0.133552 0.0689747 0 -0.133552 0.0689746 0.0689747 -0.133552 0 0.0689747 -0.133552
1.67931e+06 0 0 0 0.0695071 0 0 0.0695072 0.0695071 0 0 0.0695072 0 0 0 -0.134552 0.0695072 0 -0.134552 0.0695071 0.0695072 -0.134552 0 0.0695071 -0.134552
1.67928e+06 0 0 0 0.0700396 0 0 0.0700397 0.0700396 0 0 0.0700396 0 0 0 -0.135552 0.0700397 0 -0.135552 0.0700396 0.0700397 -0.135552 0 0.0700396 -0.135552
1.67817e+06 0 0 0 0.0705721 0 0 0.0705721 0.0705721 0 0 0.0705721 0 0 0 -0.136552 0.0705722 0 -0.136552 0.0705721 0.0705721 -0.136552 0 0.0705721 -0.136552
1.67943e+06 0 0 0 0.0711046 0 0 0.0711047 0.0711046 0 0 0.0711047 0 0 0 -0.137552 0.0711047 0 -0.137552 0.0711046 0.0711047 -0.137552 0 0.0711046 -0.137552
1.68058e+06 0 0 0 0.0716371 0 0 0.0716372 0.0716371 0 0 0.0716372 0 0 0 -0.138552 0.0716372 0 -0.138552 0.0716371 0.0716372 -0.138552 0 0.0716371 -0.138552
1.67928e+06 0 0 0 0.0721697 0 0 0.0721697 0.0721697 0 0 0.0721697 0 0 0 -0.139552 0.0721697 0 -0.139552 0.0721697 0.0721697 -0.139552 0 0.0721697 -0.139552
1.67947e+06 0 0 0 0.0727022 0 0 0.0727022 0.0727022 0 0 0.0727022 0 0 0 -0.140552 0.0727022 0 -0.140552 0.0727022 0.0727022 -0.140552 0 0.0727022 -0.140552
1.68059e+06 0 0 0 0.0732347 0 0 0.0732348 0.0732347 0 0 0.0732348 0 0 0 -0.141552 0.0732348 0 -0.141552 0.0732347 0.0732348 -0.141552 0 0.0732347 -0.141552
1.67951e+06 0 0 0 0.0737673 0 0 0.0737673 0.0737673 0 0 0.0737673 0 0 0 -0.142552 0.0737674 0 -0.142552 0.0737673 0.0737673 -0.142552 0 0.0737673 -0.142552
1.68059e+06 0 0 0 0.0742999 0 0 0.0742999 0.0742999 0 0 0.0742999 0 0 0 -0.143552 0.0742999 0 -0.143552 0.0742999 0.0742999 -0.143552 0 0.0742999 -0.143552
1.68063e+06 0 0 0 0.0748324 0 0 0.0748325 0.0748324 0 0 0.0748325 0 0 0 -0.144552 0.0748325 0 -0.144552 0.0748324 0.0748325 -0.144552 0 0.0748325 -0.144552
1.67934e+06 0 0 0 0.075365 0 0 0.0753651 0.075365 0 0 0.0753651 0 0 0 -0.145552 0.0753651 0 -0.145552 0.075365 0.0753651 -0.145552 0 0.0753651 -0.145552
1.6806e+06 0 0 0 0.0758976 0 0 0.0758977 0.0758976 0 0 0.0758977 0 0 0 -0.146552 0.0758977 0 -0.146552 0.0758976 0.0758977 -0.146552 0 0.0758977 -0.146552
1.67952e+06 0 0 0 0.0764303 0 0 0.0764303 0.0764303 0 0 0.0764303 0 0 0 -0.147552 0.0764303 0 -0.147552 0.0764303 0.0764303 -0.147552 0 0.0764303 -0.147552
1.67949e+06 0 0 0 0.0769629 0 0 0.0769629 0.0769629 0 0 0.0769629 0 0 0 -0.148552 0.0769629 0 -0.148552 0.0769629 0.0769629 -0.148552 0 0.0769629 -0.148552
1.67928e+06 0 0 0 0.0774955 0 0 0.0774956 0.0774955 0 0 0.0774956 0 0 0 -0.149552 0.0774956 0 -0.149552 0.0774955 0.0774956 -0.149552 0 0.0774955 -0.149552
1.67597e+06 0 0 0 0.0780282 0 0 0.0780282 0.0780282 0 0 0.0780282 0 0 0 -0.150552 0.0780282 0 -0.150552 0.0780282 0.0780282 -0.150552 0 0.0780282 -0.150552
1.68052e+06 0 0 0 0.0785608 0 0 0.0785609 0.0785608 0 0 0.0785609 0 0 0 -0.151552 0.0785609 0 -0.151552 0.0785608 0.0785609 -0.151552 0 0.0785608 -0.151552
1.67936e+06 0 0 0 0.0790935 0 0 0.0790936 0.0790935 0 0 0.0790936 0 0 0 -0.152552 0.0790936 0 -0.152552 0.0790935 0.0790936 -0.152552 0 0.0790935 -0.152552
1.67447e+06 0 0 0 0.0796262 0 0 0.0796263 0.0796262 0 0 0.0796263 0 0 0 -0.153552 0.0796263 0 -0.153552 0.0796262 0.0796263 -0.153552 0 0.0796262 -0.153552
1.68049e+06 0 0 0 0.0801589 0 0 0.0801589 0.0801589 0 0 0.0801589 0 0 0 -0.154552 0.0801589 0 -0.154552 0.0801589 0.0801589 -0.154552 0 0.0801589 -0.154552
1.68065e+06 0 0 0 0.0806916 0 0 0.0806916 0.0806916 0 0 0.0806916 0 0 0 -0.155552 0.0806917 0 -0.155552 0.0806916 0.0806917 -0.155552 0 0.0806916 -0.155552
1.67955e+06 0 0 0 0.0812243 0 0 0.0812244 0.0812243 0 0 0.0812244 0 0 0 -0.156552 0.0812244 0 -0.156552 0.0812243 0.0812244 -0.156552 0 0.0812244 -0.156552
1.67952e+06 0 0 0 0.0817571 0 0 0.0817571 0.0817571 0 0 0.0817571 0 0 0 -0.157552 0.0817571 0 -0.157552 0.0817571 0.0817571 -0.157552 0 0.0817571 -0.157552
1.68064e+06 0 0 0 0.0822898 0 0 0.0822899 0.0822898 0 0 0.0822899 0 0 0 -0.158552 0.0822899 0 -0.158552 0.0822898 0.0822899 -0.158552 0 0.0822898 -0.158552
1.67934e+06 0 0 0 0.0828226 0 0 0.0828226 0.0828226 0 0 0.0828226 0 0 0 -0.159552 0.0828227 0 -0.159552 0.0828226 0.0828226 -0.159552 0 0.0828226 -0.159552
1.68064e+06 0 0 0 0.0833554 0 0 0.0833554 0.0833554 0 0 0.0833554 0 0 0 -0.160552 0.0833554 0 -0.160552 0.0833554 0.0833554 -0.160552 0 0.0833554 -0.160552
1.67956e+06 0 0 0 0.0838882 0 0 0.0838882 0.0838882 0 0 0.0838882 0 0 0 -0.161552 0.0838882 0 -0.161552 0.0838882 0.0838882 -0.161552 0 0.0838882 -0.161552
1.67858e+06 0 0 0 0.084421 0 0 0.084421 0.084421 0 0 0.084421 0 0 0 -0.162552 0.084421 0 -0.162552 0.084421 0.084421 -0.162552 0 0.084421 -0.162552
1.68063e+06 0 0 0 0.0849538 0 0 0.0849538 0.0849538 0 0 0.0849538 0 0 0 -0.163552 0.0849539 0 -0.163552 0.0849538 0.0849538 -0.163552 0 0.0849538 -0.163552
1.68069e+06 0 0 0 0.0854866 0 0 0.0854867 0.0854866 0 0 0.0854867 0 0 0 -0.164552 0.0854867 0 -0.164552 0.0854866 0.0854867 -0.164552 0 0.0854867 -0.164552
1.67957e+06 0 0 0 0.0860195 0 0 0.0860195 0.0860195 0 0 0.0860195 0 0 0 -0.165552 0.0860196 0 -0.165552 0.0860195 0.0860195 -0.165552 0 0.0860195 -0.165552
1.67826e+06 0 0 0 0.0865524 0 0 0.0865524 0.0865524 0 0 0.0865524 0 0 0 -0.166552 0.0865524 0 -0.166552 0.0865524 0.0865524 -0.166552 0 0.0865524 -0.166552
1.68063e+06 0 0 0 0.0870852 0 0 0.0870853 0.0870852 0 0 0.0870853 0 0 0 -0.167552 0.0870853 0 -0.167552 0.0870853 0.0870853 -0.167552 0 0.0870853 -0.167552
1.6807e+06 0 0 0 0.0876181 0 0 0.0876182 0.0876181 0 0 0.0876182 0 0 0 -0.168552 0.0876182 0 -0.168552 0.0876181 0.0876182 -0.168552 0 0.0876182 -0.168552
1.6807e+06 0 0 0 0.0881511 0 0 0.0881511 0.0881511 0 0 0.0881511 0 0 0 -0.169552 0.0881511 0 -0.169552 0.0881511 0.0881511 -0.169552 0 0.0881511 -0.169552
1.68071e+06 0 0 0 0.088684 0 0 0.088684 0.088684 0 0 0.088684 0 0 0 -0.170552 0.088684 0 -0.170552 0.088684 0.088684 -0.170552 0 0.088684 -0.170552
1.6796e+06 0 0 0 0.0892169 0 0 0.089217 0.0892169 0 0 0.089217 0 0 0 -0.171552 0.089217 0 -0.171552 0.0892169 0.089217 -0.171552 0 0.089217 -0.171552
1.68069e+06 0 0 0 0.0897499 0 0 0.0897499 0.0897499 0 0 0.0897499 0 0 0 -0.172552 0.0897499 0 -0.172552 0.0897499 0.0897499 -0.172552 0 0.0897499 -0.172552
1.68072e+06 0 0 0 0.0902829 0 0 0.0902829 0.0902829 0 0 0.0902829 0 0 0 -0.173552 0.0902829 0 -0.173552 0.0902829 0.0902829 -0.173552 0 0.0902829 -0.173552
1.68072e+06 0 0 0 0.0908159 0 0 0.0908159 0.0908159 0 0 0.0908159 0 0 0 -0.174552 0.0908159 0 -0.174552 0.0908159 0.0908159 -0.174552 0 0.0908159 -0.174552
1.67961e+06 0 0 0 0.0913489 0 0 0.0913489 0.0913489 0 0 0.0913489 0 0 0 -0.175552 0.0913489 0 -0.175552 0.0913489 0.0913489 -0.175552 0 0.0913489 -0.175552
1.67958e+06 0 0 0 0.0918819 0 0 0.0918819 0.0918819 0 0 0.0918819 0 0 0 -0.176552 0.091882 0 -0.176552 0.0918819 0.091882 -0.176552 0 0.0918819 -0.176552
1.6807e+06 0 0 0 0.0924149 0 0 0.092415 0.092415 0 0 0.092415 0 0 0 -0.177552 0.092415 0 -0.177552 0.092415 0.092415 -0.177552 0 0.092415 -0.177552
1.67962e+06 0 0 0 0.092948 0 0 0.0929481 0.092948 0 0 0.0929481 0 0 0 -0.178552 0.0929481 0 -0.178552 0.092948 0.0929481 -0.178552 0 0.092948 -0.178552
1.68071e+06 0 0 0 0.0934811 0 0 0.0934811 0.0934811 0 0 0.0934811 0 0 0 -0.179552 0.0934811 0 -0.179552 0.0934811 0.0934811 -0.179552 0 0.0934811 -0.179552
1.68075e+06 0 0 0 0.0940142 0 0 0.0940142 0.0940142 0 0 0.0940142 0 0 0 -0.180552 0.0940142 0 -0.180552 0.0940142 0.0940142 -0.180552 0 0.0940142 -0.180552
1.67963e+06 0 0 0 0.0945473 0 0 0.0945473 0.0945473 0 0 0.0945473 0 0 0 -0.181552 0.0945474 0 -0.181552 0.0945473 0.0945474 -0.181552 0 0.0945473 -0.181552
1.67906e+06 0 0 0 0.0950804 0 0 0.0950805 0.0950804 0 0 0.0950805 0 0 0 -0.182552 0.0950805 0 -0.182552 0.0950804 0.0950805 -0.182552 0 0.0950805 -0.182552
1.6796e+06 0 0 0 0.0956136 0 0 0.0956136 0.0956136 0 0 0.0956136 0 0 0 -0.183552 0.0956136 0 -0.183552 0.0956136 0.0956136 -0.183552 0 0.0956136 -0.183552
1.68073e+06 0 0 0 0.0961468 0 0 0.0961468 0.0961468 0 0 0.0961468 0 0 0 -0.184552 0.0961468 0 -0.184552 0.0961468 0.0961468 -0.184552 0 0.0961468 -0.184552
1.67948e+06 0 0 0 0.09668 0 0 0.09668 0.09668 0 0 0.09668 0 0 0 -0.185552 0.09668 0 -0.185552 0.09668 0.09668 -0.185552 0 0.09668 -0.185552
1.68074e+06 0 0 0 0.0972132 0 0 0.0972132 0.0972132 0 0 0.0972132 0 0 0 -0.186552 0.0972132 0 -0.186552 0.0972132 0.0972132 -0.186552 0 0.0972132 -0.186552
1.68078e+06 0 0 0 0.0977464 0 0 0.0977464 0.0977464 0 0 0.0977464 0 0 0 -0.187552 0.0977464 0 -0.187552 0.0977464 0.0977464 -0.187552 0 0.0977464 -0.187552
1.68078e+06 0 0 0 0.0982796 0 0 0.0982797 0.0982796 0 0 0.0982797 0 0 0 -0.188552 0.0982797 0 -0.188552 0.0982796 0.0982797 -0.188552 0 0.0982796 -0.188552
1.67967e+06 0 0 0 0.0988129 0 0 0.0988129 0.0988129 0 0 0.0988129 0 0 0 -0.189552 0.098813 0 -0.189552 0.0988129 0.0988129 -0.189552 0 0.0988129 -0.189552
1.67888e+06 0 0 0 0.0993462 0 0 0.0993462 0.0993462 0 0 0.0993462 0 0 0 -0.190552 0.0993462 0 -0.190552 0.0993462 0.0993462 -0.190552 0 0.0993462 -0.190552
1.68075e+06 0 0 0 0.0998795 0 0 0.0998795 0.0998795 0 0 0.0998795 0 0 0 -0.191552 0.0998795 0 -0.191552 0.0998795 0.0998795 -0.191552 0 0.0998795 -0.191552
1.6808e+06 0 0 0 0.100413 0 0 0.100413 0.100413 0 0 0.100413 0 0 0 -0.192552 0.100413 0 -0.192552 0.100413 0.100413 -0.192552 0 0.100413 -0.192552
1.67969e+06 0 0 0 0.100946 0 0 0.100946 0.100946 0 0 0.100946 0 0 0 -0.193552 0.100946 0 -0.193552 0.100946 0.100946 -0.193552 0 0.100946 -0.193552
1.68078e+06 0 0 0 0.10148 0 0 0.10148 0.10148 0 0 0.10148 0 0 0 -0.194552 0.10148 0 -0.194552 0.10148 0.10148 -0.194552 0 0.10148 -0.194552
1.6797e+06 0 0 0 0.102013 0 0 0.102013 0.102013 0 0 0.102013 0 0 0 -0.195552 0.102013 0 -0.195552 0.102013 0.102013 -0.195552 0 0.102013 -0.195552
1.67967e+06 0 0 0 0.102546 0 0 0.102546 0.102546 0 0 0.102546 0 0 0 -0.196552 0.102546 0 -0.196552 0.102546 0.102546 -0.196552 0 0.102546 -0.196552
1.67968e+06 0 0 0 0.10308 0 0 0.10308 0.10308 0 0 0.10308 0 0 0 -0.197552 0.10308 0 -0.197552 0.10308 0.10308 -0.197552 0 0.10308 -0.197552
1.67873e+06 0 0 0 0.103613 0 0 0.103613 0.103613 0 0 0.103613 0 0 0 -0.198552 0.103613 0 -0.198552 0.103613 0.103613 -0.198552 0 0.103613 -0.198552
1.68078e+06 0 0 0 0.104147 0 0 0.104147 0.104147 0 0 0.104147 0 0 0 -0.199552 0.104147 0 -0.199552 0.104147 0.104147 -0.199552 0 0.104147 -0.199552
1.67972e+06 0 0 0 0.10468 0 0 0.10468 0.10468 0 0 0.10468 0 0 0 -0.200552 0.10468 0 -0.200552 0.10468 0.10468 -0.200552 0 0.10468 -0.200552
