26 -1.43012 -0.812712
27 2172.25 -8990.31
28 1702.96 -7166.25
29 993.223 -3813.95
30 992.321 -3889.66
31 1011.27 -3912.4
32 1003.39 -3884.85
33 1003.25 -3885.01
34 1002.97 -3883.41
35 1002.77 -3882.61
36 1002.66 -3881.8
37 1002.54 -3881.17
38 1002.51 -3880.68
39 1002.46 -3880.34
40 1002.43 -3880.11
41 1002.46 -3879.8
42 1002.48 -3879.68
43 1002.53 -3879.5
44 1002.57 -3879.48
45 1002.62 -3879.46
46 1002.68 -3879.46
47 1002.75 -3879.51
48 1002.82 -3879.58
49 1002.9 -3879.68
50 1002.98 -3879.78
51 1003.06 -3879.88
52 1003.14 -3880.02
53 1003.23 -3880.17
54 1003.33 -3880.32
55 1003.42 -3880.49
56 1003.52 -3880.67
57 1003.61 -3880.84
58 1003.72 -3881.01
59 1003.82 -3881.14
60 1003.92 -3881.33
61 1004.02 -3881.51
62 1004.12 -3881.67
63 1004.22 -3881.85
64 1004.32 -3882.04
65 1004.42 -3882.23
66 1004.52 -3882.41
67 1004.62 -3882.6
68 1004.72 -3882.79
69 1004.82 -3882.98
70 1004.92 -3883.16
71 1005.02 -3883.35
72 1005.12 -3883.54
73 1005.22 -3883.73
74 1005.33 -3883.91
75 1005.43 -3884.1
76 1005.53 -3884.29
77 1005.63 -3884.47
78 1005.73 -3884.66
79 1005.82 -3884.84
80 1005.92 -3885.02
