26 -4.64704 1.18965
27 3429.58 -2386.7
28 2699.07 -1936.04
29 1535.94 -963.055
30 1540.44 -1010.48
31 1565.33 -1001.95
32 1553.51 -995.067
33 1553.34 -995.405
34 1552.87 -994.81
35 1552.55 -994.592
36 1552.36 -994.247
37 1552.16 -994.027
38 1552.08 -993.78
39 1552 -993.636
40 1551.94 -993.538
41 1551.96 -993.308
42 1551.97 -993.219
43 1552.02 -993.05
44 1552.06 -992.988
45 1552.13 -992.903
46 1552.2 -992.827
47 1552.3 -992.766
48 1552.39 -992.712
49 1552.49 -992.674
50 1552.6 -992.632
51 1552.71 -992.581
52 1552.82 -992.558
53 1552.94 -992.535
54 1553.07 -992.499
55 1553.21 -992.481
56 1553.34 -992.462
57 1553.47 -992.434
58 1553.61 -992.402
59 1553.75 -992.351
60 1553.89 -992.335
61 1554.02 -992.31
62 1554.17 -992.272
63 1554.3 -992.253
64 1554.44 -992.235
65 1554.58 -992.214
66 1554.72 -992.194
67 1554.86 -992.175
68 1555 -992.155
69 1555.14 -992.137
70 1555.28 -992.117
71 1555.42 -992.098
72 1555.56 -992.079
73 1555.7 -992.061
74 1555.84 -992.041
75 1555.98 -992.021
76 1556.12 -992.002
77 1556.26 -991.983
78 1556.4 -991.963
79 1556.54 -991.943
80 1556.68 -991.923
