26 2.27878 -0.652404
27 39000.8 -2599.08
28 40526.2 -2099.47
29 51617.2 3185.93
30 51388.3 3160.13
31 51333.1 3197.29
32 51335.2 3183.03
33 51324.6 3181.67
34 51315.2 3181.23
35 51308.2 3180.79
36 51302.3 3180.78
37 51296.3 3180.6
38 51291.8 3180.77
39 51287 3180.81
40 51283.4 3180.87
41 51280.4 3181.28
42 51276.5 3181.49
43 51273.2 3181.9
44 51270.2 3182.19
45 51267.5 3182.55
46 51264.4 3182.91
47 51261.9 3183.32
48 51259.4 3183.71
49 51256.8 3184.11
50 51254.3 3184.53
51 51251.9 3184.98
52 51249.6 3185.39
53 51247.3 3185.82
54 51245.2 3186.29
55 51243.2 3186.74
56 51241.3 3187.2
57 51239.2 3187.68
58 51237.3 3188.17
59 51235.4 3188.68
60 51233.6 3189.15
61 51231.7 3189.63
62 51229.9 3190.14
63 51228 3190.62
64 51226.2 3191.1
65 51224.3 3191.58
66 51222.5 3192.06
67 51220.7 3192.54
68 51218.9 3193.03
69 51217.1 3193.51
70 51215.3 3193.99
71 51213.5 3194.47
72 51211.8 3194.96
73 51210 3195.44
74 51208.3 3195.92
75 51206.6 3196.4
76 51204.9 3196.88
77 51203.2 3197.37
78 51201.5 3197.85
79 51199.8 3198.33
80 51198.1 3198.81
