26 -6.7441 15.7695
27 39001 28703.1
28 40522.7 20460.5
29 51617.5 3148.06
30 51388.6 3146.08
31 51333.3 3166.55
32 51335.4 3152.65
33 51324.8 3151.58
34 51315.4 3150.98
35 51308.5 3150.57
36 51302.5 3150.43
37 51296.6 3150.23
38 51292 3150.29
39 51287.3 3150.3
40 51283.6 3150.36
41 51280.6 3150.62
42 51276.8 3150.8
43 51273.5 3151.08
44 51270.5 3151.33
45 51267.7 3151.63
46 51264.6 3151.93
47 51262.1 3152.28
48 51259.7 3152.62
49 51257 3152.97
50 51254.6 3153.34
51 51252.1 3153.73
52 51249.8 3154.09
53 51247.5 3154.48
54 51245.4 3154.88
55 51243.5 3155.29
56 51241.5 3155.71
57 51239.4 3156.12
58 51237.6 3156.55
59 51235.7 3156.99
60 51233.8 3157.4
61 51231.9 3157.83
62 51230.1 3158.26
63 51228.3 3158.69
64 51226.4 3159.11
65 51224.6 3159.54
66 51222.7 3159.96
67 51220.9 3160.39
68 51219.1 3160.82
69 51217.3 3161.24
70 51215.5 3161.67
71 51213.8 3162.09
72 51212 3162.52
73 51210.3 3162.94
74 51208.6 3163.37
75 51206.8 3163.79
76 51205.1 3164.22
77 51203.4 3164.64
78 51201.7 3165.07
79 51200 3165.49
80 51198.4 3165.91
