26 -3.9121 0.00588902
27 5636.12 8672.88
28 4453.41 6857.46
29 2466.26 3702.06
30 2484.32 3722.17
31 2516.18 3765.97
32 2497.89 3740.38
33 2497.69 3739.88
34 2496.86 3738.7
35 2496.36 3737.96
36 2495.99 3737.44
37 2495.64 3736.94
38 2495.47 3736.69
39 2495.31 3736.47
40 2495.2 3736.32
41 2495.17 3736.3
42 2495.16 3736.29
43 2495.18 3736.35
44 2495.24 3736.43
45 2495.31 3736.56
46 2495.39 3736.69
47 2495.51 3736.88
48 2495.63 3737.06
49 2495.77 3737.27
50 2495.91 3737.49
51 2496.06 3737.73
52 2496.22 3737.97
53 2496.38 3738.23
54 2496.56 3738.5
55 2496.74 3738.78
56 2496.93 3739.07
57 2497.11 3739.35
58 2497.31 3739.65
59 2497.49 3739.94
60 2497.68 3740.23
61 2497.87 3740.52
62 2498.07 3740.82
63 2498.26 3741.12
64 2498.46 3741.42
65 2498.65 3741.72
66 2498.85 3742.02
67 2499.04 3742.32
68 2499.24 3742.62
69 2499.44 3742.92
70 2499.63 3743.23
71 2499.83 3743.53
72 2500.02 3743.83
73 2500.22 3744.13
74 2500.42 3744.43
75 2500.61 3744.73
76 2500.81 3745.03
77 2501 3745.33
78 2501.19 3745.63
79 2501.39 3745.92
80 2501.58 3746.22
