26 -4.92889e-11 1.74789e-08
27 3.47692e-07 1.48309e-05
28 3.61279e-07 1.04919e-05
29 4.60163e-07 2.7505e-06
30 4.58122e-07 2.74106e-06
31 4.5763e-07 2.76427e-06
32 4.57648e-07 2.75206e-06
33 4.57554e-07 2.75104e-06
34 4.5747e-07 2.75057e-06
35 4.57408e-07 2.7502e-06
36 4.57355e-07 2.75012e-06
37 4.57302e-07 2.74995e-06
38 4.57262e-07 2.75004e-06
39 4.57219e-07 2.75006e-06
40 4.57187e-07 2.75011e-06
41 4.5716e-07 2.75038e-06
42 4.57126e-07 2.75055e-06
43 4.57096e-07 2.75084e-06
44 4.57069e-07 2.75107e-06
45 4.57045e-07 2.75135e-06
46 4.57017e-07 2.75163e-06
47 4.56995e-07 2.75195e-06
48 4.56973e-07 2.75227e-06
49 4.5695e-07 2.75259e-06
50 4.56927e-07 2.75292e-06
51 4.56906e-07 2.75328e-06
52 4.56885e-07 2.75361e-06
53 4.56865e-07 2.75396e-06
54 4.56846e-07 2.75434e-06
55 4.56828e-07 2.75471e-06
56 4.56811e-07 2.75508e-06
57 4.56793e-07 2.75546e-06
58 4.56776e-07 2.75586e-06
59 4.56759e-07 2.75626e-06
60 4.56743e-07 2.75664e-06
61 4.56726e-07 2.75703e-06
62 4.5671e-07 2.75743e-06
63 4.56693e-07 2.75782e-06
64 4.56677e-07 2.7582e-06
65 4.5666e-07 2.75859e-06
66 4.56644e-07 2.75898e-06
67 4.56628e-07 2.75937e-06
68 4.56612e-07 2.75976e-06
69 4.56596e-07 2.76015e-06
70 4.5658e-07 2.76054e-06
71 4.56564e-07 2.76092e-06
72 4.56548e-07 2.76131e-06
73 4.56533e-07 2.7617e-06
74 4.56517e-07 2.76209e-06
75 4.56502e-07 2.76248e-06
76 4.56487e-07 2.76287e-06
77 4.56472e-07 2.76325e-06
78 4.56457e-07 2.76364e-06
79 4.56442e-07 2.76403e-06
80 4.56427e-07 2.76441e-06
