26 -3.67392 1.07287
27 4746.22 4082.62
28 3743.62 3196.32
29 2098.63 1802.51
30 2109.83 1787.84
31 2140.06 1822.73
32 2124.23 1809.9
33 2124.03 1809.42
34 2123.35 1809.01
35 2122.93 1808.66
36 2122.64 1808.53
37 2122.35 1808.33
38 2122.22 1808.33
39 2122.09 1808.26
40 2122.01 1808.23
41 2122.01 1808.35
42 2122.01 1808.4
43 2122.05 1808.54
44 2122.1 1808.63
45 2122.18 1808.76
46 2122.26 1808.89
47 2122.37 1809.05
48 2122.48 1809.2
49 2122.61 1809.36
50 2122.74 1809.53
51 2122.89 1809.71
52 2123.03 1809.88
53 2123.18 1810.06
54 2123.34 1810.25
55 2123.51 1810.45
56 2123.68 1810.64
57 2123.85 1810.84
58 2124.02 1811.06
59 2124.19 1811.27
60 2124.37 1811.47
61 2124.54 1811.67
62 2124.72 1811.89
63 2124.9 1812.09
64 2125.07 1812.3
65 2125.25 1812.5
66 2125.43 1812.71
67 2125.61 1812.91
68 2125.78 1813.12
69 2125.96 1813.33
70 2126.14 1813.53
71 2126.32 1813.74
72 2126.5 1813.94
73 2126.67 1814.15
74 2126.85 1814.35
75 2127.03 1814.56
76 2127.2 1814.76
77 2127.38 1814.97
78 2127.56 1815.17
79 2127.73 1815.38
80 2127.91 1815.58
