26 -3.5066e-11 8.48898e-11
27 4.97018e-08 7.26336e-06
28 3.92637e-08 5.73852e-06
29 2.17816e-08 3.11214e-06
30 2.19353e-08 3.12602e-06
31 2.22209e-08 3.16483e-06
32 2.2059e-08 3.1432e-06
33 2.20572e-08 3.14275e-06
34 2.20499e-08 3.14178e-06
35 2.20455e-08 3.14116e-06
36 2.20423e-08 3.14074e-06
37 2.20393e-08 3.14032e-06
38 2.20377e-08 3.14013e-06
39 2.20363e-08 3.13995e-06
40 2.20354e-08 3.13983e-06
41 2.20352e-08 3.13983e-06
42 2.20351e-08 3.13983e-06
43 2.20353e-08 3.13989e-06
44 2.20358e-08 3.13997e-06
45 2.20365e-08 3.14008e-06
46 2.20372e-08 3.1402e-06
47 2.20383e-08 3.14036e-06
48 2.20394e-08 3.14053e-06
49 2.20406e-08 3.14071e-06
50 2.20418e-08 3.14091e-06
51 2.20432e-08 3.14112e-06
52 2.20446e-08 3.14132e-06
53 2.20461e-08 3.14154e-06
54 2.20476e-08 3.14178e-06
55 2.20493e-08 3.14203e-06
56 2.20509e-08 3.14227e-06
57 2.20526e-08 3.14252e-06
58 2.20543e-08 3.14278e-06
59 2.2056e-08 3.14303e-06
60 2.20577e-08 3.14328e-06
61 2.20594e-08 3.14354e-06
62 2.20611e-08 3.1438e-06
63 2.20628e-08 3.14406e-06
64 2.20646e-08 3.14432e-06
65 2.20663e-08 3.14458e-06
66 2.20681e-08 3.14484e-06
67 2.20698e-08 3.1451e-06
68 2.20715e-08 3.14536e-06
69 2.20733e-08 3.14562e-06
70 2.2075e-08 3.14588e-06
71 2.20768e-08 3.14615e-06
72 2.20785e-08 3.14641e-06
73 2.20803e-08 3.14667e-06
74 2.2082e-08 3.14693e-06
75 2.20838e-08 3.14719e-06
76 2.20855e-08 3.14745e-06
77 2.20872e-08 3.14771e-06
78 2.2089e-08 3.14796e-06
79 2.20907e-08 3.14822e-06
80 2.20924e-08 3.14848e-06
