26 -3.77683 1.15131
27 4258.52 1670.97
28 3356.43 1281.58
29 1891.21 776.306
30 1899.74 748.547
31 1928.15 774.355
32 1913.79 768.78
33 1913.6 768.347
34 1913 768.312
35 1912.61 768.175
36 1912.36 768.226
37 1912.11 768.188
38 1911.99 768.278
39 1911.88 768.295
40 1911.81 768.311
41 1911.82 768.478
42 1911.82 768.545
43 1911.86 768.697
44 1911.92 768.78
45 1911.99 768.896
46 1912.07 769.009
47 1912.18 769.134
48 1912.28 769.253
49 1912.4 769.368
50 1912.52 769.492
51 1912.66 769.631
52 1912.79 769.746
53 1912.93 769.869
54 1913.08 770.009
55 1913.23 770.14
56 1913.39 770.272
57 1913.55 770.412
58 1913.71 770.56
59 1913.87 770.717
60 1914.03 770.85
61 1914.19 770.991
62 1914.35 771.142
63 1914.52 771.281
64 1914.68 771.419
65 1914.85 771.558
66 1915.01 771.698
67 1915.17 771.837
68 1915.34 771.976
69 1915.5 772.115
70 1915.67 772.254
71 1915.83 772.393
72 1916 772.532
73 1916.16 772.67
74 1916.33 772.809
75 1916.49 772.948
76 1916.65 773.086
77 1916.82 773.225
78 1916.98 773.363
79 1917.14 773.501
80 1917.3 773.639
