26 4.43362e-11 -3.1123e-09
27 3.40881e-07 -1.11641e-05
28 3.63336e-07 -8.28368e-06
29 4.60157e-07 2.64518e-06
30 4.58116e-07 2.70215e-06
31 4.57623e-07 2.67883e-06
32 4.57642e-07 2.66764e-06
33 4.57547e-07 2.66743e-06
34 4.57464e-07 2.66651e-06
35 4.57402e-07 2.66623e-06
36 4.57349e-07 2.6658e-06
37 4.57296e-07 2.66557e-06
38 4.57255e-07 2.66534e-06
39 4.57213e-07 2.66529e-06
40 4.57181e-07 2.66534e-06
41 4.57154e-07 2.66518e-06
42 4.57119e-07 2.66525e-06
43 4.5709e-07 2.66519e-06
44 4.57063e-07 2.66533e-06
45 4.57038e-07 2.66543e-06
46 4.57011e-07 2.66555e-06
47 4.56989e-07 2.6657e-06
48 4.56967e-07 2.66586e-06
49 4.56943e-07 2.66605e-06
50 4.56921e-07 2.66624e-06
51 4.569e-07 2.66642e-06
52 4.56879e-07 2.66664e-06
53 4.56859e-07 2.66686e-06
54 4.56839e-07 2.66706e-06
55 4.56822e-07 2.66731e-06
56 4.56805e-07 2.66754e-06
57 4.56786e-07 2.66776e-06
58 4.5677e-07 2.66798e-06
59 4.56753e-07 2.66816e-06
60 4.56737e-07 2.6684e-06
61 4.56719e-07 2.66862e-06
62 4.56703e-07 2.66883e-06
63 4.56687e-07 2.66906e-06
64 4.5667e-07 2.6693e-06
65 4.56654e-07 2.66953e-06
66 4.56638e-07 2.66976e-06
67 4.56621e-07 2.67e-06
68 4.56605e-07 2.67023e-06
69 4.56589e-07 2.67046e-06
70 4.56573e-07 2.67069e-06
71 4.56558e-07 2.67092e-06
72 4.56542e-07 2.67115e-06
73 4.56526e-07 2.67139e-06
74 4.56511e-07 2.67161e-06
75 4.56496e-07 2.67184e-06
76 4.5648e-07 2.67207e-06
77 4.56465e-07 2.6723e-06
78 4.5645e-07 2.67252e-06
79 4.56435e-07 2.67275e-06
80 4.5642e-07 2.67297e-06
