26 -7.52627e-11 1.6276e-08
27 3.47715e-07 2.244e-05
28 3.61288e-07 1.59759e-05
29 4.60187e-07 2.74103e-06
30 4.58146e-07 2.73739e-06
31 4.57653e-07 2.75654e-06
32 4.57672e-07 2.74442e-06
33 4.57577e-07 2.74347e-06
34 4.57494e-07 2.74296e-06
35 4.57432e-07 2.7426e-06
36 4.57379e-07 2.74249e-06
37 4.57326e-07 2.74231e-06
38 4.57285e-07 2.74238e-06
39 4.57243e-07 2.74239e-06
40 4.57211e-07 2.74244e-06
41 4.57184e-07 2.74267e-06
42 4.57149e-07 2.74283e-06
43 4.5712e-07 2.74309e-06
44 4.57093e-07 2.74331e-06
45 4.57068e-07 2.74358e-06
46 4.57041e-07 2.74384e-06
47 4.57019e-07 2.74415e-06
48 4.56997e-07 2.74445e-06
49 4.56973e-07 2.74476e-06
50 4.56951e-07 2.74508e-06
51 4.5693e-07 2.74542e-06
52 4.56909e-07 2.74575e-06
53 4.56889e-07 2.74608e-06
54 4.5687e-07 2.74645e-06
55 4.56852e-07 2.74681e-06
56 4.56835e-07 2.74717e-06
57 4.56817e-07 2.74753e-06
58 4.568e-07 2.74792e-06
59 4.56783e-07 2.7483e-06
60 4.56767e-07 2.74866e-06
61 4.56749e-07 2.74904e-06
62 4.56734e-07 2.74942e-06
63 4.56717e-07 2.74979e-06
64 4.56701e-07 2.75017e-06
65 4.56684e-07 2.75054e-06
66 4.56668e-07 2.75092e-06
67 4.56652e-07 2.75129e-06
68 4.56635e-07 2.75167e-06
69 4.56619e-07 2.75204e-06
70 4.56604e-07 2.75242e-06
71 4.56588e-07 2.75279e-06
72 4.56572e-07 2.75317e-06
73 4.56557e-07 2.75354e-06
74 4.56541e-07 2.75392e-06
75 4.56526e-07 2.75429e-06
76 4.56511e-07 2.75467e-06
77 4.56495e-07 2.75504e-06
78 4.5648e-07 2.75541e-06
79 4.56465e-07 2.75579e-06
80 4.5645e-07 2.75616e-06
