26 2.03145e-11 -5.67503e-10
27 3.47677e-07 -2.26084e-06
28 3.61276e-07 -1.82625e-06
29 4.60149e-07 2.77133e-06
30 4.58108e-07 2.74888e-06
31 4.57615e-07 2.78121e-06
32 4.57634e-07 2.7688e-06
33 4.57539e-07 2.76762e-06
34 4.57456e-07 2.76724e-06
35 4.57394e-07 2.76685e-06
36 4.57341e-07 2.76684e-06
37 4.57288e-07 2.76668e-06
38 4.57247e-07 2.76684e-06
39 4.57205e-07 2.76687e-06
40 4.57172e-07 2.76692e-06
41 4.57146e-07 2.76728e-06
42 4.57111e-07 2.76747e-06
43 4.57082e-07 2.76782e-06
44 4.57055e-07 2.76807e-06
45 4.5703e-07 2.76839e-06
46 4.57003e-07 2.7687e-06
47 4.56981e-07 2.76905e-06
48 4.56959e-07 2.7694e-06
49 4.56935e-07 2.76974e-06
50 4.56913e-07 2.7701e-06
51 4.56892e-07 2.7705e-06
52 4.56871e-07 2.77085e-06
53 4.56851e-07 2.77123e-06
54 4.56831e-07 2.77164e-06
55 4.56814e-07 2.77203e-06
56 4.56797e-07 2.77243e-06
57 4.56778e-07 2.77285e-06
58 4.56762e-07 2.77328e-06
59 4.56745e-07 2.77372e-06
60 4.56729e-07 2.77413e-06
61 4.56711e-07 2.77455e-06
62 4.56695e-07 2.77499e-06
63 4.56679e-07 2.7754e-06
64 4.56662e-07 2.77582e-06
65 4.56646e-07 2.77624e-06
66 4.5663e-07 2.77666e-06
67 4.56613e-07 2.77708e-06
68 4.56597e-07 2.7775e-06
69 4.56581e-07 2.77792e-06
70 4.56565e-07 2.77834e-06
71 4.5655e-07 2.77876e-06
72 4.56534e-07 2.77918e-06
73 4.56518e-07 2.7796e-06
74 4.56503e-07 2.78002e-06
75 4.56488e-07 2.78044e-06
76 4.56472e-07 2.78085e-06
77 4.56457e-07 2.78127e-06
78 4.56442e-07 2.78169e-06
79 4.56427e-07 2.78211e-06
80 4.56412e-07 2.78253e-06
