26 -8.44261 18.711
27 39001 25797.6
28 40523.4 18366.4
29 51617.5 3151.57
30 51388.5 3147.39
31 51333.3 3169.4
32 51335.4 3155.47
33 51324.8 3154.37
34 51315.4 3153.79
35 51308.4 3153.38
36 51302.5 3153.25
37 51296.5 3153.05
38 51292 3153.12
39 51287.2 3153.13
40 51283.6 3153.2
41 51280.6 3153.46
42 51276.8 3153.65
43 51273.4 3153.94
44 51270.4 3154.2
45 51267.7 3154.5
46 51264.6 3154.81
47 51262.1 3155.16
48 51259.6 3155.51
49 51257 3155.86
50 51254.5 3156.23
51 51252.1 3156.63
52 51249.8 3157
53 51247.5 3157.39
54 51245.4 3157.8
55 51243.4 3158.21
56 51241.5 3158.63
57 51239.4 3159.05
58 51237.5 3159.49
59 51235.7 3159.93
60 51233.8 3160.35
61 51231.9 3160.78
62 51230.1 3161.22
63 51228.2 3161.65
64 51226.4 3162.08
65 51224.6 3162.51
66 51222.7 3162.94
67 51220.9 3163.37
68 51219.1 3163.8
69 51217.3 3164.24
70 51215.5 3164.67
71 51213.7 3165.1
72 51212 3165.53
73 51210.3 3165.96
74 51208.5 3166.39
75 51206.8 3166.82
76 51205.1 3167.25
77 51203.4 3167.68
78 51201.7 3168.11
79 51200 3168.54
80 51198.3 3168.96
