26 5.33764 -2.29647
27 541.995 -16463.4
28 442.532 -12928.4
29 188.193 -7544.4
30 198.954 -7559.31
31 194.359 -7696.21
32 193.56 -7635.39
33 193.607 -7634.66
34 193.484 -7632.37
35 193.443 -7630.83
36 193.367 -7629.93
37 193.322 -7628.94
38 193.265 -7628.6
39 193.233 -7628.2
40 193.212 -7627.94
41 193.156 -7628.09
42 193.133 -7628.16
43 193.09 -7628.43
44 193.074 -7628.69
45 193.05 -7629.05
46 193.029 -7629.43
47 193.01 -7629.93
48 192.993 -7630.41
49 192.98 -7630.94
50 192.966 -7631.49
51 192.948 -7632.11
52 192.939 -7632.68
53 192.928 -7633.3
54 192.914 -7633.97
55 192.905 -7634.65
56 192.895 -7635.33
57 192.883 -7636.02
58 192.87 -7636.75
59 192.852 -7637.46
60 192.843 -7638.15
61 192.831 -7638.87
62 192.817 -7639.59
63 192.806 -7640.31
64 192.797 -7641.02
65 192.786 -7641.74
66 192.776 -7642.46
67 192.766 -7643.18
68 192.756 -7643.9
69 192.746 -7644.62
70 192.736 -7645.34
71 192.726 -7646.06
72 192.716 -7646.77
73 192.706 -7647.49
74 192.696 -7648.21
75 192.686 -7648.92
76 192.676 -7649.64
77 192.666 -7650.35
78 192.656 -7651.06
79 192.646 -7651.77
80 192.636 -7652.48
