26 -3.50833e-11 2.51309e-10
27 4.86346e-08 6.70821e-06
28 3.84084e-08 5.29376e-06
29 2.13534e-08 2.88874e-06
30 2.14965e-08 2.89724e-06
31 2.17822e-08 2.93598e-06
32 2.1623e-08 2.91576e-06
33 2.16212e-08 2.91531e-06
34 2.16141e-08 2.91443e-06
35 2.16097e-08 2.91386e-06
36 2.16066e-08 2.91349e-06
37 2.16037e-08 2.91311e-06
38 2.16022e-08 2.91295e-06
39 2.16009e-08 2.91279e-06
40 2.16e-08 2.91269e-06
41 2.15998e-08 2.91271e-06
42 2.15997e-08 2.91272e-06
43 2.16e-08 2.9128e-06
44 2.16005e-08 2.91288e-06
45 2.16012e-08 2.913e-06
46 2.16019e-08 2.91312e-06
47 2.1603e-08 2.91329e-06
48 2.1604e-08 2.91345e-06
49 2.16052e-08 2.91363e-06
50 2.16065e-08 2.91382e-06
51 2.16079e-08 2.91403e-06
52 2.16093e-08 2.91423e-06
53 2.16107e-08 2.91445e-06
54 2.16123e-08 2.91468e-06
55 2.16139e-08 2.91492e-06
56 2.16156e-08 2.91516e-06
57 2.16172e-08 2.9154e-06
58 2.16189e-08 2.91565e-06
59 2.16206e-08 2.9159e-06
60 2.16222e-08 2.91614e-06
61 2.16239e-08 2.91639e-06
62 2.16256e-08 2.91665e-06
63 2.16274e-08 2.9169e-06
64 2.16291e-08 2.91715e-06
65 2.16308e-08 2.9174e-06
66 2.16325e-08 2.91766e-06
67 2.16343e-08 2.91791e-06
68 2.1636e-08 2.91816e-06
69 2.16377e-08 2.91842e-06
70 2.16395e-08 2.91867e-06
71 2.16412e-08 2.91892e-06
72 2.16429e-08 2.91917e-06
73 2.16447e-08 2.91943e-06
74 2.16464e-08 2.91968e-06
75 2.16481e-08 2.91993e-06
76 2.16498e-08 2.92018e-06
77 2.16516e-08 2.92044e-06
78 2.16533e-08 2.92069e-06
79 2.1655e-08 2.92094e-06
80 2.16567e-08 2.92119e-06
