26 -2.50634e-11 1.13177e-09
27 4.0583e-08 2.97144e-06
28 3.21622e-08 2.39761e-06
29 1.74572e-08 1.07156e-06
30 1.76427e-08 1.10161e-06
31 1.7825e-08 1.09077e-06
32 1.76992e-08 1.08625e-06
33 1.76982e-08 1.08618e-06
34 1.76919e-08 1.08569e-06
35 1.76883e-08 1.08547e-06
36 1.76855e-08 1.08519e-06
37 1.76829e-08 1.085e-06
38 1.76814e-08 1.08482e-06
39 1.76801e-08 1.0847e-06
40 1.76793e-08 1.08462e-06
41 1.76788e-08 1.08447e-06
42 1.76786e-08 1.08441e-06
43 1.76784e-08 1.0843e-06
44 1.76787e-08 1.08426e-06
45 1.7679e-08 1.08422e-06
46 1.76794e-08 1.08418e-06
47 1.76801e-08 1.08416e-06
48 1.76808e-08 1.08414e-06
49 1.76816e-08 1.08413e-06
50 1.76825e-08 1.08412e-06
51 1.76834e-08 1.08411e-06
52 1.76843e-08 1.08412e-06
53 1.76854e-08 1.08412e-06
54 1.76864e-08 1.08412e-06
55 1.76876e-08 1.08414e-06
56 1.76888e-08 1.08415e-06
57 1.76899e-08 1.08416e-06
58 1.76911e-08 1.08417e-06
59 1.76922e-08 1.08416e-06
60 1.76934e-08 1.08418e-06
61 1.76946e-08 1.08419e-06
62 1.76958e-08 1.08419e-06
63 1.7697e-08 1.0842e-06
64 1.76983e-08 1.08422e-06
65 1.76995e-08 1.08424e-06
66 1.77007e-08 1.08425e-06
67 1.7702e-08 1.08427e-06
68 1.77032e-08 1.08428e-06
69 1.77044e-08 1.0843e-06
70 1.77057e-08 1.08431e-06
71 1.77069e-08 1.08433e-06
72 1.77081e-08 1.08435e-06
73 1.77094e-08 1.08436e-06
74 1.77106e-08 1.08438e-06
75 1.77118e-08 1.08439e-06
76 1.7713e-08 1.08441e-06
77 1.77143e-08 1.08443e-06
78 1.77155e-08 1.08444e-06
79 1.77167e-08 1.08446e-06
80 1.77179e-08 1.08447e-06
