26 4.01089e-11 -7.8701e-10
27 3.40873e-07 -5.77635e-07
28 3.63334e-07 -1.87177e-07
29 4.60149e-07 2.65609e-06
30 4.58108e-07 2.70615e-06
31 4.57615e-07 2.68767e-06
32 4.57634e-07 2.67638e-06
33 4.57539e-07 2.67608e-06
34 4.57456e-07 2.6752e-06
35 4.57394e-07 2.67492e-06
36 4.57341e-07 2.67452e-06
37 4.57288e-07 2.6743e-06
38 4.57247e-07 2.67411e-06
39 4.57205e-07 2.67406e-06
40 4.57172e-07 2.67411e-06
41 4.57146e-07 2.67399e-06
42 4.57111e-07 2.67408e-06
43 4.57082e-07 2.67405e-06
44 4.57055e-07 2.6742e-06
45 4.5703e-07 2.67432e-06
46 4.57003e-07 2.67445e-06
47 4.56981e-07 2.67462e-06
48 4.56959e-07 2.6748e-06
49 4.56935e-07 2.67501e-06
50 4.56913e-07 2.67521e-06
51 4.56892e-07 2.6754e-06
52 4.56871e-07 2.67564e-06
53 4.56851e-07 2.67587e-06
54 4.56831e-07 2.6761e-06
55 4.56814e-07 2.67635e-06
56 4.56797e-07 2.6766e-06
57 4.56778e-07 2.67684e-06
58 4.56762e-07 2.67707e-06
59 4.56745e-07 2.67728e-06
60 4.56729e-07 2.67753e-06
61 4.56711e-07 2.67777e-06
62 4.56695e-07 2.678e-06
63 4.56679e-07 2.67825e-06
64 4.56662e-07 2.6785e-06
65 4.56646e-07 2.67875e-06
66 4.5663e-07 2.679e-06
67 4.56613e-07 2.67925e-06
68 4.56597e-07 2.67949e-06
69 4.56581e-07 2.67974e-06
70 4.56565e-07 2.67999e-06
71 4.5655e-07 2.68024e-06
72 4.56534e-07 2.68049e-06
73 4.56518e-07 2.68073e-06
74 4.56503e-07 2.68098e-06
75 4.56488e-07 2.68122e-06
76 4.56472e-07 2.68147e-06
77 4.56457e-07 2.68171e-06
78 4.56442e-07 2.68195e-06
79 4.56427e-07 2.6822e-06
80 4.56412e-07 2.68244e-06
