26 -9.10955e-11 1.8171e-08
27 3.47706e-07 1.98999e-05
28 3.61284e-07 1.41452e-05
29 4.60177e-07 2.7442e-06
30 4.58137e-07 2.73863e-06
31 4.57644e-07 2.75913e-06
32 4.57663e-07 2.74698e-06
33 4.57568e-07 2.74601e-06
34 4.57485e-07 2.74551e-06
35 4.57423e-07 2.74515e-06
36 4.5737e-07 2.74505e-06
37 4.57317e-07 2.74488e-06
38 4.57276e-07 2.74495e-06
39 4.57234e-07 2.74496e-06
40 4.57201e-07 2.74502e-06
41 4.57175e-07 2.74526e-06
42 4.5714e-07 2.74543e-06
43 4.57111e-07 2.74569e-06
44 4.57084e-07 2.74592e-06
45 4.57059e-07 2.74619e-06
46 4.57032e-07 2.74646e-06
47 4.5701e-07 2.74677e-06
48 4.56988e-07 2.74708e-06
49 4.56964e-07 2.74739e-06
50 4.56942e-07 2.74771e-06
51 4.5692e-07 2.74806e-06
52 4.569e-07 2.74839e-06
53 4.5688e-07 2.74873e-06
54 4.5686e-07 2.74909e-06
55 4.56843e-07 2.74946e-06
56 4.56826e-07 2.74982e-06
57 4.56807e-07 2.7502e-06
58 4.56791e-07 2.75058e-06
59 4.56774e-07 2.75097e-06
60 4.56757e-07 2.75134e-06
61 4.5674e-07 2.75172e-06
62 4.56724e-07 2.75211e-06
63 4.56708e-07 2.75249e-06
64 4.56691e-07 2.75286e-06
65 4.56675e-07 2.75324e-06
66 4.56658e-07 2.75362e-06
67 4.56642e-07 2.754e-06
68 4.56626e-07 2.75438e-06
69 4.5661e-07 2.75476e-06
70 4.56594e-07 2.75514e-06
71 4.56579e-07 2.75552e-06
72 4.56563e-07 2.7559e-06
73 4.56547e-07 2.75628e-06
74 4.56532e-07 2.75666e-06
75 4.56517e-07 2.75704e-06
76 4.56501e-07 2.75742e-06
77 4.56486e-07 2.7578e-06
78 4.56471e-07 2.75817e-06
79 4.56456e-07 2.75855e-06
80 4.56441e-07 2.75893e-06
