26 4.90946e-11 -2.77229e-09
27 2.61889e-09 -1.54513e-05
28 2.19971e-09 -1.21392e-05
29 7.23735e-10 -7.05672e-06
30 8.12326e-10 -7.07338e-06
31 7.58864e-10 -7.1988e-06
32 7.58987e-10 -7.14223e-06
33 7.59482e-10 -7.14155e-06
34 7.58714e-10 -7.13939e-06
35 7.5855e-10 -7.13795e-06
36 7.58016e-10 -7.13709e-06
37 7.5775e-10 -7.13617e-06
38 7.57314e-10 -7.13584e-06
39 7.57096e-10 -7.13545e-06
40 7.56948e-10 -7.13521e-06
41 7.56459e-10 -7.13533e-06
42 7.56263e-10 -7.13539e-06
43 7.55871e-10 -7.13563e-06
44 7.55702e-10 -7.13587e-06
45 7.55464e-10 -7.1362e-06
46 7.55242e-10 -7.13654e-06
47 7.5503e-10 -7.137e-06
48 7.54833e-10 -7.13745e-06
49 7.54661e-10 -7.13793e-06
50 7.54477e-10 -7.13844e-06
51 7.54263e-10 -7.139e-06
52 7.54114e-10 -7.13953e-06
53 7.53955e-10 -7.1401e-06
54 7.53762e-10 -7.14072e-06
55 7.53604e-10 -7.14135e-06
56 7.53444e-10 -7.14198e-06
57 7.53262e-10 -7.14262e-06
58 7.53069e-10 -7.14329e-06
59 7.52838e-10 -7.14394e-06
60 7.52682e-10 -7.14459e-06
61 7.52504e-10 -7.14524e-06
62 7.52299e-10 -7.14592e-06
63 7.5213e-10 -7.14658e-06
64 7.51967e-10 -7.14724e-06
65 7.51798e-10 -7.1479e-06
66 7.51628e-10 -7.14856e-06
67 7.51462e-10 -7.14923e-06
68 7.51295e-10 -7.14989e-06
69 7.51129e-10 -7.15056e-06
70 7.50963e-10 -7.15122e-06
71 7.50796e-10 -7.15189e-06
72 7.5063e-10 -7.15255e-06
73 7.50466e-10 -7.15321e-06
74 7.50299e-10 -7.15388e-06
75 7.50132e-10 -7.15454e-06
76 7.49968e-10 -7.1552e-06
77 7.49802e-10 -7.15586e-06
78 7.49636e-10 -7.15651e-06
79 7.4947e-10 -7.15717e-06
80 7.49305e-10 -7.15782e-06
