26 -2.87614 1.19727
27 4776.22 4523.16
28 3783.83 3627.23
29 2058.69 1729.12
30 2079.76 1764.86
31 2101.87 1760.65
32 2086.98 1751.61
33 2086.85 1751.47
34 2086.12 1750.75
35 2085.7 1750.41
36 2085.36 1750.03
37 2085.06 1749.74
38 2084.89 1749.5
39 2084.74 1749.34
40 2084.65 1749.24
41 2084.59 1749.07
42 2084.57 1749
43 2084.56 1748.89
44 2084.59 1748.87
45 2084.63 1748.84
46 2084.68 1748.82
47 2084.76 1748.82
48 2084.84 1748.83
49 2084.94 1748.85
50 2085.04 1748.88
51 2085.16 1748.9
52 2085.27 1748.95
53 2085.39 1749
54 2085.52 1749.04
55 2085.66 1749.1
56 2085.8 1749.16
57 2085.94 1749.21
58 2086.08 1749.27
59 2086.22 1749.3
60 2086.36 1749.37
61 2086.5 1749.43
62 2086.65 1749.48
63 2086.79 1749.54
64 2086.94 1749.6
65 2087.09 1749.67
66 2087.23 1749.73
67 2087.38 1749.79
68 2087.53 1749.86
69 2087.68 1749.92
70 2087.83 1749.99
71 2087.97 1750.05
72 2088.12 1750.12
73 2088.27 1750.18
74 2088.42 1750.25
75 2088.56 1750.31
76 2088.71 1750.37
77 2088.86 1750.44
78 2089 1750.5
79 2089.15 1750.56
80 2089.29 1750.63
