26 4.29866e-11 -7.21618e-10
27 1.10268e-08 -1.15269e-05
28 8.84565e-09 -9.03832e-06
29 4.39779e-09 -5.33883e-06
30 4.51316e-09 -5.34304e-06
31 4.50745e-09 -5.44617e-06
32 4.48023e-09 -5.40235e-06
33 4.48042e-09 -5.40181e-06
34 4.47842e-09 -5.40023e-06
35 4.4775e-09 -5.39914e-06
36 4.47642e-09 -5.39853e-06
37 4.47564e-09 -5.39785e-06
38 4.47494e-09 -5.39764e-06
39 4.47449e-09 -5.39737e-06
40 4.47418e-09 -5.39719e-06
41 4.47365e-09 -5.39734e-06
42 4.47344e-09 -5.3974e-06
43 4.47308e-09 -5.39763e-06
44 4.47299e-09 -5.39783e-06
45 4.47286e-09 -5.39811e-06
46 4.47277e-09 -5.39839e-06
47 4.47273e-09 -5.39877e-06
48 4.47271e-09 -5.39913e-06
49 4.47274e-09 -5.39952e-06
50 4.47277e-09 -5.39993e-06
51 4.47279e-09 -5.40039e-06
52 4.47287e-09 -5.40081e-06
53 4.47296e-09 -5.40126e-06
54 4.47303e-09 -5.40176e-06
55 4.47315e-09 -5.40225e-06
56 4.47327e-09 -5.40275e-06
57 4.47336e-09 -5.40326e-06
58 4.47346e-09 -5.4038e-06
59 4.47351e-09 -5.40433e-06
60 4.47363e-09 -5.40484e-06
61 4.47374e-09 -5.40536e-06
62 4.47383e-09 -5.4059e-06
63 4.47395e-09 -5.40642e-06
64 4.47408e-09 -5.40695e-06
65 4.4742e-09 -5.40747e-06
66 4.47433e-09 -5.408e-06
67 4.47445e-09 -5.40853e-06
68 4.47458e-09 -5.40906e-06
69 4.47471e-09 -5.40959e-06
70 4.47483e-09 -5.41011e-06
71 4.47496e-09 -5.41064e-06
72 4.47509e-09 -5.41117e-06
73 4.47522e-09 -5.41169e-06
74 4.47534e-09 -5.41222e-06
75 4.47547e-09 -5.41274e-06
76 4.4756e-09 -5.41327e-06
77 4.47572e-09 -5.41379e-06
78 4.47585e-09 -5.41431e-06
79 4.47597e-09 -5.41483e-06
80 4.47609e-09 -5.41535e-06
