26 -3.90622 -0.0151513
27 5651.93 8750.06
28 4466.29 6920.21
29 2471.91 3730.16
30 2490.26 3751.57
31 2522 3794.91
32 2503.68 3769.19
33 2503.48 3768.69
34 2502.65 3767.49
35 2502.15 3766.75
36 2501.78 3766.22
37 2501.43 3765.71
38 2501.26 3765.46
39 2501.1 3765.23
40 2500.99 3765.08
41 2500.96 3765.05
42 2500.95 3765.04
43 2500.97 3765.09
44 2501.02 3765.18
45 2501.09 3765.3
46 2501.18 3765.43
47 2501.3 3765.61
48 2501.41 3765.8
49 2501.55 3766
50 2501.69 3766.23
51 2501.84 3766.47
52 2502 3766.7
53 2502.16 3766.96
54 2502.34 3767.23
55 2502.52 3767.51
56 2502.71 3767.79
57 2502.89 3768.08
58 2503.09 3768.38
59 2503.27 3768.66
60 2503.46 3768.95
61 2503.65 3769.25
62 2503.85 3769.54
63 2504.04 3769.84
64 2504.24 3770.14
65 2504.43 3770.44
66 2504.63 3770.74
67 2504.82 3771.04
68 2505.02 3771.34
69 2505.21 3771.64
70 2505.41 3771.94
71 2505.61 3772.24
72 2505.8 3772.54
73 2506 3772.84
74 2506.19 3773.14
75 2506.39 3773.44
76 2506.58 3773.74
77 2506.78 3774.04
78 2506.97 3774.34
79 2507.16 3774.63
80 2507.36 3774.93
