26 5.05819e-11 -3.75096e-09
27 8.79401e-10 -1.66066e-05
28 8.23912e-10 -1.30523e-05
29 2.70873e-08 -7.57582e-06
30 -5.15359e-09 -7.55482e-06
31 -4.10448e-09 -7.64285e-06
32 -5.38931e-09 -7.58965e-06
33 -5.36378e-09 -7.58829e-06
34 -5.35245e-09 -7.58591e-06
35 -5.32123e-09 -7.58441e-06
36 -5.27964e-09 -7.58349e-06
37 -5.23375e-09 -7.58252e-06
38 -5.18462e-09 -7.58216e-06
39 -5.13231e-09 -7.58177e-06
40 -5.07807e-09 -7.58153e-06
41 -5.02181e-09 -7.58165e-06
42 -4.96306e-09 -7.58173e-06
43 -4.90343e-09 -7.58199e-06
44 -4.8433e-09 -7.58225e-06
45 -4.78276e-09 -7.58261e-06
46 -4.72102e-09 -7.58298e-06
47 -4.65961e-09 -7.58347e-06
48 -4.59796e-09 -7.58396e-06
49 -4.5356e-09 -7.58448e-06
50 -4.4733e-09 -7.58503e-06
51 -4.41085e-09 -7.58564e-06
52 -4.34893e-09 -7.58621e-06
53 -4.2869e-09 -7.58683e-06
54 -4.225e-09 -7.58749e-06
55 -4.16347e-09 -7.58817e-06
56 -4.10223e-09 -7.58885e-06
57 -4.04102e-09 -7.58953e-06
58 -3.98032e-09 -7.59025e-06
59 -3.91998e-09 -7.59096e-06
60 -3.86007e-09 -7.59165e-06
61 -3.80015e-09 -7.59235e-06
62 -3.74077e-09 -7.59307e-06
63 -3.68159e-09 -7.59379e-06
64 -3.6228e-09 -7.5945e-06
65 -3.56432e-09 -7.59521e-06
66 -3.50621e-09 -7.59592e-06
67 -3.44845e-09 -7.59664e-06
68 -3.39104e-09 -7.59736e-06
69 -3.33402e-09 -7.59807e-06
70 -3.27736e-09 -7.59879e-06
71 -3.22107e-09 -7.5995e-06
72 -3.16515e-09 -7.60022e-06
73 -3.1096e-09 -7.60093e-06
74 -3.05442e-09 -7.60164e-06
75 -2.99959e-09 -7.60235e-06
76 -2.94513e-09 -7.60306e-06
77 -2.89103e-09 -7.60377e-06
78 -2.8373e-09 -7.60448e-06
79 -2.78393e-09 -7.60518e-06
80 -2.73092e-09 -7.60589e-06
