26 4.79388e-11 -8.56951e-09
27 8.95476e-10 -2.08382e-05
28 8.33186e-10 -1.63974e-05
29 3.97255e-08 -5.87376e-06
30 1.43468e-08 -5.90628e-06
31 1.53986e-08 -5.80339e-06
32 1.51196e-08 -5.8099e-06
33 1.49095e-08 -5.80502e-06
34 1.48342e-08 -5.80338e-06
35 1.47707e-08 -5.80222e-06
36 1.47211e-08 -5.80132e-06
37 1.46816e-08 -5.80049e-06
38 1.46491e-08 -5.80003e-06
39 1.46228e-08 -5.79961e-06
40 1.46008e-08 -5.79934e-06
41 1.45833e-08 -5.79922e-06
42 1.45706e-08 -5.79913e-06
43 1.45604e-08 -5.79912e-06
44 1.45519e-08 -5.79918e-06
45 1.45449e-08 -5.79929e-06
46 1.45406e-08 -5.79941e-06
47 1.45366e-08 -5.79962e-06
48 1.45338e-08 -5.79983e-06
49 1.4533e-08 -5.80007e-06
50 1.45329e-08 -5.80034e-06
51 1.45338e-08 -5.80063e-06
52 1.45342e-08 -5.80091e-06
53 1.45356e-08 -5.80123e-06
54 1.45377e-08 -5.80157e-06
55 1.45399e-08 -5.80194e-06
56 1.45423e-08 -5.80231e-06
57 1.45454e-08 -5.80268e-06
58 1.45484e-08 -5.80307e-06
59 1.45516e-08 -5.80345e-06
60 1.45546e-08 -5.80384e-06
61 1.45586e-08 -5.80423e-06
62 1.45621e-08 -5.80463e-06
63 1.45661e-08 -5.80503e-06
64 1.457e-08 -5.80544e-06
65 1.45743e-08 -5.80585e-06
66 1.45785e-08 -5.80626e-06
67 1.45828e-08 -5.80667e-06
68 1.45872e-08 -5.80708e-06
69 1.45914e-08 -5.8075e-06
70 1.45955e-08 -5.80791e-06
71 1.45997e-08 -5.80832e-06
72 1.46039e-08 -5.80874e-06
73 1.46081e-08 -5.80916e-06
74 1.46123e-08 -5.80958e-06
75 1.46166e-08 -5.80999e-06
76 1.46209e-08 -5.81041e-06
77 1.46252e-08 -5.81083e-06
78 1.46295e-08 -5.81126e-06
79 1.46338e-08 -5.81168e-06
80 1.46381e-08 -5.8121e-06
