26 8.81645e-12 -5.30914e-10
27 1.58637e-08 -9.4286e-06
28 1.24107e-08 -7.50654e-06
29 7.34181e-09 -4.0147e-06
30 7.31979e-09 -4.08693e-06
31 7.4712e-09 -4.11477e-06
32 7.412e-09 -4.08571e-06
33 7.4109e-09 -4.0858e-06
34 7.40892e-09 -4.08416e-06
35 7.40745e-09 -4.08333e-06
36 7.40675e-09 -4.08252e-06
37 7.40588e-09 -4.08186e-06
38 7.4057e-09 -4.08139e-06
39 7.40538e-09 -4.08104e-06
40 7.40518e-09 -4.08081e-06
41 7.40552e-09 -4.08052e-06
42 7.40567e-09 -4.08042e-06
43 7.4061e-09 -4.08026e-06
44 7.40642e-09 -4.08026e-06
45 7.40688e-09 -4.08025e-06
46 7.40734e-09 -4.08027e-06
47 7.40792e-09 -4.08035e-06
48 7.40848e-09 -4.08043e-06
49 7.40907e-09 -4.08055e-06
50 7.4097e-09 -4.08068e-06
51 7.4104e-09 -4.08081e-06
52 7.41103e-09 -4.08097e-06
53 7.41171e-09 -4.08115e-06
54 7.41245e-09 -4.08132e-06
55 7.41319e-09 -4.08152e-06
56 7.41394e-09 -4.08173e-06
57 7.4147e-09 -4.08192e-06
58 7.4155e-09 -4.08212e-06
59 7.41631e-09 -4.08228e-06
60 7.41706e-09 -4.0825e-06
61 7.41784e-09 -4.0827e-06
62 7.41865e-09 -4.08289e-06
63 7.41944e-09 -4.08311e-06
64 7.42021e-09 -4.08332e-06
65 7.421e-09 -4.08353e-06
66 7.42178e-09 -4.08375e-06
67 7.42257e-09 -4.08396e-06
68 7.42335e-09 -4.08418e-06
69 7.42414e-09 -4.08439e-06
70 7.42492e-09 -4.08461e-06
71 7.42571e-09 -4.08482e-06
72 7.42649e-09 -4.08504e-06
73 7.42727e-09 -4.08526e-06
74 7.42806e-09 -4.08547e-06
75 7.42884e-09 -4.08568e-06
76 7.42961e-09 -4.0859e-06
77 7.43039e-09 -4.08611e-06
78 7.43117e-09 -4.08632e-06
79 7.43195e-09 -4.08653e-06
80 7.43272e-09 -4.08674e-06
