26 4.10682e-11 1.22345e-08
27 3.47684e-07 1.10383e-05
28 3.61277e-07 7.75849e-06
29 4.60155e-07 2.75517e-06
30 4.58115e-07 2.74284e-06
31 4.57622e-07 2.76808e-06
32 4.57641e-07 2.75582e-06
33 4.57546e-07 2.75477e-06
34 4.57463e-07 2.75432e-06
35 4.57401e-07 2.75395e-06
36 4.57347e-07 2.75388e-06
37 4.57294e-07 2.75371e-06
38 4.57254e-07 2.75382e-06
39 4.57211e-07 2.75384e-06
40 4.57179e-07 2.75389e-06
41 4.57153e-07 2.75418e-06
42 4.57118e-07 2.75436e-06
43 4.57089e-07 2.75466e-06
44 4.57062e-07 2.75489e-06
45 4.57037e-07 2.75518e-06
46 4.5701e-07 2.75547e-06
47 4.56988e-07 2.7558e-06
48 4.56965e-07 2.75612e-06
49 4.56942e-07 2.75644e-06
50 4.5692e-07 2.75678e-06
51 4.56898e-07 2.75715e-06
52 4.56878e-07 2.75749e-06
53 4.56857e-07 2.75784e-06
54 4.56838e-07 2.75822e-06
55 4.56821e-07 2.7586e-06
56 4.56803e-07 2.75898e-06
57 4.56785e-07 2.75937e-06
58 4.56768e-07 2.75977e-06
59 4.56752e-07 2.76018e-06
60 4.56735e-07 2.76057e-06
61 4.56718e-07 2.76096e-06
62 4.56702e-07 2.76137e-06
63 4.56686e-07 2.76177e-06
64 4.56669e-07 2.76216e-06
65 4.56653e-07 2.76256e-06
66 4.56636e-07 2.76295e-06
67 4.5662e-07 2.76335e-06
68 4.56604e-07 2.76374e-06
69 4.56588e-07 2.76414e-06
70 4.56572e-07 2.76453e-06
71 4.56556e-07 2.76493e-06
72 4.56541e-07 2.76533e-06
73 4.56525e-07 2.76572e-06
74 4.5651e-07 2.76612e-06
75 4.56494e-07 2.76651e-06
76 4.56479e-07 2.76691e-06
77 4.56464e-07 2.7673e-06
78 4.56449e-07 2.76769e-06
79 4.56434e-07 2.76809e-06
80 4.56419e-07 2.76848e-06
