26 -3.82708 1.21566
27 3593.94 -1567.22
28 2829.35 -1286.51
29 1606.58 -610.808
30 1611.84 -654.441
31 1637.46 -642.269
32 1625.13 -637.921
33 1624.96 -638.279
34 1624.46 -637.811
35 1624.13 -637.665
36 1623.93 -637.378
37 1623.72 -637.21
38 1623.63 -636.994
39 1623.54 -636.875
40 1623.48 -636.794
41 1623.5 -636.576
42 1623.51 -636.49
43 1623.55 -636.324
44 1623.6 -636.257
45 1623.67 -636.165
46 1623.74 -636.081
47 1623.84 -636.007
48 1623.94 -635.939
49 1624.04 -635.885
50 1624.15 -635.826
51 1624.27 -635.757
52 1624.39 -635.715
53 1624.51 -635.671
54 1624.64 -635.613
55 1624.78 -635.572
56 1624.92 -635.529
57 1625.06 -635.478
58 1625.2 -635.422
59 1625.34 -635.349
60 1625.48 -635.309
61 1625.63 -635.26
62 1625.77 -635.199
63 1625.92 -635.154
64 1626.06 -635.112
65 1626.21 -635.066
66 1626.35 -635.021
67 1626.5 -634.978
68 1626.64 -634.933
69 1626.79 -634.89
70 1626.93 -634.846
71 1627.08 -634.802
72 1627.22 -634.758
73 1627.37 -634.715
74 1627.51 -634.67
75 1627.66 -634.626
76 1627.8 -634.583
77 1627.94 -634.538
78 1628.09 -634.494
79 1628.23 -634.449
80 1628.37 -634.405
