26 -2.65169 1.57924
27 3958.59 416.721
28 3140.2 394.568
29 1693.2 -107.14
30 1713.06 -77.3123
31 1729.34 -110.873
32 1717.26 -105.823
33 1717.17 -105.76
34 1716.55 -105.907
35 1716.21 -105.881
36 1715.92 -106.029
37 1715.67 -106.072
38 1715.51 -106.215
39 1715.38 -106.273
40 1715.3 -106.312
41 1715.24 -106.502
42 1715.21 -106.579
43 1715.19 -106.741
44 1715.21 -106.818
45 1715.24 -106.927
46 1715.28 -107.031
47 1715.34 -107.139
48 1715.4 -107.239
49 1715.47 -107.333
50 1715.55 -107.433
51 1715.63 -107.548
52 1715.72 -107.635
53 1715.82 -107.729
54 1715.91 -107.839
55 1716.02 -107.935
56 1716.13 -108.033
57 1716.24 -108.139
58 1716.35 -108.252
59 1716.45 -108.378
60 1716.56 -108.474
61 1716.67 -108.58
62 1716.78 -108.697
63 1716.89 -108.799
64 1717.01 -108.9
65 1717.12 -109.003
66 1717.24 -109.105
67 1717.35 -109.207
68 1717.47 -109.309
69 1717.58 -109.41
70 1717.7 -109.512
71 1717.81 -109.614
72 1717.93 -109.715
73 1718.04 -109.816
74 1718.15 -109.917
75 1718.27 -110.018
76 1718.38 -110.119
77 1718.5 -110.219
78 1718.61 -110.32
79 1718.72 -110.421
80 1718.84 -110.521
