26 -3.31492e-11 1.04849e-09
27 3.16835e-08 -1.68873e-06
28 2.49412e-08 -1.37707e-06
29 1.41696e-08 -6.71149e-07
30 1.42149e-08 -7.10623e-07
31 1.44417e-08 -7.01471e-07
32 1.43329e-08 -6.96683e-07
33 1.43313e-08 -6.96986e-07
34 1.43269e-08 -6.96528e-07
35 1.43241e-08 -6.96373e-07
36 1.43223e-08 -6.961e-07
37 1.43204e-08 -6.95933e-07
38 1.43197e-08 -6.95734e-07
39 1.43189e-08 -6.9562e-07
40 1.43184e-08 -6.95543e-07
41 1.43185e-08 -6.95348e-07
42 1.43186e-08 -6.95272e-07
43 1.4319e-08 -6.95126e-07
44 1.43194e-08 -6.9507e-07
45 1.432e-08 -6.94993e-07
46 1.43207e-08 -6.94923e-07
47 1.43215e-08 -6.94864e-07
48 1.43224e-08 -6.9481e-07
49 1.43233e-08 -6.94769e-07
50 1.43243e-08 -6.94725e-07
51 1.43253e-08 -6.94672e-07
52 1.43264e-08 -6.94643e-07
53 1.43275e-08 -6.94613e-07
54 1.43286e-08 -6.94571e-07
55 1.43299e-08 -6.94544e-07
56 1.43311e-08 -6.94517e-07
57 1.43323e-08 -6.94481e-07
58 1.43336e-08 -6.94442e-07
59 1.43348e-08 -6.94387e-07
60 1.43361e-08 -6.94362e-07
61 1.43373e-08 -6.94329e-07
62 1.43386e-08 -6.94285e-07
63 1.43399e-08 -6.94256e-07
64 1.43412e-08 -6.94229e-07
65 1.43425e-08 -6.94199e-07
66 1.43437e-08 -6.9417e-07
67 1.4345e-08 -6.94141e-07
68 1.43463e-08 -6.94113e-07
69 1.43476e-08 -6.94085e-07
70 1.43489e-08 -6.94056e-07
71 1.43502e-08 -6.94028e-07
72 1.43514e-08 -6.93999e-07
73 1.43527e-08 -6.93971e-07
74 1.4354e-08 -6.93943e-07
75 1.43553e-08 -6.93914e-07
76 1.43565e-08 -6.93886e-07
77 1.43578e-08 -6.93857e-07
78 1.43591e-08 -6.93828e-07
79 1.43603e-08 -6.93799e-07
80 1.43616e-08 -6.9377e-07
