26 -2.11779 10.8985
27 39001 33077.9
28 40521.5 23613.5
29 51617.5 3142.76
30 51388.6 3144.12
31 51333.3 3162.25
32 51335.4 3148.4
33 51324.8 3147.38
34 51315.5 3146.76
35 51308.5 3146.35
36 51302.6 3146.19
37 51296.6 3145.99
38 51292.1 3146.03
39 51287.3 3146.04
40 51283.7 3146.1
41 51280.7 3146.33
42 51276.8 3146.51
43 51273.5 3146.77
44 51270.5 3147.02
45 51267.7 3147.31
46 51264.7 3147.6
47 51262.2 3147.94
48 51259.7 3148.28
49 51257.1 3148.62
50 51254.6 3148.98
51 51252.2 3149.36
52 51249.9 3149.72
53 51247.6 3150.1
54 51245.4 3150.5
55 51243.5 3150.9
56 51241.5 3151.3
57 51239.5 3151.71
58 51237.6 3152.14
59 51235.7 3152.55
60 51233.9 3152.96
61 51232 3153.38
62 51230.2 3153.81
63 51228.3 3154.22
64 51226.5 3154.64
65 51224.6 3155.06
66 51222.8 3155.48
67 51221 3155.89
68 51219.2 3156.31
69 51217.4 3156.73
70 51215.6 3157.15
71 51213.8 3157.57
72 51212.1 3157.99
73 51210.3 3158.4
74 51208.6 3158.82
75 51206.9 3159.24
76 51205.2 3159.65
77 51203.5 3160.07
78 51201.8 3160.48
79 51200.1 3160.9
80 51198.4 3161.31
