26 -1.37473e-11 8.06863e-09
27 3.47751e-07 3.00362e-05
28 3.61301e-07 2.14506e-05
29 4.60222e-07 2.73145e-06
30 4.58181e-07 2.73359e-06
31 4.57689e-07 2.74869e-06
32 4.57707e-07 2.73666e-06
33 4.57613e-07 2.73578e-06
34 4.57529e-07 2.73523e-06
35 4.57467e-07 2.73488e-06
36 4.57414e-07 2.73474e-06
37 4.57361e-07 2.73456e-06
38 4.57321e-07 2.7346e-06
39 4.57278e-07 2.7346e-06
40 4.57246e-07 2.73465e-06
41 4.57219e-07 2.73485e-06
42 4.57185e-07 2.735e-06
43 4.57155e-07 2.73523e-06
44 4.57128e-07 2.73544e-06
45 4.57104e-07 2.73569e-06
46 4.57076e-07 2.73594e-06
47 4.57054e-07 2.73623e-06
48 4.57032e-07 2.73652e-06
49 4.57009e-07 2.73682e-06
50 4.56987e-07 2.73713e-06
51 4.56965e-07 2.73745e-06
52 4.56944e-07 2.73777e-06
53 4.56924e-07 2.73809e-06
54 4.56905e-07 2.73844e-06
55 4.56888e-07 2.73879e-06
56 4.5687e-07 2.73914e-06
57 4.56852e-07 2.73949e-06
58 4.56835e-07 2.73986e-06
59 4.56818e-07 2.74022e-06
60 4.56802e-07 2.74057e-06
61 4.56785e-07 2.74093e-06
62 4.56769e-07 2.7413e-06
63 4.56752e-07 2.74166e-06
64 4.56736e-07 2.74202e-06
65 4.56719e-07 2.74238e-06
66 4.56703e-07 2.74274e-06
67 4.56687e-07 2.74311e-06
68 4.56671e-07 2.74347e-06
69 4.56655e-07 2.74383e-06
70 4.56639e-07 2.74419e-06
71 4.56623e-07 2.74455e-06
72 4.56607e-07 2.74491e-06
73 4.56592e-07 2.74527e-06
74 4.56576e-07 2.74563e-06
75 4.56561e-07 2.74599e-06
76 4.56546e-07 2.74635e-06
77 4.56531e-07 2.74671e-06
78 4.56516e-07 2.74707e-06
79 4.56501e-07 2.74743e-06
80 4.56486e-07 2.74779e-06
