26 1.1429e-11 -1.13411e-08
27 9.08297e-10 -2.42709e-05
28 -7.06425e-09 -1.86317e-05
29 3.97979e-08 -1.69747e-06
30 2.96316e-08 -1.78492e-06
31 2.94055e-08 -1.70171e-06
32 2.94432e-08 -1.72033e-06
33 2.92312e-08 -1.72009e-06
34 2.91721e-08 -1.72074e-06
35 2.91169e-08 -1.72162e-06
36 2.90766e-08 -1.72225e-06
37 2.90463e-08 -1.72298e-06
38 2.90231e-08 -1.7236e-06
39 2.90052e-08 -1.72429e-06
40 2.89912e-08 -1.72503e-06
41 2.89804e-08 -1.72555e-06
42 2.89719e-08 -1.72618e-06
43 2.89681e-08 -1.72669e-06
44 2.89661e-08 -1.72733e-06
45 2.89659e-08 -1.72792e-06
46 2.89685e-08 -1.72849e-06
47 2.89716e-08 -1.72907e-06
48 2.89764e-08 -1.72965e-06
49 2.89833e-08 -1.73023e-06
50 2.89914e-08 -1.7308e-06
51 2.90008e-08 -1.73135e-06
52 2.90102e-08 -1.73194e-06
53 2.90209e-08 -1.73252e-06
54 2.90322e-08 -1.73307e-06
55 2.90442e-08 -1.73365e-06
56 2.90565e-08 -1.73423e-06
57 2.90697e-08 -1.73478e-06
58 2.90831e-08 -1.73533e-06
59 2.90969e-08 -1.73586e-06
60 2.91108e-08 -1.73644e-06
61 2.91267e-08 -1.737e-06
62 2.91404e-08 -1.73753e-06
63 2.91559e-08 -1.73809e-06
64 2.91713e-08 -1.73864e-06
65 2.91872e-08 -1.7392e-06
66 2.92033e-08 -1.73975e-06
67 2.92196e-08 -1.7403e-06
68 2.92362e-08 -1.74085e-06
69 2.92529e-08 -1.7414e-06
70 2.92696e-08 -1.74194e-06
71 2.92866e-08 -1.74249e-06
72 2.93037e-08 -1.74304e-06
73 2.93209e-08 -1.74358e-06
74 2.93382e-08 -1.74413e-06
75 2.93556e-08 -1.74467e-06
76 2.93732e-08 -1.74521e-06
77 2.93908e-08 -1.74575e-06
78 2.94085e-08 -1.74629e-06
79 2.94264e-08 -1.74683e-06
80 2.94442e-08 -1.74737e-06
