26 2.0627e-11 -1.11721e-08
27 9.07903e-10 -2.36361e-05
28 -3.44907e-09 -1.83611e-05
29 4.13827e-08 -2.78623e-06
30 2.57481e-08 -2.86633e-06
31 2.54975e-08 -2.77107e-06
32 2.55062e-08 -2.78959e-06
33 2.52756e-08 -2.78799e-06
34 2.52037e-08 -2.78811e-06
35 2.51361e-08 -2.78858e-06
36 2.5084e-08 -2.78891e-06
37 2.50427e-08 -2.78934e-06
38 2.50093e-08 -2.78977e-06
39 2.49828e-08 -2.79027e-06
40 2.49615e-08 -2.79085e-06
41 2.49456e-08 -2.79129e-06
42 2.49347e-08 -2.79183e-06
43 2.49266e-08 -2.79229e-06
44 2.49203e-08 -2.79287e-06
45 2.49155e-08 -2.79342e-06
46 2.49134e-08 -2.79395e-06
47 2.49117e-08 -2.79452e-06
48 2.49115e-08 -2.79509e-06
49 2.49133e-08 -2.79566e-06
50 2.4916e-08 -2.79623e-06
51 2.49198e-08 -2.79679e-06
52 2.49231e-08 -2.79737e-06
53 2.49277e-08 -2.79796e-06
54 2.49329e-08 -2.79853e-06
55 2.49384e-08 -2.79913e-06
56 2.49443e-08 -2.79973e-06
57 2.4951e-08 -2.80031e-06
58 2.49576e-08 -2.80089e-06
59 2.49645e-08 -2.80145e-06
60 2.49714e-08 -2.80204e-06
61 2.49801e-08 -2.80263e-06
62 2.49865e-08 -2.80319e-06
63 2.49949e-08 -2.80378e-06
64 2.50029e-08 -2.80437e-06
65 2.50114e-08 -2.80495e-06
66 2.50199e-08 -2.80553e-06
67 2.50285e-08 -2.80611e-06
68 2.50374e-08 -2.80669e-06
69 2.50462e-08 -2.80727e-06
70 2.5055e-08 -2.80784e-06
71 2.5064e-08 -2.80842e-06
72 2.50731e-08 -2.80899e-06
73 2.50822e-08 -2.80957e-06
74 2.50914e-08 -2.81014e-06
75 2.51007e-08 -2.81071e-06
76 2.51101e-08 -2.81128e-06
77 2.51195e-08 -2.81185e-06
78 2.51291e-08 -2.81242e-06
79 2.51386e-08 -2.81299e-06
80 2.51483e-08 -2.81356e-06
