26 -3.29662e-11 9.91476e-10
27 3.9543e-08 2.1919e-06
28 3.11752e-08 1.70081e-06
29 1.75332e-08 9.90204e-07
30 1.76176e-08 9.69929e-07
31 1.78769e-08 9.95274e-07
32 1.77441e-08 9.88189e-07
33 1.77424e-08 9.87796e-07
34 1.77368e-08 9.87651e-07
35 1.77332e-08 9.87467e-07
36 1.77309e-08 9.87457e-07
37 1.77285e-08 9.87376e-07
38 1.77275e-08 9.87425e-07
39 1.77264e-08 9.87416e-07
40 1.77257e-08 9.87414e-07
41 1.77258e-08 9.87546e-07
42 1.77258e-08 9.876e-07
43 1.77262e-08 9.87727e-07
44 1.77266e-08 9.87803e-07
45 1.77273e-08 9.87909e-07
46 1.7728e-08 9.88012e-07
47 1.7729e-08 9.88132e-07
48 1.773e-08 9.88246e-07
49 1.7731e-08 9.8836e-07
50 1.77322e-08 9.88481e-07
51 1.77334e-08 9.88617e-07
52 1.77346e-08 9.88733e-07
53 1.77359e-08 9.88858e-07
54 1.77373e-08 9.88998e-07
55 1.77387e-08 9.89131e-07
56 1.77401e-08 9.89266e-07
57 1.77415e-08 9.89407e-07
58 1.77431e-08 9.89555e-07
59 1.77445e-08 9.8971e-07
60 1.7746e-08 9.89846e-07
61 1.77475e-08 9.89989e-07
62 1.7749e-08 9.9014e-07
63 1.77505e-08 9.90282e-07
64 1.7752e-08 9.90422e-07
65 1.77535e-08 9.90564e-07
66 1.7755e-08 9.90707e-07
67 1.77565e-08 9.90848e-07
68 1.7758e-08 9.9099e-07
69 1.77595e-08 9.91132e-07
70 1.7761e-08 9.91274e-07
71 1.77625e-08 9.91416e-07
72 1.77641e-08 9.91558e-07
73 1.77656e-08 9.91699e-07
74 1.77671e-08 9.9184e-07
75 1.77686e-08 9.91982e-07
76 1.77701e-08 9.92123e-07
77 1.77716e-08 9.92264e-07
78 1.77731e-08 9.92405e-07
79 1.77746e-08 9.92545e-07
80 1.7776e-08 9.92686e-07
