26 -3.51353e-11 3.02333e-10
27 4.82684e-08 6.53771e-06
28 3.81157e-08 5.15752e-06
29 2.12039e-08 2.81899e-06
30 2.13437e-08 2.82605e-06
31 2.16291e-08 2.86458e-06
32 2.14709e-08 2.84482e-06
33 2.1469e-08 2.84437e-06
34 2.1462e-08 2.84352e-06
35 2.14577e-08 2.84296e-06
36 2.14546e-08 2.84261e-06
37 2.14517e-08 2.84224e-06
38 2.14503e-08 2.8421e-06
39 2.14489e-08 2.84194e-06
40 2.1448e-08 2.84184e-06
41 2.14479e-08 2.84187e-06
42 2.14478e-08 2.84188e-06
43 2.14481e-08 2.84196e-06
44 2.14486e-08 2.84204e-06
45 2.14492e-08 2.84216e-06
46 2.145e-08 2.84229e-06
47 2.14511e-08 2.84245e-06
48 2.14521e-08 2.84262e-06
49 2.14533e-08 2.84279e-06
50 2.14546e-08 2.84298e-06
51 2.1456e-08 2.84319e-06
52 2.14573e-08 2.84339e-06
53 2.14588e-08 2.8436e-06
54 2.14604e-08 2.84383e-06
55 2.1462e-08 2.84407e-06
56 2.14636e-08 2.8443e-06
57 2.14653e-08 2.84454e-06
58 2.1467e-08 2.84479e-06
59 2.14686e-08 2.84504e-06
60 2.14703e-08 2.84528e-06
61 2.1472e-08 2.84553e-06
62 2.14737e-08 2.84578e-06
63 2.14754e-08 2.84603e-06
64 2.14771e-08 2.84628e-06
65 2.14788e-08 2.84652e-06
66 2.14805e-08 2.84677e-06
67 2.14823e-08 2.84702e-06
68 2.1484e-08 2.84727e-06
69 2.14857e-08 2.84752e-06
70 2.14875e-08 2.84777e-06
71 2.14892e-08 2.84802e-06
72 2.14909e-08 2.84828e-06
73 2.14926e-08 2.84852e-06
74 2.14943e-08 2.84877e-06
75 2.14961e-08 2.84902e-06
76 2.14978e-08 2.84927e-06
77 2.14995e-08 2.84952e-06
78 2.15012e-08 2.84977e-06
79 2.15029e-08 2.85002e-06
80 2.15046e-08 2.85026e-06
