26 3.04711 2.43263
27 38237.5 10673.9
28 40756.8 8456.08
29 51617.2 3065.22
30 51388.3 3115.36
31 51333 3099.31
32 51335.1 3086.21
33 51324.5 3085.77
34 51315.1 3084.82
35 51308.2 3084.49
36 51302.2 3084.07
37 51296.3 3083.82
38 51291.7 3083.63
39 51286.9 3083.58
40 51283.3 3083.64
41 51280.3 3083.56
42 51276.5 3083.66
43 51273.2 3083.67
44 51270.2 3083.86
45 51267.4 3084.01
46 51264.3 3084.18
47 51261.8 3084.4
48 51259.4 3084.62
49 51256.7 3084.87
50 51254.2 3085.12
51 51251.8 3085.36
52 51249.5 3085.65
53 51247.2 3085.93
54 51245.1 3086.2
55 51243.1 3086.51
56 51241.2 3086.82
57 51239.1 3087.11
58 51237.3 3087.4
59 51235.4 3087.65
60 51233.5 3087.96
61 51231.6 3088.26
62 51229.8 3088.54
63 51228 3088.84
64 51226.1 3089.15
65 51224.3 3089.45
66 51222.4 3089.76
67 51220.6 3090.06
68 51218.8 3090.36
69 51217 3090.67
70 51215.2 3090.97
71 51213.5 3091.27
72 51211.7 3091.57
73 51210 3091.88
74 51208.2 3092.18
75 51206.5 3092.47
76 51204.8 3092.77
77 51203.1 3093.07
78 51201.4 3093.37
79 51199.7 3093.66
80 51198.1 3093.96
