26 -2.40031e-11 1.449e-09
27 3.3473e-08 -4.66353e-07
28 2.65623e-08 -3.09924e-07
29 1.42869e-08 -4.61684e-07
30 1.44605e-08 -4.37326e-07
31 1.45934e-08 -4.7211e-07
32 1.44918e-08 -4.64914e-07
33 1.44911e-08 -4.64822e-07
34 1.44858e-08 -4.64833e-07
35 1.44829e-08 -4.64736e-07
36 1.44804e-08 -4.64816e-07
37 1.44783e-08 -4.64804e-07
38 1.4477e-08 -4.64907e-07
39 1.44759e-08 -4.64936e-07
40 1.44752e-08 -4.64955e-07
41 1.44746e-08 -4.65122e-07
42 1.44744e-08 -4.65191e-07
43 1.44742e-08 -4.6534e-07
44 1.44744e-08 -4.65418e-07
45 1.44746e-08 -4.65527e-07
46 1.44748e-08 -4.65633e-07
47 1.44753e-08 -4.65747e-07
48 1.44758e-08 -4.65856e-07
49 1.44764e-08 -4.6596e-07
50 1.44771e-08 -4.66071e-07
51 1.44778e-08 -4.66198e-07
52 1.44785e-08 -4.66299e-07
53 1.44793e-08 -4.66409e-07
54 1.44801e-08 -4.66534e-07
55 1.4481e-08 -4.66648e-07
56 1.44819e-08 -4.66763e-07
57 1.44828e-08 -4.66887e-07
58 1.44837e-08 -4.67017e-07
59 1.44845e-08 -4.67158e-07
60 1.44854e-08 -4.67273e-07
61 1.44864e-08 -4.67397e-07
62 1.44873e-08 -4.67531e-07
63 1.44882e-08 -4.67652e-07
64 1.44892e-08 -4.67771e-07
65 1.44901e-08 -4.67893e-07
66 1.44911e-08 -4.68014e-07
67 1.4492e-08 -4.68135e-07
68 1.4493e-08 -4.68256e-07
69 1.44939e-08 -4.68376e-07
70 1.44949e-08 -4.68497e-07
71 1.44958e-08 -4.68618e-07
72 1.44968e-08 -4.68739e-07
73 1.44977e-08 -4.68858e-07
74 1.44987e-08 -4.68978e-07
75 1.44996e-08 -4.69099e-07
76 1.45006e-08 -4.69218e-07
77 1.45015e-08 -4.69338e-07
78 1.45025e-08 -4.69457e-07
79 1.45034e-08 -4.69576e-07
80 1.45043e-08 -4.69695e-07
