26 -0.168145 6.86448
27 38236.6 43779.5
28 40751.2 35746.8
29 51617 3102.23
30 51388.1 3129.09
31 51332.9 3129.35
32 51335 3115.89
33 51324.3 3115.18
34 51315 3114.38
35 51308 3114.01
36 51302.1 3113.72
37 51296.1 3113.49
38 51291.6 3113.42
39 51286.8 3113.4
40 51283.2 3113.46
41 51280.2 3113.52
42 51276.3 3113.66
43 51273 3113.79
44 51270 3114.01
45 51267.2 3114.23
46 51264.2 3114.46
47 51261.7 3114.73
48 51259.2 3115.01
49 51256.6 3115.3
50 51254.1 3115.6
51 51251.7 3115.91
52 51249.4 3116.23
53 51247.1 3116.56
54 51244.9 3116.89
55 51243 3117.25
56 51241 3117.6
57 51239 3117.94
58 51237.1 3118.3
59 51235.2 3118.63
60 51233.4 3118.99
61 51231.5 3119.34
62 51229.7 3119.69
63 51227.8 3120.05
64 51226 3120.41
65 51224.1 3120.77
66 51222.3 3121.12
67 51220.5 3121.48
68 51218.7 3121.84
69 51216.9 3122.2
70 51215.1 3122.56
71 51213.3 3122.92
72 51211.6 3123.27
73 51209.8 3123.63
74 51208.1 3123.99
75 51206.4 3124.34
76 51204.7 3124.7
77 51203 3125.05
78 51201.3 3125.4
79 51199.6 3125.76
80 51197.9 3126.11
