26 1.91861e-11 -2.37138e-09
27 4.42748e-09 -1.50151e-05
28 3.36117e-09 -1.19257e-05
29 2.37729e-09 -6.44395e-06
30 2.31267e-09 -6.53689e-06
31 2.40439e-09 -6.59392e-06
32 2.38171e-09 -6.54704e-06
33 2.38098e-09 -6.54694e-06
34 2.38071e-09 -6.54447e-06
35 2.38025e-09 -6.54314e-06
36 2.38033e-09 -6.54196e-06
37 2.38016e-09 -6.54096e-06
38 2.38037e-09 -6.54029e-06
39 2.38039e-09 -6.53978e-06
40 2.3804e-09 -6.53945e-06
41 2.38084e-09 -6.53911e-06
42 2.38102e-09 -6.53899e-06
43 2.38144e-09 -6.53884e-06
44 2.38167e-09 -6.53888e-06
45 2.38199e-09 -6.53894e-06
46 2.38231e-09 -6.53903e-06
47 2.38267e-09 -6.53922e-06
48 2.38301e-09 -6.53941e-06
49 2.38334e-09 -6.53966e-06
50 2.3837e-09 -6.53992e-06
51 2.3841e-09 -6.5402e-06
52 2.38443e-09 -6.5405e-06
53 2.38479e-09 -6.54083e-06
54 2.3852e-09 -6.54117e-06
55 2.38558e-09 -6.54155e-06
56 2.38597e-09 -6.54192e-06
57 2.38637e-09 -6.54229e-06
58 2.3868e-09 -6.54267e-06
59 2.38726e-09 -6.54301e-06
60 2.38764e-09 -6.5434e-06
61 2.38806e-09 -6.54379e-06
62 2.38849e-09 -6.54416e-06
63 2.3889e-09 -6.54456e-06
64 2.3893e-09 -6.54496e-06
65 2.38971e-09 -6.54535e-06
66 2.39011e-09 -6.54575e-06
67 2.39052e-09 -6.54615e-06
68 2.39093e-09 -6.54655e-06
69 2.39133e-09 -6.54696e-06
70 2.39174e-09 -6.54736e-06
71 2.39214e-09 -6.54776e-06
72 2.39255e-09 -6.54816e-06
73 2.39295e-09 -6.54856e-06
74 2.39335e-09 -6.54896e-06
75 2.39376e-09 -6.54936e-06
76 2.39416e-09 -6.54975e-06
77 2.39456e-09 -6.55015e-06
78 2.39496e-09 -6.55055e-06
79 2.39536e-09 -6.55094e-06
80 2.39576e-09 -6.55133e-06
