26 2.27133e-11 -7.19255e-09
27 -8.08731e-10 -2.08032e-05
28 -7.82867e-10 -1.65014e-05
29 3.72976e-08 -6.48885e-06
30 1.64958e-08 -6.45994e-06
31 1.69172e-08 -6.42421e-06
32 1.602e-08 -6.40829e-06
33 1.57673e-08 -6.40425e-06
34 1.56751e-08 -6.40225e-06
35 1.55994e-08 -6.40078e-06
36 1.55337e-08 -6.3997e-06
37 1.54786e-08 -6.3987e-06
38 1.54299e-08 -6.3981e-06
39 1.53888e-08 -6.39757e-06
40 1.535e-08 -6.39723e-06
41 1.53134e-08 -6.39702e-06
42 1.52841e-08 -6.39688e-06
43 1.52562e-08 -6.3968e-06
44 1.52305e-08 -6.39683e-06
45 1.52071e-08 -6.39692e-06
46 1.51863e-08 -6.39702e-06
47 1.5166e-08 -6.39722e-06
48 1.51471e-08 -6.39743e-06
49 1.51302e-08 -6.39767e-06
50 1.5114e-08 -6.39795e-06
51 1.50986e-08 -6.39824e-06
52 1.5084e-08 -6.39855e-06
53 1.507e-08 -6.39889e-06
54 1.50564e-08 -6.39925e-06
55 1.50428e-08 -6.39965e-06
56 1.50298e-08 -6.40004e-06
57 1.50174e-08 -6.40043e-06
58 1.50049e-08 -6.40085e-06
59 1.49921e-08 -6.40123e-06
60 1.498e-08 -6.40164e-06
61 1.49686e-08 -6.40206e-06
62 1.49568e-08 -6.40247e-06
63 1.49458e-08 -6.4029e-06
64 1.4935e-08 -6.40333e-06
65 1.49245e-08 -6.40376e-06
66 1.49142e-08 -6.40419e-06
67 1.4904e-08 -6.40462e-06
68 1.48941e-08 -6.40506e-06
69 1.48843e-08 -6.40549e-06
70 1.48746e-08 -6.40593e-06
71 1.4865e-08 -6.40637e-06
72 1.48557e-08 -6.40681e-06
73 1.48464e-08 -6.40725e-06
74 1.48372e-08 -6.40769e-06
75 1.48281e-08 -6.40812e-06
76 1.48191e-08 -6.40856e-06
77 1.48102e-08 -6.409e-06
78 1.48015e-08 -6.40944e-06
79 1.47928e-08 -6.40988e-06
80 1.47842e-08 -6.41032e-06
