26 1.61424 6.09618
27 39001.1 37452.7
28 40520.1 26766.6
29 51617.6 3137.47
30 51388.7 3142.16
31 51333.4 3157.96
32 51335.5 3144.16
33 51324.9 3143.17
34 51315.5 3142.53
35 51308.6 3142.13
36 51302.6 3141.95
37 51296.7 3141.74
38 51292.1 3141.77
39 51287.3 3141.78
40 51283.7 3141.84
41 51280.7 3142.05
42 51276.9 3142.22
43 51273.6 3142.47
44 51270.6 3142.71
45 51267.8 3142.99
46 51264.7 3143.28
47 51262.2 3143.61
48 51259.7 3143.93
49 51257.1 3144.27
50 51254.6 3144.62
51 51252.2 3144.99
52 51249.9 3145.34
53 51247.6 3145.72
54 51245.5 3146.11
55 51243.5 3146.5
56 51241.6 3146.9
57 51239.5 3147.3
58 51237.7 3147.72
59 51235.8 3148.12
60 51233.9 3148.53
61 51232 3148.94
62 51230.2 3149.35
63 51228.4 3149.76
64 51226.5 3150.17
65 51224.7 3150.58
66 51222.8 3150.99
67 51221 3151.4
68 51219.2 3151.81
69 51217.4 3152.22
70 51215.6 3152.63
71 51213.9 3153.04
72 51212.1 3153.45
73 51210.4 3153.86
74 51208.6 3154.27
75 51206.9 3154.68
76 51205.2 3155.09
77 51203.5 3155.5
78 51201.8 3155.9
79 51200.1 3156.31
80 51198.5 3156.72
