26 -3.01962e-11 4.73359e-10
27 4.76164e-08 6.39982e-06
28 3.76868e-08 5.09037e-06
29 2.06413e-08 2.62427e-06
30 2.08301e-08 2.65563e-06
31 2.10684e-08 2.67238e-06
32 2.09178e-08 2.6557e-06
33 2.09163e-08 2.65544e-06
34 2.09092e-08 2.65449e-06
35 2.0905e-08 2.65396e-06
36 2.09017e-08 2.6535e-06
37 2.08987e-08 2.65311e-06
38 2.08971e-08 2.65286e-06
39 2.08957e-08 2.65266e-06
40 2.08947e-08 2.65254e-06
41 2.08943e-08 2.65242e-06
42 2.08941e-08 2.65238e-06
43 2.08941e-08 2.65233e-06
44 2.08945e-08 2.65235e-06
45 2.0895e-08 2.65238e-06
46 2.08955e-08 2.65243e-06
47 2.08964e-08 2.65251e-06
48 2.08973e-08 2.65259e-06
49 2.08983e-08 2.65269e-06
50 2.08994e-08 2.6528e-06
51 2.09006e-08 2.65292e-06
52 2.09018e-08 2.65305e-06
53 2.09031e-08 2.65318e-06
54 2.09045e-08 2.65332e-06
55 2.09059e-08 2.65348e-06
56 2.09074e-08 2.65364e-06
57 2.09088e-08 2.65379e-06
58 2.09103e-08 2.65395e-06
59 2.09117e-08 2.65409e-06
60 2.09132e-08 2.65425e-06
61 2.09147e-08 2.65441e-06
62 2.09162e-08 2.65457e-06
63 2.09178e-08 2.65473e-06
64 2.09193e-08 2.6549e-06
65 2.09208e-08 2.65506e-06
66 2.09224e-08 2.65523e-06
67 2.09239e-08 2.65539e-06
68 2.09255e-08 2.65556e-06
69 2.0927e-08 2.65573e-06
70 2.09285e-08 2.65589e-06
71 2.09301e-08 2.65606e-06
72 2.09316e-08 2.65622e-06
73 2.09332e-08 2.65639e-06
74 2.09347e-08 2.65656e-06
75 2.09362e-08 2.65672e-06
76 2.09378e-08 2.65689e-06
77 2.09393e-08 2.65705e-06
78 2.09408e-08 2.65722e-06
79 2.09423e-08 2.65738e-06
80 2.09438e-08 2.65754e-06
