26 3.73025e-11 -2.08528e-09
27 3.40877e-07 -8.51751e-06
28 3.63335e-07 -6.25956e-06
29 4.60153e-07 2.64789e-06
30 4.58112e-07 2.70313e-06
31 4.57619e-07 2.68102e-06
32 4.57638e-07 2.6698e-06
33 4.57543e-07 2.66957e-06
34 4.5746e-07 2.66866e-06
35 4.57398e-07 2.66838e-06
36 4.57345e-07 2.66796e-06
37 4.57292e-07 2.66773e-06
38 4.57251e-07 2.66751e-06
39 4.57209e-07 2.66746e-06
40 4.57177e-07 2.66751e-06
41 4.5715e-07 2.66736e-06
42 4.57115e-07 2.66743e-06
43 4.57086e-07 2.66738e-06
44 4.57059e-07 2.66753e-06
45 4.57034e-07 2.66763e-06
46 4.57007e-07 2.66775e-06
47 4.56985e-07 2.66791e-06
48 4.56963e-07 2.66808e-06
49 4.56939e-07 2.66827e-06
50 4.56917e-07 2.66846e-06
51 4.56896e-07 2.66864e-06
52 4.56875e-07 2.66887e-06
53 4.56855e-07 2.66909e-06
54 4.56835e-07 2.6693e-06
55 4.56818e-07 2.66955e-06
56 4.56801e-07 2.66979e-06
57 4.56782e-07 2.67001e-06
58 4.56766e-07 2.67023e-06
59 4.56749e-07 2.67042e-06
60 4.56733e-07 2.67066e-06
61 4.56715e-07 2.67089e-06
62 4.56699e-07 2.6711e-06
63 4.56683e-07 2.67134e-06
64 4.56666e-07 2.67158e-06
65 4.5665e-07 2.67181e-06
66 4.56634e-07 2.67205e-06
67 4.56617e-07 2.67229e-06
68 4.56601e-07 2.67252e-06
69 4.56585e-07 2.67276e-06
70 4.56569e-07 2.673e-06
71 4.56554e-07 2.67323e-06
72 4.56538e-07 2.67347e-06
73 4.56522e-07 2.6737e-06
74 4.56507e-07 2.67393e-06
75 4.56492e-07 2.67417e-06
76 4.56476e-07 2.6744e-06
77 4.56461e-07 2.67463e-06
78 4.56446e-07 2.67486e-06
79 4.56431e-07 2.67509e-06
80 4.56416e-07 2.67532e-06
