26 2.01833e-11 -3.9954e-09
27 -3.81697e-10 -1.72933e-05
28 -4.4261e-10 -1.37269e-05
29 2.83695e-10 -7.4378e-06
30 2.02417e-10 -7.53859e-06
31 2.67951e-10 -7.60803e-06
32 -5.52912e-09 -7.54699e-06
33 -5.6494e-09 -7.54628e-06
34 -5.6353e-09 -7.54358e-06
35 -5.60696e-09 -7.54208e-06
36 -5.57377e-09 -7.54081e-06
37 -5.53524e-09 -7.53973e-06
38 -5.49361e-09 -7.53905e-06
39 -5.44817e-09 -7.53852e-06
40 -5.40202e-09 -7.5382e-06
41 -5.3549e-09 -7.53791e-06
42 -5.30412e-09 -7.53783e-06
43 -5.25303e-09 -7.53775e-06
44 -5.20118e-09 -7.53786e-06
45 -5.14847e-09 -7.538e-06
46 -5.09481e-09 -7.53818e-06
47 -5.04127e-09 -7.53846e-06
48 -4.98749e-09 -7.53875e-06
49 -4.93295e-09 -7.5391e-06
50 -4.87849e-09 -7.53947e-06
51 -4.824e-09 -7.53985e-06
52 -4.76962e-09 -7.54027e-06
53 -4.71524e-09 -7.54071e-06
54 -4.66108e-09 -7.54117e-06
55 -4.60738e-09 -7.54167e-06
56 -4.55378e-09 -7.54217e-06
57 -4.50024e-09 -7.54266e-06
58 -4.44716e-09 -7.54316e-06
59 -4.39469e-09 -7.54362e-06
60 -4.34225e-09 -7.54413e-06
61 -4.28981e-09 -7.54464e-06
62 -4.23804e-09 -7.54514e-06
63 -4.18623e-09 -7.54566e-06
64 -4.13469e-09 -7.54618e-06
65 -4.08343e-09 -7.5467e-06
66 -4.03246e-09 -7.54722e-06
67 -3.98179e-09 -7.54775e-06
68 -3.93142e-09 -7.54827e-06
69 -3.88135e-09 -7.5488e-06
70 -3.83161e-09 -7.54932e-06
71 -3.78219e-09 -7.54984e-06
72 -3.73307e-09 -7.55037e-06
73 -3.68428e-09 -7.55089e-06
74 -3.63579e-09 -7.55141e-06
75 -3.58768e-09 -7.55193e-06
76 -3.53988e-09 -7.55245e-06
77 -3.49239e-09 -7.55297e-06
78 -3.44521e-09 -7.55348e-06
79 -3.39837e-09 -7.554e-06
80 -3.35182e-09 -7.55451e-06
