26 -5.10924 18.3459
27 38237.2 29355.3
28 40754 22743.7
29 51617 3084.6
30 51388.1 3122.55
31 51332.8 3115.04
32 51334.9 3101.75
33 51324.3 3101.17
34 51314.9 3100.3
35 51308 3099.95
36 51302 3099.59
37 51296.1 3099.36
38 51291.5 3099.23
39 51286.7 3099.19
40 51283.1 3099.25
41 51280.1 3099.24
42 51276.3 3099.37
43 51273 3099.44
44 51269.9 3099.64
45 51267.2 3099.83
46 51264.1 3100.03
47 51261.6 3100.28
48 51259.1 3100.53
49 51256.5 3100.8
50 51254 3101.08
51 51251.6 3101.36
52 51249.3 3101.66
53 51247 3101.97
54 51244.9 3102.27
55 51242.9 3102.6
56 51241 3102.93
57 51238.9 3103.25
58 51237.1 3103.57
59 51235.2 3103.87
60 51233.3 3104.21
61 51231.4 3104.53
62 51229.6 3104.85
63 51227.8 3105.18
64 51225.9 3105.52
65 51224.1 3105.85
66 51222.2 3106.18
67 51220.4 3106.51
68 51218.6 3106.84
69 51216.8 3107.18
70 51215 3107.51
71 51213.3 3107.84
72 51211.5 3108.17
73 51209.8 3108.5
74 51208 3108.83
75 51206.3 3109.16
76 51204.6 3109.49
77 51202.9 3109.81
78 51201.2 3110.14
79 51199.5 3110.46
80 51197.9 3110.79
