26 2.26406 -4.59313
27 -46.1744 -19880.8
28 -53.0073 -15780.9
29 28.466 -8550.91
30 19.3487 -8666.77
31 26.7 -8746.61
32 -623.588 -8676.44
33 -637.08 -8675.62
34 -635.498 -8672.51
35 -632.32 -8670.79
36 -628.597 -8669.33
37 -624.274 -8668.09
38 -619.605 -8667.3
39 -614.507 -8666.7
40 -609.33 -8666.33
41 -604.044 -8666
42 -598.348 -8665.91
43 -592.617 -8665.81
44 -586.801 -8665.94
45 -580.889 -8666.11
46 -574.869 -8666.3
47 -568.863 -8666.63
48 -562.83 -8666.96
49 -556.713 -8667.36
50 -550.603 -8667.79
51 -544.491 -8668.23
52 -538.391 -8668.71
53 -532.29 -8669.22
54 -526.215 -8669.74
55 -520.191 -8670.32
56 -514.179 -8670.89
57 -508.173 -8671.45
58 -502.219 -8672.03
59 -496.333 -8672.56
60 -490.45 -8673.15
61 -484.567 -8673.74
62 -478.761 -8674.3
63 -472.948 -8674.9
64 -467.167 -8675.51
65 -461.417 -8676.1
66 -455.7 -8676.7
67 -450.016 -8677.31
68 -444.365 -8677.91
69 -438.749 -8678.51
70 -433.169 -8679.11
71 -427.626 -8679.72
72 -422.116 -8680.32
73 -416.642 -8680.92
74 -411.203 -8681.52
75 -405.806 -8682.11
76 -400.444 -8682.71
77 -395.117 -8683.31
78 -389.825 -8683.9
79 -384.57 -8684.49
80 -379.349 -8685.08
