26 2.07006 -9.76092
27 -95.5912 -25539.6
28 -92.9675 -20254.1
29 4776.22 -6314.94
30 2079.29 -6237.25
31 2098.68 -6189.19
32 2027.83 -6186.22
33 2004.3 -6181.5
34 1996.29 -6180.19
35 1990.02 -6179.26
36 1984.98 -6178.76
37 1981.19 -6178.25
38 1978.17 -6178.15
39 1976.05 -6178.06
40 1974.21 -6178.14
41 1972.6 -6178.39
42 1971.86 -6178.64
43 1971.26 -6178.97
44 1970.91 -6179.36
45 1970.83 -6179.81
46 1971.03 -6180.26
47 1971.28 -6180.82
48 1971.66 -6181.36
49 1972.27 -6181.93
50 1972.94 -6182.53
51 1973.7 -6183.15
52 1974.51 -6183.77
53 1975.38 -6184.42
54 1976.27 -6185.09
55 1977.15 -6185.79
56 1978.06 -6186.49
57 1979.03 -6187.18
58 1979.96 -6187.9
59 1980.82 -6188.6
60 1981.76 -6189.31
61 1982.76 -6190.02
62 1983.68 -6190.74
63 1984.68 -6191.46
64 1985.69 -6192.17
65 1986.7 -6192.89
66 1987.72 -6193.61
67 1988.74 -6194.33
68 1989.76 -6195.05
69 1990.78 -6195.77
70 1991.79 -6196.49
71 1992.8 -6197.21
72 1993.8 -6197.93
73 1994.8 -6198.64
74 1995.8 -6199.36
75 1996.77 -6200.08
76 1997.75 -6200.79
77 1998.71 -6201.5
78 1999.67 -6202.22
79 2000.62 -6202.93
80 2001.56 -6203.64
