26 4.17172 11.3682
27 38237.4 19168.4
28 40755.9 14952.7
29 51617.1 3074.03
30 51388.2 3118.63
31 51332.9 3106.46
32 51335 3093.28
33 51324.4 3092.77
34 51315 3091.86
35 51308.1 3091.52
36 51302.1 3091.13
37 51296.2 3090.88
38 51291.6 3090.72
39 51286.8 3090.68
40 51283.2 3090.74
41 51280.2 3090.69
42 51276.4 3090.8
43 51273.1 3090.84
44 51270.1 3091.03
45 51267.3 3091.21
46 51264.2 3091.39
47 51261.7 3091.62
48 51259.3 3091.85
49 51256.6 3092.12
50 51254.1 3092.38
51 51251.7 3092.64
52 51249.4 3092.93
53 51247.1 3093.22
54 51245 3093.51
55 51243 3093.83
56 51241.1 3094.14
57 51239 3094.45
58 51237.2 3094.75
59 51235.3 3095.03
60 51233.4 3095.35
61 51231.5 3095.66
62 51229.7 3095.96
63 51227.9 3096.27
64 51226 3096.59
65 51224.2 3096.91
66 51222.3 3097.22
67 51220.5 3097.54
68 51218.7 3097.86
69 51216.9 3098.17
70 51215.1 3098.49
71 51213.4 3098.8
72 51211.6 3099.12
73 51209.9 3099.43
74 51208.1 3099.75
75 51206.4 3100.06
76 51204.7 3100.37
77 51203 3100.68
78 51201.3 3100.99
79 51199.6 3101.3
80 51198 3101.61
