26 2.06007 -2.33885
27 639.494 -16607.7
28 489.55 -13193
29 327.488 -7123.29
30 320.756 -7227.82
31 331.823 -7289.88
32 328.813 -7238.07
33 328.726 -7237.99
34 328.674 -7235.25
35 328.61 -7233.77
36 328.608 -7232.45
37 328.581 -7231.35
38 328.6 -7230.6
39 328.597 -7230.03
40 328.596 -7229.66
41 328.645 -7229.28
42 328.665 -7229.14
43 328.711 -7228.97
44 328.738 -7229.01
45 328.776 -7229.08
46 328.814 -7229.17
47 328.857 -7229.37
48 328.898 -7229.58
49 328.939 -7229.85
50 328.982 -7230.13
51 329.031 -7230.43
52 329.072 -7230.76
53 329.117 -7231.13
54 329.167 -7231.49
55 329.215 -7231.91
56 329.262 -7232.32
57 329.313 -7232.72
58 329.366 -7233.14
59 329.421 -7233.51
60 329.469 -7233.94
61 329.52 -7234.36
62 329.574 -7234.76
63 329.624 -7235.2
64 329.674 -7235.64
65 329.725 -7236.07
66 329.775 -7236.51
67 329.826 -7236.95
68 329.876 -7237.38
69 329.926 -7237.82
70 329.977 -7238.26
71 330.027 -7238.7
72 330.077 -7239.14
73 330.127 -7239.58
74 330.178 -7240.02
75 330.228 -7240.45
76 330.278 -7240.89
77 330.328 -7241.32
78 330.378 -7241.76
79 330.428 -7242.19
80 330.477 -7242.62
