26 -3.51397e-11 1.22288e-10
27 4.94235e-08 7.14207e-06
28 3.90401e-08 5.64115e-06
29 2.16715e-08 3.06396e-06
30 2.18221e-08 3.07655e-06
31 2.2108e-08 3.11545e-06
32 2.19468e-08 3.09411e-06
33 2.1945e-08 3.09366e-06
34 2.19378e-08 3.09271e-06
35 2.19334e-08 3.0921e-06
36 2.19302e-08 3.09169e-06
37 2.19272e-08 3.09128e-06
38 2.19257e-08 3.0911e-06
39 2.19243e-08 3.09092e-06
40 2.19234e-08 3.09081e-06
41 2.19232e-08 3.09081e-06
42 2.19231e-08 3.09081e-06
43 2.19233e-08 3.09088e-06
44 2.19238e-08 3.09096e-06
45 2.19245e-08 3.09107e-06
46 2.19252e-08 3.09119e-06
47 2.19263e-08 3.09136e-06
48 2.19274e-08 3.09152e-06
49 2.19286e-08 3.09171e-06
50 2.19298e-08 3.0919e-06
51 2.19312e-08 3.09211e-06
52 2.19326e-08 3.09232e-06
53 2.19341e-08 3.09254e-06
54 2.19356e-08 3.09277e-06
55 2.19373e-08 3.09302e-06
56 2.19389e-08 3.09326e-06
57 2.19406e-08 3.09351e-06
58 2.19423e-08 3.09377e-06
59 2.1944e-08 3.09402e-06
60 2.19457e-08 3.09427e-06
61 2.19474e-08 3.09453e-06
62 2.19491e-08 3.09478e-06
63 2.19508e-08 3.09504e-06
64 2.19526e-08 3.0953e-06
65 2.19543e-08 3.09556e-06
66 2.1956e-08 3.09582e-06
67 2.19578e-08 3.09608e-06
68 2.19595e-08 3.09634e-06
69 2.19613e-08 3.0966e-06
70 2.1963e-08 3.09686e-06
71 2.19648e-08 3.09712e-06
72 2.19665e-08 3.09738e-06
73 2.19682e-08 3.09764e-06
74 2.197e-08 3.09789e-06
75 2.19717e-08 3.09815e-06
76 2.19734e-08 3.09841e-06
77 2.19752e-08 3.09867e-06
78 2.19769e-08 3.09893e-06
79 2.19786e-08 3.09918e-06
80 2.19803e-08 3.09944e-06
