26 5.18264 2.30594
27 39001.1 41812.8
28 40518.6 29909.2
29 51617.6 3132.19
30 51388.7 3140.2
31 51333.4 3153.67
32 51335.5 3139.93
33 51324.9 3138.98
34 51315.6 3138.32
35 51308.6 3137.92
36 51302.6 3137.73
37 51296.7 3137.51
38 51292.2 3137.53
39 51287.4 3137.53
40 51283.8 3137.59
41 51280.8 3137.78
42 51276.9 3137.94
43 51273.6 3138.17
44 51270.6 3138.41
45 51267.8 3138.69
46 51264.7 3138.96
47 51262.3 3139.28
48 51259.8 3139.6
49 51257.2 3139.93
50 51254.7 3140.27
51 51252.3 3140.64
52 51250 3140.99
53 51247.7 3141.35
54 51245.5 3141.73
55 51243.6 3142.12
56 51241.6 3142.51
57 51239.6 3142.91
58 51237.7 3143.31
59 51235.8 3143.71
60 51234 3144.1
61 51232 3144.51
62 51230.3 3144.91
63 51228.4 3145.31
64 51226.6 3145.71
65 51224.7 3146.12
66 51222.9 3146.52
67 51221.1 3146.92
68 51219.2 3147.32
69 51217.5 3147.73
70 51215.7 3148.13
71 51213.9 3148.53
72 51212.1 3148.93
73 51210.4 3149.34
74 51208.7 3149.74
75 51207 3150.14
76 51205.2 3150.54
77 51203.5 3150.94
78 51201.9 3151.34
79 51200.2 3151.74
80 51198.5 3152.13
