26 4.62768 -4.43369
27 39000.6 -13032.5
28 40525.6 -9618.94
29 51617.1 3198.56
30 51388.2 3164.81
31 51332.9 3207.54
32 51335 3193.15
33 51324.4 3191.7
34 51315.1 3191.32
35 51308.1 3190.86
36 51302.1 3190.89
37 51296.2 3190.72
38 51291.6 3190.93
39 51286.9 3190.98
40 51283.3 3191.04
41 51280.3 3191.5
42 51276.4 3191.73
43 51273.1 3192.17
44 51270.1 3192.47
45 51267.3 3192.86
46 51264.2 3193.23
47 51261.8 3193.66
48 51259.3 3194.08
49 51256.7 3194.49
50 51254.2 3194.92
51 51251.8 3195.4
52 51249.4 3195.82
53 51247.2 3196.26
54 51245 3196.75
55 51243.1 3197.22
56 51241.1 3197.7
57 51239.1 3198.19
58 51237.2 3198.71
59 51235.3 3199.25
60 51233.5 3199.73
61 51231.5 3200.23
62 51229.8 3200.76
63 51227.9 3201.26
64 51226 3201.76
65 51224.2 3202.26
66 51222.4 3202.76
67 51220.5 3203.26
68 51218.7 3203.76
69 51216.9 3204.26
70 51215.2 3204.76
71 51213.4 3205.27
72 51211.6 3205.77
73 51209.9 3206.27
74 51208.2 3206.77
75 51206.4 3207.27
76 51204.7 3207.77
77 51203 3208.27
78 51201.3 3208.77
79 51199.7 3209.27
80 51198 3209.77
