26 -3.79682 1.17705
27 4020.96 310.174
28 3167.96 202.053
29 1789.67 194.459
30 1797 159.833
31 1824.44 180.077
32 1810.8 178.652
33 1810.62 178.248
34 1810.06 178.426
35 1809.69 178.408
36 1809.46 178.559
37 1809.22 178.608
38 1809.12 178.752
39 1809.01 178.812
40 1808.95 178.855
41 1808.96 179.045
42 1808.96 179.12
43 1809.01 179.279
44 1809.06 179.356
45 1809.13 179.463
46 1809.2 179.564
47 1809.31 179.668
48 1809.41 179.766
49 1809.52 179.856
50 1809.64 179.953
51 1809.77 180.064
52 1809.9 180.149
53 1810.03 180.239
54 1810.18 180.345
55 1810.32 180.439
56 1810.47 180.534
57 1810.62 180.637
58 1810.78 180.747
59 1810.94 180.87
60 1811.09 180.964
61 1811.24 181.067
62 1811.4 181.182
63 1811.56 181.282
64 1811.71 181.38
65 1811.87 181.48
66 1812.03 181.581
67 1812.19 181.68
68 1812.34 181.78
69 1812.5 181.88
70 1812.66 181.98
71 1812.82 182.079
72 1812.98 182.179
73 1813.13 182.278
74 1813.29 182.378
75 1813.45 182.477
76 1813.6 182.576
77 1813.76 182.676
78 1813.92 182.775
79 1814.07 182.875
80 1814.23 182.974
