26 -2.36389e-11 1.37372e-09
27 3.52894e-08 3.62491e-07
28 2.79937e-08 3.4322e-07
29 1.50942e-08 -9.31974e-08
30 1.52713e-08 -6.72512e-08
31 1.54164e-08 -9.64444e-08
32 1.53087e-08 -9.20513e-08
33 1.53079e-08 -9.1997e-08
34 1.53024e-08 -9.21247e-08
35 1.52994e-08 -9.21024e-08
36 1.52968e-08 -9.2231e-08
37 1.52945e-08 -9.22685e-08
38 1.52931e-08 -9.23927e-08
39 1.5292e-08 -9.24433e-08
40 1.52913e-08 -9.24769e-08
41 1.52907e-08 -9.26418e-08
42 1.52905e-08 -9.27092e-08
43 1.52903e-08 -9.28501e-08
44 1.52905e-08 -9.29174e-08
45 1.52907e-08 -9.30119e-08
46 1.5291e-08 -9.31028e-08
47 1.52916e-08 -9.31959e-08
48 1.52921e-08 -9.32834e-08
49 1.52928e-08 -9.33647e-08
50 1.52935e-08 -9.3452e-08
51 1.52942e-08 -9.35517e-08
52 1.5295e-08 -9.36278e-08
53 1.52959e-08 -9.37095e-08
54 1.52967e-08 -9.38051e-08
55 1.52977e-08 -9.3889e-08
56 1.52987e-08 -9.39739e-08
57 1.52996e-08 -9.40665e-08
58 1.53006e-08 -9.41645e-08
59 1.53015e-08 -9.42737e-08
60 1.53025e-08 -9.43578e-08
61 1.53035e-08 -9.44499e-08
62 1.53045e-08 -9.45515e-08
63 1.53055e-08 -9.46406e-08
64 1.53065e-08 -9.47279e-08
65 1.53075e-08 -9.48174e-08
66 1.53085e-08 -9.49068e-08
67 1.53096e-08 -9.49952e-08
68 1.53106e-08 -9.50838e-08
69 1.53116e-08 -9.5172e-08
70 1.53126e-08 -9.52606e-08
71 1.53136e-08 -9.53489e-08
72 1.53147e-08 -9.54373e-08
73 1.53157e-08 -9.55247e-08
74 1.53167e-08 -9.56129e-08
75 1.53177e-08 -9.57011e-08
76 1.53187e-08 -9.57884e-08
77 1.53198e-08 -9.58759e-08
78 1.53208e-08 -9.59635e-08
79 1.53218e-08 -9.60511e-08
80 1.53228e-08 -9.61383e-08
