26 -3.16838 0.834764
27 5157.47 6387.5
28 4083.29 5091.8
29 2231.09 2572.65
30 2252.35 2609.26
31 2277.48 2619.92
32 2261.25 2604.28
33 2261.1 2604.04
34 2260.32 2603.08
35 2259.86 2602.56
36 2259.51 2602.08
37 2259.18 2601.69
38 2259 2601.42
39 2258.85 2601.21
40 2258.75 2601.08
41 2258.69 2600.93
42 2258.67 2600.87
43 2258.67 2600.79
44 2258.7 2600.8
45 2258.75 2600.81
46 2258.81 2600.83
47 2258.91 2600.89
48 2259 2600.96
49 2259.11 2601.04
50 2259.23 2601.13
51 2259.35 2601.23
52 2259.48 2601.34
53 2259.62 2601.45
54 2259.76 2601.57
55 2259.92 2601.71
56 2260.07 2601.85
57 2260.23 2601.98
58 2260.39 2602.11
59 2260.54 2602.23
60 2260.7 2602.37
61 2260.86 2602.51
62 2261.01 2602.64
63 2261.18 2602.79
64 2261.34 2602.93
65 2261.5 2603.08
66 2261.67 2603.22
67 2261.83 2603.37
68 2262 2603.51
69 2262.16 2603.66
70 2262.33 2603.8
71 2262.49 2603.95
72 2262.65 2604.09
73 2262.82 2604.24
74 2262.98 2604.39
75 2263.15 2604.53
76 2263.31 2604.68
77 2263.47 2604.82
78 2263.63 2604.96
79 2263.8 2605.11
80 2263.96 2605.25
