26 -4.30457 21.7052
27 39000.9 18517.3
28 40524.9 13119.3
29 51617.4 3160.38
30 51388.5 3150.65
31 51333.2 3176.55
32 51335.3 3162.53
33 51324.7 3161.37
34 51315.3 3160.83
35 51308.4 3160.41
36 51302.4 3160.31
37 51296.5 3160.11
38 51291.9 3160.21
39 51287.2 3160.23
40 51283.6 3160.29
41 51280.6 3160.59
42 51276.7 3160.79
43 51273.4 3161.11
44 51270.4 3161.37
45 51267.6 3161.69
46 51264.5 3162.01
47 51262.1 3162.38
48 51259.6 3162.74
49 51256.9 3163.1
50 51254.5 3163.49
51 51252 3163.9
52 51249.7 3164.27
53 51247.5 3164.67
54 51245.3 3165.1
55 51243.4 3165.53
56 51241.4 3165.96
57 51239.3 3166.39
58 51237.5 3166.84
59 51235.6 3167.3
60 51233.8 3167.73
61 51231.8 3168.18
62 51230 3168.63
63 51228.2 3169.08
64 51226.3 3169.52
65 51224.5 3169.96
66 51222.6 3170.41
67 51220.8 3170.85
68 51219 3171.3
69 51217.2 3171.74
70 51215.4 3172.19
71 51213.7 3172.63
72 51211.9 3173.07
73 51210.2 3173.52
74 51208.5 3173.96
75 51206.7 3174.41
76 51205 3174.85
77 51203.3 3175.29
78 51201.6 3175.73
79 51199.9 3176.18
80 51198.3 3176.62
