26 -7.04583e-11 1.03721e-09
27 2.65117e-08 -4.27582e-06
28 2.08428e-08 -3.42695e-06
29 1.19439e-08 -1.78529e-06
30 1.19659e-08 -1.83635e-06
31 1.21691e-08 -1.83902e-06
32 1.20764e-08 -1.82619e-06
33 1.2075e-08 -1.82642e-06
34 1.20714e-08 -1.82557e-06
35 1.2069e-08 -1.82519e-06
36 1.20676e-08 -1.82473e-06
37 1.2066e-08 -1.8244e-06
38 1.20655e-08 -1.82411e-06
39 1.20648e-08 -1.82391e-06
40 1.20644e-08 -1.82378e-06
41 1.20646e-08 -1.82355e-06
42 1.20647e-08 -1.82347e-06
43 1.20652e-08 -1.82331e-06
44 1.20656e-08 -1.82327e-06
45 1.20661e-08 -1.82322e-06
46 1.20667e-08 -1.82318e-06
47 1.20675e-08 -1.82316e-06
48 1.20682e-08 -1.82315e-06
49 1.20691e-08 -1.82316e-06
50 1.20699e-08 -1.82317e-06
51 1.20709e-08 -1.82318e-06
52 1.20718e-08 -1.82321e-06
53 1.20727e-08 -1.82325e-06
54 1.20738e-08 -1.82328e-06
55 1.20748e-08 -1.82333e-06
56 1.20759e-08 -1.82337e-06
57 1.2077e-08 -1.82341e-06
58 1.20781e-08 -1.82345e-06
59 1.20792e-08 -1.82347e-06
60 1.20803e-08 -1.82352e-06
61 1.20814e-08 -1.82356e-06
62 1.20826e-08 -1.82359e-06
63 1.20837e-08 -1.82365e-06
64 1.20848e-08 -1.8237e-06
65 1.20859e-08 -1.82375e-06
66 1.2087e-08 -1.8238e-06
67 1.20882e-08 -1.82385e-06
68 1.20893e-08 -1.8239e-06
69 1.20904e-08 -1.82395e-06
70 1.20915e-08 -1.824e-06
71 1.20927e-08 -1.82405e-06
72 1.20938e-08 -1.8241e-06
73 1.20949e-08 -1.82415e-06
74 1.2096e-08 -1.8242e-06
75 1.20971e-08 -1.82425e-06
76 1.20983e-08 -1.82431e-06
77 1.20994e-08 -1.82436e-06
78 1.21005e-08 -1.82441e-06
79 1.21016e-08 -1.82445e-06
80 1.21027e-08 -1.8245e-06
