26 -4.15345e-11 1.53256e-09
27 2.99821e-08 -2.22806e-06
28 2.38101e-08 -1.69876e-06
29 1.27391e-08 -1.24306e-06
30 1.29053e-08 -1.22242e-06
31 1.30152e-08 -1.2688e-06
32 1.29254e-08 -1.25568e-06
33 1.29249e-08 -1.25551e-06
34 1.29201e-08 -1.25527e-06
35 1.29175e-08 -1.25502e-06
36 1.29152e-08 -1.25499e-06
37 1.29133e-08 -1.25487e-06
38 1.2912e-08 -1.25493e-06
39 1.29111e-08 -1.25491e-06
40 1.29104e-08 -1.2549e-06
41 1.29098e-08 -1.25507e-06
42 1.29096e-08 -1.25514e-06
43 1.29094e-08 -1.25531e-06
44 1.29095e-08 -1.2554e-06
45 1.29097e-08 -1.25554e-06
46 1.29099e-08 -1.25568e-06
47 1.29103e-08 -1.25584e-06
48 1.29107e-08 -1.25599e-06
49 1.29112e-08 -1.25614e-06
50 1.29117e-08 -1.2563e-06
51 1.29123e-08 -1.25649e-06
52 1.29129e-08 -1.25664e-06
53 1.29136e-08 -1.25681e-06
54 1.29143e-08 -1.25699e-06
55 1.29151e-08 -1.25717e-06
56 1.29159e-08 -1.25735e-06
57 1.29166e-08 -1.25754e-06
58 1.29174e-08 -1.25774e-06
59 1.29181e-08 -1.25794e-06
60 1.29189e-08 -1.25812e-06
61 1.29197e-08 -1.25831e-06
62 1.29205e-08 -1.25851e-06
63 1.29213e-08 -1.2587e-06
64 1.29221e-08 -1.25889e-06
65 1.29229e-08 -1.25908e-06
66 1.29237e-08 -1.25927e-06
67 1.29245e-08 -1.25946e-06
68 1.29253e-08 -1.25964e-06
69 1.29262e-08 -1.25983e-06
70 1.2927e-08 -1.26002e-06
71 1.29278e-08 -1.26021e-06
72 1.29286e-08 -1.2604e-06
73 1.29294e-08 -1.26058e-06
74 1.29303e-08 -1.26077e-06
75 1.29311e-08 -1.26096e-06
76 1.29319e-08 -1.26114e-06
77 1.29327e-08 -1.26133e-06
78 1.29335e-08 -1.26152e-06
79 1.29343e-08 -1.2617e-06
80 1.29351e-08 -1.26189e-06
