26 6.04677e-11 7.43559e-11
27 3.35926e-07 3.94751e-05
28 3.61329e-07 2.8757e-05
29 4.60281e-07 2.71852e-06
30 4.5824e-07 2.72838e-06
31 4.57748e-07 2.73807e-06
32 4.57766e-07 2.72616e-06
33 4.57672e-07 2.72537e-06
34 4.57588e-07 2.72477e-06
35 4.57526e-07 2.72443e-06
36 4.57473e-07 2.72425e-06
37 4.5742e-07 2.72406e-06
38 4.5738e-07 2.72406e-06
39 4.57337e-07 2.72406e-06
40 4.57305e-07 2.72411e-06
41 4.57278e-07 2.72425e-06
42 4.57244e-07 2.7244e-06
43 4.57214e-07 2.72458e-06
44 4.57187e-07 2.72479e-06
45 4.57163e-07 2.72501e-06
46 4.57135e-07 2.72525e-06
47 4.57113e-07 2.72552e-06
48 4.57091e-07 2.72579e-06
49 4.57068e-07 2.72607e-06
50 4.57046e-07 2.72636e-06
51 4.57024e-07 2.72667e-06
52 4.57003e-07 2.72697e-06
53 4.56983e-07 2.72728e-06
54 4.56964e-07 2.72761e-06
55 4.56947e-07 2.72794e-06
56 4.56929e-07 2.72828e-06
57 4.56911e-07 2.72861e-06
58 4.56894e-07 2.72895e-06
59 4.56877e-07 2.72929e-06
60 4.56861e-07 2.72963e-06
61 4.56844e-07 2.72997e-06
62 4.56828e-07 2.73031e-06
63 4.56811e-07 2.73066e-06
64 4.56795e-07 2.731e-06
65 4.56778e-07 2.73134e-06
66 4.56762e-07 2.73168e-06
67 4.56746e-07 2.73203e-06
68 4.5673e-07 2.73237e-06
69 4.56714e-07 2.73272e-06
70 4.56698e-07 2.73306e-06
71 4.56682e-07 2.7334e-06
72 4.56666e-07 2.73374e-06
73 4.56651e-07 2.73409e-06
74 4.56635e-07 2.73443e-06
75 4.5662e-07 2.73477e-06
76 4.56605e-07 2.73511e-06
77 4.5659e-07 2.73545e-06
78 4.56575e-07 2.73579e-06
79 4.5656e-07 2.73613e-06
80 4.56545e-07 2.73647e-06
