26 1.74066 -7.29834
27 38237.9 -21962.2
28 40755.5 -16504
29 51617.6 3031.37
30 51388.7 3102.81
31 51333.4 3071.83
32 51335.5 3059.06
33 51324.9 3058.88
34 51315.6 3057.78
35 51308.6 3057.48
36 51302.7 3056.95
37 51296.7 3056.68
38 51292.2 3056.39
39 51287.4 3056.32
40 51283.8 3056.38
41 51280.8 3056.15
42 51276.9 3056.23
43 51273.6 3056.13
44 51270.6 3056.28
45 51267.8 3056.38
46 51264.8 3056.5
47 51262.3 3056.66
48 51259.8 3056.83
49 51257.2 3057.04
50 51254.7 3057.24
51 51252.3 3057.43
52 51250 3057.67
53 51247.7 3057.92
54 51245.5 3058.14
55 51243.6 3058.4
56 51241.6 3058.66
57 51239.6 3058.9
58 51237.7 3059.13
59 51235.8 3059.32
60 51234 3059.59
61 51232.1 3059.83
62 51230.3 3060.05
63 51228.4 3060.3
64 51226.6 3060.56
65 51224.7 3060.81
66 51222.9 3061.06
67 51221.1 3061.32
68 51219.3 3061.57
69 51217.5 3061.83
70 51215.7 3062.08
71 51213.9 3062.33
72 51212.2 3062.58
73 51210.4 3062.83
74 51208.7 3063.08
75 51207 3063.33
76 51205.3 3063.58
77 51203.6 3063.82
78 51201.9 3064.07
79 51200.2 3064.31
80 51198.5 3064.55
