26 1.39464e-11 -1.03831e-08
27 3.47708e-07 -2.36682e-05
28 3.71928e-07 -1.70339e-05
29 4.48516e-07 3.86079e-06
30 4.51154e-07 3.78973e-06
31 4.50369e-07 3.83351e-06
32 4.50442e-07 3.81916e-06
33 4.50372e-07 3.81528e-06
34 4.50337e-07 3.81344e-06
35 4.5032e-07 3.81162e-06
36 4.50314e-07 3.81047e-06
37 4.5031e-07 3.80922e-06
38 4.50318e-07 3.80847e-06
39 4.50324e-07 3.8076e-06
40 4.50338e-07 3.80682e-06
41 4.50359e-07 3.80651e-06
42 4.50375e-07 3.80599e-06
43 4.50396e-07 3.80573e-06
44 4.50418e-07 3.80534e-06
45 4.50441e-07 3.80505e-06
46 4.50464e-07 3.80479e-06
47 4.5049e-07 3.80458e-06
48 4.50515e-07 3.80437e-06
49 4.50541e-07 3.80417e-06
50 4.50567e-07 3.80401e-06
51 4.50594e-07 3.8039e-06
52 4.5062e-07 3.80373e-06
53 4.50647e-07 3.80359e-06
54 4.50675e-07 3.80351e-06
55 4.50704e-07 3.80342e-06
56 4.50732e-07 3.80332e-06
57 4.5076e-07 3.80326e-06
58 4.50788e-07 3.80322e-06
59 4.50817e-07 3.80319e-06
60 4.50844e-07 3.80311e-06
61 4.50872e-07 3.80306e-06
62 4.509e-07 3.80303e-06
63 4.50928e-07 3.80298e-06
64 4.50955e-07 3.80292e-06
65 4.50982e-07 3.80286e-06
66 4.51009e-07 3.80281e-06
67 4.51035e-07 3.80276e-06
68 4.51062e-07 3.8027e-06
69 4.51088e-07 3.80265e-06
70 4.51114e-07 3.8026e-06
71 4.5114e-07 3.80254e-06
72 4.51166e-07 3.80249e-06
73 4.51192e-07 3.80243e-06
74 4.51217e-07 3.80238e-06
75 4.51242e-07 3.80233e-06
76 4.51267e-07 3.80227e-06
77 4.51292e-07 3.80222e-06
78 4.51317e-07 3.80216e-06
79 4.51341e-07 3.80211e-06
80 4.51365e-07 3.80205e-06
