26 -3.37749e-11 7.64143e-10
27 4.46104e-08 4.73487e-06
28 3.52012e-08 3.72117e-06
29 1.96803e-08 2.06789e-06
30 1.9794e-08 2.06222e-06
31 2.00709e-08 2.09645e-06
32 1.99231e-08 2.0818e-06
33 1.99213e-08 2.08137e-06
34 1.99148e-08 2.08082e-06
35 1.99109e-08 2.08041e-06
36 1.99081e-08 2.08021e-06
37 1.99054e-08 2.07996e-06
38 1.99041e-08 2.0799e-06
39 1.99029e-08 2.07981e-06
40 1.99021e-08 2.07976e-06
41 1.9902e-08 2.07983e-06
42 1.9902e-08 2.07987e-06
43 1.99024e-08 2.07997e-06
44 1.99029e-08 2.08006e-06
45 1.99035e-08 2.08017e-06
46 1.99043e-08 2.08029e-06
47 1.99053e-08 2.08045e-06
48 1.99064e-08 2.08059e-06
49 1.99075e-08 2.08075e-06
50 1.99087e-08 2.08092e-06
51 1.99101e-08 2.0811e-06
52 1.99114e-08 2.08127e-06
53 1.99128e-08 2.08145e-06
54 1.99142e-08 2.08164e-06
55 1.99158e-08 2.08184e-06
56 1.99174e-08 2.08204e-06
57 1.99189e-08 2.08224e-06
58 1.99206e-08 2.08246e-06
59 1.99221e-08 2.08267e-06
60 1.99237e-08 2.08287e-06
61 1.99253e-08 2.08308e-06
62 1.9927e-08 2.08329e-06
63 1.99286e-08 2.0835e-06
64 1.99302e-08 2.08371e-06
65 1.99319e-08 2.08392e-06
66 1.99335e-08 2.08413e-06
67 1.99352e-08 2.08434e-06
68 1.99368e-08 2.08455e-06
69 1.99385e-08 2.08476e-06
70 1.99401e-08 2.08497e-06
71 1.99417e-08 2.08518e-06
72 1.99434e-08 2.08539e-06
73 1.9945e-08 2.0856e-06
74 1.99467e-08 2.08581e-06
75 1.99483e-08 2.08601e-06
76 1.99499e-08 2.08622e-06
77 1.99516e-08 2.08643e-06
78 1.99532e-08 2.08664e-06
79 1.99548e-08 2.08685e-06
80 1.99564e-08 2.08705e-06
