26 -4.35026e-11 -1.12564e-10
27 2.31126e-08 -5.75256e-06
28 1.81504e-08 -4.59652e-06
29 1.04772e-08 -2.42297e-06
30 1.04846e-08 -2.48033e-06
31 1.06718e-08 -2.49001e-06
32 1.05897e-08 -2.47256e-06
33 1.05884e-08 -2.47275e-06
34 1.05853e-08 -2.47167e-06
35 1.05832e-08 -2.47116e-06
36 1.0582e-08 -2.4706e-06
37 1.05807e-08 -2.47018e-06
38 1.05803e-08 -2.46983e-06
39 1.05797e-08 -2.46959e-06
40 1.05794e-08 -2.46943e-06
41 1.05796e-08 -2.46919e-06
42 1.05798e-08 -2.46909e-06
43 1.05802e-08 -2.46894e-06
44 1.05806e-08 -2.46891e-06
45 1.05811e-08 -2.46887e-06
46 1.05816e-08 -2.46884e-06
47 1.05824e-08 -2.46885e-06
48 1.0583e-08 -2.46887e-06
49 1.05838e-08 -2.46891e-06
50 1.05846e-08 -2.46895e-06
51 1.05855e-08 -2.469e-06
52 1.05863e-08 -2.46906e-06
53 1.05871e-08 -2.46914e-06
54 1.05881e-08 -2.46921e-06
55 1.05891e-08 -2.4693e-06
56 1.059e-08 -2.46939e-06
57 1.0591e-08 -2.46947e-06
58 1.0592e-08 -2.46956e-06
59 1.0593e-08 -2.46962e-06
60 1.0594e-08 -2.46971e-06
61 1.0595e-08 -2.4698e-06
62 1.05961e-08 -2.46988e-06
63 1.05971e-08 -2.46997e-06
64 1.05981e-08 -2.47007e-06
65 1.05991e-08 -2.47017e-06
66 1.06001e-08 -2.47026e-06
67 1.06011e-08 -2.47036e-06
68 1.06022e-08 -2.47046e-06
69 1.06032e-08 -2.47056e-06
70 1.06042e-08 -2.47065e-06
71 1.06052e-08 -2.47075e-06
72 1.06062e-08 -2.47085e-06
73 1.06072e-08 -2.47095e-06
74 1.06083e-08 -2.47104e-06
75 1.06093e-08 -2.47114e-06
76 1.06103e-08 -2.47124e-06
77 1.06113e-08 -2.47133e-06
78 1.06123e-08 -2.47143e-06
79 1.06133e-08 -2.47152e-06
80 1.06143e-08 -2.47162e-06
