26 -3.78698 -0.0123347
27 5666.82 8866.66
28 4480.42 7024.61
29 2470.81 3741.8
30 2490.61 3770.83
31 2521.25 3808.68
32 2503.03 3783.34
33 2502.84 3782.9
34 2502 3781.65
35 2501.5 3780.9
36 2501.12 3780.33
37 2500.77 3779.8
38 2500.59 3779.52
39 2500.42 3779.27
40 2500.32 3779.11
41 2500.28 3779.04
42 2500.26 3779.02
43 2500.28 3779.03
44 2500.33 3779.09
45 2500.39 3779.19
46 2500.47 3779.3
47 2500.59 3779.46
48 2500.7 3779.63
49 2500.83 3779.82
50 2500.97 3780.02
51 2501.12 3780.24
52 2501.27 3780.45
53 2501.43 3780.69
54 2501.6 3780.94
55 2501.78 3781.21
56 2501.97 3781.47
57 2502.15 3781.74
58 2502.34 3782.01
59 2502.51 3782.27
60 2502.7 3782.54
61 2502.89 3782.82
62 2503.08 3783.09
63 2503.27 3783.37
64 2503.46 3783.65
65 2503.65 3783.93
66 2503.84 3784.21
67 2504.03 3784.49
68 2504.22 3784.78
69 2504.42 3785.06
70 2504.61 3785.34
71 2504.8 3785.62
72 2504.99 3785.9
73 2505.18 3786.18
74 2505.37 3786.46
75 2505.57 3786.74
76 2505.76 3787.02
77 2505.95 3787.3
78 2506.14 3787.58
79 2506.33 3787.86
80 2506.51 3788.14
