26 3.49624e-11 7.66349e-09
27 3.47681e-07 8.49655e-06
28 3.61276e-07 5.92665e-06
29 4.60152e-07 2.75828e-06
30 4.58111e-07 2.74402e-06
31 4.57618e-07 2.77061e-06
32 4.57637e-07 2.75833e-06
33 4.57543e-07 2.75725e-06
34 4.57459e-07 2.75681e-06
35 4.57397e-07 2.75644e-06
36 4.57344e-07 2.75638e-06
37 4.57291e-07 2.75622e-06
38 4.57251e-07 2.75633e-06
39 4.57208e-07 2.75635e-06
40 4.57176e-07 2.75641e-06
41 4.57149e-07 2.75671e-06
42 4.57115e-07 2.75689e-06
43 4.57085e-07 2.7572e-06
44 4.57058e-07 2.75743e-06
45 4.57034e-07 2.75773e-06
46 4.57006e-07 2.75802e-06
47 4.56984e-07 2.75835e-06
48 4.56962e-07 2.75868e-06
49 4.56939e-07 2.75901e-06
50 4.56916e-07 2.75935e-06
51 4.56895e-07 2.75973e-06
52 4.56874e-07 2.76006e-06
53 4.56854e-07 2.76042e-06
54 4.56835e-07 2.76081e-06
55 4.56817e-07 2.76119e-06
56 4.568e-07 2.76158e-06
57 4.56782e-07 2.76197e-06
58 4.56765e-07 2.76238e-06
59 4.56748e-07 2.76279e-06
60 4.56732e-07 2.76318e-06
61 4.56715e-07 2.76358e-06
62 4.56699e-07 2.764e-06
63 4.56682e-07 2.7644e-06
64 4.56666e-07 2.76479e-06
65 4.56649e-07 2.76519e-06
66 4.56633e-07 2.76559e-06
67 4.56617e-07 2.76599e-06
68 4.56601e-07 2.7664e-06
69 4.56585e-07 2.7668e-06
70 4.56569e-07 2.7672e-06
71 4.56553e-07 2.7676e-06
72 4.56537e-07 2.768e-06
73 4.56522e-07 2.7684e-06
74 4.56506e-07 2.7688e-06
75 4.56491e-07 2.7692e-06
76 4.56476e-07 2.7696e-06
77 4.56461e-07 2.76999e-06
78 4.56445e-07 2.77039e-06
79 4.5643e-07 2.77079e-06
80 4.56416e-07 2.77119e-06
