26 -2.61227e-11 9.54915e-10
27 4.37203e-08 4.52284e-06
28 3.46295e-08 3.61764e-06
29 1.8868e-08 1.76932e-06
30 1.90567e-08 1.80086e-06
31 1.92625e-08 1.80174e-06
32 1.91258e-08 1.79181e-06
33 1.91246e-08 1.79166e-06
34 1.91179e-08 1.79096e-06
35 1.91141e-08 1.7906e-06
36 1.9111e-08 1.79024e-06
37 1.91083e-08 1.78996e-06
38 1.91067e-08 1.78974e-06
39 1.91054e-08 1.78958e-06
40 1.91045e-08 1.78948e-06
41 1.9104e-08 1.78934e-06
42 1.91038e-08 1.78929e-06
43 1.91037e-08 1.7892e-06
44 1.9104e-08 1.78919e-06
45 1.91044e-08 1.78918e-06
46 1.91049e-08 1.78917e-06
47 1.91057e-08 1.78919e-06
48 1.91064e-08 1.78922e-06
49 1.91073e-08 1.78926e-06
50 1.91083e-08 1.7893e-06
51 1.91093e-08 1.78934e-06
52 1.91104e-08 1.7894e-06
53 1.91115e-08 1.78946e-06
54 1.91127e-08 1.78952e-06
55 1.9114e-08 1.7896e-06
56 1.91153e-08 1.78968e-06
57 1.91166e-08 1.78974e-06
58 1.91179e-08 1.78982e-06
59 1.91191e-08 1.78987e-06
60 1.91205e-08 1.78995e-06
61 1.91218e-08 1.79003e-06
62 1.91231e-08 1.7901e-06
63 1.91245e-08 1.79018e-06
64 1.91258e-08 1.79026e-06
65 1.91272e-08 1.79034e-06
66 1.91285e-08 1.79042e-06
67 1.91299e-08 1.7905e-06
68 1.91313e-08 1.79058e-06
69 1.91326e-08 1.79066e-06
70 1.9134e-08 1.79074e-06
71 1.91354e-08 1.79082e-06
72 1.91367e-08 1.79091e-06
73 1.91381e-08 1.79099e-06
74 1.91395e-08 1.79107e-06
75 1.91408e-08 1.79115e-06
76 1.91422e-08 1.79123e-06
77 1.91435e-08 1.79131e-06
78 1.91449e-08 1.79139e-06
79 1.91462e-08 1.79147e-06
80 1.91476e-08 1.79155e-06
