26 -2.1423 -0.905549
27 2250.76 -8385.46
28 1765.15 -6687.43
29 1027.22 -3552.06
30 1026.63 -3625.33
31 1045.97 -3645.09
32 1037.84 -3619.44
33 1037.7 -3619.61
34 1037.4 -3618.1
35 1037.2 -3617.36
36 1037.09 -3616.59
37 1036.96 -3616
38 1036.92 -3615.53
39 1036.87 -3615.21
40 1036.84 -3614.99
41 1036.88 -3614.69
42 1036.89 -3614.57
43 1036.94 -3614.39
44 1036.98 -3614.37
45 1037.03 -3614.34
46 1037.09 -3614.33
47 1037.17 -3614.38
48 1037.24 -3614.43
49 1037.31 -3614.51
50 1037.39 -3614.6
51 1037.48 -3614.7
52 1037.57 -3614.82
53 1037.66 -3614.95
54 1037.75 -3615.08
55 1037.85 -3615.24
56 1037.95 -3615.4
57 1038.05 -3615.54
58 1038.15 -3615.7
59 1038.26 -3615.81
60 1038.36 -3615.98
61 1038.46 -3616.14
62 1038.57 -3616.28
63 1038.67 -3616.45
64 1038.77 -3616.62
65 1038.87 -3616.78
66 1038.98 -3616.95
67 1039.08 -3617.12
68 1039.18 -3617.29
69 1039.29 -3617.45
70 1039.39 -3617.62
71 1039.49 -3617.79
72 1039.6 -3617.96
73 1039.7 -3618.13
74 1039.8 -3618.3
75 1039.91 -3618.46
76 1040.01 -3618.63
77 1040.11 -3618.8
78 1040.21 -3618.96
79 1040.31 -3619.13
80 1040.42 -3619.29
