26 5.35505e-11 -5.28126e-09
27 3.47686e-07 -1.36053e-05
28 3.61278e-07 -1.00023e-05
29 4.60157e-07 2.78518e-06
30 4.58117e-07 2.75409e-06
31 4.57624e-07 2.79248e-06
32 4.57643e-07 2.77993e-06
33 4.57548e-07 2.77865e-06
34 4.57465e-07 2.77833e-06
35 4.57403e-07 2.77793e-06
36 4.5735e-07 2.77796e-06
37 4.57297e-07 2.77781e-06
38 4.57256e-07 2.77801e-06
39 4.57213e-07 2.77805e-06
40 4.57181e-07 2.7781e-06
41 4.57155e-07 2.77851e-06
42 4.5712e-07 2.77871e-06
43 4.57091e-07 2.77911e-06
44 4.57064e-07 2.77937e-06
45 4.57039e-07 2.77971e-06
46 4.57012e-07 2.78005e-06
47 4.5699e-07 2.78042e-06
48 4.56968e-07 2.78079e-06
49 4.56944e-07 2.78115e-06
50 4.56922e-07 2.78153e-06
51 4.569e-07 2.78195e-06
52 4.5688e-07 2.78232e-06
53 4.5686e-07 2.78271e-06
54 4.5684e-07 2.78314e-06
55 4.56823e-07 2.78355e-06
56 4.56806e-07 2.78397e-06
57 4.56787e-07 2.7844e-06
58 4.56771e-07 2.78486e-06
59 4.56754e-07 2.78533e-06
60 4.56737e-07 2.78575e-06
61 4.5672e-07 2.7862e-06
62 4.56704e-07 2.78666e-06
63 4.56688e-07 2.7871e-06
64 4.56671e-07 2.78753e-06
65 4.56655e-07 2.78797e-06
66 4.56638e-07 2.78841e-06
67 4.56622e-07 2.78885e-06
68 4.56606e-07 2.78929e-06
69 4.5659e-07 2.78973e-06
70 4.56574e-07 2.79017e-06
71 4.56558e-07 2.79061e-06
72 4.56543e-07 2.79106e-06
73 4.56527e-07 2.79149e-06
74 4.56512e-07 2.79194e-06
75 4.56497e-07 2.79238e-06
76 4.56481e-07 2.79281e-06
77 4.56466e-07 2.79325e-06
78 4.56451e-07 2.79369e-06
79 4.56436e-07 2.79413e-06
80 4.56421e-07 2.79457e-06
