26 3.36922 -8.88912
27 39000.5 -20857.6
28 40524.4 -15258.6
29 51617 3208.02
30 51388.1 3168.32
31 51332.8 3215.23
32 51334.9 3200.74
33 51324.3 3199.22
34 51314.9 3198.88
35 51308 3198.41
36 51302 3198.48
37 51296.1 3198.31
38 51291.5 3198.55
39 51286.7 3198.6
40 51283.1 3198.66
41 51280.1 3199.16
42 51276.3 3199.4
43 51273 3199.88
44 51270 3200.18
45 51267.2 3200.58
46 51264.1 3200.98
47 51261.6 3201.42
48 51259.1 3201.85
49 51256.5 3202.27
50 51254 3202.72
51 51251.6 3203.21
52 51249.3 3203.64
53 51247 3204.1
54 51244.9 3204.6
55 51242.9 3205.09
56 51241 3205.57
57 51238.9 3206.08
58 51237.1 3206.62
59 51235.2 3207.17
60 51233.3 3207.67
61 51231.4 3208.19
62 51229.6 3208.73
63 51227.8 3209.24
64 51225.9 3209.75
65 51224.1 3210.27
66 51222.2 3210.78
67 51220.4 3211.3
68 51218.6 3211.81
69 51216.8 3212.33
70 51215 3212.84
71 51213.3 3213.36
72 51211.5 3213.88
73 51209.8 3214.39
74 51208 3214.91
75 51206.3 3215.42
76 51204.6 3215.94
77 51202.9 3216.45
78 51201.2 3216.97
79 51199.5 3217.48
80 51197.9 3218
