26 0.0913053 -10.9798
27 -95.5941 -28906.8
28 -93.6714 -22816.9
29 4669.37 -2273.39
30 3435.15 -2225.35
31 3316.15 -2209.67
32 3288.61 -2226.77
33 3268.49 -2225.38
34 3262.16 -2226.95
35 3257.4 -2228.17
36 3253.93 -2229.66
37 3251.74 -2230.92
38 3250.34 -2232.36
39 3249.86 -2233.62
40 3249.69 -2234.87
41 3249.76 -2236.36
42 3250.7 -2237.61
43 3251.79 -2239.01
44 3253.04 -2240.27
45 3254.64 -2241.57
46 3256.45 -2242.84
47 3258.36 -2244.14
48 3260.39 -2245.41
49 3262.62 -2246.64
50 3264.92 -2247.9
51 3267.28 -2249.16
52 3269.69 -2250.39
53 3272.16 -2251.61
54 3274.64 -2252.86
55 3277.08 -2254.1
56 3279.55 -2255.34
57 3282.06 -2256.58
58 3284.53 -2257.83
59 3286.89 -2259.11
60 3289.33 -2260.33
61 3291.83 -2261.56
62 3294.22 -2262.82
63 3296.69 -2264.04
64 3299.16 -2265.25
65 3301.62 -2266.47
66 3304.07 -2267.68
67 3306.51 -2268.88
68 3308.95 -2270.09
69 3311.37 -2271.29
70 3313.77 -2272.49
71 3316.15 -2273.68
72 3318.53 -2274.87
73 3320.88 -2276.06
74 3323.23 -2277.25
75 3325.55 -2278.44
76 3327.86 -2279.62
77 3330.15 -2280.79
78 3332.4 -2281.97
79 3334.63 -2283.14
80 3336.82 -2284.31
