26 -3.45882e-11 -3.53319e-11
27 5.05513e-08 7.70663e-06
28 3.99538e-08 6.09797e-06
29 2.20929e-08 3.27656e-06
30 2.22604e-08 3.2973e-06
31 2.25413e-08 3.33401e-06
32 2.23779e-08 3.31151e-06
33 2.23762e-08 3.31109e-06
34 2.23687e-08 3.31002e-06
35 2.23642e-08 3.30937e-06
36 2.23609e-08 3.30889e-06
37 2.23578e-08 3.30844e-06
38 2.23562e-08 3.30821e-06
39 2.23547e-08 3.30801e-06
40 2.23538e-08 3.30787e-06
41 2.23535e-08 3.30784e-06
42 2.23534e-08 3.30783e-06
43 2.23536e-08 3.30786e-06
44 2.2354e-08 3.30793e-06
45 2.23547e-08 3.30803e-06
46 2.23554e-08 3.30814e-06
47 2.23564e-08 3.3083e-06
48 2.23575e-08 3.30845e-06
49 2.23587e-08 3.30863e-06
50 2.23599e-08 3.30882e-06
51 2.23613e-08 3.30902e-06
52 2.23627e-08 3.30923e-06
53 2.23641e-08 3.30944e-06
54 2.23657e-08 3.30968e-06
55 2.23673e-08 3.30992e-06
56 2.2369e-08 3.31017e-06
57 2.23706e-08 3.31041e-06
58 2.23723e-08 3.31067e-06
59 2.2374e-08 3.31091e-06
60 2.23757e-08 3.31116e-06
61 2.23774e-08 3.31141e-06
62 2.23791e-08 3.31167e-06
63 2.23808e-08 3.31193e-06
64 2.23825e-08 3.31218e-06
65 2.23843e-08 3.31244e-06
66 2.2386e-08 3.3127e-06
67 2.23877e-08 3.31296e-06
68 2.23895e-08 3.31322e-06
69 2.23912e-08 3.31348e-06
70 2.2393e-08 3.31374e-06
71 2.23947e-08 3.31399e-06
72 2.23964e-08 3.31425e-06
73 2.23982e-08 3.31451e-06
74 2.23999e-08 3.31477e-06
75 2.24017e-08 3.31503e-06
76 2.24034e-08 3.31529e-06
77 2.24051e-08 3.31554e-06
78 2.24068e-08 3.3158e-06
79 2.24085e-08 3.31606e-06
80 2.24103e-08 3.31631e-06
