26 -5.36359 1.18549
27 3286.91 -3335.73
28 2586 -2688.09
29 1474.55 -1371.45
30 1478.41 -1423.19
31 1502.65 -1418.95
32 1491.27 -1409.12
33 1491.11 -1409.43
34 1490.66 -1408.69
35 1490.36 -1408.39
36 1490.18 -1407.98
37 1489.98 -1407.7
38 1489.91 -1407.42
39 1489.83 -1407.24
40 1489.78 -1407.12
41 1489.8 -1406.88
42 1489.81 -1406.79
43 1489.85 -1406.62
44 1489.9 -1406.56
45 1489.97 -1406.48
46 1490.03 -1406.42
47 1490.13 -1406.37
48 1490.22 -1406.33
49 1490.31 -1406.31
50 1490.42 -1406.29
51 1490.53 -1406.26
52 1490.64 -1406.26
53 1490.76 -1406.26
54 1490.88 -1406.25
55 1491.01 -1406.26
56 1491.14 -1406.27
57 1491.27 -1406.27
58 1491.41 -1406.27
59 1491.54 -1406.24
60 1491.67 -1406.25
61 1491.81 -1406.26
62 1491.94 -1406.25
63 1492.08 -1406.26
64 1492.21 -1406.27
65 1492.35 -1406.28
66 1492.48 -1406.28
67 1492.62 -1406.29
68 1492.75 -1406.3
69 1492.89 -1406.31
70 1493.03 -1406.32
71 1493.16 -1406.33
72 1493.3 -1406.34
73 1493.43 -1406.35
74 1493.57 -1406.36
75 1493.7 -1406.37
76 1493.84 -1406.38
77 1493.97 -1406.39
78 1494.11 -1406.4
79 1494.24 -1406.41
80 1494.37 -1406.42
