26 -3.29035 0.689731
27 5269.74 6898.42
28 4171.33 5492.47
29 2282.34 2806.06
30 2303.57 2842.5
31 2329.66 2857.59
32 2313.03 2840.1
33 2312.87 2839.83
34 2312.08 2838.8
35 2311.61 2838.23
36 2311.25 2837.73
37 2310.92 2837.31
38 2310.73 2837.03
39 2310.58 2836.81
40 2310.48 2836.67
41 2310.42 2836.53
42 2310.4 2836.47
43 2310.4 2836.41
44 2310.44 2836.42
45 2310.49 2836.45
46 2310.55 2836.48
47 2310.65 2836.56
48 2310.75 2836.64
49 2310.86 2836.74
50 2310.98 2836.85
51 2311.11 2836.97
52 2311.24 2837.09
53 2311.39 2837.23
54 2311.54 2837.37
55 2311.7 2837.53
56 2311.86 2837.69
57 2312.01 2837.84
58 2312.18 2838
59 2312.34 2838.15
60 2312.5 2838.31
61 2312.67 2838.47
62 2312.83 2838.63
63 2313 2838.8
64 2313.17 2838.97
65 2313.34 2839.13
66 2313.5 2839.3
67 2313.67 2839.47
68 2313.84 2839.64
69 2314.01 2839.81
70 2314.18 2839.98
71 2314.35 2840.15
72 2314.52 2840.32
73 2314.69 2840.49
74 2314.86 2840.65
75 2315.03 2840.82
76 2315.2 2840.99
77 2315.36 2841.16
78 2315.53 2841.33
79 2315.7 2841.49
80 2315.86 2841.66
