26 -3.28405e-11 8.61301e-11
27 4.99961e-08 7.483e-06
28 3.9543e-08 5.93484e-06
29 2.17603e-08 3.13505e-06
30 2.19425e-08 3.16311e-06
31 2.22063e-08 3.19173e-06
32 2.20464e-08 3.17081e-06
33 2.20448e-08 3.17046e-06
34 2.20374e-08 3.16939e-06
35 2.20329e-08 3.16876e-06
36 2.20296e-08 3.16826e-06
37 2.20265e-08 3.16782e-06
38 2.20248e-08 3.16756e-06
39 2.20234e-08 3.16734e-06
40 2.20224e-08 3.16721e-06
41 2.2022e-08 3.16712e-06
42 2.20219e-08 3.16709e-06
43 2.2022e-08 3.16708e-06
44 2.20224e-08 3.16713e-06
45 2.2023e-08 3.1672e-06
46 2.20236e-08 3.16728e-06
47 2.20246e-08 3.16741e-06
48 2.20256e-08 3.16754e-06
49 2.20267e-08 3.16768e-06
50 2.20279e-08 3.16784e-06
51 2.20292e-08 3.16801e-06
52 2.20305e-08 3.16819e-06
53 2.20319e-08 3.16838e-06
54 2.20334e-08 3.16857e-06
55 2.2035e-08 3.16879e-06
56 2.20366e-08 3.169e-06
57 2.20381e-08 3.16921e-06
58 2.20398e-08 3.16943e-06
59 2.20413e-08 3.16963e-06
60 2.20429e-08 3.16985e-06
61 2.20446e-08 3.17007e-06
62 2.20462e-08 3.17029e-06
63 2.20479e-08 3.17051e-06
64 2.20495e-08 3.17074e-06
65 2.20512e-08 3.17096e-06
66 2.20528e-08 3.17119e-06
67 2.20545e-08 3.17141e-06
68 2.20562e-08 3.17164e-06
69 2.20578e-08 3.17186e-06
70 2.20595e-08 3.17209e-06
71 2.20612e-08 3.17231e-06
72 2.20629e-08 3.17254e-06
73 2.20645e-08 3.17276e-06
74 2.20662e-08 3.17299e-06
75 2.20678e-08 3.17321e-06
76 2.20695e-08 3.17344e-06
77 2.20712e-08 3.17366e-06
78 2.20728e-08 3.17389e-06
79 2.20744e-08 3.17411e-06
80 2.20761e-08 3.17433e-06
