26 -4.93665 0.762885
27 2809.38 -5235.91
28 2233.93 -4062.47
29 1184.12 -2611.67
30 1201.45 -2594.24
31 1210.26 -2664.6
32 1202.03 -2640.6
33 1201.99 -2640.29
34 1201.54 -2639.64
35 1201.3 -2639.1
36 1201.08 -2638.91
37 1200.89 -2638.62
38 1200.77 -2638.61
39 1200.67 -2638.51
40 1200.61 -2638.46
41 1200.55 -2638.65
42 1200.52 -2638.73
43 1200.49 -2638.94
44 1200.5 -2639.09
45 1200.51 -2639.29
46 1200.52 -2639.49
47 1200.55 -2639.74
48 1200.59 -2639.98
49 1200.63 -2640.22
50 1200.67 -2640.48
51 1200.72 -2640.77
52 1200.77 -2641.03
53 1200.83 -2641.31
54 1200.89 -2641.61
55 1200.96 -2641.91
56 1201.03 -2642.21
57 1201.09 -2642.53
58 1201.16 -2642.85
59 1201.22 -2643.19
60 1201.29 -2643.49
61 1201.35 -2643.81
62 1201.42 -2644.14
63 1201.49 -2644.45
64 1201.56 -2644.77
65 1201.63 -2645.09
66 1201.7 -2645.4
67 1201.77 -2645.72
68 1201.84 -2646.04
69 1201.92 -2646.35
70 1201.99 -2646.67
71 1202.06 -2646.99
72 1202.13 -2647.3
73 1202.2 -2647.62
74 1202.27 -2647.93
75 1202.34 -2648.25
76 1202.41 -2648.56
77 1202.48 -2648.88
78 1202.55 -2649.19
79 1202.62 -2649.5
80 1202.69 -2649.81
