26 -3.49503e-11 3.54207e-10
27 4.79688e-08 6.35686e-06
28 3.78764e-08 5.01311e-06
29 2.10808e-08 2.74468e-06
30 2.12182e-08 2.75027e-06
31 2.15031e-08 2.78853e-06
32 2.13457e-08 2.76926e-06
33 2.13439e-08 2.76881e-06
34 2.13369e-08 2.76799e-06
35 2.13327e-08 2.76745e-06
36 2.13296e-08 2.76711e-06
37 2.13267e-08 2.76676e-06
38 2.13253e-08 2.76662e-06
39 2.13239e-08 2.76647e-06
40 2.13231e-08 2.76638e-06
41 2.13229e-08 2.76641e-06
42 2.13229e-08 2.76643e-06
43 2.13231e-08 2.76651e-06
44 2.13236e-08 2.7666e-06
45 2.13243e-08 2.76671e-06
46 2.1325e-08 2.76684e-06
47 2.13261e-08 2.767e-06
48 2.13272e-08 2.76717e-06
49 2.13284e-08 2.76734e-06
50 2.13296e-08 2.76753e-06
51 2.1331e-08 2.76774e-06
52 2.13324e-08 2.76793e-06
53 2.13338e-08 2.76814e-06
54 2.13354e-08 2.76837e-06
55 2.1337e-08 2.7686e-06
56 2.13386e-08 2.76884e-06
57 2.13403e-08 2.76907e-06
58 2.1342e-08 2.76932e-06
59 2.13436e-08 2.76956e-06
60 2.13453e-08 2.7698e-06
61 2.1347e-08 2.77004e-06
62 2.13487e-08 2.77029e-06
63 2.13504e-08 2.77054e-06
64 2.13521e-08 2.77078e-06
65 2.13538e-08 2.77103e-06
66 2.13555e-08 2.77127e-06
67 2.13572e-08 2.77152e-06
68 2.1359e-08 2.77177e-06
69 2.13607e-08 2.77201e-06
70 2.13624e-08 2.77226e-06
71 2.13641e-08 2.77251e-06
72 2.13658e-08 2.77275e-06
73 2.13676e-08 2.773e-06
74 2.13693e-08 2.77325e-06
75 2.1371e-08 2.77349e-06
76 2.13727e-08 2.77374e-06
77 2.13744e-08 2.77398e-06
78 2.13761e-08 2.77423e-06
79 2.13778e-08 2.77447e-06
80 2.13795e-08 2.77471e-06
