26 4.82204 -0.829575
27 1235.47 -13251.5
28 990.8 -10390.7
29 491.86 -6137.71
30 504.802 -6142.55
31 504.161 -6261.1
32 501.108 -6210.73
33 501.13 -6210.11
34 500.905 -6208.29
35 500.802 -6207.04
36 500.681 -6206.35
37 500.593 -6205.56
38 500.515 -6205.32
39 500.464 -6205
40 500.43 -6204.8
41 500.37 -6204.97
42 500.346 -6205.05
43 500.306 -6205.31
44 500.296 -6205.53
45 500.282 -6205.85
46 500.271 -6206.19
47 500.267 -6206.61
48 500.265 -6207.03
49 500.268 -6207.48
50 500.272 -6207.95
51 500.274 -6208.48
52 500.283 -6208.96
53 500.293 -6209.48
54 500.301 -6210.05
55 500.314 -6210.62
56 500.327 -6211.2
57 500.338 -6211.79
58 500.349 -6212.4
59 500.354 -6213.01
60 500.368 -6213.59
61 500.381 -6214.2
62 500.39 -6214.81
63 500.404 -6215.42
64 500.418 -6216.02
65 500.432 -6216.63
66 500.446 -6217.23
67 500.46 -6217.84
68 500.474 -6218.44
69 500.489 -6219.05
70 500.503 -6219.66
71 500.517 -6220.26
72 500.531 -6220.87
73 500.546 -6221.47
74 500.56 -6222.08
75 500.574 -6222.68
76 500.588 -6223.28
77 500.602 -6223.89
78 500.616 -6224.49
79 500.63 -6225.08
80 500.644 -6225.68
