26 7.31829 -0.819331
27 38391.4 47256.5
28 40518.9 37260.6
29 51617.3 3119.85
30 51388.4 3135.62
31 51333.1 3143.66
32 51335.2 3130.03
33 51324.6 3129.18
34 51315.3 3128.46
35 51308.3 3128.07
36 51302.4 3127.84
37 51296.4 3127.62
38 51291.9 3127.6
39 51287.1 3127.59
40 51283.5 3127.65
41 51280.5 3127.78
42 51276.6 3127.94
43 51273.3 3128.13
44 51270.3 3128.36
45 51267.5 3128.61
46 51264.4 3128.87
47 51262 3129.17
48 51259.5 3129.47
49 51256.9 3129.78
50 51254.4 3130.11
51 51252 3130.45
52 51249.7 3130.79
53 51247.4 3131.14
54 51245.2 3131.5
55 51243.3 3131.88
56 51241.3 3132.25
57 51239.3 3132.62
58 51237.4 3133.01
59 51235.5 3133.38
60 51233.7 3133.76
61 51231.8 3134.14
62 51230 3134.52
63 51228.1 3134.91
64 51226.3 3135.29
65 51224.4 3135.67
66 51222.6 3136.06
67 51220.8 3136.44
68 51218.9 3136.83
69 51217.2 3137.21
70 51215.4 3137.6
71 51213.6 3137.98
72 51211.9 3138.36
73 51210.1 3138.75
74 51208.4 3139.13
75 51206.7 3139.51
76 51204.9 3139.89
77 51203.2 3140.27
78 51201.6 3140.65
79 51199.9 3141.03
80 51198.2 3141.41
