26 -3.17365e-11 2.53309e-10
27 4.90789e-08 7.04091e-06
28 3.883e-08 5.59132e-06
29 2.13212e-08 2.92287e-06
30 2.15074e-08 2.95296e-06
31 2.17602e-08 2.97616e-06
32 2.1604e-08 2.95704e-06
33 2.16025e-08 2.95673e-06
34 2.15951e-08 2.95571e-06
35 2.15908e-08 2.95512e-06
36 2.15874e-08 2.95464e-06
37 2.15844e-08 2.95421e-06
38 2.15827e-08 2.95395e-06
39 2.15813e-08 2.95375e-06
40 2.15803e-08 2.95361e-06
41 2.15799e-08 2.95351e-06
42 2.15797e-08 2.95347e-06
43 2.15798e-08 2.95345e-06
44 2.15802e-08 2.95348e-06
45 2.15807e-08 2.95353e-06
46 2.15813e-08 2.95359e-06
47 2.15823e-08 2.9537e-06
48 2.15832e-08 2.95381e-06
49 2.15843e-08 2.95394e-06
50 2.15855e-08 2.95407e-06
51 2.15867e-08 2.95422e-06
52 2.1588e-08 2.95437e-06
53 2.15893e-08 2.95454e-06
54 2.15908e-08 2.95471e-06
55 2.15923e-08 2.9549e-06
56 2.15938e-08 2.95508e-06
57 2.15953e-08 2.95527e-06
58 2.15969e-08 2.95546e-06
59 2.15984e-08 2.95564e-06
60 2.16e-08 2.95583e-06
61 2.16016e-08 2.95602e-06
62 2.16031e-08 2.95621e-06
63 2.16047e-08 2.95641e-06
64 2.16063e-08 2.95661e-06
65 2.16079e-08 2.95681e-06
66 2.16095e-08 2.957e-06
67 2.16112e-08 2.9572e-06
68 2.16128e-08 2.9574e-06
69 2.16144e-08 2.9576e-06
70 2.1616e-08 2.9578e-06
71 2.16176e-08 2.958e-06
72 2.16192e-08 2.9582e-06
73 2.16209e-08 2.9584e-06
74 2.16225e-08 2.9586e-06
75 2.16241e-08 2.9588e-06
76 2.16257e-08 2.95899e-06
77 2.16273e-08 2.95919e-06
78 2.16289e-08 2.95939e-06
79 2.16305e-08 2.95958e-06
80 2.1632e-08 2.95978e-06
