26 1.48325 -0.816327
27 1388.9 -12732.1
28 1082.73 -10127.4
29 653.474 -5437.18
30 649.502 -5527.48
31 664.5 -5569.16
32 659.096 -5529.74
33 658.985 -5529.78
34 658.821 -5527.62
35 658.691 -5526.49
36 658.639 -5525.43
37 658.565 -5524.56
38 658.559 -5523.95
39 658.534 -5523.49
40 658.519 -5523.19
41 658.561 -5522.85
42 658.579 -5522.72
43 658.627 -5522.54
44 658.66 -5522.55
45 658.707 -5522.57
46 658.754 -5522.61
47 658.812 -5522.74
48 658.867 -5522.87
49 658.925 -5523.05
50 658.986 -5523.24
51 659.055 -5523.44
52 659.115 -5523.67
53 659.181 -5523.93
54 659.253 -5524.18
55 659.324 -5524.47
56 659.396 -5524.76
57 659.469 -5525.04
58 659.547 -5525.33
59 659.625 -5525.58
60 659.698 -5525.89
61 659.773 -5526.18
62 659.851 -5526.46
63 659.926 -5526.77
64 660.001 -5527.08
65 660.076 -5527.38
66 660.152 -5527.69
67 660.227 -5528
68 660.302 -5528.31
69 660.378 -5528.62
70 660.453 -5528.93
71 660.528 -5529.24
72 660.603 -5529.55
73 660.678 -5529.86
74 660.753 -5530.17
75 660.828 -5530.48
76 660.903 -5530.78
77 660.978 -5531.09
78 661.052 -5531.4
79 661.127 -5531.7
80 661.201 -5532
