26 5.504 -2.71247
27 440.249 -17110.4
28 362.043 -13439.6
29 143.703 -7827.34
30 154.132 -7844.35
31 148.967 -7984.88
32 148.498 -7921.96
33 148.548 -7921.21
34 148.44 -7918.82
35 148.408 -7917.23
36 148.339 -7916.28
37 148.3 -7915.26
38 148.246 -7914.9
39 148.217 -7914.47
40 148.198 -7914.2
41 148.142 -7914.35
42 148.12 -7914.42
43 148.076 -7914.7
44 148.059 -7914.96
45 148.034 -7915.33
46 148.011 -7915.72
47 147.991 -7916.23
48 147.972 -7916.73
49 147.956 -7917.27
50 147.939 -7917.84
51 147.919 -7918.47
52 147.906 -7919.06
53 147.893 -7919.7
54 147.876 -7920.39
55 147.863 -7921.09
56 147.85 -7921.79
57 147.834 -7922.5
58 147.818 -7923.25
59 147.797 -7923.99
60 147.784 -7924.7
61 147.769 -7925.44
62 147.751 -7926.19
63 147.737 -7926.93
64 147.724 -7927.66
65 147.71 -7928.4
66 147.696 -7929.14
67 147.683 -7929.88
68 147.669 -7930.63
69 147.656 -7931.37
70 147.642 -7932.11
71 147.629 -7932.85
72 147.615 -7933.59
73 147.602 -7934.33
74 147.588 -7935.07
75 147.575 -7935.81
76 147.562 -7936.54
77 147.548 -7937.28
78 147.535 -7938.01
79 147.521 -7938.74
80 147.507 -7939.47
