26 -4.88914 12.7744
27 38237.1 39559.3
28 40751.3 30548
29 51616.9 3095.18
30 51387.9 3126.48
31 51332.7 3123.63
32 51334.8 3110.24
33 51324.2 3109.58
34 51314.8 3108.75
35 51307.8 3108.39
36 51301.9 3108.07
37 51295.9 3107.84
38 51291.4 3107.74
39 51286.6 3107.72
40 51283 3107.78
41 51280 3107.81
42 51276.1 3107.95
43 51272.8 3108.06
44 51269.8 3108.26
45 51267.1 3108.47
46 51264 3108.69
47 51261.5 3108.95
48 51259 3109.22
49 51256.4 3109.5
50 51253.9 3109.8
51 51251.5 3110.09
52 51249.2 3110.4
53 51246.9 3110.72
54 51244.8 3111.05
55 51242.8 3111.39
56 51240.9 3111.73
57 51238.8 3112.07
58 51236.9 3112.41
59 51235.1 3112.73
60 51233.2 3113.08
61 51231.3 3113.42
62 51229.5 3113.76
63 51227.6 3114.11
64 51225.8 3114.46
65 51223.9 3114.8
66 51222.1 3115.15
67 51220.3 3115.5
68 51218.5 3115.85
69 51216.7 3116.19
70 51214.9 3116.54
71 51213.1 3116.89
72 51211.4 3117.23
73 51209.6 3117.58
74 51207.9 3117.93
75 51206.2 3118.27
76 51204.5 3118.61
77 51202.8 3118.96
78 51201.1 3119.3
79 51199.4 3119.64
80 51197.7 3119.98
