26 -3.62713 0.186974
27 5563.26 8376.92
28 4400.68 6647.86
29 2418.87 3494.56
30 2439.55 3528.08
31 2468.57 3558.02
32 2450.82 3534.92
33 2450.65 3534.54
34 2449.82 3533.32
35 2449.32 3532.62
36 2448.95 3532.06
37 2448.6 3531.56
38 2448.42 3531.26
39 2448.25 3531.01
40 2448.15 3530.86
41 2448.1 3530.75
42 2448.08 3530.71
43 2448.09 3530.69
44 2448.14 3530.74
45 2448.2 3530.81
46 2448.27 3530.89
47 2448.38 3531.03
48 2448.49 3531.16
49 2448.61 3531.32
50 2448.74 3531.49
51 2448.89 3531.67
52 2449.03 3531.86
53 2449.19 3532.07
54 2449.35 3532.28
55 2449.52 3532.51
56 2449.7 3532.74
57 2449.87 3532.97
58 2450.05 3533.21
59 2450.22 3533.43
60 2450.4 3533.66
61 2450.58 3533.9
62 2450.76 3534.14
63 2450.95 3534.38
64 2451.13 3534.62
65 2451.31 3534.87
66 2451.5 3535.11
67 2451.68 3535.36
68 2451.86 3535.6
69 2452.05 3535.85
70 2452.23 3536.09
71 2452.42 3536.34
72 2452.6 3536.58
73 2452.79 3536.83
74 2452.97 3537.07
75 2453.15 3537.32
76 2453.34 3537.56
77 2453.52 3537.8
78 2453.7 3538.05
79 2453.88 3538.29
80 2454.07 3538.53
