26 3.92191 8.80999
27 39000.8 9767.72
28 40525.9 6813.34
29 51617.3 3170.97
30 51388.4 3154.58
31 51333.1 3185.15
32 51335.2 3171.02
33 51324.6 3169.78
34 51315.3 3169.28
35 51308.3 3168.85
36 51302.3 3168.79
37 51296.4 3168.6
38 51291.9 3168.73
39 51287.1 3168.76
40 51283.5 3168.82
41 51280.5 3169.16
42 51276.6 3169.37
43 51273.3 3169.72
44 51270.3 3170
45 51267.5 3170.34
46 51264.4 3170.67
47 51262 3171.06
48 51259.5 3171.43
49 51256.9 3171.81
50 51254.4 3172.2
51 51252 3172.63
52 51249.6 3173.02
53 51247.4 3173.43
54 51245.2 3173.88
55 51243.3 3174.32
56 51241.3 3174.76
57 51239.3 3175.21
58 51237.4 3175.68
59 51235.5 3176.16
60 51233.7 3176.61
61 51231.7 3177.07
62 51230 3177.54
63 51228.1 3178
64 51226.3 3178.46
65 51224.4 3178.92
66 51222.6 3179.38
67 51220.7 3179.84
68 51218.9 3180.3
69 51217.1 3180.76
70 51215.4 3181.22
71 51213.6 3181.68
72 51211.8 3182.14
73 51210.1 3182.6
74 51208.4 3183.06
75 51206.6 3183.52
76 51204.9 3183.98
77 51203.2 3184.44
78 51201.5 3184.9
79 51199.9 3185.35
80 51198.2 3185.81
