26 5.29814e-11 4.40898e-10
27 3.41005e-07 4.1242e-05
28 3.61381e-07 3.60632e-05
29 4.60292e-07 2.70611e-06
30 4.58251e-07 2.72369e-06
31 4.57758e-07 2.72798e-06
32 4.57777e-07 2.71618e-06
33 4.57682e-07 2.71549e-06
34 4.57599e-07 2.71484e-06
35 4.57537e-07 2.71451e-06
36 4.57484e-07 2.71428e-06
37 4.57431e-07 2.71409e-06
38 4.5739e-07 2.71405e-06
39 4.57347e-07 2.71404e-06
40 4.57315e-07 2.71409e-06
41 4.57289e-07 2.71418e-06
42 4.57254e-07 2.71431e-06
43 4.57225e-07 2.71446e-06
44 4.57198e-07 2.71465e-06
45 4.57173e-07 2.71486e-06
46 4.57146e-07 2.71507e-06
47 4.57124e-07 2.71533e-06
48 4.57102e-07 2.71558e-06
49 4.57078e-07 2.71585e-06
50 4.57056e-07 2.71612e-06
51 4.57034e-07 2.71641e-06
52 4.57014e-07 2.71669e-06
53 4.56994e-07 2.71699e-06
54 4.56974e-07 2.7173e-06
55 4.56957e-07 2.71761e-06
56 4.5694e-07 2.71793e-06
57 4.56921e-07 2.71825e-06
58 4.56905e-07 2.71857e-06
59 4.56888e-07 2.71888e-06
60 4.56871e-07 2.7192e-06
61 4.56854e-07 2.71953e-06
62 4.56838e-07 2.71985e-06
63 4.56822e-07 2.72017e-06
64 4.56805e-07 2.7205e-06
65 4.56789e-07 2.72082e-06
66 4.56772e-07 2.72115e-06
67 4.56756e-07 2.72147e-06
68 4.5674e-07 2.7218e-06
69 4.56724e-07 2.72212e-06
70 4.56708e-07 2.72245e-06
71 4.56693e-07 2.72277e-06
72 4.56677e-07 2.7231e-06
73 4.56661e-07 2.72342e-06
74 4.56646e-07 2.72375e-06
75 4.56631e-07 2.72407e-06
76 4.56615e-07 2.72439e-06
77 4.566e-07 2.72471e-06
78 4.56585e-07 2.72503e-06
79 4.5657e-07 2.72536e-06
80 4.56555e-07 2.72568e-06
