26 -0.261718 -10.739
27 -95.7234 -29413.3
28 -279.776 -22933.6
29 4758.42 -608.48
30 3969.64 -547.774
31 3826.27 -553.137
32 3817.04 -570.191
33 3796.26 -570.642
34 3787.96 -573.077
35 3781.36 -574.947
36 3776.09 -577.029
37 3772.16 -578.807
38 3769.02 -580.692
39 3766.83 -582.336
40 3765.03 -583.914
41 3763.51 -585.75
42 3762.93 -587.277
43 3762.56 -588.954
44 3762.53 -590.439
45 3762.82 -591.959
46 3763.44 -593.438
47 3764.17 -594.911
48 3765.08 -596.355
49 3766.26 -597.754
50 3767.56 -599.157
51 3768.98 -600.574
52 3770.51 -601.931
53 3772.12 -603.286
54 3773.81 -604.666
55 3775.5 -606.018
56 3777.27 -607.366
57 3779.12 -608.719
58 3780.98 -610.084
59 3782.78 -611.479
60 3784.69 -612.806
61 3786.7 -614.139
62 3788.65 -615.497
63 3790.71 -616.815
64 3792.81 -618.123
65 3794.93 -619.432
66 3797.09 -620.736
67 3799.27 -622.033
68 3801.47 -623.326
69 3803.7 -624.614
70 3805.94 -625.899
71 3808.19 -627.18
72 3810.46 -628.456
73 3812.75 -629.727
74 3815.05 -630.996
75 3817.36 -632.262
76 3819.68 -633.522
77 3822 -634.779
78 3824.35 -636.033
79 3826.69 -637.283
80 3829.04 -638.53
