26 1.66149e-11 1.29479e-08
27 3.40898e-07 1.96217e-05
28 3.63345e-07 1.52613e-05
29 4.60173e-07 2.67674e-06
30 4.58133e-07 2.71362e-06
31 4.5764e-07 2.70438e-06
32 4.57659e-07 2.69288e-06
33 4.57564e-07 2.69242e-06
34 4.57481e-07 2.69164e-06
35 4.57419e-07 2.69134e-06
36 4.57365e-07 2.69101e-06
37 4.57312e-07 2.6908e-06
38 4.57272e-07 2.69067e-06
39 4.57229e-07 2.69063e-06
40 4.57197e-07 2.69068e-06
41 4.57171e-07 2.69065e-06
42 4.57136e-07 2.69075e-06
43 4.57107e-07 2.6908e-06
44 4.5708e-07 2.69097e-06
45 4.57055e-07 2.69112e-06
46 4.57028e-07 2.69129e-06
47 4.57006e-07 2.69149e-06
48 4.56983e-07 2.6917e-06
49 4.5696e-07 2.69193e-06
50 4.56938e-07 2.69216e-06
51 4.56916e-07 2.69239e-06
52 4.56896e-07 2.69265e-06
53 4.56875e-07 2.69291e-06
54 4.56856e-07 2.69317e-06
55 4.56839e-07 2.69345e-06
56 4.56822e-07 2.69373e-06
57 4.56803e-07 2.69399e-06
58 4.56786e-07 2.69426e-06
59 4.5677e-07 2.69451e-06
60 4.56753e-07 2.69479e-06
61 4.56736e-07 2.69507e-06
62 4.5672e-07 2.69533e-06
63 4.56704e-07 2.69561e-06
64 4.56687e-07 2.69589e-06
65 4.56671e-07 2.69617e-06
66 4.56654e-07 2.69645e-06
67 4.56638e-07 2.69673e-06
68 4.56622e-07 2.69701e-06
69 4.56606e-07 2.69729e-06
70 4.5659e-07 2.69757e-06
71 4.56574e-07 2.69785e-06
72 4.56559e-07 2.69813e-06
73 4.56543e-07 2.69841e-06
74 4.56528e-07 2.69868e-06
75 4.56512e-07 2.69896e-06
76 4.56497e-07 2.69924e-06
77 4.56482e-07 2.69951e-06
78 4.56467e-07 2.69979e-06
79 4.56452e-07 2.70006e-06
80 4.56437e-07 2.70033e-06
