26 -3.67147 0.139628
27 5581.65 8497.98
28 4414.96 6741.84
29 2427.71 3552.92
30 2448.3 3585.84
31 2477.55 3617.3
32 2459.73 3593.7
33 2459.55 3593.31
34 2458.71 3592.09
35 2458.22 3591.37
36 2457.85 3590.81
37 2457.5 3590.3
38 2457.31 3590
39 2457.15 3589.75
40 2457.04 3589.6
41 2457 3589.5
42 2456.98 3589.46
43 2456.99 3589.44
44 2457.03 3589.5
45 2457.1 3589.57
46 2457.17 3589.66
47 2457.28 3589.8
48 2457.39 3589.94
49 2457.51 3590.1
50 2457.65 3590.28
51 2457.79 3590.47
52 2457.94 3590.66
53 2458.09 3590.88
54 2458.26 3591.1
55 2458.43 3591.33
56 2458.61 3591.57
57 2458.78 3591.81
58 2458.96 3592.05
59 2459.14 3592.28
60 2459.32 3592.52
61 2459.5 3592.77
62 2459.68 3593.01
63 2459.86 3593.26
64 2460.05 3593.51
65 2460.23 3593.77
66 2460.42 3594.02
67 2460.6 3594.27
68 2460.79 3594.52
69 2460.97 3594.77
70 2461.16 3595.03
71 2461.34 3595.28
72 2461.53 3595.53
73 2461.72 3595.78
74 2461.9 3596.04
75 2462.08 3596.29
76 2462.27 3596.54
77 2462.45 3596.79
78 2462.64 3597.04
79 2462.82 3597.29
80 2463 3597.54
