26 -1.69474e-11 -1.09355e-08
27 9.00729e-10 -2.45587e-05
28 1.89742e-08 -1.8227e-05
29 5.956e-08 1.55495e-06
30 5.44685e-08 1.47171e-06
31 5.4148e-08 1.52661e-06
32 5.39992e-08 1.51068e-06
33 5.3702e-08 1.50769e-06
34 5.35087e-08 1.50608e-06
35 5.33252e-08 1.50437e-06
36 5.31575e-08 1.50322e-06
37 5.30012e-08 1.50197e-06
38 5.28543e-08 1.50109e-06
39 5.27151e-08 1.50013e-06
40 5.25823e-08 1.49919e-06
41 5.24558e-08 1.49866e-06
42 5.2335e-08 1.49795e-06
43 5.22188e-08 1.49746e-06
44 5.21058e-08 1.49684e-06
45 5.1996e-08 1.49631e-06
46 5.18903e-08 1.4958e-06
47 5.17866e-08 1.49532e-06
48 5.16858e-08 1.49484e-06
49 5.15882e-08 1.49438e-06
50 5.14928e-08 1.49394e-06
51 5.14e-08 1.49355e-06
52 5.13084e-08 1.4931e-06
53 5.12192e-08 1.49268e-06
54 5.11326e-08 1.49231e-06
55 5.1047e-08 1.49192e-06
56 5.09629e-08 1.49154e-06
57 5.08808e-08 1.49118e-06
58 5.08e-08 1.49083e-06
59 5.07207e-08 1.49052e-06
60 5.06424e-08 1.49014e-06
61 5.05664e-08 1.4898e-06
62 5.04908e-08 1.48947e-06
63 5.04171e-08 1.48912e-06
64 5.03444e-08 1.48877e-06
65 5.02732e-08 1.48843e-06
66 5.02031e-08 1.48808e-06
67 5.01341e-08 1.48774e-06
68 5.00663e-08 1.4874e-06
69 4.99995e-08 1.48706e-06
70 4.99339e-08 1.48672e-06
71 4.98692e-08 1.48638e-06
72 4.98056e-08 1.48605e-06
73 4.9743e-08 1.48571e-06
74 4.96814e-08 1.48538e-06
75 4.96207e-08 1.48504e-06
76 4.95609e-08 1.48471e-06
77 4.95021e-08 1.48437e-06
78 4.94442e-08 1.48404e-06
79 4.93871e-08 1.48371e-06
80 4.93309e-08 1.48338e-06
