26 0.390145 7.63988
27 39001.1 35985.3
28 40520.6 25709
29 51617.6 3139.25
30 51388.6 3142.82
31 51333.4 3159.4
32 51335.5 3145.58
33 51324.9 3144.58
34 51315.5 3143.95
35 51308.5 3143.54
36 51302.6 3143.38
37 51296.6 3143.17
38 51292.1 3143.2
39 51287.3 3143.21
40 51283.7 3143.27
41 51280.7 3143.48
42 51276.9 3143.66
43 51273.5 3143.91
44 51270.5 3144.16
45 51267.8 3144.44
46 51264.7 3144.73
47 51262.2 3145.06
48 51259.7 3145.39
49 51257.1 3145.73
50 51254.6 3146.08
51 51252.2 3146.45
52 51249.9 3146.81
53 51247.6 3147.19
54 51245.5 3147.58
55 51243.5 3147.98
56 51241.6 3148.38
57 51239.5 3148.78
58 51237.6 3149.2
59 51235.8 3149.61
60 51233.9 3150.02
61 51232 3150.43
62 51230.2 3150.84
63 51228.3 3151.26
64 51226.5 3151.67
65 51224.7 3152.08
66 51222.8 3152.49
67 51221 3152.91
68 51219.2 3153.32
69 51217.4 3153.73
70 51215.6 3154.15
71 51213.8 3154.56
72 51212.1 3154.97
73 51210.4 3155.38
74 51208.6 3155.8
75 51206.9 3156.21
76 51205.2 3156.62
77 51203.5 3157.03
78 51201.8 3157.44
79 51200.1 3157.85
80 51198.4 3158.26
