26 -1.90108 -12.5715
27 94.2762 -28233.6
28 2121.67 -20954.6
29 6674.38 1786.82
30 6103.24 1691.13
31 6067.29 1754.24
32 6050.6 1735.93
33 6017.26 1732.5
34 5995.58 1730.64
35 5975 1728.68
36 5956.18 1727.35
37 5938.65 1725.91
38 5922.17 1724.91
39 5906.55 1723.8
40 5891.66 1722.72
41 5877.47 1722.11
42 5863.92 1721.29
43 5850.88 1720.73
44 5838.21 1720.02
45 5825.89 1719.41
46 5814.03 1718.82
47 5802.41 1718.27
48 5791.09 1717.72
49 5780.14 1717.19
50 5769.45 1716.69
51 5759.03 1716.24
52 5748.76 1715.72
53 5738.76 1715.24
54 5729.04 1714.81
55 5719.43 1714.36
56 5710.01 1713.92
57 5700.8 1713.51
58 5691.73 1713.11
59 5682.83 1712.75
60 5674.06 1712.32
61 5665.53 1711.92
62 5657.04 1711.55
63 5648.77 1711.15
64 5640.62 1710.74
65 5632.64 1710.35
66 5624.77 1709.95
67 5617.03 1709.56
68 5609.43 1709.17
69 5601.94 1708.78
70 5594.57 1708.39
71 5587.32 1708
72 5580.18 1707.61
73 5573.16 1707.22
74 5566.25 1706.84
75 5559.44 1706.45
76 5552.74 1706.07
77 5546.14 1705.69
78 5539.64 1705.3
79 5533.24 1704.92
80 5526.94 1704.54
