26 2.70365e-12 -9.5573e-09
27 -7.92623e-10 -2.4385e-05
28 -7.73702e-10 -1.92922e-05
29 4.7153e-08 -3.04021e-06
30 2.72648e-08 -2.99597e-06
31 2.65489e-08 -2.97109e-06
32 2.63486e-08 -2.98289e-06
33 2.61484e-08 -2.98044e-06
34 2.60773e-08 -2.98109e-06
35 2.60201e-08 -2.98163e-06
36 2.59747e-08 -2.98244e-06
37 2.5941e-08 -2.98311e-06
38 2.59137e-08 -2.98399e-06
39 2.58947e-08 -2.98476e-06
40 2.58786e-08 -2.98557e-06
41 2.58648e-08 -2.98658e-06
42 2.58592e-08 -2.98742e-06
43 2.58552e-08 -2.98839e-06
44 2.58536e-08 -2.98928e-06
45 2.58547e-08 -2.99021e-06
46 2.58584e-08 -2.99112e-06
47 2.58629e-08 -2.99208e-06
48 2.58685e-08 -2.99301e-06
49 2.58763e-08 -2.99393e-06
50 2.58849e-08 -2.99487e-06
51 2.58943e-08 -2.99582e-06
52 2.59043e-08 -2.99674e-06
53 2.59149e-08 -2.99767e-06
54 2.59258e-08 -2.99863e-06
55 2.59365e-08 -2.99958e-06
56 2.59476e-08 -3.00053e-06
57 2.59592e-08 -3.00148e-06
58 2.59706e-08 -3.00245e-06
59 2.59812e-08 -3.00342e-06
60 2.59927e-08 -3.00437e-06
61 2.60048e-08 -3.00532e-06
62 2.60161e-08 -3.00628e-06
63 2.60282e-08 -3.00723e-06
64 2.60405e-08 -3.00817e-06
65 2.60528e-08 -3.00911e-06
66 2.60651e-08 -3.01005e-06
67 2.60776e-08 -3.01099e-06
68 2.609e-08 -3.01192e-06
69 2.61024e-08 -3.01285e-06
70 2.61148e-08 -3.01378e-06
71 2.61271e-08 -3.01471e-06
72 2.61395e-08 -3.01564e-06
73 2.61518e-08 -3.01656e-06
74 2.61641e-08 -3.01749e-06
75 2.61763e-08 -3.01841e-06
76 2.61885e-08 -3.01933e-06
77 2.62006e-08 -3.02025e-06
78 2.62126e-08 -3.02116e-06
79 2.62246e-08 -3.02207e-06
80 2.62364e-08 -3.02298e-06
