26 -2.54843e-11 1.07359e-09
27 4.19061e-08 3.62534e-06
28 3.32031e-08 2.91204e-06
29 1.80509e-08 1.36501e-06
30 1.8238e-08 1.39581e-06
31 1.843e-08 1.38981e-06
32 1.82997e-08 1.38302e-06
33 1.82986e-08 1.38292e-06
34 1.82922e-08 1.38234e-06
35 1.82885e-08 1.38206e-06
36 1.82855e-08 1.38175e-06
37 1.82829e-08 1.38152e-06
38 1.82813e-08 1.38132e-06
39 1.828e-08 1.38118e-06
40 1.82792e-08 1.3811e-06
41 1.82787e-08 1.38095e-06
42 1.82785e-08 1.38089e-06
43 1.82784e-08 1.38079e-06
44 1.82786e-08 1.38076e-06
45 1.8279e-08 1.38073e-06
46 1.82794e-08 1.38071e-06
47 1.82801e-08 1.3807e-06
48 1.82809e-08 1.3807e-06
49 1.82817e-08 1.38071e-06
50 1.82826e-08 1.38072e-06
51 1.82836e-08 1.38074e-06
52 1.82846e-08 1.38076e-06
53 1.82856e-08 1.38079e-06
54 1.82868e-08 1.38082e-06
55 1.8288e-08 1.38086e-06
56 1.82892e-08 1.3809e-06
57 1.82904e-08 1.38093e-06
58 1.82917e-08 1.38097e-06
59 1.82928e-08 1.38099e-06
60 1.82941e-08 1.38103e-06
61 1.82953e-08 1.38107e-06
62 1.82966e-08 1.3811e-06
63 1.82978e-08 1.38114e-06
64 1.82991e-08 1.38118e-06
65 1.83004e-08 1.38122e-06
66 1.83017e-08 1.38127e-06
67 1.8303e-08 1.38131e-06
68 1.83043e-08 1.38135e-06
69 1.83056e-08 1.38139e-06
70 1.83069e-08 1.38144e-06
71 1.83081e-08 1.38148e-06
72 1.83094e-08 1.38152e-06
73 1.83107e-08 1.38157e-06
74 1.8312e-08 1.38161e-06
75 1.83133e-08 1.38165e-06
76 1.83146e-08 1.3817e-06
77 1.83158e-08 1.38174e-06
78 1.83171e-08 1.38178e-06
79 1.83184e-08 1.38182e-06
80 1.83197e-08 1.38187e-06
