26 -3.94019 0.184919
27 5522.04 8059.19
28 4361.56 6363.74
29 2421.91 3461.78
30 2438.58 3474.73
31 2470.66 3519.47
32 2452.63 3495.32
33 2452.43 3494.8
34 2451.62 3493.73
35 2451.13 3493.04
36 2450.77 3492.59
37 2450.43 3492.13
38 2450.27 3491.93
39 2450.11 3491.73
40 2450.01 3491.6
41 2449.99 3491.62
42 2449.98 3491.62
43 2450.01 3491.7
44 2450.06 3491.79
45 2450.14 3491.93
46 2450.22 3492.06
47 2450.34 3492.26
48 2450.46 3492.45
49 2450.59 3492.66
50 2450.74 3492.88
51 2450.89 3493.12
52 2451.05 3493.36
53 2451.21 3493.61
54 2451.39 3493.88
55 2451.57 3494.16
56 2451.76 3494.44
57 2451.94 3494.72
58 2452.14 3495.02
59 2452.32 3495.3
60 2452.51 3495.59
61 2452.7 3495.88
62 2452.89 3496.18
63 2453.09 3496.47
64 2453.28 3496.77
65 2453.48 3497.06
66 2453.67 3497.36
67 2453.87 3497.66
68 2454.06 3497.95
69 2454.26 3498.25
70 2454.45 3498.55
71 2454.65 3498.84
72 2454.84 3499.14
73 2455.04 3499.43
74 2455.23 3499.73
75 2455.43 3500.03
76 2455.62 3500.32
77 2455.82 3500.61
78 2456.01 3500.91
79 2456.2 3501.2
80 2456.39 3501.49
