26 -4.14267e-11 1.03483e-09
27 3.05738e-08 -2.0761e-06
28 2.40616e-08 -1.68409e-06
29 1.36926e-08 -8.37723e-07
30 1.37328e-08 -8.78978e-07
31 1.39546e-08 -8.71557e-07
32 1.38493e-08 -8.65569e-07
33 1.38478e-08 -8.65863e-07
34 1.38435e-08 -8.65346e-07
35 1.38408e-08 -8.65156e-07
36 1.3839e-08 -8.64856e-07
37 1.38372e-08 -8.64665e-07
38 1.38365e-08 -8.6445e-07
39 1.38358e-08 -8.64325e-07
40 1.38353e-08 -8.6424e-07
41 1.38355e-08 -8.6404e-07
42 1.38355e-08 -8.63961e-07
43 1.3836e-08 -8.63815e-07
44 1.38364e-08 -8.63761e-07
45 1.3837e-08 -8.63687e-07
46 1.38376e-08 -8.63621e-07
47 1.38384e-08 -8.63568e-07
48 1.38393e-08 -8.63521e-07
49 1.38402e-08 -8.63488e-07
50 1.38411e-08 -8.63452e-07
51 1.38422e-08 -8.63407e-07
52 1.38432e-08 -8.63387e-07
53 1.38442e-08 -8.63367e-07
54 1.38454e-08 -8.63335e-07
55 1.38466e-08 -8.6332e-07
56 1.38477e-08 -8.63303e-07
57 1.38489e-08 -8.63279e-07
58 1.38502e-08 -8.63251e-07
59 1.38514e-08 -8.63207e-07
60 1.38526e-08 -8.63193e-07
61 1.38539e-08 -8.63171e-07
62 1.38551e-08 -8.63138e-07
63 1.38564e-08 -8.63121e-07
64 1.38576e-08 -8.63106e-07
65 1.38589e-08 -8.63088e-07
66 1.38601e-08 -8.6307e-07
67 1.38613e-08 -8.63054e-07
68 1.38626e-08 -8.63037e-07
69 1.38638e-08 -8.6302e-07
70 1.38651e-08 -8.63003e-07
71 1.38663e-08 -8.62987e-07
72 1.38676e-08 -8.6297e-07
73 1.38688e-08 -8.62954e-07
74 1.38701e-08 -8.62937e-07
75 1.38713e-08 -8.6292e-07
76 1.38726e-08 -8.62904e-07
77 1.38738e-08 -8.62887e-07
78 1.3875e-08 -8.62869e-07
79 1.38763e-08 -8.62852e-07
80 1.38775e-08 -8.62834e-07
