26 -3.27298e-11 1.21457e-10
27 4.97631e-08 7.39203e-06
28 3.93625e-08 5.86443e-06
29 2.16469e-08 3.0905e-06
30 2.18305e-08 3.11914e-06
31 2.20912e-08 3.14651e-06
32 2.19323e-08 3.12598e-06
33 2.19307e-08 3.12564e-06
34 2.19233e-08 3.12457e-06
35 2.19189e-08 3.12395e-06
36 2.19155e-08 3.12346e-06
37 2.19125e-08 3.12302e-06
38 2.19108e-08 3.12276e-06
39 2.19093e-08 3.12255e-06
40 2.19084e-08 3.12241e-06
41 2.1908e-08 3.12232e-06
42 2.19078e-08 3.12229e-06
43 2.19079e-08 3.12228e-06
44 2.19083e-08 3.12232e-06
45 2.19089e-08 3.12239e-06
46 2.19095e-08 3.12246e-06
47 2.19105e-08 3.12258e-06
48 2.19115e-08 3.12271e-06
49 2.19126e-08 3.12285e-06
50 2.19138e-08 3.123e-06
51 2.19151e-08 3.12317e-06
52 2.19163e-08 3.12334e-06
53 2.19177e-08 3.12352e-06
54 2.19192e-08 3.12371e-06
55 2.19208e-08 3.12392e-06
56 2.19223e-08 3.12413e-06
57 2.19239e-08 3.12433e-06
58 2.19255e-08 3.12454e-06
59 2.1927e-08 3.12474e-06
60 2.19286e-08 3.12495e-06
61 2.19303e-08 3.12517e-06
62 2.19319e-08 3.12538e-06
63 2.19335e-08 3.1256e-06
64 2.19352e-08 3.12582e-06
65 2.19368e-08 3.12603e-06
66 2.19385e-08 3.12625e-06
67 2.19401e-08 3.12647e-06
68 2.19418e-08 3.12669e-06
69 2.19434e-08 3.12691e-06
70 2.19451e-08 3.12713e-06
71 2.19467e-08 3.12735e-06
72 2.19484e-08 3.12757e-06
73 2.195e-08 3.12779e-06
74 2.19517e-08 3.12801e-06
75 2.19533e-08 3.12823e-06
76 2.1955e-08 3.12845e-06
77 2.19566e-08 3.12866e-06
78 2.19582e-08 3.12888e-06
79 2.19599e-08 3.1291e-06
80 2.19615e-08 3.12931e-06
