26 4.55088 2.01185
27 38236.6 47008.8
28 40752.1 40945.5
29 51617 3109.28
30 51388.1 3131.7
31 51332.8 3135.08
32 51334.9 3121.55
33 51324.3 3120.78
34 51315 3120.02
35 51308 3119.64
36 51302.1 3119.37
37 51296.1 3119.15
38 51291.6 3119.09
39 51286.8 3119.07
40 51283.2 3119.13
41 51280.2 3119.23
42 51276.3 3119.37
43 51273 3119.53
44 51270 3119.75
45 51267.2 3119.98
46 51264.1 3120.22
47 51261.7 3120.51
48 51259.2 3120.79
49 51256.6 3121.1
50 51254.1 3121.41
51 51251.7 3121.73
52 51249.4 3122.05
53 51247.1 3122.39
54 51244.9 3122.74
55 51243 3123.1
56 51241 3123.46
57 51239 3123.82
58 51237.1 3124.18
59 51235.2 3124.53
60 51233.4 3124.9
61 51231.5 3125.26
62 51229.7 3125.63
63 51227.8 3126
64 51226 3126.36
65 51224.1 3126.73
66 51222.3 3127.1
67 51220.5 3127.47
68 51218.6 3127.84
69 51216.9 3128.21
70 51215.1 3128.58
71 51213.3 3128.94
72 51211.6 3129.31
73 51209.8 3129.68
74 51208.1 3130.05
75 51206.4 3130.41
76 51204.6 3130.78
77 51202.9 3131.14
78 51201.3 3131.51
79 51199.6 3131.87
80 51197.9 3132.23
