26 -7.13375e-11 1.88166e-08
27 3.47702e-07 1.86347e-05
28 3.61283e-07 1.32333e-05
29 4.60173e-07 2.74578e-06
30 4.58133e-07 2.73924e-06
31 4.5764e-07 2.76042e-06
32 4.57659e-07 2.74825e-06
33 4.57564e-07 2.74727e-06
34 4.57481e-07 2.74678e-06
35 4.57419e-07 2.74642e-06
36 4.57366e-07 2.74632e-06
37 4.57313e-07 2.74615e-06
38 4.57272e-07 2.74623e-06
39 4.57229e-07 2.74624e-06
40 4.57197e-07 2.74629e-06
41 4.57171e-07 2.74655e-06
42 4.57136e-07 2.74671e-06
43 4.57107e-07 2.74698e-06
44 4.5708e-07 2.74721e-06
45 4.57055e-07 2.74748e-06
46 4.57028e-07 2.74775e-06
47 4.57006e-07 2.74807e-06
48 4.56983e-07 2.74838e-06
49 4.5696e-07 2.74869e-06
50 4.56938e-07 2.74902e-06
51 4.56916e-07 2.74937e-06
52 4.56896e-07 2.7497e-06
53 4.56875e-07 2.75004e-06
54 4.56856e-07 2.75041e-06
55 4.56839e-07 2.75077e-06
56 4.56822e-07 2.75114e-06
57 4.56803e-07 2.75152e-06
58 4.56787e-07 2.7519e-06
59 4.5677e-07 2.75229e-06
60 4.56753e-07 2.75267e-06
61 4.56736e-07 2.75305e-06
62 4.5672e-07 2.75344e-06
63 4.56704e-07 2.75382e-06
64 4.56687e-07 2.7542e-06
65 4.56671e-07 2.75458e-06
66 4.56654e-07 2.75497e-06
67 4.56638e-07 2.75535e-06
68 4.56622e-07 2.75573e-06
69 4.56606e-07 2.75611e-06
70 4.5659e-07 2.75649e-06
71 4.56574e-07 2.75688e-06
72 4.56559e-07 2.75726e-06
73 4.56543e-07 2.75764e-06
74 4.56528e-07 2.75802e-06
75 4.56512e-07 2.7584e-06
76 4.56497e-07 2.75878e-06
77 4.56482e-07 2.75916e-06
78 4.56467e-07 2.75954e-06
79 4.56452e-07 2.75992e-06
80 4.56437e-07 2.7603e-06
