26 -2.64749 1.44169
27 4223.07 1770.07
28 3348.53 1460.61
29 1811.01 495.885
30 1831.34 528.056
31 1849.44 503.836
32 1836.46 504.283
33 1836.36 504.282
34 1835.7 503.946
35 1835.33 503.849
36 1835.03 503.623
37 1834.76 503.499
38 1834.6 503.323
39 1834.46 503.23
40 1834.38 503.169
41 1834.31 502.984
42 1834.29 502.909
43 1834.27 502.762
44 1834.3 502.702
45 1834.33 502.618
46 1834.37 502.539
47 1834.43 502.468
48 1834.5 502.402
49 1834.58 502.346
50 1834.67 502.287
51 1834.76 502.216
52 1834.86 502.171
53 1834.96 502.123
54 1835.07 502.062
55 1835.19 502.016
56 1835.31 501.969
57 1835.42 501.914
58 1835.54 501.855
59 1835.66 501.781
60 1835.78 501.736
61 1835.9 501.683
62 1836.02 501.62
63 1836.14 501.571
64 1836.27 501.523
65 1836.39 501.474
66 1836.52 501.424
67 1836.64 501.376
68 1836.77 501.328
69 1836.89 501.28
70 1837.02 501.232
71 1837.14 501.184
72 1837.27 501.135
73 1837.39 501.088
74 1837.52 501.04
75 1837.64 500.992
76 1837.77 500.945
77 1837.89 500.897
78 1838.01 500.849
79 1838.14 500.801
80 1838.26 500.754
