26 -8.49772e-11 1.2573e-09
27 2.60403e-08 -4.08126e-06
28 2.07007e-08 -3.16041e-06
29 1.09965e-08 -2.06277e-06
30 1.11534e-08 -2.04645e-06
31 1.12382e-08 -2.10467e-06
32 1.11615e-08 -2.08537e-06
33 1.11611e-08 -2.08512e-06
34 1.11569e-08 -2.08462e-06
35 1.11547e-08 -2.0842e-06
36 1.11527e-08 -2.08406e-06
37 1.1151e-08 -2.08383e-06
38 1.11498e-08 -2.08383e-06
39 1.1149e-08 -2.08377e-06
40 1.11484e-08 -2.08372e-06
41 1.11478e-08 -2.08389e-06
42 1.11476e-08 -2.08396e-06
43 1.11473e-08 -2.08414e-06
44 1.11474e-08 -2.08426e-06
45 1.11475e-08 -2.08443e-06
46 1.11476e-08 -2.0846e-06
47 1.11479e-08 -2.08481e-06
48 1.11483e-08 -2.085e-06
49 1.11487e-08 -2.0852e-06
50 1.11491e-08 -2.08542e-06
51 1.11495e-08 -2.08565e-06
52 1.11501e-08 -2.08586e-06
53 1.11506e-08 -2.08609e-06
54 1.11512e-08 -2.08634e-06
55 1.11518e-08 -2.08658e-06
56 1.11524e-08 -2.08683e-06
57 1.1153e-08 -2.08708e-06
58 1.11537e-08 -2.08735e-06
59 1.11542e-08 -2.08762e-06
60 1.11549e-08 -2.08787e-06
61 1.11555e-08 -2.08813e-06
62 1.11562e-08 -2.0884e-06
63 1.11568e-08 -2.08866e-06
64 1.11575e-08 -2.08891e-06
65 1.11582e-08 -2.08917e-06
66 1.11588e-08 -2.08943e-06
67 1.11595e-08 -2.08969e-06
68 1.11602e-08 -2.08995e-06
69 1.11608e-08 -2.0902e-06
70 1.11615e-08 -2.09046e-06
71 1.11622e-08 -2.09072e-06
72 1.11628e-08 -2.09098e-06
73 1.11635e-08 -2.09123e-06
74 1.11642e-08 -2.09149e-06
75 1.11649e-08 -2.09175e-06
76 1.11655e-08 -2.092e-06
77 1.11662e-08 -2.09226e-06
78 1.11668e-08 -2.09251e-06
79 1.11675e-08 -2.09277e-06
80 1.11682e-08 -2.09302e-06
