26 4.13224 -11.6978
27 95.5902 -25579.8
28 88.3108 -20134.5
29 4053.24 -5265.27
30 2244.67 -5331.4
31 2291.48 -5206.89
32 2270.16 -5224.24
33 2243.95 -5219.7
34 2232.99 -5218.71
35 2223.22 -5218.19
36 2215.1 -5217.77
37 2208.2 -5217.45
38 2202.17 -5217.37
39 2196.9 -5217.35
40 2192.18 -5217.46
41 2188.02 -5217.61
42 2184.42 -5217.82
43 2181.16 -5218.04
44 2178.13 -5218.37
45 2175.29 -5218.72
46 2172.8 -5219.07
47 2170.37 -5219.49
48 2168.12 -5219.92
49 2166.13 -5220.36
50 2164.24 -5220.82
51 2162.51 -5221.29
52 2160.76 -5221.77
53 2159.17 -5222.26
54 2157.67 -5222.77
55 2156.21 -5223.31
56 2154.81 -5223.85
57 2153.51 -5224.38
58 2152.23 -5224.92
59 2150.99 -5225.44
60 2149.77 -5225.99
61 2148.69 -5226.54
62 2147.54 -5227.08
63 2146.49 -5227.64
64 2145.47 -5228.19
65 2144.5 -5228.75
66 2143.55 -5229.3
67 2142.63 -5229.86
68 2141.75 -5230.42
69 2140.88 -5230.97
70 2140.04 -5231.52
71 2139.22 -5232.08
72 2138.42 -5232.63
73 2137.65 -5233.19
74 2136.89 -5233.74
75 2136.16 -5234.29
76 2135.45 -5234.85
77 2134.76 -5235.4
78 2134.09 -5235.96
79 2133.44 -5236.51
80 2132.81 -5237.07
