26 4.62013e-11 2.00586e-09
27 3.47789e-07 3.63703e-05
28 3.61317e-07 2.60157e-05
29 4.6026e-07 2.72337e-06
30 4.5822e-07 2.73033e-06
31 4.57727e-07 2.74205e-06
32 4.57746e-07 2.7301e-06
33 4.57651e-07 2.72927e-06
34 4.57568e-07 2.72869e-06
35 4.57506e-07 2.72835e-06
36 4.57452e-07 2.72818e-06
37 4.57399e-07 2.728e-06
38 4.57359e-07 2.72801e-06
39 4.57316e-07 2.72801e-06
40 4.57284e-07 2.72806e-06
41 4.57257e-07 2.72823e-06
42 4.57223e-07 2.72837e-06
43 4.57194e-07 2.72857e-06
44 4.57167e-07 2.72878e-06
45 4.57142e-07 2.72902e-06
46 4.57115e-07 2.72926e-06
47 4.57093e-07 2.72954e-06
48 4.5707e-07 2.72981e-06
49 4.57047e-07 2.7301e-06
50 4.57025e-07 2.7304e-06
51 4.57003e-07 2.73071e-06
52 4.56983e-07 2.73102e-06
53 4.56962e-07 2.73134e-06
54 4.56943e-07 2.73167e-06
55 4.56926e-07 2.73201e-06
56 4.56908e-07 2.73235e-06
57 4.5689e-07 2.73269e-06
58 4.56873e-07 2.73304e-06
59 4.56857e-07 2.73339e-06
60 4.5684e-07 2.73373e-06
61 4.56823e-07 2.73408e-06
62 4.56807e-07 2.73443e-06
63 4.56791e-07 2.73478e-06
64 4.56774e-07 2.73513e-06
65 4.56758e-07 2.73548e-06
66 4.56741e-07 2.73583e-06
67 4.56725e-07 2.73618e-06
68 4.56709e-07 2.73653e-06
69 4.56693e-07 2.73688e-06
70 4.56677e-07 2.73723e-06
71 4.56661e-07 2.73758e-06
72 4.56646e-07 2.73793e-06
73 4.5663e-07 2.73828e-06
74 4.56615e-07 2.73863e-06
75 4.56599e-07 2.73898e-06
76 4.56584e-07 2.73933e-06
77 4.56569e-07 2.73967e-06
78 4.56554e-07 2.74002e-06
79 4.56539e-07 2.74037e-06
80 4.56524e-07 2.74071e-06
