26 -3.04072 0.97485
27 5031.05 5819.33
28 3984.07 4645.8
29 2173.7 2314.48
30 2194.94 2351.02
31 2219.03 2356.99
32 2203.25 2343.38
33 2203.11 2343.17
34 2202.34 2342.28
35 2201.9 2341.82
36 2201.55 2341.37
37 2201.23 2341.01
38 2201.05 2340.74
39 2200.9 2340.55
40 2200.8 2340.42
41 2200.74 2340.27
42 2200.72 2340.21
43 2200.72 2340.12
44 2200.75 2340.12
45 2200.8 2340.11
46 2200.86 2340.12
47 2200.95 2340.17
48 2201.04 2340.21
49 2201.14 2340.28
50 2201.25 2340.35
51 2201.37 2340.42
52 2201.5 2340.51
53 2201.63 2340.6
54 2201.77 2340.7
55 2201.92 2340.81
56 2202.07 2340.92
57 2202.22 2341.03
58 2202.37 2341.14
59 2202.51 2341.23
60 2202.67 2341.35
61 2202.82 2341.46
62 2202.98 2341.57
63 2203.13 2341.69
64 2203.29 2341.81
65 2203.45 2341.93
66 2203.61 2342.05
67 2203.77 2342.17
68 2203.93 2342.29
69 2204.08 2342.41
70 2204.24 2342.53
71 2204.4 2342.65
72 2204.56 2342.77
73 2204.72 2342.89
74 2204.88 2343.01
75 2205.03 2343.13
76 2205.19 2343.25
77 2205.35 2343.37
78 2205.51 2343.49
79 2205.66 2343.61
80 2205.82 2343.72
