26 5.14184 -1.59084
27 835.25 -15166
28 674.412 -11903.1
29 316.515 -6976.54
30 328.215 -6987.32
31 325.277 -7116.87
32 323.527 -7060.26
33 323.564 -7059.57
34 323.397 -7057.47
35 323.33 -7056.05
36 323.235 -7055.23
37 323.172 -7054.33
38 323.106 -7054.03
39 323.066 -7053.66
40 323.039 -7053.42
41 322.981 -7053.58
42 322.958 -7053.65
43 322.917 -7053.92
44 322.903 -7054.17
45 322.883 -7054.51
46 322.866 -7054.87
47 322.854 -7055.34
48 322.843 -7055.8
49 322.837 -7056.29
50 322.83 -7056.82
51 322.82 -7057.4
52 322.819 -7057.93
53 322.817 -7058.51
54 322.812 -7059.14
55 322.812 -7059.78
56 322.812 -7060.42
57 322.809 -7061.07
58 322.806 -7061.75
59 322.798 -7062.42
60 322.799 -7063.07
61 322.797 -7063.74
62 322.793 -7064.42
63 322.793 -7065.09
64 322.793 -7065.76
65 322.793 -7066.43
66 322.793 -7067.11
67 322.793 -7067.78
68 322.793 -7068.45
69 322.794 -7069.13
70 322.794 -7069.8
71 322.794 -7070.48
72 322.794 -7071.15
73 322.795 -7071.82
74 322.795 -7072.49
75 322.795 -7073.16
76 322.795 -7073.83
77 322.795 -7074.5
78 322.795 -7075.17
79 322.795 -7075.83
80 322.795 -7076.49
