26 2.81364 -12.4273
27 95.5767 -26388.5
28 -392.895 -20744.9
29 3576.58 -4376.9
30 1883.45 -4456.53
31 1857.37 -4334.31
32 1858.23 -4354.89
33 1841.11 -4351.42
34 1840.04 -4350.98
35 1839.85 -4350.98
36 1841.23 -4350.97
37 1843.73 -4351.06
38 1847.01 -4351.27
39 1850.93 -4351.57
40 1855.34 -4351.97
41 1860.17 -4352.32
42 1865.42 -4352.76
43 1870.93 -4353.16
44 1876.57 -4353.68
45 1882.29 -4354.2
46 1888.23 -4354.71
47 1894.13 -4355.27
48 1900.12 -4355.84
49 1906.27 -4356.42
50 1912.43 -4357.01
51 1918.65 -4357.59
52 1924.74 -4358.19
53 1930.9 -4358.8
54 1937.05 -4359.41
55 1943.17 -4360.06
56 1949.26 -4360.69
57 1955.36 -4361.32
58 1961.4 -4361.95
59 1967.39 -4362.56
60 1973.32 -4363.2
61 1979.37 -4363.84
62 1985.13 -4364.46
63 1991.01 -4365.1
64 1996.8 -4365.74
65 2002.59 -4366.38
66 2008.3 -4367.01
67 2013.97 -4367.65
68 2019.6 -4368.29
69 2025.15 -4368.92
70 2030.65 -4369.55
71 2036.1 -4370.18
72 2041.5 -4370.81
73 2046.85 -4371.44
74 2052.15 -4372.07
75 2057.41 -4372.7
76 2062.61 -4373.33
77 2067.77 -4373.95
78 2072.88 -4374.58
79 2077.95 -4375.2
80 2082.96 -4375.83
