26 6.34463e-11 -6.20001e-10
27 3.41005e-07 4.13029e-05
28 3.6136e-07 3.33208e-05
29 4.60293e-07 2.71071e-06
30 4.58252e-07 2.7254e-06
31 4.57759e-07 2.73171e-06
32 4.57778e-07 2.71987e-06
33 4.57683e-07 2.71914e-06
34 4.576e-07 2.71851e-06
35 4.57538e-07 2.71817e-06
36 4.57485e-07 2.71797e-06
37 4.57432e-07 2.71777e-06
38 4.57391e-07 2.71775e-06
39 4.57349e-07 2.71774e-06
40 4.57316e-07 2.71779e-06
41 4.5729e-07 2.71791e-06
42 4.57255e-07 2.71804e-06
43 4.57226e-07 2.7182e-06
44 4.57199e-07 2.7184e-06
45 4.57174e-07 2.71861e-06
46 4.57147e-07 2.71883e-06
47 4.57125e-07 2.7191e-06
48 4.57103e-07 2.71935e-06
49 4.57079e-07 2.71963e-06
50 4.57057e-07 2.71991e-06
51 4.57035e-07 2.7202e-06
52 4.57015e-07 2.72049e-06
53 4.56995e-07 2.7208e-06
54 4.56975e-07 2.72111e-06
55 4.56958e-07 2.72143e-06
56 4.56941e-07 2.72176e-06
57 4.56922e-07 2.72208e-06
58 4.56906e-07 2.72241e-06
59 4.56889e-07 2.72273e-06
60 4.56872e-07 2.72306e-06
61 4.56855e-07 2.72339e-06
62 4.56839e-07 2.72372e-06
63 4.56823e-07 2.72405e-06
64 4.56806e-07 2.72438e-06
65 4.5679e-07 2.72471e-06
66 4.56774e-07 2.72504e-06
67 4.56757e-07 2.72538e-06
68 4.56741e-07 2.72571e-06
69 4.56725e-07 2.72604e-06
70 4.56709e-07 2.72637e-06
71 4.56694e-07 2.72671e-06
72 4.56678e-07 2.72704e-06
73 4.56662e-07 2.72737e-06
74 4.56647e-07 2.7277e-06
75 4.56632e-07 2.72803e-06
76 4.56616e-07 2.72836e-06
77 4.56601e-07 2.72869e-06
78 4.56586e-07 2.72902e-06
79 4.56571e-07 2.72934e-06
80 4.56556e-07 2.72967e-06
