26 -3.00503e-11 1.47451e-09
27 3.15293e-08 -1.32979e-06
28 2.50301e-08 -9.90511e-07
29 1.34245e-08 -8.44978e-07
30 1.35941e-08 -8.2238e-07
31 1.37141e-08 -8.62898e-07
32 1.36191e-08 -8.52793e-07
33 1.36184e-08 -8.52663e-07
34 1.36135e-08 -8.52552e-07
35 1.36107e-08 -8.52377e-07
36 1.36084e-08 -8.52406e-07
37 1.36063e-08 -8.52342e-07
38 1.36051e-08 -8.52423e-07
39 1.3604e-08 -8.52429e-07
40 1.36034e-08 -8.52434e-07
41 1.36028e-08 -8.52602e-07
42 1.36026e-08 -8.52671e-07
43 1.36024e-08 -8.52829e-07
44 1.36025e-08 -8.52917e-07
45 1.36027e-08 -8.53041e-07
46 1.36029e-08 -8.53163e-07
47 1.36033e-08 -8.53299e-07
48 1.36038e-08 -8.53429e-07
49 1.36043e-08 -8.53556e-07
50 1.36049e-08 -8.53693e-07
51 1.36056e-08 -8.53847e-07
52 1.36062e-08 -8.53974e-07
53 1.36069e-08 -8.54112e-07
54 1.36077e-08 -8.54268e-07
55 1.36085e-08 -8.54413e-07
56 1.36094e-08 -8.5456e-07
57 1.36102e-08 -8.54715e-07
58 1.3611e-08 -8.54879e-07
59 1.36118e-08 -8.55051e-07
60 1.36126e-08 -8.55199e-07
61 1.36135e-08 -8.55356e-07
62 1.36143e-08 -8.55523e-07
63 1.36152e-08 -8.55677e-07
64 1.3616e-08 -8.55829e-07
65 1.36169e-08 -8.55984e-07
66 1.36178e-08 -8.56139e-07
67 1.36187e-08 -8.56293e-07
68 1.36195e-08 -8.56447e-07
69 1.36204e-08 -8.56601e-07
70 1.36213e-08 -8.56755e-07
71 1.36222e-08 -8.56909e-07
72 1.36231e-08 -8.57063e-07
73 1.36239e-08 -8.57215e-07
74 1.36248e-08 -8.57369e-07
75 1.36257e-08 -8.57522e-07
76 1.36265e-08 -8.57675e-07
77 1.36274e-08 -8.57827e-07
78 1.36283e-08 -8.5798e-07
79 1.36292e-08 -8.58132e-07
80 1.363e-08 -8.58283e-07
