26 -7.94544e-11 1.59264e-08
27 3.40927e-07 2.70234e-05
28 3.63359e-07 2.09221e-05
29 4.60202e-07 2.68409e-06
30 4.58161e-07 2.71614e-06
31 4.57669e-07 2.71028e-06
32 4.57687e-07 2.69871e-06
33 4.57593e-07 2.69819e-06
34 4.57509e-07 2.69744e-06
35 4.57447e-07 2.69713e-06
36 4.57394e-07 2.69683e-06
37 4.57341e-07 2.69663e-06
38 4.57301e-07 2.69652e-06
39 4.57258e-07 2.69649e-06
40 4.57226e-07 2.69654e-06
41 4.57199e-07 2.69654e-06
42 4.57165e-07 2.69665e-06
43 4.57135e-07 2.69672e-06
44 4.57108e-07 2.69689e-06
45 4.57084e-07 2.69706e-06
46 4.57056e-07 2.69724e-06
47 4.57034e-07 2.69746e-06
48 4.57012e-07 2.69767e-06
49 4.56989e-07 2.69791e-06
50 4.56966e-07 2.69816e-06
51 4.56945e-07 2.6984e-06
52 4.56924e-07 2.69866e-06
53 4.56904e-07 2.69893e-06
54 4.56885e-07 2.6992e-06
55 4.56868e-07 2.69949e-06
56 4.5685e-07 2.69978e-06
57 4.56832e-07 2.70006e-06
58 4.56815e-07 2.70035e-06
59 4.56798e-07 2.70061e-06
60 4.56782e-07 2.7009e-06
61 4.56765e-07 2.70119e-06
62 4.56749e-07 2.70146e-06
63 4.56732e-07 2.70176e-06
64 4.56716e-07 2.70205e-06
65 4.56699e-07 2.70234e-06
66 4.56683e-07 2.70263e-06
67 4.56667e-07 2.70292e-06
68 4.56651e-07 2.70321e-06
69 4.56635e-07 2.70351e-06
70 4.56619e-07 2.7038e-06
71 4.56603e-07 2.70409e-06
72 4.56587e-07 2.70438e-06
73 4.56572e-07 2.70467e-06
74 4.56556e-07 2.70496e-06
75 4.56541e-07 2.70524e-06
76 4.56526e-07 2.70553e-06
77 4.56511e-07 2.70582e-06
78 4.56496e-07 2.7061e-06
79 4.56481e-07 2.70639e-06
80 4.56466e-07 2.70667e-06
