26 4.18442 -2.39725
27 38237.7 -9791.81
28 40756.9 -7196.06
29 51617.4 3043.99
30 51388.5 3107.49
31 51333.2 3082.07
32 51335.3 3069.18
33 51324.7 3068.91
34 51315.3 3067.87
35 51308.4 3067.55
36 51302.4 3067.06
37 51296.5 3066.8
38 51291.9 3066.55
39 51287.1 3066.49
40 51283.5 3066.54
41 51280.5 3066.37
42 51276.7 3066.46
43 51273.4 3066.4
44 51270.4 3066.56
45 51267.6 3066.68
46 51264.5 3066.82
47 51262 3067
48 51259.6 3067.19
49 51256.9 3067.42
50 51254.5 3067.64
51 51252 3067.84
52 51249.7 3068.1
53 51247.4 3068.36
54 51245.3 3068.6
55 51243.3 3068.88
56 51241.4 3069.16
57 51239.3 3069.42
58 51237.5 3069.67
59 51235.6 3069.89
60 51233.7 3070.17
61 51231.8 3070.43
62 51230 3070.67
63 51228.2 3070.95
64 51226.3 3071.22
65 51224.5 3071.49
66 51222.6 3071.76
67 51220.8 3072.04
68 51219 3072.31
69 51217.2 3072.58
70 51215.4 3072.85
71 51213.7 3073.12
72 51211.9 3073.39
73 51210.2 3073.66
74 51208.4 3073.93
75 51206.7 3074.2
76 51205 3074.46
77 51203.3 3074.73
78 51201.6 3074.99
79 51199.9 3075.26
80 51198.3 3075.52
