26 -3.34077 1.68066
27 3673.86 -1029.17
28 2915.8 -744.902
29 1566.68 -749.702
30 1585.99 -722.691
31 1600.36 -765.965
32 1589.24 -756.029
33 1589.16 -755.902
34 1588.59 -755.845
35 1588.27 -755.689
36 1587.99 -755.752
37 1587.76 -755.708
38 1587.61 -755.814
39 1587.49 -755.834
40 1587.42 -755.849
41 1587.35 -756.041
42 1587.33 -756.12
43 1587.3 -756.297
44 1587.32 -756.392
45 1587.34 -756.526
46 1587.37 -756.657
47 1587.42 -756.801
48 1587.48 -756.938
49 1587.54 -757.071
50 1587.61 -757.214
51 1587.69 -757.375
52 1587.77 -757.506
53 1587.85 -757.648
54 1587.94 -757.809
55 1588.04 -757.959
56 1588.14 -758.11
57 1588.23 -758.27
58 1588.33 -758.438
59 1588.42 -758.618
60 1588.52 -758.769
61 1588.62 -758.93
62 1588.72 -759.103
63 1588.82 -759.262
64 1588.93 -759.418
65 1589.03 -759.577
66 1589.13 -759.735
67 1589.24 -759.893
68 1589.34 -760.051
69 1589.45 -760.209
70 1589.55 -760.367
71 1589.65 -760.524
72 1589.76 -760.682
73 1589.86 -760.838
74 1589.96 -760.996
75 1590.07 -761.153
76 1590.17 -761.309
77 1590.27 -761.465
78 1590.37 -761.622
79 1590.48 -761.778
80 1590.58 -761.933
