26 6.00704 -6.07136
27 39000.6 -15640.9
28 40525.3 -11498.8
29 51617.1 3201.71
30 51388.1 3165.98
31 51332.9 3210.1
32 51335 3195.68
33 51324.4 3194.2
34 51315 3193.84
35 51308 3193.38
36 51302.1 3193.42
37 51296.1 3193.25
38 51291.6 3193.47
39 51286.8 3193.52
40 51283.2 3193.58
41 51280.2 3194.05
42 51276.4 3194.28
43 51273 3194.74
44 51270 3195.04
45 51267.3 3195.43
46 51264.2 3195.82
47 51261.7 3196.25
48 51259.2 3196.67
49 51256.6 3197.08
50 51254.1 3197.52
51 51251.7 3198
52 51249.4 3198.42
53 51247.1 3198.87
54 51245 3199.37
55 51243 3199.84
56 51241.1 3200.33
57 51239 3200.82
58 51237.1 3201.35
59 51235.3 3201.89
60 51233.4 3202.38
61 51231.5 3202.89
62 51229.7 3203.42
63 51227.8 3203.92
64 51226 3204.42
65 51224.2 3204.93
66 51222.3 3205.43
67 51220.5 3205.94
68 51218.7 3206.45
69 51216.9 3206.95
70 51215.1 3207.46
71 51213.3 3207.96
72 51211.6 3208.47
73 51209.9 3208.98
74 51208.1 3209.48
75 51206.4 3209.99
76 51204.7 3210.49
77 51203 3211
78 51201.3 3211.51
79 51199.6 3212.01
80 51197.9 3212.52
