26 -6.36368e-11 1.35276e-08
27 3.40949e-07 3.14473e-05
28 3.6337e-07 2.43055e-05
29 4.60224e-07 2.68843e-06
30 4.58184e-07 2.71758e-06
31 4.57691e-07 2.71375e-06
32 4.5771e-07 2.70214e-06
33 4.57615e-07 2.70158e-06
34 4.57532e-07 2.70085e-06
35 4.5747e-07 2.70054e-06
36 4.57416e-07 2.70025e-06
37 4.57363e-07 2.70005e-06
38 4.57323e-07 2.69996e-06
39 4.5728e-07 2.69993e-06
40 4.57248e-07 2.69998e-06
41 4.57221e-07 2.7e-06
42 4.57187e-07 2.70011e-06
43 4.57158e-07 2.7002e-06
44 4.57131e-07 2.70038e-06
45 4.57106e-07 2.70055e-06
46 4.57079e-07 2.70074e-06
47 4.57057e-07 2.70096e-06
48 4.57034e-07 2.70119e-06
49 4.57011e-07 2.70143e-06
50 4.56989e-07 2.70168e-06
51 4.56967e-07 2.70193e-06
52 4.56947e-07 2.7022e-06
53 4.56926e-07 2.70248e-06
54 4.56907e-07 2.70275e-06
55 4.5689e-07 2.70305e-06
56 4.56872e-07 2.70334e-06
57 4.56854e-07 2.70363e-06
58 4.56837e-07 2.70392e-06
59 4.56821e-07 2.7042e-06
60 4.56804e-07 2.70449e-06
61 4.56787e-07 2.70479e-06
62 4.56771e-07 2.70507e-06
63 4.56755e-07 2.70537e-06
64 4.56738e-07 2.70567e-06
65 4.56722e-07 2.70597e-06
66 4.56705e-07 2.70627e-06
67 4.56689e-07 2.70657e-06
68 4.56673e-07 2.70686e-06
69 4.56657e-07 2.70716e-06
70 4.56641e-07 2.70746e-06
71 4.56625e-07 2.70776e-06
72 4.5661e-07 2.70805e-06
73 4.56594e-07 2.70835e-06
74 4.56579e-07 2.70865e-06
75 4.56563e-07 2.70894e-06
76 4.56548e-07 2.70924e-06
77 4.56533e-07 2.70953e-06
78 4.56518e-07 2.70982e-06
79 4.56503e-07 2.71011e-06
80 4.56488e-07 2.71041e-06
