26 5.95309 -7.82886
27 95.5729 -22332.7
28 88.8588 -17567.7
29 4147.59 -7808.18
30 1056.44 -7822.49
31 1240.61 -7736.8
32 1183.54 -7728.36
33 1162.8 -7723.08
34 1154.87 -7720.67
35 1148.64 -7718.87
36 1143.89 -7717.53
37 1140.17 -7716.26
38 1137.13 -7715.55
39 1134.74 -7714.86
40 1132.78 -7714.35
41 1131.27 -7714.14
42 1130.27 -7713.93
43 1129.52 -7713.87
44 1128.94 -7713.86
45 1128.51 -7713.94
46 1128.36 -7714.04
47 1128.25 -7714.26
48 1128.25 -7714.49
49 1128.45 -7714.75
50 1128.73 -7715.05
51 1129.11 -7715.39
52 1129.45 -7715.72
53 1129.9 -7716.09
54 1130.4 -7716.51
55 1130.92 -7716.95
56 1131.46 -7717.39
57 1132.06 -7717.84
58 1132.66 -7718.32
59 1133.27 -7718.79
60 1133.87 -7719.26
61 1134.54 -7719.74
62 1135.19 -7720.23
63 1135.88 -7720.73
64 1136.56 -7721.22
65 1137.27 -7721.72
66 1137.98 -7722.22
67 1138.69 -7722.73
68 1139.42 -7723.24
69 1140.13 -7723.75
70 1140.84 -7724.26
71 1141.56 -7724.77
72 1142.28 -7725.29
73 1142.99 -7725.8
74 1143.71 -7726.32
75 1144.43 -7726.84
76 1145.15 -7727.36
77 1145.87 -7727.88
78 1146.59 -7728.4
79 1147.3 -7728.92
80 1148.02 -7729.44
