26 -3.37408e-11 7.07365e-10
27 4.52418e-08 5.00347e-06
28 3.57035e-08 3.93485e-06
29 1.99456e-08 2.18081e-06
30 2.00635e-08 2.17685e-06
31 2.03422e-08 2.21189e-06
32 2.01925e-08 2.19646e-06
33 2.01907e-08 2.19602e-06
34 2.01841e-08 2.19542e-06
35 2.01801e-08 2.195e-06
36 2.01773e-08 2.19477e-06
37 2.01745e-08 2.19451e-06
38 2.01732e-08 2.19444e-06
39 2.0172e-08 2.19433e-06
40 2.01712e-08 2.19427e-06
41 2.01711e-08 2.19434e-06
42 2.01711e-08 2.19438e-06
43 2.01714e-08 2.19448e-06
44 2.01719e-08 2.19456e-06
45 2.01726e-08 2.19468e-06
46 2.01733e-08 2.1948e-06
47 2.01744e-08 2.19495e-06
48 2.01754e-08 2.19511e-06
49 2.01766e-08 2.19526e-06
50 2.01778e-08 2.19543e-06
51 2.01792e-08 2.19562e-06
52 2.01805e-08 2.19579e-06
53 2.01819e-08 2.19598e-06
54 2.01834e-08 2.19618e-06
55 2.01849e-08 2.19639e-06
56 2.01865e-08 2.19659e-06
57 2.01881e-08 2.1968e-06
58 2.01898e-08 2.19702e-06
59 2.01913e-08 2.19724e-06
60 2.01929e-08 2.19745e-06
61 2.01946e-08 2.19766e-06
62 2.01962e-08 2.19788e-06
63 2.01979e-08 2.1981e-06
64 2.01995e-08 2.19831e-06
65 2.02012e-08 2.19853e-06
66 2.02028e-08 2.19874e-06
67 2.02045e-08 2.19896e-06
68 2.02062e-08 2.19918e-06
69 2.02078e-08 2.19939e-06
70 2.02095e-08 2.19961e-06
71 2.02111e-08 2.19983e-06
72 2.02128e-08 2.20004e-06
73 2.02145e-08 2.20026e-06
74 2.02161e-08 2.20047e-06
75 2.02178e-08 2.20069e-06
76 2.02194e-08 2.2009e-06
77 2.02211e-08 2.20112e-06
78 2.02227e-08 2.20133e-06
79 2.02243e-08 2.20155e-06
80 2.0226e-08 2.20176e-06
