26 2.02888e-11 -7.85747e-09
27 -8.0579e-10 -2.15093e-05
28 -7.81144e-10 -1.70596e-05
29 4.19946e-08 -5.98283e-06
30 1.85825e-08 -5.95044e-06
31 1.87553e-08 -5.91106e-06
32 1.81237e-08 -5.90187e-06
33 1.79139e-08 -5.89779e-06
34 1.78426e-08 -5.89621e-06
35 1.77866e-08 -5.89507e-06
36 1.77417e-08 -5.89429e-06
37 1.77079e-08 -5.89357e-06
38 1.7681e-08 -5.89322e-06
39 1.76621e-08 -5.89291e-06
40 1.76457e-08 -5.89277e-06
41 1.76314e-08 -5.89276e-06
42 1.76248e-08 -5.8928e-06
43 1.76194e-08 -5.8929e-06
44 1.76163e-08 -5.89308e-06
45 1.76156e-08 -5.89331e-06
46 1.76174e-08 -5.89355e-06
47 1.76196e-08 -5.89389e-06
48 1.7623e-08 -5.89423e-06
49 1.76284e-08 -5.8946e-06
50 1.76344e-08 -5.89499e-06
51 1.76411e-08 -5.8954e-06
52 1.76484e-08 -5.89582e-06
53 1.76561e-08 -5.89627e-06
54 1.76641e-08 -5.89674e-06
55 1.76719e-08 -5.89724e-06
56 1.768e-08 -5.89773e-06
57 1.76887e-08 -5.89823e-06
58 1.7697e-08 -5.89874e-06
59 1.77047e-08 -5.89923e-06
60 1.7713e-08 -5.89975e-06
61 1.77219e-08 -5.90026e-06
62 1.77301e-08 -5.90078e-06
63 1.7739e-08 -5.9013e-06
64 1.7748e-08 -5.90182e-06
65 1.77571e-08 -5.90234e-06
66 1.77662e-08 -5.90287e-06
67 1.77752e-08 -5.9034e-06
68 1.77843e-08 -5.90392e-06
69 1.77934e-08 -5.90445e-06
70 1.78024e-08 -5.90498e-06
71 1.78114e-08 -5.90551e-06
72 1.78204e-08 -5.90604e-06
73 1.78293e-08 -5.90656e-06
74 1.78381e-08 -5.90709e-06
75 1.78469e-08 -5.90762e-06
76 1.78555e-08 -5.90815e-06
77 1.78641e-08 -5.90867e-06
78 1.78727e-08 -5.9092e-06
79 1.78811e-08 -5.90973e-06
80 1.78895e-08 -5.91025e-06
