26 5.71759 -2.08979
27 38237.6 -6749.23
28 40757 -4869.09
29 51617.3 3047.15
30 51388.4 3108.66
31 51333.1 3084.64
32 51335.2 3071.71
33 51324.6 3071.42
34 51315.3 3070.39
35 51308.3 3070.07
36 51302.4 3069.59
37 51296.4 3069.33
38 51291.9 3069.09
39 51287.1 3069.03
40 51283.5 3069.09
41 51280.5 3068.93
42 51276.6 3069.01
43 51273.3 3068.97
44 51270.3 3069.13
45 51267.5 3069.26
46 51264.5 3069.4
47 51262 3069.59
48 51259.5 3069.79
49 51256.9 3070.01
50 51254.4 3070.24
51 51252 3070.45
52 51249.7 3070.71
53 51247.4 3070.98
54 51245.2 3071.22
55 51243.3 3071.5
56 51241.3 3071.79
57 51239.3 3072.05
58 51237.4 3072.31
59 51235.5 3072.53
60 51233.7 3072.81
61 51231.8 3073.08
62 51230 3073.33
63 51228.1 3073.61
64 51226.3 3073.89
65 51224.4 3074.16
66 51222.6 3074.44
67 51220.8 3074.72
68 51219 3074.99
69 51217.2 3075.27
70 51215.4 3075.55
71 51213.6 3075.82
72 51211.9 3076.09
73 51210.1 3076.37
74 51208.4 3076.64
75 51206.7 3076.91
76 51205 3077.19
77 51203.3 3077.46
78 51201.6 3077.72
79 51199.9 3077.99
80 51198.2 3078.26
