26 -3.54598 0.34835
27 5468.5 7932.69
28 4326.83 6301.79
29 2374.13 3284.22
30 2395.11 3319.26
31 2423.08 3344.19
32 2405.71 3322.85
33 2405.54 3322.5
34 2404.72 3321.34
35 2404.23 3320.68
36 2403.86 3320.13
37 2403.52 3319.65
38 2403.33 3319.36
39 2403.17 3319.12
40 2403.07 3318.97
41 2403.02 3318.85
42 2403 3318.8
43 2403 3318.77
44 2403.05 3318.8
45 2403.11 3318.86
46 2403.17 3318.92
47 2403.28 3319.04
48 2403.38 3319.16
49 2403.5 3319.3
50 2403.63 3319.45
51 2403.77 3319.6
52 2403.91 3319.77
53 2404.06 3319.96
54 2404.22 3320.15
55 2404.39 3320.35
56 2404.56 3320.56
57 2404.73 3320.76
58 2404.9 3320.98
59 2405.07 3321.17
60 2405.24 3321.38
61 2405.42 3321.6
62 2405.59 3321.81
63 2405.77 3322.02
64 2405.95 3322.24
65 2406.12 3322.46
66 2406.3 3322.68
67 2406.48 3322.9
68 2406.66 3323.12
69 2406.84 3323.34
70 2407.02 3323.56
71 2407.2 3323.78
72 2407.38 3324
73 2407.56 3324.22
74 2407.74 3324.44
75 2407.91 3324.66
76 2408.09 3324.88
77 2408.27 3325.1
78 2408.45 3325.32
79 2408.62 3325.53
80 2408.8 3325.75
