26 -3.22535e-11 1.03619e-09
27 3.46265e-08 -7.3833e-08
28 2.72745e-08 -9.67647e-08
29 1.54323e-08 2.19282e-08
30 1.54917e-08 -9.87232e-09
31 1.57312e-08 6.28658e-09
32 1.56133e-08 6.10009e-09
33 1.56117e-08 5.75738e-09
34 1.56069e-08 5.96549e-09
35 1.56037e-08 5.97959e-09
36 1.56017e-08 6.13596e-09
37 1.55997e-08 6.20033e-09
38 1.55988e-08 6.3386e-09
39 1.55979e-08 6.40161e-09
40 1.55973e-08 6.44648e-09
41 1.55975e-08 6.61707e-09
42 1.55975e-08 6.68469e-09
43 1.55979e-08 6.82434e-09
44 1.55984e-08 6.88896e-09
45 1.5599e-08 6.97941e-09
46 1.55997e-08 7.06427e-09
47 1.56006e-08 7.14978e-09
48 1.56015e-08 7.22979e-09
49 1.56024e-08 7.30157e-09
50 1.56035e-08 7.37897e-09
51 1.56046e-08 7.46785e-09
52 1.56057e-08 7.53381e-09
53 1.56069e-08 7.60412e-09
54 1.56081e-08 7.6878e-09
55 1.56094e-08 7.76001e-09
56 1.56107e-08 7.83296e-09
57 1.5612e-08 7.91335e-09
58 1.56134e-08 7.99901e-09
59 1.56147e-08 8.09674e-09
60 1.56161e-08 8.16908e-09
61 1.56174e-08 8.24898e-09
62 1.56188e-08 8.33893e-09
63 1.56201e-08 8.41581e-09
64 1.56215e-08 8.49102e-09
65 1.56229e-08 8.56849e-09
66 1.56242e-08 8.64587e-09
67 1.56256e-08 8.7223e-09
68 1.5627e-08 8.79912e-09
69 1.56283e-08 8.87545e-09
70 1.56297e-08 8.95222e-09
71 1.56311e-08 9.02874e-09
72 1.56325e-08 9.10553e-09
73 1.56338e-08 9.1814e-09
74 1.56352e-08 9.25814e-09
75 1.56366e-08 9.33489e-09
76 1.56379e-08 9.41092e-09
77 1.56393e-08 9.48735e-09
78 1.56406e-08 9.56385e-09
79 1.5642e-08 9.64048e-09
80 1.56433e-08 9.71685e-09
