26 -4.26301 1.20943
27 3357.39 -2840.91
28 2641.86 -2295.99
29 1504.88 -1158.47
30 1509.06 -1207.97
31 1533.62 -1201.48
32 1522.02 -1193.19
33 1521.86 -1193.51
34 1521.39 -1192.85
35 1521.09 -1192.59
36 1520.9 -1192.21
37 1520.7 -1191.96
38 1520.63 -1191.7
39 1520.54 -1191.54
40 1520.49 -1191.44
41 1520.51 -1191.2
42 1520.52 -1191.11
43 1520.57 -1190.94
44 1520.61 -1190.88
45 1520.68 -1190.8
46 1520.75 -1190.73
47 1520.84 -1190.67
48 1520.94 -1190.63
49 1521.03 -1190.6
50 1521.14 -1190.57
51 1521.26 -1190.52
52 1521.37 -1190.51
53 1521.48 -1190.5
54 1521.61 -1190.48
55 1521.74 -1190.47
56 1521.87 -1190.47
57 1522 -1190.45
58 1522.14 -1190.43
59 1522.28 -1190.39
60 1522.41 -1190.39
61 1522.55 -1190.38
62 1522.69 -1190.36
63 1522.82 -1190.35
64 1522.96 -1190.35
65 1523.1 -1190.34
66 1523.24 -1190.33
67 1523.37 -1190.33
68 1523.51 -1190.32
69 1523.65 -1190.32
70 1523.79 -1190.31
71 1523.93 -1190.31
72 1524.06 -1190.3
73 1524.2 -1190.3
74 1524.34 -1190.29
75 1524.48 -1190.28
76 1524.61 -1190.28
77 1524.75 -1190.27
78 1524.89 -1190.27
79 1525.02 -1190.26
80 1525.16 -1190.25
