26 -2.81149 1.30109
27 4552.33 3416
28 3607.73 2756.31
29 1958.19 1231.88
30 1979 1266.42
31 1999.45 1253.97
32 1985.34 1248.76
33 1985.22 1248.68
34 1984.52 1248.12
35 1984.12 1247.87
36 1983.8 1247.55
37 1983.51 1247.33
38 1983.34 1247.12
39 1983.2 1246.98
40 1983.11 1246.9
41 1983.04 1246.72
42 1983.02 1246.65
43 1983.01 1246.52
44 1983.04 1246.48
45 1983.07 1246.43
46 1983.12 1246.39
47 1983.2 1246.36
48 1983.27 1246.34
49 1983.36 1246.33
50 1983.46 1246.32
51 1983.56 1246.31
52 1983.67 1246.31
53 1983.78 1246.32
54 1983.91 1246.32
55 1984.04 1246.34
56 1984.17 1246.36
57 1984.3 1246.36
58 1984.43 1246.37
59 1984.55 1246.36
60 1984.69 1246.38
61 1984.82 1246.39
62 1984.96 1246.4
63 1985.09 1246.42
64 1985.23 1246.43
65 1985.37 1246.45
66 1985.51 1246.47
67 1985.65 1246.49
68 1985.78 1246.5
69 1985.92 1246.52
70 1986.06 1246.54
71 1986.2 1246.56
72 1986.34 1246.58
73 1986.48 1246.6
74 1986.61 1246.62
75 1986.75 1246.63
76 1986.89 1246.65
77 1987.03 1246.67
78 1987.16 1246.69
79 1987.3 1246.71
80 1987.44 1246.73
