26 5.5072 -3.18704
27 291.104 -17763.2
28 244.083 -13955.6
29 78.515 -8112.74
30 88.4528 -8131.89
31 82.4557 -8276.07
32 82.4694 -8211.04
33 82.525 -8210.26
34 82.4388 -8207.78
35 82.4204 -8206.13
36 82.3605 -8205.14
37 82.3307 -8204.08
38 82.2818 -8203.69
39 82.2573 -8203.25
40 82.2407 -8202.97
41 82.1859 -8203.11
42 82.1639 -8203.18
43 82.12 -8203.46
44 82.1009 -8203.73
45 82.0743 -8204.11
46 82.0494 -8204.51
47 82.0256 -8205.03
48 82.0034 -8205.54
49 81.9842 -8206.1
50 81.9636 -8206.69
51 81.9395 -8207.34
52 81.9228 -8207.94
53 81.905 -8208.6
54 81.8833 -8209.31
55 81.8656 -8210.03
56 81.8477 -8210.75
57 81.8273 -8211.49
58 81.8056 -8212.26
59 81.7797 -8213.01
60 81.7622 -8213.75
61 81.7422 -8214.51
62 81.7192 -8215.28
63 81.7003 -8216.04
64 81.682 -8216.8
65 81.663 -8217.56
66 81.644 -8218.33
67 81.6254 -8219.09
68 81.6066 -8219.85
69 81.588 -8220.62
70 81.5693 -8221.38
71 81.5507 -8222.15
72 81.532 -8222.91
73 81.5136 -8223.67
74 81.4949 -8224.43
75 81.4762 -8225.19
76 81.4577 -8225.95
77 81.4392 -8226.71
78 81.4206 -8227.47
79 81.4019 -8228.22
80 81.3834 -8228.97
