26 1.84538e-11 -8.49067e-09
27 -8.02753e-10 -2.22154e-05
28 -7.79363e-10 -1.76178e-05
29 4.26277e-08 -5.4926e-06
30 1.85855e-08 -5.42502e-06
31 1.87583e-08 -5.38321e-06
32 1.81268e-08 -5.38063e-06
33 1.7917e-08 -5.37652e-06
34 1.78456e-08 -5.37539e-06
35 1.77897e-08 -5.37458e-06
36 1.77448e-08 -5.37414e-06
37 1.7711e-08 -5.3737e-06
38 1.7684e-08 -5.37361e-06
39 1.76652e-08 -5.37353e-06
40 1.76488e-08 -5.3736e-06
41 1.76344e-08 -5.37382e-06
42 1.76278e-08 -5.37403e-06
43 1.76225e-08 -5.37432e-06
44 1.76193e-08 -5.37466e-06
45 1.76186e-08 -5.37505e-06
46 1.76204e-08 -5.37545e-06
47 1.76227e-08 -5.37593e-06
48 1.76261e-08 -5.3764e-06
49 1.76315e-08 -5.3769e-06
50 1.76375e-08 -5.37742e-06
51 1.76442e-08 -5.37796e-06
52 1.76514e-08 -5.3785e-06
53 1.76592e-08 -5.37906e-06
54 1.76672e-08 -5.37965e-06
55 1.76749e-08 -5.38025e-06
56 1.76831e-08 -5.38086e-06
57 1.76917e-08 -5.38147e-06
58 1.77001e-08 -5.38209e-06
59 1.77077e-08 -5.3827e-06
60 1.77161e-08 -5.38331e-06
61 1.7725e-08 -5.38393e-06
62 1.77332e-08 -5.38456e-06
63 1.77421e-08 -5.38518e-06
64 1.77511e-08 -5.38581e-06
65 1.77601e-08 -5.38643e-06
66 1.77692e-08 -5.38706e-06
67 1.77783e-08 -5.38768e-06
68 1.77874e-08 -5.38831e-06
69 1.77965e-08 -5.38894e-06
70 1.78055e-08 -5.38956e-06
71 1.78145e-08 -5.39019e-06
72 1.78234e-08 -5.39081e-06
73 1.78323e-08 -5.39143e-06
74 1.78412e-08 -5.39206e-06
75 1.78499e-08 -5.39268e-06
76 1.78586e-08 -5.3933e-06
77 1.78672e-08 -5.39392e-06
78 1.78757e-08 -5.39454e-06
79 1.78842e-08 -5.39516e-06
80 1.78925e-08 -5.39578e-06
