26 3.478e-12 6.64566e-09
27 3.47758e-07 3.13014e-05
28 3.61304e-07 2.23625e-05
29 4.60229e-07 2.72984e-06
30 4.58188e-07 2.73295e-06
31 4.57696e-07 2.74737e-06
32 4.57714e-07 2.73536e-06
33 4.5762e-07 2.73449e-06
34 4.57536e-07 2.73393e-06
35 4.57474e-07 2.73358e-06
36 4.57421e-07 2.73344e-06
37 4.57368e-07 2.73326e-06
38 4.57328e-07 2.73329e-06
39 4.57285e-07 2.73329e-06
40 4.57253e-07 2.73334e-06
41 4.57226e-07 2.73353e-06
42 4.57192e-07 2.73368e-06
43 4.57162e-07 2.7339e-06
44 4.57135e-07 2.73412e-06
45 4.57111e-07 2.73436e-06
46 4.57083e-07 2.73461e-06
47 4.57061e-07 2.7349e-06
48 4.57039e-07 2.73519e-06
49 4.57016e-07 2.73548e-06
50 4.56994e-07 2.73579e-06
51 4.56972e-07 2.73612e-06
52 4.56951e-07 2.73643e-06
53 4.56931e-07 2.73675e-06
54 4.56912e-07 2.73709e-06
55 4.56895e-07 2.73744e-06
56 4.56877e-07 2.73779e-06
57 4.56859e-07 2.73814e-06
58 4.56842e-07 2.7385e-06
59 4.56825e-07 2.73886e-06
60 4.56809e-07 2.73921e-06
61 4.56792e-07 2.73957e-06
62 4.56776e-07 2.73993e-06
63 4.56759e-07 2.74029e-06
64 4.56743e-07 2.74065e-06
65 4.56726e-07 2.74101e-06
66 4.5671e-07 2.74137e-06
67 4.56694e-07 2.74173e-06
68 4.56678e-07 2.74209e-06
69 4.56662e-07 2.74245e-06
70 4.56646e-07 2.74281e-06
71 4.5663e-07 2.74317e-06
72 4.56614e-07 2.74353e-06
73 4.56599e-07 2.74388e-06
74 4.56584e-07 2.74424e-06
75 4.56568e-07 2.7446e-06
76 4.56553e-07 2.74496e-06
77 4.56538e-07 2.74531e-06
78 4.56523e-07 2.74567e-06
79 4.56508e-07 2.74603e-06
80 4.56493e-07 2.74638e-06
