26 1.17821 -0.625433
27 1630.18 -11466.4
28 1273.76 -9125.97
29 758.237 -4887.58
30 755.19 -4973.05
31 771.423 -5008.24
32 765.253 -4972.85
33 765.134 -4972.93
34 764.934 -4970.95
35 764.782 -4969.93
36 764.714 -4968.96
37 764.625 -4968.17
38 764.611 -4967.6
39 764.579 -4967.18
40 764.56 -4966.91
41 764.599 -4966.57
42 764.616 -4966.45
43 764.664 -4966.27
44 764.699 -4966.27
45 764.749 -4966.27
46 764.799 -4966.3
47 764.861 -4966.4
48 764.922 -4966.51
49 764.984 -4966.66
50 765.051 -4966.82
51 765.126 -4966.99
52 765.193 -4967.19
53 765.265 -4967.41
54 765.344 -4967.63
55 765.423 -4967.88
56 765.502 -4968.13
57 765.583 -4968.37
58 765.668 -4968.62
59 765.754 -4968.83
60 765.834 -4969.09
61 765.917 -4969.35
62 766.003 -4969.59
63 766.086 -4969.85
64 766.168 -4970.12
65 766.251 -4970.39
66 766.335 -4970.65
67 766.418 -4970.92
68 766.501 -4971.19
69 766.584 -4971.46
70 766.667 -4971.73
71 766.751 -4971.99
72 766.834 -4972.26
73 766.917 -4972.53
74 767 -4972.8
75 767.082 -4973.06
76 767.165 -4973.33
77 767.247 -4973.6
78 767.33 -4973.86
79 767.412 -4974.12
80 767.494 -4974.38
