26 -2.91445e-11 6.62059e-10
27 4.63809e-08 5.78565e-06
28 3.67185e-08 4.60911e-06
29 2.0075e-08 2.34245e-06
30 2.02644e-08 2.37425e-06
31 2.04919e-08 2.38549e-06
32 2.03457e-08 2.37106e-06
33 2.03444e-08 2.37083e-06
34 2.03374e-08 2.36996e-06
35 2.03333e-08 2.36949e-06
36 2.03301e-08 2.36906e-06
37 2.03272e-08 2.36871e-06
38 2.03255e-08 2.36847e-06
39 2.03241e-08 2.36828e-06
40 2.03232e-08 2.36816e-06
41 2.03227e-08 2.36804e-06
42 2.03226e-08 2.36799e-06
43 2.03225e-08 2.36793e-06
44 2.03229e-08 2.36794e-06
45 2.03233e-08 2.36795e-06
46 2.03239e-08 2.36798e-06
47 2.03247e-08 2.36804e-06
48 2.03256e-08 2.3681e-06
49 2.03266e-08 2.36818e-06
50 2.03276e-08 2.36827e-06
51 2.03287e-08 2.36836e-06
52 2.03299e-08 2.36846e-06
53 2.03311e-08 2.36857e-06
54 2.03325e-08 2.36869e-06
55 2.03338e-08 2.36882e-06
56 2.03353e-08 2.36894e-06
57 2.03366e-08 2.36907e-06
58 2.03381e-08 2.3692e-06
59 2.03394e-08 2.36931e-06
60 2.03409e-08 2.36944e-06
61 2.03423e-08 2.36958e-06
62 2.03438e-08 2.3697e-06
63 2.03452e-08 2.36984e-06
64 2.03467e-08 2.36997e-06
65 2.03482e-08 2.37011e-06
66 2.03497e-08 2.37025e-06
67 2.03511e-08 2.37038e-06
68 2.03526e-08 2.37052e-06
69 2.03541e-08 2.37066e-06
70 2.03556e-08 2.37079e-06
71 2.03571e-08 2.37093e-06
72 2.03586e-08 2.37107e-06
73 2.036e-08 2.37121e-06
74 2.03615e-08 2.37134e-06
75 2.0363e-08 2.37148e-06
76 2.03645e-08 2.37162e-06
77 2.03659e-08 2.37175e-06
78 2.03674e-08 2.37189e-06
79 2.03689e-08 2.37202e-06
80 2.03703e-08 2.37216e-06
