26 -2.82449e-11 7.26131e-10
27 4.59795e-08 5.55623e-06
28 3.64037e-08 4.42914e-06
29 1.98919e-08 2.23782e-06
30 2.00815e-08 2.26967e-06
31 2.03055e-08 2.27895e-06
32 2.01608e-08 2.26534e-06
33 2.01595e-08 2.26513e-06
34 2.01525e-08 2.2643e-06
35 2.01484e-08 2.26385e-06
36 2.01453e-08 2.26343e-06
37 2.01424e-08 2.26309e-06
38 2.01408e-08 2.26285e-06
39 2.01394e-08 2.26267e-06
40 2.01385e-08 2.26255e-06
41 2.0138e-08 2.26242e-06
42 2.01378e-08 2.26237e-06
43 2.01378e-08 2.26231e-06
44 2.01381e-08 2.26231e-06
45 2.01386e-08 2.26232e-06
46 2.01391e-08 2.26234e-06
47 2.01399e-08 2.2624e-06
48 2.01408e-08 2.26245e-06
49 2.01417e-08 2.26252e-06
50 2.01428e-08 2.2626e-06
51 2.01439e-08 2.26268e-06
52 2.0145e-08 2.26278e-06
53 2.01462e-08 2.26288e-06
54 2.01475e-08 2.26298e-06
55 2.01489e-08 2.2631e-06
56 2.01503e-08 2.26322e-06
57 2.01517e-08 2.26334e-06
58 2.01531e-08 2.26345e-06
59 2.01544e-08 2.26356e-06
60 2.01559e-08 2.26368e-06
61 2.01573e-08 2.2638e-06
62 2.01587e-08 2.26392e-06
63 2.01602e-08 2.26404e-06
64 2.01616e-08 2.26417e-06
65 2.01631e-08 2.26429e-06
66 2.01645e-08 2.26442e-06
67 2.0166e-08 2.26455e-06
68 2.01675e-08 2.26467e-06
69 2.01689e-08 2.2648e-06
70 2.01704e-08 2.26493e-06
71 2.01719e-08 2.26505e-06
72 2.01733e-08 2.26518e-06
73 2.01748e-08 2.26531e-06
74 2.01763e-08 2.26543e-06
75 2.01777e-08 2.26556e-06
76 2.01792e-08 2.26568e-06
77 2.01806e-08 2.26581e-06
78 2.01821e-08 2.26594e-06
79 2.01835e-08 2.26606e-06
80 2.01849e-08 2.26618e-06
