26 2.08448e-11 -9.91623e-09
27 3.47713e-07 -2.33433e-05
28 3.61288e-07 -1.70206e-05
29 4.60184e-07 2.79729e-06
30 4.58143e-07 2.75879e-06
31 4.5765e-07 2.80237e-06
32 4.57669e-07 2.78971e-06
33 4.57575e-07 2.78833e-06
34 4.57491e-07 2.78806e-06
35 4.57429e-07 2.78765e-06
36 4.57376e-07 2.78773e-06
37 4.57323e-07 2.78758e-06
38 4.57283e-07 2.78782e-06
39 4.5724e-07 2.78787e-06
40 4.57208e-07 2.78792e-06
41 4.57181e-07 2.78838e-06
42 4.57147e-07 2.78859e-06
43 4.57117e-07 2.78903e-06
44 4.5709e-07 2.7893e-06
45 4.57066e-07 2.78966e-06
46 4.57038e-07 2.79001e-06
47 4.57016e-07 2.79041e-06
48 4.56994e-07 2.79079e-06
49 4.56971e-07 2.79116e-06
50 4.56948e-07 2.79156e-06
51 4.56927e-07 2.792e-06
52 4.56906e-07 2.79238e-06
53 4.56886e-07 2.79278e-06
54 4.56867e-07 2.79323e-06
55 4.56849e-07 2.79366e-06
56 4.56832e-07 2.7941e-06
57 4.56814e-07 2.79455e-06
58 4.56797e-07 2.79502e-06
59 4.5678e-07 2.79552e-06
60 4.56764e-07 2.79596e-06
61 4.56747e-07 2.79642e-06
62 4.56731e-07 2.7969e-06
63 4.56714e-07 2.79736e-06
64 4.56698e-07 2.79781e-06
65 4.56681e-07 2.79827e-06
66 4.56665e-07 2.79873e-06
67 4.56649e-07 2.79918e-06
68 4.56633e-07 2.79964e-06
69 4.56617e-07 2.8001e-06
70 4.56601e-07 2.80056e-06
71 4.56585e-07 2.80102e-06
72 4.56569e-07 2.80147e-06
73 4.56554e-07 2.80193e-06
74 4.56538e-07 2.80239e-06
75 4.56523e-07 2.80285e-06
76 4.56508e-07 2.8033e-06
77 4.56493e-07 2.80376e-06
78 4.56478e-07 2.80422e-06
79 4.56463e-07 2.80468e-06
80 4.56448e-07 2.80514e-06
