26 -3.97716 12.5366
27 39001 31625.1
28 40522 22566.5
29 51617.5 3144.52
30 51388.6 3144.77
31 51333.3 3163.68
32 51335.4 3149.81
33 51324.8 3148.77
34 51315.5 3148.16
35 51308.5 3147.75
36 51302.5 3147.6
37 51296.6 3147.4
38 51292.1 3147.45
39 51287.3 3147.46
40 51283.7 3147.52
41 51280.7 3147.75
42 51276.8 3147.93
43 51273.5 3148.2
44 51270.5 3148.45
45 51267.7 3148.75
46 51264.6 3149.04
47 51262.2 3149.38
48 51259.7 3149.72
49 51257.1 3150.07
50 51254.6 3150.43
51 51252.2 3150.81
52 51249.9 3151.17
53 51247.6 3151.55
54 51245.4 3151.95
55 51243.5 3152.36
56 51241.5 3152.77
57 51239.5 3153.18
58 51237.6 3153.6
59 51235.7 3154.03
60 51233.9 3154.44
61 51231.9 3154.86
62 51230.2 3155.28
63 51228.3 3155.7
64 51226.5 3156.12
65 51224.6 3156.55
66 51222.8 3156.97
67 51221 3157.39
68 51219.1 3157.81
69 51217.4 3158.23
70 51215.6 3158.65
71 51213.8 3159.07
72 51212 3159.49
73 51210.3 3159.91
74 51208.6 3160.33
75 51206.9 3160.75
76 51205.1 3161.17
77 51203.4 3161.59
78 51201.8 3162.01
79 51200.1 3162.42
80 51198.4 3162.84
