26 -6.83732 1.1918
27 3033.6 -4376.82
28 2385.27 -3512.92
29 1365.42 -1820.08
30 1368.15 -1876.43
31 1391.23 -1876.98
32 1380.64 -1863.91
33 1380.48 -1864.2
34 1380.07 -1863.3
35 1379.79 -1862.91
36 1379.63 -1862.42
37 1379.45 -1862.07
38 1379.39 -1861.75
39 1379.32 -1861.55
40 1379.27 -1861.41
41 1379.29 -1861.15
42 1379.3 -1861.06
43 1379.35 -1860.88
44 1379.4 -1860.83
45 1379.46 -1860.77
46 1379.53 -1860.71
47 1379.61 -1860.68
48 1379.7 -1860.66
49 1379.79 -1860.66
50 1379.89 -1860.67
51 1380 -1860.66
52 1380.1 -1860.68
53 1380.21 -1860.71
54 1380.33 -1860.73
55 1380.45 -1860.77
56 1380.57 -1860.81
57 1380.69 -1860.84
58 1380.82 -1860.86
59 1380.95 -1860.87
60 1381.07 -1860.91
61 1381.2 -1860.95
62 1381.33 -1860.97
63 1381.46 -1861.01
64 1381.58 -1861.05
65 1381.71 -1861.09
66 1381.84 -1861.13
67 1381.97 -1861.17
68 1382.1 -1861.22
69 1382.22 -1861.26
70 1382.35 -1861.3
71 1382.48 -1861.34
72 1382.61 -1861.38
73 1382.73 -1861.43
74 1382.86 -1861.47
75 1382.99 -1861.51
76 1383.12 -1861.55
77 1383.24 -1861.59
78 1383.37 -1861.63
79 1383.5 -1861.67
80 1383.62 -1861.71
