26 -7.74875 17.6246
27 38237.2 32763.8
28 40753.2 25350.6
29 51616.9 3088.13
30 51388 3123.86
31 51332.8 3117.91
32 51334.9 3104.59
33 51324.2 3103.98
34 51314.9 3103.12
35 51307.9 3102.77
36 51302 3102.43
37 51296 3102.19
38 51291.5 3102.07
39 51286.7 3102.04
40 51283.1 3102.1
41 51280.1 3102.11
42 51276.2 3102.23
43 51272.9 3102.32
44 51269.9 3102.52
45 51267.1 3102.72
46 51264.1 3102.92
47 51261.6 3103.18
48 51259.1 3103.43
49 51256.5 3103.71
50 51254 3103.99
51 51251.6 3104.27
52 51249.3 3104.58
53 51247 3104.89
54 51244.8 3105.2
55 51242.9 3105.54
56 51240.9 3105.87
57 51238.9 3106.2
58 51237 3106.53
59 51235.1 3106.83
60 51233.3 3107.17
61 51231.4 3107.5
62 51229.6 3107.82
63 51227.7 3108.16
64 51225.9 3108.5
65 51224 3108.84
66 51222.2 3109.17
67 51220.4 3109.51
68 51218.6 3109.85
69 51216.8 3110.19
70 51215 3110.53
71 51213.2 3110.86
72 51211.5 3111.2
73 51209.7 3111.53
74 51208 3111.87
75 51206.3 3112.2
76 51204.6 3112.54
77 51202.9 3112.87
78 51201.2 3113.2
79 51199.5 3113.53
80 51197.8 3113.86
