26 4.73325e-11 -1.66702e-09
27 6.11775e-09 -1.37544e-05
28 4.96592e-09 -1.07982e-05
29 2.25083e-09 -6.31459e-06
30 2.35084e-09 -6.32574e-06
31 2.31702e-09 -6.44163e-06
32 2.30579e-09 -6.39056e-06
33 2.30616e-09 -6.38994e-06
34 2.30488e-09 -6.38803e-06
35 2.3044e-09 -6.38675e-06
36 2.30364e-09 -6.386e-06
37 2.30316e-09 -6.38518e-06
38 2.30261e-09 -6.3849e-06
39 2.3023e-09 -6.38456e-06
40 2.30208e-09 -6.38435e-06
41 2.30157e-09 -6.38448e-06
42 2.30137e-09 -6.38454e-06
43 2.30099e-09 -6.38478e-06
44 2.30085e-09 -6.385e-06
45 2.30066e-09 -6.38531e-06
46 2.30049e-09 -6.38563e-06
47 2.30035e-09 -6.38605e-06
48 2.30023e-09 -6.38646e-06
49 2.30014e-09 -6.3869e-06
50 2.30004e-09 -6.38737e-06
51 2.29993e-09 -6.38789e-06
52 2.29987e-09 -6.38837e-06
53 2.29982e-09 -6.38889e-06
54 2.29973e-09 -6.38946e-06
55 2.29969e-09 -6.39003e-06
56 2.29964e-09 -6.3906e-06
57 2.29958e-09 -6.39119e-06
58 2.2995e-09 -6.3918e-06
59 2.29938e-09 -6.3924e-06
60 2.29935e-09 -6.39299e-06
61 2.29929e-09 -6.39359e-06
62 2.2992e-09 -6.3942e-06
63 2.29915e-09 -6.3948e-06
64 2.29911e-09 -6.39541e-06
65 2.29906e-09 -6.39601e-06
66 2.29901e-09 -6.39662e-06
67 2.29897e-09 -6.39722e-06
68 2.29892e-09 -6.39783e-06
69 2.29888e-09 -6.39843e-06
70 2.29883e-09 -6.39904e-06
71 2.29879e-09 -6.39964e-06
72 2.29874e-09 -6.40025e-06
73 2.2987e-09 -6.40085e-06
74 2.29865e-09 -6.40146e-06
75 2.29861e-09 -6.40206e-06
76 2.29856e-09 -6.40266e-06
77 2.29852e-09 -6.40326e-06
78 2.29847e-09 -6.40386e-06
79 2.29843e-09 -6.40446e-06
80 2.29838e-09 -6.40505e-06
