26 3.26193 -0.351176
27 2118.21 -8679.21
28 1688.26 -6779.96
29 879.54 -4129.36
30 895.048 -4120.94
31 899.619 -4212.47
32 893.673 -4177.09
33 893.662 -4176.64
34 893.308 -4175.49
35 893.127 -4174.65
36 892.95 -4174.24
37 892.808 -4173.73
38 892.703 -4173.63
39 892.627 -4173.44
40 892.578 -4173.32
41 892.514 -4173.51
42 892.49 -4173.59
43 892.455 -4173.82
44 892.453 -4174
45 892.451 -4174.26
46 892.454 -4174.52
47 892.47 -4174.85
48 892.487 -4175.16
49 892.512 -4175.49
50 892.539 -4175.85
51 892.566 -4176.24
52 892.6 -4176.6
53 892.637 -4176.98
54 892.673 -4177.4
55 892.716 -4177.82
56 892.759 -4178.24
57 892.8 -4178.67
58 892.842 -4179.13
59 892.877 -4179.58
60 892.922 -4180.01
61 892.965 -4180.45
62 893.006 -4180.9
63 893.051 -4181.35
64 893.097 -4181.79
65 893.142 -4182.23
66 893.187 -4182.67
67 893.233 -4183.11
68 893.279 -4183.56
69 893.325 -4184
70 893.371 -4184.44
71 893.416 -4184.89
72 893.462 -4185.33
73 893.508 -4185.77
74 893.554 -4186.21
75 893.599 -4186.65
76 893.645 -4187.09
77 893.69 -4187.53
78 893.735 -4187.97
79 893.78 -4188.41
80 893.825 -4188.84
