26 1.83909 -1.41418
27 1038.62 -14656.9
28 805.44 -11650.1
29 501.215 -6273.95
30 495.933 -6371.43
31 509.11 -6423.14
32 504.824 -6377.58
33 504.724 -6377.56
34 504.612 -6375.11
35 504.513 -6373.81
36 504.485 -6372.62
37 504.432 -6371.63
38 504.438 -6370.95
39 504.424 -6370.44
40 504.416 -6370.11
41 504.461 -6369.74
42 504.479 -6369.61
43 504.527 -6369.43
44 504.557 -6369.46
45 504.6 -6369.5
46 504.643 -6369.57
47 504.693 -6369.73
48 504.742 -6369.9
49 504.792 -6370.12
50 504.845 -6370.36
51 504.905 -6370.61
52 504.956 -6370.89
53 505.012 -6371.2
54 505.074 -6371.51
55 505.134 -6371.86
56 505.195 -6372.21
57 505.257 -6372.55
58 505.324 -6372.9
59 505.391 -6373.21
60 505.452 -6373.58
61 505.516 -6373.93
62 505.583 -6374.28
63 505.647 -6374.65
64 505.71 -6375.02
65 505.774 -6375.39
66 505.838 -6375.76
67 505.901 -6376.13
68 505.965 -6376.51
69 506.029 -6376.88
70 506.093 -6377.25
71 506.156 -6377.63
72 506.22 -6378
73 506.283 -6378.37
74 506.347 -6378.75
75 506.41 -6379.12
76 506.473 -6379.49
77 506.537 -6379.86
78 506.6 -6380.23
79 506.663 -6380.59
80 506.725 -6380.96
