26 6.78563e-12 -4.94337e-10
27 2.17936e-08 -5.93321e-06
28 1.73493e-08 -4.62169e-06
29 9.12413e-09 -2.88001e-06
30 9.27023e-09 -2.86835e-06
31 9.32865e-09 -2.93812e-06
32 9.26606e-09 -2.91267e-06
33 9.26584e-09 -2.91235e-06
34 9.26227e-09 -2.91158e-06
35 9.2604e-09 -2.91099e-06
36 9.25863e-09 -2.91074e-06
37 9.2572e-09 -2.9104e-06
38 9.25618e-09 -2.91035e-06
39 9.25542e-09 -2.91023e-06
40 9.25493e-09 -2.91016e-06
41 9.25435e-09 -2.91032e-06
42 9.25413e-09 -2.91039e-06
43 9.25384e-09 -2.91059e-06
44 9.25385e-09 -2.91073e-06
45 9.25388e-09 -2.91093e-06
46 9.25395e-09 -2.91113e-06
47 9.25416e-09 -2.91137e-06
48 9.25438e-09 -2.91161e-06
49 9.25468e-09 -2.91186e-06
50 9.25499e-09 -2.91212e-06
51 9.25532e-09 -2.91242e-06
52 9.25571e-09 -2.91268e-06
53 9.25613e-09 -2.91297e-06
54 9.25654e-09 -2.91328e-06
55 9.25703e-09 -2.91359e-06
56 9.25751e-09 -2.9139e-06
57 9.25798e-09 -2.91422e-06
58 9.25846e-09 -2.91455e-06
59 9.25887e-09 -2.91489e-06
60 9.25937e-09 -2.9152e-06
61 9.25986e-09 -2.91553e-06
62 9.26033e-09 -2.91587e-06
63 9.26084e-09 -2.91619e-06
64 9.26135e-09 -2.91652e-06
65 9.26186e-09 -2.91684e-06
66 9.26237e-09 -2.91717e-06
67 9.26288e-09 -2.9175e-06
68 9.26339e-09 -2.91782e-06
69 9.26391e-09 -2.91815e-06
70 9.26442e-09 -2.91848e-06
71 9.26494e-09 -2.9188e-06
72 9.26545e-09 -2.91913e-06
73 9.26597e-09 -2.91945e-06
74 9.26648e-09 -2.91978e-06
75 9.26699e-09 -2.9201e-06
76 9.2675e-09 -2.92043e-06
77 9.26801e-09 -2.92075e-06
78 9.26852e-09 -2.92107e-06
79 9.26902e-09 -2.9214e-06
80 9.26953e-09 -2.92172e-06
