26 1.56444 -11.9364
27 38999.6 -27209.6
28 41716.5 -19582.8
29 50307.8 4437.85
30 50603.7 4356.16
31 50515.6 4406.49
32 50523.8 4389.99
33 50515.9 4385.53
34 50512 4383.41
35 50510.1 4381.32
36 50509.5 4380
37 50509 4378.56
38 50509.8 4377.7
39 50510.6 4376.7
40 50512.2 4375.8
41 50514.5 4375.45
42 50516.3 4374.85
43 50518.6 4374.56
44 50521.1 4374.1
45 50523.7 4373.78
46 50526.2 4373.47
47 50529.1 4373.23
48 50532 4372.99
49 50534.9 4372.76
50 50537.8 4372.57
51 50540.8 4372.45
52 50543.8 4372.25
53 50546.8 4372.1
54 50549.9 4372
55 50553.1 4371.89
56 50556.3 4371.79
57 50559.4 4371.71
58 50562.6 4371.66
59 50565.8 4371.64
60 50569 4371.55
61 50572 4371.49
62 50575.2 4371.45
63 50578.3 4371.39
64 50581.3 4371.32
65 50584.4 4371.26
66 50587.4 4371.2
67 50590.4 4371.13
68 50593.3 4371.07
69 50596.3 4371.01
70 50599.2 4370.95
71 50602.1 4370.89
72 50605 4370.83
73 50607.9 4370.76
74 50610.8 4370.7
75 50613.6 4370.64
76 50616.4 4370.58
77 50619.2 4370.51
78 50621.9 4370.45
79 50624.7 4370.39
80 50627.4 4370.32
