26 4.52512e-11 -1.13015e-09
27 8.38625e-09 -1.2635e-05
28 6.759e-09 -9.91373e-06
29 3.24221e-09 -5.82446e-06
30 3.34942e-09 -5.83209e-06
31 3.32851e-09 -5.9416e-06
32 3.3099e-09 -5.89416e-06
33 3.31019e-09 -5.89359e-06
34 3.30857e-09 -5.89184e-06
35 3.30789e-09 -5.89066e-06
36 3.30699e-09 -5.88998e-06
37 3.30636e-09 -5.88923e-06
38 3.30575e-09 -5.88898e-06
39 3.30537e-09 -5.88868e-06
40 3.30511e-09 -5.88849e-06
41 3.30459e-09 -5.88862e-06
42 3.30438e-09 -5.88869e-06
43 3.30401e-09 -5.88892e-06
44 3.3039e-09 -5.88913e-06
45 3.30374e-09 -5.88942e-06
46 3.3036e-09 -5.88973e-06
47 3.30351e-09 -5.89012e-06
48 3.30343e-09 -5.89051e-06
49 3.3034e-09 -5.89092e-06
50 3.30336e-09 -5.89137e-06
51 3.3033e-09 -5.89185e-06
52 3.30331e-09 -5.8923e-06
53 3.30332e-09 -5.89279e-06
54 3.30331e-09 -5.89332e-06
55 3.30334e-09 -5.89386e-06
56 3.30337e-09 -5.89439e-06
57 3.30338e-09 -5.89494e-06
58 3.30338e-09 -5.89551e-06
59 3.30334e-09 -5.89608e-06
60 3.30338e-09 -5.89663e-06
61 3.3034e-09 -5.89719e-06
62 3.30339e-09 -5.89776e-06
63 3.30342e-09 -5.89833e-06
64 3.30346e-09 -5.89889e-06
65 3.30349e-09 -5.89946e-06
66 3.30352e-09 -5.90002e-06
67 3.30355e-09 -5.90059e-06
68 3.30358e-09 -5.90116e-06
69 3.30362e-09 -5.90172e-06
70 3.30365e-09 -5.90229e-06
71 3.30369e-09 -5.90286e-06
72 3.30372e-09 -5.90342e-06
73 3.30376e-09 -5.90399e-06
74 3.30379e-09 -5.90455e-06
75 3.30382e-09 -5.90512e-06
76 3.30386e-09 -5.90568e-06
77 3.30389e-09 -5.90624e-06
78 3.30392e-09 -5.9068e-06
79 3.30396e-09 -5.90736e-06
80 3.30399e-09 -5.90792e-06
