26 2.30216e-11 -6.50817e-09
27 -8.11567e-10 -2.00977e-05
28 -7.84526e-10 -1.59437e-05
29 3.72947e-08 -6.85208e-06
30 1.64929e-08 -6.84378e-06
31 1.69143e-08 -6.82127e-06
32 1.60172e-08 -6.7977e-06
33 1.57644e-08 -6.79379e-06
34 1.56722e-08 -6.79154e-06
35 1.55965e-08 -6.78989e-06
36 1.55309e-08 -6.78862e-06
37 1.54758e-08 -6.78747e-06
38 1.54271e-08 -6.78672e-06
39 1.53859e-08 -6.78608e-06
40 1.53471e-08 -6.78564e-06
41 1.53106e-08 -6.7853e-06
42 1.52813e-08 -6.78508e-06
43 1.52533e-08 -6.7849e-06
44 1.52276e-08 -6.78487e-06
45 1.52043e-08 -6.78487e-06
46 1.51834e-08 -6.7849e-06
47 1.51632e-08 -6.78504e-06
48 1.51442e-08 -6.78519e-06
49 1.51273e-08 -6.78538e-06
50 1.51111e-08 -6.78559e-06
51 1.50958e-08 -6.78584e-06
52 1.50811e-08 -6.78609e-06
53 1.50671e-08 -6.78638e-06
54 1.50536e-08 -6.78669e-06
55 1.504e-08 -6.78704e-06
56 1.5027e-08 -6.7874e-06
57 1.50146e-08 -6.78774e-06
58 1.50021e-08 -6.78811e-06
59 1.49892e-08 -6.78844e-06
60 1.49772e-08 -6.78881e-06
61 1.49658e-08 -6.78918e-06
62 1.49539e-08 -6.78955e-06
63 1.49429e-08 -6.78993e-06
64 1.49322e-08 -6.79032e-06
65 1.49217e-08 -6.79071e-06
66 1.49113e-08 -6.7911e-06
67 1.49012e-08 -6.79149e-06
68 1.48912e-08 -6.79189e-06
69 1.48814e-08 -6.79229e-06
70 1.48718e-08 -6.79269e-06
71 1.48622e-08 -6.79309e-06
72 1.48528e-08 -6.79349e-06
73 1.48435e-08 -6.79389e-06
74 1.48344e-08 -6.79429e-06
75 1.48253e-08 -6.79469e-06
76 1.48163e-08 -6.79509e-06
77 1.48074e-08 -6.7955e-06
78 1.47986e-08 -6.7959e-06
79 1.47899e-08 -6.7963e-06
80 1.47813e-08 -6.7967e-06
