26 4.99841e-11 -3.22727e-09
27 1.31727e-09 -1.60232e-05
28 1.17049e-09 -1.25912e-05
29 2.3669e-08 -7.31112e-06
30 2.40389e-10 -7.32517e-06
31 -4.49649e-09 -7.44971e-06
32 -6.04172e-09 -7.39188e-06
33 -6.10182e-09 -7.39113e-06
34 -6.07736e-09 -7.38888e-06
35 -6.05252e-09 -7.3874e-06
36 -6.01714e-09 -7.3865e-06
37 -5.9771e-09 -7.38555e-06
38 -5.9342e-09 -7.3852e-06
39 -5.88828e-09 -7.3848e-06
40 -5.84049e-09 -7.38455e-06
41 -5.79085e-09 -7.38467e-06
42 -5.73885e-09 -7.38473e-06
43 -5.68605e-09 -7.38498e-06
44 -5.63273e-09 -7.38522e-06
45 -5.57902e-09 -7.38556e-06
46 -5.5242e-09 -7.38592e-06
47 -5.46964e-09 -7.38639e-06
48 -5.41485e-09 -7.38685e-06
49 -5.3594e-09 -7.38735e-06
50 -5.30401e-09 -7.38788e-06
51 -5.24847e-09 -7.38846e-06
52 -5.19339e-09 -7.38901e-06
53 -5.13821e-09 -7.3896e-06
54 -5.08314e-09 -7.39024e-06
55 -5.0284e-09 -7.39088e-06
56 -4.9739e-09 -7.39153e-06
57 -4.91944e-09 -7.3922e-06
58 -4.86543e-09 -7.39289e-06
59 -4.81175e-09 -7.39356e-06
60 -4.75846e-09 -7.39423e-06
61 -4.70515e-09 -7.39491e-06
62 -4.65234e-09 -7.3956e-06
63 -4.59971e-09 -7.39629e-06
64 -4.54742e-09 -7.39697e-06
65 -4.49543e-09 -7.39765e-06
66 -4.44376e-09 -7.39834e-06
67 -4.39242e-09 -7.39902e-06
68 -4.34139e-09 -7.39971e-06
69 -4.29073e-09 -7.4004e-06
70 -4.24039e-09 -7.40108e-06
71 -4.19038e-09 -7.40177e-06
72 -4.14071e-09 -7.40246e-06
73 -4.09138e-09 -7.40314e-06
74 -4.04238e-09 -7.40383e-06
75 -3.99371e-09 -7.40451e-06
76 -3.94539e-09 -7.40519e-06
77 -3.89739e-09 -7.40587e-06
78 -3.84972e-09 -7.40655e-06
79 -3.80239e-09 -7.40723e-06
80 -3.75539e-09 -7.4079e-06
