26 2.23905 -3.59369
27 249.542 -18568.9
28 180.957 -14743.8
29 157.516 -7978.32
30 149.411 -8089.71
31 158.379 -8162.36
32 156.621 -8104.25
33 156.547 -8104.1
34 156.553 -8101.07
35 156.524 -8099.42
36 156.548 -8097.97
37 156.545 -8096.74
38 156.576 -8095.94
39 156.585 -8095.31
40 156.591 -8094.9
41 156.643 -8094.51
42 156.664 -8094.36
43 156.709 -8094.2
44 156.733 -8094.26
45 156.766 -8094.34
46 156.799 -8094.46
47 156.834 -8094.7
48 156.867 -8094.95
49 156.899 -8095.26
50 156.933 -8095.6
51 156.971 -8095.95
52 157.002 -8096.33
53 157.036 -8096.75
54 157.074 -8097.18
55 157.109 -8097.65
56 157.145 -8098.13
57 157.183 -8098.59
58 157.223 -8099.08
59 157.266 -8099.51
60 157.301 -8100
61 157.339 -8100.49
62 157.38 -8100.96
63 157.418 -8101.46
64 157.454 -8101.96
65 157.492 -8102.46
66 157.529 -8102.96
67 157.566 -8103.47
68 157.603 -8103.97
69 157.64 -8104.48
70 157.678 -8104.99
71 157.715 -8105.49
72 157.752 -8106
73 157.789 -8106.5
74 157.826 -8107
75 157.863 -8107.51
76 157.9 -8108.01
77 157.937 -8108.51
78 157.974 -8109.01
79 158.011 -8109.5
80 158.047 -8110
