26 6.07607e-11 -2.43709e-09
27 3.47678e-07 -6.79867e-06
28 3.61276e-07 -5.09668e-06
29 4.60149e-07 2.77683e-06
30 4.58109e-07 2.75093e-06
31 4.57616e-07 2.78568e-06
32 4.57635e-07 2.77322e-06
33 4.5754e-07 2.772e-06
34 4.57457e-07 2.77164e-06
35 4.57395e-07 2.77125e-06
36 4.57342e-07 2.77126e-06
37 4.57289e-07 2.7711e-06
38 4.57248e-07 2.77127e-06
39 4.57205e-07 2.77131e-06
40 4.57173e-07 2.77136e-06
41 4.57147e-07 2.77174e-06
42 4.57112e-07 2.77193e-06
43 4.57083e-07 2.7723e-06
44 4.57056e-07 2.77256e-06
45 4.57031e-07 2.77288e-06
46 4.57004e-07 2.7732e-06
47 4.56982e-07 2.77357e-06
48 4.56959e-07 2.77392e-06
49 4.56936e-07 2.77427e-06
50 4.56914e-07 2.77464e-06
51 4.56892e-07 2.77505e-06
52 4.56872e-07 2.7754e-06
53 4.56851e-07 2.77579e-06
54 4.56832e-07 2.7762e-06
55 4.56815e-07 2.77661e-06
56 4.56798e-07 2.77701e-06
57 4.56779e-07 2.77744e-06
58 4.56763e-07 2.77788e-06
59 4.56746e-07 2.77833e-06
60 4.56729e-07 2.77874e-06
61 4.56712e-07 2.77917e-06
62 4.56696e-07 2.77962e-06
63 4.5668e-07 2.78005e-06
64 4.56663e-07 2.78047e-06
65 4.56647e-07 2.7809e-06
66 4.5663e-07 2.78133e-06
67 4.56614e-07 2.78176e-06
68 4.56598e-07 2.78218e-06
69 4.56582e-07 2.78261e-06
70 4.56566e-07 2.78304e-06
71 4.5655e-07 2.78347e-06
72 4.56535e-07 2.7839e-06
73 4.56519e-07 2.78432e-06
74 4.56504e-07 2.78475e-06
75 4.56488e-07 2.78518e-06
76 4.56473e-07 2.78561e-06
77 4.56458e-07 2.78603e-06
78 4.56443e-07 2.78646e-06
79 4.56428e-07 2.78689e-06
80 4.56413e-07 2.78731e-06
