26 4.90661e-11 -2.35948e-09
27 3.94669e-09 -1.48834e-05
28 3.24952e-09 -1.16904e-05
29 1.3031e-09 -6.80848e-06
30 1.39607e-09 -6.82327e-06
31 1.35002e-09 -6.94552e-06
32 1.34584e-09 -6.89079e-06
33 1.34629e-09 -6.89013e-06
34 1.34533e-09 -6.88806e-06
35 1.34505e-09 -6.88667e-06
36 1.34443e-09 -6.88585e-06
37 1.34408e-09 -6.88496e-06
38 1.3436e-09 -6.88464e-06
39 1.34334e-09 -6.88427e-06
40 1.34317e-09 -6.88404e-06
41 1.34267e-09 -6.88416e-06
42 1.34248e-09 -6.88423e-06
43 1.34209e-09 -6.88447e-06
44 1.34193e-09 -6.8847e-06
45 1.34171e-09 -6.88502e-06
46 1.34151e-09 -6.88536e-06
47 1.34132e-09 -6.8858e-06
48 1.34115e-09 -6.88624e-06
49 1.34101e-09 -6.8867e-06
50 1.34086e-09 -6.8872e-06
51 1.34068e-09 -6.88775e-06
52 1.34057e-09 -6.88826e-06
53 1.34045e-09 -6.88882e-06
54 1.3403e-09 -6.88942e-06
55 1.34018e-09 -6.89003e-06
56 1.34007e-09 -6.89064e-06
57 1.33993e-09 -6.89126e-06
58 1.33978e-09 -6.89191e-06
59 1.33959e-09 -6.89255e-06
60 1.33948e-09 -6.89317e-06
61 1.33935e-09 -6.89381e-06
62 1.33919e-09 -6.89446e-06
63 1.33907e-09 -6.89511e-06
64 1.33895e-09 -6.89575e-06
65 1.33882e-09 -6.89639e-06
66 1.3387e-09 -6.89703e-06
67 1.33858e-09 -6.89768e-06
68 1.33846e-09 -6.89832e-06
69 1.33834e-09 -6.89897e-06
70 1.33822e-09 -6.89961e-06
71 1.3381e-09 -6.90026e-06
72 1.33798e-09 -6.9009e-06
73 1.33786e-09 -6.90155e-06
74 1.33774e-09 -6.90219e-06
75 1.33762e-09 -6.90283e-06
76 1.3375e-09 -6.90347e-06
77 1.33738e-09 -6.90411e-06
78 1.33726e-09 -6.90475e-06
79 1.33714e-09 -6.90538e-06
80 1.33702e-09 -6.90602e-06
