26 6.32794 -0.0518163
27 38236.3 47580
28 40521 40413.3
29 51617.2 3114.56
30 51388.3 3133.66
31 51333 3139.36
32 51335.1 3125.78
33 51324.5 3124.97
34 51315.2 3124.23
35 51308.2 3123.85
36 51302.2 3123.6
37 51296.3 3123.38
38 51291.7 3123.34
39 51287 3123.32
40 51283.4 3123.38
41 51280.4 3123.5
42 51276.5 3123.65
43 51273.2 3123.82
44 51270.2 3124.05
45 51267.4 3124.29
46 51264.3 3124.54
47 51261.9 3124.83
48 51259.4 3125.12
49 51256.7 3125.43
50 51254.3 3125.75
51 51251.8 3126.08
52 51249.5 3126.41
53 51247.3 3126.76
54 51245.1 3127.11
55 51243.2 3127.48
56 51241.2 3127.85
57 51239.2 3128.21
58 51237.3 3128.59
59 51235.4 3128.95
60 51233.6 3129.32
61 51231.6 3129.7
62 51229.8 3130.07
63 51228 3130.44
64 51226.1 3130.82
65 51224.3 3131.2
66 51222.5 3131.57
67 51220.6 3131.95
68 51218.8 3132.33
69 51217 3132.7
70 51215.3 3133.08
71 51213.5 3133.45
72 51211.7 3133.83
73 51210 3134.21
74 51208.3 3134.58
75 51206.5 3134.95
76 51204.8 3135.33
77 51203.1 3135.7
78 51201.4 3136.07
79 51199.8 3136.44
80 51198.1 3136.81
