26 -3.22091e-11 2.05197e-10
27 4.93053e-08 7.17099e-06
28 3.90064e-08 5.69268e-06
29 2.14281e-08 2.98441e-06
30 2.16136e-08 3.01407e-06
31 2.18689e-08 3.03872e-06
32 2.17118e-08 3.0191e-06
33 2.17103e-08 3.01877e-06
34 2.17029e-08 3.01773e-06
35 2.16985e-08 3.01713e-06
36 2.16952e-08 3.01665e-06
37 2.16921e-08 3.01622e-06
38 2.16905e-08 3.01596e-06
39 2.1689e-08 3.01575e-06
40 2.16881e-08 3.01561e-06
41 2.16876e-08 3.01551e-06
42 2.16875e-08 3.01548e-06
43 2.16875e-08 3.01546e-06
44 2.16879e-08 3.01549e-06
45 2.16885e-08 3.01555e-06
46 2.16891e-08 3.01562e-06
47 2.16901e-08 3.01573e-06
48 2.1691e-08 3.01584e-06
49 2.16921e-08 3.01598e-06
50 2.16933e-08 3.01612e-06
51 2.16945e-08 3.01627e-06
52 2.16958e-08 3.01643e-06
53 2.16972e-08 3.0166e-06
54 2.16986e-08 3.01678e-06
55 2.17002e-08 3.01697e-06
56 2.17017e-08 3.01717e-06
57 2.17032e-08 3.01736e-06
58 2.17048e-08 3.01756e-06
59 2.17063e-08 3.01774e-06
60 2.17079e-08 3.01794e-06
61 2.17095e-08 3.01814e-06
62 2.17111e-08 3.01834e-06
63 2.17127e-08 3.01855e-06
64 2.17143e-08 3.01875e-06
65 2.17159e-08 3.01896e-06
66 2.17176e-08 3.01916e-06
67 2.17192e-08 3.01937e-06
68 2.17208e-08 3.01957e-06
69 2.17224e-08 3.01978e-06
70 2.17241e-08 3.01999e-06
71 2.17257e-08 3.02019e-06
72 2.17273e-08 3.0204e-06
73 2.17289e-08 3.02061e-06
74 2.17306e-08 3.02081e-06
75 2.17322e-08 3.02102e-06
76 2.17338e-08 3.02122e-06
77 2.17354e-08 3.02143e-06
78 2.1737e-08 3.02163e-06
79 2.17386e-08 3.02184e-06
80 2.17402e-08 3.02204e-06
