26 -4.31511 11.2654
27 38237.1 41256
28 40750.8 31845.7
29 51616.8 3096.94
30 51387.9 3127.13
31 51332.7 3125.06
32 51334.8 3111.65
33 51324.1 3110.98
34 51314.8 3110.16
35 51307.8 3109.79
36 51301.9 3109.48
37 51295.9 3109.25
38 51291.4 3109.16
39 51286.6 3109.13
40 51283 3109.19
41 51280 3109.24
42 51276.1 3109.37
43 51272.8 3109.49
44 51269.8 3109.7
45 51267 3109.91
46 51264 3110.13
47 51261.5 3110.39
48 51259 3110.66
49 51256.4 3110.95
50 51253.9 3111.24
51 51251.5 3111.54
52 51249.2 3111.86
53 51246.9 3112.18
54 51244.7 3112.51
55 51242.8 3112.85
56 51240.8 3113.2
57 51238.8 3113.54
58 51236.9 3113.88
59 51235 3114.2
60 51233.2 3114.55
61 51231.3 3114.9
62 51229.5 3115.24
63 51227.6 3115.59
64 51225.8 3115.94
65 51223.9 3116.29
66 51222.1 3116.64
67 51220.3 3116.99
68 51218.5 3117.34
69 51216.7 3117.69
70 51214.9 3118.04
71 51213.1 3118.39
72 51211.4 3118.74
73 51209.6 3119.09
74 51207.9 3119.44
75 51206.2 3119.79
76 51204.5 3120.13
77 51202.8 3120.48
78 51201.1 3120.82
79 51199.4 3121.17
80 51197.7 3121.51
