26 -2.76629 1.4016
27 4292.88 2200.25
28 3403.5 1799.36
29 1842.16 687.921
30 1862.6 720.773
31 1881.19 699.576
32 1867.97 698.552
33 1867.87 698.532
34 1867.2 698.136
35 1866.83 698
36 1866.52 697.749
37 1866.25 697.6
38 1866.08 697.413
39 1865.95 697.309
40 1865.86 697.241
41 1865.8 697.057
42 1865.77 696.984
43 1865.76 696.842
44 1865.78 696.788
45 1865.81 696.712
46 1865.85 696.642
47 1865.92 696.581
48 1865.99 696.527
49 1866.08 696.484
50 1866.16 696.437
51 1866.26 696.381
52 1866.36 696.349
53 1866.46 696.316
54 1866.58 696.271
55 1866.7 696.241
56 1866.82 696.211
57 1866.94 696.172
58 1867.06 696.13
59 1867.17 696.073
60 1867.3 696.045
61 1867.42 696.009
62 1867.54 695.962
63 1867.67 695.93
64 1867.8 695.9
65 1867.93 695.868
66 1868.05 695.836
67 1868.18 695.805
68 1868.31 695.773
69 1868.44 695.743
70 1868.57 695.712
71 1868.69 695.681
72 1868.82 695.65
73 1868.95 695.62
74 1869.08 695.589
75 1869.2 695.558
76 1869.33 695.528
77 1869.46 695.497
78 1869.58 695.466
79 1869.71 695.436
80 1869.84 695.405
