26 -3.0088e-11 5.36465e-10
27 4.72762e-08 6.20521e-06
28 3.74203e-08 4.93795e-06
29 2.04848e-08 2.53472e-06
30 2.06738e-08 2.56626e-06
31 2.09091e-08 2.58123e-06
32 2.07597e-08 2.56527e-06
33 2.07583e-08 2.56502e-06
34 2.07512e-08 2.56409e-06
35 2.0747e-08 2.56358e-06
36 2.07438e-08 2.56314e-06
37 2.07408e-08 2.56276e-06
38 2.07392e-08 2.56251e-06
39 2.07377e-08 2.56231e-06
40 2.07368e-08 2.56219e-06
41 2.07363e-08 2.56207e-06
42 2.07362e-08 2.56202e-06
43 2.07362e-08 2.56197e-06
44 2.07365e-08 2.56199e-06
45 2.0737e-08 2.56202e-06
46 2.07376e-08 2.56205e-06
47 2.07385e-08 2.56213e-06
48 2.07393e-08 2.5622e-06
49 2.07404e-08 2.5623e-06
50 2.07414e-08 2.5624e-06
51 2.07426e-08 2.56251e-06
52 2.07438e-08 2.56263e-06
53 2.07451e-08 2.56276e-06
54 2.07464e-08 2.56289e-06
55 2.07479e-08 2.56304e-06
56 2.07493e-08 2.56318e-06
57 2.07507e-08 2.56333e-06
58 2.07522e-08 2.56348e-06
59 2.07536e-08 2.56361e-06
60 2.07551e-08 2.56376e-06
61 2.07566e-08 2.56391e-06
62 2.07581e-08 2.56406e-06
63 2.07596e-08 2.56421e-06
64 2.07611e-08 2.56437e-06
65 2.07626e-08 2.56453e-06
66 2.07641e-08 2.56468e-06
67 2.07656e-08 2.56484e-06
68 2.07672e-08 2.565e-06
69 2.07687e-08 2.56515e-06
70 2.07702e-08 2.56531e-06
71 2.07717e-08 2.56547e-06
72 2.07733e-08 2.56562e-06
73 2.07748e-08 2.56578e-06
74 2.07763e-08 2.56594e-06
75 2.07778e-08 2.56609e-06
76 2.07793e-08 2.56625e-06
77 2.07809e-08 2.5664e-06
78 2.07824e-08 2.56656e-06
79 2.07839e-08 2.56671e-06
80 2.07854e-08 2.56687e-06
