26 0.32938 -12.9033
27 95.1635 -28221
28 -395.526 -21319.8
29 4474.84 -217.94
30 3521.62 -321.897
31 3482.03 -242.578
32 3499.21 -262.849
33 3487.13 -264.5
34 3491.6 -265.912
35 3496.12 -267.495
36 3502.16 -268.627
37 3509.16 -269.865
38 3516.85 -270.824
39 3525.06 -271.883
40 3533.66 -272.952
41 3542.6 -273.668
42 3551.83 -274.54
43 3561.24 -275.218
44 3570.68 -276.047
45 3580.12 -276.793
46 3589.69 -277.514
47 3599.14 -278.222
48 3608.62 -278.931
49 3618.14 -279.631
50 3627.62 -280.309
51 3637.07 -280.946
52 3646.36 -281.637
53 3655.62 -282.304
54 3664.38 -282.93
55 3673.4 -283.582
56 3682.32 -284.226
57 3691.18 -284.842
58 3699.91 -285.445
59 3708.54 -286.021
60 3717.04 -286.652
61 3725.61 -287.262
62 3733.79 -287.836
63 3742.07 -288.442
64 3750.19 -289.047
65 3758.26 -289.648
66 3766.18 -290.239
67 3774 -290.832
68 3781.75 -291.423
69 3789.37 -292.013
70 3796.9 -292.599
71 3804.33 -293.184
72 3811.65 -293.767
73 3818.88 -294.35
74 3826.02 -294.928
75 3833.05 -295.505
76 3840 -296.081
77 3846.84 -296.654
78 3853.6 -297.226
79 3860.26 -297.795
80 3866.84 -298.363
