26 -3.26393e-11 9.16955e-12
27 2.41336e-08 -5.01987e-06
28 1.91961e-08 -3.90095e-06
29 1.01553e-08 -2.47718e-06
30 1.03074e-08 -2.46319e-06
31 1.03803e-08 -2.5273e-06
32 1.031e-08 -2.50487e-06
33 1.03097e-08 -2.50459e-06
34 1.03057e-08 -2.50395e-06
35 1.03037e-08 -2.50344e-06
36 1.03018e-08 -2.50325e-06
37 1.03002e-08 -2.50296e-06
38 1.02991e-08 -2.50294e-06
39 1.02983e-08 -2.50285e-06
40 1.02977e-08 -2.50279e-06
41 1.02971e-08 -2.50296e-06
42 1.02969e-08 -2.50303e-06
43 1.02967e-08 -2.50322e-06
44 1.02967e-08 -2.50335e-06
45 1.02968e-08 -2.50353e-06
46 1.02969e-08 -2.50371e-06
47 1.02971e-08 -2.50394e-06
48 1.02974e-08 -2.50416e-06
49 1.02978e-08 -2.50438e-06
50 1.02981e-08 -2.50462e-06
51 1.02985e-08 -2.50489e-06
52 1.0299e-08 -2.50513e-06
53 1.02995e-08 -2.50538e-06
54 1.03e-08 -2.50566e-06
55 1.03005e-08 -2.50594e-06
56 1.03011e-08 -2.50622e-06
57 1.03017e-08 -2.50651e-06
58 1.03022e-08 -2.50681e-06
59 1.03027e-08 -2.50711e-06
60 1.03033e-08 -2.5074e-06
61 1.03039e-08 -2.50769e-06
62 1.03044e-08 -2.50799e-06
63 1.0305e-08 -2.50829e-06
64 1.03056e-08 -2.50858e-06
65 1.03062e-08 -2.50887e-06
66 1.03068e-08 -2.50916e-06
67 1.03074e-08 -2.50945e-06
68 1.0308e-08 -2.50975e-06
69 1.03086e-08 -2.51004e-06
70 1.03092e-08 -2.51033e-06
71 1.03098e-08 -2.51063e-06
72 1.03104e-08 -2.51092e-06
73 1.0311e-08 -2.51121e-06
74 1.03116e-08 -2.5115e-06
75 1.03122e-08 -2.51179e-06
76 1.03128e-08 -2.51208e-06
77 1.03134e-08 -2.51237e-06
78 1.0314e-08 -2.51266e-06
79 1.03146e-08 -2.51295e-06
80 1.03152e-08 -2.51324e-06
