26 -3.51253e-11 1.60854e-10
27 4.92312e-08 7.01036e-06
28 3.88859e-08 5.53554e-06
29 2.15947e-08 3.01123e-06
30 2.17433e-08 3.02249e-06
31 2.20292e-08 3.06141e-06
32 2.18685e-08 3.0404e-06
33 2.18667e-08 3.03996e-06
34 2.18595e-08 3.03902e-06
35 2.18551e-08 3.03843e-06
36 2.1852e-08 3.03803e-06
37 2.1849e-08 3.03763e-06
38 2.18475e-08 3.03746e-06
39 2.18461e-08 3.03728e-06
40 2.18452e-08 3.03717e-06
41 2.1845e-08 3.03718e-06
42 2.18449e-08 3.03719e-06
43 2.18452e-08 3.03726e-06
44 2.18456e-08 3.03734e-06
45 2.18463e-08 3.03745e-06
46 2.18471e-08 3.03757e-06
47 2.18481e-08 3.03774e-06
48 2.18492e-08 3.03791e-06
49 2.18504e-08 3.03809e-06
50 2.18517e-08 3.03828e-06
51 2.18531e-08 3.03849e-06
52 2.18544e-08 3.0387e-06
53 2.18559e-08 3.03892e-06
54 2.18575e-08 3.03915e-06
55 2.18591e-08 3.03939e-06
56 2.18608e-08 3.03964e-06
57 2.18624e-08 3.03988e-06
58 2.18641e-08 3.04014e-06
59 2.18658e-08 3.04039e-06
60 2.18675e-08 3.04064e-06
61 2.18692e-08 3.04089e-06
62 2.18709e-08 3.04115e-06
63 2.18726e-08 3.04141e-06
64 2.18744e-08 3.04166e-06
65 2.18761e-08 3.04192e-06
66 2.18778e-08 3.04218e-06
67 2.18796e-08 3.04244e-06
68 2.18813e-08 3.04269e-06
69 2.18831e-08 3.04295e-06
70 2.18848e-08 3.04321e-06
71 2.18865e-08 3.04347e-06
72 2.18883e-08 3.04373e-06
73 2.189e-08 3.04398e-06
74 2.18918e-08 3.04424e-06
75 2.18935e-08 3.0445e-06
76 2.18952e-08 3.04476e-06
77 2.18969e-08 3.04501e-06
78 2.18987e-08 3.04527e-06
79 2.19004e-08 3.04552e-06
80 2.19021e-08 3.04578e-06
