26 1.55173e-11 -6.34856e-09
27 3.40902e-07 -1.91038e-05
28 3.63345e-07 -1.4356e-05
29 4.60177e-07 2.63716e-06
30 4.58136e-07 2.69931e-06
31 4.57643e-07 2.67235e-06
32 4.57662e-07 2.66125e-06
33 4.57568e-07 2.66109e-06
34 4.57484e-07 2.66014e-06
35 4.57422e-07 2.65987e-06
36 4.57369e-07 2.65941e-06
37 4.57316e-07 2.65918e-06
38 4.57276e-07 2.65893e-06
39 4.57233e-07 2.65886e-06
40 4.57201e-07 2.65892e-06
41 4.57174e-07 2.65872e-06
42 4.5714e-07 2.65878e-06
43 4.5711e-07 2.6587e-06
44 4.57083e-07 2.65883e-06
45 4.57059e-07 2.65892e-06
46 4.57031e-07 2.65902e-06
47 4.57009e-07 2.65916e-06
48 4.56987e-07 2.65931e-06
49 4.56964e-07 2.65949e-06
50 4.56941e-07 2.65967e-06
51 4.5692e-07 2.65983e-06
52 4.56899e-07 2.66004e-06
53 4.56879e-07 2.66026e-06
54 4.5686e-07 2.66045e-06
55 4.56842e-07 2.66068e-06
56 4.56825e-07 2.66091e-06
57 4.56807e-07 2.66111e-06
58 4.5679e-07 2.66131e-06
59 4.56773e-07 2.66148e-06
60 4.56757e-07 2.66171e-06
61 4.5674e-07 2.66192e-06
62 4.56724e-07 2.66211e-06
63 4.56707e-07 2.66233e-06
64 4.56691e-07 2.66256e-06
65 4.56674e-07 2.66277e-06
66 4.56658e-07 2.66299e-06
67 4.56642e-07 2.66321e-06
68 4.56626e-07 2.66343e-06
69 4.5661e-07 2.66366e-06
70 4.56594e-07 2.66387e-06
71 4.56578e-07 2.66409e-06
72 4.56562e-07 2.66431e-06
73 4.56547e-07 2.66453e-06
74 4.56531e-07 2.66475e-06
75 4.56516e-07 2.66496e-06
76 4.56501e-07 2.66518e-06
77 4.56486e-07 2.66539e-06
78 4.5647e-07 2.6656e-06
79 4.56455e-07 2.66582e-06
80 4.56441e-07 2.66603e-06
