26 7.33223e-12 4.73771e-09
27 3.40991e-07 3.8782e-05
28 3.63409e-07 3.22222e-05
29 4.60272e-07 2.69865e-06
30 4.58231e-07 2.72105e-06
31 4.57739e-07 2.72195e-06
32 4.57757e-07 2.71023e-06
33 4.57663e-07 2.7096e-06
34 4.57579e-07 2.70891e-06
35 4.57517e-07 2.70859e-06
36 4.57464e-07 2.70834e-06
37 4.57411e-07 2.70814e-06
38 4.57371e-07 2.70808e-06
39 4.57328e-07 2.70806e-06
40 4.57296e-07 2.70812e-06
41 4.57269e-07 2.70818e-06
42 4.57235e-07 2.7083e-06
43 4.57205e-07 2.70842e-06
44 4.57178e-07 2.70861e-06
45 4.57154e-07 2.7088e-06
46 4.57126e-07 2.70901e-06
47 4.57104e-07 2.70925e-06
48 4.57082e-07 2.70949e-06
49 4.57059e-07 2.70975e-06
50 4.57037e-07 2.71001e-06
51 4.57015e-07 2.71028e-06
52 4.56994e-07 2.71056e-06
53 4.56974e-07 2.71085e-06
54 4.56955e-07 2.71114e-06
55 4.56938e-07 2.71145e-06
56 4.5692e-07 2.71176e-06
57 4.56902e-07 2.71206e-06
58 4.56885e-07 2.71237e-06
59 4.56868e-07 2.71267e-06
60 4.56852e-07 2.71298e-06
61 4.56835e-07 2.71329e-06
62 4.56819e-07 2.7136e-06
63 4.56802e-07 2.71391e-06
64 4.56786e-07 2.71423e-06
65 4.56769e-07 2.71454e-06
66 4.56753e-07 2.71485e-06
67 4.56737e-07 2.71517e-06
68 4.56721e-07 2.71548e-06
69 4.56705e-07 2.7158e-06
70 4.56689e-07 2.71611e-06
71 4.56673e-07 2.71642e-06
72 4.56657e-07 2.71673e-06
73 4.56642e-07 2.71705e-06
74 4.56626e-07 2.71736e-06
75 4.56611e-07 2.71767e-06
76 4.56596e-07 2.71798e-06
77 4.56581e-07 2.71829e-06
78 4.56566e-07 2.7186e-06
79 4.56551e-07 2.71891e-06
80 4.56536e-07 2.71922e-06
