26 -1.54211 9.27574
27 39001.1 34530.7
28 40521.1 24660.6
29 51617.5 3141.01
30 51388.6 3143.47
31 51333.4 3160.83
32 51335.5 3146.99
33 51324.8 3145.98
34 51315.5 3145.35
35 51308.5 3144.95
36 51302.6 3144.79
37 51296.6 3144.58
38 51292.1 3144.62
39 51287.3 3144.62
40 51283.7 3144.68
41 51280.7 3144.91
42 51276.8 3145.08
43 51273.5 3145.34
44 51270.5 3145.59
45 51267.8 3145.88
46 51264.7 3146.17
47 51262.2 3146.5
48 51259.7 3146.83
49 51257.1 3147.17
50 51254.6 3147.53
51 51252.2 3147.91
52 51249.9 3148.27
53 51247.6 3148.64
54 51245.4 3149.04
55 51243.5 3149.44
56 51241.6 3149.84
57 51239.5 3150.25
58 51237.6 3150.67
59 51235.7 3151.08
60 51233.9 3151.49
61 51232 3151.91
62 51230.2 3152.33
63 51228.3 3152.74
64 51226.5 3153.16
65 51224.6 3153.57
66 51222.8 3153.99
67 51221 3154.4
68 51219.2 3154.82
69 51217.4 3155.23
70 51215.6 3155.65
71 51213.8 3156.06
72 51212.1 3156.48
73 51210.3 3156.89
74 51208.6 3157.31
75 51206.9 3157.72
76 51205.2 3158.14
77 51203.5 3158.55
78 51201.8 3158.96
79 51200.1 3159.38
80 51198.4 3159.79
