26 1.28205 -13.0378
27 95.2829 -27902.6
28 -799.039 -21419.9
29 4457.73 -1952.16
30 3317.32 -2052.7
31 3291.96 -1957.04
32 3296.19 -1978.45
33 3272.41 -1978.16
34 3265.78 -1978.91
35 3259.59 -1979.93
36 3255.07 -1980.65
37 3251.67 -1981.49
38 3249.07 -1982.2
39 3247.06 -1982.99
40 3245.48 -1983.84
41 3244.28 -1984.44
42 3243.32 -1985.17
43 3242.89 -1985.76
44 3242.67 -1986.49
45 3242.65 -1987.17
46 3242.94 -1987.82
47 3243.29 -1988.49
48 3243.82 -1989.16
49 3244.6 -1989.82
50 3245.51 -1990.48
51 3246.57 -1991.11
52 3247.62 -1991.79
53 3248.82 -1992.45
54 3250.09 -1993.09
55 3251.43 -1993.76
56 3252.81 -1994.42
57 3254.3 -1995.06
58 3255.8 -1995.69
59 3257.35 -1996.3
60 3258.91 -1996.96
61 3260.68 -1997.61
62 3262.22 -1998.21
63 3263.96 -1998.85
64 3265.69 -1999.49
65 3267.48 -2000.14
66 3269.28 -2000.76
67 3271.11 -2001.4
68 3272.97 -2002.03
69 3274.84 -2002.66
70 3276.72 -2003.29
71 3278.62 -2003.92
72 3280.54 -2004.55
73 3282.47 -2005.17
74 3284.41 -2005.8
75 3286.37 -2006.42
76 3288.33 -2007.05
77 3290.31 -2007.67
78 3292.3 -2008.29
79 3294.3 -2008.91
80 3296.31 -2009.53
