26 -2.49657 1.53086
27 4008.2 880.9
28 3179.28 760.28
29 1715.27 99.4482
30 1735.23 130.124
31 1751.84 99.7296
32 1739.59 103.206
33 1739.5 103.247
34 1738.88 103.035
35 1738.53 103.019
36 1738.24 102.843
37 1737.98 102.773
38 1737.82 102.618
39 1737.7 102.548
40 1737.61 102.502
41 1737.55 102.313
42 1737.53 102.237
43 1737.51 102.08
44 1737.53 102.008
45 1737.55 101.908
46 1737.59 101.812
47 1737.65 101.717
48 1737.71 101.628
49 1737.79 101.548
50 1737.87 101.461
51 1737.95 101.361
52 1738.04 101.288
53 1738.14 101.21
54 1738.24 101.117
55 1738.35 101.037
56 1738.46 100.957
57 1738.57 100.868
58 1738.68 100.774
59 1738.78 100.666
60 1738.9 100.587
61 1739.01 100.499
62 1739.12 100.4
63 1739.24 100.316
64 1739.35 100.234
65 1739.47 100.149
66 1739.59 100.064
67 1739.7 99.9808
68 1739.82 99.897
69 1739.94 99.8139
70 1740.05 99.7302
71 1740.17 99.647
72 1740.29 99.5635
73 1740.4 99.4811
74 1740.52 99.3979
75 1740.64 99.3147
76 1740.75 99.2324
77 1740.87 99.1497
78 1740.98 99.0671
79 1741.1 98.9844
80 1741.21 98.9021
