26 5.74546e-11 5.66178e-10
27 3.35921e-07 3.88394e-05
28 3.61324e-07 2.78463e-05
29 4.60277e-07 2.7201e-06
30 4.58236e-07 2.729e-06
31 4.57743e-07 2.73936e-06
32 4.57762e-07 2.72744e-06
33 4.57667e-07 2.72664e-06
34 4.57584e-07 2.72604e-06
35 4.57522e-07 2.7257e-06
36 4.57469e-07 2.72553e-06
37 4.57416e-07 2.72534e-06
38 4.57375e-07 2.72534e-06
39 4.57332e-07 2.72534e-06
40 4.573e-07 2.72539e-06
41 4.57274e-07 2.72554e-06
42 4.57239e-07 2.72569e-06
43 4.5721e-07 2.72588e-06
44 4.57183e-07 2.72608e-06
45 4.57158e-07 2.72631e-06
46 4.57131e-07 2.72655e-06
47 4.57109e-07 2.72682e-06
48 4.57087e-07 2.7271e-06
49 4.57063e-07 2.72738e-06
50 4.57041e-07 2.72767e-06
51 4.57019e-07 2.72798e-06
52 4.56999e-07 2.72828e-06
53 4.56979e-07 2.7286e-06
54 4.56959e-07 2.72893e-06
55 4.56942e-07 2.72926e-06
56 4.56925e-07 2.7296e-06
57 4.56906e-07 2.72993e-06
58 4.5689e-07 2.73028e-06
59 4.56873e-07 2.73062e-06
60 4.56856e-07 2.73096e-06
61 4.56839e-07 2.7313e-06
62 4.56823e-07 2.73165e-06
63 4.56807e-07 2.73199e-06
64 4.5679e-07 2.73234e-06
65 4.56774e-07 2.73269e-06
66 4.56757e-07 2.73303e-06
67 4.56741e-07 2.73338e-06
68 4.56725e-07 2.73372e-06
69 4.56709e-07 2.73407e-06
70 4.56693e-07 2.73441e-06
71 4.56677e-07 2.73476e-06
72 4.56662e-07 2.7351e-06
73 4.56646e-07 2.73545e-06
74 4.56631e-07 2.73579e-06
75 4.56616e-07 2.73614e-06
76 4.566e-07 2.73648e-06
77 4.56585e-07 2.73682e-06
78 4.5657e-07 2.73717e-06
79 4.56555e-07 2.73751e-06
80 4.5654e-07 2.73785e-06
