26 1.43331 -10.3428
27 -95.5975 -26351.3
28 -93.119 -20895.8
29 5171.05 -5498.17
30 2638.67 -5426.75
31 2613.68 -5383.17
32 2560.62 -5385.92
33 2537.88 -5381.6
34 2528.98 -5380.93
35 2521.82 -5380.47
36 2515.96 -5380.41
37 2511.41 -5380.3
38 2507.66 -5380.55
39 2504.85 -5380.76
40 2502.35 -5381.11
41 2500.1 -5381.65
42 2498.77 -5382.13
43 2497.59 -5382.7
44 2496.69 -5383.3
45 2496.09 -5383.94
46 2495.78 -5384.59
47 2495.54 -5385.31
48 2495.45 -5386.02
49 2495.58 -5386.75
50 2495.81 -5387.5
51 2496.12 -5388.27
52 2496.5 -5389.03
53 2496.95 -5389.81
54 2497.44 -5390.62
55 2497.91 -5391.45
56 2498.43 -5392.27
57 2499.01 -5393.09
58 2499.56 -5393.94
59 2500.04 -5394.77
60 2500.61 -5395.6
61 2501.25 -5396.43
62 2501.82 -5397.28
63 2502.47 -5398.11
64 2503.14 -5398.95
65 2503.83 -5399.78
66 2504.52 -5400.61
67 2505.22 -5401.45
68 2505.92 -5402.28
69 2506.63 -5403.12
70 2507.34 -5403.95
71 2508.05 -5404.78
72 2508.76 -5405.61
73 2509.48 -5406.43
74 2510.19 -5407.26
75 2510.89 -5408.09
76 2511.6 -5408.91
77 2512.3 -5409.74
78 2513 -5410.56
79 2513.69 -5411.38
80 2514.36 -5412.19
