26 2.27575e-11 -5.83754e-09
27 -8.14308e-10 -1.9396e-05
28 -7.86127e-10 -1.5389e-05
29 3.11363e-08 -7.19307e-06
30 6.3452e-09 -7.20654e-06
31 8.65497e-09 -7.19821e-06
32 7.22254e-09 -7.16684e-06
33 6.98873e-09 -7.16308e-06
34 6.92136e-09 -7.16059e-06
35 6.87598e-09 -7.1588e-06
36 6.83853e-09 -7.15737e-06
37 6.80986e-09 -7.15609e-06
38 6.78648e-09 -7.15523e-06
39 6.76947e-09 -7.1545e-06
40 6.75427e-09 -7.15397e-06
41 6.74101e-09 -7.15354e-06
42 6.73385e-09 -7.15325e-06
43 6.72778e-09 -7.153e-06
44 6.72353e-09 -7.1529e-06
45 6.72122e-09 -7.15285e-06
46 6.72098e-09 -7.15283e-06
47 6.72118e-09 -7.15293e-06
48 6.72241e-09 -7.15303e-06
49 6.72537e-09 -7.15318e-06
50 6.72887e-09 -7.15335e-06
51 6.73306e-09 -7.15356e-06
52 6.73774e-09 -7.15378e-06
53 6.743e-09 -7.15404e-06
54 6.74855e-09 -7.15432e-06
55 6.75403e-09 -7.15464e-06
56 6.75995e-09 -7.15496e-06
57 6.76637e-09 -7.15527e-06
58 6.77268e-09 -7.15561e-06
59 6.77864e-09 -7.1559e-06
60 6.7852e-09 -7.15625e-06
61 6.79232e-09 -7.15659e-06
62 6.799e-09 -7.15693e-06
63 6.80634e-09 -7.15728e-06
64 6.81385e-09 -7.15764e-06
65 6.82149e-09 -7.15801e-06
66 6.82927e-09 -7.15837e-06
67 6.83717e-09 -7.15874e-06
68 6.84518e-09 -7.15911e-06
69 6.85327e-09 -7.15948e-06
70 6.86142e-09 -7.15985e-06
71 6.86963e-09 -7.16023e-06
72 6.87793e-09 -7.1606e-06
73 6.88628e-09 -7.16098e-06
74 6.8947e-09 -7.16136e-06
75 6.9031e-09 -7.16174e-06
76 6.91155e-09 -7.16211e-06
77 6.92005e-09 -7.16249e-06
78 6.9286e-09 -7.16287e-06
79 6.93716e-09 -7.16325e-06
80 6.94576e-09 -7.16362e-06
