26 -3.80031e-11 1.05204e-09
27 2.99304e-08 -2.4712e-06
28 2.35516e-08 -1.99719e-06
29 1.34159e-08 -1.0077e-06
30 1.34532e-08 -1.05076e-06
31 1.36721e-08 -1.04512e-06
32 1.35687e-08 -1.03791e-06
33 1.35673e-08 -1.03819e-06
34 1.35631e-08 -1.03761e-06
35 1.35604e-08 -1.03739e-06
36 1.35587e-08 -1.03706e-06
37 1.3557e-08 -1.03684e-06
38 1.35563e-08 -1.03661e-06
39 1.35556e-08 -1.03648e-06
40 1.35551e-08 -1.03638e-06
41 1.35553e-08 -1.03618e-06
42 1.35554e-08 -1.0361e-06
43 1.35558e-08 -1.03595e-06
44 1.35562e-08 -1.0359e-06
45 1.35568e-08 -1.03583e-06
46 1.35574e-08 -1.03576e-06
47 1.35582e-08 -1.03572e-06
48 1.35591e-08 -1.03568e-06
49 1.35599e-08 -1.03565e-06
50 1.35609e-08 -1.03562e-06
51 1.35619e-08 -1.03559e-06
52 1.35629e-08 -1.03558e-06
53 1.35639e-08 -1.03557e-06
54 1.35651e-08 -1.03555e-06
55 1.35662e-08 -1.03554e-06
56 1.35674e-08 -1.03554e-06
57 1.35686e-08 -1.03552e-06
58 1.35698e-08 -1.03551e-06
59 1.3571e-08 -1.03548e-06
60 1.35722e-08 -1.03547e-06
61 1.35734e-08 -1.03546e-06
62 1.35747e-08 -1.03544e-06
63 1.35759e-08 -1.03544e-06
64 1.35771e-08 -1.03543e-06
65 1.35783e-08 -1.03543e-06
66 1.35796e-08 -1.03542e-06
67 1.35808e-08 -1.03542e-06
68 1.3582e-08 -1.03541e-06
69 1.35832e-08 -1.03541e-06
70 1.35845e-08 -1.0354e-06
71 1.35857e-08 -1.0354e-06
72 1.35869e-08 -1.03539e-06
73 1.35882e-08 -1.03539e-06
74 1.35894e-08 -1.03538e-06
75 1.35906e-08 -1.03538e-06
76 1.35918e-08 -1.03538e-06
77 1.3593e-08 -1.03537e-06
78 1.35943e-08 -1.03536e-06
79 1.35955e-08 -1.03536e-06
80 1.35967e-08 -1.03535e-06
