26 5.30696e-11 -6.81004e-09
27 8.89714e-10 -1.9426e-05
28 8.2986e-10 -1.52811e-05
29 3.70119e-08 -6.79164e-06
30 9.45546e-09 -6.80409e-06
31 1.10973e-08 -6.72955e-06
32 1.05885e-08 -6.72221e-06
33 1.04037e-08 -6.71762e-06
34 1.0333e-08 -6.71552e-06
35 1.02774e-08 -6.71395e-06
36 1.02351e-08 -6.71279e-06
37 1.02019e-08 -6.71168e-06
38 1.01748e-08 -6.71106e-06
39 1.01535e-08 -6.71047e-06
40 1.0136e-08 -6.71002e-06
41 1.01226e-08 -6.70984e-06
42 1.01137e-08 -6.70965e-06
43 1.0107e-08 -6.7096e-06
44 1.01018e-08 -6.7096e-06
45 1.00979e-08 -6.70967e-06
46 1.00967e-08 -6.70975e-06
47 1.00956e-08 -6.70995e-06
48 1.00957e-08 -6.71014e-06
49 1.00975e-08 -6.71037e-06
50 1.00999e-08 -6.71063e-06
51 1.01033e-08 -6.71093e-06
52 1.01064e-08 -6.71121e-06
53 1.01104e-08 -6.71154e-06
54 1.01148e-08 -6.7119e-06
55 1.01194e-08 -6.71228e-06
56 1.01242e-08 -6.71267e-06
57 1.01297e-08 -6.71306e-06
58 1.01349e-08 -6.71348e-06
59 1.01404e-08 -6.71388e-06
60 1.01457e-08 -6.71429e-06
61 1.01517e-08 -6.71471e-06
62 1.01575e-08 -6.71514e-06
63 1.01636e-08 -6.71557e-06
64 1.01698e-08 -6.716e-06
65 1.01761e-08 -6.71643e-06
66 1.01824e-08 -6.71687e-06
67 1.01887e-08 -6.71731e-06
68 1.01952e-08 -6.71775e-06
69 1.02016e-08 -6.7182e-06
70 1.02079e-08 -6.71864e-06
71 1.02143e-08 -6.71909e-06
72 1.02207e-08 -6.71954e-06
73 1.02271e-08 -6.71999e-06
74 1.02335e-08 -6.72044e-06
75 1.02399e-08 -6.72089e-06
76 1.02463e-08 -6.72134e-06
77 1.02527e-08 -6.72179e-06
78 1.02591e-08 -6.72224e-06
79 1.02655e-08 -6.7227e-06
80 1.02719e-08 -6.72315e-06
