26 2.12948e-11 9.04964e-10
27 3.40874e-07 6.32185e-06
28 3.63334e-07 5.08951e-06
29 4.60149e-07 2.66324e-06
30 4.58109e-07 2.70879e-06
31 4.57616e-07 2.69347e-06
32 4.57635e-07 2.6821e-06
33 4.5754e-07 2.68175e-06
34 4.57457e-07 2.68091e-06
35 4.57394e-07 2.68062e-06
36 4.57341e-07 2.68025e-06
37 4.57288e-07 2.68003e-06
38 4.57248e-07 2.67985e-06
39 4.57205e-07 2.67981e-06
40 4.57173e-07 2.67986e-06
41 4.57146e-07 2.67977e-06
42 4.57112e-07 2.67986e-06
43 4.57083e-07 2.67986e-06
44 4.57056e-07 2.68002e-06
45 4.57031e-07 2.68015e-06
46 4.57004e-07 2.68029e-06
47 4.56982e-07 2.68048e-06
48 4.56959e-07 2.68067e-06
49 4.56936e-07 2.68088e-06
50 4.56914e-07 2.68109e-06
51 4.56892e-07 2.6813e-06
52 4.56872e-07 2.68154e-06
53 4.56851e-07 2.68178e-06
54 4.56832e-07 2.68202e-06
55 4.56815e-07 2.68228e-06
56 4.56797e-07 2.68254e-06
57 4.56779e-07 2.68279e-06
58 4.56762e-07 2.68304e-06
59 4.56746e-07 2.68325e-06
60 4.56729e-07 2.68352e-06
61 4.56712e-07 2.68377e-06
62 4.56696e-07 2.68401e-06
63 4.5668e-07 2.68427e-06
64 4.56663e-07 2.68453e-06
65 4.56647e-07 2.68479e-06
66 4.5663e-07 2.68505e-06
67 4.56614e-07 2.68531e-06
68 4.56598e-07 2.68557e-06
69 4.56582e-07 2.68583e-06
70 4.56566e-07 2.68609e-06
71 4.5655e-07 2.68635e-06
72 4.56535e-07 2.6866e-06
73 4.56519e-07 2.68686e-06
74 4.56504e-07 2.68712e-06
75 4.56488e-07 2.68737e-06
76 4.56473e-07 2.68763e-06
77 4.56458e-07 2.68788e-06
78 4.56443e-07 2.68814e-06
79 4.56428e-07 2.68839e-06
80 4.56413e-07 2.68864e-06
