26 -2.7069e-11 9.03672e-10
27 4.43881e-08 4.79768e-06
28 3.51542e-08 3.83358e-06
29 1.91697e-08 1.89356e-06
30 1.93588e-08 1.92525e-06
31 1.95699e-08 1.92831e-06
32 1.94309e-08 1.91741e-06
33 1.94296e-08 1.91724e-06
34 1.94229e-08 1.91651e-06
35 1.9419e-08 1.91613e-06
36 1.94159e-08 1.91575e-06
37 1.94131e-08 1.91545e-06
38 1.94115e-08 1.91522e-06
39 1.94101e-08 1.91506e-06
40 1.94093e-08 1.91496e-06
41 1.94087e-08 1.91482e-06
42 1.94085e-08 1.91476e-06
43 1.94085e-08 1.91468e-06
44 1.94088e-08 1.91468e-06
45 1.94092e-08 1.91467e-06
46 1.94097e-08 1.91467e-06
47 1.94105e-08 1.9147e-06
48 1.94113e-08 1.91473e-06
49 1.94122e-08 1.91478e-06
50 1.94132e-08 1.91483e-06
51 1.94142e-08 1.91489e-06
52 1.94153e-08 1.91495e-06
53 1.94165e-08 1.91503e-06
54 1.94177e-08 1.9151e-06
55 1.9419e-08 1.91519e-06
56 1.94203e-08 1.91527e-06
57 1.94216e-08 1.91535e-06
58 1.9423e-08 1.91544e-06
59 1.94243e-08 1.91551e-06
60 1.94256e-08 1.9156e-06
61 1.9427e-08 1.91569e-06
62 1.94283e-08 1.91577e-06
63 1.94297e-08 1.91586e-06
64 1.94311e-08 1.91595e-06
65 1.94325e-08 1.91604e-06
66 1.94339e-08 1.91613e-06
67 1.94353e-08 1.91623e-06
68 1.94367e-08 1.91632e-06
69 1.94381e-08 1.91641e-06
70 1.94395e-08 1.91651e-06
71 1.94408e-08 1.9166e-06
72 1.94422e-08 1.91669e-06
73 1.94436e-08 1.91679e-06
74 1.9445e-08 1.91688e-06
75 1.94464e-08 1.91697e-06
76 1.94478e-08 1.91706e-06
77 1.94492e-08 1.91716e-06
78 1.94506e-08 1.91725e-06
79 1.94519e-08 1.91734e-06
80 1.94533e-08 1.91743e-06
