26 2.71638e-11 2.11605e-09
27 3.40876e-07 9.28483e-06
28 3.63335e-07 7.35559e-06
29 4.60152e-07 2.66628e-06
30 4.58111e-07 2.7099e-06
31 4.57618e-07 2.69593e-06
32 4.57637e-07 2.68454e-06
33 4.57542e-07 2.68416e-06
34 4.57459e-07 2.68333e-06
35 4.57397e-07 2.68304e-06
36 4.57344e-07 2.68268e-06
37 4.57291e-07 2.68246e-06
38 4.5725e-07 2.6823e-06
39 4.57208e-07 2.68225e-06
40 4.57176e-07 2.68231e-06
41 4.57149e-07 2.68223e-06
42 4.57114e-07 2.68232e-06
43 4.57085e-07 2.68233e-06
44 4.57058e-07 2.68249e-06
45 4.57033e-07 2.68263e-06
46 4.57006e-07 2.68278e-06
47 4.56984e-07 2.68296e-06
48 4.56962e-07 2.68316e-06
49 4.56938e-07 2.68337e-06
50 4.56916e-07 2.68359e-06
51 4.56895e-07 2.6838e-06
52 4.56874e-07 2.68405e-06
53 4.56854e-07 2.6843e-06
54 4.56834e-07 2.68453e-06
55 4.56817e-07 2.6848e-06
56 4.568e-07 2.68507e-06
57 4.56781e-07 2.68532e-06
58 4.56765e-07 2.68557e-06
59 4.56748e-07 2.68579e-06
60 4.56732e-07 2.68606e-06
61 4.56714e-07 2.68632e-06
62 4.56698e-07 2.68657e-06
63 4.56682e-07 2.68683e-06
64 4.56665e-07 2.6871e-06
65 4.56649e-07 2.68736e-06
66 4.56633e-07 2.68762e-06
67 4.56616e-07 2.68789e-06
68 4.566e-07 2.68815e-06
69 4.56584e-07 2.68842e-06
70 4.56568e-07 2.68868e-06
71 4.56553e-07 2.68894e-06
72 4.56537e-07 2.6892e-06
73 4.56521e-07 2.68947e-06
74 4.56506e-07 2.68973e-06
75 4.56491e-07 2.68999e-06
76 4.56475e-07 2.69025e-06
77 4.5646e-07 2.69051e-06
78 4.56445e-07 2.69076e-06
79 4.5643e-07 2.69102e-06
80 4.56415e-07 2.69128e-06
