26 5.87975 -5.09034
27 95.5599 -19903.1
28 89.2197 -15647.1
29 3592.48 -8764.06
30 520.198 -8730.83
31 854.756 -8759.86
32 742.346 -8715.17
33 728.605 -8711.93
34 719.39 -8709.2
35 712.929 -8707.31
36 707.694 -8706.1
37 703.32 -8704.87
38 699.548 -8704.32
39 696.335 -8703.75
40 693.506 -8703.36
41 691.072 -8703.38
42 689.096 -8703.37
43 687.346 -8703.55
44 685.76 -8703.74
45 684.322 -8704.05
46 683.15 -8704.38
47 682.018 -8704.85
48 681.01 -8705.31
49 680.19 -8705.81
50 679.449 -8706.35
51 678.813 -8706.96
52 678.18 -8707.52
53 677.646 -8708.14
54 677.178 -8708.82
55 676.736 -8709.5
56 676.334 -8710.2
57 676.007 -8710.9
58 675.685 -8711.64
59 675.39 -8712.37
60 675.108 -8713.08
61 674.905 -8713.81
62 674.7 -8714.56
63 674.539 -8715.3
64 674.397 -8716.03
65 674.285 -8716.78
66 674.193 -8717.52
67 674.12 -8718.27
68 674.071 -8719.01
69 674.032 -8719.76
70 674.011 -8720.51
71 674.008 -8721.26
72 674.017 -8722.01
73 674.044 -8722.76
74 674.084 -8723.51
75 674.14 -8724.25
76 674.209 -8725
77 674.292 -8725.75
78 674.388 -8726.5
79 674.497 -8727.24
80 674.618 -8727.98
