26 -3.82616e-11 1.51774e-09
27 3.05562e-08 -1.77446e-06
28 2.42628e-08 -1.34109e-06
29 1.29933e-08 -1.04211e-06
30 1.31608e-08 -1.02047e-06
31 1.32744e-08 -1.0639e-06
32 1.31827e-08 -1.0523e-06
33 1.31821e-08 -1.05215e-06
34 1.31773e-08 -1.05198e-06
35 1.31746e-08 -1.05176e-06
36 1.31723e-08 -1.05177e-06
37 1.31703e-08 -1.05167e-06
38 1.31691e-08 -1.05174e-06
39 1.31681e-08 -1.05174e-06
40 1.31674e-08 -1.05174e-06
41 1.31669e-08 -1.0519e-06
42 1.31666e-08 -1.05197e-06
43 1.31664e-08 -1.05214e-06
44 1.31665e-08 -1.05223e-06
45 1.31667e-08 -1.05236e-06
46 1.31669e-08 -1.05249e-06
47 1.31673e-08 -1.05264e-06
48 1.31678e-08 -1.05278e-06
49 1.31683e-08 -1.05292e-06
50 1.31688e-08 -1.05307e-06
51 1.31694e-08 -1.05323e-06
52 1.31701e-08 -1.05338e-06
53 1.31708e-08 -1.05353e-06
54 1.31715e-08 -1.0537e-06
55 1.31723e-08 -1.05386e-06
56 1.31731e-08 -1.05402e-06
57 1.31738e-08 -1.05419e-06
58 1.31746e-08 -1.05437e-06
59 1.31754e-08 -1.05456e-06
60 1.31762e-08 -1.05473e-06
61 1.3177e-08 -1.0549e-06
62 1.31778e-08 -1.05508e-06
63 1.31786e-08 -1.05526e-06
64 1.31795e-08 -1.05543e-06
65 1.31803e-08 -1.0556e-06
66 1.31811e-08 -1.05577e-06
67 1.3182e-08 -1.05594e-06
68 1.31828e-08 -1.05611e-06
69 1.31837e-08 -1.05628e-06
70 1.31845e-08 -1.05645e-06
71 1.31853e-08 -1.05662e-06
72 1.31862e-08 -1.05679e-06
73 1.3187e-08 -1.05696e-06
74 1.31879e-08 -1.05713e-06
75 1.31887e-08 -1.0573e-06
76 1.31895e-08 -1.05747e-06
77 1.31904e-08 -1.05764e-06
78 1.31912e-08 -1.05781e-06
79 1.3192e-08 -1.05798e-06
80 1.31928e-08 -1.05815e-06
