26 3.68374e-11 -1.01755e-08
27 9.01638e-10 -2.22504e-05
28 8.36745e-10 -1.75137e-05
29 3.61826e-08 -4.57952e-06
30 2.00598e-08 -4.63705e-06
31 2.04771e-08 -4.52874e-06
32 2.02871e-08 -4.54383e-06
33 2.00535e-08 -4.53989e-06
34 1.99558e-08 -4.53903e-06
35 1.98687e-08 -4.53857e-06
36 1.97963e-08 -4.53821e-06
37 1.97348e-08 -4.53793e-06
38 1.9681e-08 -4.53786e-06
39 1.9634e-08 -4.53784e-06
40 1.9592e-08 -4.53794e-06
41 1.95549e-08 -4.53807e-06
42 1.95227e-08 -4.53825e-06
43 1.94937e-08 -4.53844e-06
44 1.94667e-08 -4.53873e-06
45 1.94414e-08 -4.53903e-06
46 1.94192e-08 -4.53934e-06
47 1.93975e-08 -4.53971e-06
48 1.93775e-08 -4.54007e-06
49 1.93597e-08 -4.54046e-06
50 1.93429e-08 -4.54086e-06
51 1.93275e-08 -4.54127e-06
52 1.93119e-08 -4.54169e-06
53 1.92977e-08 -4.54212e-06
54 1.92843e-08 -4.54256e-06
55 1.92713e-08 -4.54303e-06
56 1.92588e-08 -4.5435e-06
57 1.92472e-08 -4.54395e-06
58 1.92358e-08 -4.54443e-06
59 1.92248e-08 -4.54488e-06
60 1.92138e-08 -4.54536e-06
61 1.92042e-08 -4.54584e-06
62 1.9194e-08 -4.54631e-06
63 1.91847e-08 -4.54679e-06
64 1.91755e-08 -4.54727e-06
65 1.91669e-08 -4.54776e-06
66 1.91584e-08 -4.54824e-06
67 1.91502e-08 -4.54872e-06
68 1.91424e-08 -4.54921e-06
69 1.91347e-08 -4.54969e-06
70 1.91271e-08 -4.55017e-06
71 1.91198e-08 -4.55065e-06
72 1.91127e-08 -4.55114e-06
73 1.91058e-08 -4.55162e-06
74 1.90991e-08 -4.5521e-06
75 1.90926e-08 -4.55258e-06
76 1.90863e-08 -4.55306e-06
77 1.90801e-08 -4.55355e-06
78 1.90741e-08 -4.55403e-06
79 1.90683e-08 -4.55451e-06
80 1.90627e-08 -4.55499e-06
