26 -3.43113e-11 -3.84825e-11
27 5.06162e-08 7.74771e-06
28 4.00109e-08 6.13349e-06
29 2.21025e-08 3.28472e-06
30 2.22737e-08 3.3074e-06
31 2.25521e-08 3.3428e-06
32 2.23888e-08 3.32036e-06
33 2.23871e-08 3.31996e-06
34 2.23796e-08 3.31888e-06
35 2.23751e-08 3.31822e-06
36 2.23718e-08 3.31773e-06
37 2.23687e-08 3.31728e-06
38 2.2367e-08 3.31704e-06
39 2.23656e-08 3.31683e-06
40 2.23646e-08 3.31669e-06
41 2.23643e-08 3.31665e-06
42 2.23642e-08 3.31663e-06
43 2.23644e-08 3.31665e-06
44 2.23648e-08 3.31672e-06
45 2.23654e-08 3.31681e-06
46 2.23661e-08 3.31692e-06
47 2.23672e-08 3.31707e-06
48 2.23682e-08 3.31722e-06
49 2.23694e-08 3.3174e-06
50 2.23707e-08 3.31758e-06
51 2.2372e-08 3.31778e-06
52 2.23734e-08 3.31798e-06
53 2.23748e-08 3.31819e-06
54 2.23764e-08 3.31842e-06
55 2.2378e-08 3.31866e-06
56 2.23797e-08 3.3189e-06
57 2.23813e-08 3.31914e-06
58 2.2383e-08 3.31939e-06
59 2.23846e-08 3.31963e-06
60 2.23863e-08 3.31988e-06
61 2.2388e-08 3.32012e-06
62 2.23897e-08 3.32037e-06
63 2.23914e-08 3.32063e-06
64 2.23931e-08 3.32088e-06
65 2.23949e-08 3.32113e-06
66 2.23966e-08 3.32139e-06
67 2.23983e-08 3.32164e-06
68 2.24e-08 3.3219e-06
69 2.24018e-08 3.32215e-06
70 2.24035e-08 3.32241e-06
71 2.24052e-08 3.32266e-06
72 2.2407e-08 3.32292e-06
73 2.24087e-08 3.32317e-06
74 2.24104e-08 3.32342e-06
75 2.24121e-08 3.32368e-06
76 2.24139e-08 3.32393e-06
77 2.24156e-08 3.32418e-06
78 2.24173e-08 3.32444e-06
79 2.2419e-08 3.32469e-06
80 2.24207e-08 3.32494e-06
