26 2.68508 -0.422687
27 2252.96 -8227.56
28 1794.66 -6423.44
29 938.845 -3930.54
30 954.721 -3920.89
31 960.108 -4009.69
32 953.718 -3975.79
33 953.701 -3975.36
34 953.328 -3974.27
35 953.135 -3973.47
36 952.949 -3973.09
37 952.799 -3972.61
38 952.691 -3972.52
39 952.611 -3972.35
40 952.559 -3972.24
41 952.495 -3972.42
42 952.471 -3972.5
43 952.436 -3972.74
44 952.436 -3972.91
45 952.437 -3973.16
46 952.441 -3973.41
47 952.46 -3973.73
48 952.481 -3974.04
49 952.509 -3974.36
50 952.539 -3974.7
51 952.57 -3975.08
52 952.608 -3975.42
53 952.649 -3975.79
54 952.69 -3976.2
55 952.737 -3976.6
56 952.785 -3977.01
57 952.831 -3977.42
58 952.877 -3977.86
59 952.917 -3978.29
60 952.967 -3978.71
61 953.015 -3979.13
62 953.06 -3979.57
63 953.11 -3980
64 953.161 -3980.42
65 953.211 -3980.85
66 953.261 -3981.27
67 953.312 -3981.7
68 953.362 -3982.13
69 953.413 -3982.55
70 953.464 -3982.98
71 953.515 -3983.41
72 953.565 -3983.83
73 953.616 -3984.26
74 953.667 -3984.68
75 953.717 -3985.11
76 953.768 -3985.53
77 953.818 -3985.95
78 953.868 -3986.37
79 953.918 -3986.8
80 953.967 -3987.22
