26 -1.0366e-10 8.85439e-10
27 2.53742e-08 -4.76241e-06
28 1.99417e-08 -3.81238e-06
29 1.14533e-08 -1.99527e-06
30 1.14704e-08 -2.04843e-06
31 1.16683e-08 -2.05339e-06
32 1.15791e-08 -2.03904e-06
33 1.15778e-08 -2.03926e-06
34 1.15744e-08 -2.03833e-06
35 1.1572e-08 -2.03791e-06
36 1.15707e-08 -2.03742e-06
37 1.15692e-08 -2.03706e-06
38 1.15687e-08 -2.03675e-06
39 1.15681e-08 -2.03654e-06
40 1.15677e-08 -2.0364e-06
41 1.1568e-08 -2.03616e-06
42 1.15681e-08 -2.03607e-06
43 1.15685e-08 -2.03592e-06
44 1.15689e-08 -2.03588e-06
45 1.15694e-08 -2.03583e-06
46 1.157e-08 -2.0358e-06
47 1.15708e-08 -2.03579e-06
48 1.15715e-08 -2.03579e-06
49 1.15723e-08 -2.03581e-06
50 1.15731e-08 -2.03583e-06
51 1.15741e-08 -2.03585e-06
52 1.15749e-08 -2.03589e-06
53 1.15759e-08 -2.03594e-06
54 1.15769e-08 -2.03598e-06
55 1.15779e-08 -2.03605e-06
56 1.15789e-08 -2.03611e-06
57 1.158e-08 -2.03616e-06
58 1.15811e-08 -2.03622e-06
59 1.15822e-08 -2.03625e-06
60 1.15832e-08 -2.03631e-06
61 1.15843e-08 -2.03637e-06
62 1.15854e-08 -2.03642e-06
63 1.15865e-08 -2.03648e-06
64 1.15875e-08 -2.03655e-06
65 1.15886e-08 -2.03661e-06
66 1.15897e-08 -2.03668e-06
67 1.15908e-08 -2.03675e-06
68 1.15919e-08 -2.03681e-06
69 1.1593e-08 -2.03688e-06
70 1.15941e-08 -2.03694e-06
71 1.15952e-08 -2.03701e-06
72 1.15963e-08 -2.03708e-06
73 1.15973e-08 -2.03714e-06
74 1.15984e-08 -2.03721e-06
75 1.15995e-08 -2.03727e-06
76 1.16006e-08 -2.03734e-06
77 1.16017e-08 -2.03741e-06
78 1.16027e-08 -2.03747e-06
79 1.16038e-08 -2.03753e-06
80 1.16049e-08 -2.0376e-06
