26 -2.31992 -9.90627
27 -96.1661 -28842.1
28 1977.96 -21489.5
29 6887.02 4218.85
30 6731.61 4340.66
31 6610.46 4295.61
32 6587.25 4279.91
33 6557.85 4276.46
34 6537.46 4272.8
35 6519.06 4270.24
36 6502.05 4267.63
37 6486.44 4265.46
38 6471.82 4263.39
39 6458.26 4261.67
40 6445.23 4260.16
41 6432.63 4258.39
42 6420.99 4257.03
43 6409.71 4255.52
44 6398.88 4254.31
45 6388.48 4253.09
46 6378.49 4251.92
47 6368.77 4250.82
48 6359.33 4249.75
49 6350.26 4248.75
50 6341.43 4247.75
51 6332.83 4246.75
52 6324.45 4245.82
53 6316.28 4244.91
54 6308.28 4243.97
55 6300.41 4243.09
56 6292.72 4242.21
57 6285.2 4241.31
58 6277.8 4240.41
59 6270.45 4239.45
60 6263.32 4238.59
61 6256.37 4237.71
62 6249.47 4236.8
63 6242.78 4235.94
64 6236.21 4235.09
65 6229.77 4234.24
66 6223.44 4233.38
67 6217.23 4232.54
68 6211.13 4231.69
69 6205.15 4230.85
70 6199.26 4230
71 6193.48 4229.16
72 6187.79 4228.32
73 6182.21 4227.49
74 6176.72 4226.65
75 6171.32 4225.81
76 6166.01 4224.98
77 6160.79 4224.14
78 6155.65 4223.31
79 6150.6 4222.47
80 6145.62 4221.64
