26 -3.85943 -0.0445371
27 5675.63 8891.5
28 4486.07 7037.26
29 2478.89 3775.09
30 2497.93 3800.07
31 2529.28 3841.56
32 2510.95 3815.71
33 2510.76 3815.23
34 2509.92 3813.99
35 2509.41 3813.24
36 2509.04 3812.69
37 2508.69 3812.17
38 2508.51 3811.9
39 2508.35 3811.66
40 2508.24 3811.5
41 2508.21 3811.46
42 2508.2 3811.44
43 2508.21 3811.47
44 2508.26 3811.55
45 2508.34 3811.66
46 2508.41 3811.78
47 2508.53 3811.96
48 2508.65 3812.14
49 2508.78 3812.34
50 2508.92 3812.56
51 2509.08 3812.79
52 2509.23 3813.02
53 2509.39 3813.27
54 2509.57 3813.53
55 2509.75 3813.81
56 2509.94 3814.09
57 2510.12 3814.37
58 2510.31 3814.66
59 2510.49 3814.94
60 2510.68 3815.23
61 2510.87 3815.51
62 2511.06 3815.8
63 2511.26 3816.1
64 2511.45 3816.39
65 2511.64 3816.69
66 2511.84 3816.98
67 2512.03 3817.28
68 2512.23 3817.57
69 2512.42 3817.87
70 2512.62 3818.16
71 2512.81 3818.46
72 2513.01 3818.75
73 2513.2 3819.05
74 2513.4 3819.34
75 2513.59 3819.64
76 2513.78 3819.93
77 2513.98 3820.23
78 2514.17 3820.52
79 2514.36 3820.81
80 2514.55 3821.1
