26 -1.2749e-11 -7.06949e-10
27 1.93706e-08 -7.82028e-06
28 1.51871e-08 -6.2336e-06
29 8.86003e-09 -3.31755e-06
30 8.852e-09 -3.38342e-06
31 9.02092e-09 -3.4032e-06
32 8.95063e-09 -3.37923e-06
33 8.94942e-09 -3.37936e-06
34 8.94691e-09 -3.37797e-06
35 8.94513e-09 -3.37727e-06
36 8.94419e-09 -3.37657e-06
37 8.9431e-09 -3.37602e-06
38 8.9428e-09 -3.3756e-06
39 8.94238e-09 -3.3753e-06
40 8.94211e-09 -3.3751e-06
41 8.94241e-09 -3.37483e-06
42 8.94255e-09 -3.37473e-06
43 8.94298e-09 -3.37458e-06
44 8.94333e-09 -3.37456e-06
45 8.94382e-09 -3.37454e-06
46 8.94433e-09 -3.37454e-06
47 8.94497e-09 -3.37459e-06
48 8.9456e-09 -3.37464e-06
49 8.94626e-09 -3.37473e-06
50 8.94697e-09 -3.37482e-06
51 8.94776e-09 -3.37491e-06
52 8.94847e-09 -3.37503e-06
53 8.94925e-09 -3.37516e-06
54 8.95009e-09 -3.37528e-06
55 8.95094e-09 -3.37544e-06
56 8.95179e-09 -3.37559e-06
57 8.95266e-09 -3.37574e-06
58 8.95358e-09 -3.37588e-06
59 8.95448e-09 -3.376e-06
60 8.95535e-09 -3.37616e-06
61 8.95624e-09 -3.37632e-06
62 8.95716e-09 -3.37646e-06
63 8.95806e-09 -3.37662e-06
64 8.95895e-09 -3.37678e-06
65 8.95984e-09 -3.37694e-06
66 8.96074e-09 -3.37711e-06
67 8.96164e-09 -3.37727e-06
68 8.96254e-09 -3.37743e-06
69 8.96344e-09 -3.3776e-06
70 8.96433e-09 -3.37776e-06
71 8.96523e-09 -3.37792e-06
72 8.96613e-09 -3.37809e-06
73 8.96702e-09 -3.37825e-06
74 8.96792e-09 -3.37841e-06
75 8.96881e-09 -3.37857e-06
76 8.96971e-09 -3.37874e-06
77 8.9706e-09 -3.3789e-06
78 8.97149e-09 -3.37906e-06
79 8.97237e-09 -3.37922e-06
80 8.97326e-09 -3.37938e-06
