26 3.48e-11 2.95189e-09
27 3.47781e-07 3.5105e-05
28 3.61313e-07 2.51038e-05
29 4.60252e-07 2.72499e-06
30 4.58211e-07 2.73099e-06
31 4.57719e-07 2.74339e-06
32 4.57737e-07 2.73141e-06
33 4.57643e-07 2.73058e-06
34 4.57559e-07 2.73001e-06
35 4.57497e-07 2.72966e-06
36 4.57444e-07 2.7295e-06
37 4.57391e-07 2.72932e-06
38 4.57351e-07 2.72933e-06
39 4.57308e-07 2.72933e-06
40 4.57276e-07 2.72939e-06
41 4.57249e-07 2.72955e-06
42 4.57215e-07 2.7297e-06
43 4.57185e-07 2.72991e-06
44 4.57158e-07 2.73012e-06
45 4.57134e-07 2.73036e-06
46 4.57106e-07 2.7306e-06
47 4.57084e-07 2.73088e-06
48 4.57062e-07 2.73116e-06
49 4.57039e-07 2.73145e-06
50 4.57017e-07 2.73175e-06
51 4.56995e-07 2.73207e-06
52 4.56974e-07 2.73237e-06
53 4.56954e-07 2.73269e-06
54 4.56935e-07 2.73303e-06
55 4.56918e-07 2.73337e-06
56 4.569e-07 2.73371e-06
57 4.56882e-07 2.73405e-06
58 4.56865e-07 2.73441e-06
59 4.56848e-07 2.73476e-06
60 4.56832e-07 2.7351e-06
61 4.56815e-07 2.73546e-06
62 4.56799e-07 2.73581e-06
63 4.56782e-07 2.73616e-06
64 4.56766e-07 2.73651e-06
65 4.56749e-07 2.73687e-06
66 4.56733e-07 2.73722e-06
67 4.56717e-07 2.73757e-06
68 4.56701e-07 2.73792e-06
69 4.56685e-07 2.73828e-06
70 4.56669e-07 2.73863e-06
71 4.56653e-07 2.73898e-06
72 4.56637e-07 2.73933e-06
73 4.56622e-07 2.73968e-06
74 4.56606e-07 2.74004e-06
75 4.56591e-07 2.74039e-06
76 4.56576e-07 2.74074e-06
77 4.56561e-07 2.74109e-06
78 4.56546e-07 2.74144e-06
79 4.56531e-07 2.74179e-06
80 4.56516e-07 2.74213e-06
