26 -3.2653e-11 9.00245e-10
27 4.28379e-08 3.8645e-06
28 3.37921e-08 3.02921e-06
29 1.89323e-08 1.70054e-06
30 1.90352e-08 1.68959e-06
31 1.93065e-08 1.72102e-06
32 1.91638e-08 1.70893e-06
33 1.9162e-08 1.70851e-06
34 1.91559e-08 1.7081e-06
35 1.9152e-08 1.70777e-06
36 1.91494e-08 1.70763e-06
37 1.91468e-08 1.70744e-06
38 1.91457e-08 1.70742e-06
39 1.91445e-08 1.70736e-06
40 1.91438e-08 1.70732e-06
41 1.91437e-08 1.70742e-06
42 1.91437e-08 1.70746e-06
43 1.91441e-08 1.70757e-06
44 1.91445e-08 1.70766e-06
45 1.91452e-08 1.70777e-06
46 1.9146e-08 1.70789e-06
47 1.9147e-08 1.70803e-06
48 1.9148e-08 1.70816e-06
49 1.91491e-08 1.70831e-06
50 1.91503e-08 1.70846e-06
51 1.91516e-08 1.70863e-06
52 1.91529e-08 1.70878e-06
53 1.91542e-08 1.70894e-06
54 1.91557e-08 1.70912e-06
55 1.91572e-08 1.70929e-06
56 1.91587e-08 1.70947e-06
57 1.91602e-08 1.70965e-06
58 1.91618e-08 1.70985e-06
59 1.91634e-08 1.71004e-06
60 1.91649e-08 1.71022e-06
61 1.91665e-08 1.71041e-06
62 1.91681e-08 1.7106e-06
63 1.91697e-08 1.71079e-06
64 1.91713e-08 1.71097e-06
65 1.91729e-08 1.71116e-06
66 1.91744e-08 1.71135e-06
67 1.9176e-08 1.71153e-06
68 1.91776e-08 1.71172e-06
69 1.91792e-08 1.71191e-06
70 1.91808e-08 1.7121e-06
71 1.91824e-08 1.71228e-06
72 1.9184e-08 1.71247e-06
73 1.91856e-08 1.71266e-06
74 1.91872e-08 1.71285e-06
75 1.91888e-08 1.71303e-06
76 1.91904e-08 1.71322e-06
77 1.9192e-08 1.7134e-06
78 1.91936e-08 1.71359e-06
79 1.91952e-08 1.71378e-06
80 1.91967e-08 1.71396e-06
