26 -8.98186 22.0179
27 39000.9 19970.1
28 40524.6 14166.3
29 51617.4 3158.62
30 51388.5 3150
31 51333.2 3175.13
32 51335.3 3161.12
33 51324.7 3159.98
34 51315.4 3159.42
35 51308.4 3159
36 51302.4 3158.9
37 51296.5 3158.7
38 51291.9 3158.8
39 51287.2 3158.81
40 51283.6 3158.87
41 51280.6 3159.17
42 51276.7 3159.36
43 51273.4 3159.68
44 51270.4 3159.94
45 51267.6 3160.26
46 51264.5 3160.58
47 51262.1 3160.94
48 51259.6 3161.3
49 51257 3161.66
50 51254.5 3162.04
51 51252.1 3162.45
52 51249.7 3162.82
53 51247.5 3163.22
54 51245.3 3163.65
55 51243.4 3164.07
56 51241.4 3164.49
57 51239.4 3164.93
58 51237.5 3165.38
59 51235.6 3165.83
60 51233.8 3166.26
61 51231.8 3166.7
62 51230.1 3167.15
63 51228.2 3167.59
64 51226.3 3168.03
65 51224.5 3168.48
66 51222.7 3168.92
67 51220.8 3169.36
68 51219 3169.8
69 51217.2 3170.24
70 51215.5 3170.69
71 51213.7 3171.13
72 51211.9 3171.57
73 51210.2 3172.01
74 51208.5 3172.45
75 51206.7 3172.89
76 51205 3173.33
77 51203.3 3173.77
78 51201.6 3174.21
79 51200 3174.65
80 51198.3 3175.09
