26 4.57474 -0.494651
27 1469.45 -12010.6
28 1175.72 -9410.5
29 594.487 -5593.35
30 608.133 -5594.46
31 608.853 -5705.8
32 605.036 -5659.48
33 605.049 -5658.91
34 604.79 -5657.27
35 604.667 -5656.13
36 604.531 -5655.51
37 604.429 -5654.8
38 604.343 -5654.6
39 604.285 -5654.32
40 604.247 -5654.14
41 604.186 -5654.31
42 604.162 -5654.39
43 604.123 -5654.64
44 604.115 -5654.86
45 604.105 -5655.16
46 604.097 -5655.47
47 604.098 -5655.87
48 604.101 -5656.26
49 604.11 -5656.68
50 604.12 -5657.12
51 604.128 -5657.61
52 604.144 -5658.06
53 604.161 -5658.55
54 604.176 -5659.08
55 604.197 -5659.61
56 604.219 -5660.14
57 604.237 -5660.69
58 604.256 -5661.26
59 604.269 -5661.82
60 604.291 -5662.37
61 604.312 -5662.92
62 604.329 -5663.5
63 604.352 -5664.06
64 604.374 -5664.62
65 604.396 -5665.18
66 604.418 -5665.74
67 604.441 -5666.3
68 604.463 -5666.87
69 604.486 -5667.43
70 604.509 -5667.99
71 604.531 -5668.55
72 604.554 -5669.12
73 604.576 -5669.68
74 604.599 -5670.24
75 604.621 -5670.8
76 604.644 -5671.36
77 604.666 -5671.91
78 604.688 -5672.47
79 604.71 -5673.03
80 604.732 -5673.58
