26 -3.9464 0.236081
27 5484.04 7891.47
28 4331.13 6229.45
29 2406.61 3393.99
30 2422.91 3405.37
31 2454.98 3450.04
32 2437.05 3426.32
33 2436.85 3425.81
34 2436.05 3424.77
35 2435.56 3424.09
36 2435.21 3423.65
37 2434.87 3423.21
38 2434.71 3423.02
39 2434.55 3422.82
40 2434.46 3422.7
41 2434.43 3422.72
42 2434.43 3422.73
43 2434.45 3422.81
44 2434.51 3422.9
45 2434.58 3423.04
46 2434.67 3423.18
47 2434.79 3423.37
48 2434.91 3423.56
49 2435.04 3423.77
50 2435.19 3423.99
51 2435.34 3424.23
52 2435.49 3424.46
53 2435.66 3424.71
54 2435.83 3424.98
55 2436.02 3425.26
56 2436.2 3425.54
57 2436.39 3425.82
58 2436.58 3426.11
59 2436.76 3426.4
60 2436.95 3426.68
61 2437.14 3426.97
62 2437.34 3427.26
63 2437.53 3427.56
64 2437.72 3427.85
65 2437.92 3428.14
66 2438.11 3428.44
67 2438.31 3428.73
68 2438.5 3429.02
69 2438.7 3429.32
70 2438.89 3429.61
71 2439.09 3429.91
72 2439.28 3430.2
73 2439.48 3430.49
74 2439.67 3430.79
75 2439.86 3431.08
76 2440.06 3431.37
77 2440.25 3431.66
78 2440.44 3431.96
79 2440.64 3432.25
80 2440.83 3432.54
