26 -2.2256e-11 1.33164e-09
27 3.57316e-08 7.66263e-07
28 2.83421e-08 6.61339e-07
29 1.5291e-08 8.65061e-08
30 1.54689e-08 1.1319e-07
31 1.5617e-08 8.67509e-08
32 1.55078e-08 8.97746e-08
33 1.5507e-08 8.98104e-08
34 1.55015e-08 8.9626e-08
35 1.54983e-08 8.96119e-08
36 1.54957e-08 8.94596e-08
37 1.54935e-08 8.93981e-08
38 1.54921e-08 8.92637e-08
39 1.54909e-08 8.92026e-08
40 1.54902e-08 8.91624e-08
41 1.54896e-08 8.89984e-08
42 1.54894e-08 8.89317e-08
43 1.54892e-08 8.87952e-08
44 1.54894e-08 8.8733e-08
45 1.54897e-08 8.86456e-08
46 1.549e-08 8.85624e-08
47 1.54905e-08 8.84797e-08
48 1.54911e-08 8.84024e-08
49 1.54918e-08 8.83324e-08
50 1.54925e-08 8.82571e-08
51 1.54932e-08 8.81705e-08
52 1.5494e-08 8.81069e-08
53 1.54949e-08 8.80387e-08
54 1.54958e-08 8.79576e-08
55 1.54968e-08 8.78886e-08
56 1.54977e-08 8.78188e-08
57 1.54987e-08 8.77413e-08
58 1.54997e-08 8.76591e-08
59 1.55006e-08 8.75653e-08
60 1.55016e-08 8.74965e-08
61 1.55027e-08 8.742e-08
62 1.55036e-08 8.73342e-08
63 1.55047e-08 8.72608e-08
64 1.55057e-08 8.71893e-08
65 1.55067e-08 8.71156e-08
66 1.55078e-08 8.7042e-08
67 1.55088e-08 8.69694e-08
68 1.55099e-08 8.68966e-08
69 1.55109e-08 8.68242e-08
70 1.55119e-08 8.67515e-08
71 1.5513e-08 8.66791e-08
72 1.5514e-08 8.66064e-08
73 1.55151e-08 8.65348e-08
74 1.55161e-08 8.64624e-08
75 1.55171e-08 8.639e-08
76 1.55182e-08 8.63184e-08
77 1.55192e-08 8.62466e-08
78 1.55202e-08 8.61747e-08
79 1.55213e-08 8.61027e-08
80 1.55223e-08 8.60311e-08
