26 -3.10547e-11 3.57418e-10
27 4.84851e-08 6.74546e-06
28 3.83664e-08 5.3607e-06
29 2.10433e-08 2.78446e-06
30 2.12309e-08 2.81528e-06
31 2.14775e-08 2.83539e-06
32 2.13236e-08 2.81741e-06
33 2.13221e-08 2.81712e-06
34 2.13149e-08 2.81613e-06
35 2.13106e-08 2.81557e-06
36 2.13073e-08 2.8151e-06
37 2.13043e-08 2.81469e-06
38 2.13026e-08 2.81444e-06
39 2.13012e-08 2.81423e-06
40 2.13002e-08 2.8141e-06
41 2.12998e-08 2.81399e-06
42 2.12996e-08 2.81395e-06
43 2.12996e-08 2.81391e-06
44 2.13e-08 2.81394e-06
45 2.13005e-08 2.81399e-06
46 2.13011e-08 2.81404e-06
47 2.13021e-08 2.81413e-06
48 2.1303e-08 2.81423e-06
49 2.1304e-08 2.81434e-06
50 2.13052e-08 2.81447e-06
51 2.13064e-08 2.8146e-06
52 2.13076e-08 2.81474e-06
53 2.1309e-08 2.81489e-06
54 2.13104e-08 2.81505e-06
55 2.13119e-08 2.81522e-06
56 2.13134e-08 2.81539e-06
57 2.13148e-08 2.81556e-06
58 2.13164e-08 2.81574e-06
59 2.13178e-08 2.8159e-06
60 2.13194e-08 2.81608e-06
61 2.13209e-08 2.81625e-06
62 2.13225e-08 2.81643e-06
63 2.1324e-08 2.81661e-06
64 2.13256e-08 2.81679e-06
65 2.13272e-08 2.81697e-06
66 2.13288e-08 2.81716e-06
67 2.13304e-08 2.81734e-06
68 2.13319e-08 2.81752e-06
69 2.13335e-08 2.81771e-06
70 2.13351e-08 2.81789e-06
71 2.13367e-08 2.81807e-06
72 2.13383e-08 2.81826e-06
73 2.13399e-08 2.81844e-06
74 2.13414e-08 2.81862e-06
75 2.1343e-08 2.81881e-06
76 2.13446e-08 2.81899e-06
77 2.13462e-08 2.81917e-06
78 2.13477e-08 2.81935e-06
79 2.13493e-08 2.81953e-06
80 2.13508e-08 2.81971e-06
