26 5.24158e-11 -4.42791e-09
27 8.81834e-10 -1.73127e-05
28 8.25315e-10 -1.36105e-05
29 3.20556e-08 -7.62322e-06
30 4.66733e-09 -7.5943e-06
31 7.64979e-09 -7.61956e-06
32 6.64769e-09 -7.58068e-06
33 6.5252e-09 -7.57786e-06
34 6.44305e-09 -7.5755e-06
35 6.38545e-09 -7.57385e-06
36 6.33878e-09 -7.57279e-06
37 6.29979e-09 -7.57172e-06
38 6.26616e-09 -7.57124e-06
39 6.23752e-09 -7.57075e-06
40 6.2123e-09 -7.57041e-06
41 6.19061e-09 -7.57043e-06
42 6.17298e-09 -7.57042e-06
43 6.15739e-09 -7.57058e-06
44 6.14325e-09 -7.57075e-06
45 6.13043e-09 -7.57101e-06
46 6.11999e-09 -7.5713e-06
47 6.10989e-09 -7.57171e-06
48 6.1009e-09 -7.5721e-06
49 6.09359e-09 -7.57254e-06
50 6.08699e-09 -7.57302e-06
51 6.08132e-09 -7.57354e-06
52 6.07567e-09 -7.57403e-06
53 6.07092e-09 -7.57457e-06
54 6.06674e-09 -7.57516e-06
55 6.06281e-09 -7.57575e-06
56 6.05922e-09 -7.57636e-06
57 6.0563e-09 -7.57697e-06
58 6.05343e-09 -7.57762e-06
59 6.05081e-09 -7.57824e-06
60 6.04829e-09 -7.57886e-06
61 6.04648e-09 -7.5795e-06
62 6.04465e-09 -7.58015e-06
63 6.04322e-09 -7.58079e-06
64 6.04195e-09 -7.58143e-06
65 6.04095e-09 -7.58208e-06
66 6.04013e-09 -7.58273e-06
67 6.03949e-09 -7.58338e-06
68 6.03904e-09 -7.58403e-06
69 6.0387e-09 -7.58468e-06
70 6.03851e-09 -7.58533e-06
71 6.03848e-09 -7.58598e-06
72 6.03857e-09 -7.58663e-06
73 6.0388e-09 -7.58728e-06
74 6.03916e-09 -7.58794e-06
75 6.03966e-09 -7.58859e-06
76 6.04027e-09 -7.58924e-06
77 6.04102e-09 -7.58989e-06
78 6.04188e-09 -7.59054e-06
79 6.04285e-09 -7.59118e-06
80 6.04392e-09 -7.59183e-06
