26 -3.46933e-11 5.31377e-10
27 4.66412e-08 5.73196e-06
28 3.68178e-08 4.51487e-06
29 2.05309e-08 2.48553e-06
30 2.06583e-08 2.48649e-06
31 2.09406e-08 2.52345e-06
32 2.07869e-08 2.50593e-06
33 2.07851e-08 2.50549e-06
34 2.07784e-08 2.50477e-06
35 2.07742e-08 2.50428e-06
36 2.07713e-08 2.504e-06
37 2.07684e-08 2.50368e-06
38 2.07671e-08 2.50358e-06
39 2.07658e-08 2.50345e-06
40 2.0765e-08 2.50337e-06
41 2.07648e-08 2.50343e-06
42 2.07648e-08 2.50345e-06
43 2.07651e-08 2.50354e-06
44 2.07656e-08 2.50363e-06
45 2.07663e-08 2.50375e-06
46 2.0767e-08 2.50387e-06
47 2.07681e-08 2.50403e-06
48 2.07691e-08 2.50419e-06
49 2.07703e-08 2.50436e-06
50 2.07716e-08 2.50454e-06
51 2.07729e-08 2.50474e-06
52 2.07743e-08 2.50492e-06
53 2.07757e-08 2.50512e-06
54 2.07772e-08 2.50534e-06
55 2.07788e-08 2.50556e-06
56 2.07804e-08 2.50578e-06
57 2.0782e-08 2.506e-06
58 2.07837e-08 2.50624e-06
59 2.07853e-08 2.50647e-06
60 2.0787e-08 2.50669e-06
61 2.07886e-08 2.50693e-06
62 2.07903e-08 2.50716e-06
63 2.0792e-08 2.50739e-06
64 2.07937e-08 2.50763e-06
65 2.07954e-08 2.50786e-06
66 2.0797e-08 2.50809e-06
67 2.07987e-08 2.50832e-06
68 2.08004e-08 2.50856e-06
69 2.08021e-08 2.50879e-06
70 2.08038e-08 2.50903e-06
71 2.08055e-08 2.50926e-06
72 2.08072e-08 2.50949e-06
73 2.08089e-08 2.50972e-06
74 2.08106e-08 2.50996e-06
75 2.08123e-08 2.51019e-06
76 2.0814e-08 2.51042e-06
77 2.08156e-08 2.51065e-06
78 2.08173e-08 2.51088e-06
79 2.0819e-08 2.51112e-06
80 2.08206e-08 2.51135e-06
