26 5.13798 1.16019
27 38236.2 47247.7
28 40752.9 42243.1
29 51617.2 3111.04
30 51388.3 3132.36
31 51333 3136.5
32 51335.1 3122.96
33 51324.5 3122.18
34 51315.2 3121.42
35 51308.2 3121.04
36 51302.2 3120.78
37 51296.3 3120.56
38 51291.7 3120.51
39 51287 3120.49
40 51283.4 3120.55
41 51280.4 3120.65
42 51276.5 3120.8
43 51273.2 3120.96
44 51270.2 3121.18
45 51267.4 3121.42
46 51264.3 3121.66
47 51261.9 3121.95
48 51259.4 3122.24
49 51256.7 3122.54
50 51254.3 3122.86
51 51251.8 3123.18
52 51249.5 3123.51
53 51247.3 3123.85
54 51245.1 3124.2
55 51243.2 3124.56
56 51241.2 3124.93
57 51239.2 3125.28
58 51237.3 3125.65
59 51235.4 3126.01
60 51233.6 3126.37
61 51231.6 3126.74
62 51229.8 3127.11
63 51228 3127.48
64 51226.1 3127.85
65 51224.3 3128.22
66 51222.5 3128.59
67 51220.6 3128.96
68 51218.8 3129.34
69 51217 3129.71
70 51215.3 3130.08
71 51213.5 3130.45
72 51211.7 3130.82
73 51210 3131.19
74 51208.3 3131.56
75 51206.5 3131.93
76 51204.8 3132.3
77 51203.1 3132.66
78 51201.4 3133.03
79 51199.8 3133.4
80 51198.1 3133.76
