26 -11.628 1.0179
27 2846.13 -5474.92
28 2236.73 -4382.75
29 1284.55 -2293.8
30 1286.47 -2354.92
31 1308.67 -2360.62
32 1298.66 -2344.12
33 1298.51 -2344.37
34 1298.13 -2343.31
35 1297.87 -2342.82
36 1297.72 -2342.25
37 1297.55 -2341.84
38 1297.49 -2341.48
39 1297.43 -2341.24
40 1297.38 -2341.08
41 1297.41 -2340.81
42 1297.42 -2340.71
43 1297.47 -2340.53
44 1297.51 -2340.49
45 1297.57 -2340.43
46 1297.64 -2340.39
47 1297.72 -2340.38
48 1297.81 -2340.38
49 1297.89 -2340.4
50 1297.99 -2340.43
51 1298.09 -2340.45
52 1298.19 -2340.5
53 1298.3 -2340.56
54 1298.41 -2340.6
55 1298.52 -2340.68
56 1298.64 -2340.75
57 1298.76 -2340.81
58 1298.88 -2340.87
59 1299 -2340.9
60 1299.12 -2340.98
61 1299.24 -2341.05
62 1299.36 -2341.1
63 1299.49 -2341.18
64 1299.61 -2341.25
65 1299.73 -2341.33
66 1299.85 -2341.4
67 1299.97 -2341.48
68 1300.1 -2341.55
69 1300.22 -2341.63
70 1300.34 -2341.71
71 1300.46 -2341.78
72 1300.58 -2341.86
73 1300.71 -2341.94
74 1300.83 -2342.01
75 1300.95 -2342.09
76 1301.07 -2342.16
77 1301.19 -2342.24
78 1301.31 -2342.31
79 1301.43 -2342.39
80 1301.55 -2342.46
