26 1.05033e-11 -5.44042e-10
27 1.45421e-08 -9.97413e-06
28 1.13647e-08 -7.93825e-06
29 6.76907e-09 -4.25142e-06
30 6.7419e-09 -4.32577e-06
31 6.88661e-09 -4.35638e-06
32 6.83161e-09 -4.32559e-06
33 6.83055e-09 -4.32566e-06
34 6.82877e-09 -4.32395e-06
35 6.82741e-09 -4.32306e-06
36 6.82681e-09 -4.32221e-06
37 6.82601e-09 -4.32153e-06
38 6.82588e-09 -4.32103e-06
39 6.8256e-09 -4.32067e-06
40 6.82543e-09 -4.32043e-06
41 6.82578e-09 -4.32014e-06
42 6.82593e-09 -4.32003e-06
43 6.82636e-09 -4.31987e-06
44 6.82667e-09 -4.31987e-06
45 6.82711e-09 -4.31988e-06
46 6.82756e-09 -4.3199e-06
47 6.82812e-09 -4.31999e-06
48 6.82865e-09 -4.32008e-06
49 6.82921e-09 -4.32021e-06
50 6.82981e-09 -4.32036e-06
51 6.83048e-09 -4.3205e-06
52 6.83107e-09 -4.32067e-06
53 6.83172e-09 -4.32086e-06
54 6.83242e-09 -4.32105e-06
55 6.83312e-09 -4.32127e-06
56 6.83383e-09 -4.32149e-06
57 6.83455e-09 -4.3217e-06
58 6.83531e-09 -4.32192e-06
59 6.83607e-09 -4.3221e-06
60 6.83679e-09 -4.32233e-06
61 6.83753e-09 -4.32255e-06
62 6.83829e-09 -4.32276e-06
63 6.83903e-09 -4.32299e-06
64 6.83977e-09 -4.32322e-06
65 6.84051e-09 -4.32345e-06
66 6.84125e-09 -4.32369e-06
67 6.84199e-09 -4.32392e-06
68 6.84273e-09 -4.32415e-06
69 6.84348e-09 -4.32439e-06
70 6.84422e-09 -4.32462e-06
71 6.84496e-09 -4.32485e-06
72 6.8457e-09 -4.32509e-06
73 6.84644e-09 -4.32532e-06
74 6.84718e-09 -4.32555e-06
75 6.84792e-09 -4.32578e-06
76 6.84865e-09 -4.32601e-06
77 6.84939e-09 -4.32625e-06
78 6.85012e-09 -4.32647e-06
79 6.85086e-09 -4.3267e-06
80 6.85159e-09 -4.32693e-06
