26 4.03544e-11 -9.42818e-09
27 8.98508e-10 -2.15443e-05
28 8.34937e-10 -1.69555e-05
29 4.1753e-08 -5.33507e-06
30 2.00567e-08 -5.36685e-06
31 2.0474e-08 -5.25769e-06
32 2.0284e-08 -5.26969e-06
33 2.00504e-08 -5.26488e-06
34 1.99526e-08 -5.26354e-06
35 1.98656e-08 -5.26264e-06
36 1.97931e-08 -5.26192e-06
37 1.97316e-08 -5.26129e-06
38 1.96779e-08 -5.26095e-06
39 1.96309e-08 -5.26066e-06
40 1.95889e-08 -5.2605e-06
41 1.95517e-08 -5.26044e-06
42 1.95196e-08 -5.26043e-06
43 1.94906e-08 -5.26046e-06
44 1.94635e-08 -5.26058e-06
45 1.94382e-08 -5.26073e-06
46 1.9416e-08 -5.26089e-06
47 1.93944e-08 -5.26113e-06
48 1.93744e-08 -5.26137e-06
49 1.93566e-08 -5.26163e-06
50 1.93398e-08 -5.26192e-06
51 1.93243e-08 -5.26222e-06
52 1.93088e-08 -5.26252e-06
53 1.92945e-08 -5.26285e-06
54 1.92811e-08 -5.2632e-06
55 1.92682e-08 -5.26357e-06
56 1.92557e-08 -5.26395e-06
57 1.92441e-08 -5.26432e-06
58 1.92327e-08 -5.26471e-06
59 1.92216e-08 -5.26509e-06
60 1.92107e-08 -5.26548e-06
61 1.92011e-08 -5.26587e-06
62 1.91908e-08 -5.26627e-06
63 1.91815e-08 -5.26667e-06
64 1.91724e-08 -5.26708e-06
65 1.91638e-08 -5.26748e-06
66 1.91553e-08 -5.26789e-06
67 1.91471e-08 -5.2683e-06
68 1.91392e-08 -5.26872e-06
69 1.91315e-08 -5.26912e-06
70 1.9124e-08 -5.26953e-06
71 1.91167e-08 -5.26994e-06
72 1.91096e-08 -5.27035e-06
73 1.91027e-08 -5.27077e-06
74 1.9096e-08 -5.27118e-06
75 1.90895e-08 -5.27159e-06
76 1.90831e-08 -5.27201e-06
77 1.9077e-08 -5.27242e-06
78 1.9071e-08 -5.27284e-06
79 1.90652e-08 -5.27326e-06
80 1.90596e-08 -5.27367e-06
