26 -3.38472e-11 1.02387e-09
27 3.58454e-08 2.69809e-07
28 2.82412e-08 1.75759e-07
29 1.59543e-08 1.69153e-07
30 1.60196e-08 1.39033e-07
31 1.62642e-08 1.56642e-07
32 1.61426e-08 1.55403e-07
33 1.6141e-08 1.55052e-07
34 1.6136e-08 1.55207e-07
35 1.61327e-08 1.55191e-07
36 1.61306e-08 1.55322e-07
37 1.61285e-08 1.55365e-07
38 1.61276e-08 1.55489e-07
39 1.61267e-08 1.55542e-07
40 1.61261e-08 1.5558e-07
41 1.61262e-08 1.55745e-07
42 1.61262e-08 1.5581e-07
43 1.61266e-08 1.55949e-07
44 1.61271e-08 1.56015e-07
45 1.61277e-08 1.56108e-07
46 1.61284e-08 1.56196e-07
47 1.61293e-08 1.56287e-07
48 1.61302e-08 1.56372e-07
49 1.61312e-08 1.56451e-07
50 1.61323e-08 1.56535e-07
51 1.61334e-08 1.56631e-07
52 1.61346e-08 1.56705e-07
53 1.61358e-08 1.56784e-07
54 1.6137e-08 1.56876e-07
55 1.61384e-08 1.56958e-07
56 1.61397e-08 1.5704e-07
57 1.6141e-08 1.5713e-07
58 1.61425e-08 1.57225e-07
59 1.61438e-08 1.57332e-07
60 1.61452e-08 1.57414e-07
61 1.61466e-08 1.57504e-07
62 1.6148e-08 1.57604e-07
63 1.61494e-08 1.5769e-07
64 1.61508e-08 1.57776e-07
65 1.61522e-08 1.57863e-07
66 1.61536e-08 1.57951e-07
67 1.6155e-08 1.58037e-07
68 1.61564e-08 1.58124e-07
69 1.61578e-08 1.58211e-07
70 1.61592e-08 1.58297e-07
71 1.61606e-08 1.58384e-07
72 1.6162e-08 1.58471e-07
73 1.61634e-08 1.58557e-07
74 1.61648e-08 1.58644e-07
75 1.61662e-08 1.58731e-07
76 1.61676e-08 1.58817e-07
77 1.6169e-08 1.58903e-07
78 1.61704e-08 1.5899e-07
79 1.61718e-08 1.59076e-07
80 1.61732e-08 1.59162e-07
