26 -3.37443e-11 1.03829e-09
27 3.40805e-08 -4.18835e-07
28 2.68415e-08 -3.70336e-07
29 1.51983e-08 -1.25976e-07
30 1.5255e-08 -1.59446e-07
31 1.54922e-08 -1.44759e-07
32 1.5376e-08 -1.43886e-07
33 1.53744e-08 -1.4422e-07
34 1.53696e-08 -1.43959e-07
35 1.53665e-08 -1.43914e-07
36 1.53646e-08 -1.43733e-07
37 1.53625e-08 -1.43647e-07
38 1.53617e-08 -1.43495e-07
39 1.53608e-08 -1.43421e-07
40 1.53603e-08 -1.43369e-07
41 1.53604e-08 -1.43193e-07
42 1.53605e-08 -1.43124e-07
43 1.53609e-08 -1.42983e-07
44 1.53613e-08 -1.4292e-07
45 1.53619e-08 -1.42832e-07
46 1.53626e-08 -1.42751e-07
47 1.53635e-08 -1.4267e-07
48 1.53644e-08 -1.42596e-07
49 1.53653e-08 -1.42531e-07
50 1.53664e-08 -1.4246e-07
51 1.53675e-08 -1.42379e-07
52 1.53686e-08 -1.42321e-07
53 1.53697e-08 -1.42259e-07
54 1.5371e-08 -1.42184e-07
55 1.53722e-08 -1.42122e-07
56 1.53735e-08 -1.42058e-07
57 1.53748e-08 -1.41987e-07
58 1.53762e-08 -1.41912e-07
59 1.53775e-08 -1.41823e-07
60 1.53788e-08 -1.41761e-07
61 1.53801e-08 -1.41691e-07
62 1.53815e-08 -1.4161e-07
63 1.53828e-08 -1.41544e-07
64 1.53842e-08 -1.41478e-07
65 1.53855e-08 -1.41411e-07
66 1.53869e-08 -1.41344e-07
67 1.53882e-08 -1.41278e-07
68 1.53896e-08 -1.41211e-07
69 1.5391e-08 -1.41145e-07
70 1.53923e-08 -1.41078e-07
71 1.53937e-08 -1.41012e-07
72 1.5395e-08 -1.40945e-07
73 1.53964e-08 -1.4088e-07
74 1.53977e-08 -1.40813e-07
75 1.53991e-08 -1.40747e-07
76 1.54004e-08 -1.40681e-07
77 1.54018e-08 -1.40614e-07
78 1.54031e-08 -1.40548e-07
79 1.54044e-08 -1.40481e-07
80 1.54058e-08 -1.40415e-07
