26 -7.4539e-11 1.74138e-08
27 3.47711e-07 2.11763e-05
28 3.61286e-07 1.50651e-05
29 4.60182e-07 2.74261e-06
30 4.58141e-07 2.73801e-06
31 4.57649e-07 2.75783e-06
32 4.57667e-07 2.74569e-06
33 4.57573e-07 2.74473e-06
34 4.57489e-07 2.74423e-06
35 4.57427e-07 2.74387e-06
36 4.57374e-07 2.74377e-06
37 4.57321e-07 2.74359e-06
38 4.57281e-07 2.74366e-06
39 4.57238e-07 2.74367e-06
40 4.57206e-07 2.74372e-06
41 4.57179e-07 2.74396e-06
42 4.57145e-07 2.74413e-06
43 4.57115e-07 2.74439e-06
44 4.57088e-07 2.74461e-06
45 4.57064e-07 2.74488e-06
46 4.57036e-07 2.74515e-06
47 4.57014e-07 2.74546e-06
48 4.56992e-07 2.74576e-06
49 4.56969e-07 2.74607e-06
50 4.56947e-07 2.74639e-06
51 4.56925e-07 2.74674e-06
52 4.56904e-07 2.74706e-06
53 4.56884e-07 2.7474e-06
54 4.56865e-07 2.74776e-06
55 4.56848e-07 2.74813e-06
56 4.5683e-07 2.74849e-06
57 4.56812e-07 2.74886e-06
58 4.56795e-07 2.74924e-06
59 4.56778e-07 2.74963e-06
60 4.56762e-07 2.75e-06
61 4.56745e-07 2.75037e-06
62 4.56729e-07 2.75076e-06
63 4.56712e-07 2.75114e-06
64 4.56696e-07 2.75151e-06
65 4.56679e-07 2.75189e-06
66 4.56663e-07 2.75227e-06
67 4.56647e-07 2.75264e-06
68 4.56631e-07 2.75302e-06
69 4.56615e-07 2.7534e-06
70 4.56599e-07 2.75378e-06
71 4.56583e-07 2.75415e-06
72 4.56567e-07 2.75453e-06
73 4.56552e-07 2.75491e-06
74 4.56536e-07 2.75528e-06
75 4.56521e-07 2.75566e-06
76 4.56506e-07 2.75604e-06
77 4.56491e-07 2.75641e-06
78 4.56476e-07 2.75679e-06
79 4.56461e-07 2.75716e-06
80 4.56446e-07 2.75754e-06
