26 -3.31319e-11 8.1516e-10
27 4.40379e-08 4.45599e-06
28 3.47459e-08 3.49939e-06
29 1.94392e-08 1.95039e-06
30 1.95493e-08 1.94299e-06
31 1.98245e-08 1.97637e-06
32 1.96783e-08 1.96253e-06
33 1.96765e-08 1.9621e-06
34 1.96702e-08 1.96159e-06
35 1.96662e-08 1.96121e-06
36 1.96635e-08 1.96103e-06
37 1.96608e-08 1.9608e-06
38 1.96596e-08 1.96076e-06
39 1.96584e-08 1.96067e-06
40 1.96576e-08 1.96062e-06
41 1.96576e-08 1.96071e-06
42 1.96576e-08 1.96075e-06
43 1.96579e-08 1.96085e-06
44 1.96584e-08 1.96094e-06
45 1.96591e-08 1.96105e-06
46 1.96598e-08 1.96117e-06
47 1.96608e-08 1.96132e-06
48 1.96619e-08 1.96147e-06
49 1.9663e-08 1.96162e-06
50 1.96642e-08 1.96178e-06
51 1.96655e-08 1.96196e-06
52 1.96668e-08 1.96212e-06
53 1.96682e-08 1.96229e-06
54 1.96697e-08 1.96248e-06
55 1.96712e-08 1.96268e-06
56 1.96728e-08 1.96287e-06
57 1.96743e-08 1.96306e-06
58 1.96759e-08 1.96327e-06
59 1.96775e-08 1.96348e-06
60 1.96791e-08 1.96367e-06
61 1.96807e-08 1.96387e-06
62 1.96823e-08 1.96408e-06
63 1.96839e-08 1.96428e-06
64 1.96855e-08 1.96448e-06
65 1.96872e-08 1.96469e-06
66 1.96888e-08 1.96489e-06
67 1.96904e-08 1.96509e-06
68 1.96921e-08 1.96529e-06
69 1.96937e-08 1.9655e-06
70 1.96953e-08 1.9657e-06
71 1.9697e-08 1.9659e-06
72 1.96986e-08 1.96611e-06
73 1.97002e-08 1.96631e-06
74 1.97018e-08 1.96651e-06
75 1.97035e-08 1.96671e-06
76 1.97051e-08 1.96691e-06
77 1.97067e-08 1.96711e-06
78 1.97083e-08 1.96732e-06
79 1.97099e-08 1.96752e-06
80 1.97115e-08 1.96772e-06
