26 5.26357e-11 -1.85296e-09
27 3.47677e-07 -4.52976e-06
28 3.61276e-07 -3.46147e-06
29 4.60149e-07 2.77408e-06
30 4.58108e-07 2.7499e-06
31 4.57615e-07 2.78344e-06
32 4.57634e-07 2.771e-06
33 4.57539e-07 2.7698e-06
34 4.57456e-07 2.76944e-06
35 4.57394e-07 2.76905e-06
36 4.57341e-07 2.76905e-06
37 4.57288e-07 2.76889e-06
38 4.57247e-07 2.76905e-06
39 4.57205e-07 2.76908e-06
40 4.57173e-07 2.76914e-06
41 4.57146e-07 2.7695e-06
42 4.57111e-07 2.7697e-06
43 4.57082e-07 2.77006e-06
44 4.57055e-07 2.77031e-06
45 4.5703e-07 2.77063e-06
46 4.57003e-07 2.77095e-06
47 4.56981e-07 2.77131e-06
48 4.56959e-07 2.77165e-06
49 4.56935e-07 2.772e-06
50 4.56913e-07 2.77237e-06
51 4.56892e-07 2.77277e-06
52 4.56871e-07 2.77312e-06
53 4.56851e-07 2.7735e-06
54 4.56832e-07 2.77391e-06
55 4.56814e-07 2.77431e-06
56 4.56797e-07 2.77472e-06
57 4.56778e-07 2.77514e-06
58 4.56762e-07 2.77557e-06
59 4.56745e-07 2.77602e-06
60 4.56729e-07 2.77643e-06
61 4.56711e-07 2.77686e-06
62 4.56696e-07 2.7773e-06
63 4.56679e-07 2.77772e-06
64 4.56662e-07 2.77814e-06
65 4.56646e-07 2.77856e-06
66 4.5663e-07 2.77899e-06
67 4.56613e-07 2.77941e-06
68 4.56597e-07 2.77984e-06
69 4.56581e-07 2.78026e-06
70 4.56565e-07 2.78068e-06
71 4.5655e-07 2.78111e-06
72 4.56534e-07 2.78153e-06
73 4.56519e-07 2.78195e-06
74 4.56503e-07 2.78238e-06
75 4.56488e-07 2.7828e-06
76 4.56472e-07 2.78322e-06
77 4.56457e-07 2.78365e-06
78 4.56442e-07 2.78407e-06
79 4.56427e-07 2.78449e-06
80 4.56412e-07 2.78492e-06
