26 -3.49787e-11 4.1087e-10
27 4.75081e-08 6.16183e-06
28 3.75088e-08 4.85751e-06
29 2.08908e-08 2.66413e-06
30 2.10245e-08 2.66822e-06
31 2.13087e-08 2.70612e-06
32 2.11526e-08 2.68739e-06
33 2.11507e-08 2.68695e-06
34 2.11438e-08 2.68616e-06
35 2.11396e-08 2.68563e-06
36 2.11366e-08 2.68531e-06
37 2.11337e-08 2.68497e-06
38 2.11323e-08 2.68485e-06
39 2.1131e-08 2.6847e-06
40 2.11301e-08 2.68461e-06
41 2.113e-08 2.68465e-06
42 2.11299e-08 2.68467e-06
43 2.11302e-08 2.68476e-06
44 2.11307e-08 2.68484e-06
45 2.11314e-08 2.68496e-06
46 2.11321e-08 2.68509e-06
47 2.11332e-08 2.68525e-06
48 2.11343e-08 2.68541e-06
49 2.11355e-08 2.68559e-06
50 2.11367e-08 2.68577e-06
51 2.11381e-08 2.68598e-06
52 2.11394e-08 2.68617e-06
53 2.11409e-08 2.68638e-06
54 2.11424e-08 2.6866e-06
55 2.11441e-08 2.68683e-06
56 2.11457e-08 2.68706e-06
57 2.11473e-08 2.68729e-06
58 2.1149e-08 2.68753e-06
59 2.11506e-08 2.68777e-06
60 2.11523e-08 2.68801e-06
61 2.1154e-08 2.68825e-06
62 2.11556e-08 2.68849e-06
63 2.11574e-08 2.68873e-06
64 2.11591e-08 2.68897e-06
65 2.11608e-08 2.68922e-06
66 2.11625e-08 2.68946e-06
67 2.11642e-08 2.6897e-06
68 2.11659e-08 2.68994e-06
69 2.11676e-08 2.69019e-06
70 2.11693e-08 2.69043e-06
71 2.1171e-08 2.69067e-06
72 2.11727e-08 2.69092e-06
73 2.11744e-08 2.69116e-06
74 2.11762e-08 2.6914e-06
75 2.11779e-08 2.69164e-06
76 2.11796e-08 2.69188e-06
77 2.11813e-08 2.69212e-06
78 2.11829e-08 2.69236e-06
79 2.11846e-08 2.6926e-06
80 2.11863e-08 2.69284e-06
