26 -4.5547e-11 1.59584e-08
27 3.4092e-07 2.55345e-05
28 3.63356e-07 1.97834e-05
29 4.60195e-07 2.68262e-06
30 4.58155e-07 2.71564e-06
31 4.57662e-07 2.7091e-06
32 4.57681e-07 2.69755e-06
33 4.57586e-07 2.69704e-06
34 4.57503e-07 2.69628e-06
35 4.57441e-07 2.69598e-06
36 4.57387e-07 2.69567e-06
37 4.57334e-07 2.69546e-06
38 4.57294e-07 2.69535e-06
39 4.57251e-07 2.69532e-06
40 4.57219e-07 2.69537e-06
41 4.57193e-07 2.69537e-06
42 4.57158e-07 2.69547e-06
43 4.57129e-07 2.69554e-06
44 4.57102e-07 2.69571e-06
45 4.57077e-07 2.69588e-06
46 4.5705e-07 2.69605e-06
47 4.57028e-07 2.69627e-06
48 4.57005e-07 2.69648e-06
49 4.56982e-07 2.69672e-06
50 4.5696e-07 2.69696e-06
51 4.56938e-07 2.6972e-06
52 4.56918e-07 2.69746e-06
53 4.56897e-07 2.69773e-06
54 4.56878e-07 2.698e-06
55 4.56861e-07 2.69829e-06
56 4.56843e-07 2.69857e-06
57 4.56825e-07 2.69885e-06
58 4.56808e-07 2.69913e-06
59 4.56792e-07 2.69939e-06
60 4.56775e-07 2.69968e-06
61 4.56758e-07 2.69997e-06
62 4.56742e-07 2.70024e-06
63 4.56726e-07 2.70053e-06
64 4.56709e-07 2.70082e-06
65 4.56693e-07 2.70111e-06
66 4.56676e-07 2.7014e-06
67 4.5666e-07 2.70169e-06
68 4.56644e-07 2.70198e-06
69 4.56628e-07 2.70227e-06
70 4.56612e-07 2.70255e-06
71 4.56596e-07 2.70284e-06
72 4.56581e-07 2.70313e-06
73 4.56565e-07 2.70342e-06
74 4.5655e-07 2.7037e-06
75 4.56534e-07 2.70399e-06
76 4.56519e-07 2.70427e-06
77 4.56504e-07 2.70456e-06
78 4.56489e-07 2.70484e-06
79 4.56474e-07 2.70513e-06
80 4.56459e-07 2.70541e-06
