26 -3.33452e-11 2.84741e-11
27 5.02955e-08 7.62479e-06
28 3.97738e-08 6.04391e-06
29 2.191e-08 3.20666e-06
30 2.20898e-08 3.23341e-06
31 2.23582e-08 3.26433e-06
32 2.2197e-08 3.24276e-06
33 2.21953e-08 3.24239e-06
34 2.21878e-08 3.24131e-06
35 2.21834e-08 3.24066e-06
36 2.218e-08 3.24017e-06
37 2.21769e-08 3.23971e-06
38 2.21753e-08 3.23946e-06
39 2.21738e-08 3.23924e-06
40 2.21729e-08 3.23911e-06
41 2.21725e-08 3.23903e-06
42 2.21723e-08 3.23901e-06
43 2.21724e-08 3.23901e-06
44 2.21729e-08 3.23906e-06
45 2.21735e-08 3.23914e-06
46 2.21741e-08 3.23923e-06
47 2.21751e-08 3.23936e-06
48 2.21761e-08 3.2395e-06
49 2.21773e-08 3.23965e-06
50 2.21785e-08 3.23982e-06
51 2.21798e-08 3.24e-06
52 2.21811e-08 3.24018e-06
53 2.21826e-08 3.24038e-06
54 2.21841e-08 3.24059e-06
55 2.21857e-08 3.24081e-06
56 2.21873e-08 3.24104e-06
57 2.21888e-08 3.24126e-06
58 2.21905e-08 3.24149e-06
59 2.21921e-08 3.2417e-06
60 2.21937e-08 3.24193e-06
61 2.21954e-08 3.24216e-06
62 2.2197e-08 3.24239e-06
63 2.21987e-08 3.24263e-06
64 2.22004e-08 3.24286e-06
65 2.22021e-08 3.2431e-06
66 2.22037e-08 3.24333e-06
67 2.22054e-08 3.24357e-06
68 2.22071e-08 3.2438e-06
69 2.22088e-08 3.24404e-06
70 2.22105e-08 3.24428e-06
71 2.22122e-08 3.24451e-06
72 2.22139e-08 3.24475e-06
73 2.22156e-08 3.24498e-06
74 2.22173e-08 3.24522e-06
75 2.22189e-08 3.24545e-06
76 2.22206e-08 3.24569e-06
77 2.22223e-08 3.24592e-06
78 2.2224e-08 3.24616e-06
79 2.22256e-08 3.24639e-06
80 2.22273e-08 3.24662e-06
