26 -5.49394e-11 1.57171e-09
27 2.86782e-08 -2.68295e-06
28 2.27817e-08 -2.05747e-06
29 1.2162e-08 -1.44448e-06
30 1.23252e-08 -1.42486e-06
31 1.24268e-08 -1.47418e-06
32 1.23413e-08 -1.45954e-06
33 1.23408e-08 -1.45935e-06
34 1.23363e-08 -1.45905e-06
35 1.23338e-08 -1.45875e-06
36 1.23316e-08 -1.4587e-06
37 1.23297e-08 -1.45855e-06
38 1.23285e-08 -1.4586e-06
39 1.23276e-08 -1.45857e-06
40 1.2327e-08 -1.45855e-06
41 1.23264e-08 -1.45872e-06
42 1.23262e-08 -1.45879e-06
43 1.23259e-08 -1.45896e-06
44 1.2326e-08 -1.45906e-06
45 1.23261e-08 -1.45921e-06
46 1.23263e-08 -1.45935e-06
47 1.23267e-08 -1.45952e-06
48 1.23271e-08 -1.45969e-06
49 1.23276e-08 -1.45985e-06
50 1.23281e-08 -1.46003e-06
51 1.23286e-08 -1.46022e-06
52 1.23292e-08 -1.46039e-06
53 1.23298e-08 -1.46057e-06
54 1.23305e-08 -1.46077e-06
55 1.23312e-08 -1.46097e-06
56 1.23319e-08 -1.46116e-06
57 1.23326e-08 -1.46137e-06
58 1.23334e-08 -1.46158e-06
59 1.2334e-08 -1.4618e-06
60 1.23348e-08 -1.462e-06
61 1.23355e-08 -1.46221e-06
62 1.23362e-08 -1.46243e-06
63 1.2337e-08 -1.46263e-06
64 1.23378e-08 -1.46284e-06
65 1.23385e-08 -1.46304e-06
66 1.23393e-08 -1.46325e-06
67 1.23401e-08 -1.46345e-06
68 1.23408e-08 -1.46366e-06
69 1.23416e-08 -1.46386e-06
70 1.23424e-08 -1.46407e-06
71 1.23431e-08 -1.46428e-06
72 1.23439e-08 -1.46448e-06
73 1.23447e-08 -1.46468e-06
74 1.23454e-08 -1.46489e-06
75 1.23462e-08 -1.46509e-06
76 1.2347e-08 -1.4653e-06
77 1.23477e-08 -1.4655e-06
78 1.23485e-08 -1.4657e-06
79 1.23493e-08 -1.46591e-06
80 1.235e-08 -1.46611e-06
