26 -3.41036e-11 -3.41639e-11
27 5.061e-08 7.75066e-06
28 4.00095e-08 6.13733e-06
29 2.20886e-08 3.28114e-06
30 2.22619e-08 3.30472e-06
31 2.25384e-08 3.33938e-06
32 2.23754e-08 3.31703e-06
33 2.23737e-08 3.31663e-06
34 2.23662e-08 3.31554e-06
35 2.23617e-08 3.31488e-06
36 2.23584e-08 3.31439e-06
37 2.23552e-08 3.31394e-06
38 2.23536e-08 3.3137e-06
39 2.23522e-08 3.31348e-06
40 2.23512e-08 3.31335e-06
41 2.23509e-08 3.31329e-06
42 2.23508e-08 3.31328e-06
43 2.23509e-08 3.31329e-06
44 2.23513e-08 3.31336e-06
45 2.2352e-08 3.31345e-06
46 2.23527e-08 3.31355e-06
47 2.23537e-08 3.3137e-06
48 2.23547e-08 3.31385e-06
49 2.23559e-08 3.31402e-06
50 2.23572e-08 3.3142e-06
51 2.23585e-08 3.3144e-06
52 2.23599e-08 3.31459e-06
53 2.23613e-08 3.31481e-06
54 2.23629e-08 3.31503e-06
55 2.23645e-08 3.31527e-06
56 2.23661e-08 3.31551e-06
57 2.23677e-08 3.31574e-06
58 2.23694e-08 3.31599e-06
59 2.23711e-08 3.31622e-06
60 2.23727e-08 3.31647e-06
61 2.23744e-08 3.31671e-06
62 2.23761e-08 3.31696e-06
63 2.23778e-08 3.31721e-06
64 2.23795e-08 3.31746e-06
65 2.23813e-08 3.31771e-06
66 2.2383e-08 3.31796e-06
67 2.23847e-08 3.31821e-06
68 2.23864e-08 3.31847e-06
69 2.23881e-08 3.31872e-06
70 2.23899e-08 3.31897e-06
71 2.23916e-08 3.31922e-06
72 2.23933e-08 3.31947e-06
73 2.2395e-08 3.31973e-06
74 2.23968e-08 3.31998e-06
75 2.23985e-08 3.32023e-06
76 2.24002e-08 3.32048e-06
77 2.24019e-08 3.32073e-06
78 2.24036e-08 3.32098e-06
79 2.24053e-08 3.32123e-06
80 2.2407e-08 3.32148e-06
