26 2.50826e-11 -1.08101e-08
27 9.04697e-10 -2.29539e-05
28 -3.44985e-09 -1.80446e-05
29 3.19366e-08 -3.80673e-06
30 1.68429e-08 -3.87599e-06
31 1.66104e-08 -3.76968e-06
32 1.66181e-08 -3.78758e-06
33 1.64655e-08 -3.78457e-06
34 1.6456e-08 -3.78418e-06
35 1.64542e-08 -3.78418e-06
36 1.64665e-08 -3.78417e-06
37 1.64888e-08 -3.78425e-06
38 1.65181e-08 -3.78444e-06
39 1.65531e-08 -3.7847e-06
40 1.65923e-08 -3.78505e-06
41 1.66354e-08 -3.78535e-06
42 1.66822e-08 -3.78573e-06
43 1.67313e-08 -3.78608e-06
44 1.67815e-08 -3.78653e-06
45 1.68326e-08 -3.78698e-06
46 1.68856e-08 -3.78742e-06
47 1.69381e-08 -3.78792e-06
48 1.69915e-08 -3.78841e-06
49 1.70463e-08 -3.78892e-06
50 1.71013e-08 -3.78943e-06
51 1.71567e-08 -3.78993e-06
52 1.7211e-08 -3.79046e-06
53 1.72659e-08 -3.79099e-06
54 1.73208e-08 -3.79152e-06
55 1.73753e-08 -3.79208e-06
56 1.74296e-08 -3.79263e-06
57 1.7484e-08 -3.79318e-06
58 1.75378e-08 -3.79373e-06
59 1.75912e-08 -3.79426e-06
60 1.76441e-08 -3.79482e-06
61 1.76981e-08 -3.79537e-06
62 1.77494e-08 -3.79591e-06
63 1.78017e-08 -3.79647e-06
64 1.78534e-08 -3.79702e-06
65 1.7905e-08 -3.79758e-06
66 1.79559e-08 -3.79813e-06
67 1.80064e-08 -3.79869e-06
68 1.80566e-08 -3.79924e-06
69 1.81061e-08 -3.79979e-06
70 1.81551e-08 -3.80034e-06
71 1.82037e-08 -3.80089e-06
72 1.82519e-08 -3.80144e-06
73 1.82996e-08 -3.80198e-06
74 1.83468e-08 -3.80253e-06
75 1.83937e-08 -3.80308e-06
76 1.84401e-08 -3.80362e-06
77 1.84861e-08 -3.80417e-06
78 1.85316e-08 -3.80471e-06
79 1.85768e-08 -3.80526e-06
80 1.86215e-08 -3.8058e-06
