26 3.70343e-11 5.99593e-09
27 3.40883e-07 1.37089e-05
28 3.63338e-07 1.07391e-05
29 4.60158e-07 2.67079e-06
30 4.58118e-07 2.71152e-06
31 4.57625e-07 2.69957e-06
32 4.57644e-07 2.68814e-06
33 4.57549e-07 2.68772e-06
34 4.57466e-07 2.68691e-06
35 4.57404e-07 2.68662e-06
36 4.5735e-07 2.68627e-06
37 4.57297e-07 2.68606e-06
38 4.57257e-07 2.68591e-06
39 4.57214e-07 2.68587e-06
40 4.57182e-07 2.68592e-06
41 4.57156e-07 2.68586e-06
42 4.57121e-07 2.68596e-06
43 4.57092e-07 2.68599e-06
44 4.57065e-07 2.68615e-06
45 4.5704e-07 2.68629e-06
46 4.57013e-07 2.68645e-06
47 4.56991e-07 2.68664e-06
48 4.56968e-07 2.68684e-06
49 4.56945e-07 2.68707e-06
50 4.56923e-07 2.68729e-06
51 4.56901e-07 2.68751e-06
52 4.56881e-07 2.68776e-06
53 4.5686e-07 2.68801e-06
54 4.56841e-07 2.68826e-06
55 4.56824e-07 2.68853e-06
56 4.56806e-07 2.6888e-06
57 4.56788e-07 2.68906e-06
58 4.56771e-07 2.68932e-06
59 4.56755e-07 2.68955e-06
60 4.56738e-07 2.68983e-06
61 4.56721e-07 2.69009e-06
62 4.56705e-07 2.69035e-06
63 4.56689e-07 2.69062e-06
64 4.56672e-07 2.69089e-06
65 4.56656e-07 2.69116e-06
66 4.56639e-07 2.69143e-06
67 4.56623e-07 2.6917e-06
68 4.56607e-07 2.69197e-06
69 4.56591e-07 2.69224e-06
70 4.56575e-07 2.69251e-06
71 4.56559e-07 2.69278e-06
72 4.56544e-07 2.69305e-06
73 4.56528e-07 2.69332e-06
74 4.56513e-07 2.69359e-06
75 4.56497e-07 2.69386e-06
76 4.56482e-07 2.69412e-06
77 4.56467e-07 2.69439e-06
78 4.56452e-07 2.69465e-06
79 4.56437e-07 2.69492e-06
80 4.56422e-07 2.69518e-06
