26 -3.26929 0.761106
27 5202.47 6651.25
28 4118.59 5298.69
29 2251.59 2692.93
30 2272.85 2729.49
31 2298.36 2742.4
32 2281.97 2725.81
33 2281.82 2725.56
34 2281.03 2724.56
35 2280.57 2724.02
36 2280.21 2723.53
37 2279.88 2723.12
38 2279.7 2722.84
39 2279.55 2722.63
40 2279.44 2722.49
41 2279.39 2722.34
42 2279.37 2722.29
43 2279.37 2722.22
44 2279.4 2722.23
45 2279.46 2722.25
46 2279.52 2722.28
47 2279.61 2722.34
48 2279.71 2722.42
49 2279.82 2722.51
50 2279.94 2722.61
51 2280.06 2722.71
52 2280.19 2722.83
53 2280.33 2722.96
54 2280.48 2723.09
55 2280.63 2723.24
56 2280.79 2723.39
57 2280.95 2723.53
58 2281.11 2723.68
59 2281.26 2723.81
60 2281.42 2723.96
61 2281.59 2724.11
62 2281.75 2724.26
63 2281.91 2724.41
64 2282.08 2724.57
65 2282.24 2724.73
66 2282.41 2724.88
67 2282.58 2725.04
68 2282.74 2725.2
69 2282.91 2725.36
70 2283.07 2725.51
71 2283.24 2725.67
72 2283.41 2725.83
73 2283.57 2725.99
74 2283.74 2726.14
75 2283.9 2726.3
76 2284.07 2726.46
77 2284.23 2726.61
78 2284.4 2726.77
79 2284.56 2726.93
80 2284.73 2727.08
