26 -3.15376 0.905161
27 5091.29 6111.66
28 4031.36 4875.33
29 2201.01 2447.14
30 2222.27 2483.75
31 2246.85 2492.1
32 2230.85 2477.45
33 2230.71 2477.23
34 2229.94 2476.3
35 2229.49 2475.81
36 2229.13 2475.34
37 2228.81 2474.97
38 2228.63 2474.7
39 2228.48 2474.5
40 2228.38 2474.37
41 2228.32 2474.21
42 2228.3 2474.16
43 2228.3 2474.07
44 2228.33 2474.08
45 2228.38 2474.08
46 2228.44 2474.1
47 2228.53 2474.15
48 2228.62 2474.2
49 2228.73 2474.28
50 2228.84 2474.36
51 2228.97 2474.44
52 2229.09 2474.54
53 2229.23 2474.65
54 2229.37 2474.76
55 2229.52 2474.88
56 2229.67 2475.01
57 2229.83 2475.12
58 2229.98 2475.25
59 2230.13 2475.35
60 2230.29 2475.48
61 2230.44 2475.61
62 2230.6 2475.73
63 2230.76 2475.86
64 2230.92 2475.99
65 2231.08 2476.13
66 2231.24 2476.26
67 2231.4 2476.39
68 2231.56 2476.52
69 2231.73 2476.66
70 2231.89 2476.79
71 2232.05 2476.92
72 2232.21 2477.06
73 2232.37 2477.19
74 2232.53 2477.32
75 2232.69 2477.46
76 2232.85 2477.59
77 2233.01 2477.72
78 2233.17 2477.85
79 2233.33 2477.98
80 2233.49 2478.11
