26 -3.9981 16.7652
27 38237.3 24269.3
28 40755 18853.9
29 51617 3079.32
30 51388.1 3120.59
31 51332.8 3110.75
32 51334.9 3097.52
33 51324.3 3096.98
34 51315 3096.09
35 51308 3095.74
36 51302.1 3095.37
37 51296.1 3095.13
38 51291.6 3094.98
39 51286.8 3094.94
40 51283.2 3095
41 51280.2 3094.97
42 51276.3 3095.09
43 51273 3095.15
44 51270 3095.34
45 51267.2 3095.52
46 51264.2 3095.72
47 51261.7 3095.96
48 51259.2 3096.2
49 51256.6 3096.47
50 51254.1 3096.73
51 51251.7 3097
52 51249.4 3097.3
53 51247.1 3097.6
54 51244.9 3097.9
55 51243 3098.22
56 51241 3098.54
57 51239 3098.86
58 51237.1 3099.17
59 51235.2 3099.46
60 51233.4 3099.78
61 51231.5 3100.1
62 51229.7 3100.41
63 51227.8 3100.73
64 51226 3101.06
65 51224.1 3101.38
66 51222.3 3101.71
67 51220.5 3102.03
68 51218.7 3102.36
69 51216.9 3102.68
70 51215.1 3103.01
71 51213.3 3103.33
72 51211.6 3103.65
73 51209.8 3103.97
74 51208.1 3104.3
75 51206.4 3104.62
76 51204.7 3104.94
77 51203 3105.26
78 51201.3 3105.57
79 51199.6 3105.89
80 51197.9 3106.21
