26 -3.44054e-11 -3.87412e-11
27 5.06014e-08 7.73434e-06
28 3.99969e-08 6.1214e-06
29 2.21036e-08 3.28375e-06
30 2.22734e-08 3.30548e-06
31 2.25528e-08 3.34158e-06
32 2.23894e-08 3.31909e-06
33 2.23877e-08 3.31868e-06
34 2.23802e-08 3.3176e-06
35 2.23757e-08 3.31694e-06
36 2.23724e-08 3.31646e-06
37 2.23693e-08 3.31601e-06
38 2.23677e-08 3.31578e-06
39 2.23662e-08 3.31557e-06
40 2.23653e-08 3.31543e-06
41 2.2365e-08 3.31539e-06
42 2.23649e-08 3.31538e-06
43 2.2365e-08 3.3154e-06
44 2.23655e-08 3.31547e-06
45 2.23661e-08 3.31557e-06
46 2.23668e-08 3.31568e-06
47 2.23679e-08 3.31583e-06
48 2.23689e-08 3.31599e-06
49 2.23701e-08 3.31616e-06
50 2.23714e-08 3.31635e-06
51 2.23727e-08 3.31655e-06
52 2.23741e-08 3.31675e-06
53 2.23755e-08 3.31697e-06
54 2.23771e-08 3.3172e-06
55 2.23787e-08 3.31744e-06
56 2.23804e-08 3.31768e-06
57 2.2382e-08 3.31793e-06
58 2.23837e-08 3.31818e-06
59 2.23853e-08 3.31842e-06
60 2.2387e-08 3.31867e-06
61 2.23887e-08 3.31892e-06
62 2.23904e-08 3.31917e-06
63 2.23922e-08 3.31943e-06
64 2.23939e-08 3.31968e-06
65 2.23956e-08 3.31994e-06
66 2.23973e-08 3.3202e-06
67 2.23991e-08 3.32045e-06
68 2.24008e-08 3.32071e-06
69 2.24025e-08 3.32097e-06
70 2.24043e-08 3.32122e-06
71 2.2406e-08 3.32148e-06
72 2.24078e-08 3.32174e-06
73 2.24095e-08 3.322e-06
74 2.24112e-08 3.32225e-06
75 2.24129e-08 3.32251e-06
76 2.24147e-08 3.32276e-06
77 2.24164e-08 3.32302e-06
78 2.24181e-08 3.32327e-06
79 2.24198e-08 3.32353e-06
80 2.24215e-08 3.32378e-06
