26 5.30953 -1.91642
27 684.155 -15812.4
28 554.949 -12413.9
29 250.383 -7259.52
30 261.602 -7272.34
31 257.808 -7405.57
32 256.549 -7346.86
33 256.59 -7346.15
34 256.446 -7343.95
35 256.393 -7342.48
36 256.307 -7341.61
37 256.253 -7340.67
38 256.192 -7340.35
39 256.156 -7339.96
40 256.133 -7339.72
41 256.075 -7339.87
42 256.053 -7339.94
43 256.01 -7340.21
44 255.995 -7340.46
45 255.973 -7340.82
46 255.954 -7341.19
47 255.938 -7341.67
48 255.924 -7342.14
49 255.915 -7342.65
50 255.904 -7343.19
51 255.89 -7343.79
52 255.884 -7344.34
53 255.878 -7344.94
54 255.869 -7345.59
55 255.864 -7346.25
56 255.859 -7346.91
57 255.851 -7347.58
58 255.843 -7348.28
59 255.83 -7348.97
60 255.825 -7349.65
61 255.819 -7350.34
62 255.809 -7351.04
63 255.804 -7351.74
64 255.799 -7352.43
65 255.793 -7353.12
66 255.788 -7353.82
67 255.783 -7354.51
68 255.778 -7355.21
69 255.773 -7355.91
70 255.768 -7356.6
71 255.763 -7357.3
72 255.758 -7358
73 255.753 -7358.69
74 255.748 -7359.39
75 255.743 -7360.08
76 255.738 -7360.77
77 255.733 -7361.46
78 255.727 -7362.15
79 255.722 -7362.83
80 255.717 -7363.52
