26 -3.03647 1.03887
27 4979.03 5515.46
28 3943.21 4407.13
29 2150.15 2176.87
30 2171.37 2213.3
31 2195.04 2216.82
32 2179.45 2204.29
33 2179.31 2204.1
34 2178.55 2203.25
35 2178.11 2202.81
36 2177.76 2202.38
37 2177.45 2202.03
38 2177.27 2201.78
39 2177.12 2201.59
40 2177.02 2201.47
41 2176.96 2201.31
42 2176.94 2201.25
43 2176.94 2201.15
44 2176.97 2201.15
45 2177.02 2201.14
46 2177.07 2201.14
47 2177.16 2201.17
48 2177.25 2201.21
49 2177.35 2201.27
50 2177.46 2201.33
51 2177.58 2201.39
52 2177.7 2201.46
53 2177.83 2201.55
54 2177.97 2201.63
55 2178.12 2201.73
56 2178.27 2201.83
57 2178.41 2201.93
58 2178.57 2202.02
59 2178.71 2202.1
60 2178.86 2202.21
61 2179.01 2202.31
62 2179.16 2202.4
63 2179.32 2202.5
64 2179.47 2202.61
65 2179.63 2202.72
66 2179.78 2202.82
67 2179.94 2202.93
68 2180.1 2203.04
69 2180.25 2203.14
70 2180.41 2203.25
71 2180.57 2203.36
72 2180.72 2203.46
73 2180.88 2203.57
74 2181.04 2203.68
75 2181.19 2203.78
76 2181.35 2203.89
77 2181.5 2204
78 2181.66 2204.1
79 2181.81 2204.21
80 2181.96 2204.31
