26 0.761179 -0.568293
27 2444.34 -6820.89
28 1945.79 -5313.16
29 1023.13 -3310.91
30 1039.52 -3297.51
31 1046.08 -3377.72
32 1039.06 -3348.46
33 1039.03 -3348.09
34 1038.63 -3347.21
35 1038.42 -3346.53
36 1038.22 -3346.24
37 1038.06 -3345.85
38 1037.95 -3345.79
39 1037.86 -3345.66
40 1037.81 -3345.57
41 1037.74 -3345.76
42 1037.72 -3345.84
43 1037.68 -3346.07
44 1037.69 -3346.23
45 1037.69 -3346.46
46 1037.7 -3346.69
47 1037.72 -3346.97
48 1037.75 -3347.24
49 1037.78 -3347.53
50 1037.81 -3347.84
51 1037.85 -3348.17
52 1037.89 -3348.48
53 1037.94 -3348.8
54 1037.99 -3349.16
55 1038.04 -3349.52
56 1038.1 -3349.87
57 1038.15 -3350.24
58 1038.2 -3350.63
59 1038.25 -3351.01
60 1038.31 -3351.37
61 1038.36 -3351.75
62 1038.41 -3352.14
63 1038.47 -3352.51
64 1038.53 -3352.89
65 1038.58 -3353.26
66 1038.64 -3353.64
67 1038.7 -3354.01
68 1038.76 -3354.39
69 1038.81 -3354.76
70 1038.87 -3355.14
71 1038.93 -3355.51
72 1038.99 -3355.89
73 1039.05 -3356.26
74 1039.1 -3356.63
75 1039.16 -3357.01
76 1039.22 -3357.38
77 1039.27 -3357.75
78 1039.33 -3358.12
79 1039.39 -3358.49
80 1039.44 -3358.86
