26 -3.39811e-11 -2.57674e-11
27 5.05689e-08 7.73886e-06
28 3.99806e-08 6.12953e-06
29 2.20592e-08 3.27108e-06
30 2.22345e-08 3.29552e-06
31 2.2509e-08 3.32935e-06
32 2.23464e-08 3.30713e-06
33 2.23447e-08 3.30674e-06
34 2.23372e-08 3.30565e-06
35 2.23327e-08 3.30499e-06
36 2.23293e-08 3.3045e-06
37 2.23262e-08 3.30405e-06
38 2.23246e-08 3.3038e-06
39 2.23231e-08 3.30359e-06
40 2.23222e-08 3.30345e-06
41 2.23218e-08 3.30339e-06
42 2.23217e-08 3.30337e-06
43 2.23218e-08 3.30339e-06
44 2.23223e-08 3.30345e-06
45 2.23229e-08 3.30353e-06
46 2.23236e-08 3.30363e-06
47 2.23246e-08 3.30378e-06
48 2.23256e-08 3.30393e-06
49 2.23268e-08 3.30409e-06
50 2.2328e-08 3.30427e-06
51 2.23294e-08 3.30446e-06
52 2.23307e-08 3.30466e-06
53 2.23322e-08 3.30487e-06
54 2.23337e-08 3.30509e-06
55 2.23353e-08 3.30532e-06
56 2.23369e-08 3.30556e-06
57 2.23386e-08 3.30579e-06
58 2.23402e-08 3.30603e-06
59 2.23418e-08 3.30626e-06
60 2.23435e-08 3.30651e-06
61 2.23452e-08 3.30675e-06
62 2.23469e-08 3.30699e-06
63 2.23486e-08 3.30724e-06
64 2.23503e-08 3.30749e-06
65 2.2352e-08 3.30773e-06
66 2.23537e-08 3.30798e-06
67 2.23554e-08 3.30823e-06
68 2.23571e-08 3.30848e-06
69 2.23589e-08 3.30873e-06
70 2.23606e-08 3.30897e-06
71 2.23623e-08 3.30922e-06
72 2.2364e-08 3.30947e-06
73 2.23657e-08 3.30972e-06
74 2.23674e-08 3.30997e-06
75 2.23691e-08 3.31022e-06
76 2.23708e-08 3.31046e-06
77 2.23726e-08 3.31071e-06
78 2.23742e-08 3.31096e-06
79 2.23759e-08 3.3112e-06
80 2.23776e-08 3.31145e-06
