26 -3.93548 0.288906
27 5455.16 7711.84
28 4308.03 6085.78
29 2394.89 3320.96
30 2410.93 3330.74
31 2442.98 3375.26
32 2425.13 3352.02
33 2424.92 3351.5
34 2424.13 3350.49
35 2423.64 3349.83
36 2423.29 3349.41
37 2422.96 3348.98
38 2422.8 3348.8
39 2422.64 3348.61
40 2422.55 3348.49
41 2422.52 3348.52
42 2422.52 3348.53
43 2422.55 3348.62
44 2422.6 3348.71
45 2422.68 3348.85
46 2422.76 3348.99
47 2422.88 3349.18
48 2423 3349.37
49 2423.14 3349.58
50 2423.28 3349.8
51 2423.43 3350.04
52 2423.59 3350.27
53 2423.75 3350.51
54 2423.93 3350.78
55 2424.11 3351.05
56 2424.29 3351.33
57 2424.48 3351.61
58 2424.67 3351.9
59 2424.85 3352.18
60 2425.04 3352.46
61 2425.23 3352.75
62 2425.43 3353.04
63 2425.62 3353.33
64 2425.81 3353.62
65 2426.01 3353.91
66 2426.2 3354.2
67 2426.39 3354.49
68 2426.59 3354.78
69 2426.78 3355.07
70 2426.98 3355.37
71 2427.17 3355.66
72 2427.37 3355.95
73 2427.56 3356.24
74 2427.75 3356.53
75 2427.95 3356.82
76 2428.14 3357.11
77 2428.33 3357.4
78 2428.53 3357.69
79 2428.72 3357.97
80 2428.91 3358.26
