26 5.34191e-11 -5.96494e-09
27 8.86991e-10 -1.87243e-05
28 8.28289e-10 -1.47264e-05
29 3.7606e-08 -7.18205e-06
30 9.45273e-09 -7.16751e-06
31 1.10946e-08 -7.1158e-06
32 1.05858e-08 -7.10015e-06
33 1.0401e-08 -7.09587e-06
34 1.03302e-08 -7.09358e-06
35 1.02747e-08 -7.09187e-06
36 1.02324e-08 -7.09062e-06
37 1.01991e-08 -7.08941e-06
38 1.01721e-08 -7.08874e-06
39 1.01508e-08 -7.08807e-06
40 1.01333e-08 -7.08757e-06
41 1.01199e-08 -7.08737e-06
42 1.01109e-08 -7.08715e-06
43 1.01043e-08 -7.08709e-06
44 1.00991e-08 -7.08707e-06
45 1.00952e-08 -7.08713e-06
46 1.00939e-08 -7.08721e-06
47 1.00929e-08 -7.0874e-06
48 1.00929e-08 -7.08759e-06
49 1.00947e-08 -7.08782e-06
50 1.00972e-08 -7.08808e-06
51 1.01006e-08 -7.08839e-06
52 1.01036e-08 -7.08868e-06
53 1.01076e-08 -7.08901e-06
54 1.01121e-08 -7.08938e-06
55 1.01167e-08 -7.08978e-06
56 1.01215e-08 -7.09018e-06
57 1.01269e-08 -7.09058e-06
58 1.01322e-08 -7.09102e-06
59 1.01376e-08 -7.09144e-06
60 1.0143e-08 -7.09186e-06
61 1.0149e-08 -7.0923e-06
62 1.01548e-08 -7.09274e-06
63 1.01609e-08 -7.09319e-06
64 1.0167e-08 -7.09363e-06
65 1.01733e-08 -7.09408e-06
66 1.01797e-08 -7.09454e-06
67 1.0186e-08 -7.095e-06
68 1.01925e-08 -7.09545e-06
69 1.01988e-08 -7.09592e-06
70 1.02052e-08 -7.09638e-06
71 1.02116e-08 -7.09684e-06
72 1.0218e-08 -7.09731e-06
73 1.02244e-08 -7.09778e-06
74 1.02308e-08 -7.09825e-06
75 1.02372e-08 -7.09871e-06
76 1.02436e-08 -7.09918e-06
77 1.025e-08 -7.09965e-06
78 1.02564e-08 -7.10013e-06
79 1.02628e-08 -7.1006e-06
80 1.02691e-08 -7.10107e-06
