26 -9.53233 1.4454
27 2920.91 -4691.85
28 2321.94 -3633.25
29 1233.37 -2371.39
30 1250.97 -2352.62
31 1260.48 -2419.56
32 1251.88 -2397.37
33 1251.84 -2397.08
34 1251.37 -2396.51
35 1251.12 -2396.02
36 1250.89 -2395.86
37 1250.7 -2395.6
38 1250.57 -2395.6
39 1250.47 -2395.53
40 1250.41 -2395.48
41 1250.34 -2395.67
42 1250.32 -2395.75
43 1250.29 -2395.96
44 1250.3 -2396.1
45 1250.31 -2396.29
46 1250.32 -2396.49
47 1250.36 -2396.72
48 1250.39 -2396.95
49 1250.44 -2397.18
50 1250.49 -2397.42
51 1250.54 -2397.7
52 1250.6 -2397.94
53 1250.66 -2398.2
54 1250.72 -2398.49
55 1250.79 -2398.77
56 1250.86 -2399.05
57 1250.93 -2399.34
58 1251 -2399.65
59 1251.06 -2399.96
60 1251.14 -2400.25
61 1251.21 -2400.54
62 1251.28 -2400.85
63 1251.35 -2401.15
64 1251.43 -2401.44
65 1251.5 -2401.74
66 1251.58 -2402.04
67 1251.65 -2402.33
68 1251.73 -2402.63
69 1251.8 -2402.93
70 1251.88 -2403.22
71 1251.96 -2403.52
72 1252.03 -2403.82
73 1252.11 -2404.11
74 1252.18 -2404.41
75 1252.26 -2404.7
76 1252.33 -2405
77 1252.41 -2405.29
78 1252.48 -2405.58
79 1252.55 -2405.88
80 1252.63 -2406.17
