26 2.01777 -1.99569
27 742.787 -15954.1
28 571.313 -12676.1
29 372.473 -6838.6
30 366.111 -6940.79
31 377.728 -6999.36
32 374.387 -6949.65
33 374.297 -6949.59
34 374.23 -6946.95
35 374.156 -6945.53
36 374.148 -6944.25
37 374.114 -6943.19
38 374.129 -6942.46
39 374.124 -6941.91
40 374.121 -6941.55
41 374.169 -6941.18
42 374.188 -6941.04
43 374.235 -6940.87
44 374.263 -6940.91
45 374.303 -6940.96
46 374.341 -6941.05
47 374.386 -6941.24
48 374.43 -6941.43
49 374.473 -6941.68
50 374.519 -6941.95
51 374.57 -6942.23
52 374.614 -6942.55
53 374.662 -6942.89
54 374.715 -6943.24
55 374.766 -6943.63
56 374.817 -6944.03
57 374.87 -6944.41
58 374.927 -6944.8
59 374.985 -6945.15
60 375.037 -6945.56
61 375.091 -6945.96
62 375.149 -6946.34
63 375.202 -6946.76
64 375.256 -6947.17
65 375.31 -6947.59
66 375.364 -6948
67 375.417 -6948.42
68 375.471 -6948.83
69 375.525 -6949.25
70 375.579 -6949.67
71 375.633 -6950.08
72 375.687 -6950.5
73 375.74 -6950.92
74 375.794 -6951.33
75 375.847 -6951.75
76 375.901 -6952.16
77 375.954 -6952.57
78 376.007 -6952.98
79 376.061 -6953.39
80 376.114 -6953.8
