26 2.64754e-11 2.43854e-09
27 3.47677e-07 3.42741e-06
28 3.61276e-07 2.27329e-06
29 4.60149e-07 2.76444e-06
30 4.58108e-07 2.74633e-06
31 4.57615e-07 2.77562e-06
32 4.57634e-07 2.76328e-06
33 4.57539e-07 2.76215e-06
34 4.57456e-07 2.76174e-06
35 4.57394e-07 2.76136e-06
36 4.57341e-07 2.76133e-06
37 4.57288e-07 2.76117e-06
38 4.57247e-07 2.7613e-06
39 4.57205e-07 2.76133e-06
40 4.57173e-07 2.76138e-06
41 4.57146e-07 2.76171e-06
42 4.57111e-07 2.76189e-06
43 4.57082e-07 2.76222e-06
44 4.57055e-07 2.76246e-06
45 4.5703e-07 2.76277e-06
46 4.57003e-07 2.76307e-06
47 4.56981e-07 2.76341e-06
48 4.56959e-07 2.76375e-06
49 4.56935e-07 2.76408e-06
50 4.56913e-07 2.76444e-06
51 4.56892e-07 2.76482e-06
52 4.56871e-07 2.76516e-06
53 4.56851e-07 2.76553e-06
54 4.56832e-07 2.76593e-06
55 4.56814e-07 2.76632e-06
56 4.56797e-07 2.76671e-06
57 4.56778e-07 2.76711e-06
58 4.56762e-07 2.76753e-06
59 4.56745e-07 2.76796e-06
60 4.56729e-07 2.76836e-06
61 4.56711e-07 2.76877e-06
62 4.56696e-07 2.76919e-06
63 4.56679e-07 2.7696e-06
64 4.56663e-07 2.77001e-06
65 4.56646e-07 2.77042e-06
66 4.5663e-07 2.77083e-06
67 4.56613e-07 2.77123e-06
68 4.56597e-07 2.77164e-06
69 4.56581e-07 2.77205e-06
70 4.56565e-07 2.77246e-06
71 4.5655e-07 2.77287e-06
72 4.56534e-07 2.77328e-06
73 4.56519e-07 2.77369e-06
74 4.56503e-07 2.7741e-06
75 4.56488e-07 2.77451e-06
76 4.56473e-07 2.77492e-06
77 4.56457e-07 2.77533e-06
78 4.56442e-07 2.77573e-06
79 4.56427e-07 2.77614e-06
80 4.56412e-07 2.77655e-06
