26 -3.42984e-11 5.89482e-10
27 4.63208e-08 5.50198e-06
28 3.65625e-08 4.33167e-06
29 2.03973e-08 2.38964e-06
30 2.05224e-08 2.38899e-06
31 2.08039e-08 2.42539e-06
32 2.06512e-08 2.40852e-06
33 2.06493e-08 2.40808e-06
34 2.06426e-08 2.4074e-06
35 2.06385e-08 2.40693e-06
36 2.06356e-08 2.40666e-06
37 2.06328e-08 2.40637e-06
38 2.06314e-08 2.40627e-06
39 2.06302e-08 2.40615e-06
40 2.06293e-08 2.40608e-06
41 2.06292e-08 2.40614e-06
42 2.06292e-08 2.40617e-06
43 2.06295e-08 2.40626e-06
44 2.063e-08 2.40635e-06
45 2.06307e-08 2.40647e-06
46 2.06314e-08 2.40659e-06
47 2.06325e-08 2.40675e-06
48 2.06335e-08 2.4069e-06
49 2.06347e-08 2.40707e-06
50 2.06359e-08 2.40725e-06
51 2.06373e-08 2.40744e-06
52 2.06386e-08 2.40762e-06
53 2.06401e-08 2.40782e-06
54 2.06416e-08 2.40803e-06
55 2.06432e-08 2.40825e-06
56 2.06448e-08 2.40846e-06
57 2.06464e-08 2.40868e-06
58 2.0648e-08 2.40891e-06
59 2.06497e-08 2.40914e-06
60 2.06513e-08 2.40936e-06
61 2.06529e-08 2.40959e-06
62 2.06546e-08 2.40982e-06
63 2.06563e-08 2.41005e-06
64 2.0658e-08 2.41027e-06
65 2.06596e-08 2.4105e-06
66 2.06613e-08 2.41073e-06
67 2.0663e-08 2.41096e-06
68 2.06647e-08 2.41118e-06
69 2.06664e-08 2.41141e-06
70 2.06681e-08 2.41164e-06
71 2.06698e-08 2.41187e-06
72 2.06714e-08 2.4121e-06
73 2.06731e-08 2.41232e-06
74 2.06748e-08 2.41255e-06
75 2.06765e-08 2.41278e-06
76 2.06782e-08 2.41301e-06
77 2.06798e-08 2.41323e-06
78 2.06815e-08 2.41346e-06
79 2.06832e-08 2.41368e-06
80 2.06848e-08 2.41391e-06
