26 7.82472e-12 -4.80241e-10
27 2.17629e-08 -6.37683e-06
28 1.73249e-08 -4.97181e-06
29 9.11088e-09 -3.07547e-06
30 9.25691e-09 -3.06499e-06
31 9.31513e-09 -3.13748e-06
32 9.25264e-09 -3.11056e-06
33 9.25243e-09 -3.11022e-06
34 9.24886e-09 -3.10939e-06
35 9.24699e-09 -3.10876e-06
36 9.24523e-09 -3.10848e-06
37 9.24379e-09 -3.10811e-06
38 9.24277e-09 -3.10805e-06
39 9.24202e-09 -3.10792e-06
40 9.24152e-09 -3.10784e-06
41 9.24095e-09 -3.108e-06
42 9.24073e-09 -3.10808e-06
43 9.24044e-09 -3.10827e-06
44 9.24045e-09 -3.10842e-06
45 9.24048e-09 -3.10862e-06
46 9.24055e-09 -3.10883e-06
47 9.24076e-09 -3.10909e-06
48 9.24098e-09 -3.10934e-06
49 9.24127e-09 -3.1096e-06
50 9.24159e-09 -3.10987e-06
51 9.24191e-09 -3.11018e-06
52 9.2423e-09 -3.11046e-06
53 9.24272e-09 -3.11075e-06
54 9.24313e-09 -3.11108e-06
55 9.24362e-09 -3.11141e-06
56 9.2441e-09 -3.11173e-06
57 9.24456e-09 -3.11207e-06
58 9.24504e-09 -3.11242e-06
59 9.24545e-09 -3.11277e-06
60 9.24595e-09 -3.1131e-06
61 9.24644e-09 -3.11344e-06
62 9.24691e-09 -3.1138e-06
63 9.24741e-09 -3.11414e-06
64 9.24793e-09 -3.11448e-06
65 9.24843e-09 -3.11482e-06
66 9.24894e-09 -3.11516e-06
67 9.24946e-09 -3.11551e-06
68 9.24997e-09 -3.11585e-06
69 9.25048e-09 -3.11619e-06
70 9.251e-09 -3.11653e-06
71 9.25151e-09 -3.11688e-06
72 9.25202e-09 -3.11722e-06
73 9.25254e-09 -3.11756e-06
74 9.25305e-09 -3.1179e-06
75 9.25356e-09 -3.11824e-06
76 9.25407e-09 -3.11858e-06
77 9.25457e-09 -3.11892e-06
78 9.25508e-09 -3.11926e-06
79 9.25558e-09 -3.1196e-06
80 9.25609e-09 -3.11994e-06
