26 5.90442 -2.13018
27 39000.8 -5207.44
28 40526.1 -3979.33
29 51617.2 3189.09
30 51388.3 3161.3
31 51333 3199.86
32 51335.2 3185.56
33 51324.5 3184.18
34 51315.2 3183.75
35 51308.2 3183.31
36 51302.3 3183.31
37 51296.3 3183.12
38 51291.8 3183.31
39 51287 3183.35
40 51283.4 3183.41
41 51280.4 3183.83
42 51276.5 3184.05
43 51273.2 3184.47
44 51270.2 3184.76
45 51267.4 3185.13
46 51264.4 3185.49
47 51261.9 3185.9
48 51259.4 3186.3
49 51256.8 3186.7
50 51254.3 3187.12
51 51251.9 3187.58
52 51249.6 3187.99
53 51247.3 3188.43
54 51245.1 3188.9
55 51243.2 3189.36
56 51241.2 3189.83
57 51239.2 3190.31
58 51237.3 3190.81
59 51235.4 3191.33
60 51233.6 3191.79
61 51231.7 3192.28
62 51229.9 3192.79
63 51228 3193.28
64 51226.2 3193.76
65 51224.3 3194.25
66 51222.5 3194.74
67 51220.7 3195.22
68 51218.9 3195.71
69 51217.1 3196.2
70 51215.3 3196.68
71 51213.5 3197.17
72 51211.8 3197.66
73 51210 3198.14
74 51208.3 3198.63
75 51206.6 3199.12
76 51204.9 3199.61
77 51203.2 3200.09
78 51201.5 3200.58
79 51199.8 3201.06
80 51198.1 3201.55
