26 -4.77325 14.1506
27 39001 30157.7
28 40522.4 21508.9
29 51617.5 3146.3
30 51388.6 3145.43
31 51333.3 3165.12
32 51335.4 3151.24
33 51324.8 3150.18
34 51315.5 3149.58
35 51308.5 3149.17
36 51302.5 3149.02
37 51296.6 3148.82
38 51292 3148.88
39 51287.3 3148.89
40 51283.7 3148.95
41 51280.7 3149.19
42 51276.8 3149.37
43 51273.5 3149.65
44 51270.5 3149.9
45 51267.7 3150.2
46 51264.6 3150.49
47 51262.2 3150.84
48 51259.7 3151.18
49 51257.1 3151.52
50 51254.6 3151.89
51 51252.2 3152.27
52 51249.8 3152.64
53 51247.6 3153.02
54 51245.4 3153.43
55 51243.5 3153.83
56 51241.5 3154.24
57 51239.5 3154.66
58 51237.6 3155.09
59 51235.7 3155.51
60 51233.9 3155.93
61 51231.9 3156.35
62 51230.2 3156.78
63 51228.3 3157.2
64 51226.4 3157.62
65 51224.6 3158.05
66 51222.8 3158.47
67 51220.9 3158.89
68 51219.1 3159.32
69 51217.3 3159.74
70 51215.6 3160.17
71 51213.8 3160.59
72 51212 3161.01
73 51210.3 3161.43
74 51208.6 3161.86
75 51206.8 3162.28
76 51205.1 3162.7
77 51203.4 3163.12
78 51201.7 3163.54
79 51200.1 3163.96
80 51198.4 3164.38
