26 4.05694e-11 1.75004e-09
27 3.41006e-07 4.08897e-05
28 3.63431e-07 3.56154e-05
29 4.60287e-07 2.70308e-06
30 4.58246e-07 2.72259e-06
31 4.57754e-07 2.72552e-06
32 4.57773e-07 2.71375e-06
33 4.57678e-07 2.71308e-06
34 4.57595e-07 2.71242e-06
35 4.57532e-07 2.71209e-06
36 4.57479e-07 2.71186e-06
37 4.57426e-07 2.71166e-06
38 4.57386e-07 2.71162e-06
39 4.57343e-07 2.7116e-06
40 4.57311e-07 2.71165e-06
41 4.57284e-07 2.71174e-06
42 4.5725e-07 2.71186e-06
43 4.5722e-07 2.712e-06
44 4.57194e-07 2.71219e-06
45 4.57169e-07 2.71239e-06
46 4.57141e-07 2.7126e-06
47 4.57119e-07 2.71285e-06
48 4.57097e-07 2.7131e-06
49 4.57074e-07 2.71336e-06
50 4.57052e-07 2.71363e-06
51 4.5703e-07 2.71391e-06
52 4.5701e-07 2.71419e-06
53 4.56989e-07 2.71449e-06
54 4.5697e-07 2.71479e-06
55 4.56953e-07 2.7151e-06
56 4.56935e-07 2.71542e-06
57 4.56917e-07 2.71573e-06
58 4.569e-07 2.71605e-06
59 4.56884e-07 2.71635e-06
60 4.56867e-07 2.71667e-06
61 4.5685e-07 2.71699e-06
62 4.56834e-07 2.7173e-06
63 4.56817e-07 2.71762e-06
64 4.56801e-07 2.71794e-06
65 4.56785e-07 2.71826e-06
66 4.56768e-07 2.71858e-06
67 4.56752e-07 2.7189e-06
68 4.56736e-07 2.71923e-06
69 4.5672e-07 2.71955e-06
70 4.56704e-07 2.71987e-06
71 4.56688e-07 2.72019e-06
72 4.56673e-07 2.72051e-06
73 4.56657e-07 2.72083e-06
74 4.56642e-07 2.72115e-06
75 4.56626e-07 2.72146e-06
76 4.56611e-07 2.72178e-06
77 4.56596e-07 2.7221e-06
78 4.56581e-07 2.72242e-06
79 4.56566e-07 2.72273e-06
80 4.56551e-07 2.72305e-06
