26 -1.90978e-11 -7.87705e-10
27 2.00698e-08 -7.29415e-06
28 1.57407e-08 -5.8171e-06
29 9.16228e-09 -3.08976e-06
30 9.15708e-09 -3.15349e-06
31 9.32945e-09 -3.17067e-06
32 9.25695e-09 -3.14837e-06
33 9.25573e-09 -3.14852e-06
34 9.25311e-09 -3.1472e-06
35 9.25127e-09 -3.14655e-06
36 9.25028e-09 -3.14589e-06
37 9.24914e-09 -3.14537e-06
38 9.24882e-09 -3.14497e-06
39 9.24837e-09 -3.14468e-06
40 9.24809e-09 -3.14449e-06
41 9.24839e-09 -3.14423e-06
42 9.24852e-09 -3.14413e-06
43 9.24895e-09 -3.14398e-06
44 9.2493e-09 -3.14396e-06
45 9.2498e-09 -3.14393e-06
46 9.25032e-09 -3.14392e-06
47 9.25098e-09 -3.14396e-06
48 9.25162e-09 -3.14401e-06
49 9.2523e-09 -3.14408e-06
50 9.25302e-09 -3.14416e-06
51 9.25382e-09 -3.14424e-06
52 9.25456e-09 -3.14434e-06
53 9.25535e-09 -3.14446e-06
54 9.25622e-09 -3.14457e-06
55 9.25709e-09 -3.14471e-06
56 9.25796e-09 -3.14485e-06
57 9.25885e-09 -3.14498e-06
58 9.25978e-09 -3.14511e-06
59 9.26071e-09 -3.14521e-06
60 9.2616e-09 -3.14536e-06
61 9.26252e-09 -3.14549e-06
62 9.26345e-09 -3.14562e-06
63 9.26437e-09 -3.14576e-06
64 9.26529e-09 -3.14591e-06
65 9.26621e-09 -3.14605e-06
66 9.26712e-09 -3.1462e-06
67 9.26805e-09 -3.14634e-06
68 9.26897e-09 -3.14649e-06
69 9.26989e-09 -3.14664e-06
70 9.27081e-09 -3.14678e-06
71 9.27173e-09 -3.14693e-06
72 9.27265e-09 -3.14708e-06
73 9.27357e-09 -3.14722e-06
74 9.27448e-09 -3.14737e-06
75 9.2754e-09 -3.14751e-06
76 9.27631e-09 -3.14766e-06
77 9.27723e-09 -3.1478e-06
78 9.27814e-09 -3.14795e-06
79 9.27905e-09 -3.14809e-06
80 9.27995e-09 -3.14823e-06
