26 -3.87994 -0.0406177
27 5670.02 8859.65
28 4481.24 7010.33
29 2477.69 3766.82
30 2496.48 3790.66
31 2528 3832.86
32 2509.66 3806.99
33 2509.47 3806.51
34 2508.63 3805.28
35 2508.13 3804.53
36 2507.76 3803.98
37 2507.41 3803.47
38 2507.23 3803.21
39 2507.06 3802.97
40 2506.96 3802.82
41 2506.92 3802.77
42 2506.91 3802.76
43 2506.93 3802.8
44 2506.98 3802.88
45 2507.06 3802.99
46 2507.14 3803.12
47 2507.25 3803.3
48 2507.37 3803.48
49 2507.5 3803.68
50 2507.65 3803.9
51 2507.8 3804.14
52 2507.95 3804.37
53 2508.12 3804.62
54 2508.29 3804.89
55 2508.48 3805.17
56 2508.66 3805.45
57 2508.85 3805.73
58 2509.04 3806.02
59 2509.22 3806.3
60 2509.41 3806.59
61 2509.6 3806.88
62 2509.79 3807.18
63 2509.99 3807.47
64 2510.18 3807.77
65 2510.38 3808.07
66 2510.57 3808.36
67 2510.77 3808.66
68 2510.96 3808.96
69 2511.16 3809.26
70 2511.35 3809.55
71 2511.55 3809.85
72 2511.74 3810.15
73 2511.94 3810.45
74 2512.13 3810.74
75 2512.33 3811.04
76 2512.52 3811.34
77 2512.71 3811.63
78 2512.91 3811.93
79 2513.1 3812.22
80 2513.29 3812.51
