26 -3.61804 1.19121
27 3884.24 -84.8788
28 3059.52 -111.241
29 1731.12 25.2087
30 1737.78 -11.3493
31 1764.65 7.22708
32 1751.43 7.01269
33 1751.25 6.61871
34 1750.7 6.85796
35 1750.35 6.87417
36 1750.13 7.05393
37 1749.9 7.12793
38 1749.8 7.28689
39 1749.7 7.35932
40 1749.64 7.4109
41 1749.65 7.60702
42 1749.65 7.68475
43 1749.7 7.8453
44 1749.75 7.91959
45 1749.82 8.02356
46 1749.89 8.12112
47 1750 8.21943
48 1750.1 8.31141
49 1750.21 8.39392
50 1750.32 8.48291
51 1750.45 8.58508
52 1750.57 8.6609
53 1750.7 8.74174
54 1750.84 8.83793
55 1750.99 8.92095
56 1751.13 9.00481
57 1751.28 9.09723
58 1751.44 9.1957
59 1751.58 9.30805
60 1751.73 9.39122
61 1751.89 9.48307
62 1752.04 9.58647
63 1752.19 9.67486
64 1752.34 9.76132
65 1752.5 9.85037
66 1752.65 9.93934
67 1752.81 10.0272
68 1752.96 10.1155
69 1753.11 10.2033
70 1753.27 10.2915
71 1753.42 10.3795
72 1753.57 10.4678
73 1753.73 10.555
74 1753.88 10.6432
75 1754.03 10.7314
76 1754.19 10.8188
77 1754.34 10.9067
78 1754.49 10.9947
79 1754.64 11.0827
80 1754.79 11.1705
