26 7.3416 -0.650607
27 38196.3 46561.2
28 40518 35166.7
29 51617.4 3123.37
30 51388.5 3136.93
31 51333.2 3146.51
32 51335.3 3132.85
33 51324.7 3131.97
34 51315.3 3131.27
35 51308.4 3130.88
36 51302.4 3130.66
37 51296.5 3130.44
38 51291.9 3130.43
39 51287.1 3130.42
40 51283.5 3130.48
41 51280.5 3130.63
42 51276.7 3130.79
43 51273.4 3130.99
44 51270.4 3131.22
45 51267.6 3131.48
46 51264.5 3131.74
47 51262 3132.05
48 51259.6 3132.36
49 51256.9 3132.68
50 51254.4 3133.01
51 51252 3133.35
52 51249.7 3133.69
53 51247.4 3134.05
54 51245.3 3134.42
55 51243.3 3134.79
56 51241.4 3135.17
57 51239.3 3135.55
58 51237.5 3135.94
59 51235.6 3136.32
60 51233.7 3136.71
61 51231.8 3137.09
62 51230 3137.48
63 51228.2 3137.87
64 51226.3 3138.26
65 51224.5 3138.65
66 51222.6 3139.04
67 51220.8 3139.43
68 51219 3139.82
69 51217.2 3140.21
70 51215.4 3140.6
71 51213.7 3140.99
72 51211.9 3141.37
73 51210.2 3141.76
74 51208.4 3142.15
75 51206.7 3142.54
76 51205 3142.93
77 51203.3 3143.31
78 51201.6 3143.7
79 51199.9 3144.08
80 51198.3 3144.47
