26 -3.46624e-11 -2.47913e-11
27 5.04654e-08 7.66418e-06
28 3.98824e-08 6.0629e-06
29 2.20667e-08 3.2629e-06
30 2.22319e-08 3.28259e-06
31 2.25142e-08 3.31983e-06
32 2.23508e-08 3.29737e-06
33 2.2349e-08 3.29695e-06
34 2.23416e-08 3.29589e-06
35 2.23371e-08 3.29524e-06
36 2.23338e-08 3.29477e-06
37 2.23307e-08 3.29433e-06
38 2.23291e-08 3.2941e-06
39 2.23277e-08 3.2939e-06
40 2.23267e-08 3.29377e-06
41 2.23264e-08 3.29374e-06
42 2.23263e-08 3.29373e-06
43 2.23265e-08 3.29377e-06
44 2.2327e-08 3.29384e-06
45 2.23276e-08 3.29394e-06
46 2.23283e-08 3.29405e-06
47 2.23294e-08 3.29421e-06
48 2.23305e-08 3.29437e-06
49 2.23316e-08 3.29455e-06
50 2.23329e-08 3.29474e-06
51 2.23343e-08 3.29495e-06
52 2.23357e-08 3.29515e-06
53 2.23371e-08 3.29537e-06
54 2.23387e-08 3.2956e-06
55 2.23403e-08 3.29585e-06
56 2.2342e-08 3.29609e-06
57 2.23436e-08 3.29634e-06
58 2.23454e-08 3.2966e-06
59 2.2347e-08 3.29684e-06
60 2.23487e-08 3.2971e-06
61 2.23504e-08 3.29735e-06
62 2.23521e-08 3.29761e-06
63 2.23538e-08 3.29787e-06
64 2.23556e-08 3.29813e-06
65 2.23573e-08 3.29838e-06
66 2.23591e-08 3.29864e-06
67 2.23608e-08 3.2989e-06
68 2.23625e-08 3.29916e-06
69 2.23643e-08 3.29943e-06
70 2.2366e-08 3.29969e-06
71 2.23678e-08 3.29995e-06
72 2.23695e-08 3.30021e-06
73 2.23713e-08 3.30047e-06
74 2.2373e-08 3.30073e-06
75 2.23747e-08 3.30099e-06
76 2.23765e-08 3.30125e-06
77 2.23782e-08 3.3015e-06
78 2.23799e-08 3.30176e-06
79 2.23816e-08 3.30202e-06
80 2.23834e-08 3.30228e-06
