26 3.45183 3.99268
27 39000.8 5394.79
28 40526.1 3661.74
29 51617.3 3176.26
30 51388.4 3156.54
31 51333.1 3189.44
32 51335.2 3175.27
33 51324.6 3173.99
34 51315.2 3173.51
35 51308.3 3173.07
36 51302.3 3173.03
37 51296.4 3172.84
38 51291.8 3172.99
39 51287 3173.02
40 51283.4 3173.08
41 51280.4 3173.45
42 51276.6 3173.66
43 51273.3 3174.03
44 51270.2 3174.31
45 51267.5 3174.66
46 51264.4 3175
47 51261.9 3175.39
48 51259.4 3175.77
49 51256.8 3176.16
50 51254.3 3176.56
51 51251.9 3177
52 51249.6 3177.39
53 51247.3 3177.81
54 51245.2 3178.27
55 51243.2 3178.71
56 51241.3 3179.16
57 51239.2 3179.62
58 51237.4 3180.1
59 51235.5 3180.59
60 51233.6 3181.04
61 51231.7 3181.51
62 51229.9 3182
63 51228.1 3182.46
64 51226.2 3182.93
65 51224.4 3183.4
66 51222.5 3183.86
67 51220.7 3184.33
68 51218.9 3184.8
69 51217.1 3185.27
70 51215.3 3185.74
71 51213.6 3186.2
72 51211.8 3186.67
73 51210.1 3187.14
74 51208.3 3187.61
75 51206.6 3188.08
76 51204.9 3188.54
77 51203.2 3189.01
78 51201.5 3189.48
79 51199.8 3189.94
80 51198.2 3190.41
