26 -3.84743 0.677671
27 5195.75 6325.14
28 4101.12 4979.74
29 2287.78 2747.17
30 2301.82 2746.43
31 2333.4 2788.27
32 2316.26 2768.88
33 2316.06 2768.37
34 2315.31 2767.59
35 2314.84 2767.05
36 2314.52 2766.75
37 2314.2 2766.41
38 2314.05 2766.3
39 2313.91 2766.16
40 2313.81 2766.07
41 2313.8 2766.14
42 2313.8 2766.18
43 2313.83 2766.28
44 2313.89 2766.38
45 2313.96 2766.52
46 2314.05 2766.66
47 2314.17 2766.84
48 2314.28 2767.02
49 2314.42 2767.21
50 2314.56 2767.42
51 2314.71 2767.64
52 2314.86 2767.85
53 2315.02 2768.07
54 2315.19 2768.32
55 2315.37 2768.57
56 2315.55 2768.81
57 2315.73 2769.07
58 2315.91 2769.33
59 2316.09 2769.59
60 2316.28 2769.85
61 2316.46 2770.11
62 2316.65 2770.37
63 2316.84 2770.63
64 2317.03 2770.89
65 2317.21 2771.16
66 2317.4 2771.42
67 2317.59 2771.68
68 2317.78 2771.94
69 2317.97 2772.2
70 2318.16 2772.47
71 2318.35 2772.73
72 2318.54 2772.99
73 2318.73 2773.25
74 2318.92 2773.51
75 2319.1 2773.78
76 2319.29 2774.04
77 2319.48 2774.3
78 2319.67 2774.56
79 2319.85 2774.82
80 2320.04 2775.07
