26 5.12755e-11 1.24101e-09
27 3.47798e-07 3.76466e-05
28 3.6132e-07 2.69356e-05
29 4.60269e-07 2.72173e-06
30 4.58228e-07 2.72967e-06
31 4.57736e-07 2.74071e-06
32 4.57754e-07 2.72876e-06
33 4.5766e-07 2.72795e-06
34 4.57576e-07 2.72737e-06
35 4.57514e-07 2.72702e-06
36 4.57461e-07 2.72685e-06
37 4.57408e-07 2.72667e-06
38 4.57368e-07 2.72667e-06
39 4.57325e-07 2.72667e-06
40 4.57293e-07 2.72672e-06
41 4.57266e-07 2.72688e-06
42 4.57232e-07 2.72702e-06
43 4.57202e-07 2.72722e-06
44 4.57175e-07 2.72743e-06
45 4.57151e-07 2.72766e-06
46 4.57123e-07 2.7279e-06
47 4.57101e-07 2.72818e-06
48 4.57079e-07 2.72845e-06
49 4.57056e-07 2.72874e-06
50 4.57033e-07 2.72903e-06
51 4.57012e-07 2.72934e-06
52 4.56991e-07 2.72965e-06
53 4.56971e-07 2.72996e-06
54 4.56952e-07 2.73029e-06
55 4.56935e-07 2.73063e-06
56 4.56917e-07 2.73097e-06
57 4.56899e-07 2.73131e-06
58 4.56882e-07 2.73166e-06
59 4.56865e-07 2.732e-06
60 4.56849e-07 2.73234e-06
61 4.56832e-07 2.73269e-06
62 4.56816e-07 2.73304e-06
63 4.56799e-07 2.73338e-06
64 4.56783e-07 2.73373e-06
65 4.56766e-07 2.73408e-06
66 4.5675e-07 2.73443e-06
67 4.56734e-07 2.73477e-06
68 4.56718e-07 2.73512e-06
69 4.56702e-07 2.73547e-06
70 4.56686e-07 2.73582e-06
71 4.5667e-07 2.73617e-06
72 4.56654e-07 2.73651e-06
73 4.56639e-07 2.73686e-06
74 4.56623e-07 2.73721e-06
75 4.56608e-07 2.73755e-06
76 4.56593e-07 2.7379e-06
77 4.56578e-07 2.73825e-06
78 4.56563e-07 2.73859e-06
79 4.56548e-07 2.73893e-06
80 4.56533e-07 2.73928e-06
