26 -3.78928 1.1963
27 3768.66 -838.332
28 2967.87 -708.675
29 1681.57 -297.873
30 1687.67 -338.064
31 1714.04 -322.712
32 1701.18 -320.611
33 1701 -320.987
34 1700.47 -320.631
35 1700.13 -320.549
36 1699.92 -320.315
37 1699.69 -320.193
38 1699.6 -320.005
39 1699.51 -319.909
40 1699.44 -319.842
41 1699.46 -319.634
42 1699.47 -319.552
43 1699.51 -319.389
44 1699.56 -319.319
45 1699.63 -319.22
46 1699.7 -319.13
47 1699.8 -319.043
48 1699.9 -318.964
49 1700.01 -318.895
50 1700.12 -318.822
51 1700.25 -318.736
52 1700.37 -318.677
53 1700.5 -318.615
54 1700.63 -318.538
55 1700.78 -318.476
56 1700.92 -318.414
57 1701.06 -318.342
58 1701.21 -318.265
59 1701.36 -318.172
60 1701.5 -318.111
61 1701.65 -318.041
62 1701.8 -317.959
63 1701.95 -317.892
64 1702.1 -317.828
65 1702.25 -317.761
66 1702.4 -317.694
67 1702.55 -317.629
68 1702.7 -317.563
69 1702.85 -317.498
70 1703 -317.432
71 1703.15 -317.366
72 1703.3 -317.3
73 1703.45 -317.235
74 1703.6 -317.169
75 1703.75 -317.103
76 1703.9 -317.038
77 1704.05 -316.972
78 1704.2 -316.906
79 1704.35 -316.84
80 1704.5 -316.774
