26 -3.39033e-11 9.94067e-10
27 3.88082e-08 1.82951e-06
28 3.05919e-08 1.41317e-06
29 1.722e-08 8.35737e-07
30 1.73005e-08 8.13544e-07
31 1.75571e-08 8.37483e-07
32 1.74265e-08 8.31493e-07
33 1.74248e-08 8.31108e-07
34 1.74193e-08 8.3102e-07
35 1.74158e-08 8.30867e-07
36 1.74135e-08 8.30884e-07
37 1.74111e-08 8.30827e-07
38 1.74101e-08 8.3089e-07
39 1.74091e-08 8.30893e-07
40 1.74084e-08 8.30898e-07
41 1.74085e-08 8.31037e-07
42 1.74085e-08 8.31094e-07
43 1.74089e-08 8.31223e-07
44 1.74094e-08 8.31297e-07
45 1.741e-08 8.31401e-07
46 1.74107e-08 8.31502e-07
47 1.74117e-08 8.31616e-07
48 1.74126e-08 8.31725e-07
49 1.74137e-08 8.31832e-07
50 1.74148e-08 8.31947e-07
51 1.7416e-08 8.32076e-07
52 1.74172e-08 8.32184e-07
53 1.74185e-08 8.323e-07
54 1.74199e-08 8.32431e-07
55 1.74213e-08 8.32555e-07
56 1.74227e-08 8.3268e-07
57 1.74241e-08 8.32811e-07
58 1.74256e-08 8.3295e-07
59 1.7427e-08 8.33096e-07
60 1.74285e-08 8.33222e-07
61 1.74299e-08 8.33355e-07
62 1.74314e-08 8.33497e-07
63 1.74329e-08 8.33629e-07
64 1.74344e-08 8.33759e-07
65 1.74359e-08 8.33891e-07
66 1.74374e-08 8.34023e-07
67 1.74388e-08 8.34154e-07
68 1.74403e-08 8.34286e-07
69 1.74418e-08 8.34417e-07
70 1.74433e-08 8.34549e-07
71 1.74448e-08 8.34681e-07
72 1.74463e-08 8.34812e-07
73 1.74478e-08 8.34943e-07
74 1.74493e-08 8.35075e-07
75 1.74508e-08 8.35206e-07
76 1.74522e-08 8.35337e-07
77 1.74537e-08 8.35468e-07
78 1.74552e-08 8.35599e-07
79 1.74567e-08 8.3573e-07
80 1.74581e-08 8.3586e-07
