26 5.64112e-11 -4.50731e-11
27 3.41007e-07 4.13865e-05
28 3.61374e-07 3.51525e-05
29 4.60293e-07 2.70763e-06
30 4.58252e-07 2.72425e-06
31 4.57759e-07 2.7292e-06
32 4.57778e-07 2.71739e-06
33 4.57683e-07 2.71669e-06
34 4.576e-07 2.71604e-06
35 4.57538e-07 2.71571e-06
36 4.57485e-07 2.71549e-06
37 4.57432e-07 2.7153e-06
38 4.57391e-07 2.71527e-06
39 4.57349e-07 2.71526e-06
40 4.57316e-07 2.71531e-06
41 4.5729e-07 2.71541e-06
42 4.57255e-07 2.71554e-06
43 4.57226e-07 2.71569e-06
44 4.57199e-07 2.71589e-06
45 4.57174e-07 2.7161e-06
46 4.57147e-07 2.71631e-06
47 4.57125e-07 2.71657e-06
48 4.57103e-07 2.71682e-06
49 4.57079e-07 2.71709e-06
50 4.57057e-07 2.71737e-06
51 4.57036e-07 2.71766e-06
52 4.57015e-07 2.71794e-06
53 4.56995e-07 2.71824e-06
54 4.56975e-07 2.71855e-06
55 4.56958e-07 2.71887e-06
56 4.56941e-07 2.71919e-06
57 4.56922e-07 2.71951e-06
58 4.56906e-07 2.71984e-06
59 4.56889e-07 2.72015e-06
60 4.56873e-07 2.72047e-06
61 4.56855e-07 2.7208e-06
62 4.56839e-07 2.72112e-06
63 4.56823e-07 2.72145e-06
64 4.56806e-07 2.72178e-06
65 4.5679e-07 2.7221e-06
66 4.56774e-07 2.72243e-06
67 4.56757e-07 2.72276e-06
68 4.56741e-07 2.72309e-06
69 4.56725e-07 2.72341e-06
70 4.56709e-07 2.72374e-06
71 4.56694e-07 2.72407e-06
72 4.56678e-07 2.7244e-06
73 4.56662e-07 2.72472e-06
74 4.56647e-07 2.72505e-06
75 4.56632e-07 2.72537e-06
76 4.56616e-07 2.7257e-06
77 4.56601e-07 2.72602e-06
78 4.56586e-07 2.72635e-06
79 4.56571e-07 2.72667e-06
80 4.56556e-07 2.72699e-06
