26 6.44498 0.650882
27 37667.9 44651.6
28 40517.4 32013.9
29 51617.5 3128.66
30 51388.5 3138.89
31 51333.3 3150.81
32 51335.4 3137.09
33 51324.8 3136.17
34 51315.4 3135.49
35 51308.4 3135.1
36 51302.5 3134.9
37 51296.5 3134.68
38 51292 3134.69
39 51287.2 3134.68
40 51283.6 3134.74
41 51280.6 3134.92
42 51276.7 3135.08
43 51273.4 3135.3
44 51270.4 3135.53
45 51267.7 3135.8
46 51264.6 3136.07
47 51262.1 3136.39
48 51259.6 3136.7
49 51257 3137.03
50 51254.5 3137.36
51 51252.1 3137.72
52 51249.8 3138.07
53 51247.5 3138.43
54 51245.3 3138.8
55 51243.4 3139.19
56 51241.5 3139.58
57 51239.4 3139.96
58 51237.5 3140.36
59 51235.6 3140.75
60 51233.8 3141.14
61 51231.9 3141.54
62 51230.1 3141.94
63 51228.2 3142.33
64 51226.4 3142.73
65 51224.5 3143.13
66 51222.7 3143.52
67 51220.9 3143.92
68 51219.1 3144.32
69 51217.3 3144.72
70 51215.5 3145.11
71 51213.7 3145.51
72 51212 3145.91
73 51210.2 3146.3
74 51208.5 3146.7
75 51206.8 3147.1
76 51205.1 3147.49
77 51203.4 3147.88
78 51201.7 3148.28
79 51200 3148.67
80 51198.3 3149.06
