26 -2.71069e-11 8.47986e-10
27 4.48521e-08 5.062e-06
28 3.55186e-08 4.04119e-06
29 1.93798e-08 2.01326e-06
30 1.95692e-08 2.04505e-06
31 1.97839e-08 2.05023e-06
32 1.96433e-08 2.0384e-06
33 1.9642e-08 2.03822e-06
34 1.96352e-08 2.03744e-06
35 1.96312e-08 2.03704e-06
36 1.96281e-08 2.03665e-06
37 1.96253e-08 2.03633e-06
38 1.96237e-08 2.0361e-06
39 1.96223e-08 2.03593e-06
40 1.96215e-08 2.03583e-06
41 1.96209e-08 2.03569e-06
42 1.96207e-08 2.03564e-06
43 1.96207e-08 2.03556e-06
44 1.9621e-08 2.03556e-06
45 1.96214e-08 2.03556e-06
46 1.96219e-08 2.03556e-06
47 1.96227e-08 2.0356e-06
48 1.96235e-08 2.03564e-06
49 1.96245e-08 2.0357e-06
50 1.96255e-08 2.03576e-06
51 1.96265e-08 2.03582e-06
52 1.96276e-08 2.0359e-06
53 1.96288e-08 2.03598e-06
54 1.96301e-08 2.03607e-06
55 1.96314e-08 2.03616e-06
56 1.96327e-08 2.03626e-06
57 1.96341e-08 2.03635e-06
58 1.96354e-08 2.03645e-06
59 1.96367e-08 2.03653e-06
60 1.96381e-08 2.03663e-06
61 1.96395e-08 2.03673e-06
62 1.96409e-08 2.03682e-06
63 1.96423e-08 2.03693e-06
64 1.96437e-08 2.03703e-06
65 1.96451e-08 2.03714e-06
66 1.96465e-08 2.03724e-06
67 1.96479e-08 2.03734e-06
68 1.96493e-08 2.03745e-06
69 1.96507e-08 2.03755e-06
70 1.96521e-08 2.03766e-06
71 1.96536e-08 2.03776e-06
72 1.9655e-08 2.03787e-06
73 1.96564e-08 2.03797e-06
74 1.96578e-08 2.03808e-06
75 1.96592e-08 2.03818e-06
76 1.96606e-08 2.03828e-06
77 1.9662e-08 2.03839e-06
78 1.96634e-08 2.03849e-06
79 1.96648e-08 2.03859e-06
80 1.96662e-08 2.0387e-06
