26 3.65193 -0.296514
27 2002.74 -9144.98
28 1597.07 -7147.67
29 828.752 -4334.28
30 843.938 -4327.15
31 847.815 -4421.49
32 842.25 -4384.57
33 842.243 -4384.11
34 841.906 -4382.89
35 841.735 -4382
36 841.565 -4381.57
37 841.43 -4381.03
38 841.329 -4380.91
39 841.256 -4380.71
40 841.209 -4380.59
41 841.145 -4380.77
42 841.121 -4380.85
43 841.085 -4381.09
44 841.083 -4381.27
45 841.079 -4381.54
46 841.08 -4381.8
47 841.093 -4382.14
48 841.108 -4382.47
49 841.13 -4382.81
50 841.154 -4383.18
51 841.178 -4383.59
52 841.208 -4383.96
53 841.241 -4384.35
54 841.274 -4384.79
55 841.313 -4385.22
56 841.352 -4385.66
57 841.389 -4386.11
58 841.427 -4386.58
59 841.458 -4387.05
60 841.499 -4387.49
61 841.538 -4387.95
62 841.574 -4388.42
63 841.615 -4388.88
64 841.657 -4389.34
65 841.698 -4389.79
66 841.739 -4390.25
67 841.781 -4390.71
68 841.822 -4391.17
69 841.864 -4391.63
70 841.906 -4392.09
71 841.948 -4392.55
72 841.989 -4393.01
73 842.031 -4393.47
74 842.072 -4393.93
75 842.114 -4394.39
76 842.155 -4394.84
77 842.196 -4395.3
78 842.237 -4395.75
79 842.278 -4396.21
80 842.319 -4396.66
