26 1.27088 11.2788
27 39000.8 11222.3
28 40525.8 7861.7
29 51617.3 3169.21
30 51388.4 3153.93
31 51333.1 3183.72
32 51335.2 3169.61
33 51324.6 3168.38
34 51315.3 3167.88
35 51308.3 3167.45
36 51302.4 3167.38
37 51296.4 3167.19
38 51291.9 3167.31
39 51287.1 3167.34
40 51283.5 3167.4
41 51280.5 3167.74
42 51276.6 3167.94
43 51273.3 3168.29
44 51270.3 3168.56
45 51267.5 3168.9
46 51264.5 3169.23
47 51262 3169.61
48 51259.5 3169.98
49 51256.9 3170.36
50 51254.4 3170.75
51 51252 3171.18
52 51249.7 3171.57
53 51247.4 3171.98
54 51245.2 3172.42
55 51243.3 3172.86
56 51241.3 3173.3
57 51239.3 3173.74
58 51237.4 3174.21
59 51235.5 3174.69
60 51233.7 3175.13
61 51231.8 3175.59
62 51230 3176.06
63 51228.1 3176.52
64 51226.3 3176.97
65 51224.4 3177.43
66 51222.6 3177.89
67 51220.8 3178.35
68 51219 3178.8
69 51217.2 3179.26
70 51215.4 3179.72
71 51213.6 3180.18
72 51211.9 3180.63
73 51210.1 3181.09
74 51208.4 3181.55
75 51206.7 3182
76 51205 3182.46
77 51203.3 3182.92
78 51201.6 3183.37
79 51199.9 3183.83
80 51198.2 3184.28
