26 -1.88793e-11 9.4802e-09
27 3.47744e-07 2.87726e-05
28 3.61299e-07 2.05398e-05
29 4.60215e-07 2.73305e-06
30 4.58175e-07 2.73423e-06
31 4.57682e-07 2.75001e-06
32 4.57701e-07 2.73796e-06
33 4.57606e-07 2.73707e-06
34 4.57523e-07 2.73653e-06
35 4.57461e-07 2.73617e-06
36 4.57408e-07 2.73604e-06
37 4.57354e-07 2.73586e-06
38 4.57314e-07 2.7359e-06
39 4.57271e-07 2.7359e-06
40 4.57239e-07 2.73596e-06
41 4.57213e-07 2.73616e-06
42 4.57178e-07 2.73631e-06
43 4.57149e-07 2.73654e-06
44 4.57122e-07 2.73676e-06
45 4.57097e-07 2.73701e-06
46 4.5707e-07 2.73726e-06
47 4.57048e-07 2.73756e-06
48 4.57025e-07 2.73785e-06
49 4.57002e-07 2.73815e-06
50 4.5698e-07 2.73846e-06
51 4.56958e-07 2.73879e-06
52 4.56938e-07 2.7391e-06
53 4.56917e-07 2.73943e-06
54 4.56898e-07 2.73978e-06
55 4.56881e-07 2.74013e-06
56 4.56864e-07 2.74048e-06
57 4.56845e-07 2.74084e-06
58 4.56829e-07 2.74121e-06
59 4.56812e-07 2.74157e-06
60 4.56795e-07 2.74193e-06
61 4.56778e-07 2.74229e-06
62 4.56762e-07 2.74266e-06
63 4.56746e-07 2.74302e-06
64 4.56729e-07 2.74338e-06
65 4.56713e-07 2.74375e-06
66 4.56696e-07 2.74411e-06
67 4.5668e-07 2.74448e-06
68 4.56664e-07 2.74484e-06
69 4.56648e-07 2.7452e-06
70 4.56632e-07 2.74557e-06
71 4.56616e-07 2.74593e-06
72 4.56601e-07 2.7463e-06
73 4.56585e-07 2.74666e-06
74 4.5657e-07 2.74702e-06
75 4.56554e-07 2.74738e-06
76 4.56539e-07 2.74775e-06
77 4.56524e-07 2.74811e-06
78 4.56509e-07 2.74847e-06
79 4.56494e-07 2.74883e-06
80 4.56479e-07 2.74919e-06
