26 -3.3242e-11 8.61254e-10
27 4.3545e-08 4.16733e-06
28 3.4354e-08 3.26989e-06
29 1.92311e-08 1.82858e-06
30 1.93383e-08 1.81943e-06
31 1.96119e-08 1.85187e-06
32 1.94671e-08 1.83889e-06
33 1.94653e-08 1.83846e-06
34 1.94591e-08 1.838e-06
35 1.94552e-08 1.83764e-06
36 1.94525e-08 1.83748e-06
37 1.94499e-08 1.83728e-06
38 1.94487e-08 1.83724e-06
39 1.94475e-08 1.83717e-06
40 1.94467e-08 1.83712e-06
41 1.94467e-08 1.83722e-06
42 1.94467e-08 1.83725e-06
43 1.9447e-08 1.83737e-06
44 1.94475e-08 1.83745e-06
45 1.94482e-08 1.83756e-06
46 1.94489e-08 1.83768e-06
47 1.94499e-08 1.83783e-06
48 1.9451e-08 1.83797e-06
49 1.94521e-08 1.83811e-06
50 1.94533e-08 1.83827e-06
51 1.94546e-08 1.83844e-06
52 1.94559e-08 1.8386e-06
53 1.94573e-08 1.83877e-06
54 1.94587e-08 1.83895e-06
55 1.94603e-08 1.83914e-06
56 1.94618e-08 1.83932e-06
57 1.94633e-08 1.83951e-06
58 1.94649e-08 1.83971e-06
59 1.94665e-08 1.83991e-06
60 1.94681e-08 1.8401e-06
61 1.94697e-08 1.8403e-06
62 1.94713e-08 1.8405e-06
63 1.94729e-08 1.84069e-06
64 1.94745e-08 1.84088e-06
65 1.94761e-08 1.84108e-06
66 1.94777e-08 1.84127e-06
67 1.94793e-08 1.84147e-06
68 1.94809e-08 1.84167e-06
69 1.94826e-08 1.84186e-06
70 1.94842e-08 1.84206e-06
71 1.94858e-08 1.84225e-06
72 1.94874e-08 1.84245e-06
73 1.9489e-08 1.84264e-06
74 1.94907e-08 1.84284e-06
75 1.94923e-08 1.84303e-06
76 1.94939e-08 1.84322e-06
77 1.94955e-08 1.84342e-06
78 1.94971e-08 1.84361e-06
79 1.94987e-08 1.84381e-06
80 1.95003e-08 1.844e-06
