26 -0.696918 -10.4005
27 -95.7758 -29720.4
28 -88.6915 -22846.1
29 4398.94 1241.9
30 3842.56 1326.61
31 3737.06 1301.94
32 3738.9 1285.18
33 3734.22 1283.1
34 3740.56 1279.98
35 3748.48 1277.68
36 3757.47 1275.23
37 3767.55 1273.16
38 3778.26 1271.07
39 3789.69 1269.27
40 3801.28 1267.61
41 3812.94 1265.68
42 3825.28 1264.12
43 3837.62 1262.4
44 3850.06 1260.93
45 3862.62 1259.43
46 3875.28 1257.98
47 3887.86 1256.56
48 3900.41 1255.18
49 3913.01 1253.85
50 3925.55 1252.52
51 3938 1251.18
52 3950.37 1249.91
53 3962.66 1248.65
54 3974.82 1247.37
55 3986.82 1246.12
56 3998.72 1244.88
57 4010.52 1243.63
58 4022.16 1242.37
59 4033.57 1241.07
60 4044.94 1239.85
61 4056.23 1238.62
62 4067.31 1237.36
63 4078.34 1236.15
64 4089.25 1234.95
65 4100.04 1233.75
66 4110.71 1232.55
67 4121.25 1231.36
68 4131.68 1230.17
69 4141.98 1228.99
70 4152.15 1227.81
71 4162.21 1226.63
72 4172.14 1225.46
73 4181.96 1224.29
74 4191.66 1223.12
75 4201.24 1221.96
76 4210.71 1220.8
77 4220.06 1219.64
78 4229.29 1218.48
79 4238.41 1217.33
80 4247.42 1216.18
