26 4.40382 -0.38053
27 1564.38 -11400.3
28 1250.75 -8928.47
29 636.152 -5325.43
30 650.079 -5324.74
31 651.355 -5432.49
32 647.228 -5388.17
33 647.237 -5387.62
34 646.964 -5386.07
35 646.832 -5384.99
36 646.69 -5384.41
37 646.582 -5383.74
38 646.494 -5383.55
39 646.434 -5383.29
40 646.394 -5383.12
41 646.332 -5383.29
42 646.308 -5383.37
43 646.27 -5383.62
44 646.263 -5383.83
45 646.253 -5384.13
46 646.247 -5384.43
47 646.251 -5384.82
48 646.256 -5385.19
49 646.267 -5385.59
50 646.279 -5386.02
51 646.29 -5386.49
52 646.309 -5386.93
53 646.329 -5387.39
54 646.347 -5387.9
55 646.371 -5388.41
56 646.395 -5388.93
57 646.417 -5389.45
58 646.44 -5390
59 646.456 -5390.54
60 646.481 -5391.07
61 646.505 -5391.6
62 646.526 -5392.16
63 646.551 -5392.7
64 646.577 -5393.23
65 646.603 -5393.77
66 646.628 -5394.31
67 646.654 -5394.85
68 646.68 -5395.4
69 646.706 -5395.94
70 646.732 -5396.48
71 646.758 -5397.02
72 646.784 -5397.56
73 646.81 -5398.1
74 646.836 -5398.64
75 646.861 -5399.17
76 646.887 -5399.71
77 646.913 -5400.25
78 646.938 -5400.78
79 646.964 -5401.32
80 646.989 -5401.85
