26 -3.46716 0.474879
27 5391.69 7564.55
28 4266.81 6014.13
29 2338.44 3112.71
30 2359.56 3148.49
31 2386.77 3169.72
32 2369.68 3149.77
33 2369.52 3149.45
34 2368.71 3148.34
35 2368.23 3147.71
36 2367.86 3147.18
37 2367.53 3146.72
38 2367.34 3146.43
39 2367.18 3146.19
40 2367.08 3146.05
41 2367.02 3145.92
42 2367 3145.87
43 2367.01 3145.82
44 2367.05 3145.85
45 2367.11 3145.89
46 2367.17 3145.94
47 2367.27 3146.05
48 2367.37 3146.15
49 2367.49 3146.28
50 2367.62 3146.41
51 2367.75 3146.55
52 2367.89 3146.71
53 2368.04 3146.87
54 2368.19 3147.04
55 2368.36 3147.23
56 2368.52 3147.42
57 2368.69 3147.61
58 2368.86 3147.8
59 2369.02 3147.97
60 2369.19 3148.17
61 2369.36 3148.36
62 2369.53 3148.55
63 2369.7 3148.75
64 2369.88 3148.95
65 2370.05 3149.15
66 2370.23 3149.35
67 2370.4 3149.55
68 2370.58 3149.75
69 2370.75 3149.96
70 2370.93 3150.16
71 2371.1 3150.36
72 2371.28 3150.56
73 2371.45 3150.76
74 2371.63 3150.96
75 2371.8 3151.16
76 2371.98 3151.36
77 2372.15 3151.56
78 2372.33 3151.76
79 2372.5 3151.96
80 2372.67 3152.16
