26 -3.93354 0.0975897
27 5574.8 8350.06
28 4403.9 6597.09
29 2442.84 3577.79
30 2460.08 3593.74
31 2492.12 3638.37
32 2473.96 3613.49
33 2473.76 3612.99
34 2472.94 3611.86
35 2472.44 3611.15
36 2472.09 3610.66
37 2471.74 3610.19
38 2471.57 3609.97
39 2471.42 3609.76
40 2471.31 3609.62
41 2471.29 3609.62
42 2471.28 3609.62
43 2471.3 3609.69
44 2471.36 3609.78
45 2471.43 3609.91
46 2471.52 3610.05
47 2471.64 3610.24
48 2471.76 3610.43
49 2471.89 3610.64
50 2472.03 3610.86
51 2472.19 3611.1
52 2472.34 3611.34
53 2472.51 3611.59
54 2472.68 3611.87
55 2472.87 3612.15
56 2473.05 3612.43
57 2473.24 3612.72
58 2473.43 3613.02
59 2473.62 3613.3
60 2473.81 3613.59
61 2474 3613.89
62 2474.19 3614.19
63 2474.39 3614.49
64 2474.58 3614.78
65 2474.78 3615.08
66 2474.97 3615.38
67 2475.17 3615.68
68 2475.37 3615.98
69 2475.56 3616.28
70 2475.76 3616.58
71 2475.95 3616.88
72 2476.15 3617.18
73 2476.35 3617.48
74 2476.54 3617.78
75 2476.74 3618.08
76 2476.93 3618.38
77 2477.12 3618.68
78 2477.32 3618.97
79 2477.51 3619.27
80 2477.7 3619.57
