26 -3.61306 0.235896
27 5530.33 8243.86
28 4375.05 6544.39
29 2403.2 3430.95
30 2424.01 3465.04
31 2452.64 3493.39
32 2435.03 3470.82
33 2434.85 3470.46
34 2434.02 3469.26
35 2433.53 3468.57
36 2433.16 3468.01
37 2432.82 3467.51
38 2432.63 3467.22
39 2432.47 3466.97
40 2432.36 3466.82
41 2432.31 3466.71
42 2432.3 3466.67
43 2432.3 3466.64
44 2432.35 3466.69
45 2432.41 3466.75
46 2432.48 3466.83
47 2432.59 3466.95
48 2432.69 3467.08
49 2432.82 3467.24
50 2432.95 3467.4
51 2433.09 3467.58
52 2433.23 3467.76
53 2433.38 3467.96
54 2433.55 3468.16
55 2433.72 3468.38
56 2433.89 3468.61
57 2434.06 3468.83
58 2434.24 3469.06
59 2434.41 3469.27
60 2434.59 3469.5
61 2434.77 3469.73
62 2434.94 3469.96
63 2435.12 3470.19
64 2435.31 3470.43
65 2435.49 3470.66
66 2435.67 3470.9
67 2435.85 3471.14
68 2436.03 3471.37
69 2436.22 3471.61
70 2436.4 3471.85
71 2436.58 3472.09
72 2436.77 3472.32
73 2436.95 3472.56
74 2437.13 3472.8
75 2437.31 3473.03
76 2437.49 3473.27
77 2437.67 3473.51
78 2437.85 3473.74
79 2438.03 3473.98
80 2438.21 3474.21
