26 -3.92056 0.407198
27 5380.52 7307.92
28 4248.41 5763.14
29 2364.35 3155.34
30 2379.77 3161.77
31 2411.73 3205.75
32 2394.07 3183.6
33 2393.87 3183.09
34 2393.09 3182.14
35 2392.61 3181.52
36 2392.27 3181.13
37 2391.94 3180.73
38 2391.78 3180.57
39 2391.63 3180.4
40 2391.53 3180.29
41 2391.51 3180.33
42 2391.51 3180.35
43 2391.54 3180.44
44 2391.59 3180.54
45 2391.67 3180.67
46 2391.75 3180.81
47 2391.87 3181.01
48 2391.99 3181.19
49 2392.13 3181.4
50 2392.27 3181.61
51 2392.42 3181.85
52 2392.57 3182.07
53 2392.74 3182.32
54 2392.91 3182.58
55 2393.09 3182.84
56 2393.28 3183.11
57 2393.46 3183.38
58 2393.65 3183.67
59 2393.83 3183.95
60 2394.02 3184.22
61 2394.21 3184.5
62 2394.4 3184.78
63 2394.59 3185.07
64 2394.79 3185.35
65 2394.98 3185.63
66 2395.17 3185.91
67 2395.36 3186.2
68 2395.56 3186.48
69 2395.75 3186.76
70 2395.94 3187.05
71 2396.14 3187.33
72 2396.33 3187.62
73 2396.52 3187.9
74 2396.71 3188.18
75 2396.91 3188.46
76 2397.1 3188.75
77 2397.29 3189.03
78 2397.48 3189.31
79 2397.67 3189.59
80 2397.86 3189.87
