26 2.22726 -0.501047
27 2252.96 -7776.58
28 1794.69 -6067.44
29 938.843 -3731.99
30 954.72 -3721.12
31 960.106 -3807.18
32 953.717 -3774.77
33 953.7 -3774.36
34 953.327 -3773.34
35 953.133 -3772.58
36 952.948 -3772.23
37 952.798 -3771.78
38 952.689 -3771.69
39 952.61 -3771.53
40 952.558 -3771.43
41 952.494 -3771.62
42 952.469 -3771.7
43 952.435 -3771.93
44 952.435 -3772.1
45 952.435 -3772.34
46 952.44 -3772.59
47 952.459 -3772.89
48 952.479 -3773.19
49 952.508 -3773.5
50 952.538 -3773.83
51 952.569 -3774.2
52 952.607 -3774.53
53 952.648 -3774.88
54 952.688 -3775.27
55 952.736 -3775.66
56 952.784 -3776.05
57 952.829 -3776.45
58 952.876 -3776.87
59 952.916 -3777.29
60 952.965 -3777.69
61 953.014 -3778.1
62 953.059 -3778.52
63 953.109 -3778.93
64 953.16 -3779.34
65 953.21 -3779.75
66 953.26 -3780.16
67 953.311 -3780.57
68 953.361 -3780.98
69 953.412 -3781.39
70 953.463 -3781.8
71 953.513 -3782.21
72 953.564 -3782.62
73 953.615 -3783.03
74 953.665 -3783.44
75 953.716 -3783.84
76 953.766 -3784.25
77 953.816 -3784.66
78 953.866 -3785.06
79 953.916 -3785.47
80 953.966 -3785.87
