26 2.31384 -12.8435
27 95.5797 -27172.9
28 -393.164 -21108.7
29 4635.85 -3203.77
30 2882.04 -3295.85
31 2853.93 -3186.34
32 2854.9 -3207.63
33 2829.03 -3205.79
34 2820.97 -3205.93
35 2813.38 -3206.47
36 2807.53 -3206.85
37 2802.9 -3207.34
38 2799.16 -3207.84
39 2796.18 -3208.41
40 2793.8 -3209.08
41 2792.02 -3209.59
42 2790.79 -3210.2
43 2789.88 -3210.73
44 2789.17 -3211.39
45 2788.64 -3212.03
46 2788.41 -3212.64
47 2788.21 -3213.3
48 2788.19 -3213.95
49 2788.39 -3214.61
50 2788.69 -3215.26
51 2789.11 -3215.9
52 2789.49 -3216.58
53 2790 -3217.25
54 2790.59 -3217.91
55 2791.21 -3218.6
56 2791.87 -3219.28
57 2792.61 -3219.95
58 2793.36 -3220.62
59 2794.14 -3221.26
60 2794.91 -3221.95
61 2795.88 -3222.62
62 2796.61 -3223.27
63 2797.54 -3223.94
64 2798.44 -3224.62
65 2799.39 -3225.29
66 2800.35 -3225.95
67 2801.32 -3226.62
68 2802.31 -3227.29
69 2803.3 -3227.95
70 2804.29 -3228.61
71 2805.3 -3229.28
72 2806.31 -3229.94
73 2807.34 -3230.6
74 2808.37 -3231.26
75 2809.41 -3231.91
76 2810.46 -3232.57
77 2811.53 -3233.22
78 2812.59 -3233.88
79 2813.67 -3234.53
80 2814.75 -3235.18
