26 -2.88983 1.33291
27 4473.35 3021.06
28 3545.58 2445.52
29 1922.82 1054.95
30 1943.53 1088.99
31 1963.41 1073.66
32 1949.57 1069.82
33 1949.46 1069.76
34 1948.77 1069.25
35 1948.37 1069.04
36 1948.05 1068.74
37 1947.77 1068.54
38 1947.6 1068.34
39 1947.46 1068.21
40 1947.37 1068.13
41 1947.31 1067.95
42 1947.29 1067.88
43 1947.27 1067.75
44 1947.3 1067.71
45 1947.34 1067.64
46 1947.38 1067.59
47 1947.46 1067.55
48 1947.53 1067.52
49 1947.62 1067.5
50 1947.71 1067.48
51 1947.81 1067.45
52 1947.92 1067.45
53 1948.03 1067.44
54 1948.15 1067.43
55 1948.28 1067.43
56 1948.4 1067.43
57 1948.53 1067.42
58 1948.66 1067.41
59 1948.78 1067.39
60 1948.91 1067.39
61 1949.04 1067.39
62 1949.17 1067.38
63 1949.31 1067.38
64 1949.44 1067.38
65 1949.58 1067.38
66 1949.71 1067.38
67 1949.85 1067.38
68 1949.98 1067.39
69 1950.12 1067.39
70 1950.25 1067.39
71 1950.39 1067.39
72 1950.52 1067.4
73 1950.66 1067.4
74 1950.79 1067.4
75 1950.93 1067.4
76 1951.06 1067.41
77 1951.2 1067.41
78 1951.33 1067.41
79 1951.46 1067.41
80 1951.6 1067.41
