26 1.98552e-11 -4.35842e-10
27 2.00886e-08 -6.76452e-06
28 1.60033e-08 -5.2778e-06
29 8.37375e-09 -3.24628e-06
30 8.51528e-09 -3.23682e-06
31 8.5633e-09 -3.31168e-06
32 8.50634e-09 -3.28349e-06
33 8.50619e-09 -3.28313e-06
34 8.50286e-09 -3.28224e-06
35 8.50114e-09 -3.28158e-06
36 8.49949e-09 -3.28128e-06
37 8.49815e-09 -3.28088e-06
38 8.49718e-09 -3.28081e-06
39 8.49647e-09 -3.28067e-06
40 8.49601e-09 -3.28058e-06
41 8.49544e-09 -3.28075e-06
42 8.49522e-09 -3.28082e-06
43 8.49491e-09 -3.28102e-06
44 8.49491e-09 -3.28117e-06
45 8.49492e-09 -3.28138e-06
46 8.49496e-09 -3.28159e-06
47 8.49513e-09 -3.28186e-06
48 8.49531e-09 -3.28211e-06
49 8.49556e-09 -3.28238e-06
50 8.49583e-09 -3.28267e-06
51 8.49611e-09 -3.28299e-06
52 8.49644e-09 -3.28328e-06
53 8.49681e-09 -3.28359e-06
54 8.49717e-09 -3.28393e-06
55 8.4976e-09 -3.28426e-06
56 8.49802e-09 -3.2846e-06
57 8.49843e-09 -3.28495e-06
58 8.49885e-09 -3.28532e-06
59 8.4992e-09 -3.28568e-06
60 8.49964e-09 -3.28603e-06
61 8.50007e-09 -3.28638e-06
62 8.50047e-09 -3.28675e-06
63 8.50092e-09 -3.28711e-06
64 8.50137e-09 -3.28746e-06
65 8.50182e-09 -3.28782e-06
66 8.50227e-09 -3.28817e-06
67 8.50272e-09 -3.28853e-06
68 8.50317e-09 -3.28889e-06
69 8.50362e-09 -3.28925e-06
70 8.50407e-09 -3.2896e-06
71 8.50453e-09 -3.28996e-06
72 8.50498e-09 -3.29032e-06
73 8.50543e-09 -3.29067e-06
74 8.50588e-09 -3.29103e-06
75 8.50633e-09 -3.29138e-06
76 8.50678e-09 -3.29173e-06
77 8.50723e-09 -3.29209e-06
78 8.50767e-09 -3.29244e-06
79 8.50812e-09 -3.29279e-06
80 8.50856e-09 -3.29314e-06
