26 -3.72893 0.990102
27 4884.51 4790.81
28 3853.51 3759.1
29 2157.1 2102.16
30 2169.12 2091.64
31 2199.81 2128.94
32 2183.57 2114.01
33 2183.37 2113.52
34 2182.67 2112.99
35 2182.23 2112.58
36 2181.93 2112.4
37 2181.64 2112.16
38 2181.5 2112.12
39 2181.37 2112.03
40 2181.28 2111.98
41 2181.28 2112.09
42 2181.28 2112.14
43 2181.32 2112.26
44 2181.37 2112.36
45 2181.45 2112.49
46 2181.53 2112.62
47 2181.64 2112.79
48 2181.76 2112.95
49 2181.89 2113.12
50 2182.02 2113.3
51 2182.17 2113.5
52 2182.31 2113.68
53 2182.47 2113.88
54 2182.63 2114.09
55 2182.8 2114.3
56 2182.97 2114.51
57 2183.15 2114.73
58 2183.33 2114.96
59 2183.5 2115.19
60 2183.68 2115.41
61 2183.86 2115.63
62 2184.04 2115.86
63 2184.22 2116.09
64 2184.4 2116.31
65 2184.58 2116.53
66 2184.76 2116.76
67 2184.94 2116.98
68 2185.12 2117.21
69 2185.3 2117.43
70 2185.49 2117.66
71 2185.67 2117.88
72 2185.85 2118.1
73 2186.03 2118.33
74 2186.21 2118.55
75 2186.39 2118.78
76 2186.57 2119
77 2186.75 2119.22
78 2186.93 2119.44
79 2187.11 2119.67
80 2187.29 2119.89
