26 2.21492e-11 -5.1906e-09
27 -8.16963e-10 -1.86899e-05
28 -7.87677e-10 -1.48309e-05
29 2.62789e-08 -7.3797e-06
30 6.34255e-09 -7.42216e-06
31 8.65231e-09 -7.43612e-06
32 7.21989e-09 -7.39535e-06
33 6.98608e-09 -7.39198e-06
34 6.91871e-09 -7.38939e-06
35 6.87333e-09 -7.3877e-06
36 6.83587e-09 -7.38632e-06
37 6.8072e-09 -7.38512e-06
38 6.78383e-09 -7.38433e-06
39 6.76682e-09 -7.38369e-06
40 6.75161e-09 -7.38325e-06
41 6.73835e-09 -7.38288e-06
42 6.73119e-09 -7.38269e-06
43 6.72513e-09 -7.38251e-06
44 6.72087e-09 -7.38251e-06
45 6.71857e-09 -7.38255e-06
46 6.71832e-09 -7.38262e-06
47 6.71853e-09 -7.3828e-06
48 6.71976e-09 -7.38299e-06
49 6.72271e-09 -7.38324e-06
50 6.72622e-09 -7.38351e-06
51 6.73041e-09 -7.3838e-06
52 6.73508e-09 -7.38412e-06
53 6.74035e-09 -7.38447e-06
54 6.7459e-09 -7.38484e-06
55 6.75138e-09 -7.38524e-06
56 6.75729e-09 -7.38566e-06
57 6.76371e-09 -7.38606e-06
58 6.77003e-09 -7.38648e-06
59 6.77599e-09 -7.38686e-06
60 6.78255e-09 -7.38729e-06
61 6.78967e-09 -7.38771e-06
62 6.79635e-09 -7.38813e-06
63 6.80369e-09 -7.38857e-06
64 6.81119e-09 -7.38902e-06
65 6.81884e-09 -7.38946e-06
66 6.82662e-09 -7.38991e-06
67 6.83451e-09 -7.39036e-06
68 6.84252e-09 -7.39081e-06
69 6.85061e-09 -7.39126e-06
70 6.85877e-09 -7.39171e-06
71 6.86698e-09 -7.39216e-06
72 6.87528e-09 -7.39262e-06
73 6.88363e-09 -7.39307e-06
74 6.89204e-09 -7.39352e-06
75 6.90045e-09 -7.39397e-06
76 6.9089e-09 -7.39443e-06
77 6.9174e-09 -7.39488e-06
78 6.92595e-09 -7.39533e-06
79 6.9345e-09 -7.39578e-06
80 6.94311e-09 -7.39623e-06
