26 4.61226 -0.645508
27 1293.02 -12623.1
28 1036.31 -9894.23
29 517.091 -5862.1
30 530.208 -5865.04
31 529.9 -5979.95
32 526.659 -5931.62
33 526.679 -5931.03
34 526.446 -5929.3
35 526.338 -5928.11
36 526.213 -5927.45
37 526.122 -5926.71
38 526.042 -5926.48
39 525.989 -5926.19
40 525.954 -5926
41 525.894 -5926.17
42 525.87 -5926.24
43 525.83 -5926.5
44 525.821 -5926.72
45 525.807 -5927.03
46 525.797 -5927.36
47 525.795 -5927.77
48 525.794 -5928.17
49 525.798 -5928.6
50 525.803 -5929.06
51 525.807 -5929.57
52 525.818 -5930.04
53 525.829 -5930.54
54 525.839 -5931.09
55 525.854 -5931.64
56 525.869 -5932.19
57 525.882 -5932.76
58 525.895 -5933.35
59 525.902 -5933.94
60 525.918 -5934.5
61 525.933 -5935.08
62 525.944 -5935.68
63 525.96 -5936.26
64 525.976 -5936.84
65 525.992 -5937.42
66 526.008 -5938.01
67 526.024 -5938.59
68 526.04 -5939.18
69 526.057 -5939.76
70 526.073 -5940.35
71 526.089 -5940.93
72 526.106 -5941.51
73 526.122 -5942.1
74 526.138 -5942.68
75 526.154 -5943.26
76 526.171 -5943.84
77 526.187 -5944.42
78 526.203 -5945
79 526.219 -5945.57
80 526.234 -5946.15
