26 1.04343e-11 -9.40128e-09
27 -7.96391e-10 -2.36276e-05
28 -7.75628e-10 -1.87341e-05
29 4.68626e-08 -4.04659e-06
30 2.35786e-08 -3.99208e-06
31 2.33558e-08 -3.95887e-06
32 2.28828e-08 -3.96604e-06
33 2.26801e-08 -3.96268e-06
34 2.26008e-08 -3.96265e-06
35 2.2537e-08 -3.96268e-06
36 2.24847e-08 -3.96302e-06
37 2.24441e-08 -3.96328e-06
38 2.24107e-08 -3.9638e-06
39 2.23857e-08 -3.96426e-06
40 2.23634e-08 -3.9648e-06
41 2.23433e-08 -3.96552e-06
42 2.23315e-08 -3.96613e-06
43 2.2321e-08 -3.96685e-06
44 2.23129e-08 -3.96754e-06
45 2.23076e-08 -3.96828e-06
46 2.23048e-08 -3.969e-06
47 2.23027e-08 -3.96978e-06
48 2.23018e-08 -3.97055e-06
49 2.2303e-08 -3.97132e-06
50 2.2305e-08 -3.9721e-06
51 2.23078e-08 -3.97291e-06
52 2.23112e-08 -3.97369e-06
53 2.23152e-08 -3.97449e-06
54 2.23196e-08 -3.97531e-06
55 2.23238e-08 -3.97614e-06
56 2.23284e-08 -3.97696e-06
57 2.23336e-08 -3.97779e-06
58 2.23385e-08 -3.97863e-06
59 2.23428e-08 -3.97948e-06
60 2.23479e-08 -3.9803e-06
61 2.23536e-08 -3.98113e-06
62 2.23586e-08 -3.98198e-06
63 2.23644e-08 -3.98281e-06
64 2.23704e-08 -3.98363e-06
65 2.23765e-08 -3.98446e-06
66 2.23827e-08 -3.98529e-06
67 2.23889e-08 -3.98611e-06
68 2.23952e-08 -3.98694e-06
69 2.24016e-08 -3.98776e-06
70 2.24079e-08 -3.98858e-06
71 2.24142e-08 -3.9894e-06
72 2.24206e-08 -3.99022e-06
73 2.24269e-08 -3.99103e-06
74 2.24332e-08 -3.99185e-06
75 2.24395e-08 -3.99266e-06
76 2.24458e-08 -3.99348e-06
77 2.24521e-08 -3.99429e-06
78 2.24583e-08 -3.9951e-06
79 2.24645e-08 -3.9959e-06
80 2.24704e-08 -3.99671e-06
