26 8.08281e-12 1.32908e-09
27 3.47677e-07 8.07829e-09
28 3.61276e-07 -1.91035e-07
29 4.60149e-07 2.76858e-06
30 4.58108e-07 2.74786e-06
31 4.57615e-07 2.77898e-06
32 4.57634e-07 2.7666e-06
33 4.57539e-07 2.76544e-06
34 4.57456e-07 2.76505e-06
35 4.57394e-07 2.76466e-06
36 4.57341e-07 2.76464e-06
37 4.57288e-07 2.76448e-06
38 4.57247e-07 2.76463e-06
39 4.57205e-07 2.76466e-06
40 4.57172e-07 2.76471e-06
41 4.57146e-07 2.76506e-06
42 4.57111e-07 2.76524e-06
43 4.57082e-07 2.76559e-06
44 4.57055e-07 2.76583e-06
45 4.5703e-07 2.76615e-06
46 4.57003e-07 2.76645e-06
47 4.56981e-07 2.7668e-06
48 4.56959e-07 2.76714e-06
49 4.56935e-07 2.76748e-06
50 4.56913e-07 2.76784e-06
51 4.56892e-07 2.76823e-06
52 4.56871e-07 2.76858e-06
53 4.56851e-07 2.76895e-06
54 4.56831e-07 2.76936e-06
55 4.56814e-07 2.76975e-06
56 4.56797e-07 2.77015e-06
57 4.56778e-07 2.77056e-06
58 4.56762e-07 2.77099e-06
59 4.56745e-07 2.77142e-06
60 4.56729e-07 2.77182e-06
61 4.56711e-07 2.77224e-06
62 4.56695e-07 2.77267e-06
63 4.56679e-07 2.77309e-06
64 4.56662e-07 2.7735e-06
65 4.56646e-07 2.77392e-06
66 4.5663e-07 2.77433e-06
67 4.56613e-07 2.77475e-06
68 4.56597e-07 2.77516e-06
69 4.56581e-07 2.77558e-06
70 4.56565e-07 2.77599e-06
71 4.5655e-07 2.77641e-06
72 4.56534e-07 2.77683e-06
73 4.56518e-07 2.77724e-06
74 4.56503e-07 2.77766e-06
75 4.56488e-07 2.77807e-06
76 4.56472e-07 2.77849e-06
77 4.56457e-07 2.7789e-06
78 4.56442e-07 2.77932e-06
79 4.56427e-07 2.77973e-06
80 4.56412e-07 2.78014e-06
