26 3.70615 4.99284
27 38237.4 14065.3
28 40756.5 11049.8
29 51617.1 3068.74
30 51388.2 3116.67
31 51333 3102.16
32 51335.1 3089.03
33 51324.4 3088.57
34 51315.1 3087.63
35 51308.1 3087.29
36 51302.2 3086.89
37 51296.2 3086.64
38 51291.7 3086.46
39 51286.9 3086.42
40 51283.3 3086.48
41 51280.3 3086.4
42 51276.4 3086.51
43 51273.1 3086.54
44 51270.1 3086.72
45 51267.4 3086.88
46 51264.3 3087.06
47 51261.8 3087.28
48 51259.3 3087.51
49 51256.7 3087.76
50 51254.2 3088.02
51 51251.8 3088.27
52 51249.5 3088.55
53 51247.2 3088.84
54 51245 3089.12
55 51243.1 3089.43
56 51241.2 3089.74
57 51239.1 3090.04
58 51237.2 3090.33
59 51235.3 3090.6
60 51233.5 3090.91
61 51231.6 3091.21
62 51229.8 3091.5
63 51227.9 3091.81
64 51226.1 3092.12
65 51224.2 3092.43
66 51222.4 3092.74
67 51220.6 3093.05
68 51218.8 3093.36
69 51217 3093.66
70 51215.2 3093.97
71 51213.4 3094.28
72 51211.7 3094.59
73 51209.9 3094.89
74 51208.2 3095.2
75 51206.5 3095.5
76 51204.8 3095.81
77 51203.1 3096.11
78 51201.4 3096.41
79 51199.7 3096.71
80 51198 3097.01
