26 -3.3709 1.69511
27 3536.79 -1528.74
28 2807.74 -1138.7
29 1505.88 -971.393
30 1524.9 -945.414
31 1538.37 -991.994
32 1527.71 -980.377
33 1527.64 -980.228
34 1527.08 -980.1
35 1526.77 -979.899
36 1526.51 -979.931
37 1526.28 -979.858
38 1526.14 -979.951
39 1526.02 -979.958
40 1525.95 -979.964
41 1525.88 -980.156
42 1525.86 -980.236
43 1525.83 -980.418
44 1525.85 -980.519
45 1525.87 -980.662
46 1525.9 -980.802
47 1525.95 -980.958
48 1526 -981.107
49 1526.06 -981.254
50 1526.12 -981.411
51 1526.19 -981.588
52 1526.27 -981.735
53 1526.35 -981.893
54 1526.43 -982.072
55 1526.53 -982.239
56 1526.62 -982.408
57 1526.71 -982.587
58 1526.81 -982.775
59 1526.89 -982.973
60 1526.99 -983.142
61 1527.08 -983.323
62 1527.17 -983.515
63 1527.27 -983.692
64 1527.37 -983.867
65 1527.47 -984.045
66 1527.57 -984.223
67 1527.66 -984.4
68 1527.76 -984.577
69 1527.86 -984.754
70 1527.96 -984.931
71 1528.06 -985.108
72 1528.16 -985.285
73 1528.26 -985.461
74 1528.35 -985.637
75 1528.45 -985.813
76 1528.55 -985.989
77 1528.65 -986.164
78 1528.74 -986.339
79 1528.84 -986.514
80 1528.94 -986.688
