26 2.78114e-11 2.57985e-09
27 3.41001e-07 4.01824e-05
28 3.63423e-07 3.44768e-05
29 4.60282e-07 2.7016e-06
30 4.58241e-07 2.72207e-06
31 4.57749e-07 2.72432e-06
32 4.57767e-07 2.71257e-06
33 4.57673e-07 2.71192e-06
34 4.57589e-07 2.71125e-06
35 4.57527e-07 2.71092e-06
36 4.57474e-07 2.71068e-06
37 4.57421e-07 2.71048e-06
38 4.57381e-07 2.71043e-06
39 4.57338e-07 2.71042e-06
40 4.57306e-07 2.71047e-06
41 4.57279e-07 2.71054e-06
42 4.57245e-07 2.71067e-06
43 4.57215e-07 2.7108e-06
44 4.57188e-07 2.71099e-06
45 4.57164e-07 2.71119e-06
46 4.57136e-07 2.71139e-06
47 4.57114e-07 2.71164e-06
48 4.57092e-07 2.71189e-06
49 4.57069e-07 2.71215e-06
50 4.57047e-07 2.71242e-06
51 4.57025e-07 2.71269e-06
52 4.57004e-07 2.71298e-06
53 4.56984e-07 2.71327e-06
54 4.56965e-07 2.71357e-06
55 4.56948e-07 2.71388e-06
56 4.5693e-07 2.71419e-06
57 4.56912e-07 2.7145e-06
58 4.56895e-07 2.71481e-06
59 4.56878e-07 2.71512e-06
60 4.56862e-07 2.71543e-06
61 4.56845e-07 2.71575e-06
62 4.56829e-07 2.71606e-06
63 4.56812e-07 2.71638e-06
64 4.56796e-07 2.7167e-06
65 4.56779e-07 2.71701e-06
66 4.56763e-07 2.71733e-06
67 4.56747e-07 2.71765e-06
68 4.56731e-07 2.71797e-06
69 4.56715e-07 2.71829e-06
70 4.56699e-07 2.71861e-06
71 4.56683e-07 2.71892e-06
72 4.56667e-07 2.71924e-06
73 4.56652e-07 2.71956e-06
74 4.56636e-07 2.71988e-06
75 4.56621e-07 2.72019e-06
76 4.56606e-07 2.72051e-06
77 4.56591e-07 2.72082e-06
78 4.56576e-07 2.72114e-06
79 4.56561e-07 2.72145e-06
80 4.56546e-07 2.72176e-06
