26 0.822494 5.44649
27 38236.6 44585.6
28 40751.4 37044.4
29 51617 3103.99
30 51388.1 3129.74
31 51332.9 3130.78
32 51335 3117.31
33 51324.3 3116.58
34 51315 3115.79
35 51308 3115.42
36 51302.1 3115.13
37 51296.1 3114.91
38 51291.6 3114.83
39 51286.8 3114.81
40 51283.2 3114.87
41 51280.2 3114.94
42 51276.3 3115.09
43 51273 3115.23
44 51270 3115.44
45 51267.2 3115.66
46 51264.2 3115.9
47 51261.7 3116.17
48 51259.2 3116.45
49 51256.6 3116.75
50 51254.1 3117.05
51 51251.7 3117.36
52 51249.4 3117.68
53 51247.1 3118.01
54 51244.9 3118.35
55 51243 3118.71
56 51241 3119.06
57 51239 3119.41
58 51237.1 3119.77
59 51235.2 3120.11
60 51233.4 3120.46
61 51231.5 3120.82
62 51229.7 3121.17
63 51227.8 3121.53
64 51226 3121.9
65 51224.1 3122.26
66 51222.3 3122.62
67 51220.5 3122.98
68 51218.7 3123.34
69 51216.9 3123.7
70 51215.1 3124.06
71 51213.3 3124.42
72 51211.6 3124.78
73 51209.8 3125.14
74 51208.1 3125.5
75 51206.4 3125.86
76 51204.7 3126.21
77 51203 3126.57
78 51201.3 3126.93
79 51199.6 3127.28
80 51197.9 3127.64
