26 4.6208 0.572698
27 38237.5 2378.53
28 40757.1 2111.77
29 51617.2 3056.61
30 51388.3 3112.17
31 51333.1 3092.32
32 51335.2 3079.31
33 51324.6 3078.94
34 51315.2 3077.95
35 51308.2 3077.62
36 51302.3 3077.18
37 51296.3 3076.92
38 51291.8 3076.71
39 51287 3076.65
40 51283.4 3076.71
41 51280.4 3076.59
42 51276.5 3076.69
43 51273.2 3076.67
44 51270.2 3076.85
45 51267.5 3076.99
46 51264.4 3077.15
47 51261.9 3077.35
48 51259.4 3077.56
49 51256.8 3077.8
50 51254.3 3078.04
51 51251.9 3078.26
52 51249.6 3078.54
53 51247.3 3078.81
54 51245.2 3079.07
55 51243.2 3079.37
56 51241.3 3079.66
57 51239.2 3079.94
58 51237.3 3080.21
59 51235.4 3080.45
60 51233.6 3080.75
61 51231.7 3081.03
62 51229.9 3081.3
63 51228 3081.59
64 51226.2 3081.88
65 51224.3 3082.17
66 51222.5 3082.46
67 51220.7 3082.75
68 51218.9 3083.05
69 51217.1 3083.34
70 51215.3 3083.63
71 51213.5 3083.92
72 51211.8 3084.2
73 51210 3084.49
74 51208.3 3084.78
75 51206.6 3085.07
76 51204.9 3085.35
77 51203.2 3085.64
78 51201.5 3085.92
79 51199.8 3086.2
80 51198.1 3086.48
