26 -2.60975e-11 1.00096e-09
27 4.32219e-08 4.23367e-06
28 3.42378e-08 3.39036e-06
29 1.86431e-08 1.63885e-06
30 1.88315e-08 1.67019e-06
31 1.90334e-08 1.66883e-06
32 1.88985e-08 1.65991e-06
33 1.88973e-08 1.65978e-06
34 1.88907e-08 1.65911e-06
35 1.88869e-08 1.65879e-06
36 1.88839e-08 1.65844e-06
37 1.88811e-08 1.65817e-06
38 1.88796e-08 1.65796e-06
39 1.88783e-08 1.65781e-06
40 1.88774e-08 1.65771e-06
41 1.88769e-08 1.65757e-06
42 1.88767e-08 1.65751e-06
43 1.88766e-08 1.65742e-06
44 1.88769e-08 1.65741e-06
45 1.88773e-08 1.65739e-06
46 1.88777e-08 1.65737e-06
47 1.88785e-08 1.65739e-06
48 1.88792e-08 1.6574e-06
49 1.88801e-08 1.65743e-06
50 1.88811e-08 1.65747e-06
51 1.88821e-08 1.6575e-06
52 1.88831e-08 1.65755e-06
53 1.88842e-08 1.6576e-06
54 1.88854e-08 1.65765e-06
55 1.88867e-08 1.65771e-06
56 1.8888e-08 1.65778e-06
57 1.88892e-08 1.65784e-06
58 1.88905e-08 1.6579e-06
59 1.88917e-08 1.65794e-06
60 1.8893e-08 1.65801e-06
61 1.88944e-08 1.65807e-06
62 1.88957e-08 1.65813e-06
63 1.8897e-08 1.65819e-06
64 1.88983e-08 1.65826e-06
65 1.88997e-08 1.65833e-06
66 1.8901e-08 1.6584e-06
67 1.89023e-08 1.65847e-06
68 1.89037e-08 1.65854e-06
69 1.8905e-08 1.6586e-06
70 1.89064e-08 1.65867e-06
71 1.89077e-08 1.65874e-06
72 1.89091e-08 1.65881e-06
73 1.89104e-08 1.65888e-06
74 1.89118e-08 1.65895e-06
75 1.89131e-08 1.65902e-06
76 1.89144e-08 1.65909e-06
77 1.89158e-08 1.65915e-06
78 1.89171e-08 1.65922e-06
79 1.89184e-08 1.65929e-06
80 1.89197e-08 1.65936e-06
