26 5.38145e-11 -1.34793e-09
27 3.40874e-07 -3.22427e-06
28 3.63334e-07 -2.21131e-06
29 4.60149e-07 2.65335e-06
30 4.58108e-07 2.70513e-06
31 4.57615e-07 2.68544e-06
32 4.57634e-07 2.67417e-06
33 4.57539e-07 2.6739e-06
34 4.57456e-07 2.67301e-06
35 4.57394e-07 2.67273e-06
36 4.57341e-07 2.67233e-06
37 4.57288e-07 2.6721e-06
38 4.57247e-07 2.6719e-06
39 4.57205e-07 2.67185e-06
40 4.57173e-07 2.6719e-06
41 4.57146e-07 2.67177e-06
42 4.57112e-07 2.67185e-06
43 4.57082e-07 2.67182e-06
44 4.57055e-07 2.67196e-06
45 4.57031e-07 2.67208e-06
46 4.57003e-07 2.67221e-06
47 4.56981e-07 2.67237e-06
48 4.56959e-07 2.67255e-06
49 4.56935e-07 2.67275e-06
50 4.56913e-07 2.67295e-06
51 4.56892e-07 2.67314e-06
52 4.56871e-07 2.67337e-06
53 4.56851e-07 2.6736e-06
54 4.56832e-07 2.67382e-06
55 4.56814e-07 2.67407e-06
56 4.56797e-07 2.67432e-06
57 4.56779e-07 2.67455e-06
58 4.56762e-07 2.67478e-06
59 4.56745e-07 2.67498e-06
60 4.56729e-07 2.67523e-06
61 4.56712e-07 2.67547e-06
62 4.56696e-07 2.67569e-06
63 4.56679e-07 2.67593e-06
64 4.56663e-07 2.67618e-06
65 4.56646e-07 2.67643e-06
66 4.5663e-07 2.67667e-06
67 4.56614e-07 2.67692e-06
68 4.56597e-07 2.67716e-06
69 4.56581e-07 2.67741e-06
70 4.56566e-07 2.67765e-06
71 4.5655e-07 2.67789e-06
72 4.56534e-07 2.67813e-06
73 4.56519e-07 2.67838e-06
74 4.56503e-07 2.67862e-06
75 4.56488e-07 2.67886e-06
76 4.56473e-07 2.6791e-06
77 4.56457e-07 2.67934e-06
78 4.56442e-07 2.67958e-06
79 4.56427e-07 2.67981e-06
80 4.56412e-07 2.68005e-06
