26 -3.71658 0.937112
27 4939.78 5122.65
28 3897.45 4022.94
29 2180.41 2242.2
30 2192.77 2233.7
31 2223.63 2272.06
32 2207.23 2256.16
33 2207.03 2255.66
34 2206.32 2255.08
35 2205.88 2254.64
36 2205.57 2254.43
37 2205.28 2254.17
38 2205.14 2254.12
39 2205 2254.02
40 2204.92 2253.96
41 2204.91 2254.06
42 2204.91 2254.1
43 2204.95 2254.23
44 2205 2254.32
45 2205.08 2254.46
46 2205.16 2254.59
47 2205.28 2254.76
48 2205.39 2254.93
49 2205.52 2255.1
50 2205.65 2255.29
51 2205.8 2255.5
52 2205.95 2255.68
53 2206.1 2255.88
54 2206.27 2256.1
55 2206.44 2256.32
56 2206.61 2256.54
57 2206.79 2256.77
58 2206.97 2257.01
59 2207.15 2257.24
60 2207.32 2257.47
61 2207.5 2257.7
62 2207.68 2257.94
63 2207.87 2258.17
64 2208.05 2258.4
65 2208.23 2258.64
66 2208.41 2258.87
67 2208.6 2259.1
68 2208.78 2259.33
69 2208.96 2259.57
70 2209.14 2259.8
71 2209.33 2260.03
72 2209.51 2260.27
73 2209.69 2260.5
74 2209.88 2260.73
75 2210.06 2260.96
76 2210.24 2261.19
77 2210.42 2261.43
78 2210.6 2261.66
79 2210.78 2261.89
80 2210.96 2262.12
