26 3.9037 3.3935
27 39001.1 40358.2
28 40519.1 28860.8
29 51617.6 3133.95
30 51388.7 3140.85
31 51333.4 3155.1
32 51335.5 3141.34
33 51324.9 3140.38
34 51315.6 3139.72
35 51308.6 3139.32
36 51302.6 3139.14
37 51296.7 3138.93
38 51292.1 3138.95
39 51287.4 3138.95
40 51283.8 3139.01
41 51280.8 3139.2
42 51276.9 3139.37
43 51273.6 3139.61
44 51270.6 3139.85
45 51267.8 3140.12
46 51264.7 3140.4
47 51262.3 3140.73
48 51259.8 3141.05
49 51257.1 3141.38
50 51254.7 3141.72
51 51252.2 3142.09
52 51249.9 3142.44
53 51247.7 3142.81
54 51245.5 3143.19
55 51243.6 3143.59
56 51241.6 3143.98
57 51239.6 3144.37
58 51237.7 3144.78
59 51235.8 3145.18
60 51234 3145.58
61 51232 3145.98
62 51230.2 3146.39
63 51228.4 3146.8
64 51226.5 3147.2
65 51224.7 3147.61
66 51222.9 3148.01
67 51221 3148.42
68 51219.2 3148.82
69 51217.4 3149.23
70 51215.7 3149.63
71 51213.9 3150.04
72 51212.1 3150.44
73 51210.4 3150.85
74 51208.7 3151.25
75 51206.9 3151.65
76 51205.2 3152.06
77 51203.5 3152.46
78 51201.8 3152.86
79 51200.2 3153.26
80 51198.5 3153.66
