26 2.14789 4.13905
27 38236.6 45390.6
28 40751.6 38340.4
29 51617 3105.75
30 51388.1 3130.39
31 51332.8 3132.21
32 51334.9 3118.72
33 51324.3 3117.97
34 51315 3117.19
35 51308 3116.82
36 51302.1 3116.54
37 51296.1 3116.31
38 51291.6 3116.25
39 51286.8 3116.23
40 51283.2 3116.29
41 51280.2 3116.37
42 51276.3 3116.51
43 51273 3116.66
44 51270 3116.87
45 51267.2 3117.1
46 51264.2 3117.33
47 51261.7 3117.61
48 51259.2 3117.89
49 51256.6 3118.19
50 51254.1 3118.5
51 51251.7 3118.81
52 51249.4 3119.13
53 51247.1 3119.47
54 51244.9 3119.81
55 51243 3120.17
56 51241 3120.52
57 51239 3120.87
58 51237.1 3121.23
59 51235.2 3121.58
60 51233.4 3121.94
61 51231.5 3122.3
62 51229.7 3122.65
63 51227.8 3123.02
64 51226 3123.38
65 51224.1 3123.74
66 51222.3 3124.11
67 51220.5 3124.47
68 51218.7 3124.83
69 51216.9 3125.2
70 51215.1 3125.56
71 51213.3 3125.92
72 51211.6 3126.29
73 51209.8 3126.65
74 51208.1 3127.01
75 51206.4 3127.37
76 51204.7 3127.73
77 51203 3128.09
78 51201.3 3128.45
79 51199.6 3128.81
80 51197.9 3129.16
