26 5.75184 1.42667
27 39001.1 43280.2
28 40518 30966.8
29 51617.6 3130.42
30 51388.7 3139.54
31 51333.4 3152.23
32 51335.5 3138.5
33 51324.9 3137.57
34 51315.6 3136.9
35 51308.6 3136.5
36 51302.7 3136.3
37 51296.7 3136.09
38 51292.2 3136.1
39 51287.4 3136.1
40 51283.8 3136.16
41 51280.8 3136.34
42 51276.9 3136.5
43 51273.6 3136.73
44 51270.6 3136.97
45 51267.8 3137.24
46 51264.8 3137.51
47 51262.3 3137.83
48 51259.8 3138.14
49 51257.2 3138.47
50 51254.7 3138.81
51 51252.3 3139.17
52 51250 3139.52
53 51247.7 3139.88
54 51245.5 3140.26
55 51243.6 3140.65
56 51241.6 3141.04
57 51239.6 3141.43
58 51237.7 3141.83
59 51235.8 3142.22
60 51234 3142.62
61 51232.1 3143.01
62 51230.3 3143.42
63 51228.4 3143.82
64 51226.6 3144.21
65 51224.7 3144.61
66 51222.9 3145.01
67 51221.1 3145.41
68 51219.3 3145.81
69 51217.5 3146.21
70 51215.7 3146.61
71 51213.9 3147.01
72 51212.2 3147.41
73 51210.4 3147.81
74 51208.7 3148.21
75 51207 3148.61
76 51205.3 3149.01
77 51203.6 3149.4
78 51201.9 3149.8
79 51200.2 3150.2
80 51198.5 3150.59
