26 6.54476e-11 -5.6594e-10
27 3.40644e-07 4.05004e-05
28 3.61341e-07 3.05887e-05
29 4.60288e-07 2.71537e-06
30 4.58247e-07 2.72716e-06
31 4.57754e-07 2.7355e-06
32 4.57773e-07 2.72361e-06
33 4.57678e-07 2.72285e-06
34 4.57595e-07 2.72224e-06
35 4.57533e-07 2.7219e-06
36 4.5748e-07 2.72171e-06
37 4.57427e-07 2.72152e-06
38 4.57386e-07 2.72151e-06
39 4.57344e-07 2.7215e-06
40 4.57311e-07 2.72155e-06
41 4.57285e-07 2.72169e-06
42 4.5725e-07 2.72182e-06
43 4.57221e-07 2.722e-06
44 4.57194e-07 2.7222e-06
45 4.57169e-07 2.72242e-06
46 4.57142e-07 2.72265e-06
47 4.5712e-07 2.72292e-06
48 4.57098e-07 2.72319e-06
49 4.57074e-07 2.72346e-06
50 4.57052e-07 2.72375e-06
51 4.57031e-07 2.72405e-06
52 4.5701e-07 2.72435e-06
53 4.5699e-07 2.72466e-06
54 4.5697e-07 2.72498e-06
55 4.56953e-07 2.72531e-06
56 4.56936e-07 2.72564e-06
57 4.56917e-07 2.72597e-06
58 4.56901e-07 2.72631e-06
59 4.56884e-07 2.72664e-06
60 4.56868e-07 2.72697e-06
61 4.5685e-07 2.72731e-06
62 4.56834e-07 2.72764e-06
63 4.56818e-07 2.72798e-06
64 4.56801e-07 2.72832e-06
65 4.56785e-07 2.72866e-06
66 4.56769e-07 2.729e-06
67 4.56752e-07 2.72934e-06
68 4.56736e-07 2.72968e-06
69 4.5672e-07 2.73002e-06
70 4.56704e-07 2.73035e-06
71 4.56689e-07 2.73069e-06
72 4.56673e-07 2.73103e-06
73 4.56657e-07 2.73137e-06
74 4.56642e-07 2.73171e-06
75 4.56627e-07 2.73204e-06
76 4.56611e-07 2.73238e-06
77 4.56596e-07 2.73272e-06
78 4.56581e-07 2.73305e-06
79 4.56566e-07 2.73339e-06
80 4.56551e-07 2.73372e-06
