26 -6.14408e-11 1.23664e-08
27 3.40957e-07 3.29213e-05
28 3.63375e-07 2.54328e-05
29 4.60233e-07 2.68986e-06
30 4.58192e-07 2.71806e-06
31 4.57699e-07 2.7149e-06
32 4.57718e-07 2.70327e-06
33 4.57623e-07 2.7027e-06
34 4.5754e-07 2.70198e-06
35 4.57478e-07 2.70167e-06
36 4.57425e-07 2.70139e-06
37 4.57372e-07 2.70118e-06
38 4.57331e-07 2.70109e-06
39 4.57289e-07 2.70107e-06
40 4.57257e-07 2.70112e-06
41 4.5723e-07 2.70114e-06
42 4.57195e-07 2.70126e-06
43 4.57166e-07 2.70135e-06
44 4.57139e-07 2.70153e-06
45 4.57114e-07 2.70171e-06
46 4.57087e-07 2.70189e-06
47 4.57065e-07 2.70212e-06
48 4.57043e-07 2.70235e-06
49 4.57019e-07 2.7026e-06
50 4.56997e-07 2.70285e-06
51 4.56976e-07 2.7031e-06
52 4.56955e-07 2.70337e-06
53 4.56935e-07 2.70365e-06
54 4.56915e-07 2.70393e-06
55 4.56898e-07 2.70423e-06
56 4.56881e-07 2.70452e-06
57 4.56862e-07 2.70481e-06
58 4.56846e-07 2.70511e-06
59 4.56829e-07 2.70538e-06
60 4.56813e-07 2.70568e-06
61 4.56795e-07 2.70598e-06
62 4.56779e-07 2.70627e-06
63 4.56763e-07 2.70657e-06
64 4.56746e-07 2.70687e-06
65 4.5673e-07 2.70717e-06
66 4.56714e-07 2.70747e-06
67 4.56697e-07 2.70777e-06
68 4.56681e-07 2.70807e-06
69 4.56665e-07 2.70837e-06
70 4.56649e-07 2.70867e-06
71 4.56634e-07 2.70897e-06
72 4.56618e-07 2.70927e-06
73 4.56602e-07 2.70957e-06
74 4.56587e-07 2.70987e-06
75 4.56572e-07 2.71016e-06
76 4.56556e-07 2.71046e-06
77 4.56541e-07 2.71076e-06
78 4.56526e-07 2.71105e-06
79 4.56511e-07 2.71135e-06
80 4.56496e-07 2.71164e-06
