26 3.05031 4.60982
27 39001.1 38905.5
28 40519.6 27813.7
29 51617.6 3135.71
30 51388.7 3141.5
31 51333.4 3156.53
32 51335.5 3142.75
33 51324.9 3141.77
34 51315.5 3141.12
35 51308.6 3140.73
36 51302.6 3140.54
37 51296.7 3140.34
38 51292.1 3140.36
39 51287.3 3140.36
40 51283.7 3140.42
41 51280.7 3140.62
42 51276.9 3140.79
43 51273.6 3141.04
44 51270.6 3141.28
45 51267.8 3141.56
46 51264.7 3141.84
47 51262.2 3142.17
48 51259.8 3142.49
49 51257.1 3142.82
50 51254.7 3143.17
51 51252.2 3143.54
52 51249.9 3143.89
53 51247.6 3144.26
54 51245.5 3144.65
55 51243.5 3145.04
56 51241.6 3145.44
57 51239.5 3145.84
58 51237.7 3146.25
59 51235.8 3146.65
60 51233.9 3147.05
61 51232 3147.46
62 51230.2 3147.87
63 51228.4 3148.28
64 51226.5 3148.68
65 51224.7 3149.09
66 51222.8 3149.5
67 51221 3149.91
68 51219.2 3150.32
69 51217.4 3150.72
70 51215.6 3151.13
71 51213.9 3151.54
72 51212.1 3151.95
73 51210.4 3152.35
74 51208.6 3152.76
75 51206.9 3153.17
76 51205.2 3153.57
77 51203.5 3153.98
78 51201.8 3154.38
79 51200.1 3154.79
80 51198.5 3155.19
