26 -11.4498 1.76478
27 3039.52 -4156.8
28 2415.53 -3211.18
29 1285.77 -2134.93
30 1303.66 -2114.88
31 1313.93 -2178.43
32 1304.93 -2158.02
33 1304.88 -2157.76
34 1304.4 -2157.25
35 1304.13 -2156.82
36 1303.9 -2156.69
37 1303.7 -2156.46
38 1303.57 -2156.48
39 1303.47 -2156.42
40 1303.4 -2156.38
41 1303.34 -2156.57
42 1303.31 -2156.65
43 1303.28 -2156.86
44 1303.29 -2156.99
45 1303.3 -2157.17
46 1303.32 -2157.36
47 1303.36 -2157.58
48 1303.4 -2157.79
49 1303.45 -2158.01
50 1303.5 -2158.24
51 1303.55 -2158.5
52 1303.61 -2158.72
53 1303.68 -2158.97
54 1303.75 -2159.24
55 1303.82 -2159.5
56 1303.9 -2159.76
57 1303.97 -2160.03
58 1304.04 -2160.32
59 1304.11 -2160.61
60 1304.19 -2160.88
61 1304.27 -2161.16
62 1304.34 -2161.45
63 1304.42 -2161.73
64 1304.5 -2162
65 1304.58 -2162.28
66 1304.66 -2162.55
67 1304.74 -2162.83
68 1304.82 -2163.11
69 1304.9 -2163.38
70 1304.98 -2163.66
71 1305.06 -2163.94
72 1305.13 -2164.21
73 1305.21 -2164.49
74 1305.29 -2164.76
75 1305.37 -2165.04
76 1305.45 -2165.31
77 1305.53 -2165.59
78 1305.61 -2165.86
79 1305.69 -2166.13
80 1305.77 -2166.4
