26 -2.42285e-11 1.29567e-09
27 3.70265e-08 1.1561e-06
28 2.93622e-08 9.6841e-07
29 1.58678e-08 2.60243e-07
30 1.6048e-08 2.87597e-07
31 1.6205e-08 2.63853e-07
32 1.60914e-08 2.6555e-07
33 1.60905e-08 2.65567e-07
34 1.60848e-08 2.65329e-07
35 1.60815e-08 2.65279e-07
36 1.60788e-08 2.65104e-07
37 1.60765e-08 2.6502e-07
38 1.60751e-08 2.64876e-07
39 1.60739e-08 2.64804e-07
40 1.60731e-08 2.64758e-07
41 1.60726e-08 2.64595e-07
42 1.60724e-08 2.64529e-07
43 1.60722e-08 2.64397e-07
44 1.60724e-08 2.6434e-07
45 1.60727e-08 2.6426e-07
46 1.6073e-08 2.64184e-07
47 1.60736e-08 2.64111e-07
48 1.60742e-08 2.64044e-07
49 1.60749e-08 2.63985e-07
50 1.60756e-08 2.63921e-07
51 1.60764e-08 2.63848e-07
52 1.60773e-08 2.63796e-07
53 1.60782e-08 2.63741e-07
54 1.60791e-08 2.63674e-07
55 1.60802e-08 2.6362e-07
56 1.60812e-08 2.63565e-07
57 1.60822e-08 2.63502e-07
58 1.60833e-08 2.63435e-07
59 1.60842e-08 2.63356e-07
60 1.60853e-08 2.63302e-07
61 1.60863e-08 2.63241e-07
62 1.60874e-08 2.63171e-07
63 1.60885e-08 2.63113e-07
64 1.60896e-08 2.63057e-07
65 1.60906e-08 2.62998e-07
66 1.60917e-08 2.6294e-07
67 1.60928e-08 2.62883e-07
68 1.60939e-08 2.62825e-07
69 1.6095e-08 2.62769e-07
70 1.60961e-08 2.62711e-07
71 1.60972e-08 2.62654e-07
72 1.60983e-08 2.62597e-07
73 1.60994e-08 2.62541e-07
74 1.61004e-08 2.62484e-07
75 1.61015e-08 2.62427e-07
76 1.61026e-08 2.6237e-07
77 1.61037e-08 2.62314e-07
78 1.61048e-08 2.62257e-07
79 1.61059e-08 2.622e-07
80 1.61069e-08 2.62144e-07
