26 -3.7405 0.032734
27 5641.34 8765.57
28 4461.06 6948.18
29 2457.19 3686.46
30 2477.35 3717.21
31 2507.46 3752.75
32 2489.38 3727.96
33 2489.19 3727.54
34 2488.35 3726.29
35 2487.85 3725.55
36 2487.48 3724.98
37 2487.13 3724.46
38 2486.94 3724.17
39 2486.78 3723.92
40 2486.67 3723.76
41 2486.63 3723.67
42 2486.62 3723.64
43 2486.63 3723.64
44 2486.67 3723.71
45 2486.74 3723.8
46 2486.82 3723.89
47 2486.93 3724.05
48 2487.04 3724.21
49 2487.17 3724.39
50 2487.31 3724.58
51 2487.45 3724.79
52 2487.6 3725
53 2487.76 3725.23
54 2487.93 3725.46
55 2488.11 3725.72
56 2488.29 3725.98
57 2488.47 3726.23
58 2488.65 3726.5
59 2488.83 3726.74
60 2489.01 3727.01
61 2489.2 3727.27
62 2489.38 3727.53
63 2489.57 3727.8
64 2489.76 3728.07
65 2489.95 3728.34
66 2490.14 3728.61
67 2490.33 3728.89
68 2490.52 3729.16
69 2490.71 3729.43
70 2490.9 3729.7
71 2491.09 3729.97
72 2491.28 3730.24
73 2491.47 3730.51
74 2491.66 3730.79
75 2491.84 3731.06
76 2492.03 3731.33
77 2492.22 3731.59
78 2492.41 3731.86
79 2492.59 3732.13
80 2492.78 3732.4
