26 1.6377 -0.980423
27 1284.14 -13369.9
28 999.792 -10632
29 607.958 -5714.34
30 603.59 -5807.04
31 618.047 -5852.03
32 612.977 -5810.58
33 612.869 -5810.6
34 612.721 -5808.34
35 612.6 -5807.15
36 612.555 -5806.05
37 612.488 -5805.14
38 612.485 -5804.51
39 612.464 -5804.03
40 612.451 -5803.72
41 612.494 -5803.37
42 612.512 -5803.24
43 612.559 -5803.06
44 612.592 -5803.08
45 612.637 -5803.1
46 612.683 -5803.15
47 612.739 -5803.29
48 612.793 -5803.44
49 612.848 -5803.63
50 612.907 -5803.84
51 612.972 -5804.05
52 613.03 -5804.3
53 613.093 -5804.57
54 613.162 -5804.84
55 613.23 -5805.15
56 613.298 -5805.47
57 613.369 -5805.77
58 613.443 -5806.08
59 613.518 -5806.34
60 613.587 -5806.67
61 613.659 -5806.98
62 613.734 -5807.28
63 613.806 -5807.61
64 613.877 -5807.94
65 613.949 -5808.27
66 614.02 -5808.6
67 614.092 -5808.93
68 614.164 -5809.26
69 614.236 -5809.59
70 614.308 -5809.92
71 614.38 -5810.25
72 614.451 -5810.58
73 614.523 -5810.91
74 614.595 -5811.24
75 614.666 -5811.57
76 614.737 -5811.9
77 614.809 -5812.23
78 614.88 -5812.55
79 614.951 -5812.88
80 615.022 -5813.2
