26 -3.49921e-11 2.75137e-11
27 5.00752e-08 7.46222e-06
28 3.95647e-08 5.89871e-06
29 2.1926e-08 3.18932e-06
30 2.20844e-08 3.20564e-06
31 2.23691e-08 3.24405e-06
32 2.22064e-08 3.22196e-06
33 2.22046e-08 3.22152e-06
34 2.21972e-08 3.22051e-06
35 2.21928e-08 3.21987e-06
36 2.21895e-08 3.21943e-06
37 2.21865e-08 3.219e-06
38 2.21849e-08 3.21879e-06
39 2.21835e-08 3.2186e-06
40 2.21826e-08 3.21848e-06
41 2.21823e-08 3.21846e-06
42 2.21822e-08 3.21846e-06
43 2.21824e-08 3.21851e-06
44 2.21829e-08 3.21859e-06
45 2.21836e-08 3.21869e-06
46 2.21843e-08 3.21881e-06
47 2.21854e-08 3.21898e-06
48 2.21864e-08 3.21914e-06
49 2.21876e-08 3.21932e-06
50 2.21889e-08 3.21952e-06
51 2.21903e-08 3.21973e-06
52 2.21917e-08 3.21993e-06
53 2.21931e-08 3.22015e-06
54 2.21947e-08 3.22039e-06
55 2.21964e-08 3.22064e-06
56 2.2198e-08 3.22089e-06
57 2.21997e-08 3.22113e-06
58 2.22014e-08 3.22139e-06
59 2.2203e-08 3.22164e-06
60 2.22047e-08 3.2219e-06
61 2.22065e-08 3.22216e-06
62 2.22082e-08 3.22241e-06
63 2.22099e-08 3.22268e-06
64 2.22117e-08 3.22294e-06
65 2.22134e-08 3.2232e-06
66 2.22151e-08 3.22346e-06
67 2.22169e-08 3.22372e-06
68 2.22186e-08 3.22398e-06
69 2.22204e-08 3.22424e-06
70 2.22221e-08 3.22451e-06
71 2.22239e-08 3.22477e-06
72 2.22256e-08 3.22503e-06
73 2.22274e-08 3.22529e-06
74 2.22291e-08 3.22555e-06
75 2.22309e-08 3.22582e-06
76 2.22326e-08 3.22608e-06
77 2.22343e-08 3.22634e-06
78 2.22361e-08 3.2266e-06
79 2.22378e-08 3.22686e-06
80 2.22395e-08 3.22711e-06
