26 -3.09084e-11 4.1308e-10
27 4.80686e-08 6.58009e-06
28 3.80407e-08 5.23143e-06
29 2.085e-08 2.7076e-06
30 2.10383e-08 2.73872e-06
31 2.12809e-08 2.75718e-06
32 2.11285e-08 2.73983e-06
33 2.11271e-08 2.73955e-06
34 2.11199e-08 2.73858e-06
35 2.11156e-08 2.73804e-06
36 2.11123e-08 2.73757e-06
37 2.11093e-08 2.73717e-06
38 2.11077e-08 2.73692e-06
39 2.11062e-08 2.73672e-06
40 2.11053e-08 2.73659e-06
41 2.11049e-08 2.73648e-06
42 2.11047e-08 2.73644e-06
43 2.11047e-08 2.73639e-06
44 2.11051e-08 2.73642e-06
45 2.11056e-08 2.73646e-06
46 2.11062e-08 2.7365e-06
47 2.11071e-08 2.73659e-06
48 2.1108e-08 2.73668e-06
49 2.1109e-08 2.73679e-06
50 2.11101e-08 2.73691e-06
51 2.11113e-08 2.73703e-06
52 2.11126e-08 2.73716e-06
53 2.11139e-08 2.73731e-06
54 2.11153e-08 2.73746e-06
55 2.11167e-08 2.73762e-06
56 2.11182e-08 2.73779e-06
57 2.11197e-08 2.73795e-06
58 2.11212e-08 2.73812e-06
59 2.11226e-08 2.73827e-06
60 2.11242e-08 2.73844e-06
61 2.11257e-08 2.73861e-06
62 2.11272e-08 2.73877e-06
63 2.11288e-08 2.73894e-06
64 2.11303e-08 2.73912e-06
65 2.11319e-08 2.73929e-06
66 2.11334e-08 2.73947e-06
67 2.1135e-08 2.73964e-06
68 2.11365e-08 2.73982e-06
69 2.11381e-08 2.73999e-06
70 2.11397e-08 2.74017e-06
71 2.11412e-08 2.74034e-06
72 2.11428e-08 2.74052e-06
73 2.11444e-08 2.74069e-06
74 2.11459e-08 2.74087e-06
75 2.11475e-08 2.74104e-06
76 2.1149e-08 2.74122e-06
77 2.11506e-08 2.74139e-06
78 2.11521e-08 2.74156e-06
79 2.11537e-08 2.74174e-06
80 2.11552e-08 2.74191e-06
