26 5.67403 -4.31212
27 95.5555 -19091.3
28 89.331 -15005.4
29 3035.43 -8709.55
30 -581.197 -8685.4
31 -463.513 -8786.6
32 -607.638 -8725.45
33 -604.775 -8723.89
34 -603.504 -8721.15
35 -600.002 -8719.43
36 -595.336 -8718.36
37 -590.188 -8717.25
38 -584.677 -8716.84
39 -578.809 -8716.39
40 -572.724 -8716.11
41 -566.414 -8716.25
42 -559.823 -8716.34
43 -553.134 -8716.64
44 -546.389 -8716.94
45 -539.598 -8717.35
46 -532.672 -8717.78
47 -525.784 -8718.35
48 -518.868 -8718.9
49 -511.873 -8719.5
50 -504.885 -8720.14
51 -497.879 -8720.84
52 -490.933 -8721.49
53 -483.975 -8722.2
54 -477.032 -8722.97
55 -470.13 -8723.74
56 -463.26 -8724.52
57 -456.393 -8725.31
58 -449.584 -8726.14
59 -442.815 -8726.95
60 -436.095 -8727.74
61 -429.374 -8728.56
62 -422.713 -8729.38
63 -416.075 -8730.2
64 -409.48 -8731.02
65 -402.92 -8731.84
66 -396.401 -8732.66
67 -389.922 -8733.48
68 -383.482 -8734.31
69 -377.086 -8735.13
70 -370.73 -8735.95
71 -364.415 -8736.77
72 -358.143 -8737.59
73 -351.911 -8738.41
74 -345.721 -8739.23
75 -339.571 -8740.05
76 -333.462 -8740.87
77 -327.394 -8741.68
78 -321.366 -8742.49
79 -315.379 -8743.31
80 -309.433 -8744.12
