26 -2.69255 1.66578
27 3754.84 -536.121
28 2979.63 -356.29
29 1602.63 -530.755
30 1622.1 -502.753
31 1637.01 -542.74
32 1625.62 -534.467
33 1625.54 -534.362
34 1624.95 -534.375
35 1624.62 -534.263
36 1624.35 -534.355
37 1624.11 -534.341
38 1623.95 -534.459
39 1623.83 -534.493
40 1623.76 -534.515
41 1623.69 -534.707
42 1623.67 -534.786
43 1623.64 -534.957
44 1623.66 -535.047
45 1623.69 -535.172
46 1623.72 -535.294
47 1623.77 -535.426
48 1623.83 -535.55
49 1623.89 -535.67
50 1623.97 -535.798
51 1624.04 -535.944
52 1624.13 -536.06
53 1624.21 -536.186
54 1624.31 -536.33
55 1624.41 -536.461
56 1624.51 -536.594
57 1624.61 -536.736
58 1624.71 -536.886
59 1624.8 -537.047
60 1624.91 -537.179
61 1625.01 -537.322
62 1625.11 -537.476
63 1625.22 -537.615
64 1625.32 -537.752
65 1625.43 -537.892
66 1625.54 -538.032
67 1625.64 -538.171
68 1625.75 -538.31
69 1625.86 -538.448
70 1625.96 -538.587
71 1626.07 -538.726
72 1626.18 -538.864
73 1626.28 -539.002
74 1626.39 -539.14
75 1626.5 -539.278
76 1626.6 -539.416
77 1626.71 -539.553
78 1626.81 -539.69
79 1626.92 -539.828
80 1627.02 -539.964
