26 -3.50406e-11 5.41431e-11
27 4.99313e-08 7.36992e-06
28 3.94485e-08 5.82425e-06
29 2.18709e-08 3.15384e-06
30 2.20274e-08 3.16897e-06
31 2.23125e-08 3.20762e-06
32 2.21501e-08 3.18573e-06
33 2.21483e-08 3.18529e-06
34 2.2141e-08 3.18429e-06
35 2.21366e-08 3.18366e-06
36 2.21333e-08 3.18323e-06
37 2.21303e-08 3.18281e-06
38 2.21287e-08 3.18261e-06
39 2.21273e-08 3.18242e-06
40 2.21264e-08 3.1823e-06
41 2.21262e-08 3.18229e-06
42 2.21261e-08 3.18229e-06
43 2.21263e-08 3.18235e-06
44 2.21268e-08 3.18243e-06
45 2.21274e-08 3.18254e-06
46 2.21282e-08 3.18265e-06
47 2.21292e-08 3.18282e-06
48 2.21303e-08 3.18299e-06
49 2.21315e-08 3.18317e-06
50 2.21328e-08 3.18336e-06
51 2.21342e-08 3.18357e-06
52 2.21355e-08 3.18378e-06
53 2.2137e-08 3.184e-06
54 2.21386e-08 3.18424e-06
55 2.21402e-08 3.18448e-06
56 2.21419e-08 3.18473e-06
57 2.21435e-08 3.18498e-06
58 2.21453e-08 3.18524e-06
59 2.21469e-08 3.18549e-06
60 2.21486e-08 3.18574e-06
61 2.21503e-08 3.186e-06
62 2.2152e-08 3.18626e-06
63 2.21538e-08 3.18652e-06
64 2.21555e-08 3.18678e-06
65 2.21573e-08 3.18704e-06
66 2.2159e-08 3.1873e-06
67 2.21608e-08 3.18757e-06
68 2.21625e-08 3.18783e-06
69 2.21643e-08 3.18809e-06
70 2.2166e-08 3.18835e-06
71 2.21678e-08 3.18861e-06
72 2.21695e-08 3.18887e-06
73 2.21712e-08 3.18914e-06
74 2.2173e-08 3.1894e-06
75 2.21747e-08 3.18966e-06
76 2.21765e-08 3.18992e-06
77 2.21782e-08 3.19018e-06
78 2.21799e-08 3.19044e-06
79 2.21817e-08 3.1907e-06
80 2.21834e-08 3.19095e-06
