26 1.63948e-11 -1.23014e-09
27 9.27492e-09 -1.27493e-05
28 7.19622e-09 -1.01338e-05
29 4.48417e-09 -5.45731e-06
30 4.43708e-09 -5.5421e-06
31 4.55455e-09 -5.58708e-06
32 4.51634e-09 -5.54745e-06
33 4.51545e-09 -5.54743e-06
34 4.51446e-09 -5.5453e-06
35 4.51357e-09 -5.54417e-06
36 4.51332e-09 -5.54314e-06
37 4.51285e-09 -5.54228e-06
38 4.5129e-09 -5.54169e-06
39 4.51277e-09 -5.54124e-06
40 4.5127e-09 -5.54095e-06
41 4.5131e-09 -5.54063e-06
42 4.51327e-09 -5.54052e-06
43 4.51369e-09 -5.54036e-06
44 4.51396e-09 -5.54039e-06
45 4.51434e-09 -5.54042e-06
46 4.51473e-09 -5.54048e-06
47 4.51518e-09 -5.54062e-06
48 4.51562e-09 -5.54077e-06
49 4.51606e-09 -5.54097e-06
50 4.51653e-09 -5.54117e-06
51 4.51706e-09 -5.54139e-06
52 4.51752e-09 -5.54163e-06
53 4.51802e-09 -5.5419e-06
54 4.51857e-09 -5.54217e-06
55 4.51911e-09 -5.54247e-06
56 4.51965e-09 -5.54278e-06
57 4.52021e-09 -5.54308e-06
58 4.5208e-09 -5.54338e-06
59 4.5214e-09 -5.54365e-06
60 4.52194e-09 -5.54397e-06
61 4.52252e-09 -5.54428e-06
62 4.52311e-09 -5.54458e-06
63 4.52368e-09 -5.5449e-06
64 4.52424e-09 -5.54522e-06
65 4.52481e-09 -5.54555e-06
66 4.52538e-09 -5.54587e-06
67 4.52595e-09 -5.54619e-06
68 4.52652e-09 -5.54652e-06
69 4.52708e-09 -5.54684e-06
70 4.52765e-09 -5.54717e-06
71 4.52822e-09 -5.54749e-06
72 4.52879e-09 -5.54782e-06
73 4.52935e-09 -5.54814e-06
74 4.52992e-09 -5.54847e-06
75 4.53048e-09 -5.54879e-06
76 4.53105e-09 -5.54911e-06
77 4.53161e-09 -5.54943e-06
78 4.53217e-09 -5.54975e-06
79 4.53273e-09 -5.55007e-06
80 4.53329e-09 -5.55039e-06
