26 -3.66519 1.11903
27 4591.02 3329.04
28 3620.36 2597.74
29 2032.81 1482.7
30 2043.13 1463.78
31 2072.8 1495.97
32 2057.43 1485.39
33 2057.24 1484.92
34 2056.58 1484.63
35 2056.17 1484.35
36 2055.89 1484.27
37 2055.62 1484.13
38 2055.49 1484.15
39 2055.37 1484.12
40 2055.29 1484.1
41 2055.29 1484.23
42 2055.3 1484.29
43 2055.34 1484.43
44 2055.39 1484.52
45 2055.46 1484.65
46 2055.55 1484.77
47 2055.66 1484.92
48 2055.77 1485.06
49 2055.89 1485.21
50 2056.02 1485.36
51 2056.16 1485.53
52 2056.3 1485.68
53 2056.45 1485.85
54 2056.61 1486.03
55 2056.77 1486.2
56 2056.93 1486.38
57 2057.1 1486.56
58 2057.27 1486.75
59 2057.44 1486.95
60 2057.61 1487.13
61 2057.78 1487.31
62 2057.95 1487.51
63 2058.13 1487.69
64 2058.3 1487.88
65 2058.47 1488.06
66 2058.64 1488.25
67 2058.82 1488.43
68 2058.99 1488.62
69 2059.17 1488.8
70 2059.34 1488.99
71 2059.51 1489.18
72 2059.69 1489.36
73 2059.86 1489.55
74 2060.03 1489.73
75 2060.21 1489.92
76 2060.38 1490.1
77 2060.55 1490.28
78 2060.72 1490.47
79 2060.9 1490.65
80 2061.07 1490.84
