26 2.55283 -6.71086
27 -95.5704 -22298.2
28 -92.4093 -17691.8
29 3488.49 -8269.66
30 707.549 -8285.15
31 966.647 -8275.58
32 805.965 -8239.51
33 779.737 -8235.19
34 772.18 -8232.32
35 767.09 -8230.26
36 762.888 -8228.62
37 759.672 -8227.15
38 757.05 -8226.16
39 755.142 -8225.32
40 753.436 -8224.72
41 751.948 -8224.22
42 751.145 -8223.89
43 750.465 -8223.6
44 749.988 -8223.49
45 749.729 -8223.43
46 749.702 -8223.41
47 749.725 -8223.51
48 749.862 -8223.63
49 750.194 -8223.8
50 750.587 -8224.01
51 751.057 -8224.24
52 751.582 -8224.5
53 752.172 -8224.8
54 752.794 -8225.11
55 753.41 -8225.48
56 754.073 -8225.85
57 754.793 -8226.21
58 755.502 -8226.6
59 756.17 -8226.94
60 756.906 -8227.33
61 757.705 -8227.73
62 758.454 -8228.11
63 759.278 -8228.52
64 760.119 -8228.94
65 760.977 -8229.35
66 761.85 -8229.77
67 762.735 -8230.2
68 763.634 -8230.62
69 764.541 -8231.05
70 765.456 -8231.48
71 766.377 -8231.91
72 767.308 -8232.34
73 768.244 -8232.78
74 769.189 -8233.21
75 770.131 -8233.64
76 771.079 -8234.08
77 772.033 -8234.51
78 772.992 -8234.95
79 773.952 -8235.38
80 774.917 -8235.81
