26 -1.41324e-11 1.50849e-08
27 3.40908e-07 2.25865e-05
28 3.6335e-07 1.75287e-05
29 4.60183e-07 2.6797e-06
30 4.58143e-07 2.71464e-06
31 4.5765e-07 2.70676e-06
32 4.57669e-07 2.69523e-06
33 4.57574e-07 2.69475e-06
34 4.57491e-07 2.69398e-06
35 4.57429e-07 2.69367e-06
36 4.57376e-07 2.69336e-06
37 4.57323e-07 2.69315e-06
38 4.57282e-07 2.69302e-06
39 4.5724e-07 2.69299e-06
40 4.57207e-07 2.69304e-06
41 4.57181e-07 2.69303e-06
42 4.57146e-07 2.69313e-06
43 4.57117e-07 2.69319e-06
44 4.5709e-07 2.69335e-06
45 4.57065e-07 2.69352e-06
46 4.57038e-07 2.69369e-06
47 4.57016e-07 2.6939e-06
48 4.56994e-07 2.69411e-06
49 4.5697e-07 2.69434e-06
50 4.56948e-07 2.69458e-06
51 4.56926e-07 2.69481e-06
52 4.56906e-07 2.69507e-06
53 4.56886e-07 2.69534e-06
54 4.56866e-07 2.6956e-06
55 4.56849e-07 2.69588e-06
56 4.56832e-07 2.69617e-06
57 4.56813e-07 2.69644e-06
58 4.56797e-07 2.69671e-06
59 4.5678e-07 2.69697e-06
60 4.56763e-07 2.69725e-06
61 4.56746e-07 2.69753e-06
62 4.5673e-07 2.6978e-06
63 4.56714e-07 2.69809e-06
64 4.56697e-07 2.69837e-06
65 4.56681e-07 2.69866e-06
66 4.56664e-07 2.69894e-06
67 4.56648e-07 2.69923e-06
68 4.56632e-07 2.69951e-06
69 4.56616e-07 2.6998e-06
70 4.566e-07 2.70008e-06
71 4.56585e-07 2.70036e-06
72 4.56569e-07 2.70065e-06
73 4.56553e-07 2.70093e-06
74 4.56538e-07 2.70121e-06
75 4.56523e-07 2.70149e-06
76 4.56507e-07 2.70177e-06
77 4.56492e-07 2.70205e-06
78 4.56477e-07 2.70233e-06
79 4.56462e-07 2.70261e-06
80 4.56447e-07 2.70289e-06
