26 8.13962e-13 -9.5509e-09
27 -7.88898e-10 -2.51443e-05
28 -7.71758e-10 -1.98469e-05
29 4.1689e-08 -1.97685e-06
30 3.06863e-08 -1.93506e-06
31 2.96256e-08 -1.92142e-06
32 2.938e-08 -1.9363e-06
33 2.92007e-08 -1.93509e-06
34 2.91442e-08 -1.93645e-06
35 2.91018e-08 -1.93751e-06
36 2.90708e-08 -1.93881e-06
37 2.90514e-08 -1.93991e-06
38 2.90388e-08 -1.94116e-06
39 2.90346e-08 -1.94225e-06
40 2.90331e-08 -1.94334e-06
41 2.90337e-08 -1.94464e-06
42 2.90421e-08 -1.94573e-06
43 2.90517e-08 -1.94694e-06
44 2.90629e-08 -1.94804e-06
45 2.90772e-08 -1.94917e-06
46 2.90933e-08 -1.95028e-06
47 2.91104e-08 -1.9514e-06
48 2.91285e-08 -1.95251e-06
49 2.91483e-08 -1.95358e-06
50 2.91688e-08 -1.95467e-06
51 2.91899e-08 -1.95577e-06
52 2.92114e-08 -1.95684e-06
53 2.92334e-08 -1.9579e-06
54 2.92555e-08 -1.95899e-06
55 2.92772e-08 -1.96007e-06
56 2.92993e-08 -1.96115e-06
57 2.93216e-08 -1.96222e-06
58 2.93436e-08 -1.96332e-06
59 2.93647e-08 -1.96442e-06
60 2.93865e-08 -1.96549e-06
61 2.94087e-08 -1.96656e-06
62 2.943e-08 -1.96765e-06
63 2.94521e-08 -1.96871e-06
64 2.94741e-08 -1.96977e-06
65 2.9496e-08 -1.97082e-06
66 2.95179e-08 -1.97188e-06
67 2.95396e-08 -1.97293e-06
68 2.95613e-08 -1.97398e-06
69 2.95829e-08 -1.97502e-06
70 2.96043e-08 -1.97606e-06
71 2.96256e-08 -1.9771e-06
72 2.96467e-08 -1.97814e-06
73 2.96677e-08 -1.97917e-06
74 2.96886e-08 -1.98021e-06
75 2.97093e-08 -1.98124e-06
76 2.97299e-08 -1.98226e-06
77 2.97503e-08 -1.98329e-06
78 2.97703e-08 -1.98431e-06
79 2.97903e-08 -1.98533e-06
80 2.98098e-08 -1.98635e-06
