26 -1.5847e-11 7.22471e-09
27 3.40981e-07 3.73736e-05
28 3.63396e-07 2.99548e-05
29 4.60262e-07 2.69568e-06
30 4.58222e-07 2.72002e-06
31 4.57729e-07 2.71957e-06
32 4.57748e-07 2.70787e-06
33 4.57653e-07 2.70726e-06
34 4.5757e-07 2.70657e-06
35 4.57508e-07 2.70625e-06
36 4.57454e-07 2.70599e-06
37 4.57401e-07 2.70579e-06
38 4.57361e-07 2.70572e-06
39 4.57318e-07 2.70569e-06
40 4.57286e-07 2.70575e-06
41 4.5726e-07 2.7058e-06
42 4.57225e-07 2.70592e-06
43 4.57196e-07 2.70603e-06
44 4.57169e-07 2.70621e-06
45 4.57144e-07 2.7064e-06
46 4.57117e-07 2.7066e-06
47 4.57095e-07 2.70683e-06
48 4.57072e-07 2.70707e-06
49 4.57049e-07 2.70733e-06
50 4.57027e-07 2.70759e-06
51 4.57005e-07 2.70785e-06
52 4.56985e-07 2.70813e-06
53 4.56964e-07 2.70841e-06
54 4.56945e-07 2.7087e-06
55 4.56928e-07 2.70901e-06
56 4.5691e-07 2.70931e-06
57 4.56892e-07 2.70961e-06
58 4.56875e-07 2.70991e-06
59 4.56859e-07 2.7102e-06
60 4.56842e-07 2.71051e-06
61 4.56825e-07 2.71082e-06
62 4.56809e-07 2.71112e-06
63 4.56793e-07 2.71143e-06
64 4.56776e-07 2.71174e-06
65 4.5676e-07 2.71205e-06
66 4.56743e-07 2.71235e-06
67 4.56727e-07 2.71266e-06
68 4.56711e-07 2.71297e-06
69 4.56695e-07 2.71328e-06
70 4.56679e-07 2.71359e-06
71 4.56663e-07 2.7139e-06
72 4.56648e-07 2.71421e-06
73 4.56632e-07 2.71452e-06
74 4.56617e-07 2.71482e-06
75 4.56601e-07 2.71513e-06
76 4.56586e-07 2.71544e-06
77 4.56571e-07 2.71574e-06
78 4.56556e-07 2.71605e-06
79 4.56541e-07 2.71635e-06
80 4.56526e-07 2.71666e-06
