26 -3.31761e-11 9.83416e-10
27 4.01347e-08 2.54902e-06
28 3.16449e-08 1.98433e-06
29 1.7785e-08 1.14225e-06
30 1.78727e-08 1.1239e-06
31 1.81343e-08 1.1506e-06
32 1.79997e-08 1.14244e-06
33 1.7998e-08 1.14204e-06
34 1.79922e-08 1.14184e-06
35 1.79886e-08 1.14163e-06
36 1.79862e-08 1.14159e-06
37 1.79838e-08 1.14149e-06
38 1.79827e-08 1.14152e-06
39 1.79817e-08 1.1415e-06
40 1.7981e-08 1.14149e-06
41 1.7981e-08 1.14162e-06
42 1.7981e-08 1.14167e-06
43 1.79814e-08 1.14179e-06
44 1.79819e-08 1.14187e-06
45 1.79825e-08 1.14198e-06
46 1.79833e-08 1.14208e-06
47 1.79842e-08 1.14221e-06
48 1.79852e-08 1.14233e-06
49 1.79863e-08 1.14245e-06
50 1.79874e-08 1.14258e-06
51 1.79887e-08 1.14272e-06
52 1.79899e-08 1.14284e-06
53 1.79912e-08 1.14298e-06
54 1.79926e-08 1.14312e-06
55 1.7994e-08 1.14327e-06
56 1.79955e-08 1.14341e-06
57 1.79969e-08 1.14356e-06
58 1.79985e-08 1.14372e-06
59 1.79999e-08 1.14388e-06
60 1.80014e-08 1.14403e-06
61 1.80029e-08 1.14418e-06
62 1.80044e-08 1.14434e-06
63 1.80059e-08 1.14449e-06
64 1.80075e-08 1.14464e-06
65 1.8009e-08 1.14479e-06
66 1.80105e-08 1.14495e-06
67 1.8012e-08 1.1451e-06
68 1.80136e-08 1.14525e-06
69 1.80151e-08 1.1454e-06
70 1.80166e-08 1.14555e-06
71 1.80182e-08 1.14571e-06
72 1.80197e-08 1.14586e-06
73 1.80212e-08 1.14601e-06
74 1.80227e-08 1.14616e-06
75 1.80242e-08 1.14631e-06
76 1.80258e-08 1.14646e-06
77 1.80273e-08 1.14661e-06
78 1.80288e-08 1.14676e-06
79 1.80303e-08 1.14691e-06
80 1.80318e-08 1.14706e-06
