26 1.45995e-11 -8.52835e-10
27 1.14609e-08 -1.16299e-05
28 8.92604e-09 -9.24828e-06
29 5.43298e-09 -4.97055e-06
30 5.39405e-09 -5.05119e-06
31 5.52292e-09 -5.09032e-06
32 5.47773e-09 -5.05427e-06
33 5.47677e-09 -5.05428e-06
34 5.47545e-09 -5.05232e-06
35 5.47436e-09 -5.05129e-06
36 5.47397e-09 -5.05033e-06
37 5.47336e-09 -5.04954e-06
38 5.47334e-09 -5.04899e-06
39 5.47315e-09 -5.04857e-06
40 5.47304e-09 -5.0483e-06
41 5.47342e-09 -5.048e-06
42 5.47358e-09 -5.04788e-06
43 5.474e-09 -5.04773e-06
44 5.47429e-09 -5.04774e-06
45 5.4747e-09 -5.04776e-06
46 5.47511e-09 -5.04781e-06
47 5.4756e-09 -5.04793e-06
48 5.47608e-09 -5.04805e-06
49 5.47657e-09 -5.04822e-06
50 5.4771e-09 -5.0484e-06
51 5.47768e-09 -5.04859e-06
52 5.4782e-09 -5.04881e-06
53 5.47876e-09 -5.04904e-06
54 5.47938e-09 -5.04928e-06
55 5.47998e-09 -5.04955e-06
56 5.48059e-09 -5.04982e-06
57 5.48122e-09 -5.05008e-06
58 5.48188e-09 -5.05035e-06
59 5.48255e-09 -5.05058e-06
60 5.48316e-09 -5.05087e-06
61 5.48381e-09 -5.05114e-06
62 5.48447e-09 -5.0514e-06
63 5.48511e-09 -5.05169e-06
64 5.48575e-09 -5.05198e-06
65 5.48639e-09 -5.05226e-06
66 5.48703e-09 -5.05254e-06
67 5.48767e-09 -5.05283e-06
68 5.48831e-09 -5.05312e-06
69 5.48895e-09 -5.05341e-06
70 5.48959e-09 -5.0537e-06
71 5.49023e-09 -5.05398e-06
72 5.49087e-09 -5.05427e-06
73 5.49151e-09 -5.05456e-06
74 5.49215e-09 -5.05485e-06
75 5.49278e-09 -5.05513e-06
76 5.49342e-09 -5.05542e-06
77 5.49405e-09 -5.0557e-06
78 5.49469e-09 -5.05599e-06
79 5.49532e-09 -5.05627e-06
80 5.49595e-09 -5.05655e-06
