26 -4.87992 -0.129404
27 2592.32 -6613.22
28 2035.68 -5284.22
29 1174.94 -2785.49
30 1175.77 -2851.44
31 1196.77 -2862.57
32 1187.56 -2842.5
33 1187.41 -2842.73
34 1187.07 -2841.49
35 1186.83 -2840.89
36 1186.7 -2840.25
37 1186.55 -2839.77
38 1186.5 -2839.37
39 1186.44 -2839.09
40 1186.4 -2838.91
41 1186.43 -2838.63
42 1186.44 -2838.52
43 1186.49 -2838.34
44 1186.53 -2838.31
45 1186.59 -2838.26
46 1186.66 -2838.23
47 1186.74 -2838.24
48 1186.81 -2838.26
49 1186.9 -2838.31
50 1186.99 -2838.36
51 1187.08 -2838.41
52 1187.17 -2838.49
53 1187.27 -2838.57
54 1187.38 -2838.65
55 1187.49 -2838.76
56 1187.6 -2838.86
57 1187.71 -2838.96
58 1187.82 -2839.05
59 1187.93 -2839.12
60 1188.05 -2839.23
61 1188.16 -2839.33
62 1188.27 -2839.42
63 1188.39 -2839.53
64 1188.5 -2839.65
65 1188.62 -2839.76
66 1188.73 -2839.87
67 1188.84 -2839.98
68 1188.96 -2840.09
69 1189.07 -2840.2
70 1189.19 -2840.31
71 1189.3 -2840.43
72 1189.41 -2840.54
73 1189.53 -2840.65
74 1189.64 -2840.76
75 1189.76 -2840.87
76 1189.87 -2840.98
77 1189.98 -2841.1
78 1190.09 -2841.2
79 1190.21 -2841.31
80 1190.32 -2841.42
