26 2.54787 -8.2686
27 -95.5799 -23916
28 -92.6785 -18970.7
29 4179 -7460.17
30 1845.56 -7426.92
31 1892.83 -7385.85
32 1792.19 -7367.54
33 1763.84 -7362.91
34 1753.49 -7360.61
35 1745 -7358.92
36 1737.64 -7357.67
37 1731.46 -7356.52
38 1725.99 -7355.83
39 1721.38 -7355.22
40 1717.03 -7354.84
41 1712.92 -7354.59
42 1709.64 -7354.43
43 1706.51 -7354.34
44 1703.62 -7354.38
45 1701 -7354.47
46 1698.66 -7354.59
47 1696.39 -7354.82
48 1694.26 -7355.06
49 1692.37 -7355.34
50 1690.55 -7355.66
51 1688.83 -7356
52 1687.19 -7356.35
53 1685.62 -7356.74
54 1684.1 -7357.16
55 1682.57 -7357.61
56 1681.11 -7358.07
57 1679.72 -7358.52
58 1678.32 -7358.99
59 1676.88 -7359.43
60 1675.52 -7359.91
61 1674.25 -7360.38
62 1672.92 -7360.86
63 1671.69 -7361.35
64 1670.48 -7361.84
65 1669.3 -7362.34
66 1668.14 -7362.83
67 1667 -7363.33
68 1665.89 -7363.83
69 1664.79 -7364.33
70 1663.7 -7364.84
71 1662.63 -7365.34
72 1661.58 -7365.84
73 1660.53 -7366.35
74 1659.51 -7366.86
75 1658.49 -7367.36
76 1657.48 -7367.86
77 1656.48 -7368.37
78 1655.5 -7368.87
79 1654.52 -7369.38
80 1653.56 -7369.88
