26 -3.88558 0.540983
27 5273.25 6842.56
28 4162.85 5392
29 2320.03 2962.7
30 2334.62 2965.62
31 2366.38 3008.69
32 2349.02 2987.83
33 2348.82 2987.32
34 2348.05 2986.45
35 2347.58 2985.87
36 2347.25 2985.52
37 2346.93 2985.14
38 2346.78 2985.01
39 2346.63 2984.85
40 2346.54 2984.76
41 2346.52 2984.81
42 2346.52 2984.84
43 2346.55 2984.94
44 2346.6 2985.04
45 2346.68 2985.17
46 2346.76 2985.31
47 2346.88 2985.5
48 2347 2985.69
49 2347.13 2985.88
50 2347.28 2986.09
51 2347.43 2986.33
52 2347.58 2986.54
53 2347.74 2986.78
54 2347.91 2987.03
55 2348.09 2987.29
56 2348.27 2987.55
57 2348.46 2987.81
58 2348.64 2988.09
59 2348.83 2988.36
60 2349.01 2988.62
61 2349.2 2988.89
62 2349.39 2989.17
63 2349.58 2989.44
64 2349.77 2989.71
65 2349.96 2989.99
66 2350.15 2990.26
67 2350.34 2990.53
68 2350.53 2990.81
69 2350.72 2991.08
70 2350.91 2991.36
71 2351.1 2991.63
72 2351.29 2991.9
73 2351.48 2992.18
74 2351.67 2992.45
75 2351.86 2992.72
76 2352.05 2992.99
77 2352.24 2993.27
78 2352.43 2993.54
79 2352.62 2993.81
80 2352.81 2994.08
