26 3.65489 0.588758
27 38237.5 5421.12
28 40757.1 4438.72
29 51617.2 3059.77
30 51388.3 3113.34
31 51333 3094.88
32 51335.1 3081.84
33 51324.5 3081.45
34 51315.2 3080.47
35 51308.2 3080.14
36 51302.3 3079.7
37 51296.3 3079.45
38 51291.8 3079.25
39 51287 3079.2
40 51283.4 3079.26
41 51280.4 3079.15
42 51276.5 3079.25
43 51273.2 3079.24
44 51270.2 3079.42
45 51267.4 3079.57
46 51264.4 3079.73
47 51261.9 3079.93
48 51259.4 3080.15
49 51256.8 3080.39
50 51254.3 3080.64
51 51251.9 3080.87
52 51249.6 3081.14
53 51247.3 3081.42
54 51245.1 3081.69
55 51243.2 3081.99
56 51241.2 3082.29
57 51239.2 3082.57
58 51237.3 3082.85
59 51235.4 3083.09
60 51233.6 3083.4
61 51231.7 3083.68
62 51229.9 3083.95
63 51228 3084.25
64 51226.2 3084.55
65 51224.3 3084.84
66 51222.5 3085.14
67 51220.7 3085.43
68 51218.9 3085.73
69 51217.1 3086.03
70 51215.3 3086.32
71 51213.5 3086.61
72 51211.8 3086.91
73 51210 3087.2
74 51208.3 3087.49
75 51206.6 3087.78
76 51204.9 3088.07
77 51203.2 3088.36
78 51201.5 3088.65
79 51199.8 3088.94
80 51198.1 3089.22
