26 1.99603e-11 -3.12602e-09
27 2.2506e-09 -1.61522e-05
28 1.63919e-09 -1.28248e-05
29 1.43022e-09 -6.93977e-06
30 1.35797e-09 -7.03666e-06
31 1.43791e-09 -7.09986e-06
32 1.42225e-09 -7.04931e-06
33 1.42159e-09 -7.04918e-06
34 1.42164e-09 -7.04654e-06
35 1.42138e-09 -7.04511e-06
36 1.42159e-09 -7.04385e-06
37 1.42156e-09 -7.04278e-06
38 1.42184e-09 -7.04208e-06
39 1.42192e-09 -7.04153e-06
40 1.42198e-09 -7.04118e-06
41 1.42244e-09 -7.04083e-06
42 1.42262e-09 -7.04071e-06
43 1.42303e-09 -7.04056e-06
44 1.42324e-09 -7.04062e-06
45 1.42354e-09 -7.04069e-06
46 1.42383e-09 -7.0408e-06
47 1.42414e-09 -7.04101e-06
48 1.42444e-09 -7.04122e-06
49 1.42472e-09 -7.04149e-06
50 1.42502e-09 -7.04178e-06
51 1.42537e-09 -7.04209e-06
52 1.42564e-09 -7.04242e-06
53 1.42594e-09 -7.04279e-06
54 1.42628e-09 -7.04316e-06
55 1.4266e-09 -7.04357e-06
56 1.42691e-09 -7.04399e-06
57 1.42725e-09 -7.04439e-06
58 1.42761e-09 -7.04481e-06
59 1.42799e-09 -7.04518e-06
60 1.42831e-09 -7.04561e-06
61 1.42865e-09 -7.04604e-06
62 1.42901e-09 -7.04644e-06
63 1.42935e-09 -7.04688e-06
64 1.42967e-09 -7.04732e-06
65 1.43001e-09 -7.04775e-06
66 1.43034e-09 -7.04819e-06
67 1.43067e-09 -7.04863e-06
68 1.431e-09 -7.04907e-06
69 1.43133e-09 -7.04951e-06
70 1.43166e-09 -7.04995e-06
71 1.432e-09 -7.05039e-06
72 1.43233e-09 -7.05083e-06
73 1.43266e-09 -7.05127e-06
74 1.43299e-09 -7.05171e-06
75 1.43332e-09 -7.05214e-06
76 1.43365e-09 -7.05258e-06
77 1.43397e-09 -7.05301e-06
78 1.4343e-09 -7.05345e-06
79 1.43463e-09 -7.05388e-06
80 1.43496e-09 -7.05431e-06
