26 -3.4117e-11 1.05746e-09
27 3.20387e-08 -1.36327e-06
28 2.52227e-08 -1.11909e-06
29 1.43221e-08 -5.31318e-07
30 1.43691e-08 -5.69274e-07
31 1.45974e-08 -5.58686e-07
32 1.44875e-08 -5.54903e-07
33 1.4486e-08 -5.55215e-07
34 1.44816e-08 -5.54807e-07
35 1.44787e-08 -5.5468e-07
36 1.44768e-08 -5.54431e-07
37 1.44749e-08 -5.54285e-07
38 1.44742e-08 -5.54097e-07
39 1.44734e-08 -5.53994e-07
40 1.44729e-08 -5.53923e-07
41 1.4473e-08 -5.53733e-07
42 1.44731e-08 -5.53658e-07
43 1.44735e-08 -5.53514e-07
44 1.44739e-08 -5.53456e-07
45 1.44745e-08 -5.53376e-07
46 1.44752e-08 -5.53303e-07
47 1.4476e-08 -5.53238e-07
48 1.44769e-08 -5.53179e-07
49 1.44778e-08 -5.53132e-07
50 1.44788e-08 -5.53081e-07
51 1.44799e-08 -5.53021e-07
52 1.44809e-08 -5.52984e-07
53 1.4482e-08 -5.52946e-07
54 1.44832e-08 -5.52896e-07
55 1.44844e-08 -5.52859e-07
56 1.44856e-08 -5.52823e-07
57 1.44869e-08 -5.52778e-07
58 1.44882e-08 -5.5273e-07
59 1.44894e-08 -5.52666e-07
60 1.44907e-08 -5.52631e-07
61 1.4492e-08 -5.52588e-07
62 1.44933e-08 -5.52535e-07
63 1.44946e-08 -5.52496e-07
64 1.44958e-08 -5.52459e-07
65 1.44971e-08 -5.5242e-07
66 1.44984e-08 -5.52381e-07
67 1.44997e-08 -5.52343e-07
68 1.4501e-08 -5.52304e-07
69 1.45023e-08 -5.52267e-07
70 1.45036e-08 -5.52228e-07
71 1.45049e-08 -5.5219e-07
72 1.45062e-08 -5.52152e-07
73 1.45075e-08 -5.52114e-07
74 1.45088e-08 -5.52076e-07
75 1.451e-08 -5.52037e-07
76 1.45113e-08 -5.51999e-07
77 1.45126e-08 -5.51961e-07
78 1.45139e-08 -5.51922e-07
79 1.45152e-08 -5.51883e-07
80 1.45164e-08 -5.51845e-07
