26 -1.4472 16.4711
27 39000.9 14142.5
28 40525.5 9966.31
29 51617.3 3165.68
30 51388.4 3152.62
31 51333.2 3180.85
32 51335.3 3166.78
33 51324.7 3165.58
34 51315.3 3165.06
35 51308.3 3164.63
36 51302.4 3164.55
37 51296.4 3164.36
38 51291.9 3164.47
39 51287.1 3164.49
40 51283.5 3164.55
41 51280.5 3164.88
42 51276.6 3165.08
43 51273.3 3165.42
44 51270.3 3165.68
45 51267.6 3166.02
46 51264.5 3166.34
47 51262 3166.72
48 51259.5 3167.08
49 51256.9 3167.45
50 51254.4 3167.84
51 51252 3168.26
52 51249.7 3168.65
53 51247.4 3169.05
54 51245.3 3169.49
55 51243.3 3169.92
56 51241.4 3170.36
57 51239.3 3170.8
58 51237.4 3171.26
59 51235.5 3171.73
60 51233.7 3172.17
61 51231.8 3172.62
62 51230 3173.09
63 51228.1 3173.54
64 51226.3 3173.99
65 51224.4 3174.44
66 51222.6 3174.89
67 51220.8 3175.35
68 51219 3175.8
69 51217.2 3176.25
70 51215.4 3176.7
71 51213.6 3177.16
72 51211.9 3177.61
73 51210.1 3178.06
74 51208.4 3178.51
75 51206.7 3178.96
76 51205 3179.41
77 51203.3 3179.86
78 51201.6 3180.31
79 51199.9 3180.76
80 51198.2 3181.21
