26 -6.42496e-11 1.50628e-08
27 3.47721e-07 2.37036e-05
28 3.6129e-07 1.68866e-05
29 4.60192e-07 2.73944e-06
30 4.58151e-07 2.73676e-06
31 4.57658e-07 2.75524e-06
32 4.57677e-07 2.74314e-06
33 4.57583e-07 2.7422e-06
34 4.57499e-07 2.74168e-06
35 4.57437e-07 2.74132e-06
36 4.57384e-07 2.74121e-06
37 4.57331e-07 2.74103e-06
38 4.5729e-07 2.74109e-06
39 4.57248e-07 2.7411e-06
40 4.57216e-07 2.74115e-06
41 4.57189e-07 2.74138e-06
42 4.57155e-07 2.74154e-06
43 4.57125e-07 2.74179e-06
44 4.57098e-07 2.74201e-06
45 4.57074e-07 2.74227e-06
46 4.57046e-07 2.74254e-06
47 4.57024e-07 2.74284e-06
48 4.57002e-07 2.74314e-06
49 4.56978e-07 2.74345e-06
50 4.56956e-07 2.74377e-06
51 4.56935e-07 2.74411e-06
52 4.56914e-07 2.74443e-06
53 4.56894e-07 2.74476e-06
54 4.56875e-07 2.74512e-06
55 4.56857e-07 2.74548e-06
56 4.5684e-07 2.74584e-06
57 4.56822e-07 2.7462e-06
58 4.56805e-07 2.74658e-06
59 4.56788e-07 2.74696e-06
60 4.56772e-07 2.74733e-06
61 4.56755e-07 2.7477e-06
62 4.56739e-07 2.74808e-06
63 4.56722e-07 2.74845e-06
64 4.56706e-07 2.74882e-06
65 4.56689e-07 2.74919e-06
66 4.56673e-07 2.74957e-06
67 4.56657e-07 2.74994e-06
68 4.5664e-07 2.75031e-06
69 4.56624e-07 2.75069e-06
70 4.56609e-07 2.75106e-06
71 4.56593e-07 2.75143e-06
72 4.56577e-07 2.7518e-06
73 4.56562e-07 2.75218e-06
74 4.56546e-07 2.75255e-06
75 4.56531e-07 2.75292e-06
76 4.56516e-07 2.75329e-06
77 4.565e-07 2.75366e-06
78 4.56485e-07 2.75403e-06
79 4.5647e-07 2.7544e-06
80 4.56456e-07 2.75477e-06
