26 -3.83736e-11 1.88806e-08
27 3.47695e-07 1.61073e-05
28 3.6128e-07 1.14118e-05
29 4.60166e-07 2.74892e-06
30 4.58125e-07 2.74045e-06
31 4.57633e-07 2.76298e-06
32 4.57651e-07 2.75079e-06
33 4.57557e-07 2.74978e-06
34 4.57473e-07 2.7493e-06
35 4.57411e-07 2.74894e-06
36 4.57358e-07 2.74885e-06
37 4.57305e-07 2.74868e-06
38 4.57265e-07 2.74877e-06
39 4.57222e-07 2.74878e-06
40 4.5719e-07 2.74884e-06
41 4.57163e-07 2.7491e-06
42 4.57129e-07 2.74927e-06
43 4.57099e-07 2.74955e-06
44 4.57073e-07 2.74978e-06
45 4.57048e-07 2.75006e-06
46 4.5702e-07 2.75033e-06
47 4.56998e-07 2.75065e-06
48 4.56976e-07 2.75097e-06
49 4.56953e-07 2.75128e-06
50 4.56931e-07 2.75162e-06
51 4.56909e-07 2.75197e-06
52 4.56888e-07 2.7523e-06
53 4.56868e-07 2.75265e-06
54 4.56849e-07 2.75302e-06
55 4.56832e-07 2.75339e-06
56 4.56814e-07 2.75376e-06
57 4.56796e-07 2.75414e-06
58 4.56779e-07 2.75454e-06
59 4.56762e-07 2.75493e-06
60 4.56746e-07 2.75531e-06
61 4.56729e-07 2.7557e-06
62 4.56713e-07 2.75609e-06
63 4.56696e-07 2.75648e-06
64 4.5668e-07 2.75686e-06
65 4.56663e-07 2.75725e-06
66 4.56647e-07 2.75764e-06
67 4.56631e-07 2.75802e-06
68 4.56615e-07 2.75841e-06
69 4.56599e-07 2.7588e-06
70 4.56583e-07 2.75918e-06
71 4.56567e-07 2.75957e-06
72 4.56551e-07 2.75996e-06
73 4.56536e-07 2.76034e-06
74 4.56521e-07 2.76073e-06
75 4.56505e-07 2.76111e-06
76 4.5649e-07 2.7615e-06
77 4.56475e-07 2.76188e-06
78 4.5646e-07 2.76227e-06
79 4.56445e-07 2.76265e-06
80 4.5643e-07 2.76304e-06
