26 4.11927e-11 4.98169e-10
27 3.40873e-07 2.069e-06
28 3.63334e-07 1.83695e-06
29 4.60149e-07 2.65884e-06
30 4.58108e-07 2.70717e-06
31 4.57615e-07 2.6899e-06
32 4.57634e-07 2.67858e-06
33 4.57539e-07 2.67826e-06
34 4.57456e-07 2.6774e-06
35 4.57394e-07 2.67711e-06
36 4.57341e-07 2.67672e-06
37 4.57288e-07 2.6765e-06
38 4.57247e-07 2.67632e-06
39 4.57205e-07 2.67627e-06
40 4.57172e-07 2.67632e-06
41 4.57146e-07 2.67622e-06
42 4.57111e-07 2.6763e-06
43 4.57082e-07 2.67629e-06
44 4.57055e-07 2.67644e-06
45 4.5703e-07 2.67656e-06
46 4.57003e-07 2.6767e-06
47 4.56981e-07 2.67687e-06
48 4.56959e-07 2.67706e-06
49 4.56935e-07 2.67727e-06
50 4.56913e-07 2.67747e-06
51 4.56892e-07 2.67767e-06
52 4.56871e-07 2.67791e-06
53 4.56851e-07 2.67815e-06
54 4.56831e-07 2.67837e-06
55 4.56814e-07 2.67863e-06
56 4.56797e-07 2.67889e-06
57 4.56778e-07 2.67913e-06
58 4.56762e-07 2.67937e-06
59 4.56745e-07 2.67957e-06
60 4.56729e-07 2.67983e-06
61 4.56711e-07 2.68008e-06
62 4.56695e-07 2.68031e-06
63 4.56679e-07 2.68056e-06
64 4.56662e-07 2.68082e-06
65 4.56646e-07 2.68107e-06
66 4.5663e-07 2.68132e-06
67 4.56613e-07 2.68158e-06
68 4.56597e-07 2.68183e-06
69 4.56581e-07 2.68208e-06
70 4.56565e-07 2.68234e-06
71 4.5655e-07 2.68259e-06
72 4.56534e-07 2.68284e-06
73 4.56518e-07 2.68309e-06
74 4.56503e-07 2.68334e-06
75 4.56488e-07 2.68359e-06
76 4.56472e-07 2.68384e-06
77 4.56457e-07 2.68408e-06
78 4.56442e-07 2.68433e-06
79 4.56427e-07 2.68458e-06
80 4.56412e-07 2.68482e-06
