26 -3.68389 0.0990156
27 5607.77 8602.56
28 4435.19 6822.79
29 2440.41 3604.13
30 2460.86 3636.39
31 2490.45 3669.29
32 2472.52 3645.25
33 2472.34 3644.84
34 2471.5 3643.61
35 2471 3642.88
36 2470.63 3642.31
37 2470.28 3641.8
38 2470.09 3641.51
39 2469.93 3641.26
40 2469.82 3641.1
41 2469.78 3641
42 2469.76 3640.97
43 2469.77 3640.96
44 2469.82 3641.01
45 2469.88 3641.09
46 2469.96 3641.19
47 2470.07 3641.33
48 2470.18 3641.48
49 2470.3 3641.65
50 2470.44 3641.83
51 2470.58 3642.03
52 2470.73 3642.23
53 2470.89 3642.44
54 2471.05 3642.67
55 2471.23 3642.91
56 2471.41 3643.16
57 2471.58 3643.4
58 2471.77 3643.65
59 2471.94 3643.89
60 2472.12 3644.14
61 2472.31 3644.39
62 2472.49 3644.64
63 2472.67 3644.9
64 2472.86 3645.16
65 2473.05 3645.42
66 2473.23 3645.67
67 2473.42 3645.93
68 2473.61 3646.19
69 2473.8 3646.45
70 2473.98 3646.71
71 2474.17 3646.97
72 2474.36 3647.23
73 2474.54 3647.49
74 2474.73 3647.75
75 2474.92 3648.01
76 2475.1 3648.26
77 2475.29 3648.52
78 2475.47 3648.78
79 2475.66 3649.03
80 2475.84 3649.29
