26 6.52398e-11 -7.12707e-10
27 3.42388e-07 4.11051e-05
28 3.61354e-07 3.24101e-05
29 4.60292e-07 2.71226e-06
30 4.58251e-07 2.72598e-06
31 4.57758e-07 2.73297e-06
32 4.57777e-07 2.72111e-06
33 4.57682e-07 2.72037e-06
34 4.57599e-07 2.71975e-06
35 4.57537e-07 2.71941e-06
36 4.57484e-07 2.71921e-06
37 4.57431e-07 2.71902e-06
38 4.5739e-07 2.719e-06
39 4.57347e-07 2.71899e-06
40 4.57315e-07 2.71904e-06
41 4.57289e-07 2.71916e-06
42 4.57254e-07 2.7193e-06
43 4.57225e-07 2.71946e-06
44 4.57198e-07 2.71966e-06
45 4.57173e-07 2.71988e-06
46 4.57146e-07 2.7201e-06
47 4.57124e-07 2.72037e-06
48 4.57101e-07 2.72063e-06
49 4.57078e-07 2.7209e-06
50 4.57056e-07 2.72118e-06
51 4.57034e-07 2.72148e-06
52 4.57014e-07 2.72177e-06
53 4.56993e-07 2.72208e-06
54 4.56974e-07 2.72239e-06
55 4.56957e-07 2.72272e-06
56 4.5694e-07 2.72305e-06
57 4.56921e-07 2.72337e-06
58 4.56905e-07 2.7237e-06
59 4.56888e-07 2.72403e-06
60 4.56871e-07 2.72436e-06
61 4.56854e-07 2.72469e-06
62 4.56838e-07 2.72502e-06
63 4.56822e-07 2.72536e-06
64 4.56805e-07 2.72569e-06
65 4.56789e-07 2.72602e-06
66 4.56772e-07 2.72636e-06
67 4.56756e-07 2.72669e-06
68 4.5674e-07 2.72703e-06
69 4.56724e-07 2.72736e-06
70 4.56708e-07 2.7277e-06
71 4.56692e-07 2.72803e-06
72 4.56677e-07 2.72836e-06
73 4.56661e-07 2.7287e-06
74 4.56646e-07 2.72903e-06
75 4.5663e-07 2.72936e-06
76 4.56615e-07 2.72969e-06
77 4.566e-07 2.73003e-06
78 4.56585e-07 2.73036e-06
79 4.5657e-07 2.73069e-06
80 4.56555e-07 2.73102e-06
