26 -2.71783 1.48951
27 4153.44 1329.06
28 3293.7 1113.29
29 1779.96 299.178
30 1800.18 330.623
31 1817.79 303.327
32 1805.05 305.278
33 1804.95 305.298
34 1804.31 305.024
35 1803.94 304.967
36 1803.64 304.766
37 1803.38 304.669
38 1803.22 304.503
39 1803.09 304.421
40 1803 304.368
41 1802.94 304.181
42 1802.91 304.105
43 1802.89 303.953
44 1802.92 303.887
45 1802.95 303.795
46 1802.99 303.708
47 1803.05 303.625
48 1803.12 303.547
49 1803.2 303.479
50 1803.28 303.406
51 1803.37 303.321
52 1803.46 303.262
53 1803.57 303.199
54 1803.67 303.122
55 1803.79 303.06
56 1803.9 302.996
57 1804.02 302.924
58 1804.13 302.847
59 1804.24 302.757
60 1804.36 302.695
61 1804.48 302.624
62 1804.6 302.543
63 1804.72 302.477
64 1804.84 302.412
65 1804.96 302.345
66 1805.08 302.278
67 1805.21 302.212
68 1805.33 302.146
69 1805.45 302.081
70 1805.57 302.015
71 1805.7 301.949
72 1805.82 301.884
73 1805.94 301.819
74 1806.06 301.754
75 1806.19 301.688
76 1806.31 301.623
77 1806.43 301.558
78 1806.55 301.493
79 1806.67 301.428
80 1806.79 301.363
