26 -10.2187 20.8894
27 39001 22877.4
28 40524.1 16261.8
29 51617.4 3155.11
30 51388.5 3148.7
31 51333.3 3172.27
32 51335.4 3158.3
33 51324.7 3157.18
34 51315.4 3156.61
35 51308.4 3156.2
36 51302.5 3156.08
37 51296.5 3155.88
38 51292 3155.97
39 51287.2 3155.98
40 51283.6 3156.04
41 51280.6 3156.32
42 51276.7 3156.51
43 51273.4 3156.82
44 51270.4 3157.08
45 51267.6 3157.39
46 51264.6 3157.7
47 51262.1 3158.06
48 51259.6 3158.41
49 51257 3158.77
50 51254.5 3159.14
51 51252.1 3159.54
52 51249.8 3159.92
53 51247.5 3160.31
54 51245.3 3160.73
55 51243.4 3161.15
56 51241.4 3161.57
57 51239.4 3161.99
58 51237.5 3162.44
59 51235.6 3162.88
60 51233.8 3163.31
61 51231.9 3163.75
62 51230.1 3164.19
63 51228.2 3164.63
64 51226.4 3165.06
65 51224.5 3165.5
66 51222.7 3165.94
67 51220.9 3166.37
68 51219.1 3166.81
69 51217.3 3167.25
70 51215.5 3167.68
71 51213.7 3168.12
72 51212 3168.56
73 51210.2 3168.99
74 51208.5 3169.43
75 51206.8 3169.86
76 51205.1 3170.3
77 51203.4 3170.73
78 51201.7 3171.17
79 51200 3171.6
80 51198.3 3172.03
