26 -3.81184 -0.0296223
27 5671.99 8896.7
28 4484.24 7046.61
29 2473.91 3760.51
30 2493.57 3788.62
31 2524.37 3827.51
32 2506.12 3801.96
33 2505.93 3801.51
34 2505.09 3800.26
35 2504.58 3799.51
36 2504.21 3798.94
37 2503.86 3798.41
38 2503.67 3798.13
39 2503.51 3797.89
40 2503.4 3797.73
41 2503.36 3797.66
42 2503.35 3797.64
43 2503.37 3797.66
44 2503.41 3797.73
45 2503.48 3797.83
46 2503.56 3797.94
47 2503.68 3798.11
48 2503.79 3798.28
49 2503.92 3798.47
50 2504.06 3798.67
51 2504.21 3798.9
52 2504.36 3799.12
53 2504.53 3799.36
54 2504.7 3799.61
55 2504.88 3799.88
56 2505.06 3800.15
57 2505.24 3800.42
58 2505.43 3800.7
59 2505.61 3800.97
60 2505.8 3801.24
61 2505.99 3801.52
62 2506.18 3801.8
63 2506.37 3802.08
64 2506.56 3802.37
65 2506.75 3802.65
66 2506.94 3802.94
67 2507.14 3803.22
68 2507.33 3803.51
69 2507.52 3803.8
70 2507.71 3804.08
71 2507.91 3804.37
72 2508.1 3804.65
73 2508.29 3804.94
74 2508.48 3805.22
75 2508.68 3805.51
76 2508.87 3805.79
77 2509.06 3806.08
78 2509.25 3806.36
79 2509.44 3806.64
80 2509.63 3806.92
