26 1.13294e-11 9.81106e-09
27 3.47682e-07 9.76186e-06
28 3.61276e-07 6.83856e-06
29 4.60153e-07 2.75673e-06
30 4.58113e-07 2.74344e-06
31 4.5762e-07 2.76935e-06
32 4.57639e-07 2.75708e-06
33 4.57544e-07 2.75601e-06
34 4.57461e-07 2.75557e-06
35 4.57399e-07 2.7552e-06
36 4.57346e-07 2.75514e-06
37 4.57293e-07 2.75497e-06
38 4.57252e-07 2.75508e-06
39 4.57209e-07 2.7551e-06
40 4.57177e-07 2.75516e-06
41 4.57151e-07 2.75545e-06
42 4.57116e-07 2.75563e-06
43 4.57087e-07 2.75593e-06
44 4.5706e-07 2.75617e-06
45 4.57035e-07 2.75646e-06
46 4.57008e-07 2.75675e-06
47 4.56986e-07 2.75708e-06
48 4.56964e-07 2.75741e-06
49 4.5694e-07 2.75773e-06
50 4.56918e-07 2.75807e-06
51 4.56896e-07 2.75845e-06
52 4.56876e-07 2.75878e-06
53 4.56856e-07 2.75914e-06
54 4.56836e-07 2.75952e-06
55 4.56819e-07 2.7599e-06
56 4.56802e-07 2.76029e-06
57 4.56783e-07 2.76068e-06
58 4.56767e-07 2.76108e-06
59 4.5675e-07 2.7615e-06
60 4.56733e-07 2.76188e-06
61 4.56716e-07 2.76228e-06
62 4.567e-07 2.76269e-06
63 4.56684e-07 2.76309e-06
64 4.56667e-07 2.76348e-06
65 4.56651e-07 2.76388e-06
66 4.56634e-07 2.76428e-06
67 4.56618e-07 2.76468e-06
68 4.56602e-07 2.76508e-06
69 4.56586e-07 2.76547e-06
70 4.5657e-07 2.76587e-06
71 4.56554e-07 2.76627e-06
72 4.56539e-07 2.76667e-06
73 4.56523e-07 2.76707e-06
74 4.56508e-07 2.76746e-06
75 4.56493e-07 2.76786e-06
76 4.56477e-07 2.76826e-06
77 4.56462e-07 2.76865e-06
78 4.56447e-07 2.76905e-06
79 4.56432e-07 2.76945e-06
80 4.56417e-07 2.76984e-06
