26 1.71202e-11 1.50118e-09
27 3.40875e-07 7.79591e-06
28 3.63335e-07 6.21687e-06
29 4.6015e-07 2.66475e-06
30 4.5811e-07 2.70934e-06
31 4.57617e-07 2.6947e-06
32 4.57636e-07 2.68332e-06
33 4.57541e-07 2.68295e-06
34 4.57458e-07 2.68212e-06
35 4.57395e-07 2.68182e-06
36 4.57342e-07 2.68146e-06
37 4.57289e-07 2.68124e-06
38 4.57249e-07 2.68107e-06
39 4.57206e-07 2.68103e-06
40 4.57174e-07 2.68108e-06
41 4.57147e-07 2.681e-06
42 4.57113e-07 2.68109e-06
43 4.57083e-07 2.68109e-06
44 4.57057e-07 2.68125e-06
45 4.57032e-07 2.68139e-06
46 4.57005e-07 2.68153e-06
47 4.56982e-07 2.68172e-06
48 4.5696e-07 2.68191e-06
49 4.56937e-07 2.68212e-06
50 4.56915e-07 2.68234e-06
51 4.56893e-07 2.68255e-06
52 4.56873e-07 2.68279e-06
53 4.56852e-07 2.68304e-06
54 4.56833e-07 2.68327e-06
55 4.56816e-07 2.68354e-06
56 4.56798e-07 2.6838e-06
57 4.5678e-07 2.68405e-06
58 4.56763e-07 2.6843e-06
59 4.56747e-07 2.68452e-06
60 4.5673e-07 2.68479e-06
61 4.56713e-07 2.68504e-06
62 4.56697e-07 2.68528e-06
63 4.5668e-07 2.68555e-06
64 4.56664e-07 2.68581e-06
65 4.56648e-07 2.68607e-06
66 4.56631e-07 2.68633e-06
67 4.56615e-07 2.68659e-06
68 4.56599e-07 2.68686e-06
69 4.56583e-07 2.68712e-06
70 4.56567e-07 2.68738e-06
71 4.56551e-07 2.68764e-06
72 4.56536e-07 2.6879e-06
73 4.5652e-07 2.68816e-06
74 4.56505e-07 2.68842e-06
75 4.56489e-07 2.68868e-06
76 4.56474e-07 2.68893e-06
77 4.56459e-07 2.68919e-06
78 4.56444e-07 2.68945e-06
79 4.56429e-07 2.6897e-06
80 4.56414e-07 2.68995e-06
