26 -9.18174 0.545537
27 2733.52 -6036.61
28 2147.53 -4827.61
29 1235.94 -2536.34
30 1237.37 -2599.85
31 1259.04 -2608.22
32 1249.39 -2589.96
33 1249.24 -2590.2
34 1248.87 -2589.05
35 1248.62 -2588.51
36 1248.48 -2587.91
37 1248.32 -2587.46
38 1248.27 -2587.08
39 1248.2 -2586.82
40 1248.16 -2586.65
41 1248.19 -2586.38
42 1248.2 -2586.27
43 1248.25 -2586.09
44 1248.29 -2586.06
45 1248.35 -2586
46 1248.42 -2585.97
47 1248.5 -2585.97
48 1248.58 -2585.98
49 1248.67 -2586.01
50 1248.76 -2586.05
51 1248.86 -2586.08
52 1248.95 -2586.15
53 1249.06 -2586.22
54 1249.17 -2586.28
55 1249.28 -2586.37
56 1249.39 -2586.46
57 1249.51 -2586.54
58 1249.63 -2586.62
59 1249.74 -2586.67
60 1249.86 -2586.76
61 1249.98 -2586.84
62 1250.1 -2586.92
63 1250.21 -2587.01
64 1250.33 -2587.1
65 1250.45 -2587.19
66 1250.57 -2587.29
67 1250.69 -2587.38
68 1250.81 -2587.47
69 1250.92 -2587.57
70 1251.04 -2587.66
71 1251.16 -2587.76
72 1251.28 -2587.85
73 1251.4 -2587.94
74 1251.52 -2588.04
75 1251.63 -2588.13
76 1251.75 -2588.22
77 1251.87 -2588.31
78 1251.99 -2588.41
79 1252.1 -2588.5
80 1252.22 -2588.59
