26 2.21135 -4.07592
27 100.152 -19227.2
28 62.7599 -15264.2
29 92.3384 -8265.56
30 83.7191 -8379.21
31 91.8726 -8455.46
32 90.5961 -8395.23
33 90.5271 -8395.06
34 90.5554 -8391.93
35 90.5391 -8390.22
36 90.5733 -8388.73
37 90.579 -8387.46
38 90.6154 -8386.63
39 90.6286 -8385.98
40 90.6379 -8385.56
41 90.6902 -8385.16
42 90.7114 -8385.02
43 90.7565 -8384.85
44 90.779 -8384.92
45 90.8106 -8385.01
46 90.8409 -8385.14
47 90.8729 -8385.4
48 90.9031 -8385.66
49 90.9314 -8385.99
50 90.9618 -8386.34
51 90.9964 -8386.7
52 91.0235 -8387.11
53 91.0527 -8387.54
54 91.0864 -8387.99
55 91.1167 -8388.49
56 91.1473 -8388.99
57 91.1804 -8389.47
58 91.2153 -8389.98
59 91.2537 -8390.43
60 91.2842 -8390.94
61 91.3173 -8391.45
62 91.3535 -8391.94
63 91.3857 -8392.47
64 91.4173 -8392.99
65 91.4497 -8393.51
66 91.482 -8394.04
67 91.5141 -8394.57
68 91.5462 -8395.09
69 91.5782 -8395.62
70 91.6104 -8396.15
71 91.6424 -8396.68
72 91.6745 -8397.2
73 91.7063 -8397.73
74 91.7384 -8398.26
75 91.7704 -8398.78
76 91.8022 -8399.31
77 91.834 -8399.83
78 91.8659 -8400.35
79 91.8977 -8400.87
80 91.9295 -8401.39
