26 -3.77099 0.00622172
27 5655.93 8824.63
28 4472.2 6993.12
29 2464.8 3717.85
30 2484.79 3747.77
31 2515.17 3784.51
32 2497.02 3759.42
33 2496.83 3758.99
34 2495.99 3757.73
35 2495.49 3756.99
36 2495.11 3756.42
37 2494.76 3755.89
38 2494.58 3755.61
39 2494.41 3755.36
40 2494.31 3755.2
41 2494.26 3755.12
42 2494.25 3755.09
43 2494.26 3755.1
44 2494.31 3755.16
45 2494.38 3755.26
46 2494.46 3755.36
47 2494.57 3755.52
48 2494.68 3755.68
49 2494.81 3755.87
50 2494.95 3756.06
51 2495.1 3756.28
52 2495.25 3756.49
53 2495.41 3756.72
54 2495.58 3756.97
55 2495.76 3757.23
56 2495.94 3757.49
57 2496.12 3757.75
58 2496.31 3758.02
59 2496.48 3758.27
60 2496.67 3758.54
61 2496.86 3758.81
62 2497.04 3759.08
63 2497.23 3759.36
64 2497.42 3759.63
65 2497.61 3759.91
66 2497.8 3760.18
67 2497.99 3760.46
68 2498.18 3760.73
69 2498.38 3761.01
70 2498.57 3761.29
71 2498.76 3761.57
72 2498.95 3761.84
73 2499.14 3762.12
74 2499.33 3762.4
75 2499.52 3762.67
76 2499.71 3762.95
77 2499.9 3763.22
78 2500.09 3763.49
79 2500.27 3763.77
80 2500.46 3764.04
