26 -3.23346e-11 1.62642e-10
27 4.9599e-08 7.28673e-06
28 3.9235e-08 5.78268e-06
29 2.1568e-08 3.03974e-06
30 2.17523e-08 3.0689e-06
31 2.2011e-08 3.09494e-06
32 2.18528e-08 3.07485e-06
33 2.18512e-08 3.07451e-06
34 2.18438e-08 3.07346e-06
35 2.18394e-08 3.07285e-06
36 2.18361e-08 3.07236e-06
37 2.1833e-08 3.07192e-06
38 2.18313e-08 3.07166e-06
39 2.18299e-08 3.07145e-06
40 2.18289e-08 3.07131e-06
41 2.18285e-08 3.07122e-06
42 2.18284e-08 3.07119e-06
43 2.18284e-08 3.07117e-06
44 2.18288e-08 3.07121e-06
45 2.18294e-08 3.07127e-06
46 2.183e-08 3.07134e-06
47 2.1831e-08 3.07146e-06
48 2.1832e-08 3.07158e-06
49 2.18331e-08 3.07172e-06
50 2.18343e-08 3.07187e-06
51 2.18355e-08 3.07202e-06
52 2.18368e-08 3.07219e-06
53 2.18382e-08 3.07237e-06
54 2.18397e-08 3.07255e-06
55 2.18412e-08 3.07275e-06
56 2.18428e-08 3.07295e-06
57 2.18443e-08 3.07315e-06
58 2.18459e-08 3.07336e-06
59 2.18474e-08 3.07355e-06
60 2.1849e-08 3.07376e-06
61 2.18506e-08 3.07396e-06
62 2.18522e-08 3.07417e-06
63 2.18539e-08 3.07438e-06
64 2.18555e-08 3.07459e-06
65 2.18572e-08 3.0748e-06
66 2.18588e-08 3.07501e-06
67 2.18604e-08 3.07523e-06
68 2.18621e-08 3.07544e-06
69 2.18637e-08 3.07565e-06
70 2.18654e-08 3.07587e-06
71 2.1867e-08 3.07608e-06
72 2.18687e-08 3.07629e-06
73 2.18703e-08 3.07651e-06
74 2.18719e-08 3.07672e-06
75 2.18736e-08 3.07693e-06
76 2.18752e-08 3.07714e-06
77 2.18768e-08 3.07736e-06
78 2.18785e-08 3.07757e-06
79 2.18801e-08 3.07778e-06
80 2.18817e-08 3.07799e-06
