26 5.9923 -6.85733
27 95.5677 -21526
28 88.9828 -16930
29 4214.53 -8256.96
30 1056.43 -8240.25
31 1240.6 -8180.8
32 1183.53 -8162.81
33 1162.8 -8157.89
34 1154.87 -8155.26
35 1148.63 -8153.29
36 1143.89 -8151.85
37 1140.16 -8150.46
38 1137.13 -8149.69
39 1134.74 -8148.93
40 1132.78 -8148.35
41 1131.27 -8148.11
42 1130.27 -8147.87
43 1129.52 -8147.8
44 1128.93 -8147.77
45 1128.5 -8147.84
46 1128.36 -8147.93
47 1128.24 -8148.15
48 1128.25 -8148.37
49 1128.45 -8148.63
50 1128.72 -8148.94
51 1129.1 -8149.29
52 1129.45 -8149.62
53 1129.89 -8150.01
54 1130.4 -8150.43
55 1130.91 -8150.89
56 1131.45 -8151.34
57 1132.06 -8151.81
58 1132.65 -8152.31
59 1133.26 -8152.8
60 1133.86 -8153.28
61 1134.54 -8153.78
62 1135.19 -8154.29
63 1135.87 -8154.81
64 1136.56 -8155.32
65 1137.27 -8155.84
66 1137.97 -8156.36
67 1138.69 -8156.88
68 1139.41 -8157.41
69 1140.12 -8157.94
70 1140.84 -8158.47
71 1141.56 -8159.01
72 1142.27 -8159.54
73 1142.99 -8160.08
74 1143.71 -8160.62
75 1144.43 -8161.16
76 1145.14 -8161.7
77 1145.86 -8162.24
78 1146.58 -8162.78
79 1147.3 -8163.32
80 1148.01 -8163.87
