26 -3.88826 -0.0285002
27 5660.39 8810.85
28 4473.24 6970.01
29 2474.77 3751.11
30 2493.29 3773.75
31 2524.95 3816.56
32 2506.63 3790.74
33 2506.43 3790.26
34 2505.59 3789.04
35 2505.09 3788.29
36 2504.72 3787.75
37 2504.37 3787.24
38 2504.2 3786.98
39 2504.03 3786.75
40 2503.93 3786.6
41 2503.89 3786.56
42 2503.88 3786.55
43 2503.91 3786.59
44 2503.96 3786.68
45 2504.03 3786.79
46 2504.11 3786.92
47 2504.23 3787.11
48 2504.35 3787.29
49 2504.48 3787.49
50 2504.62 3787.71
51 2504.78 3787.95
52 2504.93 3788.19
53 2505.1 3788.44
54 2505.27 3788.71
55 2505.46 3788.99
56 2505.64 3789.27
57 2505.83 3789.56
58 2506.02 3789.85
59 2506.2 3790.13
60 2506.39 3790.42
61 2506.58 3790.72
62 2506.78 3791.01
63 2506.97 3791.31
64 2507.17 3791.61
65 2507.36 3791.91
66 2507.56 3792.2
67 2507.75 3792.5
68 2507.95 3792.8
69 2508.14 3793.1
70 2508.34 3793.4
71 2508.53 3793.7
72 2508.73 3794
73 2508.93 3794.3
74 2509.12 3794.6
75 2509.31 3794.9
76 2509.51 3795.19
77 2509.7 3795.49
78 2509.9 3795.79
79 2510.09 3796.08
80 2510.28 3796.38
