26 1.92046 1.72576
27 38237.5 8962.25
28 40756.9 7146.97
29 51617.2 3063.44
30 51388.3 3114.71
31 51333 3097.87
32 51335.1 3084.78
33 51324.5 3084.36
34 51315.2 3083.4
35 51308.2 3083.07
36 51302.2 3082.65
37 51296.3 3082.4
38 51291.7 3082.2
39 51287 3082.15
40 51283.4 3082.21
41 51280.4 3082.12
42 51276.5 3082.22
43 51273.2 3082.23
44 51270.2 3082.41
45 51267.4 3082.56
46 51264.3 3082.73
47 51261.9 3082.94
48 51259.4 3083.16
49 51256.7 3083.41
50 51254.3 3083.66
51 51251.8 3083.9
52 51249.5 3084.18
53 51247.3 3084.46
54 51245.1 3084.73
55 51243.2 3085.04
56 51241.2 3085.34
57 51239.2 3085.63
58 51237.3 3085.91
59 51235.4 3086.17
60 51233.6 3086.47
61 51231.6 3086.77
62 51229.8 3087.05
63 51228 3087.35
64 51226.1 3087.65
65 51224.3 3087.95
66 51222.5 3088.25
67 51220.6 3088.55
68 51218.8 3088.85
69 51217 3089.15
70 51215.3 3089.45
71 51213.5 3089.75
72 51211.7 3090.05
73 51210 3090.35
74 51208.3 3090.65
75 51206.5 3090.95
76 51204.8 3091.24
77 51203.1 3091.54
78 51201.4 3091.83
79 51199.8 3092.12
80 51198.1 3092.41
