26 -2.57901e-11 1.10538e-09
27 4.11489e-08 3.30556e-06
28 3.26075e-08 2.6605e-06
29 1.7711e-08 1.22139e-06
30 1.78972e-08 1.25184e-06
31 1.80836e-08 1.24347e-06
32 1.79559e-08 1.23778e-06
33 1.79548e-08 1.2377e-06
34 1.79485e-08 1.23716e-06
35 1.79449e-08 1.23692e-06
36 1.7942e-08 1.23662e-06
37 1.79394e-08 1.23641e-06
38 1.79378e-08 1.23621e-06
39 1.79366e-08 1.23609e-06
40 1.79358e-08 1.23601e-06
41 1.79352e-08 1.23585e-06
42 1.7935e-08 1.23579e-06
43 1.79349e-08 1.23569e-06
44 1.79351e-08 1.23566e-06
45 1.79355e-08 1.23562e-06
46 1.79359e-08 1.23559e-06
47 1.79366e-08 1.23558e-06
48 1.79373e-08 1.23557e-06
49 1.79381e-08 1.23557e-06
50 1.7939e-08 1.23557e-06
51 1.79399e-08 1.23557e-06
52 1.79409e-08 1.23559e-06
53 1.7942e-08 1.23561e-06
54 1.79431e-08 1.23562e-06
55 1.79443e-08 1.23565e-06
56 1.79454e-08 1.23568e-06
57 1.79466e-08 1.2357e-06
58 1.79478e-08 1.23572e-06
59 1.7949e-08 1.23572e-06
60 1.79502e-08 1.23575e-06
61 1.79514e-08 1.23578e-06
62 1.79526e-08 1.23579e-06
63 1.79539e-08 1.23582e-06
64 1.79551e-08 1.23585e-06
65 1.79564e-08 1.23588e-06
66 1.79576e-08 1.23591e-06
67 1.79589e-08 1.23594e-06
68 1.79601e-08 1.23597e-06
69 1.79614e-08 1.236e-06
70 1.79627e-08 1.23603e-06
71 1.79639e-08 1.23606e-06
72 1.79652e-08 1.23609e-06
73 1.79664e-08 1.23612e-06
74 1.79677e-08 1.23615e-06
75 1.79689e-08 1.23618e-06
76 1.79702e-08 1.23621e-06
77 1.79714e-08 1.23624e-06
78 1.79727e-08 1.23627e-06
79 1.79739e-08 1.2363e-06
80 1.79751e-08 1.23633e-06
