26 3.30389e-11 4.34309e-09
27 3.4088e-07 1.22348e-05
28 3.63337e-07 9.61174e-06
29 4.60156e-07 2.66929e-06
30 4.58115e-07 2.71098e-06
31 4.57622e-07 2.69837e-06
32 4.57641e-07 2.68694e-06
33 4.57546e-07 2.68654e-06
34 4.57463e-07 2.68573e-06
35 4.57401e-07 2.68543e-06
36 4.57348e-07 2.68508e-06
37 4.57295e-07 2.68486e-06
38 4.57254e-07 2.68471e-06
39 4.57212e-07 2.68467e-06
40 4.5718e-07 2.68472e-06
41 4.57153e-07 2.68466e-06
42 4.57118e-07 2.68475e-06
43 4.57089e-07 2.68477e-06
44 4.57062e-07 2.68493e-06
45 4.57037e-07 2.68508e-06
46 4.5701e-07 2.68523e-06
47 4.56988e-07 2.68542e-06
48 4.56966e-07 2.68562e-06
49 4.56942e-07 2.68584e-06
50 4.5692e-07 2.68606e-06
51 4.56899e-07 2.68628e-06
52 4.56878e-07 2.68653e-06
53 4.56858e-07 2.68678e-06
54 4.56839e-07 2.68702e-06
55 4.56821e-07 2.68729e-06
56 4.56804e-07 2.68756e-06
57 4.56785e-07 2.68782e-06
58 4.56769e-07 2.68808e-06
59 4.56752e-07 2.68831e-06
60 4.56736e-07 2.68858e-06
61 4.56718e-07 2.68884e-06
62 4.56703e-07 2.68909e-06
63 4.56686e-07 2.68936e-06
64 4.5667e-07 2.68963e-06
65 4.56653e-07 2.6899e-06
66 4.56637e-07 2.69017e-06
67 4.5662e-07 2.69044e-06
68 4.56604e-07 2.6907e-06
69 4.56588e-07 2.69097e-06
70 4.56572e-07 2.69124e-06
71 4.56557e-07 2.69151e-06
72 4.56541e-07 2.69177e-06
73 4.56526e-07 2.69204e-06
74 4.5651e-07 2.69231e-06
75 4.56495e-07 2.69257e-06
76 4.56479e-07 2.69284e-06
77 4.56464e-07 2.6931e-06
78 4.56449e-07 2.69336e-06
79 4.56434e-07 2.69363e-06
80 4.56419e-07 2.69389e-06
