26 4.15433 6.89295
27 38237.4 15759.9
28 40756.3 12345.9
29 51617.1 3070.49
30 51388.2 3117.32
31 51332.9 3103.59
32 51335 3090.44
33 51324.4 3089.97
34 51315.1 3089.04
35 51308.1 3088.69
36 51302.2 3088.3
37 51296.2 3088.05
38 51291.7 3087.88
39 51286.9 3087.83
40 51283.3 3087.89
41 51280.3 3087.83
42 51276.4 3087.94
43 51273.1 3087.97
44 51270.1 3088.15
45 51267.3 3088.32
46 51264.3 3088.5
47 51261.8 3088.72
48 51259.3 3088.95
49 51256.7 3089.21
50 51254.2 3089.47
51 51251.8 3089.72
52 51249.5 3090
53 51247.2 3090.3
54 51245 3090.58
55 51243.1 3090.89
56 51241.1 3091.2
57 51239.1 3091.5
58 51237.2 3091.8
59 51235.3 3092.07
60 51233.5 3092.39
61 51231.6 3092.69
62 51229.8 3092.98
63 51227.9 3093.29
64 51226.1 3093.61
65 51224.2 3093.92
66 51222.4 3094.23
67 51220.6 3094.54
68 51218.8 3094.85
69 51217 3095.16
70 51215.2 3095.47
71 51213.4 3095.78
72 51211.7 3096.09
73 51209.9 3096.4
74 51208.2 3096.71
75 51206.5 3097.02
76 51204.8 3097.32
77 51203.1 3097.63
78 51201.4 3097.93
79 51199.7 3098.24
80 51198 3098.54
