26 1.43903e-11 5.30285e-09
27 3.47765e-07 3.25778e-05
28 3.61307e-07 2.32824e-05
29 4.60236e-07 2.72822e-06
30 4.58196e-07 2.7323e-06
31 4.57703e-07 2.74604e-06
32 4.57722e-07 2.73404e-06
33 4.57627e-07 2.73318e-06
34 4.57544e-07 2.73262e-06
35 4.57482e-07 2.73227e-06
36 4.57429e-07 2.73212e-06
37 4.57376e-07 2.73194e-06
38 4.57335e-07 2.73196e-06
39 4.57292e-07 2.73197e-06
40 4.5726e-07 2.73202e-06
41 4.57234e-07 2.7322e-06
42 4.57199e-07 2.73235e-06
43 4.5717e-07 2.73257e-06
44 4.57143e-07 2.73278e-06
45 4.57118e-07 2.73302e-06
46 4.57091e-07 2.73327e-06
47 4.57069e-07 2.73356e-06
48 4.57046e-07 2.73384e-06
49 4.57023e-07 2.73413e-06
50 4.57001e-07 2.73444e-06
51 4.56979e-07 2.73476e-06
52 4.56959e-07 2.73507e-06
53 4.56939e-07 2.73539e-06
54 4.56919e-07 2.73573e-06
55 4.56902e-07 2.73608e-06
56 4.56885e-07 2.73642e-06
57 4.56866e-07 2.73677e-06
58 4.5685e-07 2.73713e-06
59 4.56833e-07 2.73749e-06
60 4.56816e-07 2.73784e-06
61 4.56799e-07 2.73819e-06
62 4.56783e-07 2.73855e-06
63 4.56767e-07 2.73891e-06
64 4.5675e-07 2.73927e-06
65 4.56734e-07 2.73962e-06
66 4.56717e-07 2.73998e-06
67 4.56701e-07 2.74034e-06
68 4.56685e-07 2.74069e-06
69 4.56669e-07 2.74105e-06
70 4.56653e-07 2.74141e-06
71 4.56637e-07 2.74177e-06
72 4.56622e-07 2.74212e-06
73 4.56606e-07 2.74248e-06
74 4.56591e-07 2.74283e-06
75 4.56575e-07 2.74319e-06
76 4.5656e-07 2.74354e-06
77 4.56545e-07 2.7439e-06
78 4.5653e-07 2.74425e-06
79 4.56515e-07 2.74461e-06
80 4.565e-07 2.74496e-06
