26 -3.30862e-11 1.01856e-09
27 3.64886e-08 6.71198e-07
28 2.87514e-08 4.94142e-07
29 1.62294e-08 3.40909e-07
30 1.6298e-08 3.1279e-07
31 1.65453e-08 3.32062e-07
32 1.64217e-08 3.29595e-07
33 1.642e-08 3.29235e-07
34 1.64149e-08 3.29328e-07
35 1.64116e-08 3.29277e-07
36 1.64095e-08 3.29379e-07
37 1.64073e-08 3.29396e-07
38 1.64064e-08 3.29505e-07
39 1.64054e-08 3.29544e-07
40 1.64048e-08 3.29574e-07
41 1.64049e-08 3.29733e-07
42 1.6405e-08 3.29796e-07
43 1.64053e-08 3.29932e-07
44 1.64058e-08 3.3e-07
45 1.64064e-08 3.30096e-07
46 1.64071e-08 3.30188e-07
47 1.64081e-08 3.30285e-07
48 1.6409e-08 3.30377e-07
49 1.641e-08 3.30462e-07
50 1.64111e-08 3.30555e-07
51 1.64122e-08 3.30659e-07
52 1.64134e-08 3.30742e-07
53 1.64146e-08 3.3083e-07
54 1.64159e-08 3.30933e-07
55 1.64172e-08 3.31026e-07
56 1.64186e-08 3.31119e-07
57 1.64199e-08 3.3122e-07
58 1.64214e-08 3.31327e-07
59 1.64227e-08 3.31444e-07
60 1.64241e-08 3.31537e-07
61 1.64255e-08 3.31638e-07
62 1.6427e-08 3.31749e-07
63 1.64284e-08 3.31847e-07
64 1.64298e-08 3.31944e-07
65 1.64312e-08 3.32043e-07
66 1.64326e-08 3.32142e-07
67 1.64341e-08 3.3224e-07
68 1.64355e-08 3.32339e-07
69 1.64369e-08 3.32437e-07
70 1.64383e-08 3.32536e-07
71 1.64397e-08 3.32634e-07
72 1.64412e-08 3.32733e-07
73 1.64426e-08 3.3283e-07
74 1.6444e-08 3.32929e-07
75 1.64454e-08 3.33027e-07
76 1.64468e-08 3.33125e-07
77 1.64483e-08 3.33223e-07
78 1.64497e-08 3.33321e-07
79 1.64511e-08 3.33419e-07
80 1.64525e-08 3.33517e-07
