26 -2.9275 1.15071
27 4848.26 4867.06
28 3840.46 3897.59
29 2091.13 1884.05
30 2112.26 1920.08
31 2134.91 1918.51
32 2119.78 1908.26
33 2119.64 1908.11
34 2118.91 1907.34
35 2118.48 1906.97
36 2118.14 1906.57
37 2117.83 1906.26
38 2117.66 1906.01
39 2117.51 1905.84
40 2117.41 1905.73
41 2117.35 1905.57
42 2117.33 1905.5
43 2117.32 1905.4
44 2117.35 1905.38
45 2117.4 1905.36
46 2117.45 1905.34
47 2117.54 1905.36
48 2117.62 1905.38
49 2117.72 1905.41
50 2117.82 1905.45
51 2117.94 1905.49
52 2118.05 1905.54
53 2118.18 1905.6
54 2118.31 1905.66
55 2118.46 1905.73
56 2118.6 1905.81
57 2118.74 1905.87
58 2118.89 1905.94
59 2119.02 1905.99
60 2119.17 1906.07
61 2119.32 1906.15
62 2119.46 1906.21
63 2119.61 1906.29
64 2119.76 1906.37
65 2119.91 1906.44
66 2120.06 1906.52
67 2120.21 1906.6
68 2120.36 1906.68
69 2120.51 1906.76
70 2120.66 1906.84
71 2120.81 1906.92
72 2120.97 1907
73 2121.12 1907.08
74 2121.27 1907.15
75 2121.42 1907.23
76 2121.57 1907.31
77 2121.72 1907.39
78 2121.86 1907.47
79 2122.01 1907.55
80 2122.16 1907.62
