26 4.98305 5.2418
27 39000.8 6862.2
28 40526.1 4719.31
29 51617.3 3174.48
30 51388.4 3155.88
31 51333.1 3188
32 51335.2 3173.84
33 51324.6 3172.57
34 51315.2 3172.09
35 51308.3 3171.66
36 51302.3 3171.61
37 51296.4 3171.42
38 51291.8 3171.56
39 51287 3171.59
40 51283.4 3171.65
41 51280.4 3172.01
42 51276.6 3172.22
43 51273.3 3172.59
44 51270.3 3172.86
45 51267.5 3173.21
46 51264.4 3173.55
47 51261.9 3173.94
48 51259.5 3174.32
49 51256.8 3174.7
50 51254.3 3175.1
51 51251.9 3175.53
52 51249.6 3175.93
53 51247.3 3176.34
54 51245.2 3176.79
55 51243.2 3177.24
56 51241.3 3177.68
57 51239.2 3178.14
58 51237.4 3178.62
59 51235.5 3179.1
60 51233.6 3179.55
61 51231.7 3180.02
62 51229.9 3180.5
63 51228.1 3180.97
64 51226.2 3181.43
65 51224.4 3181.89
66 51222.5 3182.36
67 51220.7 3182.82
68 51218.9 3183.29
69 51217.1 3183.76
70 51215.3 3184.22
71 51213.6 3184.69
72 51211.8 3185.15
73 51210.1 3185.62
74 51208.3 3186.08
75 51206.6 3186.55
76 51204.9 3187.01
77 51203.2 3187.48
78 51201.5 3187.94
79 51199.8 3188.4
80 51198.2 3188.87
