26 2.31237 -5.25015
27 -95.5626 -20674.7
28 -92.1577 -16408.4
29 2437.92 -8685.13
30 194.824 -8746.85
31 -339.427 -8790.3
32 -598.223 -8732.16
33 -609.178 -8728.98
34 -606.309 -8725.89
35 -601.869 -8724.07
36 -596.847 -8722.55
37 -591.156 -8721.25
38 -585.081 -8720.42
39 -578.537 -8719.77
40 -571.907 -8719.36
41 -565.178 -8719.01
42 -557.994 -8718.89
43 -550.778 -8718.77
44 -543.474 -8718.87
45 -536.068 -8719.01
46 -528.548 -8719.19
47 -521.051 -8719.5
48 -513.527 -8719.81
49 -505.916 -8720.19
50 -498.317 -8720.6
51 -490.72 -8721.03
52 -483.14 -8721.49
53 -475.566 -8721.99
54 -468.025 -8722.51
55 -460.546 -8723.07
56 -453.085 -8723.64
57 -445.637 -8724.19
58 -438.251 -8724.77
59 -430.947 -8725.29
60 -423.65 -8725.87
61 -416.357 -8726.45
62 -409.155 -8727.01
63 -401.949 -8727.61
64 -394.782 -8728.21
65 -387.654 -8728.8
66 -380.566 -8729.4
67 -373.52 -8730
68 -366.513 -8730.6
69 -359.55 -8731.2
70 -352.631 -8731.8
71 -345.756 -8732.4
72 -338.922 -8733
73 -332.132 -8733.61
74 -325.384 -8734.21
75 -318.687 -8734.8
76 -312.032 -8735.4
77 -305.419 -8736
78 -298.85 -8736.59
79 -292.325 -8737.18
80 -285.841 -8737.77
