26 7.37997 -0.831099
27 38391.4 47007.8
28 40518.4 36213.7
29 51617.3 3121.61
30 51388.4 3136.28
31 51333.1 3145.08
32 51335.2 3131.44
33 51324.6 3130.57
34 51315.3 3129.86
35 51308.3 3129.47
36 51302.4 3129.25
37 51296.4 3129.03
38 51291.9 3129.01
39 51287.1 3129
40 51283.5 3129.06
41 51280.5 3129.21
42 51276.6 3129.37
43 51273.3 3129.56
44 51270.3 3129.79
45 51267.5 3130.05
46 51264.4 3130.3
47 51262 3130.61
48 51259.5 3130.91
49 51256.9 3131.23
50 51254.4 3131.56
51 51252 3131.9
52 51249.7 3132.24
53 51247.4 3132.59
54 51245.2 3132.96
55 51243.3 3133.33
56 51241.3 3133.71
57 51239.3 3134.09
58 51237.4 3134.48
59 51235.5 3134.85
60 51233.7 3135.23
61 51231.8 3135.62
62 51230 3136
63 51228.1 3136.39
64 51226.3 3136.77
65 51224.4 3137.16
66 51222.6 3137.55
67 51220.8 3137.94
68 51218.9 3138.32
69 51217.2 3138.71
70 51215.4 3139.1
71 51213.6 3139.48
72 51211.9 3139.87
73 51210.1 3140.25
74 51208.4 3140.64
75 51206.7 3141.02
76 51204.9 3141.41
77 51203.2 3141.79
78 51201.6 3142.18
79 51199.9 3142.56
80 51198.2 3142.94
