26 2.48458 -5.96714
27 -95.5663 -21486.4
28 -92.2812 -17050.1
29 2943.92 -8484.18
30 707.553 -8532.99
31 966.652 -8549.04
32 805.969 -8502.17
33 779.741 -8498.3
34 772.184 -8495.32
35 767.094 -8493.38
36 762.892 -8491.8
37 759.676 -8490.41
38 757.054 -8489.51
39 755.146 -8488.76
40 753.44 -8488.26
41 751.953 -8487.83
42 751.15 -8487.61
43 750.47 -8487.41
44 749.992 -8487.41
45 749.734 -8487.46
46 749.706 -8487.54
47 749.729 -8487.75
48 749.866 -8487.97
49 750.198 -8488.25
50 750.591 -8488.56
51 751.061 -8488.9
52 751.586 -8489.26
53 752.176 -8489.66
54 752.799 -8490.08
55 753.414 -8490.55
56 754.077 -8491.03
57 754.797 -8491.49
58 755.506 -8491.97
59 756.175 -8492.41
60 756.91 -8492.9
61 757.709 -8493.39
62 758.458 -8493.87
63 759.282 -8494.38
64 760.124 -8494.89
65 760.981 -8495.4
66 761.854 -8495.91
67 762.739 -8496.43
68 763.638 -8496.95
69 764.546 -8497.47
70 765.46 -8497.99
71 766.381 -8498.51
72 767.312 -8499.03
73 768.249 -8499.55
74 769.193 -8500.07
75 770.136 -8500.59
76 771.083 -8501.11
77 772.037 -8501.63
78 772.996 -8502.15
79 773.956 -8502.67
80 774.921 -8503.18
