26 2.14153 -3.14093
27 347.669 -17915.4
28 258.626 -14227.1
29 200.309 -7693.29
30 192.546 -7802.42
31 202.045 -7871.52
32 199.972 -7815.52
33 199.895 -7815.39
34 199.886 -7812.45
35 199.848 -7810.86
36 199.866 -7809.46
37 199.856 -7808.27
38 199.885 -7807.48
39 199.891 -7806.87
40 199.895 -7806.48
41 199.946 -7806.09
42 199.967 -7805.95
43 200.012 -7805.78
44 200.037 -7805.83
45 200.072 -7805.91
46 200.105 -7806.02
47 200.142 -7806.25
48 200.178 -7806.48
49 200.212 -7806.78
50 200.248 -7807.1
51 200.289 -7807.43
52 200.323 -7807.8
53 200.359 -7808.2
54 200.4 -7808.61
55 200.439 -7809.06
56 200.477 -7809.52
57 200.518 -7809.96
58 200.561 -7810.42
59 200.608 -7810.83
60 200.646 -7811.3
61 200.688 -7811.76
62 200.732 -7812.21
63 200.773 -7812.69
64 200.813 -7813.17
65 200.853 -7813.65
66 200.894 -7814.13
67 200.935 -7814.62
68 200.975 -7815.1
69 201.016 -7815.58
70 201.056 -7816.07
71 201.097 -7816.55
72 201.137 -7817.03
73 201.177 -7817.51
74 201.218 -7818
75 201.258 -7818.48
76 201.298 -7818.96
77 201.338 -7819.43
78 201.379 -7819.91
79 201.419 -7820.38
80 201.459 -7820.86
