26 3.38377 -7.57887
27 39000.5 -18249.3
28 40524.9 -13378.7
29 51617 3204.87
30 51388.1 3167.15
31 51332.8 3212.67
32 51334.9 3198.21
33 51324.3 3196.71
34 51315 3196.36
35 51308 3195.9
36 51302 3195.95
37 51296.1 3195.78
38 51291.6 3196.01
39 51286.8 3196.06
40 51283.2 3196.12
41 51280.2 3196.61
42 51276.3 3196.84
43 51273 3197.31
44 51270 3197.61
45 51267.2 3198.01
46 51264.1 3198.4
47 51261.7 3198.84
48 51259.2 3199.26
49 51256.6 3199.67
50 51254.1 3200.12
51 51251.7 3200.61
52 51249.4 3201.03
53 51247.1 3201.48
54 51244.9 3201.99
55 51243 3202.47
56 51241 3202.95
57 51239 3203.45
58 51237.1 3203.98
59 51235.2 3204.53
60 51233.4 3205.02
61 51231.4 3205.54
62 51229.7 3206.07
63 51227.8 3206.58
64 51226 3207.09
65 51224.1 3207.6
66 51222.3 3208.11
67 51220.5 3208.62
68 51218.6 3209.13
69 51216.9 3209.64
70 51215.1 3210.15
71 51213.3 3210.66
72 51211.5 3211.17
73 51209.8 3211.68
74 51208.1 3212.19
75 51206.4 3212.71
76 51204.6 3213.22
77 51202.9 3213.73
78 51201.3 3214.24
79 51199.6 3214.75
80 51197.9 3215.26
