26 -3.3617e-11 5.41205e-12
27 5.04256e-08 7.67617e-06
28 3.98731e-08 6.08301e-06
29 2.19779e-08 3.23396e-06
30 2.21561e-08 3.25999e-06
31 2.2427e-08 3.29195e-06
32 2.22651e-08 3.27013e-06
33 2.22635e-08 3.26975e-06
34 2.2256e-08 3.26866e-06
35 2.22515e-08 3.26801e-06
36 2.22482e-08 3.26751e-06
37 2.2245e-08 3.26706e-06
38 2.22434e-08 3.26681e-06
39 2.22419e-08 3.26659e-06
40 2.2241e-08 3.26645e-06
41 2.22406e-08 3.26639e-06
42 2.22405e-08 3.26636e-06
43 2.22406e-08 3.26637e-06
44 2.2241e-08 3.26642e-06
45 2.22416e-08 3.2665e-06
46 2.22423e-08 3.26659e-06
47 2.22433e-08 3.26673e-06
48 2.22443e-08 3.26687e-06
49 2.22455e-08 3.26704e-06
50 2.22467e-08 3.26721e-06
51 2.2248e-08 3.26739e-06
52 2.22494e-08 3.26758e-06
53 2.22508e-08 3.26778e-06
54 2.22523e-08 3.26799e-06
55 2.22539e-08 3.26822e-06
56 2.22555e-08 3.26845e-06
57 2.22571e-08 3.26867e-06
58 2.22588e-08 3.26891e-06
59 2.22604e-08 3.26913e-06
60 2.2262e-08 3.26936e-06
61 2.22637e-08 3.2696e-06
62 2.22654e-08 3.26983e-06
63 2.2267e-08 3.27007e-06
64 2.22687e-08 3.27031e-06
65 2.22704e-08 3.27055e-06
66 2.22721e-08 3.27079e-06
67 2.22738e-08 3.27103e-06
68 2.22755e-08 3.27127e-06
69 2.22772e-08 3.27151e-06
70 2.22789e-08 3.27175e-06
71 2.22806e-08 3.27199e-06
72 2.22823e-08 3.27223e-06
73 2.2284e-08 3.27247e-06
74 2.22857e-08 3.27271e-06
75 2.22874e-08 3.27295e-06
76 2.22891e-08 3.27319e-06
77 2.22908e-08 3.27343e-06
78 2.22925e-08 3.27367e-06
79 2.22942e-08 3.27391e-06
80 2.22958e-08 3.27415e-06
