26 -5.48574 1.20704
27 3166.48 -3845.61
28 2490.56 -3092.09
29 1422.69 -1591.08
30 1426.01 -1645.09
31 1449.7 -1643.19
32 1438.7 -1631.77
33 1438.53 -1632.07
34 1438.1 -1631.26
35 1437.81 -1630.91
36 1437.64 -1630.46
37 1437.45 -1630.15
38 1437.38 -1629.85
39 1437.31 -1629.66
40 1437.26 -1629.53
41 1437.28 -1629.28
42 1437.29 -1629.19
43 1437.34 -1629.01
44 1437.38 -1628.96
45 1437.45 -1628.89
46 1437.52 -1628.83
47 1437.61 -1628.79
48 1437.69 -1628.76
49 1437.79 -1628.75
50 1437.89 -1628.74
51 1438 -1628.72
52 1438.11 -1628.74
53 1438.22 -1628.75
54 1438.34 -1628.75
55 1438.47 -1628.78
56 1438.59 -1628.8
57 1438.72 -1628.81
58 1438.85 -1628.83
59 1438.98 -1628.81
60 1439.11 -1628.84
61 1439.24 -1628.86
62 1439.37 -1628.87
63 1439.51 -1628.89
64 1439.64 -1628.92
65 1439.77 -1628.94
66 1439.9 -1628.96
67 1440.03 -1628.99
68 1440.16 -1629.02
69 1440.3 -1629.04
70 1440.43 -1629.07
71 1440.56 -1629.09
72 1440.69 -1629.12
73 1440.82 -1629.14
74 1440.96 -1629.17
75 1441.09 -1629.19
76 1441.22 -1629.22
77 1441.35 -1629.24
78 1441.48 -1629.27
79 1441.61 -1629.29
80 1441.74 -1629.32
