26 5.01452e-11 -7.68498e-09
27 8.92545e-10 -2.01321e-05
28 8.31494e-10 -1.58392e-05
29 4.07404e-08 -6.41257e-06
30 1.43438e-08 -6.42154e-06
31 1.53956e-08 -6.32581e-06
32 1.51166e-08 -6.32654e-06
33 1.49066e-08 -6.32167e-06
34 1.48313e-08 -6.31977e-06
35 1.47678e-08 -6.31836e-06
36 1.47182e-08 -6.3173e-06
37 1.46787e-08 -6.3163e-06
38 1.46461e-08 -6.31574e-06
39 1.46199e-08 -6.31521e-06
40 1.45979e-08 -6.31484e-06
41 1.45804e-08 -6.31467e-06
42 1.45676e-08 -6.31452e-06
43 1.45575e-08 -6.31448e-06
44 1.4549e-08 -6.3145e-06
45 1.45419e-08 -6.31458e-06
46 1.45376e-08 -6.31468e-06
47 1.45337e-08 -6.31487e-06
48 1.45309e-08 -6.31507e-06
49 1.45301e-08 -6.3153e-06
50 1.453e-08 -6.31556e-06
51 1.45308e-08 -6.31585e-06
52 1.45312e-08 -6.31613e-06
53 1.45327e-08 -6.31645e-06
54 1.45347e-08 -6.3168e-06
55 1.45369e-08 -6.31717e-06
56 1.45394e-08 -6.31754e-06
57 1.45425e-08 -6.31792e-06
58 1.45455e-08 -6.31833e-06
59 1.45486e-08 -6.31871e-06
60 1.45517e-08 -6.31911e-06
61 1.45556e-08 -6.31951e-06
62 1.45592e-08 -6.31993e-06
63 1.45631e-08 -6.32034e-06
64 1.45671e-08 -6.32076e-06
65 1.45713e-08 -6.32117e-06
66 1.45756e-08 -6.32159e-06
67 1.45799e-08 -6.32202e-06
68 1.45843e-08 -6.32244e-06
69 1.45885e-08 -6.32287e-06
70 1.45926e-08 -6.3233e-06
71 1.45968e-08 -6.32373e-06
72 1.46009e-08 -6.32416e-06
73 1.46052e-08 -6.32459e-06
74 1.46094e-08 -6.32502e-06
75 1.46137e-08 -6.32545e-06
76 1.46179e-08 -6.32589e-06
77 1.46222e-08 -6.32632e-06
78 1.46265e-08 -6.32676e-06
79 1.46308e-08 -6.32719e-06
80 1.46351e-08 -6.32763e-06
