26 -1.02071e-10 1.53512e-09
27 2.70973e-08 -3.61584e-06
28 2.15347e-08 -2.79327e-06
29 1.14633e-08 -1.85709e-06
30 1.16228e-08 -1.83964e-06
31 1.17143e-08 -1.89492e-06
32 1.16341e-08 -1.87717e-06
33 1.16337e-08 -1.87694e-06
34 1.16293e-08 -1.8765e-06
35 1.1627e-08 -1.87612e-06
36 1.16249e-08 -1.87601e-06
37 1.16231e-08 -1.87581e-06
38 1.16219e-08 -1.87583e-06
39 1.1621e-08 -1.87578e-06
40 1.16205e-08 -1.87574e-06
41 1.16199e-08 -1.87591e-06
42 1.16197e-08 -1.87598e-06
43 1.16194e-08 -1.87616e-06
44 1.16195e-08 -1.87627e-06
45 1.16196e-08 -1.87643e-06
46 1.16197e-08 -1.8766e-06
47 1.16201e-08 -1.87679e-06
48 1.16204e-08 -1.87697e-06
49 1.16209e-08 -1.87716e-06
50 1.16213e-08 -1.87736e-06
51 1.16218e-08 -1.87759e-06
52 1.16223e-08 -1.87778e-06
53 1.16229e-08 -1.87799e-06
54 1.16235e-08 -1.87823e-06
55 1.16242e-08 -1.87846e-06
56 1.16249e-08 -1.87868e-06
57 1.16255e-08 -1.87892e-06
58 1.16262e-08 -1.87917e-06
59 1.16268e-08 -1.87943e-06
60 1.16275e-08 -1.87966e-06
61 1.16282e-08 -1.8799e-06
62 1.16288e-08 -1.88015e-06
63 1.16295e-08 -1.88039e-06
64 1.16302e-08 -1.88063e-06
65 1.16309e-08 -1.88087e-06
66 1.16316e-08 -1.88111e-06
67 1.16324e-08 -1.88136e-06
68 1.16331e-08 -1.8816e-06
69 1.16338e-08 -1.88184e-06
70 1.16345e-08 -1.88208e-06
71 1.16352e-08 -1.88232e-06
72 1.16359e-08 -1.88256e-06
73 1.16366e-08 -1.8828e-06
74 1.16373e-08 -1.88304e-06
75 1.1638e-08 -1.88328e-06
76 1.16387e-08 -1.88351e-06
77 1.16394e-08 -1.88375e-06
78 1.16401e-08 -1.88399e-06
79 1.16408e-08 -1.88423e-06
80 1.16415e-08 -1.88446e-06
