26 -3.84676e-11 9.79939e-09
27 3.40975e-07 3.5886e-05
28 3.63384e-07 2.77003e-05
29 4.60251e-07 2.69273e-06
30 4.5821e-07 2.71899e-06
31 4.57717e-07 2.71719e-06
32 4.57736e-07 2.70553e-06
33 4.57641e-07 2.70494e-06
34 4.57558e-07 2.70423e-06
35 4.57496e-07 2.70392e-06
36 4.57443e-07 2.70365e-06
37 4.5739e-07 2.70344e-06
38 4.57349e-07 2.70336e-06
39 4.57307e-07 2.70334e-06
40 4.57275e-07 2.70339e-06
41 4.57248e-07 2.70343e-06
42 4.57213e-07 2.70355e-06
43 4.57184e-07 2.70365e-06
44 4.57157e-07 2.70383e-06
45 4.57132e-07 2.70401e-06
46 4.57105e-07 2.70421e-06
47 4.57083e-07 2.70444e-06
48 4.57061e-07 2.70467e-06
49 4.57037e-07 2.70492e-06
50 4.57015e-07 2.70518e-06
51 4.56994e-07 2.70544e-06
52 4.56973e-07 2.70571e-06
53 4.56953e-07 2.70599e-06
54 4.56933e-07 2.70627e-06
55 4.56916e-07 2.70658e-06
56 4.56899e-07 2.70688e-06
57 4.5688e-07 2.70717e-06
58 4.56864e-07 2.70747e-06
59 4.56847e-07 2.70775e-06
60 4.56831e-07 2.70806e-06
61 4.56813e-07 2.70836e-06
62 4.56798e-07 2.70865e-06
63 4.56781e-07 2.70896e-06
64 4.56764e-07 2.70926e-06
65 4.56748e-07 2.70957e-06
66 4.56732e-07 2.70987e-06
67 4.56715e-07 2.71018e-06
68 4.56699e-07 2.71048e-06
69 4.56683e-07 2.71079e-06
70 4.56667e-07 2.71109e-06
71 4.56652e-07 2.7114e-06
72 4.56636e-07 2.7117e-06
73 4.5662e-07 2.712e-06
74 4.56605e-07 2.71231e-06
75 4.5659e-07 2.71261e-06
76 4.56574e-07 2.71291e-06
77 4.56559e-07 2.71321e-06
78 4.56544e-07 2.71351e-06
79 4.56529e-07 2.71381e-06
80 4.56514e-07 2.71411e-06
