26 -2.06812e-11 -8.61711e-09
27 -7.94279e-10 -2.5088e-05
28 1.76958e-08 -1.86922e-05
29 6.14591e-08 3.6705e-06
30 6.00737e-08 3.77646e-06
31 5.89938e-08 3.73728e-06
32 5.87868e-08 3.72362e-06
33 5.85247e-08 3.72062e-06
34 5.8343e-08 3.71743e-06
35 5.8179e-08 3.71521e-06
36 5.80274e-08 3.71293e-06
37 5.78882e-08 3.71105e-06
38 5.77578e-08 3.70925e-06
39 5.76369e-08 3.70775e-06
40 5.75208e-08 3.70644e-06
41 5.74084e-08 3.7049e-06
42 5.73047e-08 3.70371e-06
43 5.72042e-08 3.7024e-06
44 5.71076e-08 3.70135e-06
45 5.70149e-08 3.70029e-06
46 5.69258e-08 3.69927e-06
47 5.68391e-08 3.69831e-06
48 5.67551e-08 3.69738e-06
49 5.66742e-08 3.69651e-06
50 5.65955e-08 3.69564e-06
51 5.65188e-08 3.69477e-06
52 5.64441e-08 3.69397e-06
53 5.63713e-08 3.69317e-06
54 5.62999e-08 3.69236e-06
55 5.62298e-08 3.69159e-06
56 5.61612e-08 3.69082e-06
57 5.60942e-08 3.69004e-06
58 5.60283e-08 3.68926e-06
59 5.59627e-08 3.68842e-06
60 5.58992e-08 3.68767e-06
61 5.58372e-08 3.68691e-06
62 5.57757e-08 3.68612e-06
63 5.5716e-08 3.68537e-06
64 5.56575e-08 3.68463e-06
65 5.56e-08 3.68389e-06
66 5.55436e-08 3.68314e-06
67 5.54883e-08 3.68241e-06
68 5.54339e-08 3.68167e-06
69 5.53805e-08 3.68094e-06
70 5.53281e-08 3.68021e-06
71 5.52765e-08 3.67947e-06
72 5.52259e-08 3.67874e-06
73 5.51761e-08 3.67802e-06
74 5.51271e-08 3.67729e-06
75 5.5079e-08 3.67656e-06
76 5.50316e-08 3.67583e-06
77 5.49851e-08 3.67511e-06
78 5.49393e-08 3.67438e-06
79 5.48942e-08 3.67366e-06
80 5.48499e-08 3.67293e-06
