26 -8.18518e-11 4.74543e-10
27 2.43709e-08 -5.25101e-06
28 1.91469e-08 -4.19934e-06
29 1.10205e-08 -2.20624e-06
30 1.10332e-08 -2.26149e-06
31 1.12264e-08 -2.26877e-06
32 1.11404e-08 -2.25289e-06
33 1.1139e-08 -2.2531e-06
34 1.11357e-08 -2.25209e-06
35 1.11335e-08 -2.25162e-06
36 1.11322e-08 -2.2511e-06
37 1.11308e-08 -2.25071e-06
38 1.11303e-08 -2.25038e-06
39 1.11298e-08 -2.25016e-06
40 1.11294e-08 -2.25001e-06
41 1.11297e-08 -2.24977e-06
42 1.11298e-08 -2.24968e-06
43 1.11302e-08 -2.24952e-06
44 1.11306e-08 -2.24949e-06
45 1.11311e-08 -2.24944e-06
46 1.11317e-08 -2.24941e-06
47 1.11324e-08 -2.24941e-06
48 1.11331e-08 -2.24942e-06
49 1.11339e-08 -2.24945e-06
50 1.11347e-08 -2.24948e-06
51 1.11356e-08 -2.24951e-06
52 1.11365e-08 -2.24957e-06
53 1.11374e-08 -2.24963e-06
54 1.11384e-08 -2.24969e-06
55 1.11394e-08 -2.24976e-06
56 1.11404e-08 -2.24984e-06
57 1.11414e-08 -2.24991e-06
58 1.11425e-08 -2.24998e-06
59 1.11435e-08 -2.25002e-06
60 1.11445e-08 -2.2501e-06
61 1.11456e-08 -2.25018e-06
62 1.11466e-08 -2.25024e-06
63 1.11477e-08 -2.25032e-06
64 1.11487e-08 -2.2504e-06
65 1.11498e-08 -2.25048e-06
66 1.11509e-08 -2.25056e-06
67 1.11519e-08 -2.25064e-06
68 1.1153e-08 -2.25072e-06
69 1.1154e-08 -2.2508e-06
70 1.11551e-08 -2.25089e-06
71 1.11561e-08 -2.25097e-06
72 1.11572e-08 -2.25105e-06
73 1.11583e-08 -2.25113e-06
74 1.11593e-08 -2.25121e-06
75 1.11604e-08 -2.25129e-06
76 1.11614e-08 -2.25137e-06
77 1.11625e-08 -2.25145e-06
78 1.11635e-08 -2.25153e-06
79 1.11645e-08 -2.25161e-06
80 1.11656e-08 -2.25169e-06
