26 -5.529 20.0938
27 39000.9 17049.9
28 40525.1 12061.7
29 51617.4 3162.16
30 51388.5 3151.31
31 51333.2 3178
32 51335.3 3163.96
33 51324.7 3162.78
34 51315.3 3162.25
35 51308.4 3161.82
36 51302.4 3161.73
37 51296.5 3161.54
38 51291.9 3161.64
39 51287.1 3161.66
40 51283.5 3161.72
41 51280.5 3162.03
42 51276.7 3162.23
43 51273.4 3162.55
44 51270.4 3162.82
45 51267.6 3163.14
46 51264.5 3163.47
47 51262 3163.84
48 51259.6 3164.2
49 51256.9 3164.56
50 51254.4 3164.95
51 51252 3165.36
52 51249.7 3165.74
53 51247.4 3166.14
54 51245.3 3166.57
55 51243.3 3167
56 51241.4 3167.43
57 51239.3 3167.87
58 51237.5 3168.33
59 51235.6 3168.79
60 51233.7 3169.22
61 51231.8 3169.67
62 51230 3170.13
63 51228.2 3170.57
64 51226.3 3171.02
65 51224.5 3171.47
66 51222.6 3171.91
67 51220.8 3172.36
68 51219 3172.81
69 51217.2 3173.25
70 51215.4 3173.7
71 51213.7 3174.15
72 51211.9 3174.6
73 51210.2 3175.04
74 51208.4 3175.49
75 51206.7 3175.93
76 51205 3176.38
77 51203.3 3176.82
78 51201.6 3177.27
79 51199.9 3177.71
80 51198.3 3178.16
