26 -3.16111e-11 3.03017e-10
27 4.87537e-08 6.90032e-06
28 3.85762e-08 5.48165e-06
29 2.11686e-08 2.85678e-06
30 2.13556e-08 2.88726e-06
31 2.1605e-08 2.90895e-06
32 2.14501e-08 2.89038e-06
33 2.14486e-08 2.89008e-06
34 2.14413e-08 2.88907e-06
35 2.1437e-08 2.8885e-06
36 2.14336e-08 2.88802e-06
37 2.14306e-08 2.8876e-06
38 2.1429e-08 2.88735e-06
39 2.14275e-08 2.88714e-06
40 2.14266e-08 2.88701e-06
41 2.14261e-08 2.8869e-06
42 2.1426e-08 2.88686e-06
43 2.1426e-08 2.88683e-06
44 2.14264e-08 2.88686e-06
45 2.14269e-08 2.88691e-06
46 2.14275e-08 2.88697e-06
47 2.14285e-08 2.88707e-06
48 2.14294e-08 2.88717e-06
49 2.14305e-08 2.88729e-06
50 2.14316e-08 2.88742e-06
51 2.14328e-08 2.88756e-06
52 2.14341e-08 2.88771e-06
53 2.14354e-08 2.88786e-06
54 2.14368e-08 2.88803e-06
55 2.14383e-08 2.88821e-06
56 2.14399e-08 2.88839e-06
57 2.14414e-08 2.88857e-06
58 2.14429e-08 2.88875e-06
59 2.14444e-08 2.88892e-06
60 2.14459e-08 2.88911e-06
61 2.14475e-08 2.88929e-06
62 2.14491e-08 2.88947e-06
63 2.14506e-08 2.88966e-06
64 2.14522e-08 2.88985e-06
65 2.14538e-08 2.89004e-06
66 2.14554e-08 2.89023e-06
67 2.1457e-08 2.89043e-06
68 2.14586e-08 2.89062e-06
69 2.14602e-08 2.89081e-06
70 2.14618e-08 2.891e-06
71 2.14634e-08 2.89119e-06
72 2.1465e-08 2.89138e-06
73 2.14666e-08 2.89158e-06
74 2.14682e-08 2.89177e-06
75 2.14698e-08 2.89196e-06
76 2.14714e-08 2.89215e-06
77 2.1473e-08 2.89234e-06
78 2.14745e-08 2.89253e-06
79 2.14761e-08 2.89272e-06
80 2.14777e-08 2.8929e-06
