26 4.75831e-11 -1.99762e-09
27 4.85206e-09 -1.43207e-05
28 3.96539e-09 -1.12457e-05
29 1.69805e-09 -6.56238e-06
30 1.79398e-09 -6.57535e-06
31 1.75301e-09 -6.69443e-06
32 1.7459e-09 -6.64153e-06
33 1.74631e-09 -6.64089e-06
34 1.74522e-09 -6.6389e-06
35 1.74485e-09 -6.63756e-06
36 1.74417e-09 -6.63677e-06
37 1.74377e-09 -6.63592e-06
38 1.74326e-09 -6.63562e-06
39 1.74298e-09 -6.63527e-06
40 1.74279e-09 -6.63504e-06
41 1.74229e-09 -6.63517e-06
42 1.74209e-09 -6.63524e-06
43 1.74171e-09 -6.63548e-06
44 1.74156e-09 -6.6357e-06
45 1.74135e-09 -6.63601e-06
46 1.74116e-09 -6.63634e-06
47 1.74099e-09 -6.63678e-06
48 1.74084e-09 -6.6372e-06
49 1.74072e-09 -6.63765e-06
50 1.74059e-09 -6.63814e-06
51 1.74044e-09 -6.63867e-06
52 1.74035e-09 -6.63917e-06
53 1.74026e-09 -6.63971e-06
54 1.74014e-09 -6.64029e-06
55 1.74005e-09 -6.64088e-06
56 1.73996e-09 -6.64147e-06
57 1.73985e-09 -6.64208e-06
58 1.73974e-09 -6.64271e-06
59 1.73958e-09 -6.64333e-06
60 1.7395e-09 -6.64393e-06
61 1.7394e-09 -6.64455e-06
62 1.73927e-09 -6.64518e-06
63 1.73917e-09 -6.64581e-06
64 1.73909e-09 -6.64643e-06
65 1.739e-09 -6.64705e-06
66 1.7389e-09 -6.64768e-06
67 1.73881e-09 -6.6483e-06
68 1.73872e-09 -6.64893e-06
69 1.73864e-09 -6.64955e-06
70 1.73855e-09 -6.65018e-06
71 1.73846e-09 -6.6508e-06
72 1.73837e-09 -6.65143e-06
73 1.73828e-09 -6.65205e-06
74 1.73819e-09 -6.65268e-06
75 1.7381e-09 -6.6533e-06
76 1.73801e-09 -6.65392e-06
77 1.73793e-09 -6.65454e-06
78 1.73784e-09 -6.65516e-06
79 1.73775e-09 -6.65578e-06
80 1.73766e-09 -6.65639e-06
