26 4.07821e-11 -4.30279e-10
27 1.31102e-08 -1.04475e-05
28 1.04918e-08 -8.18573e-06
29 5.31028e-09 -4.86534e-06
30 5.43193e-09 -4.86631e-06
31 5.43835e-09 -4.96315e-06
32 5.40432e-09 -4.92286e-06
33 5.40444e-09 -4.92236e-06
34 5.40212e-09 -4.92094e-06
35 5.40103e-09 -4.91995e-06
36 5.39981e-09 -4.91941e-06
37 5.3989e-09 -4.91879e-06
38 5.39814e-09 -4.91861e-06
39 5.39762e-09 -4.91837e-06
40 5.39729e-09 -4.91821e-06
41 5.39674e-09 -4.91836e-06
42 5.39653e-09 -4.91843e-06
43 5.39618e-09 -4.91865e-06
44 5.39611e-09 -4.91884e-06
45 5.39601e-09 -4.9191e-06
46 5.39595e-09 -4.91938e-06
47 5.39596e-09 -4.91972e-06
48 5.39598e-09 -4.92006e-06
49 5.39606e-09 -4.92042e-06
50 5.39615e-09 -4.92081e-06
51 5.39623e-09 -4.92124e-06
52 5.39636e-09 -4.92163e-06
53 5.39652e-09 -4.92205e-06
54 5.39665e-09 -4.92251e-06
55 5.39684e-09 -4.92297e-06
56 5.39703e-09 -4.92344e-06
57 5.3972e-09 -4.92391e-06
58 5.39737e-09 -4.92441e-06
59 5.39748e-09 -4.9249e-06
60 5.39768e-09 -4.92537e-06
61 5.39786e-09 -4.92586e-06
62 5.39802e-09 -4.92636e-06
63 5.39822e-09 -4.92684e-06
64 5.39842e-09 -4.92733e-06
65 5.39861e-09 -4.92782e-06
66 5.39881e-09 -4.92831e-06
67 5.39901e-09 -4.9288e-06
68 5.39921e-09 -4.92929e-06
69 5.39941e-09 -4.92978e-06
70 5.39962e-09 -4.93027e-06
71 5.39982e-09 -4.93075e-06
72 5.40002e-09 -4.93124e-06
73 5.40022e-09 -4.93173e-06
74 5.40042e-09 -4.93222e-06
75 5.40062e-09 -4.93271e-06
76 5.40082e-09 -4.93319e-06
77 5.40102e-09 -4.93368e-06
78 5.40122e-09 -4.93416e-06
79 5.40141e-09 -4.93464e-06
80 5.40161e-09 -4.93513e-06
