26 5.9432 0.506858
27 38236.3 47413.8
28 40521.9 41460.2
29 51617.2 3112.8
30 51388.3 3133.01
31 51333 3137.93
32 51335.1 3124.37
33 51324.5 3123.57
34 51315.2 3122.83
35 51308.2 3122.45
36 51302.2 3122.19
37 51296.3 3121.97
38 51291.7 3121.92
39 51287 3121.91
40 51283.4 3121.97
41 51280.4 3122.08
42 51276.5 3122.23
43 51273.2 3122.39
44 51270.2 3122.62
45 51267.4 3122.85
46 51264.3 3123.1
47 51261.9 3123.39
48 51259.4 3123.68
49 51256.7 3123.99
50 51254.3 3124.3
51 51251.8 3124.63
52 51249.5 3124.96
53 51247.3 3125.3
54 51245.1 3125.65
55 51243.2 3126.02
56 51241.2 3126.39
57 51239.2 3126.75
58 51237.3 3127.12
59 51235.4 3127.48
60 51233.6 3127.85
61 51231.6 3128.22
62 51229.8 3128.59
63 51228 3128.96
64 51226.1 3129.34
65 51224.3 3129.71
66 51222.5 3130.08
67 51220.6 3130.46
68 51218.8 3130.83
69 51217 3131.21
70 51215.3 3131.58
71 51213.5 3131.95
72 51211.7 3132.32
73 51210 3132.7
74 51208.3 3133.07
75 51206.5 3133.44
76 51204.8 3133.81
77 51203.1 3134.18
78 51201.4 3134.55
79 51199.8 3134.92
80 51198.1 3135.29
