26 4.14616 -0.260888
27 1807.92 -10222.9
28 1443.16 -7998.75
29 743.112 -4808.26
30 757.747 -4804.16
31 760.462 -4904.95
32 755.536 -4864.49
33 755.536 -4863.98
34 755.228 -4862.61
35 755.074 -4861.63
36 754.916 -4861.12
37 754.794 -4860.52
38 754.698 -4860.37
39 754.631 -4860.14
40 754.587 -4859.99
41 754.524 -4860.17
42 754.5 -4860.25
43 754.463 -4860.5
44 754.458 -4860.69
45 754.452 -4860.97
46 754.45 -4861.26
47 754.459 -4861.62
48 754.469 -4861.97
49 754.486 -4862.34
50 754.505 -4862.74
51 754.523 -4863.17
52 754.548 -4863.57
53 754.576 -4864.01
54 754.602 -4864.48
55 754.634 -4864.95
56 754.667 -4865.42
57 754.697 -4865.9
58 754.728 -4866.41
59 754.752 -4866.92
60 754.786 -4867.4
61 754.819 -4867.9
62 754.848 -4868.41
63 754.882 -4868.9
64 754.917 -4869.4
65 754.951 -4869.9
66 754.985 -4870.4
67 755.02 -4870.89
68 755.054 -4871.39
69 755.089 -4871.89
70 755.124 -4872.39
71 755.158 -4872.89
72 755.193 -4873.39
73 755.228 -4873.88
74 755.262 -4874.38
75 755.296 -4874.88
76 755.331 -4875.37
77 755.365 -4875.87
78 755.399 -4876.36
79 755.433 -4876.85
80 755.467 -4877.34
