26 6.81585 -2.80169
27 39000.7 -7815.81
28 40526 -5859.19
29 51617.2 3192.24
30 51388.3 3162.47
31 51333 3202.42
32 51335.1 3188.09
33 51324.5 3186.68
34 51315.2 3186.27
35 51308.2 3185.82
36 51302.2 3185.83
37 51296.3 3185.66
38 51291.7 3185.85
39 51287 3185.89
40 51283.4 3185.95
41 51280.4 3186.39
42 51276.5 3186.61
43 51273.2 3187.04
44 51270.2 3187.33
45 51267.4 3187.7
46 51264.3 3188.07
47 51261.9 3188.49
48 51259.4 3188.89
49 51256.7 3189.3
50 51254.3 3189.72
51 51251.8 3190.19
52 51249.5 3190.6
53 51247.3 3191.04
54 51245.1 3191.52
55 51243.2 3191.98
56 51241.2 3192.45
57 51239.1 3192.94
58 51237.3 3193.44
59 51235.4 3193.97
60 51233.6 3194.44
61 51231.6 3194.93
62 51229.8 3195.45
63 51228 3195.94
64 51226.1 3196.43
65 51224.3 3196.92
66 51222.5 3197.41
67 51220.6 3197.9
68 51218.8 3198.39
69 51217 3198.89
70 51215.2 3199.38
71 51213.5 3199.87
72 51211.7 3200.36
73 51210 3200.85
74 51208.3 3201.35
75 51206.5 3201.84
76 51204.8 3202.33
77 51203.1 3202.82
78 51201.4 3203.31
79 51199.8 3203.8
80 51198.1 3204.29
