26 -3.84514 0.747542
27 5123.12 6044.53
28 4043.29 4756.34
29 2257.43 2629.76
30 2270.97 2627.12
31 2302.37 2668.22
32 2285.44 2649.64
33 2285.23 2649.13
34 2284.49 2648.4
35 2284.03 2647.88
36 2283.71 2647.6
37 2283.4 2647.28
38 2283.26 2647.18
39 2283.12 2647.05
40 2283.03 2646.98
41 2283.01 2647.05
42 2283.01 2647.09
43 2283.05 2647.2
44 2283.1 2647.3
45 2283.18 2647.43
46 2283.26 2647.57
47 2283.38 2647.75
48 2283.5 2647.93
49 2283.63 2648.12
50 2283.77 2648.32
51 2283.92 2648.54
52 2284.06 2648.74
53 2284.22 2648.96
54 2284.39 2649.2
55 2284.57 2649.44
56 2284.75 2649.68
57 2284.93 2649.93
58 2285.11 2650.19
59 2285.29 2650.44
60 2285.47 2650.69
61 2285.66 2650.94
62 2285.84 2651.2
63 2286.03 2651.46
64 2286.22 2651.71
65 2286.4 2651.97
66 2286.59 2652.22
67 2286.78 2652.48
68 2286.96 2652.73
69 2287.15 2652.99
70 2287.34 2653.24
71 2287.53 2653.5
72 2287.71 2653.76
73 2287.9 2654.01
74 2288.09 2654.27
75 2288.27 2654.52
76 2288.46 2654.78
77 2288.65 2655.03
78 2288.83 2655.28
79 2289.02 2655.54
80 2289.2 2655.79
