26 4.33452e-11 -9.10417e-10
27 9.24513e-09 -1.20786e-05
28 7.43786e-09 -9.47415e-06
29 3.61766e-09 -5.5807e-06
30 3.72755e-09 -5.58659e-06
31 3.71156e-09 -5.69291e-06
32 3.69015e-09 -5.64729e-06
33 3.69041e-09 -5.64674e-06
34 3.68867e-09 -5.64507e-06
35 3.68791e-09 -5.64394e-06
36 3.68695e-09 -5.6433e-06
37 3.68627e-09 -5.64258e-06
38 3.68563e-09 -5.64235e-06
39 3.68522e-09 -5.64206e-06
40 3.68495e-09 -5.64188e-06
41 3.68443e-09 -5.64202e-06
42 3.68422e-09 -5.64209e-06
43 3.68385e-09 -5.64232e-06
44 3.68375e-09 -5.64252e-06
45 3.6836e-09 -5.6428e-06
46 3.68347e-09 -5.6431e-06
47 3.6834e-09 -5.64348e-06
48 3.68334e-09 -5.64386e-06
49 3.68333e-09 -5.64426e-06
50 3.68331e-09 -5.64469e-06
51 3.68328e-09 -5.64516e-06
52 3.68331e-09 -5.6456e-06
53 3.68335e-09 -5.64607e-06
54 3.68336e-09 -5.64658e-06
55 3.68342e-09 -5.64709e-06
56 3.68348e-09 -5.64761e-06
57 3.68352e-09 -5.64814e-06
58 3.68355e-09 -5.6487e-06
59 3.68354e-09 -5.64924e-06
60 3.6836e-09 -5.64977e-06
61 3.68365e-09 -5.65031e-06
62 3.68367e-09 -5.65087e-06
63 3.68373e-09 -5.65142e-06
64 3.6838e-09 -5.65196e-06
65 3.68386e-09 -5.65251e-06
66 3.68392e-09 -5.65305e-06
67 3.68399e-09 -5.6536e-06
68 3.68405e-09 -5.65415e-06
69 3.68412e-09 -5.65469e-06
70 3.68418e-09 -5.65524e-06
71 3.68424e-09 -5.65579e-06
72 3.68431e-09 -5.65633e-06
73 3.68437e-09 -5.65688e-06
74 3.68444e-09 -5.65743e-06
75 3.6845e-09 -5.65797e-06
76 3.68457e-09 -5.65851e-06
77 3.68463e-09 -5.65905e-06
78 3.68469e-09 -5.6596e-06
79 3.68475e-09 -5.66014e-06
80 3.68481e-09 -5.66067e-06
