26 -2.93032 1.09778
27 4904.15 5199.51
28 3884.38 4158.88
29 2116.33 2034.04
30 2137.5 2070.29
31 2160.59 2071.31
32 2145.25 2059.9
33 2145.12 2059.72
34 2144.37 2058.92
35 2143.94 2058.51
36 2143.6 2058.09
37 2143.29 2057.77
38 2143.11 2057.51
39 2142.96 2057.34
40 2142.86 2057.22
41 2142.8 2057.06
42 2142.78 2056.99
43 2142.78 2056.89
44 2142.81 2056.88
45 2142.85 2056.87
46 2142.91 2056.86
47 2142.99 2056.88
48 2143.08 2056.91
49 2143.18 2056.96
50 2143.29 2057.01
51 2143.4 2057.06
52 2143.52 2057.12
53 2143.65 2057.2
54 2143.78 2057.27
55 2143.93 2057.35
56 2144.07 2057.44
57 2144.22 2057.52
58 2144.37 2057.6
59 2144.5 2057.67
60 2144.65 2057.76
61 2144.8 2057.85
62 2144.95 2057.93
63 2145.1 2058.02
64 2145.26 2058.11
65 2145.41 2058.2
66 2145.56 2058.3
67 2145.71 2058.39
68 2145.87 2058.48
69 2146.02 2058.58
70 2146.17 2058.67
71 2146.33 2058.76
72 2146.48 2058.86
73 2146.63 2058.95
74 2146.78 2059.04
75 2146.94 2059.13
76 2147.09 2059.23
77 2147.24 2059.32
78 2147.39 2059.41
79 2147.54 2059.5
80 2147.69 2059.6
