26 -3.69799 1.13981
27 4435.71 2519.82
28 3497.05 1955.27
29 1966.75 1138.35
30 1976.22 1115.04
31 2005.31 1144.18
32 1990.41 1136.03
33 1990.22 1135.58
34 1989.59 1135.41
35 1989.19 1135.2
36 1988.93 1135.19
37 1988.66 1135.1
38 1988.54 1135.15
39 1988.43 1135.14
40 1988.35 1135.14
41 1988.35 1135.29
42 1988.36 1135.35
43 1988.4 1135.5
44 1988.45 1135.59
45 1988.53 1135.71
46 1988.61 1135.83
47 1988.72 1135.97
48 1988.82 1136.1
49 1988.94 1136.23
50 1989.07 1136.37
51 1989.21 1136.52
52 1989.34 1136.66
53 1989.49 1136.8
54 1989.64 1136.96
55 1989.8 1137.11
56 1989.96 1137.27
57 1990.12 1137.43
58 1990.29 1137.6
59 1990.46 1137.78
60 1990.62 1137.94
61 1990.79 1138.1
62 1990.96 1138.27
63 1991.13 1138.44
64 1991.29 1138.6
65 1991.46 1138.76
66 1991.63 1138.93
67 1991.8 1139.09
68 1991.97 1139.25
69 1992.14 1139.41
70 1992.31 1139.58
71 1992.48 1139.74
72 1992.65 1139.9
73 1992.82 1140.07
74 1992.99 1140.23
75 1993.16 1140.39
76 1993.32 1140.55
77 1993.49 1140.72
78 1993.66 1140.88
79 1993.83 1141.04
80 1993.99 1141.2
