26 -7.90367 1.19238
27 2973.78 -4915.52
28 2337.87 -3939.66
29 1339.63 -2052.4
30 1342.09 -2111.1
31 1364.89 -2114.17
32 1354.49 -2099.42
33 1354.33 -2099.69
34 1353.93 -2098.7
35 1353.66 -2098.26
36 1353.5 -2097.74
37 1353.33 -2097.36
38 1353.26 -2097.02
39 1353.19 -2096.8
40 1353.15 -2096.65
41 1353.17 -2096.39
42 1353.18 -2096.29
43 1353.23 -2096.11
44 1353.28 -2096.07
45 1353.34 -2096
46 1353.4 -2095.95
47 1353.49 -2095.94
48 1353.58 -2095.93
49 1353.67 -2095.94
50 1353.77 -2095.95
51 1353.87 -2095.96
52 1353.97 -2096
53 1354.08 -2096.04
54 1354.2 -2096.07
55 1354.32 -2096.12
56 1354.44 -2096.18
57 1354.56 -2096.22
58 1354.68 -2096.27
59 1354.81 -2096.29
60 1354.93 -2096.35
61 1355.06 -2096.4
62 1355.18 -2096.43
63 1355.31 -2096.49
64 1355.43 -2096.55
65 1355.56 -2096.61
66 1355.69 -2096.67
67 1355.81 -2096.72
68 1355.94 -2096.78
69 1356.06 -2096.84
70 1356.19 -2096.9
71 1356.32 -2096.96
72 1356.44 -2097.02
73 1356.57 -2097.08
74 1356.69 -2097.14
75 1356.82 -2097.19
76 1356.94 -2097.25
77 1357.07 -2097.31
78 1357.19 -2097.37
79 1357.32 -2097.42
80 1357.44 -2097.48
