26 -3.82557 -0.039275
27 5676.6 8910.27
28 4487.48 7055.58
29 2477.2 3772.08
30 2496.64 3799.19
31 2527.66 3839.03
32 2509.38 3813.34
33 2509.18 3812.88
34 2508.34 3811.63
35 2507.84 3810.87
36 2507.46 3810.31
37 2507.11 3809.79
38 2506.93 3809.51
39 2506.77 3809.26
40 2506.66 3809.11
41 2506.62 3809.05
42 2506.61 3809.03
43 2506.63 3809.05
44 2506.68 3809.12
45 2506.75 3809.22
46 2506.82 3809.34
47 2506.94 3809.51
48 2507.06 3809.69
49 2507.19 3809.88
50 2507.33 3810.09
51 2507.48 3810.32
52 2507.63 3810.54
53 2507.8 3810.78
54 2507.97 3811.04
55 2508.15 3811.31
56 2508.33 3811.59
57 2508.52 3811.86
58 2508.71 3812.15
59 2508.89 3812.42
60 2509.07 3812.7
61 2509.26 3812.98
62 2509.45 3813.26
63 2509.65 3813.55
64 2509.84 3813.84
65 2510.03 3814.13
66 2510.22 3814.41
67 2510.42 3814.7
68 2510.61 3814.99
69 2510.8 3815.28
70 2511 3815.57
71 2511.19 3815.86
72 2511.39 3816.15
73 2511.58 3816.44
74 2511.77 3816.73
75 2511.96 3817.02
76 2512.16 3817.31
77 2512.35 3817.59
78 2512.54 3817.88
79 2512.73 3818.17
80 2512.92 3818.45
