26 -3.32056e-11 5.52275e-11
27 5.01825e-08 7.55915e-06
28 3.96869e-08 5.99354e-06
29 2.18527e-08 3.17313e-06
30 2.20335e-08 3.20055e-06
31 2.23001e-08 3.23035e-06
32 2.21394e-08 3.20909e-06
33 2.21378e-08 3.20873e-06
34 2.21303e-08 3.20765e-06
35 2.21258e-08 3.20702e-06
36 2.21225e-08 3.20652e-06
37 2.21194e-08 3.20607e-06
38 2.21177e-08 3.20581e-06
39 2.21163e-08 3.2056e-06
40 2.21153e-08 3.20546e-06
41 2.21149e-08 3.20538e-06
42 2.21148e-08 3.20535e-06
43 2.21149e-08 3.20535e-06
44 2.21153e-08 3.2054e-06
45 2.21159e-08 3.20547e-06
46 2.21166e-08 3.20556e-06
47 2.21176e-08 3.20569e-06
48 2.21186e-08 3.20582e-06
49 2.21197e-08 3.20597e-06
50 2.21209e-08 3.20614e-06
51 2.21222e-08 3.20631e-06
52 2.21235e-08 3.20649e-06
53 2.21249e-08 3.20668e-06
54 2.21264e-08 3.20689e-06
55 2.2128e-08 3.2071e-06
56 2.21296e-08 3.20732e-06
57 2.21312e-08 3.20754e-06
58 2.21329e-08 3.20776e-06
59 2.21344e-08 3.20797e-06
60 2.2136e-08 3.2082e-06
61 2.21377e-08 3.20842e-06
62 2.21393e-08 3.20865e-06
63 2.2141e-08 3.20888e-06
64 2.21427e-08 3.2091e-06
65 2.21444e-08 3.20933e-06
66 2.2146e-08 3.20956e-06
67 2.21477e-08 3.2098e-06
68 2.21494e-08 3.21003e-06
69 2.21511e-08 3.21026e-06
70 2.21528e-08 3.21049e-06
71 2.21544e-08 3.21072e-06
72 2.21561e-08 3.21095e-06
73 2.21578e-08 3.21118e-06
74 2.21595e-08 3.21141e-06
75 2.21611e-08 3.21164e-06
76 2.21628e-08 3.21187e-06
77 2.21645e-08 3.2121e-06
78 2.21661e-08 3.21233e-06
79 2.21678e-08 3.21256e-06
80 2.21695e-08 3.21278e-06
