26 5.925e-12 1.58323e-08
27 3.47689e-07 1.35656e-05
28 3.61278e-07 9.57998e-06
29 4.6016e-07 2.75206e-06
30 4.58119e-07 2.74166e-06
31 4.57627e-07 2.76555e-06
32 4.57645e-07 2.75332e-06
33 4.57551e-07 2.75229e-06
34 4.57467e-07 2.75182e-06
35 4.57405e-07 2.75146e-06
36 4.57352e-07 2.75138e-06
37 4.57299e-07 2.75121e-06
38 4.57259e-07 2.75131e-06
39 4.57216e-07 2.75133e-06
40 4.57184e-07 2.75138e-06
41 4.57157e-07 2.75165e-06
42 4.57123e-07 2.75183e-06
43 4.57093e-07 2.75212e-06
44 4.57066e-07 2.75235e-06
45 4.57042e-07 2.75263e-06
46 4.57014e-07 2.75292e-06
47 4.56992e-07 2.75324e-06
48 4.5697e-07 2.75356e-06
49 4.56947e-07 2.75388e-06
50 4.56925e-07 2.75421e-06
51 4.56903e-07 2.75458e-06
52 4.56882e-07 2.75491e-06
53 4.56862e-07 2.75526e-06
54 4.56843e-07 2.75564e-06
55 4.56826e-07 2.75601e-06
56 4.56808e-07 2.75639e-06
57 4.5679e-07 2.75677e-06
58 4.56773e-07 2.75717e-06
59 4.56756e-07 2.75757e-06
60 4.5674e-07 2.75795e-06
61 4.56723e-07 2.75834e-06
62 4.56707e-07 2.75875e-06
63 4.5669e-07 2.75914e-06
64 4.56674e-07 2.75953e-06
65 4.56657e-07 2.75992e-06
66 4.56641e-07 2.76031e-06
67 4.56625e-07 2.7607e-06
68 4.56609e-07 2.76109e-06
69 4.56593e-07 2.76148e-06
70 4.56577e-07 2.76187e-06
71 4.56561e-07 2.76226e-06
72 4.56545e-07 2.76266e-06
73 4.5653e-07 2.76305e-06
74 4.56515e-07 2.76344e-06
75 4.56499e-07 2.76383e-06
76 4.56484e-07 2.76422e-06
77 4.56469e-07 2.76461e-06
78 4.56454e-07 2.765e-06
79 4.56439e-07 2.76539e-06
80 4.56424e-07 2.76577e-06
