26 -2.97817e-11 1.46195e-09
27 3.27511e-08 -8.95239e-07
28 2.59933e-08 -6.47963e-07
29 1.39664e-08 -6.52138e-07
30 1.41386e-08 -6.28642e-07
31 1.42666e-08 -6.66285e-07
32 1.41675e-08 -6.57642e-07
33 1.41668e-08 -6.57532e-07
34 1.41617e-08 -6.57482e-07
35 1.41588e-08 -6.57346e-07
36 1.41564e-08 -6.57401e-07
37 1.41543e-08 -6.57363e-07
38 1.4153e-08 -6.57455e-07
39 1.41519e-08 -6.57472e-07
40 1.41512e-08 -6.57485e-07
41 1.41507e-08 -6.57652e-07
42 1.41505e-08 -6.57721e-07
43 1.41502e-08 -6.57875e-07
44 1.41504e-08 -6.57958e-07
45 1.41506e-08 -6.58074e-07
46 1.41508e-08 -6.58188e-07
47 1.41513e-08 -6.58314e-07
48 1.41518e-08 -6.58433e-07
49 1.41524e-08 -6.58548e-07
50 1.4153e-08 -6.58672e-07
51 1.41537e-08 -6.58812e-07
52 1.41544e-08 -6.58927e-07
53 1.41551e-08 -6.5905e-07
54 1.41559e-08 -6.59191e-07
55 1.41568e-08 -6.59321e-07
56 1.41577e-08 -6.59452e-07
57 1.41585e-08 -6.59591e-07
58 1.41594e-08 -6.59738e-07
59 1.41602e-08 -6.59894e-07
60 1.41611e-08 -6.60026e-07
61 1.4162e-08 -6.60166e-07
62 1.41629e-08 -6.60316e-07
63 1.41638e-08 -6.60454e-07
64 1.41647e-08 -6.6059e-07
65 1.41657e-08 -6.60728e-07
66 1.41666e-08 -6.60866e-07
67 1.41675e-08 -6.61003e-07
68 1.41684e-08 -6.61141e-07
69 1.41693e-08 -6.61278e-07
70 1.41703e-08 -6.61415e-07
71 1.41712e-08 -6.61552e-07
72 1.41721e-08 -6.61689e-07
73 1.4173e-08 -6.61825e-07
74 1.4174e-08 -6.61962e-07
75 1.41749e-08 -6.62099e-07
76 1.41758e-08 -6.62235e-07
77 1.41767e-08 -6.62371e-07
78 1.41776e-08 -6.62507e-07
79 1.41785e-08 -6.62642e-07
80 1.41795e-08 -6.62778e-07
