26 -3.4278e-11 6.5026e-10
27 4.5673e-08 5.2579e-06
28 3.60467e-08 4.13734e-06
29 2.01265e-08 2.28751e-06
30 2.02471e-08 2.28521e-06
31 2.0527e-08 2.32096e-06
32 2.03761e-08 2.3048e-06
33 2.03743e-08 2.30436e-06
34 2.03677e-08 2.30372e-06
35 2.03636e-08 2.30327e-06
36 2.03608e-08 2.30302e-06
37 2.0358e-08 2.30274e-06
38 2.03567e-08 2.30266e-06
39 2.03554e-08 2.30255e-06
40 2.03546e-08 2.30248e-06
41 2.03545e-08 2.30255e-06
42 2.03545e-08 2.30258e-06
43 2.03548e-08 2.30268e-06
44 2.03553e-08 2.30276e-06
45 2.0356e-08 2.30288e-06
46 2.03567e-08 2.303e-06
47 2.03578e-08 2.30316e-06
48 2.03588e-08 2.30331e-06
49 2.036e-08 2.30347e-06
50 2.03612e-08 2.30365e-06
51 2.03626e-08 2.30384e-06
52 2.03639e-08 2.30402e-06
53 2.03653e-08 2.30421e-06
54 2.03668e-08 2.30442e-06
55 2.03684e-08 2.30463e-06
56 2.037e-08 2.30484e-06
57 2.03716e-08 2.30505e-06
58 2.03732e-08 2.30528e-06
59 2.03748e-08 2.3055e-06
60 2.03764e-08 2.30571e-06
61 2.03781e-08 2.30593e-06
62 2.03797e-08 2.30616e-06
63 2.03814e-08 2.30638e-06
64 2.03831e-08 2.3066e-06
65 2.03847e-08 2.30682e-06
66 2.03864e-08 2.30705e-06
67 2.03881e-08 2.30727e-06
68 2.03897e-08 2.30749e-06
69 2.03914e-08 2.30771e-06
70 2.03931e-08 2.30794e-06
71 2.03948e-08 2.30816e-06
72 2.03964e-08 2.30838e-06
73 2.03981e-08 2.3086e-06
74 2.03998e-08 2.30882e-06
75 2.04014e-08 2.30905e-06
76 2.04031e-08 2.30927e-06
77 2.04047e-08 2.30949e-06
78 2.04064e-08 2.30971e-06
79 2.0408e-08 2.30993e-06
80 2.04097e-08 2.31015e-06
