26 2.27204e-11 -4.3044e-09
27 3.40887e-07 -1.38107e-05
28 3.63339e-07 -1.03078e-05
29 4.60162e-07 2.64249e-06
30 4.58121e-07 2.70119e-06
31 4.57629e-07 2.67666e-06
32 4.57647e-07 2.66549e-06
33 4.57553e-07 2.6653e-06
34 4.57469e-07 2.66437e-06
35 4.57407e-07 2.6641e-06
36 4.57354e-07 2.66366e-06
37 4.57301e-07 2.66343e-06
38 4.57261e-07 2.66319e-06
39 4.57218e-07 2.66313e-06
40 4.57186e-07 2.66318e-06
41 4.57159e-07 2.66301e-06
42 4.57125e-07 2.66308e-06
43 4.57095e-07 2.66301e-06
44 4.57068e-07 2.66315e-06
45 4.57044e-07 2.66324e-06
46 4.57016e-07 2.66335e-06
47 4.56994e-07 2.6635e-06
48 4.56972e-07 2.66366e-06
49 4.56949e-07 2.66385e-06
50 4.56927e-07 2.66404e-06
51 4.56905e-07 2.6642e-06
52 4.56884e-07 2.66442e-06
53 4.56864e-07 2.66464e-06
54 4.56845e-07 2.66484e-06
55 4.56828e-07 2.66508e-06
56 4.5681e-07 2.66532e-06
57 4.56792e-07 2.66553e-06
58 4.56775e-07 2.66574e-06
59 4.56758e-07 2.66592e-06
60 4.56742e-07 2.66615e-06
61 4.56725e-07 2.66637e-06
62 4.56709e-07 2.66657e-06
63 4.56692e-07 2.6668e-06
64 4.56676e-07 2.66704e-06
65 4.56659e-07 2.66726e-06
66 4.56643e-07 2.66749e-06
67 4.56627e-07 2.66772e-06
68 4.56611e-07 2.66795e-06
69 4.56595e-07 2.66818e-06
70 4.56579e-07 2.66841e-06
71 4.56563e-07 2.66863e-06
72 4.56547e-07 2.66886e-06
73 4.56532e-07 2.66909e-06
74 4.56516e-07 2.66931e-06
75 4.56501e-07 2.66953e-06
76 4.56486e-07 2.66976e-06
77 4.56471e-07 2.66998e-06
78 4.56456e-07 2.6702e-06
79 4.56441e-07 2.67042e-06
80 4.56426e-07 2.67064e-06
