26 -2.57618e-11 1.15945e-09
27 3.98788e-08 2.62791e-06
28 3.1608e-08 2.12726e-06
29 1.71418e-08 9.17661e-07
30 1.73264e-08 9.47266e-07
31 1.75035e-08 9.33932e-07
32 1.73802e-08 9.30591e-07
33 1.73792e-08 9.30538e-07
34 1.7373e-08 9.30095e-07
35 1.73695e-08 9.29912e-07
36 1.73667e-08 9.29653e-07
37 1.73642e-08 9.29481e-07
38 1.73627e-08 9.29302e-07
39 1.73614e-08 9.29194e-07
40 1.73606e-08 9.29123e-07
41 1.73601e-08 9.28967e-07
42 1.73599e-08 9.28904e-07
43 1.73597e-08 9.2879e-07
44 1.736e-08 9.28753e-07
45 1.73603e-08 9.287e-07
46 1.73607e-08 9.28654e-07
47 1.73613e-08 9.28621e-07
48 1.7362e-08 9.28592e-07
49 1.73628e-08 9.28575e-07
50 1.73636e-08 9.28557e-07
51 1.73645e-08 9.28532e-07
52 1.73655e-08 9.28527e-07
53 1.73665e-08 9.28523e-07
54 1.73675e-08 9.28511e-07
55 1.73686e-08 9.28512e-07
56 1.73698e-08 9.28513e-07
57 1.73709e-08 9.28506e-07
58 1.73721e-08 9.28499e-07
59 1.73732e-08 9.28478e-07
60 1.73743e-08 9.28481e-07
61 1.73755e-08 9.28478e-07
62 1.73767e-08 9.28467e-07
63 1.73779e-08 9.28468e-07
64 1.73791e-08 9.28471e-07
65 1.73803e-08 9.28471e-07
66 1.73815e-08 9.28472e-07
67 1.73827e-08 9.28474e-07
68 1.73839e-08 9.28476e-07
69 1.73851e-08 9.28478e-07
70 1.73863e-08 9.2848e-07
71 1.73875e-08 9.28482e-07
72 1.73887e-08 9.28483e-07
73 1.73899e-08 9.28486e-07
74 1.73911e-08 9.28488e-07
75 1.73923e-08 9.2849e-07
76 1.73935e-08 9.28492e-07
77 1.73947e-08 9.28494e-07
78 1.73959e-08 9.28496e-07
79 1.73971e-08 9.28498e-07
80 1.73983e-08 9.28499e-07
