26 -7.56067 1.80026
27 3125.02 -3618.27
28 2482.98 -2786.4
29 1323.57 -1896.81
30 1341.66 -1875.49
31 1352.47 -1935.61
32 1343.18 -1916.99
33 1343.13 -1916.75
34 1342.63 -1916.33
35 1342.36 -1915.94
36 1342.12 -1915.84
37 1341.92 -1915.65
38 1341.79 -1915.68
39 1341.68 -1915.63
40 1341.62 -1915.6
41 1341.55 -1915.8
42 1341.53 -1915.88
43 1341.5 -1916.08
44 1341.51 -1916.2
45 1341.52 -1916.38
46 1341.54 -1916.56
47 1341.58 -1916.76
48 1341.62 -1916.96
49 1341.67 -1917.17
50 1341.73 -1917.38
51 1341.78 -1917.62
52 1341.85 -1917.83
53 1341.91 -1918.06
54 1341.98 -1918.31
55 1342.06 -1918.55
56 1342.14 -1918.8
57 1342.22 -1919.05
58 1342.3 -1919.32
59 1342.37 -1919.59
60 1342.45 -1919.84
61 1342.53 -1920.1
62 1342.6 -1920.37
63 1342.69 -1920.62
64 1342.77 -1920.88
65 1342.85 -1921.13
66 1342.93 -1921.39
67 1343.02 -1921.65
68 1343.1 -1921.9
69 1343.18 -1922.16
70 1343.26 -1922.42
71 1343.35 -1922.67
72 1343.43 -1922.93
73 1343.51 -1923.18
74 1343.6 -1923.44
75 1343.68 -1923.69
76 1343.76 -1923.95
77 1343.84 -1924.2
78 1343.92 -1924.46
79 1344.01 -1924.71
80 1344.09 -1924.96
