26 -1.47012 13.0677
27 38237.3 20863
28 40755.6 16248.7
29 51617.1 3075.79
30 51388.1 3119.28
31 51332.9 3107.89
32 51335 3094.68
33 51324.4 3094.17
34 51315 3093.26
35 51308 3092.92
36 51302.1 3092.54
37 51296.2 3092.29
38 51291.6 3092.14
39 51286.8 3092.1
40 51283.2 3092.16
41 51280.2 3092.11
42 51276.4 3092.23
43 51273.1 3092.27
44 51270 3092.46
45 51267.3 3092.64
46 51264.2 3092.83
47 51261.7 3093.06
48 51259.2 3093.3
49 51256.6 3093.56
50 51254.1 3093.83
51 51251.7 3094.09
52 51249.4 3094.38
53 51247.1 3094.68
54 51245 3094.97
55 51243 3095.29
56 51241.1 3095.61
57 51239 3095.91
58 51237.1 3096.22
59 51235.3 3096.5
60 51233.4 3096.82
61 51231.5 3097.14
62 51229.7 3097.43
63 51227.8 3097.76
64 51226 3098.08
65 51224.2 3098.39
66 51222.3 3098.71
67 51220.5 3099.03
68 51218.7 3099.35
69 51216.9 3099.67
70 51215.1 3099.99
71 51213.4 3100.31
72 51211.6 3100.62
73 51209.9 3100.94
74 51208.1 3101.26
75 51206.4 3101.57
76 51204.7 3101.89
77 51203 3102.2
78 51201.3 3102.52
79 51199.6 3102.83
80 51197.9 3103.14
