26 -3.51806e-11 2.05358e-10
27 4.88923e-08 6.86446e-06
28 3.86145e-08 5.41873e-06
29 2.14581e-08 2.95227e-06
30 2.16034e-08 2.96216e-06
31 2.18893e-08 3.00102e-06
32 2.17295e-08 2.98039e-06
33 2.17277e-08 2.97994e-06
34 2.17205e-08 2.97904e-06
35 2.17162e-08 2.97845e-06
36 2.17131e-08 2.97807e-06
37 2.17101e-08 2.97768e-06
38 2.17086e-08 2.97751e-06
39 2.17072e-08 2.97734e-06
40 2.17063e-08 2.97724e-06
41 2.17061e-08 2.97725e-06
42 2.17061e-08 2.97726e-06
43 2.17063e-08 2.97733e-06
44 2.17068e-08 2.97742e-06
45 2.17075e-08 2.97753e-06
46 2.17082e-08 2.97765e-06
47 2.17093e-08 2.97782e-06
48 2.17104e-08 2.97799e-06
49 2.17116e-08 2.97817e-06
50 2.17128e-08 2.97836e-06
51 2.17142e-08 2.97857e-06
52 2.17156e-08 2.97877e-06
53 2.17171e-08 2.97899e-06
54 2.17186e-08 2.97922e-06
55 2.17203e-08 2.97946e-06
56 2.17219e-08 2.97971e-06
57 2.17236e-08 2.97995e-06
58 2.17253e-08 2.98021e-06
59 2.17269e-08 2.98045e-06
60 2.17286e-08 2.9807e-06
61 2.17303e-08 2.98095e-06
62 2.1732e-08 2.98121e-06
63 2.17337e-08 2.98146e-06
64 2.17355e-08 2.98172e-06
65 2.17372e-08 2.98197e-06
66 2.17389e-08 2.98223e-06
67 2.17407e-08 2.98248e-06
68 2.17424e-08 2.98274e-06
69 2.17441e-08 2.98299e-06
70 2.17459e-08 2.98325e-06
71 2.17476e-08 2.98351e-06
72 2.17494e-08 2.98376e-06
73 2.17511e-08 2.98402e-06
74 2.17528e-08 2.98427e-06
75 2.17545e-08 2.98453e-06
76 2.17563e-08 2.98478e-06
77 2.1758e-08 2.98504e-06
78 2.17597e-08 2.98529e-06
79 2.17614e-08 2.98554e-06
80 2.17631e-08 2.98579e-06
