26 -3.56005 0.291205
27 5504.95 8094.32
28 4355.28 6427.87
29 2391.22 3360.2
30 2412.11 3394.79
31 2440.47 3421.46
32 2422.95 3399.49
33 2422.78 3399.13
34 2421.95 3397.95
35 2421.46 3397.28
36 2421.09 3396.72
37 2420.75 3396.23
38 2420.56 3395.94
39 2420.4 3395.7
40 2420.3 3395.54
41 2420.25 3395.43
42 2420.23 3395.38
43 2420.23 3395.35
44 2420.28 3395.39
45 2420.34 3395.45
46 2420.41 3395.52
47 2420.51 3395.64
48 2420.62 3395.77
49 2420.74 3395.91
50 2420.87 3396.07
51 2421.01 3396.24
52 2421.15 3396.41
53 2421.31 3396.6
54 2421.47 3396.8
55 2421.64 3397.02
56 2421.81 3397.23
57 2421.98 3397.45
58 2422.16 3397.67
59 2422.32 3397.87
60 2422.5 3398.09
61 2422.68 3398.31
62 2422.85 3398.53
63 2423.03 3398.76
64 2423.21 3398.99
65 2423.39 3399.21
66 2423.57 3399.44
67 2423.75 3399.67
68 2423.94 3399.9
69 2424.12 3400.13
70 2424.3 3400.36
71 2424.48 3400.59
72 2424.66 3400.82
73 2424.84 3401.04
74 2425.02 3401.27
75 2425.2 3401.5
76 2425.38 3401.73
77 2425.56 3401.96
78 2425.74 3402.18
79 2425.92 3402.41
80 2426.1 3402.63
