26 -6.90772e-11 1.5331e-08
27 3.40934e-07 2.84993e-05
28 3.63363e-07 2.20509e-05
29 4.60209e-07 2.68554e-06
30 4.58168e-07 2.71662e-06
31 4.57676e-07 2.71144e-06
32 4.57694e-07 2.69986e-06
33 4.576e-07 2.69933e-06
34 4.57516e-07 2.69858e-06
35 4.57454e-07 2.69827e-06
36 4.57401e-07 2.69798e-06
37 4.57348e-07 2.69777e-06
38 4.57308e-07 2.69767e-06
39 4.57265e-07 2.69764e-06
40 4.57233e-07 2.69769e-06
41 4.57206e-07 2.6977e-06
42 4.57172e-07 2.69781e-06
43 4.57142e-07 2.69789e-06
44 4.57115e-07 2.69806e-06
45 4.57091e-07 2.69823e-06
46 4.57063e-07 2.69841e-06
47 4.57041e-07 2.69863e-06
48 4.57019e-07 2.69885e-06
49 4.56996e-07 2.69909e-06
50 4.56974e-07 2.69934e-06
51 4.56952e-07 2.69958e-06
52 4.56931e-07 2.69985e-06
53 4.56911e-07 2.70012e-06
54 4.56892e-07 2.70039e-06
55 4.56875e-07 2.70068e-06
56 4.56857e-07 2.70098e-06
57 4.56839e-07 2.70126e-06
58 4.56822e-07 2.70154e-06
59 4.56805e-07 2.70181e-06
60 4.56789e-07 2.7021e-06
61 4.56772e-07 2.70239e-06
62 4.56756e-07 2.70267e-06
63 4.56739e-07 2.70297e-06
64 4.56723e-07 2.70326e-06
65 4.56706e-07 2.70356e-06
66 4.5669e-07 2.70385e-06
67 4.56674e-07 2.70414e-06
68 4.56658e-07 2.70444e-06
69 4.56642e-07 2.70473e-06
70 4.56626e-07 2.70502e-06
71 4.5661e-07 2.70532e-06
72 4.56594e-07 2.70561e-06
73 4.56579e-07 2.7059e-06
74 4.56563e-07 2.70619e-06
75 4.56548e-07 2.70648e-06
76 4.56533e-07 2.70677e-06
77 4.56518e-07 2.70706e-06
78 4.56503e-07 2.70735e-06
79 4.56488e-07 2.70764e-06
80 4.56473e-07 2.70792e-06
