26 -3.54549e-11 1.09051e-08
27 3.47738e-07 2.75089e-05
28 3.61296e-07 1.96291e-05
29 4.60209e-07 2.73465e-06
30 4.58168e-07 2.73487e-06
31 4.57676e-07 2.75132e-06
32 4.57694e-07 2.73925e-06
33 4.576e-07 2.73835e-06
34 4.57516e-07 2.73782e-06
35 4.57454e-07 2.73746e-06
36 4.57401e-07 2.73733e-06
37 4.57348e-07 2.73715e-06
38 4.57308e-07 2.7372e-06
39 4.57265e-07 2.7372e-06
40 4.57233e-07 2.73726e-06
41 4.57206e-07 2.73746e-06
42 4.57172e-07 2.73762e-06
43 4.57142e-07 2.73786e-06
44 4.57115e-07 2.73807e-06
45 4.57091e-07 2.73833e-06
46 4.57063e-07 2.73858e-06
47 4.57041e-07 2.73888e-06
48 4.57019e-07 2.73917e-06
49 4.56996e-07 2.73947e-06
50 4.56974e-07 2.73979e-06
51 4.56952e-07 2.74012e-06
52 4.56931e-07 2.74044e-06
53 4.56911e-07 2.74077e-06
54 4.56892e-07 2.74112e-06
55 4.56875e-07 2.74147e-06
56 4.56857e-07 2.74182e-06
57 4.56839e-07 2.74218e-06
58 4.56822e-07 2.74255e-06
59 4.56805e-07 2.74292e-06
60 4.56789e-07 2.74328e-06
61 4.56772e-07 2.74364e-06
62 4.56756e-07 2.74401e-06
63 4.56739e-07 2.74438e-06
64 4.56723e-07 2.74474e-06
65 4.56706e-07 2.74511e-06
66 4.5669e-07 2.74548e-06
67 4.56674e-07 2.74584e-06
68 4.56658e-07 2.74621e-06
69 4.56642e-07 2.74658e-06
70 4.56626e-07 2.74694e-06
71 4.5661e-07 2.74731e-06
72 4.56594e-07 2.74767e-06
73 4.56579e-07 2.74804e-06
74 4.56563e-07 2.7484e-06
75 4.56548e-07 2.74877e-06
76 4.56533e-07 2.74913e-06
77 4.56518e-07 2.7495e-06
78 4.56503e-07 2.74986e-06
79 4.56488e-07 2.75022e-06
80 4.56473e-07 2.75059e-06
