26 -3.56415e-11 1.45834e-08
27 3.40903e-07 2.11106e-05
28 3.63348e-07 1.64e-05
29 4.60178e-07 2.67823e-06
30 4.58137e-07 2.71413e-06
31 4.57645e-07 2.70557e-06
32 4.57664e-07 2.69406e-06
33 4.57569e-07 2.69359e-06
34 4.57486e-07 2.69281e-06
35 4.57423e-07 2.69251e-06
36 4.5737e-07 2.69219e-06
37 4.57317e-07 2.69198e-06
38 4.57277e-07 2.69185e-06
39 4.57234e-07 2.69182e-06
40 4.57202e-07 2.69187e-06
41 4.57175e-07 2.69185e-06
42 4.57141e-07 2.69195e-06
43 4.57111e-07 2.692e-06
44 4.57085e-07 2.69217e-06
45 4.5706e-07 2.69233e-06
46 4.57032e-07 2.69249e-06
47 4.5701e-07 2.6927e-06
48 4.56988e-07 2.69291e-06
49 4.56965e-07 2.69314e-06
50 4.56943e-07 2.69338e-06
51 4.56921e-07 2.69361e-06
52 4.56901e-07 2.69387e-06
53 4.5688e-07 2.69413e-06
54 4.56861e-07 2.69439e-06
55 4.56844e-07 2.69467e-06
56 4.56826e-07 2.69495e-06
57 4.56808e-07 2.69522e-06
58 4.56791e-07 2.6955e-06
59 4.56775e-07 2.69575e-06
60 4.56758e-07 2.69603e-06
61 4.56741e-07 2.69631e-06
62 4.56725e-07 2.69657e-06
63 4.56708e-07 2.69686e-06
64 4.56692e-07 2.69714e-06
65 4.56676e-07 2.69742e-06
66 4.56659e-07 2.6977e-06
67 4.56643e-07 2.69799e-06
68 4.56627e-07 2.69827e-06
69 4.56611e-07 2.69855e-06
70 4.56595e-07 2.69883e-06
71 4.56579e-07 2.69911e-06
72 4.56564e-07 2.6994e-06
73 4.56548e-07 2.69968e-06
74 4.56533e-07 2.69996e-06
75 4.56517e-07 2.70023e-06
76 4.56502e-07 2.70051e-06
77 4.56487e-07 2.70079e-06
78 4.56472e-07 2.70107e-06
79 4.56457e-07 2.70134e-06
80 4.56442e-07 2.70162e-06
