26 -3.94131 0.347564
27 5414.11 7515.83
28 4275.23 5929.16
29 2378.14 3240.77
30 2393.82 3248.89
31 2425.83 3293.18
32 2408.09 3270.46
33 2407.88 3269.95
34 2407.09 3268.97
35 2406.61 3268.33
36 2406.27 3267.92
37 2405.94 3267.5
38 2405.77 3267.33
39 2405.62 3267.15
40 2405.53 3267.04
41 2405.51 3267.07
42 2405.5 3267.09
43 2405.53 3267.18
44 2405.58 3267.28
45 2405.66 3267.41
46 2405.74 3267.55
47 2405.87 3267.74
48 2405.98 3267.93
49 2406.12 3268.14
50 2406.26 3268.36
51 2406.42 3268.6
52 2406.57 3268.82
53 2406.73 3269.07
54 2406.91 3269.33
55 2407.09 3269.6
56 2407.27 3269.87
57 2407.46 3270.15
58 2407.65 3270.44
59 2407.83 3270.72
60 2408.02 3271
61 2408.21 3271.28
62 2408.4 3271.57
63 2408.59 3271.85
64 2408.79 3272.14
65 2408.98 3272.43
66 2409.17 3272.71
67 2409.37 3273
68 2409.56 3273.29
69 2409.75 3273.58
70 2409.95 3273.86
71 2410.14 3274.15
72 2410.33 3274.44
73 2410.53 3274.73
74 2410.72 3275.01
75 2410.91 3275.3
76 2411.11 3275.58
77 2411.3 3275.87
78 2411.49 3276.16
79 2411.68 3276.44
80 2411.87 3276.72
