26 -3.49052e-11 1.04574e-09
27 3.2946e-08 -1.03941e-06
28 2.5942e-08 -8.62359e-07
29 1.47117e-08 -3.92222e-07
30 1.47629e-08 -4.28657e-07
31 1.49952e-08 -4.16648e-07
32 1.48825e-08 -4.13865e-07
33 1.4881e-08 -4.14185e-07
34 1.48764e-08 -4.13827e-07
35 1.48734e-08 -4.13728e-07
36 1.48715e-08 -4.13502e-07
37 1.48695e-08 -4.13377e-07
38 1.48688e-08 -4.13201e-07
39 1.48679e-08 -4.13108e-07
40 1.48674e-08 -4.13044e-07
41 1.48675e-08 -4.12859e-07
42 1.48676e-08 -4.12786e-07
43 1.4868e-08 -4.12642e-07
44 1.48684e-08 -4.12583e-07
45 1.4869e-08 -4.125e-07
46 1.48697e-08 -4.12424e-07
47 1.48706e-08 -4.12354e-07
48 1.48714e-08 -4.12289e-07
49 1.48724e-08 -4.12236e-07
50 1.48734e-08 -4.12178e-07
51 1.48745e-08 -4.12111e-07
52 1.48755e-08 -4.12067e-07
53 1.48767e-08 -4.1202e-07
54 1.48779e-08 -4.11962e-07
55 1.48791e-08 -4.11916e-07
56 1.48804e-08 -4.1187e-07
57 1.48816e-08 -4.11817e-07
58 1.4883e-08 -4.11759e-07
59 1.48843e-08 -4.11687e-07
60 1.48855e-08 -4.11642e-07
61 1.48868e-08 -4.1159e-07
62 1.48882e-08 -4.11527e-07
63 1.48895e-08 -4.11479e-07
64 1.48908e-08 -4.11432e-07
65 1.48921e-08 -4.11383e-07
66 1.48934e-08 -4.11334e-07
67 1.48947e-08 -4.11287e-07
68 1.48961e-08 -4.11239e-07
69 1.48974e-08 -4.11191e-07
70 1.48987e-08 -4.11143e-07
71 1.49e-08 -4.11095e-07
72 1.49013e-08 -4.11047e-07
73 1.49027e-08 -4.11e-07
74 1.4904e-08 -4.10951e-07
75 1.49053e-08 -4.10903e-07
76 1.49066e-08 -4.10856e-07
77 1.49079e-08 -4.10808e-07
78 1.49092e-08 -4.10759e-07
79 1.49105e-08 -4.10711e-07
80 1.49118e-08 -4.10663e-07
