26 0.664636 18.2009
27 39000.9 15595.3
28 40525.3 11013.3
29 51617.4 3163.92
30 51388.4 3151.96
31 51333.2 3179.42
32 51335.3 3165.37
33 51324.7 3164.18
34 51315.3 3163.65
35 51308.3 3163.23
36 51302.4 3163.14
37 51296.4 3162.95
38 51291.9 3163.06
39 51287.1 3163.08
40 51283.5 3163.14
41 51280.5 3163.46
42 51276.7 3163.65
43 51273.3 3163.99
44 51270.3 3164.25
45 51267.6 3164.58
46 51264.5 3164.91
47 51262 3165.28
48 51259.5 3165.64
49 51256.9 3166.01
50 51254.4 3166.4
51 51252 3166.81
52 51249.7 3167.2
53 51247.4 3167.6
54 51245.3 3168.03
55 51243.3 3168.46
56 51241.4 3168.9
57 51239.3 3169.34
58 51237.4 3169.8
59 51235.6 3170.26
60 51233.7 3170.7
61 51231.8 3171.15
62 51230 3171.61
63 51228.1 3172.06
64 51226.3 3172.5
65 51224.5 3172.95
66 51222.6 3173.4
67 51220.8 3173.85
68 51219 3174.3
69 51217.2 3174.75
70 51215.4 3175.2
71 51213.7 3175.65
72 51211.9 3176.1
73 51210.2 3176.55
74 51208.4 3177
75 51206.7 3177.45
76 51205 3177.9
77 51203.3 3178.35
78 51201.6 3178.79
79 51199.9 3179.24
80 51198.2 3179.69
