26 4.58031e-11 1.00921e-09
27 3.41004e-07 4.10975e-05
28 3.63439e-07 3.67442e-05
29 4.6029e-07 2.7046e-06
30 4.5825e-07 2.72314e-06
31 4.57757e-07 2.72675e-06
32 4.57776e-07 2.71497e-06
33 4.57681e-07 2.71428e-06
34 4.57598e-07 2.71363e-06
35 4.57536e-07 2.7133e-06
36 4.57483e-07 2.71307e-06
37 4.5743e-07 2.71287e-06
38 4.57389e-07 2.71283e-06
39 4.57346e-07 2.71282e-06
40 4.57314e-07 2.71287e-06
41 4.57288e-07 2.71296e-06
42 4.57253e-07 2.71309e-06
43 4.57224e-07 2.71323e-06
44 4.57197e-07 2.71342e-06
45 4.57172e-07 2.71362e-06
46 4.57145e-07 2.71383e-06
47 4.57123e-07 2.71409e-06
48 4.571e-07 2.71434e-06
49 4.57077e-07 2.7146e-06
50 4.57055e-07 2.71487e-06
51 4.57033e-07 2.71516e-06
52 4.57013e-07 2.71544e-06
53 4.56992e-07 2.71574e-06
54 4.56973e-07 2.71604e-06
55 4.56956e-07 2.71636e-06
56 4.56939e-07 2.71667e-06
57 4.5692e-07 2.71699e-06
58 4.56904e-07 2.71731e-06
59 4.56887e-07 2.71761e-06
60 4.5687e-07 2.71793e-06
61 4.56853e-07 2.71825e-06
62 4.56837e-07 2.71857e-06
63 4.56821e-07 2.7189e-06
64 4.56804e-07 2.71922e-06
65 4.56788e-07 2.71954e-06
66 4.56771e-07 2.71986e-06
67 4.56755e-07 2.72019e-06
68 4.56739e-07 2.72051e-06
69 4.56723e-07 2.72083e-06
70 4.56707e-07 2.72116e-06
71 4.56691e-07 2.72148e-06
72 4.56676e-07 2.7218e-06
73 4.5666e-07 2.72212e-06
74 4.56645e-07 2.72244e-06
75 4.56629e-07 2.72276e-06
76 4.56614e-07 2.72308e-06
77 4.56599e-07 2.7234e-06
78 4.56584e-07 2.72372e-06
79 4.56569e-07 2.72404e-06
80 4.56554e-07 2.72436e-06
