26 0.515318 -9.47412
27 38236.2 -28708.1
28 41612.9 -21623
29 49868.6 3198.59
30 50348.5 3280.11
31 50225.9 3244.54
32 50235.8 3231.52
33 50229.8 3231
34 50227.1 3229.58
35 50226.8 3229.03
36 50227.3 3228.24
37 50228.2 3227.75
38 50230.2 3227.24
39 50232.5 3226.98
40 50235.5 3226.87
41 50238.8 3226.45
42 50242 3226.36
43 50245.5 3226.08
44 50249.3 3226.08
45 50253.2 3226.02
46 50257.1 3225.99
47 50261.3 3226
48 50265.5 3226.03
49 50269.7 3226.1
50 50273.9 3226.17
51 50278.2 3226.21
52 50282.5 3226.32
53 50286.9 3226.43
54 50291.2 3226.52
55 50295.7 3226.65
56 50300.2 3226.78
57 50304.5 3226.88
58 50309 3226.98
59 50313.3 3227.03
60 50317.7 3227.17
61 50322 3227.28
62 50326.3 3227.36
63 50330.6 3227.49
64 50334.9 3227.62
65 50339.1 3227.74
66 50343.3 3227.86
67 50347.5 3227.99
68 50351.6 3228.11
69 50355.8 3228.24
70 50359.9 3228.36
71 50363.9 3228.49
72 50368 3228.61
73 50372 3228.73
74 50376 3228.86
75 50379.9 3228.98
76 50383.9 3229.1
77 50387.8 3229.22
78 50391.6 3229.33
79 50395.5 3229.45
80 50399.3 3229.57
