26 -2.81146e-11 7.87367e-10
27 4.53894e-08 5.31629e-06
28 3.59405e-08 4.24084e-06
29 1.96236e-08 2.12865e-06
30 1.98131e-08 2.1605e-06
31 2.00322e-08 2.16776e-06
32 1.98896e-08 2.15502e-06
33 1.98883e-08 2.15483e-06
34 1.98814e-08 2.15402e-06
35 1.98774e-08 2.15359e-06
36 1.98743e-08 2.15319e-06
37 1.98714e-08 2.15286e-06
38 1.98698e-08 2.15262e-06
39 1.98684e-08 2.15245e-06
40 1.98675e-08 2.15234e-06
41 1.9867e-08 2.1522e-06
42 1.98669e-08 2.15215e-06
43 1.98668e-08 2.15208e-06
44 1.98671e-08 2.15208e-06
45 1.98676e-08 2.15209e-06
46 1.98681e-08 2.1521e-06
47 1.98689e-08 2.15215e-06
48 1.98697e-08 2.15219e-06
49 1.98707e-08 2.15226e-06
50 1.98717e-08 2.15233e-06
51 1.98728e-08 2.1524e-06
52 1.98739e-08 2.15249e-06
53 1.98751e-08 2.15258e-06
54 1.98764e-08 2.15267e-06
55 1.98777e-08 2.15278e-06
56 1.98791e-08 2.15289e-06
57 1.98804e-08 2.153e-06
58 1.98818e-08 2.1531e-06
59 1.98831e-08 2.15319e-06
60 1.98845e-08 2.15331e-06
61 1.98859e-08 2.15342e-06
62 1.98873e-08 2.15352e-06
63 1.98888e-08 2.15364e-06
64 1.98902e-08 2.15375e-06
65 1.98916e-08 2.15387e-06
66 1.98931e-08 2.15398e-06
67 1.98945e-08 2.1541e-06
68 1.98959e-08 2.15421e-06
69 1.98974e-08 2.15433e-06
70 1.98988e-08 2.15444e-06
71 1.99002e-08 2.15456e-06
72 1.99017e-08 2.15468e-06
73 1.99031e-08 2.15479e-06
74 1.99046e-08 2.15491e-06
75 1.9906e-08 2.15502e-06
76 1.99074e-08 2.15514e-06
77 1.99088e-08 2.15525e-06
78 1.99103e-08 2.15537e-06
79 1.99117e-08 2.15548e-06
80 1.99131e-08 2.1556e-06
