26 -2.01179 -0.424517
27 2601.88 -6307.94
28 2070.15 -4908.35
29 1092.58 -3084.74
30 1109.38 -3070.01
31 1116.9 -3147.05
32 1109.36 -3119.49
33 1109.33 -3119.14
34 1108.9 -3118.33
35 1108.68 -3117.7
36 1108.47 -3117.44
37 1108.3 -3117.08
38 1108.18 -3117.04
39 1108.09 -3116.92
40 1108.04 -3116.84
41 1107.97 -3117.03
42 1107.95 -3117.12
43 1107.91 -3117.34
44 1107.92 -3117.49
45 1107.92 -3117.71
46 1107.93 -3117.93
47 1107.96 -3118.2
48 1107.99 -3118.47
49 1108.03 -3118.74
50 1108.07 -3119.03
51 1108.11 -3119.35
52 1108.16 -3119.64
53 1108.21 -3119.95
54 1108.26 -3120.29
55 1108.32 -3120.63
56 1108.38 -3120.97
57 1108.44 -3121.32
58 1108.5 -3121.69
59 1108.55 -3122.06
60 1108.61 -3122.4
61 1108.67 -3122.76
62 1108.73 -3123.12
63 1108.79 -3123.48
64 1108.85 -3123.83
65 1108.92 -3124.19
66 1108.98 -3124.55
67 1109.04 -3124.9
68 1109.11 -3125.26
69 1109.17 -3125.62
70 1109.23 -3125.97
71 1109.3 -3126.33
72 1109.36 -3126.69
73 1109.42 -3127.04
74 1109.49 -3127.4
75 1109.55 -3127.75
76 1109.61 -3128.1
77 1109.68 -3128.46
78 1109.74 -3128.81
79 1109.8 -3129.16
80 1109.86 -3129.51
