26 2.06139e-11 -4.56692e-09
27 -8.19522e-10 -1.79838e-05
28 -7.89168e-10 -1.42727e-05
29 2.17655e-08 -7.55453e-06
30 1.76917e-09 -7.60821e-06
31 -2.99348e-09 -7.64601e-06
32 -5.30055e-09 -7.59544e-06
33 -5.39821e-09 -7.59267e-06
34 -5.37263e-09 -7.58999e-06
35 -5.33306e-09 -7.5884e-06
36 -5.28829e-09 -7.58708e-06
37 -5.23755e-09 -7.58595e-06
38 -5.1834e-09 -7.58523e-06
39 -5.12506e-09 -7.58466e-06
40 -5.06595e-09 -7.5843e-06
41 -5.00597e-09 -7.584e-06
42 -4.94193e-09 -7.58389e-06
43 -4.8776e-09 -7.58379e-06
44 -4.81248e-09 -7.58388e-06
45 -4.74646e-09 -7.584e-06
46 -4.67942e-09 -7.58415e-06
47 -4.61259e-09 -7.58442e-06
48 -4.54552e-09 -7.5847e-06
49 -4.47766e-09 -7.58503e-06
50 -4.40993e-09 -7.58538e-06
51 -4.3422e-09 -7.58576e-06
52 -4.27463e-09 -7.58616e-06
53 -4.20711e-09 -7.58659e-06
54 -4.13988e-09 -7.58704e-06
55 -4.07321e-09 -7.58753e-06
56 -4.0067e-09 -7.58802e-06
57 -3.9403e-09 -7.5885e-06
58 -3.87446e-09 -7.589e-06
59 -3.80935e-09 -7.58946e-06
60 -3.7443e-09 -7.58996e-06
61 -3.67929e-09 -7.59047e-06
62 -3.61508e-09 -7.59096e-06
63 -3.55084e-09 -7.59148e-06
64 -3.48695e-09 -7.592e-06
65 -3.42341e-09 -7.59252e-06
66 -3.36022e-09 -7.59303e-06
67 -3.29741e-09 -7.59356e-06
68 -3.23495e-09 -7.59408e-06
69 -3.17287e-09 -7.5946e-06
70 -3.11119e-09 -7.59513e-06
71 -3.0499e-09 -7.59565e-06
72 -2.98898e-09 -7.59617e-06
73 -2.92845e-09 -7.59669e-06
74 -2.8683e-09 -7.59722e-06
75 -2.80859e-09 -7.59773e-06
76 -2.74926e-09 -7.59825e-06
77 -2.69032e-09 -7.59877e-06
78 -2.63175e-09 -7.59929e-06
79 -2.57358e-09 -7.59981e-06
80 -2.51579e-09 -7.60032e-06
