26 2.58245 -7.48182
27 -95.5741 -23104.9
28 -92.5407 -18329.5
29 4179.01 -7877.69
30 1845.56 -7868.15
31 1892.83 -7842.28
32 1792.19 -7815.18
33 1763.84 -7810.69
34 1753.5 -7808.09
35 1745.01 -7806.2
36 1737.65 -7804.74
37 1731.46 -7803.42
38 1726 -7802.56
39 1721.39 -7801.82
40 1717.03 -7801.32
41 1712.93 -7800.93
42 1709.65 -7800.68
43 1706.51 -7800.47
44 1703.62 -7800.43
45 1701.01 -7800.43
46 1698.67 -7800.47
47 1696.4 -7800.63
48 1694.27 -7800.79
49 1692.37 -7801.01
50 1690.56 -7801.26
51 1688.84 -7801.54
52 1687.19 -7801.84
53 1685.62 -7802.17
54 1684.1 -7802.53
55 1682.58 -7802.93
56 1681.12 -7803.33
57 1679.73 -7803.73
58 1678.33 -7804.15
59 1676.88 -7804.53
60 1675.53 -7804.96
61 1674.25 -7805.39
62 1672.93 -7805.81
63 1671.69 -7806.25
64 1670.48 -7806.7
65 1669.3 -7807.14
66 1668.14 -7807.59
67 1667.01 -7808.05
68 1665.89 -7808.5
69 1664.79 -7808.96
70 1663.71 -7809.42
71 1662.63 -7809.88
72 1661.58 -7810.34
73 1660.54 -7810.8
74 1659.51 -7811.26
75 1658.49 -7811.72
76 1657.48 -7812.18
77 1656.49 -7812.65
78 1655.5 -7813.11
79 1654.53 -7813.57
80 1653.56 -7814.03
