26 -3.27746e-11 9.54121e-10
27 4.16352e-08 3.22841e-06
28 3.28365e-08 2.52384e-06
29 1.84226e-08 1.431e-06
30 1.85186e-08 1.4164e-06
31 1.87857e-08 1.4456e-06
32 1.86466e-08 1.43541e-06
33 1.86448e-08 1.43499e-06
34 1.86389e-08 1.43468e-06
35 1.86352e-08 1.43441e-06
36 1.86326e-08 1.43432e-06
37 1.86301e-08 1.43417e-06
38 1.8629e-08 1.43418e-06
39 1.86279e-08 1.43414e-06
40 1.86272e-08 1.43411e-06
41 1.86271e-08 1.43423e-06
42 1.86272e-08 1.43427e-06
43 1.86275e-08 1.43439e-06
44 1.8628e-08 1.43447e-06
45 1.86287e-08 1.43458e-06
46 1.86294e-08 1.43469e-06
47 1.86304e-08 1.43483e-06
48 1.86314e-08 1.43496e-06
49 1.86325e-08 1.43509e-06
50 1.86337e-08 1.43523e-06
51 1.86349e-08 1.43539e-06
52 1.86362e-08 1.43552e-06
53 1.86375e-08 1.43567e-06
54 1.86389e-08 1.43584e-06
55 1.86404e-08 1.436e-06
56 1.86419e-08 1.43616e-06
57 1.86434e-08 1.43632e-06
58 1.8645e-08 1.4365e-06
59 1.86465e-08 1.43668e-06
60 1.8648e-08 1.43684e-06
61 1.86495e-08 1.43701e-06
62 1.86511e-08 1.43719e-06
63 1.86527e-08 1.43736e-06
64 1.86542e-08 1.43753e-06
65 1.86558e-08 1.4377e-06
66 1.86573e-08 1.43787e-06
67 1.86589e-08 1.43804e-06
68 1.86605e-08 1.43821e-06
69 1.8662e-08 1.43838e-06
70 1.86636e-08 1.43855e-06
71 1.86652e-08 1.43872e-06
72 1.86667e-08 1.43889e-06
73 1.86683e-08 1.43906e-06
74 1.86699e-08 1.43923e-06
75 1.86714e-08 1.4394e-06
76 1.8673e-08 1.43957e-06
77 1.86745e-08 1.43974e-06
78 1.86761e-08 1.43991e-06
79 1.86776e-08 1.44008e-06
80 1.86792e-08 1.44025e-06
