26 0.906691 1.52792
27 39000.8 9.28684
28 40526.2 -219.615
29 51617.2 3182.78
30 51388.3 3158.96
31 51333.1 3194.73
32 51335.2 3180.49
33 51324.6 3179.16
34 51315.2 3178.71
35 51308.2 3178.27
36 51302.3 3178.25
37 51296.3 3178.06
38 51291.8 3178.23
39 51287 3178.27
40 51283.4 3178.33
41 51280.4 3178.72
42 51276.5 3178.94
43 51273.2 3179.33
44 51270.2 3179.61
45 51267.5 3179.97
46 51264.4 3180.33
47 51261.9 3180.73
48 51259.4 3181.12
49 51256.8 3181.51
50 51254.3 3181.93
51 51251.9 3182.38
52 51249.6 3182.78
53 51247.3 3183.2
54 51245.2 3183.67
55 51243.2 3184.12
56 51241.3 3184.58
57 51239.2 3185.05
58 51237.3 3185.54
59 51235.4 3186.04
60 51233.6 3186.5
61 51231.7 3186.98
62 51229.9 3187.48
63 51228 3187.96
64 51226.2 3188.43
65 51224.3 3188.91
66 51222.5 3189.39
67 51220.7 3189.86
68 51218.9 3190.34
69 51217.1 3190.82
70 51215.3 3191.3
71 51213.5 3191.78
72 51211.8 3192.25
73 51210 3192.73
74 51208.3 3193.21
75 51206.6 3193.69
76 51204.9 3194.16
77 51203.2 3194.64
78 51201.5 3195.12
79 51199.8 3195.59
80 51198.1 3196.07
