26 -4.89034e-11 1.04996e-09
27 2.82289e-08 -3.34515e-06
28 2.22034e-08 -2.68969e-06
29 1.26837e-08 -1.38402e-06
30 1.27132e-08 -1.431e-06
31 1.29245e-08 -1.42934e-06
32 1.28264e-08 -1.41941e-06
33 1.28249e-08 -1.41967e-06
34 1.28211e-08 -1.41896e-06
35 1.28185e-08 -1.41866e-06
36 1.2817e-08 -1.41827e-06
37 1.28153e-08 -1.418e-06
38 1.28147e-08 -1.41774e-06
39 1.2814e-08 -1.41757e-06
40 1.28136e-08 -1.41746e-06
41 1.28138e-08 -1.41724e-06
42 1.28139e-08 -1.41716e-06
43 1.28143e-08 -1.41701e-06
44 1.28147e-08 -1.41696e-06
45 1.28153e-08 -1.4169e-06
46 1.28159e-08 -1.41685e-06
47 1.28167e-08 -1.41682e-06
48 1.28175e-08 -1.41679e-06
49 1.28183e-08 -1.41678e-06
50 1.28192e-08 -1.41677e-06
51 1.28202e-08 -1.41676e-06
52 1.28211e-08 -1.41677e-06
53 1.28221e-08 -1.41678e-06
54 1.28232e-08 -1.41678e-06
55 1.28243e-08 -1.4168e-06
56 1.28255e-08 -1.41682e-06
57 1.28266e-08 -1.41684e-06
58 1.28278e-08 -1.41685e-06
59 1.28289e-08 -1.41684e-06
60 1.28301e-08 -1.41686e-06
61 1.28312e-08 -1.41688e-06
62 1.28324e-08 -1.41688e-06
63 1.28336e-08 -1.4169e-06
64 1.28348e-08 -1.41693e-06
65 1.28359e-08 -1.41695e-06
66 1.28371e-08 -1.41697e-06
67 1.28383e-08 -1.41699e-06
68 1.28395e-08 -1.41701e-06
69 1.28406e-08 -1.41703e-06
70 1.28418e-08 -1.41706e-06
71 1.2843e-08 -1.41708e-06
72 1.28442e-08 -1.4171e-06
73 1.28454e-08 -1.41712e-06
74 1.28465e-08 -1.41714e-06
75 1.28477e-08 -1.41717e-06
76 1.28489e-08 -1.41719e-06
77 1.285e-08 -1.41721e-06
78 1.28512e-08 -1.41723e-06
79 1.28524e-08 -1.41725e-06
80 1.28535e-08 -1.41727e-06
