26 -3.71145 1.17094
27 4093.11 771.612
28 3225.19 568.069
29 1820.54 391.911
30 1828.23 359.586
31 1855.97 381.74
32 1842.11 378.904
33 1841.92 378.491
34 1841.34 378.597
35 1840.98 378.538
36 1840.74 378.656
37 1840.49 378.675
38 1840.39 378.801
39 1840.28 378.846
40 1840.21 378.88
41 1840.22 379.063
42 1840.23 379.135
43 1840.27 379.292
44 1840.32 379.37
45 1840.39 379.481
46 1840.47 379.586
47 1840.58 379.697
48 1840.68 379.803
49 1840.79 379.901
50 1840.91 380.007
51 1841.04 380.128
52 1841.17 380.223
53 1841.31 380.325
54 1841.45 380.442
55 1841.6 380.549
56 1841.76 380.657
57 1841.91 380.772
58 1842.07 380.895
59 1842.22 381.029
60 1842.38 381.137
61 1842.54 381.253
62 1842.69 381.38
63 1842.85 381.493
64 1843.01 381.605
65 1843.17 381.719
66 1843.33 381.833
67 1843.49 381.946
68 1843.65 382.059
69 1843.81 382.172
70 1843.97 382.285
71 1844.13 382.398
72 1844.29 382.511
73 1844.45 382.624
74 1844.61 382.737
75 1844.77 382.85
76 1844.93 382.962
77 1845.09 383.075
78 1845.24 383.188
79 1845.4 383.3
80 1845.56 383.413
