26 -4.25517e-11 1.23091e-08
27 3.47732e-07 2.62325e-05
28 3.61294e-07 1.87092e-05
29 4.60203e-07 2.73626e-06
30 4.58162e-07 2.73551e-06
31 4.5767e-07 2.75264e-06
32 4.57688e-07 2.74056e-06
33 4.57594e-07 2.73964e-06
34 4.5751e-07 2.73912e-06
35 4.57448e-07 2.73876e-06
36 4.57395e-07 2.73864e-06
37 4.57342e-07 2.73846e-06
38 4.57302e-07 2.73851e-06
39 4.57259e-07 2.73852e-06
40 4.57227e-07 2.73857e-06
41 4.572e-07 2.73878e-06
42 4.57166e-07 2.73894e-06
43 4.57136e-07 2.73918e-06
44 4.57109e-07 2.7394e-06
45 4.57085e-07 2.73966e-06
46 4.57057e-07 2.73991e-06
47 4.57035e-07 2.74021e-06
48 4.57013e-07 2.74051e-06
49 4.5699e-07 2.74081e-06
50 4.56967e-07 2.74113e-06
51 4.56946e-07 2.74146e-06
52 4.56925e-07 2.74178e-06
53 4.56905e-07 2.74211e-06
54 4.56886e-07 2.74246e-06
55 4.56869e-07 2.74282e-06
56 4.56851e-07 2.74317e-06
57 4.56833e-07 2.74353e-06
58 4.56816e-07 2.74391e-06
59 4.56799e-07 2.74428e-06
60 4.56783e-07 2.74464e-06
61 4.56766e-07 2.74501e-06
62 4.5675e-07 2.74538e-06
63 4.56733e-07 2.74575e-06
64 4.56717e-07 2.74612e-06
65 4.567e-07 2.74648e-06
66 4.56684e-07 2.74685e-06
67 4.56668e-07 2.74722e-06
68 4.56652e-07 2.74759e-06
69 4.56636e-07 2.74796e-06
70 4.5662e-07 2.74833e-06
71 4.56604e-07 2.74869e-06
72 4.56588e-07 2.74906e-06
73 4.56573e-07 2.74943e-06
74 4.56557e-07 2.7498e-06
75 4.56542e-07 2.75017e-06
76 4.56527e-07 2.75053e-06
77 4.56512e-07 2.7509e-06
78 4.56497e-07 2.75126e-06
79 4.56482e-07 2.75163e-06
80 4.56467e-07 2.75199e-06
