26 1.64456 -8.28723
27 38238.1 -25117.6
28 40755.1 -18917.4
29 51617.8 3028.09
30 51388.9 3101.6
31 51333.7 3069.17
32 51335.8 3056.43
33 51325.1 3056.28
34 51315.8 3055.17
35 51308.8 3054.87
36 51302.9 3054.32
37 51296.9 3054.06
38 51292.4 3053.75
39 51287.6 3053.68
40 51284 3053.74
41 51281 3053.5
42 51277.1 3053.57
43 51273.8 3053.46
44 51270.8 3053.61
45 51268.1 3053.71
46 51265 3053.82
47 51262.5 3053.97
48 51260 3054.14
49 51257.4 3054.35
50 51254.9 3054.55
51 51252.5 3054.73
52 51250.2 3054.97
53 51247.9 3055.21
54 51245.7 3055.42
55 51243.8 3055.68
56 51241.9 3055.94
57 51239.8 3056.17
58 51237.9 3056.4
59 51236 3056.58
60 51234.2 3056.84
61 51232.3 3057.08
62 51230.5 3057.29
63 51228.6 3057.54
64 51226.8 3057.8
65 51224.9 3058.04
66 51223.1 3058.29
67 51221.3 3058.54
68 51219.5 3058.79
69 51217.7 3059.04
70 51215.9 3059.28
71 51214.1 3059.53
72 51212.4 3059.78
73 51210.6 3060.02
74 51208.9 3060.27
75 51207.2 3060.51
76 51205.5 3060.75
77 51203.8 3060.99
78 51202.1 3061.23
79 51200.4 3061.47
80 51198.7 3061.71
