26 -4.48874 -0.582849
27 2532.67 -7196.67
28 1988.42 -5746.23
29 1149.16 -3037.69
30 1149.74 -3106.08
31 1170.45 -3120.02
32 1161.43 -3098.12
33 1161.28 -3098.33
34 1160.95 -3097
35 1160.71 -3096.36
36 1160.58 -3095.68
37 1160.44 -3095.15
38 1160.39 -3094.73
39 1160.33 -3094.44
40 1160.3 -3094.25
41 1160.33 -3093.96
42 1160.34 -3093.85
43 1160.39 -3093.67
44 1160.43 -3093.64
45 1160.49 -3093.6
46 1160.55 -3093.57
47 1160.63 -3093.6
48 1160.71 -3093.63
49 1160.79 -3093.69
50 1160.88 -3093.75
51 1160.97 -3093.81
52 1161.06 -3093.9
53 1161.16 -3094.01
54 1161.26 -3094.1
55 1161.37 -3094.22
56 1161.48 -3094.35
57 1161.58 -3094.46
58 1161.7 -3094.57
59 1161.81 -3094.66
60 1161.92 -3094.79
61 1162.03 -3094.91
62 1162.14 -3095.01
63 1162.26 -3095.14
64 1162.37 -3095.27
65 1162.48 -3095.4
66 1162.59 -3095.53
67 1162.7 -3095.66
68 1162.82 -3095.79
69 1162.93 -3095.92
70 1163.04 -3096.05
71 1163.15 -3096.18
72 1163.26 -3096.31
73 1163.38 -3096.44
74 1163.49 -3096.57
75 1163.6 -3096.7
76 1163.71 -3096.83
77 1163.82 -3096.96
78 1163.93 -3097.09
79 1164.05 -3097.22
80 1164.16 -3097.34
