26 -2.33311e-12 -9.34149e-09
27 -7.87814e-10 -2.55848e-05
28 -2.42857e-09 -1.99484e-05
29 4.24851e-08 -5.28578e-07
30 3.54534e-08 -4.75771e-07
31 3.41753e-08 -4.80437e-07
32 3.4093e-08 -4.95271e-07
33 3.39078e-08 -4.95663e-07
34 3.38338e-08 -4.97782e-07
35 3.37749e-08 -4.99408e-07
36 3.3728e-08 -5.0122e-07
37 3.3693e-08 -5.02766e-07
38 3.36649e-08 -5.04406e-07
39 3.36454e-08 -5.05836e-07
40 3.36293e-08 -5.07208e-07
41 3.36158e-08 -5.08805e-07
42 3.36106e-08 -5.10134e-07
43 3.36073e-08 -5.11592e-07
44 3.3607e-08 -5.12884e-07
45 3.36097e-08 -5.14207e-07
46 3.36152e-08 -5.15493e-07
47 3.36217e-08 -5.16774e-07
48 3.36298e-08 -5.18031e-07
49 3.36403e-08 -5.19247e-07
50 3.36519e-08 -5.20468e-07
51 3.36646e-08 -5.217e-07
52 3.36782e-08 -5.22881e-07
53 3.36926e-08 -5.24059e-07
54 3.37076e-08 -5.2526e-07
55 3.37227e-08 -5.26436e-07
56 3.37385e-08 -5.27608e-07
57 3.3755e-08 -5.28785e-07
58 3.37715e-08 -5.29973e-07
59 3.37876e-08 -5.31186e-07
60 3.38046e-08 -5.3234e-07
61 3.38225e-08 -5.335e-07
62 3.38399e-08 -5.34681e-07
63 3.38583e-08 -5.35827e-07
64 3.3877e-08 -5.36966e-07
65 3.38959e-08 -5.38104e-07
66 3.39152e-08 -5.39238e-07
67 3.39346e-08 -5.40367e-07
68 3.39542e-08 -5.41492e-07
69 3.39741e-08 -5.42612e-07
70 3.3994e-08 -5.4373e-07
71 3.40141e-08 -5.44844e-07
72 3.40344e-08 -5.45954e-07
73 3.40547e-08 -5.4706e-07
74 3.40752e-08 -5.48163e-07
75 3.40958e-08 -5.49264e-07
76 3.41165e-08 -5.5036e-07
77 3.41373e-08 -5.51454e-07
78 3.41581e-08 -5.52545e-07
79 3.41791e-08 -5.53632e-07
80 3.42e-08 -5.54716e-07
