26 3.4095e-11 6.0617e-09
27 3.47679e-07 7.23286e-06
28 3.61276e-07 5.0159e-06
29 4.60151e-07 2.75982e-06
30 4.5811e-07 2.7446e-06
31 4.57617e-07 2.77187e-06
32 4.57636e-07 2.75957e-06
33 4.57541e-07 2.75847e-06
34 4.57458e-07 2.75805e-06
35 4.57396e-07 2.75767e-06
36 4.57343e-07 2.75762e-06
37 4.5729e-07 2.75746e-06
38 4.57249e-07 2.75758e-06
39 4.57207e-07 2.7576e-06
40 4.57175e-07 2.75765e-06
41 4.57148e-07 2.75796e-06
42 4.57113e-07 2.75814e-06
43 4.57084e-07 2.75845e-06
44 4.57057e-07 2.75869e-06
45 4.57032e-07 2.75899e-06
46 4.57005e-07 2.75928e-06
47 4.56983e-07 2.75962e-06
48 4.56961e-07 2.75995e-06
49 4.56937e-07 2.76028e-06
50 4.56915e-07 2.76062e-06
51 4.56894e-07 2.761e-06
52 4.56873e-07 2.76134e-06
53 4.56853e-07 2.7617e-06
54 4.56833e-07 2.76209e-06
55 4.56816e-07 2.76247e-06
56 4.56799e-07 2.76286e-06
57 4.5678e-07 2.76326e-06
58 4.56764e-07 2.76367e-06
59 4.56747e-07 2.76409e-06
60 4.56731e-07 2.76448e-06
61 4.56713e-07 2.76488e-06
62 4.56697e-07 2.7653e-06
63 4.56681e-07 2.7657e-06
64 4.56664e-07 2.7661e-06
65 4.56648e-07 2.7665e-06
66 4.56632e-07 2.7669e-06
67 4.56615e-07 2.76731e-06
68 4.56599e-07 2.76771e-06
69 4.56583e-07 2.76811e-06
70 4.56567e-07 2.76851e-06
71 4.56552e-07 2.76892e-06
72 4.56536e-07 2.76932e-06
73 4.5652e-07 2.76972e-06
74 4.56505e-07 2.77012e-06
75 4.5649e-07 2.77053e-06
76 4.56474e-07 2.77093e-06
77 4.56459e-07 2.77133e-06
78 4.56444e-07 2.77173e-06
79 4.56429e-07 2.77213e-06
80 4.56414e-07 2.77253e-06
