26 3.00353e-11 -7.73232e-09
27 3.47697e-07 -1.8143e-05
28 3.61282e-07 -1.32727e-05
29 4.60168e-07 2.79079e-06
30 4.58127e-07 2.75626e-06
31 4.57635e-07 2.79706e-06
32 4.57653e-07 2.78446e-06
33 4.57559e-07 2.78313e-06
34 4.57475e-07 2.78284e-06
35 4.57413e-07 2.78243e-06
36 4.5736e-07 2.78249e-06
37 4.57307e-07 2.78234e-06
38 4.57267e-07 2.78255e-06
39 4.57224e-07 2.7826e-06
40 4.57192e-07 2.78265e-06
41 4.57165e-07 2.78308e-06
42 4.57131e-07 2.78329e-06
43 4.57101e-07 2.78371e-06
44 4.57074e-07 2.78397e-06
45 4.5705e-07 2.78432e-06
46 4.57022e-07 2.78466e-06
47 4.57e-07 2.78505e-06
48 4.56978e-07 2.78542e-06
49 4.56955e-07 2.78579e-06
50 4.56932e-07 2.78618e-06
51 4.56911e-07 2.78661e-06
52 4.5689e-07 2.78698e-06
53 4.5687e-07 2.78738e-06
54 4.56851e-07 2.78782e-06
55 4.56833e-07 2.78824e-06
56 4.56816e-07 2.78866e-06
57 4.56798e-07 2.7891e-06
58 4.56781e-07 2.78957e-06
59 4.56764e-07 2.79005e-06
60 4.56748e-07 2.79048e-06
61 4.56731e-07 2.79093e-06
62 4.56715e-07 2.79141e-06
63 4.56698e-07 2.79185e-06
64 4.56682e-07 2.7923e-06
65 4.56665e-07 2.79275e-06
66 4.56649e-07 2.79319e-06
67 4.56633e-07 2.79364e-06
68 4.56617e-07 2.79409e-06
69 4.56601e-07 2.79454e-06
70 4.56585e-07 2.79499e-06
71 4.56569e-07 2.79544e-06
72 4.56553e-07 2.79588e-06
73 4.56538e-07 2.79633e-06
74 4.56522e-07 2.79678e-06
75 4.56507e-07 2.79723e-06
76 4.56492e-07 2.79768e-06
77 4.56477e-07 2.79813e-06
78 4.56462e-07 2.79857e-06
79 4.56447e-07 2.79902e-06
80 4.56432e-07 2.79947e-06
