26 6.33577 -3.05791
27 39000.7 -10424.2
28 40525.8 -7739.06
29 51617.1 3195.4
30 51388.2 3163.64
31 51333 3204.98
32 51335.1 3190.62
33 51324.5 3189.19
34 51315.1 3188.8
35 51308.1 3188.34
36 51302.2 3188.36
37 51296.2 3188.19
38 51291.7 3188.39
39 51286.9 3188.43
40 51283.3 3188.49
41 51280.3 3188.94
42 51276.4 3189.17
43 51273.1 3189.6
44 51270.1 3189.9
45 51267.4 3190.28
46 51264.3 3190.65
47 51261.8 3191.08
48 51259.3 3191.48
49 51256.7 3191.89
50 51254.2 3192.32
51 51251.8 3192.79
52 51249.5 3193.21
53 51247.2 3193.65
54 51245.1 3194.14
55 51243.1 3194.6
56 51241.2 3195.08
57 51239.1 3195.56
58 51237.2 3196.08
59 51235.3 3196.61
60 51233.5 3197.09
61 51231.6 3197.58
62 51229.8 3198.11
63 51227.9 3198.6
64 51226.1 3199.09
65 51224.2 3199.59
66 51222.4 3200.08
67 51220.6 3200.58
68 51218.8 3201.08
69 51217 3201.57
70 51215.2 3202.07
71 51213.4 3202.57
72 51211.7 3203.06
73 51209.9 3203.56
74 51208.2 3204.06
75 51206.5 3204.55
76 51204.8 3205.05
77 51203.1 3205.55
78 51201.4 3206.04
79 51199.7 3206.54
80 51198 3207.03
