26 7.1171 -0.712756
27 38236.1 47483.9
28 40519.5 38307.6
29 51617.3 3118.09
30 51388.3 3134.97
31 51333.1 3142.23
32 51335.2 3128.62
33 51324.6 3127.78
34 51315.2 3127.05
35 51308.2 3126.67
36 51302.3 3126.43
37 51296.4 3126.21
38 51291.8 3126.18
39 51287 3126.17
40 51283.4 3126.23
41 51280.4 3126.36
42 51276.6 3126.52
43 51273.3 3126.7
44 51270.2 3126.93
45 51267.5 3127.18
46 51264.4 3127.43
47 51261.9 3127.73
48 51259.4 3128.03
49 51256.8 3128.34
50 51254.3 3128.66
51 51251.9 3129
52 51249.6 3129.33
53 51247.3 3129.68
54 51245.2 3130.04
55 51243.2 3130.42
56 51241.3 3130.79
57 51239.2 3131.16
58 51237.3 3131.54
59 51235.5 3131.91
60 51233.6 3132.29
61 51231.7 3132.66
62 51229.9 3133.04
63 51228 3133.42
64 51226.2 3133.81
65 51224.4 3134.19
66 51222.5 3134.57
67 51220.7 3134.95
68 51218.9 3135.33
69 51217.1 3135.71
70 51215.3 3136.1
71 51213.6 3136.48
72 51211.8 3136.86
73 51210.1 3137.24
74 51208.3 3137.62
75 51206.6 3138
76 51204.9 3138.38
77 51203.2 3138.76
78 51201.5 3139.13
79 51199.8 3139.51
80 51198.2 3139.89
