26 -3.38646e-11 1.00605e-09
27 3.71343e-08 1.06725e-06
28 2.92637e-08 8.08332e-07
29 1.65055e-08 5.10254e-07
30 1.65773e-08 4.84133e-07
31 1.68272e-08 5.05024e-07
32 1.67017e-08 5.0135e-07
33 1.67e-08 5.00982e-07
34 1.66948e-08 5.01012e-07
35 1.66914e-08 5.00926e-07
36 1.66892e-08 5.01e-07
37 1.6687e-08 5.00991e-07
38 1.66861e-08 5.01085e-07
39 1.66851e-08 5.01112e-07
40 1.66845e-08 5.01133e-07
41 1.66845e-08 5.01285e-07
42 1.66846e-08 5.01346e-07
43 1.6685e-08 5.0148e-07
44 1.66854e-08 5.01551e-07
45 1.66861e-08 5.01649e-07
46 1.66868e-08 5.01744e-07
47 1.66877e-08 5.01847e-07
48 1.66887e-08 5.01945e-07
49 1.66897e-08 5.02038e-07
50 1.66908e-08 5.02138e-07
51 1.6692e-08 5.02251e-07
52 1.66931e-08 5.02343e-07
53 1.66943e-08 5.02441e-07
54 1.66956e-08 5.02553e-07
55 1.6697e-08 5.02656e-07
56 1.66984e-08 5.02761e-07
57 1.66998e-08 5.02872e-07
58 1.67012e-08 5.0299e-07
59 1.67026e-08 5.03117e-07
60 1.6704e-08 5.03221e-07
61 1.67054e-08 5.03334e-07
62 1.67069e-08 5.03455e-07
63 1.67083e-08 5.03565e-07
64 1.67097e-08 5.03673e-07
65 1.67112e-08 5.03784e-07
66 1.67126e-08 5.03894e-07
67 1.6714e-08 5.04004e-07
68 1.67155e-08 5.04114e-07
69 1.67169e-08 5.04223e-07
70 1.67184e-08 5.04333e-07
71 1.67198e-08 5.04443e-07
72 1.67213e-08 5.04553e-07
73 1.67227e-08 5.04662e-07
74 1.67241e-08 5.04772e-07
75 1.67256e-08 5.04882e-07
76 1.6727e-08 5.04991e-07
77 1.67284e-08 5.051e-07
78 1.67299e-08 5.0521e-07
79 1.67313e-08 5.05319e-07
80 1.67327e-08 5.05428e-07
