26 6.78298 0.08548
27 37667.9 45382.5
28 40517.5 33060.9
29 51617.5 3126.9
30 51388.5 3138.24
31 51333.3 3149.38
32 51335.4 3135.68
33 51324.8 3134.78
34 51315.4 3134.09
35 51308.4 3133.7
36 51302.5 3133.49
37 51296.5 3133.27
38 51292 3133.27
39 51287.2 3133.27
40 51283.6 3133.33
41 51280.6 3133.49
42 51276.7 3133.66
43 51273.4 3133.87
44 51270.4 3134.1
45 51267.7 3134.37
46 51264.6 3134.63
47 51262.1 3134.95
48 51259.6 3135.26
49 51257 3135.58
50 51254.5 3135.92
51 51252.1 3136.27
52 51249.8 3136.61
53 51247.5 3136.97
54 51245.4 3137.35
55 51243.4 3137.73
56 51241.5 3138.11
57 51239.4 3138.5
58 51237.5 3138.89
59 51235.6 3139.28
60 51233.8 3139.67
61 51231.9 3140.06
62 51230.1 3140.46
63 51228.2 3140.85
64 51226.4 3141.25
65 51224.5 3141.64
66 51222.7 3142.03
67 51220.9 3142.43
68 51219.1 3142.82
69 51217.3 3143.22
70 51215.5 3143.61
71 51213.7 3144.01
72 51212 3144.4
73 51210.2 3144.8
74 51208.5 3145.19
75 51206.8 3145.58
76 51205.1 3145.97
77 51203.4 3146.37
78 51201.7 3146.76
79 51200 3147.15
80 51198.3 3147.54
