26 -2.85871 1.23421
27 4700.71 4167.72
28 3724.45 3347.71
29 2024.75 1569.24
30 2045.74 1604.64
31 2067.28 1597.75
32 2052.65 1589.94
33 2052.53 1589.82
34 2051.81 1589.15
35 2051.4 1588.84
36 2051.06 1588.48
37 2050.77 1588.21
38 2050.59 1587.98
39 2050.45 1587.83
40 2050.36 1587.73
41 2050.3 1587.56
42 2050.27 1587.49
43 2050.26 1587.37
44 2050.29 1587.35
45 2050.33 1587.31
46 2050.38 1587.28
47 2050.46 1587.27
48 2050.54 1587.27
49 2050.64 1587.29
50 2050.74 1587.3
51 2050.85 1587.31
52 2050.96 1587.35
53 2051.08 1587.38
54 2051.21 1587.41
55 2051.34 1587.46
56 2051.48 1587.5
57 2051.61 1587.54
58 2051.75 1587.58
59 2051.88 1587.6
60 2052.03 1587.65
61 2052.17 1587.69
62 2052.3 1587.73
63 2052.45 1587.78
64 2052.59 1587.83
65 2052.74 1587.87
66 2052.88 1587.92
67 2053.02 1587.97
68 2053.17 1588.02
69 2053.31 1588.07
70 2053.46 1588.12
71 2053.6 1588.17
72 2053.75 1588.22
73 2053.89 1588.27
74 2054.04 1588.32
75 2054.18 1588.37
76 2054.32 1588.42
77 2054.47 1588.47
78 2054.61 1588.52
79 2054.75 1588.57
80 2054.89 1588.61
