26 -2.83446 1.36322
27 4382.34 2618.91
28 3473.94 2128.97
29 1882.12 875.013
30 1902.7 908.488
31 1921.92 890.267
32 1908.4 887.808
33 1908.29 887.767
34 1907.61 887.313
35 1907.23 887.14
36 1906.92 886.865
37 1906.64 886.691
38 1906.47 886.494
39 1906.34 886.38
40 1906.25 886.305
41 1906.18 886.123
42 1906.16 886.05
43 1906.15 885.914
44 1906.17 885.865
45 1906.21 885.797
46 1906.25 885.735
47 1906.32 885.686
48 1906.39 885.643
49 1906.48 885.612
50 1906.57 885.578
51 1906.67 885.536
52 1906.77 885.518
53 1906.88 885.499
54 1906.99 885.469
55 1907.11 885.455
56 1907.24 885.441
57 1907.36 885.418
58 1907.49 885.393
59 1907.61 885.353
60 1907.73 885.341
61 1907.86 885.321
62 1907.99 885.292
63 1908.12 885.277
64 1908.25 885.264
65 1908.38 885.248
66 1908.51 885.233
67 1908.64 885.219
68 1908.77 885.204
69 1908.91 885.19
70 1909.04 885.176
71 1909.17 885.162
72 1909.3 885.148
73 1909.43 885.135
74 1909.56 885.121
75 1909.69 885.106
76 1909.83 885.093
77 1909.96 885.079
78 1910.09 885.065
79 1910.22 885.051
80 1910.34 885.037
