26 3.86766e-11 -2.57441e-10
27 1.48524e-08 -9.40329e-06
28 1.18681e-08 -7.36111e-06
29 6.07389e-09 -4.40689e-06
30 6.20067e-09 -4.4048e-06
31 6.21734e-09 -4.4955e-06
32 6.1776e-09 -4.45862e-06
33 6.17765e-09 -4.45817e-06
34 6.17508e-09 -4.4569e-06
35 6.17383e-09 -4.456e-06
36 6.17251e-09 -4.45553e-06
37 6.17149e-09 -4.45497e-06
38 6.17067e-09 -4.45483e-06
39 6.17011e-09 -4.45461e-06
40 6.16974e-09 -4.45448e-06
41 6.16919e-09 -4.45463e-06
42 6.16897e-09 -4.4547e-06
43 6.16864e-09 -4.45492e-06
44 6.16858e-09 -4.45509e-06
45 6.16851e-09 -4.45534e-06
46 6.16847e-09 -4.4556e-06
47 6.16852e-09 -4.45592e-06
48 6.16858e-09 -4.45624e-06
49 6.16871e-09 -4.45657e-06
50 6.16884e-09 -4.45693e-06
51 6.16896e-09 -4.45733e-06
52 6.16915e-09 -4.45769e-06
53 6.16936e-09 -4.45808e-06
54 6.16955e-09 -4.45851e-06
55 6.1698e-09 -4.45893e-06
56 6.17004e-09 -4.45936e-06
57 6.17027e-09 -4.4598e-06
58 6.1705e-09 -4.46026e-06
59 6.17067e-09 -4.46072e-06
60 6.17093e-09 -4.46115e-06
61 6.17118e-09 -4.4616e-06
62 6.17139e-09 -4.46207e-06
63 6.17165e-09 -4.46252e-06
64 6.17192e-09 -4.46297e-06
65 6.17217e-09 -4.46342e-06
66 6.17243e-09 -4.46387e-06
67 6.1727e-09 -4.46432e-06
68 6.17296e-09 -4.46477e-06
69 6.17322e-09 -4.46523e-06
70 6.17349e-09 -4.46568e-06
71 6.17375e-09 -4.46613e-06
72 6.17401e-09 -4.46658e-06
73 6.17428e-09 -4.46703e-06
74 6.17454e-09 -4.46748e-06
75 6.1748e-09 -4.46793e-06
76 6.17506e-09 -4.46838e-06
77 6.17532e-09 -4.46883e-06
78 6.17558e-09 -4.46928e-06
79 6.17584e-09 -4.46972e-06
80 6.17609e-09 -4.47017e-06
