26 -2.46604e-11 1.21921e-09
27 3.82696e-08 1.91392e-06
28 3.03412e-08 1.5652e-06
29 1.64224e-08 5.98395e-07
30 1.66046e-08 6.26971e-07
31 1.67703e-08 6.08533e-07
32 1.66525e-08 6.07643e-07
33 1.66516e-08 6.07625e-07
34 1.66457e-08 6.0728e-07
35 1.66423e-08 6.07162e-07
36 1.66395e-08 6.06944e-07
37 1.66371e-08 6.06814e-07
38 1.66357e-08 6.06652e-07
39 1.66345e-08 6.06561e-07
40 1.66337e-08 6.06502e-07
41 1.66331e-08 6.06342e-07
42 1.66329e-08 6.06278e-07
43 1.66328e-08 6.06155e-07
44 1.6633e-08 6.06108e-07
45 1.66333e-08 6.06042e-07
46 1.66336e-08 6.05981e-07
47 1.66343e-08 6.05928e-07
48 1.66349e-08 6.05881e-07
49 1.66356e-08 6.05843e-07
50 1.66364e-08 6.05803e-07
51 1.66372e-08 6.05754e-07
52 1.66381e-08 6.05727e-07
53 1.66391e-08 6.05697e-07
54 1.66401e-08 6.05658e-07
55 1.66411e-08 6.05632e-07
56 1.66422e-08 6.05606e-07
57 1.66433e-08 6.05572e-07
58 1.66444e-08 6.05535e-07
59 1.66454e-08 6.05486e-07
60 1.66465e-08 6.05461e-07
61 1.66476e-08 6.0543e-07
62 1.66487e-08 6.0539e-07
63 1.66498e-08 6.05362e-07
64 1.6651e-08 6.05336e-07
65 1.66521e-08 6.05308e-07
66 1.66532e-08 6.0528e-07
67 1.66544e-08 6.05253e-07
68 1.66555e-08 6.05226e-07
69 1.66567e-08 6.05199e-07
70 1.66578e-08 6.05172e-07
71 1.66589e-08 6.05145e-07
72 1.66601e-08 6.05118e-07
73 1.66612e-08 6.05092e-07
74 1.66624e-08 6.05065e-07
75 1.66635e-08 6.05038e-07
76 1.66646e-08 6.05012e-07
77 1.66658e-08 6.04985e-07
78 1.66669e-08 6.04958e-07
79 1.6668e-08 6.04932e-07
80 1.66691e-08 6.04905e-07
