26 -6.72908 18.0289
27 38237.3 27660.7
28 40754.4 21447.7
29 51617 3082.84
30 51388.1 3121.9
31 51332.8 3113.61
32 51334.9 3100.34
33 51324.3 3099.77
34 51314.9 3098.9
35 51308 3098.54
36 51302 3098.19
37 51296.1 3097.95
38 51291.5 3097.81
39 51286.8 3097.78
40 51283.2 3097.84
41 51280.2 3097.82
42 51276.3 3097.94
43 51273 3098.01
44 51270 3098.21
45 51267.2 3098.4
46 51264.1 3098.59
47 51261.6 3098.84
48 51259.2 3099.09
49 51256.5 3099.36
50 51254.1 3099.63
51 51251.6 3099.91
52 51249.3 3100.2
53 51247 3100.51
54 51244.9 3100.81
55 51243 3101.14
56 51241 3101.47
57 51238.9 3101.79
58 51237.1 3102.11
59 51235.2 3102.4
60 51233.3 3102.73
61 51231.4 3103.06
62 51229.6 3103.37
63 51227.8 3103.7
64 51225.9 3104.03
65 51224.1 3104.36
66 51222.2 3104.69
67 51220.4 3105.02
68 51218.6 3105.35
69 51216.8 3105.68
70 51215 3106.01
71 51213.3 3106.34
72 51211.5 3106.66
73 51209.8 3106.99
74 51208.1 3107.32
75 51206.3 3107.64
76 51204.6 3107.97
77 51202.9 3108.29
78 51201.2 3108.62
79 51199.5 3108.94
80 51197.9 3109.26
