26 6.88134 -0.42517
27 38236.1 47544.5
28 40520.2 39355.8
29 51617.3 3116.33
30 51388.3 3134.32
31 51333.1 3140.8
32 51335.2 3127.21
33 51324.6 3126.38
34 51315.2 3125.65
35 51308.2 3125.27
36 51302.3 3125.02
37 51296.4 3124.8
38 51291.8 3124.77
39 51287 3124.75
40 51283.4 3124.81
41 51280.4 3124.94
42 51276.6 3125.09
43 51273.3 3125.27
44 51270.2 3125.49
45 51267.5 3125.74
46 51264.4 3125.99
47 51261.9 3126.29
48 51259.4 3126.58
49 51256.8 3126.89
50 51254.3 3127.21
51 51251.9 3127.55
52 51249.6 3127.88
53 51247.3 3128.23
54 51245.2 3128.58
55 51243.2 3128.95
56 51241.3 3129.33
57 51239.2 3129.69
58 51237.3 3130.07
59 51235.5 3130.43
60 51233.6 3130.81
61 51231.7 3131.19
62 51229.9 3131.56
63 51228 3131.94
64 51226.2 3132.32
65 51224.4 3132.7
66 51222.5 3133.08
67 51220.7 3133.46
68 51218.9 3133.84
69 51217.1 3134.22
70 51215.3 3134.59
71 51213.6 3134.97
72 51211.8 3135.35
73 51210.1 3135.73
74 51208.3 3136.11
75 51206.6 3136.48
76 51204.9 3136.86
77 51203.2 3137.23
78 51201.5 3137.61
79 51199.8 3137.98
80 51198.2 3138.36
