26 -3.48225e-11 -1.31795e-11
27 5.03899e-08 7.6113e-06
28 3.98204e-08 6.01959e-06
29 2.20412e-08 3.24468e-06
30 2.22048e-08 3.2633e-06
31 2.24877e-08 3.301e-06
32 2.23245e-08 3.27862e-06
33 2.23227e-08 3.27819e-06
34 2.23153e-08 3.27715e-06
35 2.23108e-08 3.2765e-06
36 2.23075e-08 3.27604e-06
37 2.23044e-08 3.2756e-06
38 2.23028e-08 3.27538e-06
39 2.23014e-08 3.27518e-06
40 2.23005e-08 3.27505e-06
41 2.23002e-08 3.27503e-06
42 2.23001e-08 3.27502e-06
43 2.23003e-08 3.27506e-06
44 2.23007e-08 3.27513e-06
45 2.23014e-08 3.27524e-06
46 2.23021e-08 3.27535e-06
47 2.23032e-08 3.27551e-06
48 2.23042e-08 3.27568e-06
49 2.23054e-08 3.27586e-06
50 2.23067e-08 3.27605e-06
51 2.23081e-08 3.27626e-06
52 2.23094e-08 3.27646e-06
53 2.23109e-08 3.27668e-06
54 2.23125e-08 3.27692e-06
55 2.23141e-08 3.27716e-06
56 2.23158e-08 3.27741e-06
57 2.23174e-08 3.27766e-06
58 2.23192e-08 3.27792e-06
59 2.23208e-08 3.27816e-06
60 2.23225e-08 3.27842e-06
61 2.23242e-08 3.27867e-06
62 2.23259e-08 3.27893e-06
63 2.23276e-08 3.27919e-06
64 2.23294e-08 3.27945e-06
65 2.23311e-08 3.27971e-06
66 2.23329e-08 3.27997e-06
67 2.23346e-08 3.28023e-06
68 2.23364e-08 3.2805e-06
69 2.23381e-08 3.28076e-06
70 2.23399e-08 3.28102e-06
71 2.23416e-08 3.28128e-06
72 2.23433e-08 3.28154e-06
73 2.23451e-08 3.2818e-06
74 2.23468e-08 3.28206e-06
75 2.23486e-08 3.28232e-06
76 2.23503e-08 3.28258e-06
77 2.2352e-08 3.28284e-06
78 2.23538e-08 3.2831e-06
79 2.23555e-08 3.28336e-06
80 2.23572e-08 3.28362e-06
