26 -6.25709e-11 -8.13423e-10
27 2.11642e-08 -6.77669e-06
28 1.66073e-08 -5.40743e-06
29 9.63547e-09 -2.86579e-06
30 9.63477e-09 -2.92741e-06
31 9.8125e-09 -2.94206e-06
32 9.73654e-09 -2.92138e-06
33 9.73529e-09 -2.92155e-06
34 9.73251e-09 -2.92031e-06
35 9.73057e-09 -2.91971e-06
36 9.72951e-09 -2.91908e-06
37 9.7283e-09 -2.91859e-06
38 9.72794e-09 -2.91821e-06
39 9.72746e-09 -2.91794e-06
40 9.72716e-09 -2.91776e-06
41 9.72744e-09 -2.91751e-06
42 9.72757e-09 -2.91741e-06
43 9.728e-09 -2.91725e-06
44 9.72836e-09 -2.91723e-06
45 9.72887e-09 -2.9172e-06
46 9.7294e-09 -2.91718e-06
47 9.73008e-09 -2.91721e-06
48 9.73074e-09 -2.91725e-06
49 9.73144e-09 -2.91731e-06
50 9.73219e-09 -2.91738e-06
51 9.73302e-09 -2.91744e-06
52 9.73378e-09 -2.91754e-06
53 9.7346e-09 -2.91764e-06
54 9.7355e-09 -2.91774e-06
55 9.7364e-09 -2.91786e-06
56 9.73731e-09 -2.91798e-06
57 9.73823e-09 -2.9181e-06
58 9.7392e-09 -2.91821e-06
59 9.74016e-09 -2.9183e-06
60 9.74108e-09 -2.91843e-06
61 9.74203e-09 -2.91855e-06
62 9.743e-09 -2.91866e-06
63 9.74396e-09 -2.91878e-06
64 9.7449e-09 -2.91892e-06
65 9.74586e-09 -2.91904e-06
66 9.74681e-09 -2.91917e-06
67 9.74777e-09 -2.9193e-06
68 9.74872e-09 -2.91943e-06
69 9.74968e-09 -2.91956e-06
70 9.75064e-09 -2.91969e-06
71 9.75159e-09 -2.91982e-06
72 9.75255e-09 -2.91995e-06
73 9.7535e-09 -2.92008e-06
74 9.75445e-09 -2.92021e-06
75 9.7554e-09 -2.92034e-06
76 9.75635e-09 -2.92047e-06
77 9.7573e-09 -2.9206e-06
78 9.75824e-09 -2.92072e-06
79 9.75919e-09 -2.92085e-06
80 9.76013e-09 -2.92098e-06
