26 4.52676 -10.8387
27 95.5859 -24768
28 88.4548 -19492.8
29 4678.45 -6133.8
30 2244.66 -6170.34
31 2291.47 -6044.85
32 2270.15 -6058.64
33 2243.95 -6053.12
34 2232.99 -6051.58
35 2223.22 -6050.54
36 2215.09 -6049.72
37 2208.19 -6048.99
38 2202.16 -6048.6
39 2196.89 -6048.27
40 2192.18 -6048.09
41 2188.02 -6048.02
42 2184.41 -6048
43 2181.15 -6048.04
44 2178.12 -6048.17
45 2175.28 -6048.35
46 2172.79 -6048.53
47 2170.37 -6048.81
48 2168.12 -6049.08
49 2166.12 -6049.39
50 2164.24 -6049.71
51 2162.51 -6050.06
52 2160.76 -6050.41
53 2159.16 -6050.79
54 2157.66 -6051.19
55 2156.21 -6051.62
56 2154.8 -6052.05
57 2153.51 -6052.47
58 2152.22 -6052.92
59 2150.98 -6053.35
60 2149.76 -6053.81
61 2148.68 -6054.26
62 2147.53 -6054.71
63 2146.49 -6055.18
64 2145.46 -6055.64
65 2144.5 -6056.11
66 2143.55 -6056.58
67 2142.62 -6057.05
68 2141.74 -6057.53
69 2140.88 -6058
70 2140.03 -6058.47
71 2139.21 -6058.94
72 2138.42 -6059.41
73 2137.64 -6059.88
74 2136.89 -6060.36
75 2136.16 -6060.84
76 2135.45 -6061.31
77 2134.76 -6061.79
78 2134.09 -6062.27
79 2133.44 -6062.75
80 2132.81 -6063.23
