26 -3.78488 0.813191
27 5074.77 5752.04
28 4004.82 4523.55
29 2237.17 2507.1
30 2250.39 2502.55
31 2281.65 2542.82
32 2264.86 2525.08
33 2264.66 2524.58
34 2263.93 2523.9
35 2263.47 2523.4
36 2263.16 2523.14
37 2262.85 2522.84
38 2262.7 2522.76
39 2262.57 2522.64
40 2262.48 2522.57
41 2262.47 2522.66
42 2262.47 2522.69
43 2262.5 2522.81
44 2262.55 2522.91
45 2262.63 2523.04
46 2262.72 2523.18
47 2262.83 2523.36
48 2262.95 2523.53
49 2263.08 2523.71
50 2263.22 2523.91
51 2263.37 2524.13
52 2263.51 2524.32
53 2263.67 2524.54
54 2263.84 2524.77
55 2264.02 2525
56 2264.19 2525.24
57 2264.37 2525.48
58 2264.56 2525.73
59 2264.73 2525.98
60 2264.91 2526.22
61 2265.1 2526.47
62 2265.28 2526.72
63 2265.47 2526.97
64 2265.65 2527.22
65 2265.84 2527.47
66 2266.02 2527.71
67 2266.21 2527.96
68 2266.4 2528.21
69 2266.58 2528.46
70 2266.77 2528.71
71 2266.96 2528.96
72 2267.14 2529.21
73 2267.33 2529.45
74 2267.51 2529.7
75 2267.7 2529.95
76 2267.88 2530.2
77 2268.07 2530.44
78 2268.25 2530.69
79 2268.44 2530.94
80 2268.62 2531.18
