26 1.17047 -10.8078
27 -95.6043 -27163.1
28 -93.2752 -21537.5
29 5250.55 -4652.68
30 2638.67 -4590.02
31 2613.67 -4551.84
32 2560.62 -4560.08
33 2537.88 -4556.22
34 2528.98 -4556.18
35 2521.82 -4556.22
36 2515.96 -4556.61
37 2511.41 -4556.91
38 2507.65 -4557.51
39 2504.85 -4558.03
40 2502.35 -4558.65
41 2500.1 -4559.49
42 2498.77 -4560.19
43 2497.59 -4561.01
44 2496.69 -4561.81
45 2496.09 -4562.66
46 2495.78 -4563.49
47 2495.54 -4564.39
48 2495.45 -4565.27
49 2495.58 -4566.15
50 2495.8 -4567.05
51 2496.11 -4567.98
52 2496.49 -4568.88
53 2496.95 -4569.79
54 2497.44 -4570.74
55 2497.9 -4571.69
56 2498.43 -4572.64
57 2499 -4573.59
58 2499.56 -4574.56
59 2500.04 -4575.53
60 2500.61 -4576.48
61 2501.25 -4577.43
62 2501.81 -4578.4
63 2502.47 -4579.36
64 2503.14 -4580.31
65 2503.82 -4581.26
66 2504.51 -4582.21
67 2505.21 -4583.16
68 2505.92 -4584.1
69 2506.63 -4585.05
70 2507.34 -4585.99
71 2508.05 -4586.94
72 2508.76 -4587.88
73 2509.47 -4588.82
74 2510.19 -4589.75
75 2510.89 -4590.69
76 2511.59 -4591.62
77 2512.3 -4592.56
78 2512.99 -4593.49
79 2513.69 -4594.42
80 2514.36 -4595.34
