26 3.69615e-11 -2.26937e-10
27 1.61245e-08 -8.89247e-06
28 1.28729e-08 -6.95774e-06
29 6.6322e-09 -4.18245e-06
30 6.76266e-09 -4.17889e-06
31 6.78686e-09 -4.26656e-06
32 6.74295e-09 -4.23136e-06
33 6.74295e-09 -4.23092e-06
34 6.7402e-09 -4.22972e-06
35 6.73883e-09 -4.22887e-06
36 6.73743e-09 -4.22843e-06
37 6.73633e-09 -4.22791e-06
38 6.73548e-09 -4.22778e-06
39 6.73488e-09 -4.22758e-06
40 6.73449e-09 -4.22745e-06
41 6.73393e-09 -4.22761e-06
42 6.73371e-09 -4.22767e-06
43 6.73338e-09 -4.22789e-06
44 6.73334e-09 -4.22806e-06
45 6.73329e-09 -4.2283e-06
46 6.73327e-09 -4.22855e-06
47 6.73335e-09 -4.22886e-06
48 6.73344e-09 -4.22917e-06
49 6.73359e-09 -4.22949e-06
50 6.73376e-09 -4.22984e-06
51 6.73392e-09 -4.23022e-06
52 6.73414e-09 -4.23056e-06
53 6.73439e-09 -4.23094e-06
54 6.73462e-09 -4.23135e-06
55 6.73491e-09 -4.23176e-06
56 6.7352e-09 -4.23217e-06
57 6.73547e-09 -4.23259e-06
58 6.73574e-09 -4.23303e-06
59 6.73596e-09 -4.23347e-06
60 6.73626e-09 -4.23389e-06
61 6.73655e-09 -4.23432e-06
62 6.73681e-09 -4.23477e-06
63 6.73712e-09 -4.2352e-06
64 6.73743e-09 -4.23563e-06
65 6.73773e-09 -4.23606e-06
66 6.73804e-09 -4.2365e-06
67 6.73835e-09 -4.23693e-06
68 6.73865e-09 -4.23737e-06
69 6.73896e-09 -4.2378e-06
70 6.73927e-09 -4.23823e-06
71 6.73958e-09 -4.23867e-06
72 6.73989e-09 -4.2391e-06
73 6.7402e-09 -4.23953e-06
74 6.74051e-09 -4.23997e-06
75 6.74081e-09 -4.2404e-06
76 6.74112e-09 -4.24083e-06
77 6.74143e-09 -4.24126e-06
78 6.74173e-09 -4.24169e-06
79 6.74203e-09 -4.24211e-06
80 6.74233e-09 -4.24254e-06
