26 -7.13093e-11 1.45538e-08
27 3.40941e-07 2.99733e-05
28 3.63366e-07 2.31782e-05
29 4.60216e-07 2.68699e-06
30 4.58176e-07 2.71711e-06
31 4.57683e-07 2.7126e-06
32 4.57702e-07 2.701e-06
33 4.57607e-07 2.70046e-06
34 4.57524e-07 2.69972e-06
35 4.57462e-07 2.69941e-06
36 4.57409e-07 2.69912e-06
37 4.57356e-07 2.69891e-06
38 4.57315e-07 2.69881e-06
39 4.57272e-07 2.69879e-06
40 4.5724e-07 2.69884e-06
41 4.57214e-07 2.69885e-06
42 4.57179e-07 2.69896e-06
43 4.5715e-07 2.69904e-06
44 4.57123e-07 2.69922e-06
45 4.57098e-07 2.69939e-06
46 4.57071e-07 2.69958e-06
47 4.57049e-07 2.6998e-06
48 4.57027e-07 2.70002e-06
49 4.57003e-07 2.70027e-06
50 4.56981e-07 2.70051e-06
51 4.56959e-07 2.70076e-06
52 4.56939e-07 2.70103e-06
53 4.56919e-07 2.7013e-06
54 4.56899e-07 2.70158e-06
55 4.56882e-07 2.70187e-06
56 4.56865e-07 2.70216e-06
57 4.56846e-07 2.70245e-06
58 4.5683e-07 2.70274e-06
59 4.56813e-07 2.703e-06
60 4.56796e-07 2.7033e-06
61 4.56779e-07 2.70359e-06
62 4.56763e-07 2.70388e-06
63 4.56747e-07 2.70417e-06
64 4.5673e-07 2.70447e-06
65 4.56714e-07 2.70476e-06
66 4.56697e-07 2.70506e-06
67 4.56681e-07 2.70536e-06
68 4.56665e-07 2.70565e-06
69 4.56649e-07 2.70595e-06
70 4.56633e-07 2.70624e-06
71 4.56617e-07 2.70654e-06
72 4.56602e-07 2.70683e-06
73 4.56586e-07 2.70713e-06
74 4.56571e-07 2.70742e-06
75 4.56556e-07 2.70771e-06
76 4.5654e-07 2.70801e-06
77 4.56525e-07 2.7083e-06
78 4.5651e-07 2.70859e-06
79 4.56495e-07 2.70888e-06
80 4.5648e-07 2.70917e-06
