26 -8.36143 20.0189
27 39001 24344.8
28 40523.8 17319.4
29 51617.4 3153.33
30 51388.5 3148.04
31 51333.3 3170.83
32 51335.4 3156.88
33 51324.8 3155.77
34 51315.4 3155.2
35 51308.4 3154.78
36 51302.5 3154.66
37 51296.5 3154.46
38 51292 3154.54
39 51287.2 3154.55
40 51283.6 3154.61
41 51280.6 3154.89
42 51276.7 3155.07
43 51273.4 3155.37
44 51270.4 3155.63
45 51267.7 3155.94
46 51264.6 3156.25
47 51262.1 3156.6
48 51259.6 3156.95
49 51257 3157.31
50 51254.5 3157.68
51 51252.1 3158.08
52 51249.8 3158.45
53 51247.5 3158.84
54 51245.3 3159.26
55 51243.4 3159.67
56 51241.5 3160.09
57 51239.4 3160.52
58 51237.5 3160.96
59 51235.6 3161.4
60 51233.8 3161.82
61 51231.9 3162.26
62 51230.1 3162.7
63 51228.2 3163.13
64 51226.4 3163.56
65 51224.5 3164
66 51222.7 3164.43
67 51220.9 3164.87
68 51219.1 3165.3
69 51217.3 3165.73
70 51215.5 3166.17
71 51213.7 3166.6
72 51212 3167.04
73 51210.2 3167.47
74 51208.5 3167.9
75 51206.8 3168.33
76 51205.1 3168.77
77 51203.4 3169.2
78 51201.7 3169.63
79 51200 3170.06
80 51198.3 3170.49
