26 3.39962 1.85963
27 39000.8 2487.41
28 40526.2 1566.37
29 51617.2 3179.78
30 51388.3 3157.84
31 51333.1 3192.3
32 51335.2 3178.09
33 51324.6 3176.78
34 51315.2 3176.32
35 51308.2 3175.88
36 51302.3 3175.85
37 51296.3 3175.66
38 51291.8 3175.82
39 51287 3175.85
40 51283.4 3175.91
41 51280.4 3176.29
42 51276.5 3176.51
43 51273.2 3176.89
44 51270.2 3177.17
45 51267.5 3177.53
46 51264.4 3177.88
47 51261.9 3178.27
48 51259.4 3178.66
49 51256.8 3179.05
50 51254.3 3179.46
51 51251.9 3179.9
52 51249.6 3180.3
53 51247.3 3180.72
54 51245.2 3181.18
55 51243.2 3181.63
56 51241.3 3182.08
57 51239.2 3182.55
58 51237.3 3183.04
59 51235.4 3183.53
60 51233.6 3183.99
61 51231.7 3184.47
62 51229.9 3184.96
63 51228 3185.43
64 51226.2 3185.9
65 51224.3 3186.37
66 51222.5 3186.85
67 51220.7 3187.32
68 51218.9 3187.79
69 51217.1 3188.26
70 51215.3 3188.74
71 51213.5 3189.21
72 51211.8 3189.69
73 51210 3190.16
74 51208.3 3190.63
75 51206.6 3191.1
76 51204.9 3191.58
77 51203.2 3192.05
78 51201.5 3192.52
79 51199.8 3192.99
80 51198.1 3193.46
