26 1.90909e-11 -2.73218e-09
27 3.12353e-09 -1.55837e-05
28 2.32976e-09 -1.23753e-05
29 1.80988e-09 -6.69185e-06
30 1.74067e-09 -6.78678e-06
31 1.82535e-09 -6.84689e-06
32 1.80687e-09 -6.79817e-06
33 1.80618e-09 -6.79806e-06
34 1.80611e-09 -6.79551e-06
35 1.80577e-09 -6.79412e-06
36 1.80593e-09 -6.7929e-06
37 1.80584e-09 -6.79186e-06
38 1.80609e-09 -6.79118e-06
39 1.80615e-09 -6.79065e-06
40 1.80619e-09 -6.79031e-06
41 1.80664e-09 -6.78997e-06
42 1.80682e-09 -6.78984e-06
43 1.80723e-09 -6.7897e-06
44 1.80745e-09 -6.78975e-06
45 1.80776e-09 -6.78981e-06
46 1.80806e-09 -6.78991e-06
47 1.80839e-09 -6.79011e-06
48 1.80871e-09 -6.79031e-06
49 1.80901e-09 -6.79057e-06
50 1.80933e-09 -6.79085e-06
51 1.8097e-09 -6.79114e-06
52 1.81e-09 -6.79146e-06
53 1.81032e-09 -6.7918e-06
54 1.81069e-09 -6.79216e-06
55 1.81103e-09 -6.79255e-06
56 1.81138e-09 -6.79295e-06
57 1.81174e-09 -6.79334e-06
58 1.81213e-09 -6.79374e-06
59 1.81254e-09 -6.79409e-06
60 1.81288e-09 -6.7945e-06
61 1.81325e-09 -6.79491e-06
62 1.81365e-09 -6.7953e-06
63 1.81401e-09 -6.79571e-06
64 1.81437e-09 -6.79613e-06
65 1.81473e-09 -6.79655e-06
66 1.81509e-09 -6.79697e-06
67 1.81545e-09 -6.79739e-06
68 1.81582e-09 -6.79781e-06
69 1.81618e-09 -6.79823e-06
70 1.81654e-09 -6.79865e-06
71 1.8169e-09 -6.79907e-06
72 1.81726e-09 -6.79949e-06
73 1.81762e-09 -6.79991e-06
74 1.81798e-09 -6.80033e-06
75 1.81834e-09 -6.80074e-06
76 1.8187e-09 -6.80116e-06
77 1.81905e-09 -6.80158e-06
78 1.81941e-09 -6.80199e-06
79 1.81977e-09 -6.80241e-06
80 1.82013e-09 -6.80282e-06
