26 -3.37512 0.616723
27 5302.84 7133.59
28 4197.26 5676.74
29 2297.51 2913.97
30 2318.72 2950.23
31 2345.11 2967.44
32 2328.36 2949.08
33 2328.2 2948.8
34 2327.4 2947.74
35 2326.93 2947.15
36 2326.57 2946.64
37 2326.23 2946.2
38 2326.05 2945.91
39 2325.89 2945.69
40 2325.79 2945.55
41 2325.73 2945.41
42 2325.72 2945.36
43 2325.71 2945.3
44 2325.75 2945.32
45 2325.81 2945.35
46 2325.87 2945.39
47 2325.97 2945.48
48 2326.07 2945.57
49 2326.18 2945.68
50 2326.31 2945.79
51 2326.44 2945.92
52 2326.57 2946.05
53 2326.71 2946.2
54 2326.86 2946.35
55 2327.02 2946.52
56 2327.19 2946.69
57 2327.35 2946.86
58 2327.51 2947.03
59 2327.67 2947.18
60 2327.84 2947.36
61 2328 2947.53
62 2328.17 2947.7
63 2328.34 2947.88
64 2328.51 2948.06
65 2328.68 2948.23
66 2328.85 2948.41
67 2329.02 2948.59
68 2329.19 2948.77
69 2329.36 2948.95
70 2329.53 2949.13
71 2329.71 2949.32
72 2329.88 2949.5
73 2330.05 2949.68
74 2330.22 2949.86
75 2330.39 2950.04
76 2330.56 2950.21
77 2330.73 2950.39
78 2330.9 2950.57
79 2331.06 2950.75
80 2331.23 2950.93
