26 -2.52681e-11 1.18581e-09
27 3.90673e-08 2.27809e-06
28 3.09693e-08 1.85191e-06
29 1.67788e-08 7.61138e-07
30 1.69623e-08 7.90257e-07
31 1.71336e-08 7.74407e-07
32 1.7013e-08 7.72268e-07
33 1.70121e-08 7.72233e-07
34 1.7006e-08 7.71838e-07
35 1.70026e-08 7.71687e-07
36 1.69998e-08 7.71447e-07
37 1.69973e-08 7.71296e-07
38 1.69958e-08 7.71125e-07
39 1.69946e-08 7.71025e-07
40 1.69938e-08 7.70961e-07
41 1.69933e-08 7.70802e-07
42 1.69931e-08 7.70739e-07
43 1.69929e-08 7.7062e-07
44 1.69932e-08 7.70578e-07
45 1.69935e-08 7.70519e-07
46 1.69939e-08 7.70465e-07
47 1.69945e-08 7.70423e-07
48 1.69951e-08 7.70385e-07
49 1.69959e-08 7.70358e-07
50 1.69967e-08 7.70328e-07
51 1.69976e-08 7.70292e-07
52 1.69985e-08 7.70276e-07
53 1.69995e-08 7.70259e-07
54 1.70005e-08 7.70234e-07
55 1.70016e-08 7.70222e-07
56 1.70027e-08 7.70209e-07
57 1.70038e-08 7.70189e-07
58 1.70049e-08 7.70167e-07
59 1.7006e-08 7.70132e-07
60 1.70071e-08 7.70122e-07
61 1.70082e-08 7.70105e-07
62 1.70094e-08 7.7008e-07
63 1.70105e-08 7.70066e-07
64 1.70117e-08 7.70055e-07
65 1.70129e-08 7.70041e-07
66 1.7014e-08 7.70028e-07
67 1.70152e-08 7.70016e-07
68 1.70164e-08 7.70003e-07
69 1.70175e-08 7.69991e-07
70 1.70187e-08 7.69979e-07
71 1.70199e-08 7.69967e-07
72 1.70211e-08 7.69954e-07
73 1.70222e-08 7.69943e-07
74 1.70234e-08 7.69931e-07
75 1.70246e-08 7.69918e-07
76 1.70257e-08 7.69906e-07
77 1.70269e-08 7.69894e-07
78 1.70281e-08 7.69882e-07
79 1.70292e-08 7.6987e-07
80 1.70304e-08 7.69857e-07
