26 -3.78871 0.878463
27 5003.97 5443.25
28 3948.49 4277.9
29 2207.43 2377.28
30 2220.19 2370.76
31 2251.25 2410.12
32 2234.67 2393.28
33 2234.47 2392.78
34 2233.74 2392.14
35 2233.3 2391.68
36 2232.99 2391.44
37 2232.68 2391.16
38 2232.54 2391.09
39 2232.41 2390.99
40 2232.32 2390.92
41 2232.31 2391.01
42 2232.31 2391.05
43 2232.35 2391.17
44 2232.4 2391.27
45 2232.48 2391.4
46 2232.56 2391.54
47 2232.68 2391.72
48 2232.79 2391.89
49 2232.92 2392.06
50 2233.06 2392.25
51 2233.21 2392.47
52 2233.35 2392.66
53 2233.51 2392.87
54 2233.68 2393.09
55 2233.85 2393.32
56 2234.03 2393.55
57 2234.2 2393.78
58 2234.38 2394.03
59 2234.56 2394.27
60 2234.74 2394.5
61 2234.92 2394.74
62 2235.1 2394.99
63 2235.29 2395.23
64 2235.47 2395.47
65 2235.66 2395.71
66 2235.84 2395.95
67 2236.02 2396.19
68 2236.21 2396.43
69 2236.39 2396.67
70 2236.58 2396.91
71 2236.76 2397.15
72 2236.95 2397.4
73 2237.13 2397.64
74 2237.32 2397.88
75 2237.5 2398.12
76 2237.68 2398.36
77 2237.87 2398.6
78 2238.05 2398.83
79 2238.23 2399.07
80 2238.41 2399.31
