26 1.27775e-11 -8.99685e-09
27 -7.9962e-10 -2.29215e-05
28 -7.77524e-10 -1.81759e-05
29 4.61506e-08 -4.78209e-06
30 2.35754e-08 -4.71996e-06
31 2.33525e-08 -4.68205e-06
32 2.28796e-08 -4.68444e-06
33 2.26769e-08 -4.68069e-06
34 2.25975e-08 -4.6801e-06
35 2.25337e-08 -4.6797e-06
36 2.24814e-08 -4.67965e-06
37 2.24409e-08 -4.67956e-06
38 2.24074e-08 -4.67977e-06
39 2.23824e-08 -4.67996e-06
40 2.23601e-08 -4.68026e-06
41 2.23401e-08 -4.68073e-06
42 2.23282e-08 -4.68114e-06
43 2.23177e-08 -4.68164e-06
44 2.23097e-08 -4.68216e-06
45 2.23043e-08 -4.68272e-06
46 2.23015e-08 -4.68328e-06
47 2.22994e-08 -4.68391e-06
48 2.22986e-08 -4.68453e-06
49 2.22998e-08 -4.68516e-06
50 2.23018e-08 -4.68581e-06
51 2.23046e-08 -4.68649e-06
52 2.2308e-08 -4.68715e-06
53 2.2312e-08 -4.68783e-06
54 2.23163e-08 -4.68853e-06
55 2.23205e-08 -4.68925e-06
56 2.23252e-08 -4.68997e-06
57 2.23303e-08 -4.69068e-06
58 2.23353e-08 -4.69141e-06
59 2.23395e-08 -4.69214e-06
60 2.23446e-08 -4.69286e-06
61 2.23503e-08 -4.69359e-06
62 2.23554e-08 -4.69432e-06
63 2.23612e-08 -4.69505e-06
64 2.23672e-08 -4.69577e-06
65 2.23733e-08 -4.6965e-06
66 2.23794e-08 -4.69722e-06
67 2.23857e-08 -4.69795e-06
68 2.2392e-08 -4.69867e-06
69 2.23983e-08 -4.6994e-06
70 2.24046e-08 -4.70012e-06
71 2.24109e-08 -4.70084e-06
72 2.24173e-08 -4.70157e-06
73 2.24236e-08 -4.70229e-06
74 2.243e-08 -4.70301e-06
75 2.24363e-08 -4.70372e-06
76 2.24426e-08 -4.70444e-06
77 2.24488e-08 -4.70516e-06
78 2.2455e-08 -4.70587e-06
79 2.24612e-08 -4.70659e-06
80 2.24672e-08 -4.7073e-06
