26 1.79877e-11 -1.73597e-09
27 6.64075e-09 -1.38777e-05
28 5.11213e-09 -1.10263e-05
29 3.33954e-09 -5.94845e-06
30 3.28283e-09 -6.03733e-06
31 3.38639e-09 -6.08828e-06
32 3.35661e-09 -6.04504e-06
33 3.3558e-09 -6.04499e-06
34 3.3552e-09 -6.04269e-06
35 3.35455e-09 -6.04146e-06
36 3.35447e-09 -6.04035e-06
37 3.35417e-09 -6.03942e-06
38 3.35431e-09 -6.03879e-06
39 3.35426e-09 -6.03831e-06
40 3.35423e-09 -6.038e-06
41 3.35466e-09 -6.03767e-06
42 3.35483e-09 -6.03755e-06
43 3.35525e-09 -6.0374e-06
44 3.3555e-09 -6.03743e-06
45 3.35585e-09 -6.03748e-06
46 3.3562e-09 -6.03756e-06
47 3.3566e-09 -6.03772e-06
48 3.35698e-09 -6.03789e-06
49 3.35737e-09 -6.03811e-06
50 3.35778e-09 -6.03834e-06
51 3.35824e-09 -6.03859e-06
52 3.35863e-09 -6.03886e-06
53 3.35905e-09 -6.03916e-06
54 3.35953e-09 -6.03947e-06
55 3.35998e-09 -6.03981e-06
56 3.36044e-09 -6.04015e-06
57 3.36091e-09 -6.04048e-06
58 3.36141e-09 -6.04082e-06
59 3.36194e-09 -6.04113e-06
60 3.3624e-09 -6.04148e-06
61 3.36288e-09 -6.04183e-06
62 3.36339e-09 -6.04216e-06
63 3.36387e-09 -6.04252e-06
64 3.36435e-09 -6.04289e-06
65 3.36483e-09 -6.04324e-06
66 3.36531e-09 -6.0436e-06
67 3.36579e-09 -6.04397e-06
68 3.36627e-09 -6.04433e-06
69 3.36675e-09 -6.04469e-06
70 3.36723e-09 -6.04506e-06
71 3.36771e-09 -6.04542e-06
72 3.36819e-09 -6.04578e-06
73 3.36866e-09 -6.04614e-06
74 3.36914e-09 -6.0465e-06
75 3.36962e-09 -6.04686e-06
76 3.3701e-09 -6.04722e-06
77 3.37057e-09 -6.04758e-06
78 3.37105e-09 -6.04794e-06
79 3.37152e-09 -6.0483e-06
80 3.372e-09 -6.04865e-06
