26 3.2582e-11 5.12139e-10
27 3.40873e-07 4.71563e-06
28 3.63334e-07 3.86108e-06
29 4.60149e-07 2.66158e-06
30 4.58108e-07 2.70818e-06
31 4.57615e-07 2.69212e-06
32 4.57634e-07 2.68078e-06
33 4.57539e-07 2.68044e-06
34 4.57456e-07 2.67959e-06
35 4.57394e-07 2.6793e-06
36 4.57341e-07 2.67892e-06
37 4.57288e-07 2.6787e-06
38 4.57247e-07 2.67852e-06
39 4.57205e-07 2.67848e-06
40 4.57173e-07 2.67853e-06
41 4.57146e-07 2.67843e-06
42 4.57111e-07 2.67852e-06
43 4.57082e-07 2.67852e-06
44 4.57055e-07 2.67867e-06
45 4.5703e-07 2.6788e-06
46 4.57003e-07 2.67894e-06
47 4.56981e-07 2.67912e-06
48 4.56959e-07 2.67931e-06
49 4.56935e-07 2.67952e-06
50 4.56913e-07 2.67973e-06
51 4.56892e-07 2.67993e-06
52 4.56871e-07 2.68017e-06
53 4.56851e-07 2.68041e-06
54 4.56832e-07 2.68065e-06
55 4.56814e-07 2.68091e-06
56 4.56797e-07 2.68117e-06
57 4.56779e-07 2.68141e-06
58 4.56762e-07 2.68165e-06
59 4.56745e-07 2.68187e-06
60 4.56729e-07 2.68213e-06
61 4.56711e-07 2.68238e-06
62 4.56696e-07 2.68262e-06
63 4.56679e-07 2.68287e-06
64 4.56663e-07 2.68313e-06
65 4.56646e-07 2.68339e-06
66 4.5663e-07 2.68365e-06
67 4.56613e-07 2.6839e-06
68 4.56597e-07 2.68416e-06
69 4.56581e-07 2.68442e-06
70 4.56565e-07 2.68467e-06
71 4.5655e-07 2.68493e-06
72 4.56534e-07 2.68519e-06
73 4.56519e-07 2.68544e-06
74 4.56503e-07 2.68569e-06
75 4.56488e-07 2.68595e-06
76 4.56473e-07 2.6862e-06
77 4.56457e-07 2.68645e-06
78 4.56442e-07 2.6867e-06
79 4.56427e-07 2.68695e-06
80 4.56412e-07 2.6872e-06
