26 -4.35849e-11 1.1112e-08
27 3.40966e-07 3.44101e-05
28 3.63379e-07 2.65715e-05
29 4.60241e-07 2.69131e-06
30 4.58201e-07 2.71853e-06
31 4.57708e-07 2.71605e-06
32 4.57727e-07 2.70441e-06
33 4.57632e-07 2.70383e-06
34 4.57549e-07 2.70311e-06
35 4.57487e-07 2.7028e-06
36 4.57434e-07 2.70252e-06
37 4.57381e-07 2.70232e-06
38 4.5734e-07 2.70224e-06
39 4.57297e-07 2.70221e-06
40 4.57265e-07 2.70226e-06
41 4.57239e-07 2.7023e-06
42 4.57204e-07 2.70241e-06
43 4.57175e-07 2.70251e-06
44 4.57148e-07 2.70269e-06
45 4.57123e-07 2.70287e-06
46 4.57096e-07 2.70306e-06
47 4.57074e-07 2.70329e-06
48 4.57051e-07 2.70352e-06
49 4.57028e-07 2.70377e-06
50 4.57006e-07 2.70402e-06
51 4.56984e-07 2.70428e-06
52 4.56964e-07 2.70455e-06
53 4.56943e-07 2.70483e-06
54 4.56924e-07 2.70511e-06
55 4.56907e-07 2.70541e-06
56 4.5689e-07 2.70571e-06
57 4.56871e-07 2.706e-06
58 4.56855e-07 2.7063e-06
59 4.56838e-07 2.70657e-06
60 4.56821e-07 2.70688e-06
61 4.56804e-07 2.70717e-06
62 4.56788e-07 2.70747e-06
63 4.56772e-07 2.70777e-06
64 4.56755e-07 2.70807e-06
65 4.56739e-07 2.70838e-06
66 4.56722e-07 2.70868e-06
67 4.56706e-07 2.70898e-06
68 4.5669e-07 2.70928e-06
69 4.56674e-07 2.70959e-06
70 4.56658e-07 2.70989e-06
71 4.56642e-07 2.71019e-06
72 4.56627e-07 2.71049e-06
73 4.56611e-07 2.71079e-06
74 4.56596e-07 2.71109e-06
75 4.5658e-07 2.71139e-06
76 4.56565e-07 2.71169e-06
77 4.5655e-07 2.71199e-06
78 4.56535e-07 2.71229e-06
79 4.5652e-07 2.71259e-06
80 4.56505e-07 2.71288e-06
