26 2.26197e-11 -8.71026e-09
27 3.47703e-07 -2.04119e-05
28 3.61285e-07 -1.49079e-05
29 4.60175e-07 2.79362e-06
30 4.58134e-07 2.75735e-06
31 4.57641e-07 2.79937e-06
32 4.5766e-07 2.78674e-06
33 4.57565e-07 2.7854e-06
34 4.57482e-07 2.78511e-06
35 4.5742e-07 2.7847e-06
36 4.57367e-07 2.78477e-06
37 4.57314e-07 2.78462e-06
38 4.57273e-07 2.78484e-06
39 4.57231e-07 2.78489e-06
40 4.57199e-07 2.78494e-06
41 4.57172e-07 2.78539e-06
42 4.57137e-07 2.7856e-06
43 4.57108e-07 2.78602e-06
44 4.57081e-07 2.78629e-06
45 4.57056e-07 2.78664e-06
46 4.57029e-07 2.78699e-06
47 4.57007e-07 2.78738e-06
48 4.56985e-07 2.78775e-06
49 4.56961e-07 2.78812e-06
50 4.56939e-07 2.78852e-06
51 4.56918e-07 2.78895e-06
52 4.56897e-07 2.78933e-06
53 4.56877e-07 2.78973e-06
54 4.56858e-07 2.79017e-06
55 4.5684e-07 2.7906e-06
56 4.56823e-07 2.79103e-06
57 4.56805e-07 2.79147e-06
58 4.56788e-07 2.79194e-06
59 4.56771e-07 2.79243e-06
60 4.56755e-07 2.79287e-06
61 4.56737e-07 2.79332e-06
62 4.56722e-07 2.7938e-06
63 4.56705e-07 2.79425e-06
64 4.56689e-07 2.7947e-06
65 4.56672e-07 2.79515e-06
66 4.56656e-07 2.7956e-06
67 4.56639e-07 2.79605e-06
68 4.56623e-07 2.79651e-06
69 4.56607e-07 2.79696e-06
70 4.56591e-07 2.79741e-06
71 4.56576e-07 2.79786e-06
72 4.5656e-07 2.79832e-06
73 4.56545e-07 2.79877e-06
74 4.56529e-07 2.79922e-06
75 4.56514e-07 2.79967e-06
76 4.56499e-07 2.80013e-06
77 4.56483e-07 2.80058e-06
78 4.56468e-07 2.80103e-06
79 4.56453e-07 2.80148e-06
80 4.56438e-07 2.80193e-06
