26 -2.56397e-11 1.04146e-09
27 4.25795e-08 3.93452e-06
28 3.37327e-08 3.15518e-06
29 1.83537e-08 1.50408e-06
30 1.85415e-08 1.53517e-06
31 1.87386e-08 1.53151e-06
32 1.86059e-08 1.52365e-06
33 1.86047e-08 1.52353e-06
34 1.85982e-08 1.5229e-06
35 1.85945e-08 1.5226e-06
36 1.85915e-08 1.52227e-06
37 1.85888e-08 1.52202e-06
38 1.85872e-08 1.52182e-06
39 1.85859e-08 1.52167e-06
40 1.85851e-08 1.52158e-06
41 1.85846e-08 1.52144e-06
42 1.85844e-08 1.52138e-06
43 1.85843e-08 1.52128e-06
44 1.85845e-08 1.52126e-06
45 1.85849e-08 1.52124e-06
46 1.85854e-08 1.52122e-06
47 1.85861e-08 1.52122e-06
48 1.85868e-08 1.52123e-06
49 1.85877e-08 1.52125e-06
50 1.85886e-08 1.52127e-06
51 1.85896e-08 1.5213e-06
52 1.85906e-08 1.52133e-06
53 1.85917e-08 1.52138e-06
54 1.85929e-08 1.52141e-06
55 1.85941e-08 1.52147e-06
56 1.85954e-08 1.52152e-06
57 1.85966e-08 1.52156e-06
58 1.85979e-08 1.52161e-06
59 1.85991e-08 1.52164e-06
60 1.86004e-08 1.5217e-06
61 1.86016e-08 1.52175e-06
62 1.86029e-08 1.52179e-06
63 1.86042e-08 1.52185e-06
64 1.86055e-08 1.5219e-06
65 1.86068e-08 1.52196e-06
66 1.86082e-08 1.52201e-06
67 1.86095e-08 1.52207e-06
68 1.86108e-08 1.52212e-06
69 1.86121e-08 1.52218e-06
70 1.86134e-08 1.52224e-06
71 1.86147e-08 1.52229e-06
72 1.86161e-08 1.52235e-06
73 1.86174e-08 1.52241e-06
74 1.86187e-08 1.52246e-06
75 1.862e-08 1.52252e-06
76 1.86213e-08 1.52257e-06
77 1.86226e-08 1.52263e-06
78 1.86239e-08 1.52268e-06
79 1.86252e-08 1.52274e-06
80 1.86265e-08 1.52279e-06
