26 0.303282 -10.9871
27 -95.5899 -28033.9
28 -93.4674 -22179.2
29 5282.72 -3495.79
30 3051.76 -3444.93
31 2971.45 -3416.33
32 2948.98 -3429.89
33 2926.52 -3427.08
34 2918.54 -3427.83
35 2912.13 -3428.44
36 2907.03 -3429.38
37 2903.26 -3430.15
38 2900.2 -3431.16
39 2898.06 -3432.04
40 2896.26 -3432.98
41 2894.71 -3434.14
42 2894.09 -3435.11
43 2893.63 -3436.21
44 2893.45 -3437.24
45 2893.58 -3438.31
46 2894 -3439.36
47 2894.49 -3440.45
48 2895.13 -3441.53
49 2896 -3442.59
50 2896.96 -3443.66
51 2898.02 -3444.76
52 2899.14 -3445.82
53 2900.33 -3446.89
54 2901.55 -3447.98
55 2902.75 -3449.08
56 2904 -3450.17
57 2905.3 -3451.27
58 2906.58 -3452.38
59 2907.77 -3453.5
60 2909.06 -3454.58
61 2910.41 -3455.68
62 2911.68 -3456.79
63 2913.04 -3457.87
64 2914.42 -3458.96
65 2915.8 -3460.04
66 2917.19 -3461.12
67 2918.58 -3462.19
68 2919.97 -3463.27
69 2921.36 -3464.34
70 2922.75 -3465.41
71 2924.14 -3466.48
72 2925.53 -3467.54
73 2926.91 -3468.61
74 2928.29 -3469.67
75 2929.66 -3470.73
76 2931.02 -3471.78
77 2932.38 -3472.84
78 2933.73 -3473.89
79 2935.07 -3474.94
80 2936.39 -3475.99
