26 3.82462 6.96856
27 39000.8 8314.96
28 40526 5766.32
29 51617.3 3172.73
30 51388.4 3155.23
31 51333.1 3186.57
32 51335.2 3172.43
33 51324.6 3171.18
34 51315.3 3170.69
35 51308.3 3170.25
36 51302.3 3170.2
37 51296.4 3170.01
38 51291.8 3170.15
39 51287.1 3170.17
40 51283.5 3170.23
41 51280.5 3170.59
42 51276.6 3170.79
43 51273.3 3171.16
44 51270.3 3171.43
45 51267.5 3171.77
46 51264.4 3172.11
47 51262 3172.5
48 51259.5 3172.87
49 51256.8 3173.25
50 51254.4 3173.65
51 51251.9 3174.08
52 51249.6 3174.47
53 51247.4 3174.89
54 51245.2 3175.34
55 51243.3 3175.78
56 51241.3 3176.22
57 51239.2 3176.68
58 51237.4 3177.15
59 51235.5 3177.63
60 51233.7 3178.08
61 51231.7 3178.54
62 51229.9 3179.02
63 51228.1 3179.48
64 51226.2 3179.94
65 51224.4 3180.41
66 51222.6 3180.87
67 51220.7 3181.33
68 51218.9 3181.8
69 51217.1 3182.26
70 51215.4 3182.72
71 51213.6 3183.18
72 51211.8 3183.65
73 51210.1 3184.11
74 51208.4 3184.57
75 51206.6 3185.03
76 51204.9 3185.5
77 51203.2 3185.96
78 51201.5 3186.42
79 51199.9 3186.88
80 51198.2 3187.34
