26 4.59387e-12 -8.24119e-09
27 3.40908e-07 -2.49716e-05
28 3.71011e-07 -1.88085e-05
29 4.44606e-07 2.78287e-06
30 4.48885e-07 2.85378e-06
31 4.47792e-07 2.82284e-06
32 4.4788e-07 2.81151e-06
33 4.47827e-07 2.81106e-06
34 4.47802e-07 2.80983e-06
35 4.478e-07 2.80934e-06
36 4.47804e-07 2.80866e-06
37 4.47813e-07 2.80824e-06
38 4.47831e-07 2.80779e-06
39 4.47851e-07 2.80756e-06
40 4.47878e-07 2.80746e-06
41 4.47907e-07 2.8071e-06
42 4.47936e-07 2.80702e-06
43 4.47966e-07 2.80678e-06
44 4.48e-07 2.80678e-06
45 4.48036e-07 2.80673e-06
46 4.4807e-07 2.8067e-06
47 4.48107e-07 2.80671e-06
48 4.48145e-07 2.80674e-06
49 4.48182e-07 2.8068e-06
50 4.4822e-07 2.80685e-06
51 4.48258e-07 2.80689e-06
52 4.48297e-07 2.80699e-06
53 4.48335e-07 2.80709e-06
54 4.48374e-07 2.80716e-06
55 4.48414e-07 2.80727e-06
56 4.48454e-07 2.80739e-06
57 4.48493e-07 2.80748e-06
58 4.48532e-07 2.80756e-06
59 4.48571e-07 2.80761e-06
60 4.4861e-07 2.80772e-06
61 4.48649e-07 2.80782e-06
62 4.48687e-07 2.80789e-06
63 4.48725e-07 2.808e-06
64 4.48763e-07 2.80812e-06
65 4.48801e-07 2.80822e-06
66 4.48839e-07 2.80833e-06
67 4.48876e-07 2.80844e-06
68 4.48913e-07 2.80855e-06
69 4.4895e-07 2.80866e-06
70 4.48986e-07 2.80876e-06
71 4.49023e-07 2.80887e-06
72 4.49059e-07 2.80898e-06
73 4.49094e-07 2.80909e-06
74 4.4913e-07 2.80919e-06
75 4.49165e-07 2.8093e-06
76 4.492e-07 2.8094e-06
77 4.49235e-07 2.80951e-06
78 4.4927e-07 2.80961e-06
79 4.49304e-07 2.80971e-06
80 4.49338e-07 2.80981e-06
