26 -9.96313e-14 -6.18812e-10
27 1.80868e-08 -8.35167e-06
28 1.41707e-08 -6.65423e-06
29 8.30447e-09 -3.54776e-06
30 8.29126e-09 -3.61575e-06
31 8.45382e-09 -3.63818e-06
32 8.38758e-09 -3.61253e-06
33 8.38642e-09 -3.61265e-06
34 8.3841e-09 -3.61118e-06
35 8.38243e-09 -3.61043e-06
36 8.38158e-09 -3.6097e-06
37 8.38057e-09 -3.60911e-06
38 8.38032e-09 -3.60867e-06
39 8.37993e-09 -3.60835e-06
40 8.37969e-09 -3.60815e-06
41 8.38e-09 -3.60787e-06
42 8.38015e-09 -3.60777e-06
43 8.38057e-09 -3.60761e-06
44 8.38091e-09 -3.6076e-06
45 8.38139e-09 -3.60759e-06
46 8.38188e-09 -3.60759e-06
47 8.3825e-09 -3.60765e-06
48 8.38311e-09 -3.60771e-06
49 8.38374e-09 -3.60781e-06
50 8.38443e-09 -3.60791e-06
51 8.38518e-09 -3.60802e-06
52 8.38586e-09 -3.60815e-06
53 8.3866e-09 -3.60829e-06
54 8.38741e-09 -3.60844e-06
55 8.38822e-09 -3.60861e-06
56 8.38903e-09 -3.60878e-06
57 8.38986e-09 -3.60894e-06
58 8.39074e-09 -3.6091e-06
59 8.39161e-09 -3.60924e-06
60 8.39243e-09 -3.60941e-06
61 8.39328e-09 -3.60958e-06
62 8.39416e-09 -3.60974e-06
63 8.39502e-09 -3.60992e-06
64 8.39587e-09 -3.6101e-06
65 8.39672e-09 -3.61028e-06
66 8.39758e-09 -3.61046e-06
67 8.39844e-09 -3.61064e-06
68 8.39929e-09 -3.61082e-06
69 8.40015e-09 -3.611e-06
70 8.40101e-09 -3.61118e-06
71 8.40186e-09 -3.61136e-06
72 8.40272e-09 -3.61154e-06
73 8.40357e-09 -3.61172e-06
74 8.40443e-09 -3.6119e-06
75 8.40528e-09 -3.61208e-06
76 8.40613e-09 -3.61226e-06
77 8.40698e-09 -3.61244e-06
78 8.40783e-09 -3.61262e-06
79 8.40868e-09 -3.61279e-06
80 8.40952e-09 -3.61297e-06
