26 1.26097e-11 -6.11677e-10
27 1.36158e-08 -1.05244e-05
28 1.06315e-08 -8.37369e-06
29 6.36759e-09 -4.49032e-06
30 6.33685e-09 -4.56678e-06
31 6.47683e-09 -4.6002e-06
32 6.42477e-09 -4.56767e-06
33 6.42374e-09 -4.56772e-06
34 6.4221e-09 -4.56592e-06
35 6.42082e-09 -4.56498e-06
36 6.42028e-09 -4.5641e-06
37 6.41954e-09 -4.56338e-06
38 6.41945e-09 -4.56286e-06
39 6.41919e-09 -4.56248e-06
40 6.41904e-09 -4.56223e-06
41 6.4194e-09 -4.56194e-06
42 6.41955e-09 -4.56183e-06
43 6.41998e-09 -4.56167e-06
44 6.42029e-09 -4.56168e-06
45 6.42072e-09 -4.56169e-06
46 6.42115e-09 -4.56172e-06
47 6.42169e-09 -4.56182e-06
48 6.42221e-09 -4.56192e-06
49 6.42275e-09 -4.56207e-06
50 6.42333e-09 -4.56222e-06
51 6.42397e-09 -4.56238e-06
52 6.42454e-09 -4.56257e-06
53 6.42516e-09 -4.56277e-06
54 6.42584e-09 -4.56297e-06
55 6.42651e-09 -4.56321e-06
56 6.42718e-09 -4.56345e-06
57 6.42788e-09 -4.56367e-06
58 6.42861e-09 -4.56391e-06
59 6.42934e-09 -4.56411e-06
60 6.43003e-09 -4.56435e-06
61 6.43074e-09 -4.56459e-06
62 6.43148e-09 -4.56482e-06
63 6.43219e-09 -4.56507e-06
64 6.43289e-09 -4.56532e-06
65 6.4336e-09 -4.56557e-06
66 6.43431e-09 -4.56582e-06
67 6.43502e-09 -4.56607e-06
68 6.43574e-09 -4.56632e-06
69 6.43645e-09 -4.56657e-06
70 6.43716e-09 -4.56682e-06
71 6.43787e-09 -4.56707e-06
72 6.43858e-09 -4.56733e-06
73 6.43929e-09 -4.56758e-06
74 6.44e-09 -4.56783e-06
75 6.44071e-09 -4.56808e-06
76 6.44141e-09 -4.56833e-06
77 6.44212e-09 -4.56857e-06
78 6.44282e-09 -4.56882e-06
79 6.44353e-09 -4.56907e-06
80 6.44423e-09 -4.56931e-06
