26 4.60042 3.64837
27 38237.4 12370.7
28 40756.6 9753.77
29 51617.2 3066.98
30 51388.2 3116.02
31 51333 3100.74
32 51335.1 3087.62
33 51324.5 3087.17
34 51315.1 3086.23
35 51308.1 3085.89
36 51302.2 3085.48
37 51296.2 3085.23
38 51291.7 3085.05
39 51286.9 3085
40 51283.3 3085.06
41 51280.3 3084.98
42 51276.5 3085.09
43 51273.1 3085.11
44 51270.1 3085.29
45 51267.4 3085.45
46 51264.3 3085.62
47 51261.8 3085.84
48 51259.3 3086.07
49 51256.7 3086.32
50 51254.2 3086.57
51 51251.8 3086.82
52 51249.5 3087.1
53 51247.2 3087.39
54 51245.1 3087.66
55 51243.1 3087.97
56 51241.2 3088.28
57 51239.1 3088.57
58 51237.2 3088.87
59 51235.4 3089.13
60 51233.5 3089.44
61 51231.6 3089.74
62 51229.8 3090.02
63 51227.9 3090.33
64 51226.1 3090.64
65 51224.3 3090.94
66 51222.4 3091.25
67 51220.6 3091.55
68 51218.8 3091.86
69 51217 3092.17
70 51215.2 3092.47
71 51213.4 3092.78
72 51211.7 3093.08
73 51210 3093.39
74 51208.2 3093.69
75 51206.5 3093.99
76 51204.8 3094.29
77 51203.1 3094.59
78 51201.4 3094.89
79 51199.7 3095.19
80 51198 3095.49
