26 -7.0189 -0.935115
27 2373.62 -7790.57
28 1862.45 -6216.46
29 1080.38 -3294.59
30 1080.3 -3365.42
31 1100.24 -3382.26
32 1091.71 -3358.49
33 1091.57 -3358.68
34 1091.26 -3357.26
35 1091.04 -3356.57
36 1090.93 -3355.85
37 1090.79 -3355.29
38 1090.75 -3354.84
39 1090.7 -3354.53
40 1090.66 -3354.33
41 1090.69 -3354.03
42 1090.71 -3353.92
43 1090.76 -3353.74
44 1090.8 -3353.72
45 1090.85 -3353.68
46 1090.91 -3353.66
47 1090.99 -3353.7
48 1091.06 -3353.74
49 1091.14 -3353.81
50 1091.23 -3353.89
51 1091.32 -3353.96
52 1091.4 -3354.07
53 1091.5 -3354.19
54 1091.6 -3354.3
55 1091.7 -3354.44
56 1091.8 -3354.58
57 1091.9 -3354.71
58 1092.01 -3354.84
59 1092.12 -3354.95
60 1092.22 -3355.09
61 1092.33 -3355.23
62 1092.44 -3355.36
63 1092.55 -3355.5
64 1092.65 -3355.65
65 1092.76 -3355.8
66 1092.87 -3355.95
67 1092.97 -3356.1
68 1093.08 -3356.25
69 1093.19 -3356.4
70 1093.3 -3356.55
71 1093.4 -3356.7
72 1093.51 -3356.85
73 1093.62 -3357
74 1093.72 -3357.14
75 1093.83 -3357.29
76 1093.94 -3357.44
77 1094.04 -3357.59
78 1094.15 -3357.73
79 1094.25 -3357.88
80 1094.36 -3358.03
