26 2.96989 2.80336
27 39000.8 3940.17
28 40526.2 2613.38
29 51617.3 3178.02
30 51388.3 3157.19
31 51333.1 3190.87
32 51335.2 3176.68
33 51324.6 3175.38
34 51315.2 3174.91
35 51308.2 3174.48
36 51302.3 3174.44
37 51296.3 3174.25
38 51291.8 3174.41
39 51287 3174.44
40 51283.4 3174.5
41 51280.4 3174.87
42 51276.6 3175.08
43 51273.2 3175.46
44 51270.2 3175.74
45 51267.5 3176.09
46 51264.4 3176.44
47 51261.9 3176.83
48 51259.4 3177.22
49 51256.8 3177.6
50 51254.3 3178.01
51 51251.9 3178.45
52 51249.6 3178.85
53 51247.3 3179.27
54 51245.2 3179.73
55 51243.2 3180.17
56 51241.3 3180.62
57 51239.2 3181.09
58 51237.3 3181.57
59 51235.5 3182.06
60 51233.6 3182.52
61 51231.7 3182.99
62 51229.9 3183.48
63 51228 3183.95
64 51226.2 3184.41
65 51224.4 3184.89
66 51222.5 3185.36
67 51220.7 3185.83
68 51218.9 3186.3
69 51217.1 3186.77
70 51215.3 3187.24
71 51213.5 3187.71
72 51211.8 3188.18
73 51210 3188.65
74 51208.3 3189.12
75 51206.6 3189.59
76 51204.9 3190.06
77 51203.2 3190.53
78 51201.5 3191
79 51199.8 3191.47
80 51198.1 3191.94
