26 2.15221 -2.72615
27 494.139 -17261.7
28 374.525 -13710.2
29 264.158 -7408.28
30 256.909 -7515.12
31 267.197 -7580.69
32 264.654 -7526.79
33 264.572 -7526.68
34 264.542 -7523.84
35 264.49 -7522.31
36 264.498 -7520.95
37 264.48 -7519.8
38 264.503 -7519.04
39 264.505 -7518.45
40 264.507 -7518.06
41 264.557 -7517.68
42 264.577 -7517.54
43 264.623 -7517.37
44 264.649 -7517.42
45 264.685 -7517.49
46 264.721 -7517.59
47 264.761 -7517.8
48 264.799 -7518.03
49 264.836 -7518.31
50 264.876 -7518.61
51 264.922 -7518.92
52 264.959 -7519.27
53 265 -7519.65
54 265.045 -7520.04
55 265.088 -7520.48
56 265.131 -7520.91
57 265.177 -7521.33
58 265.225 -7521.77
59 265.276 -7522.16
60 265.319 -7522.61
61 265.366 -7523.05
62 265.415 -7523.48
63 265.46 -7523.94
64 265.505 -7524.4
65 265.551 -7524.85
66 265.597 -7525.31
67 265.642 -7525.77
68 265.687 -7526.23
69 265.733 -7526.7
70 265.778 -7527.16
71 265.824 -7527.62
72 265.869 -7528.08
73 265.914 -7528.54
74 265.96 -7529
75 266.005 -7529.46
76 266.05 -7529.91
77 266.095 -7530.37
78 266.14 -7530.82
79 266.185 -7531.28
80 266.23 -7531.73
