26 -3.78527 1.19363
27 3822.98 -481.495
28 3010.95 -425.74
29 1704.87 -144.823
30 1711.23 -183.3
31 1737.83 -166.415
32 1724.8 -165.412
33 1724.62 -165.796
34 1724.09 -165.496
35 1723.74 -165.445
36 1723.52 -165.236
37 1723.3 -165.137
38 1723.2 -164.963
39 1723.1 -164.878
40 1723.04 -164.818
41 1723.05 -164.616
42 1723.06 -164.536
43 1723.11 -164.374
44 1723.16 -164.302
45 1723.23 -164.201
46 1723.3 -164.107
47 1723.4 -164.015
48 1723.5 -163.929
49 1723.61 -163.854
50 1723.73 -163.773
51 1723.85 -163.68
52 1723.97 -163.613
53 1724.1 -163.542
54 1724.24 -163.456
55 1724.38 -163.384
56 1724.53 -163.311
57 1724.67 -163.229
58 1724.83 -163.142
59 1724.97 -163.04
60 1725.12 -162.969
61 1725.27 -162.888
62 1725.42 -162.796
63 1725.57 -162.719
64 1725.72 -162.644
65 1725.88 -162.567
66 1726.03 -162.49
67 1726.18 -162.414
68 1726.33 -162.337
69 1726.48 -162.261
70 1726.63 -162.184
71 1726.79 -162.108
72 1726.94 -162.032
73 1727.09 -161.956
74 1727.24 -161.88
75 1727.39 -161.803
76 1727.54 -161.727
77 1727.69 -161.651
78 1727.84 -161.575
79 1727.99 -161.498
80 1728.14 -161.422
