26 -3.6765 1.09686
27 4670.34 3711.41
28 3683.35 2901.42
29 2066.47 1645.09
30 2077.24 1628.31
31 2107.2 1661.88
32 2091.6 1650.16
33 2091.4 1649.69
34 2090.73 1649.33
35 2090.31 1649.02
36 2090.03 1648.91
37 2089.75 1648.75
38 2089.62 1648.75
39 2089.5 1648.7
40 2089.42 1648.68
41 2089.41 1648.8
42 2089.42 1648.86
43 2089.46 1649
44 2089.51 1649.09
45 2089.58 1649.21
46 2089.67 1649.34
47 2089.78 1649.5
48 2089.89 1649.64
49 2090.01 1649.8
50 2090.15 1649.96
51 2090.29 1650.14
52 2090.43 1650.29
53 2090.58 1650.47
54 2090.74 1650.65
55 2090.9 1650.84
56 2091.07 1651.02
57 2091.24 1651.22
58 2091.41 1651.42
59 2091.58 1651.62
60 2091.75 1651.81
61 2091.93 1652.01
62 2092.1 1652.21
63 2092.28 1652.41
64 2092.45 1652.6
65 2092.63 1652.8
66 2092.8 1653
67 2092.98 1653.19
68 2093.15 1653.39
69 2093.33 1653.58
70 2093.5 1653.78
71 2093.68 1653.97
72 2093.86 1654.17
73 2094.03 1654.37
74 2094.21 1654.56
75 2094.38 1654.76
76 2094.56 1654.95
77 2094.73 1655.15
78 2094.91 1655.34
79 2095.08 1655.53
80 2095.25 1655.73
