26 -2.93322e-11 5.99972e-10
27 4.69808e-08 6.00066e-06
28 3.71889e-08 4.77766e-06
29 2.03493e-08 2.44086e-06
30 2.05385e-08 2.47255e-06
31 2.07712e-08 2.48568e-06
32 2.06228e-08 2.47047e-06
33 2.06214e-08 2.47023e-06
34 2.06144e-08 2.46933e-06
35 2.06102e-08 2.46884e-06
36 2.0607e-08 2.46841e-06
37 2.0604e-08 2.46804e-06
38 2.06024e-08 2.46779e-06
39 2.0601e-08 2.4676e-06
40 2.06001e-08 2.46748e-06
41 2.05996e-08 2.46736e-06
42 2.05994e-08 2.46731e-06
43 2.05994e-08 2.46725e-06
44 2.05998e-08 2.46727e-06
45 2.06002e-08 2.46729e-06
46 2.06008e-08 2.46732e-06
47 2.06017e-08 2.46739e-06
48 2.06025e-08 2.46746e-06
49 2.06035e-08 2.46755e-06
50 2.06046e-08 2.46764e-06
51 2.06058e-08 2.46774e-06
52 2.06069e-08 2.46785e-06
53 2.06082e-08 2.46797e-06
54 2.06095e-08 2.46809e-06
55 2.0611e-08 2.46823e-06
56 2.06124e-08 2.46837e-06
57 2.06138e-08 2.4685e-06
58 2.06153e-08 2.46864e-06
59 2.06167e-08 2.46877e-06
60 2.06181e-08 2.46891e-06
61 2.06196e-08 2.46905e-06
62 2.06211e-08 2.46919e-06
63 2.06226e-08 2.46933e-06
64 2.06241e-08 2.46948e-06
65 2.06256e-08 2.46963e-06
66 2.06271e-08 2.46977e-06
67 2.06286e-08 2.46992e-06
68 2.06301e-08 2.47007e-06
69 2.06316e-08 2.47021e-06
70 2.06331e-08 2.47036e-06
71 2.06346e-08 2.47051e-06
72 2.06362e-08 2.47065e-06
73 2.06377e-08 2.4708e-06
74 2.06392e-08 2.47095e-06
75 2.06407e-08 2.47109e-06
76 2.06422e-08 2.47124e-06
77 2.06437e-08 2.47139e-06
78 2.06452e-08 2.47153e-06
79 2.06467e-08 2.47168e-06
80 2.06481e-08 2.47182e-06
