26 2.28029e-11 -5.40108e-09
27 3.40893e-07 -1.64573e-05
28 3.63342e-07 -1.23319e-05
29 4.60169e-07 2.63982e-06
30 4.58128e-07 2.70024e-06
31 4.57635e-07 2.6745e-06
32 4.57654e-07 2.66336e-06
33 4.57559e-07 2.66319e-06
34 4.57476e-07 2.66225e-06
35 4.57414e-07 2.66198e-06
36 4.57361e-07 2.66153e-06
37 4.57308e-07 2.6613e-06
38 4.57267e-07 2.66105e-06
39 4.57225e-07 2.66099e-06
40 4.57193e-07 2.66104e-06
41 4.57166e-07 2.66086e-06
42 4.57131e-07 2.66092e-06
43 4.57102e-07 2.66085e-06
44 4.57075e-07 2.66098e-06
45 4.5705e-07 2.66107e-06
46 4.57023e-07 2.66118e-06
47 4.57001e-07 2.66132e-06
48 4.56979e-07 2.66148e-06
49 4.56955e-07 2.66166e-06
50 4.56933e-07 2.66185e-06
51 4.56912e-07 2.66201e-06
52 4.56891e-07 2.66223e-06
53 4.56871e-07 2.66244e-06
54 4.56852e-07 2.66264e-06
55 4.56834e-07 2.66287e-06
56 4.56817e-07 2.6631e-06
57 4.56799e-07 2.66331e-06
58 4.56782e-07 2.66352e-06
59 4.56765e-07 2.66369e-06
60 4.56749e-07 2.66392e-06
61 4.56731e-07 2.66414e-06
62 4.56716e-07 2.66433e-06
63 4.56699e-07 2.66456e-06
64 4.56683e-07 2.66479e-06
65 4.56666e-07 2.66501e-06
66 4.5665e-07 2.66523e-06
67 4.56633e-07 2.66546e-06
68 4.56617e-07 2.66568e-06
69 4.56601e-07 2.66591e-06
70 4.56586e-07 2.66613e-06
71 4.5657e-07 2.66635e-06
72 4.56554e-07 2.66658e-06
73 4.56539e-07 2.6668e-06
74 4.56523e-07 2.66702e-06
75 4.56508e-07 2.66724e-06
76 4.56493e-07 2.66746e-06
77 4.56477e-07 2.66768e-06
78 4.56462e-07 2.6679e-06
79 4.56447e-07 2.66811e-06
80 4.56432e-07 2.66833e-06
