26 1.68567e-11 7.98e-09
27 3.40886e-07 1.51978e-05
28 3.6334e-07 1.18778e-05
29 4.60161e-07 2.67229e-06
30 4.58121e-07 2.71205e-06
31 4.57628e-07 2.70079e-06
32 4.57647e-07 2.68934e-06
33 4.57552e-07 2.68891e-06
34 4.57469e-07 2.68811e-06
35 4.57407e-07 2.68781e-06
36 4.57354e-07 2.68747e-06
37 4.57301e-07 2.68726e-06
38 4.5726e-07 2.68711e-06
39 4.57217e-07 2.68708e-06
40 4.57185e-07 2.68713e-06
41 4.57159e-07 2.68708e-06
42 4.57124e-07 2.68717e-06
43 4.57095e-07 2.68721e-06
44 4.57068e-07 2.68737e-06
45 4.57043e-07 2.68752e-06
46 4.57016e-07 2.68767e-06
47 4.56994e-07 2.68787e-06
48 4.56972e-07 2.68807e-06
49 4.56948e-07 2.6883e-06
50 4.56926e-07 2.68852e-06
51 4.56904e-07 2.68875e-06
52 4.56884e-07 2.689e-06
53 4.56864e-07 2.68925e-06
54 4.56844e-07 2.6895e-06
55 4.56827e-07 2.68978e-06
56 4.5681e-07 2.69005e-06
57 4.56791e-07 2.69031e-06
58 4.56775e-07 2.69057e-06
59 4.56758e-07 2.69081e-06
60 4.56741e-07 2.69109e-06
61 4.56724e-07 2.69135e-06
62 4.56708e-07 2.69161e-06
63 4.56692e-07 2.69188e-06
64 4.56675e-07 2.69216e-06
65 4.56659e-07 2.69243e-06
66 4.56642e-07 2.6927e-06
67 4.56626e-07 2.69298e-06
68 4.5661e-07 2.69325e-06
69 4.56594e-07 2.69352e-06
70 4.56578e-07 2.69379e-06
71 4.56562e-07 2.69407e-06
72 4.56547e-07 2.69434e-06
73 4.56531e-07 2.69461e-06
74 4.56516e-07 2.69488e-06
75 4.56501e-07 2.69515e-06
76 4.56485e-07 2.69542e-06
77 4.5647e-07 2.69569e-06
78 4.56455e-07 2.69595e-06
79 4.5644e-07 2.69622e-06
80 4.56425e-07 2.69649e-06
