26 -3.72484 0.0634899
27 5628.67 8690.1
28 4451.32 6890.26
29 2450.77 3647.91
30 2471.06 3679.44
31 2500.96 3713.69
32 2482.93 3689.25
33 2482.75 3688.84
34 2481.91 3687.6
35 2481.41 3686.87
36 2481.04 3686.29
37 2480.69 3685.78
38 2480.5 3685.48
39 2480.34 3685.23
40 2480.23 3685.08
41 2480.19 3684.99
42 2480.17 3684.95
43 2480.18 3684.95
44 2480.23 3685.01
45 2480.3 3685.09
46 2480.37 3685.19
47 2480.48 3685.34
48 2480.59 3685.49
49 2480.72 3685.67
50 2480.86 3685.85
51 2481 3686.06
52 2481.15 3686.26
53 2481.31 3686.48
54 2481.48 3686.72
55 2481.66 3686.97
56 2481.83 3687.22
57 2482.01 3687.46
58 2482.2 3687.72
59 2482.37 3687.97
60 2482.56 3688.22
61 2482.74 3688.48
62 2482.92 3688.74
63 2483.11 3689
64 2483.3 3689.27
65 2483.49 3689.53
66 2483.67 3689.79
67 2483.86 3690.06
68 2484.05 3690.33
69 2484.24 3690.59
70 2484.43 3690.86
71 2484.62 3691.12
72 2484.81 3691.39
73 2485 3691.65
74 2485.18 3691.92
75 2485.37 3692.18
76 2485.56 3692.45
77 2485.75 3692.71
78 2485.93 3692.97
79 2486.12 3693.24
80 2486.3 3693.5
