26 4.49922 -0.90475
27 38237.5 -664.052
28 40757.1 -215.179
29 51617.2 3053.46
30 51388.3 3111
31 51333.1 3089.76
32 51335.2 3076.78
33 51324.6 3076.43
34 51315.2 3075.43
35 51308.2 3075.1
36 51302.3 3074.65
37 51296.3 3074.39
38 51291.8 3074.17
39 51287 3074.11
40 51283.4 3074.17
41 51280.4 3074.04
42 51276.5 3074.13
43 51273.2 3074.1
44 51270.2 3074.28
45 51267.5 3074.41
46 51264.4 3074.56
47 51261.9 3074.76
48 51259.4 3074.97
49 51256.8 3075.2
50 51254.3 3075.44
51 51251.9 3075.66
52 51249.6 3075.93
53 51247.3 3076.2
54 51245.2 3076.45
55 51243.2 3076.75
56 51241.3 3077.04
57 51239.2 3077.31
58 51237.3 3077.58
59 51235.4 3077.81
60 51233.6 3078.1
61 51231.7 3078.38
62 51229.9 3078.64
63 51228 3078.93
64 51226.2 3079.22
65 51224.3 3079.5
66 51222.5 3079.79
67 51220.7 3080.08
68 51218.9 3080.36
69 51217.1 3080.65
70 51215.3 3080.93
71 51213.5 3081.22
72 51211.8 3081.5
73 51210 3081.79
74 51208.3 3082.07
75 51206.6 3082.35
76 51204.9 3082.63
77 51203.2 3082.91
78 51201.5 3083.19
79 51199.8 3083.47
80 51198.1 3083.74
