26 -6.16284 1.80685
27 3216.91 -3084.34
28 2555.48 -2365.29
29 1364.21 -1660.59
30 1382.52 -1638.03
31 1393.91 -1694.73
32 1384.33 -1677.9
33 1384.27 -1677.69
34 1383.76 -1677.34
35 1383.48 -1677
36 1383.23 -1676.93
37 1383.03 -1676.77
38 1382.89 -1676.82
39 1382.78 -1676.78
40 1382.72 -1676.76
41 1382.65 -1676.96
42 1382.63 -1677.04
43 1382.6 -1677.23
44 1382.61 -1677.35
45 1382.62 -1677.52
46 1382.64 -1677.69
47 1382.69 -1677.88
48 1382.73 -1678.07
49 1382.78 -1678.26
50 1382.84 -1678.46
51 1382.9 -1678.69
52 1382.96 -1678.88
53 1383.04 -1679.09
54 1383.11 -1679.32
55 1383.19 -1679.54
56 1383.27 -1679.77
57 1383.35 -1680
58 1383.43 -1680.25
59 1383.51 -1680.51
60 1383.59 -1680.73
61 1383.67 -1680.97
62 1383.75 -1681.22
63 1383.84 -1681.46
64 1383.93 -1681.69
65 1384.01 -1681.93
66 1384.1 -1682.17
67 1384.18 -1682.4
68 1384.27 -1682.64
69 1384.36 -1682.87
70 1384.44 -1683.11
71 1384.53 -1683.35
72 1384.62 -1683.58
73 1384.7 -1683.82
74 1384.79 -1684.05
75 1384.87 -1684.29
76 1384.96 -1684.52
77 1385.05 -1684.75
78 1385.13 -1684.99
79 1385.22 -1685.22
80 1385.3 -1685.45
