26 -2.70832 1.61466
27 3830.61 -53.891
28 3039.35 23.7518
29 1636.29 -316.478
30 1655.92 -287.531
31 1671.33 -324.284
32 1659.68 -317.64
33 1659.6 -317.556
34 1659 -317.637
35 1658.66 -317.569
36 1658.38 -317.689
37 1658.14 -317.704
38 1657.98 -317.835
39 1657.86 -317.88
40 1657.78 -317.911
41 1657.72 -318.102
42 1657.69 -318.18
43 1657.67 -318.347
44 1657.69 -318.43
45 1657.72 -318.547
46 1657.75 -318.661
47 1657.8 -318.78
48 1657.86 -318.892
49 1657.93 -318.999
50 1658.01 -319.113
51 1658.09 -319.243
52 1658.17 -319.345
53 1658.26 -319.454
54 1658.36 -319.581
55 1658.46 -319.695
56 1658.56 -319.81
57 1658.66 -319.934
58 1658.77 -320.065
59 1658.87 -320.208
60 1658.97 -320.323
61 1659.08 -320.447
62 1659.18 -320.582
63 1659.29 -320.703
64 1659.4 -320.821
65 1659.51 -320.943
66 1659.62 -321.064
67 1659.73 -321.184
68 1659.84 -321.304
69 1659.95 -321.424
70 1660.06 -321.544
71 1660.17 -321.664
72 1660.28 -321.784
73 1660.39 -321.903
74 1660.5 -322.022
75 1660.61 -322.142
76 1660.72 -322.261
77 1660.82 -322.38
78 1660.93 -322.498
79 1661.04 -322.617
80 1661.15 -322.736
