26 -1.77764 8.30557
27 38236.6 42966.3
28 40751 34437.7
29 51617.1 3100.46
30 51388.1 3128.43
31 51332.9 3127.91
32 51335 3114.47
33 51324.3 3113.77
34 51315 3112.97
35 51308 3112.6
36 51302.1 3112.3
37 51296.1 3112.07
38 51291.6 3111.99
39 51286.8 3111.97
40 51283.2 3112.03
41 51280.2 3112.08
42 51276.3 3112.22
43 51273 3112.35
44 51270 3112.56
45 51267.3 3112.78
46 51264.2 3113
47 51261.7 3113.28
48 51259.2 3113.55
49 51256.6 3113.84
50 51254.1 3114.14
51 51251.7 3114.44
52 51249.4 3114.76
53 51247.1 3115.09
54 51244.9 3115.42
55 51243 3115.77
56 51241.1 3116.12
57 51239 3116.46
58 51237.1 3116.82
59 51235.2 3117.15
60 51233.4 3117.5
61 51231.5 3117.85
62 51229.7 3118.2
63 51227.8 3118.55
64 51226 3118.91
65 51224.1 3119.27
66 51222.3 3119.62
67 51220.5 3119.98
68 51218.7 3120.33
69 51216.9 3120.69
70 51215.1 3121.04
71 51213.3 3121.4
72 51211.6 3121.75
73 51209.8 3122.11
74 51208.1 3122.46
75 51206.4 3122.81
76 51204.7 3123.16
77 51203 3123.52
78 51201.3 3123.87
79 51199.6 3124.22
80 51197.9 3124.56
