26 1.67415e-11 -1.46367e-09
27 7.92341e-09 -1.33133e-05
28 6.12691e-09 -1.05799e-05
29 3.89701e-09 -5.70275e-06
30 3.84495e-09 -5.7896e-06
31 3.95531e-09 -5.83755e-06
32 3.92142e-09 -5.79612e-06
33 3.92057e-09 -5.79608e-06
34 3.91978e-09 -5.79387e-06
35 3.91902e-09 -5.79269e-06
36 3.91886e-09 -5.79161e-06
37 3.91847e-09 -5.79072e-06
38 3.91857e-09 -5.79011e-06
39 3.91848e-09 -5.78965e-06
40 3.91843e-09 -5.78935e-06
41 3.91885e-09 -5.78902e-06
42 3.91902e-09 -5.78891e-06
43 3.91944e-09 -5.78876e-06
44 3.9197e-09 -5.78878e-06
45 3.92006e-09 -5.78882e-06
46 3.92043e-09 -5.78889e-06
47 3.92085e-09 -5.78904e-06
48 3.92126e-09 -5.7892e-06
49 3.92167e-09 -5.78941e-06
50 3.92212e-09 -5.78963e-06
51 3.92261e-09 -5.78986e-06
52 3.92304e-09 -5.79012e-06
53 3.9235e-09 -5.7904e-06
54 3.92401e-09 -5.79069e-06
55 3.9245e-09 -5.79101e-06
56 3.925e-09 -5.79134e-06
57 3.92552e-09 -5.79165e-06
58 3.92606e-09 -5.79198e-06
59 3.92662e-09 -5.79226e-06
60 3.92712e-09 -5.7926e-06
61 3.92765e-09 -5.79293e-06
62 3.9282e-09 -5.79324e-06
63 3.92873e-09 -5.79358e-06
64 3.92924e-09 -5.79393e-06
65 3.92977e-09 -5.79427e-06
66 3.93029e-09 -5.79461e-06
67 3.93081e-09 -5.79495e-06
68 3.93134e-09 -5.79529e-06
69 3.93186e-09 -5.79564e-06
70 3.93238e-09 -5.79598e-06
71 3.9329e-09 -5.79633e-06
72 3.93343e-09 -5.79667e-06
73 3.93395e-09 -5.79701e-06
74 3.93447e-09 -5.79736e-06
75 3.93499e-09 -5.7977e-06
76 3.93551e-09 -5.79804e-06
77 3.93603e-09 -5.79838e-06
78 3.93654e-09 -5.79872e-06
79 3.93706e-09 -5.79905e-06
80 3.93758e-09 -5.79939e-06
