26 -5.99872e-11 1.56827e-08
27 3.40914e-07 2.40605e-05
28 3.63353e-07 1.86561e-05
29 4.60189e-07 2.68117e-06
30 4.58148e-07 2.71514e-06
31 4.57656e-07 2.70793e-06
32 4.57675e-07 2.69639e-06
33 4.5758e-07 2.69589e-06
34 4.57497e-07 2.69513e-06
35 4.57434e-07 2.69483e-06
36 4.57381e-07 2.69451e-06
37 4.57328e-07 2.69431e-06
38 4.57288e-07 2.69419e-06
39 4.57245e-07 2.69416e-06
40 4.57213e-07 2.69421e-06
41 4.57186e-07 2.6942e-06
42 4.57152e-07 2.6943e-06
43 4.57122e-07 2.69436e-06
44 4.57096e-07 2.69453e-06
45 4.57071e-07 2.6947e-06
46 4.57043e-07 2.69487e-06
47 4.57021e-07 2.69508e-06
48 4.56999e-07 2.6953e-06
49 4.56976e-07 2.69553e-06
50 4.56954e-07 2.69577e-06
51 4.56932e-07 2.69601e-06
52 4.56912e-07 2.69627e-06
53 4.56891e-07 2.69654e-06
54 4.56872e-07 2.6968e-06
55 4.56855e-07 2.69709e-06
56 4.56837e-07 2.69737e-06
57 4.56819e-07 2.69765e-06
58 4.56802e-07 2.69793e-06
59 4.56786e-07 2.69818e-06
60 4.56769e-07 2.69847e-06
61 4.56752e-07 2.69875e-06
62 4.56736e-07 2.69902e-06
63 4.56719e-07 2.69931e-06
64 4.56703e-07 2.6996e-06
65 4.56687e-07 2.69989e-06
66 4.5667e-07 2.70017e-06
67 4.56654e-07 2.70046e-06
68 4.56638e-07 2.70075e-06
69 4.56622e-07 2.70103e-06
70 4.56606e-07 2.70132e-06
71 4.5659e-07 2.7016e-06
72 4.56575e-07 2.70189e-06
73 4.56559e-07 2.70218e-06
74 4.56544e-07 2.70246e-06
75 4.56528e-07 2.70274e-06
76 4.56513e-07 2.70303e-06
77 4.56498e-07 2.70331e-06
78 4.56483e-07 2.70359e-06
79 4.56468e-07 2.70387e-06
80 4.56453e-07 2.70415e-06
