26 5.07606 -1.29923
27 938.962 -14525.5
28 756.425 -11397.1
29 361.928 -6696.03
30 373.954 -6704.79
31 371.608 -6830.69
32 369.521 -6776.16
33 369.554 -6775.5
34 369.372 -6773.49
35 369.296 -6772.13
36 369.194 -6771.35
37 369.124 -6770.49
38 369.055 -6770.2
39 369.012 -6769.85
40 368.984 -6769.63
41 368.925 -6769.79
42 368.902 -6769.87
43 368.861 -6770.13
44 368.848 -6770.37
45 368.829 -6770.71
46 368.814 -6771.06
47 368.804 -6771.51
48 368.795 -6771.96
49 368.791 -6772.44
50 368.787 -6772.94
51 368.781 -6773.5
52 368.782 -6774.02
53 368.783 -6774.58
54 368.782 -6775.19
55 368.785 -6775.81
56 368.788 -6776.42
57 368.789 -6777.05
58 368.79 -6777.71
59 368.785 -6778.36
60 368.789 -6778.99
61 368.791 -6779.64
62 368.79 -6780.3
63 368.794 -6780.95
64 368.798 -6781.59
65 368.801 -6782.25
66 368.805 -6782.9
67 368.809 -6783.55
68 368.812 -6784.2
69 368.816 -6784.85
70 368.82 -6785.5
71 368.824 -6786.15
72 368.828 -6786.8
73 368.832 -6787.45
74 368.836 -6788.1
75 368.839 -6788.75
76 368.843 -6789.4
77 368.847 -6790.04
78 368.851 -6790.69
79 368.854 -6791.33
80 368.858 -6791.97
