26 2.2759 -9.03299
27 -95.5854 -24727.8
28 -92.8207 -19612.4
29 4705.56 -6878.47
30 2079.3 -6841.24
31 2098.68 -6795.97
32 2027.84 -6785.4
33 2004.3 -6780.72
34 1996.3 -6778.9
35 1990.02 -6777.58
36 1984.98 -6776.69
37 1981.19 -6775.86
38 1978.17 -6775.45
39 1976.06 -6775.1
40 1974.21 -6774.94
41 1972.61 -6774.94
42 1971.87 -6774.97
43 1971.27 -6775.09
44 1970.91 -6775.3
45 1970.84 -6775.56
46 1971.03 -6775.84
47 1971.29 -6776.23
48 1971.67 -6776.62
49 1972.27 -6777.04
50 1972.95 -6777.49
51 1973.7 -6777.97
52 1974.51 -6778.45
53 1975.38 -6778.96
54 1976.28 -6779.5
55 1977.15 -6780.08
56 1978.07 -6780.65
57 1979.03 -6781.22
58 1979.97 -6781.81
59 1980.83 -6782.37
60 1981.76 -6782.96
61 1982.76 -6783.55
62 1983.68 -6784.14
63 1984.68 -6784.74
64 1985.69 -6785.35
65 1986.71 -6785.95
66 1987.73 -6786.55
67 1988.75 -6787.16
68 1989.77 -6787.76
69 1990.78 -6788.37
70 1991.8 -6788.98
71 1992.8 -6789.58
72 1993.81 -6790.19
73 1994.81 -6790.8
74 1995.8 -6791.41
75 1996.78 -6792.01
76 1997.75 -6792.62
77 1998.72 -6793.23
78 1999.68 -6793.83
79 2000.62 -6794.43
80 2001.56 -6795.04
