26 2.93631e-12 -1.12241e-08
27 9.08585e-10 -2.45477e-05
28 -3.46573e-09 -1.85447e-05
29 3.99517e-08 -1.88919e-07
30 3.14542e-08 -2.79347e-07
31 3.11012e-08 -2.10351e-07
32 3.12544e-08 -2.27984e-07
33 3.11467e-08 -2.2942e-07
34 3.11866e-08 -2.30648e-07
35 3.12268e-08 -2.32025e-07
36 3.12807e-08 -2.3301e-07
37 3.1343e-08 -2.34087e-07
38 3.14116e-08 -2.34921e-07
39 3.14848e-08 -2.35842e-07
40 3.15614e-08 -2.36772e-07
41 3.16412e-08 -2.37395e-07
42 3.17234e-08 -2.38153e-07
43 3.18073e-08 -2.38743e-07
44 3.18914e-08 -2.39464e-07
45 3.19756e-08 -2.40113e-07
46 3.20609e-08 -2.4074e-07
47 3.21452e-08 -2.41356e-07
48 3.22297e-08 -2.41973e-07
49 3.23146e-08 -2.42582e-07
50 3.23991e-08 -2.43171e-07
51 3.24833e-08 -2.43726e-07
52 3.25661e-08 -2.44327e-07
53 3.26487e-08 -2.44907e-07
54 3.27268e-08 -2.45451e-07
55 3.28072e-08 -2.46018e-07
56 3.28867e-08 -2.46579e-07
57 3.29657e-08 -2.47115e-07
58 3.30435e-08 -2.47639e-07
59 3.31205e-08 -2.4814e-07
60 3.31962e-08 -2.48689e-07
61 3.32726e-08 -2.4922e-07
62 3.33456e-08 -2.49719e-07
63 3.34194e-08 -2.50246e-07
64 3.34917e-08 -2.50773e-07
65 3.35637e-08 -2.51296e-07
66 3.36343e-08 -2.51809e-07
67 3.3704e-08 -2.52325e-07
68 3.3773e-08 -2.52839e-07
69 3.3841e-08 -2.53352e-07
70 3.39081e-08 -2.53862e-07
71 3.39744e-08 -2.54371e-07
72 3.40397e-08 -2.54878e-07
73 3.41041e-08 -2.55385e-07
74 3.41677e-08 -2.55888e-07
75 3.42305e-08 -2.5639e-07
76 3.42923e-08 -2.56891e-07
77 3.43534e-08 -2.5739e-07
78 3.44136e-08 -2.57887e-07
79 3.4473e-08 -2.58382e-07
80 3.45316e-08 -2.58876e-07
