26 -3.71852 1.20534
27 3554.08 -1941.37
28 2797.76 -1583.09
29 1589.45 -771.559
30 1594.54 -816.938
31 1619.98 -806.417
32 1607.77 -800.912
33 1607.6 -801.261
34 1607.11 -800.735
35 1606.78 -800.556
36 1606.58 -800.243
37 1606.37 -800.051
38 1606.29 -799.821
39 1606.2 -799.691
40 1606.14 -799.602
41 1606.16 -799.378
42 1606.17 -799.291
43 1606.21 -799.123
44 1606.26 -799.059
45 1606.33 -798.97
46 1606.4 -798.89
47 1606.5 -798.821
48 1606.59 -798.759
49 1606.7 -798.713
50 1606.81 -798.662
51 1606.93 -798.601
52 1607.04 -798.567
53 1607.16 -798.533
54 1607.3 -798.485
55 1607.43 -798.454
56 1607.57 -798.423
57 1607.71 -798.382
58 1607.85 -798.337
59 1607.99 -798.274
60 1608.13 -798.245
61 1608.27 -798.206
62 1608.42 -798.156
63 1608.56 -798.123
64 1608.7 -798.091
65 1608.85 -798.057
66 1608.99 -798.023
67 1609.13 -797.991
68 1609.28 -797.958
69 1609.42 -797.926
70 1609.57 -797.893
71 1609.71 -797.86
72 1609.85 -797.828
73 1610 -797.796
74 1610.14 -797.763
75 1610.28 -797.73
76 1610.43 -797.697
77 1610.57 -797.664
78 1610.71 -797.631
79 1610.85 -797.598
80 1611 -797.564
