26 -3.92375 0.472339
27 5328.86 7083.71
28 4207.19 5584.26
29 2343.06 3062.74
30 2358.07 3067.44
31 2389.94 3111.02
32 2372.43 3089.48
33 2372.22 3088.97
34 2371.45 3088.07
35 2370.97 3087.46
36 2370.64 3087.09
37 2370.31 3086.7
38 2370.16 3086.55
39 2370.01 3086.39
40 2369.91 3086.29
41 2369.9 3086.33
42 2369.89 3086.36
43 2369.92 3086.45
44 2369.98 3086.55
45 2370.06 3086.69
46 2370.14 3086.83
47 2370.26 3087.02
48 2370.38 3087.21
49 2370.51 3087.4
50 2370.65 3087.62
51 2370.81 3087.85
52 2370.96 3088.07
53 2371.12 3088.31
54 2371.29 3088.57
55 2371.47 3088.83
56 2371.66 3089.1
57 2371.84 3089.36
58 2372.03 3089.65
59 2372.21 3089.92
60 2372.4 3090.19
61 2372.59 3090.46
62 2372.78 3090.75
63 2372.97 3091.02
64 2373.16 3091.3
65 2373.35 3091.58
66 2373.54 3091.86
67 2373.73 3092.14
68 2373.92 3092.42
69 2374.12 3092.69
70 2374.31 3092.97
71 2374.5 3093.25
72 2374.69 3093.53
73 2374.88 3093.81
74 2375.08 3094.09
75 2375.27 3094.37
76 2375.46 3094.64
77 2375.65 3094.92
78 2375.84 3095.2
79 2376.03 3095.47
80 2376.22 3095.75
