26 3.92584e-11 -3.31009e-10
27 1.39554e-08 -9.91657e-06
28 1.11595e-08 -7.76645e-06
29 5.68062e-09 -4.63229e-06
30 5.80477e-09 -4.63169e-06
31 5.81615e-09 -4.72542e-06
32 5.77936e-09 -4.68687e-06
33 5.77944e-09 -4.68639e-06
34 5.77701e-09 -4.68504e-06
35 5.77583e-09 -4.6841e-06
36 5.77457e-09 -4.6836e-06
37 5.7736e-09 -4.68301e-06
38 5.77282e-09 -4.68285e-06
39 5.77228e-09 -4.68262e-06
40 5.77192e-09 -4.68248e-06
41 5.77137e-09 -4.68263e-06
42 5.77116e-09 -4.6827e-06
43 5.77082e-09 -4.68292e-06
44 5.77076e-09 -4.6831e-06
45 5.77067e-09 -4.68335e-06
46 5.77062e-09 -4.68362e-06
47 5.77065e-09 -4.68395e-06
48 5.77069e-09 -4.68428e-06
49 5.77079e-09 -4.68463e-06
50 5.7709e-09 -4.685e-06
51 5.771e-09 -4.68541e-06
52 5.77116e-09 -4.68579e-06
53 5.77134e-09 -4.68619e-06
54 5.7715e-09 -4.68664e-06
55 5.77172e-09 -4.68708e-06
56 5.77194e-09 -4.68753e-06
57 5.77213e-09 -4.68798e-06
58 5.77233e-09 -4.68846e-06
59 5.77247e-09 -4.68894e-06
60 5.7727e-09 -4.68939e-06
61 5.77292e-09 -4.68986e-06
62 5.7731e-09 -4.69034e-06
63 5.77333e-09 -4.69081e-06
64 5.77356e-09 -4.69127e-06
65 5.77379e-09 -4.69174e-06
66 5.77401e-09 -4.69221e-06
67 5.77424e-09 -4.69268e-06
68 5.77447e-09 -4.69316e-06
69 5.77471e-09 -4.69363e-06
70 5.77494e-09 -4.6941e-06
71 5.77517e-09 -4.69457e-06
72 5.7754e-09 -4.69504e-06
73 5.77563e-09 -4.69551e-06
74 5.77586e-09 -4.69597e-06
75 5.77609e-09 -4.69644e-06
76 5.77632e-09 -4.69691e-06
77 5.77655e-09 -4.69738e-06
78 5.77678e-09 -4.69784e-06
79 5.777e-09 -4.69831e-06
80 5.77723e-09 -4.69877e-06
