26 -1.5853 17.3417
27 38237.3 25966.1
28 40754.7 20151.6
29 51617 3081.08
30 51388.1 3121.25
31 51332.8 3112.18
32 51334.9 3098.93
33 51324.3 3098.38
34 51315 3097.49
35 51308 3097.14
36 51302 3096.78
37 51296.1 3096.54
38 51291.6 3096.4
39 51286.8 3096.36
40 51283.2 3096.42
41 51280.2 3096.4
42 51276.3 3096.52
43 51273 3096.58
44 51270 3096.78
45 51267.2 3096.96
46 51264.1 3097.16
47 51261.7 3097.4
48 51259.2 3097.64
49 51256.6 3097.91
50 51254.1 3098.18
51 51251.7 3098.45
52 51249.3 3098.75
53 51247.1 3099.06
54 51244.9 3099.36
55 51243 3099.68
56 51241 3100.01
57 51239 3100.32
58 51237.1 3100.64
59 51235.2 3100.93
60 51233.4 3101.26
61 51231.4 3101.58
62 51229.7 3101.89
63 51227.8 3102.22
64 51226 3102.55
65 51224.1 3102.87
66 51222.3 3103.2
67 51220.4 3103.53
68 51218.6 3103.85
69 51216.8 3104.18
70 51215.1 3104.51
71 51213.3 3104.83
72 51211.5 3105.16
73 51209.8 3105.48
74 51208.1 3105.81
75 51206.3 3106.13
76 51204.6 3106.45
77 51202.9 3106.78
78 51201.2 3107.1
79 51199.6 3107.42
80 51197.9 3107.74
