26 4.33856 -0.295956
27 1665.11 -10810.2
28 1330.35 -8462.48
29 680.378 -5066.29
30 694.6 -5063.89
31 696.47 -5168.16
32 692.012 -5125.77
33 692.018 -5125.24
34 691.73 -5123.78
35 691.589 -5122.75
36 691.441 -5122.2
37 691.327 -5121.57
38 691.235 -5121.4
39 691.172 -5121.15
40 691.131 -5121
41 691.069 -5121.17
42 691.045 -5121.25
43 691.007 -5121.5
44 691.001 -5121.7
45 690.993 -5121.99
46 690.988 -5122.28
47 690.994 -5122.66
48 691.001 -5123.02
49 691.015 -5123.41
50 691.029 -5123.82
51 691.044 -5124.27
52 691.065 -5124.69
53 691.088 -5125.14
54 691.109 -5125.63
55 691.137 -5126.12
56 691.165 -5126.61
57 691.19 -5127.12
58 691.216 -5127.65
59 691.235 -5128.17
60 691.264 -5128.67
61 691.292 -5129.19
62 691.316 -5129.72
63 691.345 -5130.24
64 691.375 -5130.76
65 691.404 -5131.28
66 691.433 -5131.8
67 691.462 -5132.32
68 691.492 -5132.84
69 691.521 -5133.36
70 691.551 -5133.88
71 691.58 -5134.39
72 691.61 -5134.91
73 691.639 -5135.43
74 691.669 -5135.95
75 691.698 -5136.47
76 691.727 -5136.98
77 691.757 -5137.5
78 691.786 -5138.01
79 691.815 -5138.52
80 691.843 -5139.04
