26 1.32226e-11 -7.10093e-10
27 1.23935e-08 -1.10751e-05
28 9.66415e-09 -8.80934e-06
29 5.83747e-09 -4.72947e-06
30 5.80207e-09 -4.80802e-06
31 5.93576e-09 -4.84428e-06
32 5.88759e-09 -4.80999e-06
33 5.8866e-09 -4.81003e-06
34 5.88514e-09 -4.80815e-06
35 5.88398e-09 -4.80716e-06
36 5.88352e-09 -4.80624e-06
37 5.88286e-09 -4.80549e-06
38 5.8828e-09 -4.80495e-06
39 5.88258e-09 -4.80456e-06
40 5.88245e-09 -4.8043e-06
41 5.88283e-09 -4.80399e-06
42 5.88298e-09 -4.80388e-06
43 5.88341e-09 -4.80373e-06
44 5.88371e-09 -4.80374e-06
45 5.88412e-09 -4.80375e-06
46 5.88454e-09 -4.80379e-06
47 5.88506e-09 -4.8039e-06
48 5.88555e-09 -4.80402e-06
49 5.88607e-09 -4.80417e-06
50 5.88662e-09 -4.80434e-06
51 5.88722e-09 -4.80451e-06
52 5.88777e-09 -4.80471e-06
53 5.88835e-09 -4.80493e-06
54 5.88899e-09 -4.80515e-06
55 5.88963e-09 -4.80541e-06
56 5.89026e-09 -4.80566e-06
57 5.89092e-09 -4.80591e-06
58 5.89161e-09 -4.80616e-06
59 5.89231e-09 -4.80637e-06
60 5.89296e-09 -4.80664e-06
61 5.89363e-09 -4.80689e-06
62 5.89432e-09 -4.80714e-06
63 5.895e-09 -4.8074e-06
64 5.89566e-09 -4.80767e-06
65 5.89633e-09 -4.80794e-06
66 5.897e-09 -4.80821e-06
67 5.89767e-09 -4.80848e-06
68 5.89835e-09 -4.80875e-06
69 5.89902e-09 -4.80902e-06
70 5.89969e-09 -4.80929e-06
71 5.90036e-09 -4.80956e-06
72 5.90103e-09 -4.80982e-06
73 5.9017e-09 -4.81009e-06
74 5.90237e-09 -4.81036e-06
75 5.90304e-09 -4.81063e-06
76 5.9037e-09 -4.8109e-06
77 5.90437e-09 -4.81116e-06
78 5.90503e-09 -4.81143e-06
79 5.90569e-09 -4.81169e-06
80 5.90636e-09 -4.81196e-06
