26 3.0165e-11 -6.59259e-09
27 3.47691e-07 -1.58742e-05
28 3.6128e-07 -1.16375e-05
29 4.60162e-07 2.78798e-06
30 4.58121e-07 2.75517e-06
31 4.57629e-07 2.79476e-06
32 4.57648e-07 2.78219e-06
33 4.57553e-07 2.78088e-06
34 4.5747e-07 2.78058e-06
35 4.57407e-07 2.78017e-06
36 4.57354e-07 2.78022e-06
37 4.57301e-07 2.78007e-06
38 4.57261e-07 2.78027e-06
39 4.57218e-07 2.78032e-06
40 4.57186e-07 2.78037e-06
41 4.57159e-07 2.78079e-06
42 4.57125e-07 2.781e-06
43 4.57095e-07 2.7814e-06
44 4.57069e-07 2.78167e-06
45 4.57044e-07 2.78201e-06
46 4.57016e-07 2.78235e-06
47 4.56994e-07 2.78273e-06
48 4.56972e-07 2.7831e-06
49 4.56949e-07 2.78346e-06
50 4.56927e-07 2.78385e-06
51 4.56905e-07 2.78427e-06
52 4.56885e-07 2.78464e-06
53 4.56864e-07 2.78504e-06
54 4.56845e-07 2.78547e-06
55 4.56828e-07 2.78589e-06
56 4.5681e-07 2.78631e-06
57 4.56792e-07 2.78675e-06
58 4.56775e-07 2.78721e-06
59 4.56759e-07 2.78769e-06
60 4.56742e-07 2.78811e-06
61 4.56725e-07 2.78856e-06
62 4.56709e-07 2.78903e-06
63 4.56692e-07 2.78947e-06
64 4.56676e-07 2.78991e-06
65 4.5666e-07 2.79035e-06
66 4.56643e-07 2.7908e-06
67 4.56627e-07 2.79124e-06
68 4.56611e-07 2.79169e-06
69 4.56595e-07 2.79213e-06
70 4.56579e-07 2.79257e-06
71 4.56563e-07 2.79302e-06
72 4.56548e-07 2.79346e-06
73 4.56532e-07 2.79391e-06
74 4.56517e-07 2.79435e-06
75 4.56501e-07 2.7948e-06
76 4.56486e-07 2.79524e-06
77 4.56471e-07 2.79568e-06
78 4.56456e-07 2.79613e-06
79 4.56441e-07 2.79657e-06
80 4.56426e-07 2.79702e-06
