26 -3.84887 -0.0442397
27 5677.29 8906.87
28 4487.64 7051.15
29 2478.76 3776.2
30 2497.97 3802.27
31 2529.2 3842.97
32 2510.88 3817.18
33 2510.69 3816.71
34 2509.85 3815.46
35 2509.34 3814.71
36 2508.97 3814.15
37 2508.62 3813.63
38 2508.44 3813.35
39 2508.27 3813.11
40 2508.17 3812.96
41 2508.13 3812.9
42 2508.12 3812.88
43 2508.14 3812.91
44 2508.19 3812.99
45 2508.26 3813.09
46 2508.34 3813.21
47 2508.45 3813.39
48 2508.57 3813.56
49 2508.7 3813.76
50 2508.84 3813.97
51 2509 3814.2
52 2509.15 3814.43
53 2509.31 3814.68
54 2509.49 3814.94
55 2509.67 3815.22
56 2509.85 3815.49
57 2510.04 3815.77
58 2510.23 3816.06
59 2510.41 3816.33
60 2510.6 3816.61
61 2510.79 3816.9
62 2510.98 3817.19
63 2511.17 3817.48
64 2511.36 3817.77
65 2511.56 3818.06
66 2511.75 3818.35
67 2511.95 3818.64
68 2512.14 3818.94
69 2512.33 3819.23
70 2512.53 3819.52
71 2512.72 3819.82
72 2512.92 3820.11
73 2513.11 3820.4
74 2513.3 3820.69
75 2513.5 3820.98
76 2513.69 3821.28
77 2513.88 3821.57
78 2514.08 3821.86
79 2514.27 3822.14
80 2514.46 3822.43
