26 -6.74005e-11 1.56598e-09
27 2.78592e-08 -3.1474e-06
28 2.21357e-08 -2.42378e-06
29 1.17999e-08 -1.64996e-06
30 1.19612e-08 -1.63141e-06
31 1.20576e-08 -1.6837e-06
32 1.19748e-08 -1.66751e-06
33 1.19744e-08 -1.6673e-06
34 1.19699e-08 -1.66693e-06
35 1.19675e-08 -1.6666e-06
36 1.19654e-08 -1.66652e-06
37 1.19635e-08 -1.66634e-06
38 1.19624e-08 -1.66637e-06
39 1.19614e-08 -1.66633e-06
40 1.19608e-08 -1.66631e-06
41 1.19603e-08 -1.66647e-06
42 1.196e-08 -1.66654e-06
43 1.19598e-08 -1.66672e-06
44 1.19599e-08 -1.66683e-06
45 1.196e-08 -1.66698e-06
46 1.19602e-08 -1.66713e-06
47 1.19605e-08 -1.66732e-06
48 1.19609e-08 -1.66749e-06
49 1.19613e-08 -1.66766e-06
50 1.19618e-08 -1.66785e-06
51 1.19623e-08 -1.66806e-06
52 1.19629e-08 -1.66825e-06
53 1.19635e-08 -1.66844e-06
54 1.19641e-08 -1.66866e-06
55 1.19648e-08 -1.66887e-06
56 1.19655e-08 -1.66908e-06
57 1.19662e-08 -1.6693e-06
58 1.19669e-08 -1.66954e-06
59 1.19675e-08 -1.66977e-06
60 1.19682e-08 -1.66999e-06
61 1.19689e-08 -1.67021e-06
62 1.19696e-08 -1.67045e-06
63 1.19704e-08 -1.67067e-06
64 1.19711e-08 -1.67089e-06
65 1.19718e-08 -1.67112e-06
66 1.19726e-08 -1.67134e-06
67 1.19733e-08 -1.67156e-06
68 1.1974e-08 -1.67179e-06
69 1.19748e-08 -1.67201e-06
70 1.19755e-08 -1.67223e-06
71 1.19763e-08 -1.67245e-06
72 1.1977e-08 -1.67268e-06
73 1.19777e-08 -1.6729e-06
74 1.19785e-08 -1.67312e-06
75 1.19792e-08 -1.67334e-06
76 1.198e-08 -1.67356e-06
77 1.19807e-08 -1.67378e-06
78 1.19814e-08 -1.67401e-06
79 1.19821e-08 -1.67423e-06
80 1.19829e-08 -1.67445e-06
