26 -2.36014e-11 1.25408e-09
27 3.76472e-08 1.53972e-06
28 2.98511e-08 1.27053e-06
29 1.61446e-08 4.31351e-07
30 1.63258e-08 4.59336e-07
31 1.64872e-08 4.38267e-07
32 1.63715e-08 4.38656e-07
33 1.63706e-08 4.38655e-07
34 1.63647e-08 4.38363e-07
35 1.63614e-08 4.38279e-07
36 1.63587e-08 4.38082e-07
37 1.63563e-08 4.37974e-07
38 1.63549e-08 4.37821e-07
39 1.63537e-08 4.3774e-07
40 1.63529e-08 4.37687e-07
41 1.63524e-08 4.37526e-07
42 1.63522e-08 4.3746e-07
43 1.6352e-08 4.37333e-07
44 1.63522e-08 4.37281e-07
45 1.63525e-08 4.37208e-07
46 1.63528e-08 4.37139e-07
47 1.63534e-08 4.37077e-07
48 1.6354e-08 4.3702e-07
49 1.63548e-08 4.36971e-07
50 1.63555e-08 4.3692e-07
51 1.63564e-08 4.36858e-07
52 1.63572e-08 4.36819e-07
53 1.63581e-08 4.36777e-07
54 1.63591e-08 4.36724e-07
55 1.63602e-08 4.36684e-07
56 1.63612e-08 4.36643e-07
57 1.63623e-08 4.36595e-07
58 1.63633e-08 4.36544e-07
59 1.63643e-08 4.3648e-07
60 1.63654e-08 4.36441e-07
61 1.63665e-08 4.36394e-07
62 1.63676e-08 4.36339e-07
63 1.63687e-08 4.36297e-07
64 1.63698e-08 4.36256e-07
65 1.63709e-08 4.36212e-07
66 1.6372e-08 4.36169e-07
67 1.63731e-08 4.36128e-07
68 1.63742e-08 4.36085e-07
69 1.63753e-08 4.36044e-07
70 1.63765e-08 4.36002e-07
71 1.63776e-08 4.3596e-07
72 1.63787e-08 4.35918e-07
73 1.63798e-08 4.35877e-07
74 1.63809e-08 4.35835e-07
75 1.6382e-08 4.35793e-07
76 1.63831e-08 4.35752e-07
77 1.63842e-08 4.35711e-07
78 1.63853e-08 4.35669e-07
79 1.63864e-08 4.35628e-07
80 1.63875e-08 4.35586e-07
