26 1.41449 -0.703187
27 1526.14 -12099.1
28 1191.38 -9626.57
29 713.075 -5162.23
30 709.626 -5250.13
31 725.328 -5288.55
32 719.489 -5251.15
33 719.373 -5251.21
34 719.189 -5249.14
35 719.046 -5248.07
36 718.985 -5247.05
37 718.903 -5246.22
38 718.892 -5245.63
39 718.863 -5245.19
40 718.846 -5244.9
41 718.886 -5244.56
42 718.904 -5244.43
43 718.952 -5244.26
44 718.986 -5244.26
45 719.034 -5244.27
46 719.083 -5244.31
47 719.143 -5244.42
48 719.202 -5244.54
49 719.262 -5244.71
50 719.327 -5244.89
51 719.399 -5245.07
52 719.463 -5245.28
53 719.532 -5245.52
54 719.609 -5245.76
55 719.684 -5246.03
56 719.76 -5246.3
57 719.837 -5246.56
58 719.919 -5246.83
59 720.002 -5247.06
60 720.079 -5247.34
61 720.158 -5247.62
62 720.241 -5247.88
63 720.321 -5248.16
64 720.4 -5248.45
65 720.48 -5248.74
66 720.559 -5249.02
67 720.639 -5249.31
68 720.719 -5249.6
69 720.799 -5249.89
70 720.879 -5250.18
71 720.958 -5250.47
72 721.038 -5250.76
73 721.117 -5251.05
74 721.197 -5251.33
75 721.277 -5251.62
76 721.356 -5251.91
77 721.435 -5252.19
78 721.514 -5252.48
79 721.593 -5252.76
80 721.671 -5253.04
