26 -2.5472 9.79372
27 38236.6 42161.3
28 40750.8 33141.7
29 51617.1 3098.7
30 51388.1 3127.78
31 51332.9 3126.48
32 51335 3113.06
33 51324.4 3112.37
34 51315 3111.56
35 51308 3111.2
36 51302.1 3110.89
37 51296.1 3110.66
38 51291.6 3110.57
39 51286.8 3110.55
40 51283.2 3110.61
41 51280.2 3110.66
42 51276.3 3110.8
43 51273 3110.92
44 51270 3111.13
45 51267.3 3111.34
46 51264.2 3111.57
47 51261.7 3111.83
48 51259.2 3112.11
49 51256.6 3112.4
50 51254.1 3112.69
51 51251.7 3112.99
52 51249.4 3113.31
53 51247.1 3113.63
54 51244.9 3113.96
55 51243 3114.31
56 51241.1 3114.66
57 51239 3115
58 51237.1 3115.35
59 51235.2 3115.67
60 51233.4 3116.03
61 51231.5 3116.38
62 51229.7 3116.72
63 51227.8 3117.07
64 51226 3117.43
65 51224.1 3117.78
66 51222.3 3118.13
67 51220.5 3118.48
68 51218.7 3118.84
69 51216.9 3119.19
70 51215.1 3119.54
71 51213.3 3119.9
72 51211.6 3120.25
73 51209.8 3120.6
74 51208.1 3120.95
75 51206.4 3121.3
76 51204.7 3121.65
77 51203 3122
78 51201.3 3122.35
79 51199.6 3122.69
80 51197.9 3123.04
