26 1.67284 -1.17586
27 1132.99 -14013.2
28 880.158 -11140.9
29 542.257 -5994
30 537.324 -6089.1
31 550.995 -6137.44
32 546.407 -6093.93
33 546.304 -6093.93
34 546.179 -6091.58
35 546.071 -6090.33
36 546.036 -6089.19
37 545.978 -6088.24
38 545.981 -6087.58
39 545.964 -6087.09
40 545.954 -6086.77
41 545.998 -6086.41
42 546.016 -6086.28
43 546.064 -6086.1
44 546.095 -6086.12
45 546.139 -6086.15
46 546.183 -6086.21
47 546.236 -6086.36
48 546.286 -6086.52
49 546.338 -6086.73
50 546.394 -6086.95
51 546.455 -6087.18
52 546.51 -6087.45
53 546.568 -6087.74
54 546.633 -6088.03
55 546.696 -6088.36
56 546.759 -6088.69
57 546.825 -6089.01
58 546.894 -6089.34
59 546.965 -6089.63
60 547.029 -6089.98
61 547.096 -6090.31
62 547.166 -6090.63
63 547.233 -6090.98
64 547.299 -6091.33
65 547.366 -6091.68
66 547.433 -6092.03
67 547.5 -6092.38
68 547.566 -6092.74
69 547.633 -6093.09
70 547.7 -6093.44
71 547.767 -6093.79
72 547.834 -6094.14
73 547.9 -6094.5
74 547.967 -6094.85
75 548.033 -6095.2
76 548.1 -6095.55
77 548.166 -6095.9
78 548.232 -6096.24
79 548.298 -6096.59
80 548.364 -6096.93
