26 1.46607e-11 -7.20876e-09
27 3.40913e-07 -2.18485e-05
28 3.6335e-07 -1.64551e-05
29 4.60188e-07 2.63442e-06
30 4.58147e-07 2.69836e-06
31 4.57655e-07 2.67015e-06
32 4.57674e-07 2.65907e-06
33 4.57579e-07 2.65894e-06
34 4.57496e-07 2.65797e-06
35 4.57433e-07 2.65771e-06
36 4.5738e-07 2.65724e-06
37 4.57327e-07 2.657e-06
38 4.57287e-07 2.65674e-06
39 4.57244e-07 2.65668e-06
40 4.57212e-07 2.65673e-06
41 4.57185e-07 2.65652e-06
42 4.57151e-07 2.65658e-06
43 4.57121e-07 2.65649e-06
44 4.57095e-07 2.65662e-06
45 4.5707e-07 2.6567e-06
46 4.57042e-07 2.6568e-06
47 4.5702e-07 2.65693e-06
48 4.56998e-07 2.65708e-06
49 4.56975e-07 2.65726e-06
50 4.56953e-07 2.65743e-06
51 4.56931e-07 2.65758e-06
52 4.56911e-07 2.6578e-06
53 4.5689e-07 2.65801e-06
54 4.56871e-07 2.65819e-06
55 4.56854e-07 2.65842e-06
56 4.56836e-07 2.65864e-06
57 4.56818e-07 2.65884e-06
58 4.56801e-07 2.65904e-06
59 4.56785e-07 2.6592e-06
60 4.56768e-07 2.65942e-06
61 4.56751e-07 2.65963e-06
62 4.56735e-07 2.65982e-06
63 4.56718e-07 2.66003e-06
64 4.56702e-07 2.66026e-06
65 4.56686e-07 2.66047e-06
66 4.56669e-07 2.66068e-06
67 4.56653e-07 2.6609e-06
68 4.56637e-07 2.66112e-06
69 4.56621e-07 2.66133e-06
70 4.56605e-07 2.66155e-06
71 4.56589e-07 2.66176e-06
72 4.56574e-07 2.66198e-06
73 4.56558e-07 2.66219e-06
74 4.56543e-07 2.6624e-06
75 4.56527e-07 2.66261e-06
76 4.56512e-07 2.66283e-06
77 4.56497e-07 2.66304e-06
78 4.56482e-07 2.66324e-06
79 4.56467e-07 2.66345e-06
80 4.56452e-07 2.66366e-06
