26 4.11166e-11 -5.61504e-10
27 1.15386e-08 -1.09802e-05
28 9.25016e-09 -8.6065e-06
29 4.62148e-09 -5.0991e-06
30 4.73841e-09 -5.10165e-06
31 4.73567e-09 -5.20161e-06
32 4.70678e-09 -5.15958e-06
33 4.70696e-09 -5.15906e-06
34 4.70487e-09 -5.15756e-06
35 4.70392e-09 -5.15652e-06
36 4.7028e-09 -5.15595e-06
37 4.70199e-09 -5.1553e-06
38 4.70128e-09 -5.1551e-06
39 4.7008e-09 -5.15485e-06
40 4.70049e-09 -5.15468e-06
41 4.69995e-09 -5.15483e-06
42 4.69975e-09 -5.1549e-06
43 4.69939e-09 -5.15512e-06
44 4.6993e-09 -5.15531e-06
45 4.69918e-09 -5.15558e-06
46 4.69909e-09 -5.15586e-06
47 4.69907e-09 -5.15622e-06
48 4.69906e-09 -5.15658e-06
49 4.69911e-09 -5.15695e-06
50 4.69915e-09 -5.15735e-06
51 4.69918e-09 -5.15779e-06
52 4.69928e-09 -5.15819e-06
53 4.69938e-09 -5.15863e-06
54 4.69947e-09 -5.15911e-06
55 4.6996e-09 -5.15959e-06
56 4.69974e-09 -5.16007e-06
57 4.69985e-09 -5.16056e-06
58 4.69997e-09 -5.16108e-06
59 4.70003e-09 -5.16159e-06
60 4.70017e-09 -5.16208e-06
61 4.7003e-09 -5.16259e-06
62 4.7004e-09 -5.1631e-06
63 4.70054e-09 -5.16361e-06
64 4.70069e-09 -5.16411e-06
65 4.70083e-09 -5.16462e-06
66 4.70097e-09 -5.16513e-06
67 4.70112e-09 -5.16564e-06
68 4.70126e-09 -5.16615e-06
69 4.70141e-09 -5.16666e-06
70 4.70155e-09 -5.16716e-06
71 4.7017e-09 -5.16767e-06
72 4.70184e-09 -5.16818e-06
73 4.70199e-09 -5.16869e-06
74 4.70214e-09 -5.16919e-06
75 4.70228e-09 -5.1697e-06
76 4.70242e-09 -5.1702e-06
77 4.70257e-09 -5.17071e-06
78 4.70271e-09 -5.17121e-06
79 4.70285e-09 -5.17171e-06
80 4.70299e-09 -5.17221e-06
