26 -3.46385e-11 4.70581e-10
27 4.70121e-08 5.95207e-06
28 3.71133e-08 4.69027e-06
29 2.06852e-08 2.57711e-06
30 2.08153e-08 2.57965e-06
31 2.10984e-08 2.61711e-06
32 2.09437e-08 2.59897e-06
33 2.09418e-08 2.59852e-06
34 2.0935e-08 2.59777e-06
35 2.09308e-08 2.59726e-06
36 2.09279e-08 2.59696e-06
37 2.0925e-08 2.59664e-06
38 2.09236e-08 2.59652e-06
39 2.09223e-08 2.59638e-06
40 2.09215e-08 2.5963e-06
41 2.09214e-08 2.59635e-06
42 2.09213e-08 2.59637e-06
43 2.09216e-08 2.59646e-06
44 2.09221e-08 2.59654e-06
45 2.09228e-08 2.59666e-06
46 2.09235e-08 2.59678e-06
47 2.09246e-08 2.59695e-06
48 2.09257e-08 2.59711e-06
49 2.09268e-08 2.59728e-06
50 2.09281e-08 2.59746e-06
51 2.09295e-08 2.59766e-06
52 2.09308e-08 2.59785e-06
53 2.09322e-08 2.59806e-06
54 2.09338e-08 2.59828e-06
55 2.09354e-08 2.5985e-06
56 2.0937e-08 2.59873e-06
57 2.09386e-08 2.59896e-06
58 2.09403e-08 2.5992e-06
59 2.09419e-08 2.59943e-06
60 2.09436e-08 2.59966e-06
61 2.09452e-08 2.5999e-06
62 2.09469e-08 2.60014e-06
63 2.09486e-08 2.60037e-06
64 2.09503e-08 2.60061e-06
65 2.0952e-08 2.60085e-06
66 2.09537e-08 2.60109e-06
67 2.09554e-08 2.60132e-06
68 2.09571e-08 2.60156e-06
69 2.09588e-08 2.6018e-06
70 2.09605e-08 2.60204e-06
71 2.09622e-08 2.60228e-06
72 2.09639e-08 2.60252e-06
73 2.09656e-08 2.60275e-06
74 2.09673e-08 2.60299e-06
75 2.0969e-08 2.60323e-06
76 2.09707e-08 2.60346e-06
77 2.09724e-08 2.6037e-06
78 2.09741e-08 2.60394e-06
79 2.09757e-08 2.60417e-06
80 2.09774e-08 2.60441e-06
