26 -3.3669e-11 1.00148e-09
27 3.79633e-08 1.45351e-06
28 2.99214e-08 1.1148e-06
29 1.68595e-08 6.75279e-07
30 1.69356e-08 6.51132e-07
31 1.71889e-08 6.73582e-07
32 1.70608e-08 6.68733e-07
33 1.70591e-08 6.68356e-07
34 1.70538e-08 6.68326e-07
35 1.70503e-08 6.68206e-07
36 1.70481e-08 6.68251e-07
37 1.70458e-08 6.68218e-07
38 1.70448e-08 6.68296e-07
39 1.70438e-08 6.68311e-07
40 1.70432e-08 6.68324e-07
41 1.70433e-08 6.6847e-07
42 1.70433e-08 6.68529e-07
43 1.70437e-08 6.6866e-07
44 1.70441e-08 6.68732e-07
45 1.70448e-08 6.68834e-07
46 1.70455e-08 6.68932e-07
47 1.70464e-08 6.6904e-07
48 1.70474e-08 6.69144e-07
49 1.70484e-08 6.69244e-07
50 1.70495e-08 6.69352e-07
51 1.70507e-08 6.69473e-07
52 1.70519e-08 6.69573e-07
53 1.70531e-08 6.6968e-07
54 1.70545e-08 6.69802e-07
55 1.70559e-08 6.69916e-07
56 1.70573e-08 6.70031e-07
57 1.70587e-08 6.70152e-07
58 1.70601e-08 6.70281e-07
59 1.70615e-08 6.70417e-07
60 1.7063e-08 6.70533e-07
61 1.70644e-08 6.70656e-07
62 1.70659e-08 6.70788e-07
63 1.70673e-08 6.70909e-07
64 1.70688e-08 6.71028e-07
65 1.70703e-08 6.71149e-07
66 1.70717e-08 6.71271e-07
67 1.70732e-08 6.71392e-07
68 1.70747e-08 6.71513e-07
69 1.70761e-08 6.71633e-07
70 1.70776e-08 6.71754e-07
71 1.70791e-08 6.71875e-07
72 1.70805e-08 6.71996e-07
73 1.7082e-08 6.72117e-07
74 1.70834e-08 6.72238e-07
75 1.70849e-08 6.72358e-07
76 1.70864e-08 6.72478e-07
77 1.70878e-08 6.72599e-07
78 1.70893e-08 6.72719e-07
79 1.70907e-08 6.72839e-07
80 1.70922e-08 6.72959e-07
