26 6.13446e-11 -3.6984e-10
27 3.41005e-07 4.13556e-05
28 3.61367e-07 3.42326e-05
29 4.60293e-07 2.70918e-06
30 4.58252e-07 2.72482e-06
31 4.5776e-07 2.73046e-06
32 4.57778e-07 2.71864e-06
33 4.57684e-07 2.71792e-06
34 4.576e-07 2.71728e-06
35 4.57538e-07 2.71695e-06
36 4.57485e-07 2.71673e-06
37 4.57432e-07 2.71654e-06
38 4.57392e-07 2.71651e-06
39 4.57349e-07 2.7165e-06
40 4.57317e-07 2.71656e-06
41 4.5729e-07 2.71666e-06
42 4.57256e-07 2.71679e-06
43 4.57226e-07 2.71695e-06
44 4.57199e-07 2.71715e-06
45 4.57175e-07 2.71736e-06
46 4.57147e-07 2.71758e-06
47 4.57125e-07 2.71784e-06
48 4.57103e-07 2.71809e-06
49 4.5708e-07 2.71836e-06
50 4.57057e-07 2.71864e-06
51 4.57036e-07 2.71893e-06
52 4.57015e-07 2.71922e-06
53 4.56995e-07 2.71952e-06
54 4.56976e-07 2.71983e-06
55 4.56958e-07 2.72016e-06
56 4.56941e-07 2.72048e-06
57 4.56923e-07 2.7208e-06
58 4.56906e-07 2.72113e-06
59 4.56889e-07 2.72144e-06
60 4.56873e-07 2.72177e-06
61 4.56856e-07 2.7221e-06
62 4.5684e-07 2.72242e-06
63 4.56823e-07 2.72275e-06
64 4.56807e-07 2.72308e-06
65 4.5679e-07 2.72341e-06
66 4.56774e-07 2.72374e-06
67 4.56758e-07 2.72407e-06
68 4.56742e-07 2.7244e-06
69 4.56726e-07 2.72473e-06
70 4.5671e-07 2.72506e-06
71 4.56694e-07 2.72539e-06
72 4.56678e-07 2.72572e-06
73 4.56663e-07 2.72605e-06
74 4.56647e-07 2.72638e-06
75 4.56632e-07 2.72671e-06
76 4.56617e-07 2.72703e-06
77 4.56602e-07 2.72736e-06
78 4.56587e-07 2.72769e-06
79 4.56572e-07 2.72801e-06
80 4.56557e-07 2.72834e-06
