26 -3.91549 1.20218
27 3695.72 -1194.91
28 2910.04 -991.373
29 1650.28 -450.901
30 1656.03 -492.787
31 1682.08 -478.981
32 1669.44 -475.782
33 1669.27 -476.15
34 1668.75 -475.739
35 1668.42 -475.625
36 1668.21 -475.365
37 1667.99 -475.221
38 1667.9 -475.019
39 1667.81 -474.912
40 1667.75 -474.838
41 1667.76 -474.625
42 1667.77 -474.541
43 1667.81 -474.376
44 1667.86 -474.308
45 1667.93 -474.213
46 1668.01 -474.125
47 1668.1 -474.045
48 1668.2 -473.971
49 1668.31 -473.909
50 1668.42 -473.843
51 1668.54 -473.765
52 1668.66 -473.715
53 1668.79 -473.661
54 1668.92 -473.594
55 1669.06 -473.542
56 1669.2 -473.489
57 1669.35 -473.427
58 1669.49 -473.361
59 1669.64 -473.278
60 1669.78 -473.227
61 1669.93 -473.167
62 1670.08 -473.095
63 1670.22 -473.039
64 1670.37 -472.985
65 1670.52 -472.929
66 1670.67 -472.873
67 1670.81 -472.818
68 1670.96 -472.763
69 1671.11 -472.708
70 1671.26 -472.653
71 1671.41 -472.598
72 1671.56 -472.542
73 1671.7 -472.488
74 1671.85 -472.433
75 1672 -472.377
76 1672.14 -472.322
77 1672.29 -472.267
78 1672.44 -472.212
79 1672.58 -472.156
80 1672.73 -472.101
