26 -4.00155e-11 -5.06999e-10
27 2.25814e-08 -6.26008e-06
28 1.77296e-08 -4.9984e-06
29 1.0248e-08 -2.64234e-06
30 1.02531e-08 -2.70182e-06
31 1.04377e-08 -2.71396e-06
32 1.03573e-08 -2.6949e-06
33 1.0356e-08 -2.69508e-06
34 1.0353e-08 -2.69393e-06
35 1.0351e-08 -2.69337e-06
36 1.03498e-08 -2.69278e-06
37 1.03485e-08 -2.69232e-06
38 1.03481e-08 -2.69196e-06
39 1.03476e-08 -2.6917e-06
40 1.03473e-08 -2.69153e-06
41 1.03475e-08 -2.69128e-06
42 1.03477e-08 -2.69119e-06
43 1.03481e-08 -2.69103e-06
44 1.03484e-08 -2.691e-06
45 1.0349e-08 -2.69097e-06
46 1.03495e-08 -2.69095e-06
47 1.03502e-08 -2.69097e-06
48 1.03509e-08 -2.69099e-06
49 1.03516e-08 -2.69105e-06
50 1.03524e-08 -2.6911e-06
51 1.03533e-08 -2.69116e-06
52 1.03541e-08 -2.69124e-06
53 1.03549e-08 -2.69132e-06
54 1.03559e-08 -2.69141e-06
55 1.03568e-08 -2.69151e-06
56 1.03578e-08 -2.69162e-06
57 1.03587e-08 -2.69172e-06
58 1.03597e-08 -2.69182e-06
59 1.03607e-08 -2.69189e-06
60 1.03617e-08 -2.692e-06
61 1.03627e-08 -2.69211e-06
62 1.03637e-08 -2.6922e-06
63 1.03647e-08 -2.69231e-06
64 1.03657e-08 -2.69243e-06
65 1.03667e-08 -2.69254e-06
66 1.03677e-08 -2.69265e-06
67 1.03687e-08 -2.69276e-06
68 1.03697e-08 -2.69288e-06
69 1.03707e-08 -2.69299e-06
70 1.03717e-08 -2.6931e-06
71 1.03727e-08 -2.69322e-06
72 1.03737e-08 -2.69333e-06
73 1.03747e-08 -2.69345e-06
74 1.03757e-08 -2.69356e-06
75 1.03767e-08 -2.69367e-06
76 1.03777e-08 -2.69378e-06
77 1.03787e-08 -2.6939e-06
78 1.03797e-08 -2.69401e-06
79 1.03807e-08 -2.69412e-06
80 1.03817e-08 -2.69423e-06
