26 2.90789e-11 -3.05475e-10
27 1.88884e-08 -7.54967e-06
28 1.50556e-08 -5.89758e-06
29 7.84619e-09 -3.59192e-06
30 7.98444e-09 -3.5846e-06
31 8.02519e-09 -3.66422e-06
32 7.97218e-09 -3.63344e-06
33 7.97208e-09 -3.63305e-06
34 7.96893e-09 -3.63205e-06
35 7.96731e-09 -3.63132e-06
36 7.96573e-09 -3.63096e-06
37 7.96447e-09 -3.63052e-06
38 7.96354e-09 -3.63043e-06
39 7.96286e-09 -3.63027e-06
40 7.96242e-09 -3.63016e-06
41 7.96185e-09 -3.63032e-06
42 7.96163e-09 -3.63039e-06
43 7.96132e-09 -3.6306e-06
44 7.96131e-09 -3.63076e-06
45 7.96129e-09 -3.63098e-06
46 7.96131e-09 -3.6312e-06
47 7.96146e-09 -3.63149e-06
48 7.96161e-09 -3.63176e-06
49 7.96183e-09 -3.63205e-06
50 7.96207e-09 -3.63236e-06
51 7.96231e-09 -3.6327e-06
52 7.96262e-09 -3.63301e-06
53 7.96294e-09 -3.63335e-06
54 7.96327e-09 -3.63371e-06
55 7.96365e-09 -3.63408e-06
56 7.96404e-09 -3.63444e-06
57 7.9644e-09 -3.63482e-06
58 7.96477e-09 -3.63521e-06
59 7.96509e-09 -3.63561e-06
60 7.96549e-09 -3.63598e-06
61 7.96587e-09 -3.63636e-06
62 7.96623e-09 -3.63676e-06
63 7.96664e-09 -3.63714e-06
64 7.96704e-09 -3.63752e-06
65 7.96745e-09 -3.63791e-06
66 7.96785e-09 -3.6383e-06
67 7.96826e-09 -3.63868e-06
68 7.96867e-09 -3.63907e-06
69 7.96908e-09 -3.63945e-06
70 7.96949e-09 -3.63984e-06
71 7.96989e-09 -3.64022e-06
72 7.9703e-09 -3.64061e-06
73 7.97071e-09 -3.64099e-06
74 7.97112e-09 -3.64138e-06
75 7.97152e-09 -3.64176e-06
76 7.97193e-09 -3.64214e-06
77 7.97233e-09 -3.64252e-06
78 7.97274e-09 -3.6429e-06
79 7.97314e-09 -3.64328e-06
80 7.97354e-09 -3.64366e-06
