26 4.60683 14.0648
27 39000.9 12689.7
28 40525.6 8919.29
29 51617.3 3167.43
30 51388.4 3153.27
31 51333.2 3182.28
32 51335.3 3168.19
33 51324.6 3166.97
34 51315.3 3166.46
35 51308.3 3166.03
36 51302.4 3165.96
37 51296.4 3165.76
38 51291.9 3165.89
39 51287.1 3165.91
40 51283.5 3165.97
41 51280.5 3166.3
42 51276.6 3166.5
43 51273.3 3166.85
44 51270.3 3167.12
45 51267.5 3167.45
46 51264.5 3167.78
47 51262 3168.16
48 51259.5 3168.53
49 51256.9 3168.9
50 51254.4 3169.29
51 51252 3169.71
52 51249.7 3170.1
53 51247.4 3170.51
54 51245.2 3170.95
55 51243.3 3171.38
56 51241.3 3171.82
57 51239.3 3172.26
58 51237.4 3172.73
59 51235.5 3173.2
60 51233.7 3173.64
61 51231.8 3174.1
62 51230 3174.57
63 51228.1 3175.02
64 51226.3 3175.47
65 51224.4 3175.93
66 51222.6 3176.38
67 51220.8 3176.84
68 51219 3177.29
69 51217.2 3177.75
70 51215.4 3178.2
71 51213.6 3178.66
72 51211.9 3179.11
73 51210.1 3179.57
74 51208.4 3180.02
75 51206.7 3180.48
76 51205 3180.93
77 51203.3 3181.38
78 51201.6 3181.84
79 51199.9 3182.29
80 51198.2 3182.74
