26 1.83647e-11 -2.03448e-09
27 5.72157e-09 -1.44462e-05
28 4.38486e-09 -1.14759e-05
29 2.94014e-09 -6.19607e-06
30 2.88013e-09 -6.28699e-06
31 2.97879e-09 -6.34097e-06
32 2.95196e-09 -6.29591e-06
33 2.95118e-09 -6.29584e-06
34 2.95072e-09 -6.29345e-06
35 2.95015e-09 -6.29217e-06
36 2.95013e-09 -6.29102e-06
37 2.94989e-09 -6.29006e-06
38 2.95005e-09 -6.28941e-06
39 2.95003e-09 -6.28892e-06
40 2.95003e-09 -6.28859e-06
41 2.95046e-09 -6.28826e-06
42 2.95063e-09 -6.28814e-06
43 2.95105e-09 -6.28799e-06
44 2.95129e-09 -6.28803e-06
45 2.95163e-09 -6.28809e-06
46 2.95197e-09 -6.28817e-06
47 2.95235e-09 -6.28834e-06
48 2.95271e-09 -6.28852e-06
49 2.95308e-09 -6.28876e-06
50 2.95347e-09 -6.289e-06
51 2.9539e-09 -6.28926e-06
52 2.95427e-09 -6.28955e-06
53 2.95467e-09 -6.28987e-06
54 2.95511e-09 -6.29019e-06
55 2.95554e-09 -6.29055e-06
56 2.95596e-09 -6.29091e-06
57 2.95641e-09 -6.29126e-06
58 2.95688e-09 -6.29162e-06
59 2.95738e-09 -6.29194e-06
60 2.95781e-09 -6.29231e-06
61 2.95826e-09 -6.29268e-06
62 2.95874e-09 -6.29303e-06
63 2.95919e-09 -6.29341e-06
64 2.95964e-09 -6.29379e-06
65 2.96009e-09 -6.29417e-06
66 2.96054e-09 -6.29455e-06
67 2.96098e-09 -6.29493e-06
68 2.96143e-09 -6.29531e-06
69 2.96188e-09 -6.2957e-06
70 2.96233e-09 -6.29608e-06
71 2.96278e-09 -6.29646e-06
72 2.96323e-09 -6.29684e-06
73 2.96367e-09 -6.29722e-06
74 2.96412e-09 -6.2976e-06
75 2.96457e-09 -6.29798e-06
76 2.96502e-09 -6.29836e-06
77 2.96546e-09 -6.29874e-06
78 2.96591e-09 -6.29911e-06
79 2.96635e-09 -6.29949e-06
80 2.96679e-09 -6.29986e-06
