26 3.56266e-12 -5.5093e-10
27 1.67853e-08 -8.88775e-06
28 1.31403e-08 -7.07852e-06
29 7.7409e-09 -3.78014e-06
30 7.72252e-09 -3.85026e-06
31 7.87857e-09 -3.87537e-06
32 7.81645e-09 -3.84803e-06
33 7.81532e-09 -3.84813e-06
34 7.8132e-09 -3.84658e-06
35 7.81165e-09 -3.84578e-06
36 7.81089e-09 -3.84501e-06
37 7.80996e-09 -3.84439e-06
38 7.80975e-09 -3.84393e-06
39 7.8094e-09 -3.8436e-06
40 7.80918e-09 -3.84338e-06
41 7.80952e-09 -3.8431e-06
42 7.80966e-09 -3.843e-06
43 7.81009e-09 -3.84284e-06
44 7.81042e-09 -3.84283e-06
45 7.81088e-09 -3.84283e-06
46 7.81136e-09 -3.84284e-06
47 7.81196e-09 -3.8429e-06
48 7.81254e-09 -3.84298e-06
49 7.81314e-09 -3.84309e-06
50 7.81379e-09 -3.8432e-06
51 7.81451e-09 -3.84332e-06
52 7.81517e-09 -3.84347e-06
53 7.81587e-09 -3.84363e-06
54 7.81664e-09 -3.84378e-06
55 7.81741e-09 -3.84397e-06
56 7.81818e-09 -3.84416e-06
57 7.81898e-09 -3.84433e-06
58 7.81981e-09 -3.84451e-06
59 7.82064e-09 -3.84466e-06
60 7.82142e-09 -3.84486e-06
61 7.82224e-09 -3.84505e-06
62 7.82307e-09 -3.84522e-06
63 7.82389e-09 -3.84542e-06
64 7.82469e-09 -3.84561e-06
65 7.82551e-09 -3.84581e-06
66 7.82632e-09 -3.846e-06
67 7.82714e-09 -3.8462e-06
68 7.82795e-09 -3.8464e-06
69 7.82877e-09 -3.8466e-06
70 7.82958e-09 -3.8468e-06
71 7.8304e-09 -3.847e-06
72 7.83121e-09 -3.84719e-06
73 7.83202e-09 -3.84739e-06
74 7.83283e-09 -3.84759e-06
75 7.83364e-09 -3.84778e-06
76 7.83445e-09 -3.84798e-06
77 7.83526e-09 -3.84818e-06
78 7.83607e-09 -3.84837e-06
79 7.83687e-09 -3.84856e-06
80 7.83768e-09 -3.84876e-06
