26 -3.66286 1.03493
27 4805.22 4442.66
28 3790.5 3482.41
29 2123.6 1954.96
30 2135.15 1942.38
31 2165.57 1978.51
32 2149.57 1964.61
33 2149.37 1964.12
34 2148.68 1963.65
35 2148.25 1963.27
36 2147.96 1963.12
37 2147.67 1962.9
38 2147.53 1962.87
39 2147.4 1962.8
40 2147.32 1962.76
41 2147.32 1962.87
42 2147.32 1962.92
43 2147.36 1963.05
44 2147.41 1963.14
45 2147.49 1963.28
46 2147.57 1963.41
47 2147.68 1963.57
48 2147.8 1963.73
49 2147.92 1963.89
50 2148.06 1964.07
51 2148.2 1964.26
52 2148.34 1964.43
53 2148.5 1964.62
54 2148.66 1964.82
55 2148.83 1965.03
56 2149 1965.23
57 2149.17 1965.44
58 2149.35 1965.66
59 2149.52 1965.88
60 2149.69 1966.09
61 2149.87 1966.31
62 2150.05 1966.53
63 2150.23 1966.75
64 2150.41 1966.96
65 2150.59 1967.17
66 2150.76 1967.39
67 2150.94 1967.6
68 2151.12 1967.82
69 2151.3 1968.03
70 2151.48 1968.25
71 2151.66 1968.47
72 2151.84 1968.68
73 2152.02 1968.9
74 2152.2 1969.11
75 2152.38 1969.33
76 2152.56 1969.54
77 2152.73 1969.75
78 2152.91 1969.97
79 2153.09 1970.18
80 2153.27 1970.39
