26 -3.89173 0.610873
27 5231.68 6589.52
28 4129.73 5190.35
29 2302.75 2857.42
30 2317.04 2858.52
31 2348.71 2901.01
32 2331.47 2880.87
33 2331.26 2880.35
34 2330.51 2879.53
35 2330.04 2878.97
36 2329.71 2878.64
37 2329.39 2878.28
38 2329.24 2878.16
39 2329.09 2878.02
40 2329 2877.93
41 2328.99 2877.99
42 2328.98 2878.02
43 2329.02 2878.12
44 2329.07 2878.22
45 2329.15 2878.35
46 2329.23 2878.5
47 2329.35 2878.68
48 2329.47 2878.86
49 2329.6 2879.06
50 2329.74 2879.26
51 2329.9 2879.49
52 2330.04 2879.71
53 2330.21 2879.94
54 2330.38 2880.18
55 2330.56 2880.44
56 2330.74 2880.69
57 2330.92 2880.95
58 2331.11 2881.22
59 2331.29 2881.49
60 2331.47 2881.74
61 2331.66 2882.01
62 2331.84 2882.28
63 2332.03 2882.55
64 2332.22 2882.82
65 2332.41 2883.08
66 2332.6 2883.35
67 2332.79 2883.62
68 2332.98 2883.89
69 2333.17 2884.16
70 2333.36 2884.42
71 2333.55 2884.69
72 2333.74 2884.96
73 2333.93 2885.23
74 2334.12 2885.5
75 2334.31 2885.76
76 2334.5 2886.03
77 2334.69 2886.3
78 2334.87 2886.56
79 2335.06 2886.83
80 2335.25 2887.09
