26 -6.09522e-11 1.0367e-09
27 2.70447e-08 -3.80722e-06
28 2.12651e-08 -3.05575e-06
29 1.21735e-08 -1.58321e-06
30 1.21978e-08 -1.63222e-06
31 1.24036e-08 -1.63271e-06
32 1.23092e-08 -1.62134e-06
33 1.23077e-08 -1.62158e-06
34 1.23041e-08 -1.6208e-06
35 1.23016e-08 -1.62046e-06
36 1.23001e-08 -1.62004e-06
37 1.22986e-08 -1.61974e-06
38 1.2298e-08 -1.61946e-06
39 1.22973e-08 -1.61928e-06
40 1.22969e-08 -1.61916e-06
41 1.22971e-08 -1.61894e-06
42 1.22972e-08 -1.61885e-06
43 1.22977e-08 -1.6187e-06
44 1.22981e-08 -1.61866e-06
45 1.22986e-08 -1.6186e-06
46 1.22992e-08 -1.61855e-06
47 1.23e-08 -1.61853e-06
48 1.23008e-08 -1.61851e-06
49 1.23016e-08 -1.61851e-06
50 1.23025e-08 -1.61851e-06
51 1.23034e-08 -1.61851e-06
52 1.23043e-08 -1.61853e-06
53 1.23053e-08 -1.61855e-06
54 1.23064e-08 -1.61857e-06
55 1.23075e-08 -1.6186e-06
56 1.23085e-08 -1.61864e-06
57 1.23096e-08 -1.61866e-06
58 1.23108e-08 -1.61869e-06
59 1.23119e-08 -1.61869e-06
60 1.2313e-08 -1.61873e-06
61 1.23141e-08 -1.61876e-06
62 1.23153e-08 -1.61877e-06
63 1.23164e-08 -1.61881e-06
64 1.23176e-08 -1.61885e-06
65 1.23187e-08 -1.61888e-06
66 1.23198e-08 -1.61892e-06
67 1.2321e-08 -1.61895e-06
68 1.23221e-08 -1.61899e-06
69 1.23233e-08 -1.61903e-06
70 1.23244e-08 -1.61906e-06
71 1.23255e-08 -1.6191e-06
72 1.23267e-08 -1.61914e-06
73 1.23278e-08 -1.61917e-06
74 1.2329e-08 -1.61921e-06
75 1.23301e-08 -1.61925e-06
76 1.23312e-08 -1.61928e-06
77 1.23324e-08 -1.61932e-06
78 1.23335e-08 -1.61935e-06
79 1.23346e-08 -1.61939e-06
80 1.23357e-08 -1.61942e-06
