26 -2.27073e-11 8.5192e-09
27 3.40976e-07 3.66734e-05
28 3.63389e-07 2.88275e-05
29 4.60258e-07 2.69421e-06
30 4.58217e-07 2.7195e-06
31 4.57724e-07 2.71838e-06
32 4.57743e-07 2.7067e-06
33 4.57648e-07 2.7061e-06
34 4.57565e-07 2.7054e-06
35 4.57503e-07 2.70508e-06
36 4.5745e-07 2.70481e-06
37 4.57397e-07 2.70461e-06
38 4.57356e-07 2.70454e-06
39 4.57314e-07 2.70452e-06
40 4.57282e-07 2.70457e-06
41 4.57255e-07 2.70461e-06
42 4.5722e-07 2.70473e-06
43 4.57191e-07 2.70484e-06
44 4.57164e-07 2.70502e-06
45 4.57139e-07 2.70521e-06
46 4.57112e-07 2.7054e-06
47 4.5709e-07 2.70563e-06
48 4.57068e-07 2.70587e-06
49 4.57044e-07 2.70612e-06
50 4.57022e-07 2.70638e-06
51 4.57001e-07 2.70664e-06
52 4.5698e-07 2.70692e-06
53 4.5696e-07 2.7072e-06
54 4.56941e-07 2.70748e-06
55 4.56923e-07 2.70779e-06
56 4.56906e-07 2.70809e-06
57 4.56887e-07 2.70839e-06
58 4.56871e-07 2.70869e-06
59 4.56854e-07 2.70897e-06
60 4.56838e-07 2.70928e-06
61 4.5682e-07 2.70958e-06
62 4.56805e-07 2.70988e-06
63 4.56788e-07 2.71019e-06
64 4.56772e-07 2.7105e-06
65 4.56755e-07 2.7108e-06
66 4.56739e-07 2.71111e-06
67 4.56722e-07 2.71142e-06
68 4.56706e-07 2.71172e-06
69 4.5669e-07 2.71203e-06
70 4.56674e-07 2.71234e-06
71 4.56659e-07 2.71264e-06
72 4.56643e-07 2.71295e-06
73 4.56628e-07 2.71326e-06
74 4.56612e-07 2.71356e-06
75 4.56597e-07 2.71387e-06
76 4.56582e-07 2.71417e-06
77 4.56566e-07 2.71447e-06
78 4.56551e-07 2.71478e-06
79 4.56536e-07 2.71508e-06
80 4.56521e-07 2.71538e-06
