26 -3.72154 1.13054
27 4502.06 2930.38
28 3549.72 2281.2
29 1994.99 1313.15
30 2004.82 1292.05
31 2034.16 1322.75
32 2019.07 1313.36
33 2018.87 1312.91
34 2018.23 1312.67
35 2017.83 1312.43
36 2017.56 1312.38
37 2017.29 1312.27
38 2017.17 1312.3
39 2017.05 1312.28
40 2016.97 1312.27
41 2016.97 1312.41
42 2016.97 1312.47
43 2017.01 1312.62
44 2017.07 1312.71
45 2017.14 1312.83
46 2017.22 1312.95
47 2017.33 1313.09
48 2017.44 1313.23
49 2017.56 1313.37
50 2017.69 1313.52
51 2017.83 1313.68
52 2017.97 1313.82
53 2018.11 1313.98
54 2018.27 1314.15
55 2018.43 1314.31
56 2018.59 1314.48
57 2018.76 1314.65
58 2018.93 1314.83
59 2019.09 1315.02
60 2019.26 1315.19
61 2019.43 1315.36
62 2019.6 1315.55
63 2019.77 1315.72
64 2019.94 1315.89
65 2020.11 1316.07
66 2020.28 1316.24
67 2020.45 1316.42
68 2020.62 1316.59
69 2020.79 1316.77
70 2020.97 1316.94
71 2021.14 1317.12
72 2021.31 1317.29
73 2021.48 1317.46
74 2021.65 1317.64
75 2021.82 1317.81
76 2021.99 1317.98
77 2022.16 1318.16
78 2022.33 1318.33
79 2022.5 1318.5
80 2022.67 1318.68
