26 -3.9418 0.140583
27 5543.59 8210.62
28 4378.84 6485.15
29 2430.51 3522.41
30 2447.41 3536.87
31 2479.48 3581.59
32 2461.39 3557.06
33 2461.19 3556.55
34 2460.38 3555.45
35 2459.89 3554.75
36 2459.53 3554.28
37 2459.19 3553.81
38 2459.02 3553.6
39 2458.86 3553.39
40 2458.76 3553.26
41 2458.74 3553.27
42 2458.73 3553.27
43 2458.76 3553.34
44 2458.81 3553.44
45 2458.89 3553.57
46 2458.97 3553.71
47 2459.09 3553.9
48 2459.21 3554.09
49 2459.34 3554.3
50 2459.49 3554.52
51 2459.64 3554.76
52 2459.8 3555
53 2459.96 3555.25
54 2460.14 3555.52
55 2460.32 3555.81
56 2460.51 3556.09
57 2460.69 3556.37
58 2460.89 3556.67
59 2461.07 3556.96
60 2461.26 3557.24
61 2461.45 3557.54
62 2461.65 3557.84
63 2461.84 3558.13
64 2462.04 3558.43
65 2462.23 3558.73
66 2462.42 3559.02
67 2462.62 3559.32
68 2462.82 3559.62
69 2463.01 3559.92
70 2463.21 3560.22
71 2463.4 3560.52
72 2463.6 3560.82
73 2463.79 3561.11
74 2463.99 3561.41
75 2464.18 3561.71
76 2464.38 3562.01
77 2464.57 3562.3
78 2464.77 3562.6
79 2464.96 3562.89
80 2465.15 3563.19
