26 4.1011e-11 3.17359e-09
27 3.40878e-07 1.07608e-05
28 3.63336e-07 8.48439e-06
29 4.60153e-07 2.66779e-06
30 4.58113e-07 2.71044e-06
31 4.5762e-07 2.69715e-06
32 4.57639e-07 2.68574e-06
33 4.57544e-07 2.68535e-06
34 4.57461e-07 2.68453e-06
35 4.57399e-07 2.68424e-06
36 4.57346e-07 2.68388e-06
37 4.57293e-07 2.68367e-06
38 4.57252e-07 2.68351e-06
39 4.57209e-07 2.68347e-06
40 4.57177e-07 2.68352e-06
41 4.57151e-07 2.68345e-06
42 4.57116e-07 2.68354e-06
43 4.57087e-07 2.68356e-06
44 4.5706e-07 2.68372e-06
45 4.57035e-07 2.68386e-06
46 4.57008e-07 2.68401e-06
47 4.56986e-07 2.6842e-06
48 4.56964e-07 2.68439e-06
49 4.5694e-07 2.68461e-06
50 4.56918e-07 2.68483e-06
51 4.56896e-07 2.68504e-06
52 4.56876e-07 2.68529e-06
53 4.56856e-07 2.68554e-06
54 4.56836e-07 2.68578e-06
55 4.56819e-07 2.68605e-06
56 4.56802e-07 2.68632e-06
57 4.56783e-07 2.68657e-06
58 4.56767e-07 2.68683e-06
59 4.5675e-07 2.68705e-06
60 4.56733e-07 2.68732e-06
61 4.56716e-07 2.68758e-06
62 4.567e-07 2.68783e-06
63 4.56684e-07 2.6881e-06
64 4.56667e-07 2.68837e-06
65 4.56651e-07 2.68863e-06
66 4.56634e-07 2.6889e-06
67 4.56618e-07 2.68917e-06
68 4.56602e-07 2.68943e-06
69 4.56586e-07 2.6897e-06
70 4.5657e-07 2.68996e-06
71 4.56554e-07 2.69023e-06
72 4.56539e-07 2.69049e-06
73 4.56523e-07 2.69076e-06
74 4.56508e-07 2.69102e-06
75 4.56493e-07 2.69128e-06
76 4.56477e-07 2.69155e-06
77 4.56462e-07 2.69181e-06
78 4.56447e-07 2.69207e-06
79 4.56432e-07 2.69233e-06
80 4.56417e-07 2.69258e-06
