26 3.11975 2.9658
27 38236.6 46195.6
28 40751.9 39636.4
29 51617 3107.51
30 51388.1 3131.05
31 51332.8 3133.63
32 51334.9 3120.13
33 51324.3 3119.37
34 51315 3118.6
35 51308 3118.22
36 51302.1 3117.95
37 51296.1 3117.72
38 51291.6 3117.66
39 51286.8 3117.64
40 51283.2 3117.7
41 51280.2 3117.79
42 51276.3 3117.94
43 51273 3118.09
44 51270 3118.3
45 51267.2 3118.53
46 51264.2 3118.77
47 51261.7 3119.05
48 51259.2 3119.34
49 51256.6 3119.64
50 51254.1 3119.95
51 51251.7 3120.26
52 51249.4 3120.59
53 51247.1 3120.92
54 51244.9 3121.27
55 51243 3121.63
56 51241 3121.98
57 51239 3122.34
58 51237.1 3122.7
59 51235.2 3123.05
60 51233.4 3123.41
61 51231.5 3123.77
62 51229.7 3124.13
63 51227.8 3124.5
64 51226 3124.87
65 51224.1 3125.23
66 51222.3 3125.6
67 51220.5 3125.96
68 51218.7 3126.33
69 51216.9 3126.7
70 51215.1 3127.06
71 51213.3 3127.43
72 51211.6 3127.79
73 51209.8 3128.16
74 51208.1 3128.52
75 51206.4 3128.88
76 51204.7 3129.25
77 51203 3129.61
78 51201.3 3129.97
79 51199.6 3130.33
80 51197.9 3130.69
