26 -4.78144e-11 1.03122e-09
27 2.93023e-08 -2.90162e-06
28 2.30539e-08 -2.33827e-06
29 1.31458e-08 -1.19297e-06
30 1.31801e-08 -1.23797e-06
31 1.33962e-08 -1.23428e-06
32 1.32948e-08 -1.22573e-06
33 1.32933e-08 -1.22601e-06
34 1.32893e-08 -1.22536e-06
35 1.32867e-08 -1.2251e-06
36 1.3285e-08 -1.22474e-06
37 1.32833e-08 -1.2245e-06
38 1.32827e-08 -1.22425e-06
39 1.32819e-08 -1.2241e-06
40 1.32815e-08 -1.224e-06
41 1.32817e-08 -1.22379e-06
42 1.32818e-08 -1.22371e-06
43 1.32822e-08 -1.22356e-06
44 1.32826e-08 -1.22351e-06
45 1.32832e-08 -1.22344e-06
46 1.32838e-08 -1.22338e-06
47 1.32846e-08 -1.22334e-06
48 1.32854e-08 -1.22331e-06
49 1.32863e-08 -1.22329e-06
50 1.32872e-08 -1.22328e-06
51 1.32882e-08 -1.22325e-06
52 1.32892e-08 -1.22325e-06
53 1.32902e-08 -1.22325e-06
54 1.32913e-08 -1.22324e-06
55 1.32925e-08 -1.22325e-06
56 1.32936e-08 -1.22326e-06
57 1.32948e-08 -1.22326e-06
58 1.3296e-08 -1.22325e-06
59 1.32972e-08 -1.22323e-06
60 1.32984e-08 -1.22324e-06
61 1.32996e-08 -1.22324e-06
62 1.33008e-08 -1.22324e-06
63 1.3302e-08 -1.22324e-06
64 1.33032e-08 -1.22325e-06
65 1.33044e-08 -1.22326e-06
66 1.33056e-08 -1.22327e-06
67 1.33068e-08 -1.22328e-06
68 1.3308e-08 -1.22328e-06
69 1.33092e-08 -1.22329e-06
70 1.33105e-08 -1.2233e-06
71 1.33117e-08 -1.22331e-06
72 1.33129e-08 -1.22332e-06
73 1.33141e-08 -1.22333e-06
74 1.33153e-08 -1.22334e-06
75 1.33165e-08 -1.22334e-06
76 1.33177e-08 -1.22335e-06
77 1.33189e-08 -1.22336e-06
78 1.33201e-08 -1.22337e-06
79 1.33213e-08 -1.22338e-06
80 1.33225e-08 -1.22338e-06
