26 -3.48356 0.410889
27 5438.39 7754.67
28 4303.32 6162.74
29 2360.09 3201.08
30 2381.14 3236.52
31 2408.8 3259.62
32 2391.54 3238.96
33 2391.37 3238.63
34 2390.56 3237.49
35 2390.08 3236.85
36 2389.71 3236.3
37 2389.37 3235.83
38 2389.18 3235.54
39 2389.02 3235.31
40 2388.92 3235.16
41 2388.86 3235.03
42 2388.85 3234.98
43 2388.85 3234.94
44 2388.89 3234.97
45 2388.95 3235.02
46 2389.02 3235.08
47 2389.12 3235.19
48 2389.23 3235.3
49 2389.34 3235.43
50 2389.47 3235.58
51 2389.61 3235.73
52 2389.75 3235.89
53 2389.9 3236.06
54 2390.05 3236.24
55 2390.22 3236.44
56 2390.39 3236.64
57 2390.56 3236.83
58 2390.73 3237.04
59 2390.89 3237.22
60 2391.07 3237.43
61 2391.24 3237.63
62 2391.41 3237.83
63 2391.59 3238.04
64 2391.76 3238.25
65 2391.94 3238.46
66 2392.12 3238.67
67 2392.3 3238.88
68 2392.47 3239.09
69 2392.65 3239.3
70 2392.83 3239.51
71 2393.01 3239.72
72 2393.18 3239.93
73 2393.36 3240.14
74 2393.54 3240.36
75 2393.72 3240.56
76 2393.89 3240.77
77 2394.07 3240.98
78 2394.24 3241.19
79 2394.42 3241.4
80 2394.59 3241.61
