26 6.41608e-11 -3.31803e-10
27 3.40641e-07 4.0086e-05
28 3.61335e-07 2.96689e-05
29 4.60285e-07 2.71695e-06
30 4.58244e-07 2.72777e-06
31 4.57751e-07 2.73678e-06
32 4.5777e-07 2.72489e-06
33 4.57675e-07 2.72411e-06
34 4.57592e-07 2.7235e-06
35 4.5753e-07 2.72317e-06
36 4.57477e-07 2.72298e-06
37 4.57424e-07 2.72279e-06
38 4.57383e-07 2.72278e-06
39 4.57341e-07 2.72278e-06
40 4.57308e-07 2.72283e-06
41 4.57282e-07 2.72297e-06
42 4.57247e-07 2.72311e-06
43 4.57218e-07 2.72329e-06
44 4.57191e-07 2.72349e-06
45 4.57166e-07 2.72372e-06
46 4.57139e-07 2.72395e-06
47 4.57117e-07 2.72422e-06
48 4.57095e-07 2.72449e-06
49 4.57071e-07 2.72477e-06
50 4.57049e-07 2.72506e-06
51 4.57027e-07 2.72536e-06
52 4.57007e-07 2.72566e-06
53 4.56987e-07 2.72597e-06
54 4.56967e-07 2.72629e-06
55 4.5695e-07 2.72662e-06
56 4.56933e-07 2.72696e-06
57 4.56914e-07 2.72729e-06
58 4.56898e-07 2.72763e-06
59 4.56881e-07 2.72796e-06
60 4.56864e-07 2.7283e-06
61 4.56847e-07 2.72864e-06
62 4.56831e-07 2.72898e-06
63 4.56815e-07 2.72932e-06
64 4.56798e-07 2.72966e-06
65 4.56782e-07 2.73e-06
66 4.56765e-07 2.73034e-06
67 4.56749e-07 2.73068e-06
68 4.56733e-07 2.73102e-06
69 4.56717e-07 2.73137e-06
70 4.56701e-07 2.73171e-06
71 4.56686e-07 2.73205e-06
72 4.5667e-07 2.73239e-06
73 4.56654e-07 2.73273e-06
74 4.56639e-07 2.73307e-06
75 4.56624e-07 2.73341e-06
76 4.56608e-07 2.73375e-06
77 4.56593e-07 2.73408e-06
78 4.56578e-07 2.73442e-06
79 4.56563e-07 2.73476e-06
80 4.56548e-07 2.7351e-06
