26 4.86226 -1.04662
27 1035.46 -13885.8
28 832.732 -10891.7
29 404.199 -6415.78
30 416.526 -6422.56
31 414.733 -6544.78
32 412.331 -6492.34
33 412.36 -6491.7
34 412.165 -6489.79
35 412.08 -6488.48
36 411.972 -6487.74
37 411.896 -6486.92
38 411.824 -6486.66
39 411.778 -6486.32
40 411.748 -6486.11
41 411.689 -6486.28
42 411.666 -6486.35
43 411.625 -6486.62
44 411.613 -6486.85
45 411.596 -6487.18
46 411.582 -6487.52
47 411.574 -6487.96
48 411.567 -6488.39
49 411.566 -6488.85
50 411.564 -6489.34
51 411.56 -6489.89
52 411.564 -6490.39
53 411.568 -6490.93
54 411.57 -6491.52
55 411.576 -6492.11
56 411.583 -6492.71
57 411.587 -6493.31
58 411.591 -6493.95
59 411.589 -6494.58
60 411.597 -6495.19
61 411.602 -6495.81
62 411.605 -6496.45
63 411.611 -6497.08
64 411.619 -6497.7
65 411.626 -6498.33
66 411.632 -6498.96
67 411.64 -6499.59
68 411.647 -6500.22
69 411.654 -6500.85
70 411.661 -6501.47
71 411.669 -6502.1
72 411.676 -6502.73
73 411.683 -6503.36
74 411.69 -6503.99
75 411.697 -6504.61
76 411.705 -6505.24
77 411.712 -6505.86
78 411.719 -6506.48
79 411.726 -6507.1
80 411.733 -6507.72
