26 5.60698 -3.71009
27 144.889 -18420.7
28 128.424 -14475.3
29 2652.2 -8405.22
30 24.0893 -8421.37
31 -507.271 -8564.55
32 -680.608 -8498.07
33 -687.349 -8497.21
34 -684.606 -8494.62
35 -681.819 -8492.91
36 -677.85 -8491.89
37 -673.359 -8490.79
38 -668.546 -8490.39
39 -663.396 -8489.93
40 -658.035 -8489.64
41 -652.466 -8489.78
42 -646.633 -8489.85
43 -640.71 -8490.14
44 -634.729 -8490.41
45 -628.704 -8490.8
46 -622.554 -8491.21
47 -616.435 -8491.76
48 -610.288 -8492.29
49 -604.068 -8492.86
50 -597.854 -8493.47
51 -591.624 -8494.14
52 -585.446 -8494.76
53 -579.256 -8495.44
54 -573.079 -8496.18
55 -566.938 -8496.92
56 -560.825 -8497.67
57 -554.715 -8498.43
58 -548.657 -8499.22
59 -542.635 -8500
60 -536.657 -8500.77
61 -530.678 -8501.55
62 -524.753 -8502.34
63 -518.849 -8503.13
64 -512.985 -8503.91
65 -507.152 -8504.7
66 -501.356 -8505.49
67 -495.597 -8506.28
68 -489.873 -8507.07
69 -484.189 -8507.86
70 -478.543 -8508.65
71 -472.933 -8509.44
72 -467.361 -8510.23
73 -461.828 -8511.01
74 -456.332 -8511.8
75 -450.872 -8512.58
76 -445.451 -8513.37
77 -440.067 -8514.15
78 -434.72 -8514.93
79 -429.41 -8515.71
80 -424.138 -8516.49
