26 3.07718e-11 3.47309e-09
27 3.47678e-07 4.69273e-06
28 3.61276e-07 3.18521e-06
29 4.60149e-07 2.76291e-06
30 4.58108e-07 2.74576e-06
31 4.57616e-07 2.77438e-06
32 4.57634e-07 2.76205e-06
33 4.5754e-07 2.76093e-06
34 4.57456e-07 2.76052e-06
35 4.57394e-07 2.76014e-06
36 4.57341e-07 2.7601e-06
37 4.57288e-07 2.75994e-06
38 4.57248e-07 2.76006e-06
39 4.57205e-07 2.76009e-06
40 4.57173e-07 2.76014e-06
41 4.57146e-07 2.76046e-06
42 4.57112e-07 2.76065e-06
43 4.57082e-07 2.76097e-06
44 4.57055e-07 2.76121e-06
45 4.57031e-07 2.76151e-06
46 4.57003e-07 2.76181e-06
47 4.56981e-07 2.76216e-06
48 4.56959e-07 2.76249e-06
49 4.56936e-07 2.76282e-06
50 4.56914e-07 2.76317e-06
51 4.56892e-07 2.76355e-06
52 4.56871e-07 2.7639e-06
53 4.56851e-07 2.76426e-06
54 4.56832e-07 2.76466e-06
55 4.56815e-07 2.76504e-06
56 4.56797e-07 2.76543e-06
57 4.56779e-07 2.76583e-06
58 4.56762e-07 2.76625e-06
59 4.56745e-07 2.76668e-06
60 4.56729e-07 2.76707e-06
61 4.56712e-07 2.76748e-06
62 4.56696e-07 2.7679e-06
63 4.56679e-07 2.76831e-06
64 4.56663e-07 2.76871e-06
65 4.56646e-07 2.76912e-06
66 4.5663e-07 2.76952e-06
67 4.56614e-07 2.76993e-06
68 4.56598e-07 2.77034e-06
69 4.56582e-07 2.77075e-06
70 4.56566e-07 2.77115e-06
71 4.5655e-07 2.77156e-06
72 4.56534e-07 2.77197e-06
73 4.56519e-07 2.77237e-06
74 4.56503e-07 2.77278e-06
75 4.56488e-07 2.77319e-06
76 4.56473e-07 2.77359e-06
77 4.56458e-07 2.774e-06
78 4.56443e-07 2.77441e-06
79 4.56428e-07 2.77481e-06
80 4.56413e-07 2.77522e-06
