26 4.4422e-11 4.55965e-09
27 3.47678e-07 5.96917e-06
28 3.61276e-07 4.10515e-06
29 4.6015e-07 2.76136e-06
30 4.58109e-07 2.74518e-06
31 4.57616e-07 2.77312e-06
32 4.57635e-07 2.7608e-06
33 4.5754e-07 2.7597e-06
34 4.57457e-07 2.75928e-06
35 4.57395e-07 2.7589e-06
36 4.57342e-07 2.75886e-06
37 4.57289e-07 2.75869e-06
38 4.57248e-07 2.75882e-06
39 4.57206e-07 2.75884e-06
40 4.57174e-07 2.75889e-06
41 4.57147e-07 2.75921e-06
42 4.57112e-07 2.75939e-06
43 4.57083e-07 2.75971e-06
44 4.57056e-07 2.75995e-06
45 4.57031e-07 2.76025e-06
46 4.57004e-07 2.76054e-06
47 4.56982e-07 2.76088e-06
48 4.5696e-07 2.76121e-06
49 4.56936e-07 2.76154e-06
50 4.56914e-07 2.76189e-06
51 4.56893e-07 2.76227e-06
52 4.56872e-07 2.76261e-06
53 4.56852e-07 2.76298e-06
54 4.56833e-07 2.76337e-06
55 4.56815e-07 2.76375e-06
56 4.56798e-07 2.76414e-06
57 4.56779e-07 2.76454e-06
58 4.56763e-07 2.76495e-06
59 4.56746e-07 2.76538e-06
60 4.5673e-07 2.76577e-06
61 4.56712e-07 2.76617e-06
62 4.56697e-07 2.76659e-06
63 4.5668e-07 2.767e-06
64 4.56664e-07 2.7674e-06
65 4.56647e-07 2.7678e-06
66 4.56631e-07 2.76821e-06
67 4.56614e-07 2.76861e-06
68 4.56598e-07 2.76902e-06
69 4.56582e-07 2.76942e-06
70 4.56566e-07 2.76983e-06
71 4.56551e-07 2.77023e-06
72 4.56535e-07 2.77064e-06
73 4.5652e-07 2.77104e-06
74 4.56504e-07 2.77145e-06
75 4.56489e-07 2.77185e-06
76 4.56473e-07 2.77226e-06
77 4.56458e-07 2.77266e-06
78 4.56443e-07 2.77306e-06
79 4.56428e-07 2.77347e-06
80 4.56413e-07 2.77387e-06
