26 -3.26738e-11 9.734e-10
27 4.09279e-08 2.8958e-06
28 3.22747e-08 2.25967e-06
29 1.81223e-08 1.28974e-06
30 1.82143e-08 1.27328e-06
31 1.84789e-08 1.30128e-06
32 1.83419e-08 1.29208e-06
33 1.83401e-08 1.29167e-06
34 1.83343e-08 1.29142e-06
35 1.83306e-08 1.29117e-06
36 1.83282e-08 1.29111e-06
37 1.83257e-08 1.29098e-06
38 1.83246e-08 1.291e-06
39 1.83235e-08 1.29097e-06
40 1.83228e-08 1.29095e-06
41 1.83228e-08 1.29107e-06
42 1.83228e-08 1.29112e-06
43 1.83232e-08 1.29124e-06
44 1.83237e-08 1.29132e-06
45 1.83243e-08 1.29143e-06
46 1.8325e-08 1.29154e-06
47 1.8326e-08 1.29167e-06
48 1.8327e-08 1.2918e-06
49 1.83281e-08 1.29192e-06
50 1.83293e-08 1.29206e-06
51 1.83305e-08 1.29221e-06
52 1.83318e-08 1.29234e-06
53 1.83331e-08 1.29248e-06
54 1.83345e-08 1.29263e-06
55 1.8336e-08 1.29279e-06
56 1.83374e-08 1.29294e-06
57 1.83389e-08 1.2931e-06
58 1.83404e-08 1.29326e-06
59 1.83419e-08 1.29344e-06
60 1.83434e-08 1.29359e-06
61 1.8345e-08 1.29375e-06
62 1.83465e-08 1.29392e-06
63 1.8348e-08 1.29408e-06
64 1.83496e-08 1.29424e-06
65 1.83511e-08 1.2944e-06
66 1.83527e-08 1.29457e-06
67 1.83542e-08 1.29473e-06
68 1.83558e-08 1.29489e-06
69 1.83573e-08 1.29505e-06
70 1.83589e-08 1.29521e-06
71 1.83604e-08 1.29537e-06
72 1.8362e-08 1.29553e-06
73 1.83635e-08 1.29569e-06
74 1.83651e-08 1.29586e-06
75 1.83666e-08 1.29602e-06
76 1.83681e-08 1.29618e-06
77 1.83697e-08 1.29634e-06
78 1.83712e-08 1.2965e-06
79 1.83727e-08 1.29666e-06
80 1.83743e-08 1.29682e-06
