26 2.54867 -4.94836
27 38237.8 -15877
28 40756.3 -11850
29 51617.5 3037.68
30 51388.6 3105.15
31 51333.3 3076.95
32 51335.4 3064.12
33 51324.8 3063.9
34 51315.5 3062.83
35 51308.5 3062.51
36 51302.5 3062
37 51296.6 3061.74
38 51292 3061.47
39 51287.3 3061.4
40 51283.7 3061.46
41 51280.7 3061.26
42 51276.8 3061.34
43 51273.5 3061.26
44 51270.5 3061.42
45 51267.7 3061.53
46 51264.6 3061.66
47 51262.2 3061.83
48 51259.7 3062.01
49 51257.1 3062.23
50 51254.6 3062.44
51 51252.2 3062.64
52 51249.8 3062.89
53 51247.6 3063.14
54 51245.4 3063.37
55 51243.5 3063.64
56 51241.5 3063.91
57 51239.5 3064.16
58 51237.6 3064.4
59 51235.7 3064.6
60 51233.9 3064.88
61 51231.9 3065.13
62 51230.2 3065.36
63 51228.3 3065.62
64 51226.4 3065.89
65 51224.6 3066.15
66 51222.8 3066.41
67 51220.9 3066.68
68 51219.1 3066.94
69 51217.3 3067.2
70 51215.6 3067.46
71 51213.8 3067.73
72 51212 3067.99
73 51210.3 3068.25
74 51208.6 3068.5
75 51206.8 3068.76
76 51205.1 3069.02
77 51203.4 3069.27
78 51201.7 3069.53
79 51200.1 3069.78
80 51198.4 3070.03
