26 -3.66132 0.0105414
27 2706.93 -5770.89
28 2153.07 -4484.58
29 1138.91 -2847.81
30 1155.98 -2831.72
31 1164.16 -2905.42
32 1156.27 -2879.64
33 1156.23 -2879.32
34 1155.79 -2878.58
35 1155.56 -2878
36 1155.34 -2877.78
37 1155.17 -2877.45
38 1155.05 -2877.42
39 1154.95 -2877.32
40 1154.89 -2877.25
41 1154.83 -2877.44
42 1154.8 -2877.52
43 1154.77 -2877.74
44 1154.78 -2877.89
45 1154.78 -2878.1
46 1154.8 -2878.31
47 1154.83 -2878.57
48 1154.86 -2878.82
49 1154.9 -2879.08
50 1154.94 -2879.36
51 1154.98 -2879.66
52 1155.03 -2879.94
53 1155.09 -2880.23
54 1155.15 -2880.55
55 1155.21 -2880.87
56 1155.27 -2881.19
57 1155.33 -2881.52
58 1155.4 -2881.87
59 1155.45 -2882.22
60 1155.52 -2882.54
61 1155.58 -2882.88
62 1155.64 -2883.23
63 1155.71 -2883.57
64 1155.78 -2883.9
65 1155.85 -2884.24
66 1155.91 -2884.57
67 1155.98 -2884.91
68 1156.05 -2885.25
69 1156.11 -2885.58
70 1156.18 -2885.92
71 1156.25 -2886.26
72 1156.32 -2886.59
73 1156.38 -2886.93
74 1156.45 -2887.26
75 1156.52 -2887.6
76 1156.58 -2887.93
77 1156.65 -2888.27
78 1156.72 -2888.6
79 1156.78 -2888.93
80 1156.85 -2889.26
