26 -6.01211e-11 1.37173e-08
27 3.47726e-07 2.49673e-05
28 3.61292e-07 1.77973e-05
29 4.60197e-07 2.73786e-06
30 4.58156e-07 2.73614e-06
31 4.57664e-07 2.75394e-06
32 4.57683e-07 2.74185e-06
33 4.57588e-07 2.74092e-06
34 4.57505e-07 2.7404e-06
35 4.57442e-07 2.74005e-06
36 4.57389e-07 2.73992e-06
37 4.57336e-07 2.73975e-06
38 4.57296e-07 2.7398e-06
39 4.57253e-07 2.73981e-06
40 4.57221e-07 2.73986e-06
41 4.57194e-07 2.74008e-06
42 4.5716e-07 2.74024e-06
43 4.5713e-07 2.74049e-06
44 4.57104e-07 2.74071e-06
45 4.57079e-07 2.74097e-06
46 4.57051e-07 2.74123e-06
47 4.57029e-07 2.74153e-06
48 4.57007e-07 2.74183e-06
49 4.56984e-07 2.74213e-06
50 4.56962e-07 2.74245e-06
51 4.5694e-07 2.74279e-06
52 4.5692e-07 2.74311e-06
53 4.56899e-07 2.74344e-06
54 4.5688e-07 2.7438e-06
55 4.56863e-07 2.74415e-06
56 4.56845e-07 2.74451e-06
57 4.56827e-07 2.74487e-06
58 4.5681e-07 2.74525e-06
59 4.56794e-07 2.74562e-06
60 4.56777e-07 2.74598e-06
61 4.5676e-07 2.74635e-06
62 4.56744e-07 2.74673e-06
63 4.56727e-07 2.7471e-06
64 4.56711e-07 2.74747e-06
65 4.56695e-07 2.74784e-06
66 4.56678e-07 2.74821e-06
67 4.56662e-07 2.74858e-06
68 4.56646e-07 2.74895e-06
69 4.5663e-07 2.74932e-06
70 4.56614e-07 2.7497e-06
71 4.56598e-07 2.75007e-06
72 4.56583e-07 2.75044e-06
73 4.56567e-07 2.75081e-06
74 4.56552e-07 2.75118e-06
75 4.56536e-07 2.75155e-06
76 4.56521e-07 2.75191e-06
77 4.56506e-07 2.75228e-06
78 4.56491e-07 2.75265e-06
79 4.56476e-07 2.75302e-06
80 4.56461e-07 2.75339e-06
