26 1.87799 -1.68264
27 886.845 -15305.3
28 685.322 -12163
29 435.182 -6556.13
30 429.343 -6655.97
31 441.723 -6711.1
32 437.921 -6663.47
33 437.826 -6663.43
34 437.737 -6660.88
35 437.651 -6659.52
36 437.633 -6658.29
37 437.59 -6657.26
38 437.601 -6656.56
39 437.591 -6656.03
40 437.586 -6655.68
41 437.632 -6655.31
42 437.651 -6655.18
43 437.698 -6655
44 437.727 -6655.03
45 437.768 -6655.08
46 437.809 -6655.16
47 437.857 -6655.33
48 437.903 -6655.52
49 437.949 -6655.76
50 437.999 -6656.01
51 438.054 -6656.27
52 438.102 -6656.57
53 438.154 -6656.9
54 438.211 -6657.23
55 438.266 -6657.6
56 438.322 -6657.97
57 438.38 -6658.33
58 438.441 -6658.7
59 438.504 -6659.03
60 438.56 -6659.42
61 438.619 -6659.8
62 438.682 -6660.16
63 438.74 -6660.55
64 438.798 -6660.95
65 438.857 -6661.34
66 438.916 -6661.73
67 438.974 -6662.13
68 439.033 -6662.52
69 439.092 -6662.92
70 439.15 -6663.31
71 439.209 -6663.71
72 439.268 -6664.1
73 439.326 -6664.5
74 439.384 -6664.89
75 439.443 -6665.28
76 439.501 -6665.68
77 439.559 -6666.07
78 439.617 -6666.46
79 439.675 -6666.84
80 439.733 -6667.23
