26 1.49127e-11 -1.02284e-09
27 1.01148e-08 -1.21894e-05
28 7.8609e-09 -9.69091e-06
29 4.84864e-09 -5.2138e-06
30 4.80466e-09 -5.29653e-06
31 4.92653e-09 -5.33857e-06
32 4.88563e-09 -5.30073e-06
33 4.88472e-09 -5.30073e-06
34 4.8836e-09 -5.29868e-06
35 4.88264e-09 -5.2976e-06
36 4.88233e-09 -5.2966e-06
37 4.88181e-09 -5.29578e-06
38 4.88183e-09 -5.29521e-06
39 4.88168e-09 -5.29478e-06
40 4.88159e-09 -5.2945e-06
41 4.88199e-09 -5.29419e-06
42 4.88215e-09 -5.29407e-06
43 4.88257e-09 -5.29392e-06
44 4.88285e-09 -5.29394e-06
45 4.88324e-09 -5.29397e-06
46 4.88364e-09 -5.29402e-06
47 4.8841e-09 -5.29415e-06
48 4.88456e-09 -5.29429e-06
49 4.88502e-09 -5.29447e-06
50 4.88551e-09 -5.29466e-06
51 4.88606e-09 -5.29486e-06
52 4.88655e-09 -5.29509e-06
53 4.88707e-09 -5.29534e-06
54 4.88764e-09 -5.2956e-06
55 4.88821e-09 -5.29588e-06
56 4.88877e-09 -5.29617e-06
57 4.88936e-09 -5.29645e-06
58 4.88997e-09 -5.29674e-06
59 4.8906e-09 -5.29699e-06
60 4.89118e-09 -5.29729e-06
61 4.89177e-09 -5.29758e-06
62 4.8924e-09 -5.29786e-06
63 4.89299e-09 -5.29817e-06
64 4.89358e-09 -5.29847e-06
65 4.89418e-09 -5.29878e-06
66 4.89478e-09 -5.29908e-06
67 4.89537e-09 -5.29939e-06
68 4.89597e-09 -5.29969e-06
69 4.89656e-09 -5.3e-06
70 4.89716e-09 -5.3003e-06
71 4.89776e-09 -5.30061e-06
72 4.89835e-09 -5.30092e-06
73 4.89894e-09 -5.30122e-06
74 4.89954e-09 -5.30153e-06
75 4.90013e-09 -5.30183e-06
76 4.90072e-09 -5.30214e-06
77 4.90131e-09 -5.30244e-06
78 4.9019e-09 -5.30274e-06
79 4.90249e-09 -5.30304e-06
80 4.90308e-09 -5.30334e-06
