26 -3.48749e-11 5.12264e-12
27 5.02489e-08 7.54417e-06
28 3.97054e-08 5.96501e-06
29 2.19908e-08 3.22023e-06
30 2.21518e-08 3.23773e-06
31 2.24357e-08 3.27583e-06
32 2.22727e-08 3.25357e-06
33 2.22709e-08 3.25313e-06
34 2.22635e-08 3.2521e-06
35 2.2259e-08 3.25146e-06
36 2.22558e-08 3.25101e-06
37 2.22527e-08 3.25057e-06
38 2.22511e-08 3.25036e-06
39 2.22497e-08 3.25016e-06
40 2.22488e-08 3.25004e-06
41 2.22485e-08 3.25002e-06
42 2.22484e-08 3.25001e-06
43 2.22486e-08 3.25006e-06
44 2.22491e-08 3.25013e-06
45 2.22497e-08 3.25024e-06
46 2.22505e-08 3.25035e-06
47 2.22515e-08 3.25052e-06
48 2.22526e-08 3.25068e-06
49 2.22538e-08 3.25086e-06
50 2.22551e-08 3.25106e-06
51 2.22564e-08 3.25127e-06
52 2.22578e-08 3.25147e-06
53 2.22593e-08 3.25169e-06
54 2.22609e-08 3.25193e-06
55 2.22625e-08 3.25218e-06
56 2.22642e-08 3.25242e-06
57 2.22658e-08 3.25267e-06
58 2.22675e-08 3.25293e-06
59 2.22692e-08 3.25318e-06
60 2.22709e-08 3.25343e-06
61 2.22726e-08 3.25369e-06
62 2.22743e-08 3.25395e-06
63 2.2276e-08 3.25421e-06
64 2.22778e-08 3.25447e-06
65 2.22795e-08 3.25473e-06
66 2.22813e-08 3.25499e-06
67 2.2283e-08 3.25526e-06
68 2.22848e-08 3.25552e-06
69 2.22865e-08 3.25578e-06
70 2.22883e-08 3.25604e-06
71 2.229e-08 3.2563e-06
72 2.22918e-08 3.25657e-06
73 2.22935e-08 3.25683e-06
74 2.22952e-08 3.25709e-06
75 2.2297e-08 3.25735e-06
76 2.22987e-08 3.25761e-06
77 2.23005e-08 3.25787e-06
78 2.23022e-08 3.25813e-06
79 2.23039e-08 3.25839e-06
80 2.23056e-08 3.25865e-06
