26 -2.41436e-11 1.40453e-09
27 3.41485e-08 -4.68778e-08
28 2.70946e-08 2.06608e-08
29 1.45869e-08 -2.75293e-07
30 1.47619e-08 -2.50113e-07
31 1.48993e-08 -2.82083e-07
32 1.47954e-08 -2.76303e-07
33 1.47947e-08 -2.7623e-07
34 1.47894e-08 -2.76301e-07
35 1.47864e-08 -2.76241e-07
36 1.47839e-08 -2.76346e-07
37 1.47817e-08 -2.76359e-07
38 1.47803e-08 -2.76473e-07
39 1.47792e-08 -2.76513e-07
40 1.47785e-08 -2.76539e-07
41 1.47779e-08 -2.76705e-07
42 1.47777e-08 -2.76773e-07
43 1.47775e-08 -2.76919e-07
44 1.47777e-08 -2.76991e-07
45 1.47779e-08 -2.77093e-07
46 1.47782e-08 -2.77191e-07
47 1.47787e-08 -2.77295e-07
48 1.47792e-08 -2.77393e-07
49 1.47798e-08 -2.77485e-07
50 1.47805e-08 -2.77585e-07
51 1.47812e-08 -2.77698e-07
52 1.4782e-08 -2.77786e-07
53 1.47828e-08 -2.77882e-07
54 1.47836e-08 -2.77992e-07
55 1.47845e-08 -2.78091e-07
56 1.47855e-08 -2.78191e-07
57 1.47864e-08 -2.78299e-07
58 1.47873e-08 -2.78413e-07
59 1.47882e-08 -2.78538e-07
60 1.47891e-08 -2.78637e-07
61 1.47901e-08 -2.78745e-07
62 1.4791e-08 -2.78863e-07
63 1.4792e-08 -2.78968e-07
64 1.47929e-08 -2.79071e-07
65 1.47939e-08 -2.79176e-07
66 1.47949e-08 -2.79282e-07
67 1.47959e-08 -2.79386e-07
68 1.47968e-08 -2.79491e-07
69 1.47978e-08 -2.79595e-07
70 1.47988e-08 -2.79699e-07
71 1.47998e-08 -2.79804e-07
72 1.48008e-08 -2.79908e-07
73 1.48017e-08 -2.80012e-07
74 1.48027e-08 -2.80116e-07
75 1.48037e-08 -2.8022e-07
76 1.48047e-08 -2.80323e-07
77 1.48056e-08 -2.80426e-07
78 1.48066e-08 -2.8053e-07
79 1.48076e-08 -2.80633e-07
80 1.48085e-08 -2.80736e-07
