26 1.86377 14.885
27 38237.3 22557.6
28 40755.3 17544.8
29 51617 3077.55
30 51388.1 3119.94
31 51332.9 3109.31
32 51335 3096.09
33 51324.4 3095.57
34 51315 3094.67
35 51308 3094.32
36 51302.1 3093.94
37 51296.1 3093.7
38 51291.6 3093.55
39 51286.8 3093.51
40 51283.2 3093.57
41 51280.2 3093.54
42 51276.3 3093.65
43 51273 3093.71
44 51270 3093.9
45 51267.3 3094.08
46 51264.2 3094.27
47 51261.7 3094.5
48 51259.2 3094.74
49 51256.6 3095.01
50 51254.1 3095.27
51 51251.7 3095.54
52 51249.4 3095.83
53 51247.1 3096.13
54 51244.9 3096.42
55 51243 3096.75
56 51241.1 3097.07
57 51239 3097.38
58 51237.1 3097.69
59 51235.2 3097.97
60 51233.4 3098.3
61 51231.5 3098.61
62 51229.7 3098.91
63 51227.8 3099.24
64 51226 3099.56
65 51224.1 3099.88
66 51222.3 3100.2
67 51220.5 3100.53
68 51218.7 3100.85
69 51216.9 3101.17
70 51215.1 3101.49
71 51213.3 3101.81
72 51211.6 3102.13
73 51209.8 3102.45
74 51208.1 3102.77
75 51206.4 3103.09
76 51204.7 3103.4
77 51203 3103.72
78 51201.3 3104.04
79 51199.6 3104.35
80 51197.9 3104.66
