26 -1.79343e-11 -3.69272e-10
27 2.31975e-08 -5.48701e-06
28 1.84574e-08 -4.26957e-06
29 9.74268e-09 -2.68327e-06
30 9.89246e-09 -2.67046e-06
31 9.95952e-09 -2.73747e-06
32 9.89228e-09 -2.7135e-06
33 9.89201e-09 -2.7132e-06
34 9.88823e-09 -2.71249e-06
35 9.88623e-09 -2.71195e-06
36 9.88438e-09 -2.71172e-06
37 9.88286e-09 -2.71141e-06
38 9.8818e-09 -2.71137e-06
39 9.881e-09 -2.71127e-06
40 9.88049e-09 -2.7112e-06
41 9.87991e-09 -2.71136e-06
42 9.87969e-09 -2.71144e-06
43 9.8794e-09 -2.71163e-06
44 9.87944e-09 -2.71176e-06
45 9.87949e-09 -2.71195e-06
46 9.87958e-09 -2.71215e-06
47 9.87982e-09 -2.71238e-06
48 9.88007e-09 -2.71261e-06
49 9.8804e-09 -2.71285e-06
50 9.88076e-09 -2.7131e-06
51 9.88113e-09 -2.71338e-06
52 9.88155e-09 -2.71363e-06
53 9.88202e-09 -2.7139e-06
54 9.88248e-09 -2.7142e-06
55 9.88301e-09 -2.71449e-06
56 9.88355e-09 -2.71479e-06
57 9.88406e-09 -2.71509e-06
58 9.88459e-09 -2.71541e-06
59 9.88505e-09 -2.71573e-06
60 9.8856e-09 -2.71603e-06
61 9.88615e-09 -2.71634e-06
62 9.88666e-09 -2.71666e-06
63 9.88722e-09 -2.71697e-06
64 9.88779e-09 -2.71728e-06
65 9.88835e-09 -2.71759e-06
66 9.88891e-09 -2.7179e-06
67 9.88947e-09 -2.71821e-06
68 9.89004e-09 -2.71852e-06
69 9.89061e-09 -2.71883e-06
70 9.89117e-09 -2.71914e-06
71 9.89174e-09 -2.71945e-06
72 9.8923e-09 -2.71976e-06
73 9.89287e-09 -2.72007e-06
74 9.89343e-09 -2.72038e-06
75 9.89399e-09 -2.72069e-06
76 9.89456e-09 -2.72099e-06
77 9.89512e-09 -2.7213e-06
78 9.89568e-09 -2.72161e-06
79 9.89623e-09 -2.72191e-06
80 9.89679e-09 -2.72222e-06
