26 -1.49894e-12 5.97116e-09
27 3.40986e-07 3.80809e-05
28 3.63402e-07 3.10935e-05
29 4.60267e-07 2.69717e-06
30 4.58226e-07 2.72054e-06
31 4.57734e-07 2.72077e-06
32 4.57752e-07 2.70906e-06
33 4.57658e-07 2.70844e-06
34 4.57574e-07 2.70775e-06
35 4.57512e-07 2.70742e-06
36 4.57459e-07 2.70717e-06
37 4.57406e-07 2.70697e-06
38 4.57366e-07 2.7069e-06
39 4.57323e-07 2.70689e-06
40 4.57291e-07 2.70694e-06
41 4.57264e-07 2.70699e-06
42 4.5723e-07 2.70712e-06
43 4.572e-07 2.70723e-06
44 4.57174e-07 2.70742e-06
45 4.57149e-07 2.70761e-06
46 4.57121e-07 2.70781e-06
47 4.57099e-07 2.70805e-06
48 4.57077e-07 2.70829e-06
49 4.57054e-07 2.70854e-06
50 4.57032e-07 2.7088e-06
51 4.5701e-07 2.70907e-06
52 4.5699e-07 2.70935e-06
53 4.56969e-07 2.70964e-06
54 4.5695e-07 2.70993e-06
55 4.56933e-07 2.71023e-06
56 4.56915e-07 2.71054e-06
57 4.56897e-07 2.71084e-06
58 4.5688e-07 2.71115e-06
59 4.56863e-07 2.71144e-06
60 4.56847e-07 2.71175e-06
61 4.5683e-07 2.71206e-06
62 4.56814e-07 2.71236e-06
63 4.56797e-07 2.71267e-06
64 4.56781e-07 2.71299e-06
65 4.56764e-07 2.7133e-06
66 4.56748e-07 2.71361e-06
67 4.56732e-07 2.71392e-06
68 4.56716e-07 2.71423e-06
69 4.567e-07 2.71454e-06
70 4.56684e-07 2.71486e-06
71 4.56668e-07 2.71517e-06
72 4.56652e-07 2.71548e-06
73 4.56637e-07 2.71579e-06
74 4.56622e-07 2.7161e-06
75 4.56606e-07 2.71641e-06
76 4.56591e-07 2.71672e-06
77 4.56576e-07 2.71702e-06
78 4.56561e-07 2.71733e-06
79 4.56546e-07 2.71764e-06
80 4.56531e-07 2.71794e-06
