26 6.57897e-11 -7.22943e-10
27 3.42386e-07 4.08888e-05
28 3.61347e-07 3.14994e-05
29 4.6029e-07 2.71381e-06
30 4.58249e-07 2.72656e-06
31 4.57756e-07 2.73423e-06
32 4.57775e-07 2.72236e-06
33 4.5768e-07 2.7216e-06
34 4.57597e-07 2.72099e-06
35 4.57535e-07 2.72065e-06
36 4.57482e-07 2.72045e-06
37 4.57429e-07 2.72026e-06
38 4.57388e-07 2.72025e-06
39 4.57346e-07 2.72024e-06
40 4.57314e-07 2.72029e-06
41 4.57287e-07 2.72042e-06
42 4.57252e-07 2.72055e-06
43 4.57223e-07 2.72072e-06
44 4.57196e-07 2.72092e-06
45 4.57172e-07 2.72115e-06
46 4.57144e-07 2.72137e-06
47 4.57122e-07 2.72164e-06
48 4.571e-07 2.7219e-06
49 4.57076e-07 2.72218e-06
50 4.57054e-07 2.72246e-06
51 4.57033e-07 2.72276e-06
52 4.57012e-07 2.72305e-06
53 4.56992e-07 2.72336e-06
54 4.56973e-07 2.72368e-06
55 4.56955e-07 2.72401e-06
56 4.56938e-07 2.72434e-06
57 4.5692e-07 2.72466e-06
58 4.56903e-07 2.725e-06
59 4.56886e-07 2.72533e-06
60 4.5687e-07 2.72566e-06
61 4.56853e-07 2.72599e-06
62 4.56837e-07 2.72633e-06
63 4.5682e-07 2.72666e-06
64 4.56804e-07 2.727e-06
65 4.56787e-07 2.72734e-06
66 4.56771e-07 2.72767e-06
67 4.56755e-07 2.72801e-06
68 4.56738e-07 2.72835e-06
69 4.56722e-07 2.72868e-06
70 4.56707e-07 2.72902e-06
71 4.56691e-07 2.72935e-06
72 4.56675e-07 2.72969e-06
73 4.5666e-07 2.73003e-06
74 4.56644e-07 2.73036e-06
75 4.56629e-07 2.7307e-06
76 4.56614e-07 2.73103e-06
77 4.56598e-07 2.73136e-06
78 4.56583e-07 2.7317e-06
79 4.56568e-07 2.73203e-06
80 4.56553e-07 2.73236e-06
