10425.3 -0.02
20671.9 -0.04
29339 -0.06
34703.6 -0.08
37082 -0.1
37576.1 -0.12
37193.7 -0.14
36507.8 -0.16
35738.9 -0.18
34985.2 -0.2
34272.3 -0.22
33609.5 -0.24
33002.6 -0.26
32441 -0.28
31920.4 -0.3
31439.7 -0.32
30993.6 -0.34
30578.3 -0.36
30189.2 -0.38
29830.9 -0.4
29489 -0.42
29164.7 -0.44
28868.1 -0.46
28583.5 -0.48
28306.3 -0.5
28047 -0.52
27807.8 -0.54
27581.3 -0.56
27358.1 -0.58
27139.7 -0.6
26930.2 -0.62
26733.6 -0.64
26550.5 -0.66
26376.1 -0.68
26210.5 -0.7
26043.3 -0.72
25880.7 -0.74
25719.4 -0.76
25563.7 -0.78
25416.6 -0.8
25274.3 -0.82
25139.8 -0.84
25012.6 -0.86
24888.7 -0.88
24770.2 -0.9
24651.9 -0.92
24536.9 -0.94
24421.8 -0.96
24308.8 -0.98
24198.1 -1
24090.4 -1.02
23985.3 -1.04
23882.4 -1.06
23782.4 -1.08
23686.5 -1.1
23594.9 -1.12
23504.7 -1.14
23417.9 -1.16
23332.7 -1.18
23251.1 -1.2
23171.3 -1.22
23091 -1.24
23012.9 -1.26
22937.4 -1.28
22861.1 -1.3
22786.1 -1.32
22712.5 -1.34
22640 -1.36
22568.6 -1.38
22498 -1.4
22428.6 -1.42
22360.5 -1.44
22293.8 -1.46
22228 -1.48
22163.3 -1.5
22100.1 -1.52
22038.2 -1.54
21977.8 -1.56
21918.4 -1.58
21860.2 -1.6
21802.8 -1.62
21746.5 -1.64
21691.8 -1.66
21638.4 -1.68
21586.4 -1.7
21535.2 -1.72
21483.7 -1.74
21433.2 -1.76
21384 -1.78
21335.8 -1.8
21286.6 -1.82
21238.8 -1.84
21191.7 -1.86
21145.5 -1.88
21099.9 -1.9
21053.8 -1.92
21008.4 -1.94
20963.7 -1.96
20919.7 -1.98
20876.2 -2
20833.2 -2.02
20790.6 -2.04
20748.3 -2.06
20706.4 -2.08
20664.9 -2.1
20623.8 -2.12
20583.1 -2.14
20542.7 -2.16
20502.8 -2.18
20463.3 -2.2
20424.2 -2.22
20385.6 -2.24
20347.5 -2.26
20309.9 -2.28
20272.7 -2.3
20236.1 -2.32
20200 -2.34
20164.4 -2.36
20129.2 -2.38
20094.6 -2.4
20060.4 -2.42
20026.6 -2.44
19993.2 -2.46
19960.2 -2.48
19927.7 -2.5
19895.6 -2.52
19863.9 -2.54
19832.6 -2.56
19801.8 -2.58
19771.4 -2.6
19741.1 -2.62
19711.1 -2.64
19681.5 -2.66
19652.3 -2.68
19623.4 -2.7
19594.9 -2.72
19566.7 -2.74
19538.9 -2.76
19511.4 -2.78
19484.1 -2.8
19457 -2.82
19430.3 -2.84
19403.9 -2.86
19377.7 -2.88
19351.9 -2.9
19326.3 -2.92
19300.3 -2.94
19274.4 -2.96
19248.9 -2.98
19223.7 -3
19198.8 -3.02
19174.2 -3.04
19149.9 -3.06
19126 -3.08
19101.8 -3.1
19077.5 -3.12
19053.3 -3.14
19029 -3.16
19005 -3.18
18981.3 -3.2
18957.8 -3.22
18934.6 -3.24
18911.7 -3.26
18889 -3.28
18865.9 -3.3
18842.9 -3.32
18820.1 -3.34
18797.8 -3.36
18775.5 -3.38
18753.5 -3.4
18731.6 -3.42
18710 -3.44
18688.5 -3.46
18667.1 -3.48
18645.9 -3.5
18624.8 -3.52
18603.8 -3.54
18582.9 -3.56
18562.1 -3.58
18541.4 -3.6
18521 -3.62
18500.7 -3.64
18480.4 -3.66
18460.3 -3.68
18440.3 -3.7
18420.3 -3.72
18400.5 -3.74
18380.7 -3.76
18361 -3.78
18341.4 -3.8
18321.9 -3.82
18302.5 -3.84
18283.2 -3.86
18263.9 -3.88
18244.8 -3.9
18225.7 -3.92
18206.7 -3.94
18187.8 -3.96
18169 -3.98
18150.3 -4
18131.7 -4.02
