26 2.24272e-09 -4.66043e-08 -6.44565e-10
27 -2.9502e-06 -7.80713e-05 -5.49831e-06
28 -2.21639e-07 -6.11735e-05 -4.7247e-06
29 1.87039e-06 -7.06248e-05 -2.12758e-06
30 1.72192e-06 -6.92473e-05 -2.21917e-06
31 2.34827e-06 -7.04227e-05 -2.18247e-06
32 2.39391e-06 -7.01907e-05 -2.17569e-06
33 2.40776e-06 -7.02296e-05 -2.17571e-06
34 2.41926e-06 -7.02477e-05 -2.17433e-06
35 2.4319e-06 -7.0265e-05 -2.17377e-06
36 2.44482e-06 -7.02815e-05 -2.17281e-06
37 2.457e-06 -7.02955e-05 -2.17219e-06
38 2.47006e-06 -7.031e-05 -2.17141e-06
39 2.4831e-06 -7.03225e-05 -2.17095e-06
40 2.49507e-06 -7.03355e-05 -2.1706e-06
41 2.50807e-06 -7.03487e-05 -2.16978e-06
42 2.52105e-06 -7.03593e-05 -2.16941e-06
43 2.53464e-06 -7.03704e-05 -2.16878e-06
44 2.54757e-06 -7.03812e-05 -2.16847e-06
45 2.56089e-06 -7.03919e-05 -2.16808e-06
46 2.57421e-06 -7.04015e-05 -2.16772e-06
47 2.5876e-06 -7.04118e-05 -2.16738e-06
48 2.60092e-06 -7.04217e-05 -2.16707e-06
49 2.61417e-06 -7.0431e-05 -2.1668e-06
50 2.62748e-06 -7.04403e-05 -2.16651e-06
51 2.64092e-06 -7.04494e-05 -2.1662e-06
52 2.65425e-06 -7.04586e-05 -2.16597e-06
53 2.66756e-06 -7.04676e-05 -2.16573e-06
54 2.68104e-06 -7.04767e-05 -2.16546e-06
55 2.69424e-06 -7.04859e-05 -2.16523e-06
56 2.70757e-06 -7.04951e-05 -2.16501e-06
57 2.72098e-06 -7.0504e-05 -2.16475e-06
58 2.73457e-06 -7.05132e-05 -2.1645e-06
59 2.74819e-06 -7.05224e-05 -2.16418e-06
60 2.76165e-06 -7.05315e-05 -2.16398e-06
61 2.77516e-06 -7.05403e-05 -2.16374e-06
62 2.78874e-06 -7.05494e-05 -2.16347e-06
63 2.80228e-06 -7.05583e-05 -2.16325e-06
64 2.8158e-06 -7.05671e-05 -2.16304e-06
65 2.82935e-06 -7.05758e-05 -2.16282e-06
66 2.84291e-06 -7.05845e-05 -2.1626e-06
67 2.8565e-06 -7.05932e-05 -2.16239e-06
68 2.87007e-06 -7.06019e-05 -2.16219e-06
69 2.88366e-06 -7.06105e-05 -2.16198e-06
70 2.89726e-06 -7.06191e-05 -2.16177e-06
71 2.91089e-06 -7.06277e-05 -2.16157e-06
72 2.92451e-06 -7.06363e-05 -2.16137e-06
73 2.93816e-06 -7.06449e-05 -2.16117e-06
74 2.95183e-06 -7.06535e-05 -2.16097e-06
75 2.96547e-06 -7.0662e-05 -2.16077e-06
76 2.97912e-06 -7.06705e-05 -2.16058e-06
77 2.9928e-06 -7.0679e-05 -2.16039e-06
78 3.00649e-06 -7.06876e-05 -2.16019e-06
79 3.02017e-06 -7.0696e-05 -2.16e-06
80 3.03386e-06 -7.07045e-05 -2.15981e-06
