26 1.15798e-08 -4.29215e-08 -5.16164e-09
27 4.07353e-05 -1.63901e-05 -2.76138e-05
28 3.35541e-05 -1.40303e-05 -2.17294e-05
29 1.57013e-05 -4.49969e-05 -1.22312e-05
30 1.58493e-05 -4.36477e-05 -1.21665e-05
31 1.63398e-05 -4.44069e-05 -1.23265e-05
32 1.63272e-05 -4.43685e-05 -1.22522e-05
33 1.63397e-05 -4.44114e-05 -1.22478e-05
34 1.63468e-05 -4.44354e-05 -1.22443e-05
35 1.63577e-05 -4.4457e-05 -1.22416e-05
36 1.63691e-05 -4.44746e-05 -1.224e-05
37 1.63801e-05 -4.44908e-05 -1.22382e-05
38 1.63928e-05 -4.45046e-05 -1.22376e-05
39 1.64056e-05 -4.45173e-05 -1.22368e-05
40 1.64178e-05 -4.45301e-05 -1.22362e-05
41 1.64312e-05 -4.45406e-05 -1.22363e-05
42 1.64447e-05 -4.45498e-05 -1.22363e-05
43 1.64589e-05 -4.4558e-05 -1.22367e-05
44 1.64727e-05 -4.45668e-05 -1.2237e-05
45 1.6487e-05 -4.45749e-05 -1.22374e-05
46 1.65012e-05 -4.45819e-05 -1.2238e-05
47 1.65157e-05 -4.45892e-05 -1.22387e-05
48 1.65301e-05 -4.45963e-05 -1.22393e-05
49 1.65446e-05 -4.46026e-05 -1.22401e-05
50 1.65591e-05 -4.46088e-05 -1.22409e-05
51 1.65738e-05 -4.46146e-05 -1.22418e-05
52 1.65884e-05 -4.46208e-05 -1.22426e-05
53 1.66031e-05 -4.46265e-05 -1.22435e-05
54 1.66179e-05 -4.46322e-05 -1.22445e-05
55 1.66326e-05 -4.4638e-05 -1.22455e-05
56 1.66473e-05 -4.46437e-05 -1.22465e-05
57 1.66621e-05 -4.46491e-05 -1.22475e-05
58 1.66771e-05 -4.46546e-05 -1.22486e-05
59 1.66921e-05 -4.46601e-05 -1.22497e-05
60 1.67069e-05 -4.46658e-05 -1.22508e-05
61 1.67219e-05 -4.4671e-05 -1.22519e-05
62 1.67368e-05 -4.46765e-05 -1.2253e-05
63 1.67517e-05 -4.46818e-05 -1.22541e-05
64 1.67666e-05 -4.46871e-05 -1.22552e-05
65 1.67816e-05 -4.46923e-05 -1.22563e-05
66 1.67965e-05 -4.46975e-05 -1.22574e-05
67 1.68114e-05 -4.47027e-05 -1.22585e-05
68 1.68264e-05 -4.47079e-05 -1.22596e-05
69 1.68413e-05 -4.47131e-05 -1.22607e-05
70 1.68562e-05 -4.47182e-05 -1.22618e-05
71 1.68712e-05 -4.47234e-05 -1.2263e-05
72 1.68861e-05 -4.47285e-05 -1.22641e-05
73 1.69011e-05 -4.47337e-05 -1.22652e-05
74 1.69161e-05 -4.47388e-05 -1.22663e-05
75 1.6931e-05 -4.47439e-05 -1.22674e-05
76 1.69459e-05 -4.47491e-05 -1.22686e-05
77 1.69609e-05 -4.47542e-05 -1.22697e-05
78 1.69758e-05 -4.47593e-05 -1.22708e-05
79 1.69908e-05 -4.47644e-05 -1.22719e-05
80 1.70057e-05 -4.47696e-05 -1.22731e-05
