26 0.122422 -0.103771 -1.79857e-11
27 -1.25512e-05 -9.15171e-06 -2.87264e-08
28 0.0106341 0.00352814 2.24844e-05
29 -6.87342e-08 1.21572e-07 -1.05365e-09
30 2.72707e-08 -2.11647e-08 1.8149e-09
31 1.35515e-10 -3.02568e-08 1.8922e-09
32 -4.10091e-09 1.14371e-08 5.8526e-09
33 3.51292e-08 -5.03013e-08 -2.99997e-09
34 8.82997e-08 -1.84492e-07 -2.81398e-09
35 -3.16213e-08 5.91617e-08 8.78572e-10
36 -4.6809e-08 9.80027e-08 6.21185e-09
37 2.94981e-08 -7.19421e-08 2.62935e-09
38 8.52779e-08 -1.68729e-07 -5.10545e-09
39 9.14815e-09 -3.71775e-08 1.73168e-09
40 -1.127e-08 1.44902e-08 -5.26006e-09
41 4.49791e-09 -2.28271e-08 2.42835e-09
42 4.16017e-08 -6.78109e-08 1.0873e-09
43 3.38928e-08 -6.87362e-08 -9.14906e-09
44 1.30271e-08 -3.83121e-08 -5.64341e-10
45 -2.45109e-08 5.58966e-08 8.71114e-09
46 -2.75354e-08 6.65979e-08 -5.96719e-09
47 5.54242e-08 -1.20192e-07 -6.99129e-09
48 -2.58751e-08 5.41266e-08 5.79757e-09
49 7.09365e-08 -1.58536e-07 -2.84899e-09
50 -6.76414e-08 1.34791e-07 6.64159e-09
51 3.60797e-09 8.02891e-09 -2.82489e-09
52 6.72703e-08 -1.46899e-07 -5.26825e-09
53 -9.15452e-08 1.82753e-07 -6.70434e-09
54 5.04642e-08 -1.0393e-07 6.56246e-09
55 -1.54441e-08 2.36068e-08 9.74524e-10
56 -6.12035e-08 1.27238e-07 -7.01675e-10
57 9.05948e-09 7.06586e-09 -4.92901e-09
58 4.65006e-08 -9.69178e-08 3.81942e-09
59 -8.02447e-09 2.07476e-08 -3.22916e-09
60 -5.1919e-08 9.53476e-08 -8.39964e-09
61 -5.15638e-09 2.23167e-08 5.90853e-09
62 -4.31514e-08 8.49238e-08 8.41055e-09
63 -2.26805e-08 4.3557e-08 -1.5948e-09
64 1.27552e-08 -2.04442e-08 -4.03634e-09
65 -6.18929e-08 1.29921e-07 -1.47384e-09
66 2.25041e-08 -4.95423e-08 -1.07957e-09
67 1.06716e-08 -1.13109e-08 5.18685e-09
68 -2.62062e-08 5.27326e-08 -5.41149e-09
69 8.93715e-08 -1.76339e-07 3.899e-09
70 -6.73203e-08 1.26198e-07 2.10321e-09
71 -1.42513e-08 3.96121e-08 8.41283e-10
72 -2.58433e-09 9.1984e-09 2.27328e-09
73 2.17233e-08 -4.14018e-08 -1.52841e-09
74 -1.36188e-08 -8.51514e-10 3.24417e-09
75 8.21065e-08 -1.61754e-07 -7.56381e-09
76 2.83635e-08 -5.16112e-08 4.62023e-10
77 7.67204e-09 -2.29322e-08 7.59883e-10
78 -3.64648e-08 7.43414e-08 -5.22095e-09
79 -6.09043e-08 1.2868e-07 5.10909e-09
80 9.25411e-08 -1.91516e-07 5.16957e-09
