26 1.01621e-09 3.2158e-08 1.29381e-09
27 -3.85657e-07 0.000263841 2.6796e-05
28 7.76986e-07 0.000205913 2.01246e-05
29 -8.61301e-07 -1.0421e-05 1.94412e-06
30 -6.70983e-07 -8.64981e-06 1.87693e-06
31 -2.88522e-07 -9.49171e-06 1.93691e-06
32 -2.35123e-07 -9.57824e-06 1.92357e-06
33 -2.16631e-07 -9.6297e-06 1.9225e-06
34 -2.05351e-07 -9.6643e-06 1.92278e-06
35 -1.91439e-07 -9.69102e-06 1.92264e-06
36 -1.78188e-07 -9.714e-06 1.92318e-06
37 -1.65156e-07 -9.73403e-06 1.92334e-06
38 -1.51676e-07 -9.75085e-06 1.92398e-06
39 -1.38018e-07 -9.76515e-06 1.92427e-06
40 -1.2523e-07 -9.77861e-06 1.92454e-06
41 -1.11921e-07 -9.79097e-06 1.92545e-06
42 -9.84123e-08 -9.80011e-06 1.92588e-06
43 -8.46068e-08 -9.80908e-06 1.92668e-06
44 -7.11716e-08 -9.81699e-06 1.92715e-06
45 -5.74458e-08 -9.82432e-06 1.92776e-06
46 -4.37981e-08 -9.83047e-06 1.92834e-06
47 -3.01057e-08 -9.83638e-06 1.92895e-06
48 -1.64573e-08 -9.84198e-06 1.92953e-06
49 -2.8247e-09 -9.84659e-06 1.9301e-06
50 1.08135e-08 -9.85099e-06 1.93069e-06
51 2.4493e-08 -9.85503e-06 1.93135e-06
52 3.81357e-08 -9.85908e-06 1.93189e-06
53 5.17719e-08 -9.86269e-06 1.93246e-06
54 6.54595e-08 -9.86619e-06 1.93311e-06
55 7.89397e-08 -9.86958e-06 1.9337e-06
56 9.25316e-08 -9.87291e-06 1.9343e-06
57 1.06163e-07 -9.87597e-06 1.93494e-06
58 1.19872e-07 -9.87914e-06 1.93559e-06
59 1.33582e-07 -9.88256e-06 1.9363e-06
60 1.47209e-07 -9.88572e-06 1.93688e-06
61 1.60881e-07 -9.88855e-06 1.93751e-06
62 1.74539e-07 -9.89169e-06 1.93818e-06
63 1.88201e-07 -9.89446e-06 1.9388e-06
64 2.01848e-07 -9.89722e-06 1.9394e-06
65 2.15519e-07 -9.89989e-06 1.94001e-06
66 2.29167e-07 -9.90255e-06 1.94062e-06
67 2.42833e-07 -9.90517e-06 1.94123e-06
68 2.56489e-07 -9.90775e-06 1.94184e-06
69 2.70146e-07 -9.91032e-06 1.94244e-06
70 2.83799e-07 -9.91287e-06 1.94304e-06
71 2.97465e-07 -9.91542e-06 1.94364e-06
72 3.11119e-07 -9.91794e-06 1.94424e-06
73 3.24784e-07 -9.92047e-06 1.94484e-06
74 3.38454e-07 -9.92299e-06 1.94543e-06
75 3.52103e-07 -9.92549e-06 1.94603e-06
76 3.65748e-07 -9.92798e-06 1.94662e-06
77 3.79404e-07 -9.93048e-06 1.94721e-06
78 3.93063e-07 -9.93298e-06 1.9478e-06
79 4.06713e-07 -9.93547e-06 1.9484e-06
80 4.20358e-07 -9.93796e-06 1.94898e-06
