26 1.02396e-09 3.23775e-08 4.93681e-10
27 -2.95292e-07 0.000269553 1.62185e-05
28 8.73294e-07 0.000210071 1.11022e-05
29 -7.39326e-07 -1.00007e-05 1.22834e-06
30 -5.4955e-07 -8.24799e-06 1.15563e-06
31 -1.67218e-07 -9.07405e-06 1.21508e-06
32 -1.13815e-07 -9.1637e-06 1.20486e-06
33 -9.53477e-08 -9.21542e-06 1.20396e-06
34 -8.40901e-08 -9.24993e-06 1.20442e-06
35 -7.01939e-08 -9.27667e-06 1.20436e-06
36 -5.69571e-08 -9.2995e-06 1.20497e-06
37 -4.3939e-08 -9.31948e-06 1.20518e-06
38 -3.04702e-08 -9.33613e-06 1.20583e-06
39 -1.68234e-08 -9.35035e-06 1.20613e-06
40 -4.04415e-09 -9.36374e-06 1.20638e-06
41 9.25832e-09 -9.37586e-06 1.20727e-06
42 2.27576e-08 -9.38489e-06 1.20768e-06
43 3.65553e-08 -9.39365e-06 1.20844e-06
44 4.99833e-08 -9.40145e-06 1.20886e-06
45 6.37026e-08 -9.40862e-06 1.20941e-06
46 7.73431e-08 -9.41463e-06 1.20994e-06
47 9.10296e-08 -9.42038e-06 1.21048e-06
48 1.04672e-07 -9.42584e-06 1.211e-06
49 1.18299e-07 -9.4303e-06 1.2115e-06
50 1.31931e-07 -9.43456e-06 1.21202e-06
51 1.45605e-07 -9.43844e-06 1.2126e-06
52 1.59242e-07 -9.44235e-06 1.21307e-06
53 1.72873e-07 -9.44582e-06 1.21357e-06
54 1.86555e-07 -9.44916e-06 1.21413e-06
55 2.00031e-07 -9.4524e-06 1.21465e-06
56 2.13618e-07 -9.45559e-06 1.21516e-06
57 2.27245e-07 -9.45849e-06 1.21572e-06
58 2.40949e-07 -9.4615e-06 1.21629e-06
59 2.54654e-07 -9.46474e-06 1.21691e-06
60 2.68277e-07 -9.46775e-06 1.21742e-06
61 2.81945e-07 -9.47043e-06 1.21797e-06
62 2.95598e-07 -9.4734e-06 1.21855e-06
63 3.09256e-07 -9.47602e-06 1.21908e-06
64 3.22899e-07 -9.47863e-06 1.2196e-06
65 3.36565e-07 -9.48115e-06 1.22013e-06
66 3.50209e-07 -9.48366e-06 1.22066e-06
67 3.63871e-07 -9.48613e-06 1.22118e-06
68 3.77523e-07 -9.48856e-06 1.2217e-06
69 3.91175e-07 -9.49098e-06 1.22222e-06
70 4.04824e-07 -9.49338e-06 1.22274e-06
71 4.18486e-07 -9.49578e-06 1.22325e-06
72 4.32136e-07 -9.49815e-06 1.22377e-06
73 4.45796e-07 -9.50054e-06 1.22428e-06
74 4.59463e-07 -9.50291e-06 1.2248e-06
75 4.73108e-07 -9.50527e-06 1.22531e-06
76 4.86749e-07 -9.50761e-06 1.22582e-06
77 5.004e-07 -9.50997e-06 1.22632e-06
78 5.14055e-07 -9.51232e-06 1.22683e-06
79 5.27701e-07 -9.51466e-06 1.22734e-06
80 5.41342e-07 -9.517e-06 1.22784e-06
