26 -0.213239 0.126196 -3.24396e-12
27 -1.01141e-05 -1.78273e-07 -3.98359e-10
28 0.000619588 -0.0426408 0.000103765
29 -5.38935e-08 -3.28589e-09 6.62476e-09
30 -9.89116e-08 -3.28773e-08 -4.45652e-10
31 3.16995e-08 1.72967e-08 -3.20415e-09
32 -8.41146e-09 -8.87019e-09 8.6402e-10
33 -7.38964e-10 2.17995e-09 2.46655e-09
34 1.91831e-08 -4.61603e-09 1.2551e-10
35 -1.5822e-08 -8.99649e-09 -4.42014e-10
36 -1.76296e-08 6.60305e-09 -2.24372e-09
37 3.30838e-08 9.92736e-09 2.85036e-09
38 1.10761e-07 3.10026e-08 -8.41283e-10
39 -7.25991e-08 -3.49385e-08 2.11003e-10
40 -4.71582e-08 -2.15887e-08 4.47471e-09
41 1.50635e-08 4.98869e-09 1.54614e-10
42 1.88761e-08 9.2557e-09 -1.71167e-09
43 4.25425e-08 2.08551e-08 1.20872e-09
44 -8.38318e-08 -2.96146e-08 -2.47201e-09
45 1.00539e-07 5.13095e-08 6.58474e-10
46 -1.35365e-08 -2.82502e-08 4.6839e-10
47 -4.04698e-08 -1.36507e-08 2.02726e-09
48 1.02515e-07 3.51338e-08 1.02682e-09
49 1.87802e-08 2.34248e-08 -4.31282e-09
50 -4.2528e-09 -1.65717e-08 4.85215e-09
51 3.6081e-08 3.04228e-08 4.26553e-10
52 9.55692e-08 2.80859e-08 -3.286e-09
53 -1.01047e-07 -2.44637e-08 7.90351e-10
54 6.74841e-08 1.06447e-08 -2.42835e-10
55 -1.19612e-08 4.82635e-09 -1.38243e-10
56 -7.51033e-08 -2.8294e-08 1.07866e-09
57 -9.29153e-08 -3.85016e-08 3.15322e-09
58 -1.78343e-08 -2.54329e-08 2.33285e-09
59 -7.49533e-08 -2.7303e-08 1.61253e-09
60 1.94123e-08 2.03142e-08 9.05857e-10
61 1.59794e-08 1.19269e-08 -4.07545e-09
62 3.57099e-08 1.77995e-08 6.06633e-10
63 9.2376e-08 2.56463e-08 -3.44789e-09
64 8.0609e-08 2.53269e-08 2.30102e-10
65 -1.60712e-08 -8.6053e-09 2.33649e-09
66 5.85192e-08 3.26171e-08 -3.75803e-09
67 -3.25563e-08 1.54646e-08 1.8008e-10
68 -6.96514e-08 -2.25914e-08 3.71074e-10
69 1.85858e-07 5.73032e-08 -2.00725e-09
70 -2.89701e-08 -1.0984e-08 5.35692e-09
71 -1.40694e-07 -4.96962e-08 4.23915e-09
72 1.36129e-08 3.53896e-09 9.14952e-10
73 4.89385e-08 2.01959e-08 -4.43652e-09
74 1.62602e-07 4.29111e-08 1.22691e-09
75 -3.98722e-09 -1.32547e-09 -3.40788e-09
76 -5.02841e-08 -1.04823e-08 -2.63572e-09
77 2.72244e-08 8.88474e-09 1.5234e-09
78 7.02225e-08 1.79419e-08 5.85715e-10
79 -5.41208e-08 -2.44257e-08 2.00635e-09
80 8.21046e-09 3.02737e-09 -1.10049e-09
