26 0.136088 -0.123174 -1.67957e-11
27 -1.30022e-05 -1.16869e-05 -4.09991e-08
28 0.00972444 0.0040131 2.39801e-05
29 -3.89346e-08 8.64168e-08 1.65846e-09
30 3.97449e-10 -8.70477e-09 -5.88216e-09
31 2.8901e-08 -4.08706e-08 3.13139e-09
32 -6.36901e-08 9.35061e-08 -6.00676e-09
33 -1.63154e-08 5.03401e-08 1.61344e-09
34 -5.1823e-09 1.05179e-08 7.26959e-09
35 -1.75373e-08 7.85394e-09 -5.8385e-09
36 9.25238e-08 -1.41767e-07 2.49656e-09
37 -2.6731e-08 3.727e-08 3.70619e-10
38 7.62698e-08 -1.25245e-07 9.31777e-10
39 -4.92155e-08 8.25064e-08 -2.96768e-09
40 -1.59835e-08 4.7778e-09 6.66205e-10
41 -1.84991e-09 1.68898e-08 9.54515e-10
42 -1.22882e-08 1.79393e-08 -5.38921e-09
43 3.50274e-08 -4.77962e-08 8.17317e-09
44 -7.4891e-08 1.16097e-07 8.29004e-10
45 1.03028e-07 -1.49632e-07 -1.35606e-09
46 -3.01447e-08 3.68836e-08 -4.31146e-09
47 5.32978e-08 -9.96461e-08 1.11686e-09
48 -5.44483e-08 9.43091e-08 -1.67802e-10
49 4.21869e-08 -7.52557e-08 1.03228e-10
50 -7.70842e-09 2.57683e-09 3.91356e-09
51 -4.63551e-08 9.16184e-08 5.76983e-09
52 -2.4681e-08 4.24623e-08 -7.3569e-09
53 -1.99075e-08 3.40763e-08 9.25957e-09
54 5.57243e-08 -1.00654e-07 -3.83397e-09
55 -8.28277e-09 1.42234e-08 -3.67891e-10
56 4.05066e-08 -5.59671e-08 2.62025e-09
57 -3.11716e-08 5.77193e-08 -1.68893e-09
58 -2.43726e-08 4.94297e-08 4.7894e-09
59 -3.44198e-09 1.35492e-09 6.02995e-10
60 7.40374e-09 -6.91398e-09 1.67711e-09
61 -2.01949e-08 1.13102e-08 -8.04448e-10
62 6.36346e-08 -1.04698e-07 -1.80262e-09
63 -1.89925e-08 2.53533e-08 -5.35329e-09
64 -3.03817e-08 7.00936e-08 -1.8872e-10
65 -2.45786e-08 3.32227e-08 9.85983e-09
66 5.84751e-08 -1.00679e-07 -2.42289e-09
67 2.25155e-08 -2.79033e-08 1.29148e-10
68 -9.64592e-08 1.53984e-07 -2.11003e-10
69 9.22178e-08 -1.63975e-07 1.4893e-09
70 -3.62661e-09 1.37513e-08 -1.71804e-09
71 -4.35875e-08 7.11084e-08 -9.08994e-09
72 2.99015e-08 -5.22209e-08 5.35874e-09
73 2.39979e-08 -4.3892e-08 -3.9654e-10
74 5.59157e-09 -1.55324e-08 -4.22597e-09
75 -5.49617e-08 1.02322e-07 9.3828e-09
76 5.59967e-08 -9.34742e-08 -4.21824e-09
77 -2.40548e-08 4.57126e-08 3.41561e-09
78 -2.90902e-08 4.01417e-08 -7.43512e-09
79 1.68438e-08 -1.69323e-08 -2.2842e-09
80 -2.76978e-08 4.54611e-08 8.6402e-10
