26 -1.13672 5.94037 1.19124e-09
27 5.41351e-06 -3.5919e-05 -5.70053e-08
28 -0.00646383 -0.0317328 -6.67448e-05
29 -2.78451e-08 -4.31243e-08 -5.68434e-09
30 1.02997e-07 -6.32128e-08 -9.1768e-10
31 2.11548e-08 8.41055e-10 1.10049e-09
32 -1.19076e-08 -6.35953e-09 -6.24368e-10
33 -1.87779e-08 1.56647e-08 -1.50976e-10
34 -4.19113e-08 1.6117e-08 -2.66709e-09
35 1.89775e-08 -1.12852e-08 4.25916e-09
36 -4.74042e-08 3.28353e-08 2.55295e-09
37 3.07386e-08 -1.83645e-08 -1.49839e-09
38 7.19151e-08 -2.19774e-08 -6.11635e-10
39 -1.11051e-07 3.4444e-08 -1.69621e-10
40 2.91016e-08 -1.70105e-08 -2.17824e-09
41 -6.98656e-08 5.18884e-08 2.53158e-09
42 -4.55093e-08 1.41671e-08 -3.43152e-09
43 8.27317e-08 -2.92647e-08 -2.20098e-10
44 -1.8752e-08 1.22481e-08 2.68483e-09
45 -6.30307e-08 2.08165e-08 -4.27463e-10
46 4.25234e-08 -1.65338e-08 -1.73441e-09
47 -1.39175e-08 -1.18098e-09 1.43109e-09
48 5.22377e-08 -1.97736e-08 2.1364e-09
49 4.59436e-08 -2.39072e-08 8.59018e-10
50 -2.17278e-08 8.29868e-09 -1.12595e-09
51 6.42631e-08 -2.11711e-08 -6.56655e-10
52 -1.49835e-08 1.09656e-08 -4.60204e-09
53 3.15322e-08 -3.35012e-08 2.65118e-09
54 2.86527e-08 1.4569e-09 2.42107e-09
55 -4.90277e-08 1.66783e-08 -1.80717e-09
56 -3.00242e-08 2.0697e-08 1.63027e-09
57 -5.84487e-09 -1.35192e-08 2.66482e-10
58 4.19282e-08 -2.10481e-08 -8.0172e-10
59 8.64065e-09 7.11123e-09 -2.67119e-09
60 -3.62702e-08 1.66777e-08 1.90266e-09
61 4.512e-08 -3.26348e-08 -1.25056e-10
62 2.76405e-08 -3.9546e-09 -1.95632e-09
63 -1.18371e-08 2.34741e-09 2.53294e-10
64 1.10113e-08 -1.10218e-08 4.60113e-09
65 3.87872e-08 -9.68453e-09 -1.8008e-10
66 -2.99028e-08 2.5109e-08 1.80989e-10
67 -2.06182e-09 -1.27689e-08 -2.18461e-09
68 -6.09948e-08 3.06915e-08 2.14914e-09
69 3.71529e-09 6.00016e-09 2.17642e-09
70 5.68039e-08 -2.69524e-08 1.71894e-10
71 3.39205e-08 -1.54765e-08 3.05135e-10
72 7.01625e-08 -3.60652e-08 3.48609e-09
73 -3.51174e-08 1.45629e-08 1.90175e-09
74 -1.19749e-08 9.23637e-09 -2.10457e-09
75 -3.36995e-08 1.92177e-08 3.59296e-09
76 4.28372e-09 -2.45814e-08 -4.15639e-09
77 -4.30459e-08 3.31429e-08 2.96495e-10
78 1.56751e-09 -5.61442e-09 -1.84309e-09
79 -3.20638e-08 2.63248e-08 -2.86491e-11
80 2.60875e-08 -2.69521e-08 -1.2501e-09
