26 1.01529e-09 -1.47545e-08 2.17677e-08
27 -1.40702e-06 7.18726e-05 7.68e-05
28 -3.11618e-07 5.7853e-05 5.95494e-05
29 -2.24002e-06 -2.82834e-05 9.95476e-06
30 -2.04359e-06 -2.64599e-05 1.00034e-05
31 -1.65965e-06 -2.74516e-05 1.0032e-05
32 -1.60631e-06 -2.74463e-05 9.98425e-06
33 -1.58753e-06 -2.74922e-05 9.98187e-06
34 -1.576e-06 -2.75243e-05 9.97977e-06
35 -1.5619e-06 -2.75492e-05 9.97873e-06
36 -1.54849e-06 -2.75724e-05 9.97826e-06
37 -1.5353e-06 -2.7592e-05 9.97779e-06
38 -1.5217e-06 -2.76102e-05 9.97801e-06
39 -1.50791e-06 -2.76253e-05 9.97819e-06
40 -1.49503e-06 -2.76398e-05 9.97861e-06
41 -1.48164e-06 -2.76548e-05 9.97939e-06
42 -1.46803e-06 -2.76657e-05 9.98013e-06
43 -1.45413e-06 -2.76774e-05 9.98103e-06
44 -1.44062e-06 -2.76875e-05 9.98199e-06
45 -1.42682e-06 -2.76974e-05 9.98305e-06
46 -1.41309e-06 -2.7706e-05 9.98411e-06
47 -1.39933e-06 -2.77147e-05 9.98532e-06
48 -1.38562e-06 -2.77231e-05 9.98652e-06
49 -1.37191e-06 -2.77304e-05 9.98777e-06
50 -1.35821e-06 -2.77377e-05 9.98905e-06
51 -1.34447e-06 -2.77448e-05 9.99037e-06
52 -1.33076e-06 -2.77516e-05 9.99167e-06
53 -1.31706e-06 -2.77582e-05 9.99302e-06
54 -1.30332e-06 -2.77648e-05 9.99441e-06
55 -1.28979e-06 -2.77712e-05 9.99584e-06
56 -1.27614e-06 -2.77777e-05 9.99727e-06
57 -1.26246e-06 -2.77839e-05 9.99869e-06
58 -1.2487e-06 -2.77903e-05 1.00001e-05
59 -1.23494e-06 -2.77969e-05 1.00016e-05
60 -1.22126e-06 -2.78032e-05 1.0003e-05
61 -1.20754e-06 -2.78092e-05 1.00044e-05
62 -1.19383e-06 -2.78155e-05 1.00059e-05
63 -1.18012e-06 -2.78214e-05 1.00073e-05
64 -1.16642e-06 -2.78273e-05 1.00087e-05
65 -1.1527e-06 -2.78331e-05 1.00102e-05
66 -1.13901e-06 -2.78389e-05 1.00116e-05
67 -1.12529e-06 -2.78446e-05 1.00131e-05
68 -1.11159e-06 -2.78503e-05 1.00145e-05
69 -1.09788e-06 -2.7856e-05 1.00159e-05
70 -1.08418e-06 -2.78616e-05 1.00173e-05
71 -1.07047e-06 -2.78673e-05 1.00188e-05
72 -1.05677e-06 -2.78729e-05 1.00202e-05
73 -1.04306e-06 -2.78785e-05 1.00216e-05
74 -1.02934e-06 -2.78841e-05 1.0023e-05
75 -1.01565e-06 -2.78896e-05 1.00244e-05
76 -1.00195e-06 -2.78952e-05 1.00258e-05
77 -9.88253e-07 -2.79007e-05 1.00272e-05
78 -9.74549e-07 -2.79063e-05 1.00286e-05
79 -9.60854e-07 -2.79118e-05 1.003e-05
80 -9.47165e-07 -2.79173e-05 1.00314e-05
