26 -0.0983195 -0.0424231 1.0694e-11
27 8.56266e-06 -5.43444e-06 2.42553e-08
28 -0.01096 0.0020426 -1.50883e-05
29 1.02805e-07 3.01827e-07 -1.04469e-08
30 1.11322e-09 9.26366e-09 1.55492e-08
31 -2.9449e-08 -6.18384e-08 -1.06588e-08
32 4.99931e-08 1.28356e-07 -9.58426e-09
33 -2.1364e-08 -6.22932e-08 3.76531e-10
34 2.02663e-08 5.76243e-08 1.29708e-08
35 -1.03728e-09 3.47075e-09 4.04452e-09
36 6.66246e-08 1.65309e-07 -3.92856e-09
37 3.52929e-09 1.05621e-08 6.50971e-09
38 -2.80602e-08 -5.9492e-08 -2.57905e-08
39 5.2778e-08 1.37671e-07 9.28958e-09
40 -2.16037e-08 -5.18849e-08 1.05774e-09
41 -3.87436e-08 -1.12886e-07 1.09735e-08
42 -1.61999e-08 -2.49642e-08 -2.16555e-08
43 6.01262e-08 1.42023e-07 1.52631e-08
44 -1.41827e-08 -3.00906e-09 -2.673e-09
45 -2.55927e-08 -7.96476e-08 9.22228e-10
46 -1.09512e-07 -2.49362e-07 7.60201e-09
47 1.44692e-08 1.60333e-09 -9.17134e-09
48 5.23887e-08 1.47809e-07 -6.64659e-09
49 -5.41172e-08 -1.53328e-07 1.31467e-09
50 -2.37842e-08 -5.89063e-08 -4.40195e-10
51 -4.51701e-09 3.68561e-09 7.82165e-10
52 9.35979e-08 2.38722e-07 1.24946e-08
53 6.55473e-09 -1.57161e-09 -6.73163e-09
54 -8.03193e-08 -1.59059e-07 -5.45333e-09
55 6.01863e-08 1.23792e-07 -4.86125e-09
56 -4.45507e-08 -1.09707e-07 7.96263e-09
57 -1.20799e-08 -2.9116e-08 -7.9267e-09
58 -2.69429e-08 -7.37803e-08 -9.14042e-10
59 6.79224e-08 1.85613e-07 -1.13378e-08
60 -4.1608e-08 -1.17403e-07 8.10678e-09
61 9.36775e-08 2.51931e-07 1.98361e-09
62 3.9131e-08 9.90991e-08 -7.50333e-11
63 5.67934e-08 1.61197e-07 -1.7098e-08
64 -5.02355e-08 -1.09896e-07 6.44968e-09
65 -1.39407e-08 -5.45083e-08 7.30779e-10
66 -3.88391e-08 -1.27418e-07 1.22495e-08
67 -4.75711e-09 1.07211e-08 -1.32954e-08
68 -2.04154e-08 -7.05265e-08 3.26054e-10
69 2.88373e-08 1.03452e-07 -3.88854e-09
70 -2.08656e-08 -6.09062e-08 9.55197e-09
71 5.99448e-08 1.52642e-07 1.3174e-08
72 -6.23186e-09 -2.93264e-08 2.95404e-09
73 -6.24959e-08 -1.29569e-07 -2.31175e-08
74 8.44057e-08 1.89216e-07 1.53618e-08
75 1.1142e-07 3.12166e-07 -1.1255e-09
76 -7.61656e-09 -2.62439e-08 2.25509e-09
77 -5.55942e-08 -1.44167e-07 1.37697e-09
78 5.24906e-08 1.21981e-07 -5.05861e-09
79 -8.75925e-08 -2.12292e-07 9.87711e-09
80 -7.74844e-09 -1.32669e-08 -1.25783e-08
