26 6.97598e-09 -4.42635e-08 3.59977e-09
27 4.77838e-05 -2.05545e-05 1.56206e-05
28 3.91755e-05 -1.72856e-05 1.22162e-05
29 2.26951e-05 -4.6252e-05 5.86499e-06
30 2.2625e-05 -4.49661e-05 5.93514e-06
31 2.34955e-05 -4.57014e-05 5.94711e-06
32 2.33952e-05 -4.56602e-05 5.91383e-06
33 2.34062e-05 -4.5703e-05 5.91303e-06
34 2.34118e-05 -4.57266e-05 5.91113e-06
35 2.34206e-05 -4.57481e-05 5.9101e-06
36 2.34315e-05 -4.57655e-05 5.90932e-06
37 2.34415e-05 -4.57815e-05 5.90862e-06
38 2.34541e-05 -4.57952e-05 5.9083e-06
39 2.34664e-05 -4.58079e-05 5.90802e-06
40 2.3478e-05 -4.58207e-05 5.9079e-06
41 2.3492e-05 -4.58311e-05 5.90793e-06
42 2.35056e-05 -4.58403e-05 5.90799e-06
43 2.35204e-05 -4.58486e-05 5.90812e-06
44 2.35344e-05 -4.58574e-05 5.90833e-06
45 2.35491e-05 -4.58655e-05 5.90859e-06
46 2.35638e-05 -4.58726e-05 5.90886e-06
47 2.35789e-05 -4.58799e-05 5.90921e-06
48 2.35939e-05 -4.5887e-05 5.90956e-06
49 2.36089e-05 -4.58934e-05 5.90995e-06
50 2.36241e-05 -4.58997e-05 5.91036e-06
51 2.36396e-05 -4.59055e-05 5.91079e-06
52 2.36548e-05 -4.59117e-05 5.91121e-06
53 2.36701e-05 -4.59176e-05 5.91167e-06
54 2.36857e-05 -4.59233e-05 5.91214e-06
55 2.37011e-05 -4.59292e-05 5.91265e-06
56 2.37166e-05 -4.5935e-05 5.91315e-06
57 2.37323e-05 -4.59404e-05 5.91365e-06
58 2.37481e-05 -4.5946e-05 5.91415e-06
59 2.3764e-05 -4.59515e-05 5.91464e-06
60 2.37797e-05 -4.59573e-05 5.91514e-06
61 2.37954e-05 -4.59627e-05 5.91565e-06
62 2.38113e-05 -4.59682e-05 5.91615e-06
63 2.38271e-05 -4.59735e-05 5.91666e-06
64 2.38428e-05 -4.59789e-05 5.91716e-06
65 2.38586e-05 -4.59842e-05 5.91767e-06
66 2.38744e-05 -4.59895e-05 5.91818e-06
67 2.38903e-05 -4.59948e-05 5.91868e-06
68 2.39061e-05 -4.6e-05 5.91919e-06
69 2.39219e-05 -4.60053e-05 5.91969e-06
70 2.39377e-05 -4.60105e-05 5.92019e-06
71 2.39536e-05 -4.60157e-05 5.92069e-06
72 2.39694e-05 -4.60209e-05 5.92119e-06
73 2.39852e-05 -4.60261e-05 5.92169e-06
74 2.40011e-05 -4.60314e-05 5.92219e-06
75 2.4017e-05 -4.60366e-05 5.92268e-06
76 2.40328e-05 -4.60417e-05 5.92317e-06
77 2.40486e-05 -4.60469e-05 5.92366e-06
78 2.40645e-05 -4.60521e-05 5.92415e-06
79 2.40804e-05 -4.60573e-05 5.92464e-06
80 2.40962e-05 -4.60625e-05 5.92512e-06
