26 -1.06632e-08 -3.76828e-08 -1.92838e-09
27 -6.70232e-05 -1.00386e-05 4.9111e-06
28 -5.20908e-05 -5.96219e-06 3.7461e-06
29 -2.51799e-05 -4.21564e-05 2.11885e-06
30 -2.53961e-05 -4.04685e-05 2.26695e-06
31 -2.50248e-05 -4.14769e-05 2.25814e-06
32 -2.4829e-05 -4.14082e-05 2.23277e-06
33 -2.48081e-05 -4.14515e-05 2.23469e-06
34 -2.47878e-05 -4.14805e-05 2.23323e-06
35 -2.47694e-05 -4.1504e-05 2.2328e-06
36 -2.47518e-05 -4.15264e-05 2.2321e-06
37 -2.47354e-05 -4.15453e-05 2.23167e-06
38 -2.47196e-05 -4.15637e-05 2.23124e-06
39 -2.47043e-05 -4.15789e-05 2.231e-06
40 -2.46906e-05 -4.1594e-05 2.23088e-06
41 -2.46762e-05 -4.16098e-05 2.23053e-06
42 -2.46624e-05 -4.16217e-05 2.23044e-06
43 -2.46481e-05 -4.16344e-05 2.23021e-06
44 -2.4635e-05 -4.16457e-05 2.23019e-06
45 -2.46217e-05 -4.16569e-05 2.23014e-06
46 -2.46085e-05 -4.16669e-05 2.23009e-06
47 -2.45956e-05 -4.16772e-05 2.23008e-06
48 -2.45829e-05 -4.16871e-05 2.23009e-06
49 -2.45703e-05 -4.1696e-05 2.23014e-06
50 -2.45578e-05 -4.17049e-05 2.23017e-06
51 -2.45452e-05 -4.17137e-05 2.23019e-06
52 -2.45329e-05 -4.17222e-05 2.23026e-06
53 -2.45206e-05 -4.17306e-05 2.23034e-06
54 -2.45083e-05 -4.17389e-05 2.23039e-06
55 -2.44963e-05 -4.17473e-05 2.23047e-06
56 -2.44843e-05 -4.17556e-05 2.23056e-06
57 -2.44721e-05 -4.17636e-05 2.23062e-06
58 -2.44599e-05 -4.17719e-05 2.23067e-06
59 -2.44475e-05 -4.17804e-05 2.23068e-06
60 -2.44354e-05 -4.17884e-05 2.23076e-06
61 -2.44233e-05 -4.17963e-05 2.23082e-06
62 -2.44111e-05 -4.18045e-05 2.23085e-06
63 -2.4399e-05 -4.18123e-05 2.23092e-06
64 -2.43869e-05 -4.182e-05 2.23099e-06
65 -2.43748e-05 -4.18277e-05 2.23105e-06
66 -2.43627e-05 -4.18353e-05 2.23112e-06
67 -2.43506e-05 -4.18429e-05 2.23118e-06
68 -2.43385e-05 -4.18505e-05 2.23124e-06
69 -2.43264e-05 -4.1858e-05 2.2313e-06
70 -2.43143e-05 -4.18655e-05 2.23136e-06
71 -2.43022e-05 -4.1873e-05 2.23142e-06
72 -2.42901e-05 -4.18805e-05 2.23147e-06
73 -2.4278e-05 -4.18879e-05 2.23152e-06
74 -2.42659e-05 -4.18953e-05 2.23157e-06
75 -2.42537e-05 -4.19027e-05 2.23162e-06
76 -2.42416e-05 -4.19101e-05 2.23167e-06
77 -2.42295e-05 -4.19175e-05 2.23172e-06
78 -2.42173e-05 -4.19248e-05 2.23176e-06
79 -2.42052e-05 -4.19321e-05 2.2318e-06
80 -2.41931e-05 -4.19395e-05 2.23184e-06
