26 1.06019e-09 3.26104e-08 5.02541e-10
27 -8.46481e-08 0.000271715 -9.20374e-06
28 1.09644e-06 0.000210187 -1.01497e-05
29 -4.55326e-07 -9.758e-06 -4.42859e-07
30 -2.66809e-07 -8.05345e-06 -5.25458e-07
31 1.15219e-07 -8.84371e-06 -4.69318e-07
32 1.68633e-07 -8.93742e-06 -4.72255e-07
33 1.87042e-07 -8.98956e-06 -4.72711e-07
34 1.98248e-07 -9.02366e-06 -4.71854e-07
35 2.12106e-07 -9.05038e-06 -4.71709e-07
36 2.2531e-07 -9.07279e-06 -4.70971e-07
37 2.38296e-07 -9.09261e-06 -4.70641e-07
38 2.5174e-07 -9.10884e-06 -4.69967e-07
39 2.6536e-07 -9.12288e-06 -4.69663e-07
40 2.7812e-07 -9.13612e-06 -4.69444e-07
41 2.91405e-07 -9.14771e-06 -4.68615e-07
42 3.04883e-07 -9.15652e-06 -4.68294e-07
43 3.18663e-07 -9.16484e-06 -4.6763e-07
44 3.32074e-07 -9.17241e-06 -4.6733e-07
45 3.45779e-07 -9.17928e-06 -4.66903e-07
46 3.59402e-07 -9.185e-06 -4.66514e-07
47 3.73075e-07 -9.19047e-06 -4.66125e-07
48 3.86704e-07 -9.19566e-06 -4.65763e-07
49 4.00316e-07 -9.19986e-06 -4.65434e-07
50 4.13934e-07 -9.20384e-06 -4.65083e-07
51 4.27595e-07 -9.20742e-06 -4.6468e-07
52 4.41219e-07 -9.2111e-06 -4.64393e-07
53 4.54838e-07 -9.21432e-06 -4.64078e-07
54 4.68508e-07 -9.21737e-06 -4.63707e-07
55 4.81973e-07 -9.22036e-06 -4.6339e-07
56 4.9555e-07 -9.22329e-06 -4.63072e-07
57 5.09166e-07 -9.2259e-06 -4.62716e-07
58 5.22859e-07 -9.22862e-06 -4.62346e-07
59 5.36554e-07 -9.23153e-06 -4.61917e-07
60 5.50167e-07 -9.2343e-06 -4.61612e-07
61 5.63824e-07 -9.2367e-06 -4.61266e-07
62 5.77468e-07 -9.23937e-06 -4.60881e-07
63 5.91115e-07 -9.24173e-06 -4.60556e-07
64 6.04748e-07 -9.24408e-06 -4.60239e-07
65 6.18404e-07 -9.24633e-06 -4.59911e-07
66 6.32038e-07 -9.24858e-06 -4.59587e-07
67 6.45689e-07 -9.25079e-06 -4.59269e-07
68 6.59331e-07 -9.25296e-06 -4.5895e-07
69 6.72974e-07 -9.25512e-06 -4.58635e-07
70 6.86613e-07 -9.25727e-06 -4.58318e-07
71 7.00265e-07 -9.25941e-06 -4.58004e-07
72 7.13906e-07 -9.26153e-06 -4.57689e-07
73 7.27556e-07 -9.26366e-06 -4.57381e-07
74 7.41214e-07 -9.26578e-06 -4.57071e-07
75 7.54849e-07 -9.26788e-06 -4.56759e-07
76 7.6848e-07 -9.26997e-06 -4.56452e-07
77 7.82123e-07 -9.27207e-06 -4.56145e-07
78 7.95768e-07 -9.27417e-06 -4.55839e-07
79 8.09405e-07 -9.27626e-06 -4.55531e-07
80 8.23037e-07 -9.27836e-06 -4.55226e-07
