26 1.03398e-09 1.97281e-08 -2.08511e-08
27 6.79115e-07 0.000171454 -7.04832e-05
28 1.89347e-06 0.000129918 -5.42296e-05
29 5.5991e-07 -1.73711e-05 -6.47397e-06
30 7.43925e-07 -1.58599e-05 -6.55787e-06
31 1.12487e-06 -1.65589e-05 -6.53744e-06
32 1.17832e-06 -1.66299e-05 -6.51378e-06
33 1.19652e-06 -1.6681e-05 -6.51225e-06
34 1.20754e-06 -1.67118e-05 -6.51021e-06
35 1.22127e-06 -1.67374e-05 -6.50929e-06
36 1.23435e-06 -1.67578e-05 -6.50826e-06
37 1.24722e-06 -1.67764e-05 -6.50753e-06
38 1.26058e-06 -1.67912e-05 -6.50695e-06
39 1.2741e-06 -1.68046e-05 -6.50666e-06
40 1.28679e-06 -1.68175e-05 -6.50656e-06
41 1.30002e-06 -1.68277e-05 -6.50618e-06
42 1.31342e-06 -1.68361e-05 -6.5062e-06
43 1.32713e-06 -1.68435e-05 -6.50606e-06
44 1.34049e-06 -1.68509e-05 -6.50623e-06
45 1.35414e-06 -1.68574e-05 -6.50637e-06
46 1.3677e-06 -1.68629e-05 -6.50654e-06
47 1.38132e-06 -1.68682e-05 -6.50681e-06
48 1.3949e-06 -1.68733e-05 -6.50709e-06
49 1.40846e-06 -1.68775e-05 -6.50742e-06
50 1.42203e-06 -1.68814e-05 -6.50776e-06
51 1.43565e-06 -1.68849e-05 -6.50809e-06
52 1.44923e-06 -1.68887e-05 -6.50849e-06
53 1.4628e-06 -1.6892e-05 -6.50891e-06
54 1.47643e-06 -1.68951e-05 -6.50931e-06
55 1.48985e-06 -1.68982e-05 -6.50977e-06
56 1.50339e-06 -1.69012e-05 -6.51023e-06
57 1.51697e-06 -1.69039e-05 -6.51066e-06
58 1.53062e-06 -1.69067e-05 -6.5111e-06
59 1.54428e-06 -1.69095e-05 -6.51148e-06
60 1.55786e-06 -1.69125e-05 -6.51197e-06
61 1.57148e-06 -1.6915e-05 -6.51242e-06
62 1.58509e-06 -1.69177e-05 -6.51286e-06
63 1.5987e-06 -1.69202e-05 -6.51334e-06
64 1.61229e-06 -1.69227e-05 -6.51382e-06
65 1.62591e-06 -1.69251e-05 -6.5143e-06
66 1.63951e-06 -1.69275e-05 -6.51478e-06
67 1.65313e-06 -1.69298e-05 -6.51527e-06
68 1.66673e-06 -1.69322e-05 -6.51576e-06
69 1.68034e-06 -1.69345e-05 -6.51625e-06
70 1.69394e-06 -1.69368e-05 -6.51673e-06
71 1.70756e-06 -1.69391e-05 -6.51723e-06
72 1.72117e-06 -1.69414e-05 -6.51772e-06
73 1.73478e-06 -1.69437e-05 -6.51821e-06
74 1.74841e-06 -1.6946e-05 -6.51871e-06
75 1.76201e-06 -1.69483e-05 -6.5192e-06
76 1.77561e-06 -1.69506e-05 -6.51969e-06
77 1.78922e-06 -1.69529e-05 -6.52019e-06
78 1.80283e-06 -1.69552e-05 -6.52068e-06
79 1.81643e-06 -1.69574e-05 -6.52117e-06
80 1.83003e-06 -1.69597e-05 -6.52166e-06
