26 0.796089 0.54402 1.83662e-09
27 -0.000576631 -2.19955e-05 -3.84207e-08
28 -0.417513 -0.0256676 -1.18028e-06
29 0.000706888 0.000102356 -6.557e-09
30 -7.27596e-11 6.67891e-08 -3.73529e-09
31 1.81899e-10 -2.54339e-08 -3.27418e-11
32 1.45519e-10 9.56873e-08 -1.88265e-10
33 7.27596e-11 -2.10329e-08 -1.67438e-09
34 -1.81899e-10 2.62791e-08 4.73437e-09
35 -2.18279e-11 4.3616e-08 -2.04909e-09
36 -1.16415e-10 2.27699e-08 1.87765e-09
37 -2.18279e-11 -2.51243e-08 -1.49248e-09
38 8.00355e-11 -4.07479e-08 1.437e-10
39 -8.73115e-11 7.65002e-08 5.6707e-10
40 -1.38243e-10 4.14405e-08 -9.47239e-10
41 -7.27596e-12 2.4746e-08 7.83984e-10
42 8.73115e-11 -9.14405e-08 1.93722e-10
43 0 2.01033e-08 1.4461e-09
44 -5.09317e-11 2.02378e-08 -3.24098e-09
45 2.03727e-10 -2.13669e-08 1.73168e-09
46 5.09317e-11 -7.62013e-08 -5.34237e-09
47 -5.09317e-11 -2.35306e-08 6.341e-09
48 2.18279e-11 5.45604e-08 -2.5907e-09
49 2.18279e-11 -1.33918e-08 -1.87492e-09
50 -7.27596e-12 -3.44031e-08 1.87947e-09
51 1.52795e-10 5.21158e-09 -1.48702e-09
52 -2.18279e-11 -3.26858e-08 2.51475e-10
53 2.54659e-10 -5.3044e-09 -1.75032e-09
54 -2.03727e-10 1.79651e-08 3.42425e-10
55 1.01863e-10 -2.20567e-08 1.80898e-09
56 2.6921e-10 3.31985e-08 2.47337e-09
57 2.11003e-10 -1.90714e-08 -3.84398e-09
58 2.83762e-10 -2.32599e-08 6.00267e-11
59 -2.18279e-11 3.25483e-08 3.66072e-10
60 3.49246e-10 1.72137e-08 -3.08273e-09
61 -1.67347e-10 8.22061e-08 4.87535e-09
62 1.23691e-10 -4.37791e-08 -7.71342e-09
63 2.11003e-10 9.32191e-08 4.18277e-09
64 -3.85626e-10 -6.36682e-08 1.52068e-09
65 1.16415e-10 1.41774e-08 -1.9686e-09
66 -8.73115e-11 -4.31163e-08 4.69254e-09
67 -1.60071e-10 -2.63106e-08 2.49656e-10
68 -1.96451e-10 1.29649e-08 -2.46973e-09
69 2.32831e-10 -5.28646e-08 -7.22139e-10
70 -1.16415e-10 -2.34848e-08 -3.7744e-11
71 -5.82077e-11 1.99022e-08 7.89896e-10
72 -2.18279e-11 -7.34389e-08 -1.15142e-09
73 1.45519e-10 4.91876e-09 2.12049e-09
74 -3.85626e-10 5.05591e-08 -1.46883e-10
75 1.30967e-10 -5.88891e-08 -8.57654e-10
76 -1.23691e-10 -8.96459e-08 6.88033e-10
77 1.45519e-11 3.29153e-08 3.01497e-10
78 -1.09139e-10 -5.42197e-08 -1.67483e-09
79 6.54836e-11 -6.52476e-09 1.97997e-09
80 -2.6921e-10 1.55604e-08 -2.18006e-09
