26 0.0559156 -0.0699542 -3.14038e-12
27 -1.36189e-05 -1.47583e-05 -4.08704e-08
28 0.00736486 0.00471332 1.82013e-05
29 -4.43615e-08 7.03983e-08 6.42103e-10
30 2.33067e-08 -5.1966e-08 2.51885e-09
31 4.73042e-08 -8.46082e-08 3.60524e-09
32 1.22782e-09 2.03499e-09 -7.45786e-10
33 -1.84764e-08 1.44369e-08 -2.30716e-09
34 -3.34362e-08 6.25203e-08 2.20552e-09
35 -3.52748e-09 1.97747e-09 7.04631e-10
36 4.51791e-09 -5.50631e-09 -5.21914e-09
37 2.68337e-08 -4.89783e-08 3.99223e-09
38 -6.45268e-08 1.11625e-07 3.1896e-09
39 1.22177e-08 -1.2818e-08 4.10296e-09
40 -5.41149e-10 2.63124e-08 -8.21387e-09
41 1.85723e-08 -3.57441e-08 2.68255e-09
42 4.47367e-08 -6.95218e-08 4.55975e-09
43 -2.69897e-08 1.72226e-08 -3.67049e-09
44 -1.5747e-08 3.2441e-08 -2.0168e-10
45 3.62288e-08 -6.24352e-08 -3.27418e-11
46 -3.34667e-08 6.65368e-08 5.55247e-10
47 -3.5493e-08 3.29883e-08 4.93401e-11
48 2.67423e-08 -3.22414e-08 3.94743e-09
49 4.10009e-08 -4.96898e-08 -7.73662e-09
50 -7.4831e-08 1.00573e-07 5.93218e-09
51 8.90632e-08 -1.2668e-07 -3.54999e-09
52 -4.8829e-08 8.98222e-08 1.74759e-09
53 -2.88101e-08 4.11344e-08 -8.22456e-09
54 2.54668e-08 -3.93607e-08 1.14269e-08
55 -4.53088e-08 6.69861e-08 -8.87758e-09
56 3.10015e-08 -5.48409e-08 1.96997e-09
57 -3.12543e-08 5.37268e-08 1.53682e-09
58 3.40265e-08 -4.89053e-08 1.96906e-09
59 1.19871e-08 -2.73271e-08 -3.08341e-09
60 9.00764e-08 -1.3769e-07 4.41378e-09
61 -9.7597e-08 1.23274e-07 -4.44925e-09
62 3.26681e-08 -2.21291e-08 -1.9179e-09
63 -1.17507e-09 -6.60384e-09 -2.75782e-09
64 -1.11763e-08 3.72893e-08 4.57271e-09
65 -5.09613e-08 7.20834e-08 1.65778e-09
66 -1.77047e-08 2.11958e-08 -6.25391e-09
67 6.61857e-08 -9.65188e-08 8.60587e-09
68 -1.71431e-08 1.43382e-08 -2.60434e-09
69 -1.95987e-08 4.70643e-08 -1.27511e-09
70 -3.35676e-08 4.76375e-08 7.56609e-09
71 -2.57182e-08 4.31814e-08 -5.32145e-09
72 1.22153e-07 -2.12394e-07 2.98951e-09
73 1.03673e-08 -4.8567e-10 -1.17552e-09
74 -6.95791e-08 1.0448e-07 -1.30171e-09
75 8.25535e-08 -1.14351e-07 2.26009e-10
76 -3.74002e-08 5.30565e-08 -9.34051e-10
77 8.68204e-09 -2.87307e-08 -5.54792e-10
78 6.18388e-08 -6.2317e-08 2.32512e-09
79 -7.70078e-08 1.08069e-07 1.20599e-09
80 -1.95951e-09 -3.26768e-08 1.17666e-09
