26 -0.605234 0.205721 -1.79996e-10
27 -2.20187e-07 1.17582e-05 -2.64845e-09
28 -0.00367923 -0.115581 -6.02025e-07
29 2447.87 557.044 8.11269e-10
30 2210.19 1101.39 1.35879e-09
31 1998.57 1318.26 -1.90994e-10
32 2021.3 1349.98 6.4756e-10
33 2014.87 1333.38 -1.92813e-10
34 2014.76 1322.89 -1.29512e-09
35 2013.82 1312.93 1.83718e-09
36 2013.58 1303.03 -1.56433e-09
37 2013.34 1293.5 1.97906e-09
38 2013.26 1284.22 5.47516e-10
39 2013.2 1275.14 -2.0591e-09
40 2013.17 1266.23 -4.91127e-10
41 2013.27 1257.48 1.65346e-09
42 2013.38 1248.91 -2.41926e-10
43 2013.54 1240.48 -2.09548e-09
44 2013.69 1232.14 1.0823e-09
45 2013.88 1223.92 1.38243e-09
46 2014.08 1215.82 -1.6189e-10
47 2014.31 1207.8 -1.84991e-09
48 2014.54 1199.87 1.58798e-09
49 2014.79 1192.06 -1.6571e-09
50 2015.05 1184.33 -9.87711e-10
51 2015.33 1176.69 1.50976e-09
52 2015.6 1169.11 -1.04956e-09
53 2015.88 1161.62 -4.16549e-10
54 2016.18 1154.21 1.49703e-09
55 2016.47 1146.86 -1.10231e-09
56 2016.77 1139.59 1.35151e-09
57 2017.07 1132.4 -2.24099e-09
58 2017.38 1125.26 1.63709e-09
59 2017.69 1118.2 -2.03909e-09
60 2017.99 1111.2 -9.93168e-10
61 2018.31 1104.27 1.55342e-09
62 2018.62 1097.41 6.25732e-10
63 2018.93 1090.61 1.63709e-10
64 2019.24 1083.87 9.02219e-10
65 2019.56 1077.2 -1.43882e-09
66 2019.87 1070.59 1.59525e-09
67 2020.19 1064.04 -2.47019e-09
68 2020.5 1057.55 1.7244e-09
69 2020.82 1051.11 1.34605e-10
70 2021.13 1044.74 -1.93177e-09
71 2021.45 1038.42 1.74805e-09
72 2021.77 1032.16 2.25555e-10
73 2022.08 1025.95 -1.67529e-09
74 2022.4 1019.8 1.37879e-09
75 2022.72 1013.71 7.53062e-10
76 2023.03 1007.67 -3.89264e-10
77 2023.35 1001.68 2.63753e-10
78 2023.66 995.75 1.36424e-10
79 2023.98 989.872 1.12777e-09
80 2024.29 984.046 -1.68438e-09
