26 1.97085 -0.311448 5.12003e-09
27 -0.000558347 -2.38215e-05 -7.27232e-09
28 -0.397326 -0.0256664 6.99748e-06
29 0.000635154 9.47006e-05 1.29166e-08
30 7.27596e-12 6.03334e-08 2.88219e-09
31 -2.32831e-10 3.74899e-08 4.94765e-10
32 -5.09317e-11 -7.53529e-08 7.376e-10
33 -7.27596e-12 5.99344e-08 1.36424e-11
34 1.23691e-10 -1.12629e-07 9.27685e-10
35 9.45874e-11 -2.35555e-08 -1.19735e-09
36 -8.00355e-11 -6.72731e-08 -6.59384e-11
37 7.27596e-11 5.19905e-08 -3.08319e-10
38 -1.09139e-10 2.08216e-08 -7.53971e-10
39 5.09317e-11 -1.37219e-07 -2.09093e-09
40 1.01863e-10 5.77616e-08 3.42652e-09
41 -3.63798e-11 -2.88905e-08 5.8435e-10
42 -1.23691e-10 4.24414e-08 -1.96906e-09
43 -5.82077e-11 -6.11649e-08 -3.53339e-10
44 1.45519e-10 1.2461e-07 3.14003e-09
45 -1.30967e-10 -5.02401e-09 5.73891e-10
46 -8.73115e-11 2.26651e-08 -7.70979e-09
47 -1.60071e-10 -4.84693e-08 3.19142e-09
48 -5.09317e-11 1.89743e-08 6.53927e-10
49 -2.11003e-10 3.03983e-08 -1.13369e-09
50 2.47383e-10 7.79141e-08 3.77986e-09
51 -8.00355e-11 -1.86628e-08 -2.06774e-09
52 1.01863e-10 2.32808e-08 -1.78716e-10
53 -3.63798e-11 2.45484e-08 -8.94943e-10
54 0 -1.61358e-08 4.3201e-10
55 -7.27596e-12 -4.58403e-08 -1.18553e-09
56 -2.11003e-10 -2.37263e-08 2.90947e-09
57 -1.16415e-10 3.41917e-08 -3.18505e-09
58 -2.11003e-10 4.25298e-08 9.03583e-10
59 -1.74623e-10 -6.5285e-08 -1.06684e-09
60 -2.6921e-10 2.46437e-08 -1.23191e-09
61 -4.36557e-11 -8.97766e-08 4.55202e-09
62 -2.91038e-11 1.72819e-07 -2.01726e-09
63 1.30967e-10 -1.18117e-07 3.07955e-09
64 1.81899e-10 3.98766e-08 4.7612e-10
65 -2.91038e-11 3.94724e-08 3.90173e-10
66 1.52795e-10 -8.32673e-08 -8.6402e-10
67 -4.36557e-11 1.80631e-08 -1.29148e-10
68 2.54659e-10 5.90919e-08 6.9349e-10
69 1.16415e-10 -1.5022e-08 -3.71301e-09
70 2.32831e-10 6.11616e-08 1.60753e-09
71 -1.45519e-10 -3.68778e-08 4.18368e-11
72 -1.60071e-10 2.74371e-08 -3.18414e-09
73 1.96451e-10 -3.20796e-08 9.23592e-10
74 2.03727e-10 2.86754e-08 3.34194e-09
75 2.03727e-10 1.51145e-08 -2.78305e-09
76 2.25555e-10 2.85443e-08 -1.99452e-09
77 5.82077e-11 3.23616e-08 3.16277e-09
78 1.89175e-10 -8.34945e-09 -4.41378e-09
79 2.18279e-11 -3.34724e-08 2.31466e-10
80 9.45874e-11 4.59803e-08 5.27962e-10
