26 3.16072e-09 -4.67231e-08 2.1722e-09
27 2.51991e-05 -3.52304e-05 2.03605e-05
28 2.15379e-05 -2.87441e-05 1.58703e-05
29 1.37528e-05 -5.20861e-05 8.33278e-06
30 1.36109e-05 -5.08449e-05 8.37681e-06
31 1.44164e-05 -5.1625e-05 8.46538e-06
32 1.43734e-05 -5.15461e-05 8.40808e-06
33 1.43856e-05 -5.15882e-05 8.40698e-06
34 1.43939e-05 -5.16099e-05 8.40451e-06
35 1.44044e-05 -5.16304e-05 8.40298e-06
36 1.44164e-05 -5.16471e-05 8.40207e-06
37 1.44274e-05 -5.16624e-05 8.40111e-06
38 1.44404e-05 -5.16759e-05 8.40083e-06
39 1.44531e-05 -5.16883e-05 8.40048e-06
40 1.44649e-05 -5.1701e-05 8.40032e-06
41 1.44788e-05 -5.17115e-05 8.40059e-06
42 1.44922e-05 -5.17209e-05 8.40076e-06
43 1.45066e-05 -5.17293e-05 8.40114e-06
44 1.45203e-05 -5.17384e-05 8.40151e-06
45 1.45345e-05 -5.17467e-05 8.40199e-06
46 1.45488e-05 -5.17541e-05 8.40248e-06
47 1.45633e-05 -5.17619e-05 8.4031e-06
48 1.45777e-05 -5.17694e-05 8.4037e-06
49 1.45921e-05 -5.17762e-05 8.40435e-06
50 1.46066e-05 -5.17829e-05 8.40503e-06
51 1.46213e-05 -5.17892e-05 8.40577e-06
52 1.46358e-05 -5.17959e-05 8.40647e-06
53 1.46504e-05 -5.18023e-05 8.40721e-06
54 1.46652e-05 -5.18085e-05 8.40801e-06
55 1.46798e-05 -5.18149e-05 8.40882e-06
56 1.46945e-05 -5.18213e-05 8.40964e-06
57 1.47093e-05 -5.18272e-05 8.41046e-06
58 1.47243e-05 -5.18334e-05 8.41131e-06
59 1.47394e-05 -5.18395e-05 8.41214e-06
60 1.47542e-05 -5.18458e-05 8.41296e-06
61 1.47691e-05 -5.18517e-05 8.4138e-06
62 1.47842e-05 -5.18577e-05 8.41465e-06
63 1.47991e-05 -5.18637e-05 8.41548e-06
64 1.4814e-05 -5.18696e-05 8.41632e-06
65 1.4829e-05 -5.18755e-05 8.41715e-06
66 1.48439e-05 -5.18813e-05 8.41799e-06
67 1.48589e-05 -5.18871e-05 8.41882e-06
68 1.48739e-05 -5.18929e-05 8.41966e-06
69 1.48889e-05 -5.18987e-05 8.42049e-06
70 1.49039e-05 -5.19045e-05 8.42132e-06
71 1.49189e-05 -5.19103e-05 8.42215e-06
72 1.49339e-05 -5.1916e-05 8.42298e-06
73 1.49489e-05 -5.19218e-05 8.4238e-06
74 1.49639e-05 -5.19275e-05 8.42462e-06
75 1.4979e-05 -5.19333e-05 8.42544e-06
76 1.4994e-05 -5.1939e-05 8.42626e-06
77 1.5009e-05 -5.19447e-05 8.42708e-06
78 1.50241e-05 -5.19505e-05 8.42789e-06
79 1.50391e-05 -5.19562e-05 8.4287e-06
80 1.50541e-05 -5.19619e-05 8.42951e-06
