26 1.95147e-09 -4.81114e-08 2.41746e-10
27 5.26376e-06 -5.88911e-05 1.6748e-05
28 6.05163e-06 -4.71138e-05 1.29325e-05
29 5.43362e-06 -6.19793e-05 7.13124e-06
30 5.26765e-06 -6.07636e-05 7.12875e-06
31 5.9645e-06 -6.16758e-05 7.24306e-06
32 5.98143e-06 -6.15253e-05 7.18902e-06
33 5.9947e-06 -6.1566e-05 7.18798e-06
34 6.00542e-06 -6.1585e-05 7.18614e-06
35 6.01743e-06 -6.16037e-05 7.18484e-06
36 6.03021e-06 -6.16195e-05 7.18431e-06
37 6.04209e-06 -6.16337e-05 7.18359e-06
38 6.05526e-06 -6.1647e-05 7.18359e-06
39 6.06827e-06 -6.1659e-05 7.18339e-06
40 6.08025e-06 -6.16716e-05 7.18334e-06
41 6.09366e-06 -6.16826e-05 7.18386e-06
42 6.10684e-06 -6.16922e-05 7.18413e-06
43 6.12084e-06 -6.17012e-05 7.1847e-06
44 6.13405e-06 -6.17108e-05 7.18514e-06
45 6.14775e-06 -6.17199e-05 7.18572e-06
46 6.16144e-06 -6.1728e-05 7.18629e-06
47 6.17525e-06 -6.17365e-05 7.18698e-06
48 6.18898e-06 -6.17449e-05 7.18765e-06
49 6.20265e-06 -6.17525e-05 7.18834e-06
50 6.21641e-06 -6.17601e-05 7.18907e-06
51 6.23032e-06 -6.17674e-05 7.18987e-06
52 6.24408e-06 -6.1775e-05 7.19059e-06
53 6.25786e-06 -6.17824e-05 7.19137e-06
54 6.27183e-06 -6.17896e-05 7.1922e-06
55 6.28551e-06 -6.17971e-05 7.19304e-06
56 6.29934e-06 -6.18045e-05 7.19387e-06
57 6.31325e-06 -6.18115e-05 7.19473e-06
58 6.32736e-06 -6.18188e-05 7.19561e-06
59 6.34152e-06 -6.1826e-05 7.19651e-06
60 6.35546e-06 -6.18333e-05 7.19734e-06
61 6.36948e-06 -6.18403e-05 7.19821e-06
62 6.38359e-06 -6.18475e-05 7.1991e-06
63 6.39763e-06 -6.18545e-05 7.19996e-06
64 6.41165e-06 -6.18615e-05 7.20081e-06
65 6.42571e-06 -6.18685e-05 7.20167e-06
66 6.43976e-06 -6.18754e-05 7.20253e-06
67 6.45385e-06 -6.18823e-05 7.20339e-06
68 6.46792e-06 -6.18892e-05 7.20424e-06
69 6.48201e-06 -6.1896e-05 7.2051e-06
70 6.49611e-06 -6.19029e-05 7.20595e-06
71 6.51023e-06 -6.19097e-05 7.2068e-06
72 6.52434e-06 -6.19165e-05 7.20765e-06
73 6.53848e-06 -6.19234e-05 7.20849e-06
74 6.55264e-06 -6.19302e-05 7.20934e-06
75 6.56677e-06 -6.1937e-05 7.21018e-06
76 6.58091e-06 -6.19438e-05 7.21102e-06
77 6.59507e-06 -6.19506e-05 7.21185e-06
78 6.60925e-06 -6.19573e-05 7.21269e-06
79 6.62341e-06 -6.19641e-05 7.21352e-06
80 6.63758e-06 -6.19709e-05 7.21435e-06
