26 -0.148427 -0.0689636 2.04745e-11
27 6.1707e-06 -9.54398e-06 3.76394e-08
28 -0.0101739 0.00388374 -2.4774e-05
29 5.57457e-08 1.32804e-07 -3.48291e-09
30 -3.15308e-08 -4.72694e-08 -1.71349e-09
31 2.17483e-08 1.98638e-08 2.15277e-09
32 1.60662e-09 -1.30719e-08 2.58933e-09
33 -2.29861e-08 -1.92754e-08 2.86173e-09
34 -1.10808e-08 -2.58676e-08 -2.56932e-09
35 4.06494e-08 9.53489e-08 2.66482e-10
36 -1.03282e-08 -2.78949e-08 -1.52022e-09
37 -1.35287e-09 -2.71234e-09 -3.94039e-09
38 3.06113e-08 5.01648e-08 1.92676e-09
39 4.19459e-08 9.19274e-08 -4.45698e-09
40 3.76303e-08 6.91796e-08 7.39237e-09
41 -6.01744e-08 -8.50173e-08 -3.98904e-09
42 8.33961e-09 -1.00999e-09 -4.2246e-10
43 8.13807e-08 1.40857e-07 -3.09183e-09
44 4.04425e-08 1.05531e-07 4.9904e-09
45 -3.57172e-08 -7.91565e-08 3.92447e-09
46 2.8318e-08 5.28448e-08 -6.24277e-09
47 5.25638e-08 7.65499e-08 8.0945e-11
48 3.78577e-09 1.9872e-08 -3.276e-09
49 1.00249e-08 3.17925e-08 1.8249e-09
50 6.80666e-09 -5.93013e-09 9.47693e-09
51 3.60628e-08 7.01623e-08 -3.60478e-09
52 4.06612e-08 6.58702e-08 -1.98543e-09
53 -9.82359e-08 -1.71038e-07 4.98358e-09
54 7.00561e-08 1.57268e-07 -3.8408e-09
55 -1.32509e-08 -4.31723e-08 1.28421e-09
56 -3.12557e-08 -4.14084e-08 -1.64209e-09
57 1.97083e-08 4.23709e-08 -2.01135e-09
58 1.04678e-07 2.04704e-07 1.9063e-09
59 4.96984e-08 6.16058e-08 -3.50974e-09
60 2.78787e-08 6.08784e-08 5.92718e-09
61 -1.74769e-08 -3.17907e-08 -3.76258e-09
62 6.51926e-08 1.17569e-07 4.72619e-09
63 -5.93086e-08 -6.83947e-08 -7.29642e-09
64 -4.58795e-09 -1.33775e-08 1.427e-09
65 -1.37302e-08 -4.36241e-08 5.03178e-09
66 -1.94796e-08 -4.70925e-08 -6.14955e-09
67 -1.58057e-08 -3.6699e-08 7.20775e-09
68 -8.15044e-08 -1.53837e-07 -1.51294e-09
69 2.86182e-08 3.65842e-08 1.14233e-09
70 -1.8299e-09 2.34566e-08 -1.12145e-08
71 6.71444e-08 1.25433e-07 1.19576e-08
72 3.09524e-08 4.40498e-08 -7.22821e-09
73 -4.67408e-08 -1.16955e-07 7.26004e-09
74 -9.62636e-08 -1.49161e-07 -2.59797e-09
75 -1.24846e-08 -3.21422e-08 -2.15005e-09
76 7.76899e-08 1.2069e-07 3.73711e-09
77 -3.42343e-08 -4.87134e-08 6.07588e-09
78 4.44561e-09 8.98217e-09 -6.12954e-09
79 -5.23078e-08 -8.92817e-08 -2.21371e-09
80 -4.20232e-09 4.65889e-09 -6.4374e-09
