26 -0.263406 -0.205838 -3.26922e-10
27 0.000345441 -0.00153365 7.73434e-09
28 0.00367898 -0.142483 9.14428e-07
29 307.101 70.6678 -1.68347e-09
30 -2.16305e-08 -2.08925e-08 6.44832e-10
31 5.72982e-11 -4.94401e-09 1.1587e-09
32 2.28329e-08 5.59203e-09 -1.45519e-11
33 2.16814e-08 -5.16275e-09 1.36424e-11
34 -6.21367e-09 5.42855e-09 -6.1209e-10
35 -1.8762e-08 3.84262e-11 -3.34694e-10
36 1.23964e-09 -5.2828e-09 2.13004e-09
37 -2.73485e-09 3.63798e-12 -9.13133e-10
38 2.80097e-08 -1.47793e-11 -4.20187e-10
39 -9.68066e-09 -4.6839e-11 -1.34241e-09
40 -9.10131e-09 5.29803e-09 -3.81988e-11
41 4.6939e-09 -5.37352e-09 1.34605e-09
42 -2.56632e-08 -3.36513e-11 9.69521e-10
43 1.09394e-08 -5.63887e-11 2.30102e-10
44 -1.30694e-08 -4.91127e-11 -3.09228e-10
45 3.1464e-08 5.27052e-09 1.90994e-11
46 -1.2491e-08 -6.59384e-11 1.09139e-11
47 -7.91169e-09 -7.07132e-11 -1.50067e-10
48 1.03228e-08 -5.07043e-11 -3.72893e-10
49 2.80479e-08 5.25733e-09 -1.67347e-09
50 -9.06948e-09 -6.43468e-11 1.70257e-09
51 -1.01691e-08 -5.20686e-11 -1.8108e-09
52 2.69665e-08 -4.1382e-11 7.71252e-10
53 1.43864e-08 -5.36897e-09 9.27685e-11
54 -1.5385e-08 -6.16183e-11 -6.6575e-10
55 -1.04319e-09 -6.5711e-11 3.69255e-10
56 -4.79231e-08 5.2587e-09 9.11314e-10
57 -7.90624e-09 5.2562e-09 8.34007e-10
58 1.10094e-08 -7.70797e-11 -3.97449e-10
59 -5.06952e-09 5.25142e-09 -6.41194e-10
60 -4.77485e-10 -7.09406e-11 7.09406e-11
61 3.66845e-08 5.25915e-09 -1.68166e-09
62 1.60335e-08 -5.79803e-11 1.78261e-10
63 -6.2455e-09 5.24915e-09 4.48381e-10
64 2.01489e-08 -6.23004e-11 -6.6666e-10
65 -1.36743e-08 -6.27551e-11 5.62068e-10
66 6.67569e-10 5.26734e-09 -1.21872e-10
67 9.85256e-09 -4.8658e-11 -3.4197e-10
68 1.32995e-08 5.24551e-09 1.45519e-10
69 -2.74758e-09 -6.13909e-11 -1.32059e-09
70 -1.19062e-08 5.26393e-09 6.68479e-10
71 1.04055e-08 5.24369e-09 -5.55701e-10
72 -2.51039e-08 5.25142e-09 1.26602e-09
73 2.97778e-08 -5.37784e-09 3.12866e-10
74 -7.94989e-09 -5.09317e-11 -2.89219e-10
75 8.2764e-11 5.2346e-09 6.82121e-11
76 -9.65429e-09 -5.22959e-11 6.64841e-10
77 1.20845e-08 -5.37375e-09 3.92902e-10
78 1.27011e-08 -7.23048e-11 -1.04774e-09
79 9.76343e-09 -6.13909e-11 -5.62977e-10
80 -1.88202e-08 -5.8435e-11 1.13414e-09
