26 2.20956e-09 -4.63035e-08 -6.72584e-10
27 -3.52542e-06 -7.4788e-05 -8.89573e-06
28 -7.04693e-07 -5.84056e-05 -7.40951e-06
29 1.64094e-06 -6.93227e-05 -3.58162e-06
30 1.48524e-06 -6.79019e-05 -3.68012e-06
31 2.11348e-06 -6.909e-05 -3.66127e-06
32 2.16012e-06 -6.88634e-05 -3.6444e-06
33 2.17397e-06 -6.89023e-05 -3.64421e-06
34 2.1856e-06 -6.89211e-05 -3.64238e-06
35 2.19829e-06 -6.89388e-05 -3.64153e-06
36 2.2113e-06 -6.89557e-05 -3.64037e-06
37 2.22354e-06 -6.89701e-05 -3.63956e-06
38 2.23666e-06 -6.8985e-05 -3.63869e-06
39 2.24974e-06 -6.89976e-05 -3.63814e-06
40 2.26173e-06 -6.90108e-05 -3.63773e-06
41 2.27479e-06 -6.90245e-05 -3.63691e-06
42 2.2878e-06 -6.90352e-05 -3.63654e-06
43 2.30144e-06 -6.90465e-05 -3.63594e-06
44 2.31439e-06 -6.90575e-05 -3.63566e-06
45 2.32774e-06 -6.90683e-05 -3.63532e-06
46 2.34108e-06 -6.90781e-05 -3.63501e-06
47 2.35449e-06 -6.90885e-05 -3.63475e-06
48 2.36783e-06 -6.90986e-05 -3.63452e-06
49 2.3811e-06 -6.9108e-05 -3.63433e-06
50 2.39443e-06 -6.91174e-05 -3.63413e-06
51 2.40788e-06 -6.91267e-05 -3.63391e-06
52 2.42123e-06 -6.91359e-05 -3.63379e-06
53 2.43456e-06 -6.9145e-05 -3.63365e-06
54 2.44805e-06 -6.91542e-05 -3.63349e-06
55 2.46126e-06 -6.91635e-05 -3.63337e-06
56 2.4746e-06 -6.91728e-05 -3.63326e-06
57 2.48803e-06 -6.91818e-05 -3.63312e-06
58 2.50163e-06 -6.9191e-05 -3.63298e-06
59 2.51526e-06 -6.92003e-05 -3.63278e-06
60 2.52873e-06 -6.92095e-05 -3.6327e-06
61 2.54226e-06 -6.92184e-05 -3.63258e-06
62 2.55586e-06 -6.92276e-05 -3.63242e-06
63 2.5694e-06 -6.92365e-05 -3.63233e-06
64 2.58293e-06 -6.92454e-05 -3.63224e-06
65 2.5965e-06 -6.92542e-05 -3.63214e-06
66 2.61007e-06 -6.9263e-05 -3.63204e-06
67 2.62366e-06 -6.92718e-05 -3.63196e-06
68 2.63725e-06 -6.92805e-05 -3.63187e-06
69 2.65085e-06 -6.92892e-05 -3.63178e-06
70 2.66446e-06 -6.92979e-05 -3.6317e-06
71 2.67809e-06 -6.93065e-05 -3.63162e-06
72 2.69172e-06 -6.93152e-05 -3.63153e-06
73 2.70538e-06 -6.93238e-05 -3.63146e-06
74 2.71906e-06 -6.93325e-05 -3.63138e-06
75 2.73271e-06 -6.93411e-05 -3.6313e-06
76 2.74637e-06 -6.93497e-05 -3.63123e-06
77 2.76005e-06 -6.93582e-05 -3.63115e-06
78 2.77376e-06 -6.93668e-05 -3.63108e-06
79 2.78745e-06 -6.93753e-05 -3.631e-06
80 2.80114e-06 -6.93839e-05 -3.63093e-06
