26 1.8794e-09 -4.526e-08 -1.18163e-09
27 -9.20728e-06 -5.92589e-05 -1.6741e-05
28 -5.35006e-06 -4.56856e-05 -1.35949e-05
29 -7.03644e-07 -6.29321e-05 -6.97118e-06
30 -9.02551e-07 -6.13879e-05 -7.07538e-06
31 -2.78143e-07 -6.25699e-05 -7.1044e-06
32 -2.18488e-07 -6.23783e-05 -7.06373e-06
33 -2.04418e-07 -6.24177e-05 -7.06297e-06
34 -1.91772e-07 -6.24394e-05 -7.06014e-06
35 -1.78555e-07 -6.24585e-05 -7.05861e-06
36 -1.64957e-07 -6.24771e-05 -7.05704e-06
37 -1.52271e-07 -6.24927e-05 -7.05579e-06
38 -1.38744e-07 -6.25087e-05 -7.05476e-06
39 -1.25389e-07 -6.25222e-05 -7.05403e-06
40 -1.13193e-07 -6.25359e-05 -7.05351e-06
41 -9.98031e-08 -6.25505e-05 -7.05274e-06
42 -8.66463e-08 -6.25617e-05 -7.05239e-06
43 -7.27783e-08 -6.25737e-05 -7.05189e-06
44 -5.97411e-08 -6.25849e-05 -7.05172e-06
45 -4.62816e-08 -6.25961e-05 -7.05153e-06
46 -3.28484e-08 -6.26061e-05 -7.05138e-06
47 -1.93831e-08 -6.26167e-05 -7.05133e-06
48 -5.9927e-09 -6.2627e-05 -7.0513e-06
49 7.30118e-09 -6.26364e-05 -7.05133e-06
50 2.06542e-08 -6.26459e-05 -7.05137e-06
51 3.4136e-08 -6.26553e-05 -7.05141e-06
52 4.7474e-08 -6.26646e-05 -7.05152e-06
53 6.0794e-08 -6.26737e-05 -7.05165e-06
54 7.42887e-08 -6.26829e-05 -7.05177e-06
55 8.74689e-08 -6.26922e-05 -7.05195e-06
56 1.00792e-07 -6.27014e-05 -7.05213e-06
57 1.142e-07 -6.27103e-05 -7.05228e-06
58 1.27781e-07 -6.27196e-05 -7.05245e-06
59 1.41428e-07 -6.2729e-05 -7.05255e-06
60 1.54863e-07 -6.27381e-05 -7.05276e-06
61 1.68361e-07 -6.27469e-05 -7.05295e-06
62 1.81947e-07 -6.27561e-05 -7.0531e-06
63 1.95457e-07 -6.2765e-05 -7.05331e-06
64 2.08951e-07 -6.27738e-05 -7.05353e-06
65 2.22481e-07 -6.27825e-05 -7.05374e-06
66 2.36013e-07 -6.27912e-05 -7.05395e-06
67 2.49568e-07 -6.27999e-05 -7.05417e-06
68 2.63118e-07 -6.28085e-05 -7.05439e-06
69 2.76677e-07 -6.28172e-05 -7.05461e-06
70 2.90245e-07 -6.28258e-05 -7.05483e-06
71 3.0384e-07 -6.28343e-05 -7.05506e-06
72 3.17429e-07 -6.28429e-05 -7.05528e-06
73 3.31039e-07 -6.28515e-05 -7.05551e-06
74 3.44675e-07 -6.286e-05 -7.05574e-06
75 3.58285e-07 -6.28685e-05 -7.05597e-06
76 3.71901e-07 -6.2877e-05 -7.0562e-06
77 3.85541e-07 -6.28855e-05 -7.05643e-06
78 3.99198e-07 -6.28939e-05 -7.05666e-06
79 4.12845e-07 -6.29024e-05 -7.05689e-06
80 4.26498e-07 -6.29108e-05 -7.05712e-06
