26 0.191103 -1.01686 -3.42055e-10
27 -3.45851e-06 -8.86439e-06 7.66249e-09
28 0.00211774 -0.00667707 1.35826e-05
29 -2.27947e-06 5.03625e-06 -1.0417e-07
30 -1.55665e-08 1.10132e-06 -5.02109e-09
31 -7.83417e-07 1.80113e-07 2.91784e-08
32 -7.19873e-07 2.25039e-07 2.39377e-08
33 8.23702e-08 6.97214e-08 -3.18528e-09
34 -1.32317e-07 -1.01012e-07 -4.37353e-09
35 9.04938e-08 6.49966e-08 -1.28625e-09
36 1.18989e-08 1.0448e-08 1.03171e-08
37 -2.84085e-08 -2.36832e-08 -4.36444e-09
38 -3.40515e-09 8.89827e-09 -1.3838e-09
39 1.19904e-07 8.74643e-08 3.50792e-09
40 -1.43869e-07 -1.1955e-07 3.34694e-10
41 2.96054e-08 2.7605e-08 -4.0734e-09
42 7.70087e-08 6.79145e-08 2.0741e-09
43 -3.71215e-08 -2.29793e-08 -5.52632e-09
44 1.23964e-08 2.29043e-08 -1.92813e-10
45 9.6843e-09 -1.40258e-08 3.99837e-09
46 1.06511e-08 1.05406e-08 -6.11294e-09
47 -3.58123e-08 -2.95786e-08 -7.2248e-09
48 2.09934e-08 1.24237e-08 8.76162e-09
49 4.36858e-08 4.0199e-08 2.78374e-09
50 5.37798e-08 1.74077e-08 8.90623e-10
51 -7.94862e-08 -3.84002e-08 -2.82694e-09
52 3.72347e-08 9.7059e-09 -3.9272e-09
53 -1.47661e-08 -1.11781e-08 6.55223e-09
54 3.24917e-09 1.83527e-08 -5.44219e-09
55 -7.12866e-08 -6.33777e-08 1.96837e-09
56 -1.38702e-08 -2.109e-08 -2.23986e-09
57 -9.79567e-08 -8.36674e-08 -3.065e-09
58 6.04864e-08 5.50722e-08 5.31236e-09
59 4.23934e-08 3.46474e-08 3.88945e-09
60 7.95171e-09 8.0945e-10 -7.23003e-09
61 -4.80682e-08 -4.76764e-08 2.79078e-09
62 -1.06934e-08 -7.77709e-09 5.316e-10
63 1.31149e-08 -1.62506e-08 -5.70481e-09
64 -1.08715e-07 -6.92564e-08 5.83054e-09
65 6.18038e-08 4.44745e-08 -1.65619e-09
66 -1.43499e-07 -1.16744e-07 -1.8008e-09
67 -3.14762e-08 -1.59175e-08 5.26052e-09
68 7.78405e-08 5.26297e-08 -6.47356e-09
69 -1.02633e-07 -8.94836e-08 4.88308e-09
70 -3.68586e-08 -2.61432e-08 5.64114e-10
71 5.07084e-08 2.47524e-08 -1.93404e-09
72 -1.14687e-09 1.45531e-08 -1.16916e-09
73 -8.55871e-08 -6.2076e-08 -4.58385e-10
74 -1.64382e-08 -1.69291e-08 -1.09594e-09
75 5.83764e-08 4.78035e-08 2.85581e-09
76 1.55992e-08 5.62682e-09 5.02268e-09
77 -2.65895e-08 -7.06677e-10 -1.01752e-08
78 -1.21463e-08 -2.86389e-08 4.78576e-09
79 8.17286e-08 6.41046e-08 2.55977e-09
80 -3.18805e-08 -2.70832e-08 -7.84462e-09
