26 0.354374 0.280948 4.64138e-11
27 1.29942e-05 -3.73124e-05 -7.29942e-08
28 -0.00382296 -0.0419839 -9.85215e-05
29 3.32493e-08 2.02479e-08 -2.31557e-09
30 7.54881e-09 -6.95479e-09 8.4583e-10
31 3.24444e-08 3.37718e-09 -7.83984e-10
32 1.6501e-08 -3.44619e-09 2.68665e-09
33 2.09639e-08 -5.17616e-09 -2.34922e-09
34 -3.23425e-08 9.47512e-09 2.52658e-09
35 4.6914e-08 -3.83545e-09 -1.62254e-09
36 -5.24878e-08 1.01284e-08 -6.21185e-10
37 -2.04668e-08 1.38186e-08 -1.45428e-09
38 8.97057e-08 -3.71922e-08 4.82942e-10
39 -3.91437e-08 1.02899e-08 1.13323e-09
40 -5.45942e-08 2.68761e-08 7.82165e-11
41 5.04451e-08 -2.22772e-08 2.77032e-09
42 -2.15532e-08 -9.33824e-10 -7.00311e-10
43 3.45481e-08 -6.30314e-09 1.28239e-10
44 -7.90087e-08 3.5698e-08 1.01591e-09
45 1.23778e-08 -1.47451e-08 1.67256e-09
46 9.24547e-09 9.61859e-09 -6.96036e-09
47 -3.01379e-08 -3.66754e-10 3.67254e-09
48 3.79032e-08 -3.25736e-09 3.86899e-09
49 1.8978e-08 -1.07235e-08 -4.40286e-09
50 -1.28093e-08 7.37896e-09 2.39015e-09
51 -3.62988e-08 1.47498e-08 -3.2469e-09
52 -2.59161e-08 -1.09203e-08 3.30965e-09
53 -3.76845e-08 1.6797e-08 -7.25777e-10
54 4.32647e-09 8.15385e-09 -1.88265e-10
55 -2.3103e-08 -3.25394e-09 -1.88902e-09
56 4.94683e-08 -6.71321e-10 2.76395e-09
57 -1.6053e-08 -4.34625e-10 5.89353e-10
58 -5.19972e-08 2.08393e-08 -3.87172e-09
59 2.32371e-08 -1.20043e-08 2.94676e-10
60 -5.16616e-08 2.04253e-08 2.52203e-09
61 -7.37136e-08 3.09917e-08 -1.00408e-09
62 1.13034e-07 -4.74945e-08 3.11411e-09
63 -6.02568e-08 2.47556e-08 -1.65619e-09
64 9.21045e-09 7.74264e-09 1.31695e-09
65 -7.23098e-08 2.56833e-08 3.04681e-10
66 -1.43718e-08 1.40767e-08 -2.20371e-09
67 -3.33498e-08 4.33272e-09 -1.76442e-09
68 -8.04539e-09 -8.76594e-09 9.74978e-10
69 1.22345e-08 2.82262e-09 1.78079e-09
70 7.56818e-08 -4.14927e-08 -1.20053e-09
71 -3.56522e-09 1.285e-09 2.91857e-09
72 1.08203e-08 -5.98902e-10 3.40151e-10
73 5.08148e-08 -9.20204e-09 -9.09495e-11
74 -5.10677e-08 1.51401e-08 -5.52245e-09
75 1.88575e-08 -7.66306e-09 1.64255e-09
76 6.10271e-10 -1.55819e-08 4.2528e-09
77 -1.38107e-09 1.21121e-08 -2.11185e-09
78 -2.40839e-08 1.1313e-08 -7.27596e-12
79 4.95174e-09 -1.42845e-08 -3.0268e-09
80 4.04548e-08 -2.04606e-08 4.00178e-09
