26 4.05987e-09 -4.5996e-08 2.85574e-09
27 3.24745e-05 -2.94826e-05 1.9768e-05
28 2.7213e-05 -2.42609e-05 1.54298e-05
29 1.67061e-05 -4.97525e-05 7.95246e-06
30 1.65822e-05 -4.84973e-05 8.00693e-06
31 1.74164e-05 -4.92547e-05 8.07698e-06
32 1.73535e-05 -4.91915e-05 8.02426e-06
33 1.73653e-05 -4.92339e-05 8.02322e-06
34 1.73727e-05 -4.92563e-05 8.0208e-06
35 1.73827e-05 -4.92772e-05 8.01935e-06
36 1.73943e-05 -4.92942e-05 8.01842e-06
37 1.7405e-05 -4.93098e-05 8.01749e-06
38 1.74179e-05 -4.93234e-05 8.01717e-06
39 1.74304e-05 -4.93359e-05 8.01682e-06
40 1.74422e-05 -4.93486e-05 8.01665e-06
41 1.74561e-05 -4.93591e-05 8.01685e-06
42 1.74696e-05 -4.93683e-05 8.01698e-06
43 1.74842e-05 -4.93767e-05 8.01729e-06
44 1.74979e-05 -4.93857e-05 8.01762e-06
45 1.75124e-05 -4.93939e-05 8.01805e-06
46 1.75268e-05 -4.94012e-05 8.01848e-06
47 1.75415e-05 -4.94088e-05 8.01904e-06
48 1.75561e-05 -4.94161e-05 8.01958e-06
49 1.75707e-05 -4.94228e-05 8.02017e-06
50 1.75854e-05 -4.94292e-05 8.02079e-06
51 1.76004e-05 -4.94354e-05 8.02146e-06
52 1.76152e-05 -4.94419e-05 8.0221e-06
53 1.763e-05 -4.9448e-05 8.02278e-06
54 1.76451e-05 -4.9454e-05 8.02351e-06
55 1.766e-05 -4.94602e-05 8.02425e-06
56 1.7675e-05 -4.94664e-05 8.025e-06
57 1.769e-05 -4.94721e-05 8.02575e-06
58 1.77054e-05 -4.9478e-05 8.02653e-06
59 1.77207e-05 -4.94838e-05 8.02728e-06
60 1.77358e-05 -4.94899e-05 8.02803e-06
61 1.77511e-05 -4.94956e-05 8.0288e-06
62 1.77664e-05 -4.95014e-05 8.02957e-06
63 1.77816e-05 -4.95071e-05 8.03034e-06
64 1.77968e-05 -4.95129e-05 8.0311e-06
65 1.78121e-05 -4.95185e-05 8.03187e-06
66 1.78273e-05 -4.95241e-05 8.03263e-06
67 1.78426e-05 -4.95297e-05 8.0334e-06
68 1.78578e-05 -4.95352e-05 8.03416e-06
69 1.78731e-05 -4.95408e-05 8.03492e-06
70 1.78884e-05 -4.95463e-05 8.03569e-06
71 1.79037e-05 -4.95519e-05 8.03644e-06
72 1.7919e-05 -4.95574e-05 8.0372e-06
73 1.79343e-05 -4.9563e-05 8.03796e-06
74 1.79496e-05 -4.95685e-05 8.03871e-06
75 1.79649e-05 -4.9574e-05 8.03946e-06
76 1.79802e-05 -4.95795e-05 8.04021e-06
77 1.79955e-05 -4.9585e-05 8.04095e-06
78 1.80109e-05 -4.95905e-05 8.0417e-06
79 1.80262e-05 -4.9596e-05 8.04244e-06
80 1.80415e-05 -4.96015e-05 8.04318e-06
