26 1.26371e-09 -4.42026e-08 -1.88564e-09
27 -1.69732e-05 -4.65221e-05 -1.99405e-05
28 -1.16354e-05 -3.5374e-05 -1.61038e-05
29 -3.95468e-06 -5.7603e-05 -8.37742e-06
30 -4.19565e-06 -5.59891e-05 -8.4733e-06
31 -3.5893e-06 -5.71422e-05 -8.52792e-06
32 -3.51023e-06 -5.69822e-05 -8.47726e-06
33 -3.49577e-06 -5.70223e-05 -8.47616e-06
34 -3.48186e-06 -5.70461e-05 -8.47298e-06
35 -3.46794e-06 -5.70663e-05 -8.47118e-06
36 -3.45365e-06 -5.70861e-05 -8.46949e-06
37 -3.44041e-06 -5.71026e-05 -8.46809e-06
38 -3.42644e-06 -5.71193e-05 -8.46704e-06
39 -3.41277e-06 -5.71333e-05 -8.46625e-06
40 -3.40034e-06 -5.71474e-05 -8.46569e-06
41 -3.38665e-06 -5.71625e-05 -8.46501e-06
42 -3.37335e-06 -5.7174e-05 -8.46469e-06
43 -3.3593e-06 -5.71862e-05 -8.46428e-06
44 -3.3462e-06 -5.71976e-05 -8.46418e-06
45 -3.33268e-06 -5.72088e-05 -8.46408e-06
46 -3.31921e-06 -5.72189e-05 -8.46402e-06
47 -3.30575e-06 -5.72295e-05 -8.46409e-06
48 -3.29237e-06 -5.72398e-05 -8.46417e-06
49 -3.27912e-06 -5.72492e-05 -8.46431e-06
50 -3.26581e-06 -5.72586e-05 -8.46448e-06
51 -3.25238e-06 -5.72679e-05 -8.46465e-06
52 -3.23912e-06 -5.7277e-05 -8.46489e-06
53 -3.22588e-06 -5.7286e-05 -8.46515e-06
54 -3.21247e-06 -5.72951e-05 -8.46542e-06
55 -3.1994e-06 -5.73042e-05 -8.46574e-06
56 -3.18618e-06 -5.73132e-05 -8.46606e-06
57 -3.17287e-06 -5.7322e-05 -8.46637e-06
58 -3.1594e-06 -5.73311e-05 -8.46669e-06
59 -3.14583e-06 -5.73404e-05 -8.46695e-06
60 -3.13252e-06 -5.73493e-05 -8.46731e-06
61 -3.11913e-06 -5.7358e-05 -8.46765e-06
62 -3.10565e-06 -5.7367e-05 -8.46796e-06
63 -3.09226e-06 -5.73756e-05 -8.46832e-06
64 -3.07889e-06 -5.73842e-05 -8.46869e-06
65 -3.06549e-06 -5.73928e-05 -8.46905e-06
66 -3.05208e-06 -5.74013e-05 -8.46942e-06
67 -3.03865e-06 -5.74097e-05 -8.46979e-06
68 -3.02523e-06 -5.74182e-05 -8.47016e-06
69 -3.0118e-06 -5.74266e-05 -8.47054e-06
70 -2.99836e-06 -5.7435e-05 -8.47092e-06
71 -2.98489e-06 -5.74434e-05 -8.47129e-06
72 -2.97144e-06 -5.74517e-05 -8.47167e-06
73 -2.95796e-06 -5.74601e-05 -8.47206e-06
74 -2.94445e-06 -5.74684e-05 -8.47244e-06
75 -2.93097e-06 -5.74767e-05 -8.47282e-06
76 -2.91749e-06 -5.7485e-05 -8.4732e-06
77 -2.90398e-06 -5.74932e-05 -8.47358e-06
78 -2.89046e-06 -5.75015e-05 -8.47397e-06
79 -2.87694e-06 -5.75097e-05 -8.47435e-06
80 -2.86342e-06 -5.75179e-05 -8.47473e-06
