26 -5.33087e-09 -3.90704e-08 -3.88573e-09
27 -5.68766e-05 -1.35452e-05 -1.49133e-05
28 -4.37632e-05 -8.81513e-06 -1.20193e-05
29 -2.08623e-05 -4.36493e-05 -6.35353e-06
30 -2.12048e-05 -4.19374e-05 -6.34357e-06
31 -2.07535e-05 -4.29688e-05 -6.41879e-06
32 -2.05724e-05 -4.28933e-05 -6.38269e-06
33 -2.05547e-05 -4.29359e-05 -6.38081e-06
34 -2.0535e-05 -4.29645e-05 -6.37892e-06
35 -2.05175e-05 -4.29877e-05 -6.37759e-06
36 -2.05003e-05 -4.301e-05 -6.37665e-06
37 -2.04844e-05 -4.30287e-05 -6.37573e-06
38 -2.04687e-05 -4.30469e-05 -6.37522e-06
39 -2.04536e-05 -4.30621e-05 -6.37475e-06
40 -2.04402e-05 -4.30771e-05 -6.3744e-06
41 -2.04256e-05 -4.30929e-05 -6.37423e-06
42 -2.04119e-05 -4.31048e-05 -6.37412e-06
43 -2.03974e-05 -4.31175e-05 -6.37409e-06
44 -2.03842e-05 -4.31288e-05 -6.37413e-06
45 -2.03708e-05 -4.31401e-05 -6.37422e-06
46 -2.03574e-05 -4.31502e-05 -6.37434e-06
47 -2.03443e-05 -4.31605e-05 -6.37455e-06
48 -2.03313e-05 -4.31704e-05 -6.37476e-06
49 -2.03186e-05 -4.31794e-05 -6.375e-06
50 -2.03058e-05 -4.31884e-05 -6.37527e-06
51 -2.0293e-05 -4.31973e-05 -6.37556e-06
52 -2.02804e-05 -4.32059e-05 -6.37586e-06
53 -2.02679e-05 -4.32143e-05 -6.37619e-06
54 -2.02552e-05 -4.32228e-05 -6.37654e-06
55 -2.0243e-05 -4.32312e-05 -6.37691e-06
56 -2.02306e-05 -4.32396e-05 -6.37729e-06
57 -2.02182e-05 -4.32477e-05 -6.37767e-06
58 -2.02056e-05 -4.32561e-05 -6.37808e-06
59 -2.01928e-05 -4.32647e-05 -6.37846e-06
60 -2.01804e-05 -4.32729e-05 -6.37887e-06
61 -2.01679e-05 -4.32809e-05 -6.37927e-06
62 -2.01553e-05 -4.32892e-05 -6.37968e-06
63 -2.01429e-05 -4.32971e-05 -6.3801e-06
64 -2.01305e-05 -4.33049e-05 -6.38052e-06
65 -2.0118e-05 -4.33127e-05 -6.38094e-06
66 -2.01055e-05 -4.33205e-05 -6.38136e-06
67 -2.00931e-05 -4.33282e-05 -6.38179e-06
68 -2.00806e-05 -4.33358e-05 -6.38221e-06
69 -2.00682e-05 -4.33435e-05 -6.38264e-06
70 -2.00557e-05 -4.33511e-05 -6.38307e-06
71 -2.00432e-05 -4.33587e-05 -6.3835e-06
72 -2.00307e-05 -4.33663e-05 -6.38394e-06
73 -2.00182e-05 -4.33738e-05 -6.38437e-06
74 -2.00057e-05 -4.33814e-05 -6.38481e-06
75 -1.99932e-05 -4.33889e-05 -6.38525e-06
76 -1.99807e-05 -4.33964e-05 -6.38568e-06
77 -1.99682e-05 -4.34039e-05 -6.38612e-06
78 -1.99556e-05 -4.34113e-05 -6.38656e-06
79 -1.99431e-05 -4.34188e-05 -6.387e-06
80 -1.99306e-05 -4.34262e-05 -6.38744e-06
