26 1.11571e-09 -3.53493e-08 -2.00799e-08
27 1.47392e-06 7.1496e-06 -6.07583e-05
28 2.71935e-06 4.17193e-06 -4.67708e-05
29 1.61182e-06 -3.94008e-05 -1.28149e-05
30 1.79117e-06 -3.80297e-05 -1.2844e-05
31 2.17099e-06 -3.87616e-05 -1.28999e-05
32 2.22449e-06 -3.87462e-05 -1.28478e-05
33 2.24247e-06 -3.87907e-05 -1.28435e-05
34 2.2533e-06 -3.88159e-05 -1.28406e-05
35 2.26688e-06 -3.88383e-05 -1.28388e-05
36 2.27985e-06 -3.88563e-05 -1.28378e-05
37 2.29259e-06 -3.88729e-05 -1.28367e-05
38 2.30586e-06 -3.88867e-05 -1.28365e-05
39 2.31929e-06 -3.88995e-05 -1.28363e-05
40 2.3319e-06 -3.89123e-05 -1.28363e-05
41 2.34507e-06 -3.89225e-05 -1.28368e-05
42 2.35839e-06 -3.89315e-05 -1.28372e-05
43 2.37204e-06 -3.89394e-05 -1.28379e-05
44 2.38533e-06 -3.89479e-05 -1.28386e-05
45 2.39892e-06 -3.89555e-05 -1.28395e-05
46 2.41242e-06 -3.89622e-05 -1.28404e-05
47 2.42599e-06 -3.8969e-05 -1.28415e-05
48 2.43952e-06 -3.89756e-05 -1.28426e-05
49 2.45303e-06 -3.89815e-05 -1.28437e-05
50 2.46655e-06 -3.89871e-05 -1.28449e-05
51 2.48011e-06 -3.89923e-05 -1.28461e-05
52 2.49365e-06 -3.8998e-05 -1.28473e-05
53 2.50717e-06 -3.90032e-05 -1.28486e-05
54 2.52076e-06 -3.90082e-05 -1.285e-05
55 2.53414e-06 -3.90134e-05 -1.28513e-05
56 2.54764e-06 -3.90186e-05 -1.28527e-05
57 2.56118e-06 -3.90233e-05 -1.28541e-05
58 2.5748e-06 -3.90282e-05 -1.28555e-05
59 2.58841e-06 -3.9033e-05 -1.28569e-05
60 2.60195e-06 -3.90381e-05 -1.28584e-05
61 2.61553e-06 -3.90427e-05 -1.28598e-05
62 2.62911e-06 -3.90475e-05 -1.28612e-05
63 2.64268e-06 -3.90522e-05 -1.28627e-05
64 2.65624e-06 -3.90569e-05 -1.28641e-05
65 2.66982e-06 -3.90615e-05 -1.28656e-05
66 2.68338e-06 -3.90661e-05 -1.2867e-05
67 2.69696e-06 -3.90706e-05 -1.28685e-05
68 2.71053e-06 -3.90752e-05 -1.28699e-05
69 2.7241e-06 -3.90797e-05 -1.28714e-05
70 2.73767e-06 -3.90842e-05 -1.28728e-05
71 2.75125e-06 -3.90887e-05 -1.28743e-05
72 2.76482e-06 -3.90932e-05 -1.28758e-05
73 2.7784e-06 -3.90977e-05 -1.28772e-05
74 2.79199e-06 -3.91023e-05 -1.28787e-05
75 2.80555e-06 -3.91067e-05 -1.28801e-05
76 2.81912e-06 -3.91112e-05 -1.28816e-05
77 2.83269e-06 -3.91157e-05 -1.28831e-05
78 2.84627e-06 -3.91202e-05 -1.28845e-05
79 2.85984e-06 -3.91247e-05 -1.2886e-05
80 2.8734e-06 -3.91291e-05 -1.28874e-05
