26 -0.0301962 -0.0642542 3.476e-12
27 7.5575e-06 -7.98631e-06 2.10057e-08
28 -0.0119217 0.00050199 -2.95486e-05
29 -7.31461e-08 -1.76184e-07 -9.33142e-10
30 -5.63227e-08 -1.55013e-07 6.70707e-09
31 6.89006e-08 1.79024e-07 -3.47973e-09
32 8.75425e-08 1.94261e-07 1.06365e-08
33 -1.50753e-08 -2.21528e-08 -4.92446e-09
34 -4.66034e-08 -1.28052e-07 8.62019e-09
35 -2.10957e-09 -2.35264e-09 4.03907e-09
36 -6.80225e-08 -1.6787e-07 -4.0859e-09
37 1.55892e-08 4.4362e-08 9.84619e-09
38 1.07999e-07 2.71831e-07 -1.2727e-08
39 -4.85684e-08 -1.26864e-07 9.95669e-09
40 7.93784e-08 1.69049e-07 8.59973e-09
41 -5.59071e-08 -1.03873e-07 -2.66982e-09
42 1.5635e-07 3.4849e-07 -1.29694e-09
43 -1.94501e-07 -4.49805e-07 -4.11592e-09
44 9.06671e-08 2.25392e-07 1.05615e-08
45 1.22891e-08 3.90456e-08 -1.55524e-09
46 3.78218e-08 8.39873e-08 -2.79761e-09
47 3.47022e-08 1.11847e-07 -2.04682e-09
48 3.24721e-08 4.12151e-08 5.31054e-09
49 2.74449e-08 7.58598e-08 -3.4056e-09
50 -2.68788e-08 -4.79132e-08 -7.2605e-09
51 -2.42972e-08 -7.3832e-08 -3.60023e-09
52 -1.31755e-07 -3.26472e-07 6.98037e-09
53 2.29334e-08 6.10963e-08 -2.9022e-09
54 8.97571e-08 2.07237e-07 -2.68801e-09
55 -1.29808e-08 -1.50894e-08 1.96678e-09
56 3.61497e-08 8.22383e-08 6.30462e-09
57 6.27151e-08 1.45636e-07 -5.89353e-10
58 2.37005e-08 6.57308e-08 -1.42199e-09
59 -3.73529e-08 -6.20158e-08 -4.07817e-09
60 4.5537e-08 9.61398e-08 7.07632e-09
61 -8.13111e-08 -1.97557e-07 5.14819e-09
62 2.55855e-08 4.75862e-08 9.19317e-09
63 -1.11022e-08 -1.63403e-08 -8.40191e-09
64 -1.58016e-08 -4.36324e-08 -3.17459e-09
65 7.31507e-08 1.60677e-07 7.7207e-09
66 -4.84088e-08 -9.59591e-08 -1.57252e-09
67 3.81197e-08 9.42601e-08 -6.98219e-09
68 3.82834e-08 1.06761e-07 2.67028e-09
69 2.08124e-08 2.63977e-08 4.13684e-09
70 2.87523e-08 5.22934e-08 9.27821e-09
71 -1.8461e-07 -4.46259e-07 -5.22687e-09
72 -6.61203e-09 6.85418e-10 1.1546e-09
73 1.91386e-07 4.41965e-07 -3.62797e-09
74 -1.15783e-07 -2.76096e-07 1.00467e-08
75 -1.42897e-07 -3.42666e-07 -3.44789e-09
76 3.31447e-08 6.47022e-08 4.88035e-09
77 5.52695e-08 1.38622e-07 1.0732e-09
78 -3.60797e-09 4.4497e-10 2.53385e-09
79 -7.81133e-08 -1.94763e-07 -1.54741e-08
80 8.09646e-08 1.84947e-07 -1.80262e-09
