26 1.95313e-09 -4.81328e-08 -1.45085e-10
27 1.88115e-06 -6.52486e-05 1.44025e-05
28 3.44555e-06 -5.20104e-05 1.10602e-05
29 3.98614e-06 -6.47001e-05 6.19776e-06
30 3.82216e-06 -6.34803e-05 6.18061e-06
31 4.49454e-06 -6.44387e-05 6.29243e-06
32 4.5226e-06 -6.42673e-05 6.2439e-06
33 4.53609e-06 -6.43076e-05 6.24294e-06
34 4.54716e-06 -6.43259e-05 6.24146e-06
35 4.55944e-06 -6.43441e-05 6.24035e-06
36 4.57232e-06 -6.43597e-05 6.24e-06
37 4.58434e-06 -6.43737e-05 6.23942e-06
38 4.5975e-06 -6.4387e-05 6.23952e-06
39 4.61054e-06 -6.43989e-05 6.23941e-06
40 4.62253e-06 -6.44115e-05 6.2394e-06
41 4.63582e-06 -6.44228e-05 6.23999e-06
42 4.64894e-06 -6.44325e-05 6.24028e-06
43 4.66282e-06 -6.44417e-05 6.24089e-06
44 4.67593e-06 -6.44515e-05 6.24133e-06
45 4.68951e-06 -6.44608e-05 6.24191e-06
46 4.70307e-06 -6.44691e-05 6.24248e-06
47 4.71673e-06 -6.4478e-05 6.24315e-06
48 4.73033e-06 -6.44866e-05 6.2438e-06
49 4.74385e-06 -6.44945e-05 6.24446e-06
50 4.75745e-06 -6.45024e-05 6.24517e-06
51 4.7712e-06 -6.451e-05 6.24593e-06
52 4.7848e-06 -6.45179e-05 6.24662e-06
53 4.79841e-06 -6.45255e-05 6.24736e-06
54 4.81221e-06 -6.45331e-05 6.24815e-06
55 4.82572e-06 -6.45409e-05 6.24894e-06
56 4.83937e-06 -6.45487e-05 6.24973e-06
57 4.8531e-06 -6.4556e-05 6.25054e-06
58 4.86702e-06 -6.45637e-05 6.25139e-06
59 4.88099e-06 -6.45712e-05 6.25224e-06
60 4.89476e-06 -6.45789e-05 6.25303e-06
61 4.9086e-06 -6.45862e-05 6.25385e-06
62 4.92252e-06 -6.45937e-05 6.2547e-06
63 4.93638e-06 -6.46011e-05 6.25551e-06
64 4.95022e-06 -6.46085e-05 6.25631e-06
65 4.96409e-06 -6.46157e-05 6.25713e-06
66 4.97797e-06 -6.4623e-05 6.25794e-06
67 4.99187e-06 -6.46302e-05 6.25874e-06
68 5.00577e-06 -6.46374e-05 6.25955e-06
69 5.01968e-06 -6.46446e-05 6.26035e-06
70 5.03359e-06 -6.46518e-05 6.26116e-06
71 5.04754e-06 -6.4659e-05 6.26196e-06
72 5.06147e-06 -6.46662e-05 6.26276e-06
73 5.07543e-06 -6.46733e-05 6.26355e-06
74 5.08941e-06 -6.46805e-05 6.26435e-06
75 5.10337e-06 -6.46876e-05 6.26514e-06
76 5.11733e-06 -6.46948e-05 6.26593e-06
77 5.13132e-06 -6.47019e-05 6.26672e-06
78 5.14532e-06 -6.4709e-05 6.26751e-06
79 5.15931e-06 -6.47161e-05 6.26829e-06
80 5.17331e-06 -6.47232e-05 6.26907e-06
