26 0.496335 1.30503 2.16437e-10
27 1.1142e-05 -3.76573e-05 -7.26814e-08
28 -0.00487602 -0.0385894 -9.06154e-05
29 -6.82076e-09 -1.89393e-08 -5.79394e-09
30 -2.52871e-08 1.61892e-08 1.83809e-09
31 -2.36314e-08 -4.45198e-10 -1.10185e-09
32 4.54384e-08 -2.18836e-08 -1.1637e-09
33 -2.76514e-08 9.75604e-09 -1.89902e-09
34 1.90653e-08 -1.56967e-08 3.09137e-09
35 -4.71468e-08 7.86713e-09 -1.53386e-09
36 4.03679e-09 5.37977e-09 2.27828e-09
37 1.80639e-08 -1.35186e-08 -1.32331e-09
38 -4.55552e-08 1.08429e-08 -2.42153e-09
39 -1.16916e-09 -1.4968e-09 3.4961e-09
40 1.1717e-08 3.992e-09 3.01816e-09
41 3.78395e-08 3.73768e-09 -2.33331e-09
42 -3.79482e-08 1.68437e-08 2.83535e-09
43 2.81984e-08 -1.76814e-08 -3.7553e-09
44 1.98811e-08 -6.95911e-09 4.78849e-09
45 3.12493e-08 -2.16368e-08 -1.45747e-09
46 -6.10444e-08 3.48947e-08 -3.21916e-09
47 5.29139e-08 -2.52281e-08 1.91858e-09
48 4.26676e-08 -1.95853e-08 -9.48148e-10
49 -5.85846e-08 3.82724e-08 -1.69712e-09
50 4.86193e-08 -2.33006e-08 1.16415e-10
51 -5.11191e-08 3.29717e-08 2.48383e-09
52 5.47625e-08 -1.37007e-08 1.23146e-09
53 5.06302e-08 -1.67971e-08 -1.40699e-09
54 -1.40058e-08 -3.20756e-09 4.20187e-10
55 -7.81256e-10 4.93526e-09 -5.7571e-10
56 -1.60335e-08 -1.57798e-08 6.22549e-10
57 2.68274e-08 -1.50828e-09 -4.18368e-11
58 1.27084e-08 -1.59653e-08 -1.67438e-09
59 -2.47533e-08 9.57755e-09 3.4288e-10
60 4.92805e-08 -2.49345e-08 2.5193e-09
61 2.2103e-08 3.63355e-09 2.5052e-09
62 -3.62625e-08 5.11545e-09 -1.87765e-09
63 4.81646e-08 -1.61266e-08 -8.46285e-10
64 4.65707e-08 -3.52555e-08 -2.27465e-09
65 3.88768e-08 -8.53265e-09 2.46382e-09
66 -1.57829e-08 3.72711e-09 -1.9736e-10
67 -1.25242e-08 1.3908e-08 1.08639e-09
68 1.23773e-08 -7.36236e-10 5.63887e-10
69 2.31221e-08 -1.45833e-08 -3.7835e-10
70 -4.04025e-08 2.76242e-08 -3.36968e-09
71 1.18325e-08 -2.88014e-09 2.43699e-09
72 4.37171e-08 -1.32012e-08 -2.864e-09
73 -2.19534e-08 -7.06143e-09 -2.02272e-09
74 -1.42345e-08 4.60307e-09 -1.60799e-09
75 6.02076e-08 -1.73466e-08 -3.13457e-09
76 1.15056e-08 3.17493e-09 3.37059e-09
77 -5.44983e-08 9.0514e-09 1.33377e-09
78 -1.17275e-08 2.65743e-09 2.23372e-09
79 2.96936e-08 -1.7717e-09 -5.21959e-09
80 -9.55242e-09 8.65498e-10 1.95587e-09
