26 1.99738e-09 -4.80541e-08 -3.61532e-10
27 4.10226e-08 -6.9514e-05 1.23513e-05
28 2.03592e-06 -5.52766e-05 9.42673e-06
29 3.19087e-06 -6.65437e-05 5.36492e-06
30 3.02989e-06 -6.53166e-05 5.33677e-06
31 3.68725e-06 -6.63101e-05 5.44429e-06
32 3.72163e-06 -6.6124e-05 5.40092e-06
33 3.73525e-06 -6.6164e-05 5.40004e-06
34 3.7465e-06 -6.61819e-05 5.39887e-06
35 3.75892e-06 -6.61997e-05 5.39793e-06
36 3.77184e-06 -6.62152e-05 5.39773e-06
37 3.78393e-06 -6.62291e-05 5.39728e-06
38 3.79707e-06 -6.62424e-05 5.39747e-06
39 3.81012e-06 -6.62544e-05 5.39742e-06
40 3.82212e-06 -6.62669e-05 5.39745e-06
41 3.83532e-06 -6.62784e-05 5.39808e-06
42 3.8484e-06 -6.62882e-05 5.39839e-06
43 3.86219e-06 -6.62976e-05 5.39902e-06
44 3.87525e-06 -6.63076e-05 5.39945e-06
45 3.88874e-06 -6.6317e-05 5.40003e-06
46 3.90223e-06 -6.63255e-05 5.40059e-06
47 3.9158e-06 -6.63346e-05 5.40123e-06
48 3.92931e-06 -6.63434e-05 5.40186e-06
49 3.94274e-06 -6.63516e-05 5.40249e-06
50 3.95625e-06 -6.63596e-05 5.40317e-06
51 3.96989e-06 -6.63675e-05 5.4039e-06
52 3.98341e-06 -6.63756e-05 5.40455e-06
53 3.99692e-06 -6.63835e-05 5.40525e-06
54 4.01061e-06 -6.63913e-05 5.406e-06
55 4.02401e-06 -6.63993e-05 5.40675e-06
56 4.03756e-06 -6.64073e-05 5.40749e-06
57 4.05118e-06 -6.6415e-05 5.40826e-06
58 4.06499e-06 -6.64229e-05 5.40905e-06
59 4.07885e-06 -6.64306e-05 5.40986e-06
60 4.09251e-06 -6.64386e-05 5.4106e-06
61 4.10624e-06 -6.64462e-05 5.41138e-06
62 4.12005e-06 -6.64539e-05 5.41218e-06
63 4.1338e-06 -6.64616e-05 5.41294e-06
64 4.14753e-06 -6.64692e-05 5.4137e-06
65 4.1613e-06 -6.64767e-05 5.41446e-06
66 4.17507e-06 -6.64842e-05 5.41522e-06
67 4.18886e-06 -6.64917e-05 5.41598e-06
68 4.20266e-06 -6.64992e-05 5.41673e-06
69 4.21646e-06 -6.65066e-05 5.41749e-06
70 4.23027e-06 -6.6514e-05 5.41824e-06
71 4.2441e-06 -6.65215e-05 5.41899e-06
72 4.25793e-06 -6.65289e-05 5.41975e-06
73 4.27178e-06 -6.65363e-05 5.42049e-06
74 4.28566e-06 -6.65437e-05 5.42124e-06
75 4.29951e-06 -6.65511e-05 5.42198e-06
76 4.31337e-06 -6.65584e-05 5.42272e-06
77 4.32725e-06 -6.65658e-05 5.42346e-06
78 4.34115e-06 -6.65732e-05 5.42419e-06
79 4.35504e-06 -6.65805e-05 5.42493e-06
80 4.36893e-06 -6.65878e-05 5.42566e-06
