26 -0.0835056 0.016315 2.28857e-11
27 4.78039e-06 -9.28595e-06 1.68866e-08
28 -0.00620002 0.00504798 -1.27728e-05
29 -9.60736e-08 -8.07252e-08 -1.65983e-09
30 9.27853e-08 1.0307e-07 1.20281e-09
31 -1.32691e-08 -1.29921e-09 9.82254e-11
32 4.81773e-08 5.90212e-08 4.48176e-09
33 -6.25869e-08 -8.53568e-08 -7.18182e-09
34 1.62709e-08 2.19791e-08 4.16003e-09
35 -1.47174e-08 -2.41937e-08 -3.76144e-09
36 7.89232e-08 1.12158e-07 1.3913e-09
37 4.98617e-08 6.88067e-08 -6.44104e-09
38 -8.23429e-08 -1.1141e-07 3.47291e-09
39 2.46182e-08 7.54478e-08 6.80302e-10
40 8.78067e-08 1.1224e-07 5.27416e-09
41 -1.29894e-08 -1.58952e-08 -3.38969e-09
42 -5.13778e-08 -9.7813e-08 1.49748e-09
43 -1.79866e-08 5.23869e-09 7.80119e-10
44 5.23978e-08 6.07486e-08 -1.81899e-10
45 -7.74526e-08 -1.0904e-07 -3.22643e-09
46 5.18148e-08 6.23236e-08 8.79186e-09
47 -1.23509e-08 -2.44854e-08 -3.20324e-09
48 4.88799e-08 8.25391e-08 3.08023e-09
49 -3.42534e-08 -6.47424e-08 -2.10707e-09
50 -2.17806e-08 -2.44952e-08 -1.53e-09
51 -1.64446e-08 -5.25165e-09 -2.86354e-09
52 -4.5156e-08 -7.16923e-08 -3.44562e-09
53 8.50068e-08 9.72329e-08 7.16409e-09
54 -1.07616e-07 -1.42296e-07 6.02495e-09
55 2.92584e-08 3.38157e-08 -2.46428e-09
56 -2.09716e-08 -3.3577e-08 -3.03953e-09
57 -5.37875e-09 -9.7732e-09 9.26093e-10
58 -2.63631e-08 -3.10172e-08 3.8317e-09
59 4.36721e-08 5.74996e-08 -1.65073e-10
60 4.86675e-08 6.73056e-08 -2.48383e-09
61 -4.77744e-08 -6.91646e-08 5.32509e-09
62 -4.50409e-08 -6.16924e-08 -5.84146e-09
63 -2.94035e-08 -2.99765e-08 7.91488e-10
64 2.65572e-09 4.06249e-09 -6.87578e-10
65 3.7518e-08 4.92601e-08 2.96495e-09
66 1.28466e-08 1.58025e-09 -8.96694e-09
67 2.0586e-08 4.86136e-08 4.31965e-09
68 -4.74738e-08 -6.49409e-08 -3.13958e-09
69 2.23417e-09 -9.2175e-09 5.36261e-09
70 -4.67708e-09 -6.36442e-09 -2.18756e-09
71 8.6502e-08 1.13931e-07 2.48565e-09
72 -4.64397e-08 -6.05021e-08 -9.67702e-10
73 -5.10649e-08 -6.80373e-08 3.87081e-09
74 6.09675e-08 8.02945e-08 -2.38788e-09
75 9.22364e-09 -5.80485e-09 5.99675e-09
76 -1.06538e-08 7.34894e-09 -7.63566e-09
77 -3.34512e-09 -8.19682e-09 5.13705e-09
78 -5.57657e-08 -8.73119e-08 -2.05978e-09
79 -2.35832e-08 -3.6546e-08 4.28895e-09
80 -1.07152e-08 -6.60839e-09 1.34241e-09
