26 -0.0354129 0.0322579 1.84599e-11
27 2.5404e-06 -1.07364e-05 1.84168e-08
28 -0.00432991 0.00432889 -1.29585e-05
29 -1.59826e-08 -3.87986e-08 -4.15139e-09
30 5.58448e-08 7.96476e-08 5.76222e-09
31 -6.80984e-09 4.41332e-09 -4.41105e-10
32 3.32784e-09 7.45786e-11 -9.08119e-09
33 2.50366e-08 3.53018e-08 2.16414e-09
34 -3.82888e-08 -4.74422e-08 -1.59673e-09
35 -2.3103e-08 -3.39405e-08 1.70667e-09
36 1.0364e-07 1.33617e-07 7.31586e-09
37 -7.97759e-08 -9.28892e-08 -9.63951e-10
38 1.87956e-08 2.70586e-08 -1.99748e-09
39 5.71845e-08 7.61052e-08 5.45799e-09
40 -4.49859e-08 -6.18095e-08 -4.92685e-09
41 -4.49063e-09 -2.91702e-08 -1.66165e-09
42 2.53785e-08 4.35077e-08 5.62977e-10
43 -8.98535e-09 -2.71318e-08 2.82216e-09
44 2.75081e-08 4.87198e-08 -1.6671e-09
45 -3.15363e-08 -4.34532e-08 -9.06073e-09
46 -1.53868e-08 4.73551e-09 1.01003e-08
47 7.55308e-08 8.87412e-08 -9.6303e-09
48 -1.74928e-08 -3.07357e-08 9.04913e-09
49 -2.44681e-08 -2.01728e-08 -7.39578e-09
50 4.5934e-09 -1.62413e-09 3.51224e-09
51 -7.11952e-09 -1.15017e-08 8.06517e-09
52 2.35809e-08 1.17973e-08 -7.94842e-09
53 -4.60568e-08 -4.25755e-08 2.25918e-09
54 1.28825e-08 2.8572e-08 -5.26597e-10
55 1.23208e-07 1.5782e-07 -3.58909e-10
56 -4.96711e-08 -5.65281e-08 -5.26143e-10
57 -3.36913e-08 -3.1856e-08 6.38181e-09
58 -5.45697e-09 -1.91844e-08 -6.37283e-09
59 3.22034e-08 4.25578e-08 5.60522e-09
60 -2.70716e-08 -2.48961e-08 -1.68541e-09
61 -1.17243e-08 -2.14038e-08 -4.15753e-09
62 4.69258e-08 3.60451e-08 3.23223e-09
63 1.53177e-08 2.56364e-08 -1.30171e-10
64 -1.24687e-08 -2.49681e-08 1.08093e-09
65 2.84444e-08 6.78015e-08 -5.19196e-09
66 1.50194e-08 7.82256e-09 4.394e-09
67 -1.73168e-08 -3.26486e-08 2.19006e-09
68 1.53314e-08 3.23157e-08 -3.27179e-09
69 -6.04964e-08 -7.47025e-08 -7.96899e-09
70 2.73208e-08 2.1887e-08 4.89581e-09
71 5.56265e-08 8.303e-08 4.78735e-09
72 -9.66738e-08 -1.18572e-07 -7.23162e-09
73 9.04224e-08 1.05806e-07 3.64469e-09
74 -9.99962e-08 -1.17714e-07 6.20435e-09
75 4.94747e-08 4.42617e-08 2.52498e-10
76 -4.1493e-08 -4.09952e-08 -5.08237e-09
77 -5.33623e-08 -4.88274e-08 -2.46882e-09
78 5.69198e-08 3.23737e-08 -4.93594e-09
79 -7.08314e-09 -7.99355e-09 8.59222e-09
80 -4.20587e-08 -5.8481e-08 -3.39753e-09
