26 1.04984e-09 2.85081e-09 2.23835e-08
27 -1.13773e-06 0.000133733 7.80661e-05
28 -2.45843e-08 0.000105726 6.03166e-05
29 -1.8765e-06 -2.12469e-05 7.85729e-06
30 -1.68168e-06 -1.94013e-05 7.86587e-06
31 -1.29813e-06 -2.03642e-05 7.90937e-06
32 -1.24477e-06 -2.0393e-05 7.87058e-06
33 -1.22607e-06 -2.04408e-05 7.86843e-06
34 -1.21461e-06 -2.04742e-05 7.86703e-06
35 -1.20056e-06 -2.04999e-05 7.86621e-06
36 -1.18719e-06 -2.05234e-05 7.86606e-06
37 -1.17404e-06 -2.05432e-05 7.86576e-06
38 -1.16047e-06 -2.05612e-05 7.86613e-06
39 -1.14672e-06 -2.05761e-05 7.86636e-06
40 -1.13386e-06 -2.05903e-05 7.86674e-06
41 -1.12049e-06 -2.06047e-05 7.86762e-06
42 -1.10691e-06 -2.0615e-05 7.86829e-06
43 -1.09304e-06 -2.0626e-05 7.86921e-06
44 -1.07955e-06 -2.06353e-05 7.87005e-06
45 -1.06577e-06 -2.06444e-05 7.87102e-06
46 -1.05206e-06 -2.06523e-05 7.87198e-06
47 -1.03832e-06 -2.06601e-05 7.87306e-06
48 -1.02462e-06 -2.06675e-05 7.87411e-06
49 -1.01093e-06 -2.0674e-05 7.8752e-06
50 -9.97248e-07 -2.06803e-05 7.87632e-06
51 -9.8352e-07 -2.06864e-05 7.87749e-06
52 -9.69832e-07 -2.06923e-05 7.87861e-06
53 -9.56151e-07 -2.06978e-05 7.87977e-06
54 -9.42421e-07 -2.07034e-05 7.88099e-06
55 -9.28903e-07 -2.07088e-05 7.88222e-06
56 -9.15273e-07 -2.07142e-05 7.88344e-06
57 -9.016e-07 -2.07193e-05 7.88468e-06
58 -8.87855e-07 -2.07247e-05 7.88595e-06
59 -8.74108e-07 -2.07303e-05 7.88722e-06
60 -8.60445e-07 -2.07355e-05 7.88844e-06
61 -8.46735e-07 -2.07404e-05 7.88969e-06
62 -8.33042e-07 -2.07457e-05 7.89096e-06
63 -8.19344e-07 -2.07505e-05 7.8922e-06
64 -8.0566e-07 -2.07553e-05 7.89344e-06
65 -7.91953e-07 -2.07601e-05 7.89468e-06
66 -7.78269e-07 -2.07648e-05 7.89592e-06
67 -7.64567e-07 -2.07695e-05 7.89716e-06
68 -7.50875e-07 -2.07741e-05 7.8984e-06
69 -7.37183e-07 -2.07787e-05 7.89963e-06
70 -7.23495e-07 -2.07833e-05 7.90086e-06
71 -7.09794e-07 -2.07879e-05 7.90209e-06
72 -6.96105e-07 -2.07925e-05 7.90332e-06
73 -6.82407e-07 -2.0797e-05 7.90454e-06
74 -6.68702e-07 -2.08016e-05 7.90576e-06
75 -6.55019e-07 -2.08061e-05 7.90698e-06
76 -6.41341e-07 -2.08106e-05 7.9082e-06
77 -6.27652e-07 -2.08151e-05 7.90941e-06
78 -6.1396e-07 -2.08196e-05 7.91062e-06
79 -6.00276e-07 -2.08241e-05 7.91183e-06
80 -5.86599e-07 -2.08286e-05 7.91303e-06
