26 2.44834 -1.03178 2.31621e-09
27 3123.73 -0.218698 -5.3674e-07
28 3147.85 -405.797 -0.00190816
29 3621.25 -178.038 5.99804e-06
30 3650.02 435.365 -3.13325e-08
31 3631.15 438.111 -1.26711e-08
32 3640.21 441.367 -2.76941e-10
33 3637.16 443.458 2.76032e-10
34 3636.51 444.894 -1.2642e-10
35 3635.64 446.285 -6.59384e-11
36 3634.97 447.61 4.06544e-10
37 3634.32 448.843 -1.30785e-09
38 3633.79 449.983 -1.41881e-10
39 3633.25 450.953 9.85438e-10
40 3632.82 451.761 -9.60426e-10
41 3632.42 452.338 1.01272e-09
42 3631.93 452.61 -1.13823e-09
43 3631.51 453.089 3.58341e-10
44 3631.11 453.58 6.04814e-11
45 3630.74 454.096 9.33596e-10
46 3630.32 454.613 -6.18911e-10
47 3629.92 455.161 7.51243e-10
48 3629.54 455.716 -1.03637e-09
49 3629.17 456.294 2.18733e-10
50 3628.82 456.902 2.29647e-10
51 3628.5 457.534 -6.53472e-10
52 3628.21 458.215 2.05546e-10
53 3627.93 458.893 4.30191e-10
54 3627.68 459.577 -5.57975e-10
55 3627.46 460.301 8.19455e-10
56 3627.24 461.023 -7.87622e-10
57 3627.03 461.76 1.64755e-09
58 3626.84 462.519 -7.52607e-10
59 3626.66 463.289 2.34195e-10
60 3626.49 464.073 -1.7144e-10
61 3626.43 464.878 -5.29781e-10
62 3626.17 465.696 3.13776e-10
63 3626.05 466.496 -1.20917e-09
64 3625.91 467.324 7.43967e-10
65 3625.82 468.167 5.24324e-10
66 3625.69 469.006 -2.95586e-11
67 3625.58 469.875 -6.35737e-10
68 3625.49 470.741 -3.36513e-11
69 3625.42 471.621 -3.27418e-11
70 3625.35 472.51 -4.72937e-10
71 3625.3 473.404 -5.10227e-10
72 3625.25 474.304 6.2164e-10
73 3625.21 475.209 -2.81489e-10
74 3625.18 476.118 8.43556e-10
75 3625.15 477.031 -3.00133e-11
76 3625.14 477.948 -2.09639e-10
77 3625.13 478.867 1.04956e-09
78 3625.13 479.789 4.72482e-10
79 3625.13 480.714 -5.52063e-10
80 3625.14 481.64 -7.71252e-10
