26 5.95492e-09 -4.47703e-08 3.70856e-09
27 4.31691e-05 -2.2816e-05 1.7376e-05
28 3.55673e-05 -1.90537e-05 1.35826e-05
29 2.09343e-05 -4.7115e-05 6.72099e-06
30 2.08452e-05 -4.58383e-05 6.78729e-06
31 2.17093e-05 -4.65768e-05 6.82039e-06
32 2.16194e-05 -4.65305e-05 6.77949e-06
33 2.16306e-05 -4.65732e-05 6.7786e-06
34 2.16368e-05 -4.65965e-05 6.77647e-06
35 2.1646e-05 -4.66179e-05 6.77527e-06
36 2.16571e-05 -4.66352e-05 6.77441e-06
37 2.16672e-05 -4.66511e-05 6.77362e-06
38 2.16799e-05 -4.66647e-05 6.77328e-06
39 2.16923e-05 -4.66774e-05 6.77296e-06
40 2.1704e-05 -4.66902e-05 6.77282e-06
41 2.1718e-05 -4.67006e-05 6.77291e-06
42 2.17315e-05 -4.67098e-05 6.77299e-06
43 2.17463e-05 -4.67181e-05 6.77318e-06
44 2.17602e-05 -4.67269e-05 6.77343e-06
45 2.17748e-05 -4.6735e-05 6.77375e-06
46 2.17894e-05 -4.67422e-05 6.77408e-06
47 2.18044e-05 -4.67496e-05 6.7745e-06
48 2.18193e-05 -4.67568e-05 6.77493e-06
49 2.18342e-05 -4.67632e-05 6.77539e-06
50 2.18493e-05 -4.67695e-05 6.77588e-06
51 2.18646e-05 -4.67754e-05 6.7764e-06
52 2.18797e-05 -4.67817e-05 6.7769e-06
53 2.18949e-05 -4.67876e-05 6.77745e-06
54 2.19104e-05 -4.67934e-05 6.77802e-06
55 2.19256e-05 -4.67993e-05 6.77861e-06
56 2.1941e-05 -4.68053e-05 6.7792e-06
57 2.19564e-05 -4.68107e-05 6.7798e-06
58 2.19722e-05 -4.68164e-05 6.78041e-06
59 2.19879e-05 -4.6822e-05 6.78099e-06
60 2.20034e-05 -4.68279e-05 6.78159e-06
61 2.2019e-05 -4.68333e-05 6.78219e-06
62 2.20347e-05 -4.68389e-05 6.7828e-06
63 2.20504e-05 -4.68443e-05 6.7834e-06
64 2.2066e-05 -4.68498e-05 6.78401e-06
65 2.20816e-05 -4.68552e-05 6.78462e-06
66 2.20972e-05 -4.68605e-05 6.78522e-06
67 2.21129e-05 -4.68659e-05 6.78582e-06
68 2.21286e-05 -4.68712e-05 6.78643e-06
69 2.21442e-05 -4.68765e-05 6.78703e-06
70 2.21599e-05 -4.68818e-05 6.78763e-06
71 2.21756e-05 -4.68871e-05 6.78823e-06
72 2.21913e-05 -4.68924e-05 6.78883e-06
73 2.2207e-05 -4.68977e-05 6.78942e-06
74 2.22227e-05 -4.6903e-05 6.79001e-06
75 2.22384e-05 -4.69082e-05 6.7906e-06
76 2.22541e-05 -4.69135e-05 6.79119e-06
77 2.22698e-05 -4.69188e-05 6.79178e-06
78 2.22855e-05 -4.6924e-05 6.79237e-06
79 2.23012e-05 -4.69293e-05 6.79295e-06
80 2.23169e-05 -4.69345e-05 6.79353e-06
