26 9.1201e-09 -4.34674e-08 3.39657e-09
27 5.58886e-05 -1.74532e-05 1.04771e-05
28 4.55156e-05 -1.48598e-05 8.19665e-06
29 2.55872e-05 -4.51416e-05 3.42445e-06
30 2.55619e-05 -4.38388e-05 3.49889e-06
31 2.64238e-05 -4.45769e-05 3.45746e-06
32 2.63092e-05 -4.45413e-05 3.445e-06
33 2.63197e-05 -4.45843e-05 3.44446e-06
34 2.63244e-05 -4.46082e-05 3.44324e-06
35 2.63327e-05 -4.46299e-05 3.44271e-06
36 2.63432e-05 -4.46475e-05 3.44218e-06
37 2.63528e-05 -4.46637e-05 3.44178e-06
38 2.63652e-05 -4.46774e-05 3.44153e-06
39 2.63774e-05 -4.46902e-05 3.44136e-06
40 2.6389e-05 -4.4703e-05 3.44131e-06
41 2.6403e-05 -4.47134e-05 3.44123e-06
42 2.64166e-05 -4.47226e-05 3.44125e-06
43 2.64314e-05 -4.47308e-05 3.44124e-06
44 2.64455e-05 -4.47396e-05 3.44135e-06
45 2.64603e-05 -4.47476e-05 3.44146e-06
46 2.64751e-05 -4.47547e-05 3.44157e-06
47 2.64904e-05 -4.4762e-05 3.44173e-06
48 2.65056e-05 -4.47691e-05 3.4419e-06
49 2.65208e-05 -4.47754e-05 3.4421e-06
50 2.65361e-05 -4.47815e-05 3.44229e-06
51 2.65518e-05 -4.47873e-05 3.44249e-06
52 2.65672e-05 -4.47935e-05 3.44271e-06
53 2.65827e-05 -4.47992e-05 3.44294e-06
54 2.65986e-05 -4.48048e-05 3.44317e-06
55 2.66142e-05 -4.48106e-05 3.44343e-06
56 2.663e-05 -4.48164e-05 3.44368e-06
57 2.66458e-05 -4.48217e-05 3.44393e-06
58 2.66619e-05 -4.48272e-05 3.44417e-06
59 2.66781e-05 -4.48326e-05 3.44439e-06
60 2.66939e-05 -4.48383e-05 3.44464e-06
61 2.67099e-05 -4.48436e-05 3.44489e-06
62 2.6726e-05 -4.4849e-05 3.44512e-06
63 2.67421e-05 -4.48543e-05 3.44537e-06
64 2.6758e-05 -4.48596e-05 3.44562e-06
65 2.67741e-05 -4.48648e-05 3.44587e-06
66 2.67901e-05 -4.487e-05 3.44612e-06
67 2.68062e-05 -4.48752e-05 3.44636e-06
68 2.68222e-05 -4.48803e-05 3.44661e-06
69 2.68383e-05 -4.48855e-05 3.44685e-06
70 2.68543e-05 -4.48906e-05 3.44709e-06
71 2.68704e-05 -4.48957e-05 3.44734e-06
72 2.68865e-05 -4.49008e-05 3.44758e-06
73 2.69025e-05 -4.4906e-05 3.44781e-06
74 2.69186e-05 -4.49111e-05 3.44805e-06
75 2.69347e-05 -4.49162e-05 3.44829e-06
76 2.69508e-05 -4.49213e-05 3.44852e-06
77 2.69668e-05 -4.49264e-05 3.44875e-06
78 2.69829e-05 -4.49315e-05 3.44898e-06
79 2.6999e-05 -4.49366e-05 3.44921e-06
80 2.70151e-05 -4.49417e-05 3.44944e-06
