26 1.07166e-09 3.27088e-08 5.96234e-10
27 -2.43544e-08 0.00026945 -1.63637e-05
28 1.16039e-06 0.000207908 -1.55448e-05
29 -3.73855e-07 -9.87891e-06 -9.23512e-07
30 -1.85699e-07 -8.18918e-06 -1.00818e-06
31 1.96241e-07 -8.96962e-06 -9.53528e-07
32 2.49659e-07 -9.06367e-06 -9.5436e-07
33 2.68051e-07 -9.11588e-06 -9.54681e-07
34 2.79242e-07 -9.14981e-06 -9.53717e-07
35 2.93089e-07 -9.1765e-06 -9.53511e-07
36 3.06284e-07 -9.19879e-06 -9.52739e-07
37 3.1926e-07 -9.21854e-06 -9.52376e-07
38 3.32697e-07 -9.23465e-06 -9.517e-07
39 3.4631e-07 -9.24864e-06 -9.51396e-07
40 3.59063e-07 -9.26184e-06 -9.51185e-07
41 3.72345e-07 -9.27329e-06 -9.5038e-07
42 3.85817e-07 -9.28204e-06 -9.50084e-07
43 3.99591e-07 -9.29024e-06 -9.49451e-07
44 4.12998e-07 -9.29777e-06 -9.49186e-07
45 4.26697e-07 -9.30456e-06 -9.48799e-07
46 4.40316e-07 -9.31022e-06 -9.4845e-07
47 4.53985e-07 -9.31562e-06 -9.48109e-07
48 4.6761e-07 -9.32075e-06 -9.47794e-07
49 4.81218e-07 -9.3249e-06 -9.47515e-07
50 4.94832e-07 -9.32883e-06 -9.47214e-07
51 5.08489e-07 -9.33234e-06 -9.46864e-07
52 5.2211e-07 -9.33597e-06 -9.4663e-07
53 5.35725e-07 -9.33914e-06 -9.46369e-07
54 5.49392e-07 -9.34213e-06 -9.46055e-07
55 5.62854e-07 -9.34506e-06 -9.45797e-07
56 5.76427e-07 -9.34794e-06 -9.45537e-07
57 5.9004e-07 -9.3505e-06 -9.4524e-07
58 6.03731e-07 -9.35316e-06 -9.4493e-07
59 6.17422e-07 -9.356e-06 -9.44559e-07
60 6.31032e-07 -9.35872e-06 -9.44314e-07
61 6.44686e-07 -9.36106e-06 -9.44027e-07
62 6.58327e-07 -9.36367e-06 -9.43701e-07
63 6.71971e-07 -9.36597e-06 -9.43436e-07
64 6.85602e-07 -9.36827e-06 -9.4318e-07
65 6.99255e-07 -9.37048e-06 -9.42912e-07
66 7.12885e-07 -9.37267e-06 -9.42648e-07
67 7.26534e-07 -9.37483e-06 -9.4239e-07
68 7.40173e-07 -9.37695e-06 -9.42131e-07
69 7.53814e-07 -9.37906e-06 -9.41875e-07
70 7.6745e-07 -9.38115e-06 -9.41619e-07
71 7.81099e-07 -9.38325e-06 -9.41365e-07
72 7.94737e-07 -9.38531e-06 -9.4111e-07
73 8.08385e-07 -9.38739e-06 -9.40862e-07
74 8.22039e-07 -9.38947e-06 -9.40611e-07
75 8.35671e-07 -9.39151e-06 -9.40359e-07
76 8.493e-07 -9.39356e-06 -9.40112e-07
77 8.6294e-07 -9.39561e-06 -9.39864e-07
78 8.76583e-07 -9.39767e-06 -9.39617e-07
79 8.90217e-07 -9.3997e-06 -9.39369e-07
80 9.03846e-07 -9.40175e-06 -9.39123e-07
