26 1.07872e-09 -1.33511e-08 -2.51965e-08
27 1.14431e-06 7.19965e-05 -7.38985e-05
28 2.37685e-06 5.38228e-05 -5.64277e-05
29 1.17559e-06 -2.85052e-05 -1.01742e-05
30 1.35688e-06 -2.70917e-05 -1.0233e-05
31 1.73716e-06 -2.77884e-05 -1.02524e-05
32 1.79064e-06 -2.78168e-05 -1.02122e-05
33 1.80871e-06 -2.78648e-05 -1.02091e-05
34 1.81962e-06 -2.78925e-05 -1.02065e-05
35 1.83326e-06 -2.79165e-05 -1.02051e-05
36 1.84628e-06 -2.79355e-05 -1.0204e-05
37 1.85907e-06 -2.7953e-05 -1.02031e-05
38 1.87237e-06 -2.79672e-05 -1.02027e-05
39 1.88584e-06 -2.79802e-05 -1.02024e-05
40 1.89849e-06 -2.7993e-05 -1.02024e-05
41 1.91168e-06 -2.80029e-05 -1.02025e-05
42 1.92504e-06 -2.80116e-05 -1.02027e-05
43 1.93871e-06 -2.80191e-05 -1.0203e-05
44 1.95203e-06 -2.80269e-05 -1.02035e-05
45 1.96564e-06 -2.80339e-05 -1.02041e-05
46 1.97917e-06 -2.80399e-05 -1.02047e-05
47 1.99277e-06 -2.80458e-05 -1.02054e-05
48 2.00632e-06 -2.80516e-05 -1.02061e-05
49 2.01984e-06 -2.80565e-05 -1.02069e-05
50 2.03338e-06 -2.80612e-05 -1.02077e-05
51 2.04697e-06 -2.80655e-05 -1.02086e-05
52 2.06052e-06 -2.80701e-05 -1.02094e-05
53 2.07407e-06 -2.80743e-05 -1.02103e-05
54 2.08767e-06 -2.80782e-05 -1.02113e-05
55 2.10107e-06 -2.80823e-05 -1.02123e-05
56 2.11459e-06 -2.80864e-05 -1.02132e-05
57 2.12814e-06 -2.809e-05 -1.02142e-05
58 2.14177e-06 -2.80937e-05 -1.02152e-05
59 2.15541e-06 -2.80974e-05 -1.02162e-05
60 2.16896e-06 -2.81014e-05 -1.02172e-05
61 2.18256e-06 -2.81048e-05 -1.02182e-05
62 2.19615e-06 -2.81085e-05 -1.02192e-05
63 2.20973e-06 -2.8112e-05 -1.02202e-05
64 2.22331e-06 -2.81155e-05 -1.02213e-05
65 2.23691e-06 -2.81189e-05 -1.02223e-05
66 2.25048e-06 -2.81223e-05 -1.02233e-05
67 2.26408e-06 -2.81257e-05 -1.02244e-05
68 2.27766e-06 -2.81291e-05 -1.02254e-05
69 2.29125e-06 -2.81324e-05 -1.02264e-05
70 2.30483e-06 -2.81357e-05 -1.02275e-05
71 2.31843e-06 -2.81391e-05 -1.02285e-05
72 2.33201e-06 -2.81424e-05 -1.02296e-05
73 2.34561e-06 -2.81457e-05 -1.02306e-05
74 2.35921e-06 -2.8149e-05 -1.02317e-05
75 2.37279e-06 -2.81523e-05 -1.02327e-05
76 2.38637e-06 -2.81556e-05 -1.02337e-05
77 2.39996e-06 -2.81589e-05 -1.02348e-05
78 2.41355e-06 -2.81622e-05 -1.02358e-05
79 2.42713e-06 -2.81655e-05 -1.02369e-05
80 2.44071e-06 -2.81688e-05 -1.02379e-05
