26 1.97998e-09 -4.80881e-08 -2.96822e-10
27 5.92462e-07 -6.81564e-05 1.30578e-05
28 2.45743e-06 -5.42393e-05 9.98904e-06
29 3.42999e-06 -6.59551e-05 5.65304e-06
30 3.2679e-06 -6.47308e-05 5.62854e-06
31 3.92994e-06 -6.57126e-05 5.73771e-06
32 3.9624e-06 -6.55313e-05 5.69253e-06
33 3.97598e-06 -6.55714e-05 5.69162e-06
34 3.98718e-06 -6.55894e-05 5.69034e-06
35 3.99955e-06 -6.56073e-05 5.68934e-06
36 4.01246e-06 -6.56229e-05 5.68909e-06
37 4.02453e-06 -6.56368e-05 5.6886e-06
38 4.03769e-06 -6.56501e-05 5.68876e-06
39 4.05073e-06 -6.56621e-05 5.68869e-06
40 4.06273e-06 -6.56746e-05 5.68871e-06
41 4.07596e-06 -6.5686e-05 5.68933e-06
42 4.08905e-06 -6.56958e-05 5.68963e-06
43 4.10287e-06 -6.57052e-05 5.69025e-06
44 4.11594e-06 -6.5715e-05 5.69068e-06
45 4.12946e-06 -6.57244e-05 5.69126e-06
46 4.14297e-06 -6.57329e-05 5.69182e-06
47 4.15658e-06 -6.57419e-05 5.69248e-06
48 4.17011e-06 -6.57506e-05 5.69311e-06
49 4.18357e-06 -6.57587e-05 5.69376e-06
50 4.1971e-06 -6.57667e-05 5.69445e-06
51 4.21078e-06 -6.57745e-05 5.69519e-06
52 4.22432e-06 -6.57825e-05 5.69585e-06
53 4.23787e-06 -6.57903e-05 5.69656e-06
54 4.25159e-06 -6.57981e-05 5.69734e-06
55 4.26503e-06 -6.5806e-05 5.69809e-06
56 4.2786e-06 -6.5814e-05 5.69885e-06
57 4.29226e-06 -6.58215e-05 5.69964e-06
58 4.30611e-06 -6.58293e-05 5.70045e-06
59 4.31999e-06 -6.5837e-05 5.70128e-06
60 4.33369e-06 -6.58449e-05 5.70203e-06
61 4.34746e-06 -6.58523e-05 5.70282e-06
62 4.3613e-06 -6.586e-05 5.70364e-06
63 4.37508e-06 -6.58676e-05 5.70442e-06
64 4.38885e-06 -6.58751e-05 5.70519e-06
65 4.40265e-06 -6.58826e-05 5.70598e-06
66 4.41645e-06 -6.589e-05 5.70675e-06
67 4.43028e-06 -6.58974e-05 5.70753e-06
68 4.4441e-06 -6.59048e-05 5.7083e-06
69 4.45794e-06 -6.59121e-05 5.70908e-06
70 4.47178e-06 -6.59195e-05 5.70985e-06
71 4.48565e-06 -6.59268e-05 5.71062e-06
72 4.49951e-06 -6.59342e-05 5.71139e-06
73 4.5134e-06 -6.59415e-05 5.71215e-06
74 4.52731e-06 -6.59488e-05 5.71291e-06
75 4.54119e-06 -6.59561e-05 5.71367e-06
76 4.55508e-06 -6.59634e-05 5.71443e-06
77 4.569e-06 -6.59707e-05 5.71519e-06
78 4.58293e-06 -6.5978e-05 5.71594e-06
79 4.59685e-06 -6.59852e-05 5.71669e-06
80 4.61077e-06 -6.59925e-05 5.71744e-06
