26 0.347428 -0.149691 -2.4645e-11
27 -9.19009e-06 -2.1231e-05 -1.13698e-08
28 -0.000852106 -0.00317717 -3.26092e-06
29 -2.02518e-06 -1.6464e-06 -8.12604e-08
30 1.60497e-07 -1.45614e-07 1.64994e-09
31 -3.18869e-09 1.74259e-08 5.30292e-09
32 1.15733e-08 -2.64513e-08 3.49974e-09
33 -1.26763e-07 1.13803e-07 -5.28905e-09
34 4.27731e-08 -2.34895e-08 1.09592e-08
35 1.75646e-08 -2.15261e-08 -1.29255e-08
36 -3.78354e-08 2.3741e-08 1.15634e-08
37 1.49738e-07 -1.27458e-07 -5.03928e-09
38 -1.31017e-07 1.10319e-07 1.02107e-08
39 6.30826e-08 -3.77111e-08 2.32535e-09
40 2.81898e-08 -5.55988e-08 3.40378e-10
41 1.55853e-07 -1.31921e-07 -1.77613e-09
42 -2.09447e-07 1.80199e-07 -4.31567e-09
43 8.74643e-08 -8.37827e-08 -3.42311e-09
44 -6.18456e-09 3.31534e-09 -1.66278e-09
45 3.72806e-08 -3.35931e-08 1.0298e-08
46 -6.36228e-08 6.26012e-08 -8.22718e-09
47 2.1274e-07 -1.82107e-07 -1.88584e-09
48 1.88011e-08 -8.4508e-09 4.37046e-09
49 -7.34417e-10 -8.68181e-09 -5.07816e-09
50 2.84631e-08 -3.22818e-08 -4.17185e-09
51 7.12139e-08 -6.55166e-08 3.36297e-09
52 2.79688e-08 -3.15677e-08 1.28261e-09
53 -2.67173e-08 2.11617e-08 5.35351e-09
54 -1.49807e-07 1.36441e-07 -1.00931e-08
55 1.11284e-07 -1.07186e-07 1.36333e-09
56 -2.28421e-07 1.99864e-07 2.79169e-09
57 1.84785e-07 -1.63132e-07 -1.51158e-09
58 -2.41792e-07 2.18012e-07 -1.97599e-09
59 -1.1969e-08 2.23074e-08 1.05772e-08
60 -2.27924e-08 2.15921e-08 -1.33084e-08
61 7.59801e-08 -6.89363e-08 2.25702e-09
62 -1.86214e-08 1.49719e-08 1.01395e-08
63 -1.85992e-09 -8.80959e-09 -1.12686e-08
64 -3.86494e-08 2.19754e-08 2.8225e-09
65 -1.22024e-07 1.27232e-07 1.55364e-09
66 1.87722e-07 -1.81545e-07 2.59627e-09
67 -1.19844e-07 1.04972e-07 -5.64444e-09
68 1.37818e-07 -1.28439e-07 8.27276e-09
69 4.99326e-08 -3.06375e-08 -8.49855e-09
70 -3.33785e-09 -9.55424e-10 -1.48202e-09
71 8.80846e-10 -1.34642e-08 1.44403e-08
72 -1.20672e-07 1.25073e-07 -1.3693e-08
73 -5.53064e-08 3.18371e-08 1.10731e-08
74 2.48629e-08 -2.25743e-08 -5.40263e-09
75 1.89666e-07 -1.87665e-07 2.83546e-09
76 2.80124e-08 -1.14596e-08 -3.23928e-09
77 3.76126e-08 -2.39509e-08 -5.63659e-10
78 3.77795e-08 -2.56496e-08 -9.61222e-10
79 -1.00264e-07 6.29598e-08 -3.83625e-09
80 1.80972e-07 -1.39908e-07 -4.91787e-09
