26 1.03184e-09 -7.78462e-09 2.23096e-08
27 -1.29931e-06 9.64637e-05 7.8561e-05
28 -1.96805e-07 7.69044e-05 6.08157e-05
29 -2.09461e-06 -2.527e-05 9.11707e-06
30 -1.89882e-06 -2.34338e-05 9.14888e-06
31 -1.51504e-06 -2.44154e-05 9.18398e-06
32 -1.46169e-06 -2.44246e-05 9.13982e-06
33 -1.44295e-06 -2.44713e-05 9.13753e-06
34 -1.43144e-06 -2.4504e-05 9.13571e-06
35 -1.41736e-06 -2.45292e-05 9.13475e-06
36 -1.40397e-06 -2.45526e-05 9.13442e-06
37 -1.3908e-06 -2.45723e-05 9.13402e-06
38 -1.37721e-06 -2.45904e-05 9.1343e-06
39 -1.36344e-06 -2.46054e-05 9.1345e-06
40 -1.35056e-06 -2.46198e-05 9.13491e-06
41 -1.33718e-06 -2.46346e-05 9.13573e-06
42 -1.32358e-06 -2.46453e-05 9.13644e-06
43 -1.3097e-06 -2.46566e-05 9.13736e-06
44 -1.29619e-06 -2.46664e-05 9.13827e-06
45 -1.2824e-06 -2.4676e-05 9.1393e-06
46 -1.26868e-06 -2.46843e-05 9.14032e-06
47 -1.25492e-06 -2.46927e-05 9.14148e-06
48 -1.24122e-06 -2.47006e-05 9.14262e-06
49 -1.22752e-06 -2.47076e-05 9.14381e-06
50 -1.21382e-06 -2.47145e-05 9.14502e-06
51 -1.20009e-06 -2.47211e-05 9.14629e-06
52 -1.18639e-06 -2.47276e-05 9.14752e-06
53 -1.1727e-06 -2.47337e-05 9.1488e-06
54 -1.15896e-06 -2.47399e-05 9.15012e-06
55 -1.14543e-06 -2.47459e-05 9.15147e-06
56 -1.13179e-06 -2.47519e-05 9.15282e-06
57 -1.11811e-06 -2.47577e-05 9.15417e-06
58 -1.10436e-06 -2.47636e-05 9.15555e-06
59 -1.09061e-06 -2.47699e-05 9.15691e-06
60 -1.07693e-06 -2.47756e-05 9.15826e-06
61 -1.06322e-06 -2.47812e-05 9.15962e-06
62 -1.04952e-06 -2.47871e-05 9.161e-06
63 -1.03581e-06 -2.47926e-05 9.16236e-06
64 -1.02212e-06 -2.4798e-05 9.16372e-06
65 -1.0084e-06 -2.48034e-05 9.16508e-06
66 -9.94711e-07 -2.48087e-05 9.16644e-06
67 -9.81002e-07 -2.4814e-05 9.1678e-06
68 -9.67302e-07 -2.48193e-05 9.16915e-06
69 -9.53602e-07 -2.48245e-05 9.17051e-06
70 -9.39907e-07 -2.48297e-05 9.17186e-06
71 -9.26199e-07 -2.48349e-05 9.17321e-06
72 -9.12502e-07 -2.48401e-05 9.17455e-06
73 -8.98797e-07 -2.48452e-05 9.17589e-06
74 -8.85084e-07 -2.48504e-05 9.17723e-06
75 -8.71395e-07 -2.48555e-05 9.17857e-06
76 -8.57709e-07 -2.48606e-05 9.1799e-06
77 -8.44012e-07 -2.48658e-05 9.18123e-06
78 -8.30313e-07 -2.48709e-05 9.18255e-06
79 -8.16623e-07 -2.4876e-05 9.18388e-06
80 -8.02938e-07 -2.4881e-05 9.18519e-06
