26 -0.309687 0.0784783 -8.50324e-11
27 -1.83959e-07 1.14936e-05 -2.61934e-09
28 -0.00367917 -0.120269 -6.49452e-07
29 -190.98 195.248 -1.73532e-09
30 -8.81528e-09 6.54222e-09 2.44836e-09
31 -7.31438e-09 1.21327e-09 -1.28057e-09
32 4.39734e-08 1.23111e-09 -4.25644e-10
33 -2.55679e-08 1.22486e-09 1.8772e-09
34 1.38393e-08 1.23157e-09 -4.00178e-10
35 -1.36999e-08 1.23691e-09 1.18234e-09
36 3.06936e-08 1.23214e-09 -1.65528e-10
37 -2.73997e-08 1.20951e-09 7.27596e-11
38 -3.56677e-08 1.21759e-09 -1.32059e-09
39 2.06046e-09 1.226e-09 -3.05954e-09
40 2.12679e-08 6.53222e-09 2.64481e-09
41 -4.21423e-08 1.23669e-09 -1.7335e-09
42 -2.50611e-09 6.54836e-09 2.80124e-10
43 2.8353e-08 6.53529e-09 2.92857e-10
44 -2.78831e-08 -4.0892e-09 -1.68075e-09
45 -8.81528e-09 1.21941e-09 1.14233e-09
46 8.11542e-09 -4.1025e-09 -8.16726e-10
47 1.26945e-08 -4.08932e-09 -3.52884e-10
48 3.76508e-09 -4.10637e-09 5.65706e-10
49 -7.33985e-09 -4.08886e-09 -1.3315e-09
50 6.4847e-10 1.21759e-09 -2.96495e-10
51 2.03777e-08 1.20326e-09 1.84991e-09
52 2.59108e-08 1.21531e-09 -6.54836e-11
53 -1.53282e-08 6.53154e-09 1.01863e-10
54 -2.12813e-08 -4.09773e-09 4.25644e-10
55 2.64322e-08 -4.09739e-09 1.34969e-09
56 -1.59007e-08 -9.41407e-09 6.36646e-11
57 7.51743e-09 1.20508e-09 -1.26965e-09
58 -3.39251e-08 -4.09432e-09 1.23691e-10
59 3.43953e-08 -9.40713e-09 -4.69299e-10
60 2.04284e-08 1.23555e-09 -1.49703e-09
61 -1.65364e-08 1.21906e-09 4.36557e-10
62 4.10819e-09 1.20394e-09 -8.20364e-10
63 -1.33566e-08 1.21895e-09 1.12414e-09
64 7.21207e-09 -4.07806e-09 9.3678e-10
65 -6.19502e-09 -4.09e-09 -2.12094e-09
66 -1.44885e-08 1.22895e-09 2.69938e-09
67 2.91266e-09 6.55382e-09 -3.87263e-09
68 -5.63523e-09 1.21543e-09 2.61571e-09
69 -3.22204e-08 -4.09716e-09 -2.4429e-09
70 3.29451e-08 6.54643e-09 -1.13323e-09
71 -3.19151e-08 -4.08772e-09 3.64889e-09
72 -1.04562e-08 6.55132e-09 -2.00635e-09
73 4.52455e-08 1.22964e-09 7.09406e-11
74 -9.92213e-09 -4.10273e-09 2.17733e-09
75 -1.53916e-08 -4.0917e-09 7.18501e-10
76 -1.16138e-08 1.22895e-09 -9.62245e-10
77 -3.05317e-09 6.53426e-09 -3.51065e-10
78 5.55108e-08 1.22088e-09 2.09548e-09
79 -7.5253e-08 -4.08966e-09 -1.40972e-09
80 3.92035e-08 1.22122e-09 -6.6575e-10
