26 -1.76791 -0.567542 -3.49769e-09
27 0.708776 10108.8 0.000133375
28 0.170468 0.911569 0.000343371
29 -0.00110007 -0.000979035 -1.03471e-06
30 5.82077e-11 -4.09428e-08 6.52562e-10
31 -7.27596e-11 9.18383e-08 1.21963e-09
32 8.73115e-11 -1.23092e-08 1.28512e-09
33 -7.27596e-12 -1.76731e-09 -1.28421e-09
34 -1.45519e-11 1.18994e-07 -2.39925e-09
35 5.09317e-11 -4.50665e-08 2.11958e-09
36 -7.27596e-12 2.20397e-08 8.00355e-10
37 -1.01863e-10 -4.6963e-08 6.31189e-10
38 1.01863e-10 9.62204e-09 -7.18501e-11
39 -5.09317e-11 5.44922e-08 -1.66438e-09
40 6.54836e-11 -4.80999e-08 4.11092e-10
41 2.18279e-11 4.69216e-09 1.16506e-09
42 -4.36557e-11 -3.2623e-08 -4.73847e-10
43 -5.09317e-11 5.40891e-08 -1.1114e-09
44 -3.63798e-11 -8.08779e-08 -1.0732e-10
45 2.91038e-11 1.23505e-09 1.13505e-09
46 -1.45519e-11 -3.68087e-08 6.85759e-10
47 -2.18279e-11 -1.63916e-08 -1.06957e-09
48 1.45519e-11 5.48281e-08 -4.06953e-09
49 2.91038e-11 3.25351e-08 3.10183e-09
50 7.27596e-12 -1.26502e-08 -9.88621e-10
51 1.45519e-11 -1.91097e-08 3.45153e-10
52 -2.91038e-11 5.26318e-08 -1.8872e-09
53 0 -1.30378e-08 1.36424e-09
54 -2.18279e-11 4.01418e-08 2.39379e-09
55 7.27596e-12 -3.37857e-08 -1.8963e-09
56 -1.45519e-11 6.42589e-08 -1.52431e-09
57 0 -2.97033e-08 2.93767e-10
58 2.18279e-11 3.62919e-08 3.01497e-10
59 -7.27596e-12 -6.77005e-08 -5.37511e-10
60 1.45519e-11 -2.3249e-08 -2.72394e-10
61 -1.45519e-11 -4.43069e-08 1.30876e-09
62 7.27596e-12 1.18575e-07 -1.53977e-09
63 2.91038e-11 -9.61016e-08 6.15273e-10
64 7.27596e-12 5.8187e-09 -1.16688e-09
65 -2.18279e-11 6.24089e-08 -1.26875e-09
66 -2.18279e-11 9.04329e-10 2.66118e-09
67 3.63798e-11 9.28976e-08 8.41283e-11
68 0 -1.33737e-07 1.72804e-10
69 0 1.01657e-07 -4.47017e-10
70 -4.36557e-11 4.33043e-09 -1.44792e-09
71 -2.91038e-11 -5.07612e-08 -3.06954e-10
72 -3.63798e-11 3.44988e-08 1.7526e-09
73 7.27596e-12 2.92123e-08 -1.11822e-09
74 -2.91038e-11 4.58313e-08 1.68529e-09
75 1.16415e-10 -2.85147e-08 -1.04592e-10
76 -2.91038e-11 2.806e-09 -2.04318e-09
77 2.91038e-11 -3.64056e-08 4.91127e-11
78 -1.45519e-11 1.5973e-08 -6.78938e-10
79 3.63798e-11 -4.25551e-08 -8.83119e-10
80 -1.45519e-11 -5.97476e-08 9.83164e-10
