26 0.0537172 0.0666519 -1.53944e-11
27 -1.60936e-05 -2.44083e-05 -1.17845e-07
28 -0.000221706 -0.00238363 -4.6745e-06
29 1.75109e-05 3.78859e-07 2.10557e-08
30 1.28412e-08 -1.83504e-08 -8.08376e-09
31 -6.44918e-08 3.39751e-08 8.19045e-09
32 5.64678e-08 -3.58079e-08 -3.54476e-10
33 5.16529e-08 -5.67331e-08 -1.32752e-09
34 1.83009e-07 -1.46445e-07 -8.85109e-10
35 -1.39669e-07 1.06446e-07 -6.68035e-09
36 1.13853e-07 -9.59446e-08 7.1808e-09
37 -1.53346e-07 1.37563e-07 -4.68413e-09
38 1.86531e-07 -1.77717e-07 6.55314e-09
39 1.78811e-08 -2.44099e-08 -1.92972e-09
40 -8.21951e-08 9.67266e-08 3.17095e-09
41 -8.56262e-08 7.44155e-08 -5.60374e-09
42 -1.78065e-08 1.95259e-08 8.36513e-09
43 -1.61093e-07 1.46374e-07 6.41194e-10
44 2.37097e-07 -2.07203e-07 -1.44157e-08
45 -1.88224e-08 3.69389e-08 9.6714e-09
46 8.88394e-09 -3.11152e-08 -5.6059e-09
47 -2.2865e-07 2.11618e-07 -6.72117e-10
48 7.29847e-08 -7.39067e-08 -7.72843e-10
49 1.60926e-08 -2.19752e-08 -6.3153e-09
50 -1.60381e-07 1.61605e-07 3.46012e-09
51 -1.11891e-08 2.66482e-08 3.72779e-10
52 2.6168e-08 -4.72114e-08 -2.62014e-09
53 3.50833e-08 -2.32524e-08 4.96527e-09
54 -4.91536e-08 3.95339e-08 1.12402e-09
55 4.22428e-08 -1.75912e-08 -6.90784e-09
56 9.09586e-08 -9.56322e-08 1.00542e-08
57 -5.69603e-08 4.81923e-08 -8.72228e-09
58 4.55038e-08 -5.20376e-08 8.78765e-09
59 1.56891e-07 -1.31299e-07 3.03385e-09
60 -2.36565e-07 2.24531e-07 1.56854e-09
61 -1.18795e-07 1.08452e-07 4.66201e-09
62 7.37123e-08 -5.43973e-08 7.22684e-09
63 3.89282e-08 -2.07181e-08 -1.31485e-08
64 -7.92666e-08 7.07535e-08 8.99274e-09
65 1.58045e-07 -1.49603e-07 -1.53932e-10
66 -1.06752e-07 1.23785e-07 -1.63431e-09
67 -3.42056e-08 3.59264e-08 3.15009e-09
68 1.45827e-07 -1.59814e-07 -8.62019e-09
69 -2.27945e-07 2.15483e-07 2.18e-09
70 5.70349e-08 -6.91357e-08 -5.05338e-09
71 1.6631e-07 -1.3138e-07 5.17059e-09
72 -1.27906e-07 9.37623e-08 2.17028e-10
73 1.22363e-07 -8.26665e-08 7.5139e-09
74 7.37446e-08 -6.38627e-08 -1.08118e-08
75 -1.79489e-07 1.54628e-07 1.46326e-09
76 -4.37958e-08 4.11076e-08 -1.96161e-09
77 4.09632e-08 -4.74149e-08 -4.99864e-09
78 -9.52323e-08 8.43343e-08 2.43807e-09
79 2.59188e-08 -2.51946e-08 -4.53724e-10
80 -2.54685e-07 2.432e-07 1.329e-10
