26 0.0128459 -0.11994 -2.12657e-11
27 3.61025e-06 -1.01726e-05 1.76619e-08
28 -0.00530571 0.00467583 -1.40456e-05
29 3.18678e-08 6.34036e-08 -3.9488e-09
30 -4.94747e-08 -6.09043e-08 4.94106e-09
31 1.33646e-08 -1.02327e-08 -4.2337e-10
32 -1.03697e-07 -1.17367e-07 -1.35515e-10
33 7.24526e-08 8.55089e-08 -6.86168e-09
34 -1.74809e-08 -2.81855e-08 3.84625e-09
35 4.12429e-08 7.16582e-08 -6.69615e-10
36 -6.26515e-08 -8.05474e-08 3.44176e-09
37 4.69145e-08 4.74081e-08 2.26578e-09
38 6.96673e-10 6.36624e-09 -4.20141e-09
39 -1.02341e-08 -4.7633e-08 2.54136e-09
40 -8.00192e-08 -9.0804e-08 6.49584e-09
41 1.54018e-08 3.58013e-08 -2.3756e-09
42 1.58211e-08 1.45506e-08 -3.57159e-09
43 2.50429e-08 2.4374e-08 2.39174e-09
44 -4.4161e-08 -6.7573e-08 -2.11458e-10
45 1.48329e-08 4.26035e-08 -8.44648e-09
46 -6.97582e-09 -2.65582e-08 1.19473e-08
47 -6.68833e-08 -7.61486e-08 -1.05692e-08
48 2.30739e-08 9.72614e-09 9.84301e-09
49 -4.66662e-09 1.06122e-08 -5.97333e-09
50 3.6101e-08 4.73026e-08 -1.59162e-11
51 6.73599e-08 8.48468e-08 2.54499e-09
52 -1.37475e-08 -1.05001e-09 -8.80823e-09
53 -4.05112e-08 -6.37581e-08 1.02486e-08
54 8.48104e-09 1.50822e-08 -3.26213e-09
55 -5.99275e-08 -8.56924e-08 -5.88307e-09
56 5.38103e-08 5.81415e-08 -7.58064e-10
57 4.62228e-08 6.04414e-08 4.64001e-09
58 -3.78259e-08 -4.5113e-08 -1.9354e-09
59 -9.79799e-09 -8.71182e-09 3.25258e-09
60 -1.33841e-08 -1.04558e-08 1.37265e-09
61 -1.88516e-08 -2.04989e-08 -1.13459e-09
62 4.82833e-08 7.36604e-08 -5.18367e-09
63 5.35056e-09 -6.54791e-09 -1.74396e-09
64 1.4878e-08 2.20341e-08 1.09662e-09
65 -7.71929e-08 -1.13902e-07 -1.34742e-09
66 6.55937e-08 7.93927e-08 -2.48292e-09
67 -2.16373e-08 -1.50392e-08 5.76188e-09
68 1.19658e-08 1.742e-08 -6.52312e-09
69 -3.84612e-08 -5.12055e-08 1.35014e-09
70 2.80575e-08 3.93711e-08 1.40972e-10
71 -6.70352e-08 -7.57861e-08 4.9663e-09
72 4.12456e-08 4.40582e-08 -1.87151e-09
73 -1.1933e-08 -2.77228e-08 -2.6846e-09
74 6.766e-08 7.63027e-08 9.26298e-09
75 -6.51685e-08 -5.42725e-08 1.26397e-09
76 4.01956e-08 3.3572e-08 -4.73074e-09
77 -8.49923e-09 -2.61318e-08 3.16709e-09
78 -1.58116e-08 7.30051e-09 -8.23593e-09
79 3.30301e-08 5.64737e-08 5.47539e-09
80 7.37055e-09 -4.88922e-09 7.33962e-10
