26 4.93675e-09 -4.53882e-08 3.38931e-09
27 3.79652e-05 -2.58188e-05 1.87889e-05
28 3.15007e-05 -2.14001e-05 1.46776e-05
29 1.88973e-05 -4.82904e-05 7.43131e-06
30 1.87899e-05 -4.70243e-05 7.49234e-06
31 1.96416e-05 -4.77699e-05 7.54513e-06
32 1.95644e-05 -4.77163e-05 7.49763e-06
33 1.95759e-05 -4.77588e-05 7.49665e-06
34 1.95827e-05 -4.77817e-05 7.49434e-06
35 1.95923e-05 -4.78029e-05 7.493e-06
36 1.96036e-05 -4.782e-05 7.49209e-06
37 1.9614e-05 -4.78358e-05 7.49122e-06
38 1.96268e-05 -4.78494e-05 7.49089e-06
39 1.96393e-05 -4.7862e-05 7.49054e-06
40 1.9651e-05 -4.78747e-05 7.49039e-06
41 1.9665e-05 -4.78852e-05 7.49052e-06
42 1.96785e-05 -4.78944e-05 7.49063e-06
43 1.96932e-05 -4.79027e-05 7.49088e-06
44 1.9707e-05 -4.79116e-05 7.49118e-06
45 1.97215e-05 -4.79198e-05 7.49155e-06
46 1.97361e-05 -4.7927e-05 7.49193e-06
47 1.97509e-05 -4.79345e-05 7.49243e-06
48 1.97657e-05 -4.79417e-05 7.49292e-06
49 1.97805e-05 -4.79483e-05 7.49345e-06
50 1.97954e-05 -4.79547e-05 7.49401e-06
51 1.98105e-05 -4.79607e-05 7.49461e-06
52 1.98254e-05 -4.7967e-05 7.49519e-06
53 1.98405e-05 -4.79731e-05 7.49581e-06
54 1.98558e-05 -4.79789e-05 7.49646e-06
55 1.98708e-05 -4.7985e-05 7.49714e-06
56 1.9886e-05 -4.7991e-05 7.49782e-06
57 1.99013e-05 -4.79966e-05 7.4985e-06
58 1.99168e-05 -4.80024e-05 7.4992e-06
59 1.99324e-05 -4.80081e-05 7.49988e-06
60 1.99477e-05 -4.8014e-05 7.50055e-06
61 1.99631e-05 -4.80196e-05 7.50125e-06
62 1.99787e-05 -4.80252e-05 7.50194e-06
63 1.99941e-05 -4.80308e-05 7.50264e-06
64 2.00095e-05 -4.80364e-05 7.50333e-06
65 2.0025e-05 -4.80419e-05 7.50402e-06
66 2.00404e-05 -4.80473e-05 7.50471e-06
67 2.00559e-05 -4.80528e-05 7.50541e-06
68 2.00714e-05 -4.80582e-05 7.5061e-06
69 2.00869e-05 -4.80636e-05 7.50679e-06
70 2.01023e-05 -4.80691e-05 7.50748e-06
71 2.01178e-05 -4.80745e-05 7.50816e-06
72 2.01333e-05 -4.80798e-05 7.50885e-06
73 2.01489e-05 -4.80853e-05 7.50953e-06
74 2.01644e-05 -4.80907e-05 7.51021e-06
75 2.01799e-05 -4.8096e-05 7.51089e-06
76 2.01954e-05 -4.81014e-05 7.51157e-06
77 2.02109e-05 -4.81068e-05 7.51224e-06
78 2.02265e-05 -4.81121e-05 7.51291e-06
79 2.0242e-05 -4.81175e-05 7.51358e-06
80 2.02575e-05 -4.81229e-05 7.51425e-06
