26 0.414268 -2.4617 -9.8912e-12
27 528.506 2944.78 -5.05948e-05
28 0.244291 0.318838 0.00499034
29 0.000622875 -0.000372789 -5.95132e-06
30 7.27596e-12 2.29459e-10 -4.9522e-10
31 -5.82077e-11 -7.51269e-09 3.31966e-11
32 -6.54836e-11 4.10782e-08 1.7244e-09
33 -5.82077e-11 7.48933e-09 -8.21728e-10
34 -4.36557e-11 2.61159e-08 2.15368e-09
35 5.09317e-11 -2.90716e-09 -3.31056e-10
36 0 -3.39062e-08 1.81899e-11
37 -9.45874e-11 1.02754e-08 3.33057e-09
38 -3.63798e-11 2.01093e-08 -1.16415e-09
39 1.67347e-10 2.42118e-08 -1.22282e-09
40 -9.45874e-11 -1.79676e-08 1.86401e-09
41 7.27596e-11 4.41178e-08 -2.57569e-09
42 -7.27596e-12 -5.81015e-08 -1.46429e-10
43 -3.63798e-11 5.19501e-08 1.29421e-09
44 -5.09317e-11 -7.34797e-08 -1.67074e-09
45 -8.73115e-11 -4.1557e-08 1.20053e-09
46 2.18279e-11 2.96872e-08 7.4624e-10
47 1.09139e-10 -1.18114e-08 4.45198e-10
48 7.27596e-12 2.05976e-08 -1.81399e-09
49 -1.89175e-10 -4.72191e-08 1.68257e-10
50 -7.27596e-12 2.84443e-08 -2.42107e-09
51 2.91038e-11 5.80021e-08 2.54659e-09
52 5.82077e-11 -2.19084e-08 1.27875e-09
53 1.67347e-10 1.93086e-08 -1.65073e-10
54 -2.18279e-11 9.14522e-08 -1.93722e-10
55 -1.01863e-10 -2.19448e-08 7.21684e-10
56 7.27596e-11 2.09535e-08 -2.57614e-09
57 -3.63798e-11 3.08369e-08 -9.64064e-10
58 1.30967e-10 3.81227e-08 -1.04046e-09
59 2.91038e-11 -2.65518e-08 8.68567e-11
60 -3.63798e-11 -1.5214e-08 2.71029e-10
61 1.96451e-10 -2.20605e-08 2.79215e-10
62 1.81899e-10 1.89643e-08 2.64208e-10
63 -3.63798e-11 2.98044e-08 1.57797e-09
64 9.45874e-11 -2.05783e-08 4.77485e-10
65 1.23691e-10 -4.5064e-08 -1.75623e-09
66 1.23691e-10 4.43206e-08 1.76897e-09
67 7.27596e-11 -3.68953e-08 7.62157e-10
68 -8.73115e-11 3.78068e-08 -1.36106e-09
69 -7.27596e-11 -5.4485e-09 1.2069e-09
70 -1.45519e-11 3.77323e-08 -6.15728e-10
71 -7.27596e-11 -1.51503e-08 1.35424e-09
72 7.27596e-11 1.6603e-08 3.84716e-10
73 1.52795e-10 2.98302e-08 -6.753e-10
74 -1.16415e-10 -5.5313e-09 8.53561e-10
75 -2.91038e-11 -2.03213e-08 6.05269e-10
76 1.45519e-11 2.69993e-08 7.49424e-10
77 2.18279e-11 -4.3395e-09 3.00315e-09
78 2.91038e-11 3.33921e-08 -1.47429e-09
79 -5.09317e-11 -3.25968e-08 -1.98725e-10
80 2.91038e-11 -5.32388e-10 -5.47971e-10
