26 -1.58521e-09 -4.13179e-08 -3.44836e-09
27 -3.93486e-05 -2.38747e-05 -2.0409e-05
28 -2.96578e-05 -1.71277e-05 -1.64174e-05
29 -1.34093e-05 -4.80399e-05 -8.65835e-06
30 -1.37309e-05 -4.63416e-05 -8.7087e-06
31 -1.32015e-05 -4.74184e-05 -8.79023e-06
32 -1.30647e-05 -4.73168e-05 -8.73754e-06
33 -1.30488e-05 -4.73584e-05 -8.73591e-06
34 -1.30314e-05 -4.73856e-05 -8.73295e-06
35 -1.30155e-05 -4.74079e-05 -8.73113e-06
36 -1.29995e-05 -4.74294e-05 -8.72963e-06
37 -1.29847e-05 -4.74475e-05 -8.72829e-06
38 -1.29697e-05 -4.74653e-05 -8.72743e-06
39 -1.29552e-05 -4.74801e-05 -8.72672e-06
40 -1.29422e-05 -4.74948e-05 -8.72622e-06
41 -1.29279e-05 -4.75106e-05 -8.72578e-06
42 -1.29143e-05 -4.75223e-05 -8.72557e-06
43 -1.28999e-05 -4.75349e-05 -8.72537e-06
44 -1.28868e-05 -4.75463e-05 -8.72537e-06
45 -1.28733e-05 -4.75576e-05 -8.7254e-06
46 -1.28598e-05 -4.75677e-05 -8.72548e-06
47 -1.28465e-05 -4.75781e-05 -8.72569e-06
48 -1.28333e-05 -4.75882e-05 -8.7259e-06
49 -1.28203e-05 -4.75974e-05 -8.72617e-06
50 -1.28072e-05 -4.76065e-05 -8.72646e-06
51 -1.27941e-05 -4.76156e-05 -8.72678e-06
52 -1.27812e-05 -4.76244e-05 -8.72713e-06
53 -1.27683e-05 -4.7633e-05 -8.72751e-06
54 -1.27553e-05 -4.76417e-05 -8.72792e-06
55 -1.27426e-05 -4.76503e-05 -8.72837e-06
56 -1.27299e-05 -4.7659e-05 -8.72882e-06
57 -1.2717e-05 -4.76673e-05 -8.72926e-06
58 -1.2704e-05 -4.7676e-05 -8.72973e-06
59 -1.26908e-05 -4.76848e-05 -8.73016e-06
60 -1.26779e-05 -4.76933e-05 -8.73064e-06
61 -1.2665e-05 -4.77015e-05 -8.73112e-06
62 -1.2652e-05 -4.77101e-05 -8.73159e-06
63 -1.26391e-05 -4.77182e-05 -8.73208e-06
64 -1.26262e-05 -4.77264e-05 -8.73258e-06
65 -1.26133e-05 -4.77344e-05 -8.73307e-06
66 -1.26004e-05 -4.77424e-05 -8.73357e-06
67 -1.25874e-05 -4.77504e-05 -8.73408e-06
68 -1.25745e-05 -4.77583e-05 -8.73459e-06
69 -1.25616e-05 -4.77663e-05 -8.73509e-06
70 -1.25486e-05 -4.77742e-05 -8.7356e-06
71 -1.25357e-05 -4.7782e-05 -8.73612e-06
72 -1.25227e-05 -4.77899e-05 -8.73663e-06
73 -1.25098e-05 -4.77977e-05 -8.73714e-06
74 -1.24968e-05 -4.78055e-05 -8.73766e-06
75 -1.24838e-05 -4.78133e-05 -8.73817e-06
76 -1.24708e-05 -4.78211e-05 -8.73869e-06
77 -1.24578e-05 -4.78289e-05 -8.7392e-06
78 -1.24448e-05 -4.78366e-05 -8.73972e-06
79 -1.24318e-05 -4.78443e-05 -8.74024e-06
80 -1.24188e-05 -4.78521e-05 -8.74075e-06
