26 -0.174183 0.0913391 -1.6497e-11
27 -6.98813e-06 6.43866e-06 -1.73368e-08
28 -0.00846203 -0.0714014 0.000114362
29 -8.02106e-08 1.16216e-09 3.35149e-09
30 5.8616e-08 8.56443e-09 -2.01271e-09
31 5.40163e-08 4.47017e-10 7.82165e-10
32 -7.98582e-09 -1.15386e-08 1.19326e-09
33 -6.38192e-08 -5.6616e-10 -2.76941e-09
34 2.41557e-08 -1.3269e-09 5.91172e-10
35 -3.6383e-08 7.74662e-09 5.00222e-11
36 -3.75212e-09 2.9234e-09 -6.78483e-10
37 -3.10824e-08 -1.27895e-08 -2.89219e-10
38 3.287e-08 -8.43056e-09 4.26553e-09
39 8.34916e-10 8.25008e-09 7.80346e-10
40 7.95299e-08 8.56613e-09 2.90129e-10
41 -5.335e-08 -6.31877e-09 1.9736e-09
42 -5.11577e-08 -9.34352e-09 -1.62618e-09
43 1.23514e-08 7.42779e-09 2.49474e-09
44 5.49471e-09 -2.10517e-08 -4.44743e-10
45 4.1749e-08 1.92828e-08 9.3678e-11
46 -4.3307e-08 -1.62496e-08 7.03039e-10
47 4.07636e-09 -2.71638e-09 -1.70076e-09
48 -1.89198e-08 1.42851e-08 1.49794e-09
49 2.6836e-08 2.75588e-09 -1.01136e-09
50 3.20811e-08 -5.80422e-09 1.57797e-09
51 3.72916e-08 2.02465e-08 9.51331e-10
52 -2.26619e-08 1.41608e-09 -6.09361e-10
53 9.47903e-08 6.80416e-11 -8.79481e-10
54 -7.03772e-08 -3.4434e-09 1.50067e-10
55 -5.22869e-09 -2.37253e-09 1.05956e-09
56 5.76201e-08 2.04125e-09 -1.41335e-09
57 -5.01395e-08 -2.22576e-08 -1.23509e-09
58 2.5138e-08 7.18512e-09 6.03904e-10
59 4.05985e-08 -2.76998e-10 4.5693e-09
60 -7.89169e-09 -7.01107e-10 -3.12502e-09
61 2.31739e-09 1.65253e-08 4.40195e-10
62 3.49005e-08 -9.06959e-09 -5.20231e-10
63 1.81162e-08 -9.42777e-09 -3.19142e-09
64 -1.4245e-08 3.53634e-09 5.57884e-09
65 -9.98443e-09 5.87141e-09 -2.43836e-09
66 3.82583e-08 8.17033e-09 -2.03909e-09
67 1.40894e-08 -1.25345e-09 1.64709e-09
68 -1.98597e-08 -1.71884e-08 2.64117e-09
69 -1.41617e-08 -5.72948e-09 -6.27551e-10
70 -7.28869e-09 8.29658e-09 -1.26056e-09
71 -8.97057e-08 -3.33409e-08 1.7626e-09
72 1.55719e-08 6.84719e-09 -9.7134e-10
73 -2.01953e-08 9.26843e-09 -4.89308e-10
74 4.26007e-09 -1.19675e-08 1.90448e-09
75 5.25047e-08 2.63407e-08 1.36879e-09
76 -8.72992e-08 -2.69559e-08 1.19508e-09
77 4.04007e-08 1.07674e-08 -2.20734e-09
78 2.19552e-08 1.2316e-08 3.78895e-09
79 5.12368e-08 2.73909e-08 -2.76486e-10
80 -1.3792e-08 6.86077e-09 -3.2469e-10
