26 2.2441e-09 -4.69796e-08 -6.58972e-10
27 -2.7885e-06 -7.99663e-05 -1.07162e-06
28 -8.13536e-08 -6.28887e-05 -1.22254e-06
29 1.93251e-06 -7.13084e-05 -2.44059e-07
30 1.78704e-06 -6.99805e-05 -3.24067e-07
31 2.4121e-06 -7.11285e-05 -2.66032e-07
32 2.45756e-06 -7.08964e-05 -2.72204e-07
33 2.47141e-06 -7.09353e-05 -2.72458e-07
34 2.48287e-06 -7.09528e-05 -2.717e-07
35 2.49549e-06 -7.09699e-05 -2.71516e-07
36 2.50838e-06 -7.09859e-05 -2.70819e-07
37 2.52055e-06 -7.09996e-05 -2.70463e-07
38 2.53358e-06 -7.10137e-05 -2.69812e-07
39 2.54661e-06 -7.10259e-05 -2.69474e-07
40 2.55856e-06 -7.10388e-05 -2.6919e-07
41 2.57153e-06 -7.10516e-05 -2.68398e-07
42 2.5845e-06 -7.1062e-05 -2.68033e-07
43 2.59807e-06 -7.10726e-05 -2.67383e-07
44 2.61099e-06 -7.10832e-05 -2.67031e-07
45 2.6243e-06 -7.10937e-05 -2.66575e-07
46 2.6376e-06 -7.11031e-05 -2.66152e-07
47 2.65098e-06 -7.11131e-05 -2.65727e-07
48 2.66429e-06 -7.11229e-05 -2.65324e-07
49 2.67753e-06 -7.1132e-05 -2.64948e-07
50 2.69084e-06 -7.1141e-05 -2.64554e-07
51 2.70426e-06 -7.115e-05 -2.64117e-07
52 2.71758e-06 -7.1159e-05 -2.63777e-07
53 2.73089e-06 -7.11678e-05 -2.63413e-07
54 2.74436e-06 -7.11767e-05 -2.63004e-07
55 2.75755e-06 -7.11858e-05 -2.62637e-07
56 2.77088e-06 -7.11948e-05 -2.62271e-07
57 2.78427e-06 -7.12035e-05 -2.61874e-07
58 2.79785e-06 -7.12125e-05 -2.61468e-07
59 2.81146e-06 -7.12215e-05 -2.61012e-07
60 2.82491e-06 -7.12304e-05 -2.60661e-07
61 2.83841e-06 -7.12391e-05 -2.60275e-07
62 2.85199e-06 -7.1248e-05 -2.59857e-07
63 2.86552e-06 -7.12566e-05 -2.5949e-07
64 2.87903e-06 -7.12653e-05 -2.59131e-07
65 2.89258e-06 -7.12739e-05 -2.58763e-07
66 2.90613e-06 -7.12824e-05 -2.58399e-07
67 2.9197e-06 -7.12909e-05 -2.58041e-07
68 2.93327e-06 -7.12994e-05 -2.57681e-07
69 2.94686e-06 -7.13079e-05 -2.57326e-07
70 2.96045e-06 -7.13163e-05 -2.5697e-07
71 2.97407e-06 -7.13248e-05 -2.56618e-07
72 2.98768e-06 -7.13332e-05 -2.56265e-07
73 3.00132e-06 -7.13416e-05 -2.55918e-07
74 3.01498e-06 -7.13501e-05 -2.55571e-07
75 3.02862e-06 -7.13584e-05 -2.55222e-07
76 3.04226e-06 -7.13668e-05 -2.54879e-07
77 3.05593e-06 -7.13752e-05 -2.54536e-07
78 3.06962e-06 -7.13835e-05 -2.54195e-07
79 3.08329e-06 -7.13918e-05 -2.53852e-07
80 3.09697e-06 -7.14002e-05 -2.53513e-07
