26 -0.0102646 -0.0352932 -5.95429e-12
27 7.58634e-06 -3.12387e-06 1.90848e-08
28 -0.00908563 -0.00446398 -1.85329e-05
29 2.07215e-08 8.45018e-08 2.57387e-10
30 -3.33703e-08 -1.2883e-07 -8.89531e-09
31 -1.28484e-08 -4.70504e-08 7.55335e-10
32 7.62157e-09 7.56154e-09 -8.5447e-10
33 3.56308e-08 1.5958e-07 1.95723e-09
34 -7.36372e-08 -3.18744e-07 -1.19608e-08
35 5.9184e-08 2.32266e-07 4.75757e-09
36 -7.2404e-08 -3.0283e-07 -7.53971e-09
37 6.17529e-08 3.1191e-07 -4.78258e-09
38 -3.675e-08 -1.81274e-07 1.50671e-08
39 2.29415e-08 9.96946e-08 2.29284e-09
40 1.63677e-08 7.53761e-08 -1.88174e-09
41 -1.52309e-08 -5.11008e-08 -7.98445e-09
42 1.23564e-08 5.23224e-08 8.53061e-09
43 1.30044e-08 3.36225e-08 1.69757e-09
44 3.18678e-08 1.25107e-07 -4.32919e-09
45 -1.61463e-08 -5.99872e-08 1.14878e-08
46 -1.954e-08 -5.64262e-08 -2.23235e-08
47 4.09368e-08 1.88302e-07 -2.05546e-10
48 -3.96717e-08 -2.13956e-07 1.3717e-08
49 3.02016e-08 1.36507e-07 -2.92266e-09
50 -2.28952e-08 -6.17312e-08 -7.25868e-09
51 -2.64995e-08 -1.3362e-07 -6.4997e-09
52 3.84198e-08 1.77806e-07 4.14138e-09
53 1.72713e-09 1.54282e-08 2.24054e-09
54 1.04792e-08 5.29905e-08 -1.44296e-08
55 -1.34432e-08 -5.71674e-08 -1.44473e-09
56 2.20634e-08 1.04622e-07 1.25983e-08
57 5.8048e-08 2.81237e-07 -2.41503e-08
58 -3.08187e-08 -1.70692e-07 1.36424e-08
59 -1.77934e-08 -7.15108e-08 -8.23047e-09
60 4.16176e-08 2.11219e-07 6.10271e-10
61 9.15952e-09 3.01301e-08 7.02312e-09
62 1.79371e-08 7.7857e-08 3.06227e-09
63 -4.36371e-08 -1.86535e-07 -6.33099e-09
64 -4.3301e-09 -3.13011e-08 -1.24642e-08
65 -4.24052e-08 -1.80892e-07 1.08666e-08
66 4.81668e-09 9.73534e-09 -1.22009e-08
67 -7.65067e-09 -4.75463e-08 7.28505e-09
68 -1.42509e-08 -8.35994e-08 -4.95493e-09
69 5.26129e-08 2.67432e-07 -1.24464e-08
70 -4.55298e-08 -2.30746e-07 1.23891e-08
71 -3.72029e-09 -1.74988e-08 -4.94629e-09
72 -2.07606e-08 -1.03616e-07 1.7325e-08
73 -5.27907e-08 -2.23931e-07 -4.24598e-09
74 3.06609e-08 1.49405e-07 -4.28417e-09
75 4.64161e-08 2.18652e-07 -5.18503e-09
76 2.69683e-08 8.86691e-08 1.07766e-08
77 -3.40992e-08 -1.31379e-07 -1.48229e-08
78 -3.66922e-08 -1.98637e-07 1.05201e-08
79 -3.7006e-08 -1.39902e-07 1.03955e-09
80 -1.99316e-08 -1.22573e-07 6.57383e-09
