26 9.988e-10 -2.47318e-08 2.00632e-08
27 -1.5686e-06 3.66901e-05 7.10224e-05
28 -4.8384e-07 3.05315e-05 5.52513e-05
29 -2.45813e-06 -3.32991e-05 1.12081e-05
30 -2.26073e-06 -3.15051e-05 1.12841e-05
31 -1.87656e-06 -3.25077e-05 1.13013e-05
32 -1.82323e-06 -3.24785e-05 1.12483e-05
33 -1.80441e-06 -3.25233e-05 1.12458e-05
34 -1.79284e-06 -3.25543e-05 1.12433e-05
35 -1.77871e-06 -3.25787e-05 1.12421e-05
36 -1.76528e-06 -3.26016e-05 1.12415e-05
37 -1.75206e-06 -3.2621e-05 1.12409e-05
38 -1.73844e-06 -3.26393e-05 1.1241e-05
39 -1.72463e-06 -3.26544e-05 1.12411e-05
40 -1.71173e-06 -3.26691e-05 1.12416e-05
41 -1.69833e-06 -3.26845e-05 1.12423e-05
42 -1.6847e-06 -3.26958e-05 1.12431e-05
43 -1.6708e-06 -3.27078e-05 1.12439e-05
44 -1.65727e-06 -3.27184e-05 1.1245e-05
45 -1.64346e-06 -3.27288e-05 1.12461e-05
46 -1.62971e-06 -3.2738e-05 1.12472e-05
47 -1.61594e-06 -3.27473e-05 1.12485e-05
48 -1.60222e-06 -3.27562e-05 1.12497e-05
49 -1.58851e-06 -3.27642e-05 1.12511e-05
50 -1.57479e-06 -3.27721e-05 1.12524e-05
51 -1.56104e-06 -3.27798e-05 1.12538e-05
52 -1.54732e-06 -3.27873e-05 1.12553e-05
53 -1.53361e-06 -3.27945e-05 1.12567e-05
54 -1.51986e-06 -3.28018e-05 1.12582e-05
55 -1.50632e-06 -3.28089e-05 1.12597e-05
56 -1.49267e-06 -3.28161e-05 1.12613e-05
57 -1.47897e-06 -3.2823e-05 1.12628e-05
58 -1.46521e-06 -3.28301e-05 1.12644e-05
59 -1.45144e-06 -3.28374e-05 1.12659e-05
60 -1.43775e-06 -3.28444e-05 1.12674e-05
61 -1.42402e-06 -3.28511e-05 1.12689e-05
62 -1.41031e-06 -3.28582e-05 1.12705e-05
63 -1.39659e-06 -3.28648e-05 1.1272e-05
64 -1.38289e-06 -3.28713e-05 1.12736e-05
65 -1.36916e-06 -3.28779e-05 1.12751e-05
66 -1.35545e-06 -3.28843e-05 1.12767e-05
67 -1.34173e-06 -3.28908e-05 1.12782e-05
68 -1.32802e-06 -3.28972e-05 1.12798e-05
69 -1.31431e-06 -3.29035e-05 1.12813e-05
70 -1.3006e-06 -3.29099e-05 1.12828e-05
71 -1.28688e-06 -3.29162e-05 1.12844e-05
72 -1.27317e-06 -3.29226e-05 1.12859e-05
73 -1.25945e-06 -3.29288e-05 1.12874e-05
74 -1.24573e-06 -3.29351e-05 1.12889e-05
75 -1.23202e-06 -3.29414e-05 1.12905e-05
76 -1.21833e-06 -3.29476e-05 1.1292e-05
77 -1.20462e-06 -3.29539e-05 1.12935e-05
78 -1.19091e-06 -3.29601e-05 1.1295e-05
79 -1.1772e-06 -3.29663e-05 1.12965e-05
80 -1.16351e-06 -3.29725e-05 1.1298e-05
