26 -2.65103 -4.17411 -4.60321e-09
27 -0.000341149 8.94521e-06 5.43176e-07
28 -0.134376 -0.0261651 -2.46794e-06
29 5.27157e-05 2.85241e-05 -3.95494e-08
30 1.45519e-10 6.90767e-09 7.12362e-09
31 1.23691e-10 3.38266e-08 -1.54978e-09
32 2.98314e-10 -6.65528e-08 -5.15865e-09
33 2.18279e-10 -1.57762e-07 1.20235e-09
34 -6.54836e-11 1.10895e-07 4.09273e-10
35 -1.09139e-10 3.62052e-08 -3.04863e-09
36 1.45519e-11 -3.42129e-08 -5.57247e-09
37 4.36557e-11 5.33567e-08 1.49521e-09
38 8.73115e-11 -5.67765e-09 -3.06954e-10
39 2.47383e-10 -5.58153e-08 -2.20325e-09
40 2.91038e-11 3.7226e-08 2.62116e-09
41 3.0559e-10 3.68186e-08 -2.91038e-09
42 -7.27596e-12 -3.02334e-08 3.48564e-09
43 -1.30967e-10 -6.70303e-08 8.30823e-10
44 -7.27596e-11 -4.64984e-08 -1.82808e-10
45 -3.0559e-10 -2.59922e-08 -2.71939e-10
46 -2.03727e-10 -8.472e-08 -2.3424e-09
47 -5.09317e-11 3.29435e-08 2.79124e-09
48 -2.18279e-11 -1.29298e-07 1.62026e-09
49 1.23691e-10 4.72466e-08 -3.32784e-09
50 7.27596e-12 6.80185e-08 8.50832e-10
51 2.03727e-10 1.03732e-08 -2.73712e-09
52 -9.45874e-11 7.24667e-08 -1.37334e-09
53 2.91038e-11 -7.47766e-08 3.62388e-09
54 6.54836e-11 -5.91788e-08 -2.48838e-09
55 5.82077e-11 8.3942e-08 -1.14596e-10
56 -4.00178e-10 -6.43333e-08 1.04774e-09
57 2.18279e-10 -1.45318e-07 -4.32374e-09
58 1.01863e-10 -3.32537e-08 -2.94676e-09
59 1.60071e-10 9.22949e-08 6.49106e-09
60 -4.58385e-10 -3.5681e-08 1.54523e-09
61 4.36557e-11 -6.29786e-08 7.18501e-10
62 -2.18279e-10 -1.05501e-07 -2.68301e-11
63 -6.54836e-11 -3.98705e-08 8.31278e-10
64 -6.54836e-11 -4.38753e-08 -1.16006e-09
65 2.6921e-10 -3.48172e-08 -1.87993e-09
66 2.03727e-10 -4.84963e-08 -2.72848e-11
67 5.09317e-11 3.87258e-08 4.45652e-09
68 5.09317e-11 -7.84268e-08 2.3465e-10
69 -4.36557e-11 1.71719e-08 -1.50521e-09
70 0 -4.56511e-09 1.77533e-09
71 -6.54836e-11 -3.56238e-08 -4.42014e-10
72 -1.23691e-10 1.42099e-07 2.38106e-09
73 0 -2.38501e-07 -3.26781e-09
74 -1.45519e-11 -5.74751e-08 2.48474e-09
75 -5.09317e-11 5.12695e-08 2.13367e-09
76 3.63798e-11 -3.50323e-08 3.96085e-10
77 1.30967e-10 -1.26886e-07 2.61571e-09
78 -1.45519e-11 -1.74187e-08 -1.24874e-09
79 5.09317e-11 -4.46933e-08 -5.73891e-10
80 -6.62112e-10 9.13923e-08 7.45331e-10
