26 0.96591 11.1714 1.17449e-10
27 7.21266e-05 1.11132e-05 9.96679e-06
28 0.0159379 -0.0364612 -0.0008405
29 -7.92374e-07 2.44842e-06 9.38589e-08
30 -7.27596e-11 4.66778e-08 1.28739e-09
31 5.09317e-11 -1.32021e-08 -2.86946e-10
32 8.00355e-11 -8.06457e-09 4.01087e-10
33 7.27596e-11 2.18595e-08 -2.63299e-10
34 5.82077e-11 8.31209e-09 2.27374e-10
35 2.25555e-10 1.58356e-08 -3.63798e-11
36 4.36557e-11 -1.14061e-08 -8.31733e-10
37 -9.45874e-11 1.1573e-08 -2.37833e-10
38 2.18279e-10 5.9405e-09 -3.58796e-10
39 -1.01863e-10 6.93921e-09 2.54659e-10
40 6.54836e-11 -2.48701e-08 3.54248e-10
41 2.03727e-10 -1.41029e-08 -6.18456e-11
42 8.00355e-11 2.56328e-08 -9.04947e-10
43 5.82077e-11 -2.2133e-08 8.77662e-11
44 2.11003e-10 -1.96865e-09 -1.12459e-09
45 3.63798e-11 7.37669e-09 1.88675e-09
46 -9.45874e-11 -3.14553e-08 -7.78527e-10
47 7.27596e-11 9.71375e-09 3.63798e-11
48 -8.73115e-11 -2.86577e-08 -7.33507e-10
49 2.11003e-10 1.06491e-08 1.83582e-09
50 4.36557e-11 3.1746e-09 -5.34328e-10
51 -2.47383e-10 1.58068e-08 -1.93813e-09
52 -6.54836e-11 3.40542e-08 2.05546e-09
53 6.54836e-11 -3.65755e-08 -2.38015e-09
54 1.38243e-10 5.04827e-09 3.05135e-10
55 -1.45519e-11 1.53434e-08 5.24324e-10
56 2.03727e-10 1.20623e-08 9.23137e-10
57 1.60071e-10 1.34726e-08 -1.66392e-09
58 1.52795e-10 -2.11371e-08 -8.54016e-10
59 -8.00355e-11 -1.55679e-08 -4.30646e-10
60 1.23691e-10 1.11845e-08 1.11777e-09
61 -1.09139e-10 -5.9002e-10 1.19144e-09
62 5.82077e-11 1.20652e-08 -2.11094e-09
63 1.45519e-11 -2.72158e-08 9.46784e-10
64 -1.01863e-10 -8.99133e-09 -5.3069e-10
65 1.52795e-10 -8.5078e-09 -2.84672e-10
66 7.27596e-12 5.52317e-09 -1.07593e-09
67 -1.45519e-11 -3.36455e-09 -6.5711e-10
68 -7.27596e-12 9.71087e-09 1.76306e-09
69 5.82077e-11 -1.03038e-09 1.29194e-09
70 -8.73115e-11 6.44705e-09 -6.08452e-10
71 -9.45874e-11 -1.83453e-08 2.78305e-10
72 0 3.82794e-08 -1.93631e-09
73 -9.45874e-11 -3.19532e-08 1.39016e-09
74 -7.27596e-12 1.625e-08 -1.05365e-09
75 -2.18279e-11 -2.35116e-08 1.55978e-09
76 -1.45519e-11 1.74991e-09 2.11912e-10
77 5.09317e-11 1.43965e-08 -3.84262e-10
78 7.27596e-11 -2.44268e-08 2.29647e-10
79 -2.91038e-11 9.6936e-09 1.83627e-09
80 -4.36557e-11 -5.25838e-09 -2.77532e-09
