26 1.85822 2.57399 -1.44075e-11
27 -6.00711e-06 -4.38321e-06 4.58203e-09
28 0.00592756 -0.0211989 4.1637e-05
29 3.37809e-08 9.31268e-08 3.13321e-10
30 7.63521e-09 1.72995e-08 2.57887e-09
31 -2.52862e-08 -7.84394e-09 -1.5807e-09
32 2.77655e-08 1.6282e-08 1.13187e-09
33 -4.30268e-08 -3.12994e-08 -6.83485e-10
34 1.5114e-08 5.53428e-10 -3.13776e-10
35 5.47348e-08 2.6879e-08 -1.13869e-09
36 -1.88857e-08 -7.80574e-09 -1.68257e-09
37 3.21397e-08 2.05141e-08 2.19143e-09
38 -4.0694e-08 -1.50969e-08 2.15687e-09
39 -9.75947e-08 -5.2074e-08 -1.20281e-09
40 5.4356e-09 -1.81633e-08 1.14142e-10
41 -3.23876e-08 -2.54286e-08 -1.56888e-10
42 -2.44127e-08 -1.81922e-09 -8.50378e-10
43 -1.53887e-08 -1.13725e-08 1.76169e-09
44 6.21621e-08 2.95652e-08 -2.56068e-09
45 -7.06655e-08 -3.19349e-08 6.95309e-10
46 8.32506e-09 6.06406e-09 1.61708e-09
47 1.12418e-08 8.10292e-09 -1.81535e-09
48 2.68369e-08 -7.03039e-09 -3.9563e-11
49 1.19339e-08 1.86558e-08 6.22094e-10
50 3.71474e-08 3.77713e-08 -2.8831e-10
51 -4.0433e-08 -1.32645e-08 -1.55069e-09
52 3.74262e-08 2.29561e-08 1.72258e-09
53 -7.76936e-09 9.71431e-09 -2.8831e-10
54 1.57493e-08 -1.78416e-08 5.64341e-10
55 -4.4025e-08 -1.99395e-08 2.73849e-09
56 2.04345e-08 1.69809e-08 1.35378e-09
57 -1.33123e-08 -1.17241e-08 1.00954e-09
58 4.99904e-08 4.53792e-08 -1.63845e-09
59 5.01313e-08 1.84989e-08 -1.00499e-10
60 2.83376e-08 2.09354e-08 9.86802e-11
61 7.76436e-09 2.15753e-08 -6.0254e-10
62 6.56851e-08 3.18018e-08 1.74805e-09
63 -7.78705e-08 -2.63572e-08 -1.30967e-09
64 8.82983e-09 -5.9772e-09 1.8631e-09
65 3.76263e-08 1.84e-08 -6.86668e-10
66 2.98724e-09 -5.11773e-09 -1.51385e-09
67 -1.12218e-08 4.67867e-09 -1.55705e-09
68 -2.15432e-08 -1.40431e-08 -9.86802e-10
69 -1.16734e-08 -1.26004e-08 -8.78117e-10
70 6.59074e-08 3.56972e-08 1.32559e-09
71 -6.52599e-08 -2.12251e-08 -4.29736e-10
72 -2.51498e-08 -2.63312e-08 1.33741e-09
73 -1.65483e-08 -1.25874e-08 4.91127e-10
74 1.63573e-09 1.89857e-10 -1.00044e-11
75 5.22368e-08 2.45479e-08 1.0582e-09
76 1.0923e-08 2.05068e-09 2.19643e-09
77 5.26588e-08 3.21718e-08 -2.15596e-09
78 8.01133e-08 6.03811e-08 2.18279e-11
79 2.49393e-08 -1.23603e-08 -8.86757e-10
80 -2.44318e-08 2.59479e-09 3.00679e-09
