26 1.67226e-09 -4.48551e-08 -1.4562e-09
27 -1.21194e-05 -5.39309e-05 -1.83191e-05
28 -7.71105e-06 -4.13652e-05 -1.48346e-05
29 -1.91942e-06 -6.07086e-05 -7.6613e-06
30 -2.13539e-06 -5.91331e-05 -7.76318e-06
31 -1.51684e-06 -6.03045e-05 -7.80385e-06
32 -1.45001e-06 -6.0126e-05 -7.75828e-06
33 -1.4358e-06 -6.01657e-05 -7.75738e-06
34 -1.42267e-06 -6.01882e-05 -7.75436e-06
35 -1.40919e-06 -6.02078e-05 -7.75271e-06
36 -1.39532e-06 -6.02269e-05 -7.75106e-06
37 -1.38242e-06 -6.02429e-05 -7.74974e-06
38 -1.36872e-06 -6.02592e-05 -7.74869e-06
39 -1.35525e-06 -6.02729e-05 -7.74793e-06
40 -1.34296e-06 -6.02868e-05 -7.74738e-06
41 -1.32945e-06 -6.03016e-05 -7.74665e-06
42 -1.31623e-06 -6.0313e-05 -7.74631e-06
43 -1.30229e-06 -6.03251e-05 -7.74585e-06
44 -1.28922e-06 -6.03363e-05 -7.74571e-06
45 -1.27574e-06 -6.03476e-05 -7.74555e-06
46 -1.26228e-06 -6.03576e-05 -7.74544e-06
47 -1.24881e-06 -6.03682e-05 -7.74545e-06
48 -1.23542e-06 -6.03785e-05 -7.74547e-06
49 -1.22214e-06 -6.03879e-05 -7.74555e-06
50 -1.2088e-06 -6.03974e-05 -7.74565e-06
51 -1.19533e-06 -6.04068e-05 -7.74575e-06
52 -1.18201e-06 -6.0416e-05 -7.74592e-06
53 -1.16872e-06 -6.0425e-05 -7.74611e-06
54 -1.15525e-06 -6.04342e-05 -7.74629e-06
55 -1.14211e-06 -6.04434e-05 -7.74654e-06
56 -1.12882e-06 -6.04526e-05 -7.74679e-06
57 -1.11544e-06 -6.04615e-05 -7.74701e-06
58 -1.1019e-06 -6.04707e-05 -7.74725e-06
59 -1.08827e-06 -6.048e-05 -7.74743e-06
60 -1.07488e-06 -6.0489e-05 -7.7477e-06
61 -1.06142e-06 -6.04978e-05 -7.74796e-06
62 -1.04786e-06 -6.0507e-05 -7.74819e-06
63 -1.0344e-06 -6.05157e-05 -7.74847e-06
64 -1.02094e-06 -6.05245e-05 -7.74875e-06
65 -1.00745e-06 -6.05331e-05 -7.74903e-06
66 -9.93964e-07 -6.05418e-05 -7.74932e-06
67 -9.80452e-07 -6.05504e-05 -7.74961e-06
68 -9.66944e-07 -6.05589e-05 -7.7499e-06
69 -9.53429e-07 -6.05675e-05 -7.75019e-06
70 -9.39904e-07 -6.0576e-05 -7.75048e-06
71 -9.26352e-07 -6.05845e-05 -7.75078e-06
72 -9.12808e-07 -6.0593e-05 -7.75108e-06
73 -8.99243e-07 -6.06015e-05 -7.75138e-06
74 -8.85651e-07 -6.06099e-05 -7.75168e-06
75 -8.72085e-07 -6.06183e-05 -7.75198e-06
76 -8.58513e-07 -6.06268e-05 -7.75228e-06
77 -8.44918e-07 -6.06352e-05 -7.75258e-06
78 -8.31306e-07 -6.06435e-05 -7.75288e-06
79 -8.17703e-07 -6.06519e-05 -7.75318e-06
80 -8.04094e-07 -6.06603e-05 -7.75348e-06
