26 -6.05403 8.95611 -1.75057e-08
27 -0.000351597 -2.48173e-05 2.72848e-10
28 -0.173929 -0.0254927 4.70443e-07
29 9.9513e-05 3.88866e-05 -2.45518e-08
30 7.27596e-11 -6.81759e-08 -2.48656e-09
31 6.54836e-11 1.83025e-07 -6.48015e-10
32 -1.96451e-10 -1.30073e-07 2.02817e-09
33 5.82077e-11 1.49069e-07 -5.71572e-09
34 -2.18279e-10 6.15252e-08 2.73576e-09
35 -2.11003e-10 9.24532e-08 1.71804e-09
36 -2.25555e-10 4.35059e-08 -3.60615e-10
37 3.56522e-10 4.94693e-08 -2.75122e-10
38 3.56522e-10 -3.88189e-08 -9.79071e-10
39 3.49246e-10 -4.18058e-08 -1.28921e-09
40 6.54836e-11 -1.8965e-09 -9.54969e-12
41 3.49246e-10 2.98686e-08 -2.13277e-09
42 7.27596e-11 -1.52738e-07 4.54747e-10
43 6.54836e-11 1.04504e-07 -2.88082e-09
44 -1.96451e-10 1.85413e-08 1.18962e-09
45 -1.74623e-10 5.2482e-08 -1.28966e-09
46 1.01863e-10 -1.00716e-08 -1.16052e-09
47 8.00355e-11 -8.55855e-08 1.6089e-09
48 -1.89175e-10 -8.6309e-08 -2.59615e-09
49 8.73115e-11 1.08964e-07 8.78117e-10
50 -1.81899e-10 8.72702e-08 2.61934e-10
51 -1.81899e-10 7.23461e-09 2.69347e-09
52 6.54836e-11 7.19844e-09 2.16141e-09
53 1.01863e-10 -3.27573e-08 5.68434e-11
54 7.27596e-11 6.82896e-08 -4.21323e-09
55 -1.89175e-10 -1.03703e-07 5.47743e-09
56 5.09317e-11 1.16653e-07 -3.54657e-09
57 -1.96451e-10 2.15385e-08 -3.35604e-10
58 -1.81899e-10 -3.27521e-08 -6.72571e-10
59 -1.81899e-10 3.27987e-08 -8.03084e-10
60 -1.96451e-10 5.40064e-08 -1.82354e-09
61 8.73115e-11 -4.02968e-08 2.77396e-10
62 -1.89175e-10 7.35657e-08 -2.50202e-09
63 -1.89175e-10 -1.17242e-07 -2.2419e-09
64 4.36557e-11 1.09759e-08 2.64663e-09
65 3.4197e-10 1.15092e-07 -5.17502e-10
66 5.09317e-11 -9.23292e-08 1.25965e-10
67 3.34694e-10 -3.51399e-10 -1.75805e-09
68 5.09317e-11 1.47896e-08 -1.84173e-09
69 -2.11003e-10 1.53539e-07 2.64754e-09
70 8.00355e-11 -3.95527e-08 -1.61435e-10
71 9.45874e-11 9.76415e-08 -6.94399e-10
72 -1.74623e-10 -5.91482e-08 -1.93268e-09
73 8.00355e-11 -1.59461e-07 -2.23736e-10
74 5.82077e-11 5.01566e-08 -9.16771e-10
75 -2.03727e-10 -7.27234e-08 -1.47111e-09
76 -1.74623e-10 6.43364e-09 3.84534e-09
77 1.01863e-10 1.70013e-08 -1.11368e-09
78 -2.40107e-10 2.00399e-08 -1.64437e-09
79 -1.60071e-10 1.06829e-07 4.37922e-10
80 9.45874e-11 -7.91157e-09 -4.72937e-10
