26 0.0072007 -0.0672601 4.89508e-12
27 -9.93968e-06 -4.41745e-06 -1.29021e-08
28 0.0113018 0.00135411 1.84903e-05
29 4.43429e-08 -1.40008e-07 -3.44289e-09
30 4.62205e-09 1.86465e-08 1.32941e-08
31 -4.13006e-08 9.76056e-08 -1.28057e-08
32 -6.28443e-08 1.63128e-07 1.11513e-08
33 2.54599e-08 -6.33833e-08 1.135e-08
34 1.21468e-08 -3.90946e-08 -4.86125e-09
35 9.88293e-08 -2.40961e-07 4.37922e-10
36 -6.6108e-08 1.5948e-07 -4.98312e-09
37 3.51133e-08 -9.7924e-08 -3.93675e-09
38 -4.7964e-08 1.09924e-07 -7.165e-09
39 4.58917e-08 -9.92669e-08 -1.73804e-09
40 5.62559e-08 -1.51612e-07 -4.9863e-09
41 -1.17377e-07 3.01055e-07 1.02164e-08
42 5.59385e-09 3.24383e-09 -4.06362e-09
43 -5.74523e-08 1.4654e-07 -4.31191e-09
44 2.49706e-08 -3.79724e-08 1.82654e-08
45 3.59978e-09 -9.59051e-09 -1.85264e-09
46 6.6525e-09 -3.01969e-08 -1.332e-08
47 6.15487e-08 -1.60342e-07 5.60613e-09
48 -1.34833e-08 1.85432e-08 8.54379e-09
49 -5.1738e-08 1.29456e-07 -1.00727e-09
50 6.72449e-08 -1.32574e-07 -2.86218e-09
51 -2.20005e-07 5.69465e-07 -4.25371e-09
52 3.00379e-08 -7.0877e-08 3.37877e-09
53 -4.67921e-08 1.29618e-07 7.45831e-09
54 6.74263e-08 -1.75656e-07 -3.7553e-09
55 1.85009e-08 -6.07085e-08 -1.20235e-08
56 6.52403e-08 -1.69165e-07 1.67747e-08
57 -1.02966e-07 2.59948e-07 -1.44792e-09
58 3.85899e-09 1.86454e-08 -4.52701e-09
59 7.49455e-08 -2.08321e-07 -1.032e-08
60 -3.73611e-08 9.19862e-08 1.21458e-08
61 -5.65933e-09 3.04684e-08 -3.27327e-09
62 4.59395e-08 -1.38528e-07 -4.33238e-09
63 -1.34532e-08 3.24605e-08 -9.74887e-09
64 -2.94481e-08 7.13651e-08 7.36327e-09
65 5.835e-08 -1.60876e-07 -1.12605e-08
66 -1.72772e-08 3.53159e-08 3.63798e-09
67 2.78869e-08 -8.81918e-08 -9.08494e-09
68 5.74923e-08 -1.27941e-07 7.30461e-09
69 1.03664e-08 -2.1647e-08 7.82165e-09
70 -6.2797e-08 1.32939e-07 -1.9169e-08
71 4.20951e-08 -9.38948e-08 1.34714e-08
72 -9.74251e-09 2.25677e-08 1.85082e-09
73 -6.06956e-08 1.63766e-07 -8.40919e-09
74 8.78308e-08 -2.35208e-07 1.72804e-09
75 1.65119e-08 -5.15151e-08 -1.50976e-09
76 -2.86677e-08 8.25852e-08 6.80257e-09
77 -4.34543e-08 1.28326e-07 -2.27601e-09
78 5.58421e-08 -1.55509e-07 -6.1209e-10
79 -5.36907e-08 1.27576e-07 -1.5677e-08
80 2.62507e-08 -7.8863e-08 -2.03513e-08
