26 1.30782e-08 -4.287e-08 1.2069e-09
27 5.84397e-05 -1.63892e-05 -8.61795e-06
28 4.74876e-05 -1.40295e-05 -6.78833e-06
29 2.4692e-05 -4.49615e-05 -5.36983e-06
30 2.477e-05 -4.36403e-05 -5.30584e-06
31 2.54584e-05 -4.43977e-05 -5.50935e-06
32 2.53739e-05 -4.43601e-05 -5.45065e-06
33 2.53842e-05 -4.44031e-05 -5.45029e-06
34 2.53888e-05 -4.44271e-05 -5.44886e-06
35 2.53976e-05 -4.44488e-05 -5.44761e-06
36 2.5408e-05 -4.44665e-05 -5.44712e-06
37 2.54178e-05 -4.44826e-05 -5.44638e-06
38 2.54301e-05 -4.44964e-05 -5.44625e-06
39 2.54423e-05 -4.45092e-05 -5.44597e-06
40 2.5454e-05 -4.4522e-05 -5.44572e-06
41 2.54677e-05 -4.45324e-05 -5.446e-06
42 2.54812e-05 -4.45417e-05 -5.44608e-06
43 2.54958e-05 -4.45499e-05 -5.44643e-06
44 2.55099e-05 -4.45587e-05 -5.44664e-06
45 2.55245e-05 -4.45667e-05 -5.44697e-06
46 2.55392e-05 -4.45738e-05 -5.44731e-06
47 2.55543e-05 -4.45811e-05 -5.44775e-06
48 2.55693e-05 -4.45882e-05 -5.44816e-06
49 2.55844e-05 -4.45945e-05 -5.44859e-06
50 2.55996e-05 -4.46007e-05 -5.44906e-06
51 2.5615e-05 -4.46065e-05 -5.44959e-06
52 2.56303e-05 -4.46126e-05 -5.45005e-06
53 2.56457e-05 -4.46184e-05 -5.45055e-06
54 2.56613e-05 -4.4624e-05 -5.45112e-06
55 2.56768e-05 -4.46298e-05 -5.45167e-06
56 2.56923e-05 -4.46355e-05 -5.45222e-06
57 2.5708e-05 -4.46409e-05 -5.4528e-06
58 2.57239e-05 -4.46464e-05 -5.45342e-06
59 2.57397e-05 -4.46518e-05 -5.45405e-06
60 2.57554e-05 -4.46575e-05 -5.45462e-06
61 2.57712e-05 -4.46628e-05 -5.45522e-06
62 2.5787e-05 -4.46682e-05 -5.45585e-06
63 2.58029e-05 -4.46735e-05 -5.45645e-06
64 2.58186e-05 -4.46788e-05 -5.45705e-06
65 2.58344e-05 -4.4684e-05 -5.45765e-06
66 2.58503e-05 -4.46892e-05 -5.45826e-06
67 2.58661e-05 -4.46944e-05 -5.45887e-06
68 2.58819e-05 -4.46996e-05 -5.45948e-06
69 2.58977e-05 -4.47047e-05 -5.46008e-06
70 2.59136e-05 -4.47099e-05 -5.46069e-06
71 2.59294e-05 -4.4715e-05 -5.46131e-06
72 2.59452e-05 -4.47201e-05 -5.46192e-06
73 2.59611e-05 -4.47253e-05 -5.46253e-06
74 2.5977e-05 -4.47304e-05 -5.46314e-06
75 2.59928e-05 -4.47355e-05 -5.46376e-06
76 2.60086e-05 -4.47407e-05 -5.46437e-06
77 2.60245e-05 -4.47458e-05 -5.46498e-06
78 2.60403e-05 -4.47509e-05 -5.4656e-06
79 2.60562e-05 -4.4756e-05 -5.46621e-06
80 2.6072e-05 -4.47611e-05 -5.46682e-06
