26 0.16792 0.0682412 7.52927e-11
27 0.00034558 0.000224108 -3.27418e-10
28 0.00367915 -0.123764 6.92406e-07
29 209.394 544.582 1.12414e-09
30 -1.67397e-08 -5.95719e-11 -1.27329e-10
31 2.90913e-08 -5.36966e-09 9.14952e-10
32 1.32331e-09 5.26438e-09 2.13186e-09
33 -1.03921e-08 5.26825e-09 -9.85892e-10
34 -4.63649e-08 -5.10454e-11 -6.53017e-10
35 1.27332e-08 -5.37784e-09 6.71207e-10
36 2.61532e-08 -3.78577e-11 -7.0213e-10
37 -2.20821e-08 -5.36625e-09 1.5898e-09
38 -1.1257e-08 -4.52474e-11 1.87902e-09
39 -4.99881e-09 -5.36397e-09 -1.26056e-09
40 1.67911e-08 1.66019e-08 1.50249e-09
41 2.67391e-10 6.72117e-10 -1.9445e-09
42 -1.72963e-09 8.46967e-10 -6.18456e-11
43 6.53858e-09 8.14453e-10 -1.25874e-09
44 1.88516e-08 8.59814e-10 8.58563e-10
45 -1.3725e-08 8.07972e-10 1.31149e-09
46 1.11559e-08 8.31392e-10 -1.34423e-09
47 -1.17277e-08 -4.50177e-09 1.42427e-09
48 1.68163e-08 6.1533e-09 -2.25737e-09
49 2.76921e-08 8.18773e-10 2.27556e-09
50 -2.4359e-08 -4.48858e-09 5.0386e-10
51 -2.03522e-08 -4.4995e-09 2.11003e-10
52 -1.32161e-08 -4.49313e-09 -1.17325e-09
53 -2.52239e-08 -4.48631e-09 -3.11047e-10
54 -2.32396e-08 6.14773e-09 9.09495e-11
55 1.74282e-09 8.22183e-10 9.05857e-10
56 2.1917e-08 8.40373e-10 9.11314e-10
57 -6.23033e-08 8.29687e-10 1.47338e-10
58 -4.92264e-09 8.15362e-10 -2.61934e-10
59 1.11941e-08 -4.50586e-09 -7.13044e-10
60 2.94347e-08 -4.49654e-09 -1.06775e-09
61 -4.31596e-08 6.15353e-09 8.87667e-10
62 2.25168e-09 8.29573e-10 2.39015e-09
63 7.12362e-09 -4.48722e-09 -2.11912e-09
64 1.68545e-08 -4.49756e-09 -3.2378e-10
65 -5.50745e-09 8.11156e-10 9.5315e-10
66 9.00604e-09 -4.50098e-09 1.71167e-09
67 3.14319e-08 6.14546e-09 8.14907e-10
68 -2.68012e-08 8.21274e-10 -1.36242e-09
69 1.71217e-08 -4.47869e-09 2.20462e-09
70 -4.31191e-09 8.19796e-10 -2.89947e-09
71 -2.20691e-08 -4.48392e-09 1.40062e-10
72 -1.085e-08 8.22979e-10 4.91127e-11
73 1.19599e-09 -4.48074e-09 -1.70257e-09
74 -4.29918e-09 8.08996e-10 4.03998e-09
75 -4.06662e-08 8.20592e-10 -2.31739e-09
76 -6.10271e-10 -4.47733e-09 4.71118e-10
77 1.63075e-08 8.42988e-10 -8.65839e-10
78 -1.22875e-08 8.3628e-10 1.72804e-10
79 4.59227e-09 6.15341e-09 3.36513e-10
80 -2.36594e-08 8.1684e-10 5.7662e-10
