26 1.3015e-08 -4.28999e-08 -1.71768e-09
27 5.06714e-05 -1.63897e-05 -1.88598e-05
28 4.13729e-05 -1.40299e-05 -1.48416e-05
29 2.04024e-05 -4.49801e-05 -9.58126e-06
30 2.05204e-05 -4.36422e-05 -9.50799e-06
31 2.10889e-05 -4.44009e-05 -9.70906e-06
32 2.10439e-05 -4.43627e-05 -9.63368e-06
33 2.10549e-05 -4.44056e-05 -9.63142e-06
34 2.10607e-05 -4.44296e-05 -9.62867e-06
35 2.10705e-05 -4.44514e-05 -9.62647e-06
36 2.10813e-05 -4.4469e-05 -9.62534e-06
37 2.10917e-05 -4.44851e-05 -9.62396e-06
38 2.11042e-05 -4.44989e-05 -9.62352e-06
39 2.11166e-05 -4.45117e-05 -9.62292e-06
40 2.11285e-05 -4.45245e-05 -9.62245e-06
41 2.11421e-05 -4.45349e-05 -9.62268e-06
42 2.11556e-05 -4.45442e-05 -9.62271e-06
43 2.11699e-05 -4.45524e-05 -9.6231e-06
44 2.11838e-05 -4.45612e-05 -9.62336e-06
45 2.11983e-05 -4.45692e-05 -9.62379e-06
46 2.12127e-05 -4.45763e-05 -9.62425e-06
47 2.12275e-05 -4.45836e-05 -9.62487e-06
48 2.12422e-05 -4.45907e-05 -9.62546e-06
49 2.1257e-05 -4.4597e-05 -9.62609e-06
50 2.12718e-05 -4.46032e-05 -9.62677e-06
51 2.12869e-05 -4.4609e-05 -9.62755e-06
52 2.13018e-05 -4.46152e-05 -9.62825e-06
53 2.13168e-05 -4.46209e-05 -9.62901e-06
54 2.13321e-05 -4.46266e-05 -9.62986e-06
55 2.13471e-05 -4.46324e-05 -9.63069e-06
56 2.13623e-05 -4.46381e-05 -9.63154e-06
57 2.13775e-05 -4.46434e-05 -9.63242e-06
58 2.13929e-05 -4.4649e-05 -9.63336e-06
59 2.14083e-05 -4.46544e-05 -9.6343e-06
60 2.14236e-05 -4.46602e-05 -9.63517e-06
61 2.14389e-05 -4.46654e-05 -9.63609e-06
62 2.14543e-05 -4.46708e-05 -9.63704e-06
63 2.14697e-05 -4.46762e-05 -9.63796e-06
64 2.1485e-05 -4.46815e-05 -9.63887e-06
65 2.15004e-05 -4.46867e-05 -9.63979e-06
66 2.15157e-05 -4.46919e-05 -9.64072e-06
67 2.15311e-05 -4.46971e-05 -9.64165e-06
68 2.15465e-05 -4.47023e-05 -9.64258e-06
69 2.15619e-05 -4.47074e-05 -9.64352e-06
70 2.15772e-05 -4.47126e-05 -9.64445e-06
71 2.15926e-05 -4.47177e-05 -9.64539e-06
72 2.1608e-05 -4.47229e-05 -9.64633e-06
73 2.16234e-05 -4.4728e-05 -9.64726e-06
74 2.16388e-05 -4.47332e-05 -9.64821e-06
75 2.16542e-05 -4.47383e-05 -9.64914e-06
76 2.16696e-05 -4.47434e-05 -9.65008e-06
77 2.1685e-05 -4.47485e-05 -9.65102e-06
78 2.17004e-05 -4.47537e-05 -9.65196e-06
79 2.17158e-05 -4.47588e-05 -9.6529e-06
80 2.17312e-05 -4.47639e-05 -9.65384e-06
