26 -1.15843 -0.52097 -1.24749e-09
27 -0.000300865 4.13505e-05 1.32565e-06
28 -0.0927495 -0.0262165 -1.48666e-05
29 2.05441e-05 1.73986e-05 -2.57178e-08
30 -1.52795e-10 4.3108e-08 -3.09683e-09
31 3.63798e-10 1.97764e-08 2.14641e-09
32 -1.89175e-10 9.88567e-09 1.36924e-09
33 8.00355e-11 8.47562e-10 2.34468e-09
34 6.54836e-11 1.04949e-07 -2.63344e-09
35 -1.81899e-10 -2.01396e-07 1.23919e-09
36 -1.74623e-10 -5.5045e-08 2.01271e-09
37 -1.81899e-10 -2.96095e-09 -1.2169e-09
38 3.71074e-10 -4.29115e-08 1.85992e-09
39 -1.74623e-10 2.31516e-09 3.73802e-09
40 -1.67347e-10 -5.27086e-09 -5.41877e-09
41 -1.60071e-10 -1.17609e-07 -4.01997e-10
42 9.45874e-11 8.60248e-08 2.02817e-10
43 1.16415e-10 -9.20294e-08 2.25918e-09
44 3.49246e-10 -8.06607e-08 -5.95719e-10
45 -1.38243e-10 4.98931e-08 2.43745e-10
46 1.30967e-10 -1.07822e-07 3.96994e-10
47 9.45874e-11 -4.15163e-08 -1.72395e-09
48 1.23691e-10 7.6481e-09 4.71027e-09
49 -4.43833e-10 5.80682e-08 -2.43836e-09
50 -1.74623e-10 -6.03108e-08 -3.36513e-10
51 8.00355e-11 -9.19829e-08 -2.01499e-09
52 9.45874e-11 5.28386e-08 -2.21007e-10
53 1.23691e-10 -3.6142e-08 3.54112e-09
54 -1.81899e-10 -7.91001e-08 -3.27555e-09
55 -1.67347e-10 1.35127e-07 -2.21462e-10
56 -1.74623e-10 -3.24368e-08 2.08047e-09
57 3.71074e-10 2.0443e-08 4.1382e-09
58 -1.67347e-10 6.11843e-08 -1.12777e-09
59 8.73115e-11 -6.78245e-08 1.23737e-09
60 1.16415e-10 9.81015e-08 -2.41926e-10
61 5.09317e-11 1.50242e-07 2.21917e-10
62 -1.74623e-10 -1.69745e-07 -2.12458e-09
63 -1.81899e-10 7.40154e-08 -2.03272e-10
64 7.27596e-11 -4.06791e-08 3.67163e-09
65 1.30967e-10 -3.31241e-08 2.39652e-10
66 1.09139e-10 1.52969e-09 -2.52703e-09
67 -2.11003e-10 1.42667e-07 3.276e-09
68 1.16415e-10 1.28932e-08 -6.24323e-09
69 -1.60071e-10 6.06683e-09 3.91583e-09
70 -1.52795e-10 -4.29994e-08 -3.96994e-10
71 3.34694e-10 -2.2013e-09 -2.72439e-09
72 3.63798e-10 -6.03366e-08 9.004e-11
73 1.01863e-10 -1.81123e-08 3.27418e-10
74 3.63798e-10 4.75935e-08 1.35014e-09
75 -7.05768e-10 -7.5395e-08 -1.85901e-09
76 1.01863e-10 5.28851e-08 9.74524e-10
77 6.25732e-10 -3.61833e-08 -3.89809e-09
78 8.73115e-11 -3.09072e-08 1.88084e-09
79 6.4756e-10 -4.14956e-08 6.45741e-11
80 -4.51109e-10 8.69033e-08 -1.22509e-09
