26 1.94153e-09 -4.81418e-08 3.53945e-11
27 3.43951e-06 -6.21426e-05 1.56375e-05
28 4.64443e-06 -4.96215e-05 1.20453e-05
29 4.65487e-06 -6.33673e-05 6.69257e-06
30 4.48955e-06 -6.21503e-05 6.68278e-06
31 5.17359e-06 -6.30854e-05 6.79633e-06
32 5.19647e-06 -6.29243e-05 6.74483e-06
33 5.20985e-06 -6.29648e-05 6.74382e-06
34 5.22076e-06 -6.29834e-05 6.74215e-06
35 5.23291e-06 -6.30018e-05 6.74095e-06
36 5.24575e-06 -6.30175e-05 6.7405e-06
37 5.25771e-06 -6.30316e-05 6.73985e-06
38 5.27088e-06 -6.30449e-05 6.7399e-06
39 5.28391e-06 -6.30569e-05 6.73974e-06
40 5.2959e-06 -6.30695e-05 6.73971e-06
41 5.30924e-06 -6.30806e-05 6.74027e-06
42 5.32239e-06 -6.30903e-05 6.74055e-06
43 5.33633e-06 -6.30994e-05 6.74114e-06
44 5.34949e-06 -6.31091e-05 6.74158e-06
45 5.36313e-06 -6.31183e-05 6.74216e-06
46 5.37675e-06 -6.31265e-05 6.74273e-06
47 5.39048e-06 -6.31352e-05 6.74341e-06
48 5.40414e-06 -6.31437e-05 6.74407e-06
49 5.41773e-06 -6.31515e-05 6.74475e-06
50 5.43141e-06 -6.31592e-05 6.74547e-06
51 5.44523e-06 -6.31667e-05 6.74626e-06
52 5.45891e-06 -6.31744e-05 6.74696e-06
53 5.4726e-06 -6.31819e-05 6.74772e-06
54 5.48648e-06 -6.31893e-05 6.74854e-06
55 5.50007e-06 -6.31969e-05 6.74936e-06
56 5.51381e-06 -6.32045e-05 6.75017e-06
57 5.52762e-06 -6.32117e-05 6.75101e-06
58 5.54163e-06 -6.32192e-05 6.75187e-06
59 5.55569e-06 -6.32265e-05 6.75275e-06
60 5.56954e-06 -6.3234e-05 6.75356e-06
61 5.58347e-06 -6.32412e-05 6.75441e-06
62 5.59748e-06 -6.32485e-05 6.75528e-06
63 5.61142e-06 -6.32557e-05 6.75612e-06
64 5.62534e-06 -6.32629e-05 6.75695e-06
65 5.6393e-06 -6.327e-05 6.75779e-06
66 5.65327e-06 -6.32771e-05 6.75863e-06
67 5.66725e-06 -6.32842e-05 6.75946e-06
68 5.68124e-06 -6.32912e-05 6.7603e-06
69 5.69523e-06 -6.32983e-05 6.76113e-06
70 5.70923e-06 -6.33053e-05 6.76196e-06
71 5.72326e-06 -6.33123e-05 6.76279e-06
72 5.73728e-06 -6.33193e-05 6.76361e-06
73 5.75132e-06 -6.33263e-05 6.76444e-06
74 5.76539e-06 -6.33333e-05 6.76526e-06
75 5.77943e-06 -6.33402e-05 6.76608e-06
76 5.79347e-06 -6.33472e-05 6.7669e-06
77 5.80754e-06 -6.33541e-05 6.76771e-06
78 5.82162e-06 -6.33611e-05 6.76852e-06
79 5.8357e-06 -6.3368e-05 6.76933e-06
80 5.84978e-06 -6.33749e-05 6.77014e-06
