26 -0.235758 -0.766774 4.96292e-12
27 -0.000478437 -0.00171632 2.13063e-05
28 0.72586 0.00259691 -5.86409e-06
29 7.31462e-05 -9.85573e-08 1.96601e-08
30 1.23691e-10 1.22402e-08 1.53977e-09
31 1.45519e-11 5.45789e-09 -4.61569e-10
32 2.91038e-11 -2.77941e-09 1.36424e-10
33 -2.91038e-11 3.42198e-08 -1.52522e-09
34 -7.27596e-12 -2.6302e-08 -5.33419e-10
35 0 2.83868e-09 2.74486e-09
36 0 2.98262e-08 -1.08002e-09
37 0 1.5336e-08 -1.36879e-10
38 1.45519e-11 1.84999e-08 3.21052e-10
39 2.18279e-11 -2.19005e-08 4.33829e-10
40 -1.45519e-11 -7.20809e-09 -1.30331e-09
41 -2.91038e-11 4.64281e-09 1.53705e-10
42 7.27596e-12 -8.05139e-09 -7.41693e-10
43 -4.36557e-11 7.11778e-08 2.03727e-10
44 5.82077e-11 -3.22155e-08 4.32919e-10
45 7.27596e-12 -3.34518e-08 2.41926e-10
46 7.27596e-12 5.53616e-09 7.44876e-10
47 -9.45874e-11 2.76074e-08 4.95675e-10
48 0 -3.42571e-09 -7.26232e-10
49 -3.63798e-11 -4.12671e-08 -1.84627e-10
50 0 1.89647e-08 -7.93079e-10
51 -7.27596e-11 2.83813e-08 -1.05365e-09
52 2.18279e-11 -1.14777e-08 2.31466e-10
53 6.54836e-11 -2.53591e-08 -1.15824e-09
54 2.18279e-11 8.95511e-08 1.25146e-09
55 8.00355e-11 -7.52382e-08 7.5579e-10
56 -2.18279e-11 -2.56122e-10 -5.48425e-10
57 4.36557e-11 -4.68331e-08 1.15506e-10
58 -7.27596e-12 -3.02984e-08 -1.29603e-09
59 -1.45519e-11 1.02402e-08 1.85992e-09
60 -3.63798e-11 2.72949e-08 -1.7958e-09
61 8.00355e-11 -3.76003e-08 2.71029e-10
62 6.54836e-11 -6.55822e-08 1.29694e-09
63 1.01863e-10 -1.23744e-09 3.688e-10
64 -8.00355e-11 3.65975e-09 -6.12545e-10
65 5.09317e-11 9.98902e-10 1.37334e-10
66 -2.91038e-11 9.15039e-09 1.07775e-09
67 -6.54836e-11 1.56481e-08 -4.35193e-10
68 6.54836e-11 -2.95624e-08 3.50155e-10
69 0 6.54072e-10 8.65839e-10
70 -1.16415e-10 4.14533e-09 -2.07092e-09
71 -1.52795e-10 -3.45118e-08 1.75623e-09
72 2.18279e-11 5.09019e-08 -3.01952e-10
73 -9.45874e-11 6.77406e-09 9.73614e-10
74 -1.38243e-10 -2.81585e-08 -7.30324e-10
75 1.45519e-11 2.10821e-08 1.13778e-09
76 7.27596e-11 -7.911e-08 1.16506e-09
77 0 7.96492e-09 -6.79393e-10
78 -1.38243e-10 -1.30361e-08 -6.78028e-10
79 -4.36557e-11 -1.94298e-08 6.62112e-10
80 -9.45874e-11 -2.78087e-09 9.99989e-10
