26 -0.245797 -1.46637 4.32298e-10
27 -6.65922e-07 -3.34017e-05 -6.92608e-08
28 -0.00429089 -0.0125239 -3.17714e-05
29 -2.67846e-08 -4.03025e-07 -2.6439e-09
30 -1.15915e-08 6.72117e-09 -1.89402e-10
31 -1.53777e-08 8.41533e-09 2.61252e-09
32 -4.42378e-09 3.99586e-09 -4.06021e-09
33 -3.00461e-08 2.96327e-08 2.2269e-09
34 1.20549e-08 -1.15649e-08 6.90079e-10
35 -4.8256e-08 3.87515e-08 -3.075e-09
36 3.27991e-08 -2.89037e-08 1.6264e-09
37 -7.75844e-09 7.13271e-10 -1.93563e-09
38 -2.24609e-08 2.48604e-08 1.78488e-10
39 -3.09751e-08 2.93385e-08 1.41381e-09
40 2.91466e-08 -2.62683e-08 -1.66574e-09
41 -2.37587e-08 1.43002e-08 8.93124e-10
42 -2.46537e-08 1.46249e-08 -1.85173e-09
43 6.71066e-08 -4.50354e-08 -2.73462e-09
44 -5.67843e-08 4.94699e-08 3.33966e-09
45 -1.92808e-08 9.56834e-09 2.42335e-09
46 5.50276e-08 -6.88542e-08 -6.26255e-09
47 1.99452e-09 1.47129e-08 2.08411e-09
48 3.99405e-09 -2.52339e-08 -9.21546e-10
49 9.05088e-08 -4.66243e-08 5.03405e-09
50 -3.15849e-08 2.33365e-08 -3.46972e-09
51 -3.14703e-08 1.99284e-08 7.72843e-09
52 4.83487e-08 -4.16223e-08 -1.04014e-08
53 -4.43974e-08 3.9558e-08 3.71756e-09
54 -4.69754e-08 3.15695e-08 1.14073e-09
55 -4.20127e-08 2.56596e-08 4.85988e-09
56 -1.63359e-08 3.0077e-08 -1.40744e-09
57 2.86336e-08 -4.089e-08 -1.93813e-09
58 1.21881e-08 -5.95196e-09 2.86695e-09
59 3.37213e-08 -1.43125e-08 2.60798e-09
60 2.74063e-08 -3.00608e-08 -2.73621e-09
61 -6.24318e-08 7.29851e-08 4.30555e-09
62 2.72275e-08 -1.7674e-08 -3.42834e-09
63 9.22955e-09 -4.63615e-09 9.0381e-10
64 3.23325e-10 -2.3043e-08 1.52204e-09
65 -7.28996e-08 6.0445e-08 2.24645e-10
66 7.83984e-09 3.88786e-09 2.23895e-09
67 4.02283e-08 -2.51634e-08 -1.18189e-09
68 -3.70378e-08 8.31596e-09 -1.70735e-09
69 9.31773e-08 -5.58039e-08 -2.27351e-09
70 -1.29167e-07 7.29556e-08 5.4979e-09
71 4.78194e-08 -4.32826e-08 -7.3278e-09
72 5.96347e-08 -2.95145e-08 -1.63482e-10
73 2.77955e-08 -5.82691e-09 -1.16233e-09
74 3.12139e-09 -2.87916e-08 2.58137e-09
75 -3.2529e-08 4.23868e-08 1.56138e-09
76 -9.59972e-10 -4.77144e-09 -2.8997e-09
77 2.00448e-08 -1.18416e-08 -5.69798e-10
78 4.89613e-08 -4.11833e-08 2.13231e-09
79 -8.14725e-08 5.79084e-08 6.21412e-10
80 3.33603e-09 1.02227e-09 -4.26326e-09
