26 -8.26358e-09 -3.76941e-08 6.77602e-09
27 -3.96398e-05 -1.01192e-05 3.36904e-05
28 -3.05842e-05 -6.02413e-06 2.65803e-05
29 -1.4182e-05 -4.22323e-05 1.2118e-05
30 -1.41179e-05 -4.05212e-05 1.22962e-05
31 -1.37264e-05 -4.15297e-05 1.22967e-05
32 -1.36154e-05 -4.14586e-05 1.22249e-05
33 -1.35938e-05 -4.15018e-05 1.22226e-05
34 -1.35785e-05 -4.15306e-05 1.22179e-05
35 -1.35624e-05 -4.15541e-05 1.22154e-05
36 -1.35473e-05 -4.15765e-05 1.22131e-05
37 -1.35327e-05 -4.15953e-05 1.22113e-05
38 -1.35183e-05 -4.16136e-05 1.221e-05
39 -1.3504e-05 -4.16289e-05 1.2209e-05
40 -1.34909e-05 -4.16439e-05 1.22085e-05
41 -1.34773e-05 -4.16598e-05 1.22078e-05
42 -1.34638e-05 -4.16716e-05 1.22076e-05
43 -1.345e-05 -4.16843e-05 1.22073e-05
44 -1.34369e-05 -4.16956e-05 1.22075e-05
45 -1.34235e-05 -4.17069e-05 1.22076e-05
46 -1.34103e-05 -4.17169e-05 1.22078e-05
47 -1.33972e-05 -4.17271e-05 1.22082e-05
48 -1.33842e-05 -4.1737e-05 1.22086e-05
49 -1.33712e-05 -4.1746e-05 1.22091e-05
50 -1.33583e-05 -4.17549e-05 1.22096e-05
51 -1.33454e-05 -4.17637e-05 1.22102e-05
52 -1.33325e-05 -4.17723e-05 1.22108e-05
53 -1.33197e-05 -4.17806e-05 1.22115e-05
54 -1.33069e-05 -4.1789e-05 1.22122e-05
55 -1.32944e-05 -4.17974e-05 1.22129e-05
56 -1.32817e-05 -4.18057e-05 1.22137e-05
57 -1.3269e-05 -4.18137e-05 1.22144e-05
58 -1.32562e-05 -4.1822e-05 1.22152e-05
59 -1.32434e-05 -4.18305e-05 1.22158e-05
60 -1.32307e-05 -4.18386e-05 1.22166e-05
61 -1.3218e-05 -4.18465e-05 1.22174e-05
62 -1.32052e-05 -4.18547e-05 1.22181e-05
63 -1.31925e-05 -4.18625e-05 1.22189e-05
64 -1.31798e-05 -4.18703e-05 1.22197e-05
65 -1.31671e-05 -4.1878e-05 1.22205e-05
66 -1.31544e-05 -4.18856e-05 1.22212e-05
67 -1.31417e-05 -4.18932e-05 1.2222e-05
68 -1.3129e-05 -4.19008e-05 1.22228e-05
69 -1.31163e-05 -4.19084e-05 1.22236e-05
70 -1.31036e-05 -4.19159e-05 1.22244e-05
71 -1.30909e-05 -4.19234e-05 1.22252e-05
72 -1.30782e-05 -4.19309e-05 1.2226e-05
73 -1.30655e-05 -4.19383e-05 1.22268e-05
74 -1.30528e-05 -4.19458e-05 1.22275e-05
75 -1.30401e-05 -4.19532e-05 1.22283e-05
76 -1.30274e-05 -4.19606e-05 1.22291e-05
77 -1.30147e-05 -4.1968e-05 1.22299e-05
78 -1.30019e-05 -4.19753e-05 1.22306e-05
79 -1.29892e-05 -4.19827e-05 1.22314e-05
80 -1.29765e-05 -4.199e-05 1.22321e-05
