26 0.176687 0.0642617 -1.88116e-12
27 3.01793e-05 -2.77287e-05 -4.05635e-08
28 0.0228519 -0.0818984 -0.00018255
29 1.24601e-09 4.84184e-09 4.64206e-09
30 -6.79943e-08 1.31231e-08 1.04592e-10
31 6.0661e-08 4.50089e-09 1.17871e-09
32 1.77788e-08 -1.88294e-08 -2.1837e-09
33 -1.83563e-08 2.69554e-09 4.3683e-09
34 9.22864e-09 -3.4417e-09 -1.85082e-09
35 4.28331e-08 1.29553e-08 -1.40426e-09
36 7.37828e-09 -1.05336e-08 1.76715e-09
37 3.51688e-08 1.3659e-08 -5.17502e-10
38 4.02092e-08 -1.98731e-08 -3.24962e-09
39 8.73388e-09 1.13309e-08 4.0809e-09
40 -5.48798e-08 -4.42867e-09 -2.3465e-09
41 4.51846e-08 -5.86931e-09 3.04226e-09
42 5.27052e-09 1.22608e-09 1.35879e-09
43 9.1909e-09 7.61943e-09 -1.55796e-09
44 7.6227e-08 -3.02663e-08 5.28416e-10
45 1.35105e-08 1.16582e-08 1.07684e-09
46 4.00469e-08 6.78881e-09 5.19321e-10
47 -5.97188e-08 -2.17219e-09 -3.93629e-09
48 1.35501e-08 3.59066e-09 3.24144e-09
49 3.21415e-09 -2.3104e-09 3.11047e-10
50 -2.26742e-08 4.16748e-10 -3.0077e-09
51 4.17122e-08 5.29616e-09 2.77942e-09
52 1.47538e-08 -9.58167e-09 -1.90994e-11
53 -4.49722e-08 6.86862e-09 7.53062e-10
54 5.61399e-08 -1.87634e-08 -2.37924e-09
55 1.44728e-08 -5.85348e-09 1.33241e-09
56 -1.62254e-09 1.23337e-08 -2.54931e-09
57 4.47335e-09 -9.84159e-10 2.06091e-09
58 3.03285e-08 9.55603e-09 -2.98314e-10
59 3.77158e-08 -1.84797e-08 1.93813e-09
60 -3.677e-08 2.27624e-08 -1.13141e-09
61 8.7748e-09 -1.76462e-08 -1.24419e-09
62 9.01264e-09 8.29803e-09 1.36697e-09
63 7.97354e-09 9.73156e-09 -1.64255e-09
64 -3.29796e-08 -8.79047e-09 3.22507e-09
65 -1.41745e-08 -4.34622e-09 -2.00816e-09
66 3.04008e-08 7.49455e-09 -1.10504e-09
67 -3.12548e-08 -8.81889e-09 -2.01908e-10
68 -2.96741e-08 4.55961e-09 -9.60426e-10
69 5.49949e-08 2.0913e-09 6.78483e-10
70 -4.3774e-09 -5.80445e-09 1.95996e-09
71 -2.12481e-08 9.50305e-09 1.39516e-09
72 -8.4865e-09 -2.55065e-09 1.65528e-10
73 -3.55099e-08 8.03607e-09 -1.11413e-09
74 3.62552e-08 9.46557e-10 5.3933e-10
75 -5.14624e-08 1.03083e-09 7.45786e-11
76 3.49255e-08 4.53139e-09 1.81899e-09
77 -3.86171e-09 -1.44823e-08 -2.66664e-09
78 -3.59069e-08 6.64781e-09 1.82172e-09
79 -3.45231e-08 1.38955e-08 3.62888e-10
80 2.41098e-08 -2.15271e-08 -1.05501e-10
