26 -0.0133388 -0.0240539 2.50869e-12
27 5.09669e-06 -6.1296e-07 1.06702e-08
28 -0.0037283 -0.00684247 -6.95622e-06
29 -2.20371e-09 -3.14802e-09 -4.70527e-09
30 1.45897e-08 1.97877e-07 -9.05811e-09
31 -1.77156e-08 -1.60709e-07 -4.42651e-09
32 -2.09639e-09 -2.89705e-08 4.34238e-09
33 2.21357e-08 2.46196e-07 -8.4251e-09
34 -1.64891e-09 -4.12388e-09 -8.79481e-10
35 -6.00267e-10 -2.63679e-08 -5.16957e-09
36 -8.93897e-09 -6.11853e-08 -2.04727e-09
37 2.94881e-08 2.78081e-07 1.90648e-08
38 -3.23325e-09 4.58371e-09 -2.43926e-09
39 -1.98506e-08 -2.57077e-07 -2.24099e-09
40 2.35377e-09 -3.18584e-08 2.32212e-08
41 -1.45974e-08 -6.69419e-08 -3.39346e-08
42 1.33568e-08 7.68678e-08 2.36087e-08
43 -3.64021e-08 -3.37e-07 -2.0892e-08
44 3.00906e-08 3.18592e-07 1.16797e-08
45 3.01575e-08 3.50498e-07 -1.13228e-08
46 -1.17589e-08 -9.58348e-08 -6.98174e-09
47 -4.0518e-10 1.53829e-08 3.46517e-10
48 -2.06642e-08 -2.52373e-07 4.96948e-09
49 2.41639e-08 2.3891e-07 3.97131e-09
50 -1.63254e-10 2.40975e-08 -2.73485e-09
51 -1.93436e-08 -2.1395e-07 -1.3456e-09
52 6.07997e-10 -1.7554e-08 -1.65528e-09
53 2.32199e-08 2.36964e-07 7.46741e-09
54 -3.17095e-09 -2.73202e-08 1.0878e-08
55 3.9463e-09 6.42907e-08 -1.56142e-08
56 -1.33823e-08 -1.28771e-07 -3.2237e-09
57 -9.52377e-09 -8.18368e-08 -8.70932e-09
58 2.24964e-08 2.49416e-07 -1.07002e-09
59 2.57478e-09 6.48964e-09 6.02904e-09
60 -4.27463e-09 -5.54474e-08 -8.29459e-09
61 -8.68067e-09 -4.98555e-08 -6.69388e-09
62 -8.85029e-09 -1.67199e-07 1.64191e-08
63 2.72394e-10 2.94102e-09 -1.08912e-09
64 3.09819e-09 1.01525e-07 -1.9616e-08
65 -3.16959e-10 -2.37091e-08 7.7348e-09
66 1.84514e-08 2.23984e-07 -8.03539e-10
67 -1.75542e-08 -2.20299e-07 8.23138e-09
68 1.71349e-08 2.56642e-07 -1.8626e-08
69 6.49561e-09 4.54389e-08 1.46911e-08
70 -2.22708e-08 -2.57375e-07 -7.96126e-09
71 2.82935e-08 3.27462e-07 7.91442e-09
72 5.06498e-09 1.95909e-08 6.85077e-09
73 1.30376e-09 7.35867e-08 -1.40958e-08
74 -1.21508e-09 -7.90681e-08 1.09535e-08
75 1.14705e-08 1.7715e-07 -1.61858e-08
76 6.88715e-09 1.12151e-07 7.81756e-09
77 3.9804e-09 6.04263e-08 -1.37115e-08
78 -1.34396e-08 -1.93125e-07 1.41126e-08
79 2.49029e-08 2.75631e-07 2.58569e-09
80 -2.50511e-08 -2.88674e-07 8.3628e-10
