26 0.443368 -0.137983 -1.37528e-10
27 -1.31548e-06 -6.4575e-06 2.28874e-09
28 0.00319698 -0.0083768 1.09776e-05
29 -1.12034e-06 3.07828e-07 3.12693e-08
30 -7.66835e-07 1.34744e-07 1.02664e-08
31 -2.7663e-07 2.89417e-08 5.31531e-09
32 -2.28294e-07 2.78023e-08 6.83167e-09
33 1.99211e-08 7.23981e-09 4.13434e-09
34 1.21937e-07 1.10289e-07 -4.57203e-09
35 -7.10224e-09 -1.45333e-08 4.25734e-09
36 -1.18088e-07 -8.42222e-08 2.91311e-09
37 -1.84718e-08 -1.54957e-08 -7.84758e-09
38 7.91383e-08 5.34578e-08 4.2437e-09
39 -1.09835e-07 -8.52972e-08 4.08454e-09
40 1.1363e-07 8.47226e-08 -2.29898e-09
41 -1.36574e-08 -2.07529e-08 -3.06864e-09
42 -3.43434e-08 -3.63125e-08 5.09317e-09
43 4.40755e-08 4.9577e-08 -4.34397e-09
44 2.82189e-08 -8.64748e-09 2.16073e-09
45 2.18802e-08 4.04659e-08 6.29461e-09
46 3.26891e-08 2.87594e-08 -2.73803e-09
47 1.12983e-07 8.31124e-08 -1.85673e-09
48 -1.15451e-07 -8.39177e-08 1.98793e-09
49 -1.10534e-07 -7.66779e-08 -1.51636e-09
50 2.92057e-08 3.98936e-08 6.65682e-09
51 3.24762e-08 5.81667e-09 -6.11976e-09
52 -2.82689e-08 -8.76298e-09 -3.43744e-09
53 6.57519e-08 3.32782e-08 9.62768e-09
54 -1.78952e-08 -1.29103e-08 -5.90353e-09
55 1.23368e-08 1.23193e-08 -2.46632e-09
56 7.95312e-08 6.64647e-08 2.2917e-09
57 5.55301e-08 6.06701e-08 -5.81349e-09
58 -3.21484e-08 -3.6858e-08 7.25049e-09
59 -7.46345e-08 -4.87523e-08 1.88288e-09
60 1.10053e-07 7.51172e-08 7.77618e-10
61 2.61844e-08 2.57537e-08 1.01886e-09
62 -1.84705e-08 -9.69408e-09 -1.41517e-09
63 3.48668e-08 3.60221e-08 -2.83126e-09
64 1.43491e-08 1.81251e-08 -3.02407e-10
65 -8.3387e-09 -2.25116e-08 1.59412e-09
66 1.3176e-07 1.08255e-07 -2.67005e-09
67 -1.49388e-07 -1.00802e-07 -6.98992e-09
68 1.12177e-07 7.49251e-08 6.60953e-09
69 1.53159e-08 2.68135e-08 -1.26988e-09
70 5.92945e-09 -1.02093e-08 -2.08843e-09
71 -2.36605e-08 -6.7073e-09 -4.6839e-11
72 1.84054e-08 -1.45064e-09 6.04814e-11
73 3.51733e-08 1.81201e-08 -4.25848e-09
74 4.81441e-08 4.76011e-08 1.42768e-09
75 -2.20125e-08 -1.80278e-08 5.56815e-09
76 -5.24296e-08 -3.86069e-08 2.19825e-09
77 4.38977e-08 3.37036e-08 -8.19932e-09
78 -2.91679e-08 -1.44842e-08 1.40108e-09
79 -7.53407e-08 -5.25463e-08 3.26418e-09
80 6.94172e-08 5.01668e-08 -5.29576e-09
