26 -9.96679e-11 -4.26013e-08 -2.79075e-09
27 -2.92868e-05 -3.23869e-05 -2.12232e-05
28 -2.15613e-05 -2.39778e-05 -1.7087e-05
29 -9.147e-06 -5.16449e-05 -8.97404e-06
30 -9.43861e-06 -4.99722e-05 -9.04806e-06
31 -8.8713e-06 -5.1081e-05 -9.12275e-06
32 -8.76056e-06 -5.09573e-05 -9.06781e-06
33 -8.74534e-06 -5.09983e-05 -9.06637e-06
34 -8.72952e-06 -5.10242e-05 -9.06317e-06
35 -8.71449e-06 -5.10457e-05 -9.06127e-06
36 -8.69921e-06 -5.10666e-05 -9.05962e-06
37 -8.68512e-06 -5.10841e-05 -9.05819e-06
38 -8.67055e-06 -5.11016e-05 -9.05721e-06
39 -8.65641e-06 -5.11161e-05 -9.05644e-06
40 -8.64366e-06 -5.11306e-05 -9.05589e-06
41 -8.6296e-06 -5.11461e-05 -9.05534e-06
42 -8.61613e-06 -5.11577e-05 -9.05508e-06
43 -8.60187e-06 -5.11703e-05 -9.05479e-06
44 -8.58874e-06 -5.11816e-05 -9.05475e-06
45 -8.57518e-06 -5.11929e-05 -9.05473e-06
46 -8.5617e-06 -5.12031e-05 -9.05477e-06
47 -8.54832e-06 -5.12136e-05 -9.05493e-06
48 -8.53502e-06 -5.12237e-05 -9.05511e-06
49 -8.52188e-06 -5.1233e-05 -9.05534e-06
50 -8.5087e-06 -5.12422e-05 -9.0556e-06
51 -8.49541e-06 -5.12514e-05 -9.05588e-06
52 -8.48232e-06 -5.12603e-05 -9.05621e-06
53 -8.46927e-06 -5.12691e-05 -9.05657e-06
54 -8.45605e-06 -5.1278e-05 -9.05694e-06
55 -8.4432e-06 -5.12868e-05 -9.05736e-06
56 -8.43022e-06 -5.12956e-05 -9.05779e-06
57 -8.41713e-06 -5.13042e-05 -9.0582e-06
58 -8.40389e-06 -5.1313e-05 -9.05865e-06
59 -8.39051e-06 -5.1322e-05 -9.05903e-06
60 -8.37745e-06 -5.13306e-05 -9.05949e-06
61 -8.3643e-06 -5.1339e-05 -9.05993e-06
62 -8.35104e-06 -5.13478e-05 -9.06037e-06
63 -8.33791e-06 -5.13562e-05 -9.06084e-06
64 -8.32479e-06 -5.13645e-05 -9.06131e-06
65 -8.31163e-06 -5.13727e-05 -9.06178e-06
66 -8.29848e-06 -5.1381e-05 -9.06226e-06
67 -8.28531e-06 -5.13891e-05 -9.06274e-06
68 -8.27214e-06 -5.13973e-05 -9.06322e-06
69 -8.25897e-06 -5.14054e-05 -9.0637e-06
70 -8.24579e-06 -5.14135e-05 -9.06419e-06
71 -8.23259e-06 -5.14216e-05 -9.06467e-06
72 -8.21939e-06 -5.14296e-05 -9.06516e-06
73 -8.20618e-06 -5.14377e-05 -9.06565e-06
74 -8.19294e-06 -5.14457e-05 -9.06614e-06
75 -8.17972e-06 -5.14537e-05 -9.06663e-06
76 -8.1665e-06 -5.14617e-05 -9.06712e-06
77 -8.15325e-06 -5.14696e-05 -9.06761e-06
78 -8.13999e-06 -5.14776e-05 -9.0681e-06
79 -8.12674e-06 -5.14855e-05 -9.06859e-06
80 -8.11348e-06 -5.14935e-05 -9.06908e-06
