26 2.18086e-09 -4.61463e-08 -7.11154e-10
27 -4.05229e-06 -7.26063e-05 -1.05121e-05
28 -1.14114e-06 -5.65962e-05 -8.68579e-06
29 1.42723e-06 -6.84395e-05 -4.276e-06
30 1.26619e-06 -6.69963e-05 -4.37707e-06
31 1.89513e-06 -6.81876e-05 -4.36721e-06
32 1.94283e-06 -6.79653e-05 -4.3455e-06
33 1.9567e-06 -6.80042e-05 -4.3452e-06
34 1.96843e-06 -6.80235e-05 -4.34316e-06
35 1.98117e-06 -6.80414e-05 -4.34217e-06
36 1.99424e-06 -6.80586e-05 -4.34091e-06
37 2.00652e-06 -6.80732e-05 -4.34001e-06
38 2.01969e-06 -6.80883e-05 -4.3391e-06
39 2.0328e-06 -6.81011e-05 -4.33852e-06
40 2.04482e-06 -6.81143e-05 -4.33808e-06
41 2.05792e-06 -6.81281e-05 -4.33727e-06
42 2.07095e-06 -6.8139e-05 -4.3369e-06
43 2.08462e-06 -6.81504e-05 -4.33631e-06
44 2.09758e-06 -6.81615e-05 -4.33605e-06
45 2.11095e-06 -6.81724e-05 -4.33573e-06
46 2.12431e-06 -6.81822e-05 -4.33545e-06
47 2.13773e-06 -6.81927e-05 -4.33524e-06
48 2.15108e-06 -6.82028e-05 -4.33504e-06
49 2.16436e-06 -6.82122e-05 -4.33489e-06
50 2.1777e-06 -6.82217e-05 -4.33474e-06
51 2.19116e-06 -6.8231e-05 -4.33457e-06
52 2.20451e-06 -6.82403e-05 -4.33449e-06
53 2.21785e-06 -6.82494e-05 -4.33441e-06
54 2.23135e-06 -6.82586e-05 -4.33429e-06
55 2.24456e-06 -6.82679e-05 -4.33424e-06
56 2.25791e-06 -6.82772e-05 -4.33418e-06
57 2.27134e-06 -6.82862e-05 -4.3341e-06
58 2.28494e-06 -6.82955e-05 -4.33402e-06
59 2.29859e-06 -6.83049e-05 -4.33388e-06
60 2.31206e-06 -6.83141e-05 -4.33385e-06
61 2.32559e-06 -6.8323e-05 -4.33379e-06
62 2.33919e-06 -6.83322e-05 -4.3337e-06
63 2.35274e-06 -6.83411e-05 -4.33366e-06
64 2.36628e-06 -6.835e-05 -4.33363e-06
65 2.37984e-06 -6.83589e-05 -4.33359e-06
66 2.39342e-06 -6.83676e-05 -4.33355e-06
67 2.40701e-06 -6.83764e-05 -4.33352e-06
68 2.4206e-06 -6.83852e-05 -4.33349e-06
69 2.43421e-06 -6.83939e-05 -4.33347e-06
70 2.44782e-06 -6.84026e-05 -4.33344e-06
71 2.46146e-06 -6.84113e-05 -4.33342e-06
72 2.47509e-06 -6.84199e-05 -4.3334e-06
73 2.48874e-06 -6.84286e-05 -4.33338e-06
74 2.50243e-06 -6.84372e-05 -4.33336e-06
75 2.51608e-06 -6.84458e-05 -4.33334e-06
76 2.52974e-06 -6.84544e-05 -4.33333e-06
77 2.54343e-06 -6.8463e-05 -4.33331e-06
78 2.55713e-06 -6.84716e-05 -4.3333e-06
79 2.57082e-06 -6.84801e-05 -4.33328e-06
80 2.58452e-06 -6.84887e-05 -4.33327e-06
