26 1.07698e-09 3.27619e-08 6.04247e-10
27 5.20704e-09 0.000267856 -1.98592e-05
28 1.19219e-06 0.000206427 -1.81065e-05
29 -3.3335e-07 -9.9707e-06 -1.16269e-06
30 -1.45374e-07 -8.28846e-06 -1.24826e-06
31 2.36523e-07 -9.06413e-06 -1.19443e-06
32 2.89942e-07 -9.15821e-06 -1.19422e-06
33 3.08326e-07 -9.21044e-06 -1.19447e-06
34 3.1951e-07 -9.24429e-06 -1.19345e-06
35 3.33352e-07 -9.27096e-06 -1.19322e-06
36 3.46542e-07 -9.29317e-06 -1.19243e-06
37 3.59513e-07 -9.31289e-06 -1.19205e-06
38 3.72946e-07 -9.32894e-06 -1.19137e-06
39 3.86555e-07 -9.3429e-06 -1.19107e-06
40 3.99306e-07 -9.35609e-06 -1.19086e-06
41 4.12585e-07 -9.36746e-06 -1.19007e-06
42 4.26054e-07 -9.37619e-06 -1.18979e-06
43 4.39826e-07 -9.38434e-06 -1.18917e-06
44 4.5323e-07 -9.39184e-06 -1.18892e-06
45 4.66928e-07 -9.3986e-06 -1.18856e-06
46 4.80544e-07 -9.40423e-06 -1.18823e-06
47 4.94211e-07 -9.4096e-06 -1.18791e-06
48 5.07834e-07 -9.41471e-06 -1.18762e-06
49 5.2144e-07 -9.41884e-06 -1.18736e-06
50 5.35052e-07 -9.42273e-06 -1.18709e-06
51 5.48707e-07 -9.42622e-06 -1.18677e-06
52 5.62326e-07 -9.42983e-06 -1.18656e-06
53 5.75939e-07 -9.43298e-06 -1.18633e-06
54 5.89605e-07 -9.43594e-06 -1.18604e-06
55 6.03065e-07 -9.43885e-06 -1.18581e-06
56 6.16637e-07 -9.44171e-06 -1.18558e-06
57 6.30248e-07 -9.44424e-06 -1.18531e-06
58 6.43937e-07 -9.44688e-06 -1.18503e-06
59 6.57628e-07 -9.44969e-06 -1.18469e-06
60 6.71236e-07 -9.45238e-06 -1.18448e-06
61 6.84889e-07 -9.4547e-06 -1.18422e-06
62 6.98528e-07 -9.45728e-06 -1.18392e-06
63 7.12171e-07 -9.45957e-06 -1.18369e-06
64 7.25799e-07 -9.46185e-06 -1.18346e-06
65 7.39451e-07 -9.46403e-06 -1.18322e-06
66 7.5308e-07 -9.4662e-06 -1.18299e-06
67 7.66728e-07 -9.46833e-06 -1.18276e-06
68 7.80366e-07 -9.47043e-06 -1.18253e-06
69 7.94004e-07 -9.47252e-06 -1.18231e-06
70 8.07639e-07 -9.4746e-06 -1.18208e-06
71 8.21287e-07 -9.47667e-06 -1.18186e-06
72 8.34923e-07 -9.47871e-06 -1.18163e-06
73 8.4857e-07 -9.48077e-06 -1.18141e-06
74 8.62223e-07 -9.48283e-06 -1.18119e-06
75 8.75854e-07 -9.48485e-06 -1.18097e-06
76 8.89482e-07 -9.48688e-06 -1.18075e-06
77 9.0312e-07 -9.48891e-06 -1.18054e-06
78 9.16761e-07 -9.49094e-06 -1.18032e-06
79 9.30394e-07 -9.49296e-06 -1.1801e-06
80 9.44022e-07 -9.49498e-06 -1.17989e-06
