26 -9.53267e-09 -3.7808e-08 -2.89636e-09
27 -6.77003e-05 -9.98104e-06 -1.79593e-06
28 -5.25576e-05 -5.92477e-06 -1.58176e-06
29 -2.54757e-05 -4.21308e-05 -7.58069e-07
30 -2.57501e-05 -4.04365e-05 -6.52095e-07
31 -2.53688e-05 -4.14461e-05 -6.86021e-07
32 -2.51662e-05 -4.1378e-05 -6.90466e-07
33 -2.51462e-05 -4.14213e-05 -6.88511e-07
34 -2.51255e-05 -4.14503e-05 -6.88871e-07
35 -2.5107e-05 -4.14738e-05 -6.88705e-07
36 -2.50892e-05 -4.14963e-05 -6.88874e-07
37 -2.50728e-05 -4.15152e-05 -6.88849e-07
38 -2.50568e-05 -4.15335e-05 -6.88983e-07
39 -2.50414e-05 -4.15488e-05 -6.88992e-07
40 -2.50278e-05 -4.15638e-05 -6.88959e-07
41 -2.50132e-05 -4.15797e-05 -6.8916e-07
42 -2.49994e-05 -4.15916e-05 -6.89188e-07
43 -2.4985e-05 -4.16042e-05 -6.89357e-07
44 -2.49719e-05 -4.16156e-05 -6.8939e-07
45 -2.49586e-05 -4.16268e-05 -6.89472e-07
46 -2.49453e-05 -4.16368e-05 -6.89554e-07
47 -2.49324e-05 -4.16471e-05 -6.89644e-07
48 -2.49196e-05 -4.16569e-05 -6.89725e-07
49 -2.49071e-05 -4.16659e-05 -6.89785e-07
50 -2.48945e-05 -4.16748e-05 -6.89861e-07
51 -2.4882e-05 -4.16836e-05 -6.89963e-07
52 -2.48696e-05 -4.16921e-05 -6.90029e-07
53 -2.48573e-05 -4.17004e-05 -6.90098e-07
54 -2.4845e-05 -4.17088e-05 -6.902e-07
55 -2.48331e-05 -4.17172e-05 -6.9028e-07
56 -2.4821e-05 -4.17255e-05 -6.90364e-07
57 -2.48089e-05 -4.17335e-05 -6.90462e-07
58 -2.47966e-05 -4.17418e-05 -6.90581e-07
59 -2.47842e-05 -4.17503e-05 -6.90721e-07
60 -2.47721e-05 -4.17584e-05 -6.90818e-07
61 -2.476e-05 -4.17662e-05 -6.90925e-07
62 -2.47477e-05 -4.17744e-05 -6.91058e-07
63 -2.47356e-05 -4.17822e-05 -6.91166e-07
64 -2.47235e-05 -4.179e-05 -6.91273e-07
65 -2.47114e-05 -4.17976e-05 -6.91383e-07
66 -2.46993e-05 -4.18053e-05 -6.91498e-07
67 -2.46872e-05 -4.18129e-05 -6.91612e-07
68 -2.46751e-05 -4.18204e-05 -6.91728e-07
69 -2.4663e-05 -4.18279e-05 -6.91845e-07
70 -2.46509e-05 -4.18354e-05 -6.91965e-07
71 -2.46387e-05 -4.18429e-05 -6.92086e-07
72 -2.46266e-05 -4.18504e-05 -6.92208e-07
73 -2.46145e-05 -4.18578e-05 -6.92331e-07
74 -2.46023e-05 -4.18653e-05 -6.92459e-07
75 -2.45902e-05 -4.18727e-05 -6.92585e-07
76 -2.45781e-05 -4.188e-05 -6.92713e-07
77 -2.45659e-05 -4.18874e-05 -6.92843e-07
78 -2.45537e-05 -4.18948e-05 -6.92975e-07
79 -2.45416e-05 -4.19021e-05 -6.93107e-07
80 -2.45294e-05 -4.19094e-05 -6.93241e-07
