26 3.86884 0.648462 -8.16453e-10
27 -6.29098e-07 -3.40869e-05 -6.30962e-08
28 -0.00628637 -0.0198805 -4.18458e-05
29 5.35524e-08 3.56272e-08 -6.21185e-09
30 -2.36196e-09 -1.49396e-08 5.04951e-09
31 4.06135e-08 -1.51067e-08 -3.19551e-09
32 -1.92449e-08 2.13965e-08 3.75258e-09
33 -5.95446e-08 4.04798e-08 -9.75888e-10
34 2.88992e-08 -2.22528e-08 -2.65118e-09
35 -1.88547e-08 2.18918e-08 2.31194e-09
36 2.71953e-08 -2.89738e-08 4.93219e-09
37 -2.95927e-08 1.07971e-08 -4.91991e-09
38 3.41311e-08 -1.63936e-10 5.74255e-09
39 -3.19692e-08 1.39048e-08 -1.87401e-09
40 5.92145e-08 -3.16084e-08 6.33918e-10
41 -1.05041e-07 5.70228e-08 1.12504e-09
42 5.74323e-08 -2.72519e-08 -3.19369e-09
43 -1.51031e-08 2.46041e-08 -1.28011e-09
44 2.76259e-09 -8.13043e-09 -8.50378e-10
45 9.84664e-09 -8.23798e-09 1.23327e-09
46 -7.65658e-09 7.01903e-09 9.59972e-10
47 2.50116e-08 -9.34779e-09 -7.37145e-10
48 4.28249e-08 -3.06975e-08 -2.21144e-09
49 -2.22885e-08 8.8005e-09 1.23418e-09
50 8.63688e-08 -3.77313e-08 2.10275e-09
51 -6.37365e-08 2.13465e-08 -2.38924e-09
52 -6.22972e-08 4.80231e-08 3.48336e-10
53 2.67573e-08 -2.25748e-08 -9.73614e-10
54 6.50798e-08 -2.45286e-08 6.8485e-10
55 1.01131e-08 -2.15762e-08 -7.92625e-10
56 1.7847e-08 1.84355e-09 -2.43836e-09
57 -3.86262e-09 -7.83984e-09 3.75894e-09
58 1.07361e-08 -2.42972e-09 -3.11002e-09
59 1.12591e-08 -2.58904e-08 3.92674e-09
60 -2.93944e-08 3.06868e-08 6.47105e-10
61 -4.32128e-08 2.61643e-08 -3.884e-09
62 2.66377e-08 -2.22876e-08 2.52749e-09
63 6.17415e-08 -4.22297e-08 -4.27963e-09
64 -4.50386e-08 4.14084e-08 3.12502e-09
65 3.81397e-09 -1.12802e-08 -3.20824e-09
66 2.364e-08 -1.11966e-08 2.6921e-10
67 2.96573e-08 -1.76942e-09 1.70394e-09
68 -1.26538e-08 1.15961e-11 4.63842e-11
69 8.63906e-08 -5.21648e-08 5.37057e-10
70 1.97342e-08 -2.96475e-08 -1.83627e-09
71 -4.2287e-08 3.89384e-08 -2.10093e-10
72 2.64645e-08 -1.30217e-08 3.27236e-09
73 -8.07604e-08 4.37894e-08 1.61435e-09
74 -3.20829e-08 3.61379e-08 -3.55067e-09
75 2.90484e-08 -3.10461e-08 2.44199e-10
76 8.7216e-09 -5.91103e-09 2.33558e-09
77 6.68479e-08 -4.21053e-08 1.24237e-09
78 -1.13488e-07 6.68911e-08 -4.75575e-09
79 2.89474e-08 -2.95097e-08 1.46747e-09
80 -3.61715e-08 2.02292e-08 2.5052e-09
