26 -1.61984 5.19309 -5.20532e-09
27 0.0005505 -6.23021e-05 3.49755e-08
28 0.349328 -0.0292437 -2.27015e-06
29 -0.000625991 0.000118862 4.62546e-08
30 -2.32831e-10 2.77861e-08 -1.6189e-09
31 5.09317e-11 -1.67429e-09 -2.42835e-10
32 5.82077e-11 9.63806e-08 5.29781e-10
33 -7.27596e-11 2.9941e-08 2.16733e-09
34 1.89175e-10 -6.80984e-08 -2.01362e-09
35 -1.01863e-10 1.04716e-07 1.23782e-09
36 1.60071e-10 -4.70095e-08 1.65664e-09
37 2.03727e-10 -4.24414e-08 -5.97993e-10
38 -8.73115e-11 1.18803e-08 2.83308e-10
39 7.27596e-11 5.79958e-08 -2.10457e-09
40 -1.01863e-10 -4.46738e-08 3.03089e-09
41 4.36557e-11 3.0742e-08 -2.67755e-09
42 7.27596e-11 9.03294e-08 -4.39286e-10
43 -8.73115e-11 -8.85259e-08 -1.68393e-09
44 1.74623e-10 -2.96361e-08 1.3938e-09
45 -2.25555e-10 5.11642e-08 8.86757e-11
46 2.91038e-11 -1.00148e-08 -9.49967e-10
47 5.82077e-11 -3.78836e-08 1.09594e-10
48 6.54836e-11 5.79286e-08 2.80943e-09
49 -3.63798e-11 6.01042e-08 -9.53605e-10
50 -3.63798e-11 -5.74842e-08 -1.05956e-09
51 -3.63798e-11 5.56239e-08 9.0813e-10
52 0 5.40478e-08 3.20915e-09
53 -4.36557e-11 1.26089e-08 3.52884e-10
54 -2.18279e-11 -3.04577e-08 -1.35105e-09
55 -2.18279e-11 -7.73587e-09 -1.39653e-09
56 7.27596e-12 -7.87075e-08 -1.15051e-09
57 5.82077e-11 2.08357e-08 2.60934e-09
58 5.09317e-11 6.24296e-08 -1.01818e-09
59 -4.36557e-11 -6.5096e-08 3.77895e-10
60 2.18279e-11 2.02053e-09 -1.5043e-09
61 8.00355e-11 -4.23483e-08 2.54613e-09
62 -8.73115e-11 7.21911e-08 7.96263e-10
63 -4.36557e-11 2.62462e-08 -1.46065e-09
64 4.36557e-11 8.07693e-09 1.94677e-09
65 7.27596e-11 -7.94878e-08 -3.78486e-09
66 -5.82077e-11 5.10816e-08 2.29875e-09
67 7.27596e-11 -1.78798e-09 -3.76531e-10
68 -6.54836e-11 -1.31479e-07 1.66347e-09
69 -2.91038e-11 6.5835e-09 -2.05637e-09
70 2.18279e-11 5.48694e-08 1.83354e-09
71 2.91038e-11 -1.01801e-09 -1.81717e-09
72 0 -1.08059e-07 8.20819e-10
73 -5.82077e-11 3.14344e-08 -1.15324e-09
74 2.18279e-11 4.73557e-08 2.30284e-09
75 -7.27596e-12 -2.51041e-08 1.68393e-09
76 -2.18279e-11 5.12624e-09 4.43833e-10
77 -1.45519e-11 -3.49845e-08 -1.85992e-09
78 7.27596e-12 -2.96619e-08 3.58705e-09
79 -7.27596e-12 1.04695e-07 -1.21872e-09
80 -7.27596e-12 -9.1983e-09 1.638e-09
