26 2.62327 -1.03217 -2.71751e-09
27 0.000115247 4.26827e-05 4.80686e-08
28 0.340499 0.0458251 3.6582e-06
29 -0.000252318 -8.04968e-05 -1.78549e-07
30 1.09139e-10 -2.38195e-08 1.30967e-10
31 2.47383e-10 1.17486e-08 -4.13365e-10
32 1.23691e-10 4.72309e-09 1.73304e-09
33 1.16415e-10 -1.91655e-08 -9.56788e-10
34 1.01863e-10 -1.88802e-09 -7.8262e-10
35 4.07454e-10 -3.25802e-09 -4.8567e-10
36 -2.18279e-10 6.13338e-09 -2.13959e-09
37 1.16415e-10 1.64228e-08 -4.06544e-10
38 8.00355e-11 1.22207e-08 2.79215e-10
39 -2.11003e-10 2.90319e-08 -1.88265e-10
40 8.73115e-11 -5.59795e-09 -1.90994e-11
41 1.01863e-10 -3.69467e-08 -1.3265e-09
42 -2.40107e-10 -1.02577e-08 8.46285e-10
43 1.01863e-10 1.82792e-08 -2.60798e-09
44 -5.09317e-10 -3.50644e-08 1.95587e-09
45 9.45874e-11 5.66712e-09 -2.13458e-09
46 -2.18279e-10 -1.86705e-08 1.96042e-09
47 -2.11003e-10 -6.99961e-09 1.33605e-09
48 -2.25555e-10 -1.7266e-08 -6.59384e-11
49 9.45874e-11 2.43636e-08 -6.56655e-10
50 6.54836e-11 2.82926e-09 1.29194e-09
51 3.7835e-10 8.06324e-11 -9.27685e-11
52 -2.18279e-10 3.37406e-08 7.01675e-10
53 3.7835e-10 -2.29186e-08 8.99945e-10
54 -2.11003e-10 -1.02749e-08 -3.11047e-10
55 9.45874e-11 -1.49088e-08 2.79215e-10
56 -1.96451e-10 2.6266e-08 -5.62977e-10
57 -1.81899e-10 2.71784e-08 1.839e-09
58 -2.18279e-10 -7.49753e-09 -3.88809e-10
59 1.01863e-10 -1.77351e-08 -2.21007e-09
60 -1.89175e-10 -4.21356e-09 5.80258e-10
61 3.85626e-10 1.36223e-08 1.26238e-09
62 3.85626e-10 -1.77466e-08 3.58341e-10
63 -2.03727e-10 2.34862e-09 2.32649e-09
64 9.45874e-11 2.01759e-08 -2.82398e-09
65 -2.40107e-10 3.46529e-08 1.31422e-09
66 9.45874e-11 5.20374e-09 -1.61845e-09
67 -1.96451e-10 -3.27418e-08 1.11322e-09
68 -5.09317e-10 9.38569e-09 8.44011e-10
69 8.00355e-11 -1.36131e-09 1.56297e-09
70 1.01863e-10 -3.92809e-08 -1.86401e-09
71 7.27596e-11 -1.91569e-08 5.02041e-10
72 9.45874e-11 -2.19746e-08 -1.44428e-09
73 1.16415e-10 2.90089e-08 -5.59794e-10
74 7.27596e-11 1.73159e-11 8.32188e-11
75 6.54836e-11 -2.43002e-08 -2.86491e-10
76 8.00355e-11 1.442e-09 -1.22009e-09
77 -2.25555e-10 -9.41103e-10 -1.14733e-09
78 3.85626e-10 1.96722e-08 1.56251e-09
79 8.73115e-11 2.43434e-08 -7.82165e-10
80 6.54836e-11 -4.95732e-08 -1.18689e-10
