26 8.10738e-09 -4.38005e-08 3.46952e-09
27 5.24031e-05 -1.86368e-05 1.31549e-05
28 4.27888e-05 -1.57856e-05 1.02912e-05
29 2.43899e-05 -4.55482e-05 4.68648e-06
30 2.43428e-05 -4.42527e-05 4.75957e-06
31 2.52129e-05 -4.49882e-05 4.74487e-06
32 2.51036e-05 -4.49508e-05 4.72175e-06
33 2.51143e-05 -4.49937e-05 4.72108e-06
34 2.51194e-05 -4.50175e-05 4.7195e-06
35 2.51279e-05 -4.50391e-05 4.71872e-06
36 2.51386e-05 -4.50566e-05 4.71805e-06
37 2.51483e-05 -4.50727e-05 4.7175e-06
38 2.51608e-05 -4.50865e-05 4.71721e-06
39 2.5173e-05 -4.50992e-05 4.71697e-06
40 2.51847e-05 -4.5112e-05 4.71689e-06
41 2.51987e-05 -4.51224e-05 4.71686e-06
42 2.52122e-05 -4.51316e-05 4.7169e-06
43 2.52271e-05 -4.51398e-05 4.71696e-06
44 2.52411e-05 -4.51486e-05 4.71712e-06
45 2.52559e-05 -4.51567e-05 4.7173e-06
46 2.52707e-05 -4.51637e-05 4.71749e-06
47 2.52859e-05 -4.51711e-05 4.71775e-06
48 2.5301e-05 -4.51782e-05 4.71801e-06
49 2.53161e-05 -4.51845e-05 4.7183e-06
50 2.53314e-05 -4.51907e-05 4.7186e-06
51 2.5347e-05 -4.51965e-05 4.71892e-06
52 2.53623e-05 -4.52027e-05 4.71924e-06
53 2.53778e-05 -4.52085e-05 4.71959e-06
54 2.53935e-05 -4.52141e-05 4.71994e-06
55 2.54091e-05 -4.52199e-05 4.72032e-06
56 2.54247e-05 -4.52257e-05 4.7207e-06
57 2.54405e-05 -4.5231e-05 4.72107e-06
58 2.54565e-05 -4.52366e-05 4.72145e-06
59 2.54725e-05 -4.5242e-05 4.7218e-06
60 2.54883e-05 -4.52478e-05 4.72218e-06
61 2.55042e-05 -4.5253e-05 4.72256e-06
62 2.55202e-05 -4.52585e-05 4.72293e-06
63 2.55362e-05 -4.52638e-05 4.72331e-06
64 2.55521e-05 -4.52692e-05 4.72369e-06
65 2.5568e-05 -4.52744e-05 4.72407e-06
66 2.55839e-05 -4.52796e-05 4.72445e-06
67 2.55999e-05 -4.52848e-05 4.72483e-06
68 2.56159e-05 -4.529e-05 4.7252e-06
69 2.56318e-05 -4.52952e-05 4.72558e-06
70 2.56478e-05 -4.53004e-05 4.72595e-06
71 2.56638e-05 -4.53055e-05 4.72633e-06
72 2.56797e-05 -4.53107e-05 4.7267e-06
73 2.56957e-05 -4.53158e-05 4.72707e-06
74 2.57117e-05 -4.5321e-05 4.72744e-06
75 2.57277e-05 -4.53261e-05 4.7278e-06
76 2.57437e-05 -4.53313e-05 4.72817e-06
77 2.57597e-05 -4.53364e-05 4.72853e-06
78 2.57757e-05 -4.53415e-05 4.72889e-06
79 2.57917e-05 -4.53467e-05 4.72925e-06
80 2.58077e-05 -4.53518e-05 4.72961e-06
