26 2.01666e-09 -4.80131e-08 -4.19035e-10
27 -4.55623e-07 -7.08067e-05 1.16207e-05
28 1.65721e-06 -5.62619e-05 8.84547e-06
29 2.97478e-06 -6.71062e-05 5.06575e-06
30 2.81501e-06 -6.58759e-05 5.03396e-06
31 3.46797e-06 -6.68808e-05 5.13964e-06
32 3.50411e-06 -6.66902e-05 5.09816e-06
33 3.51776e-06 -6.67301e-05 5.09731e-06
34 3.52906e-06 -6.67478e-05 5.09624e-06
35 3.54151e-06 -6.67656e-05 5.09536e-06
36 3.55444e-06 -6.67811e-05 5.09522e-06
37 3.56655e-06 -6.67949e-05 5.09481e-06
38 3.57969e-06 -6.68082e-05 5.09503e-06
39 3.59274e-06 -6.68202e-05 5.095e-06
40 3.60473e-06 -6.68327e-05 5.09505e-06
41 3.61791e-06 -6.68443e-05 5.0957e-06
42 3.63097e-06 -6.68541e-05 5.09601e-06
43 3.64474e-06 -6.68637e-05 5.09664e-06
44 3.65778e-06 -6.68736e-05 5.09707e-06
45 3.67125e-06 -6.68831e-05 5.09764e-06
46 3.68471e-06 -6.68917e-05 5.0982e-06
47 3.69826e-06 -6.69008e-05 5.09884e-06
48 3.71174e-06 -6.69097e-05 5.09945e-06
49 3.72515e-06 -6.69179e-05 5.10008e-06
50 3.73862e-06 -6.69261e-05 5.10074e-06
51 3.75224e-06 -6.6934e-05 5.10146e-06
52 3.76573e-06 -6.69422e-05 5.10209e-06
53 3.77921e-06 -6.69501e-05 5.10277e-06
54 3.79287e-06 -6.6958e-05 5.10351e-06
55 3.80625e-06 -6.69662e-05 5.10424e-06
56 3.81976e-06 -6.69743e-05 5.10496e-06
57 3.83335e-06 -6.69819e-05 5.10571e-06
58 3.84713e-06 -6.69899e-05 5.10649e-06
59 3.86095e-06 -6.69978e-05 5.10729e-06
60 3.87459e-06 -6.70058e-05 5.10801e-06
61 3.88828e-06 -6.70135e-05 5.10876e-06
62 3.90206e-06 -6.70214e-05 5.10955e-06
63 3.91578e-06 -6.70291e-05 5.11029e-06
64 3.92948e-06 -6.70368e-05 5.11103e-06
65 3.94322e-06 -6.70444e-05 5.11177e-06
66 3.95695e-06 -6.70519e-05 5.11251e-06
67 3.97072e-06 -6.70595e-05 5.11325e-06
68 3.98448e-06 -6.70671e-05 5.11399e-06
69 3.99825e-06 -6.70746e-05 5.11473e-06
70 4.01203e-06 -6.70821e-05 5.11546e-06
71 4.02583e-06 -6.70896e-05 5.1162e-06
72 4.03963e-06 -6.70971e-05 5.11693e-06
73 4.05346e-06 -6.71046e-05 5.11765e-06
74 4.0673e-06 -6.71121e-05 5.11838e-06
75 4.08113e-06 -6.71195e-05 5.11911e-06
76 4.09495e-06 -6.7127e-05 5.11983e-06
77 4.1088e-06 -6.71344e-05 5.12055e-06
78 4.12267e-06 -6.71419e-05 5.12127e-06
79 4.13653e-06 -6.71493e-05 5.12198e-06
80 4.15039e-06 -6.71567e-05 5.1227e-06
