26 -2.93431e-10 -4.24143e-08 -2.88915e-09
27 -3.07526e-05 -3.10105e-05 -2.11962e-05
28 -2.27414e-05 -2.28697e-05 -1.7062e-05
29 -9.76706e-06 -5.10627e-05 -8.96754e-06
30 -1.00637e-05 -4.93854e-05 -9.03845e-06
31 -9.50158e-06 -5.04892e-05 -9.11459e-06
32 -9.38704e-06 -5.03692e-05 -9.0597e-06
33 -9.37172e-06 -5.04102e-05 -9.05823e-06
34 -9.35568e-06 -5.04364e-05 -9.05505e-06
35 -9.34052e-06 -5.0458e-05 -9.05315e-06
36 -9.32512e-06 -5.0479e-05 -9.05152e-06
37 -9.31094e-06 -5.04966e-05 -9.0501e-06
38 -9.2963e-06 -5.05141e-05 -9.04913e-06
39 -9.28211e-06 -5.05286e-05 -9.04836e-06
40 -9.26932e-06 -5.05432e-05 -9.04782e-06
41 -9.25522e-06 -5.05587e-05 -9.04728e-06
42 -9.24174e-06 -5.05704e-05 -9.04703e-06
43 -9.22745e-06 -5.05829e-05 -9.04675e-06
44 -9.21432e-06 -5.05943e-05 -9.04672e-06
45 -9.20076e-06 -5.06056e-05 -9.04671e-06
46 -9.18729e-06 -5.06157e-05 -9.04675e-06
47 -9.17391e-06 -5.06262e-05 -9.04693e-06
48 -9.16063e-06 -5.06364e-05 -9.04711e-06
49 -9.1475e-06 -5.06456e-05 -9.04735e-06
50 -9.13434e-06 -5.06549e-05 -9.04762e-06
51 -9.12107e-06 -5.0664e-05 -9.04791e-06
52 -9.108e-06 -5.06729e-05 -9.04824e-06
53 -9.09498e-06 -5.06817e-05 -9.0486e-06
54 -9.08179e-06 -5.06905e-05 -9.04898e-06
55 -9.06897e-06 -5.06993e-05 -9.04941e-06
56 -9.05601e-06 -5.07081e-05 -9.04985e-06
57 -9.04295e-06 -5.07166e-05 -9.05027e-06
58 -9.02974e-06 -5.07254e-05 -9.05072e-06
59 -9.0164e-06 -5.07344e-05 -9.05111e-06
60 -9.00336e-06 -5.0743e-05 -9.05157e-06
61 -8.99024e-06 -5.07514e-05 -9.05203e-06
62 -8.97702e-06 -5.07601e-05 -9.05247e-06
63 -8.96391e-06 -5.07685e-05 -9.05295e-06
64 -8.95083e-06 -5.07767e-05 -9.05343e-06
65 -8.93771e-06 -5.0785e-05 -9.0539e-06
66 -8.92459e-06 -5.07932e-05 -9.05438e-06
67 -8.91145e-06 -5.08013e-05 -9.05487e-06
68 -8.89832e-06 -5.08094e-05 -9.05536e-06
69 -8.88518e-06 -5.08175e-05 -9.05585e-06
70 -8.87203e-06 -5.08256e-05 -9.05634e-06
71 -8.85886e-06 -5.08336e-05 -9.05683e-06
72 -8.8457e-06 -5.08416e-05 -9.05732e-06
73 -8.83252e-06 -5.08496e-05 -9.05782e-06
74 -8.81931e-06 -5.08576e-05 -9.05832e-06
75 -8.80613e-06 -5.08656e-05 -9.05881e-06
76 -8.79294e-06 -5.08735e-05 -9.05931e-06
77 -8.77973e-06 -5.08815e-05 -9.05981e-06
78 -8.76651e-06 -5.08894e-05 -9.06031e-06
79 -8.75329e-06 -5.08973e-05 -9.0608e-06
80 -8.74006e-06 -5.09052e-05 -9.0613e-06
