26 -0.394154 0.13228 3.48772e-11
27 -2.89361e-06 -3.15615e-05 -7.14008e-08
28 -0.0037397 -0.0102226 -2.48995e-05
29 -3.74384e-08 -1.27604e-08 -6.10225e-09
30 -2.11512e-08 1.35228e-08 1.51385e-09
31 -3.77258e-08 4.5156e-08 6.63795e-09
32 3.89778e-08 -3.26479e-08 -6.39488e-09
33 1.70876e-08 -2.59447e-08 2.87673e-09
34 3.04726e-09 1.26556e-09 -3.2378e-10
35 -3.10101e-08 1.43702e-08 2.14663e-09
36 1.93068e-08 -1.81064e-08 -2.14527e-09
37 -1.66724e-08 1.48525e-08 -3.46063e-10
38 1.25615e-08 -1.12868e-08 1.06616e-09
39 -2.09743e-08 1.32211e-08 5.04087e-09
40 3.78327e-08 -2.23079e-08 -6.08452e-09
41 -3.74598e-08 3.25606e-08 5.09999e-09
42 3.93302e-08 -3.0632e-08 -2.9579e-09
43 -6.6254e-08 5.12919e-08 -2.56705e-09
44 4.82023e-08 -4.09013e-08 3.95994e-09
45 4.09273e-09 1.11568e-08 3.74189e-09
46 -3.56713e-08 4.74656e-08 -7.77095e-09
47 -3.62797e-09 -1.66397e-08 2.08047e-09
48 7.73275e-08 -5.07134e-08 -6.90625e-09
49 -1.11491e-07 8.56057e-08 6.98401e-09
50 3.85271e-08 -4.27797e-08 -4.24097e-09
51 6.94704e-08 -3.32054e-08 5.51904e-09
52 -1.67084e-07 1.17363e-07 -2.7519e-09
53 1.00069e-07 -8.47085e-08 -1.53932e-10
54 2.45818e-08 -1.01177e-08 2.82535e-09
55 6.95932e-08 -6.06242e-08 2.55409e-09
56 -6.44341e-08 4.25684e-08 4.41446e-09
57 1.51454e-08 -1.28709e-08 -5.5536e-09
58 2.49647e-08 -2.3686e-08 2.08047e-10
59 7.93443e-09 -2.67949e-08 -5.82077e-10
60 4.28463e-08 -1.85621e-08 -7.32825e-09
61 2.89292e-08 -2.01892e-08 7.42352e-09
62 -4.63183e-08 1.13191e-08 -2.79874e-09
63 -1.15751e-08 -2.82171e-09 7.65112e-10
64 5.55337e-08 -1.48261e-08 -2.15164e-09
65 9.84833e-08 -7.9031e-08 -1.41745e-09
66 -6.12504e-08 4.662e-08 6.08361e-09
67 -5.98689e-08 4.34295e-08 2.89674e-10
68 3.93993e-09 1.88331e-08 6.43468e-10
69 -7.73498e-08 4.75022e-08 -2.95472e-09
70 6.90252e-08 -5.3617e-08 8.81209e-09
71 -1.30508e-08 3.45944e-08 -9.0231e-09
72 -7.17132e-08 3.93522e-08 5.91854e-10
73 -4.59913e-08 1.44821e-08 -1.19371e-10
74 8.43902e-08 -4.54286e-08 -3.59705e-09
75 2.57915e-08 -1.66949e-08 2.66209e-09
76 -3.39387e-08 2.82159e-08 -5.95719e-10
77 -5.65633e-08 4.30484e-08 2.02772e-09
78 -7.25581e-08 6.08172e-08 3.68823e-09
79 7.06596e-08 -5.75251e-08 1.14642e-09
80 6.2646e-09 -1.47975e-09 -4.6341e-09
