26 1.24691e-08 -4.28761e-08 2.23256e-09
27 6.04659e-05 -1.63289e-05 -3.1907e-06
28 4.90855e-05 -1.39818e-05 -2.52409e-06
29 2.61134e-05 -4.49142e-05 -2.8904e-06
30 2.61688e-05 -4.35965e-05 -2.82268e-06
31 2.69207e-05 -4.43524e-05 -2.98439e-06
32 2.68192e-05 -4.43154e-05 -2.94523e-06
33 2.68295e-05 -4.43584e-05 -2.94514e-06
34 2.68337e-05 -4.43825e-05 -2.94448e-06
35 2.68422e-05 -4.44042e-05 -2.94372e-06
36 2.68525e-05 -4.44218e-05 -2.94353e-06
37 2.6862e-05 -4.4438e-05 -2.94312e-06
38 2.68743e-05 -4.44518e-05 -2.94311e-06
39 2.68864e-05 -4.44645e-05 -2.94296e-06
40 2.68981e-05 -4.44773e-05 -2.9428e-06
41 2.69119e-05 -4.44878e-05 -2.94303e-06
42 2.69254e-05 -4.4497e-05 -2.94309e-06
43 2.69401e-05 -4.45052e-05 -2.94335e-06
44 2.69542e-05 -4.4514e-05 -2.94348e-06
45 2.6969e-05 -4.45221e-05 -2.94369e-06
46 2.69838e-05 -4.45291e-05 -2.94391e-06
47 2.6999e-05 -4.45364e-05 -2.94419e-06
48 2.70141e-05 -4.45435e-05 -2.94444e-06
49 2.70293e-05 -4.45498e-05 -2.9447e-06
50 2.70446e-05 -4.45559e-05 -2.94499e-06
51 2.70602e-05 -4.45617e-05 -2.94532e-06
52 2.70756e-05 -4.45679e-05 -2.9456e-06
53 2.70911e-05 -4.45736e-05 -2.9459e-06
54 2.71069e-05 -4.45792e-05 -2.94625e-06
55 2.71225e-05 -4.4585e-05 -2.94657e-06
56 2.71382e-05 -4.45907e-05 -2.94691e-06
57 2.71541e-05 -4.4596e-05 -2.94726e-06
58 2.71701e-05 -4.46016e-05 -2.94765e-06
59 2.71861e-05 -4.4607e-05 -2.94804e-06
60 2.7202e-05 -4.46127e-05 -2.94839e-06
61 2.72179e-05 -4.46179e-05 -2.94876e-06
62 2.7234e-05 -4.46233e-05 -2.94915e-06
63 2.72499e-05 -4.46286e-05 -2.94952e-06
64 2.72659e-05 -4.46339e-05 -2.94988e-06
65 2.72819e-05 -4.46391e-05 -2.95025e-06
66 2.72978e-05 -4.46443e-05 -2.95063e-06
67 2.73138e-05 -4.46495e-05 -2.951e-06
68 2.73298e-05 -4.46546e-05 -2.95137e-06
69 2.73458e-05 -4.46598e-05 -2.95175e-06
70 2.73618e-05 -4.46649e-05 -2.95212e-06
71 2.73778e-05 -4.46701e-05 -2.9525e-06
72 2.73939e-05 -4.46752e-05 -2.95288e-06
73 2.74099e-05 -4.46803e-05 -2.95326e-06
74 2.74259e-05 -4.46854e-05 -2.95364e-06
75 2.74419e-05 -4.46905e-05 -2.95402e-06
76 2.74579e-05 -4.46956e-05 -2.9544e-06
77 2.74739e-05 -4.47007e-05 -2.95478e-06
78 2.749e-05 -4.47059e-05 -2.95516e-06
79 2.7506e-05 -4.47109e-05 -2.95554e-06
80 2.7522e-05 -4.4716e-05 -2.95593e-06
