26 -0.469387 0.212033 -6.50777e-11
27 -7.03539e-06 9.25986e-06 -3.64635e-08
28 -0.0327325 -0.0869713 0.000197706
29 -422.636 2633.98 3.29419e-09
30 -5.35656e-08 -6.9416e-09 1.01318e-09
31 363.8 -521.409 -4.58385e-10
32 313.361 -695.678 -7.00311e-10
33 318.084 -702.438 8.25821e-10
34 318.755 -699.625 -4.01997e-10
35 318.187 -696.837 -3.13412e-09
36 317.962 -692.82 5.25688e-09
37 317.528 -688.311 7.45786e-11
38 317.266 -683.457 -2.74122e-09
39 316.875 -678.289 5.25688e-10
40 316.503 -672.917 2.10093e-09
41 316.238 -667.297 -1.45701e-09
42 315.905 -661.445 2.2028e-09
43 315.624 -655.479 -9.47693e-10
44 315.305 -649.481 1.0059e-09
45 315.01 -643.43 -2.29193e-09
46 314.705 -637.256 -1.56251e-09
47 314.426 -631.111 1.58434e-09
48 314.134 -624.941 1.9154e-09
49 313.844 -618.701 -1.52431e-09
50 313.558 -612.466 1.93904e-09
51 313.285 -606.209 1.38243e-10
52 312.996 -600.013 -2.1173e-09
53 312.716 -593.804 1.88811e-09
54 312.45 -587.602 8.54925e-10
55 312.181 -581.44 2.54659e-10
56 311.913 -575.307 -7.83984e-10
57 311.649 -569.174 6.94854e-10
58 311.394 -563.092 2.18824e-09
59 311.138 -557.041 -1.0059e-09
60 310.873 -551.042 2.21735e-09
61 310.615 -545.041 -4.4347e-09
62 310.361 -539.09 1.22236e-09
63 310.104 -533.164 -1.69348e-09
64 309.845 -527.278 2.24827e-09
65 309.59 -521.423 -2.98314e-09
66 309.332 -515.606 1.80262e-09
67 309.077 -509.825 4.18368e-10
68 308.823 -504.079 -1.80808e-09
69 308.571 -498.374 6.34827e-10
70 308.319 -492.705 1.36788e-09
71 308.069 -487.073 1.00408e-09
72 307.821 -481.481 -9.58607e-10
73 307.573 -475.925 9.44056e-10
74 307.326 -470.407 1.39698e-09
75 307.081 -464.926 -1.38243e-09
76 306.836 -459.484 2.76486e-10
77 306.593 -454.078 -1.8299e-09
78 306.35 -448.709 4.91127e-10
79 306.109 -443.378 -1.73532e-09
80 305.869 -438.084 -1.18234e-10
