26 2.02171e-09 -4.56022e-08 -9.64362e-10
27 -6.92525e-06 -6.42545e-05 -1.48852e-05
28 -3.49402e-06 -4.97498e-05 -1.21343e-05
29 2.44606e-07 -6.50068e-05 -6.16432e-06
30 6.06999e-08 -6.34957e-05 -6.2691e-06
31 6.88483e-07 -6.46849e-05 -6.28563e-06
32 7.42663e-07 -6.44812e-05 -6.25066e-06
33 7.56635e-07 -6.45204e-05 -6.25006e-06
34 7.68889e-07 -6.45413e-05 -6.24745e-06
35 7.81897e-07 -6.45599e-05 -6.24609e-06
36 7.95276e-07 -6.4578e-05 -6.2446e-06
37 8.07789e-07 -6.45932e-05 -6.24346e-06
38 8.2117e-07 -6.4609e-05 -6.24245e-06
39 8.34423e-07 -6.46222e-05 -6.24176e-06
40 8.46545e-07 -6.46358e-05 -6.24126e-06
41 8.59824e-07 -6.46501e-05 -6.24047e-06
42 8.7293e-07 -6.46612e-05 -6.24012e-06
43 8.86725e-07 -6.4673e-05 -6.23958e-06
44 8.99736e-07 -6.46842e-05 -6.23939e-06
45 9.13164e-07 -6.46953e-05 -6.23915e-06
46 9.26573e-07 -6.47053e-05 -6.23895e-06
47 9.40028e-07 -6.47158e-05 -6.23885e-06
48 9.53411e-07 -6.47261e-05 -6.23877e-06
49 9.66706e-07 -6.47355e-05 -6.23874e-06
50 9.80061e-07 -6.4745e-05 -6.23872e-06
51 9.93544e-07 -6.47544e-05 -6.23869e-06
52 1.00689e-06 -6.47637e-05 -6.23875e-06
53 1.02023e-06 -6.47728e-05 -6.23881e-06
54 1.03374e-06 -6.47821e-05 -6.23885e-06
55 1.04694e-06 -6.47914e-05 -6.23896e-06
56 1.06028e-06 -6.48007e-05 -6.23906e-06
57 1.07371e-06 -6.48097e-05 -6.23914e-06
58 1.08731e-06 -6.4819e-05 -6.23923e-06
59 1.10096e-06 -6.48283e-05 -6.23926e-06
60 1.11442e-06 -6.48375e-05 -6.23939e-06
61 1.12794e-06 -6.48464e-05 -6.2395e-06
62 1.14155e-06 -6.48557e-05 -6.23958e-06
63 1.15508e-06 -6.48646e-05 -6.23971e-06
64 1.1686e-06 -6.48734e-05 -6.23985e-06
65 1.18216e-06 -6.48822e-05 -6.23998e-06
66 1.19571e-06 -6.4891e-05 -6.24011e-06
67 1.2093e-06 -6.48997e-05 -6.24025e-06
68 1.22287e-06 -6.49084e-05 -6.24039e-06
69 1.23646e-06 -6.49171e-05 -6.24054e-06
70 1.25005e-06 -6.49257e-05 -6.24068e-06
71 1.26368e-06 -6.49344e-05 -6.24083e-06
72 1.27729e-06 -6.4943e-05 -6.24098e-06
73 1.29093e-06 -6.49516e-05 -6.24113e-06
74 1.30459e-06 -6.49602e-05 -6.24128e-06
75 1.31823e-06 -6.49688e-05 -6.24143e-06
76 1.33188e-06 -6.49773e-05 -6.24159e-06
77 1.34554e-06 -6.49859e-05 -6.24174e-06
78 1.35923e-06 -6.49944e-05 -6.24189e-06
79 1.3729e-06 -6.50029e-05 -6.24205e-06
80 1.38659e-06 -6.50114e-05 -6.2422e-06
