26 -0.0196362 -0.0644229 -3.95399e-12
27 1.82243e-06 6.76186e-07 -3.27418e-10
28 0.00139939 -0.00724353 2.77773e-06
29 3.75212e-09 2.9607e-08 1.96633e-08
30 -6.72844e-09 2.01151e-07 -1.18312e-08
31 5.17866e-09 -4.64658e-08 1.34987e-08
32 -2.49884e-09 6.95695e-08 -3.08137e-09
33 3.41197e-09 -1.43755e-07 3.08046e-09
34 -4.22142e-09 1.42535e-07 -3.7503e-09
35 -1.28512e-09 6.9197e-08 6.18456e-11
36 7.28596e-09 -2.52204e-07 7.88805e-09
37 -9.59972e-09 2.59131e-07 -1.46238e-08
38 -1.4702e-09 1.7473e-07 7.74071e-09
39 -6.72571e-10 1.61813e-07 1.38944e-08
40 8.99945e-10 -6.2999e-09 4.01315e-09
41 -2.96859e-09 6.58601e-08 -7.28596e-09
42 7.73844e-09 -2.50306e-07 9.47011e-09
43 -9.34051e-10 -5.23382e-08 -6.38556e-09
44 2.08775e-09 -9.84697e-08 -1.17234e-09
45 -1.85355e-09 1.54905e-07 1.45565e-09
46 3.51974e-09 -2.92534e-07 -6.71798e-09
47 1.39153e-10 1.02656e-07 9.28549e-09
48 4.76848e-09 -1.91929e-07 -2.96041e-10
49 -2.17096e-09 6.06295e-08 -6.27551e-11
50 2.07729e-09 -1.89545e-07 -1.04064e-08
51 -4.96493e-09 2.00129e-07 -1.33878e-09
52 5.98129e-09 -8.87983e-08 1.62727e-08
53 9.79526e-10 -2.10493e-07 -1.46533e-08
54 -7.1168e-10 9.6593e-08 8.14953e-09
55 -5.76119e-09 1.3419e-07 -1.65865e-08
56 1.70439e-09 -5.38359e-08 1.834e-09
57 6.78938e-10 1.01114e-07 1.59271e-08
58 2.02317e-09 -1.09084e-07 -2.467e-09
59 4.66753e-09 -1.86405e-07 5.03815e-09
60 -4.28827e-10 9.45143e-08 6.71025e-09
61 -3.90764e-09 1.54331e-07 -2.16914e-09
62 -4.75666e-10 -3.39894e-08 -6.6666e-09
63 3.18278e-09 3.42003e-08 1.98611e-08
64 -2.1746e-09 -3.46318e-08 -1.48539e-08
65 5.69935e-09 -1.46577e-07 1.33996e-08
66 -1.75169e-09 5.30773e-08 -6.14e-09
67 1.05911e-09 -2.6987e-07 -1.7827e-08
68 -3.74621e-09 1.76429e-07 -5.95719e-11
69 -6.70752e-10 1.39895e-07 8.28913e-09
70 3.51156e-09 -3.32757e-08 1.35251e-08
71 5.24597e-09 -2.42193e-07 -1.5516e-09
72 -9.60381e-09 3.20318e-07 -9.5838e-09
73 -6.53927e-10 -4.67709e-08 -7.87395e-09
74 4.37922e-10 1.01035e-08 1.38289e-09
75 3.07864e-09 -9.96852e-09 1.42145e-08
76 -2.6248e-09 -6.6246e-08 -1.51613e-08
77 3.92311e-09 -1.03202e-07 7.26277e-09
78 -5.58248e-09 1.26141e-07 -1.52281e-08
79 4.65707e-09 -2.46849e-07 1.20826e-09
80 -6.12545e-10 6.30683e-09 -2.24327e-09
