26 -1.43113 -2.73119 -5.34302e-10
27 0.00624229 -0.0021644 -6.66543e-07
28 -0.262359 0.0172099 4.15761e-06
29 -0.000919609 4.73225e-05 8.71614e-09
30 1.81899e-10 1.56833e-09 1.34787e-09
31 -1.45519e-10 2.15313e-08 2.46928e-10
32 4.36557e-11 -2.41436e-08 1.28966e-09
33 -7.27596e-12 -3.61277e-08 -4.15184e-10
34 1.45519e-11 4.28447e-10 -1.37334e-10
35 2.91038e-11 4.66482e-08 1.44746e-09
36 2.18279e-11 -1.12228e-08 1.43609e-09
37 -8.73115e-11 -2.10836e-08 8.89941e-10
38 4.36557e-11 1.85989e-08 -2.24554e-09
39 0 -2.22854e-08 2.21917e-10
40 -2.18279e-11 8.36179e-09 -4.31555e-10
41 -7.27596e-12 -3.26573e-08 9.9908e-10
42 1.45519e-11 -4.80527e-09 1.437e-10
43 -5.82077e-11 -2.3812e-08 2.96495e-10
44 1.16415e-10 7.30637e-08 -3.08773e-10
45 -3.63798e-11 -3.66769e-08 -3.31511e-10
46 -3.63798e-11 7.66919e-08 -1.07229e-09
47 2.18279e-11 -1.68955e-08 -2.97405e-10
48 -2.18279e-11 3.40576e-08 -4.51564e-10
49 0 -7.58121e-08 -1.25328e-09
50 -3.63798e-11 7.00849e-08 2.15186e-09
51 -7.27596e-12 -6.81226e-08 9.1768e-10
52 2.18279e-11 6.58281e-08 -6.08452e-10
53 0 -1.99609e-08 3.13776e-10
54 -3.63798e-11 -5.31804e-08 -1.18234e-10
55 2.18279e-11 8.00529e-09 -1.01454e-09
56 -3.63798e-11 2.27317e-08 7.79892e-10
57 -2.18279e-11 3.73952e-08 4.67935e-10
58 -1.45519e-11 -1.31329e-08 -2.26191e-09
59 8.00355e-11 3.80426e-08 2.89492e-09
60 -2.18279e-11 -6.91927e-08 -3.62888e-10
61 -5.82077e-11 2.13041e-08 -1.56206e-09
62 -2.91038e-11 6.90498e-08 5.41149e-10
63 -3.63798e-11 4.52336e-08 5.3069e-10
64 -4.36557e-11 -9.65161e-08 7.75799e-10
65 -6.54836e-11 -2.56039e-08 2.31012e-10
66 7.27596e-12 5.38352e-08 -1.4752e-09
67 7.27596e-12 9.34566e-09 8.0945e-10
68 1.45519e-10 -5.19151e-08 -7.71706e-10
69 4.36557e-11 3.17448e-08 8.24002e-10
70 -5.82077e-11 -7.4109e-09 9.70431e-10
71 -2.91038e-11 1.81401e-08 3.85626e-10
72 0 9.98076e-09 3.40606e-10
73 9.45874e-11 4.00364e-08 -1.26784e-09
74 8.00355e-11 -5.88988e-08 1.15688e-09
75 -2.91038e-11 6.64615e-08 9.13587e-10
76 7.27596e-12 -2.17314e-08 -1.18507e-09
77 -8.00355e-11 -1.94356e-08 2.1555e-10
78 3.63798e-11 3.93685e-08 -1.66574e-09
79 7.27596e-11 2.5345e-08 7.70342e-10
80 1.60071e-10 -1.63905e-09 7.29415e-10
