26 -0.0607376 0.0992323 3.87446e-11
27 2.37826e-06 -8.74237e-06 1.09028e-08
28 -0.00211439 0.00343556 -5.71796e-06
29 1.63596e-05 9.97332e-06 4.75042e-07
30 3.61911e-08 3.21311e-08 -1.42802e-09
31 1.92813e-10 3.81988e-09 4.22961e-09
32 1.42727e-08 3.30706e-08 -5.15229e-09
33 -3.28046e-08 -4.07872e-08 2.34934e-09
34 -9.19908e-09 -1.82742e-08 -1.33605e-09
35 -7.80492e-08 -9.03578e-08 -2.46803e-09
36 5.55701e-08 7.84264e-08 -2.15186e-09
37 -1.47065e-08 -4.46278e-08 3.20256e-10
38 -1.03631e-07 -1.0539e-07 -3.72097e-10
39 1.32399e-07 1.44301e-07 1.53523e-09
40 -9.42473e-08 -1.04007e-07 -6.83292e-09
41 -3.58491e-08 -4.97796e-08 3.54214e-09
42 2.9971e-08 3.51577e-08 1.04171e-09
43 -1.09012e-08 -5.85464e-09 1.9993e-09
44 5.51845e-08 5.47072e-08 -8.48365e-09
45 -2.39297e-08 -2.60993e-08 1.07228e-08
46 5.09799e-08 7.23064e-08 -2.00305e-09
47 -3.7935e-08 -4.05505e-08 1.81331e-09
48 3.95676e-08 3.10424e-08 -8.87212e-10
49 -6.26774e-08 -6.6161e-08 -5.50756e-09
50 -3.6237e-08 -2.74999e-08 3.50371e-09
51 7.05404e-08 6.09959e-08 4.08204e-09
52 -1.35351e-08 -1.53861e-08 -6.30678e-09
53 -5.64323e-08 -7.38714e-08 1.64277e-10
54 1.2612e-08 5.38757e-08 4.65548e-10
55 4.27535e-08 2.13993e-08 3.74132e-09
56 -4.47271e-08 -3.56315e-08 -3.99837e-10
57 6.0546e-08 6.45534e-08 -2.31046e-09
58 6.46473e-08 5.55483e-08 -1.95769e-10
59 -8.20482e-08 -8.00246e-08 -2.35605e-09
60 4.64483e-08 6.22317e-08 1.06604e-09
61 2.18806e-08 -6.83713e-10 3.58909e-09
62 -5.72982e-11 1.4988e-08 3.84489e-09
63 7.9508e-09 -1.90448e-09 -3.88025e-09
64 -1.16922e-07 -1.29502e-07 6.04348e-09
65 2.60297e-08 3.92258e-08 -2.9961e-09
66 1.68757e-08 2.57478e-09 -8.17749e-10
67 1.43073e-08 1.53836e-08 3.56056e-09
68 -5.99416e-08 -5.91406e-08 8.52197e-10
69 1.39812e-08 7.18296e-09 -6.86782e-09
70 -1.33241e-09 5.51609e-09 7.80256e-09
71 5.27443e-08 5.92413e-08 -5.74471e-09
72 1.01695e-08 2.97839e-08 5.0976e-09
73 1.43018e-08 1.75401e-08 -6.61237e-09
74 -5.49594e-08 -6.13047e-08 3.68686e-10
75 5.42273e-08 5.35035e-08 3.19926e-09
76 -3.32575e-08 -2.74715e-08 -6.36282e-09
77 -1.61444e-08 -2.96814e-08 -5.27848e-10
78 3.62866e-08 3.40519e-08 1.08715e-08
79 -5.22341e-08 -5.03342e-08 -4.99995e-09
80 2.23367e-08 1.13259e-08 2.37299e-09
