26 -0.0811801 0.877702 -2.39908e-10
27 -0.000500606 -2.37164e-05 -3.8588e-08
28 -0.335013 -0.0255231 1.9746e-06
29 0.000440987 8.02478e-05 -2.11098e-08
30 -5.09317e-11 9.04637e-08 -1.06138e-09
31 1.52795e-10 -5.21668e-08 2.43745e-10
32 1.60071e-10 3.91496e-08 -2.54659e-09
33 3.63798e-11 2.40602e-08 3.45381e-09
34 1.45519e-11 -1.52702e-08 1.08275e-09
35 0 6.02385e-08 2.3706e-09
36 1.45519e-11 1.34615e-08 -4.69299e-09
37 -1.16415e-10 1.80297e-08 1.55023e-09
38 -1.23691e-10 -2.27426e-08 -7.30779e-10
39 -2.91038e-11 -2.42722e-08 -1.15233e-09
40 -1.52795e-10 6.24915e-08 2.43426e-09
41 -2.76486e-10 4.73609e-08 -3.51747e-09
42 2.61934e-10 7.46712e-09 1.46247e-09
43 4.00178e-10 7.23875e-08 4.00405e-09
44 -4.00178e-10 -1.10297e-07 -3.27645e-09
45 -1.23691e-10 2.02776e-08 1.56433e-10
46 1.38243e-10 -4.16094e-08 7.98536e-10
47 -1.38243e-10 -2.19726e-08 2.36469e-11
48 1.52795e-10 2.54555e-08 -1.85901e-09
49 4.22006e-10 -6.87444e-08 1.88084e-09
50 -1.30967e-10 5.92201e-09 -1.31877e-10
51 1.60071e-10 -2.42412e-08 -6.91216e-11
52 1.30967e-10 -2.65563e-08 -8.64475e-10
53 -1.16415e-10 -1.74975e-08 1.31877e-10
54 1.45519e-10 3.60955e-08 -1.17461e-09
55 1.30967e-10 -3.85916e-08 5.28871e-10
56 1.30967e-10 3.45453e-08 -3.58705e-09
57 -3.85626e-10 -5.96598e-08 1.9877e-09
58 -3.92902e-10 -1.13346e-07 -1.2833e-09
59 1.81899e-10 9.72125e-08 -9.004e-11
60 1.67347e-10 6.85014e-08 1.85719e-09
61 -1.16415e-10 -7.31989e-08 1.01682e-09
62 1.67347e-10 -7.63256e-09 -5.08862e-10
63 -1.52795e-10 4.51078e-08 -1.37015e-09
64 1.38243e-10 7.38602e-08 1.14915e-09
65 1.09139e-10 -1.51772e-08 -1.48248e-09
66 1.16415e-10 -2.80652e-08 1.64209e-09
67 1.23691e-10 -3.25817e-08 -2.56568e-09
68 -1.38243e-10 3.08711e-08 1.26101e-09
69 -1.23691e-10 2.47785e-08 7.10315e-10
70 -1.23691e-10 -2.34919e-08 -1.3697e-09
71 -1.30967e-10 1.65621e-08 1.76851e-09
72 -1.23691e-10 -9.13991e-08 -5.26779e-09
73 1.52795e-10 -1.13729e-10 -7.94898e-10
74 1.45519e-10 1.65466e-08 3.693e-09
75 -1.30967e-10 8.73941e-08 -1.28694e-10
76 -1.30967e-10 -7.40257e-08 -4.20641e-10
77 1.30967e-10 3.23077e-08 -1.43655e-09
78 -1.16415e-10 -1.29603e-08 4.16549e-10
79 1.45519e-10 2.48664e-08 3.98131e-09
80 4.07454e-10 -3.94029e-08 -2.36241e-09
