26 0.174115 0.689492 1.33343e-10
27 -8.27258e-08 -3.31459e-05 -3.94903e-08
28 -0.00822622 -0.0339788 -4.51676e-05
29 -6.98938e-08 -5.37511e-09 -3.64389e-09
30 -1.28521e-08 1.99842e-08 4.80168e-09
31 -1.78566e-08 -4.02224e-10 1.12823e-09
32 -1.74532e-08 2.40852e-08 -2.57933e-09
33 7.0122e-09 -1.22502e-08 -8.51742e-10
34 5.68421e-08 -2.09353e-08 -1.74214e-09
35 -3.29596e-08 1.94731e-08 3.32966e-09
36 2.17046e-08 -1.29238e-08 7.45331e-10
37 -2.04404e-08 2.05928e-08 -1.03637e-09
38 -3.0318e-08 5.86431e-09 1.96178e-09
39 8.62792e-08 -2.75488e-08 -1.62663e-09
40 2.05155e-08 -1.1436e-08 1.1155e-09
41 -2.34218e-08 -1.37052e-08 -3.29919e-09
42 9.45256e-08 -3.0888e-08 -4.59295e-10
43 -8.72515e-08 2.79106e-08 -4.21551e-10
44 1.30781e-08 -1.68624e-08 2.50247e-09
45 1.30381e-08 1.52354e-08 -3.91265e-09
46 -5.8144e-09 -1.12808e-08 8.47649e-10
47 -1.1506e-08 2.06766e-08 -3.70164e-10
48 -7.33285e-08 2.78668e-08 8.31278e-10
49 -1.6923e-08 -4.22222e-09 3.07273e-09
50 -3.50155e-09 2.71075e-09 -2.71302e-09
51 1.47234e-08 -2.45532e-08 4.57567e-09
52 3.06982e-08 -9.15509e-09 -3.79077e-09
53 -7.93775e-08 2.66455e-08 3.21506e-10
54 -2.25687e-08 9.38201e-09 2.48883e-09
55 3.46395e-08 -1.55654e-08 -2.57478e-09
56 1.48848e-08 -4.62705e-11 3.36058e-10
57 -9.27821e-09 1.70721e-08 -6.04814e-10
58 -3.38237e-08 2.31182e-08 -4.08363e-10
59 2.79329e-08 -2.83851e-08 -2.47837e-10
60 1.75942e-09 9.54822e-09 -5.12046e-10
61 -1.14183e-08 8.52322e-09 2.20007e-09
62 1.34378e-09 -8.65646e-09 -1.14596e-10
63 -2.21362e-08 2.10805e-08 -2.09229e-09
64 -8.71955e-08 3.8872e-08 -6.27551e-11
65 -1.99202e-08 -4.76325e-09 1.14778e-09
66 1.98993e-08 -1.35045e-08 -6.28461e-10
67 3.13466e-08 -1.5658e-08 6.27551e-11
68 1.30458e-08 -7.10691e-09 -9.48148e-10
69 -3.29583e-08 1.47676e-08 1.437e-10
70 -3.65817e-08 1.21282e-08 1.59571e-09
71 -4.74574e-09 5.08999e-09 2.08593e-09
72 -1.09224e-07 4.33567e-08 1.23919e-09
73 -2.41016e-11 1.52812e-08 -6.37556e-10
74 1.7018e-08 -9.04561e-09 -1.84582e-09
75 -6.52617e-08 2.48647e-08 -2.66846e-09
76 5.48898e-08 -7.73696e-09 -2.46018e-10
77 5.8204e-08 -2.24263e-08 8.4674e-10
78 3.41356e-08 -2.02876e-08 6.68024e-10
79 -4.1668e-08 1.87299e-09 -4.60068e-09
80 1.71872e-08 2.23702e-09 1.61162e-09
