26 0.0419492 -0.0113788 -3.57492e-12
27 -1.19243e-05 -1.9708e-05 -3.98859e-08
28 0.00344675 0.00388431 1.07603e-05
29 1.25237e-09 4.37781e-08 -3.66242e-09
30 -3.59578e-08 1.65867e-08 6.56053e-09
31 -4.99585e-09 3.2501e-08 -9.79412e-10
32 1.06747e-07 -1.38948e-07 -4.24916e-09
33 -6.13131e-08 7.56472e-08 -2.35514e-09
34 -1.23509e-09 -1.46754e-08 -4.25871e-10
35 3.73243e-08 -3.52272e-08 -4.00541e-09
36 -1.15567e-07 9.28007e-08 -2.46507e-09
37 1.15914e-07 -9.78034e-08 5.90319e-09
38 -3.47636e-08 3.08644e-08 1.37629e-09
39 8.50468e-08 -1.01912e-07 -8.4799e-10
40 -1.7842e-08 1.98438e-08 3.64594e-10
41 -4.61605e-08 6.11146e-08 -1.66278e-09
42 5.87197e-08 -6.78453e-08 7.43603e-09
43 -1.10031e-08 2.50498e-09 -7.12066e-09
44 5.68662e-09 -9.5763e-09 2.18029e-09
45 -2.98983e-08 3.33264e-08 4.13661e-09
46 3.23039e-08 -2.22726e-08 -4.19504e-11
47 -1.20403e-08 7.49287e-09 -8.17863e-10
48 3.46922e-08 -1.91237e-08 -2.70916e-10
49 -7.81683e-08 7.67704e-08 4.86807e-10
50 5.93209e-08 -6.50296e-08 1.92358e-10
51 -7.08237e-08 7.86335e-08 1.70303e-10
52 -1.57024e-09 -1.16886e-08 -5.2612e-09
53 7.8016e-08 -7.42095e-08 4.52826e-09
54 -1.17495e-07 1.43493e-07 -1.94552e-09
55 4.55248e-08 -5.4383e-08 -1.54307e-09
56 1.99775e-08 -2.87987e-08 1.73793e-09
57 2.80106e-08 -3.21613e-08 4.64718e-09
58 5.41286e-09 -1.15219e-08 4.98062e-10
59 -9.92554e-08 1.2665e-07 -4.11546e-10
60 -1.96087e-09 5.8219e-09 -3.80714e-09
61 3.33903e-08 -2.62094e-08 1.11777e-09
62 -4.12338e-08 3.98313e-08 4.22756e-09
63 5.66915e-08 -5.71979e-08 -5.05565e-09
64 1.40917e-08 -9.28958e-09 7.58382e-09
65 3.21811e-08 -4.64986e-08 -9.02821e-09
66 -5.9963e-09 -1.16627e-08 3.33728e-09
67 -7.95335e-08 1.1972e-07 -1.741e-09
68 -2.93198e-08 3.60153e-08 8.02424e-09
69 -1.3757e-08 4.40036e-09 -4.1191e-09
70 -3.2795e-08 4.75952e-08 1.55751e-09
71 1.08636e-07 -1.3015e-07 -2.7278e-09
72 -3.17473e-08 2.92953e-08 -4.13672e-09
73 1.42909e-08 2.86354e-09 2.864e-09
74 -5.98502e-08 5.97429e-08 1.38903e-09
75 -2.74031e-08 4.33847e-08 2.58672e-09
76 -5.10358e-08 4.92362e-08 -1.41654e-09
77 5.77306e-08 -5.74391e-08 -4.50814e-09
78 -4.22447e-08 5.33021e-08 3.51611e-09
79 7.00902e-09 5.69253e-09 -5.16206e-09
80 -1.75692e-08 6.49175e-09 4.74392e-09
