26 0.00925774 -1.09863 5.66462e-11
27 -0.00124114 0.000106073 -7.26141e-08
28 -0.431869 0.0526815 3.5757e-06
29 0.000435543 -0.00013316 2.81818e-07
30 -8.00355e-11 1.12622e-08 6.42103e-10
31 -3.63798e-10 -2.52931e-08 -1.08594e-09
32 5.82077e-11 4.4974e-08 2.07638e-09
33 8.00355e-11 -1.49835e-08 -3.76986e-09
34 -5.09317e-11 -2.85396e-08 1.82854e-09
35 7.27596e-11 9.40012e-09 -1.72122e-09
36 -8.73115e-11 1.12824e-08 -2.45564e-11
37 -5.09317e-11 4.72025e-09 3.20142e-10
38 7.27596e-11 1.31446e-08 -1.00727e-09
39 -5.82077e-11 1.50068e-08 -7.09406e-11
40 -5.82077e-11 -1.72774e-08 5.50244e-11
41 2.11003e-10 -6.05841e-09 -2.09184e-11
42 3.63798e-11 1.82907e-08 -1.20281e-09
43 2.18279e-10 9.90173e-10 6.44832e-10
44 7.27596e-11 -2.42944e-08 1.2642e-10
45 5.09317e-11 7.49232e-11 8.41283e-10
46 2.11003e-10 -2.33532e-08 -3.0268e-09
47 -6.54836e-11 3.23562e-08 2.61662e-09
48 -8.00355e-11 2.39175e-08 -2.94222e-10
49 -1.16415e-10 -1.11815e-08 5.47516e-10
50 2.18279e-10 -3.27129e-08 -3.12866e-10
51 7.27596e-11 8.47336e-09 -1.20235e-09
52 -1.09139e-10 -2.76581e-09 1.36242e-09
53 -6.54836e-11 -2.84878e-08 -1.30103e-09
54 -2.25555e-10 2.81052e-08 1.67938e-09
55 4.36557e-11 -3.64804e-08 -1.72122e-09
56 -1.09139e-10 4.76055e-09 -5.65706e-10
57 -1.01863e-10 -8.35229e-09 5.18412e-10
58 -8.00355e-11 -1.35416e-08 -1.19599e-10
59 -2.83762e-10 -2.28984e-08 7.54881e-11
60 2.32831e-10 1.92635e-08 -1.3506e-09
61 -7.27596e-11 -5.33493e-08 -1.89448e-09
62 5.82077e-11 2.01644e-08 -9.61336e-10
63 8.73115e-11 -1.96375e-08 1.08548e-09
64 -2.32831e-10 1.36339e-08 -5.39785e-10
65 -9.45874e-11 -1.33249e-09 1.13869e-09
66 3.63798e-11 -1.33249e-09 -1.437e-10
67 5.82077e-11 -2.52441e-08 8.62201e-10
68 -5.09317e-11 -2.75783e-08 5.54792e-11
69 -1.01863e-10 -2.33215e-08 9.88166e-10
70 -5.82077e-11 6.62936e-11 -1.03546e-09
71 8.73115e-11 1.97039e-08 2.46018e-10
72 8.00355e-11 -2.85166e-08 -1.9736e-10
73 -8.00355e-11 -8.38683e-09 4.43833e-10
74 6.54836e-11 -6.49876e-09 1.18325e-09
75 -1.45519e-10 1.40541e-08 7.82165e-11
76 5.82077e-11 -5.10862e-09 1.00044e-10
77 8.00355e-11 -2.24149e-08 -2.66482e-10
78 6.54836e-11 1.35878e-08 1.60389e-09
79 8.00355e-11 -1.25803e-08 -1.35333e-09
80 5.82077e-11 3.23591e-08 -1.00817e-09
