26 -1.6095 -0.821912 -2.28059e-09
27 0.000234574 -1.45741e-05 5.73054e-08
28 -0.208262 0.017212 3.40477e-06
29 -0.000786376 4.41246e-05 5.94105e-08
30 -1.01863e-10 -7.08835e-08 5.89353e-10
31 6.54836e-11 5.00269e-09 -8.13088e-10
32 2.91038e-11 8.48848e-09 -1.30103e-09
33 -5.82077e-11 -7.38552e-09 -1.00772e-09
34 -2.18279e-11 -5.32412e-09 1.30694e-09
35 1.23691e-10 1.04564e-08 -4.15639e-10
36 -1.09139e-10 1.82157e-08 -8.42647e-10
37 7.27596e-12 9.47874e-09 1.95996e-10
38 4.36557e-11 -5.39067e-08 1.92313e-09
39 0 3.54554e-08 -4.33829e-10
40 1.45519e-11 -5.87246e-09 -9.33142e-10
41 5.09317e-11 -1.72578e-08 -1.48248e-10
42 -7.27596e-12 -3.86494e-09 3.81533e-10
43 -1.45519e-11 3.32966e-08 2.12958e-09
44 4.36557e-11 -1.26452e-08 3.00133e-10
45 -2.18279e-11 2.99823e-08 -6.73026e-10
46 2.18279e-11 -3.75512e-08 -5.28416e-10
47 -2.91038e-11 -3.86948e-08 2.46382e-09
48 -1.45519e-11 -1.56911e-08 -7.93079e-10
49 1.45519e-11 -2.79788e-08 8.84938e-10
50 -1.45519e-11 -5.6508e-08 -2.02726e-09
51 2.18279e-11 1.62749e-08 1.69848e-09
52 -5.09317e-11 8.82437e-10 -3.61524e-10
53 1.45519e-11 2.8643e-08 -1.93722e-10
54 7.27596e-12 -3.25778e-09 1.03682e-10
55 2.91038e-11 2.23006e-08 1.92813e-09
56 0 3.07945e-08 -1.38698e-09
57 -2.18279e-11 -1.82438e-08 2.92175e-09
58 7.27596e-12 3.47616e-08 -9.16771e-10
59 -2.91038e-11 1.67211e-08 7.79437e-10
60 0 3.00104e-08 1.1396e-09
61 2.18279e-11 2.86891e-08 -1.95541e-10
62 7.27596e-12 3.15266e-08 -4.97039e-10
63 0 -6.06289e-08 -1.05229e-09
64 7.27596e-12 1.76081e-08 1.44064e-09
65 -4.36557e-11 -3.72918e-08 -2.23326e-09
66 6.54836e-11 6.54658e-08 3.18323e-10
67 -7.27596e-12 -1.19706e-08 -2.07274e-09
68 2.91038e-11 4.5701e-10 2.68574e-09
69 0 -1.91281e-08 -1.74214e-09
70 0 1.54825e-08 8.44921e-10
71 -7.27596e-12 -3.79213e-08 8.24002e-10
72 3.63798e-11 -3.52002e-08 -6.11635e-10
73 -1.45519e-11 -1.41795e-08 9.78616e-10
74 4.36557e-11 -1.56175e-08 -2.57023e-09
75 3.63798e-11 -2.0009e-09 1.29285e-09
76 5.09317e-11 1.4489e-09 -6.23459e-10
77 2.18279e-11 4.00459e-08 1.61435e-10
78 -6.54836e-11 -2.27896e-08 -7.51243e-10
79 -2.91038e-11 -5.61637e-08 6.18002e-10
80 -2.91038e-11 1.9801e-08 1.3888e-09
