26 2.49293 -8.7372 7.87598e-10
27 -0.000526153 -0.00149781 -4.25659e-06
28 -0.00271891 -0.0153401 0.000299476
29 -2.91038e-11 7.8523e-07 -3.52429e-09
30 -1.01863e-10 -3.2342e-09 2.19552e-09
31 1.60071e-10 -5.30117e-08 7.50333e-10
32 -1.67347e-10 -9.11629e-08 3.21552e-09
33 1.45519e-10 -7.56708e-08 1.13641e-09
34 2.03727e-10 1.16305e-07 -3.97085e-09
35 0 -2.00625e-08 2.58433e-09
36 -8.73115e-11 4.02054e-08 -2.90584e-09
37 5.09317e-11 -3.80402e-08 -8.40373e-10
38 2.91038e-11 -3.49207e-08 2.9504e-09
39 -2.03727e-10 5.72554e-08 -1.72304e-09
40 1.67347e-10 5.60995e-08 -2.09639e-09
41 -8.00355e-11 -4.3305e-08 -9.5406e-10
42 -5.82077e-11 -5.10039e-08 2.03545e-09
43 -1.45519e-11 4.38134e-08 -1.94223e-09
44 1.30967e-10 -6.36976e-08 4.98267e-09
45 2.91038e-11 -3.32442e-08 -7.56245e-10
46 1.96451e-10 -1.58601e-09 -1.20053e-10
47 -1.52795e-10 1.69899e-08 2.30057e-09
48 -4.36557e-11 1.39148e-07 -5.77029e-09
49 -5.09317e-11 -5.68265e-08 1.04592e-09
50 -2.18279e-10 8.59011e-08 -3.14503e-09
51 7.27596e-11 -8.59502e-08 3.83034e-09
52 4.36557e-11 -3.9124e-08 1.56888e-09
53 2.98314e-10 -3.28528e-08 3.04681e-11
54 6.54836e-11 9.36295e-08 -3.37832e-09
55 -2.91038e-10 5.5339e-08 -8.29914e-10
56 4.36557e-11 2.99319e-09 7.60338e-10
57 1.30967e-10 -1.13378e-08 6.05269e-10
58 2.91038e-11 2.72526e-08 -1.3556e-09
59 2.40107e-10 7.60473e-08 -4.59295e-10
60 -1.52795e-10 -1.2988e-08 3.81078e-10
61 -3.63798e-11 -9.97041e-10 -5.97083e-10
62 -4.94765e-10 -2.88319e-08 -6.84395e-10
63 -2.91038e-10 1.20945e-07 -1.63345e-09
64 2.40107e-10 -3.99128e-08 -2.82853e-10
65 -1.30967e-10 4.34779e-08 4.34738e-10
66 -1.74623e-10 -5.69653e-09 6.71207e-10
67 -1.09139e-10 -7.10577e-08 2.67846e-09
68 3.92902e-10 -1.79193e-09 -1.43973e-09
69 -1.81899e-10 1.69976e-08 1.7767e-09
70 1.09139e-10 -5.94466e-08 -3.1423e-10
71 -3.27418e-10 9.1294e-08 -2.76168e-09
72 -3.7835e-10 -7.60078e-08 3.06818e-09
73 -2.40107e-10 -2.56096e-08 -9.91349e-11
74 -2.98314e-10 -3.68654e-08 1.74532e-09
75 6.54836e-10 1.2037e-07 -4.34466e-09
76 6.54836e-11 -1.73714e-07 3.74666e-09
77 2.40107e-10 2.73232e-08 5.19776e-10
78 -6.54836e-11 -2.41787e-08 1.10595e-09
79 -3.4197e-10 -1.11832e-08 8.14907e-10
80 -1.23691e-10 8.92147e-08 -4.47108e-09
