26 0.463114 0.936585 1.38142e-09
27 -0.000537022 -2.14613e-05 2.53385e-08
28 -0.375009 -0.0255221 2.42399e-06
29 0.000564051 8.90115e-05 1.91549e-08
30 7.27596e-12 -6.27344e-08 3.11775e-09
31 1.96451e-10 -3.10106e-08 4.43379e-10
32 -6.54836e-11 3.00289e-08 -1.28921e-09
33 -5.82077e-11 -8.31205e-08 -1.02273e-09
34 6.54836e-11 7.15401e-08 -8.86303e-10
35 -7.27596e-11 2.09808e-09 -2.12458e-09
36 2.18279e-10 9.79257e-08 1.23873e-09
37 -5.82077e-11 -8.91976e-08 -1.92495e-09
38 2.91038e-11 6.24916e-08 2.92312e-09
39 5.09317e-11 1.06985e-07 -3.47472e-09
40 -7.27596e-11 -9.44065e-08 1.79352e-09
41 8.00355e-11 -1.36889e-08 -1.28512e-09
42 9.45874e-11 4.43431e-08 1.85946e-09
43 2.18279e-10 1.2733e-08 -2.49838e-09
44 -2.03727e-10 -7.48421e-08 5.33055e-09
45 -6.54836e-11 8.18033e-09 7.04858e-10
46 1.74623e-10 4.28703e-08 -4.7603e-09
47 2.40107e-10 -8.31205e-08 -2.65709e-09
48 2.11003e-10 6.02541e-08 4.11001e-09
49 2.25555e-10 -3.18013e-08 -1.17234e-09
50 -3.49246e-10 -1.02101e-07 2.7203e-09
51 -8.00355e-11 1.1901e-08 -2.36651e-09
52 -8.00355e-11 1.04076e-08 1.3215e-09
53 -3.34694e-10 -3.10726e-08 -1.2019e-09
54 -5.09317e-11 2.40396e-08 7.70342e-10
55 1.74623e-10 9.34455e-08 9.07221e-10
56 -5.82077e-11 -2.65407e-08 6.41649e-10
57 -8.73115e-11 -2.35435e-08 -2.70393e-09
58 -5.82077e-11 -7.63355e-08 -5.5752e-10
59 1.96451e-10 8.3534e-08 -2.8831e-10
60 2.25555e-10 8.90896e-09 2.6148e-10
61 1.96451e-10 1.04747e-08 9.91349e-10
62 -7.27596e-11 -6.72974e-08 2.67573e-09
63 -3.4197e-10 3.15326e-08 -7.78527e-10
64 1.74623e-10 -3.4814e-08 7.0122e-10
65 1.74623e-10 -2.65665e-08 9.70431e-10
66 -6.54836e-11 5.64817e-08 -2.06001e-09
67 2.18279e-10 3.66903e-09 8.39918e-10
68 -3.4197e-10 -7.71158e-08 -6.86668e-11
69 -3.27418e-10 6.10292e-08 -1.66574e-09
70 -3.63798e-10 -3.56149e-08 2.7585e-09
71 1.81899e-10 5.13145e-09 -1.35287e-09
72 2.32831e-10 4.21262e-08 -9.09495e-11
73 -3.49246e-10 3.60698e-08 1.08139e-09
74 2.03727e-10 -9.21276e-08 5.30235e-10
75 -3.27418e-10 7.60462e-08 1.25692e-09
76 -3.34694e-10 -3.86276e-08 -2.43654e-09
77 -5.82077e-11 -2.80083e-08 3.36058e-09
78 -3.0559e-10 7.07546e-08 -1.66256e-09
79 2.11003e-10 -3.55374e-08 -2.83444e-09
80 -7.27596e-11 -4.63011e-09 2.34468e-09
