26 0.575684 0.312745 9.76472e-10
27 -0.000609888 -2.537e-05 6.48215e-08
28 -0.455221 -0.0255192 3.68436e-06
29 0.000856689 0.000111126 -7.46809e-08
30 2.91038e-11 4.00384e-08 2.5193e-10
31 -4.36557e-11 -1.61487e-08 5.79803e-10
32 3.63798e-11 1.4707e-08 -1.48566e-09
33 -1.01863e-10 7.3235e-08 8.60382e-10
34 -7.27596e-11 -6.75455e-08 2.59661e-10
35 -6.54836e-11 -1.46449e-08 6.35282e-10
36 -8.73115e-11 3.32224e-08 -8.85393e-10
37 -6.54836e-11 -5.91533e-08 1.61208e-09
38 3.63798e-11 9.32387e-08 7.26686e-10
39 4.36557e-11 -5.63781e-09 6.24823e-10
40 -7.27596e-11 -1.47379e-08 -2.45382e-09
41 -8.73115e-11 -7.48264e-09 1.24692e-09
42 3.63798e-11 5.17069e-08 2.20007e-09
43 -1.01863e-10 -6.00471e-09 -4.63206e-09
44 6.54836e-11 -4.40485e-08 4.33283e-09
45 4.36557e-11 -1.06039e-08 -1.85082e-09
46 1.52795e-10 2.45409e-08 1.69894e-09
47 5.09317e-11 -5.16035e-08 -4.40741e-09
48 -2.25555e-10 1.15123e-07 1.51977e-09
49 -8.00355e-11 4.6839e-08 -5.35238e-10
50 -7.27596e-11 -2.37347e-08 5.80712e-10
51 5.82077e-11 6.645e-08 -1.49521e-09
52 -1.09139e-10 1.62934e-08 4.26553e-09
53 7.27596e-11 -4.82859e-08 -1.04319e-09
54 -6.54836e-11 3.022e-08 2.82853e-10
55 1.67347e-10 -2.10734e-08 -3.11047e-10
56 -8.73115e-11 5.32881e-08 8.4583e-10
57 -8.73115e-11 7.57053e-09 -1.32013e-09
58 3.49246e-10 7.64825e-10 -6.98492e-10
59 1.96451e-10 -3.09228e-08 1.28375e-09
60 1.96451e-10 -1.01439e-08 7.32143e-11
61 1.89175e-10 4.14905e-08 -1.61162e-09
62 1.96451e-10 -3.73203e-08 1.79898e-09
63 1.81899e-10 1.10581e-07 8.49013e-10
64 -6.54836e-11 -7.70021e-08 -2.03954e-09
65 1.81899e-10 2.75639e-08 -1.46247e-09
66 1.89175e-10 -5.8466e-08 -8.36735e-11
67 1.67347e-10 -3.87982e-08 -1.49521e-09
68 1.89175e-10 7.24702e-08 5.82986e-10
69 1.74623e-10 -5.43009e-08 -1.39335e-09
70 1.74623e-10 -5.54275e-08 2.30193e-09
71 -9.45874e-11 8.264e-08 1.81899e-11
72 -3.71074e-10 -4.90558e-08 -3.74121e-09
73 -3.92902e-10 1.81124e-08 2.08956e-09
74 -5.09317e-11 -3.77543e-08 3.05818e-09
75 2.03727e-10 8.19166e-08 -1.36424e-11
76 -3.34694e-10 -7.49814e-09 -1.94632e-10
77 -1.01863e-10 -2.29957e-08 -1.94177e-09
78 -7.27596e-11 -4.37281e-08 5.72072e-10
79 -8.00355e-11 1.92699e-08 1.8872e-10
80 1.96451e-10 5.01979e-08 -5.11136e-10
