26 2.13856e-09 -4.76579e-08 -6.28493e-10
27 -2.27803e-06 -7.69692e-05 6.8419e-06
28 2.82677e-07 -6.08999e-05 5.04928e-06
29 2.17099e-06 -6.98287e-05 3.08695e-06
30 2.01896e-06 -6.85701e-05 3.03412e-06
31 2.653e-06 -6.96406e-05 3.12472e-06
32 2.69599e-06 -6.94266e-05 3.09611e-06
33 2.70979e-06 -6.94659e-05 3.09547e-06
34 2.72124e-06 -6.94832e-05 3.0951e-06
35 2.73382e-06 -6.95005e-05 3.09462e-06
36 2.74675e-06 -6.95161e-05 3.0948e-06
37 2.75892e-06 -6.95297e-05 3.09469e-06
38 2.772e-06 -6.95432e-05 3.09508e-06
39 2.78504e-06 -6.95552e-05 3.09519e-06
40 2.79702e-06 -6.95678e-05 3.09533e-06
41 2.81007e-06 -6.95798e-05 3.09605e-06
42 2.82307e-06 -6.95899e-05 3.09639e-06
43 2.83672e-06 -6.95998e-05 3.09705e-06
44 2.84968e-06 -6.96101e-05 3.09746e-06
45 2.86304e-06 -6.962e-05 3.09799e-06
46 2.8764e-06 -6.96289e-05 3.09851e-06
47 2.88984e-06 -6.96384e-05 3.09908e-06
48 2.9032e-06 -6.96477e-05 3.09962e-06
49 2.9165e-06 -6.96563e-05 3.10016e-06
50 2.92986e-06 -6.96649e-05 3.10073e-06
51 2.94334e-06 -6.96733e-05 3.10136e-06
52 2.95672e-06 -6.96818e-05 3.10189e-06
53 2.97008e-06 -6.96902e-05 3.10246e-06
54 2.98362e-06 -6.96985e-05 3.10309e-06
55 2.99686e-06 -6.97071e-05 3.10369e-06
56 3.01025e-06 -6.97156e-05 3.10429e-06
57 3.02371e-06 -6.97238e-05 3.10492e-06
58 3.03735e-06 -6.97322e-05 3.10556e-06
59 3.05102e-06 -6.97406e-05 3.10625e-06
60 3.06453e-06 -6.97491e-05 3.10684e-06
61 3.0781e-06 -6.97572e-05 3.10746e-06
62 3.09174e-06 -6.97655e-05 3.10812e-06
63 3.10532e-06 -6.97737e-05 3.10873e-06
64 3.1189e-06 -6.97819e-05 3.10934e-06
65 3.1325e-06 -6.97899e-05 3.10995e-06
66 3.14611e-06 -6.97979e-05 3.11056e-06
67 3.15974e-06 -6.9806e-05 3.11116e-06
68 3.17337e-06 -6.9814e-05 3.11177e-06
69 3.18702e-06 -6.98219e-05 3.11237e-06
70 3.20067e-06 -6.98299e-05 3.11298e-06
71 3.21434e-06 -6.98378e-05 3.11358e-06
72 3.22801e-06 -6.98458e-05 3.11418e-06
73 3.24171e-06 -6.98537e-05 3.11477e-06
74 3.25543e-06 -6.98616e-05 3.11536e-06
75 3.26912e-06 -6.98695e-05 3.11596e-06
76 3.28283e-06 -6.98774e-05 3.11655e-06
77 3.29655e-06 -6.98853e-05 3.11713e-06
78 3.31029e-06 -6.98932e-05 3.11772e-06
79 3.32402e-06 -6.9901e-05 3.11831e-06
80 3.33776e-06 -6.99088e-05 3.11889e-06
