26 3.57108e-09 -4.63721e-08 2.509e-09
27 2.87934e-05 -3.22348e-05 2.0165e-05
28 2.43406e-05 -2.64084e-05 1.57295e-05
29 1.52181e-05 -5.08649e-05 8.18724e-06
30 1.50846e-05 -4.96169e-05 8.23671e-06
31 1.5905e-05 -5.03846e-05 8.31667e-06
32 1.58521e-05 -5.0314e-05 8.26133e-06
33 1.5864e-05 -5.03562e-05 8.26025e-06
34 1.58719e-05 -5.03783e-05 8.25779e-06
35 1.58822e-05 -5.0399e-05 8.25629e-06
36 1.5894e-05 -5.04158e-05 8.25537e-06
37 1.59048e-05 -5.04313e-05 8.25442e-06
38 1.59177e-05 -5.04448e-05 8.25412e-06
39 1.59304e-05 -5.04573e-05 8.25376e-06
40 1.59422e-05 -5.047e-05 8.2536e-06
41 1.59561e-05 -5.04805e-05 8.25383e-06
42 1.59695e-05 -5.04898e-05 8.25398e-06
43 1.5984e-05 -5.04982e-05 8.25432e-06
44 1.59977e-05 -5.05072e-05 8.25467e-06
45 1.60121e-05 -5.05155e-05 8.25513e-06
46 1.60264e-05 -5.05228e-05 8.25559e-06
47 1.6041e-05 -5.05305e-05 8.25618e-06
48 1.60555e-05 -5.05379e-05 8.25676e-06
49 1.607e-05 -5.05446e-05 8.25738e-06
50 1.60846e-05 -5.05512e-05 8.25804e-06
51 1.60995e-05 -5.05574e-05 8.25875e-06
52 1.61141e-05 -5.0564e-05 8.25941e-06
53 1.61288e-05 -5.05703e-05 8.26013e-06
54 1.61438e-05 -5.05764e-05 8.2609e-06
55 1.61585e-05 -5.05827e-05 8.26168e-06
56 1.61733e-05 -5.05889e-05 8.26246e-06
57 1.61883e-05 -5.05947e-05 8.26325e-06
58 1.62035e-05 -5.06008e-05 8.26407e-06
59 1.62187e-05 -5.06067e-05 8.26487e-06
60 1.62336e-05 -5.06129e-05 8.26566e-06
61 1.62487e-05 -5.06187e-05 8.26646e-06
62 1.62639e-05 -5.06246e-05 8.26728e-06
63 1.6279e-05 -5.06305e-05 8.26808e-06
64 1.6294e-05 -5.06363e-05 8.26889e-06
65 1.63091e-05 -5.0642e-05 8.26969e-06
66 1.63242e-05 -5.06477e-05 8.27049e-06
67 1.63394e-05 -5.06534e-05 8.2713e-06
68 1.63545e-05 -5.06591e-05 8.2721e-06
69 1.63696e-05 -5.06648e-05 8.2729e-06
70 1.63848e-05 -5.06704e-05 8.2737e-06
71 1.63999e-05 -5.06761e-05 8.2745e-06
72 1.64151e-05 -5.06817e-05 8.2753e-06
73 1.64302e-05 -5.06874e-05 8.27609e-06
74 1.64454e-05 -5.0693e-05 8.27688e-06
75 1.64606e-05 -5.06986e-05 8.27767e-06
76 1.64757e-05 -5.07042e-05 8.27846e-06
77 1.64909e-05 -5.07098e-05 8.27924e-06
78 1.65061e-05 -5.07155e-05 8.28002e-06
79 1.65213e-05 -5.0721e-05 8.2808e-06
80 1.65365e-05 -5.07266e-05 8.28158e-06
