26 0.0313012 -0.0645799 2.35639e-12
27 -7.92529e-06 -2.00725e-06 -1.06111e-08
28 0.0105327 -0.000533565 1.64541e-05
29 -2.66314e-08 1.01504e-07 1.19144e-10
30 -6.83531e-09 2.83053e-08 -6.46469e-09
31 -3.20733e-09 1.48897e-08 9.60517e-09
32 2.96159e-08 -1.31885e-07 -9.14952e-10
33 4.39209e-08 -1.18701e-07 7.28141e-09
34 -6.31667e-08 1.85623e-07 -5.66342e-09
35 2.09766e-08 -6.87144e-08 -1.02591e-08
36 8.44061e-08 -2.84949e-07 1.39162e-08
37 -4.2493e-08 1.6106e-07 1.15242e-08
38 -5.34283e-08 1.88669e-07 -1.53395e-08
39 8.12634e-09 -6.66117e-08 2.97723e-09
40 5.36729e-08 -1.82334e-07 -5.72027e-09
41 -1.05956e-09 -4.1905e-09 1.19198e-08
42 3.8719e-08 -1.0739e-07 6.69661e-09
43 -1.46806e-08 3.5465e-08 -8.44284e-09
44 7.10202e-08 -2.33801e-07 -7.6202e-09
45 -1.05844e-07 3.49222e-07 4.95402e-09
46 1.82699e-08 -6.9454e-08 -5.74391e-09
47 -3.00647e-08 1.05744e-07 3.11411e-09
48 5.38685e-08 -1.90488e-07 -6.99538e-09
49 3.15231e-08 -1.14844e-07 1.40972e-11
50 -2.51721e-08 7.42982e-08 -7.02175e-09
51 -1.30408e-08 6.3975e-08 -3.09228e-09
52 9.00704e-08 -3.07392e-07 4.92946e-10
53 -1.03496e-08 9.17578e-09 -1.37743e-09
54 1.91508e-08 -7.39915e-08 -1.32877e-09
55 6.76787e-08 -2.40638e-07 -3.00588e-09
56 -8.72524e-09 3.3162e-08 7.0545e-09
57 6.69843e-10 -3.80577e-08 -1.00272e-09
58 8.39946e-08 -2.65749e-07 1.96042e-09
59 -4.76211e-09 9.67339e-09 -7.56245e-09
60 2.25637e-08 -8.37993e-08 -1.71894e-09
61 2.12644e-08 -9.5836e-08 -9.66702e-09
62 1.16434e-08 3.21165e-09 1.19321e-08
63 -8.77208e-10 -2.36877e-08 3.63298e-09
64 -6.76382e-08 2.18023e-07 -1.0099e-08
65 4.38058e-08 -1.62392e-07 -5.03132e-09
66 -4.10855e-08 1.51236e-07 1.18234e-08
67 -1.07075e-08 5.40326e-08 -1.015e-09
68 -4.89822e-08 1.69161e-07 -5.11591e-10
69 6.12927e-08 -2.05094e-07 3.1223e-09
70 -3.52538e-08 1.21888e-07 -8.2e-09
71 8.3247e-08 -2.80284e-07 2.23508e-09
72 -1.7722e-08 3.39494e-08 1.3747e-09
73 1.83031e-08 -2.89699e-08 4.15685e-09
74 -7.17023e-08 2.23491e-07 -1.5596e-08
75 4.96593e-08 -1.66973e-07 5.62932e-09
76 -3.02225e-09 1.73696e-08 -3.21688e-09
77 -1.04546e-08 2.45025e-08 -4.52474e-10
78 -6.16305e-08 2.12261e-07 5.29553e-09
79 7.08278e-08 -2.33869e-07 -4.01542e-09
80 4.8989e-08 -1.85912e-07 1.39948e-08
