26 1.42688 -0.499805 1.11355e-09
27 -2.2801e-08 -5.07805e-07 -5.82077e-11
28 -0.00877276 -0.272035 -1.92736e-07
29 209.764 1059.26 -8.20364e-10
30 237.259 998.58 1.39198e-09
31 230.044 996.559 -6.34373e-10
32 233.536 996.666 6.25732e-10
33 234.416 987.912 -7.567e-10
34 234.346 980.921 1.38834e-09
35 234.856 973.531 -1.10776e-09
36 235.359 966.307 2.35559e-10
37 235.882 959.17 -2.38742e-10
38 236.457 952.147 1.07775e-10
39 237.022 945.247 2.31012e-10
40 237.626 938.461 1.22327e-10
41 238.237 931.844 7.27596e-12
42 238.83 925.366 -8.58108e-10
43 239.432 918.945 1.05274e-09
44 240.039 912.603 2.28738e-10
45 240.642 906.34 -6.2164e-10
46 241.235 900.17 -4.26098e-10
47 241.837 894.073 5.45697e-11
48 242.43 888.062 -7.34417e-10
49 243.02 882.12 1.7917e-10
50 243.609 876.251 -4.27463e-10
51 244.197 870.457 4.77485e-10
52 244.79 864.743 2.91038e-11
53 245.375 859.103 1.04455e-09
54 245.958 853.531 -8.30369e-10
55 246.542 848.032 1.1687e-09
56 247.119 842.607 -1.5516e-09
57 247.69 837.25 9.6361e-10
58 248.259 831.961 -5.91626e-10
59 248.822 826.742 9.31323e-10
60 249.38 821.59 3.63798e-12
61 249.928 816.507 -2.31012e-10
62 250.491 811.47 1.59162e-11
63 251.02 806.533 -1.04774e-09
64 251.562 801.637 8.70841e-10
65 252.103 796.794 8.52651e-10
66 252.622 792.048 -5.27962e-10
67 253.144 787.346 3.11957e-10
68 253.662 782.708 -3.20597e-10
69 254.184 778.141 -5.316e-10
70 254.703 773.639 -1.14142e-10
71 255.216 769.195 -9.86347e-10
72 255.726 764.811 -1.17325e-10
73 256.231 760.485 -8.48559e-10
74 256.731 756.217 4.85215e-10
75 257.227 752.005 6.79393e-10
76 257.718 747.85 -1.7053e-10
77 258.205 743.751 8.1036e-10
78 258.688 739.707 -1.3606e-09
79 259.166 735.717 1.37879e-09
80 259.641 731.781 -1.41654e-09
