26 1.09611e-09 3.29142e-08 -2.09046e-10
27 1.57536e-07 0.000255422 -3.60891e-05
28 1.35153e-06 0.000195804 -2.97367e-05
29 -1.30376e-07 -1.07481e-05 -2.36341e-06
30 5.67007e-08 -9.10436e-06 -2.45222e-06
31 4.3838e-07 -9.85736e-06 -2.40345e-06
32 4.91808e-07 -9.95017e-06 -2.39796e-06
33 5.1015e-07 -1.00024e-05 -2.39785e-06
34 5.21298e-07 -1.00358e-05 -2.39658e-06
35 5.35112e-07 -1.00623e-05 -2.39619e-06
36 5.48278e-07 -1.00842e-05 -2.39533e-06
37 5.61226e-07 -1.01037e-05 -2.39487e-06
38 5.74641e-07 -1.01195e-05 -2.3942e-06
39 5.88232e-07 -1.01333e-05 -2.39389e-06
40 6.00969e-07 -1.01464e-05 -2.39371e-06
41 6.14236e-07 -1.01574e-05 -2.39299e-06
42 6.27689e-07 -1.0166e-05 -2.39277e-06
43 6.41448e-07 -1.01739e-05 -2.39224e-06
44 6.54841e-07 -1.01813e-05 -2.39208e-06
45 6.68527e-07 -1.0188e-05 -2.39182e-06
46 6.82131e-07 -1.01935e-05 -2.3916e-06
47 6.95789e-07 -1.01987e-05 -2.3914e-06
48 7.09402e-07 -1.02037e-05 -2.39123e-06
49 7.22997e-07 -1.02078e-05 -2.39111e-06
50 7.366e-07 -1.02116e-05 -2.39096e-06
51 7.50246e-07 -1.0215e-05 -2.39078e-06
52 7.63856e-07 -1.02185e-05 -2.3907e-06
53 7.7746e-07 -1.02216e-05 -2.39061e-06
54 7.91117e-07 -1.02244e-05 -2.39047e-06
55 8.04569e-07 -1.02273e-05 -2.39039e-06
56 8.18134e-07 -1.02301e-05 -2.39031e-06
57 8.31736e-07 -1.02325e-05 -2.39019e-06
58 8.45419e-07 -1.02351e-05 -2.39007e-06
59 8.59101e-07 -1.02378e-05 -2.38988e-06
60 8.72703e-07 -1.02404e-05 -2.38981e-06
61 8.86348e-07 -1.02426e-05 -2.38971e-06
62 8.9998e-07 -1.02451e-05 -2.38957e-06
63 9.13615e-07 -1.02473e-05 -2.38949e-06
64 9.27237e-07 -1.02496e-05 -2.38942e-06
65 9.40882e-07 -1.02517e-05 -2.38933e-06
66 9.54503e-07 -1.02538e-05 -2.38925e-06
67 9.68144e-07 -1.02558e-05 -2.38918e-06
68 9.81774e-07 -1.02579e-05 -2.3891e-06
69 9.95406e-07 -1.02599e-05 -2.38903e-06
70 1.00903e-06 -1.02619e-05 -2.38896e-06
71 1.02267e-06 -1.02639e-05 -2.38889e-06
72 1.0363e-06 -1.02659e-05 -2.38882e-06
73 1.04994e-06 -1.02679e-05 -2.38875e-06
74 1.06359e-06 -1.02699e-05 -2.38869e-06
75 1.07721e-06 -1.02718e-05 -2.38862e-06
76 1.09084e-06 -1.02738e-05 -2.38855e-06
77 1.10447e-06 -1.02758e-05 -2.38849e-06
78 1.1181e-06 -1.02777e-05 -2.38842e-06
79 1.13173e-06 -1.02797e-05 -2.38836e-06
80 1.14535e-06 -1.02817e-05 -2.38829e-06
