26 0.0129412 -0.017896 7.10099e-13
27 -0.000364591 -0.000124175 -1.80902e-05
28 0.000471244 -0.00072369 7.53044e-06
29 -0.000549637 0.000666336 4.48779e-05
30 1.72197e-07 -1.44884e-07 2.36753e-10
31 8.08177e-08 -8.13068e-08 1.16125e-09
32 -2.94049e-08 2.43608e-08 -2.79209e-09
33 6.10135e-08 -7.66252e-08 2.48571e-09
34 -3.93757e-08 5.51056e-08 -2.25782e-09
35 -1.02791e-08 1.31242e-08 2.57972e-09
36 -3.27482e-08 3.24435e-08 -1.00105e-08
37 2.09211e-08 -1.39332e-08 8.71771e-09
38 8.82392e-09 -4.27303e-09 -2.55042e-09
39 -1.43201e-07 1.17154e-07 -3.96474e-09
40 9.33169e-08 -8.94429e-08 7.90237e-10
41 -1.10189e-07 1.03685e-07 -3.80786e-09
42 -5.22514e-08 5.86085e-08 9.97727e-09
43 -3.08646e-08 1.43539e-08 -8.09356e-09
44 4.94174e-08 -3.8018e-08 1.00813e-08
45 1.65819e-08 -1.57318e-08 -4.50365e-09
46 3.24958e-08 -2.43474e-08 1.51974e-09
47 -1.81291e-07 1.86372e-07 5.04997e-10
48 9.92318e-08 -1.11872e-07 4.6351e-09
49 1.05685e-07 -1.0563e-07 -8.51202e-10
50 -1.41392e-07 1.59557e-07 -6.62635e-09
51 7.577e-08 -7.61179e-08 6.82252e-09
52 1.38189e-08 -2.2631e-08 2.6605e-09
53 -1.52419e-07 1.59745e-07 -1.24464e-08
54 -3.23935e-08 2.12908e-08 4.91573e-09
55 -2.51403e-08 5.01834e-08 -2.75227e-09
56 6.48511e-08 -7.71552e-08 7.89788e-09
57 4.21924e-08 -3.85749e-08 -2.93568e-09
58 -7.79514e-08 5.98714e-08 2.07314e-09
59 7.77541e-08 -6.31048e-08 -5.42167e-09
60 -5.28398e-08 5.05163e-08 -1.65318e-09
61 -8.64111e-08 9.49224e-08 -3.58273e-09
62 5.55665e-08 -6.3146e-08 -5.22775e-09
63 7.29688e-09 1.92724e-08 9.26377e-09
64 -5.02987e-08 4.7399e-08 8.97415e-10
65 -5.83595e-08 4.26467e-08 -7.956e-09
66 7.22662e-08 -3.94771e-08 2.73371e-09
67 -1.88392e-07 1.39499e-07 -3.96284e-09
68 4.4588e-08 -1.35358e-08 5.97325e-09
69 -3.91592e-08 3.25806e-08 -8.48473e-10
70 7.90519e-08 -8.73215e-08 6.90562e-10
71 1.2088e-07 -1.3554e-07 -3.57053e-09
72 -9.33724e-08 1.07808e-07 3.78287e-09
73 -4.4909e-08 3.62259e-08 -8.02402e-09
74 -1.7922e-08 1.28828e-08 2.01055e-10
75 7.67795e-09 1.60762e-08 3.42902e-09
76 -3.05763e-08 2.98041e-09 -1.26448e-09
77 1.63391e-08 -5.05884e-09 1.11299e-10
78 1.87028e-08 -2.06749e-08 -3.87703e-09
79 -1.54305e-07 1.43899e-07 2.88034e-09
80 1.16946e-07 -9.99541e-08 7.15261e-10
