26 1.09769e-09 3.27986e-08 -1.17575e-09
27 2.1909e-07 0.00024852 -4.18289e-05
28 1.41548e-06 0.000190173 -3.38386e-05
29 -4.89144e-08 -1.12091e-05 -2.84634e-06
30 1.37801e-07 -9.5812e-06 -2.93585e-06
31 5.19393e-07 -1.03258e-05 -2.88953e-06
32 5.72824e-07 -1.04174e-05 -2.88191e-06
33 5.9115e-07 -1.04697e-05 -2.88165e-06
34 6.02282e-07 -1.05028e-05 -2.88028e-06
35 6.16085e-07 -1.05292e-05 -2.87983e-06
36 6.29242e-07 -1.05509e-05 -2.87894e-06
37 6.42181e-07 -1.05704e-05 -2.87845e-06
38 6.55589e-07 -1.0586e-05 -2.87778e-06
39 6.69172e-07 -1.05998e-05 -2.87748e-06
40 6.81903e-07 -1.06129e-05 -2.8773e-06
41 6.95165e-07 -1.06238e-05 -2.87661e-06
42 7.08613e-07 -1.06324e-05 -2.87642e-06
43 7.22366e-07 -1.06402e-05 -2.87593e-06
44 7.35754e-07 -1.06475e-05 -2.87581e-06
45 7.49436e-07 -1.06541e-05 -2.87559e-06
46 7.63036e-07 -1.06596e-05 -2.87541e-06
47 7.76689e-07 -1.06648e-05 -2.87527e-06
48 7.90298e-07 -1.06698e-05 -2.87515e-06
49 8.0389e-07 -1.06738e-05 -2.87507e-06
50 8.17489e-07 -1.06776e-05 -2.87498e-06
51 8.3113e-07 -1.0681e-05 -2.87486e-06
52 8.44737e-07 -1.06845e-05 -2.87484e-06
53 8.58337e-07 -1.06876e-05 -2.8748e-06
54 8.71991e-07 -1.06904e-05 -2.87472e-06
55 8.8544e-07 -1.06932e-05 -2.8747e-06
56 8.99002e-07 -1.0696e-05 -2.87468e-06
57 9.12601e-07 -1.06985e-05 -2.87463e-06
58 9.2628e-07 -1.0701e-05 -2.87457e-06
59 9.3996e-07 -1.07037e-05 -2.87444e-06
60 9.53559e-07 -1.07063e-05 -2.87444e-06
61 9.672e-07 -1.07085e-05 -2.8744e-06
62 9.8083e-07 -1.0711e-05 -2.87432e-06
63 9.94462e-07 -1.07132e-05 -2.8743e-06
64 1.00808e-06 -1.07154e-05 -2.87429e-06
65 1.02172e-06 -1.07175e-05 -2.87427e-06
66 1.03534e-06 -1.07196e-05 -2.87426e-06
67 1.04898e-06 -1.07216e-05 -2.87425e-06
68 1.06261e-06 -1.07237e-05 -2.87423e-06
69 1.07624e-06 -1.07257e-05 -2.87423e-06
70 1.08986e-06 -1.07277e-05 -2.87422e-06
71 1.1035e-06 -1.07297e-05 -2.87421e-06
72 1.11713e-06 -1.07317e-05 -2.8742e-06
73 1.13076e-06 -1.07336e-05 -2.8742e-06
74 1.14441e-06 -1.07356e-05 -2.8742e-06
75 1.15803e-06 -1.07376e-05 -2.87419e-06
76 1.17165e-06 -1.07395e-05 -2.87419e-06
77 1.18527e-06 -1.07415e-05 -2.87419e-06
78 1.19891e-06 -1.07435e-05 -2.87419e-06
79 1.21253e-06 -1.07454e-05 -2.87418e-06
80 1.22615e-06 -1.07474e-05 -2.87418e-06
