26 0.199098 -0.211312 -2.16227e-10
27 0.000347117 4.85895e-05 4.23057e-07
28 0.631456 0.0533673 0.000465878
29 -0.000796908 -0.000153838 -1.61018e-06
30 -4.36557e-11 9.45165e-09 -1.00954e-10
31 6.54836e-11 -8.14282e-10 2.09411e-09
32 5.82077e-11 1.42399e-08 -2.07092e-09
33 -3.49246e-10 2.57288e-08 -1.21145e-09
34 7.27596e-11 -8.20769e-09 3.72893e-10
35 0 1.86829e-08 -2.16642e-09
36 -1.01863e-10 -1.19568e-08 2.17005e-09
37 -2.54659e-10 -2.9622e-08 1.63027e-09
38 0 -2.21683e-08 -1.48702e-09
39 2.91038e-11 1.44736e-08 1.11368e-09
40 -2.61934e-10 -2.91055e-08 4.51564e-10
41 4.36557e-11 2.71136e-10 -1.62663e-09
42 -5.82077e-11 2.70684e-08 -6.73026e-10
43 -2.18279e-11 -1.93464e-08 9.97716e-10
44 8.73115e-11 1.11165e-08 -1.44246e-09
45 2.83762e-10 -8.33017e-09 2.21826e-09
46 -2.54659e-10 2.85539e-08 -2.89856e-09
47 1.23691e-10 -3.56538e-08 4.34738e-10
48 -1.74623e-10 -2.42857e-08 1.14005e-09
49 -2.25555e-10 -2.73839e-08 2.46882e-09
50 2.40107e-10 3.52484e-08 -1.36288e-09
51 -7.27596e-11 -1.22665e-08 -1.13278e-09
52 -3.20142e-10 2.89191e-08 1.91903e-10
53 2.91038e-11 1.93512e-08 -1.44928e-09
54 -1.09139e-10 -4.41233e-08 1.54705e-09
55 -3.27418e-10 -6.36963e-09 -1.65983e-09
56 5.82077e-11 1.76181e-08 -3.46972e-10
57 7.27596e-12 1.98751e-08 4.32919e-10
58 1.23691e-10 1.63095e-08 -1.5707e-09
59 1.45519e-10 6.78507e-09 -1.16415e-09
60 -1.67347e-10 3.292e-08 3.68345e-11
61 4.36557e-11 -1.12677e-09 -3.29692e-10
62 -1.23691e-10 1.11048e-08 -8.37645e-10
63 2.91038e-10 9.18457e-09 -4.26553e-10
64 -8.00355e-11 -1.67926e-09 8.79027e-10
65 -1.38243e-10 1.10188e-08 3.72893e-11
66 -2.32831e-10 -3.49218e-08 -1.06411e-10
67 -5.09317e-11 3.37344e-08 -1.70667e-09
68 -1.23691e-10 -9.78566e-09 -7.31688e-10
69 8.73115e-11 -1.92137e-08 2.22735e-09
70 3.63798e-11 2.83141e-08 -3.26554e-09
71 1.38243e-10 5.14436e-09 3.56295e-09
72 7.27596e-11 -7.72055e-09 -1.08412e-09
73 -2.54659e-10 -4.04754e-08 3.10047e-09
74 1.60071e-10 1.88348e-08 -3.1223e-09
75 8.73115e-11 -1.539e-08 8.84938e-10
76 2.6921e-10 -2.14813e-09 -6.68024e-10
77 2.18279e-11 1.41436e-08 6.63931e-11
78 1.45519e-11 -6.66347e-10 2.09184e-10
79 -2.11003e-10 2.74031e-08 -3.04954e-09
80 1.60071e-10 -3.85692e-09 1.57661e-09
