26 1.10739e-09 -2.85964e-08 -2.25506e-08
27 1.36405e-06 2.73056e-05 -6.65723e-05
28 2.60518e-06 1.96506e-05 -5.10232e-05
29 1.46641e-06 -3.54907e-05 -1.19329e-05
30 1.6464e-06 -3.41087e-05 -1.1973e-05
31 2.02637e-06 -3.48249e-05 -1.20159e-05
32 2.07987e-06 -3.48253e-05 -1.19678e-05
33 2.09788e-06 -3.48712e-05 -1.1964e-05
34 2.10874e-06 -3.48972e-05 -1.19612e-05
35 2.12234e-06 -3.49202e-05 -1.19595e-05
36 2.13532e-06 -3.49385e-05 -1.19585e-05
37 2.14808e-06 -3.49554e-05 -1.19574e-05
38 2.16136e-06 -3.49694e-05 -1.19571e-05
39 2.1748e-06 -3.49822e-05 -1.19569e-05
40 2.18743e-06 -3.4995e-05 -1.19569e-05
41 2.2006e-06 -3.50051e-05 -1.19572e-05
42 2.21394e-06 -3.5014e-05 -1.19576e-05
43 2.22759e-06 -3.50217e-05 -1.19582e-05
44 2.24089e-06 -3.50299e-05 -1.19588e-05
45 2.25449e-06 -3.50373e-05 -1.19596e-05
46 2.268e-06 -3.50437e-05 -1.19604e-05
47 2.28158e-06 -3.50502e-05 -1.19613e-05
48 2.29512e-06 -3.50565e-05 -1.19623e-05
49 2.30863e-06 -3.5062e-05 -1.19633e-05
50 2.32216e-06 -3.50673e-05 -1.19644e-05
51 2.33573e-06 -3.50721e-05 -1.19655e-05
52 2.34927e-06 -3.50774e-05 -1.19666e-05
53 2.3628e-06 -3.50823e-05 -1.19677e-05
54 2.37639e-06 -3.50869e-05 -1.19689e-05
55 2.38978e-06 -3.50917e-05 -1.19702e-05
56 2.40329e-06 -3.50964e-05 -1.19714e-05
57 2.41683e-06 -3.51007e-05 -1.19727e-05
58 2.43045e-06 -3.51052e-05 -1.19739e-05
59 2.44408e-06 -3.51096e-05 -1.19752e-05
60 2.45762e-06 -3.51142e-05 -1.19765e-05
61 2.47121e-06 -3.51184e-05 -1.19778e-05
62 2.48478e-06 -3.51228e-05 -1.19791e-05
63 2.49836e-06 -3.51271e-05 -1.19804e-05
64 2.51193e-06 -3.51313e-05 -1.19817e-05
65 2.52551e-06 -3.51355e-05 -1.1983e-05
66 2.53908e-06 -3.51396e-05 -1.19843e-05
67 2.55266e-06 -3.51437e-05 -1.19856e-05
68 2.56624e-06 -3.51478e-05 -1.19869e-05
69 2.57981e-06 -3.51519e-05 -1.19882e-05
70 2.59338e-06 -3.5156e-05 -1.19895e-05
71 2.60697e-06 -3.51601e-05 -1.19909e-05
72 2.62055e-06 -3.51641e-05 -1.19922e-05
73 2.63413e-06 -3.51682e-05 -1.19935e-05
74 2.64773e-06 -3.51723e-05 -1.19948e-05
75 2.6613e-06 -3.51763e-05 -1.19961e-05
76 2.67486e-06 -3.51804e-05 -1.19974e-05
77 2.68844e-06 -3.51844e-05 -1.19988e-05
78 2.70203e-06 -3.51885e-05 -1.20001e-05
79 2.7156e-06 -3.51925e-05 -1.20014e-05
80 2.72917e-06 -3.51965e-05 -1.20027e-05
