26 2.21439e-09 -4.72859e-08 -6.69702e-10
27 -2.7381e-06 -7.96381e-05 2.49738e-06
28 -4.93233e-08 -6.28012e-05 1.60419e-06
29 1.95854e-06 -7.1073e-05 1.2647e-06
30 1.81162e-06 -6.97794e-05 1.19592e-06
31 2.43825e-06 -7.0897e-05 1.26959e-06
32 2.48336e-06 -7.06701e-05 1.25317e-06
33 2.4972e-06 -7.07092e-05 1.25273e-06
34 2.50867e-06 -7.07264e-05 1.25299e-06
35 2.52129e-06 -7.07436e-05 1.25287e-06
36 2.53419e-06 -7.07593e-05 1.25334e-06
37 2.54636e-06 -7.07729e-05 1.25349e-06
38 2.5594e-06 -7.07867e-05 1.25403e-06
39 2.57243e-06 -7.07988e-05 1.25427e-06
40 2.58439e-06 -7.08115e-05 1.25449e-06
41 2.59738e-06 -7.08239e-05 1.25525e-06
42 2.61035e-06 -7.08342e-05 1.25561e-06
43 2.62394e-06 -7.08445e-05 1.25626e-06
44 2.63686e-06 -7.0855e-05 1.25664e-06
45 2.65018e-06 -7.08652e-05 1.25714e-06
46 2.6635e-06 -7.08744e-05 1.25761e-06
47 2.67688e-06 -7.08842e-05 1.2581e-06
48 2.69021e-06 -7.08938e-05 1.25857e-06
49 2.70346e-06 -7.09027e-05 1.25903e-06
50 2.71677e-06 -7.09115e-05 1.2595e-06
51 2.7302e-06 -7.09203e-05 1.26003e-06
52 2.74354e-06 -7.09291e-05 1.26046e-06
53 2.75685e-06 -7.09377e-05 1.26092e-06
54 2.77034e-06 -7.09464e-05 1.26143e-06
55 2.78353e-06 -7.09553e-05 1.2619e-06
56 2.79687e-06 -7.09641e-05 1.26238e-06
57 2.81028e-06 -7.09726e-05 1.26288e-06
58 2.82387e-06 -7.09814e-05 1.2634e-06
59 2.83749e-06 -7.09901e-05 1.26397e-06
60 2.85095e-06 -7.09989e-05 1.26443e-06
61 2.86446e-06 -7.10073e-05 1.26493e-06
62 2.87805e-06 -7.1016e-05 1.26546e-06
63 2.89159e-06 -7.10245e-05 1.26594e-06
64 2.90511e-06 -7.10329e-05 1.26641e-06
65 2.91867e-06 -7.10413e-05 1.26689e-06
66 2.93223e-06 -7.10497e-05 1.26737e-06
67 2.94581e-06 -7.1058e-05 1.26784e-06
68 2.95939e-06 -7.10663e-05 1.26832e-06
69 2.97299e-06 -7.10746e-05 1.26879e-06
70 2.98659e-06 -7.10828e-05 1.26926e-06
71 3.00022e-06 -7.10911e-05 1.26973e-06
72 3.01384e-06 -7.10993e-05 1.27019e-06
73 3.02749e-06 -7.11076e-05 1.27065e-06
74 3.04116e-06 -7.11158e-05 1.27112e-06
75 3.05481e-06 -7.1124e-05 1.27158e-06
76 3.06846e-06 -7.11322e-05 1.27204e-06
77 3.08214e-06 -7.11404e-05 1.27249e-06
78 3.09583e-06 -7.11485e-05 1.27295e-06
79 3.10952e-06 -7.11567e-05 1.2734e-06
80 3.12321e-06 -7.11648e-05 1.27386e-06
