26 -0.096096 0.0930526 1.27969e-11
27 -0.00181353 0.000127223 -1.11784e-06
28 -0.68485 0.0611502 -0.000533843
29 0.00102475 -0.000219479 2.33888e-06
30 -2.32831e-10 2.41184e-08 2.59388e-09
31 1.16415e-10 -9.07558e-09 -2.0309e-09
32 3.56522e-10 -2.41549e-09 -1.11277e-09
33 4.36557e-11 1.21085e-08 1.23964e-09
34 -2.18279e-10 -2.21494e-08 -1.39789e-09
35 -1.38243e-10 1.77937e-08 1.88993e-09
36 -1.81899e-10 -2.67065e-08 -2.28738e-10
37 -1.67347e-10 9.33396e-09 7.84439e-10
38 -1.09139e-10 -1.51888e-08 -4.0427e-10
39 -3.63798e-11 1.92048e-09 1.02546e-09
40 1.01863e-10 -1.36587e-08 -2.14368e-09
41 2.32831e-10 -1.52557e-08 5.84805e-10
42 -1.45519e-11 7.03431e-09 1.1164e-09
43 1.52795e-10 -1.03382e-08 -9.88166e-10
44 -6.54836e-11 -1.25856e-09 -1.08821e-09
45 9.45874e-11 -3.5283e-08 -7.18956e-10
46 9.45874e-11 -1.04854e-08 1.36924e-09
47 3.63798e-11 -2.04774e-08 -1.09321e-09
48 -5.82077e-11 1.76901e-08 -4.82487e-10
49 2.18279e-10 3.5673e-09 7.85803e-10
50 1.81899e-10 7.52947e-09 -1.05501e-10
51 5.09317e-11 -4.3941e-09 -5.59339e-10
52 1.45519e-11 2.16131e-09 -7.03494e-10
53 -2.91038e-11 -8.69438e-09 -8.9949e-10
54 -1.81899e-10 -1.39738e-08 1.35242e-09
55 -1.96451e-10 -1.37575e-08 -1.49976e-09
56 6.54836e-11 7.7135e-09 2.84444e-09
57 -5.82077e-11 -1.64116e-08 -7.4624e-10
58 1.45519e-11 2.21443e-08 1.2983e-09
59 -2.18279e-11 -1.03071e-08 -6.54836e-10
60 8.00355e-11 -1.64305e-08 3.88809e-10
61 -8.00355e-11 -9.45975e-09 -4.22006e-10
62 -2.91038e-11 4.2652e-08 2.65572e-09
63 7.27596e-11 -3.36544e-08 -7.8262e-10
64 -2.40107e-10 9.77209e-09 1.49157e-10
65 -2.18279e-11 1.15121e-08 5.125e-10
66 -3.63798e-11 -1.25503e-08 -1.04046e-09
67 -8.00355e-11 1.03427e-08 -1.427e-09
68 7.27596e-11 -1.29802e-08 8.1036e-10
69 -8.00355e-11 1.9595e-10 -6.58474e-10
70 -7.27596e-12 -2.5906e-08 -9.74978e-10
71 -3.63798e-11 2.64041e-08 5.34328e-10
72 5.82077e-11 1.92201e-08 6.63931e-11
73 -5.09317e-11 9.8211e-09 1.99543e-09
74 -3.63798e-11 -2.30089e-09 -2.06637e-09
75 4.36557e-11 -3.53106e-08 -5.41149e-11
76 2.18279e-11 -4.36816e-09 -6.46651e-10
77 -1.23691e-10 1.28206e-08 -9.62245e-10
78 1.09139e-10 -4.00064e-09 1.23055e-09
79 -1.09139e-10 -2.61533e-08 -9.16316e-10
80 1.45519e-11 -1.42357e-09 -1.64164e-09
