26 1.12538e-08 -4.29985e-08 2.99588e-09
27 6.04499e-05 -1.63493e-05 3.0979e-06
28 4.90815e-05 -1.39968e-05 2.41278e-06
29 2.67569e-05 -4.48482e-05 -2.76588e-09
30 2.67802e-05 -4.35342e-05 6.99881e-08
31 2.75934e-05 -4.42831e-05 -3.8669e-08
32 2.74796e-05 -4.42475e-05 -2.28702e-08
33 2.74899e-05 -4.42905e-05 -2.30584e-08
34 2.7494e-05 -4.43146e-05 -2.32667e-08
35 2.75023e-05 -4.43364e-05 -2.30992e-08
36 2.75125e-05 -4.4354e-05 -2.32532e-08
37 2.7522e-05 -4.43701e-05 -2.32128e-08
38 2.75343e-05 -4.4384e-05 -2.33326e-08
39 2.75464e-05 -4.43967e-05 -2.33331e-08
40 2.7558e-05 -4.44095e-05 -2.32716e-08
41 2.75719e-05 -4.442e-05 -2.34424e-08
42 2.75854e-05 -4.44292e-05 -2.34711e-08
43 2.76002e-05 -4.44374e-05 -2.36307e-08
44 2.76143e-05 -4.44462e-05 -2.36534e-08
45 2.76292e-05 -4.44542e-05 -2.3723e-08
46 2.7644e-05 -4.44612e-05 -2.38022e-08
47 2.76593e-05 -4.44685e-05 -2.38821e-08
48 2.76745e-05 -4.44756e-05 -2.39517e-08
49 2.76898e-05 -4.44819e-05 -2.40077e-08
50 2.77052e-05 -4.4488e-05 -2.4077e-08
51 2.77209e-05 -4.44938e-05 -2.41732e-08
52 2.77363e-05 -4.44999e-05 -2.42293e-08
53 2.7752e-05 -4.45057e-05 -2.42907e-08
54 2.77679e-05 -4.45113e-05 -2.43842e-08
55 2.77835e-05 -4.4517e-05 -2.4449e-08
56 2.77994e-05 -4.45228e-05 -2.45196e-08
57 2.78153e-05 -4.45281e-05 -2.46053e-08
58 2.78314e-05 -4.45336e-05 -2.47099e-08
59 2.78476e-05 -4.4539e-05 -2.48324e-08
60 2.78635e-05 -4.45447e-05 -2.49123e-08
61 2.78796e-05 -4.45499e-05 -2.50037e-08
62 2.78957e-05 -4.45553e-05 -2.51178e-08
63 2.79118e-05 -4.45606e-05 -2.52093e-08
64 2.79278e-05 -4.45659e-05 -2.52982e-08
65 2.79439e-05 -4.45711e-05 -2.5391e-08
66 2.796e-05 -4.45762e-05 -2.54873e-08
67 2.79761e-05 -4.45814e-05 -2.5583e-08
68 2.79922e-05 -4.45866e-05 -2.56793e-08
69 2.80083e-05 -4.45917e-05 -2.57767e-08
70 2.80244e-05 -4.45968e-05 -2.5876e-08
71 2.80405e-05 -4.46019e-05 -2.59767e-08
72 2.80567e-05 -4.4607e-05 -2.60782e-08
73 2.80728e-05 -4.46122e-05 -2.61801e-08
74 2.80889e-05 -4.46173e-05 -2.62852e-08
75 2.8105e-05 -4.46224e-05 -2.63894e-08
76 2.81212e-05 -4.46274e-05 -2.6494e-08
77 2.81373e-05 -4.46325e-05 -2.66002e-08
78 2.81534e-05 -4.46376e-05 -2.67082e-08
79 2.81695e-05 -4.46427e-05 -2.68157e-08
80 2.81856e-05 -4.46478e-05 -2.69243e-08
