26 1.07034e-09 3.01493e-08 -8.41194e-09
27 4.33641e-07 0.000217343 -5.83198e-05
28 1.6384e-06 0.000165462 -4.56023e-05
29 2.35031e-07 -1.34857e-05 -4.53423e-06
30 4.20487e-07 -1.19131e-05 -4.6235e-06
31 8.01776e-07 -1.26322e-05 -4.58758e-06
32 8.55218e-07 -1.27168e-05 -4.57252e-06
33 8.73485e-07 -1.27687e-05 -4.5717e-06
34 8.84566e-07 -1.28009e-05 -4.57e-06
35 8.98331e-07 -1.2827e-05 -4.56933e-06
36 9.11456e-07 -1.28481e-05 -4.56837e-06
37 9.24361e-07 -1.28672e-05 -4.56776e-06
38 9.37744e-07 -1.28825e-05 -4.56712e-06
39 9.51301e-07 -1.28961e-05 -4.56682e-06
40 9.64012e-07 -1.2909e-05 -4.56668e-06
41 9.77258e-07 -1.29196e-05 -4.56612e-06
42 9.90685e-07 -1.29281e-05 -4.56603e-06
43 1.00442e-06 -1.29356e-05 -4.56568e-06
44 1.01779e-06 -1.2943e-05 -4.5657e-06
45 1.03146e-06 -1.29495e-05 -4.56564e-06
46 1.04504e-06 -1.29549e-05 -4.56562e-06
47 1.05868e-06 -1.29601e-05 -4.56566e-06
48 1.07228e-06 -1.2965e-05 -4.56572e-06
49 1.08585e-06 -1.29691e-05 -4.56583e-06
50 1.09944e-06 -1.29728e-05 -4.56594e-06
51 1.11307e-06 -1.29762e-05 -4.56601e-06
52 1.12666e-06 -1.29798e-05 -4.56619e-06
53 1.14025e-06 -1.29829e-05 -4.56636e-06
54 1.15389e-06 -1.29857e-05 -4.5665e-06
55 1.16733e-06 -1.29886e-05 -4.5667e-06
56 1.18088e-06 -1.29915e-05 -4.5669e-06
57 1.19447e-06 -1.29939e-05 -4.56706e-06
58 1.20814e-06 -1.29965e-05 -4.56723e-06
59 1.22181e-06 -1.29991e-05 -4.56733e-06
60 1.23539e-06 -1.30018e-05 -4.56755e-06
61 1.24903e-06 -1.30041e-05 -4.56774e-06
62 1.26264e-06 -1.30066e-05 -4.56789e-06
63 1.27627e-06 -1.30089e-05 -4.5681e-06
64 1.28988e-06 -1.30111e-05 -4.56832e-06
65 1.30351e-06 -1.30133e-05 -4.56852e-06
66 1.31712e-06 -1.30154e-05 -4.56873e-06
67 1.33074e-06 -1.30176e-05 -4.56895e-06
68 1.34436e-06 -1.30197e-05 -4.56916e-06
69 1.35798e-06 -1.30217e-05 -4.56938e-06
70 1.3716e-06 -1.30238e-05 -4.5696e-06
71 1.38522e-06 -1.30259e-05 -4.56982e-06
72 1.39884e-06 -1.30279e-05 -4.57004e-06
73 1.41247e-06 -1.303e-05 -4.57026e-06
74 1.4261e-06 -1.3032e-05 -4.57049e-06
75 1.43971e-06 -1.3034e-05 -4.57071e-06
76 1.45332e-06 -1.30361e-05 -4.57093e-06
77 1.46694e-06 -1.30381e-05 -4.57115e-06
78 1.48057e-06 -1.30401e-05 -4.57138e-06
79 1.49418e-06 -1.30421e-05 -4.5716e-06
80 1.50779e-06 -1.30442e-05 -4.57182e-06
