26 -0.23348 0.398933 -1.97967e-11
27 -2.35605e-07 1.1065e-06 1.08412e-08
28 0.00824316 -0.0249312 -6.03904e-08
29 -1.8392e-07 -1.21629e-07 -1.52977e-09
30 6.30321e-08 1.82496e-08 -7.38328e-09
31 -2.20584e-08 1.1653e-08 6.72708e-09
32 -2.04288e-07 -8.25195e-08 -4.07363e-09
33 1.14732e-07 5.85696e-08 4.50018e-09
34 5.00822e-08 1.28921e-08 3.55249e-09
35 -5.16316e-08 -2.90601e-08 -9.1386e-09
36 -6.6535e-08 -2.5699e-08 6.07361e-09
37 5.51058e-08 1.49755e-08 -4.5934e-09
38 2.28961e-08 1.11913e-08 -4.75347e-09
39 4.35321e-08 1.02101e-08 2.00316e-09
40 1.27749e-07 6.39442e-08 -4.63842e-09
41 -1.58147e-08 4.71675e-09 3.64344e-09
42 7.62998e-08 3.32142e-08 -7.47286e-09
43 -8.31387e-08 -3.25484e-08 4.27281e-09
44 -4.75034e-08 -8.36462e-09 1.90994e-09
45 1.27909e-07 4.50053e-08 7.42784e-09
46 -1.28563e-07 -5.12892e-08 -2.94813e-09
47 1.78043e-08 -1.94169e-08 -4.00678e-09
48 -7.68264e-08 -1.09469e-08 7.01857e-09
49 -2.92616e-08 -1.98306e-08 -1.2963e-08
50 -6.83626e-08 -1.69572e-08 2.24691e-09
51 6.99893e-08 4.01196e-08 -3.60251e-09
52 1.15467e-07 5.88814e-08 7.08587e-09
53 1.56965e-08 8.22115e-09 -5.78348e-09
54 -2.11716e-07 -9.50891e-08 3.01316e-09
55 -9.63623e-08 -4.75111e-08 9.19499e-10
56 1.30351e-07 5.55162e-08 3.50792e-09
57 -1.33639e-07 -5.33846e-08 -3.7362e-09
58 -1.65547e-07 -7.60488e-08 -9.72705e-10
59 9.35811e-08 4.03498e-08 3.66617e-09
60 1.14487e-07 4.89789e-08 1.41517e-09
61 -5.15806e-08 -5.3285e-10 3.81078e-10
62 3.8528e-08 8.13304e-09 -6.04814e-10
63 -1.2707e-07 -5.06776e-08 5.37057e-10
64 1.28646e-07 4.53027e-08 -7.62611e-10
65 -1.85516e-07 -7.4792e-08 6.61385e-09
66 -2.78078e-08 -1.9223e-08 -4.70709e-09
67 2.24118e-08 2.04822e-08 -6.68615e-09
68 -3.04021e-08 -1.08107e-08 6.18775e-09
69 9.95487e-08 2.38161e-08 -6.70661e-09
70 -2.96353e-07 -1.39508e-07 7.86258e-10
71 1.05589e-07 3.57945e-08 5.32873e-09
72 1.06429e-08 6.1425e-09 1.25692e-09
73 -7.15718e-08 -2.7779e-08 -3.89809e-09
74 6.49775e-08 3.80631e-08 -8.12497e-09
75 -5.13478e-08 -4.79374e-08 4.18368e-09
76 -1.04241e-07 -2.22497e-08 -3.82443e-10
77 5.75101e-08 2.54632e-08 1.32559e-09
78 1.49885e-07 6.35689e-08 -1.66801e-09
79 -5.98861e-08 -4.1955e-08 -1.60071e-09
80 -2.20325e-08 -1.68524e-08 3.15049e-09
