26 0.397416 0.118676 3.33715e-11
27 1.27757e-05 -3.13581e-05 -4.48672e-08
28 0.00118596 -0.0647773 -9.47431e-05
29 3.1011e-08 -1.83186e-08 9.96806e-10
30 -2.19438e-08 3.58585e-09 -8.29459e-10
31 -5.20199e-08 1.22769e-08 8.813e-10
32 1.12723e-08 -3.9355e-09 -1.82717e-09
33 -1.26156e-08 -2.98184e-09 -8.95852e-10
34 -1.77474e-08 2.81358e-08 4.18368e-10
35 7.27969e-08 -2.30451e-08 -1.4179e-09
36 1.79671e-08 -9.29333e-09 2.33558e-09
37 2.5238e-08 5.14069e-09 5.7571e-10
38 -2.88455e-08 -9.84676e-09 8.22183e-10
39 3.62688e-08 7.8424e-09 2.93767e-10
40 -1.74459e-08 -8.09359e-09 -1.03955e-09
41 -4.73574e-09 1.19646e-08 1.75896e-09
42 -2.8444e-08 1.6901e-08 -1.27966e-09
43 4.19509e-08 -1.28352e-09 3.31966e-09
44 3.04581e-08 -3.04858e-08 -1.73986e-09
45 -1.60503e-08 1.77836e-08 1.17871e-09
46 -4.95129e-08 -6.23697e-09 -1.75442e-09
47 -1.34878e-09 7.84479e-09 -1.36606e-09
48 5.00495e-08 -2.48657e-08 -1.47702e-09
49 2.3515e-09 8.79248e-09 3.97722e-09
50 2.2354e-08 -8.82454e-09 -3.12866e-10
51 3.49792e-09 -3.0459e-09 -1.69075e-09
52 -2.96577e-08 1.97832e-09 8.89486e-10
53 -1.88033e-08 7.01493e-09 7.9126e-10
54 -9.28321e-09 -6.14966e-09 -2.26282e-09
55 2.19989e-08 -2.11224e-09 1.15324e-09
56 2.94776e-08 -1.90669e-08 -1.31786e-09
57 5.75574e-09 1.50705e-08 1.35515e-09
58 -5.57534e-08 6.43297e-10 -3.80896e-09
59 4.10564e-08 -4.65781e-09 -2.96495e-10
60 4.87807e-08 -1.31934e-08 4.11092e-09
61 -2.59424e-08 1.09378e-08 -8.61291e-10
62 1.72713e-08 -7.81898e-09 -2.6921e-10
63 -4.34848e-08 4.13394e-09 -9.13133e-10
64 -7.73639e-08 2.22972e-08 -1.53705e-09
65 5.63768e-08 -4.94458e-09 3.12957e-09
66 -2.51143e-08 1.57468e-08 -6.67569e-10
67 -5.31741e-08 2.25538e-08 4.38376e-10
68 1.98938e-08 -2.20516e-08 -1.17234e-09
69 -2.59979e-09 -4.30475e-10 -7.88532e-10
70 -1.53159e-08 1.10531e-08 -2.85581e-10
71 1.32377e-09 -5.14837e-09 1.97724e-09
72 -8.58558e-08 1.91999e-08 -9.38599e-10
73 1.23495e-07 -1.29072e-08 -1.32968e-09
74 -3.26236e-09 -8.59393e-09 1.35333e-09
75 5.46747e-08 -6.49629e-09 -1.99998e-09
76 -8.52615e-08 2.43243e-08 8.52197e-10
77 -3.15667e-08 7.24469e-09 6.74845e-10
78 3.64139e-08 -8.92948e-09 9.66793e-10
79 1.02585e-07 -6.6982e-09 -1.41881e-10
80 -7.94689e-08 3.097e-09 2.9213e-09
