26 0.163221 0.0878062 6.57296e-11
27 -0.000702091 0.000467794 4.08812e-06
28 0.0150694 -0.103456 -5.52514e-05
29 -1674.25 2431.03 3.18505e-09
30 -2122.14 197.221 -1.42427e-09
31 -2443.36 -344.109 -2.15186e-09
32 -2238.05 46.5318 9.78616e-10
33 -2249.58 49.0132 -1.95359e-09
34 -2249.76 50.303 5.23869e-10
35 -2250.63 51.564 -3.94721e-10
36 -2251.44 52.8655 1.93722e-09
37 -2252.3 54.2372 -1.50794e-09
38 -2253.18 55.6469 -7.27596e-11
39 -2254.1 57.098 8.11269e-10
40 -2255.02 58.5557 -5.91172e-10
41 -2255.93 60.0043 8.85848e-10
42 -2256.89 61.4969 -1.06775e-09
43 -2257.83 62.9885 6.82121e-10
44 -2258.79 64.4818 -2.5284e-10
45 -2259.74 65.9813 -1.76442e-10
46 -2260.7 67.4877 5.42059e-10
47 -2261.66 68.9858 -1.13687e-09
48 -2262.61 70.4818 1.23327e-09
49 -2263.57 71.9826 -1.87356e-09
50 -2264.52 73.478 2.05728e-09
51 -2265.47 74.9696 -3.29601e-09
52 -2266.41 76.4553 1.41335e-09
53 -2267.35 77.9355 -2.94676e-09
54 -2268.29 79.4079 2.14095e-09
55 -2269.21 80.8694 1.58616e-09
56 -2270.14 82.3241 -3.55431e-09
57 -2271.05 83.7736 1.80989e-09
58 -2271.96 85.2119 -3.69255e-10
59 -2272.85 86.6364 -6.91216e-11
60 -2273.75 88.0568 1.53159e-09
61 -2274.64 89.4733 -1.64073e-09
62 -2275.52 90.876 -1.61344e-09
63 -2276.4 92.2755 1.48975e-09
64 -2277.27 93.6677 -4.52928e-10
65 -2278.14 95.0521 -1.05683e-09
66 -2279 96.4291 -1.34605e-09
67 -2279.85 97.7982 1.9063e-09
68 -2280.7 99.16 -1.73713e-09
69 -2281.54 100.514 4.00178e-11
70 -2282.37 101.86 7.45786e-10
71 -2283.2 103.197 1.06047e-09
72 -2284.02 104.528 -1.60071e-10
73 -2284.83 105.85 9.27685e-11
74 -2285.64 107.165 6.07542e-10
75 -2286.45 108.472 -3.21779e-09
76 -2287.24 109.771 2.31921e-09
77 -2288.04 111.062 6.67569e-10
78 -2288.82 112.346 4.07454e-10
79 -2289.6 113.622 -8.36735e-10
80 -2290.37 114.891 7.96717e-10
