26 -4.67729 8.38678 -1.85172e-08
27 -0.000427562 -2.34228e-05 9.45874e-09
28 -0.25479 -0.0255248 1.04161e-06
29 0.000239702 5.98408e-05 -8.77935e-09
30 -9.45874e-11 -2.90418e-08 2.01635e-09
31 6.54836e-11 7.64957e-08 -2.25009e-09
32 3.63798e-11 1.69393e-08 5.59339e-10
33 3.0559e-10 5.16603e-08 3.58887e-09
34 3.63798e-11 -8.19062e-08 -2.95904e-09
35 5.82077e-11 9.2417e-08 4.56612e-09
36 -2.47383e-10 -5.2389e-08 -1.24601e-10
37 5.09317e-11 5.01927e-08 -3.22461e-09
38 2.18279e-11 1.10069e-08 5.58884e-10
39 3.12866e-10 -4.10978e-08 2.32421e-09
40 5.82077e-11 4.71232e-08 1.48611e-09
41 3.63798e-11 -1.84586e-08 -5.78984e-09
42 -2.47383e-10 8.78696e-08 3.25963e-09
43 -2.25555e-10 -4.03072e-08 8.24912e-10
44 5.09317e-11 -3.05818e-08 -8.56744e-10
45 4.36557e-11 2.57858e-09 -2.447e-09
46 7.27596e-11 3.80747e-08 2.08729e-09
47 4.36557e-11 -8.57044e-08 1.00044e-09
48 5.09317e-11 -3.96767e-08 -1.03591e-09
49 -2.32831e-10 1.15237e-08 4.96129e-10
50 4.36557e-11 1.36078e-07 -8.37645e-10
51 -2.47383e-10 -1.36218e-07 -6.14364e-10
52 -2.25555e-10 5.54585e-08 2.9504e-09
53 -2.18279e-10 6.21505e-08 -5.08408e-09
54 1.45519e-11 1.92544e-08 1.71076e-09
55 2.18279e-11 -1.03801e-07 -1.10049e-09
56 3.27418e-10 6.74007e-08 1.90903e-09
57 -2.11003e-10 -7.35968e-08 -2.1887e-09
58 -2.11003e-10 1.54717e-08 2.51475e-10
59 6.54836e-11 7.95601e-08 1.8199e-09
60 2.91038e-11 -1.40708e-07 5.51563e-09
61 4.36557e-11 5.62336e-08 -5.57793e-09
62 3.27418e-10 -1.18829e-07 1.844e-09
63 6.54836e-11 7.64905e-08 -1.61253e-09
64 3.63798e-11 -3.88913e-08 -1.04592e-10
65 5.09317e-11 -3.05766e-08 5.53973e-09
66 3.0559e-10 5.23527e-08 -1.07821e-09
67 -2.25555e-10 -3.77277e-10 -1.96496e-09
68 6.54836e-11 -3.36255e-08 3.06363e-09
69 6.54836e-11 8.65566e-09 -2.85127e-10
70 -2.11003e-10 -1.36269e-07 -1.69712e-09
71 5.09317e-11 9.68766e-08 -3.49701e-10
72 5.82077e-11 -5.92516e-08 -1.34378e-09
73 4.36557e-11 -1.54821e-08 -2.47519e-09
74 2.91038e-11 4.94279e-08 -5.67979e-10
75 5.09317e-11 -7.35813e-08 1.46701e-09
76 2.91038e-11 5.46937e-08 7.79437e-10
77 -2.61934e-10 -8.10743e-08 -2.20598e-09
78 7.27596e-11 1.9151e-08 -4.3201e-10
79 5.82077e-11 -3.89326e-08 -8.11269e-10
80 2.98314e-10 -5.62492e-08 5.09635e-09
