26 0.731185 -0.394517 7.9323e-10
27 -2.27895e-07 9.91317e-06 -1.04774e-09
28 -0.00367903 -0.148362 -9.87424e-07
29 -126.349 -625.218 -2.25555e-10
30 -1.86219e-08 7.2223e-09 2.03727e-10
31 1.11113e-08 1.90948e-09 -5.82077e-10
32 -6.55746e-09 -3.41242e-09 6.63931e-10
33 -2.57569e-09 1.90084e-09 4.22915e-10
34 -3.36513e-10 1.90175e-09 -3.45608e-11
35 5.42514e-09 7.19774e-09 -6.34827e-10
36 -9.46329e-09 1.89584e-09 8.56744e-10
37 2.53749e-10 1.90312e-09 -6.12999e-10
38 1.17407e-08 -3.4197e-09 -5.06589e-10
39 -1.46019e-08 -3.42834e-09 3.4197e-10
40 1.6822e-08 -8.73342e-09 2.31012e-10
41 -1.23073e-08 -3.42607e-09 1.23691e-10
42 2.54659e-10 1.91312e-09 -5.28416e-10
43 -5.4315e-09 1.91176e-09 9.09495e-10
44 -9.41327e-09 1.90221e-09 -2.57387e-10
45 -3.14776e-09 -3.41561e-09 -2.54659e-10
46 5.44424e-09 1.89402e-09 1.76442e-10
47 8.4583e-10 1.8922e-09 1.72804e-11
48 1.1104e-08 1.88538e-09 1.24601e-10
49 1.05383e-08 7.20183e-09 -5.81167e-10
50 -1.17725e-08 7.19456e-09 9.42237e-10
51 -2.02817e-09 1.85219e-09 3.9654e-10
52 2.92857e-10 -3.48109e-09 5.02951e-10
53 -9.43874e-09 7.1459e-09 -4.45652e-10
54 1.62818e-08 -3.4911e-09 4.36557e-11
55 7.68978e-09 -3.48928e-09 -8.91305e-11
56 -1.40435e-08 -3.49655e-09 9.42237e-10
57 -7.14863e-09 1.81535e-09 -2.03727e-10
58 9.43237e-09 1.81535e-09 -5.32054e-10
59 -1.68611e-08 7.1318e-09 3.72893e-10
60 -3.76531e-09 7.12498e-09 2.61934e-10
61 8.26094e-09 -3.50565e-09 -1.72804e-10
62 -7.72798e-09 1.81763e-09 -9.91349e-10
63 1.11177e-08 1.81171e-09 4.52019e-10
64 -4.87762e-09 1.81035e-09 -3.91992e-10
65 -3.14867e-09 1.80034e-09 -9.1859e-11
66 5.99084e-09 -3.52156e-09 5.0477e-10
67 4.24188e-09 1.80898e-09 -8.56744e-10
68 -3.688e-09 -3.51974e-09 -8.56744e-10
69 6.58292e-09 7.12726e-09 1.04774e-09
70 2.51839e-09 1.80671e-09 -4.502e-10
71 2.41926e-10 1.80307e-09 8.31278e-10
72 -3.71438e-09 -3.51838e-09 -5.29326e-10
73 2.57569e-09 -3.5202e-09 1.8008e-10
74 1.56779e-08 1.80125e-09 4.52928e-10
75 -1.57352e-08 1.79125e-09 -6.63931e-11
76 -4.83396e-09 1.78215e-09 3.4288e-10
77 6.56382e-09 1.77806e-09 -1.48248e-10
78 1.33814e-08 7.09497e-09 -2.31921e-10
79 -3.28619e-08 -3.51429e-09 7.09406e-11
80 2.25336e-08 1.7717e-09 -1.23782e-09
