26 4.86109e-10 -4.32198e-08 -2.45908e-09
27 -2.44918e-05 -3.73134e-05 -2.10732e-05
28 -1.76995e-05 -2.79459e-05 -1.69804e-05
29 -7.12132e-06 -5.37257e-05 -8.89241e-06
30 -7.3951e-06 -5.20714e-05 -8.9759e-06
31 -6.81149e-06 -5.31968e-05 -9.04462e-06
32 -6.71314e-06 -5.30605e-05 -8.99027e-06
33 -6.69824e-06 -5.31011e-05 -8.98894e-06
34 -6.68314e-06 -5.31263e-05 -8.9857e-06
35 -6.66855e-06 -5.31474e-05 -8.98381e-06
36 -6.65364e-06 -5.31679e-05 -8.98212e-06
37 -6.63988e-06 -5.3185e-05 -8.98069e-06
38 -6.62553e-06 -5.32022e-05 -8.97967e-06
39 -6.61157e-06 -5.32166e-05 -8.97888e-06
40 -6.59895e-06 -5.32309e-05 -8.97832e-06
41 -6.58502e-06 -5.32463e-05 -8.97772e-06
42 -6.57161e-06 -5.32579e-05 -8.97743e-06
43 -6.55742e-06 -5.32703e-05 -8.9771e-06
44 -6.5443e-06 -5.32817e-05 -8.97704e-06
45 -6.53075e-06 -5.3293e-05 -8.97699e-06
46 -6.51727e-06 -5.33031e-05 -8.977e-06
47 -6.50385e-06 -5.33137e-05 -8.97713e-06
48 -6.49051e-06 -5.33238e-05 -8.97728e-06
49 -6.47732e-06 -5.33332e-05 -8.97749e-06
50 -6.46409e-06 -5.33425e-05 -8.97772e-06
51 -6.45073e-06 -5.33517e-05 -8.97797e-06
52 -6.43757e-06 -5.33607e-05 -8.97827e-06
53 -6.42445e-06 -5.33696e-05 -8.9786e-06
54 -6.41115e-06 -5.33785e-05 -8.97894e-06
55 -6.39821e-06 -5.33875e-05 -8.97934e-06
56 -6.38513e-06 -5.33964e-05 -8.97974e-06
57 -6.37194e-06 -5.3405e-05 -8.98012e-06
58 -6.35861e-06 -5.34139e-05 -8.98053e-06
59 -6.34515e-06 -5.3423e-05 -8.98087e-06
60 -6.33198e-06 -5.34318e-05 -8.9813e-06
61 -6.31874e-06 -5.34403e-05 -8.98172e-06
62 -6.30539e-06 -5.34491e-05 -8.98212e-06
63 -6.29215e-06 -5.34576e-05 -8.98256e-06
64 -6.27893e-06 -5.3466e-05 -8.983e-06
65 -6.26567e-06 -5.34744e-05 -8.98344e-06
66 -6.25241e-06 -5.34827e-05 -8.98389e-06
67 -6.23913e-06 -5.3491e-05 -8.98434e-06
68 -6.22586e-06 -5.34992e-05 -8.98479e-06
69 -6.21259e-06 -5.35075e-05 -8.98524e-06
70 -6.1993e-06 -5.35157e-05 -8.9857e-06
71 -6.18599e-06 -5.35239e-05 -8.98615e-06
72 -6.17268e-06 -5.3532e-05 -8.98661e-06
73 -6.15936e-06 -5.35402e-05 -8.98707e-06
74 -6.14601e-06 -5.35483e-05 -8.98753e-06
75 -6.13269e-06 -5.35564e-05 -8.98799e-06
76 -6.11936e-06 -5.35645e-05 -8.98845e-06
77 -6.106e-06 -5.35726e-05 -8.98891e-06
78 -6.09264e-06 -5.35807e-05 -8.98937e-06
79 -6.07928e-06 -5.35887e-05 -8.98983e-06
80 -6.06591e-06 -5.35967e-05 -8.99029e-06
