26 1.07049e-09 2.13151e-08 1.75058e-08
27 -8.37073e-07 0.000198722 6.71285e-05
28 2.9588e-07 0.00015587 5.17269e-05
29 -1.47064e-06 -1.53541e-05 5.50284e-06
30 -1.27762e-06 -1.35177e-05 5.47475e-06
31 -8.94506e-07 -1.44369e-05 5.52931e-06
32 -8.41132e-07 -1.44956e-05 5.5006e-06
33 -8.22515e-07 -1.45451e-05 5.4988e-06
34 -8.11125e-07 -1.45794e-05 5.49812e-06
35 -7.9713e-07 -1.46057e-05 5.49756e-06
36 -7.83809e-07 -1.46292e-05 5.49772e-06
37 -7.70706e-07 -1.46492e-05 5.49761e-06
38 -7.57173e-07 -1.46668e-05 5.49812e-06
39 -7.43459e-07 -1.46815e-05 5.49838e-06
40 -7.30628e-07 -1.46953e-05 5.49871e-06
41 -7.17283e-07 -1.47089e-05 5.49965e-06
42 -7.03729e-07 -1.47187e-05 5.50023e-06
43 -6.89885e-07 -1.47288e-05 5.50113e-06
44 -6.76414e-07 -1.47375e-05 5.50184e-06
45 -6.62656e-07 -1.47458e-05 5.50268e-06
46 -6.48972e-07 -1.47529e-05 5.5035e-06
47 -6.3525e-07 -1.47598e-05 5.50441e-06
48 -6.21572e-07 -1.47664e-05 5.50529e-06
49 -6.07909e-07 -1.4772e-05 5.50618e-06
50 -5.94241e-07 -1.47774e-05 5.50711e-06
51 -5.80533e-07 -1.47825e-05 5.50809e-06
52 -5.66863e-07 -1.47875e-05 5.50899e-06
53 -5.532e-07 -1.47922e-05 5.50993e-06
54 -5.39487e-07 -1.47968e-05 5.51093e-06
55 -5.25984e-07 -1.48012e-05 5.51192e-06
56 -5.12369e-07 -1.48056e-05 5.51291e-06
57 -4.98713e-07 -1.48097e-05 5.51392e-06
58 -4.84982e-07 -1.4814e-05 5.51496e-06
59 -4.71251e-07 -1.48186e-05 5.51602e-06
60 -4.57601e-07 -1.48228e-05 5.51701e-06
61 -4.43906e-07 -1.48268e-05 5.51803e-06
62 -4.30228e-07 -1.4831e-05 5.51907e-06
63 -4.16544e-07 -1.48349e-05 5.52008e-06
64 -4.02875e-07 -1.48387e-05 5.52108e-06
65 -3.89182e-07 -1.48425e-05 5.52208e-06
66 -3.75513e-07 -1.48462e-05 5.52309e-06
67 -3.61825e-07 -1.48499e-05 5.52409e-06
68 -3.48147e-07 -1.48535e-05 5.52509e-06
69 -3.34469e-07 -1.48572e-05 5.52608e-06
70 -3.20795e-07 -1.48608e-05 5.52708e-06
71 -3.07108e-07 -1.48644e-05 5.52807e-06
72 -2.93433e-07 -1.4868e-05 5.52906e-06
73 -2.79749e-07 -1.48716e-05 5.53005e-06
74 -2.66057e-07 -1.48751e-05 5.53104e-06
75 -2.52388e-07 -1.48787e-05 5.53202e-06
76 -2.38723e-07 -1.48822e-05 5.533e-06
77 -2.25047e-07 -1.48858e-05 5.53398e-06
78 -2.11369e-07 -1.48893e-05 5.53496e-06
79 -1.97699e-07 -1.48928e-05 5.53594e-06
80 -1.84034e-07 -1.48964e-05 5.53691e-06
