26 2.05756e-09 -4.79128e-08 -5.1312e-10
27 -1.26054e-06 -7.31824e-05 1.00978e-05
28 1.04603e-06 -5.80645e-05 7.63474e-06
29 2.62258e-06 -6.8146e-05 4.43887e-06
30 2.46534e-06 -6.69079e-05 4.39991e-06
31 3.11069e-06 -6.79355e-05 4.50128e-06
32 3.14975e-06 -6.77362e-05 4.46383e-06
33 3.16345e-06 -6.77759e-05 4.46304e-06
34 3.17483e-06 -6.77935e-05 4.4622e-06
35 3.18734e-06 -6.7811e-05 4.46145e-06
36 3.20028e-06 -6.78265e-05 4.46141e-06
37 3.21241e-06 -6.78402e-05 4.4611e-06
38 3.22553e-06 -6.78536e-05 4.46137e-06
39 3.23859e-06 -6.78656e-05 4.46139e-06
40 3.25057e-06 -6.78781e-05 4.46147e-06
41 3.2637e-06 -6.78898e-05 4.46214e-06
42 3.27675e-06 -6.78997e-05 4.46246e-06
43 3.29046e-06 -6.79094e-05 4.4631e-06
44 3.30347e-06 -6.79195e-05 4.46353e-06
45 3.3169e-06 -6.79291e-05 4.46409e-06
46 3.33032e-06 -6.79378e-05 4.46464e-06
47 3.34383e-06 -6.79471e-05 4.46525e-06
48 3.35726e-06 -6.79561e-05 4.46585e-06
49 3.37062e-06 -6.79644e-05 4.46645e-06
50 3.38405e-06 -6.79727e-05 4.46708e-06
51 3.39762e-06 -6.79808e-05 4.46777e-06
52 3.41106e-06 -6.79891e-05 4.46838e-06
53 3.42449e-06 -6.79972e-05 4.46902e-06
54 3.4381e-06 -6.80053e-05 4.46973e-06
55 3.45142e-06 -6.80136e-05 4.47042e-06
56 3.46489e-06 -6.80218e-05 4.4711e-06
57 3.47843e-06 -6.80297e-05 4.47182e-06
58 3.49215e-06 -6.80378e-05 4.47255e-06
59 3.50591e-06 -6.80458e-05 4.47332e-06
60 3.51949e-06 -6.8054e-05 4.474e-06
61 3.53314e-06 -6.80618e-05 4.47471e-06
62 3.54686e-06 -6.80699e-05 4.47546e-06
63 3.56052e-06 -6.80777e-05 4.47616e-06
64 3.57417e-06 -6.80856e-05 4.47686e-06
65 3.58785e-06 -6.80934e-05 4.47756e-06
66 3.60154e-06 -6.81011e-05 4.47827e-06
67 3.61525e-06 -6.81088e-05 4.47896e-06
68 3.62896e-06 -6.81165e-05 4.47966e-06
69 3.64268e-06 -6.81242e-05 4.48036e-06
70 3.6564e-06 -6.81319e-05 4.48105e-06
71 3.67016e-06 -6.81396e-05 4.48174e-06
72 3.6839e-06 -6.81472e-05 4.48244e-06
73 3.69767e-06 -6.81549e-05 4.48312e-06
74 3.71147e-06 -6.81625e-05 4.48381e-06
75 3.72524e-06 -6.81701e-05 4.48449e-06
76 3.73902e-06 -6.81777e-05 4.48517e-06
77 3.75282e-06 -6.81853e-05 4.48585e-06
78 3.76663e-06 -6.81929e-05 4.48653e-06
79 3.78044e-06 -6.82004e-05 4.48721e-06
80 3.79425e-06 -6.8208e-05 4.48788e-06
