26 0.144351 -0.802488 -5.20095e-12
27 0.000695101 0.0026963 7.70324e-06
28 0.324181 0.0118163 3.38558e-07
29 0.000544392 1.66407e-05 -2.57169e-08
30 -2.18279e-11 -2.99431e-08 1.13369e-09
31 -8.73115e-11 -1.36796e-08 1.15188e-09
32 0 6.99064e-09 -4.09273e-10
33 8.00355e-11 -1.40883e-08 -5.28416e-10
34 -4.36557e-11 2.50216e-09 9.05402e-10
35 -4.36557e-11 4.26665e-08 -2.07865e-09
36 2.18279e-11 -2.08857e-08 2.42471e-09
37 8.73115e-11 5.34047e-08 5.32964e-10
38 6.54836e-11 1.81566e-08 -2.85627e-09
39 -1.01863e-10 -5.1445e-08 -3.18323e-11
40 4.36557e-11 3.47106e-08 1.13369e-09
41 -4.36557e-11 -6.10933e-08 -1.82854e-09
42 2.18279e-11 7.01626e-08 -6.73936e-10
43 7.27596e-12 -3.53053e-08 5.62068e-10
44 8.73115e-11 1.15927e-08 1.05501e-09
45 4.36557e-11 9.80645e-08 -1.28694e-09
46 -1.45519e-11 -2.35429e-08 4.6839e-10
47 -5.82077e-11 2.23377e-08 -1.59162e-11
48 2.91038e-11 -3.42504e-08 -1.21008e-09
49 6.54836e-11 -2.19749e-08 3.21279e-09
50 2.91038e-11 -2.36798e-08 -2.62207e-09
51 -8.73115e-11 -3.69907e-08 1.61708e-09
52 -5.09317e-11 4.74052e-08 1.6189e-10
53 -1.09139e-10 -1.46939e-08 -3.67436e-10
54 -9.45874e-11 -5.52998e-08 -1.78807e-09
55 -2.91038e-11 -1.19494e-08 2.2128e-09
56 -1.60071e-10 -2.67619e-08 -2.32239e-09
57 -7.27596e-11 -6.24952e-09 -2.04682e-09
58 -9.45874e-11 -8.04142e-08 8.17181e-10
59 -2.18279e-11 3.18393e-09 1.1164e-09
60 1.96451e-10 1.87279e-08 1.17325e-10
61 -4.36557e-11 2.33989e-08 2.19643e-10
62 -2.91038e-11 -5.98678e-10 -5.46606e-10
63 8.73115e-11 2.75454e-08 -9.47693e-10
64 7.27596e-11 5.486e-08 -1.02955e-09
65 -1.09139e-10 -6.08404e-08 2.90265e-09
66 -8.00355e-11 7.75835e-09 -5.16593e-10
67 -5.82077e-11 3.91535e-08 6.562e-10
68 1.16415e-10 -5.19246e-08 -7.34417e-10
69 9.45874e-11 1.97937e-08 5.71163e-10
70 -1.09139e-10 -1.33465e-08 -1.68166e-09
71 -2.91038e-11 3.28596e-08 5.68889e-10
72 -3.63798e-11 -4.23695e-09 -1.52795e-10
73 -1.23691e-10 -4.71209e-08 7.54881e-11
74 1.52795e-10 2.2574e-08 1.06411e-10
75 4.36557e-11 3.53176e-08 -6.04814e-11
76 0 -3.06373e-08 9.09495e-10
77 1.45519e-11 5.6005e-08 7.26686e-10
78 -1.23691e-10 -3.76347e-08 -1.27875e-09
79 6.54836e-11 2.08742e-09 1.14096e-09
80 -1.45519e-11 -7.75014e-10 -4.87034e-10
