26 1.2354 1.82996 4.00252e-09
27 -0.000518814 -2.45382e-05 4.65079e-08
28 -0.355011 -0.0255216 2.19209e-06
29 0.000500633 8.47301e-05 -3.84875e-08
30 2.91038e-11 -6.87495e-08 -2.34468e-09
31 -1.01863e-10 3.685e-08 6.87123e-10
32 2.18279e-11 -4.83531e-08 -2.12412e-09
33 1.45519e-11 8.0666e-08 -1.15142e-09
34 -1.16415e-10 -5.34845e-09 2.0168e-09
35 3.63798e-11 2.03138e-08 -1.16961e-09
36 -1.23691e-10 -1.23066e-07 1.33241e-10
37 1.45519e-11 7.53175e-08 -2.54158e-09
38 5.09317e-11 -6.12204e-08 2.98905e-09
39 5.82077e-11 -1.5172e-08 5.98902e-10
40 1.81899e-10 2.32696e-08 -1.32695e-09
41 2.91038e-11 -4.23122e-08 -3.75985e-09
42 -1.30967e-10 -3.02562e-08 2.50202e-09
43 -3.71074e-10 3.14758e-08 -5.74346e-10
44 2.98314e-10 -5.32261e-09 1.81763e-09
45 2.91038e-10 -2.0443e-08 1.59162e-10
46 -2.32831e-10 6.25794e-08 -1.30058e-10
47 1.45519e-11 8.28777e-08 -2.65618e-09
48 -2.61934e-10 -1.10953e-07 1.90676e-09
49 -2.54659e-10 8.51153e-08 1.17461e-09
50 2.98314e-10 1.58231e-08 -1.06047e-09
51 4.36557e-11 3.23129e-08 -4.20641e-10
52 5.82077e-11 -1.66138e-08 1.06502e-09
53 2.83762e-10 3.9191e-08 -8.20364e-10
54 -7.27596e-12 -5.21357e-08 -4.60204e-10
55 -2.25555e-10 -3.18426e-08 3.60797e-09
56 4.36557e-11 -5.21564e-08 -2.78351e-09
57 2.91038e-10 9.49285e-08 4.62933e-10
58 2.83762e-10 8.67327e-08 -1.31877e-10
59 -2.54659e-10 -8.8345e-08 -4.88399e-10
60 -2.83762e-10 -2.0412e-08 -2.61934e-10
61 2.18279e-11 3.15429e-08 2.85399e-09
62 2.18279e-11 1.43659e-09 -2.20552e-10
63 3.12866e-10 -4.52784e-08 -1.39244e-09
64 -2.11003e-10 -1.44176e-08 -1.4611e-09
65 -2.18279e-10 -6.85222e-09 -5.06589e-10
66 2.91038e-11 2.78481e-08 1.63891e-09
67 -2.32831e-10 -2.42411e-08 -6.13909e-11
68 2.98314e-10 3.8421e-08 -1.7917e-09
69 3.0559e-10 -1.58903e-08 3.11502e-10
70 2.83762e-10 -1.73734e-08 3.98359e-10
71 6.54836e-11 2.47837e-08 -4.72937e-11
72 0 -3.40544e-08 2.66482e-10
73 3.63798e-11 -3.92891e-08 9.51786e-10
74 -2.6921e-10 7.37518e-08 -2.62844e-10
75 2.98314e-10 -9.73211e-08 3.13321e-10
76 2.98314e-10 7.91209e-08 -6.3983e-10
77 2.18279e-11 -5.66677e-08 -3.72893e-10
78 2.54659e-10 -5.36395e-09 1.21872e-09
79 -2.61934e-10 8.28105e-08 -7.28505e-10
80 -2.32831e-10 -3.17445e-08 7.58519e-10
