26 0.198577 0.0681379 1.70206e-11
27 1.85371e-05 -2.91635e-05 -4.95129e-08
28 0.00912297 -0.0750496 -0.000118095
29 1.37611e-08 -1.07977e-08 -4.55111e-09
30 -5.32473e-08 1.41258e-08 1.85173e-09
31 8.21647e-08 -2.00451e-08 1.46701e-09
32 6.85532e-09 8.03607e-09 -1.5043e-09
33 -3.76335e-08 1.10884e-09 -4.62933e-10
34 4.0865e-08 -5.22488e-09 -3.61433e-09
35 -7.76208e-08 2.54914e-08 3.97267e-09
36 2.04782e-08 -1.01639e-08 -4.25825e-09
37 4.05244e-08 -1.20184e-09 3.2569e-09
38 -2.98678e-09 -1.09765e-08 -5.96629e-10
39 1.52791e-08 8.36735e-09 -9.08585e-10
40 5.43791e-08 -1.98035e-08 1.21872e-10
41 -7.82593e-08 1.90538e-08 1.47793e-09
42 -2.24891e-08 -4.38382e-09 -5.52973e-10
43 -1.23136e-08 4.86972e-09 1.30603e-09
44 5.16807e-08 -1.12209e-08 -2.04454e-09
45 -1.92649e-08 5.45987e-09 -1.45428e-09
46 3.75203e-08 6.87476e-09 1.8008e-10
47 2.5434e-09 -6.43689e-09 9.20409e-10
48 -3.69287e-08 8.69437e-09 1.30694e-09
49 5.65392e-08 -2.16817e-08 -3.43243e-09
50 1.24251e-08 -1.79911e-08 6.07542e-10
51 -3.55112e-09 1.63137e-08 9.16771e-10
52 9.51786e-09 -6.36135e-09 5.82077e-10
53 -3.43152e-09 1.32439e-09 8.89486e-10
54 7.06177e-09 5.45913e-09 8.33097e-10
55 -5.93504e-08 1.5734e-08 -1.57161e-09
56 3.80805e-09 -4.49182e-09 -6.98492e-10
57 5.52091e-08 -1.8532e-08 1.86265e-09
58 1.68784e-08 1.22003e-09 9.50422e-10
59 -1.8872e-10 8.72757e-09 2.91948e-09
60 5.35579e-08 -1.26497e-08 2.91038e-11
61 -3.50246e-08 9.13133e-10 -2.5484e-09
62 5.26347e-08 -1.29502e-08 1.22782e-09
63 -2.97355e-08 2.02874e-09 2.25828e-09
64 1.67424e-08 -9.17385e-09 -4.0618e-09
65 -6.57756e-08 2.35485e-08 -2.18279e-11
66 -6.02404e-09 7.27658e-09 -7.06677e-10
67 1.65542e-08 -8.85905e-09 4.80213e-10
68 1.26079e-08 -7.8519e-09 2.77396e-10
69 4.09927e-08 1.1027e-08 -1.06593e-09
70 6.63113e-09 -6.25289e-09 -1.06411e-10
71 -2.89178e-08 8.40771e-09 -3.71801e-09
72 2.49979e-08 -3.88269e-09 2.24009e-09
73 -1.03082e-08 -9.06016e-09 -1.64073e-09
74 -1.01982e-07 1.61905e-08 2.55022e-09
75 1.48175e-08 3.62922e-09 -4.75757e-09
76 -1.98579e-08 4.34198e-09 1.14233e-09
77 3.73589e-08 -7.4474e-09 5.74801e-10
78 6.39616e-08 -1.29029e-08 1.41881e-09
79 -6.12031e-08 -7.23827e-09 -4.06726e-09
80 4.03179e-09 2.4942e-08 5.37148e-09
