26 1.03759e-09 1.78412e-08 -2.20017e-08
27 7.09711e-07 0.000165206 -7.14976e-05
28 1.92526e-06 0.000125114 -5.49434e-05
29 6.00404e-07 -1.79514e-05 -6.71638e-06
30 7.84239e-07 -1.64477e-05 -6.79922e-06
31 1.16514e-06 -1.71449e-05 -6.78099e-06
32 1.21859e-06 -1.72138e-05 -6.75625e-06
33 1.23679e-06 -1.72647e-05 -6.75463e-06
34 1.2478e-06 -1.72954e-05 -6.75255e-06
35 1.26152e-06 -1.73208e-05 -6.75159e-06
36 1.2746e-06 -1.73412e-05 -6.75056e-06
37 1.28746e-06 -1.73597e-05 -6.74982e-06
38 1.30081e-06 -1.73745e-05 -6.74925e-06
39 1.31434e-06 -1.73878e-05 -6.74896e-06
40 1.32702e-06 -1.74007e-05 -6.74886e-06
41 1.34025e-06 -1.74109e-05 -6.74851e-06
42 1.35365e-06 -1.74193e-05 -6.74854e-06
43 1.36736e-06 -1.74267e-05 -6.74842e-06
44 1.38071e-06 -1.74341e-05 -6.74862e-06
45 1.39435e-06 -1.74407e-05 -6.74878e-06
46 1.40792e-06 -1.74461e-05 -6.74898e-06
47 1.42154e-06 -1.74515e-05 -6.74927e-06
48 1.43512e-06 -1.74566e-05 -6.74958e-06
49 1.44867e-06 -1.74608e-05 -6.74994e-06
50 1.46224e-06 -1.74648e-05 -6.75031e-06
51 1.47585e-06 -1.74683e-05 -6.75067e-06
52 1.48943e-06 -1.74721e-05 -6.75111e-06
53 1.503e-06 -1.74755e-05 -6.75155e-06
54 1.51663e-06 -1.74785e-05 -6.75199e-06
55 1.53005e-06 -1.74817e-05 -6.75248e-06
56 1.54359e-06 -1.74848e-05 -6.75297e-06
57 1.55716e-06 -1.74875e-05 -6.75344e-06
58 1.57082e-06 -1.74904e-05 -6.75392e-06
59 1.58448e-06 -1.74932e-05 -6.75433e-06
60 1.59805e-06 -1.74962e-05 -6.75485e-06
61 1.61167e-06 -1.74987e-05 -6.75534e-06
62 1.62528e-06 -1.75015e-05 -6.75581e-06
63 1.63888e-06 -1.7504e-05 -6.75633e-06
64 1.65248e-06 -1.75066e-05 -6.75685e-06
65 1.6661e-06 -1.7509e-05 -6.75736e-06
66 1.67969e-06 -1.75115e-05 -6.75787e-06
67 1.69331e-06 -1.75139e-05 -6.7584e-06
68 1.70691e-06 -1.75163e-05 -6.75892e-06
69 1.72052e-06 -1.75186e-05 -6.75945e-06
70 1.73412e-06 -1.7521e-05 -6.75997e-06
71 1.74774e-06 -1.75234e-05 -6.76049e-06
72 1.76134e-06 -1.75257e-05 -6.76102e-06
73 1.77496e-06 -1.7528e-05 -6.76155e-06
74 1.78858e-06 -1.75304e-05 -6.76208e-06
75 1.80218e-06 -1.75327e-05 -6.7626e-06
76 1.81578e-06 -1.7535e-05 -6.76313e-06
77 1.82938e-06 -1.75374e-05 -6.76366e-06
78 1.843e-06 -1.75397e-05 -6.76419e-06
79 1.8566e-06 -1.7542e-05 -6.76472e-06
80 1.8702e-06 -1.75443e-05 -6.76524e-06
