26 -0.306939 0.208553 -3.35421e-11
27 -6.30315e-06 6.09173e-06 -8.63838e-09
28 -0.00549479 -0.0679491 0.000102283
29 -4.56748e-09 5.82003e-09 3.09956e-09
30 -4.36289e-08 5.38557e-09 -2.95404e-09
31 -2.02122e-08 -1.84826e-09 -1.17234e-09
32 2.95831e-08 -3.59569e-09 9.54969e-11
33 -1.27056e-08 5.28877e-09 1.53159e-09
34 -1.32454e-08 -5.05025e-09 3.27418e-11
35 2.49102e-08 2.89072e-09 6.20275e-10
36 3.42561e-09 -5.56076e-09 -6.37556e-10
37 2.0148e-08 6.52983e-09 3.86535e-10
38 4.1257e-08 3.59279e-09 8.73115e-11
39 2.41303e-08 -1.09645e-09 -6.93035e-10
40 -5.09744e-08 2.95984e-10 -1.42154e-09
41 3.2243e-08 1.57524e-09 3.22416e-09
42 4.37326e-08 1.78808e-08 -1.27238e-09
43 -1.38607e-09 -7.17472e-09 1.86628e-09
44 -5.70844e-09 1.54448e-08 -4.05635e-10
45 -1.75651e-08 -8.90338e-09 -1.35697e-09
46 4.83119e-08 1.76941e-08 4.00178e-10
47 1.15342e-08 -3.7632e-09 -2.51566e-09
48 2.99406e-08 -3.01861e-09 7.98536e-10
49 -5.98557e-08 -1.47386e-08 9.49512e-10
50 1.92981e-08 2.58553e-08 -1.51886e-09
51 -3.03712e-08 -2.75291e-08 6.2937e-10
52 3.46795e-08 1.43863e-08 -1.42518e-09
53 -7.45654e-08 -2.26851e-09 -2.02363e-09
54 6.30562e-08 8.59688e-09 5.23869e-10
55 4.70372e-08 -3.7366e-09 -1.24965e-09
56 -7.04981e-08 2.81415e-09 -7.48514e-10
57 3.3152e-08 1.43913e-08 -1.9827e-10
58 -2.08265e-08 -8.9176e-10 2.96495e-10
59 2.01803e-08 8.17408e-11 1.12504e-09
60 -3.17814e-08 4.73148e-09 -9.04947e-10
61 -1.74764e-08 -1.11916e-08 1.25692e-09
62 3.39014e-09 3.2291e-09 -2.66846e-09
63 -6.42931e-08 -2.0043e-09 -4.6839e-10
64 6.69484e-08 2.5808e-09 2.53658e-09
65 1.46597e-08 -4.46687e-09 -2.70938e-09
66 -9.87616e-08 -5.76165e-09 1.37516e-09
67 3.59082e-08 1.00283e-08 -1.26965e-09
68 7.04531e-08 2.01873e-08 -2.78305e-10
69 -1.55346e-08 2.90652e-09 1.08594e-09
70 2.69984e-08 -8.02265e-09 -2.37014e-09
71 5.85865e-08 3.02211e-08 3.53884e-09
72 2.72585e-08 1.23597e-08 -3.56158e-09
73 -9.56925e-09 -8.71819e-09 1.20326e-09
74 -2.54554e-08 -9.2524e-10 3.20415e-09
75 1.27052e-08 -6.03444e-09 -2.48929e-09
76 2.92589e-08 9.7088e-09 4.62023e-09
77 -1.02546e-09 7.36304e-09 -4.59386e-09
78 2.25964e-09 -1.67734e-09 2.32649e-09
79 -3.61351e-08 -2.44291e-08 -1.13141e-09
80 1.3813e-08 -1.90319e-08 -2.09184e-10
