26 0.052663 -0.118813 -3.77409e-12
27 -1.39547e-05 -1.16879e-05 -3.15331e-08
28 0.00878543 0.00479918 1.64538e-05
29 -1.50312e-08 7.35238e-08 -5.15365e-09
30 5.63773e-08 -1.07077e-07 1.63118e-09
31 -7.05022e-08 1.21772e-07 -2.10116e-09
32 7.86786e-08 -1.26354e-07 -3.91037e-09
33 -1.74605e-08 2.25491e-08 -3.02543e-09
34 -3.57936e-08 4.01692e-08 3.54498e-09
35 2.31721e-08 -3.30206e-08 -4.42196e-09
36 -3.20442e-08 7.16686e-08 7.77845e-09
37 -3.07969e-08 4.14836e-08 -5.23119e-09
38 -6.97219e-09 1.13096e-08 8.66294e-09
39 6.02249e-08 -8.11228e-08 -2.69688e-09
40 -3.63034e-08 5.15022e-08 -3.683e-09
41 3.78341e-08 -6.48288e-08 4.4231e-09
42 -1.18666e-08 9.19863e-09 -7.44467e-09
43 -5.23346e-08 9.11662e-08 5.47925e-09
44 4.77876e-08 -7.42343e-08 -1.99498e-09
45 -2.68305e-08 3.09985e-08 6.79711e-09
46 1.37516e-08 1.19489e-08 -7.23412e-09
47 -7.0615e-08 8.96648e-08 1.07457e-09
48 4.01228e-08 -6.27992e-08 -2.16005e-09
49 1.62049e-08 -2.18886e-08 6.64932e-09
50 -5.5938e-08 1.14945e-07 -3.76258e-09
51 4.35753e-08 -7.78205e-08 5.05179e-09
52 3.94853e-08 -8.3236e-08 -4.91173e-09
53 -3.11666e-08 5.96804e-08 3.1182e-09
54 -3.41824e-08 6.39545e-08 -1.40199e-09
55 2.24659e-08 -3.73693e-08 1.18916e-09
56 -6.93412e-08 8.42615e-08 3.07637e-10
57 3.062e-08 -2.98517e-08 -3.07409e-09
58 1.20967e-08 -1.85416e-08 2.95972e-09
59 -2.26946e-08 3.18755e-08 -1.85605e-09
60 2.96081e-08 -5.46145e-08 5.80553e-09
61 -1.26574e-08 4.73769e-08 -4.65275e-09
62 -5.3622e-08 7.12562e-08 1.14824e-10
63 8.36694e-08 -1.28936e-07 1.69121e-09
64 2.78064e-08 -5.88088e-08 -8.30141e-10
65 -4.52847e-08 8.57178e-08 1.88379e-09
66 -5.59598e-08 1.04856e-07 -2.58797e-09
67 -4.8175e-08 7.2107e-08 -2.87673e-09
68 7.25795e-08 -1.09578e-07 -3.04044e-09
69 -4.57921e-08 8.70898e-08 6.64409e-09
70 1.06752e-08 -2.66714e-08 -8.73115e-10
71 3.7644e-08 -7.3165e-08 -9.18203e-09
72 -3.29765e-08 6.88183e-08 4.45448e-09
73 2.41002e-08 -4.96657e-08 5.67616e-09
74 1.95773e-08 -2.34313e-08 -1.51385e-09
75 -3.07296e-08 4.13033e-08 -2.45109e-10
76 -1.03591e-08 6.5827e-09 1.39289e-09
77 1.67925e-08 -2.25064e-08 2.08775e-09
78 7.42511e-09 -2.55397e-08 -8.81118e-09
79 1.34041e-08 -1.01932e-09 -4.93856e-10
80 1.69412e-08 -4.97141e-08 7.91033e-10
