26 -0.319056 -2.42805 1.29226e-10
27 -0.000701706 -1.0146e-05 -4.82561e-06
28 -0.129717 0.0567286 9.786e-05
29 2.10317e-05 -2.74097e-05 2.79213e-07
30 9.45874e-11 -8.53083e-09 6.20275e-10
31 -1.09139e-10 3.661e-09 -9.5406e-10
32 -1.16415e-10 -1.22839e-08 3.01952e-10
33 7.27596e-11 1.76833e-08 -6.61657e-10
34 7.27596e-11 4.56186e-09 -9.30413e-10
35 -8.73115e-11 -2.88966e-09 1.31422e-09
36 8.73115e-11 -1.0275e-09 -4.63388e-10
37 -5.82077e-11 7.86598e-09 -5.125e-10
38 8.00355e-11 1.67566e-08 1.23509e-09
39 6.54836e-11 3.61783e-09 -2.56068e-09
40 -7.27596e-11 1.77294e-09 9.40872e-10
41 8.00355e-11 -1.88404e-08 3.04681e-10
42 -6.54836e-11 6.38373e-09 6.95763e-10
43 2.47383e-10 1.86043e-08 -1.72076e-09
44 -8.73115e-11 -2.20668e-08 -4.37467e-10
45 7.27596e-11 4.76506e-08 4.73847e-10
46 -6.54836e-11 -5.2555e-09 -1.71713e-09
47 5.82077e-11 -2.4447e-08 6.68479e-10
48 -8.73115e-11 -2.92995e-09 -6.8394e-10
49 -1.01863e-10 6.87014e-09 -6.95763e-11
50 -6.54836e-11 -1.51275e-08 -3.90173e-10
51 5.82077e-11 2.70575e-08 1.7817e-09
52 5.09317e-11 -1.46555e-08 -5.88443e-10
53 -7.27596e-11 1.91051e-08 1.50885e-09
54 -8.00355e-11 -1.46584e-08 -2.51202e-09
55 -8.73115e-11 1.11183e-08 9.43601e-10
56 -8.73115e-11 -2.20754e-08 -1.54523e-09
57 -8.73115e-11 9.71375e-09 -3.91083e-10
58 -5.82077e-11 5.05115e-09 4.99767e-10
59 4.36557e-11 1.02174e-08 6.41194e-10
60 -8.00355e-11 -7.14356e-09 2.29829e-09
61 2.03727e-10 -4.76621e-09 -2.46291e-09
62 8.00355e-11 8.75533e-09 -1.93722e-10
63 -4.36557e-11 1.34812e-08 1.50703e-09
64 7.27596e-11 -1.32337e-08 -3.41061e-10
65 8.73115e-11 1.78733e-09 -1.17916e-09
66 1.01863e-10 1.58039e-08 6.94854e-10
67 -8.00355e-11 7.88037e-09 1.7917e-10
68 -8.00355e-11 -9.43745e-09 1.43154e-09
69 -1.45519e-10 1.02117e-08 -9.81345e-10
70 -7.27596e-11 -4.26973e-08 5.48425e-10
71 2.18279e-11 3.68662e-08 2.75577e-10
72 -1.45519e-11 -3.99545e-08 -1.79489e-09
73 7.27596e-11 9.22734e-09 1.70439e-09
74 -8.73115e-11 1.15874e-08 -7.58973e-10
75 -1.09139e-10 2.23632e-09 1.6048e-09
76 7.27596e-11 1.25516e-08 -1.15597e-09
77 -7.27596e-11 -4.77772e-09 -6.35737e-10
78 -1.45519e-11 -2.8675e-08 4.97039e-10
79 8.00355e-11 -9.01436e-09 -1.02864e-09
80 7.27596e-12 6.01821e-09 -7.59883e-10
