26 -8.47251e-09 -3.80151e-08 -3.2982e-09
27 -6.6335e-05 -1.02584e-05 -6.14234e-06
28 -5.142e-05 -6.15579e-06 -5.03679e-06
29 -2.48949e-05 -4.22487e-05 -2.61803e-06
30 -2.52003e-05 -4.05482e-05 -2.54119e-06
31 -2.48048e-05 -4.15606e-05 -2.59032e-06
32 -2.46031e-05 -4.14924e-05 -2.58126e-06
33 -2.45837e-05 -4.15355e-05 -2.5793e-06
34 -2.4563e-05 -4.15645e-05 -2.57894e-06
35 -2.45446e-05 -4.1588e-05 -2.57838e-06
36 -2.45269e-05 -4.16104e-05 -2.5782e-06
37 -2.45104e-05 -4.16293e-05 -2.57788e-06
38 -2.44945e-05 -4.16477e-05 -2.57781e-06
39 -2.44791e-05 -4.16629e-05 -2.57767e-06
40 -2.44655e-05 -4.1678e-05 -2.57754e-06
41 -2.44509e-05 -4.16939e-05 -2.57763e-06
42 -2.44371e-05 -4.17057e-05 -2.57762e-06
43 -2.44226e-05 -4.17184e-05 -2.57773e-06
44 -2.44095e-05 -4.17298e-05 -2.57777e-06
45 -2.43961e-05 -4.1741e-05 -2.57786e-06
46 -2.43829e-05 -4.1751e-05 -2.57797e-06
47 -2.437e-05 -4.17613e-05 -2.5781e-06
48 -2.43571e-05 -4.17712e-05 -2.57824e-06
49 -2.43445e-05 -4.17801e-05 -2.57836e-06
50 -2.4332e-05 -4.17891e-05 -2.57851e-06
51 -2.43193e-05 -4.17978e-05 -2.57868e-06
52 -2.43069e-05 -4.18064e-05 -2.57883e-06
53 -2.42946e-05 -4.18147e-05 -2.57899e-06
54 -2.42822e-05 -4.18231e-05 -2.57918e-06
55 -2.42703e-05 -4.18314e-05 -2.57937e-06
56 -2.42582e-05 -4.18397e-05 -2.57956e-06
57 -2.42459e-05 -4.18478e-05 -2.57975e-06
58 -2.42337e-05 -4.18561e-05 -2.57998e-06
59 -2.42212e-05 -4.18646e-05 -2.58021e-06
60 -2.4209e-05 -4.18727e-05 -2.58041e-06
61 -2.41968e-05 -4.18805e-05 -2.58062e-06
62 -2.41845e-05 -4.18888e-05 -2.58086e-06
63 -2.41724e-05 -4.18966e-05 -2.58108e-06
64 -2.41602e-05 -4.19043e-05 -2.58129e-06
65 -2.41481e-05 -4.1912e-05 -2.58151e-06
66 -2.41359e-05 -4.19197e-05 -2.58173e-06
67 -2.41237e-05 -4.19273e-05 -2.58196e-06
68 -2.41115e-05 -4.19348e-05 -2.58219e-06
69 -2.40994e-05 -4.19424e-05 -2.58241e-06
70 -2.40872e-05 -4.19499e-05 -2.58264e-06
71 -2.4075e-05 -4.19574e-05 -2.58287e-06
72 -2.40628e-05 -4.19649e-05 -2.58311e-06
73 -2.40506e-05 -4.19723e-05 -2.58334e-06
74 -2.40384e-05 -4.19798e-05 -2.58358e-06
75 -2.40262e-05 -4.19872e-05 -2.58381e-06
76 -2.4014e-05 -4.19945e-05 -2.58405e-06
77 -2.40018e-05 -4.20019e-05 -2.58429e-06
78 -2.39896e-05 -4.20093e-05 -2.58453e-06
79 -2.39773e-05 -4.20166e-05 -2.58477e-06
80 -2.39651e-05 -4.2024e-05 -2.58501e-06
