26 -3.62564 -6.75302 6.62648e-10
27 0.000125081 3.32722e-05 -1.34661e-05
28 0.0162233 0.0354228 0.000698514
29 -5.31378e-07 -1.86044e-06 -6.6002e-08
30 8.73115e-11 2.40585e-08 -1.854e-09
31 -2.18279e-10 5.79951e-09 3.39969e-09
32 1.01863e-10 -4.00954e-08 -1.36333e-09
33 -6.54836e-11 4.04208e-08 1.96724e-09
34 -7.27596e-11 -2.15569e-09 6.59838e-10
35 4.36557e-11 1.28222e-08 -2.2269e-09
36 7.27596e-11 -3.91284e-08 9.32232e-10
37 -2.18279e-10 1.57151e-09 -7.67614e-10
38 5.82077e-11 1.23473e-08 -3.76076e-10
39 2.11003e-10 -1.62183e-08 1.62163e-09
40 6.54836e-11 -5.44253e-09 -1.04092e-09
41 9.45874e-11 7.64728e-09 2.67391e-10
42 -8.00355e-11 -2.55665e-08 5.87079e-10
43 8.00355e-11 1.79395e-08 -7.26686e-10
44 8.00355e-11 9.04031e-09 9.3678e-11
45 -8.00355e-11 -1.05512e-08 -7.2032e-10
46 -8.00355e-11 -4.04663e-09 1.03137e-09
47 9.45874e-11 2.26396e-08 -4.01087e-10
48 2.6921e-10 -1.62126e-08 -1.36151e-09
49 -8.73115e-11 -5.45404e-09 1.20463e-09
50 8.73115e-11 3.24943e-08 1.17689e-09
51 8.00355e-11 -1.52628e-08 -1.38425e-09
52 -4.36557e-11 -1.24508e-08 -9.19499e-10
53 -3.56522e-10 6.70901e-09 1.96769e-09
54 -4.00178e-10 -1.06146e-08 5.37057e-10
55 -7.27596e-11 2.86923e-08 -3.1132e-09
56 8.00355e-11 -1.94764e-08 1.13005e-09
57 8.00355e-11 2.73367e-08 -8.20364e-10
58 7.27596e-11 -2.23257e-08 1.39653e-09
59 5.09317e-11 1.28308e-08 -5.99357e-10
60 5.82077e-11 -4.4985e-09 -1.38516e-09
61 7.27596e-11 -1.70382e-09 9.29504e-10
62 8.73115e-11 1.23559e-08 6.68479e-11
63 8.73115e-11 -1.29372e-08 -8.94488e-10
64 3.85626e-10 -9.70507e-09 1.98588e-09
65 7.27596e-11 2.07572e-08 3.89264e-10
66 6.54836e-11 -1.0108e-08 -2.17733e-09
67 8.73115e-11 -4.03224e-09 8.29459e-10
68 3.71074e-10 -5.90016e-09 -1.04228e-09
69 -2.40107e-10 1.33086e-08 -9.19499e-10
70 -2.47383e-10 -1.01425e-08 3.14867e-09
71 1.01863e-10 1.04938e-08 -9.44056e-10
72 1.01863e-10 -6.84707e-09 1.93268e-10
73 -2.25555e-10 1.27992e-08 -9.91804e-10
74 -2.18279e-10 -1.52455e-08 -1.28557e-09
75 6.54836e-11 2.03284e-08 1.00226e-09
76 3.56522e-10 -1.38323e-08 9.49512e-10
77 7.27596e-11 -1.62183e-08 5.12046e-10
78 6.54836e-11 -2.50859e-08 -1.45883e-09
79 -1.89175e-10 2.40383e-08 -1.26329e-09
80 8.00355e-11 -2.0406e-08 1.35333e-09
