26 -0.00607589 -0.0287031 6.15824e-12
27 -2.14164e-06 4.87339e-07 1.05483e-08
28 0.00616602 -0.0039509 8.87785e-06
29 -1.65364e-08 1.13081e-07 7.63839e-09
30 -4.35375e-09 5.30864e-08 -3.16231e-09
31 -2.9645e-09 3.99908e-08 2.78214e-09
32 -2.33417e-08 1.46662e-07 8.89486e-10
33 4.82241e-08 -3.66068e-07 -8.77117e-09
34 3.68891e-09 -2.54865e-08 5.48789e-09
35 -3.14958e-09 4.89759e-08 8.26776e-09
36 -2.01576e-08 1.34433e-07 -1.04878e-08
37 -1.60062e-08 1.58038e-07 1.26793e-08
38 3.17227e-08 -2.72242e-07 -1.58961e-08
39 -4.61714e-08 3.22715e-07 3.49564e-09
40 1.0058e-07 -3.2503e-07 -2.40607e-09
41 -4.41814e-08 -5.15619e-08 2.48383e-09
42 -1.69007e-08 9.92675e-08 6.14818e-10
43 2.33285e-10 4.05684e-08 1.44437e-08
44 1.59653e-08 -1.22478e-07 -4.15093e-09
45 3.54003e-08 -2.87743e-07 1.19667e-08
46 -2.12412e-08 1.64987e-07 -1.21222e-08
47 -3.07623e-08 2.03406e-07 -4.87489e-10
48 2.55081e-08 -1.62553e-07 2.68801e-09
49 -1.08071e-08 8.13458e-08 1.09926e-08
50 -9.36279e-09 7.01348e-08 -6.11863e-09
51 2.0168e-09 -1.94785e-08 -1.135e-08
52 -6.35191e-09 4.91619e-08 5.33191e-09
53 -1.94382e-08 1.30565e-07 1.11868e-10
54 2.5489e-08 -1.87947e-07 1.54614e-11
55 2.97109e-08 -1.98107e-07 1.26602e-09
56 -2.81343e-08 1.80965e-07 6.78483e-09
57 2.25959e-08 -1.68391e-07 -7.77982e-09
58 -4.14288e-08 3.3698e-07 8.72024e-09
59 4.54129e-08 -3.441e-07 1.52477e-09
60 -1.52249e-09 -1.30998e-08 -1.87715e-08
61 -3.14844e-08 2.97768e-07 2.51093e-08
62 2.9122e-08 -2.40998e-07 -1.43368e-08
63 -7.41238e-10 -1.61511e-08 -1.93131e-09
64 -3.12552e-08 2.45151e-07 1.68502e-08
65 1.63791e-08 -1.287e-07 -1.44073e-08
66 4.83396e-09 -2.27382e-08 5.26779e-09
67 -9.44874e-09 6.27851e-08 -4.53792e-09
68 -1.17843e-08 8.57476e-08 -1.25028e-08
69 -2.02226e-09 1.07249e-08 1.62936e-08
70 -1.70517e-08 1.52165e-07 -1.00317e-09
71 -3.92643e-08 2.59979e-07 -1.33709e-08
72 6.95713e-08 -4.98055e-07 8.79118e-09
73 -5.38998e-08 4.23806e-07 7.02585e-09
74 1.91862e-08 -1.13756e-07 6.43013e-09
75 -1.61049e-08 7.40092e-08 -4.14821e-09
76 3.90332e-08 -2.74716e-07 2.08684e-09
77 -4.42014e-10 -1.1041e-08 -4.39741e-10
78 -2.18738e-08 1.85081e-07 -7.16591e-09
79 1.27111e-08 -1.03658e-07 -3.26781e-09
80 2.64663e-09 -2.96464e-08 8.12452e-09
