26 1.22442 15.3427 4.25464e-09
27 -0.000420293 -1.32874e-05 2.53884e-07
28 -0.235874 -0.0258216 -6.25361e-06
29 0.000200043 5.35502e-05 -2.27956e-08
30 1.23691e-10 2.81234e-09 5.6707e-10
31 -4.07454e-10 5.04443e-08 3.24962e-09
32 2.54659e-10 -1.87301e-08 4.4929e-10
33 -4.65661e-10 -9.33968e-08 1.74077e-09
34 8.00355e-11 8.65525e-08 -2.7535e-09
35 -1.81899e-10 -7.52223e-08 5.31873e-09
36 2.91038e-10 -2.74611e-09 -2.58478e-09
37 -2.18279e-11 9.51134e-09 -6.18456e-10
38 -8.73115e-11 -5.55492e-08 -1.44564e-09
39 2.18279e-11 -3.80746e-08 -1.18416e-09
40 -2.18279e-11 5.38569e-09 3.78941e-09
41 -2.98314e-10 7.63748e-09 -6.30189e-09
42 4.36557e-11 -8.29354e-09 6.82303e-09
43 1.52795e-10 1.90665e-08 -1.10504e-10
44 -1.67347e-10 4.23866e-08 -2.93767e-10
45 -2.11003e-10 -1.77374e-08 -3.11411e-09
46 -8.00355e-11 -4.72499e-08 1.68893e-09
47 8.73115e-11 4.63273e-09 -2.59206e-09
48 0 9.25469e-08 1.34196e-09
49 -1.38243e-10 -4.29257e-08 -8.87212e-10
50 0 -1.18792e-07 -1.20053e-10
51 3.20142e-10 7.23079e-08 -3.44016e-09
52 1.01863e-10 -8.85239e-08 1.46065e-09
53 -1.45519e-11 -3.54572e-08 -3.91765e-09
54 -4.36557e-11 9.73284e-08 6.92626e-09
55 -1.45519e-11 6.69497e-08 -2.71302e-09
56 -1.30967e-10 -1.24323e-07 -6.32554e-10
57 3.12866e-10 8.98144e-08 -1.48339e-09
58 4.43833e-10 -5.40912e-08 -1.46701e-09
59 1.09139e-10 -3.97423e-08 3.6016e-09
60 -7.27596e-11 2.06888e-08 2.48292e-10
61 -1.45519e-11 7.39738e-08 1.70076e-10
62 -1.45519e-11 3.98218e-08 -1.64755e-09
63 8.73115e-11 1.37148e-08 2.35195e-09
64 -2.03727e-10 2.76409e-08 -5.83896e-10
65 0 -5.82218e-08 1.62481e-09
66 -1.89175e-10 -2.8628e-08 -4.18368e-11
67 -1.45519e-11 -5.70216e-08 -4.53474e-09
68 -4.36557e-11 6.94538e-08 4.68026e-09
69 -2.25555e-10 -5.83668e-09 -1.55524e-10
70 2.18279e-11 7.81762e-08 -4.26098e-09
71 8.73115e-11 -9.67858e-08 -3.5925e-10
72 1.30967e-10 6.73329e-08 -9.54969e-10
73 1.45519e-11 4.95763e-08 -9.67248e-10
74 3.63798e-11 2.20341e-08 2.58524e-09
75 2.18279e-11 1.70736e-08 -1.00772e-09
76 0 8.37244e-09 3.5825e-09
77 1.81899e-10 2.60588e-08 -4.62751e-09
78 1.45519e-11 -2.00477e-09 3.15595e-10
79 -6.54836e-11 3.02865e-08 -1.18644e-09
80 -1.38243e-10 -2.11311e-08 1.69894e-09
