26 1.94507e-09 -4.8142e-08 -5.85559e-11
27 2.62194e-06 -6.372e-05 1.5033e-05
28 4.015e-06 -5.08357e-05 1.1563e-05
29 4.30448e-06 -6.40433e-05 6.45115e-06
30 4.13976e-06 -6.2825e-05 6.43768e-06
31 4.81778e-06 -6.37718e-05 6.55048e-06
32 4.84336e-06 -6.36055e-05 6.50041e-06
33 4.8568e-06 -6.36459e-05 6.49943e-06
34 4.8678e-06 -6.36643e-05 6.49785e-06
35 4.88001e-06 -6.36826e-05 6.49669e-06
36 4.89287e-06 -6.36983e-05 6.49629e-06
37 4.90486e-06 -6.37123e-05 6.49568e-06
38 4.91803e-06 -6.37256e-05 6.49575e-06
39 4.93106e-06 -6.37376e-05 6.49562e-06
40 4.94306e-06 -6.37501e-05 6.4956e-06
41 4.95637e-06 -6.37614e-05 6.49617e-06
42 4.96951e-06 -6.3771e-05 6.49646e-06
43 4.98341e-06 -6.37803e-05 6.49705e-06
44 4.99655e-06 -6.379e-05 6.49749e-06
45 5.01015e-06 -6.37992e-05 6.49807e-06
46 5.02374e-06 -6.38075e-05 6.49865e-06
47 5.03744e-06 -6.38163e-05 6.49932e-06
48 5.05107e-06 -6.38248e-05 6.49998e-06
49 5.06462e-06 -6.38327e-05 6.50065e-06
50 5.07826e-06 -6.38405e-05 6.50136e-06
51 5.09204e-06 -6.3848e-05 6.50214e-06
52 5.10569e-06 -6.38558e-05 6.50284e-06
53 5.11933e-06 -6.38634e-05 6.50358e-06
54 5.13317e-06 -6.38709e-05 6.50439e-06
55 5.14672e-06 -6.38786e-05 6.5052e-06
56 5.16041e-06 -6.38863e-05 6.506e-06
57 5.17418e-06 -6.38935e-05 6.50682e-06
58 5.18815e-06 -6.39011e-05 6.50768e-06
59 5.20216e-06 -6.39085e-05 6.50855e-06
60 5.21597e-06 -6.39161e-05 6.50935e-06
61 5.22985e-06 -6.39234e-05 6.51018e-06
62 5.24381e-06 -6.39308e-05 6.51104e-06
63 5.25771e-06 -6.39381e-05 6.51187e-06
64 5.27159e-06 -6.39454e-05 6.51269e-06
65 5.28551e-06 -6.39526e-05 6.51351e-06
66 5.29942e-06 -6.39597e-05 6.51433e-06
67 5.31337e-06 -6.39669e-05 6.51516e-06
68 5.32731e-06 -6.3974e-05 6.51598e-06
69 5.34126e-06 -6.39811e-05 6.5168e-06
70 5.35521e-06 -6.39882e-05 6.51761e-06
71 5.3692e-06 -6.39953e-05 6.51843e-06
72 5.38317e-06 -6.40024e-05 6.51924e-06
73 5.39717e-06 -6.40095e-05 6.52005e-06
74 5.41119e-06 -6.40166e-05 6.52086e-06
75 5.42519e-06 -6.40236e-05 6.52167e-06
76 5.43919e-06 -6.40307e-05 6.52247e-06
77 5.45322e-06 -6.40377e-05 6.52328e-06
78 5.46726e-06 -6.40447e-05 6.52407e-06
79 5.48129e-06 -6.40517e-05 6.52487e-06
80 5.49533e-06 -6.40587e-05 6.52567e-06
