26 1.08791e-09 3.18414e-08 -4.58142e-09
27 3.41843e-07 0.000231918 -5.19328e-05
28 1.54302e-06 0.000176917 -4.10511e-05
29 1.13541e-07 -1.23841e-05 -3.81118e-06
30 2.99535e-07 -1.07879e-05 -3.90106e-06
31 6.80954e-07 -1.15171e-05 -3.86033e-06
32 7.34392e-07 -1.16053e-05 -3.84847e-06
33 7.52683e-07 -1.16574e-05 -3.84789e-06
34 7.63787e-07 -1.169e-05 -3.84633e-06
35 7.77568e-07 -1.17163e-05 -3.84576e-06
36 7.90706e-07 -1.17376e-05 -3.84482e-06
37 8.03626e-07 -1.17569e-05 -3.84426e-06
38 8.1702e-07 -1.17723e-05 -3.84361e-06
39 8.30588e-07 -1.1786e-05 -3.84331e-06
40 8.43307e-07 -1.1799e-05 -3.84315e-06
41 8.5656e-07 -1.18096e-05 -3.84253e-06
42 8.69996e-07 -1.18182e-05 -3.84239e-06
43 8.83739e-07 -1.18258e-05 -3.84198e-06
44 8.97117e-07 -1.18332e-05 -3.84194e-06
45 9.10791e-07 -1.18397e-05 -3.84181e-06
46 9.2438e-07 -1.18451e-05 -3.84172e-06
47 9.38026e-07 -1.18503e-05 -3.84168e-06
48 9.51627e-07 -1.18553e-05 -3.84167e-06
49 9.6521e-07 -1.18593e-05 -3.8417e-06
50 9.78802e-07 -1.18631e-05 -3.84172e-06
51 9.92436e-07 -1.18664e-05 -3.8417e-06
52 1.00603e-06 -1.18699e-05 -3.8418e-06
53 1.01963e-06 -1.1873e-05 -3.84188e-06
54 1.03327e-06 -1.18758e-05 -3.84192e-06
55 1.04672e-06 -1.18787e-05 -3.84203e-06
56 1.06027e-06 -1.18815e-05 -3.84213e-06
57 1.07387e-06 -1.18839e-05 -3.8422e-06
58 1.08754e-06 -1.18865e-05 -3.84227e-06
59 1.10121e-06 -1.18891e-05 -3.84227e-06
60 1.11481e-06 -1.18917e-05 -3.84239e-06
61 1.12844e-06 -1.1894e-05 -3.84248e-06
62 1.14207e-06 -1.18964e-05 -3.84254e-06
63 1.15569e-06 -1.18987e-05 -3.84265e-06
64 1.16931e-06 -1.19009e-05 -3.84276e-06
65 1.18294e-06 -1.1903e-05 -3.84287e-06
66 1.19655e-06 -1.19051e-05 -3.84298e-06
67 1.21019e-06 -1.19072e-05 -3.8431e-06
68 1.22381e-06 -1.19092e-05 -3.84322e-06
69 1.23743e-06 -1.19113e-05 -3.84334e-06
70 1.25105e-06 -1.19133e-05 -3.84346e-06
71 1.26468e-06 -1.19153e-05 -3.84358e-06
72 1.2783e-06 -1.19173e-05 -3.8437e-06
73 1.29194e-06 -1.19193e-05 -3.84383e-06
74 1.30557e-06 -1.19213e-05 -3.84395e-06
75 1.31919e-06 -1.19233e-05 -3.84408e-06
76 1.3328e-06 -1.19253e-05 -3.8442e-06
77 1.34643e-06 -1.19273e-05 -3.84433e-06
78 1.36005e-06 -1.19293e-05 -3.84445e-06
79 1.37367e-06 -1.19312e-05 -3.84458e-06
80 1.38729e-06 -1.19332e-05 -3.8447e-06
