26 2.19652e-09 -4.62257e-08 -6.89469e-10
27 -3.76363e-06 -7.37377e-05 -9.71301e-06
28 -9.02418e-07 -5.75327e-05 -8.05493e-06
29 1.54456e-06 -6.88987e-05 -3.9325e-06
30 1.38636e-06 -6.74666e-05 -4.03236e-06
31 2.01499e-06 -6.86566e-05 -4.01802e-06
32 2.06209e-06 -6.84321e-05 -3.99871e-06
33 2.07596e-06 -6.84709e-05 -3.99846e-06
34 2.08763e-06 -6.849e-05 -3.99652e-06
35 2.10035e-06 -6.85078e-05 -3.9956e-06
36 2.11338e-06 -6.85249e-05 -3.99439e-06
37 2.12564e-06 -6.85393e-05 -3.99354e-06
38 2.13879e-06 -6.85543e-05 -3.99264e-06
39 2.15188e-06 -6.8567e-05 -3.99208e-06
40 2.16388e-06 -6.85803e-05 -3.99165e-06
41 2.17696e-06 -6.8594e-05 -3.99084e-06
42 2.18998e-06 -6.86048e-05 -3.99047e-06
43 2.20363e-06 -6.86162e-05 -3.98987e-06
44 2.21659e-06 -6.86272e-05 -3.98961e-06
45 2.22995e-06 -6.8638e-05 -3.98927e-06
46 2.2433e-06 -6.86478e-05 -3.98898e-06
47 2.25671e-06 -6.86583e-05 -3.98874e-06
48 2.27006e-06 -6.86684e-05 -3.98853e-06
49 2.28333e-06 -6.86778e-05 -3.98836e-06
50 2.29667e-06 -6.86872e-05 -3.98819e-06
51 2.31013e-06 -6.86965e-05 -3.98799e-06
52 2.32347e-06 -6.87058e-05 -3.98789e-06
53 2.33681e-06 -6.87149e-05 -3.98778e-06
54 2.3503e-06 -6.87241e-05 -3.98764e-06
55 2.36351e-06 -6.87334e-05 -3.98756e-06
56 2.37686e-06 -6.87427e-05 -3.98747e-06
57 2.39029e-06 -6.87517e-05 -3.98736e-06
58 2.40389e-06 -6.8761e-05 -3.98725e-06
59 2.41753e-06 -6.87703e-05 -3.98708e-06
60 2.431e-06 -6.87795e-05 -3.98702e-06
61 2.44453e-06 -6.87884e-05 -3.98693e-06
62 2.45813e-06 -6.87976e-05 -3.98681e-06
63 2.47168e-06 -6.88065e-05 -3.98674e-06
64 2.48521e-06 -6.88154e-05 -3.98668e-06
65 2.49878e-06 -6.88242e-05 -3.98661e-06
66 2.51235e-06 -6.8833e-05 -3.98655e-06
67 2.52594e-06 -6.88418e-05 -3.98649e-06
68 2.53953e-06 -6.88505e-05 -3.98643e-06
69 2.55314e-06 -6.88592e-05 -3.98638e-06
70 2.56675e-06 -6.88679e-05 -3.98632e-06
71 2.58038e-06 -6.88766e-05 -3.98627e-06
72 2.59402e-06 -6.88853e-05 -3.98622e-06
73 2.60767e-06 -6.88939e-05 -3.98617e-06
74 2.62135e-06 -6.89026e-05 -3.98612e-06
75 2.63501e-06 -6.89112e-05 -3.98608e-06
76 2.64867e-06 -6.89198e-05 -3.98603e-06
77 2.66235e-06 -6.89284e-05 -3.98599e-06
78 2.67606e-06 -6.89369e-05 -3.98594e-06
79 2.68975e-06 -6.89455e-05 -3.9859e-06
80 2.70345e-06 -6.8954e-05 -3.98585e-06
