26 0.258314 0.0209315 8.04823e-12
27 1.7367e-05 -3.52505e-05 -5.02478e-08
28 0.000585766 -0.0555157 -0.000118419
29 1.4992e-07 -8.7224e-09 -5.97538e-10
30 -8.18545e-12 -1.35853e-08 1.00044e-09
31 -1.31554e-08 6.5703e-09 -6.20275e-10
32 3.53698e-08 -3.11616e-10 2.42835e-10
33 -3.90819e-08 1.03926e-08 -1.60253e-09
34 2.67896e-08 -3.22905e-09 6.49379e-10
35 4.20264e-08 -1.49706e-08 2.14641e-10
36 2.31648e-08 -1.08483e-08 -2.91948e-10
37 -7.95171e-09 5.93718e-09 5.92081e-10
38 2.2239e-08 -2.2683e-08 3.10138e-10
39 -7.00493e-09 1.34052e-08 7.36691e-10
40 -8.68931e-09 -1.36714e-08 1.44883e-09
41 -1.40244e-08 8.28823e-09 1.59343e-09
42 -2.04332e-08 6.05871e-09 -3.71256e-09
43 -4.2809e-08 1.38361e-08 -1.00499e-09
44 -4.69936e-09 3.59591e-09 -1.92813e-09
45 1.19489e-08 8.92237e-09 -1.6571e-09
46 1.10535e-08 -2.01967e-08 -3.04681e-10
47 7.6122e-08 -2.22271e-08 -3.91992e-10
48 -5.19326e-08 1.80339e-08 -2.44199e-09
49 2.12212e-08 -1.71678e-09 -1.94632e-10
50 -2.26382e-08 -8.18306e-09 1.99816e-09
51 1.45892e-08 -9.55811e-09 -4.83851e-10
52 3.9262e-08 -1.35028e-08 -1.28148e-09
53 2.71516e-08 -5.90228e-09 -2.39015e-09
54 -1.95614e-08 5.29246e-09 7.36691e-11
55 3.6885e-08 -8.66692e-09 1.37788e-09
56 1.60389e-08 -1.21918e-08 4.19277e-10
57 2.89556e-08 -1.66366e-08 -5.42059e-10
58 9.29049e-10 -1.75976e-09 -1.26238e-09
59 1.55978e-09 1.0839e-08 1.42063e-09
60 -2.7344e-09 -1.34191e-08 1.94632e-10
61 1.96846e-08 -2.87503e-09 -9.46784e-10
62 -4.56112e-08 1.50515e-08 9.10404e-10
63 3.06886e-08 -1.89928e-08 -2.58024e-09
64 -4.06458e-08 1.92293e-08 2.5284e-09
65 5.65888e-09 -1.38767e-08 1.54614e-09
66 -2.25291e-08 3.06511e-09 -7.47605e-10
67 -2.65354e-08 1.83559e-09 -5.23869e-10
68 -1.37034e-08 4.98733e-09 -2.78214e-09
69 1.4662e-08 -3.83488e-09 1.33059e-09
70 2.1028e-08 -1.31021e-08 5.35692e-10
71 -2.85081e-08 2.15778e-08 -2.13186e-09
72 4.05585e-08 -2.20817e-08 5.97538e-10
73 -3.1167e-08 2.00124e-08 -2.30739e-09
74 1.73113e-08 -1.51286e-08 -1.87902e-09
75 -3.39173e-08 1.27848e-08 2.31739e-09
76 2.81161e-08 -2.14869e-08 -6.6666e-10
77 3.98086e-09 -2.48156e-09 4.82942e-10
78 9.48694e-09 7.00834e-09 6.10271e-10
79 2.554e-08 -1.05795e-08 -1.49976e-09
80 5.49176e-08 -1.47827e-08 2.76304e-09
