26 0.231464 0.0296247 3.9595e-11
27 0.000344246 -0.000214338 -5.03605e-08
28 0.00366634 -0.127992 1.30622e-07
29 -1445.53 690.517 -4.59477e-09
30 -1354.78 1138.02 1.42791e-09
31 -1282.01 926.189 -1.63709e-10
32 -1296 986.23 1.30603e-09
33 -1293.84 984.108 -1.58252e-10
34 -1292.6 981.32 -1.10231e-09
35 -1290.34 977.919 2.54659e-11
36 -1288.43 974.762 -1.03319e-09
37 -1286.62 971.793 4.22006e-10
38 -1284.91 968.95 1.99179e-09
39 -1283.3 966.247 -1.24783e-09
40 -1281.76 963.598 1.16052e-09
41 -1280.24 960.985 -1.17871e-09
42 -1278.82 958.503 4.83851e-10
43 -1277.4 956.048 -5.65706e-10
44 -1276.05 953.641 3.6016e-10
45 -1274.73 951.283 2.24099e-09
46 -1273.44 948.97 -2.79761e-09
47 -1272.19 946.677 5.0386e-10
48 -1270.95 944.41 1.28239e-09
49 -1269.75 942.182 9.27685e-10
50 -1268.56 939.973 2.94676e-10
51 -1267.39 937.784 -1.51886e-09
52 -1266.24 935.613 -2.35741e-09
53 -1265.11 933.455 -2.67391e-10
54 -1264 931.311 -3.83807e-10
55 -1262.9 929.172 -2.54659e-10
56 -1261.82 927.047 6.18456e-11
57 -1260.75 924.936 -1.06411e-09
58 -1259.69 922.829 -4.07454e-10
59 -1258.62 920.716 5.78439e-10
60 -1257.57 918.626 3.09228e-10
61 -1256.54 916.552 -6.58474e-10
62 -1255.52 914.475 5.51154e-10
63 -1254.51 912.417 -1.29148e-09
64 -1253.51 910.369 1.31513e-09
65 -1252.52 908.329 -6.49379e-10
66 -1251.54 906.298 -4.56566e-10
67 -1250.57 904.275 2.81943e-09
68 -1249.61 902.26 -3.65981e-09
69 -1248.66 900.253 3.65799e-09
70 -1247.72 898.253 -1.40972e-09
71 -1246.78 896.261 -4.52928e-10
72 -1245.86 894.276 4.45652e-10
73 -1244.94 892.299 -3.15958e-09
74 -1244.03 890.328 2.87764e-09
75 -1243.12 888.364 -2.47019e-09
76 -1242.22 886.407 5.56611e-10
77 -1241.32 884.457 -4.80213e-10
78 -1240.44 882.515 -1.18962e-09
79 -1239.56 880.579 1.92449e-09
80 -1238.68 878.648 -7.0213e-10
