26 1.02799e-09 3.24155e-08 3.79909e-10
27 -2.65283e-07 0.000270821 1.26069e-05
28 9.05276e-07 0.000210908 7.90716e-06
29 -6.9882e-07 -9.90303e-06 9.90389e-07
30 -5.09224e-07 -8.15683e-06 9.16011e-07
31 -1.26935e-07 -8.97768e-06 9.75172e-07
32 -7.35307e-08 -9.06818e-06 9.65979e-07
33 -5.50718e-08 -9.11998e-06 9.65143e-07
34 -4.38215e-08 -9.15444e-06 9.65663e-07
35 -2.99308e-08 -9.18119e-06 9.65632e-07
36 -1.66987e-08 -9.20397e-06 9.66258e-07
37 -3.6852e-09 -9.22393e-06 9.66487e-07
38 9.78001e-09 -9.24051e-06 9.67145e-07
39 2.34231e-08 -9.25472e-06 9.67443e-07
40 3.61995e-08 -9.26808e-06 9.6769e-07
41 4.94996e-08 -9.28013e-06 9.68576e-07
42 6.29958e-08 -9.28912e-06 9.68967e-07
43 7.67909e-08 -9.29781e-06 9.69714e-07
44 9.02167e-08 -9.30557e-06 9.70118e-07
45 1.03934e-07 -9.3127e-06 9.70658e-07
46 1.17572e-07 -9.31866e-06 9.71162e-07
47 1.31256e-07 -9.32437e-06 9.71687e-07
48 1.44897e-07 -9.32978e-06 9.72185e-07
49 1.58521e-07 -9.3342e-06 9.72658e-07
50 1.72152e-07 -9.33841e-06 9.73157e-07
51 1.85824e-07 -9.34224e-06 9.73713e-07
52 1.99459e-07 -9.34611e-06 9.74154e-07
53 2.13088e-07 -9.34954e-06 9.74629e-07
54 2.26769e-07 -9.35283e-06 9.75164e-07
55 2.40243e-07 -9.35603e-06 9.75652e-07
56 2.53829e-07 -9.35917e-06 9.7614e-07
57 2.67454e-07 -9.36202e-06 9.76665e-07
58 2.81157e-07 -9.36498e-06 9.77209e-07
59 2.9486e-07 -9.36817e-06 9.77806e-07
60 3.08482e-07 -9.37114e-06 9.78284e-07
61 3.22148e-07 -9.37377e-06 9.78803e-07
62 3.358e-07 -9.37669e-06 9.79361e-07
63 3.49456e-07 -9.37926e-06 9.79861e-07
64 3.63098e-07 -9.38183e-06 9.80352e-07
65 3.76763e-07 -9.38431e-06 9.80855e-07
66 3.90405e-07 -9.38677e-06 9.81352e-07
67 4.04065e-07 -9.38919e-06 9.81845e-07
68 4.17716e-07 -9.39158e-06 9.8234e-07
69 4.31367e-07 -9.39395e-06 9.8283e-07
70 4.45014e-07 -9.39631e-06 9.83321e-07
71 4.58675e-07 -9.39867e-06 9.83809e-07
72 4.72324e-07 -9.401e-06 9.84298e-07
73 4.85982e-07 -9.40334e-06 9.8478e-07
74 4.99648e-07 -9.40567e-06 9.85264e-07
75 5.13291e-07 -9.40798e-06 9.8575e-07
76 5.26931e-07 -9.41028e-06 9.8623e-07
77 5.40581e-07 -9.41259e-06 9.8671e-07
78 5.54235e-07 -9.4149e-06 9.87189e-07
79 5.67879e-07 -9.4172e-06 9.87668e-07
80 5.81519e-07 -9.4195e-06 9.88145e-07
