26 0.337997 -0.953041 -5.52694e-12
27 0.000470382 0.00409694 5.15688e-06
28 0.0655992 0.0100043 6.22218e-07
29 0.000794262 3.94466e-05 1.97315e-09
30 -7.27596e-12 1.19888e-09 -1.60981e-10
31 7.27596e-12 -3.93666e-08 -1.98452e-09
32 1.45519e-11 7.01759e-09 3.8317e-09
33 1.01863e-10 -3.29847e-08 -1.9686e-09
34 5.09317e-11 -7.87643e-08 -1.76442e-10
35 -2.18279e-11 2.33678e-08 5.67525e-10
36 -1.45519e-11 -2.75122e-08 -2.70575e-09
37 4.36557e-11 -7.09302e-08 6.58019e-10
38 4.36557e-11 3.21217e-08 1.14687e-09
39 -1.09139e-10 4.36145e-09 4.18368e-11
40 5.82077e-11 -2.59412e-09 9.42691e-10
41 -4.36557e-11 3.21425e-09 -4.69299e-10
42 2.91038e-11 3.93098e-08 -9.91349e-10
43 3.63798e-11 -1.881e-08 2.75895e-09
44 2.91038e-11 3.97181e-08 -3.1614e-09
45 4.36557e-11 4.91076e-08 1.50567e-09
46 -2.91038e-11 -3.65555e-08 4.47926e-10
47 -1.09139e-10 3.15533e-08 1.3074e-09
48 -9.45874e-11 5.7877e-09 -6.35737e-10
49 1.23691e-10 5.72723e-08 5.93445e-10
50 -3.63798e-11 1.17459e-08 -6.21185e-10
51 1.01863e-10 -6.7685e-08 2.11367e-09
52 -4.36557e-11 3.22975e-09 4.45652e-10
53 -1.60071e-10 1.13119e-08 1.1878e-09
54 1.01863e-10 -5.60011e-08 1.38334e-09
55 1.16415e-10 1.38336e-08 3.56522e-10
56 -7.27596e-11 3.96767e-08 1.10504e-10
57 -2.18279e-11 1.84845e-08 1.22145e-09
58 -2.91038e-11 -1.24435e-08 9.73159e-11
59 -1.45519e-11 4.76452e-09 -8.75843e-10
60 7.27596e-12 4.96191e-08 1.78625e-09
61 -1.60071e-10 -2.01794e-08 -1.58525e-09
62 -1.67347e-10 -2.63753e-08 -5.91172e-11
63 -3.63798e-11 -4.80844e-08 7.68978e-10
64 -1.67347e-10 3.02821e-08 8.95852e-10
65 -1.38243e-10 3.83125e-08 -2.05546e-09
66 -3.63798e-11 -7.13333e-08 5.90262e-10
67 -4.36557e-11 4.47048e-08 1.08503e-09
68 -2.91038e-11 -1.28104e-08 -2.4238e-10
69 7.27596e-12 -6.72199e-08 -2.00089e-09
70 1.30967e-10 4.656e-09 1.26511e-09
71 1.09139e-10 -2.66079e-08 -4.97494e-10
72 1.01863e-10 -1.35132e-08 5.33419e-10
73 -1.74623e-10 -1.98022e-08 -2.35559e-10
74 8.73115e-11 -2.64063e-08 -5.53882e-10
75 -7.27596e-12 1.94301e-08 5.44333e-10
76 1.01863e-10 3.04372e-09 2.07774e-09
77 -6.54836e-11 -6.00783e-08 1.48248e-10
78 -2.91038e-11 3.98421e-08 1.76533e-09
79 -2.91038e-11 3.04319e-08 -3.02862e-10
80 1.01863e-10 -1.141e-08 -1.06957e-09
