26 1.06215e-09 1.2581e-08 2.14579e-08
27 -9.87405e-07 0.000167433 7.42262e-05
28 1.35647e-07 0.000131745 5.72675e-05
29 -1.67357e-06 -1.80409e-05 6.68172e-06
30 -1.47965e-06 -1.61958e-05 6.6709e-06
31 -1.09632e-06 -1.71381e-05 6.72068e-06
32 -1.04296e-06 -1.7183e-05 6.68691e-06
33 -1.0243e-06 -1.72317e-05 6.68493e-06
34 -1.01287e-06 -1.72657e-05 6.68389e-06
35 -9.98848e-07 -1.72916e-05 6.6832e-06
36 -9.85503e-07 -1.73151e-05 6.68321e-06
37 -9.72378e-07 -1.73351e-05 6.683e-06
38 -9.58827e-07 -1.73529e-05 6.68345e-06
39 -9.45093e-07 -1.73677e-05 6.68369e-06
40 -9.32249e-07 -1.73817e-05 6.68405e-06
41 -9.18892e-07 -1.73957e-05 6.68497e-06
42 -9.05323e-07 -1.74058e-05 6.68559e-06
43 -8.91465e-07 -1.74163e-05 6.68651e-06
44 -8.77983e-07 -1.74253e-05 6.68729e-06
45 -8.64214e-07 -1.7434e-05 6.6882e-06
46 -8.50517e-07 -1.74415e-05 6.68909e-06
47 -8.36786e-07 -1.74488e-05 6.69008e-06
48 -8.23099e-07 -1.74558e-05 6.69106e-06
49 -8.09425e-07 -1.74618e-05 6.69204e-06
50 -7.95747e-07 -1.74676e-05 6.69307e-06
51 -7.8203e-07 -1.74732e-05 6.69415e-06
52 -7.68351e-07 -1.74786e-05 6.69516e-06
53 -7.54679e-07 -1.74837e-05 6.69621e-06
54 -7.40957e-07 -1.74888e-05 6.69733e-06
55 -7.27446e-07 -1.74937e-05 6.69844e-06
56 -7.13824e-07 -1.74985e-05 6.69955e-06
57 -7.0016e-07 -1.75032e-05 6.70068e-06
58 -6.86422e-07 -1.75079e-05 6.70183e-06
59 -6.72682e-07 -1.7513e-05 6.703e-06
60 -6.59026e-07 -1.75177e-05 6.70411e-06
61 -6.45324e-07 -1.75221e-05 6.70524e-06
62 -6.31638e-07 -1.75269e-05 6.7064e-06
63 -6.17947e-07 -1.75312e-05 6.70753e-06
64 -6.0427e-07 -1.75355e-05 6.70865e-06
65 -5.9057e-07 -1.75397e-05 6.70978e-06
66 -5.76894e-07 -1.75439e-05 6.7109e-06
67 -5.63199e-07 -1.7548e-05 6.71202e-06
68 -5.49514e-07 -1.75522e-05 6.71315e-06
69 -5.35829e-07 -1.75563e-05 6.71426e-06
70 -5.22148e-07 -1.75603e-05 6.71538e-06
71 -5.08454e-07 -1.75644e-05 6.71649e-06
72 -4.94772e-07 -1.75685e-05 6.71761e-06
73 -4.81081e-07 -1.75725e-05 6.71871e-06
74 -4.67383e-07 -1.75765e-05 6.71982e-06
75 -4.53707e-07 -1.75806e-05 6.72092e-06
76 -4.40035e-07 -1.75846e-05 6.72202e-06
77 -4.26352e-07 -1.75886e-05 6.72312e-06
78 -4.12667e-07 -1.75926e-05 6.72422e-06
79 -3.9899e-07 -1.75965e-05 6.72531e-06
80 -3.85319e-07 -1.76005e-05 6.7264e-06
