26 0.109864 -0.185177 -1.71863e-13
27 -1.36902e-05 -1.35017e-05 -4.15462e-08
28 0.00820285 0.00465126 1.93774e-05
29 6.87464e-08 -1.09585e-07 -3.71983e-10
30 -3.15526e-08 7.03631e-08 3.80101e-09
31 3.476e-08 -5.73593e-08 -6.14318e-09
32 -2.12144e-08 4.12419e-08 1.98747e-09
33 1.26993e-08 -2.90413e-08 -2.81534e-09
34 3.56217e-08 -3.67666e-08 3.39492e-09
35 1.98129e-08 -1.8608e-08 -5.79121e-10
36 -5.58171e-08 5.6111e-08 -1.17325e-09
37 4.92405e-08 -6.10889e-08 -3.7262e-09
38 7.25731e-09 -2.35784e-08 9.21546e-09
39 -7.20502e-09 -4.57453e-09 3.1032e-09
40 -9.89075e-10 -4.36216e-09 -7.16364e-09
41 -3.61379e-08 6.31619e-08 4.57567e-09
42 4.16644e-08 -5.60995e-08 -4.24325e-09
43 -4.08636e-09 1.20604e-08 -1.29876e-09
44 -4.81532e-09 9.69135e-09 2.46018e-09
45 -3.78877e-08 6.42942e-08 1.18689e-10
46 4.48526e-08 -9.61697e-08 -1.31877e-09
47 4.78713e-08 -5.39001e-08 -1.36424e-09
48 -3.73484e-09 3.54703e-09 1.8581e-09
49 -9.07662e-08 1.44157e-07 -1.59753e-09
50 1.05671e-07 -1.81996e-07 9.94532e-10
51 -1.08662e-07 1.63358e-07 -1.14687e-09
52 4.48599e-08 -4.5643e-08 3.99154e-09
53 -2.50429e-08 3.10979e-08 -3.02657e-09
54 6.65236e-08 -1.04764e-07 1.59071e-09
55 -3.95366e-08 5.65178e-08 -2.66027e-10
56 2.73408e-08 -2.64038e-08 -3.77713e-09
57 1.62586e-08 -4.89945e-08 2.21985e-09
58 -2.47433e-08 4.23072e-08 1.38334e-09
59 -9.41327e-10 6.50448e-09 -4.44084e-09
60 -5.85101e-08 1.10667e-07 2.18461e-09
61 5.48234e-08 -8.74652e-08 -1.42336e-09
62 -4.25143e-09 -1.26743e-08 -4.5427e-09
63 -5.97943e-08 1.01644e-07 3.81124e-09
64 1.86578e-08 -2.75882e-08 4.82396e-09
65 4.96843e-08 -7.53807e-08 1.52522e-09
66 1.06202e-08 -4.192e-08 -7.05813e-09
67 5.10731e-08 -6.7198e-08 -2.98087e-09
68 -3.05577e-08 4.12451e-08 1.54796e-09
69 -2.81489e-09 -8.27526e-09 1.31786e-09
70 4.87425e-08 -7.35515e-08 5.8717e-09
71 8.48831e-09 -1.50289e-08 -3.41561e-09
72 -5.18744e-08 8.15553e-08 -5.53018e-09
73 -3.94066e-08 8.11683e-08 3.68505e-09
74 1.94696e-08 -4.58965e-08 3.0816e-09
75 -2.40093e-08 3.27907e-08 -5.55792e-09
76 1.10076e-08 -1.39512e-08 1.76533e-09
77 -2.7992e-08 4.2746e-08 7.67159e-10
78 2.4781e-08 -3.25956e-08 -4.98835e-09
79 3.08842e-08 -7.1386e-08 4.42219e-09
80 -1.17279e-09 4.13279e-08 1.68347e-09
