26 1.09738e-09 3.28781e-08 -6.30663e-10
27 1.8814e-07 0.000252117 -3.8999e-05
28 1.38333e-06 0.000193095 -3.18166e-05
29 -8.98748e-08 -1.09666e-05 -2.60344e-06
30 9.70219e-08 -9.33073e-06 -2.69264e-06
31 4.78658e-07 -1.00795e-05 -2.64506e-06
32 5.32088e-07 -1.01718e-05 -2.63851e-06
33 5.50421e-07 -1.0224e-05 -2.63833e-06
34 5.61561e-07 -1.02573e-05 -2.63701e-06
35 5.7537e-07 -1.02838e-05 -2.63659e-06
36 5.88532e-07 -1.03055e-05 -2.63571e-06
37 6.01475e-07 -1.0325e-05 -2.63524e-06
38 6.14887e-07 -1.03407e-05 -2.63457e-06
39 6.28473e-07 -1.03545e-05 -2.63426e-06
40 6.41207e-07 -1.03676e-05 -2.63408e-06
41 6.54472e-07 -1.03786e-05 -2.63338e-06
42 6.67923e-07 -1.03872e-05 -2.63317e-06
43 6.81679e-07 -1.0395e-05 -2.63266e-06
44 6.95069e-07 -1.04024e-05 -2.63252e-06
45 7.08754e-07 -1.0409e-05 -2.63228e-06
46 7.22355e-07 -1.04145e-05 -2.63208e-06
47 7.36011e-07 -1.04198e-05 -2.63191e-06
48 7.49622e-07 -1.04247e-05 -2.63177e-06
49 7.63215e-07 -1.04288e-05 -2.63166e-06
50 7.76816e-07 -1.04326e-05 -2.63155e-06
51 7.9046e-07 -1.04359e-05 -2.63139e-06
52 8.04068e-07 -1.04395e-05 -2.63134e-06
53 8.1767e-07 -1.04425e-05 -2.63128e-06
54 8.31326e-07 -1.04454e-05 -2.63117e-06
55 8.44777e-07 -1.04482e-05 -2.63112e-06
56 8.5834e-07 -1.0451e-05 -2.63107e-06
57 8.71941e-07 -1.04535e-05 -2.63098e-06
58 8.85621e-07 -1.0456e-05 -2.63089e-06
59 8.99303e-07 -1.04587e-05 -2.63073e-06
60 9.12903e-07 -1.04613e-05 -2.6307e-06
61 9.26546e-07 -1.04635e-05 -2.63062e-06
62 9.40177e-07 -1.0466e-05 -2.63051e-06
63 9.53811e-07 -1.04682e-05 -2.63047e-06
64 9.67431e-07 -1.04704e-05 -2.63042e-06
65 9.81074e-07 -1.04725e-05 -2.63037e-06
66 9.94694e-07 -1.04746e-05 -2.63032e-06
67 1.00833e-06 -1.04767e-05 -2.63028e-06
68 1.02196e-06 -1.04787e-05 -2.63024e-06
69 1.03559e-06 -1.04807e-05 -2.6302e-06
70 1.04922e-06 -1.04827e-05 -2.63016e-06
71 1.06286e-06 -1.04847e-05 -2.63012e-06
72 1.07649e-06 -1.04867e-05 -2.63008e-06
73 1.09013e-06 -1.04887e-05 -2.63004e-06
74 1.10377e-06 -1.04907e-05 -2.63001e-06
75 1.11739e-06 -1.04926e-05 -2.62997e-06
76 1.13101e-06 -1.04946e-05 -2.62994e-06
77 1.14464e-06 -1.04966e-05 -2.6299e-06
78 1.15828e-06 -1.04985e-05 -2.62987e-06
79 1.1719e-06 -1.05005e-05 -2.62984e-06
80 1.18552e-06 -1.05024e-05 -2.6298e-06
