26 -9.19284e-09 -3.78657e-08 -3.05517e-09
27 -6.74084e-05 -1.00313e-05 -3.31153e-06
28 -5.2308e-05 -5.96784e-06 -2.78627e-06
29 -2.53519e-05 -4.21521e-05 -1.4071e-06
30 -2.56378e-05 -4.04557e-05 -1.31108e-06
31 -2.52523e-05 -4.1466e-05 -1.35043e-06
32 -2.50496e-05 -4.1398e-05 -1.35016e-06
33 -2.50298e-05 -4.14413e-05 -1.3482e-06
34 -2.5009e-05 -4.14703e-05 -1.34831e-06
35 -2.49906e-05 -4.14938e-05 -1.34801e-06
36 -2.49728e-05 -4.15162e-05 -1.34805e-06
37 -2.49563e-05 -4.15351e-05 -1.34793e-06
38 -2.49403e-05 -4.15535e-05 -1.34799e-06
39 -2.4925e-05 -4.15687e-05 -1.34795e-06
40 -2.49113e-05 -4.15838e-05 -1.34788e-06
41 -2.48967e-05 -4.15997e-05 -1.34804e-06
42 -2.48829e-05 -4.16115e-05 -1.34806e-06
43 -2.48685e-05 -4.16242e-05 -1.34821e-06
44 -2.48554e-05 -4.16356e-05 -1.34824e-06
45 -2.4842e-05 -4.16468e-05 -1.34833e-06
46 -2.48288e-05 -4.16568e-05 -1.34842e-06
47 -2.48159e-05 -4.16671e-05 -1.34853e-06
48 -2.48031e-05 -4.16769e-05 -1.34863e-06
49 -2.47905e-05 -4.16859e-05 -1.34871e-06
50 -2.4778e-05 -4.16948e-05 -1.34881e-06
51 -2.47654e-05 -4.17036e-05 -1.34894e-06
52 -2.4753e-05 -4.17121e-05 -1.34903e-06
53 -2.47408e-05 -4.17204e-05 -1.34913e-06
54 -2.47284e-05 -4.17288e-05 -1.34927e-06
55 -2.47165e-05 -4.17372e-05 -1.34939e-06
56 -2.47044e-05 -4.17455e-05 -1.34951e-06
57 -2.46922e-05 -4.17535e-05 -1.34964e-06
58 -2.468e-05 -4.17618e-05 -1.3498e-06
59 -2.46675e-05 -4.17703e-05 -1.34997e-06
60 -2.46554e-05 -4.17784e-05 -1.3501e-06
61 -2.46433e-05 -4.17862e-05 -1.35025e-06
62 -2.4631e-05 -4.17944e-05 -1.35042e-06
63 -2.46189e-05 -4.18022e-05 -1.35056e-06
64 -2.46068e-05 -4.181e-05 -1.35071e-06
65 -2.45947e-05 -4.18176e-05 -1.35086e-06
66 -2.45825e-05 -4.18253e-05 -1.35101e-06
67 -2.45704e-05 -4.18329e-05 -1.35116e-06
68 -2.45583e-05 -4.18404e-05 -1.35132e-06
69 -2.45462e-05 -4.1848e-05 -1.35148e-06
70 -2.4534e-05 -4.18555e-05 -1.35163e-06
71 -2.45219e-05 -4.1863e-05 -1.35179e-06
72 -2.45097e-05 -4.18704e-05 -1.35195e-06
73 -2.44976e-05 -4.18779e-05 -1.35212e-06
74 -2.44854e-05 -4.18853e-05 -1.35228e-06
75 -2.44733e-05 -4.18927e-05 -1.35245e-06
76 -2.44611e-05 -4.19001e-05 -1.35261e-06
77 -2.44489e-05 -4.19075e-05 -1.35278e-06
78 -2.44368e-05 -4.19148e-05 -1.35295e-06
79 -2.44246e-05 -4.19222e-05 -1.35312e-06
80 -2.44124e-05 -4.19295e-05 -1.3533e-06
