26 2.55003e-09 -4.73181e-08 1.54278e-09
27 1.84175e-05 -4.16829e-05 2.01746e-05
28 1.62562e-05 -3.37691e-05 1.56973e-05
29 1.09582e-05 -5.47452e-05 8.36727e-06
30 1.08036e-05 -5.35161e-05 8.39932e-06
31 1.15772e-05 -5.43266e-05 8.5012e-06
32 1.15538e-05 -5.42291e-05 8.44194e-06
33 1.15663e-05 -5.42708e-05 8.44081e-06
34 1.15755e-05 -5.42918e-05 8.43841e-06
35 1.15865e-05 -5.43118e-05 8.43686e-06
36 1.15987e-05 -5.43282e-05 8.43601e-06
37 1.161e-05 -5.43432e-05 8.43507e-06
38 1.16231e-05 -5.43566e-05 8.43485e-06
39 1.16359e-05 -5.43689e-05 8.43452e-06
40 1.16478e-05 -5.43816e-05 8.43438e-06
41 1.16615e-05 -5.43922e-05 8.43473e-06
42 1.16749e-05 -5.44016e-05 8.43492e-06
43 1.16892e-05 -5.44101e-05 8.43537e-06
44 1.17027e-05 -5.44193e-05 8.43577e-06
45 1.17168e-05 -5.44279e-05 8.4363e-06
46 1.17309e-05 -5.44354e-05 8.43682e-06
47 1.17452e-05 -5.44434e-05 8.43748e-06
48 1.17594e-05 -5.44511e-05 8.43813e-06
49 1.17735e-05 -5.44581e-05 8.43882e-06
50 1.17878e-05 -5.44651e-05 8.43954e-06
51 1.18023e-05 -5.44716e-05 8.44032e-06
52 1.18165e-05 -5.44785e-05 8.44105e-06
53 1.18309e-05 -5.44851e-05 8.44184e-06
54 1.18454e-05 -5.44916e-05 8.44267e-06
55 1.18597e-05 -5.44983e-05 8.44353e-06
56 1.18741e-05 -5.45049e-05 8.44438e-06
57 1.18887e-05 -5.45111e-05 8.44524e-06
58 1.19034e-05 -5.45176e-05 8.44614e-06
59 1.19182e-05 -5.45239e-05 8.44702e-06
60 1.19327e-05 -5.45305e-05 8.44788e-06
61 1.19474e-05 -5.45367e-05 8.44876e-06
62 1.19621e-05 -5.4543e-05 8.44965e-06
63 1.19768e-05 -5.45492e-05 8.45053e-06
64 1.19914e-05 -5.45555e-05 8.4514e-06
65 1.20061e-05 -5.45616e-05 8.45228e-06
66 1.20207e-05 -5.45677e-05 8.45315e-06
67 1.20354e-05 -5.45738e-05 8.45403e-06
68 1.20501e-05 -5.45798e-05 8.4549e-06
69 1.20648e-05 -5.45859e-05 8.45577e-06
70 1.20795e-05 -5.45919e-05 8.45664e-06
71 1.20942e-05 -5.4598e-05 8.45751e-06
72 1.2109e-05 -5.4604e-05 8.45838e-06
73 1.21237e-05 -5.461e-05 8.45924e-06
74 1.21385e-05 -5.46161e-05 8.46011e-06
75 1.21532e-05 -5.46221e-05 8.46097e-06
76 1.21679e-05 -5.46281e-05 8.46183e-06
77 1.21827e-05 -5.46341e-05 8.46268e-06
78 1.21975e-05 -5.46401e-05 8.46353e-06
79 1.22122e-05 -5.4646e-05 8.46438e-06
80 1.2227e-05 -5.4652e-05 8.46523e-06
