26 -2.00299 0.989189 -5.16254e-09
27 -0.00264592 0.00802641 -3.37145e-05
28 0.489918 -0.0294082 -9.34779e-06
29 -0.00126359 0.000168806 5.78921e-08
30 0 -8.30039e-08 -1.50067e-11
31 1.45519e-10 -1.72032e-08 9.75888e-10
32 0 -9.49614e-09 -2.31921e-09
33 4.36557e-11 -2.61073e-08 1.00135e-09
34 1.45519e-11 8.42474e-08 9.6361e-10
35 5.82077e-11 -9.95542e-08 -6.05269e-10
36 3.63798e-11 -2.64744e-08 8.61746e-10
37 7.27596e-11 3.88966e-08 -3.81624e-09
38 5.09317e-11 -7.96039e-08 4.71027e-09
39 -1.45519e-11 -5.08371e-08 -2.53431e-09
40 0 4.8882e-08 2.39561e-09
41 -9.45874e-11 9.25102e-08 -4.59841e-09
42 5.09317e-11 -7.58196e-08 4.62387e-09
43 -7.27596e-12 4.07214e-08 6.0254e-10
44 4.36557e-11 -2.85211e-08 -3.46154e-09
45 -8.00355e-11 7.02606e-08 5.30963e-09
46 -1.45519e-11 -7.99518e-08 -2.22553e-09
47 2.91038e-11 -3.8406e-08 3.01861e-09
48 -7.27596e-11 7.64837e-08 -2.31739e-09
49 1.30967e-10 -5.17622e-08 9.10859e-10
50 2.18279e-11 -9.14648e-08 -1.07048e-09
51 -1.45519e-11 7.70972e-08 2.82853e-10
52 -2.18279e-11 2.94242e-08 7.48514e-10
53 -1.45519e-11 2.73304e-08 2.6921e-10
54 7.27596e-12 2.39713e-08 -3.90355e-09
55 1.45519e-11 1.18791e-08 5.95719e-10
56 -4.36557e-11 1.19396e-08 2.69574e-09
57 2.91038e-11 -2.27935e-09 -1.08957e-09
58 2.18279e-11 -1.27447e-08 -4.81396e-09
59 -2.18279e-11 -7.08607e-09 3.81078e-09
60 7.27596e-12 8.89448e-09 5.4979e-10
61 2.91038e-11 -1.29184e-08 -2.00453e-09
62 -2.18279e-11 4.05724e-08 -5.52973e-10
63 1.45519e-11 2.16775e-08 2.55386e-09
64 -3.63798e-11 -3.55841e-08 -2.11503e-09
65 4.36557e-11 1.79502e-08 3.69891e-09
66 -1.45519e-11 -1.84501e-08 -1.05501e-09
67 -7.27596e-12 -1.22546e-08 -7.76254e-10
68 -7.27596e-12 -6.55991e-08 -1.65073e-10
69 7.27596e-12 1.43331e-07 -2.37014e-09
70 2.91038e-11 -5.9852e-08 3.84807e-09
71 -3.63798e-11 -7.03364e-08 -9.2723e-10
72 -7.27596e-12 8.63429e-08 -1.65664e-09
73 2.18279e-11 -4.50547e-08 1.08776e-09
74 -1.45519e-11 -2.3389e-08 -1.10595e-09
75 0 1.18703e-07 5.26597e-10
76 1.45519e-11 -7.30038e-08 3.12411e-09
77 -1.45519e-11 9.77865e-08 -9.97716e-10
78 -2.91038e-11 -8.79168e-08 3.24553e-09
79 -2.18279e-11 2.96839e-08 -3.82988e-09
80 1.45519e-11 -6.55131e-09 9.68157e-10
