26 1.03737e-09 2.92621e-08 8.09482e-09
27 -6.26383e-07 0.000235769 5.1701e-05
28 5.20434e-07 0.000184395 3.97706e-05
29 -1.18624e-06 -1.24652e-05 3.84533e-06
30 -9.9448e-07 -1.06527e-05 3.79661e-06
31 -6.1167e-07 -1.15368e-05 3.85537e-06
32 -5.58285e-07 -1.1611e-05 3.8338e-06
33 -5.39726e-07 -1.16615e-05 3.83231e-06
34 -5.28388e-07 -1.16962e-05 3.83209e-06
35 -5.14431e-07 -1.17227e-05 3.83172e-06
36 -5.01143e-07 -1.1746e-05 3.83208e-06
37 -4.88073e-07 -1.17661e-05 3.83209e-06
38 -4.74565e-07 -1.17833e-05 3.83268e-06
39 -4.60877e-07 -1.17978e-05 3.83295e-06
40 -4.48066e-07 -1.18115e-05 3.83326e-06
41 -4.34738e-07 -1.18245e-05 3.8342e-06
42 -4.21205e-07 -1.1834e-05 3.83471e-06
43 -4.07379e-07 -1.18435e-05 3.83558e-06
44 -3.93925e-07 -1.18518e-05 3.83618e-06
45 -3.80182e-07 -1.18596e-05 3.83692e-06
46 -3.66514e-07 -1.18662e-05 3.83763e-06
47 -3.52806e-07 -1.18726e-05 3.83841e-06
48 -3.39142e-07 -1.18787e-05 3.83916e-06
49 -3.25493e-07 -1.18838e-05 3.8399e-06
50 -3.1184e-07 -1.18887e-05 3.84067e-06
51 -2.98145e-07 -1.18932e-05 3.84151e-06
52 -2.84488e-07 -1.18977e-05 3.84224e-06
53 -2.70837e-07 -1.19018e-05 3.84302e-06
54 -2.57136e-07 -1.19059e-05 3.84386e-06
55 -2.43643e-07 -1.19097e-05 3.84467e-06
56 -2.30039e-07 -1.19136e-05 3.84548e-06
57 -2.16394e-07 -1.19172e-05 3.84633e-06
58 -2.02674e-07 -1.19209e-05 3.84719e-06
59 -1.88953e-07 -1.19248e-05 3.8481e-06
60 -1.75314e-07 -1.19285e-05 3.8489e-06
61 -1.61629e-07 -1.19319e-05 3.84974e-06
62 -1.47961e-07 -1.19355e-05 3.85062e-06
63 -1.34287e-07 -1.19388e-05 3.85145e-06
64 -1.20628e-07 -1.19421e-05 3.85227e-06
65 -1.06945e-07 -1.19453e-05 3.8531e-06
66 -9.32862e-08 -1.19484e-05 3.85392e-06
67 -7.96085e-08 -1.19516e-05 3.85474e-06
68 -6.59409e-08 -1.19546e-05 3.85557e-06
69 -5.22726e-08 -1.19577e-05 3.85638e-06
70 -3.86086e-08 -1.19608e-05 3.8572e-06
71 -2.49313e-08 -1.19638e-05 3.85802e-06
72 -1.12658e-08 -1.19668e-05 3.85883e-06
73 2.40922e-09 -1.19699e-05 3.85964e-06
74 1.6091e-08 -1.19729e-05 3.86045e-06
75 2.97504e-08 -1.19759e-05 3.86126e-06
76 4.34062e-08 -1.19789e-05 3.86207e-06
77 5.70728e-08 -1.19819e-05 3.86287e-06
78 7.07421e-08 -1.19848e-05 3.86367e-06
79 8.44028e-08 -1.19878e-05 3.86448e-06
80 9.80582e-08 -1.19908e-05 3.86527e-06
