26 1.02636e-09 3.04738e-08 5.74013e-09
27 -5.66376e-07 0.000244387 4.6137e-05
28 5.84388e-07 0.000191022 3.54705e-05
29 -1.10524e-06 -1.18301e-05 3.37214e-06
30 -9.13839e-07 -1.00266e-05 3.3183e-06
31 -5.31116e-07 -1.09003e-05 3.37773e-06
32 -4.77728e-07 -1.09781e-05 3.3582e-06
33 -4.59185e-07 -1.10289e-05 3.35681e-06
34 -4.47861e-07 -1.10635e-05 3.35672e-06
35 -4.33916e-07 -1.10901e-05 3.35641e-06
36 -4.20637e-07 -1.11134e-05 3.35681e-06
37 -4.07576e-07 -1.11334e-05 3.35686e-06
38 -3.94075e-07 -1.11506e-05 3.35746e-06
39 -3.80395e-07 -1.1165e-05 3.35774e-06
40 -3.6759e-07 -1.11787e-05 3.35804e-06
41 -3.54266e-07 -1.11915e-05 3.35897e-06
42 -3.4074e-07 -1.12009e-05 3.35947e-06
43 -3.26918e-07 -1.12103e-05 3.36032e-06
44 -3.13469e-07 -1.12185e-05 3.36089e-06
45 -2.9973e-07 -1.12262e-05 3.3616e-06
46 -2.86068e-07 -1.12326e-05 3.36228e-06
47 -2.72364e-07 -1.12389e-05 3.36301e-06
48 -2.58704e-07 -1.12449e-05 3.36372e-06
49 -2.45059e-07 -1.12498e-05 3.36442e-06
50 -2.31409e-07 -1.12546e-05 3.36515e-06
51 -2.17718e-07 -1.1259e-05 3.36595e-06
52 -2.04064e-07 -1.12634e-05 3.36663e-06
53 -1.90417e-07 -1.12673e-05 3.36736e-06
54 -1.76719e-07 -1.12712e-05 3.36815e-06
55 -1.6323e-07 -1.12749e-05 3.36891e-06
56 -1.49629e-07 -1.12786e-05 3.36967e-06
57 -1.35987e-07 -1.12821e-05 3.37046e-06
58 -1.2227e-07 -1.12856e-05 3.37128e-06
59 -1.08552e-07 -1.12895e-05 3.37213e-06
60 -9.49155e-08 -1.1293e-05 3.37289e-06
61 -8.12342e-08 -1.12962e-05 3.37368e-06
62 -6.75682e-08 -1.12997e-05 3.3745e-06
63 -5.38975e-08 -1.13029e-05 3.37528e-06
64 -4.02413e-08 -1.1306e-05 3.37605e-06
65 -2.65617e-08 -1.1309e-05 3.37682e-06
66 -1.29053e-08 -1.13121e-05 3.3776e-06
67 7.69495e-10 -1.1315e-05 3.37836e-06
68 1.44343e-08 -1.1318e-05 3.37913e-06
69 2.80997e-08 -1.13209e-05 3.3799e-06
70 4.1761e-08 -1.13238e-05 3.38067e-06
71 5.54355e-08 -1.13267e-05 3.38143e-06
72 6.90982e-08 -1.13296e-05 3.38219e-06
73 8.27705e-08 -1.13325e-05 3.38295e-06
74 9.64496e-08 -1.13354e-05 3.38371e-06
75 1.10106e-07 -1.13382e-05 3.38446e-06
76 1.23759e-07 -1.13411e-05 3.38522e-06
77 1.37423e-07 -1.1344e-05 3.38597e-06
78 1.5109e-07 -1.13468e-05 3.38672e-06
79 1.64748e-07 -1.13496e-05 3.38747e-06
80 1.78401e-07 -1.13525e-05 3.38822e-06
