26 -5.94561e-09 -3.7696e-08 9.45833e-09
27 -2.90442e-05 -1.01189e-05 4.04748e-05
28 -2.22211e-05 -6.02391e-06 3.19563e-05
29 -1.05451e-05 -4.22457e-05 1.32297e-05
30 -1.04324e-05 -4.05284e-05 1.33928e-05
31 -1.00421e-05 -4.15368e-05 1.33843e-05
32 -9.95141e-06 -4.14657e-05 1.33147e-05
33 -9.93064e-06 -4.15087e-05 1.33115e-05
34 -9.91662e-06 -4.15376e-05 1.33068e-05
35 -9.90126e-06 -4.15611e-05 1.33044e-05
36 -9.88678e-06 -4.15834e-05 1.33022e-05
37 -9.87274e-06 -4.16022e-05 1.33004e-05
38 -9.85868e-06 -4.16205e-05 1.32993e-05
39 -9.8446e-06 -4.16358e-05 1.32985e-05
40 -9.83166e-06 -4.16508e-05 1.32981e-05
41 -9.81823e-06 -4.16667e-05 1.32977e-05
42 -9.80477e-06 -4.16785e-05 1.32977e-05
43 -9.79101e-06 -4.16912e-05 1.32976e-05
44 -9.77786e-06 -4.17025e-05 1.32979e-05
45 -9.76444e-06 -4.17138e-05 1.32983e-05
46 -9.75111e-06 -4.17238e-05 1.32987e-05
47 -9.73788e-06 -4.1734e-05 1.32993e-05
48 -9.72469e-06 -4.17439e-05 1.32999e-05
49 -9.71157e-06 -4.17529e-05 1.33007e-05
50 -9.69847e-06 -4.17618e-05 1.33014e-05
51 -9.68534e-06 -4.17706e-05 1.33022e-05
52 -9.67229e-06 -4.17792e-05 1.33031e-05
53 -9.65927e-06 -4.17875e-05 1.3304e-05
54 -9.64621e-06 -4.17959e-05 1.33049e-05
55 -9.63342e-06 -4.18043e-05 1.33059e-05
56 -9.62052e-06 -4.18126e-05 1.33069e-05
57 -9.60756e-06 -4.18206e-05 1.33079e-05
58 -9.59453e-06 -4.18289e-05 1.33089e-05
59 -9.58146e-06 -4.18374e-05 1.33098e-05
60 -9.56853e-06 -4.18455e-05 1.33108e-05
61 -9.55555e-06 -4.18534e-05 1.33118e-05
62 -9.54257e-06 -4.18617e-05 1.33128e-05
63 -9.5296e-06 -4.18695e-05 1.33138e-05
64 -9.51666e-06 -4.18772e-05 1.33148e-05
65 -9.50369e-06 -4.18849e-05 1.33158e-05
66 -9.49074e-06 -4.18926e-05 1.33169e-05
67 -9.47777e-06 -4.19002e-05 1.33179e-05
68 -9.46482e-06 -4.19078e-05 1.33189e-05
69 -9.45186e-06 -4.19153e-05 1.332e-05
70 -9.43891e-06 -4.19228e-05 1.3321e-05
71 -9.42594e-06 -4.19303e-05 1.3322e-05
72 -9.41298e-06 -4.19378e-05 1.3323e-05
73 -9.40001e-06 -4.19453e-05 1.33241e-05
74 -9.38703e-06 -4.19527e-05 1.33251e-05
75 -9.37407e-06 -4.19601e-05 1.33261e-05
76 -9.36112e-06 -4.19675e-05 1.33271e-05
77 -9.34815e-06 -4.19749e-05 1.33281e-05
78 -9.33518e-06 -4.19823e-05 1.33291e-05
79 -9.32221e-06 -4.19896e-05 1.33301e-05
80 -9.30925e-06 -4.1997e-05 1.33311e-05
