26 -3.33389 -2.28899 -7.79001e-09
27 0.000359318 -6.00946e-05 1.35187e-08
28 0.257405 -0.0292475 -1.15319e-06
29 -0.000326491 8.58629e-05 4.19977e-08
30 1.09139e-10 6.35613e-09 5.28416e-10
31 -1.74623e-10 7.43409e-08 6.27551e-11
32 1.16415e-10 -1.1734e-07 1.9636e-09
33 -2.18279e-11 6.30445e-08 -1.53295e-09
34 2.91038e-11 1.05972e-07 7.03039e-10
35 -7.27596e-12 -5.92257e-08 6.38011e-10
36 -1.60071e-10 -1.15113e-07 8.13088e-10
37 -1.45519e-11 -1.3198e-08 -6.91216e-11
38 -1.52795e-10 -7.11577e-09 -2.37469e-09
39 1.09139e-10 1.35463e-07 -9.09495e-10
40 -1.45519e-11 -1.12069e-07 1.30103e-09
41 -4.36557e-11 -3.66898e-08 5.0477e-10
42 1.23691e-10 -7.28733e-08 5.92991e-10
43 1.16415e-10 8.41541e-08 -1.3797e-09
44 9.45874e-11 -1.91718e-09 -1.48793e-09
45 7.27596e-11 1.27107e-07 2.61934e-10
46 0 -3.06231e-08 -5.81167e-10
47 1.23691e-10 -1.05977e-07 7.24867e-10
48 -1.74623e-10 8.64278e-08 -6.87578e-10
49 -2.91038e-11 -5.77529e-08 2.36287e-09
50 -3.63798e-11 -7.88573e-08 -5.37511e-10
51 1.09139e-10 3.57959e-08 -8.71296e-10
52 -2.91038e-11 -1.3229e-08 -9.77252e-10
53 -1.45519e-10 4.11495e-08 9.73614e-10
54 -1.16415e-10 4.56194e-08 -2.10866e-09
55 7.27596e-12 -7.58033e-08 -2.10275e-09
56 -1.45519e-10 -2.63547e-09 1.80626e-09
57 1.01863e-10 -4.718e-08 -2.08729e-09
58 -1.45519e-10 -6.35096e-09 -5.12955e-10
59 -3.63798e-11 -3.81368e-08 -1.7526e-09
60 1.96451e-10 -1.76783e-08 1.17006e-09
61 1.01863e-10 3.34911e-08 5.92081e-10
62 -7.27596e-11 3.38477e-09 -1.68802e-09
63 -1.45519e-11 7.15194e-09 -1.20053e-09
64 -1.45519e-11 3.5925e-08 -1.13141e-09
65 0 -5.32054e-08 1.87902e-09
66 -1.45519e-11 2.98686e-08 2.82944e-09
67 -8.00355e-11 2.60291e-08 -3.12366e-09
68 -9.45874e-11 -7.91157e-09 1.9877e-09
69 -2.18279e-11 -1.40042e-08 -3.27964e-09
70 -2.18279e-11 -6.14426e-08 4.11319e-09
71 1.45519e-11 2.67784e-08 -4.09727e-09
72 6.54836e-11 1.6898e-08 3.22507e-09
73 -7.27596e-12 1.07532e-07 -1.57479e-09
74 3.63798e-11 -1.65631e-07 2.25191e-09
75 -2.91038e-11 1.95076e-07 -2.17096e-09
76 2.91038e-11 -1.6034e-07 1.21418e-09
77 9.45874e-11 -6.48532e-09 -1.04546e-09
78 -4.36557e-11 -1.47535e-07 -1.18234e-11
79 -5.82077e-11 3.58475e-08 1.34378e-09
80 4.36557e-11 -2.9047e-08 3.94266e-10
