26 8.76426e-09 -4.35761e-08 3.42241e-09
27 5.47464e-05 -1.78138e-05 1.14689e-05
28 4.4622e-05 -1.51418e-05 8.97285e-06
29 2.52064e-05 -4.52617e-05 3.89028e-06
30 2.51734e-05 -4.39613e-05 3.9644e-06
31 2.60391e-05 -4.46982e-05 3.93266e-06
32 2.5926e-05 -4.46622e-05 3.91628e-06
33 2.59366e-05 -4.47051e-05 3.9157e-06
34 2.59413e-05 -4.4729e-05 3.91435e-06
35 2.59498e-05 -4.47507e-05 3.91372e-06
36 2.59603e-05 -4.47683e-05 3.91314e-06
37 2.59699e-05 -4.47844e-05 3.91268e-06
38 2.59824e-05 -4.47981e-05 3.91242e-06
39 2.59946e-05 -4.48109e-05 3.91222e-06
40 2.60062e-05 -4.48237e-05 3.91216e-06
41 2.60202e-05 -4.48341e-05 3.9121e-06
42 2.60337e-05 -4.48433e-05 3.91213e-06
43 2.60486e-05 -4.48515e-05 3.91214e-06
44 2.60627e-05 -4.48603e-05 3.91227e-06
45 2.60775e-05 -4.48684e-05 3.91241e-06
46 2.60923e-05 -4.48754e-05 3.91254e-06
47 2.61075e-05 -4.48827e-05 3.91274e-06
48 2.61227e-05 -4.48898e-05 3.91294e-06
49 2.61379e-05 -4.48961e-05 3.91317e-06
50 2.61532e-05 -4.49023e-05 3.91341e-06
51 2.61688e-05 -4.4908e-05 3.91365e-06
52 2.61842e-05 -4.49142e-05 3.91391e-06
53 2.61997e-05 -4.492e-05 3.91418e-06
54 2.62156e-05 -4.49256e-05 3.91445e-06
55 2.62312e-05 -4.49314e-05 3.91476e-06
56 2.62469e-05 -4.49371e-05 3.91506e-06
57 2.62627e-05 -4.49425e-05 3.91535e-06
58 2.62788e-05 -4.4948e-05 3.91564e-06
59 2.62949e-05 -4.49534e-05 3.91591e-06
60 2.63107e-05 -4.49591e-05 3.9162e-06
61 2.63267e-05 -4.49644e-05 3.9165e-06
62 2.63428e-05 -4.49698e-05 3.91678e-06
63 2.63588e-05 -4.49751e-05 3.91708e-06
64 2.63747e-05 -4.49804e-05 3.91738e-06
65 2.63907e-05 -4.49856e-05 3.91768e-06
66 2.64067e-05 -4.49908e-05 3.91797e-06
67 2.64228e-05 -4.4996e-05 3.91826e-06
68 2.64388e-05 -4.50012e-05 3.91856e-06
69 2.64548e-05 -4.50064e-05 3.91885e-06
70 2.64708e-05 -4.50115e-05 3.91914e-06
71 2.64869e-05 -4.50166e-05 3.91943e-06
72 2.65029e-05 -4.50218e-05 3.91972e-06
73 2.6519e-05 -4.50269e-05 3.92e-06
74 2.6535e-05 -4.50321e-05 3.92029e-06
75 2.65511e-05 -4.50372e-05 3.92057e-06
76 2.65671e-05 -4.50423e-05 3.92085e-06
77 2.65832e-05 -4.50474e-05 3.92113e-06
78 2.65992e-05 -4.50525e-05 3.92141e-06
79 2.66153e-05 -4.50576e-05 3.92169e-06
80 2.66313e-05 -4.50627e-05 3.92196e-06
