26 1.06732e-09 2.28189e-08 1.62644e-08
27 -8.06732e-07 0.000204616 6.53011e-05
28 3.28218e-07 0.000160411 5.03067e-05
29 -1.42968e-06 -1.4875e-05 5.26453e-06
30 -1.23685e-06 -1.30412e-05 5.23321e-06
31 -8.53775e-07 -1.39555e-05 5.28856e-06
32 -8.004e-07 -1.40167e-05 5.26087e-06
33 -7.81791e-07 -1.40664e-05 5.25911e-06
34 -7.70409e-07 -1.41008e-05 5.2585e-06
35 -7.56419e-07 -1.41271e-05 5.25796e-06
36 -7.43103e-07 -1.41505e-05 5.25815e-06
37 -7.30005e-07 -1.41706e-05 5.25806e-06
38 -7.16476e-07 -1.41881e-05 5.25859e-06
39 -7.02765e-07 -1.42028e-05 5.25885e-06
40 -6.89937e-07 -1.42166e-05 5.25918e-06
41 -6.76595e-07 -1.42301e-05 5.26011e-06
42 -6.63044e-07 -1.42399e-05 5.26069e-06
43 -6.49202e-07 -1.42499e-05 5.26159e-06
44 -6.35734e-07 -1.42585e-05 5.26228e-06
45 -6.21977e-07 -1.42668e-05 5.26311e-06
46 -6.08296e-07 -1.42738e-05 5.26391e-06
47 -5.94576e-07 -1.42806e-05 5.2648e-06
48 -5.809e-07 -1.42871e-05 5.26567e-06
49 -5.67239e-07 -1.42926e-05 5.26653e-06
50 -5.53573e-07 -1.42979e-05 5.26744e-06
51 -5.39867e-07 -1.4303e-05 5.2684e-06
52 -5.26199e-07 -1.43079e-05 5.26927e-06
53 -5.12538e-07 -1.43124e-05 5.27019e-06
54 -4.98826e-07 -1.43169e-05 5.27117e-06
55 -4.85325e-07 -1.43213e-05 5.27214e-06
56 -4.71711e-07 -1.43256e-05 5.2731e-06
57 -4.58057e-07 -1.43297e-05 5.27409e-06
58 -4.44328e-07 -1.43339e-05 5.2751e-06
59 -4.30598e-07 -1.43384e-05 5.27614e-06
60 -4.1695e-07 -1.43425e-05 5.2771e-06
61 -4.03257e-07 -1.43463e-05 5.2781e-06
62 -3.89579e-07 -1.43505e-05 5.27912e-06
63 -3.75897e-07 -1.43543e-05 5.2801e-06
64 -3.62229e-07 -1.4358e-05 5.28107e-06
65 -3.48538e-07 -1.43617e-05 5.28206e-06
66 -3.3487e-07 -1.43653e-05 5.28303e-06
67 -3.21184e-07 -1.43689e-05 5.28401e-06
68 -3.07508e-07 -1.43725e-05 5.28498e-06
69 -2.93831e-07 -1.4376e-05 5.28596e-06
70 -2.80158e-07 -1.43796e-05 5.28693e-06
71 -2.66473e-07 -1.43831e-05 5.28789e-06
72 -2.52799e-07 -1.43866e-05 5.28886e-06
73 -2.39116e-07 -1.43901e-05 5.28982e-06
74 -2.25426e-07 -1.43936e-05 5.29079e-06
75 -2.11758e-07 -1.4397e-05 5.29175e-06
76 -1.98094e-07 -1.44005e-05 5.2927e-06
77 -1.8442e-07 -1.44039e-05 5.29366e-06
78 -1.70743e-07 -1.44074e-05 5.29461e-06
79 -1.57074e-07 -1.44108e-05 5.29556e-06
80 -1.43411e-07 -1.44143e-05 5.29651e-06
