26 1.09078e-08 -4.30516e-08 3.10978e-09
27 6.00195e-05 -1.64206e-05 4.50663e-06
28 4.87458e-05 -1.40524e-05 3.51789e-06
29 2.67201e-05 -4.4854e-05 6.47523e-07
30 2.67351e-05 -4.35413e-05 7.21029e-07
31 2.756e-05 -4.42883e-05 6.24697e-07
32 2.74446e-05 -4.4253e-05 6.35188e-07
33 2.7455e-05 -4.4296e-05 6.34935e-07
34 2.74591e-05 -4.432e-05 6.34532e-07
35 2.74674e-05 -4.43418e-05 6.34568e-07
36 2.74777e-05 -4.43594e-05 6.34338e-07
37 2.74871e-05 -4.43756e-05 6.34295e-07
38 2.74994e-05 -4.43894e-05 6.34148e-07
39 2.75115e-05 -4.44021e-05 6.34114e-07
40 2.75231e-05 -4.44149e-05 6.34154e-07
41 2.75371e-05 -4.44254e-05 6.33999e-07
42 2.75506e-05 -4.44346e-05 6.33978e-07
43 2.75654e-05 -4.44428e-05 6.33845e-07
44 2.75795e-05 -4.44516e-05 6.33846e-07
45 2.75944e-05 -4.44596e-05 6.33809e-07
46 2.76092e-05 -4.44667e-05 6.33764e-07
47 2.76245e-05 -4.4474e-05 6.33729e-07
48 2.76397e-05 -4.4481e-05 6.33703e-07
49 2.7655e-05 -4.44873e-05 6.33693e-07
50 2.76704e-05 -4.44935e-05 6.33674e-07
51 2.76861e-05 -4.44992e-05 6.33632e-07
52 2.77016e-05 -4.45054e-05 6.33627e-07
53 2.77172e-05 -4.45111e-05 6.3362e-07
54 2.77331e-05 -4.45167e-05 6.33586e-07
55 2.77488e-05 -4.45225e-05 6.33581e-07
56 2.77646e-05 -4.45282e-05 6.33571e-07
57 2.77805e-05 -4.45335e-05 6.33547e-07
58 2.77967e-05 -4.4539e-05 6.33506e-07
59 2.78129e-05 -4.45444e-05 6.33447e-07
60 2.78288e-05 -4.45501e-05 6.33429e-07
61 2.78449e-05 -4.45553e-05 6.33401e-07
62 2.7861e-05 -4.45607e-05 6.33351e-07
63 2.78771e-05 -4.4566e-05 6.33323e-07
64 2.78931e-05 -4.45713e-05 6.33297e-07
65 2.79092e-05 -4.45765e-05 6.33268e-07
66 2.79253e-05 -4.45816e-05 6.33235e-07
67 2.79414e-05 -4.45868e-05 6.33203e-07
68 2.79575e-05 -4.4592e-05 6.3317e-07
69 2.79737e-05 -4.45971e-05 6.33136e-07
70 2.79898e-05 -4.46022e-05 6.331e-07
71 2.80059e-05 -4.46073e-05 6.33063e-07
72 2.8022e-05 -4.46124e-05 6.33025e-07
73 2.80382e-05 -4.46175e-05 6.32987e-07
74 2.80543e-05 -4.46227e-05 6.32945e-07
75 2.80704e-05 -4.46277e-05 6.32904e-07
76 2.80866e-05 -4.46328e-05 6.32863e-07
77 2.81027e-05 -4.46379e-05 6.32819e-07
78 2.81188e-05 -4.4643e-05 6.32774e-07
79 2.8135e-05 -4.46481e-05 6.32729e-07
80 2.81511e-05 -4.46532e-05 6.32683e-07
