26 -2.15153 -0.86719 -1.65674e-09
27 465.407 0.0310938 -4.07271e-06
28 0.0337933 -0.175533 2.35546e-05
29 -2458.27 32.1858 -1.13141e-09
30 -2430.26 413.103 1.94632e-10
31 -2397.28 357.797 5.09317e-11
32 -2398.58 388.376 4.6839e-10
33 -2393.9 388.663 -9.82254e-10
34 -2392.83 389.581 2.81034e-10
35 -2392.08 390.329 4.66571e-10
36 -2391.45 391.095 -2.71029e-10
37 -2390.86 391.872 -4.36557e-10
38 -2390.44 392.562 -1.36424e-10
39 -2390.05 393.232 4.65661e-10
40 -2389.76 393.93 -5.70253e-10
41 -2389.47 394.627 -7.86713e-10
42 -2389.18 395.337 1.39153e-10
43 -2388.91 396.058 1.00772e-09
44 -2388.69 396.781 -5.12046e-10
45 -2388.49 397.512 5.2205e-10
46 -2388.28 398.239 2.81943e-11
47 -2388.1 398.971 -1.06411e-10
48 -2387.93 399.697 -3.51065e-10
49 -2387.76 400.438 8.74024e-10
50 -2387.6 401.18 1.10958e-10
51 -2387.44 401.92 -8.94033e-10
52 -2387.3 402.661 -1.0823e-10
53 -2387.14 403.399 5.91172e-11
54 -2387 404.133 7.10315e-10
55 -2386.87 404.865 -1.66438e-10
56 -2386.75 405.592 -5.3933e-10
57 -2386.62 406.316 8.54925e-11
58 -2386.49 407.038 3.31966e-10
59 -2386.36 407.753 -8.0945e-11
60 -2386.24 408.469 -6.77574e-10
61 -2386.12 409.18 -2.71029e-10
62 -2386 409.888 -1.36424e-10
63 -2385.88 410.593 2.74667e-10
64 -2385.77 411.295 1.33969e-09
65 -2385.65 411.994 -2.1555e-10
66 -2385.54 412.689 -2.68301e-10
67 -2385.43 413.381 -2.68301e-10
68 -2385.32 414.068 -2.12822e-10
69 -2385.21 414.752 1.06593e-09
70 -2385.1 415.432 -8.94943e-10
71 -2384.99 416.109 -3.51065e-10
72 -2384.89 416.782 -2.42835e-10
73 -2384.78 417.451 1.03591e-09
74 -2384.68 418.117 -2.7012e-10
75 -2384.58 418.782 4.62933e-10
76 -2384.48 419.442 -5.38421e-10
77 -2384.37 420.098 -2.36469e-11
78 -2384.27 420.749 -2.40107e-10
79 -2384.17 421.399 1.11959e-09
80 -2384.06 422.053 2.44654e-10
