26 0.249222 0.148431 -8.72458e-12
27 -2.91306e-06 -1.29754e-05 7.11152e-08
28 0.00117395 -0.00490872 1.19685e-05
29 -4.61041e-05 -4.31308e-07 4.87875e-07
30 -2.17974e-05 8.02055e-07 1.2426e-07
31 -6.79737e-06 2.41136e-07 1.11589e-07
32 -5.11498e-06 2.05244e-07 8.98466e-08
33 -4.85952e-08 -3.98088e-08 -5.76949e-09
34 3.89168e-08 4.40091e-08 1.85571e-09
35 -9.86115e-08 -7.61549e-08 -5.64569e-10
36 1.36863e-07 9.82707e-08 -2.92857e-10
37 -8.05358e-10 4.62546e-09 -2.33717e-09
38 -5.45565e-08 -5.00254e-08 2.74122e-09
39 1.96837e-08 1.90569e-08 -6.61248e-09
40 1.12734e-07 9.64137e-08 2.58581e-09
41 -1.18468e-07 -9.93073e-08 2.4711e-09
42 5.61035e-08 4.55848e-08 -8.01128e-09
43 -4.01342e-08 -3.51504e-08 3.20597e-11
44 -6.0104e-08 -6.11374e-08 3.35547e-09
45 4.46071e-08 2.90279e-08 9.82595e-10
46 -2.65359e-08 -1.02402e-08 -5.37625e-09
47 -7.57732e-08 -5.89446e-08 9.79526e-10
48 5.07985e-08 3.48946e-08 3.85262e-09
49 -6.3048e-08 -4.88531e-08 3.95778e-09
50 1.337e-08 8.57858e-09 -3.05874e-09
51 1.47952e-08 1.99282e-08 7.49651e-10
52 -4.30518e-08 -3.31322e-08 -2.82955e-09
53 2.82853e-08 2.12683e-08 5.58578e-09
54 8.67385e-09 8.00651e-09 -6.93433e-09
55 4.03829e-08 1.95109e-08 4.93787e-09
56 -2.73922e-08 -1.85037e-09 4.44857e-10
57 1.81517e-08 2.22128e-08 2.68051e-09
58 3.96158e-08 2.99822e-08 -2.19688e-09
59 -2.5283e-08 -1.71597e-08 2.48087e-09
60 -4.82032e-11 -9.65338e-09 -7.28903e-09
61 3.23212e-08 4.3598e-08 3.6481e-09
62 -4.99294e-08 -4.21696e-08 5.02769e-09
63 6.27824e-09 1.543e-08 -6.5761e-09
64 1.01396e-07 6.82471e-08 6.21696e-09
65 1.85773e-08 3.34878e-08 -8.01379e-09
66 9.40827e-09 2.8117e-09 8.27708e-09
67 7.39087e-08 4.61409e-08 2.30773e-09
68 -8.37035e-08 -4.77301e-08 -6.4058e-09
69 1.01035e-07 8.48554e-08 5.15013e-09
70 2.87696e-08 1.35769e-08 1.39346e-09
71 -1.222e-08 -7.16773e-09 -4.29191e-09
72 -2.36578e-08 -1.81078e-08 7.01448e-11
73 -1.90648e-08 -1.82913e-08 7.12998e-09
74 3.40187e-08 1.38798e-08 -1.78534e-09
75 -2.50961e-08 -1.87506e-08 3.75394e-10
76 5.40226e-08 4.76116e-08 -9.43601e-12
77 -3.52366e-08 -2.81439e-08 -6.30712e-09
78 3.03962e-08 3.46865e-08 3.73507e-09
79 -7.17546e-08 -7.66929e-08 2.56784e-09
80 -2.0364e-08 -9.98671e-09 -4.1191e-09
