26 -0.0312181 -0.0580581 7.26228e-12
27 5.66729e-06 -6.98811e-07 4.86034e-09
28 -0.00484642 -0.00648149 -9.04841e-06
29 7.40965e-09 7.9162e-08 5.52973e-10
30 -4.61068e-09 -5.90675e-08 -1.1355e-09
31 3.33748e-08 2.96334e-07 3.39605e-09
32 -2.79279e-08 -2.20653e-07 -1.02091e-08
33 2.13313e-08 1.55285e-07 1.49353e-08
34 -3.96813e-09 -1.28259e-08 -1.89812e-09
35 1.1496e-08 8.42306e-08 -1.77624e-09
36 8.22092e-09 1.02018e-07 3.02862e-10
37 -4.43761e-08 -4.3018e-07 1.02041e-08
38 2.0787e-08 1.43608e-07 6.21048e-09
39 7.50788e-10 4.91276e-08 -1.43223e-08
40 -8.5156e-09 -8.24555e-08 1.66547e-08
41 7.29733e-09 1.16023e-07 -3.12252e-08
42 6.13954e-09 -1.81166e-09 2.81116e-08
43 4.56844e-08 4.21849e-07 -1.59471e-08
44 -4.94019e-08 -4.3613e-07 4.76166e-09
45 1.5305e-08 8.48434e-08 1.39853e-08
46 1.25438e-08 1.17136e-07 -5.7471e-09
47 -1.01013e-08 -5.13175e-08 -1.79261e-09
48 -1.99861e-09 -1.36378e-08 -1.04642e-08
49 -9.24456e-09 -8.01436e-08 1.31913e-08
50 3.66481e-09 2.58215e-08 1.57343e-10
51 2.00571e-08 1.74644e-07 -3.58978e-09
52 1.27252e-08 1.02378e-07 3.32648e-09
53 -2.39738e-08 -2.25015e-07 8.13452e-09
54 -8.29868e-09 -9.90354e-08 3.55158e-09
55 1.29376e-08 1.33869e-07 -4.13274e-09
56 2.54699e-08 2.27918e-07 2.57478e-09
57 6.71798e-09 8.91959e-08 -8.31051e-09
58 -1.27889e-08 -1.07157e-07 7.15772e-09
59 -3.49432e-08 -2.95262e-07 -1.08039e-08
60 2.91889e-08 2.75129e-07 4.50336e-09
61 2.73385e-08 2.15537e-07 2.97132e-09
62 -1.65414e-08 -1.26542e-07 -6.1209e-10
63 -1.2551e-10 -3.20442e-08 -2.7685e-09
64 9.38599e-10 5.17773e-08 -1.08244e-08
65 -1.81717e-09 -1.83953e-08 5.31736e-09
66 -1.11268e-08 -1.3585e-07 4.28872e-09
67 3.65344e-09 3.14424e-08 -2.69483e-09
68 -9.59062e-10 -9.02537e-09 -4.32465e-09
69 -1.27457e-08 -1.12892e-07 1.07934e-08
70 1.34087e-08 1.64532e-07 -1.33614e-08
71 8.48104e-10 -6.99193e-08 2.29229e-08
72 -2.45063e-08 -1.94909e-07 -3.36559e-09
73 2.65059e-08 2.12971e-07 2.55022e-09
74 3.15777e-09 3.15301e-08 8.25321e-09
75 -5.6998e-09 -3.70079e-08 -8.13952e-09
76 -2.65368e-08 -2.19531e-07 1.50658e-09
77 2.01903e-08 1.74366e-07 -6.18456e-11
78 1.79621e-08 1.25794e-07 1.03241e-08
79 -2.97227e-08 -2.52467e-07 3.85808e-09
80 1.74605e-08 1.53765e-07 -6.94899e-09
