26 2.11184 -2.29684 6.74022e-09
27 -0.000369686 -2.20558e-05 2.25536e-08
28 -0.193795 -0.0254908 6.1651e-07
29 0.00012884 4.29384e-05 -2.37706e-08
30 -5.82077e-11 -4.23122e-08 2.07865e-09
31 5.09317e-11 -9.66183e-08 -4.27417e-09
32 6.54836e-11 1.58423e-07 7.92625e-10
33 8.00355e-11 -1.90854e-07 -3.87536e-09
34 6.54836e-11 -3.62713e-08 1.63664e-09
35 3.34694e-10 -5.50193e-08 6.13909e-11
36 3.56522e-10 9.04947e-08 -6.24641e-09
37 -2.18279e-10 -1.46408e-07 3.98086e-09
38 -1.89175e-10 7.51883e-09 3.92447e-10
39 -2.03727e-10 -4.45342e-08 2.49702e-09
40 4.36557e-11 -3.78267e-09 2.38288e-10
41 -2.25555e-10 -1.16958e-07 1.70212e-09
42 -1.89175e-10 1.34998e-07 1.23418e-09
43 -2.32831e-10 -1.40284e-07 -1.33014e-09
44 4.36557e-11 1.65518e-08 -3.56067e-10
45 5.09317e-11 -4.75108e-08 -1.53068e-09
46 2.91038e-11 -5.88588e-08 1.89675e-09
47 5.82077e-11 5.65282e-08 2.87537e-09
48 3.27418e-10 1.03347e-07 -3.36786e-09
49 2.18279e-11 -8.67172e-08 -1.10049e-10
50 5.82077e-11 -1.0715e-07 1.14687e-09
51 3.12866e-10 1.04122e-07 -2.17051e-09
52 -2.11003e-10 -9.20553e-08 5.87988e-09
53 -2.40107e-10 1.27691e-08 9.27685e-10
54 -2.32831e-10 -7.84646e-08 -3.76258e-09
55 3.34694e-10 1.37292e-07 4.02542e-09
56 -2.11003e-10 -1.28342e-07 -3.05772e-09
57 3.27418e-10 -2.71298e-08 -6.68479e-11
58 3.20142e-10 1.35701e-08 1.72804e-10
59 3.63798e-11 -1.80969e-08 -1.46065e-09
60 6.54836e-11 -9.43601e-08 -6.82121e-11
61 5.09317e-11 1.02535e-07 -2.46018e-09
62 3.27418e-10 -7.2372e-08 -2.54568e-09
63 5.82077e-11 2.56726e-08 1.78488e-09
64 -1.96451e-10 5.58357e-08 -3.13321e-10
65 -1.81899e-10 -3.32276e-08 -4.13911e-09
66 -2.18279e-10 5.12418e-08 1.94632e-09
67 -2.11003e-10 -2.28407e-09 -1.63891e-09
68 6.54836e-11 -8.30017e-08 1.16688e-09
69 3.63798e-11 -4.07619e-08 -2.30193e-09
70 4.36557e-11 6.04608e-09 1.3024e-09
71 5.09317e-11 -4.90145e-08 -2.83399e-09
72 5.82077e-11 -5.96236e-08 3.31693e-09
73 -2.40107e-10 1.27458e-07 1.17143e-09
74 -2.11003e-10 -1.51927e-09 -3.07773e-09
75 7.27596e-11 -2.64167e-08 2.89674e-09
76 5.82077e-11 1.01822e-07 -9.05402e-10
77 -2.47383e-10 1.36166e-08 -2.48519e-09
78 -1.96451e-10 -7.99167e-08 9.68157e-10
79 3.12866e-10 -4.07257e-08 -2.4811e-09
80 2.91038e-11 -9.02777e-09 2.85581e-10
