26 1.00239e-09 -2.15004e-08 2.08114e-08
27 -1.51474e-06 4.81023e-05 7.33664e-05
28 -4.26432e-07 3.94039e-05 5.70038e-05
29 -2.38543e-06 -3.15612e-05 1.07907e-05
30 -2.18835e-06 -2.97559e-05 1.08573e-05
31 -1.80426e-06 -3.07555e-05 1.08785e-05
32 -1.75092e-06 -3.07345e-05 1.08273e-05
33 -1.73211e-06 -3.07797e-05 1.08249e-05
34 -1.72056e-06 -3.08111e-05 1.08225e-05
35 -1.70644e-06 -3.08357e-05 1.08213e-05
36 -1.69301e-06 -3.08587e-05 1.08207e-05
37 -1.67981e-06 -3.08781e-05 1.08202e-05
38 -1.66619e-06 -3.08964e-05 1.08203e-05
39 -1.65239e-06 -3.09115e-05 1.08205e-05
40 -1.6395e-06 -3.09261e-05 1.08209e-05
41 -1.6261e-06 -3.09414e-05 1.08217e-05
42 -1.61248e-06 -3.09526e-05 1.08224e-05
43 -1.59857e-06 -3.09645e-05 1.08233e-05
44 -1.58505e-06 -3.09749e-05 1.08243e-05
45 -1.57124e-06 -3.09851e-05 1.08254e-05
46 -1.5575e-06 -3.09942e-05 1.08265e-05
47 -1.54374e-06 -3.10032e-05 1.08278e-05
48 -1.53002e-06 -3.1012e-05 1.0829e-05
49 -1.51631e-06 -3.10197e-05 1.08303e-05
50 -1.5026e-06 -3.10274e-05 1.08317e-05
51 -1.48884e-06 -3.10349e-05 1.0833e-05
52 -1.47513e-06 -3.10422e-05 1.08344e-05
53 -1.46143e-06 -3.10492e-05 1.08358e-05
54 -1.44768e-06 -3.10562e-05 1.08373e-05
55 -1.43414e-06 -3.10632e-05 1.08388e-05
56 -1.42049e-06 -3.107e-05 1.08403e-05
57 -1.4068e-06 -3.10767e-05 1.08418e-05
58 -1.39304e-06 -3.10836e-05 1.08433e-05
59 -1.37927e-06 -3.10907e-05 1.08448e-05
60 -1.36559e-06 -3.10974e-05 1.08463e-05
61 -1.35186e-06 -3.11038e-05 1.08478e-05
62 -1.33815e-06 -3.11107e-05 1.08493e-05
63 -1.32443e-06 -3.11171e-05 1.08508e-05
64 -1.31073e-06 -3.11234e-05 1.08523e-05
65 -1.29701e-06 -3.11297e-05 1.08538e-05
66 -1.2833e-06 -3.11359e-05 1.08553e-05
67 -1.26958e-06 -3.11421e-05 1.08569e-05
68 -1.25587e-06 -3.11483e-05 1.08584e-05
69 -1.24216e-06 -3.11544e-05 1.08599e-05
70 -1.22846e-06 -3.11605e-05 1.08614e-05
71 -1.21474e-06 -3.11666e-05 1.08629e-05
72 -1.20103e-06 -3.11727e-05 1.08644e-05
73 -1.18732e-06 -3.11787e-05 1.08658e-05
74 -1.1736e-06 -3.11848e-05 1.08673e-05
75 -1.1599e-06 -3.11908e-05 1.08688e-05
76 -1.1462e-06 -3.11968e-05 1.08703e-05
77 -1.1325e-06 -3.12028e-05 1.08718e-05
78 -1.11879e-06 -3.12088e-05 1.08732e-05
79 -1.10509e-06 -3.12148e-05 1.08747e-05
80 -1.09139e-06 -3.12207e-05 1.08762e-05
