26 1.09372e-09 3.2918e-08 1.07377e-10
27 1.26932e-07 0.000258466 -3.3068e-05
28 1.31974e-06 0.000198326 -2.75767e-05
29 -1.70877e-07 -1.05507e-05 -2.12353e-06
30 1.63788e-08 -8.89914e-06 -2.21186e-06
31 3.98102e-07 -9.65648e-06 -2.16196e-06
32 4.51528e-07 -9.74973e-06 -2.15753e-06
33 4.69878e-07 -9.80201e-06 -2.15749e-06
34 4.81033e-07 -9.83546e-06 -2.15627e-06
35 4.94853e-07 -9.86203e-06 -2.15591e-06
36 5.08024e-07 -9.88395e-06 -2.15506e-06
37 5.20976e-07 -9.90352e-06 -2.15462e-06
38 5.34395e-07 -9.91934e-06 -2.15395e-06
39 5.47989e-07 -9.93319e-06 -2.15364e-06
40 5.60729e-07 -9.94631e-06 -2.15345e-06
41 5.73998e-07 -9.95741e-06 -2.15272e-06
42 5.87455e-07 -9.96605e-06 -2.15248e-06
43 6.01216e-07 -9.97399e-06 -2.15193e-06
44 6.14611e-07 -9.98142e-06 -2.15176e-06
45 6.283e-07 -9.98806e-06 -2.15148e-06
46 6.41907e-07 -9.99359e-06 -2.15123e-06
47 6.55566e-07 -9.99887e-06 -2.15101e-06
48 6.69181e-07 -1.00039e-05 -2.15082e-06
49 6.82779e-07 -1.00079e-05 -2.15067e-06
50 6.96384e-07 -1.00118e-05 -2.15049e-06
51 7.10031e-07 -1.00151e-05 -2.15028e-06
52 7.23643e-07 -1.00187e-05 -2.15018e-06
53 7.37248e-07 -1.00218e-05 -2.15006e-06
54 7.50907e-07 -1.00247e-05 -2.14989e-06
55 7.64361e-07 -1.00275e-05 -2.14978e-06
56 7.77927e-07 -1.00303e-05 -2.14967e-06
57 7.91532e-07 -1.00328e-05 -2.14952e-06
58 8.05215e-07 -1.00353e-05 -2.14937e-06
59 8.18899e-07 -1.00381e-05 -2.14914e-06
60 8.32502e-07 -1.00407e-05 -2.14905e-06
61 8.46149e-07 -1.00429e-05 -2.14892e-06
62 8.59782e-07 -1.00454e-05 -2.14874e-06
63 8.73419e-07 -1.00477e-05 -2.14863e-06
64 8.87042e-07 -1.00499e-05 -2.14853e-06
65 9.00688e-07 -1.0052e-05 -2.14841e-06
66 9.14311e-07 -1.00541e-05 -2.1483e-06
67 9.27953e-07 -1.00562e-05 -2.1482e-06
68 9.41585e-07 -1.00582e-05 -2.14809e-06
69 9.55218e-07 -1.00603e-05 -2.14799e-06
70 9.68847e-07 -1.00623e-05 -2.14788e-06
71 9.8249e-07 -1.00643e-05 -2.14778e-06
72 9.96121e-07 -1.00663e-05 -2.14768e-06
73 1.00976e-06 -1.00683e-05 -2.14759e-06
74 1.02341e-06 -1.00703e-05 -2.14749e-06
75 1.03703e-06 -1.00722e-05 -2.14739e-06
76 1.05066e-06 -1.00742e-05 -2.14729e-06
77 1.06429e-06 -1.00762e-05 -2.1472e-06
78 1.07793e-06 -1.00782e-05 -2.1471e-06
79 1.09155e-06 -1.00801e-05 -2.14701e-06
80 1.10518e-06 -1.00821e-05 -2.14691e-06
