26 -1.16407 7.81168 -3.97362e-09
27 0.000649878 -5.97912e-05 -2.61934e-09
28 0.397575 -0.0294097 2.06124e-06
29 -0.00081685 0.000135582 2.89829e-08
30 1.23691e-10 -6.16639e-08 -1.2069e-09
31 -1.96451e-10 1.40444e-07 8.42192e-10
32 0 -3.68899e-08 1.56115e-09
33 -9.45874e-11 -5.97345e-08 -2.03954e-09
34 3.63798e-11 -5.84775e-09 -5.91172e-11
35 1.23691e-10 -9.13474e-08 -1.63845e-09
36 8.00355e-11 1.07821e-07 2.1405e-09
37 1.30967e-10 -4.12723e-08 7.41238e-11
38 -2.18279e-10 -3.88174e-09 1.73077e-09
39 7.27596e-11 7.62536e-08 -1.2601e-09
40 -2.91038e-11 5.71062e-09 -3.9563e-11
41 -7.27596e-12 -1.24205e-07 -2.04045e-09
42 -2.91038e-11 6.23768e-08 -1.02273e-09
43 1.30967e-10 -7.62314e-09 -2.32876e-09
44 1.45519e-11 7.9769e-08 7.28141e-09
45 -2.91038e-11 -3.63208e-08 -4.84215e-09
46 -9.45874e-11 -3.53664e-08 2.04045e-09
47 7.27596e-11 -1.14789e-08 -9.2723e-10
48 1.01863e-10 5.02151e-08 -1.00044e-09
49 6.54836e-11 -8.63254e-08 5.939e-10
50 0 8.28059e-08 -1.43518e-09
51 0 -3.94542e-08 1.8008e-09
52 -2.18279e-11 1.23628e-07 1.5898e-09
53 -7.27596e-12 -1.22881e-10 -3.80214e-09
54 -1.45519e-11 -6.48373e-08 2.31967e-09
55 3.63798e-11 1.72601e-08 2.15687e-09
56 -2.91038e-11 5.48598e-09 -2.0018e-09
57 -2.18279e-11 4.29877e-08 8.4583e-10
58 -7.27596e-12 -7.50693e-08 4.14275e-10
59 9.45874e-11 1.73847e-08 1.99634e-10
60 4.36557e-11 1.0616e-07 -3.08319e-10
61 2.91038e-11 -5.04416e-09 -2.03727e-09
62 -1.45519e-11 -3.79684e-08 2.22553e-09
63 3.63798e-11 4.70641e-08 -2.53067e-09
64 -4.36557e-11 -4.99464e-09 2.46837e-09
65 -7.27596e-12 -5.64644e-08 1.93268e-09
66 -7.27596e-12 -6.40811e-08 -1.72258e-09
67 2.91038e-11 8.84966e-08 1.2983e-09
68 2.91038e-11 -4.34689e-08 -2.26282e-09
69 3.63798e-11 -5.06913e-09 3.13457e-09
70 0 2.16196e-08 2.35559e-10
71 1.45519e-11 -5.44817e-08 -3.03726e-09
72 -4.36557e-11 -4.2276e-08 2.63753e-10
73 1.45519e-11 -2.21112e-08 8.91305e-10
74 -7.27596e-12 3.90957e-08 -9.12223e-10
75 0 5.61586e-09 2.71712e-09
76 7.27596e-12 3.12542e-08 1.54614e-10
77 1.45519e-11 1.06662e-08 -4.45925e-09
78 -2.18279e-11 5.85369e-08 4.82851e-09
79 -1.45519e-11 -2.56887e-08 -1.17961e-09
80 0 -2.42898e-08 1.25965e-09
