26 1.0917e-09 3.22016e-08 -3.53421e-09
27 3.10894e-07 0.000236435 -4.95541e-05
28 1.51087e-06 0.000180495 -3.93543e-05
29 7.25825e-08 -1.20558e-05 -3.5677e-06
30 2.58759e-07 -1.04515e-05 -3.65762e-06
31 6.40221e-07 -1.11844e-05 -3.61539e-06
32 6.93657e-07 -1.12736e-05 -3.6046e-06
33 7.11958e-07 -1.13258e-05 -3.60411e-06
34 7.23068e-07 -1.13585e-05 -3.60259e-06
35 7.36855e-07 -1.13848e-05 -3.60205e-06
36 7.49998e-07 -1.14063e-05 -3.60112e-06
37 7.62923e-07 -1.14256e-05 -3.60058e-06
38 7.7632e-07 -1.14411e-05 -3.59993e-06
39 7.89892e-07 -1.14547e-05 -3.59962e-06
40 8.02614e-07 -1.14678e-05 -3.59946e-06
41 8.15869e-07 -1.14785e-05 -3.59883e-06
42 8.29308e-07 -1.1487e-05 -3.59867e-06
43 8.43054e-07 -1.14947e-05 -3.59824e-06
44 8.56434e-07 -1.15021e-05 -3.59818e-06
45 8.7011e-07 -1.15086e-05 -3.59803e-06
46 8.83702e-07 -1.15141e-05 -3.59792e-06
47 8.9735e-07 -1.15193e-05 -3.59785e-06
48 9.10953e-07 -1.15242e-05 -3.59781e-06
49 9.24538e-07 -1.15282e-05 -3.59781e-06
50 9.38132e-07 -1.1532e-05 -3.5978e-06
51 9.51767e-07 -1.15353e-05 -3.59776e-06
52 9.65368e-07 -1.15389e-05 -3.59782e-06
53 9.78963e-07 -1.15419e-05 -3.59787e-06
54 9.92612e-07 -1.15448e-05 -3.59789e-06
55 1.00606e-06 -1.15476e-05 -3.59796e-06
56 1.01961e-06 -1.15504e-05 -3.59803e-06
57 1.03321e-06 -1.15528e-05 -3.59807e-06
58 1.04688e-06 -1.15554e-05 -3.59811e-06
59 1.06056e-06 -1.1558e-05 -3.59808e-06
60 1.07415e-06 -1.15606e-05 -3.59817e-06
61 1.08779e-06 -1.15629e-05 -3.59822e-06
62 1.10142e-06 -1.15653e-05 -3.59824e-06
63 1.11504e-06 -1.15675e-05 -3.59832e-06
64 1.12866e-06 -1.15698e-05 -3.59841e-06
65 1.14229e-06 -1.15719e-05 -3.59848e-06
66 1.15591e-06 -1.1574e-05 -3.59856e-06
67 1.16954e-06 -1.1576e-05 -3.59865e-06
68 1.18317e-06 -1.15781e-05 -3.59873e-06
69 1.19679e-06 -1.15801e-05 -3.59882e-06
70 1.21041e-06 -1.15821e-05 -3.59891e-06
71 1.22405e-06 -1.15841e-05 -3.599e-06
72 1.23767e-06 -1.15861e-05 -3.59908e-06
73 1.2513e-06 -1.15881e-05 -3.59918e-06
74 1.26494e-06 -1.15901e-05 -3.59927e-06
75 1.27856e-06 -1.15921e-05 -3.59936e-06
76 1.29217e-06 -1.1594e-05 -3.59945e-06
77 1.3058e-06 -1.1596e-05 -3.59955e-06
78 1.31943e-06 -1.1598e-05 -3.59964e-06
79 1.33304e-06 -1.15999e-05 -3.59973e-06
80 1.34666e-06 -1.16019e-05 -3.59982e-06
