26 2.22091e-09 -4.63795e-08 -6.60188e-10
27 -3.32474e-06 -7.57453e-05 -8.06664e-06
28 -5.37372e-07 -5.92051e-05 -6.75459e-06
29 1.72169e-06 -6.97069e-05 -3.22611e-06
30 1.56825e-06 -6.82971e-05 -3.3231e-06
31 2.19604e-06 -6.94828e-05 -3.29977e-06
32 2.2423e-06 -6.92545e-05 -3.28537e-06
33 2.25615e-06 -6.92933e-05 -3.28523e-06
34 2.26774e-06 -6.9312e-05 -3.28352e-06
35 2.28041e-06 -6.93296e-05 -3.28274e-06
36 2.29339e-06 -6.93464e-05 -3.28162e-06
37 2.30561e-06 -6.93606e-05 -3.28086e-06
38 2.31871e-06 -6.93754e-05 -3.28001e-06
39 2.33178e-06 -6.9388e-05 -3.27948e-06
40 2.34376e-06 -6.94012e-05 -3.27908e-06
41 2.3568e-06 -6.94147e-05 -3.27827e-06
42 2.3698e-06 -6.94255e-05 -3.2779e-06
43 2.38343e-06 -6.94367e-05 -3.27728e-06
44 2.39637e-06 -6.94476e-05 -3.277e-06
45 2.40971e-06 -6.94584e-05 -3.27664e-06
46 2.42305e-06 -6.94681e-05 -3.27632e-06
47 2.43645e-06 -6.94785e-05 -3.27605e-06
48 2.44979e-06 -6.94886e-05 -3.27579e-06
49 2.46305e-06 -6.94979e-05 -3.27558e-06
50 2.47638e-06 -6.95073e-05 -3.27536e-06
51 2.48983e-06 -6.95166e-05 -3.27512e-06
52 2.50317e-06 -6.95258e-05 -3.27497e-06
53 2.51649e-06 -6.95349e-05 -3.27481e-06
54 2.52998e-06 -6.9544e-05 -3.27461e-06
55 2.54319e-06 -6.95534e-05 -3.27447e-06
56 2.55653e-06 -6.95626e-05 -3.27434e-06
57 2.56995e-06 -6.95716e-05 -3.27417e-06
58 2.58355e-06 -6.95808e-05 -3.274e-06
59 2.59718e-06 -6.95901e-05 -3.27377e-06
60 2.61065e-06 -6.95993e-05 -3.27365e-06
61 2.62417e-06 -6.96082e-05 -3.2735e-06
62 2.63776e-06 -6.96174e-05 -3.27332e-06
63 2.65131e-06 -6.96262e-05 -3.27319e-06
64 2.66484e-06 -6.96351e-05 -3.27307e-06
65 2.6784e-06 -6.96439e-05 -3.27295e-06
66 2.69196e-06 -6.96527e-05 -3.27282e-06
67 2.70556e-06 -6.96614e-05 -3.2727e-06
68 2.71914e-06 -6.96701e-05 -3.27258e-06
69 2.73274e-06 -6.96788e-05 -3.27247e-06
70 2.74635e-06 -6.96875e-05 -3.27236e-06
71 2.75998e-06 -6.96962e-05 -3.27224e-06
72 2.77361e-06 -6.97048e-05 -3.27213e-06
73 2.78726e-06 -6.97134e-05 -3.27202e-06
74 2.80094e-06 -6.97221e-05 -3.27192e-06
75 2.81459e-06 -6.97306e-05 -3.27181e-06
76 2.82825e-06 -6.97392e-05 -3.2717e-06
77 2.84193e-06 -6.97478e-05 -3.2716e-06
78 2.85563e-06 -6.97564e-05 -3.2715e-06
79 2.86932e-06 -6.97649e-05 -3.27139e-06
80 2.88301e-06 -6.97734e-05 -3.27129e-06
