26 1.01909e-09 3.13114e-08 3.80029e-09
27 -5.06024e-07 0.000252019 4.00182e-05
28 6.48707e-07 0.000196888 3.07457e-05
29 -1.02377e-06 -1.12753e-05 2.89575e-06
30 -8.32737e-07 -9.48186e-06 2.83711e-06
31 -4.50101e-07 -1.03449e-05 2.89697e-06
32 -3.96709e-07 -1.0426e-05 2.8795e-06
33 -3.78183e-07 -1.04771e-05 2.87821e-06
34 -3.66874e-07 -1.05117e-05 2.87825e-06
35 -3.5294e-07 -1.05384e-05 2.87799e-06
36 -3.3967e-07 -1.05615e-05 2.87844e-06
37 -3.26619e-07 -1.05816e-05 2.87853e-06
38 -3.13125e-07 -1.05986e-05 2.87914e-06
39 -2.99452e-07 -1.06131e-05 2.87943e-06
40 -2.86653e-07 -1.06266e-05 2.87971e-06
41 -2.73334e-07 -1.06393e-05 2.88064e-06
42 -2.59814e-07 -1.06486e-05 2.88112e-06
43 -2.45998e-07 -1.06578e-05 2.88196e-06
44 -2.32553e-07 -1.06659e-05 2.88249e-06
45 -2.18819e-07 -1.06735e-05 2.88317e-06
46 -2.05161e-07 -1.06799e-05 2.88382e-06
47 -1.91461e-07 -1.0686e-05 2.88451e-06
48 -1.77805e-07 -1.06918e-05 2.88518e-06
49 -1.64164e-07 -1.06966e-05 2.88583e-06
50 -1.50518e-07 -1.07013e-05 2.88652e-06
51 -1.36831e-07 -1.07056e-05 2.88727e-06
52 -1.23181e-07 -1.07098e-05 2.88791e-06
53 -1.09537e-07 -1.07137e-05 2.88858e-06
54 -9.5843e-08 -1.07174e-05 2.88933e-06
55 -8.23567e-08 -1.0721e-05 2.89003e-06
56 -6.87587e-08 -1.07246e-05 2.89074e-06
57 -5.51204e-08 -1.07279e-05 2.89148e-06
58 -4.14059e-08 -1.07313e-05 2.89224e-06
59 -2.76904e-08 -1.0735e-05 2.89305e-06
60 -1.40573e-08 -1.07384e-05 2.89375e-06
61 -3.79014e-10 -1.07415e-05 2.89448e-06
62 1.32841e-08 -1.07448e-05 2.89526e-06
63 2.69519e-08 -1.07478e-05 2.89598e-06
64 4.06052e-08 -1.07508e-05 2.89669e-06
65 5.42819e-08 -1.07538e-05 2.89742e-06
66 6.79354e-08 -1.07566e-05 2.89814e-06
67 8.16073e-08 -1.07595e-05 2.89885e-06
68 9.52692e-08 -1.07623e-05 2.89957e-06
69 1.08932e-07 -1.07651e-05 2.90028e-06
70 1.2259e-07 -1.07679e-05 2.90099e-06
71 1.36262e-07 -1.07707e-05 2.9017e-06
72 1.49922e-07 -1.07734e-05 2.90241e-06
73 1.63592e-07 -1.07762e-05 2.90312e-06
74 1.77268e-07 -1.07789e-05 2.90382e-06
75 1.90922e-07 -1.07817e-05 2.90453e-06
76 2.04572e-07 -1.07844e-05 2.90523e-06
77 2.18233e-07 -1.07871e-05 2.90592e-06
78 2.31897e-07 -1.07898e-05 2.90662e-06
79 2.45553e-07 -1.07926e-05 2.90732e-06
80 2.59203e-07 -1.07953e-05 2.90801e-06
