26 -2.42476 -0.642854 1.90868e-09
27 -0.00108493 0.000113137 -7.09024e-08
28 -0.356867 0.0525424 -5.58843e-06
29 0.000279691 -0.000106555 2.75228e-07
30 1.89175e-10 -2.38368e-08 -5.82077e-11
31 1.52795e-10 3.37026e-09 -2.82262e-09
32 -1.30967e-10 -1.68343e-08 4.27826e-09
33 7.27596e-12 2.80907e-08 -2.75486e-09
34 2.18279e-11 1.59046e-08 8.53561e-10
35 -1.23691e-10 2.29474e-08 8.27185e-10
36 2.91038e-11 -5.10012e-09 4.62023e-10
37 1.45519e-11 3.29831e-09 9.52241e-10
38 -1.30967e-10 -2.29969e-09 -1.33696e-10
39 -1.45519e-10 -8.8939e-10 1.05183e-09
40 1.45519e-11 1.21659e-08 -3.28782e-10
41 -1.09139e-10 -7.94949e-09 -1.14869e-09
42 -1.30967e-10 1.77754e-08 1.6671e-09
43 -1.30967e-10 -9.26811e-10 6.32099e-10
44 -1.23691e-10 3.76745e-09 -1.51203e-09
45 3.63798e-11 -1.59277e-08 -4.02451e-10
46 -1.16415e-10 4.96135e-08 -9.68612e-10
47 2.18279e-11 -4.306e-08 1.79125e-09
48 1.81899e-10 -6.53344e-09 1.09731e-09
49 5.82077e-11 1.38722e-09 -2.56932e-10
50 -1.01863e-10 2.47837e-08 -9.71795e-10
51 -1.09139e-10 7.94076e-09 1.09594e-10
52 6.54836e-11 -1.87138e-08 -3.31056e-10
53 7.27596e-12 2.99471e-08 -1.19189e-09
54 1.74623e-10 -1.8708e-08 2.4047e-09
55 -8.73115e-11 7.04566e-09 -4.05407e-09
56 1.89175e-10 3.32512e-08 2.43381e-09
57 1.81899e-10 -9.35978e-09 -8.75843e-10
58 7.27596e-12 4.66212e-10 -1.14687e-09
59 2.11003e-10 3.55767e-08 1.0732e-09
60 -1.52795e-10 -1.16968e-08 -7.48514e-10
61 1.81899e-10 6.60218e-08 -8.7357e-10
62 -1.45519e-10 4.23083e-09 9.74978e-10
63 -7.27596e-12 -5.58365e-09 -8.99945e-10
64 1.74623e-10 -1.86221e-09 4.08363e-10
65 2.91038e-11 -3.23073e-08 -1.51385e-09
66 5.82077e-11 1.1242e-08 6.07542e-10
67 -1.23691e-10 3.37318e-08 1.54114e-09
68 1.52795e-10 1.85636e-09 -1.95951e-09
69 4.36557e-11 5.63249e-09 -4.02906e-10
70 2.18279e-11 -2.34574e-09 -1.24601e-09
71 -1.01863e-10 -1.21142e-08 8.30369e-10
72 -1.30967e-10 3.04536e-08 -3.54703e-11
73 3.63798e-11 4.69709e-09 1.35515e-10
74 -1.23691e-10 -6.97668e-09 1.35515e-10
75 5.09317e-11 -1.83918e-09 1.05274e-09
76 -1.30967e-10 -7.00834e-09 -8.75843e-10
77 2.91038e-11 2.1068e-08 -3.7835e-10
78 2.18279e-11 -1.77525e-08 1.27056e-09
79 -1.09139e-10 1.84772e-09 -2.1796e-09
80 2.18279e-11 1.68745e-08 2.89947e-09
