26 1.03265e-09 3.2446e-08 3.22451e-10
27 -2.35275e-07 0.000271771 8.98249e-06
28 9.37078e-07 0.000211462 4.70256e-06
29 -6.58315e-07 -9.82635e-06 7.52303e-07
30 -4.68897e-07 -8.08677e-06 6.76345e-07
31 -8.66528e-08 -8.90243e-06 7.35152e-07
32 -3.32464e-08 -8.99369e-06 7.26997e-07
33 -1.47957e-08 -9.04556e-06 7.26221e-07
34 -3.55284e-09 -9.07997e-06 7.26799e-07
35 1.03325e-08 -9.10673e-06 7.26797e-07
36 2.35599e-08 -9.12945e-06 7.27442e-07
37 3.65687e-08 -9.14938e-06 7.27688e-07
38 5.00303e-08 -9.16591e-06 7.2835e-07
39 6.36696e-08 -9.18009e-06 7.28649e-07
40 7.64433e-08 -9.19343e-06 7.28892e-07
41 8.9741e-08 -9.2054e-06 7.2977e-07
42 1.03234e-07 -9.21436e-06 7.30149e-07
43 1.17027e-07 -9.22299e-06 7.30884e-07
44 1.3045e-07 -9.23071e-06 7.31271e-07
45 1.44165e-07 -9.23779e-06 7.31792e-07
46 1.57801e-07 -9.2437e-06 7.32278e-07
47 1.71483e-07 -9.24937e-06 7.32781e-07
48 1.85122e-07 -9.25474e-06 7.33257e-07
49 1.98744e-07 -9.25912e-06 7.33706e-07
50 2.12373e-07 -9.26328e-06 7.34181e-07
51 2.26043e-07 -9.26707e-06 7.34712e-07
52 2.39676e-07 -9.2709e-06 7.35128e-07
53 2.53303e-07 -9.27429e-06 7.35577e-07
54 2.66983e-07 -9.27753e-06 7.36085e-07
55 2.80455e-07 -9.28069e-06 7.36544e-07
56 2.94039e-07 -9.28379e-06 7.37005e-07
57 3.07663e-07 -9.2866e-06 7.37503e-07
58 3.21364e-07 -9.28951e-06 7.38018e-07
59 3.35066e-07 -9.29265e-06 7.38588e-07
60 3.48687e-07 -9.29558e-06 7.39037e-07
61 3.62351e-07 -9.29816e-06 7.39528e-07
62 3.76002e-07 -9.30103e-06 7.40058e-07
63 3.89656e-07 -9.30357e-06 7.40529e-07
64 4.03297e-07 -9.30609e-06 7.40992e-07
65 4.1696e-07 -9.30852e-06 7.41466e-07
66 4.30601e-07 -9.31095e-06 7.41935e-07
67 4.4426e-07 -9.31332e-06 7.42399e-07
68 4.57909e-07 -9.31567e-06 7.42865e-07
69 4.71559e-07 -9.318e-06 7.43327e-07
70 4.85205e-07 -9.32032e-06 7.43789e-07
71 4.98864e-07 -9.32263e-06 7.44249e-07
72 5.12511e-07 -9.32492e-06 7.4471e-07
73 5.26169e-07 -9.32722e-06 7.45163e-07
74 5.39833e-07 -9.32951e-06 7.45619e-07
75 5.53475e-07 -9.33178e-06 7.46076e-07
76 5.67113e-07 -9.33404e-06 7.46528e-07
77 5.80762e-07 -9.33631e-06 7.4698e-07
78 5.94414e-07 -9.33858e-06 7.4743e-07
79 6.08058e-07 -9.34083e-06 7.47882e-07
80 6.21696e-07 -9.34309e-06 7.4833e-07
