26 -2.20595e-09 -4.08608e-08 -3.67369e-09
27 -4.28905e-05 -2.13461e-05 -1.97696e-05
28 -3.25068e-05 -1.50936e-05 -1.59023e-05
29 -1.49127e-05 -4.69668e-05 -8.39526e-06
30 -1.52424e-05 -4.52627e-05 -8.43582e-06
31 -1.47274e-05 -4.63293e-05 -8.5181e-06
32 -1.45815e-05 -4.62342e-05 -8.46729e-06
33 -1.45652e-05 -4.6276e-05 -8.4656e-06
34 -1.45474e-05 -4.63035e-05 -8.46279e-06
35 -1.45312e-05 -4.63261e-05 -8.46102e-06
36 -1.45149e-05 -4.63478e-05 -8.4596e-06
37 -1.44999e-05 -4.6366e-05 -8.45832e-06
38 -1.44847e-05 -4.63839e-05 -8.45751e-06
39 -1.44701e-05 -4.63988e-05 -8.45683e-06
40 -1.4457e-05 -4.64136e-05 -8.45635e-06
41 -1.44426e-05 -4.64294e-05 -8.45596e-06
42 -1.4429e-05 -4.64411e-05 -8.45577e-06
43 -1.44146e-05 -4.64538e-05 -8.4556e-06
44 -1.44015e-05 -4.64652e-05 -8.45561e-06
45 -1.43879e-05 -4.64765e-05 -8.45566e-06
46 -1.43745e-05 -4.64866e-05 -8.45575e-06
47 -1.43612e-05 -4.6497e-05 -8.45596e-06
48 -1.43481e-05 -4.6507e-05 -8.45618e-06
49 -1.43351e-05 -4.65161e-05 -8.45645e-06
50 -1.43221e-05 -4.65253e-05 -8.45675e-06
51 -1.4309e-05 -4.65343e-05 -8.45708e-06
52 -1.42962e-05 -4.6543e-05 -8.45743e-06
53 -1.42834e-05 -4.65516e-05 -8.45781e-06
54 -1.42704e-05 -4.65602e-05 -8.45822e-06
55 -1.42579e-05 -4.65688e-05 -8.45866e-06
56 -1.42452e-05 -4.65774e-05 -8.45911e-06
57 -1.42324e-05 -4.65857e-05 -8.45955e-06
58 -1.42194e-05 -4.65943e-05 -8.46003e-06
59 -1.42063e-05 -4.66031e-05 -8.46046e-06
60 -1.41936e-05 -4.66115e-05 -8.46093e-06
61 -1.41807e-05 -4.66196e-05 -8.46141e-06
62 -1.41678e-05 -4.66282e-05 -8.46188e-06
63 -1.4155e-05 -4.66363e-05 -8.46237e-06
64 -1.41422e-05 -4.66443e-05 -8.46287e-06
65 -1.41293e-05 -4.66523e-05 -8.46336e-06
66 -1.41165e-05 -4.66603e-05 -8.46386e-06
67 -1.41037e-05 -4.66682e-05 -8.46436e-06
68 -1.40908e-05 -4.66761e-05 -8.46487e-06
69 -1.4078e-05 -4.66839e-05 -8.46537e-06
70 -1.40651e-05 -4.66917e-05 -8.46588e-06
71 -1.40523e-05 -4.66995e-05 -8.46639e-06
72 -1.40394e-05 -4.67073e-05 -8.4669e-06
73 -1.40265e-05 -4.67151e-05 -8.46741e-06
74 -1.40136e-05 -4.67229e-05 -8.46793e-06
75 -1.40007e-05 -4.67306e-05 -8.46844e-06
76 -1.39878e-05 -4.67383e-05 -8.46895e-06
77 -1.39749e-05 -4.6746e-05 -8.46947e-06
78 -1.3962e-05 -4.67537e-05 -8.46998e-06
79 -1.39491e-05 -4.67613e-05 -8.47049e-06
80 -1.39362e-05 -4.6769e-05 -8.47101e-06
