26 1.09416e-09 -2.11777e-08 -2.42594e-08
27 1.25418e-06 4.90723e-05 -7.09524e-05
28 2.49102e-06 3.63097e-05 -5.42421e-05
29 1.321e-06 -3.1859e-05 -1.10527e-05
30 1.50164e-06 -3.04627e-05 -1.11026e-05
31 1.88176e-06 -3.11674e-05 -1.11334e-05
32 1.93525e-06 -3.11823e-05 -1.10893e-05
33 1.9533e-06 -3.12294e-05 -1.10858e-05
34 1.96418e-06 -3.12563e-05 -1.10832e-05
35 1.9778e-06 -3.12798e-05 -1.10816e-05
36 1.9908e-06 -3.12984e-05 -1.10805e-05
37 2.00358e-06 -3.13156e-05 -1.10795e-05
38 2.01687e-06 -3.13297e-05 -1.10792e-05
39 2.03032e-06 -3.13426e-05 -1.1079e-05
40 2.04296e-06 -3.13554e-05 -1.10789e-05
41 2.05614e-06 -3.13654e-05 -1.10791e-05
42 2.06948e-06 -3.13741e-05 -1.10795e-05
43 2.08315e-06 -3.13817e-05 -1.10799e-05
44 2.09646e-06 -3.13898e-05 -1.10805e-05
45 2.11007e-06 -3.13969e-05 -1.10811e-05
46 2.12358e-06 -3.14031e-05 -1.10818e-05
47 2.13717e-06 -3.14093e-05 -1.10826e-05
48 2.15072e-06 -3.14153e-05 -1.10835e-05
49 2.16424e-06 -3.14205e-05 -1.10844e-05
50 2.17777e-06 -3.14255e-05 -1.10853e-05
51 2.19135e-06 -3.143e-05 -1.10863e-05
52 2.20489e-06 -3.14349e-05 -1.10873e-05
53 2.21843e-06 -3.14394e-05 -1.10883e-05
54 2.23203e-06 -3.14437e-05 -1.10894e-05
55 2.24543e-06 -3.14481e-05 -1.10905e-05
56 2.25894e-06 -3.14525e-05 -1.10916e-05
57 2.27248e-06 -3.14564e-05 -1.10927e-05
58 2.28611e-06 -3.14605e-05 -1.10938e-05
59 2.29974e-06 -3.14645e-05 -1.1095e-05
60 2.31329e-06 -3.14688e-05 -1.10961e-05
61 2.32688e-06 -3.14726e-05 -1.10972e-05
62 2.34046e-06 -3.14766e-05 -1.10984e-05
63 2.35405e-06 -3.14805e-05 -1.10996e-05
64 2.36762e-06 -3.14843e-05 -1.11007e-05
65 2.38121e-06 -3.14881e-05 -1.11019e-05
66 2.39478e-06 -3.14918e-05 -1.11031e-05
67 2.40837e-06 -3.14956e-05 -1.11042e-05
68 2.42195e-06 -3.14993e-05 -1.11054e-05
69 2.43553e-06 -3.1503e-05 -1.11066e-05
70 2.44911e-06 -3.15067e-05 -1.11078e-05
71 2.4627e-06 -3.15103e-05 -1.11089e-05
72 2.47628e-06 -3.1514e-05 -1.11101e-05
73 2.48987e-06 -3.15177e-05 -1.11113e-05
74 2.50347e-06 -3.15214e-05 -1.11125e-05
75 2.51704e-06 -3.1525e-05 -1.11137e-05
76 2.53062e-06 -3.15287e-05 -1.11148e-05
77 2.5442e-06 -3.15323e-05 -1.1116e-05
78 2.55779e-06 -3.1536e-05 -1.11172e-05
79 2.57137e-06 -3.15396e-05 -1.11184e-05
80 2.58494e-06 -3.15433e-05 -1.11195e-05
