26 0.291206 -1.63113 -6.15548e-10
27 -6.65352e-06 -9.26983e-06 1.27011e-08
28 0.00345942 -0.0106794 2.9858e-05
29 -1.16943e-08 -2.30068e-08 5.73891e-09
30 7.34444e-08 6.99908e-08 -2.02954e-09
31 -2.54659e-11 -2.32242e-08 -3.0584e-09
32 3.38287e-08 3.6594e-08 3.31966e-09
33 -7.58919e-08 -5.16288e-08 8.13998e-11
34 -3.81806e-08 -5.83611e-08 1.07957e-09
35 -2.68114e-08 2.46291e-09 2.23554e-09
36 5.66401e-08 4.88717e-08 -1.15006e-09
37 5.20899e-08 3.7302e-08 -5.5295e-09
38 -6.54982e-08 -4.85807e-08 5.01427e-09
39 2.05014e-08 1.94659e-08 -2.2942e-09
40 -2.10603e-08 -2.10739e-08 4.17958e-09
41 4.29636e-08 5.33489e-08 -6.23231e-10
42 -3.45926e-09 1.4802e-08 2.56341e-09
43 -1.20999e-08 -3.13921e-08 -2.16073e-09
44 -4.44334e-08 -2.26337e-08 4.06317e-10
45 -6.03941e-08 -4.51803e-08 4.33511e-09
46 7.35781e-09 -7.02016e-09 -1.75078e-10
47 -8.197e-08 -5.14149e-08 7.09633e-10
48 5.4757e-08 3.79607e-08 -2.38833e-09
49 7.45094e-08 5.04706e-08 -4.08522e-09
50 -3.33225e-08 -3.26613e-08 6.68297e-09
51 1.33518e-08 -2.17346e-09 -3.82306e-09
52 4.72774e-08 4.45989e-08 -1.38061e-09
53 -1.08013e-07 -6.40043e-08 6.62772e-09
54 2.51994e-08 1.33982e-08 -5.53746e-09
55 1.81899e-10 1.80853e-09 -1.43268e-09
56 -2.09802e-08 -3.41315e-08 6.12681e-09
57 -6.97855e-09 -8.4417e-09 -1.75396e-09
58 -4.70527e-09 -3.24735e-09 4.16389e-09
59 -2.15296e-08 -3.01047e-08 -5.17957e-09
60 -1.11031e-08 5.81326e-09 8.08359e-09
61 -2.256e-08 -2.63028e-08 1.17848e-09
62 -2.11712e-08 5.62022e-09 -3.39423e-09
63 4.85834e-08 3.54219e-08 3.44426e-09
64 -5.87197e-08 -6.93649e-08 -3.9829e-09
65 7.31097e-09 1.53009e-08 1.27261e-09
66 -1.94564e-08 -1.34489e-08 5.78189e-09
67 1.15015e-07 8.23786e-08 -9.22864e-09
68 -1.02311e-07 -6.14293e-08 7.49696e-09
69 -1.87129e-09 -1.58047e-08 -2.90584e-10
70 5.54046e-08 5.66006e-08 2.29988e-09
71 2.62226e-08 6.33213e-09 4.63842e-11
72 -5.10136e-09 -7.48378e-09 4.04953e-10
73 -5.4441e-08 -1.65653e-08 -5.10863e-09
74 -1.19448e-08 -3.19847e-09 4.57885e-09
75 -2.84649e-08 -3.1428e-08 1.55455e-09
76 3.01056e-08 2.04172e-08 5.20231e-10
77 4.83419e-08 3.48964e-08 -1.59912e-09
78 1.4983e-08 1.65012e-08 7.96035e-10
79 -1.72904e-08 -9.57084e-09 -3.12684e-09
80 3.35322e-08 2.17563e-08 1.89129e-09
