26 0.132498 0.0280476 -1.64997e-11
27 -0.000128754 -0.00032002 -4.58355e-06
28 -0.000112386 -0.000141191 -7.00964e-06
29 0.000437516 7.79362e-05 -2.54476e-05
30 4.2917e-05 -8.90015e-05 1.04581e-06
31 -6.83738e-06 -3.76636e-05 4.12471e-08
32 2.41683e-06 -2.6643e-05 1.5041e-07
33 8.00637e-08 6.40487e-08 1.25146e-09
34 -1.72827e-08 -1.39746e-08 -3.55203e-09
35 -5.46179e-08 -6.15896e-08 -4.8459e-10
36 4.22033e-08 5.82361e-08 -9.07164e-10
37 -6.87896e-08 -7.41557e-08 5.63932e-09
38 9.86383e-08 8.18122e-08 -8.32779e-09
39 -2.58028e-08 -1.64687e-09 2.82927e-09
40 3.6096e-08 1.76531e-08 1.17927e-09
41 -1.19524e-07 -1.1538e-07 -9.01866e-09
42 2.15864e-08 2.04088e-08 3.31562e-09
43 8.88713e-09 -1.05229e-09 1.62538e-09
44 -2.28852e-08 -3.26668e-09 2.70347e-10
45 6.78333e-08 4.90138e-08 3.42681e-09
46 -9.17412e-08 -8.60705e-08 -5.88051e-09
47 5.77284e-08 6.59493e-08 3.10251e-09
48 -4.3317e-08 -4.91607e-08 3.56863e-10
49 8.41555e-09 1.33007e-08 2.63879e-09
50 2.07738e-08 2.83076e-08 2.58296e-10
51 -5.06498e-09 -9.86029e-09 4.80213e-10
52 -6.1304e-08 -7.00475e-08 3.75962e-10
53 1.44132e-08 1.68793e-08 2.49167e-09
54 -1.33982e-08 -1.79152e-08 -2.11844e-09
55 -3.33762e-08 -2.06385e-08 1.07264e-09
56 -2.13222e-08 -3.02223e-08 4.47926e-11
57 2.59247e-08 1.90073e-08 -3.92788e-10
58 -1.40944e-08 6.11453e-09 9.83277e-10
59 -2.62612e-08 -5.13396e-08 -1.54495e-09
60 -7.8162e-09 -5.55701e-10 6.29416e-09
61 -3.83466e-08 -3.64878e-08 -3.26668e-09
62 2.27492e-08 3.19387e-08 2.01487e-09
63 4.29604e-08 5.24196e-08 -2.22008e-09
64 -1.12441e-08 -7.27414e-09 -2.56045e-09
65 -2.76013e-08 -3.22098e-08 2.50213e-09
66 -8.37226e-08 -7.47059e-08 8.77776e-10
67 8.94215e-08 8.02233e-08 4.28474e-09
68 2.6424e-08 2.00459e-08 -4.01241e-09
69 7.26982e-08 4.96557e-08 1.06536e-09
70 -4.99858e-08 -2.46284e-08 8.8346e-10
71 -6.94372e-08 -6.84308e-08 3.06051e-09
72 5.52704e-08 5.48393e-08 4.67992e-10
73 -1.32277e-08 -1.56303e-08 -6.33281e-09
74 -3.71028e-08 -2.67357e-08 1.4262e-10
75 2.90606e-08 2.16244e-08 3.10195e-09
76 1.9274e-08 1.77711e-08 -1.02102e-09
77 -4.10064e-08 -3.58086e-08 -5.51552e-10
78 3.24962e-09 3.25554e-09 -9.28821e-10
79 5.73359e-08 6.6761e-08 4.91582e-09
80 7.41911e-08 6.02188e-08 -5.39052e-09
