26 1.93225 -1.33754 2.59832e-09
27 -0.000631751 -2.0865e-05 4.85743e-08
28 -0.477992 -0.0256658 8.29087e-06
29 0.000944789 0.000116467 -5.10227e-08
30 -4.36557e-11 -1.64336e-08 -1.0964e-09
31 -1.38243e-10 4.47257e-09 1.41472e-09
32 8.73115e-11 -6.04903e-08 5.69344e-10
33 1.01863e-10 2.96375e-09 -2.48383e-09
34 8.73115e-11 2.94441e-08 1.95541e-09
35 3.63798e-11 8.18412e-09 9.39508e-10
36 1.38243e-10 -3.34922e-08 -8.6402e-10
37 1.74623e-10 1.41306e-08 3.61342e-09
38 -2.18279e-11 -3.54489e-08 -1.80898e-09
39 -1.23691e-10 3.49944e-08 -6.85759e-10
40 1.52795e-10 -3.26831e-08 -3.51974e-10
41 5.82077e-11 1.93504e-08 7.22139e-10
42 -1.67347e-10 8.10979e-09 -4.36557e-10
43 1.60071e-10 -8.03233e-08 -8.11269e-10
44 -5.82077e-11 5.76492e-08 3.73893e-09
45 -2.91038e-11 -1.05938e-08 -9.09949e-10
46 -1.67347e-10 -3.71233e-08 2.27647e-09
47 6.54836e-11 -1.49608e-08 -1.48884e-09
48 1.45519e-10 -8.51238e-08 2.32376e-10
49 2.18279e-11 -2.86302e-08 -1.34696e-09
50 3.63798e-11 2.88035e-08 3.5925e-10
51 1.01863e-10 -6.62852e-08 -1.49385e-09
52 2.18279e-11 3.21361e-08 2.14004e-09
53 2.91038e-11 1.41069e-08 4.72482e-10
54 -5.82077e-11 -5.92739e-09 -7.97627e-10
55 -5.82077e-11 1.24045e-09 5.57975e-10
56 7.27596e-12 -1.90931e-08 -6.61657e-10
57 -7.27596e-11 -1.52584e-08 -9.81345e-10
58 -1.67347e-10 -1.58867e-08 -3.22871e-11
59 -1.30967e-10 -4.55833e-09 2.87173e-09
60 -3.63798e-11 3.4002e-08 -9.84528e-10
61 -2.40107e-10 -3.8076e-08 -1.76351e-09
62 3.63798e-11 3.35648e-08 1.96815e-09
63 -3.34694e-10 -7.09736e-08 -8.9176e-10
64 -5.82077e-11 3.45666e-08 -1.8008e-10
65 -1.45519e-11 -3.00493e-08 -1.36015e-09
66 2.03727e-10 -3.3154e-08 3.97768e-09
67 2.91038e-11 5.43882e-08 -2.20189e-09
68 -2.25555e-10 -2.86679e-08 -1.3406e-09
69 -3.34694e-10 4.13732e-09 8.18545e-10
70 -2.83762e-10 5.39822e-08 2.38515e-09
71 2.03727e-10 -3.8797e-08 -1.90175e-09
72 1.74623e-10 -8.17541e-09 -1.21918e-09
73 2.91038e-10 1.12125e-08 7.98082e-10
74 -2.18279e-11 4.8604e-08 2.5957e-09
75 -2.98314e-10 -2.17774e-08 -2.67482e-09
76 2.61934e-10 -5.31443e-09 3.61979e-10
77 1.30967e-10 -3.64523e-08 6.94854e-10
78 2.83762e-10 2.1534e-08 1.55887e-09
79 7.27596e-11 -1.03567e-08 -1.93722e-10
80 -3.7835e-10 -1.05664e-08 -2.26191e-09
