26 0.480079 -2.34081 -2.30307e-10
27 -5.91399e-05 3.81166e-05 1.25965e-07
28 0.145788 0.0464254 -1.89401e-05
29 -3.74633e-05 -3.06595e-05 -1.75233e-07
30 -2.91038e-11 4.43235e-10 4.60659e-10
31 -1.89175e-10 -5.9002e-10 -5.4888e-10
32 1.30967e-10 2.5676e-08 -4.27008e-10
33 -1.45519e-11 -2.95096e-08 1.18189e-09
34 -1.60071e-10 1.81582e-08 4.37922e-10
35 -4.36557e-11 3.19186e-09 -1.55524e-10
36 -1.45519e-11 -3.33203e-08 -1.24601e-10
37 -1.45519e-11 5.23218e-08 2.41016e-10
38 -2.91038e-11 -2.76849e-08 -6.48015e-10
39 -2.03727e-10 1.82129e-08 2.92493e-09
40 -1.74623e-10 -8.63416e-11 -9.65883e-10
41 -1.67347e-10 -2.41189e-09 9.56788e-10
42 -7.27596e-12 1.02404e-08 -1.06775e-09
43 1.30967e-10 3.87744e-08 -1.55887e-09
44 2.83762e-10 -1.55564e-08 1.77351e-11
45 -3.49246e-10 2.51665e-08 2.91038e-10
46 2.76486e-10 -1.31992e-08 3.34694e-10
47 1.01863e-10 -1.50815e-09 -9.40418e-10
48 1.23691e-10 1.86159e-08 -2.29647e-10
49 -1.52795e-10 -2.95643e-08 -1.26192e-09
50 -1.81899e-10 8.32073e-09 1.37561e-09
51 1.09139e-10 2.00319e-08 2.38288e-10
52 -1.60071e-10 -6.62549e-09 1.79261e-09
53 -4.80213e-10 1.20882e-08 -1.14051e-09
54 1.09139e-10 -2.06622e-08 1.16415e-10
55 1.16415e-10 4.55899e-09 -1.58616e-09
56 -1.67347e-10 1.30668e-09 3.66981e-10
57 1.23691e-10 2.7659e-09 -8.23093e-11
58 -1.67347e-10 -1.64832e-08 8.58108e-10
59 -1.60071e-10 -1.22408e-08 3.1514e-10
60 1.23691e-10 4.66778e-08 2.63753e-10
61 1.52795e-10 3.18899e-09 -2.25555e-10
62 -4.94765e-10 -2.76734e-08 -4.26553e-10
63 -1.96451e-10 7.46016e-09 2.83762e-10
64 -1.67347e-10 5.60893e-08 -1.66074e-09
65 1.30967e-10 -3.38096e-08 1.42563e-09
66 1.09139e-10 -1.93296e-08 -1.29603e-10
67 1.45519e-10 1.30956e-09 -7.95808e-10
68 3.85626e-10 1.44282e-08 7.00311e-11
69 4.29281e-10 -2.67668e-08 -9.69521e-10
70 4.43833e-10 1.02261e-08 5.58884e-10
71 1.74623e-10 8.49056e-10 4.57476e-10
72 -1.60071e-10 -1.46786e-09 -3.25599e-10
73 1.38243e-10 -1.08477e-08 2.88765e-10
74 -1.67347e-10 4.60504e-09 -8.16726e-10
75 -1.60071e-10 1.02376e-08 8.77208e-10
76 4.29281e-10 -3.89385e-08 6.80757e-10
77 -2.03727e-10 -1.08477e-08 -4.50655e-10
78 1.16415e-10 1.01973e-08 -5.77074e-10
79 1.30967e-10 2.98752e-08 1.00454e-09
80 -1.60071e-10 -3.05343e-08 1.84173e-10
