26 -4.09336e-09 -3.96852e-08 -4.10102e-09
27 -5.18874e-05 -1.59564e-05 -1.71787e-05
28 -3.97452e-05 -1.07571e-05 -1.38274e-05
29 -1.87378e-05 -4.46759e-05 -7.3109e-06
30 -1.90801e-05 -4.29641e-05 -7.32188e-06
31 -1.86047e-05 -4.40071e-05 -7.40181e-06
32 -1.84359e-05 -4.39257e-05 -7.3588e-06
33 -1.84188e-05 -4.39679e-05 -7.35698e-06
34 -1.83997e-05 -4.39963e-05 -7.35468e-06
35 -1.83827e-05 -4.40193e-05 -7.35314e-06
36 -1.83657e-05 -4.40414e-05 -7.35199e-06
37 -1.83502e-05 -4.40599e-05 -7.35091e-06
38 -1.83346e-05 -4.40781e-05 -7.35027e-06
39 -1.83197e-05 -4.40931e-05 -7.34971e-06
40 -1.83064e-05 -4.4108e-05 -7.3493e-06
41 -1.82919e-05 -4.41239e-05 -7.34904e-06
42 -1.82782e-05 -4.41357e-05 -7.3489e-06
43 -1.82637e-05 -4.41484e-05 -7.34882e-06
44 -1.82506e-05 -4.41598e-05 -7.34885e-06
45 -1.82371e-05 -4.41711e-05 -7.34893e-06
46 -1.82237e-05 -4.41811e-05 -7.34904e-06
47 -1.82105e-05 -4.41915e-05 -7.34926e-06
48 -1.81975e-05 -4.42014e-05 -7.34948e-06
49 -1.81846e-05 -4.42105e-05 -7.34974e-06
50 -1.81718e-05 -4.42195e-05 -7.35003e-06
51 -1.81589e-05 -4.42284e-05 -7.35035e-06
52 -1.81462e-05 -4.42371e-05 -7.35068e-06
53 -1.81335e-05 -4.42455e-05 -7.35103e-06
54 -1.81208e-05 -4.42541e-05 -7.35142e-06
55 -1.81084e-05 -4.42626e-05 -7.35183e-06
56 -1.8096e-05 -4.4271e-05 -7.35225e-06
57 -1.80834e-05 -4.42792e-05 -7.35266e-06
58 -1.80706e-05 -4.42876e-05 -7.35311e-06
59 -1.80577e-05 -4.42963e-05 -7.35353e-06
60 -1.80452e-05 -4.43046e-05 -7.35397e-06
61 -1.80326e-05 -4.43126e-05 -7.35441e-06
62 -1.80199e-05 -4.4321e-05 -7.35486e-06
63 -1.80073e-05 -4.43289e-05 -7.35532e-06
64 -1.79947e-05 -4.43369e-05 -7.35578e-06
65 -1.79821e-05 -4.43447e-05 -7.35624e-06
66 -1.79695e-05 -4.43525e-05 -7.3567e-06
67 -1.79569e-05 -4.43603e-05 -7.35717e-06
68 -1.79443e-05 -4.4368e-05 -7.35764e-06
69 -1.79317e-05 -4.43757e-05 -7.35812e-06
70 -1.79191e-05 -4.43834e-05 -7.35859e-06
71 -1.79065e-05 -4.43911e-05 -7.35906e-06
72 -1.78939e-05 -4.43987e-05 -7.35954e-06
73 -1.78812e-05 -4.44064e-05 -7.36002e-06
74 -1.78686e-05 -4.4414e-05 -7.3605e-06
75 -1.78559e-05 -4.44216e-05 -7.36098e-06
76 -1.78433e-05 -4.44291e-05 -7.36146e-06
77 -1.78306e-05 -4.44367e-05 -7.36193e-06
78 -1.78179e-05 -4.44442e-05 -7.36242e-06
79 -1.78052e-05 -4.44517e-05 -7.36289e-06
80 -1.77926e-05 -4.44593e-05 -7.36337e-06
