26 -0.322676 0.471727 -1.3273e-11
27 -9.15566e-06 -2.19582e-06 9.78616e-10
28 0.00178536 -0.0291642 8.43066e-05
29 7.24367e-09 8.01737e-08 -9.61336e-10
30 1.0531e-07 6.28158e-08 7.74889e-10
31 -1.60312e-07 -8.99687e-08 -1.53523e-09
32 6.70284e-08 2.73046e-08 -1.04856e-08
33 -1.19135e-07 -5.41027e-08 4.38285e-09
34 -1.22416e-07 -3.41486e-08 2.75577e-10
35 2.3947e-08 2.39011e-08 -1.03682e-08
36 1.33072e-07 5.69134e-08 9.27503e-09
37 3.86158e-08 5.87795e-09 -5.11136e-10
38 8.09355e-08 5.46037e-08 4.80213e-10
39 -8.17731e-08 -4.6897e-08 -1.0732e-10
40 -1.53449e-07 -6.99804e-08 -5.7853e-09
41 6.15632e-08 2.69882e-08 6.01449e-09
42 1.44747e-07 7.43405e-08 3.1232e-09
43 3.28919e-08 -4.90138e-09 1.65983e-09
44 -9.39549e-08 -4.5566e-08 -4.64388e-09
45 -2.03017e-07 -7.96026e-08 3.82624e-09
46 1.68652e-07 5.5625e-08 -1.26238e-09
47 -6.78533e-08 -1.81104e-08 -6.6666e-09
48 -8.1875e-08 -2.49152e-08 4.91127e-11
49 2.23164e-07 9.058e-08 -4.00087e-09
50 -7.52152e-10 -2.46303e-09 -8.47649e-10
51 1.20881e-07 4.16363e-08 5.39694e-09
52 -1.83716e-07 -7.51396e-08 4.05544e-09
53 1.29174e-07 5.32091e-08 1.04683e-09
54 -4.19063e-08 -2.11652e-08 -9.03947e-09
55 1.01854e-07 4.9773e-08 1.1969e-09
56 -8.16049e-08 -4.08924e-08 5.6998e-09
57 8.79954e-08 4.5727e-08 -5.69253e-09
58 8.39782e-08 4.24839e-08 -4.80213e-09
59 3.99937e-08 1.7017e-08 9.93987e-09
60 -9.7702e-08 -4.67951e-08 2.14368e-09
61 -1.89593e-08 -2.85897e-08 -2.92403e-09
62 1.26529e-08 -3.63218e-09 1.51522e-09
63 -8.30987e-08 -1.7165e-08 -9.00855e-09
64 -3.0619e-08 -3.95777e-08 3.27873e-09
65 8.94993e-08 4.67946e-08 2.30375e-09
66 1.13922e-07 6.07274e-08 -5.88443e-10
67 1.26337e-07 3.8799e-08 2.50111e-10
68 5.3667e-08 1.67051e-09 6.98128e-09
69 -4.31655e-08 -5.13865e-11 -4.06271e-09
70 1.47355e-07 8.50785e-08 -6.10089e-09
71 -5.92963e-08 -2.40711e-08 7.36691e-09
72 -5.34051e-08 -4.06112e-08 -1.01045e-09
73 5.14306e-08 3.17691e-08 -4.65843e-09
74 4.59659e-08 1.36149e-08 -2.84854e-09
75 -7.87986e-09 1.63246e-08 1.27147e-09
76 2.34852e-07 7.34279e-08 5.70253e-09
77 -7.35317e-08 -2.99028e-08 6.27551e-10
78 -1.08615e-07 -3.65914e-08 4.37467e-10
79 -1.93018e-08 -3.5634e-09 -5.51063e-09
80 1.23621e-07 4.2406e-08 7.63794e-09
