26 0.00689574 -0.180081 2.44218e-11
27 -1.37204e-05 -1.79819e-05 -4.70191e-08
28 0.00448395 0.00431388 1.22906e-05
29 -9.04865e-08 7.86304e-08 1.31217e-09
30 4.12883e-08 -3.30056e-08 5.52518e-09
31 3.50415e-08 -7.13635e-08 -3.46745e-09
32 -7.82979e-08 1.13873e-07 -6.36828e-09
33 -6.39193e-09 -3.78691e-09 3.31352e-09
34 8.65157e-09 -3.26872e-09 -1.49566e-09
35 -2.16419e-08 4.0309e-08 -4.35489e-09
36 1.6089e-09 -7.68068e-10 7.85894e-09
37 -1.20954e-08 1.58989e-08 -3.62479e-09
38 1.75705e-08 -1.17191e-08 2.90765e-09
39 -4.09391e-08 4.54913e-08 -5.00472e-09
40 2.26614e-08 -2.77969e-08 -1.52568e-10
41 9.63109e-09 -3.1348e-09 2.26191e-09
42 3.07577e-08 -4.98021e-08 -1.14119e-09
43 -2.16914e-08 1.80084e-08 -5.0311e-09
44 -2.39397e-08 4.21674e-08 4.33079e-09
45 6.70025e-08 -9.74728e-08 -1.28239e-10
46 -4.411e-08 6.05303e-08 2.09866e-09
47 -5.0502e-08 5.95653e-08 4.5045e-09
48 2.43067e-08 -4.5806e-08 -5.3476e-09
49 2.24663e-08 -1.65869e-08 5.22937e-09
50 -1.52268e-08 2.39088e-08 -3.31397e-09
51 4.24784e-08 -6.90022e-08 1.56933e-09
52 -3.05708e-08 6.14129e-08 -1.83263e-09
53 -3.52097e-08 3.02371e-08 9.67248e-10
54 8.36444e-08 -9.83096e-08 1.31627e-09
55 -7.67973e-08 1.15093e-07 2.37378e-09
56 -3.00865e-08 1.52113e-08 1.47247e-09
57 3.91997e-08 -4.67733e-08 -1.36743e-09
58 5.51699e-09 9.36507e-09 -2.84217e-11
59 6.26806e-08 -9.07228e-08 2.53044e-09
60 -7.63976e-11 -1.99427e-08 -4.33624e-09
61 3.1705e-08 -4.50077e-08 -4.52292e-09
62 -2.94417e-08 6.88738e-08 1.17693e-08
63 -3.34962e-08 2.93767e-09 -8.33234e-09
64 4.25025e-08 -5.46797e-08 2.65436e-09
65 -9.60258e-08 1.20019e-07 -3.37195e-09
66 3.64321e-08 -2.92512e-08 3.93129e-10
67 4.48836e-08 -7.62575e-08 1.43427e-09
68 1.90316e-08 -4.35261e-09 9.83619e-09
69 -4.19504e-09 2.90047e-08 -1.97929e-09
70 4.07385e-08 -6.65625e-08 4.56339e-10
71 -1.5634e-07 1.89534e-07 1.74759e-09
72 6.37929e-08 -7.48907e-08 -7.40806e-09
73 2.00598e-08 -3.86233e-08 -1.02318e-11
74 6.96145e-08 -8.98856e-08 -2.96268e-10
75 -5.63559e-08 8.73222e-08 1.15381e-08
76 5.29922e-08 -6.82865e-08 -2.40334e-09
77 -3.50533e-08 3.15358e-08 -6.52608e-09
78 -1.74882e-08 2.03536e-08 9.02492e-09
79 8.59927e-09 -5.91922e-09 -5.7521e-09
80 7.13335e-08 -9.63896e-08 -1.24601e-09
