26 0.0481858 -0.0675107 -7.35484e-12
27 -9.16156e-06 -4.00532e-06 -2.71411e-08
28 0.0116951 -0.000627976 2.56138e-05
29 -1.03914e-08 5.27439e-08 -9.00764e-09
30 5.59639e-08 -1.65638e-07 3.97176e-09
31 -2.0159e-09 -1.53697e-08 -7.40465e-09
32 1.05235e-07 -2.91974e-07 3.30965e-09
33 1.29821e-08 -2.52177e-08 5.78166e-09
34 -4.34447e-08 1.30083e-07 6.94854e-10
35 -7.13735e-08 1.97521e-07 -2.43881e-09
36 2.87801e-08 -8.36004e-08 -1.49157e-10
37 -5.96588e-08 1.64204e-07 1.37334e-10
38 1.32618e-08 -2.87407e-08 -2.07274e-09
39 -2.61243e-08 9.23476e-08 -2.5284e-09
40 -5.0894e-08 1.23815e-07 -6.58565e-09
41 1.05289e-07 -2.77633e-07 1.17202e-08
42 -4.78776e-08 1.16775e-07 3.27918e-09
43 3.80592e-08 -1.0026e-07 -1.41154e-09
44 6.55973e-08 -2.11736e-07 2.94449e-09
45 -7.1725e-08 2.2753e-07 1.13414e-08
46 -1.22013e-08 3.80235e-08 -1.28002e-08
47 -3.75521e-08 9.32324e-08 1.49703e-09
48 5.3536e-08 -1.2079e-07 2.22553e-09
49 3.07841e-08 -1.05566e-07 6.91216e-10
50 -6.30926e-08 1.4684e-07 -2.18733e-09
51 7.7056e-08 -2.00032e-07 1.86033e-08
52 3.91406e-08 -1.34059e-07 -9.10677e-09
53 6.83494e-08 -1.68095e-07 4.93219e-09
54 -7.78073e-08 2.19454e-07 -1.16643e-09
55 -1.77106e-08 2.3082e-08 -1.40958e-08
56 -1.55524e-10 6.28154e-09 6.66068e-09
57 8.42556e-08 -2.29693e-07 5.44787e-10
58 -4.54788e-08 1.29771e-07 4.32919e-09
59 -6.98528e-08 1.89501e-07 -1.14333e-08
60 3.61615e-08 -1.00219e-07 1.17611e-08
61 4.52401e-08 -1.32721e-07 -9.61882e-09
62 -1.12565e-07 3.33642e-07 7.59792e-09
63 2.67864e-08 -7.62616e-08 -1.24123e-08
64 5.97265e-09 1.28427e-08 1.23732e-08
65 -4.14634e-08 8.66096e-08 -1.56024e-08
66 -1.06261e-08 7.76625e-08 1.03169e-08
67 -5.7973e-08 1.64963e-07 -4.31464e-09
68 -1.22532e-08 2.22821e-08 6.80302e-10
69 5.4315e-08 -1.60048e-07 -3.28282e-09
70 -2.68205e-08 9.52492e-08 -5.01404e-09
71 2.2801e-09 -1.61793e-08 6.63476e-09
72 -5.12e-09 4.22233e-09 3.60797e-09
73 -3.6589e-09 3.02666e-08 3.38332e-09
74 -6.65459e-08 1.68571e-07 -2.29466e-09
75 2.06983e-08 -4.2632e-08 -7.35827e-09
76 3.07123e-08 -6.07163e-08 7.9508e-09
77 5.29299e-08 -1.79707e-07 -5.28507e-09
78 -4.73078e-08 1.52227e-07 -9.69521e-10
79 -6.84777e-08 2.03588e-07 4.68708e-09
80 -6.41153e-08 1.55804e-07 -1.54405e-08
