26 1.09482e-09 3.24716e-08 -2.62319e-09
27 2.80294e-07 0.000240688 -4.70902e-05
28 1.47907e-06 0.000183882 -3.75959e-05
29 3.20841e-08 -1.17524e-05 -3.32711e-06
30 2.1844e-07 -1.01402e-05 -3.41697e-06
31 5.99946e-07 -1.08769e-05 -3.37332e-06
32 6.5338e-07 -1.0967e-05 -3.36359e-06
33 6.71689e-07 -1.10192e-05 -3.36318e-06
34 6.82807e-07 -1.10521e-05 -3.36171e-06
35 6.96599e-07 -1.10784e-05 -3.3612e-06
36 7.09747e-07 -1.11e-05 -3.36028e-06
37 7.22676e-07 -1.11193e-05 -3.35976e-06
38 7.36077e-07 -1.11349e-05 -3.3591e-06
39 7.49652e-07 -1.11486e-05 -3.35879e-06
40 7.62378e-07 -1.11616e-05 -3.35863e-06
41 7.75635e-07 -1.11724e-05 -3.35797e-06
42 7.89077e-07 -1.1181e-05 -3.35781e-06
43 8.02825e-07 -1.11887e-05 -3.35736e-06
44 8.16208e-07 -1.11961e-05 -3.35728e-06
45 8.29886e-07 -1.12026e-05 -3.3571e-06
46 8.43481e-07 -1.1208e-05 -3.35697e-06
47 8.5713e-07 -1.12133e-05 -3.35687e-06
48 8.70736e-07 -1.12182e-05 -3.35681e-06
49 8.84323e-07 -1.12222e-05 -3.35678e-06
50 8.97918e-07 -1.1226e-05 -3.35675e-06
51 9.11556e-07 -1.12293e-05 -3.35668e-06
52 9.25158e-07 -1.12329e-05 -3.35671e-06
53 9.38755e-07 -1.12359e-05 -3.35673e-06
54 9.52405e-07 -1.12388e-05 -3.35671e-06
55 9.65852e-07 -1.12416e-05 -3.35676e-06
56 9.7941e-07 -1.12444e-05 -3.3568e-06
57 9.93006e-07 -1.12468e-05 -3.35681e-06
58 1.00668e-06 -1.12493e-05 -3.35681e-06
59 1.02036e-06 -1.1252e-05 -3.35675e-06
60 1.03396e-06 -1.12546e-05 -3.35681e-06
61 1.04759e-06 -1.12569e-05 -3.35683e-06
62 1.06122e-06 -1.12593e-05 -3.35682e-06
63 1.07485e-06 -1.12615e-05 -3.35686e-06
64 1.08847e-06 -1.12637e-05 -3.35692e-06
65 1.1021e-06 -1.12658e-05 -3.35696e-06
66 1.11572e-06 -1.12679e-05 -3.35701e-06
67 1.12936e-06 -1.127e-05 -3.35706e-06
68 1.14298e-06 -1.1272e-05 -3.35711e-06
69 1.15661e-06 -1.1274e-05 -3.35717e-06
70 1.17023e-06 -1.1276e-05 -3.35722e-06
71 1.18386e-06 -1.1278e-05 -3.35728e-06
72 1.19749e-06 -1.128e-05 -3.35733e-06
73 1.21112e-06 -1.1282e-05 -3.3574e-06
74 1.22476e-06 -1.1284e-05 -3.35746e-06
75 1.23838e-06 -1.1286e-05 -3.35751e-06
76 1.252e-06 -1.12879e-05 -3.35758e-06
77 1.26562e-06 -1.12899e-05 -3.35764e-06
78 1.27925e-06 -1.12919e-05 -3.3577e-06
79 1.29287e-06 -1.12938e-05 -3.35776e-06
80 1.30649e-06 -1.12958e-05 -3.35782e-06
