26 -0.00904604 -0.0268173 -5.2658e-12
27 1.06729e-06 8.71448e-07 -1.15197e-08
28 0.00258986 -0.00725667 5.13289e-06
29 4.94765e-09 3.06946e-08 2.04509e-08
30 1.64164e-10 -7.70369e-08 -1.937e-08
31 -1.55324e-08 3.0174e-07 -1.07002e-09
32 9.60972e-09 -1.56834e-07 1.90767e-09
33 -2.10921e-08 3.87289e-07 -1.09758e-08
34 1.0823e-09 -4.2857e-08 -9.48648e-09
35 1.84764e-08 -3.11262e-07 1.40449e-08
36 -1.38571e-08 2.95904e-07 5.3642e-09
37 1.89584e-08 -4.1853e-07 -5.41968e-09
38 7.27141e-10 -2.08668e-08 -1.10231e-09
39 2.58615e-09 -3.91187e-08 6.85486e-09
40 -2.8831e-10 4.08973e-08 2.0309e-09
41 1.05274e-09 -5.69144e-08 -7.80483e-09
42 -1.00713e-08 2.56704e-07 9.09495e-09
43 9.29003e-09 -1.87313e-07 7.43057e-09
44 -1.10431e-08 2.01233e-07 -7.11543e-09
45 3.58659e-09 -7.8739e-08 -2.91493e-09
46 1.70076e-09 2.69929e-08 8.56971e-09
47 -2.19234e-09 3.68818e-08 1.26056e-09
48 -8.51423e-09 1.6616e-07 1.17416e-09
49 -1.44428e-09 3.42056e-08 -5.52791e-09
50 9.14952e-10 -9.00378e-09 1.01318e-09
51 1.14369e-09 -6.47699e-08 -9.1286e-09
52 4.53201e-09 -4.20037e-09 2.16623e-08
53 -1.11081e-08 1.65138e-07 -1.20817e-08
54 -2.88628e-09 6.25274e-08 -1.0059e-09
55 2.08888e-08 -4.52735e-07 1.78079e-09
56 -1.52372e-08 2.91842e-07 -1.18953e-08
57 -9.93305e-09 1.91072e-07 -9.00855e-10
58 -3.52611e-09 7.16189e-08 -3.16504e-10
59 1.7144e-09 4.43911e-08 1.32304e-08
60 7.49515e-09 -1.2613e-07 8.55243e-09
61 -1.53159e-09 -1.03663e-08 -1.04646e-08
62 1.28771e-08 -2.27069e-07 8.38554e-09
63 -2.06119e-08 4.07799e-07 -5.60885e-09
64 1.39025e-08 -2.79562e-07 3.2469e-09
65 -1.83577e-08 3.94879e-07 -9.1768e-10
66 7.66613e-09 -1.68802e-07 5.34783e-10
67 1.6812e-09 -2.53403e-08 -8.47649e-10
68 7.54108e-09 -1.85774e-07 4.97494e-10
69 9.1336e-09 -1.27024e-07 7.57791e-09
70 -1.83068e-08 3.46404e-07 -4.52428e-09
71 6.85623e-09 -7.10388e-08 1.64928e-08
72 -6.49834e-10 -1.07e-07 -2.18811e-08
73 9.69476e-09 -1.49909e-07 3.46745e-09
74 1.60935e-09 -3.773e-08 2.97587e-09
75 -1.23468e-08 2.40851e-07 9.14497e-10
76 9.34824e-09 -1.72691e-07 -1.39971e-09
77 -1.31809e-08 2.71898e-07 -2.46837e-09
78 1.0923e-08 -2.80844e-07 -6.31462e-09
79 -5.98129e-09 1.80068e-07 5.03906e-09
80 -1.20963e-10 -5.24609e-09 -2.30921e-09
