26 -0.587095 -0.859679 -1.17884e-10
27 0.508275 7263.59 -1.12935e-06
28 -0.54292 0.702585 -6.08332e-05
29 -0.000572163 -0.00100916 -3.42535e-07
30 -1.60071e-10 4.37439e-09 1.22873e-09
31 -5.82077e-11 -4.10441e-08 -8.71296e-10
32 0 6.96661e-09 5.10227e-10
33 7.27596e-12 -6.75783e-10 -2.04363e-09
34 -8.00355e-11 -2.60545e-08 -1.25419e-09
35 2.18279e-11 -3.81579e-08 1.82672e-09
36 4.36557e-11 -3.09653e-08 -4.30191e-10
37 1.45519e-11 2.05659e-09 5.68434e-11
38 -5.82077e-11 3.46633e-08 1.05047e-10
39 2.91038e-11 3.24035e-08 6.63022e-10
40 1.45519e-11 -2.25365e-08 -1.04501e-09
41 -1.45519e-11 3.05282e-08 9.11314e-10
42 5.82077e-11 -1.80561e-08 -8.76753e-10
43 -1.45519e-11 6.86233e-09 -4.47471e-10
44 -7.27596e-11 -9.6571e-08 -1.32968e-09
45 0 1.04307e-08 -1.49385e-09
46 7.27596e-11 1.60869e-08 3.0077e-09
47 -1.45519e-11 1.75776e-08 -2.6057e-10
48 -2.18279e-11 -3.2993e-08 -4.03816e-10
49 3.63798e-11 6.86085e-08 -1.56751e-09
50 5.09317e-11 -7.52008e-08 1.92631e-09
51 -2.91038e-11 -4.14146e-08 -3.90401e-09
52 2.18279e-11 -2.53969e-08 1.16825e-09
53 7.27596e-12 1.41009e-08 5.50244e-11
54 5.09317e-11 6.15019e-09 -2.18779e-09
55 -5.82077e-11 -3.06506e-09 -7.98536e-10
56 5.09317e-11 3.34916e-08 3.2569e-09
57 1.45519e-11 -7.1062e-08 -1.015e-09
58 1.45519e-11 3.29299e-08 -1.38562e-09
59 -2.91038e-11 -4.74476e-08 2.48201e-09
60 -2.18279e-11 6.27642e-08 -6.51653e-10
61 2.18279e-11 -5.62046e-09 -8.7357e-10
62 0 -3.64733e-08 1.9686e-09
63 5.09317e-11 1.73974e-09 2.59661e-09
64 -7.27596e-12 2.38392e-08 -2.4238e-09
65 8.00355e-11 5.99812e-09 -6.27551e-10
66 8.00355e-11 1.28783e-08 1.45656e-09
67 -2.18279e-11 -6.57653e-08 -1.66983e-09
68 -3.63798e-11 5.19151e-08 -7.68978e-10
69 7.27596e-12 -3.06983e-09 2.08411e-09
70 2.18279e-11 -2.59407e-08 -4.97494e-10
71 5.82077e-11 -3.51415e-08 -3.6016e-10
72 -2.91038e-11 -7.5003e-09 4.39286e-10
73 -2.18279e-11 4.86474e-09 7.1168e-10
74 -3.63798e-11 4.16598e-08 4.04725e-10
75 0 -6.17642e-08 1.11822e-09
76 6.54836e-11 7.94433e-09 -1.79716e-09
77 3.63798e-11 3.62974e-08 9.52241e-10
78 3.63798e-11 -5.80499e-09 -1.84627e-10
79 7.27596e-11 -4.15816e-08 6.68479e-11
80 -1.23691e-10 -3.3671e-08 -8.29459e-10
