26 1.03761e-09 3.24735e-08 3.10121e-10
27 -2.05266e-07 0.000272402 5.3454e-06
28 9.68879e-07 0.000211738 1.57811e-06
29 -6.17809e-07 -9.77063e-06 5.14083e-07
30 -4.28571e-07 -8.0378e-06 4.3663e-07
31 -4.637e-08 -8.8483e-06 4.95024e-07
32 7.03809e-09 -8.94023e-06 4.87908e-07
33 2.54804e-08 -8.99217e-06 4.87194e-07
34 3.6716e-08 -9.02653e-06 4.87828e-07
35 5.05958e-08 -9.05328e-06 4.87855e-07
36 6.38185e-08 -9.07594e-06 4.8852e-07
37 7.68227e-08 -9.09586e-06 4.88783e-07
38 9.02808e-08 -9.11233e-06 4.89448e-07
39 1.03916e-07 -9.12648e-06 4.89748e-07
40 1.16687e-07 -9.1398e-06 4.89986e-07
41 1.29983e-07 -9.15169e-06 4.90855e-07
42 1.43473e-07 -9.16062e-06 4.91224e-07
43 1.57263e-07 -9.16918e-06 4.91945e-07
44 1.70684e-07 -9.17687e-06 4.92315e-07
45 1.84396e-07 -9.1839e-06 4.92818e-07
46 1.9803e-07 -9.18978e-06 4.93285e-07
47 2.1171e-07 -9.1954e-06 4.93765e-07
48 2.25347e-07 -9.20073e-06 4.94219e-07
49 2.38967e-07 -9.20507e-06 4.94644e-07
50 2.52594e-07 -9.2092e-06 4.95095e-07
51 2.66262e-07 -9.21293e-06 4.95601e-07
52 2.79894e-07 -9.21673e-06 4.95991e-07
53 2.93519e-07 -9.22008e-06 4.96414e-07
54 3.07196e-07 -9.22328e-06 4.96895e-07
55 3.20667e-07 -9.2264e-06 4.97327e-07
56 3.3425e-07 -9.22946e-06 4.97759e-07
57 3.47872e-07 -9.23222e-06 4.98229e-07
58 3.61572e-07 -9.2351e-06 4.98716e-07
59 3.75273e-07 -9.23818e-06 4.99258e-07
60 3.88891e-07 -9.24107e-06 4.99679e-07
61 4.02555e-07 -9.24362e-06 5.00141e-07
62 4.16204e-07 -9.24644e-06 5.00643e-07
63 4.29857e-07 -9.24894e-06 5.01085e-07
64 4.43496e-07 -9.25142e-06 5.01519e-07
65 4.57158e-07 -9.25381e-06 5.01964e-07
66 4.70797e-07 -9.25619e-06 5.02405e-07
67 4.84454e-07 -9.25853e-06 5.0284e-07
68 4.98102e-07 -9.26084e-06 5.03278e-07
69 5.11751e-07 -9.26313e-06 5.0371e-07
70 5.25395e-07 -9.26541e-06 5.04144e-07
71 5.39053e-07 -9.26769e-06 5.04575e-07
72 5.52699e-07 -9.26993e-06 5.05007e-07
73 5.66355e-07 -9.27219e-06 5.05432e-07
74 5.80018e-07 -9.27445e-06 5.05859e-07
75 5.93658e-07 -9.27667e-06 5.06288e-07
76 6.07295e-07 -9.2789e-06 5.06711e-07
77 6.20943e-07 -9.28113e-06 5.07134e-07
78 6.34594e-07 -9.28336e-06 5.07556e-07
79 6.48236e-07 -9.28557e-06 5.0798e-07
80 6.61873e-07 -9.2878e-06 5.084e-07
