26 -6.55627e-10 -4.20799e-08 -3.06174e-09
27 -3.33567e-05 -2.86678e-05 -2.10695e-05
28 -2.48371e-05 -2.09842e-05 -1.69551e-05
29 -1.08694e-05 -5.00713e-05 -8.92207e-06
30 -1.11743e-05 -4.83864e-05 -8.98716e-06
31 -1.06218e-05 -4.94817e-05 -9.06548e-06
32 -1.05005e-05 -4.93677e-05 -9.01091e-06
33 -1.0485e-05 -4.94089e-05 -9.00938e-06
34 -1.04686e-05 -4.94354e-05 -9.00626e-06
35 -1.04532e-05 -4.94572e-05 -9.00437e-06
36 -1.04376e-05 -4.94784e-05 -9.00277e-06
37 -1.04232e-05 -4.94961e-05 -9.00137e-06
38 -1.04085e-05 -4.95138e-05 -9.00043e-06
39 -1.03942e-05 -4.95284e-05 -8.99968e-06
40 -1.03813e-05 -4.9543e-05 -8.99915e-06
41 -1.03672e-05 -4.95586e-05 -8.99864e-06
42 -1.03536e-05 -4.95703e-05 -8.9984e-06
43 -1.03393e-05 -4.95829e-05 -8.99814e-06
44 -1.03262e-05 -4.95942e-05 -8.99812e-06
45 -1.03126e-05 -4.96056e-05 -8.99813e-06
46 -1.02992e-05 -4.96157e-05 -8.99818e-06
47 -1.02858e-05 -4.96261e-05 -8.99837e-06
48 -1.02725e-05 -4.96363e-05 -8.99856e-06
49 -1.02595e-05 -4.96455e-05 -8.99881e-06
50 -1.02463e-05 -4.96547e-05 -8.99909e-06
51 -1.02331e-05 -4.96638e-05 -8.99939e-06
52 -1.02201e-05 -4.96727e-05 -8.99973e-06
53 -1.02071e-05 -4.96814e-05 -9.0001e-06
54 -1.01939e-05 -4.96902e-05 -9.0005e-06
55 -1.01812e-05 -4.9699e-05 -9.00093e-06
56 -1.01683e-05 -4.97077e-05 -9.00138e-06
57 -1.01553e-05 -4.97162e-05 -9.00181e-06
58 -1.01421e-05 -4.97249e-05 -9.00227e-06
59 -1.01288e-05 -4.97338e-05 -9.00267e-06
60 -1.01158e-05 -4.97424e-05 -9.00315e-06
61 -1.01028e-05 -4.97507e-05 -9.00361e-06
62 -1.00896e-05 -4.97594e-05 -9.00406e-06
63 -1.00766e-05 -4.97677e-05 -9.00455e-06
64 -1.00635e-05 -4.97759e-05 -9.00504e-06
65 -1.00505e-05 -4.97841e-05 -9.00552e-06
66 -1.00374e-05 -4.97922e-05 -9.00601e-06
67 -1.00243e-05 -4.98003e-05 -9.00651e-06
68 -1.00113e-05 -4.98084e-05 -9.00701e-06
69 -9.99819e-06 -4.98164e-05 -9.00751e-06
70 -9.98511e-06 -4.98244e-05 -9.00801e-06
71 -9.972e-06 -4.98324e-05 -9.00851e-06
72 -9.9589e-06 -4.98404e-05 -9.00901e-06
73 -9.94578e-06 -4.98483e-05 -9.00952e-06
74 -9.93263e-06 -4.98563e-05 -9.01003e-06
75 -9.91951e-06 -4.98642e-05 -9.01053e-06
76 -9.90639e-06 -4.98721e-05 -9.01104e-06
77 -9.89324e-06 -4.988e-05 -9.01154e-06
78 -9.88007e-06 -4.98878e-05 -9.01205e-06
79 -9.86691e-06 -4.98957e-05 -9.01255e-06
80 -9.85375e-06 -4.99035e-05 -9.01306e-06
