26 1.85723 5.59558 6.98413e-09
27 -0.000485069 -2.19371e-05 6.88669e-09
28 -0.316729 -0.0256693 -2.55434e-06
29 0.000386985 7.38811e-05 -9.49103e-09
30 3.63798e-11 -5.51973e-08 1.11049e-09
31 -1.96451e-10 3.34143e-08 -8.25821e-10
32 -1.09139e-10 -4.5334e-09 -1.07002e-09
33 -4.36557e-11 -8.23167e-08 8.31733e-10
34 -2.18279e-11 -8.56824e-09 1.59162e-11
35 1.52795e-10 -7.98293e-08 1.52113e-09
36 -8.00355e-11 5.56065e-08 -1.67529e-09
37 1.74623e-10 4.52226e-08 4.37694e-09
38 7.27596e-11 4.58689e-08 3.2378e-10
39 -1.74623e-10 -2.29413e-08 -3.26872e-09
40 4.36557e-11 -5.00002e-08 2.9986e-09
41 3.0559e-10 2.36184e-09 -1.36333e-09
42 -1.60071e-10 -4.71646e-08 -2.67391e-10
43 -8.73115e-11 -3.93618e-08 5.47425e-09
44 3.85626e-10 3.32891e-08 -6.69115e-09
45 -1.60071e-10 5.46535e-09 1.29239e-09
46 2.47383e-10 1.11375e-08 -5.62522e-10
47 -1.30967e-10 -3.45611e-08 -2.48019e-09
48 -2.18279e-10 2.31461e-08 2.73303e-10
49 -3.71074e-10 3.47528e-08 4.06999e-10
50 -2.32831e-10 -2.56606e-08 -9.94532e-10
51 -1.96451e-10 1.96136e-08 -2.55113e-10
52 -1.09139e-10 4.36338e-08 -9.23137e-11
53 2.91038e-10 1.53806e-08 2.72848e-11
54 -2.91038e-11 -1.30528e-08 -1.70076e-10
55 -2.54659e-10 3.82138e-08 5.08408e-10
56 -8.73115e-11 5.48591e-08 3.69255e-10
57 3.85626e-10 1.59798e-08 8.2764e-11
58 2.11003e-10 7.13277e-08 -3.13594e-09
59 -1.16415e-10 -1.03938e-07 -4.31555e-10
60 -4.36557e-11 -4.15426e-08 3.06045e-09
61 7.27596e-12 -7.81743e-09 -2.55432e-09
62 -2.6921e-10 3.2214e-08 6.04359e-10
63 -1.30967e-10 -3.87353e-08 -1.14323e-09
64 -1.74623e-10 -6.8644e-08 1.36743e-09
65 5.82077e-11 3.08339e-08 -7.77618e-10
66 -1.52795e-10 1.32632e-08 1.00363e-09
67 3.63798e-11 2.21278e-08 -3.03453e-09
68 5.09317e-11 -1.38409e-08 2.02499e-09
69 -1.67347e-10 -2.79938e-08 5.72072e-10
70 8.73115e-11 5.65678e-08 7.95808e-11
71 1.38243e-10 -2.81981e-08 1.26602e-09
72 -1.09139e-10 1.22937e-07 -3.86854e-09
73 -2.54659e-10 -2.21818e-08 -1.78352e-09
74 -1.81899e-10 -4.83725e-08 2.31603e-09
75 -1.89175e-10 -2.30414e-08 2.72257e-09
76 1.45519e-11 3.77453e-08 -2.02817e-09
77 -2.91038e-10 -7.45187e-09 -3.65162e-10
78 8.73115e-11 -1.02609e-08 -6.03904e-10
79 -2.76486e-10 -9.36506e-08 9.49967e-10
80 -8.73115e-11 7.76376e-08 -6.94854e-10
