26 -0.143119 -0.057996 2.39206e-11
27 7.17709e-06 -8.23644e-06 1.85073e-08
28 -0.0109151 0.00332605 -2.28043e-05
29 1.11535e-07 2.27345e-07 2.90493e-09
30 1.21222e-08 1.74239e-08 -1.55705e-09
31 -9.81031e-08 -1.8312e-07 -3.52384e-09
32 -5.72318e-08 -1.28883e-07 7.45786e-11
33 5.434e-08 1.04854e-07 -1.68257e-09
34 -1.86128e-09 -6.68206e-09 4.09591e-09
35 4.24357e-08 9.51233e-08 -6.61248e-09
36 1.52527e-08 4.17026e-08 -5.19685e-09
37 -6.44031e-08 -1.40258e-07 4.92628e-09
38 3.4564e-08 7.37692e-08 -3.19687e-10
39 4.56967e-08 9.00873e-08 9.46238e-09
40 1.62158e-08 2.43432e-08 -6.26869e-09
41 -9.06994e-08 -1.79929e-07 1.24041e-08
42 2.08902e-08 1.20318e-08 -2.54659e-10
43 -5.1331e-08 -8.97563e-08 4.80622e-09
44 5.30108e-08 1.07624e-07 -4.54384e-09
45 -4.54784e-08 -7.30981e-08 -3.7785e-09
46 2.7841e-08 5.12761e-08 -1.42836e-09
47 -2.20643e-09 1.07691e-08 4.2196e-09
48 4.1256e-08 8.73216e-08 -1.32695e-09
49 -6.30916e-08 -1.49398e-07 -3.67163e-09
50 8.7382e-08 1.97384e-07 -9.81117e-09
51 -4.64292e-08 -1.0867e-07 7.18364e-09
52 5.38967e-08 1.0909e-07 -3.21324e-09
53 6.85486e-09 1.86405e-08 1.31831e-09
54 -4.12629e-08 -8.75532e-08 6.10498e-09
55 1.06932e-07 2.05367e-07 -4.33056e-09
56 -5.37589e-08 -8.85698e-08 -1.01772e-09
57 5.33773e-08 1.02979e-07 8.3719e-09
58 -4.02538e-08 -6.59485e-08 -3.82215e-09
59 7.99901e-10 -1.27336e-08 7.55608e-09
60 -5.48384e-08 -1.00531e-07 5.76438e-09
61 7.80437e-08 1.27316e-07 -4.4256e-09
62 -9.77179e-08 -1.68418e-07 4.6598e-09
63 4.97303e-08 9.02091e-08 -1.06693e-08
64 4.4799e-08 1.10166e-07 3.50974e-09
65 9.2029e-08 1.66201e-07 3.79259e-10
66 -2.28729e-08 -4.3107e-08 2.60661e-09
67 -7.8403e-09 2.9172e-09 2.66618e-09
68 -1.94136e-08 -5.18178e-08 -2.3565e-09
69 6.33117e-08 1.3818e-07 2.3033e-09
70 -5.53673e-08 -1.11306e-07 -2.3374e-09
71 -1.19453e-08 -2.85283e-08 1.51886e-10
72 1.04192e-08 1.51691e-08 -3.3906e-09
73 -4.17913e-08 -8.49652e-08 -2.56978e-09
74 -4.85397e-09 -1.50577e-08 2.28692e-09
75 -2.43485e-08 -5.3563e-08 -4.34466e-09
76 -1.30539e-07 -2.59363e-07 3.03226e-09
77 3.05308e-08 5.86195e-08 5.90489e-09
78 2.2299e-08 3.09479e-08 -5.34874e-09
79 -1.04947e-08 -1.07428e-08 7.26686e-10
80 7.88177e-08 1.48402e-07 4.73074e-09
