26 -2.90674e-09 -4.039e-08 -3.90531e-09
27 -4.65134e-05 -1.90087e-05 -1.89096e-05
28 -3.5421e-05 -1.32133e-05 -1.52122e-05
29 -1.6452e-05 -4.59738e-05 -8.03745e-06
30 -1.67882e-05 -4.42655e-05 -8.06703e-06
31 -1.62887e-05 -4.53222e-05 -8.14915e-06
32 -1.61334e-05 -4.52331e-05 -8.10092e-06
33 -1.61169e-05 -4.52751e-05 -8.09917e-06
34 -1.60985e-05 -4.5303e-05 -8.09653e-06
35 -1.6082e-05 -4.53257e-05 -8.09484e-06
36 -1.60654e-05 -4.53476e-05 -8.09352e-06
37 -1.60502e-05 -4.53659e-05 -8.0923e-06
38 -1.60349e-05 -4.5384e-05 -8.09155e-06
39 -1.60202e-05 -4.53989e-05 -8.09092e-06
40 -1.6007e-05 -4.54138e-05 -8.09047e-06
41 -1.59925e-05 -4.54296e-05 -8.09012e-06
42 -1.59789e-05 -4.54414e-05 -8.08995e-06
43 -1.59644e-05 -4.54541e-05 -8.08981e-06
44 -1.59513e-05 -4.54654e-05 -8.08983e-06
45 -1.59378e-05 -4.54767e-05 -8.0899e-06
46 -1.59244e-05 -4.54868e-05 -8.09e-06
47 -1.59111e-05 -4.54972e-05 -8.09022e-06
48 -1.5898e-05 -4.55072e-05 -8.09044e-06
49 -1.58851e-05 -4.55163e-05 -8.09071e-06
50 -1.58722e-05 -4.55254e-05 -8.091e-06
51 -1.58591e-05 -4.55343e-05 -8.09133e-06
52 -1.58463e-05 -4.5543e-05 -8.09168e-06
53 -1.58336e-05 -4.55515e-05 -8.09205e-06
54 -1.58207e-05 -4.55602e-05 -8.09246e-06
55 -1.58082e-05 -4.55687e-05 -8.09289e-06
56 -1.57956e-05 -4.55772e-05 -8.09334e-06
57 -1.57829e-05 -4.55855e-05 -8.09377e-06
58 -1.57701e-05 -4.5594e-05 -8.09424e-06
59 -1.5757e-05 -4.56028e-05 -8.09467e-06
60 -1.57444e-05 -4.56111e-05 -8.09514e-06
61 -1.57316e-05 -4.56192e-05 -8.09561e-06
62 -1.57188e-05 -4.56277e-05 -8.09607e-06
63 -1.5706e-05 -4.56357e-05 -8.09656e-06
64 -1.56933e-05 -4.56437e-05 -8.09704e-06
65 -1.56806e-05 -4.56516e-05 -8.09753e-06
66 -1.56679e-05 -4.56595e-05 -8.09802e-06
67 -1.56551e-05 -4.56674e-05 -8.09851e-06
68 -1.56424e-05 -4.56752e-05 -8.09901e-06
69 -1.56296e-05 -4.5683e-05 -8.09951e-06
70 -1.56169e-05 -4.56908e-05 -8.10001e-06
71 -1.56041e-05 -4.56985e-05 -8.10051e-06
72 -1.55913e-05 -4.57062e-05 -8.10101e-06
73 -1.55785e-05 -4.57139e-05 -8.10151e-06
74 -1.55657e-05 -4.57216e-05 -8.10202e-06
75 -1.55529e-05 -4.57293e-05 -8.10252e-06
76 -1.55401e-05 -4.57369e-05 -8.10303e-06
77 -1.55273e-05 -4.57446e-05 -8.10353e-06
78 -1.55145e-05 -4.57522e-05 -8.10404e-06
79 -1.55017e-05 -4.57598e-05 -8.10454e-06
80 -1.54888e-05 -4.57674e-05 -8.10505e-06
