26 -1.37209 13.7124 -9.10563e-10
27 3.63798e-11 1.92111e-07 1.05803e-09
28 -1.01863e-10 -6.62931e-08 -1.9952e-09
29 5.82077e-11 9.28893e-08 2.04909e-09
30 7.27596e-11 -4.1454e-08 -5.90262e-10
31 -8.73115e-11 3.29807e-08 2.9786e-10
32 -9.45874e-11 1.79683e-08 3.72893e-10
33 5.09317e-11 1.00505e-08 -1.99543e-09
34 -5.82077e-11 -4.01502e-09 1.1355e-09
35 -7.27596e-11 -3.4486e-08 -5.42059e-10
36 8.00355e-11 3.4817e-08 1.28239e-09
37 1.96451e-10 1.47361e-08 -2.06819e-09
38 6.54836e-11 -1.99398e-08 2.00998e-10
39 -1.09139e-10 1.18896e-08 1.95132e-09
40 -6.54836e-11 -6.80106e-09 -7.63976e-11
41 5.82077e-11 2.12753e-08 -2.01635e-09
42 7.27596e-11 1.80114e-08 1.18416e-09
43 -1.01863e-10 -1.33805e-08 -1.08321e-09
44 -1.01863e-10 -2.17847e-08 1.1114e-09
45 5.09317e-11 1.89181e-08 -1.35697e-09
46 -8.00355e-11 1.0062e-08 5.66615e-10
47 3.63798e-11 -3.86593e-08 8.6402e-10
48 5.82077e-11 -3.55451e-09 1.73259e-10
49 -8.00355e-11 2.21992e-08 -1.43245e-10
50 4.36557e-11 -1.3864e-08 -2.95131e-10
51 -9.45874e-11 -1.6722e-09 -4.82032e-11
52 -1.09139e-10 1.61176e-09 -5.27507e-11
53 5.82077e-11 2.08234e-08 -1.94632e-10
54 2.18279e-10 2.58746e-09 1.15688e-09
55 5.09317e-11 -4.70462e-08 -1.64982e-09
56 -8.00355e-11 9.58423e-09 1.92267e-09
57 -1.16415e-10 -1.99168e-08 -1.42791e-09
58 -9.45874e-11 2.12695e-08 1.48157e-09
59 -2.03727e-10 -3.39564e-08 1.05592e-09
60 -7.27596e-11 -4.93602e-09 -6.14364e-10
61 -9.45874e-11 1.18868e-08 1.26875e-10
62 2.25555e-10 1.00332e-08 -1.72531e-09
63 2.32831e-10 -2.93226e-08 2.44472e-09
64 -4.1473e-10 3.39017e-08 7.63976e-11
65 2.40107e-10 -2.69452e-08 8.42192e-10
66 2.03727e-10 -1.19788e-08 -4.44743e-10
67 -8.73115e-11 1.09542e-08 3.2378e-10
68 -3.85626e-10 8.63444e-09 -1.23418e-09
69 2.18279e-10 -3.31102e-08 6.41194e-10
70 2.18279e-10 4.88479e-08 1.00499e-10
71 -7.27596e-11 -2.13386e-08 -1.00044e-10
72 -9.45874e-11 6.76653e-09 1.99179e-10
73 2.03727e-10 -2.61911e-09 -1.76988e-09
74 2.11003e-10 -1.68372e-09 5.0477e-11
75 -3.71074e-10 -1.15644e-08 2.96495e-10
76 -3.49246e-10 4.46027e-08 -1.47975e-09
77 -7.27596e-11 -2.61624e-09 1.99861e-09
78 -6.54836e-11 2.98176e-09 2.71939e-10
79 1.74623e-10 -2.27259e-08 -1.37879e-09
80 2.03727e-10 2.31576e-08 1.13414e-09
