26 2.17654e-09 -4.77617e-08 9.80635e-10
27 1.24078e-05 -4.85534e-05 1.92764e-05
28 1.15851e-05 -3.91086e-05 1.49632e-05
29 8.45167e-06 -5.76109e-05 8.08438e-06
30 8.2892e-06 -5.63906e-05 8.10322e-06
31 9.03048e-06 -5.72382e-05 8.2135e-06
32 9.02504e-06 -5.71201e-05 8.1547e-06
33 9.03788e-06 -5.71614e-05 8.15359e-06
34 9.04778e-06 -5.71816e-05 8.15134e-06
35 9.05924e-06 -5.7201e-05 8.14986e-06
36 9.07177e-06 -5.72172e-05 8.14911e-06
37 9.08333e-06 -5.72319e-05 8.14823e-06
38 9.09647e-06 -5.72452e-05 8.14808e-06
39 9.10938e-06 -5.72574e-05 8.1478e-06
40 9.12133e-06 -5.727e-05 8.14768e-06
41 9.13492e-06 -5.72808e-05 8.1481e-06
42 9.1482e-06 -5.72902e-05 8.14833e-06
43 9.16241e-06 -5.72989e-05 8.14883e-06
44 9.17579e-06 -5.73083e-05 8.14925e-06
45 9.18971e-06 -5.7317e-05 8.14981e-06
46 9.20362e-06 -5.73248e-05 8.15037e-06
47 9.2177e-06 -5.7333e-05 8.15105e-06
48 9.2317e-06 -5.73409e-05 8.15172e-06
49 9.24565e-06 -5.73482e-05 8.15242e-06
50 9.25969e-06 -5.73553e-05 8.15316e-06
51 9.27392e-06 -5.73622e-05 8.15397e-06
52 9.28797e-06 -5.73694e-05 8.15471e-06
53 9.30205e-06 -5.73762e-05 8.15551e-06
54 9.31637e-06 -5.7383e-05 8.15636e-06
55 9.33038e-06 -5.739e-05 8.15722e-06
56 9.34454e-06 -5.73969e-05 8.15809e-06
57 9.3588e-06 -5.74034e-05 8.15897e-06
58 9.37326e-06 -5.74102e-05 8.15988e-06
59 9.38777e-06 -5.74168e-05 8.16078e-06
60 9.40206e-06 -5.74237e-05 8.16165e-06
61 9.41642e-06 -5.74302e-05 8.16254e-06
62 9.43089e-06 -5.74369e-05 8.16345e-06
63 9.44527e-06 -5.74434e-05 8.16434e-06
64 9.45963e-06 -5.74499e-05 8.16523e-06
65 9.47404e-06 -5.74563e-05 8.16612e-06
66 9.48844e-06 -5.74627e-05 8.16701e-06
67 9.50287e-06 -5.74691e-05 8.16789e-06
68 9.51729e-06 -5.74755e-05 8.16878e-06
69 9.53172e-06 -5.74819e-05 8.16966e-06
70 9.54616e-06 -5.74882e-05 8.17055e-06
71 9.56062e-06 -5.74946e-05 8.17143e-06
72 9.57508e-06 -5.75009e-05 8.17231e-06
73 9.58955e-06 -5.75072e-05 8.17318e-06
74 9.60405e-06 -5.75136e-05 8.17406e-06
75 9.61852e-06 -5.75199e-05 8.17493e-06
76 9.633e-06 -5.75262e-05 8.1758e-06
77 9.6475e-06 -5.75325e-05 8.17666e-06
78 9.66201e-06 -5.75388e-05 8.17753e-06
79 9.67651e-06 -5.7545e-05 8.17839e-06
80 9.69101e-06 -5.75513e-05 8.17925e-06
