26 9.47296e-09 -4.337e-08 3.36574e-09
27 5.69251e-05 -1.71559e-05 9.43784e-06
28 4.63265e-05 -1.46272e-05 7.38296e-06
29 2.59185e-05 -4.50467e-05 2.93804e-06
30 2.59009e-05 -4.37417e-05 3.01264e-06
31 2.6758e-05 -4.44812e-05 2.96126e-06
32 2.66423e-05 -4.44459e-05 2.95287e-06
33 2.66528e-05 -4.44889e-05 2.95238e-06
34 2.66573e-05 -4.45129e-05 2.9513e-06
35 2.66656e-05 -4.45346e-05 2.95087e-06
36 2.6676e-05 -4.45522e-05 2.95039e-06
37 2.66856e-05 -4.45684e-05 2.95005e-06
38 2.6698e-05 -4.45821e-05 2.94982e-06
39 2.67101e-05 -4.45949e-05 2.94967e-06
40 2.67217e-05 -4.46077e-05 2.94964e-06
41 2.67357e-05 -4.46181e-05 2.94955e-06
42 2.67493e-05 -4.46273e-05 2.94956e-06
43 2.67641e-05 -4.46355e-05 2.94952e-06
44 2.67782e-05 -4.46443e-05 2.94961e-06
45 2.67931e-05 -4.46524e-05 2.9497e-06
46 2.68079e-05 -4.46594e-05 2.94978e-06
47 2.68232e-05 -4.46667e-05 2.9499e-06
48 2.68383e-05 -4.46738e-05 2.95004e-06
49 2.68536e-05 -4.46801e-05 2.95019e-06
50 2.6869e-05 -4.46862e-05 2.95035e-06
51 2.68846e-05 -4.4692e-05 2.95051e-06
52 2.69001e-05 -4.46981e-05 2.95069e-06
53 2.69156e-05 -4.47039e-05 2.95088e-06
54 2.69315e-05 -4.47095e-05 2.95106e-06
55 2.69471e-05 -4.47153e-05 2.95127e-06
56 2.69629e-05 -4.4721e-05 2.95148e-06
57 2.69788e-05 -4.47263e-05 2.95167e-06
58 2.69949e-05 -4.47318e-05 2.95186e-06
59 2.70111e-05 -4.47373e-05 2.95203e-06
60 2.7027e-05 -4.4743e-05 2.95224e-06
61 2.7043e-05 -4.47482e-05 2.95244e-06
62 2.70591e-05 -4.47536e-05 2.95262e-06
63 2.70752e-05 -4.47589e-05 2.95282e-06
64 2.70912e-05 -4.47642e-05 2.95302e-06
65 2.71072e-05 -4.47694e-05 2.95322e-06
66 2.71233e-05 -4.47746e-05 2.95341e-06
67 2.71394e-05 -4.47797e-05 2.95361e-06
68 2.71554e-05 -4.47849e-05 2.95381e-06
69 2.71715e-05 -4.479e-05 2.954e-06
70 2.71876e-05 -4.47952e-05 2.95419e-06
71 2.72037e-05 -4.48003e-05 2.95438e-06
72 2.72198e-05 -4.48054e-05 2.95457e-06
73 2.72359e-05 -4.48105e-05 2.95476e-06
74 2.7252e-05 -4.48157e-05 2.95495e-06
75 2.72681e-05 -4.48207e-05 2.95514e-06
76 2.72842e-05 -4.48258e-05 2.95532e-06
77 2.73003e-05 -4.48309e-05 2.9555e-06
78 2.73164e-05 -4.4836e-05 2.95569e-06
79 2.73325e-05 -4.48411e-05 2.95587e-06
80 2.73486e-05 -4.48462e-05 2.95604e-06
