26 0.21055 0.0311483 5.94547e-12
27 2.26905e-05 -3.45605e-05 -5.34619e-08
28 0.00580805 -0.0628292 -0.000144195
29 -7.27327e-08 7.57836e-10 -3.71892e-09
30 5.0396e-08 -1.06853e-08 -2.49111e-09
31 -1.00663e-08 1.0997e-08 4.52656e-09
32 2.22653e-08 -1.86276e-08 -3.98177e-09
33 -3.05004e-08 2.34306e-08 1.7917e-09
34 5.20663e-08 -1.70966e-08 -1.3988e-09
35 -7.03089e-08 1.56722e-08 -1.63527e-09
36 1.21363e-08 1.83263e-10 5.37511e-10
37 1.09312e-08 -4.69515e-09 -1.45974e-09
38 4.01515e-08 -6.32019e-09 -1.54614e-11
39 -2.70825e-08 4.12797e-10 -1.49157e-10
40 3.5734e-09 1.71129e-08 -1.17325e-10
41 5.38239e-09 -1.87706e-08 1.62709e-09
42 2.49279e-08 -1.58565e-08 -1.09048e-09
43 -3.3026e-08 5.78098e-10 2.80397e-09
44 -2.22417e-08 2.1883e-08 -2.2892e-09
45 1.18516e-08 -1.33865e-08 1.45792e-09
46 1.07866e-08 1.08063e-08 5.02041e-10
47 -3.40196e-08 1.5774e-09 7.44876e-10
48 -5.20536e-08 1.39897e-08 -1.52249e-09
49 4.39331e-08 -2.00267e-08 1.22236e-09
50 1.97315e-08 -4.6324e-09 -2.85854e-09
51 -2.4585e-08 1.28849e-08 -3.76531e-10
52 -1.88875e-08 1.73141e-08 3.85353e-09
53 5.59203e-09 3.75735e-10 1.638e-09
54 -6.3983e-10 1.36879e-09 -1.74987e-09
55 7.61202e-09 -6.39034e-10 -5.5843e-10
56 -5.79394e-08 1.61001e-08 2.58296e-10
57 7.62157e-09 -1.58932e-08 5.81167e-10
58 9.57289e-09 -1.94416e-09 -1.23782e-09
59 -5.63464e-08 1.61911e-08 7.07587e-10
60 2.9338e-08 -1.5022e-08 -6.51198e-10
61 3.73302e-09 -5.88409e-09 4.53838e-10
62 -1.09962e-08 3.70733e-09 -6.60293e-10
63 -3.03498e-09 8.70284e-09 1.87174e-09
64 3.15099e-08 -1.79926e-08 1.08594e-09
65 -9.06766e-10 -1.66061e-08 -2.67391e-10
66 2.19552e-09 -1.29866e-08 6.40284e-10
67 6.51744e-09 -2.73985e-09 3.31693e-09
68 -2.47414e-08 1.32208e-08 -1.00135e-09
69 -1.07657e-08 1.52045e-09 -2.36469e-11
70 2.42321e-08 -4.86386e-09 -7.33053e-10
71 1.60744e-08 1.34867e-09 9.49512e-10
72 -9.23501e-09 -1.17814e-09 4.63206e-09
73 -8.96894e-08 9.00184e-09 -3.29146e-09
74 -1.56292e-08 6.90659e-09 2.39561e-09
75 -2.22476e-08 9.28378e-09 -3.77531e-09
76 5.26561e-08 -1.38539e-09 2.98223e-09
77 4.88872e-08 -1.45993e-08 -3.97449e-10
78 1.10404e-08 -2.13902e-09 -1.839e-09
79 -6.15601e-08 1.75794e-09 -2.53476e-09
80 4.72974e-08 3.65742e-09 4.81759e-09
