26 2.28678 -1.3186 2.82089e-09
27 187.342 -0.0131525 1.85537e-09
28 1941 -481.206 -0.00226292
29 2225.13 -476.655 1.30058e-09
30 2229.73 -361.213 -6.36646e-11
31 2148.49 -434.109 1.02773e-10
32 2167.96 -411.924 4.00178e-10
33 2163.41 -402.842 -9.06766e-10
34 2163.11 -392.948 1.2169e-09
35 2162.95 -383.375 -1.09685e-09
36 2162.95 -373.872 3.98359e-10
37 2162.95 -364.471 4.80213e-10
38 2163.08 -355.154 3.70164e-10
39 2163.23 -345.963 -7.43057e-10
40 2163.42 -336.848 8.34916e-10
41 2163.7 -327.85 -7.16682e-10
42 2163.96 -318.991 -4.93856e-10
43 2164.28 -310.225 8.6402e-10
44 2164.6 -301.56 -1.17325e-10
45 2164.94 -292.996 -6.61203e-10
46 2165.28 -284.566 1.29148e-10
47 2165.67 -276.243 -2.25555e-10
48 2166.04 -268.002 5.62068e-10
49 2166.42 -259.86 -1.16415e-10
50 2166.8 -251.809 -2.56478e-10
51 2167.18 -243.857 8.07631e-10
52 2167.5 -236.024 -6.27551e-11
53 2167.84 -228.273 1.57343e-10
54 2168.19 -220.612 -1.18234e-10
55 2168.55 -213.036 5.92991e-10
56 2168.9 -205.549 -7.72161e-10
57 2169.25 -198.148 -2.5193e-10
58 2169.6 -190.83 -1.45519e-10
59 2169.95 -183.596 -7.27596e-12
60 2170.3 -176.447 1.2642e-10
61 2170.6 -169.31 5.90262e-10
62 2170.98 -162.403 -1.31786e-09
63 2171.31 -155.487 7.77618e-10
64 2171.65 -148.667 4.01087e-10
65 2171.96 -141.911 1.8008e-10
66 2172.29 -135.249 9.82254e-11
67 2172.62 -128.662 1.36424e-11
68 2172.94 -122.146 -1.71894e-10
69 2173.24 -115.731 9.82254e-11
70 2173.54 -109.389 3.9654e-10
71 2173.84 -103.12 1.53705e-10
72 2174.14 -96.9232 -8.01265e-10
73 2174.44 -90.7976 -1.46429e-10
74 2174.73 -84.7426 2.04636e-10
75 2175.02 -78.7574 -1.20053e-10
76 2175.3 -72.8409 2.36469e-10
77 2175.58 -66.9925 1.63709e-11
78 2175.86 -61.211 -7.17591e-10
79 2176.14 -55.4961 3.43789e-10
80 2176.41 -49.8465 -5.30235e-10
