26 7.25903e-09 -4.41352e-08 3.55946e-09
27 4.89964e-05 -2.0004e-05 1.5054e-05
28 4.01239e-05 -1.6855e-05 1.17743e-05
29 2.31481e-05 -4.60465e-05 5.59226e-06
30 2.30836e-05 -4.4758e-05 5.66328e-06
31 2.39548e-05 -4.5493e-05 5.66888e-06
32 2.38519e-05 -4.5453e-05 5.63797e-06
33 2.38628e-05 -4.54958e-05 5.63721e-06
34 2.38683e-05 -4.55194e-05 5.63538e-06
35 2.38771e-05 -4.5541e-05 5.63441e-06
36 2.38879e-05 -4.55584e-05 5.63365e-06
37 2.38978e-05 -4.55745e-05 5.63299e-06
38 2.39104e-05 -4.55882e-05 5.63268e-06
39 2.39226e-05 -4.56009e-05 5.6324e-06
40 2.39343e-05 -4.56137e-05 5.63229e-06
41 2.39483e-05 -4.56241e-05 5.63231e-06
42 2.39618e-05 -4.56333e-05 5.63236e-06
43 2.39767e-05 -4.56415e-05 5.63248e-06
44 2.39907e-05 -4.56504e-05 5.63267e-06
45 2.40054e-05 -4.56584e-05 5.63292e-06
46 2.40201e-05 -4.56655e-05 5.63316e-06
47 2.40353e-05 -4.56728e-05 5.63349e-06
48 2.40503e-05 -4.568e-05 5.63382e-06
49 2.40653e-05 -4.56863e-05 5.63419e-06
50 2.40806e-05 -4.56925e-05 5.63457e-06
51 2.4096e-05 -4.56984e-05 5.63497e-06
52 2.41113e-05 -4.57046e-05 5.63537e-06
53 2.41267e-05 -4.57104e-05 5.63581e-06
54 2.41423e-05 -4.57161e-05 5.63625e-06
55 2.41577e-05 -4.5722e-05 5.63672e-06
56 2.41733e-05 -4.57278e-05 5.6372e-06
57 2.4189e-05 -4.57332e-05 5.63766e-06
58 2.42049e-05 -4.57388e-05 5.63814e-06
59 2.42208e-05 -4.57443e-05 5.63859e-06
60 2.42365e-05 -4.575e-05 5.63907e-06
61 2.42523e-05 -4.57553e-05 5.63954e-06
62 2.42682e-05 -4.57608e-05 5.64001e-06
63 2.4284e-05 -4.57662e-05 5.64049e-06
64 2.42998e-05 -4.57716e-05 5.64097e-06
65 2.43157e-05 -4.57769e-05 5.64145e-06
66 2.43315e-05 -4.57821e-05 5.64192e-06
67 2.43474e-05 -4.57874e-05 5.6424e-06
68 2.43632e-05 -4.57926e-05 5.64287e-06
69 2.43791e-05 -4.57978e-05 5.64335e-06
70 2.43949e-05 -4.5803e-05 5.64382e-06
71 2.44108e-05 -4.58082e-05 5.64429e-06
72 2.44267e-05 -4.58134e-05 5.64476e-06
73 2.44426e-05 -4.58186e-05 5.64523e-06
74 2.44585e-05 -4.58238e-05 5.64569e-06
75 2.44744e-05 -4.5829e-05 5.64615e-06
76 2.44902e-05 -4.58342e-05 5.64662e-06
77 2.45061e-05 -4.58394e-05 5.64708e-06
78 2.4522e-05 -4.58445e-05 5.64753e-06
79 2.45379e-05 -4.58497e-05 5.64799e-06
80 2.45538e-05 -4.58549e-05 5.64844e-06
