26 -0.0153828 -0.0663745 -5.09175e-12
27 2.9573e-07 7.00879e-07 -1.66128e-08
28 0.00338096 -0.00456166 4.62353e-06
29 -6.30234e-09 1.04673e-07 1.35119e-08
30 -2.47974e-09 -1.99329e-08 -1.34728e-08
31 9.51695e-09 -1.32232e-07 -1.14069e-08
32 -1.06529e-08 1.23353e-07 3.84262e-09
33 1.82122e-08 -2.8601e-07 -1.68493e-08
34 1.46915e-08 -2.09033e-07 5.11591e-09
35 -2.1188e-08 3.30668e-07 1.29248e-08
36 7.87531e-09 -1.0794e-07 -5.55701e-09
37 -1.30717e-08 2.06547e-07 6.90216e-09
38 -6.62794e-09 8.07948e-08 -4.56339e-09
39 -5.05224e-10 3.90982e-08 6.84668e-09
40 -1.35742e-09 3.9833e-09 -5.75255e-10
41 -2.44063e-09 2.3406e-08 -5.83941e-09
42 6.02085e-09 -8.52428e-08 -8.76753e-10
43 -1.48993e-08 2.43166e-07 4.20232e-09
44 1.76806e-08 -2.8165e-07 -2.47655e-09
45 -1.85992e-09 5.99991e-09 1.30422e-09
46 5.56929e-09 -6.8894e-08 1.0974e-08
47 -1.50417e-08 2.03768e-07 -1.26724e-08
48 1.62904e-08 -2.26545e-07 4.64024e-09
49 6.05814e-09 -1.02773e-07 -1.55114e-09
50 3.61888e-09 -5.70485e-08 4.83124e-09
51 4.88262e-09 -7.08727e-08 -1.25692e-09
52 -1.76278e-08 2.76638e-07 5.85987e-09
53 1.26993e-08 -1.8917e-07 -1.06838e-08
54 1.14915e-08 -1.63488e-07 4.82623e-09
55 -1.87879e-08 2.87696e-07 1.13691e-08
56 1.31181e-08 -2.29377e-07 -1.5516e-08
57 1.28493e-08 -1.72665e-07 -1.97679e-09
58 -6.69797e-09 7.80043e-08 -8.97944e-09
59 -6.74572e-09 8.13676e-08 5.91535e-09
60 9.4451e-10 3.15264e-08 1.4028e-08
61 7.27414e-09 -1.15418e-07 -3.15958e-09
62 -1.11017e-08 1.86467e-07 1.07439e-08
63 1.41308e-08 -2.4402e-07 -1.51144e-08
64 -1.06074e-08 1.76721e-07 9.22273e-09
65 6.84531e-09 -1.27688e-07 -1.64146e-08
66 -1.40412e-08 2.02614e-07 -1.39516e-09
67 1.76101e-08 -2.55346e-07 1.53896e-08
68 -1.28139e-08 2.14515e-07 -1.14051e-09
69 -1.8269e-08 2.44602e-07 7.80346e-10
70 2.30125e-08 -3.39097e-07 -4.97994e-09
71 -1.4446e-08 2.21242e-07 7.78073e-09
72 1.5978e-08 -2.11385e-07 -3.4056e-09
73 -1.05374e-08 1.22619e-07 5.05042e-09
74 2.84263e-09 -5.66968e-09 5.48789e-09
75 1.35333e-09 -3.95237e-08 -1.07657e-08
76 -7.87031e-09 1.205e-07 1.65119e-09
77 2.28561e-08 -3.26738e-07 6.79393e-10
78 2.89219e-10 1.13049e-08 9.3155e-09
79 -5.72481e-09 3.22614e-08 -7.27596e-09
80 -9.10859e-09 1.30243e-07 -9.52559e-09
