26 2.03694e-09 -4.79658e-08 -4.69397e-10
27 -8.88234e-07 -7.20308e-05 1.08691e-05
28 1.32824e-06 -5.71921e-05 8.24783e-06
29 2.78584e-06 -6.76409e-05 4.75689e-06
30 2.62733e-06 -6.64069e-05 4.7215e-06
31 3.27629e-06 -6.74232e-05 4.82512e-06
32 3.31398e-06 -6.72281e-05 4.78562e-06
33 3.32766e-06 -6.72679e-05 4.7848e-06
34 3.33901e-06 -6.72856e-05 4.78385e-06
35 3.35149e-06 -6.73033e-05 4.78303e-06
36 3.36442e-06 -6.73187e-05 4.78293e-06
37 3.37655e-06 -6.73325e-05 4.78258e-06
38 3.38968e-06 -6.73459e-05 4.78282e-06
39 3.40273e-06 -6.73578e-05 4.78281e-06
40 3.41472e-06 -6.73704e-05 4.78288e-06
41 3.42787e-06 -6.7382e-05 4.78354e-06
42 3.44092e-06 -6.73918e-05 4.78386e-06
43 3.45467e-06 -6.74015e-05 4.78449e-06
44 3.46769e-06 -6.74115e-05 4.78492e-06
45 3.48114e-06 -6.74211e-05 4.78549e-06
46 3.49458e-06 -6.74297e-05 4.78604e-06
47 3.5081e-06 -6.74389e-05 4.78667e-06
48 3.52156e-06 -6.74478e-05 4.78727e-06
49 3.53494e-06 -6.74561e-05 4.78788e-06
50 3.5484e-06 -6.74643e-05 4.78853e-06
51 3.56198e-06 -6.74724e-05 4.78924e-06
52 3.57545e-06 -6.74806e-05 4.78986e-06
53 3.58891e-06 -6.74886e-05 4.79052e-06
54 3.60254e-06 -6.74966e-05 4.79125e-06
55 3.61589e-06 -6.75048e-05 4.79195e-06
56 3.62937e-06 -6.7513e-05 4.79266e-06
57 3.64294e-06 -6.75207e-05 4.79339e-06
58 3.65669e-06 -6.75288e-05 4.79415e-06
59 3.67047e-06 -6.75368e-05 4.79493e-06
60 3.68408e-06 -6.75449e-05 4.79563e-06
61 3.69775e-06 -6.75526e-05 4.79637e-06
62 3.7115e-06 -6.75606e-05 4.79713e-06
63 3.72519e-06 -6.75683e-05 4.79786e-06
64 3.73886e-06 -6.75761e-05 4.79857e-06
65 3.75257e-06 -6.75838e-05 4.7993e-06
66 3.76628e-06 -6.75915e-05 4.80002e-06
67 3.78002e-06 -6.75991e-05 4.80074e-06
68 3.79375e-06 -6.76067e-05 4.80146e-06
69 3.80749e-06 -6.76143e-05 4.80217e-06
70 3.82125e-06 -6.76219e-05 4.80289e-06
71 3.83502e-06 -6.76295e-05 4.8036e-06
72 3.8488e-06 -6.76371e-05 4.80432e-06
73 3.86259e-06 -6.76447e-05 4.80502e-06
74 3.87641e-06 -6.76522e-05 4.80573e-06
75 3.8902e-06 -6.76598e-05 4.80643e-06
76 3.90401e-06 -6.76673e-05 4.80714e-06
77 3.91783e-06 -6.76748e-05 4.80784e-06
78 3.93167e-06 -6.76823e-05 4.80853e-06
79 3.9455e-06 -6.76898e-05 4.80923e-06
80 3.95934e-06 -6.76973e-05 4.80992e-06
