26 0.20154 0.06293 1.17399e-11
27 2.58551e-05 -3.29129e-05 -7.71361e-08
28 0.0107301 -0.0695488 -0.000159259
29 1.36766e-07 -1.88709e-08 2.53203e-09
30 -1.97824e-08 5.98527e-09 -3.24962e-09
31 3.17305e-08 -1.74498e-08 -2.29193e-10
32 5.83373e-08 -1.46224e-09 2.19825e-09
33 1.00158e-08 -1.86193e-08 -7.95808e-10
34 -3.54239e-08 2.75361e-09 -2.9595e-09
35 4.62251e-09 7.3498e-09 3.15504e-09
36 -1.11663e-08 1.36031e-08 2.69029e-09
37 7.65021e-09 -1.38709e-09 2.39652e-09
38 -2.86659e-08 2.60133e-09 -2.3656e-09
39 -2.14691e-08 -3.12241e-10 1.0441e-09
40 2.64986e-08 5.86624e-10 -4.38376e-10
41 -2.959e-08 9.10677e-09 -4.42924e-10
42 4.11546e-10 -9.15452e-09 -2.96222e-09
43 -9.09804e-08 4.15275e-09 4.82032e-10
44 7.17851e-08 5.77762e-09 4.37285e-09
45 -2.05564e-08 6.98094e-10 -1.12232e-09
46 2.56664e-08 8.78003e-09 -3.09865e-09
47 1.16984e-08 -1.43623e-08 -7.36691e-10
48 -2.67992e-08 8.47001e-09 3.81988e-11
49 -2.29238e-09 6.09828e-09 3.80624e-09
50 2.42112e-08 -8.67493e-09 2.50657e-09
51 -2.04982e-08 -1.71713e-09 -2.60115e-09
52 -1.19935e-08 1.59815e-09 -1.51886e-09
53 1.47829e-08 -1.35287e-10 4.92946e-10
54 4.02188e-08 1.87606e-09 -4.52928e-10
55 -2.77828e-08 1.28813e-09 8.49468e-10
56 -8.99036e-09 5.35914e-09 1.81899e-11
57 3.22657e-08 -1.81395e-08 3.50155e-09
58 2.86559e-08 -4.79429e-09 -5.3069e-09
59 -2.40966e-08 2.013e-09 6.94854e-10
60 -5.27625e-08 1.10045e-08 3.92083e-09
61 -4.63388e-10 2.36776e-09 -2.52294e-09
62 -3.38819e-08 1.53338e-08 -1.29967e-09
63 3.41765e-08 -4.77769e-09 -1.43154e-09
64 9.8315e-08 -2.15015e-08 -3.43789e-10
65 -1.22966e-07 2.78118e-08 -9.3678e-10
66 6.92812e-08 -1.72486e-08 1.85355e-09
67 4.54475e-08 -2.273e-08 -3.63798e-12
68 2.05637e-09 1.52007e-08 1.6189e-10
69 4.31255e-08 -8.46001e-10 1.52886e-09
70 -4.42919e-08 3.03027e-09 -3.82897e-09
71 3.73398e-08 -1.32581e-08 4.36921e-09
72 1.49912e-08 -7.20797e-09 -5.10681e-09
73 -5.03069e-08 2.76373e-10 2.94131e-09
74 -2.344e-08 8.31739e-09 -1.58252e-10
75 -7.76845e-09 1.09361e-09 7.49424e-10
76 3.45249e-08 -2.23479e-08 -2.06091e-09
77 2.50557e-08 2.99224e-10 2.25555e-10
78 -6.01767e-08 1.3456e-08 -4.33829e-10
79 -2.19306e-08 -5.53587e-09 4.57021e-09
80 3.27163e-08 -4.71607e-09 2.80124e-10
