26 1.04307e-09 3.25019e-08 3.32514e-10
27 -1.74917e-07 0.000272714 1.66292e-06
28 1.00104e-06 0.000211741 -1.50034e-06
29 -5.76843e-07 -9.7356e-06 2.7302e-07
30 -3.87787e-07 -8.00973e-06 1.94141e-07
31 -5.62939e-09 -8.81505e-06 2.52057e-07
32 4.77804e-08 -8.90757e-06 2.45992e-07
33 6.62142e-08 -8.95957e-06 2.45342e-07
34 7.74424e-08 -8.99387e-06 2.46033e-07
35 9.13167e-08 -9.02062e-06 2.4609e-07
36 1.04535e-07 -9.04322e-06 2.46774e-07
37 1.17534e-07 -9.06311e-06 2.47054e-07
38 1.30989e-07 -9.07952e-06 2.47722e-07
39 1.4462e-07 -9.09364e-06 2.48023e-07
40 1.57388e-07 -9.10695e-06 2.48256e-07
41 1.70681e-07 -9.11876e-06 2.49116e-07
42 1.84168e-07 -9.12765e-06 2.49472e-07
43 1.97956e-07 -9.13616e-06 2.5018e-07
44 2.11374e-07 -9.14382e-06 2.50532e-07
45 2.25085e-07 -9.1508e-06 2.51017e-07
46 2.38716e-07 -9.15664e-06 2.51464e-07
47 2.52394e-07 -9.16222e-06 2.51922e-07
48 2.66029e-07 -9.16751e-06 2.52352e-07
49 2.79647e-07 -9.17181e-06 2.52754e-07
50 2.93272e-07 -9.1759e-06 2.5318e-07
51 3.06938e-07 -9.17959e-06 2.5366e-07
52 3.20568e-07 -9.18335e-06 2.54025e-07
53 3.34192e-07 -9.18667e-06 2.5442e-07
54 3.47867e-07 -9.18982e-06 2.54874e-07
55 3.61337e-07 -9.19291e-06 2.55277e-07
56 3.74918e-07 -9.19593e-06 2.55681e-07
57 3.88538e-07 -9.19865e-06 2.56122e-07
58 4.02237e-07 -9.20148e-06 2.5658e-07
59 4.15936e-07 -9.20452e-06 2.57094e-07
60 4.29553e-07 -9.20738e-06 2.57486e-07
61 4.43215e-07 -9.20988e-06 2.57919e-07
62 4.56862e-07 -9.21266e-06 2.58392e-07
63 4.70514e-07 -9.21512e-06 2.58805e-07
64 4.84151e-07 -9.21756e-06 2.59209e-07
65 4.97812e-07 -9.21992e-06 2.59626e-07
66 5.1145e-07 -9.22226e-06 2.60037e-07
67 5.25106e-07 -9.22457e-06 2.60443e-07
68 5.38752e-07 -9.22684e-06 2.60851e-07
69 5.52399e-07 -9.22909e-06 2.61255e-07
70 5.66042e-07 -9.23133e-06 2.61659e-07
71 5.79699e-07 -9.23357e-06 2.62061e-07
72 5.93343e-07 -9.23578e-06 2.62464e-07
73 6.06998e-07 -9.238e-06 2.62859e-07
74 6.20659e-07 -9.24022e-06 2.63258e-07
75 6.34298e-07 -9.24241e-06 2.63657e-07
76 6.47934e-07 -9.2446e-06 2.64051e-07
77 6.6158e-07 -9.24679e-06 2.64446e-07
78 6.7523e-07 -9.24899e-06 2.64839e-07
79 6.88871e-07 -9.25116e-06 2.65233e-07
80 7.02506e-07 -9.25335e-06 2.65625e-07
