26 0.0972924 -7.45961 5.76879e-10
27 -0.000328407 -5.89432e-05 1.2031e-07
28 -0.112773 -0.0254841 4.01518e-06
29 3.44879e-05 2.25304e-05 -3.80542e-08
30 -7.27596e-12 -1.44873e-07 1.53841e-09
31 -2.47383e-10 1.73217e-08 5.60249e-10
32 -2.47383e-10 1.02545e-07 -3.5534e-09
33 1.45519e-11 9.20139e-08 -1.73804e-09
34 1.45519e-11 -1.42631e-07 -9.84983e-10
35 2.83762e-10 1.312e-07 4.33101e-09
36 2.76486e-10 1.30533e-07 -1.33787e-09
37 -7.27596e-12 -5.58927e-08 1.38607e-09
38 -2.61934e-10 4.89834e-08 1.60435e-09
39 -1.45519e-11 9.43083e-08 -4.97948e-10
40 -7.27596e-12 -1.07134e-07 -4.71118e-10
41 0 6.85789e-08 1.73804e-09
42 0 -6.48533e-08 -7.42148e-10
43 1.45519e-11 9.58741e-08 2.09275e-09
44 -2.61934e-10 5.88225e-08 3.67891e-10
45 2.32831e-10 -6.0875e-09 -1.71349e-09
46 2.61934e-10 1.27453e-07 -4.73847e-10
47 7.27596e-12 -4.67357e-08 2.15823e-09
48 -2.6921e-10 9.64167e-08 1.00954e-10
49 2.83762e-10 -4.30047e-08 -3.08683e-09
50 7.27596e-12 -1.74407e-08 3.08819e-09
51 -2.47383e-10 4.90351e-08 -1.01863e-10
52 -2.18279e-11 -4.98518e-08 -3.62434e-10
53 -2.18279e-11 5.50037e-08 2.71348e-09
54 1.45519e-11 6.03108e-08 -2.44745e-09
55 0 -1.10902e-07 -1.27511e-09
56 2.61934e-10 6.03573e-08 8.77662e-10
57 -2.6921e-10 1.58428e-07 -3.75439e-09
58 7.27596e-12 6.75395e-09 -4.12774e-09
59 0 -7.16693e-08 7.40147e-09
60 2.61934e-10 -5.12935e-08 -2.28829e-09
61 2.18279e-11 -4.90766e-08 -4.23597e-09
62 2.61934e-10 1.13955e-07 3.20142e-10
63 7.27596e-12 -2.86802e-08 -2.2028e-09
64 -2.61934e-10 9.73158e-08 1.16279e-09
65 -2.18279e-11 5.8068e-08 -8.5447e-10
66 -2.6921e-10 -4.58373e-09 -2.39743e-09
67 0 -1.04106e-07 1.57979e-09
68 -3.63798e-11 -4.08137e-08 -5.01041e-09
69 0 4.97586e-08 1.47338e-09
70 -7.27596e-12 -7.64889e-10 1.51886e-09
71 2.18279e-11 -6.84713e-09 -2.31103e-09
72 1.45519e-11 -6.71632e-08 5.68252e-09
73 -2.98314e-10 1.69714e-07 -6.34009e-09
74 -2.76486e-10 -7.59643e-09 -4.31555e-10
75 2.91038e-10 -3.32328e-08 2.91402e-09
76 7.27596e-12 -2.23248e-09 -1.27284e-09
77 -5.60249e-10 8.29388e-09 -2.64345e-09
78 1.45519e-11 5.9546e-08 6.08907e-10
79 -5.23869e-10 5.05182e-08 -3.17414e-10
80 8.22183e-10 -1.11796e-07 -1.23237e-10
