26 0.0693556 -0.114996 -4.26326e-13
27 -1.22745e-05 -1.94744e-05 -4.48317e-08
28 0.00233636 0.00340845 8.01471e-06
29 6.52726e-08 -1.51868e-07 2.18961e-10
30 -1.1166e-07 1.36947e-07 -5.65637e-09
31 8.82674e-08 -1.1648e-07 5.68707e-09
32 -3.87445e-09 -3.22757e-09 5.78621e-09
33 1.27175e-08 -9.83619e-09 -7.06223e-09
34 6.72571e-10 7.08792e-09 -9.99307e-11
35 3.52984e-08 -5.55156e-08 2.62969e-09
36 4.61587e-08 -1.36815e-08 -4.4347e-09
37 -7.91301e-08 5.02894e-08 5.26984e-09
38 5.79848e-09 1.36367e-08 -1.59889e-09
39 -1.67556e-08 1.09956e-08 5.64182e-09
40 -4.72146e-08 5.37641e-08 -5.27143e-09
41 9.42318e-08 -8.86471e-08 1.36572e-09
42 -1.3322e-07 1.25141e-07 2.09229e-09
43 5.77297e-08 -4.80575e-08 -3.428e-09
44 -2.67942e-08 2.59881e-08 6.90306e-10
45 1.64955e-08 6.62112e-10 2.143e-09
46 -5.56297e-08 6.46592e-08 -2.82535e-09
47 5.43514e-08 -6.03975e-08 3.09319e-09
48 -4.43711e-08 3.2004e-08 -1.19189e-09
49 5.80262e-08 -4.87782e-08 -1.49555e-09
50 -5.23496e-08 5.77932e-08 7.45558e-10
51 4.88058e-08 -7.50608e-08 -8.22524e-10
52 4.5452e-09 5.4024e-09 -4.85215e-09
53 -8.31224e-08 9.50147e-08 3.37104e-09
54 5.09431e-08 -6.92819e-08 -7.64635e-09
55 2.82143e-08 -3.02641e-08 4.90866e-09
56 -7.79651e-08 9.63319e-08 -3.41993e-09
57 -4.03252e-08 7.03562e-08 2.49224e-09
58 -6.15319e-09 -5.52268e-09 1.23657e-09
59 7.86827e-08 -1.01222e-07 -2.24213e-09
60 3.40815e-08 -2.91736e-08 -1.61322e-09
61 -1.08466e-08 5.1723e-09 2.85957e-09
62 -1.36411e-08 2.49454e-08 -5.95492e-10
63 -3.24371e-08 2.68878e-08 -2.89288e-09
64 -6.02381e-08 7.34074e-08 3.1157e-09
65 4.33365e-08 -6.5643e-08 -1.30774e-09
66 9.02173e-09 1.57397e-08 3.32057e-09
67 1.44519e-08 -3.47327e-08 -7.94307e-09
68 -2.15032e-08 2.44092e-08 3.5036e-09
69 3.05222e-08 -3.25369e-08 -2.2286e-09
70 -6.49879e-09 1.98795e-08 -2.85399e-09
71 2.40116e-08 -4.09327e-08 9.73819e-09
72 -3.95266e-09 1.91592e-08 -7.62941e-09
73 -6.46287e-08 4.34795e-08 -1.08571e-09
74 5.71499e-08 -4.54004e-08 7.20888e-10
75 6.51316e-08 -9.03221e-08 6.07452e-09
76 2.86536e-09 8.66748e-10 -5.45219e-09
77 -2.52739e-08 3.16479e-08 -2.20598e-09
78 1.00013e-08 -1.10806e-08 4.75325e-10
79 8.86666e-09 -3.83609e-08 -3.1373e-09
80 1.80376e-08 6.88988e-09 4.22278e-09
