26 1.04167e-09 1.37842e-08 -2.37058e-08
27 7.71251e-07 0.000152394 -7.32012e-05
28 1.9892e-06 0.000115279 -5.61363e-05
29 6.81851e-07 -1.91834e-05 -7.20435e-06
30 8.65325e-07 -1.76941e-05 -7.28482e-06
31 1.24614e-06 -1.83885e-05 -7.27119e-06
32 1.2996e-06 -1.84528e-05 -7.24428e-06
33 1.31777e-06 -1.85034e-05 -7.24247e-06
34 1.32877e-06 -1.85337e-05 -7.24031e-06
35 1.34248e-06 -1.8559e-05 -7.23929e-06
36 1.35555e-06 -1.85792e-05 -7.23824e-06
37 1.3684e-06 -1.85976e-05 -7.23747e-06
38 1.38175e-06 -1.86122e-05 -7.23692e-06
39 1.39526e-06 -1.86256e-05 -7.23664e-06
40 1.40794e-06 -1.86384e-05 -7.23655e-06
41 1.42116e-06 -1.86485e-05 -7.23625e-06
42 1.43456e-06 -1.8657e-05 -7.23631e-06
43 1.44826e-06 -1.86643e-05 -7.23625e-06
44 1.46161e-06 -1.86718e-05 -7.23648e-06
45 1.47525e-06 -1.86784e-05 -7.2367e-06
46 1.48881e-06 -1.86839e-05 -7.23695e-06
47 1.50242e-06 -1.86893e-05 -7.2373e-06
48 1.516e-06 -1.86944e-05 -7.23767e-06
49 1.52955e-06 -1.86987e-05 -7.23808e-06
50 1.54312e-06 -1.87028e-05 -7.23851e-06
51 1.55672e-06 -1.87064e-05 -7.23894e-06
52 1.5703e-06 -1.87103e-05 -7.23944e-06
53 1.58387e-06 -1.87137e-05 -7.23994e-06
54 1.59749e-06 -1.87169e-05 -7.24045e-06
55 1.61091e-06 -1.87201e-05 -7.24101e-06
56 1.62444e-06 -1.87233e-05 -7.24157e-06
57 1.63801e-06 -1.87261e-05 -7.2421e-06
58 1.65167e-06 -1.8729e-05 -7.24266e-06
59 1.66532e-06 -1.8732e-05 -7.24314e-06
60 1.67889e-06 -1.87351e-05 -7.24373e-06
61 1.69251e-06 -1.87377e-05 -7.24429e-06
62 1.70611e-06 -1.87405e-05 -7.24483e-06
63 1.71972e-06 -1.87432e-05 -7.24542e-06
64 1.73331e-06 -1.87458e-05 -7.24601e-06
65 1.74693e-06 -1.87484e-05 -7.24659e-06
66 1.76052e-06 -1.87509e-05 -7.24718e-06
67 1.77413e-06 -1.87534e-05 -7.24777e-06
68 1.78773e-06 -1.87559e-05 -7.24836e-06
69 1.80134e-06 -1.87584e-05 -7.24896e-06
70 1.81494e-06 -1.87608e-05 -7.24955e-06
71 1.82855e-06 -1.87633e-05 -7.25015e-06
72 1.84215e-06 -1.87657e-05 -7.25075e-06
73 1.85576e-06 -1.87682e-05 -7.25135e-06
74 1.86938e-06 -1.87706e-05 -7.25195e-06
75 1.88298e-06 -1.8773e-05 -7.25254e-06
76 1.89657e-06 -1.87755e-05 -7.25314e-06
77 1.91018e-06 -1.87779e-05 -7.25374e-06
78 1.92379e-06 -1.87803e-05 -7.25434e-06
79 1.93739e-06 -1.87827e-05 -7.25494e-06
80 1.95098e-06 -1.87852e-05 -7.25553e-06
