26 -0.123842 -0.112462 1.65101e-11
27 5.6418e-06 -9.64637e-06 1.33605e-08
28 -0.00878064 0.00467717 -2.04368e-05
29 -4.00969e-08 -7.31939e-08 2.65095e-09
30 -1.02796e-08 -1.32416e-08 4.79054e-09
31 -2.37756e-08 -5.04615e-08 -5.48425e-10
32 3.40606e-09 2.29454e-08 -4.74301e-09
33 -2.49152e-08 -5.92145e-08 4.21005e-09
34 6.30339e-08 7.48737e-08 8.02856e-10
35 -1.16313e-07 -1.77095e-07 -4.1905e-10
36 9.1195e-09 2.66825e-08 1.50749e-10
37 -1.51608e-08 -2.24745e-08 1.56342e-09
38 3.38518e-08 5.05433e-08 4.75666e-10
39 -4.42283e-08 -7.18462e-08 -1.09262e-08
40 -1.42195e-08 -2.18022e-08 4.47722e-09
41 2.94717e-08 3.55053e-08 -3.83375e-09
42 -7.71702e-08 -1.11085e-07 6.33418e-09
43 6.70852e-08 1.02051e-07 1.72281e-09
44 -1.83832e-08 -1.35344e-08 -1.34855e-09
45 4.18759e-08 6.80534e-08 -6.42649e-09
46 -2.71802e-08 -6.18234e-08 9.78639e-09
47 -6.12681e-09 -7.26664e-09 -6.38784e-09
48 3.64562e-08 4.94699e-08 -7.6011e-10
49 -4.93751e-08 -6.75266e-08 -5.66411e-09
50 5.63277e-08 8.00972e-08 1.09951e-08
51 -5.00968e-08 -7.50831e-08 -4.54133e-09
52 6.55755e-08 1.16721e-07 -3.12457e-09
53 8.27549e-09 2.0894e-08 1.83172e-09
54 3.69209e-09 1.03907e-08 -2.96086e-09
55 -1.32482e-08 -1.64819e-08 2.5218e-09
56 3.96644e-08 4.01174e-08 -2.66755e-09
57 4.77635e-08 9.89862e-08 3.01134e-09
58 -5.0662e-08 -6.56519e-08 -4.18231e-09
59 1.03265e-07 1.59412e-07 -8.11269e-10
60 -2.10607e-08 -2.41203e-08 -1.75078e-10
61 6.79529e-09 4.27099e-09 -8.39555e-09
62 2.11721e-08 3.72684e-08 6.10339e-09
63 3.23635e-08 6.61698e-08 -4.73688e-09
64 2.47901e-08 4.10375e-08 -9.89075e-10
65 -3.34421e-09 -1.45353e-08 1.49907e-09
66 7.73366e-08 1.35469e-07 4.39513e-10
67 -3.15131e-08 -6.32415e-08 -4.32647e-09
68 -8.40419e-09 5.41786e-09 3.77827e-09
69 -1.5732e-08 -3.40326e-08 -1.00499e-10
70 4.41087e-08 1.01961e-07 -2.70848e-09
71 2.52267e-08 3.7609e-08 -7.45786e-10
72 1.40149e-08 -1.15517e-08 3.74052e-09
73 -1.11358e-07 -1.63163e-07 3.16072e-09
74 4.02952e-09 7.84644e-09 -6.15864e-09
75 -3.55344e-08 -6.8087e-08 7.41511e-09
76 1.238e-08 2.05425e-08 -4.93037e-09
77 1.25506e-08 3.86774e-08 -1.91494e-09
78 7.69419e-08 1.09676e-07 1.83172e-09
79 7.37268e-08 1.23243e-07 4.82873e-09
80 -1.2107e-07 -1.88663e-07 3.1464e-09
