26 -4.26544 -0.182406 8.91239e-10
27 -6.39038e-06 -6.35286e-06 5.92081e-09
28 0.00524961 -0.0170427 3.82832e-05
29 -5.28371e-07 8.24824e-07 -6.23186e-09
30 -5.43441e-08 2.7749e-07 -4.5352e-09
31 -1.24703e-07 -2.11887e-08 -1.89539e-09
32 -3.52884e-10 4.82007e-08 -3.065e-10
33 8.50832e-09 6.65364e-09 -7.62611e-10
34 1.99252e-08 3.56022e-09 1.70076e-10
35 2.54822e-08 2.2869e-08 -1.56115e-09
36 4.95183e-08 1.96997e-08 1.80535e-09
37 -6.72526e-09 2.766e-09 1.10504e-09
38 -2.28265e-08 -8.65157e-09 1.35651e-09
39 -3.17764e-08 -2.57671e-08 -1.20963e-10
40 1.34505e-08 -8.33666e-09 -4.31555e-10
41 -9.61077e-08 -5.9297e-08 3.50474e-09
42 5.93609e-08 4.73126e-08 2.69711e-09
43 2.61025e-08 3.01536e-08 -3.66254e-09
44 3.35804e-08 1.90357e-08 2.00725e-09
45 -3.81519e-08 -3.92431e-08 -9.51331e-10
46 1.83522e-08 2.23447e-08 -6.61657e-10
47 -4.16421e-08 -2.61275e-08 -2.04682e-09
48 -2.14454e-08 -1.98499e-08 2.80033e-09
49 1.91271e-08 2.96284e-08 -1.11868e-10
50 7.01207e-08 1.42447e-08 8.88576e-10
51 -6.51139e-08 -3.21793e-08 -5.90717e-10
52 1.53755e-08 8.99468e-09 -1.12777e-10
53 -7.16864e-09 -8.56085e-09 1.91676e-09
54 2.85145e-08 1.71917e-09 -4.22915e-10
55 1.441e-08 2.6399e-08 -2.2801e-09
56 1.09349e-08 -1.05317e-08 3.24462e-09
57 5.3351e-08 3.29092e-08 -5.37329e-09
58 1.58088e-08 1.43039e-08 1.45701e-09
59 6.72844e-09 1.01011e-08 4.06089e-10
60 7.10579e-08 4.5618e-08 8.24457e-10
61 -9.80408e-08 -4.33859e-08 3.87854e-09
62 -4.30086e-08 -4.51382e-08 -5.09226e-09
63 2.54431e-08 7.08951e-09 -3.37423e-10
64 -6.42808e-08 -1.50842e-08 2.28647e-09
65 4.02515e-08 2.3846e-08 1.59707e-09
66 9.26711e-08 5.68166e-08 -2.44108e-09
67 -1.08371e-08 -4.41014e-09 4.95675e-09
68 3.06954e-09 1.30226e-08 -1.57797e-10
69 1.08675e-07 4.87914e-08 -1.58298e-09
70 -2.58642e-08 -2.91652e-09 -1.57979e-09
71 -1.20162e-08 -9.56879e-09 -1.37834e-09
72 1.58548e-08 1.05349e-08 2.04636e-11
73 -1.53409e-08 -1.30369e-08 1.77079e-09
74 4.33974e-08 3.12e-08 1.07593e-09
75 -4.83647e-08 -2.12601e-08 -1.34469e-09
76 5.42291e-08 3.123e-08 -4.03907e-09
77 3.38468e-09 1.93197e-08 3.99268e-09
78 -2.61725e-08 -1.46931e-08 -1.05956e-10
79 7.0163e-09 1.781e-08 5.34783e-10
80 6.13722e-08 3.30579e-08 3.36559e-09
