26 0.336705 0.172215 1.63723e-10
27 0.000345422 0.000664332 -4.58022e-09
28 0.00367917 -0.119077 6.4796e-07
29 -2490.61 506.002 -3.52884e-10
30 -2109.07 512.733 1.20963e-09
31 -1998.31 1306.08 -2.23918e-09
32 -2027.35 1404.2 3.49246e-10
33 -2012.54 1388.92 -7.45786e-11
34 -2011.86 1378.5 2.33013e-09
35 -2011.84 1368.97 -1.01318e-09
36 -2011.8 1359.74 -4.43833e-10
37 -2011.88 1350.84 1.09321e-09
38 -2012.07 1342.14 -2.76486e-10
39 -2012.34 1333.69 -1.85537e-10
40 -2012.66 1325.35 -2.18279e-09
41 -2012.97 1317.14 1.06047e-09
42 -2013.39 1309.15 -1.10776e-09
43 -2013.79 1301.25 -1.00044e-09
44 -2014.26 1293.47 2.27374e-10
45 -2014.73 1285.81 3.63798e-12
46 -2015.23 1278.26 5.78439e-10
47 -2015.74 1270.78 -4.98403e-10
48 -2016.26 1263.4 -7.54881e-10
49 -2016.81 1256.12 -1.06957e-09
50 -2017.35 1248.91 1.68802e-09
51 -2017.9 1241.79 -3.20142e-10
52 -2018.46 1234.73 1.13687e-09
53 -2019.03 1227.75 -1.04228e-09
54 -2019.59 1220.83 1.92267e-09
55 -2020.16 1213.96 2.29193e-10
56 -2020.74 1207.17 -1.2551e-10
57 -2021.3 1200.44 1.20053e-09
58 -2021.87 1193.76 1.2933e-09
59 -2022.42 1187.13 -1.26965e-09
60 -2022.98 1180.56 1.45519e-10
61 -2023.55 1174.07 4.18368e-10
62 -2024.1 1167.62 6.18456e-11
63 -2024.66 1161.24 -1.45519e-11
64 -2025.23 1154.91 -3.34694e-10
65 -2025.79 1148.64 7.53062e-10
66 -2026.35 1142.42 2.31012e-10
67 -2026.9 1136.26 -9.44056e-10
68 -2027.46 1130.16 9.49512e-10
69 -2028.01 1124.1 6.36646e-10
70 -2028.56 1118.1 -5.74801e-10
71 -2029.11 1112.14 1.89539e-09
72 -2029.66 1106.24 -4.6748e-10
73 -2030.2 1100.39 -1.56979e-09
74 -2030.75 1094.58 1.6571e-09
75 -2031.28 1088.83 -9.25866e-10
76 -2031.82 1083.12 1.15688e-09
77 -2032.36 1077.46 -2.00089e-10
78 -2032.89 1071.85 1.74623e-10
79 -2033.42 1066.29 -6.00267e-10
80 -2033.95 1060.77 1.25146e-09
