26 0.0691314 -0.076422 -1.09056e-11
27 -1.08667e-05 -4.63219e-06 -1.46838e-08
28 0.0110273 0.00230521 1.52959e-05
29 4.16912e-09 2.95122e-08 1.17734e-09
30 -1.19012e-07 2.72022e-07 -4.44243e-09
31 9.44683e-08 -2.325e-07 -4.38467e-09
32 9.12296e-08 -2.23443e-07 1.50917e-08
33 -8.05189e-08 2.03218e-07 2.65527e-09
34 1.70521e-08 -4.09926e-08 6.00267e-11
35 -6.83995e-08 1.6555e-07 5.14274e-09
36 4.3884e-08 -9.8216e-08 -8.76571e-09
37 1.8365e-08 -5.07988e-08 5.18457e-09
38 3.48446e-08 -9.08987e-08 -8.46649e-09
39 6.84445e-08 -1.94192e-07 1.65055e-08
40 -9.29676e-08 2.34863e-07 -1.02937e-08
41 7.19451e-08 -1.8878e-07 3.24917e-09
42 -2.24327e-09 -6.22879e-09 -3.84944e-09
43 7.12498e-08 -1.70732e-07 -2.6871e-09
44 -7.73516e-08 1.97914e-07 8.55425e-09
45 -1.30626e-08 3.26928e-08 -3.29874e-09
46 2.96627e-08 -7.48777e-08 -6.89943e-09
47 -6.42449e-08 1.71497e-07 4.924e-09
48 1.55928e-08 -1.59637e-08 8.49059e-09
49 8.38218e-08 -2.13207e-07 4.19095e-09
50 -6.52631e-08 1.43723e-07 -3.47154e-09
51 8.86007e-08 -2.37205e-07 -2.49211e-08
52 4.34993e-08 -9.68008e-08 1.40089e-08
53 -2.50557e-08 5.58911e-08 -4.07454e-09
54 -1.70403e-08 2.87481e-08 5.21686e-09
55 6.44191e-08 -1.30006e-07 -9.09495e-12
56 -1.32716e-07 3.26084e-07 6.87987e-09
57 1.98816e-08 -5.71404e-08 -1.41408e-08
58 1.20813e-08 -5.39304e-08 -2.29284e-09
59 -5.99393e-08 1.55199e-07 -7.19592e-09
60 6.50953e-08 -1.28716e-07 1.47725e-08
61 -6.44254e-08 1.20909e-07 -1.29444e-08
62 7.93702e-08 -1.7182e-07 1.50808e-08
63 1.78206e-08 -5.2354e-08 -8.61019e-09
64 -3.17023e-08 7.28031e-08 -1.7094e-09
65 -1.16111e-08 2.40084e-08 -2.92675e-09
66 7.73161e-09 -4.66582e-09 1.79443e-09
67 8.35767e-08 -2.0639e-07 9.15497e-09
68 -8.51787e-08 1.96759e-07 3.01679e-09
69 -4.53974e-08 1.16155e-07 1.98997e-09
70 3.57795e-08 -7.76577e-08 -2.27383e-08
71 -4.36644e-08 9.31905e-08 1.34928e-08
72 -4.09636e-09 3.34702e-08 -1.44291e-09
73 7.94912e-08 -2.15534e-07 -5.20095e-09
74 -6.41439e-08 1.79415e-07 5.20413e-09
75 3.03689e-08 -8.39123e-08 6.80529e-09
76 -5.50654e-08 1.23654e-07 -6.08861e-09
77 7.46595e-08 -1.875e-07 1.57252e-09
78 -4.16644e-08 8.65371e-08 3.3765e-09
79 5.16138e-08 -1.33145e-07 -1.54573e-08
80 6.63749e-08 -1.62033e-07 -5.43923e-09
