26 -0.523679 0.0340718 -5.59623e-11
27 -2.23032e-07 1.11872e-05 -2.38651e-09
28 -0.00366632 -0.124509 -8.59363e-08
29 1593.65 426.796 -3.00133e-10
30 1296.2 536.225 -1.39516e-09
31 1163.92 385.841 1.05501e-10
32 1191.68 441.179 2.16278e-09
33 1188.17 434.185 -1.92813e-10
34 1186.87 435.467 -1.27329e-10
35 1185.31 435.695 4.51109e-10
36 1183.74 436.188 1.63345e-09
37 1182.27 436.832 -2.21917e-09
38 1180.97 437.573 -8.67658e-10
39 1179.7 438.393 -1.09321e-09
40 1178.48 439.264 7.2032e-10
41 1177.39 440.189 -5.23869e-10
42 1176.3 441.162 -1.32786e-10
43 1175.28 442.162 1.70257e-09
44 1174.26 443.167 -1.30967e-09
45 1173.29 444.172 -9.14952e-10
46 1172.34 445.201 -1.05501e-10
47 1171.42 446.214 2.64481e-09
48 1170.52 447.228 -4.42014e-10
49 1169.64 448.251 -1.07866e-09
50 1168.78 449.268 1.6189e-09
51 1167.94 450.28 2.69938e-09
52 1167.1 451.259 -7.34872e-10
53 1166.29 452.24 -1.92085e-09
54 1165.5 453.212 -1.9827e-10
55 1164.71 454.168 1.5898e-09
56 1163.94 455.11 -6.33008e-10
57 1163.18 456.045 2.00089e-10
58 1162.44 456.961 -1.01318e-09
59 1161.7 457.863 1.49157e-09
60 1160.96 458.745 -1.49157e-09
61 1160.24 459.625 1.63527e-09
62 1159.53 460.479 -1.68438e-09
63 1158.82 461.325 1.06775e-09
64 1158.12 462.154 6.12999e-10
65 1157.43 462.972 1.67347e-10
66 1156.75 463.774 -4.03816e-10
67 1156.07 464.56 -3.07409e-10
68 1155.4 465.333 4.6748e-10
69 1154.75 466.085 -1.17507e-09
70 1154.1 466.819 2.0591e-09
71 1153.45 467.54 6.56655e-10
72 1152.82 468.246 -1.92813e-09
73 1152.19 468.937 1.74623e-10
74 1151.56 469.614 2.19916e-09
75 1150.95 470.278 2.20098e-10
76 1150.33 470.927 -5.74801e-10
77 1149.73 471.562 -2.13367e-09
78 1149.13 472.184 3.93084e-09
79 1148.54 472.792 -4.76757e-09
80 1147.95 473.387 1.52068e-09
