26 1.70808 8.28314 -3.87515e-10
27 -2.64797e-06 4.18383e-05 -2.34068e-08
28 0.211255 0.0462593 1.91114e-06
29 -8.7159e-05 -4.71145e-05 -1.68842e-07
30 -8.00355e-11 -1.16076e-08 -3.46517e-10
31 5.82077e-11 1.55708e-08 6.61203e-10
32 -2.32831e-10 -1.95484e-08 4.36557e-11
33 -1.01863e-10 1.92836e-09 -9.64064e-10
34 2.25555e-10 3.39909e-09 2.14141e-09
35 2.32831e-10 1.99744e-09 2.17369e-10
36 6.54836e-11 2.63494e-08 -6.91216e-10
37 -2.61934e-10 -3.87197e-08 1.27648e-09
38 3.63798e-10 3.28627e-08 -2.27374e-10
39 2.40107e-10 -2.51493e-08 2.41471e-09
40 1.96451e-10 1.50786e-08 2.17369e-10
41 2.11003e-10 -1.58183e-08 -4.48381e-10
42 -1.09139e-10 9.46623e-09 4.65207e-10
43 -8.73115e-11 8.55098e-09 2.16505e-09
44 -3.7835e-10 1.15126e-10 -1.19053e-09
45 2.18279e-10 -1.9085e-08 7.81256e-10
46 -1.01863e-10 -1.2992e-08 -1.7335e-09
47 -8.73115e-11 1.27243e-08 -8.00355e-11
48 -8.73115e-11 -1.15558e-08 3.1514e-10
49 2.18279e-10 2.90981e-08 -1.33696e-09
50 2.25555e-10 -2.19085e-08 2.90129e-10
51 2.11003e-10 -9.74253e-09 1.05229e-09
52 1.81899e-10 -2.14163e-08 -4.22915e-10
53 5.16593e-10 1.27588e-08 8.34007e-10
54 -8.00355e-11 9.94688e-09 -7.15772e-10
55 -3.63798e-10 4.80651e-09 -8.44921e-10
56 -1.09139e-10 -1.39417e-08 -6.43922e-10
57 -1.01863e-10 1.69408e-08 1.45155e-09
58 2.25555e-10 -1.72228e-08 -1.83127e-09
59 -1.09139e-10 1.78589e-08 7.567e-10
60 -8.73115e-11 -2.84332e-08 1.69257e-09
61 2.25555e-10 4.2798e-09 3.85626e-10
62 5.23869e-10 1.7407e-08 -1.23873e-09
63 2.18279e-10 -2.18739e-08 -8.40373e-10
64 2.11003e-10 -4.11e-09 2.43745e-09
65 -8.00355e-11 2.49075e-08 6.8485e-10
66 -8.00355e-11 9.97278e-09 -8.97671e-10
67 -9.45874e-11 2.91844e-09 -4.24734e-10
68 -3.92902e-10 -1.44166e-08 9.41327e-11
69 -3.56522e-10 1.88288e-08 -1.5857e-09
70 -4.22006e-10 -1.91138e-08 -1.30058e-10
71 -1.09139e-10 1.06779e-09 6.12545e-10
72 -8.73115e-11 -1.77582e-09 -5.97538e-10
73 2.11003e-10 1.88346e-08 9.04947e-10
74 2.11003e-10 -9.75404e-09 -1.21145e-09
75 2.11003e-10 -1.95455e-08 1.43245e-10
76 -7.27596e-11 3.71252e-08 5.5843e-10
77 -9.45874e-11 -1.0652e-08 -2.15277e-09
78 2.32831e-10 9.98142e-09 1.00545e-09
79 -3.71074e-10 -3.12365e-08 8.58108e-10
80 1.81899e-10 3.05515e-08 2.1646e-10
