26 1.15854e-08 -4.29538e-08 2.85565e-09
27 6.07178e-05 -1.631e-05 1.62944e-06
28 4.92896e-05 -1.39663e-05 1.26046e-06
29 2.67187e-05 -4.48543e-05 -6.79124e-07
30 2.67501e-05 -4.35391e-05 -6.07319e-07
31 2.75504e-05 -4.429e-05 -7.2863e-07
32 2.74386e-05 -4.42541e-05 -7.07331e-07
33 2.74489e-05 -4.42971e-05 -7.07453e-07
34 2.7453e-05 -4.43211e-05 -7.07458e-07
35 2.74613e-05 -4.43429e-05 -7.07153e-07
36 2.74716e-05 -4.43605e-05 -7.07228e-07
37 2.7481e-05 -4.43767e-05 -7.071e-07
38 2.74933e-05 -4.43905e-05 -7.07191e-07
39 2.75054e-05 -4.44032e-05 -7.07156e-07
40 2.7517e-05 -4.44161e-05 -7.07072e-07
41 2.75309e-05 -4.44265e-05 -7.07259e-07
42 2.75445e-05 -4.44357e-05 -7.07295e-07
43 2.75592e-05 -4.44439e-05 -7.07481e-07
44 2.75734e-05 -4.44527e-05 -7.07528e-07
45 2.75882e-05 -4.44607e-05 -7.07631e-07
46 2.7603e-05 -4.44678e-05 -7.07746e-07
47 2.76183e-05 -4.44751e-05 -7.07871e-07
48 2.76335e-05 -4.44821e-05 -7.07986e-07
49 2.76487e-05 -4.44884e-05 -7.08089e-07
50 2.76641e-05 -4.44946e-05 -7.0821e-07
51 2.76798e-05 -4.45004e-05 -7.08362e-07
52 2.76953e-05 -4.45065e-05 -7.08471e-07
53 2.77109e-05 -4.45123e-05 -7.08589e-07
54 2.77268e-05 -4.45178e-05 -7.08743e-07
55 2.77424e-05 -4.45236e-05 -7.0887e-07
56 2.77582e-05 -4.45293e-05 -7.09003e-07
57 2.77741e-05 -4.45346e-05 -7.09152e-07
58 2.77903e-05 -4.45402e-05 -7.09323e-07
59 2.78064e-05 -4.45456e-05 -7.09511e-07
60 2.78223e-05 -4.45513e-05 -7.09654e-07
61 2.78384e-05 -4.45565e-05 -7.09811e-07
62 2.78545e-05 -4.45619e-05 -7.09991e-07
63 2.78706e-05 -4.45672e-05 -7.10148e-07
64 2.78866e-05 -4.45725e-05 -7.10302e-07
65 2.79027e-05 -4.45777e-05 -7.10461e-07
66 2.79187e-05 -4.45828e-05 -7.10622e-07
67 2.79348e-05 -4.4588e-05 -7.10784e-07
68 2.79509e-05 -4.45931e-05 -7.10946e-07
69 2.7967e-05 -4.45983e-05 -7.11109e-07
70 2.79831e-05 -4.46034e-05 -7.11274e-07
71 2.79992e-05 -4.46085e-05 -7.1144e-07
72 2.80153e-05 -4.46136e-05 -7.11607e-07
73 2.80314e-05 -4.46188e-05 -7.11774e-07
74 2.80475e-05 -4.46239e-05 -7.11945e-07
75 2.80636e-05 -4.4629e-05 -7.12114e-07
76 2.80797e-05 -4.46341e-05 -7.12284e-07
77 2.80958e-05 -4.46392e-05 -7.12455e-07
78 2.8112e-05 -4.46443e-05 -7.12628e-07
79 2.81281e-05 -4.46493e-05 -7.128e-07
80 2.81442e-05 -4.46544e-05 -7.12973e-07
