26 1.0386e-09 1.58388e-08 -2.29595e-08
27 7.40655e-07 0.000158802 -7.24105e-05
28 1.95741e-06 0.000120195 -5.55837e-05
29 6.41358e-07 -1.85601e-05 -6.96167e-06
30 8.25012e-07 -1.70637e-05 -7.04337e-06
31 1.20586e-06 -1.77594e-05 -7.02742e-06
32 1.25932e-06 -1.7826e-05 -7.00159e-06
33 1.27751e-06 -1.78768e-05 -6.99987e-06
34 1.28852e-06 -1.79073e-05 -6.99775e-06
35 1.30222e-06 -1.79326e-05 -6.99676e-06
36 1.3153e-06 -1.79529e-05 -6.99572e-06
37 1.32816e-06 -1.79714e-05 -6.99497e-06
38 1.34151e-06 -1.79861e-05 -6.99441e-06
39 1.35503e-06 -1.79994e-05 -6.99412e-06
40 1.36771e-06 -1.80123e-05 -6.99402e-06
41 1.38093e-06 -1.80224e-05 -6.9937e-06
42 1.39433e-06 -1.80309e-05 -6.99375e-06
43 1.40804e-06 -1.80382e-05 -6.99366e-06
44 1.42139e-06 -1.80457e-05 -6.99387e-06
45 1.43503e-06 -1.80522e-05 -6.99406e-06
46 1.44859e-06 -1.80577e-05 -6.99429e-06
47 1.46221e-06 -1.80631e-05 -6.99461e-06
48 1.47579e-06 -1.80682e-05 -6.99495e-06
49 1.48934e-06 -1.80725e-05 -6.99534e-06
50 1.50291e-06 -1.80765e-05 -6.99573e-06
51 1.51652e-06 -1.808e-05 -6.99613e-06
52 1.53009e-06 -1.80839e-05 -6.99659e-06
53 1.54366e-06 -1.80873e-05 -6.99707e-06
54 1.55729e-06 -1.80904e-05 -6.99754e-06
55 1.57071e-06 -1.80936e-05 -6.99806e-06
56 1.58425e-06 -1.80968e-05 -6.99859e-06
57 1.59782e-06 -1.80995e-05 -6.99909e-06
58 1.61147e-06 -1.81024e-05 -6.99961e-06
59 1.62513e-06 -1.81053e-05 -7.00006e-06
60 1.6387e-06 -1.81083e-05 -7.00061e-06
61 1.65232e-06 -1.81109e-05 -7.00114e-06
62 1.66592e-06 -1.81137e-05 -7.00165e-06
63 1.67953e-06 -1.81163e-05 -7.0022e-06
64 1.69312e-06 -1.81189e-05 -7.00275e-06
65 1.70674e-06 -1.81214e-05 -7.0033e-06
66 1.72034e-06 -1.81239e-05 -7.00385e-06
67 1.73395e-06 -1.81263e-05 -7.00441e-06
68 1.74755e-06 -1.81288e-05 -7.00497e-06
69 1.76116e-06 -1.81312e-05 -7.00553e-06
70 1.77476e-06 -1.81336e-05 -7.00609e-06
71 1.78837e-06 -1.8136e-05 -7.00665e-06
72 1.80198e-06 -1.81384e-05 -7.00721e-06
73 1.81559e-06 -1.81408e-05 -7.00777e-06
74 1.82921e-06 -1.81432e-05 -7.00834e-06
75 1.84281e-06 -1.81455e-05 -7.0089e-06
76 1.8564e-06 -1.81479e-05 -7.00946e-06
77 1.87001e-06 -1.81503e-05 -7.01003e-06
78 1.88362e-06 -1.81527e-05 -7.01059e-06
79 1.89722e-06 -1.8155e-05 -7.01115e-06
80 1.91082e-06 -1.81574e-05 -7.01171e-06
