26 0.83185 -1.1647 -1.33524e-09
27 0.000232911 4.17287e-05 2.84854e-09
28 0.470684 0.0458277 2.16752e-06
29 -0.000505283 -0.00011375 -1.75548e-07
30 1.60071e-10 2.67672e-09 -1.11231e-09
31 1.52795e-10 8.38702e-09 1.20826e-09
32 1.23691e-10 -1.17687e-08 -2.14459e-09
33 4.65661e-10 -2.07255e-08 -1.73077e-09
34 -1.16415e-10 -3.83073e-09 1.34969e-09
35 -1.45519e-10 -4.88162e-08 3.20142e-10
36 1.30967e-10 3.40601e-08 2.21917e-10
37 1.52795e-10 2.98609e-08 1.70303e-09
38 -1.60071e-10 1.11299e-08 -1.46883e-10
39 1.81899e-10 -2.90108e-09 -1.24601e-10
40 1.74623e-10 2.37822e-08 1.15779e-09
41 -1.52795e-10 -2.40065e-08 4.42924e-10
42 -1.23691e-10 -1.18205e-08 -2.07319e-09
43 1.67347e-10 2.23353e-09 2.43926e-09
44 -4.29281e-10 -3.7082e-08 6.87578e-10
45 -4.22006e-10 3.63231e-09 2.36469e-09
46 1.60071e-10 -3.52198e-08 -2.2942e-09
47 1.23691e-10 2.13991e-08 1.89675e-09
48 -1.60071e-10 5.65701e-08 -1.30558e-09
49 1.74623e-10 3.78362e-08 1.5998e-09
50 -1.30967e-10 -4.31952e-08 -9.14042e-10
51 1.81899e-10 -1.69378e-08 1.45337e-09
52 1.81899e-10 -1.27415e-08 -1.40471e-09
53 1.81899e-10 -9.01139e-09 -2.27192e-09
54 1.89175e-10 3.31305e-08 2.68938e-09
55 1.45519e-10 -2.46072e-09 -6.69388e-10
56 -1.23691e-10 -5.67849e-09 -1.4561e-09
57 -1.45519e-10 -1.97411e-08 1.17325e-10
58 -1.38243e-10 -2.30337e-08 -9.85892e-10
59 1.60071e-10 -3.38153e-08 1.05501e-09
60 -1.60071e-10 -2.02189e-08 -1.33014e-09
61 1.45519e-10 -3.399e-09 7.00311e-11
62 1.67347e-10 -1.97095e-08 -1.73713e-10
63 -1.09139e-10 8.3476e-10 -1.26147e-09
64 1.81899e-10 1.90649e-08 -5.95719e-10
65 -1.30967e-10 3.687e-09 -1.26192e-09
66 -1.45519e-10 1.85987e-08 1.59798e-09
67 -1.16415e-10 -4.96911e-08 -5.92081e-10
68 1.67347e-10 7.89198e-09 -3.72438e-10
69 -1.45519e-10 4.20153e-08 3.4197e-10
70 -1.09139e-10 -4.0861e-08 -2.1264e-09
71 1.60071e-10 2.42168e-08 6.88033e-10
72 -1.52795e-10 -8.05008e-09 4.18368e-10
73 4.65661e-10 4.15663e-08 3.00861e-09
74 -1.23691e-10 -3.15099e-08 -1.87993e-09
75 -1.30967e-10 4.11585e-09 1.82354e-09
76 -1.38243e-10 -1.55275e-08 8.35371e-10
77 -1.60071e-10 -1.78847e-08 1.71894e-10
78 -1.23691e-10 3.14591e-09 -2.81943e-11
79 1.89175e-10 -2.16321e-08 -3.35513e-09
80 -4.51109e-10 -6.19944e-09 2.21644e-09
