26 2.14205e-09 -4.598e-08 -7.70694e-10
27 -4.77539e-06 -7.01033e-05 -1.20552e-05
28 -1.73637e-06 -5.45343e-05 -9.9035e-06
29 1.13156e-06 -6.74174e-05 -4.94061e-06
30 9.6406e-07 -6.59515e-05 -5.0436e-06
31 1.59326e-06 -6.7144e-05 -5.04268e-06
32 1.64251e-06 -6.69271e-05 -5.01631e-06
33 1.65641e-06 -6.69661e-05 -5.01591e-06
34 1.66827e-06 -6.69858e-05 -5.01366e-06
35 1.68108e-06 -6.7004e-05 -5.01254e-06
36 1.69424e-06 -6.70215e-05 -5.0112e-06
37 1.70658e-06 -6.70362e-05 -5.01021e-06
38 1.71981e-06 -6.70515e-05 -5.00927e-06
39 1.73296e-06 -6.70644e-05 -5.00865e-06
40 1.745e-06 -6.70778e-05 -5.00818e-06
41 1.75816e-06 -6.70918e-05 -5.00738e-06
42 1.77121e-06 -6.71027e-05 -5.00701e-06
43 1.78491e-06 -6.71143e-05 -5.00644e-06
44 1.79789e-06 -6.71254e-05 -5.0062e-06
45 1.81128e-06 -6.71364e-05 -5.00591e-06
46 1.82465e-06 -6.71462e-05 -5.00566e-06
47 1.83809e-06 -6.71568e-05 -5.00548e-06
48 1.85145e-06 -6.71669e-05 -5.00532e-06
49 1.86474e-06 -6.71764e-05 -5.00522e-06
50 1.87808e-06 -6.71858e-05 -5.00511e-06
51 1.89156e-06 -6.71952e-05 -5.00499e-06
52 1.90491e-06 -6.72045e-05 -5.00495e-06
53 1.91825e-06 -6.72136e-05 -5.00492e-06
54 1.93175e-06 -6.72229e-05 -5.00486e-06
55 1.94496e-06 -6.72322e-05 -5.00486e-06
56 1.95832e-06 -6.72415e-05 -5.00486e-06
57 1.97175e-06 -6.72505e-05 -5.00483e-06
58 1.98536e-06 -6.72598e-05 -5.00481e-06
59 1.99901e-06 -6.72692e-05 -5.00473e-06
60 2.01248e-06 -6.72784e-05 -5.00475e-06
61 2.02601e-06 -6.72873e-05 -5.00475e-06
62 2.03962e-06 -6.72966e-05 -5.00471e-06
63 2.05317e-06 -6.73055e-05 -5.00473e-06
64 2.0667e-06 -6.73144e-05 -5.00476e-06
65 2.08027e-06 -6.73232e-05 -5.00478e-06
66 2.09384e-06 -6.7332e-05 -5.0048e-06
67 2.10744e-06 -6.73408e-05 -5.00483e-06
68 2.12103e-06 -6.73495e-05 -5.00486e-06
69 2.13463e-06 -6.73582e-05 -5.00489e-06
70 2.14824e-06 -6.73669e-05 -5.00493e-06
71 2.16188e-06 -6.73756e-05 -5.00496e-06
72 2.17551e-06 -6.73843e-05 -5.005e-06
73 2.18916e-06 -6.73929e-05 -5.00504e-06
74 2.20284e-06 -6.74016e-05 -5.00508e-06
75 2.2165e-06 -6.74102e-05 -5.00512e-06
76 2.23016e-06 -6.74188e-05 -5.00516e-06
77 2.24384e-06 -6.74274e-05 -5.0052e-06
78 2.25755e-06 -6.74359e-05 -5.00525e-06
79 2.27124e-06 -6.74445e-05 -5.00529e-06
80 2.28494e-06 -6.7453e-05 -5.00533e-06
