26 -6.14008e-09 -3.87305e-08 -3.72502e-09
27 -5.98648e-05 -1.22997e-05 -1.30939e-05
28 -4.61731e-05 -7.81058e-06 -1.05692e-05
29 -2.21358e-05 -4.31187e-05 -5.58158e-06
30 -2.24745e-05 -4.14083e-05 -5.55636e-06
31 -2.20388e-05 -4.24332e-05 -5.62694e-06
32 -2.18506e-05 -4.23607e-05 -5.59641e-06
33 -2.18325e-05 -4.24035e-05 -5.5945e-06
34 -2.18124e-05 -4.24323e-05 -5.59294e-06
35 -2.17947e-05 -4.24556e-05 -5.59177e-06
36 -2.17773e-05 -4.24779e-05 -5.59099e-06
37 -2.17612e-05 -4.24967e-05 -5.5902e-06
38 -2.17454e-05 -4.2515e-05 -5.58979e-06
39 -2.17302e-05 -4.25302e-05 -5.58939e-06
40 -2.17167e-05 -4.25452e-05 -5.58909e-06
41 -2.17021e-05 -4.25611e-05 -5.58898e-06
42 -2.16884e-05 -4.25729e-05 -5.58889e-06
43 -2.16739e-05 -4.25856e-05 -5.5889e-06
44 -2.16607e-05 -4.2597e-05 -5.58894e-06
45 -2.16473e-05 -4.26082e-05 -5.58904e-06
46 -2.1634e-05 -4.26183e-05 -5.58916e-06
47 -2.16209e-05 -4.26286e-05 -5.58936e-06
48 -2.1608e-05 -4.26385e-05 -5.58955e-06
49 -2.15953e-05 -4.26475e-05 -5.58977e-06
50 -2.15826e-05 -4.26564e-05 -5.59002e-06
51 -2.15698e-05 -4.26653e-05 -5.59029e-06
52 -2.15572e-05 -4.26739e-05 -5.59056e-06
53 -2.15448e-05 -4.26822e-05 -5.59086e-06
54 -2.15322e-05 -4.26907e-05 -5.59118e-06
55 -2.15201e-05 -4.26991e-05 -5.59152e-06
56 -2.15078e-05 -4.27074e-05 -5.59186e-06
57 -2.14954e-05 -4.27155e-05 -5.5922e-06
58 -2.14829e-05 -4.27239e-05 -5.59258e-06
59 -2.14702e-05 -4.27324e-05 -5.59294e-06
60 -2.14579e-05 -4.27406e-05 -5.5933e-06
61 -2.14455e-05 -4.27485e-05 -5.59367e-06
62 -2.1433e-05 -4.27568e-05 -5.59405e-06
63 -2.14206e-05 -4.27647e-05 -5.59443e-06
64 -2.14083e-05 -4.27725e-05 -5.59481e-06
65 -2.13959e-05 -4.27803e-05 -5.59519e-06
66 -2.13835e-05 -4.2788e-05 -5.59557e-06
67 -2.13711e-05 -4.27956e-05 -5.59596e-06
68 -2.13588e-05 -4.28033e-05 -5.59635e-06
69 -2.13464e-05 -4.28109e-05 -5.59674e-06
70 -2.1334e-05 -4.28185e-05 -5.59713e-06
71 -2.13216e-05 -4.2826e-05 -5.59753e-06
72 -2.13092e-05 -4.28336e-05 -5.59792e-06
73 -2.12968e-05 -4.28411e-05 -5.59832e-06
74 -2.12844e-05 -4.28486e-05 -5.59872e-06
75 -2.1272e-05 -4.28561e-05 -5.59912e-06
76 -2.12596e-05 -4.28635e-05 -5.59952e-06
77 -2.12471e-05 -4.2871e-05 -5.59992e-06
78 -2.12347e-05 -4.28784e-05 -5.60032e-06
79 -2.12222e-05 -4.28858e-05 -5.60072e-06
80 -2.12098e-05 -4.28932e-05 -5.60112e-06
