26 1.05532e-08 -4.31194e-08 3.2005e-09
27 5.94388e-05 -1.65386e-05 5.84899e-06
28 4.82922e-05 -1.41445e-05 4.57059e-06
29 2.66124e-05 -4.48756e-05 1.26865e-06
30 2.66192e-05 -4.35646e-05 1.34271e-06
31 2.74542e-05 -4.43095e-05 1.25831e-06
32 2.73379e-05 -4.42744e-05 1.26371e-06
33 2.73483e-05 -4.43174e-05 1.2634e-06
34 2.73525e-05 -4.43414e-05 1.26281e-06
35 2.73608e-05 -4.43632e-05 1.26272e-06
36 2.73711e-05 -4.43808e-05 1.26242e-06
37 2.73805e-05 -4.43969e-05 1.2623e-06
38 2.73929e-05 -4.44107e-05 1.26213e-06
39 2.7405e-05 -4.44235e-05 1.26206e-06
40 2.74166e-05 -4.44363e-05 1.26208e-06
41 2.74305e-05 -4.44467e-05 1.26194e-06
42 2.74441e-05 -4.4456e-05 1.26193e-06
43 2.74589e-05 -4.44642e-05 1.26182e-06
44 2.7473e-05 -4.4473e-05 1.26184e-06
45 2.74879e-05 -4.4481e-05 1.26184e-06
46 2.75027e-05 -4.4488e-05 1.26183e-06
47 2.7518e-05 -4.44953e-05 1.26183e-06
48 2.75332e-05 -4.45024e-05 1.26185e-06
49 2.75485e-05 -4.45087e-05 1.26189e-06
50 2.75639e-05 -4.45148e-05 1.26191e-06
51 2.75796e-05 -4.45206e-05 1.26193e-06
52 2.75951e-05 -4.45267e-05 1.26197e-06
53 2.76107e-05 -4.45325e-05 1.26202e-06
54 2.76266e-05 -4.4538e-05 1.26204e-06
55 2.76423e-05 -4.45438e-05 1.26209e-06
56 2.76581e-05 -4.45495e-05 1.26214e-06
57 2.7674e-05 -4.45548e-05 1.26217e-06
58 2.76902e-05 -4.45604e-05 1.2622e-06
59 2.77063e-05 -4.45658e-05 1.2622e-06
60 2.77223e-05 -4.45714e-05 1.26224e-06
61 2.77383e-05 -4.45767e-05 1.26227e-06
62 2.77545e-05 -4.45821e-05 1.26228e-06
63 2.77706e-05 -4.45874e-05 1.26232e-06
64 2.77866e-05 -4.45926e-05 1.26235e-06
65 2.78027e-05 -4.45978e-05 1.26238e-06
66 2.78188e-05 -4.4603e-05 1.26241e-06
67 2.78349e-05 -4.46082e-05 1.26244e-06
68 2.7851e-05 -4.46133e-05 1.26247e-06
69 2.78671e-05 -4.46184e-05 1.2625e-06
70 2.78833e-05 -4.46236e-05 1.26252e-06
71 2.78994e-05 -4.46287e-05 1.26255e-06
72 2.79155e-05 -4.46338e-05 1.26257e-06
73 2.79316e-05 -4.46389e-05 1.26259e-06
74 2.79478e-05 -4.4644e-05 1.26261e-06
75 2.79639e-05 -4.46491e-05 1.26263e-06
76 2.798e-05 -4.46542e-05 1.26265e-06
77 2.79962e-05 -4.46593e-05 1.26267e-06
78 2.80123e-05 -4.46644e-05 1.26268e-06
79 2.80284e-05 -4.46694e-05 1.2627e-06
80 2.80446e-05 -4.46745e-05 1.26271e-06
