26 -0.0663312 -0.111413 3.57379e-11
27 -0.000127629 2.21632e-05 1.83976e-06
28 0.00026348 -0.00156986 -1.85063e-06
29 0.000113022 -6.0312e-05 -3.13724e-06
30 -1.74506e-07 1.53574e-07 4.95106e-10
31 5.54096e-08 -3.20599e-08 8.90276e-09
32 8.12724e-09 -1.2752e-08 -3.67277e-09
33 -9.00045e-08 9.96758e-08 1.03347e-09
34 -6.3902e-08 3.09619e-08 -7.83325e-09
35 -6.49743e-09 1.01695e-08 1.21031e-09
36 1.06382e-07 -1.02419e-07 -5.3202e-09
37 -4.90818e-08 3.97913e-08 6.64517e-09
38 -1.44746e-08 2.65179e-08 -3.10553e-09
39 7.7795e-08 -7.07955e-08 -7.48867e-09
40 2.26487e-08 -9.84051e-09 7.38589e-09
41 7.84589e-08 -8.39782e-08 -5.47715e-09
42 3.35085e-08 -2.54213e-08 7.63333e-09
43 1.68515e-07 -1.51016e-07 3.65503e-10
44 -3.53756e-07 3.21756e-07 -7.61941e-09
45 1.20396e-07 -1.25304e-07 4.0032e-09
46 -8.41205e-08 8.42517e-08 -1.68529e-09
47 2.04671e-07 -1.9487e-07 7.21684e-10
48 -1.38784e-07 1.347e-07 2.88969e-09
49 -1.14969e-07 1.10038e-07 -7.95922e-10
50 2.4296e-07 -2.44325e-07 -1.24311e-09
51 -8.74634e-08 7.66695e-08 6.31712e-09
52 -5.78102e-08 8.57194e-08 -5.83327e-10
53 2.0655e-07 -2.1292e-07 -9.06937e-09
54 1.23173e-08 -1.60389e-09 3.32619e-09
55 -4.58849e-08 1.65765e-08 -6.78716e-09
56 -5.5853e-08 7.15418e-08 8.07978e-09
57 -4.87353e-08 4.05896e-08 -2.83677e-09
58 7.96176e-08 -5.93704e-08 1.71542e-09
59 -5.04506e-08 3.35276e-08 -3.12093e-09
60 1.71643e-07 -1.70274e-07 5.23443e-09
61 1.74774e-07 -1.73327e-07 1.11459e-09
62 4.68663e-08 -2.84579e-08 1.07866e-09
63 -2.24636e-07 1.66678e-07 -3.19807e-09
64 1.38656e-07 -1.26164e-07 5.57247e-09
65 1.5857e-08 -6.68047e-09 -9.9198e-09
66 -2.02363e-08 -6.51221e-09 5.60112e-09
67 1.73268e-07 -1.53406e-07 -4.43254e-09
68 -2.17579e-07 2.07953e-07 -5.071e-09
69 1.60792e-07 -1.52354e-07 6.11954e-09
70 -1.2858e-07 1.19192e-07 -1.41961e-09
71 -6.44254e-08 8.04087e-08 3.92333e-10
72 8.28177e-08 -8.06845e-08 2.06364e-09
73 9.83637e-08 -9.47643e-08 -4.3608e-09
74 -1.256e-07 1.12542e-07 -7.77646e-09
75 7.80046e-08 -6.55234e-08 7.16921e-09
76 2.52776e-08 -2.40673e-08 -7.86997e-10
77 -7.60783e-08 6.51175e-08 -3.39196e-09
78 9.50968e-08 -7.72827e-08 2.64185e-09
79 4.90427e-08 -2.98833e-08 -4.27428e-09
80 5.2351e-08 -7.59107e-08 1.11701e-08
