26 -0.151863 0.14056 6.87597e-11
27 -8.66413e-05 -4.11056e-05 -1.96825e-06
28 0.00011807 0.0018473 -1.22531e-06
29 0.00154331 0.000698012 3.07573e-05
30 4.8226e-08 3.05351e-08 -1.29779e-09
31 -1.24246e-08 1.49489e-08 1.44236e-09
32 -5.23028e-08 -7.29676e-08 -6.17888e-10
33 2.70475e-08 4.12513e-08 -3.05067e-09
34 1.05073e-07 9.51813e-08 2.49047e-09
35 -6.46583e-08 -5.4491e-08 -1.80061e-09
36 1.51417e-08 1.20053e-09 7.2547e-09
37 1.34746e-08 3.05465e-08 -7.81485e-09
38 3.39323e-08 1.90707e-08 4.11231e-09
39 -1.53736e-08 -7.31006e-09 -1.25985e-09
40 -3.46186e-08 -3.63812e-08 3.87575e-09
41 -1.06814e-07 -9.82013e-08 -1.15854e-09
42 1.02834e-07 8.65716e-08 5.73412e-09
43 1.49703e-08 2.01528e-08 -7.24043e-09
44 -2.34222e-08 -3.90171e-08 4.61924e-09
45 4.26057e-08 4.48058e-08 -6.69972e-09
46 -3.58868e-08 -9.2723e-09 -1.90192e-09
47 4.24734e-09 -5.03337e-09 4.95717e-09
48 -1.24742e-08 -2.29397e-09 -3.79409e-09
49 -2.92307e-08 -7.0318e-08 -4.49006e-10
50 -2.47537e-08 -1.42818e-08 7.11961e-09
51 6.40553e-08 7.93564e-08 -6.80112e-09
52 -3.23944e-08 -5.10749e-08 1.91608e-09
53 -2.43849e-08 -2.12324e-08 9.70061e-10
54 2.84608e-08 1.72965e-08 -1.73296e-09
55 -3.65003e-08 -2.58626e-08 -5.31445e-09
56 2.30129e-08 1.12345e-08 6.40988e-09
57 -4.34829e-09 1.76806e-08 -5.71988e-09
58 1.75696e-08 2.16521e-08 3.57173e-09
59 2.39411e-08 2.53053e-08 -7.27404e-09
60 -4.60059e-08 -4.89488e-08 2.45679e-09
61 1.97042e-09 -1.45792e-09 -3.47782e-10
62 3.8619e-08 5.3117e-08 -8.28798e-09
63 6.58456e-08 6.69727e-08 9.41708e-09
64 -1.18557e-08 -1.43061e-08 -2.84797e-09
65 3.26722e-08 3.11836e-08 -3.42241e-09
66 -8.72942e-08 -8.60093e-08 4.21373e-09
67 -5.10399e-08 -6.80725e-08 1.34111e-09
68 3.76963e-08 5.12591e-08 -4.57189e-09
69 2.23963e-08 3.33907e-08 -2.57829e-09
70 -7.76345e-09 -8.59404e-09 -4.49617e-10
71 -5.68543e-08 -6.56978e-08 1.10045e-08
72 1.64528e-08 2.14297e-08 -4.16637e-09
73 3.19542e-08 1.06261e-08 -5.38272e-09
74 -7.15954e-09 6.42558e-09 4.85508e-09
75 -6.83258e-08 -6.67815e-08 -4.30153e-09
76 3.00815e-08 1.26918e-08 1.94909e-09
77 1.68002e-08 3.40542e-08 4.95631e-09
78 -5.60567e-08 -7.52796e-08 -3.45682e-09
79 6.4163e-08 7.83095e-08 -6.19357e-09
80 2.21216e-08 3.04196e-08 2.79904e-09
