26 -1.06162e-09 -4.17321e-08 -3.24035e-09
27 -3.60849e-05 -2.63873e-05 -2.08321e-05
28 -2.70323e-05 -1.91491e-05 -1.67604e-05
29 -1.20252e-05 -4.91052e-05 -8.8293e-06
30 -1.23383e-05 -4.74136e-05 -8.88792e-06
31 -1.17961e-05 -4.85003e-05 -8.96802e-06
32 -1.16677e-05 -4.83922e-05 -8.9141e-06
33 -1.1652e-05 -4.84335e-05 -8.91253e-06
34 -1.16352e-05 -4.84604e-05 -8.90947e-06
35 -1.16195e-05 -4.84825e-05 -8.90761e-06
36 -1.16037e-05 -4.85038e-05 -8.90605e-06
37 -1.15892e-05 -4.85217e-05 -8.90467e-06
38 -1.15743e-05 -4.85394e-05 -8.90376e-06
39 -1.15599e-05 -4.85541e-05 -8.90303e-06
40 -1.1547e-05 -4.85688e-05 -8.90251e-06
41 -1.15328e-05 -4.85844e-05 -8.90203e-06
42 -1.15192e-05 -4.85962e-05 -8.90181e-06
43 -1.15049e-05 -4.86088e-05 -8.90158e-06
44 -1.14917e-05 -4.86201e-05 -8.90156e-06
45 -1.14782e-05 -4.86314e-05 -8.90159e-06
46 -1.14647e-05 -4.86415e-05 -8.90165e-06
47 -1.14514e-05 -4.8652e-05 -8.90185e-06
48 -1.14382e-05 -4.86621e-05 -8.90205e-06
49 -1.14251e-05 -4.86713e-05 -8.90231e-06
50 -1.1412e-05 -4.86805e-05 -8.90259e-06
51 -1.13988e-05 -4.86896e-05 -8.90291e-06
52 -1.13858e-05 -4.86984e-05 -8.90326e-06
53 -1.13729e-05 -4.8707e-05 -8.90363e-06
54 -1.13598e-05 -4.87158e-05 -8.90403e-06
55 -1.13471e-05 -4.87245e-05 -8.90448e-06
56 -1.13343e-05 -4.87332e-05 -8.90493e-06
57 -1.13213e-05 -4.87416e-05 -8.90536e-06
58 -1.13082e-05 -4.87503e-05 -8.90583e-06
59 -1.1295e-05 -4.87592e-05 -8.90625e-06
60 -1.12821e-05 -4.87677e-05 -8.90673e-06
61 -1.12691e-05 -4.8776e-05 -8.9072e-06
62 -1.12559e-05 -4.87847e-05 -8.90766e-06
63 -1.1243e-05 -4.87929e-05 -8.90815e-06
64 -1.123e-05 -4.88011e-05 -8.90865e-06
65 -1.1217e-05 -4.88092e-05 -8.90914e-06
66 -1.1204e-05 -4.88172e-05 -8.90964e-06
67 -1.1191e-05 -4.88253e-05 -8.91014e-06
68 -1.1178e-05 -4.88333e-05 -8.91064e-06
69 -1.1165e-05 -4.88413e-05 -8.91115e-06
70 -1.1152e-05 -4.88492e-05 -8.91166e-06
71 -1.11389e-05 -4.88572e-05 -8.91216e-06
72 -1.11259e-05 -4.88651e-05 -8.91267e-06
73 -1.11128e-05 -4.8873e-05 -8.91319e-06
74 -1.10998e-05 -4.88809e-05 -8.9137e-06
75 -1.10867e-05 -4.88887e-05 -8.91421e-06
76 -1.10736e-05 -4.88965e-05 -8.91472e-06
77 -1.10606e-05 -4.89044e-05 -8.91523e-06
78 -1.10475e-05 -4.89122e-05 -8.91575e-06
79 -1.10344e-05 -4.892e-05 -8.91626e-06
80 -1.10213e-05 -4.89278e-05 -8.91677e-06
