26 1.10263e-09 -2.49547e-08 -2.35129e-08
27 1.30911e-06 3.80159e-05 -6.89416e-05
28 2.5481e-06 2.7853e-05 -5.27618e-05
29 1.3937e-06 -3.36401e-05 -1.14925e-05
30 1.57402e-06 -3.22513e-05 -1.15377e-05
31 1.95407e-06 -3.29613e-05 -1.15745e-05
32 2.00756e-06 -3.29691e-05 -1.15284e-05
33 2.02559e-06 -3.30156e-05 -1.15247e-05
34 2.03646e-06 -3.30421e-05 -1.1522e-05
35 2.05007e-06 -3.30653e-05 -1.15204e-05
36 2.06306e-06 -3.30838e-05 -1.15193e-05
37 2.07583e-06 -3.31009e-05 -1.15183e-05
38 2.08911e-06 -3.31148e-05 -1.1518e-05
39 2.10256e-06 -3.31277e-05 -1.15178e-05
40 2.11519e-06 -3.31405e-05 -1.15177e-05
41 2.12837e-06 -3.31506e-05 -1.1518e-05
42 2.14171e-06 -3.31594e-05 -1.15184e-05
43 2.15537e-06 -3.3167e-05 -1.15188e-05
44 2.16867e-06 -3.31752e-05 -1.15195e-05
45 2.18228e-06 -3.31824e-05 -1.15202e-05
46 2.19579e-06 -3.31887e-05 -1.15209e-05
47 2.20938e-06 -3.3195e-05 -1.15218e-05
48 2.22292e-06 -3.32012e-05 -1.15227e-05
49 2.23643e-06 -3.32065e-05 -1.15237e-05
50 2.24996e-06 -3.32117e-05 -1.15247e-05
51 2.26354e-06 -3.32163e-05 -1.15257e-05
52 2.27708e-06 -3.32214e-05 -1.15267e-05
53 2.29062e-06 -3.32261e-05 -1.15278e-05
54 2.30421e-06 -3.32305e-05 -1.1529e-05
55 2.31761e-06 -3.32351e-05 -1.15301e-05
56 2.33111e-06 -3.32397e-05 -1.15313e-05
57 2.34465e-06 -3.32438e-05 -1.15325e-05
58 2.35828e-06 -3.32481e-05 -1.15337e-05
59 2.37191e-06 -3.32523e-05 -1.15349e-05
60 2.38545e-06 -3.32568e-05 -1.15361e-05
61 2.39904e-06 -3.32608e-05 -1.15373e-05
62 2.41262e-06 -3.32649e-05 -1.15385e-05
63 2.4262e-06 -3.3269e-05 -1.15398e-05
64 2.43977e-06 -3.3273e-05 -1.1541e-05
65 2.45336e-06 -3.3277e-05 -1.15422e-05
66 2.46693e-06 -3.32809e-05 -1.15435e-05
67 2.48051e-06 -3.32848e-05 -1.15447e-05
68 2.49409e-06 -3.32887e-05 -1.1546e-05
69 2.50767e-06 -3.32926e-05 -1.15472e-05
70 2.52125e-06 -3.32965e-05 -1.15485e-05
71 2.53483e-06 -3.33004e-05 -1.15497e-05
72 2.54841e-06 -3.33042e-05 -1.1551e-05
73 2.562e-06 -3.33081e-05 -1.15522e-05
74 2.5756e-06 -3.3312e-05 -1.15535e-05
75 2.58917e-06 -3.33158e-05 -1.15547e-05
76 2.60274e-06 -3.33196e-05 -1.15559e-05
77 2.61632e-06 -3.33235e-05 -1.15572e-05
78 2.62991e-06 -3.33274e-05 -1.15584e-05
79 2.64348e-06 -3.33312e-05 -1.15597e-05
80 2.65705e-06 -3.3335e-05 -1.15609e-05
