26 -1.68591 -0.353023 -6.63976e-10
27 -2925.09 -0.205033 1.67602e-08
28 -4133.93 -186.18 0.000933902
29 -3401.28 88.9773 -6.3124e-06
30 -3513.88 534.415 -2.45882e-09
31 -3453.3 510.044 -7.9126e-10
32 -3480.08 528.359 9.37689e-10
33 -3477.13 527.695 3.33785e-10
34 -3476.76 525.723 -9.74524e-10
35 -3476.45 523.88 6.23004e-10
36 -3476.24 522.088 -2.27374e-11
37 -3476.08 520.345 2.68301e-10
38 -3475.95 518.606 -4.74756e-10
39 -3475.84 516.898 1.09139e-09
40 -3475.81 515.256 -1.01954e-09
41 -3475.82 513.676 -3.27873e-10
42 -3475.84 512.149 2.84672e-10
43 -3475.9 510.697 4.02906e-10
44 -3475.99 509.412 -4.31555e-10
45 -3476.12 508.101 4.70664e-10
46 -3476.24 506.91 -9.37689e-10
47 -3476.4 505.734 -8.54925e-11
48 -3476.57 504.611 4.56112e-10
49 -3476.74 503.565 -1.10504e-10
50 -3476.93 502.567 3.65162e-10
51 -3477.13 501.625 9.1859e-11
52 -3477.35 500.734 2.9786e-10
53 -3477.57 499.891 -3.93811e-10
54 -3477.81 499.094 2.5193e-10
55 -3478.06 498.348 -6.53472e-10
56 -3478.32 497.644 1.94177e-10
57 -3478.58 496.985 9.23137e-11
58 -3478.85 496.374 -1.28694e-10
59 -3479.13 495.807 7.89441e-10
60 -3479.42 495.281 -9.89985e-10
61 -3479.7 494.794 7.63976e-11
62 -3480 494.35 6.41649e-10
63 -3480.3 493.942 -2.77396e-10
64 -3480.61 493.572 -3.13776e-10
65 -3480.92 493.239 -1.38698e-10
66 -3481.23 492.942 5.4024e-10
67 -3481.55 492.679 -7.62157e-10
68 -3481.88 492.451 2.65118e-10
69 -3482.21 492.255 3.42425e-10
70 -3482.54 492.092 -2.26464e-10
71 -3482.88 491.961 6.64386e-10
72 -3483.22 491.859 -1.15506e-09
73 -3483.57 491.787 6.10271e-10
74 -3483.92 491.744 4.46562e-10
75 -3484.27 491.729 -2.53749e-10
76 -3484.63 491.742 -6.75755e-10
77 -3484.99 491.781 -3.18323e-11
78 -3485.36 491.875 2.98769e-10
79 -3485.72 491.986 -3.64707e-10
80 -3486.11 492.144 5.42968e-10
