26 -0.12158 -5.88335 4.54488e-11
27 -9.33324e-05 0.000373477 -1.68114e-05
28 -0.000410777 0.00172189 -7.74929e-05
29 -1.89175e-10 -6.03807e-08 7.18046e-10
30 -2.91038e-11 -2.48528e-08 -4.83851e-10
31 -5.09317e-11 1.86993e-08 -8.04448e-10
32 -4.36557e-11 -3.33582e-09 1.2883e-09
33 8.00355e-11 -1.68717e-08 -6.33008e-10
34 -2.18279e-11 -4.95085e-10 -3.65617e-10
35 -1.96451e-10 -8.90503e-09 -5.85715e-10
36 -4.36557e-11 -6.98243e-09 5.97538e-10
37 9.45874e-11 2.30823e-09 -1.32559e-09
38 -2.03727e-10 -4.69718e-09 -4.81577e-10
39 2.61934e-10 -1.68574e-08 1.06456e-09
40 9.45874e-11 2.57392e-08 3.00588e-10
41 -1.96451e-10 5.60083e-09 5.939e-10
42 -5.09317e-11 -1.40483e-08 -1.8199e-09
43 9.45874e-11 1.26465e-08 8.23093e-10
44 -2.18279e-10 -1.30899e-08 3.09228e-11
45 -1.45519e-11 1.17198e-08 3.51974e-10
46 1.09139e-10 3.71564e-09 1.40926e-09
47 -2.11003e-10 -1.40137e-08 3.96994e-10
48 9.45874e-11 2.15343e-08 -1.69621e-10
49 -3.63798e-11 1.59305e-08 -2.64663e-10
50 1.01863e-10 -2.10364e-08 8.89486e-10
51 2.47383e-10 -8.41575e-09 -2.51021e-09
52 1.09139e-10 -4.69143e-09 -2.41016e-10
53 -6.54836e-11 -1.42761e-09 6.20275e-10
54 -5.09317e-11 9.83746e-09 -8.82665e-10
55 -6.54836e-11 -8.90216e-09 2.91038e-11
56 -2.11003e-10 -1.31043e-08 9.90894e-10
57 -5.82077e-11 -1.07816e-08 -1.86355e-09
58 -8.00355e-11 1.35474e-08 -2.67391e-10
59 2.40107e-10 -1.07413e-08 1.63436e-09
60 -1.09139e-10 1.83909e-09 9.91349e-11
61 9.45874e-11 4.23946e-09 8.9085e-10
62 -1.23691e-10 -1.17026e-08 -2.1173e-09
63 0 3.79195e-08 1.01863e-10
64 9.45874e-11 -3.26387e-09 4.502e-10
65 -1.45519e-10 -4.23093e-09 6.95763e-10
66 -5.82077e-11 -2.01442e-08 5.32054e-11
67 -4.36557e-11 2.80039e-09 -5.87079e-10
68 1.45519e-11 5.70921e-12 9.93168e-10
69 -4.36557e-11 1.87281e-08 -1.18234e-10
70 8.73115e-11 -3.77042e-09 -8.34007e-10
71 1.09139e-10 1.37858e-09 1.60753e-09
72 -5.09317e-11 -3.08739e-08 -2.50975e-09
73 2.91038e-11 3.37059e-08 1.26147e-09
74 7.27596e-12 -9.34827e-09 -1.62527e-09
75 -5.82077e-11 2.61997e-08 1.33468e-09
76 -2.91038e-11 -7.94661e-09 6.97582e-10
77 -2.91038e-11 -9.8318e-09 -7.35326e-10
78 -8.73115e-11 4.1169e-08 -1.08093e-09
79 3.63798e-11 9.55499e-10 1.01909e-09
80 -4.36557e-11 -1.49722e-08 -1.1778e-09
