26 2.02143e-09 -4.79855e-08 5.93919e-10
27 8.53119e-06 -5.37764e-05 1.81764e-05
28 8.57892e-06 -4.31584e-05 1.4077e-05
29 6.8196e-06 -5.98098e-05 7.6816e-06
30 6.65425e-06 -5.85932e-05 7.68995e-06
31 7.37239e-06 -5.9472e-05 7.80347e-06
32 7.37894e-06 -5.93378e-05 7.74648e-06
33 7.39201e-06 -5.93788e-05 7.74539e-06
34 7.40236e-06 -5.93984e-05 7.74333e-06
35 7.41411e-06 -5.94174e-05 7.74192e-06
36 7.42679e-06 -5.94334e-05 7.74127e-06
37 7.43852e-06 -5.94479e-05 7.74047e-06
38 7.45169e-06 -5.94612e-05 7.74039e-06
39 7.46465e-06 -5.94733e-05 7.74014e-06
40 7.47662e-06 -5.94858e-05 7.74005e-06
41 7.49012e-06 -5.94967e-05 7.74053e-06
42 7.50335e-06 -5.95063e-05 7.74078e-06
43 7.51745e-06 -5.95151e-05 7.74131e-06
44 7.53075e-06 -5.95246e-05 7.74175e-06
45 7.54455e-06 -5.95335e-05 7.74232e-06
46 7.55834e-06 -5.95414e-05 7.74289e-06
47 7.57229e-06 -5.95498e-05 7.74358e-06
48 7.58614e-06 -5.95579e-05 7.74425e-06
49 7.59994e-06 -5.95654e-05 7.74495e-06
50 7.61384e-06 -5.95727e-05 7.74569e-06
51 7.6279e-06 -5.95798e-05 7.7465e-06
52 7.6418e-06 -5.95872e-05 7.74724e-06
53 7.65572e-06 -5.95943e-05 7.74803e-06
54 7.66985e-06 -5.96013e-05 7.74888e-06
55 7.68369e-06 -5.96085e-05 7.74974e-06
56 7.69767e-06 -5.96157e-05 7.75059e-06
57 7.71175e-06 -5.96225e-05 7.75147e-06
58 7.72602e-06 -5.96295e-05 7.75237e-06
59 7.74035e-06 -5.96364e-05 7.75328e-06
60 7.75445e-06 -5.96435e-05 7.75414e-06
61 7.76864e-06 -5.96502e-05 7.75502e-06
62 7.78291e-06 -5.96571e-05 7.75593e-06
63 7.79711e-06 -5.96639e-05 7.75681e-06
64 7.81129e-06 -5.96707e-05 7.75769e-06
65 7.82551e-06 -5.96773e-05 7.75857e-06
66 7.83973e-06 -5.9684e-05 7.75945e-06
67 7.85398e-06 -5.96907e-05 7.76033e-06
68 7.86822e-06 -5.96973e-05 7.76121e-06
69 7.88246e-06 -5.97039e-05 7.76208e-06
70 7.89672e-06 -5.97105e-05 7.76296e-06
71 7.911e-06 -5.97171e-05 7.76383e-06
72 7.92528e-06 -5.97236e-05 7.7647e-06
73 7.93957e-06 -5.97302e-05 7.76557e-06
74 7.95389e-06 -5.97368e-05 7.76643e-06
75 7.96819e-06 -5.97433e-05 7.7673e-06
76 7.98248e-06 -5.97499e-05 7.76816e-06
77 7.9968e-06 -5.97564e-05 7.76901e-06
78 8.01114e-06 -5.9763e-05 7.76987e-06
79 8.02546e-06 -5.97695e-05 7.77072e-06
80 8.03979e-06 -5.9776e-05 7.77157e-06
