26 7.82447e-09 -4.39061e-08 3.49437e-09
27 5.13097e-05 -1.90535e-05 1.3823e-05
28 4.19334e-05 -1.61116e-05 1.08133e-05
29 2.39971e-05 -4.56978e-05 5.00388e-06
30 2.39441e-05 -4.44046e-05 5.07637e-06
31 2.48151e-05 -4.51397e-05 5.06865e-06
32 2.47078e-05 -4.51015e-05 5.04282e-06
33 2.47185e-05 -4.51444e-05 5.04212e-06
34 2.47237e-05 -4.51681e-05 5.04045e-06
35 2.47324e-05 -4.51898e-05 5.0396e-06
36 2.47431e-05 -4.52073e-05 5.0389e-06
37 2.47529e-05 -4.52233e-05 5.03831e-06
38 2.47654e-05 -4.52371e-05 5.03801e-06
39 2.47776e-05 -4.52498e-05 5.03776e-06
40 2.47893e-05 -4.52626e-05 5.03767e-06
41 2.48033e-05 -4.5273e-05 5.03766e-06
42 2.48168e-05 -4.52822e-05 5.0377e-06
43 2.48316e-05 -4.52904e-05 5.03778e-06
44 2.48457e-05 -4.52992e-05 5.03795e-06
45 2.48605e-05 -4.53073e-05 5.03816e-06
46 2.48752e-05 -4.53144e-05 5.03836e-06
47 2.48904e-05 -4.53217e-05 5.03864e-06
48 2.49055e-05 -4.53288e-05 5.03893e-06
49 2.49206e-05 -4.53351e-05 5.03925e-06
50 2.49359e-05 -4.53413e-05 5.03958e-06
51 2.49514e-05 -4.53471e-05 5.03992e-06
52 2.49667e-05 -4.53533e-05 5.04027e-06
53 2.49821e-05 -4.53591e-05 5.04065e-06
54 2.49979e-05 -4.53648e-05 5.04103e-06
55 2.50134e-05 -4.53706e-05 5.04145e-06
56 2.5029e-05 -4.53764e-05 5.04186e-06
57 2.50447e-05 -4.53818e-05 5.04226e-06
58 2.50607e-05 -4.53873e-05 5.04268e-06
59 2.50767e-05 -4.53928e-05 5.04306e-06
60 2.50925e-05 -4.53985e-05 5.04347e-06
61 2.51083e-05 -4.54038e-05 5.04389e-06
62 2.51243e-05 -4.54093e-05 5.04429e-06
63 2.51402e-05 -4.54146e-05 5.04471e-06
64 2.51561e-05 -4.542e-05 5.04512e-06
65 2.5172e-05 -4.54252e-05 5.04553e-06
66 2.51879e-05 -4.54304e-05 5.04595e-06
67 2.52038e-05 -4.54357e-05 5.04636e-06
68 2.52197e-05 -4.54409e-05 5.04677e-06
69 2.52357e-05 -4.54461e-05 5.04718e-06
70 2.52516e-05 -4.54512e-05 5.04759e-06
71 2.52676e-05 -4.54564e-05 5.04799e-06
72 2.52835e-05 -4.54616e-05 5.0484e-06
73 2.52995e-05 -4.54668e-05 5.0488e-06
74 2.53154e-05 -4.54719e-05 5.0492e-06
75 2.53314e-05 -4.54771e-05 5.0496e-06
76 2.53473e-05 -4.54822e-05 5.05e-06
77 2.53633e-05 -4.54874e-05 5.0504e-06
78 2.53793e-05 -4.54925e-05 5.05079e-06
79 2.53952e-05 -4.54976e-05 5.05119e-06
80 2.54112e-05 -4.55028e-05 5.05158e-06
