26 0.0473308 0.0752546 -1.81002e-11
27 -9.00608e-06 -1.97095e-05 -2.46878e-08
28 0.00117001 0.00276174 3.86251e-06
29 -3.00264e-07 5.54146e-08 4.94026e-09
30 -2.87203e-07 -1.90998e-07 -3.10479e-09
31 -9.25124e-08 1.06914e-07 5.97925e-09
32 -3.01384e-08 4.2347e-08 2.77578e-09
33 -5.81122e-08 6.442e-08 -1.11995e-08
34 6.04641e-08 -7.26188e-08 5.07043e-09
35 -9.12987e-08 1.11245e-07 -1.88709e-09
36 1.18739e-08 -1.25085e-08 -3.15947e-09
37 7.66863e-08 -7.04511e-08 8.15487e-09
38 -4.21369e-09 -1.99234e-08 -1.29728e-09
39 -6.41526e-08 9.02576e-08 -1.85582e-09
40 3.03571e-08 -4.21066e-08 -6.48436e-09
41 -1.79575e-08 -4.53815e-09 8.35189e-09
42 2.15932e-08 4.87807e-09 -7.77629e-09
43 1.1365e-08 -2.0473e-08 2.18347e-09
44 2.50561e-08 -2.71868e-08 7.04517e-10
45 4.67253e-09 -1.8191e-08 3.72449e-09
46 -1.80999e-08 1.42554e-08 -9.04777e-09
47 -4.62396e-08 4.91652e-08 3.87843e-09
48 5.77475e-08 -5.40629e-08 2.98769e-10
49 -8.06453e-08 8.64893e-08 -3.99336e-09
50 6.77833e-08 -7.57666e-08 2.12572e-09
51 2.44318e-08 -5.89057e-09 5.49051e-09
52 1.747e-08 -3.64792e-08 -2.69506e-09
53 4.25352e-08 -6.21326e-08 4.52246e-10
54 2.27155e-08 -1.31195e-09 -1.78954e-09
55 -6.28656e-08 6.56073e-08 2.04318e-09
56 4.49154e-08 -6.53135e-08 -6.04905e-09
57 2.4786e-08 -4.28354e-08 7.32598e-10
58 -5.23041e-08 6.36303e-08 -3.54203e-09
59 1.02418e-08 -6.01926e-09 5.81269e-09
60 -1.24737e-08 1.39833e-08 -1.2119e-10
61 5.36738e-08 -6.67908e-08 7.19012e-09
62 -8.21856e-08 7.33733e-08 -8.57335e-09
63 9.69139e-08 -7.48282e-08 1.67029e-09
64 -2.01676e-08 -1.69598e-09 -3.11582e-09
65 1.71412e-08 8.26662e-09 3.48064e-09
66 -8.65521e-09 -1.935e-08 3.4604e-09
67 1.8963e-08 -1.84407e-08 -4.35909e-09
68 1.09731e-08 2.21553e-09 1.95655e-09
69 -8.01288e-08 9.21682e-08 -6.75618e-09
70 4.68344e-08 -8.02836e-08 1.30672e-09
71 -9.58576e-08 1.25062e-07 3.2976e-09
72 8.88617e-08 -1.08628e-07 -4.67139e-10
73 3.26399e-08 -1.97583e-08 -3.31477e-09
74 -3.90201e-08 2.79142e-08 2.16301e-09
75 -7.90328e-08 1.07927e-07 4.78826e-09
76 7.18314e-08 -7.96983e-08 8.33325e-10
77 1.52395e-08 -2.66959e-08 -2.79636e-09
78 -7.33735e-09 1.65198e-08 3.35262e-10
79 2.2349e-08 -2.04629e-08 6.1118e-10
80 -5.41909e-08 3.92556e-08 7.99218e-10
