26 2.24825e-09 -4.67534e-08 -6.4687e-10
27 -2.84025e-06 -7.91334e-05 -3.74255e-06
28 -1.26781e-07 -6.21e-05 -3.33615e-06
29 1.91285e-06 -7.10277e-05 -1.379e-06
30 1.7663e-06 -6.96709e-05 -1.46632e-06
31 2.39186e-06 -7.08368e-05 -1.42091e-06
32 2.43737e-06 -7.06038e-05 -1.41929e-06
33 2.45122e-06 -7.06427e-05 -1.4194e-06
34 2.46269e-06 -7.06605e-05 -1.41827e-06
35 2.47532e-06 -7.06778e-05 -1.41786e-06
36 2.48822e-06 -7.0694e-05 -1.417e-06
37 2.50039e-06 -7.07079e-05 -1.41649e-06
38 2.51343e-06 -7.07222e-05 -1.41576e-06
39 2.52646e-06 -7.07346e-05 -1.41535e-06
40 2.53842e-06 -7.07475e-05 -1.41502e-06
41 2.5514e-06 -7.07606e-05 -1.41421e-06
42 2.56437e-06 -7.07711e-05 -1.41384e-06
43 2.57795e-06 -7.0782e-05 -1.4132e-06
44 2.59087e-06 -7.07927e-05 -1.41288e-06
45 2.60419e-06 -7.08033e-05 -1.41245e-06
46 2.6175e-06 -7.08128e-05 -1.41207e-06
47 2.63088e-06 -7.0823e-05 -1.4117e-06
48 2.6442e-06 -7.08329e-05 -1.41135e-06
49 2.65744e-06 -7.08421e-05 -1.41103e-06
50 2.67075e-06 -7.08513e-05 -1.41071e-06
51 2.68417e-06 -7.08604e-05 -1.41034e-06
52 2.6975e-06 -7.08695e-05 -1.41007e-06
53 2.71081e-06 -7.08785e-05 -1.40978e-06
54 2.72429e-06 -7.08875e-05 -1.40945e-06
55 2.73748e-06 -7.08967e-05 -1.40917e-06
56 2.75081e-06 -7.09058e-05 -1.40889e-06
57 2.76421e-06 -7.09146e-05 -1.40857e-06
58 2.77779e-06 -7.09238e-05 -1.40826e-06
59 2.7914e-06 -7.09329e-05 -1.40788e-06
60 2.80486e-06 -7.09419e-05 -1.40762e-06
61 2.81836e-06 -7.09507e-05 -1.40732e-06
62 2.83194e-06 -7.09597e-05 -1.40699e-06
63 2.84547e-06 -7.09685e-05 -1.40671e-06
64 2.85899e-06 -7.09773e-05 -1.40644e-06
65 2.87254e-06 -7.09859e-05 -1.40616e-06
66 2.88609e-06 -7.09946e-05 -1.40589e-06
67 2.89967e-06 -7.10032e-05 -1.40562e-06
68 2.91325e-06 -7.10118e-05 -1.40535e-06
69 2.92683e-06 -7.10204e-05 -1.40508e-06
70 2.94043e-06 -7.1029e-05 -1.40482e-06
71 2.95405e-06 -7.10375e-05 -1.40455e-06
72 2.96766e-06 -7.1046e-05 -1.40429e-06
73 2.9813e-06 -7.10546e-05 -1.40403e-06
74 2.99497e-06 -7.10631e-05 -1.40378e-06
75 3.00861e-06 -7.10716e-05 -1.40352e-06
76 3.02226e-06 -7.108e-05 -1.40326e-06
77 3.03593e-06 -7.10885e-05 -1.40301e-06
78 3.04962e-06 -7.1097e-05 -1.40275e-06
79 3.06329e-06 -7.11054e-05 -1.4025e-06
80 3.07698e-06 -7.11138e-05 -1.40225e-06
