26 -0.0119876 -0.0251443 -5.73622e-12
27 3.92525e-06 5.08455e-07 9.01855e-09
28 -0.00179249 -0.00734611 -3.30281e-06
29 -5.15047e-09 -1.9554e-08 -7.45968e-09
30 9.08904e-09 1.27889e-07 1.22436e-08
31 -9.46011e-09 -2.68276e-07 8.79709e-09
32 1.29785e-09 5.63182e-08 -1.15479e-08
33 -3.55203e-09 -9.02466e-08 8.87303e-09
34 8.59927e-10 5.59717e-09 2.51521e-09
35 9.3828e-09 2.20402e-07 -4.12365e-09
36 -1.63254e-09 -8.87627e-08 6.8253e-09
37 3.17959e-09 1.6557e-07 -1.84127e-08
38 3.00088e-09 2.81112e-08 1.41549e-08
39 2.34422e-09 6.87562e-08 -7.94262e-09
40 -1.26302e-08 -2.34288e-07 -9.11132e-09
41 2.03272e-10 8.90005e-08 -1.1823e-08
42 3.84762e-09 2.47e-08 1.00954e-08
43 -1.01272e-09 -2.99284e-08 2.23281e-09
44 4.99313e-09 9.53506e-08 3.54248e-10
45 2.31375e-09 8.07081e-08 7.08133e-09
46 1.74578e-09 -4.5857e-08 8.76162e-09
47 3.10547e-09 1.24151e-07 -1.54855e-08
48 -1.26443e-08 -2.28912e-07 -9.84937e-09
49 1.42627e-08 2.76039e-07 1.67029e-09
50 -6.90125e-09 -1.62893e-07 7.29415e-09
51 -1.87683e-08 -3.50315e-07 -1.11741e-08
52 1.13341e-08 2.0885e-07 4.00905e-09
53 -1.48293e-09 -5.45659e-08 1.4852e-09
54 1.67552e-08 3.47836e-07 -1.45337e-09
55 -2.1716e-08 -4.34606e-07 -3.60387e-09
56 1.61654e-08 2.85341e-07 1.06038e-08
57 -1.32595e-08 -2.78339e-07 -1.23691e-10
58 6.41967e-09 1.68485e-07 -9.1859e-11
59 1.7485e-09 -2.79128e-08 9.55697e-09
60 1.52158e-09 3.31291e-08 -3.35604e-10
61 -1.80944e-09 1.99769e-08 -1.12877e-08
62 1.18644e-09 -3.08448e-09 4.05316e-09
63 -3.35604e-09 -4.21981e-08 -4.20096e-09
64 5.83577e-09 1.02164e-07 7.82256e-09
65 1.87265e-09 5.2234e-08 -2.67801e-09
66 -6.61066e-09 -1.55771e-07 2.39834e-09
67 5.69844e-09 7.23877e-08 8.86303e-10
68 -6.78801e-09 -1.13624e-07 9.44874e-09
69 8.58427e-09 1.50321e-07 3.95858e-09
70 -3.41561e-09 -1.17567e-07 3.28328e-09
71 -1.12227e-08 -2.43296e-07 -4.61978e-09
72 1.10972e-08 2.11594e-07 3.60478e-09
73 -1.28748e-08 -2.53862e-07 -1.67847e-09
74 -2.19779e-09 -6.39149e-08 2.98724e-09
75 -7.85349e-09 -2.03246e-07 7.04904e-09
76 1.40967e-08 3.13724e-07 -8.04903e-11
77 -1.08412e-09 7.025e-08 -1.35929e-08
78 8.5447e-10 1.44337e-08 1.49521e-09
79 2.0967e-08 3.43226e-07 2.44891e-08
80 -1.70903e-08 -3.18731e-07 -1.38834e-08
