26 2.07864e-09 -4.78548e-08 -5.50645e-10
27 -1.58616e-06 -7.42579e-05 9.30559e-06
28 8.00151e-07 -5.88759e-05 7.00534e-06
29 2.47913e-06 -6.86199e-05 4.11127e-06
30 2.32322e-06 -6.73773e-05 4.06877e-06
31 2.96523e-06 -6.8416e-05 4.1677e-06
32 3.0055e-06 -6.82127e-05 4.13237e-06
33 3.01924e-06 -6.82523e-05 4.13162e-06
34 3.03064e-06 -6.82697e-05 4.13089e-06
35 3.04318e-06 -6.82872e-05 4.1302e-06
36 3.05611e-06 -6.83027e-05 4.13022e-06
37 3.06826e-06 -6.83164e-05 4.12996e-06
38 3.08137e-06 -6.83298e-05 4.13026e-06
39 3.09442e-06 -6.83418e-05 4.1303e-06
40 3.1064e-06 -6.83544e-05 4.1304e-06
41 3.11951e-06 -6.83661e-05 4.13108e-06
42 3.13254e-06 -6.83761e-05 4.13141e-06
43 3.14624e-06 -6.83858e-05 4.13205e-06
44 3.15924e-06 -6.83959e-05 4.13247e-06
45 3.17265e-06 -6.84056e-05 4.13303e-06
46 3.18605e-06 -6.84144e-05 4.13357e-06
47 3.19953e-06 -6.84237e-05 4.13418e-06
48 3.21295e-06 -6.84328e-05 4.13476e-06
49 3.22629e-06 -6.84412e-05 4.13535e-06
50 3.2397e-06 -6.84496e-05 4.13596e-06
51 3.25324e-06 -6.84578e-05 4.13664e-06
52 3.26666e-06 -6.84661e-05 4.13723e-06
53 3.28008e-06 -6.84743e-05 4.13786e-06
54 3.29367e-06 -6.84824e-05 4.13854e-06
55 3.30696e-06 -6.84908e-05 4.13921e-06
56 3.3204e-06 -6.84991e-05 4.13988e-06
57 3.33392e-06 -6.8507e-05 4.14057e-06
58 3.34762e-06 -6.85152e-05 4.14128e-06
59 3.36135e-06 -6.85234e-05 4.14203e-06
60 3.37492e-06 -6.85316e-05 4.14269e-06
61 3.38853e-06 -6.85395e-05 4.14338e-06
62 3.40223e-06 -6.85476e-05 4.14411e-06
63 3.41587e-06 -6.85556e-05 4.14479e-06
64 3.4295e-06 -6.85635e-05 4.14546e-06
65 3.44316e-06 -6.85713e-05 4.14615e-06
66 3.45682e-06 -6.85792e-05 4.14683e-06
67 3.47051e-06 -6.8587e-05 4.1475e-06
68 3.4842e-06 -6.85947e-05 4.14818e-06
69 3.49789e-06 -6.86025e-05 4.14885e-06
70 3.51159e-06 -6.86103e-05 4.14953e-06
71 3.52532e-06 -6.8618e-05 4.1502e-06
72 3.53905e-06 -6.86257e-05 4.15087e-06
73 3.5528e-06 -6.86334e-05 4.15153e-06
74 3.56657e-06 -6.86412e-05 4.15219e-06
75 3.58032e-06 -6.86488e-05 4.15286e-06
76 3.59407e-06 -6.86565e-05 4.15352e-06
77 3.60785e-06 -6.86642e-05 4.15417e-06
78 3.62164e-06 -6.86718e-05 4.15483e-06
79 3.63543e-06 -6.86795e-05 4.15549e-06
80 3.64922e-06 -6.86871e-05 4.15614e-06
