26 0.979558 4.43874 3.9128e-09
27 -0.000445772 -2.38464e-05 4.09709e-08
28 -0.274789 -0.0255244 1.26169e-06
29 0.000284139 6.32018e-05 2.874e-10
30 -2.91038e-11 3.731e-09 2.85399e-09
31 7.27596e-11 -6.32409e-08 -2.80852e-09
32 -5.82077e-11 1.96523e-08 -1.06184e-09
33 8.73115e-11 8.33014e-09 9.73159e-10
34 7.27596e-11 1.81796e-08 -1.58252e-10
35 3.4197e-10 -4.89835e-08 2.65572e-09
36 5.09317e-11 9.43239e-08 -1.99316e-09
37 -1.81899e-10 -4.37281e-08 -3.52338e-09
38 -1.60071e-10 -3.47365e-08 1.59071e-09
39 -4.65661e-10 5.95822e-08 1.52522e-09
40 6.54836e-11 2.29441e-09 -6.86214e-10
41 8.00355e-11 -6.25898e-08 -2.21553e-09
42 3.49246e-10 -5.20014e-08 1.70485e-09
43 3.49246e-10 5.96132e-08 -2.18279e-11
44 7.27596e-11 2.19209e-08 -4.62933e-10
45 8.00355e-11 -4.06844e-08 -7.51243e-10
46 4.36557e-11 -5.42648e-08 2.8117e-09
47 -2.03727e-10 1.10194e-07 -8.6402e-11
48 8.00355e-11 -3.53979e-08 2.27737e-09
49 3.63798e-10 1.59575e-08 -7.04858e-10
50 -1.89175e-10 -1.01776e-07 -2.34331e-09
51 7.27596e-11 6.03832e-08 2.72075e-09
52 3.56522e-10 9.83391e-09 6.45741e-11
53 3.27418e-10 -1.26709e-07 -2.23281e-09
54 9.45874e-11 2.41481e-08 -1.74168e-10
55 -1.67347e-10 -3.0282e-09 3.61206e-09
56 -2.25555e-10 2.27374e-08 -2.05409e-09
57 1.09139e-10 2.40913e-08 -4.22915e-11
58 -2.11003e-10 1.89134e-08 -1.26192e-09
59 -1.96451e-10 -1.12343e-08 -1.15233e-09
60 8.73115e-11 1.53922e-07 4.95811e-09
61 -1.89175e-10 -1.34326e-07 -2.14823e-09
62 -4.87489e-10 7.7028e-08 3.66936e-09
63 -2.32831e-10 -6.48738e-08 -2.12185e-09
64 7.27596e-11 1.28776e-08 1.03773e-09
65 7.27596e-11 1.17764e-07 1.70303e-09
66 -1.89175e-10 -8.89238e-08 5.32964e-10
67 3.27418e-10 -4.44774e-08 2.36469e-11
68 -1.96451e-10 1.15527e-07 -5.32054e-10
69 -1.89175e-10 1.28776e-08 -1.21827e-09
70 3.4197e-10 1.06814e-08 3.80578e-09
71 -2.25555e-10 -4.2953e-08 -2.69802e-09
72 -2.11003e-10 4.15422e-08 -5.53428e-10
73 5.82077e-11 -6.0347e-08 8.6311e-10
74 8.00355e-11 -4.37074e-08 -8.18545e-10
75 -2.03727e-10 7.54881e-08 1.39335e-09
76 -1.67347e-10 -3.84468e-08 6.45741e-11
77 8.73115e-11 1.96213e-08 5.09772e-10
78 -1.96451e-10 -7.37828e-08 1.97133e-09
79 5.82077e-11 6.19283e-08 -1.81444e-09
80 -1.74623e-10 9.2045e-08 3.52202e-09
