26 -4.50776e-09 -3.94647e-08 -4.05911e-09
27 -5.36058e-05 -1.50664e-05 -1.64817e-05
28 -4.11285e-05 -1.00406e-05 -1.32708e-05
29 -1.94692e-05 -4.42971e-05 -7.01695e-06
30 -1.98123e-05 -4.25849e-05 -7.02118e-06
31 -1.9345e-05 -4.36237e-05 -7.09983e-06
32 -1.91719e-05 -4.35445e-05 -7.05894e-06
33 -1.91546e-05 -4.35869e-05 -7.05709e-06
34 -1.91354e-05 -4.36154e-05 -7.05492e-06
35 -1.91182e-05 -4.36384e-05 -7.05345e-06
36 -1.91011e-05 -4.36606e-05 -7.05237e-06
37 -1.90854e-05 -4.36792e-05 -7.05133e-06
38 -1.90699e-05 -4.36974e-05 -7.05073e-06
39 -1.90549e-05 -4.37125e-05 -7.0502e-06
40 -1.90415e-05 -4.37274e-05 -7.04982e-06
41 -1.9027e-05 -4.37433e-05 -7.04959e-06
42 -1.90133e-05 -4.37551e-05 -7.04945e-06
43 -1.89988e-05 -4.37678e-05 -7.04939e-06
44 -1.89857e-05 -4.37792e-05 -7.04942e-06
45 -1.89722e-05 -4.37904e-05 -7.04951e-06
46 -1.89588e-05 -4.38005e-05 -7.04962e-06
47 -1.89457e-05 -4.38108e-05 -7.04984e-06
48 -1.89326e-05 -4.38208e-05 -7.05006e-06
49 -1.89198e-05 -4.38298e-05 -7.05031e-06
50 -1.8907e-05 -4.38389e-05 -7.05059e-06
51 -1.88941e-05 -4.38477e-05 -7.05091e-06
52 -1.88814e-05 -4.38564e-05 -7.05123e-06
53 -1.88688e-05 -4.38648e-05 -7.05157e-06
54 -1.88561e-05 -4.38733e-05 -7.05195e-06
55 -1.88438e-05 -4.38818e-05 -7.05235e-06
56 -1.88314e-05 -4.38902e-05 -7.05276e-06
57 -1.88188e-05 -4.38984e-05 -7.05316e-06
58 -1.88062e-05 -4.39068e-05 -7.0536e-06
59 -1.87933e-05 -4.39155e-05 -7.05401e-06
60 -1.87808e-05 -4.39237e-05 -7.05444e-06
61 -1.87682e-05 -4.39317e-05 -7.05487e-06
62 -1.87556e-05 -4.39401e-05 -7.05531e-06
63 -1.8743e-05 -4.3948e-05 -7.05575e-06
64 -1.87305e-05 -4.39559e-05 -7.0562e-06
65 -1.8718e-05 -4.39637e-05 -7.05665e-06
66 -1.87054e-05 -4.39715e-05 -7.0571e-06
67 -1.86928e-05 -4.39793e-05 -7.05756e-06
68 -1.86803e-05 -4.3987e-05 -7.05802e-06
69 -1.86677e-05 -4.39947e-05 -7.05848e-06
70 -1.86552e-05 -4.40023e-05 -7.05894e-06
71 -1.86426e-05 -4.401e-05 -7.0594e-06
72 -1.863e-05 -4.40176e-05 -7.05986e-06
73 -1.86174e-05 -4.40252e-05 -7.06033e-06
74 -1.86048e-05 -4.40328e-05 -7.0608e-06
75 -1.85922e-05 -4.40403e-05 -7.06126e-06
76 -1.85796e-05 -4.40479e-05 -7.06173e-06
77 -1.8567e-05 -4.40554e-05 -7.0622e-06
78 -1.85544e-05 -4.40629e-05 -7.06267e-06
79 -1.85417e-05 -4.40704e-05 -7.06313e-06
80 -1.85291e-05 -4.40779e-05 -7.0636e-06
