26 2.43601e-09 -4.74448e-08 1.39535e-09
27 1.68266e-05 -4.33883e-05 2.00132e-05
28 1.50186e-05 -3.50956e-05 1.55634e-05
29 1.02974e-05 -5.54535e-05 8.32489e-06
30 1.01403e-05 -5.42269e-05 8.35372e-06
31 1.09058e-05 -5.50462e-05 8.45817e-06
32 1.0887e-05 -5.49437e-05 8.3988e-06
33 1.08996e-05 -5.49853e-05 8.39768e-06
34 1.0909e-05 -5.50061e-05 8.3953e-06
35 1.09201e-05 -5.50259e-05 8.39377e-06
36 1.09325e-05 -5.50423e-05 8.39294e-06
37 1.09438e-05 -5.50572e-05 8.39201e-06
38 1.09569e-05 -5.50706e-05 8.39181e-06
39 1.09698e-05 -5.50829e-05 8.39149e-06
40 1.09817e-05 -5.50955e-05 8.39135e-06
41 1.09954e-05 -5.51062e-05 8.39172e-06
42 1.10087e-05 -5.51156e-05 8.39192e-06
43 1.1023e-05 -5.51242e-05 8.39238e-06
44 1.10365e-05 -5.51334e-05 8.39279e-06
45 1.10505e-05 -5.5142e-05 8.39332e-06
46 1.10646e-05 -5.51496e-05 8.39386e-06
47 1.10788e-05 -5.51576e-05 8.39453e-06
48 1.10929e-05 -5.51654e-05 8.39518e-06
49 1.1107e-05 -5.51725e-05 8.39587e-06
50 1.11213e-05 -5.51794e-05 8.3966e-06
51 1.11357e-05 -5.51861e-05 8.39739e-06
52 1.11499e-05 -5.51931e-05 8.39813e-06
53 1.11641e-05 -5.51997e-05 8.39892e-06
54 1.11786e-05 -5.52062e-05 8.39976e-06
55 1.11929e-05 -5.5213e-05 8.40062e-06
56 1.12072e-05 -5.52197e-05 8.40148e-06
57 1.12217e-05 -5.5226e-05 8.40235e-06
58 1.12363e-05 -5.52325e-05 8.40325e-06
59 1.1251e-05 -5.52389e-05 8.40414e-06
60 1.12655e-05 -5.52456e-05 8.405e-06
61 1.12801e-05 -5.52518e-05 8.40589e-06
62 1.12948e-05 -5.52583e-05 8.40679e-06
63 1.13093e-05 -5.52646e-05 8.40767e-06
64 1.13239e-05 -5.52709e-05 8.40855e-06
65 1.13385e-05 -5.5277e-05 8.40943e-06
66 1.13531e-05 -5.52832e-05 8.41031e-06
67 1.13677e-05 -5.52894e-05 8.41119e-06
68 1.13823e-05 -5.52955e-05 8.41207e-06
69 1.1397e-05 -5.53017e-05 8.41295e-06
70 1.14116e-05 -5.53078e-05 8.41383e-06
71 1.14263e-05 -5.53139e-05 8.4147e-06
72 1.14409e-05 -5.532e-05 8.41558e-06
73 1.14556e-05 -5.53261e-05 8.41644e-06
74 1.14703e-05 -5.53322e-05 8.41731e-06
75 1.1485e-05 -5.53383e-05 8.41818e-06
76 1.14996e-05 -5.53444e-05 8.41904e-06
77 1.15143e-05 -5.53504e-05 8.4199e-06
78 1.1529e-05 -5.53565e-05 8.42076e-06
79 1.15437e-05 -5.53625e-05 8.42161e-06
80 1.15584e-05 -5.53686e-05 8.42247e-06
