26 -2.28082 1.31836 -3.52247e-09
27 0.000265912 -6.17606e-05 -3.99414e-08
28 0.212346 -0.0296362 6.36492e-06
29 -0.000214432 6.96899e-05 5.81272e-08
30 -1.45519e-11 2.8779e-08 -1.60253e-09
31 -3.63798e-11 -1.6959e-08 5.46152e-10
32 -1.30967e-10 2.7658e-08 -4.10955e-09
33 1.96451e-10 7.49348e-09 -4.51564e-10
34 3.63798e-11 -1.48847e-08 1.18962e-09
35 1.45519e-10 -1.31598e-07 2.6148e-09
36 -2.18279e-11 2.53854e-08 -9.97261e-10
37 -7.27596e-12 -7.72789e-08 -2.31103e-09
38 -6.54836e-11 2.06779e-08 2.99178e-09
39 0 1.27913e-07 -2.16596e-09
40 -1.30967e-10 -3.67244e-08 1.78352e-09
41 1.45519e-11 -8.45782e-08 -2.69165e-09
42 -5.09317e-11 -1.25102e-08 -8.10815e-10
43 -2.18279e-11 9.29252e-08 1.41108e-09
44 -6.54836e-11 -1.25593e-08 5.12955e-10
45 4.36557e-11 -3.58065e-09 1.71076e-09
46 5.09317e-11 -2.54457e-08 1.39062e-09
47 1.60071e-10 5.95052e-09 -1.43882e-09
48 -1.52795e-10 7.5834e-08 -1.60799e-09
49 -1.45519e-10 -6.78487e-08 1.22418e-09
50 -1.38243e-10 2.61512e-08 -2.93085e-09
51 8.73115e-11 3.28033e-09 3.9654e-09
52 0 8.55298e-08 2.49292e-09
53 -1.30967e-10 6.78852e-08 -2.23554e-09
54 -2.25555e-10 4.58855e-08 -7.42602e-10
55 2.18279e-11 8.21358e-09 2.16005e-10
56 -1.38243e-10 1.23454e-08 2.60934e-09
57 5.09317e-11 3.19639e-08 -4.00632e-10
58 -4.36557e-11 -7.29469e-09 1.72395e-09
59 1.01863e-10 -1.23599e-08 4.84579e-09
60 2.11003e-10 2.09765e-08 -4.95402e-09
61 -1.23691e-10 -4.49504e-08 3.40788e-09
62 7.27596e-12 1.0464e-07 -1.5234e-09
63 2.18279e-11 8.976e-08 -6.33008e-10
64 5.09317e-11 -6.9568e-08 2.46246e-09
65 -2.18279e-11 -1.06343e-07 -2.40289e-09
66 -7.27596e-11 -1.13814e-07 6.93035e-10
67 9.45874e-11 5.64991e-08 4.82032e-10
68 1.45519e-11 -3.54192e-08 1.28057e-09
69 4.36557e-11 2.0953e-08 -1.46156e-09
70 -1.30967e-10 -5.07992e-08 -1.49339e-09
71 5.09317e-11 7.87219e-08 2.56841e-09
72 -1.52795e-10 -7.54172e-08 -3.00861e-09
73 -2.18279e-11 -8.48317e-08 1.86355e-09
74 -5.09317e-11 2.32504e-08 2.82853e-09
75 -5.09317e-11 1.97218e-08 -2.25009e-09
76 0 -4.26271e-08 -4.36921e-09
77 -1.45519e-11 8.62263e-09 4.0518e-10
78 3.63798e-11 -8.36954e-08 -1.34696e-09
79 2.18279e-11 1.0968e-07 1.25556e-09
80 2.18279e-11 -1.25861e-09 -3.12048e-09
