26 -8.83952e-09 -3.79357e-08 -3.18757e-09
27 -6.69517e-05 -1.01232e-05 -4.75673e-06
28 -5.19276e-05 -6.04442e-06 -3.93509e-06
29 -2.51576e-05 -4.21911e-05 -2.02554e-06
30 -2.54538e-05 -4.04926e-05 -1.93921e-06
31 -2.50636e-05 -4.15039e-05 -1.98361e-06
32 -2.48611e-05 -4.14359e-05 -1.97885e-06
33 -2.48415e-05 -4.1479e-05 -1.97689e-06
34 -2.48208e-05 -4.1508e-05 -1.97676e-06
35 -2.48024e-05 -4.15316e-05 -1.97633e-06
36 -2.47846e-05 -4.1554e-05 -1.97626e-06
37 -2.47681e-05 -4.15729e-05 -1.97603e-06
38 -2.47522e-05 -4.15912e-05 -1.97603e-06
39 -2.47368e-05 -4.16065e-05 -1.97594e-06
40 -2.47232e-05 -4.16215e-05 -1.97584e-06
41 -2.47085e-05 -4.16374e-05 -1.97596e-06
42 -2.46947e-05 -4.16493e-05 -1.97597e-06
43 -2.46803e-05 -4.1662e-05 -1.9761e-06
44 -2.46672e-05 -4.16733e-05 -1.97614e-06
45 -2.46538e-05 -4.16846e-05 -1.97623e-06
46 -2.46406e-05 -4.16946e-05 -1.97632e-06
47 -2.46277e-05 -4.17048e-05 -1.97645e-06
48 -2.46149e-05 -4.17147e-05 -1.97656e-06
49 -2.46023e-05 -4.17237e-05 -1.97667e-06
50 -2.45897e-05 -4.17326e-05 -1.97679e-06
51 -2.45771e-05 -4.17414e-05 -1.97694e-06
52 -2.45647e-05 -4.17499e-05 -1.97707e-06
53 -2.45525e-05 -4.17582e-05 -1.9772e-06
54 -2.45401e-05 -4.17666e-05 -1.97736e-06
55 -2.45281e-05 -4.1775e-05 -1.97751e-06
56 -2.4516e-05 -4.17833e-05 -1.97767e-06
57 -2.45038e-05 -4.17913e-05 -1.97784e-06
58 -2.44916e-05 -4.17996e-05 -1.97803e-06
59 -2.44791e-05 -4.18081e-05 -1.97823e-06
60 -2.4467e-05 -4.18162e-05 -1.9784e-06
61 -2.44548e-05 -4.1824e-05 -1.97858e-06
62 -2.44425e-05 -4.18323e-05 -1.97878e-06
63 -2.44304e-05 -4.18401e-05 -1.97896e-06
64 -2.44183e-05 -4.18478e-05 -1.97915e-06
65 -2.44061e-05 -4.18555e-05 -1.97933e-06
66 -2.4394e-05 -4.18631e-05 -1.97952e-06
67 -2.43818e-05 -4.18707e-05 -1.97971e-06
68 -2.43697e-05 -4.18783e-05 -1.9799e-06
69 -2.43576e-05 -4.18858e-05 -1.9801e-06
70 -2.43454e-05 -4.18933e-05 -1.98029e-06
71 -2.43332e-05 -4.19008e-05 -1.98049e-06
72 -2.43211e-05 -4.19083e-05 -1.98068e-06
73 -2.43089e-05 -4.19157e-05 -1.98088e-06
74 -2.42967e-05 -4.19232e-05 -1.98109e-06
75 -2.42845e-05 -4.19306e-05 -1.98129e-06
76 -2.42724e-05 -4.1938e-05 -1.98149e-06
77 -2.42602e-05 -4.19454e-05 -1.9817e-06
78 -2.4248e-05 -4.19527e-05 -1.9819e-06
79 -2.42358e-05 -4.19601e-05 -1.98211e-06
80 -2.42236e-05 -4.19674e-05 -1.98232e-06
