26 -0.037762 -0.0800866 9.53326e-12
27 7.31508e-06 -8.25411e-06 3.01116e-08
28 -0.0114157 0.00233142 -2.63323e-05
29 -1.96651e-08 -5.9551e-08 -4.291e-09
30 -3.14212e-08 -5.53093e-08 8.22183e-10
31 9.39658e-08 2.04577e-07 -4.43151e-09
32 9.25752e-08 2.11102e-07 -5.14274e-09
33 -6.81657e-08 -1.4069e-07 5.4888e-10
34 4.57835e-08 9.29441e-08 -1.47793e-09
35 -1.11602e-07 -2.30337e-07 2.1796e-09
36 1.15638e-08 2.51956e-08 -9.36052e-09
37 1.13309e-08 3.07984e-08 1.19239e-08
38 6.05341e-08 1.21999e-07 -1.28493e-08
39 -4.37553e-08 -9.19064e-08 9.53332e-09
40 -1.19553e-08 1.42658e-08 -8.38418e-09
41 1.71383e-07 3.48688e-07 1.61253e-09
42 -1.78075e-08 -1.41578e-08 -2.17369e-10
43 6.85773e-08 1.32529e-07 2.16232e-09
44 -1.00563e-07 -2.08346e-07 1.9154e-09
45 2.92407e-08 4.30433e-08 -1.82899e-09
46 -6.30689e-09 -6.21458e-09 -4.29918e-09
47 1.73777e-08 2.89074e-08 1.79625e-09
48 -4.47108e-09 -1.98256e-08 -5.75301e-09
49 -4.66575e-08 -7.97548e-08 1.09558e-08
50 -8.78217e-08 -2.14112e-07 -8.93533e-09
51 2.93589e-08 7.15552e-08 9.51877e-09
52 -4.61982e-08 -9.33521e-08 -4.21142e-09
53 4.65134e-08 9.69841e-08 -6.01813e-09
54 1.35365e-07 3.04681e-07 -7.55153e-09
55 -1.19617e-07 -2.45299e-07 -1.90948e-09
56 9.22728e-09 1.63956e-08 3.83989e-09
57 3.96203e-08 6.25913e-08 -2.54067e-09
58 -4.75825e-08 -1.0299e-07 7.17137e-09
59 2.91107e-08 5.99305e-08 4.35648e-09
60 8.76503e-08 1.8909e-07 3.63343e-10
61 -6.49929e-08 -1.00057e-07 -6.17001e-09
62 4.15644e-08 6.00958e-08 1.17188e-08
63 -2.58265e-08 -4.65044e-08 -1.35606e-08
64 2.01599e-08 4.77304e-08 -6.29325e-09
65 -5.87329e-08 -1.12447e-07 -3.24326e-09
66 -9.25411e-09 -3.97321e-08 7.71615e-09
67 5.35206e-08 8.93289e-08 -3.2569e-09
68 -3.64385e-08 -4.70503e-08 4.16003e-09
69 3.4051e-08 6.29324e-08 -1.05524e-08
70 -1.6817e-08 -3.31366e-08 6.97082e-09
71 -5.20608e-08 -1.10549e-07 8.96489e-09
72 2.51825e-08 5.08142e-08 -7.71252e-09
73 7.73293e-08 1.5944e-07 -7.34462e-09
74 -5.88343e-08 -1.21431e-07 1.0979e-08
75 -1.955e-08 -3.66899e-08 1.43382e-09
76 1.55692e-07 3.41866e-07 -1.9063e-09
77 -5.69175e-08 -1.25704e-07 1.00517e-08
78 1.43523e-08 4.96492e-08 -1.04546e-08
79 -2.86286e-08 -7.49458e-08 6.18684e-09
80 -2.56127e-08 -5.33156e-08 -1.51795e-09
