26 1.74914e-09 -4.49977e-08 -1.3591e-09
27 -1.10848e-05 -5.57359e-05 -1.78265e-05
28 -6.87293e-06 -4.28275e-05 -1.4448e-05
29 -1.48689e-06 -6.14629e-05 -7.44537e-06
30 -1.69701e-06 -5.98977e-05 -7.54822e-06
31 -1.07623e-06 -6.1073e-05 -7.58512e-06
32 -1.01196e-06 -6.089e-05 -7.54109e-06
33 -9.97803e-07 -6.09295e-05 -7.54023e-06
34 -9.84843e-07 -6.09518e-05 -7.53727e-06
35 -9.71456e-07 -6.09712e-05 -7.53565e-06
36 -9.57684e-07 -6.09902e-05 -7.53403e-06
37 -9.44861e-07 -6.1006e-05 -7.53273e-06
38 -9.3122e-07 -6.10223e-05 -7.53168e-06
39 -9.17785e-07 -6.10359e-05 -7.53093e-06
40 -9.05531e-07 -6.10497e-05 -7.53039e-06
41 -8.9206e-07 -6.10645e-05 -7.52965e-06
42 -8.78866e-07 -6.10757e-05 -7.52931e-06
43 -8.64946e-07 -6.10878e-05 -7.52883e-06
44 -8.51891e-07 -6.10991e-05 -7.52868e-06
45 -8.38412e-07 -6.11103e-05 -7.52851e-06
46 -8.24965e-07 -6.11203e-05 -7.52839e-06
47 -8.11496e-07 -6.11309e-05 -7.52838e-06
48 -7.98105e-07 -6.11412e-05 -7.52838e-06
49 -7.84816e-07 -6.11507e-05 -7.52845e-06
50 -7.7147e-07 -6.11601e-05 -7.52853e-06
51 -7.57995e-07 -6.11695e-05 -7.52861e-06
52 -7.44672e-07 -6.11787e-05 -7.52876e-06
53 -7.31368e-07 -6.11878e-05 -7.52893e-06
54 -7.17889e-07 -6.1197e-05 -7.52909e-06
55 -7.04731e-07 -6.12062e-05 -7.52932e-06
56 -6.9143e-07 -6.12154e-05 -7.52954e-06
57 -6.78041e-07 -6.12243e-05 -7.52974e-06
58 -6.64482e-07 -6.12336e-05 -7.52996e-06
59 -6.50849e-07 -6.12429e-05 -7.53011e-06
60 -6.3744e-07 -6.1252e-05 -7.53037e-06
61 -6.23964e-07 -6.12608e-05 -7.5306e-06
62 -6.10398e-07 -6.12699e-05 -7.53081e-06
63 -5.96914e-07 -6.12787e-05 -7.53107e-06
64 -5.83446e-07 -6.12875e-05 -7.53133e-06
65 -5.69941e-07 -6.12962e-05 -7.53158e-06
66 -5.56435e-07 -6.13048e-05 -7.53184e-06
67 -5.42907e-07 -6.13135e-05 -7.53211e-06
68 -5.29384e-07 -6.13221e-05 -7.53238e-06
69 -5.15852e-07 -6.13306e-05 -7.53265e-06
70 -5.0231e-07 -6.13392e-05 -7.53292e-06
71 -4.88743e-07 -6.13477e-05 -7.5332e-06
72 -4.75182e-07 -6.13562e-05 -7.53347e-06
73 -4.616e-07 -6.13647e-05 -7.53375e-06
74 -4.47991e-07 -6.13732e-05 -7.53403e-06
75 -4.34409e-07 -6.13817e-05 -7.5343e-06
76 -4.2082e-07 -6.13901e-05 -7.53458e-06
77 -4.07208e-07 -6.13985e-05 -7.53486e-06
78 -3.9358e-07 -6.1407e-05 -7.53514e-06
79 -3.79961e-07 -6.14153e-05 -7.53541e-06
80 -3.66335e-07 -6.14237e-05 -7.53569e-06
