26 1.29162e-08 -4.28657e-08 1.60056e-09
27 5.93228e-05 -1.63814e-05 -6.74993e-06
28 4.81834e-05 -1.40233e-05 -5.3203e-06
29 2.52601e-05 -4.49538e-05 -4.5162e-06
30 2.53308e-05 -4.36354e-05 -4.45229e-06
31 2.60419e-05 -4.43932e-05 -4.64293e-06
32 2.5951e-05 -4.43557e-05 -4.59073e-06
33 2.59613e-05 -4.43987e-05 -4.59048e-06
34 2.59658e-05 -4.44228e-05 -4.58932e-06
35 2.59745e-05 -4.44445e-05 -4.58823e-06
36 2.59848e-05 -4.44621e-05 -4.58785e-06
37 2.59945e-05 -4.44783e-05 -4.58722e-06
38 2.60068e-05 -4.44921e-05 -4.58713e-06
39 2.60189e-05 -4.45048e-05 -4.58689e-06
40 2.60306e-05 -4.45176e-05 -4.58668e-06
41 2.60444e-05 -4.45281e-05 -4.58694e-06
42 2.60579e-05 -4.45373e-05 -4.58701e-06
43 2.60725e-05 -4.45455e-05 -4.58733e-06
44 2.60866e-05 -4.45543e-05 -4.58751e-06
45 2.61013e-05 -4.45624e-05 -4.5878e-06
46 2.6116e-05 -4.45694e-05 -4.5881e-06
47 2.61312e-05 -4.45767e-05 -4.58848e-06
48 2.61462e-05 -4.45838e-05 -4.58884e-06
49 2.61613e-05 -4.45901e-05 -4.58921e-06
50 2.61766e-05 -4.45963e-05 -4.58961e-06
51 2.61921e-05 -4.4602e-05 -4.59008e-06
52 2.62074e-05 -4.46082e-05 -4.59047e-06
53 2.62228e-05 -4.4614e-05 -4.59091e-06
54 2.62385e-05 -4.46196e-05 -4.5914e-06
55 2.6254e-05 -4.46253e-05 -4.59187e-06
56 2.62697e-05 -4.46311e-05 -4.59235e-06
57 2.62854e-05 -4.46364e-05 -4.59285e-06
58 2.63013e-05 -4.46419e-05 -4.59339e-06
59 2.63172e-05 -4.46474e-05 -4.59394e-06
60 2.6333e-05 -4.46531e-05 -4.59443e-06
61 2.63488e-05 -4.46583e-05 -4.59495e-06
62 2.63648e-05 -4.46637e-05 -4.5955e-06
63 2.63806e-05 -4.4669e-05 -4.59602e-06
64 2.63965e-05 -4.46743e-05 -4.59654e-06
65 2.64124e-05 -4.46795e-05 -4.59706e-06
66 2.64282e-05 -4.46847e-05 -4.59759e-06
67 2.64441e-05 -4.46899e-05 -4.59811e-06
68 2.646e-05 -4.46951e-05 -4.59864e-06
69 2.64759e-05 -4.47002e-05 -4.59917e-06
70 2.64918e-05 -4.47053e-05 -4.5997e-06
71 2.65077e-05 -4.47105e-05 -4.60023e-06
72 2.65236e-05 -4.47156e-05 -4.60076e-06
73 2.65395e-05 -4.47207e-05 -4.60129e-06
74 2.65555e-05 -4.47259e-05 -4.60183e-06
75 2.65714e-05 -4.4731e-05 -4.60236e-06
76 2.65873e-05 -4.47361e-05 -4.60289e-06
77 2.66032e-05 -4.47412e-05 -4.60342e-06
78 2.66191e-05 -4.47463e-05 -4.60396e-06
79 2.6635e-05 -4.47514e-05 -4.60449e-06
80 2.66509e-05 -4.47565e-05 -4.60502e-06
