26 0.894269 -0.821067 4.94338e-10
27 0.000120323 -6.01911e-05 -8.33279e-09
28 0.142032 -0.0292106 -3.37206e-07
29 -8.85493e-05 4.40492e-05 9.10395e-08
30 3.27418e-10 1.17919e-07 3.3383e-09
31 3.49246e-10 -4.65445e-08 -3.96722e-09
32 8.00355e-11 -4.59296e-08 2.49565e-09
33 -1.89175e-10 3.49276e-08 -2.37196e-09
34 3.34694e-10 -1.72081e-08 6.82576e-10
35 3.27418e-10 -3.82505e-08 3.09637e-09
36 -1.81899e-10 1.46542e-07 2.16096e-09
37 7.27596e-11 -1.38538e-07 2.16323e-09
38 3.4197e-10 1.10312e-07 3.48791e-10
39 3.63798e-10 -3.75426e-08 -2.48792e-09
40 5.82077e-11 -4.28135e-08 -2.61525e-09
41 1.74623e-10 8.16942e-08 5.13228e-09
42 -4.36557e-11 9.14041e-08 1.70985e-10
43 -4.36557e-11 5.7541e-08 -1.46611e-09
44 7.27596e-11 -3.00134e-08 9.25866e-10
45 6.54836e-11 -9.48821e-08 7.06223e-10
46 1.81899e-10 -9.57045e-09 -5.29508e-09
47 6.54836e-11 9.20855e-09 8.54925e-10
48 6.54836e-11 -3.90153e-08 1.61162e-09
49 -5.82077e-11 5.90189e-08 -1.26556e-09
50 2.03727e-10 3.79351e-08 -7.79437e-10
51 5.82077e-11 1.03522e-07 1.43064e-09
52 -6.54836e-11 1.02793e-07 -1.06957e-09
53 7.27596e-11 -3.44989e-08 8.36735e-10
54 -2.18279e-10 -3.00031e-08 -1.97542e-09
55 2.03727e-10 -5.64198e-08 2.58478e-09
56 5.82077e-11 -1.27314e-07 3.62434e-09
57 7.27596e-11 2.13162e-08 -1.86446e-09
58 1.89175e-10 1.30274e-08 3.51247e-09
59 -8.00355e-11 -6.54165e-08 -4.07317e-09
60 5.82077e-11 9.89643e-08 1.8531e-09
61 6.54836e-11 -4.2705e-08 6.14818e-10
62 5.09317e-11 1.20151e-07 -1.66438e-09
63 3.63798e-11 -2.17039e-08 -2.81489e-09
64 -8.00355e-11 -4.0576e-08 4.00087e-09
65 4.36557e-11 -8.05885e-08 -4.03179e-09
66 6.54836e-11 5.00118e-08 1.51795e-09
67 1.74623e-10 -5.10558e-08 -1.02e-09
68 5.82077e-11 1.09553e-07 1.65483e-09
69 -8.73115e-11 -9.03191e-08 1.72258e-09
70 8.00355e-11 7.02783e-09 1.87583e-09
71 -4.36557e-11 4.77225e-08 2.60525e-09
72 -7.27596e-11 -5.92929e-08 -1.46383e-09
73 -5.09317e-11 7.79477e-08 1.54614e-11
74 -1.09139e-10 -4.81051e-08 5.28871e-10
75 2.18279e-11 2.1373e-08 -3.38969e-09
76 4.36557e-11 5.2947e-08 2.03136e-09
77 6.54836e-11 -3.52688e-08 -3.26327e-09
78 -3.63798e-11 1.75387e-08 3.7362e-09
79 0 -8.8836e-08 -2.81534e-09
80 2.18279e-11 -1.03301e-08 2.51885e-09
