26 -0.101956 -0.328047 4.58893e-10
27 -1.86631e-07 1.07032e-05 -1.21508e-09
28 -0.00367918 -0.134299 -8.08759e-07
29 1479.34 417.921 1.48611e-09
30 1202.33 548.038 1.32513e-09
31 1075.36 481.849 -1.12595e-09
32 1096.03 507.626 1.35606e-09
33 1093.6 504.8 -1.0441e-09
34 1092.97 504.283 -8.03993e-10
35 1092.25 503.395 -1.42609e-09
36 1091.67 502.573 2.66118e-09
37 1091.12 501.872 -1.20963e-10
38 1090.74 501.252 -9.62245e-10
39 1090.36 500.697 5.59339e-10
40 1090.03 500.192 -1.16415e-10
41 1089.81 499.735 7.49424e-10
42 1089.58 499.308 -2.10912e-09
43 1089.42 498.919 -7.16682e-10
44 1089.24 498.548 3.06682e-09
45 1089.09 498.188 -1.96906e-09
46 1088.96 497.851 8.39464e-10
47 1088.85 497.522 4.54747e-11
48 1088.75 497.208 -1.47884e-09
49 1088.65 496.912 -4.6839e-10
50 1088.56 496.624 -5.50244e-10
51 1088.49 496.345 -3.32875e-10
52 1088.42 496.042 4.18368e-11
53 1088.36 495.76 -2.50111e-10
54 1088.3 495.486 -8.80391e-10
55 1088.25 495.216 1.4852e-09
56 1088.21 494.949 2.20098e-09
57 1088.16 494.691 -4.10182e-10
58 1088.12 494.434 -9.65883e-10
59 1088.08 494.181 -1.18234e-10
60 1088.04 493.927 1.49703e-09
61 1087.99 493.689 -9.67702e-10
62 1087.95 493.436 -9.10404e-10
63 1087.91 493.196 4.61114e-10
64 1087.87 492.956 -1.00044e-11
65 1087.82 492.724 3.46517e-10
66 1087.78 492.49 1.51886e-10
67 1087.73 492.257 -6.64841e-10
68 1087.69 492.029 4.29281e-10
69 1087.65 491.785 8.85848e-10
70 1087.63 491.533 -2.10548e-09
71 1087.6 491.285 6.20275e-10
72 1087.56 491.039 -2.32285e-09
73 1087.53 490.795 9.74978e-10
74 1087.5 490.552 -9.62245e-10
75 1087.46 490.312 -1.20053e-10
76 1087.42 490.073 9.74978e-10
77 1087.39 489.836 -1.66983e-09
78 1087.35 489.6 9.96806e-10
79 1087.31 489.366 5.60249e-10
80 1087.26 489.133 -2.77396e-10
