26 1.12009e-09 -3.93626e-08 -1.80981e-08
27 1.54694e-06 -5.13176e-06 -5.61015e-05
28 2.79522e-06 -5.30118e-06 -4.33732e-05
29 1.70846e-06 -4.21535e-05 -1.3402e-05
30 1.88738e-06 -4.07878e-05 -1.34232e-05
31 2.26709e-06 -4.15323e-05 -1.34881e-05
32 2.3206e-06 -4.15057e-05 -1.34334e-05
33 2.33856e-06 -4.15493e-05 -1.34288e-05
34 2.34938e-06 -4.15739e-05 -1.34259e-05
35 2.36294e-06 -4.15959e-05 -1.3424e-05
36 2.3759e-06 -4.16137e-05 -1.3423e-05
37 2.38863e-06 -4.163e-05 -1.34219e-05
38 2.40189e-06 -4.16438e-05 -1.34217e-05
39 2.41531e-06 -4.16566e-05 -1.34215e-05
40 2.42791e-06 -4.16694e-05 -1.34215e-05
41 2.44107e-06 -4.16797e-05 -1.34221e-05
42 2.45439e-06 -4.16888e-05 -1.34226e-05
43 2.46803e-06 -4.16968e-05 -1.34233e-05
44 2.48132e-06 -4.17055e-05 -1.34241e-05
45 2.4949e-06 -4.17133e-05 -1.34251e-05
46 2.5084e-06 -4.17202e-05 -1.34261e-05
47 2.52197e-06 -4.17272e-05 -1.34272e-05
48 2.53549e-06 -4.17341e-05 -1.34284e-05
49 2.54899e-06 -4.17401e-05 -1.34296e-05
50 2.56251e-06 -4.1746e-05 -1.34308e-05
51 2.57607e-06 -4.17515e-05 -1.34322e-05
52 2.5896e-06 -4.17574e-05 -1.34335e-05
53 2.60312e-06 -4.17629e-05 -1.34348e-05
54 2.6167e-06 -4.17683e-05 -1.34363e-05
55 2.63008e-06 -4.17738e-05 -1.34377e-05
56 2.64358e-06 -4.17792e-05 -1.34392e-05
57 2.65711e-06 -4.17842e-05 -1.34407e-05
58 2.67072e-06 -4.17894e-05 -1.34422e-05
59 2.68434e-06 -4.17946e-05 -1.34437e-05
60 2.69787e-06 -4.18e-05 -1.34453e-05
61 2.71145e-06 -4.18049e-05 -1.34468e-05
62 2.72502e-06 -4.181e-05 -1.34483e-05
63 2.73859e-06 -4.1815e-05 -1.34499e-05
64 2.75214e-06 -4.182e-05 -1.34514e-05
65 2.76572e-06 -4.18249e-05 -1.34529e-05
66 2.77928e-06 -4.18298e-05 -1.34545e-05
67 2.79285e-06 -4.18347e-05 -1.3456e-05
68 2.80642e-06 -4.18395e-05 -1.34576e-05
69 2.81999e-06 -4.18444e-05 -1.34591e-05
70 2.83355e-06 -4.18492e-05 -1.34607e-05
71 2.84713e-06 -4.18541e-05 -1.34622e-05
72 2.8607e-06 -4.18589e-05 -1.34638e-05
73 2.87428e-06 -4.18637e-05 -1.34654e-05
74 2.88786e-06 -4.18685e-05 -1.34669e-05
75 2.90142e-06 -4.18733e-05 -1.34685e-05
76 2.91498e-06 -4.18781e-05 -1.347e-05
77 2.92855e-06 -4.18829e-05 -1.34716e-05
78 2.94213e-06 -4.18877e-05 -1.34731e-05
79 2.9557e-06 -4.18925e-05 -1.34747e-05
80 2.96926e-06 -4.18973e-05 -1.34762e-05
