26 0.028612 -0.100371 2.18248e-12
27 -1.20381e-05 -8.41445e-06 -2.98096e-08
28 0.0111971 0.0026147 2.61447e-05
29 8.31628e-08 -1.29833e-07 1.51431e-10
30 1.87997e-08 -7.0357e-08 -3.86626e-09
31 1.28407e-08 -2.81302e-08 -1.50021e-09
32 4.07476e-08 -8.23088e-08 1.24328e-09
33 -3.05299e-08 6.06163e-08 -2.59615e-09
34 -9.77402e-08 2.14166e-07 -1.01772e-09
35 6.6716e-08 -1.38209e-07 -4.12501e-09
36 -2.95572e-08 5.26088e-08 1.5948e-08
37 7.51265e-08 -1.46388e-07 -1.12959e-08
38 -7.30529e-08 1.45968e-07 -6.58883e-09
39 -5.21995e-08 1.29096e-07 7.5961e-09
40 4.41983e-08 -9.25911e-08 -1.01659e-08
41 6.36237e-09 8.13543e-10 1.03091e-09
42 -6.22649e-08 1.17324e-07 4.18231e-09
43 -4.74088e-08 9.85311e-08 -7.25913e-09
44 -2.461e-08 7.17495e-08 1.45019e-09
45 4.05612e-08 -9.47142e-08 6.32281e-09
46 8.04289e-08 -1.77405e-07 -1.30858e-08
47 -1.32653e-07 2.70043e-07 2.72848e-09
48 7.15622e-08 -1.36419e-07 3.61979e-10
49 -6.80179e-08 1.43437e-07 -3.69528e-09
50 4.80418e-08 -8.54894e-08 9.6702e-09
51 -4.92009e-08 9.55056e-08 3.67481e-09
52 3.43289e-09 2.44711e-09 -1.45365e-08
53 -9.92086e-08 2.17443e-07 1.88588e-08
54 -9.75069e-09 2.84672e-08 1.65346e-09
55 9.1673e-08 -1.98634e-07 -1.00363e-08
56 -1.92908e-08 4.0666e-08 1.00285e-08
57 -2.70848e-08 4.27946e-08 -1.91676e-09
58 1.89066e-08 -4.36589e-08 -5.11045e-09
59 4.35925e-08 -7.67066e-08 -7.06086e-09
60 -7.55913e-08 1.4447e-07 7.25686e-09
61 7.58941e-08 -1.67433e-07 -3.38878e-09
62 4.80177e-08 -8.92954e-08 8.05176e-09
63 -2.20875e-08 3.16227e-08 3.44653e-09
64 2.42558e-08 -2.63752e-08 -7.41466e-09
65 5.89534e-09 -3.36522e-08 4.90763e-09
66 2.07169e-08 5.18131e-08 -2.29693e-09
67 -2.27801e-08 -3.90944e-08 3.15822e-09
68 5.35238e-10 -1.60362e-08 -2.86855e-09
69 -2.59902e-08 4.63502e-08 -4.42833e-09
70 7.73016e-08 -1.39918e-07 1.14869e-09
71 -5.19776e-09 -3.37752e-09 3.21825e-09
72 -3.12561e-08 5.99313e-08 6.7248e-09
73 1.02e-09 -2.3856e-09 -4.38558e-09
74 4.52865e-08 -6.88337e-08 -1.15733e-09
75 -9.71572e-08 1.95517e-07 -5.43059e-09
76 -6.02859e-09 -2.01385e-09 -2.88264e-09
77 -6.40639e-08 7.40936e-08 5.07316e-09
78 6.65218e-08 -7.17022e-08 -6.08497e-09
79 6.51903e-08 -1.46019e-07 4.10319e-09
80 -4.74838e-08 1.13228e-07 1.77351e-11
