26 1.53121 -6.20287 1.47674e-09
27 -0.000335763 1.49447e-05 2.72822e-06
28 -0.0719855 -0.0265791 -1.82258e-05
29 1.04092e-05 1.29078e-05 -3.11179e-08
30 1.23691e-10 1.15315e-08 -7.49424e-10
31 -4.1473e-10 -7.41329e-09 2.45154e-09
32 2.54659e-10 -9.60079e-08 -2.4429e-09
33 -1.74623e-10 1.84498e-08 3.20097e-09
34 -1.81899e-10 -2.52546e-08 8.51287e-10
35 -1.67347e-10 7.67938e-08 -4.22961e-09
36 7.27596e-12 1.25894e-08 1.15506e-10
37 2.47383e-10 2.17503e-08 -4.07454e-10
38 -9.45874e-11 -2.97996e-08 -1.35105e-09
39 3.0559e-10 1.67353e-08 4.62842e-09
40 2.54659e-10 1.76205e-08 -4.88672e-09
41 -4.36557e-11 9.77754e-08 -1.27056e-09
42 5.82077e-11 -1.72342e-07 -3.6398e-09
43 9.45874e-11 1.20693e-07 3.56067e-09
44 -1.67347e-10 4.84145e-08 -2.03727e-09
45 3.63798e-11 1.46525e-08 3.08546e-09
46 -8.73115e-11 -3.01021e-08 -5.71799e-09
47 -2.03727e-10 7.45203e-08 -2.3465e-10
48 2.54659e-10 -1.16382e-07 -1.18234e-10
49 1.16415e-10 2.6989e-08 1.31013e-09
50 2.32831e-10 7.02297e-08 1.41881e-10
51 4.36557e-11 1.18905e-07 -7.86713e-10
52 1.09139e-10 -7.32616e-08 -1.14869e-09
53 -2.18279e-11 -1.19651e-08 1.43928e-09
54 1.89175e-10 1.18502e-07 -1.53159e-09
55 2.11003e-10 -8.16543e-08 2.12458e-09
56 1.60071e-10 -1.51985e-08 1.50067e-11
57 -2.11003e-10 -6.14865e-08 2.29011e-09
58 1.60071e-10 1.76727e-08 2.35877e-09
59 -1.67347e-10 -1.54694e-08 -2.42107e-09
60 -3.56522e-10 -1.04815e-07 -5.63887e-10
61 -2.18279e-11 -5.88399e-08 4.25689e-09
62 -3.63798e-11 4.69907e-08 -7.56927e-09
63 3.34694e-10 -3.20036e-08 1.66301e-09
64 3.4197e-10 -3.1917e-08 4.81123e-10
65 -2.76486e-10 4.23954e-08 6.69843e-10
66 6.54836e-11 -2.43771e-08 -3.53248e-09
67 2.61934e-10 -3.75087e-08 7.92443e-09
68 -1.45519e-11 3.77673e-08 -4.04725e-09
69 2.98314e-10 -2.1289e-08 3.25599e-09
70 5.52973e-10 1.07488e-08 -1.81353e-09
71 -7.2032e-10 4.17598e-08 -9.57243e-10
72 -7.13044e-10 8.50464e-08 1.1778e-09
73 2.91038e-10 -8.92397e-09 -8.81755e-10
74 1.45519e-11 -8.2781e-08 -2.45564e-10
75 5.60249e-10 1.77595e-07 2.67937e-09
76 -4.36557e-11 -1.53649e-07 -3.52338e-09
77 -6.25732e-10 3.00519e-08 -4.14002e-09
78 7.27596e-12 1.00193e-07 4.95766e-09
79 -8.00355e-11 2.8267e-08 -4.97948e-10
80 -4.07454e-10 -3.98999e-08 8.24912e-10
