26 1.05568e-09 2.8392e-08 -1.14986e-08
27 4.95185e-07 0.000206684 -6.20415e-05
28 1.70235e-06 0.000157152 -4.82498e-05
29 3.16483e-07 -1.43312e-05 -5.0197e-06
30 5.01578e-07 -1.27744e-05 -5.10814e-06
31 8.82779e-07 -1.34874e-05 -5.07575e-06
32 9.36225e-07 -1.35692e-05 -5.05854e-06
33 9.54475e-07 -1.36209e-05 -5.05754e-06
34 9.65542e-07 -1.36528e-05 -5.05576e-06
35 9.79295e-07 -1.36788e-05 -5.05503e-06
36 9.9241e-07 -1.36997e-05 -5.05404e-06
37 1.00531e-06 -1.37187e-05 -5.0534e-06
38 1.01868e-06 -1.37338e-05 -5.05278e-06
39 1.03223e-06 -1.37474e-05 -5.05248e-06
40 1.04494e-06 -1.37603e-05 -5.05235e-06
41 1.05818e-06 -1.37708e-05 -5.05183e-06
42 1.0716e-06 -1.37792e-05 -5.05176e-06
43 1.08533e-06 -1.37867e-05 -5.05147e-06
44 1.0987e-06 -1.37941e-05 -5.05152e-06
45 1.11236e-06 -1.38006e-05 -5.05151e-06
46 1.12594e-06 -1.3806e-05 -5.05154e-06
47 1.13957e-06 -1.38112e-05 -5.05163e-06
48 1.15316e-06 -1.38162e-05 -5.05175e-06
49 1.16674e-06 -1.38202e-05 -5.05191e-06
50 1.18032e-06 -1.3824e-05 -5.05207e-06
51 1.19394e-06 -1.38274e-05 -5.05221e-06
52 1.20753e-06 -1.3831e-05 -5.05245e-06
53 1.22112e-06 -1.38341e-05 -5.05268e-06
54 1.23475e-06 -1.3837e-05 -5.05288e-06
55 1.24819e-06 -1.384e-05 -5.05314e-06
56 1.26174e-06 -1.38428e-05 -5.05341e-06
57 1.27532e-06 -1.38453e-05 -5.05364e-06
58 1.28899e-06 -1.38479e-05 -5.05387e-06
59 1.30266e-06 -1.38506e-05 -5.05404e-06
60 1.31624e-06 -1.38534e-05 -5.05433e-06
61 1.32987e-06 -1.38557e-05 -5.05458e-06
62 1.34349e-06 -1.38582e-05 -5.0548e-06
63 1.3571e-06 -1.38605e-05 -5.05508e-06
64 1.37071e-06 -1.38628e-05 -5.05536e-06
65 1.38434e-06 -1.3865e-05 -5.05563e-06
66 1.39794e-06 -1.38672e-05 -5.05591e-06
67 1.41157e-06 -1.38694e-05 -5.05619e-06
68 1.42518e-06 -1.38715e-05 -5.05648e-06
69 1.4388e-06 -1.38736e-05 -5.05676e-06
70 1.45241e-06 -1.38757e-05 -5.05705e-06
71 1.46604e-06 -1.38779e-05 -5.05733e-06
72 1.47965e-06 -1.38799e-05 -5.05762e-06
73 1.49328e-06 -1.3882e-05 -5.05791e-06
74 1.50691e-06 -1.38841e-05 -5.0582e-06
75 1.52052e-06 -1.38862e-05 -5.05849e-06
76 1.53412e-06 -1.38883e-05 -5.05878e-06
77 1.54774e-06 -1.38903e-05 -5.05907e-06
78 1.56136e-06 -1.38924e-05 -5.05936e-06
79 1.57497e-06 -1.38945e-05 -5.05965e-06
80 1.58858e-06 -1.38966e-05 -5.05993e-06
