26 -0.0207624 -0.0532551 2.62357e-12
27 8.32703e-06 -5.43908e-06 3.45944e-08
28 -0.0111814 0.00104156 -1.81308e-05
29 -1.57464e-07 -1.75203e-07 -1.39571e-08
30 -1.20167e-08 -3.91625e-08 1.76851e-08
31 2.5992e-08 5.84484e-08 -1.04601e-08
32 -2.16128e-08 -2.17098e-08 -1.58652e-08
33 -2.46637e-08 -7.88754e-08 8.9417e-09
34 1.28305e-07 3.41405e-07 -1.1667e-08
35 -5.01982e-08 -1.48095e-07 1.29057e-08
36 -6.32963e-09 -1.23123e-10 -1.41063e-08
37 -2.48324e-08 -7.03028e-08 1.01572e-08
38 -5.17853e-08 -1.51599e-07 -1.26811e-08
39 -4.38349e-08 -1.29863e-07 8.62201e-09
40 2.75718e-08 8.08915e-08 -6.25732e-10
41 7.27623e-08 1.88959e-07 6.15864e-09
42 -7.07164e-08 -1.75816e-07 -8.96989e-09
43 -1.91808e-08 -5.41047e-08 9.61154e-09
44 5.74842e-08 1.08728e-07 -9.94396e-09
45 4.25857e-08 1.22932e-07 -1.7676e-09
46 5.43382e-08 1.33503e-07 1.50212e-08
47 -4.6834e-08 -1.07911e-07 -2.77123e-09
48 -3.94625e-08 -9.37192e-08 -9.8421e-09
49 2.38983e-08 6.85352e-08 6.53836e-09
50 5.13137e-09 7.97127e-09 2.70029e-09
51 6.69434e-09 5.63853e-09 2.29193e-10
52 -4.09013e-08 -9.3097e-08 3.49792e-09
53 1.78657e-08 3.56804e-08 -9.0713e-09
54 -4.91264e-08 -1.58413e-07 1.43887e-08
55 2.85581e-08 1.07592e-07 -1.91953e-08
56 6.68592e-08 1.7489e-07 3.99132e-09
57 -3.86563e-08 -1.13826e-07 8.47194e-10
58 2.26337e-08 6.47544e-08 -3.27418e-10
59 -1.14587e-07 -3.11619e-07 -3.56522e-09
60 5.16129e-08 1.21934e-07 7.65749e-09
61 -2.51443e-08 -8.76526e-08 -8.34689e-09
62 -9.51268e-08 -2.55441e-07 9.51422e-09
63 -1.09796e-07 -2.90255e-07 -9.03492e-09
64 2.19738e-08 5.99459e-08 9.72977e-09
65 9.03347e-08 2.54032e-07 -1.1602e-08
66 5.62759e-08 1.44163e-07 1.09731e-08
67 -3.80787e-08 -1.0309e-07 -7.37646e-09
68 5.79848e-08 1.53191e-07 -4.90218e-09
69 -1.06369e-07 -2.95147e-07 8.05403e-09
70 2.21012e-08 7.703e-08 8.64929e-09
71 5.3335e-08 1.28491e-07 -4.37376e-09
72 -5.31527e-08 -1.333e-07 1.2958e-08
73 -1.84932e-08 -7.01467e-08 -1.0582e-08
74 -4.6532e-08 -1.08515e-07 1.01627e-08
75 -2.60147e-08 -8.8423e-08 -1.50067e-08
76 1.87256e-08 5.13734e-08 6.72117e-10
77 2.67396e-08 6.00429e-08 6.53336e-09
78 -3.80669e-08 -7.34735e-08 -8.00128e-09
79 3.41611e-08 7.03568e-08 1.86237e-08
80 3.37964e-08 9.73901e-08 -1.76296e-08
