26 1.21999e-08 -4.28919e-08 2.47676e-09
27 6.07342e-05 -1.63071e-05 -1.52816e-06
28 4.92983e-05 -1.39646e-05 -1.21841e-06
29 2.63992e-05 -4.48914e-05 -2.12907e-06
30 2.64469e-05 -4.35743e-05 -2.05979e-06
31 2.72163e-05 -4.43288e-05 -2.20775e-06
32 2.71108e-05 -4.42922e-05 -2.17472e-06
33 2.7121e-05 -4.43352e-05 -2.1747e-06
34 2.71252e-05 -4.43592e-05 -2.17426e-06
35 2.71336e-05 -4.4381e-05 -2.17366e-06
36 2.71439e-05 -4.43986e-05 -2.17357e-06
37 2.71534e-05 -4.44148e-05 -2.17325e-06
38 2.71657e-05 -4.44286e-05 -2.17328e-06
39 2.71778e-05 -4.44413e-05 -2.17316e-06
40 2.71894e-05 -4.44541e-05 -2.17303e-06
41 2.72032e-05 -4.44646e-05 -2.17325e-06
42 2.72168e-05 -4.44738e-05 -2.1733e-06
43 2.72315e-05 -4.4482e-05 -2.17354e-06
44 2.72456e-05 -4.44908e-05 -2.17364e-06
45 2.72604e-05 -4.44989e-05 -2.17381e-06
46 2.72752e-05 -4.45059e-05 -2.174e-06
47 2.72904e-05 -4.45132e-05 -2.17422e-06
48 2.73056e-05 -4.45203e-05 -2.17443e-06
49 2.73208e-05 -4.45266e-05 -2.17464e-06
50 2.73362e-05 -4.45327e-05 -2.17486e-06
51 2.73518e-05 -4.45385e-05 -2.17514e-06
52 2.73672e-05 -4.45446e-05 -2.17535e-06
53 2.73828e-05 -4.45504e-05 -2.17559e-06
54 2.73986e-05 -4.4556e-05 -2.17588e-06
55 2.74142e-05 -4.45618e-05 -2.17613e-06
56 2.743e-05 -4.45675e-05 -2.1764e-06
57 2.74458e-05 -4.45728e-05 -2.17668e-06
58 2.74619e-05 -4.45783e-05 -2.17699e-06
59 2.7478e-05 -4.45838e-05 -2.17732e-06
60 2.74939e-05 -4.45894e-05 -2.1776e-06
61 2.75099e-05 -4.45947e-05 -2.17789e-06
62 2.75259e-05 -4.46001e-05 -2.17821e-06
63 2.7542e-05 -4.46054e-05 -2.17851e-06
64 2.75579e-05 -4.46107e-05 -2.1788e-06
65 2.7574e-05 -4.46159e-05 -2.1791e-06
66 2.759e-05 -4.46211e-05 -2.1794e-06
67 2.7606e-05 -4.46262e-05 -2.1797e-06
68 2.7622e-05 -4.46314e-05 -2.18e-06
69 2.76381e-05 -4.46365e-05 -2.1803e-06
70 2.76541e-05 -4.46416e-05 -2.18061e-06
71 2.76702e-05 -4.46468e-05 -2.18091e-06
72 2.76862e-05 -4.46519e-05 -2.18122e-06
73 2.77023e-05 -4.4657e-05 -2.18153e-06
74 2.77183e-05 -4.46622e-05 -2.18184e-06
75 2.77344e-05 -4.46672e-05 -2.18214e-06
76 2.77504e-05 -4.46723e-05 -2.18245e-06
77 2.77665e-05 -4.46774e-05 -2.18276e-06
78 2.77825e-05 -4.46826e-05 -2.18307e-06
79 2.77986e-05 -4.46876e-05 -2.18338e-06
80 2.78146e-05 -4.46927e-05 -2.18369e-06
