26 0.332503 -0.569558 -2.23648e-10
27 1.26654e-05 -9.25165e-06 -1.57612e-07
28 0.000328022 -0.00324512 4.1266e-06
29 -0.00105135 -0.000246789 4.40856e-06
30 -0.000219807 2.13472e-05 -8.02029e-06
31 -6.62432e-05 1.47153e-05 -3.49709e-06
32 -5.46345e-05 8.8295e-06 -2.44992e-06
33 -6.47487e-08 -4.66709e-08 2.41323e-09
34 5.4963e-08 3.88743e-08 -5.33134e-09
35 -2.74586e-08 -4.4945e-08 9.54515e-09
36 -4.67489e-08 -1.83777e-08 -7.26141e-09
37 -2.61452e-08 -2.62478e-08 -3.38332e-10
38 -1.08571e-08 -1.17045e-08 7.92113e-09
39 -3.13048e-09 -9.82573e-09 -7.72548e-09
40 -6.86637e-08 -4.55261e-08 -1.16665e-09
41 9.64919e-08 7.08642e-08 4.45891e-09
42 -1.1312e-07 -9.91085e-08 -3.46688e-09
43 -2.27374e-08 -2.30723e-08 4.96937e-09
44 7.14845e-08 7.18858e-08 2.41755e-09
45 8.03175e-09 2.24068e-08 -3.25826e-09
46 -3.35681e-08 -2.56916e-08 -1.38903e-09
47 3.55717e-08 2.208e-08 4.085e-09
48 3.81197e-08 4.37642e-08 -3.01338e-09
49 7.53244e-08 4.98519e-08 3.36922e-09
50 -8.86575e-09 4.08477e-09 -3.72552e-09
51 -7.59569e-08 -7.32748e-08 5.48732e-09
52 3.14822e-08 3.90137e-08 -2.56966e-09
53 4.99585e-09 1.14551e-09 3.30374e-09
54 -2.16742e-08 -2.79651e-08 -5.60215e-09
55 -3.88272e-08 -1.17857e-08 4.60636e-09
56 4.26271e-08 2.55266e-08 -1.07616e-09
57 2.4304e-08 6.98697e-09 -2.37833e-10
58 -7.47264e-08 -6.00046e-08 4.66798e-10
59 9.48817e-08 8.81814e-08 -3.24906e-09
60 -4.5281e-08 -3.07516e-08 -3.80373e-09
61 1.84536e-08 8.38645e-09 -5.20458e-10
62 7.61484e-08 5.97956e-08 3.18335e-09
63 -8.97167e-08 -7.59296e-08 -6.06065e-10
64 -1.38834e-09 -3.56999e-09 -5.92536e-10
65 -9.20436e-08 -6.96875e-08 -3.44323e-09
66 9.66297e-08 8.16447e-08 4.86921e-10
67 -5.74501e-08 -3.71645e-08 1.23657e-09
68 4.65425e-08 1.95328e-08 -3.7287e-09
69 -5.00859e-09 -1.08923e-08 -1.82479e-09
70 7.65294e-09 1.61201e-08 -1.3265e-09
71 -7.2464e-08 -4.63219e-08 1.4337e-09
72 5.03674e-08 5.47152e-08 -2.45814e-09
73 6.33909e-08 4.81898e-08 4.11524e-09
74 -2.90283e-08 -3.33218e-08 -1.28921e-09
75 -8.18864e-09 -2.22099e-09 2.56318e-09
76 -6.86878e-08 -6.12602e-08 1.1845e-09
77 -4.63278e-08 -3.4998e-08 -4.38263e-10
78 6.52126e-08 4.81818e-08 -3.55271e-09
79 6.92426e-08 7.18198e-08 2.81557e-09
80 -6.93576e-08 -5.87788e-08 2.40664e-09
