26 -0.990639 -0.0314414 -1.14933e-09
27 0.000247255 -1.73903e-05 7.00675e-08
28 -0.2218 0.0172131 -2.12128e-06
29 -0.00081874 4.4392e-05 1.79916e-08
30 1.45519e-11 7.12894e-10 -3.5725e-09
31 1.16415e-10 2.76151e-08 6.71207e-10
32 -4.36557e-11 5.39618e-08 1.44064e-09
33 0 1.85527e-08 -5.06589e-10
34 8.00355e-11 -2.42551e-08 1.36424e-12
35 -8.73115e-11 -4.90125e-09 -1.72804e-10
36 2.18279e-11 3.36255e-08 1.4461e-09
37 3.63798e-11 -3.19112e-08 -7.93079e-10
38 0 3.14742e-08 9.34961e-10
39 0 -2.80348e-08 -1.11413e-10
40 1.45519e-11 1.17273e-08 -6.85304e-10
41 -5.09317e-11 3.5179e-08 6.36192e-10
42 7.27596e-12 -2.34767e-08 -8.15817e-10
43 0 -5.49746e-08 1.16233e-09
44 0 9.47235e-09 1.53705e-10
45 3.63798e-11 1.05832e-08 1.10867e-09
46 2.91038e-11 4.88691e-09 -1.95496e-09
47 1.45519e-11 -3.72532e-08 -8.78572e-10
48 0 3.58757e-08 9.73159e-11
49 -5.82077e-11 -3.25749e-08 -1.76033e-09
50 4.36557e-11 7.06776e-08 -1.41699e-09
51 -2.18279e-11 -3.53485e-08 8.62656e-10
52 4.36557e-11 -1.3512e-08 -9.24501e-10
53 -2.91038e-11 -3.94071e-08 -6.67569e-10
54 -1.45519e-11 2.30651e-08 9.84528e-10
55 1.45519e-11 -4.62471e-08 8.76298e-10
56 -7.27596e-12 2.07005e-08 8.73115e-10
57 -2.91038e-11 -4.4253e-08 1.65983e-10
58 3.63798e-11 3.99013e-09 7.9126e-10
59 -7.27596e-12 -5.53023e-08 -9.24047e-10
60 7.27596e-12 -4.1839e-08 6.16637e-10
61 0 6.22821e-09 1.33423e-09
62 -7.27596e-11 -4.26755e-09 7.05313e-10
63 -2.91038e-11 5.43916e-08 -1.32468e-09
64 4.36557e-11 1.0417e-09 2.26646e-09
65 5.09317e-11 6.12591e-08 -1.18462e-09
66 -4.19241e-08 -2.82437e-08 4.14957e-09
67 4.18295e-08 6.60855e-08 -1.88902e-09
68 2.91038e-11 -5.42257e-08 3.30601e-10
69 -3.63798e-11 6.60704e-08 3.19233e-10
70 7.27596e-12 -3.03186e-08 1.79625e-10
71 -8.73115e-11 1.59126e-08 -1.30058e-10
72 2.91038e-11 3.20015e-08 -7.48969e-10
73 -4.36557e-11 -1.84796e-08 -4.51109e-10
74 2.18279e-11 4.14865e-08 -1.43973e-09
75 -9.45874e-11 -2.23126e-08 2.19188e-10
76 0 4.0029e-09 -3.84262e-10
77 -4.36557e-11 -2.85067e-08 6.52108e-10
78 8.73115e-11 3.36462e-09 -1.61572e-09
79 -1.45519e-11 3.44443e-08 -3.26054e-10
80 7.27596e-11 -1.20496e-08 1.74168e-09
