26 2.17366e-09 -4.75132e-08 -6.55855e-10
27 -2.54827e-06 -7.83267e-05 5.13204e-06
28 8.45973e-08 -6.18909e-05 3.69282e-06
29 2.04807e-06 -7.04477e-05 2.37191e-06
30 1.89841e-06 -6.91763e-05 2.31249e-06
31 2.52862e-06 -7.02667e-05 2.39673e-06
32 2.57278e-06 -7.00467e-05 2.37288e-06
33 2.5866e-06 -7.00859e-05 2.37232e-06
34 2.59807e-06 -7.01031e-05 2.37219e-06
35 2.61067e-06 -7.01203e-05 2.37185e-06
36 2.62359e-06 -7.01359e-05 2.37215e-06
37 2.63576e-06 -7.01495e-05 2.37214e-06
38 2.64882e-06 -7.01632e-05 2.37259e-06
39 2.66186e-06 -7.01752e-05 2.37275e-06
40 2.67383e-06 -7.01878e-05 2.37293e-06
41 2.68685e-06 -7.02e-05 2.37367e-06
42 2.69984e-06 -7.02101e-05 2.37401e-06
43 2.71345e-06 -7.02202e-05 2.37467e-06
44 2.7264e-06 -7.02306e-05 2.37507e-06
45 2.73974e-06 -7.02406e-05 2.37559e-06
46 2.75308e-06 -7.02496e-05 2.37609e-06
47 2.76649e-06 -7.02593e-05 2.37663e-06
48 2.77983e-06 -7.02687e-05 2.37715e-06
49 2.7931e-06 -7.02774e-05 2.37765e-06
50 2.80644e-06 -7.02861e-05 2.37819e-06
51 2.8199e-06 -7.02946e-05 2.37878e-06
52 2.83325e-06 -7.03033e-05 2.37927e-06
53 2.84659e-06 -7.03118e-05 2.3798e-06
54 2.8601e-06 -7.03203e-05 2.38038e-06
55 2.87332e-06 -7.0329e-05 2.38093e-06
56 2.88668e-06 -7.03376e-05 2.38148e-06
57 2.90011e-06 -7.03459e-05 2.38206e-06
58 2.91373e-06 -7.03545e-05 2.38266e-06
59 2.92737e-06 -7.0363e-05 2.3833e-06
60 2.94086e-06 -7.03716e-05 2.38384e-06
61 2.9544e-06 -7.03799e-05 2.38441e-06
62 2.96801e-06 -7.03884e-05 2.38502e-06
63 2.98157e-06 -7.03967e-05 2.38559e-06
64 2.99511e-06 -7.0405e-05 2.38614e-06
65 3.00869e-06 -7.04131e-05 2.3867e-06
66 3.02228e-06 -7.04213e-05 2.38726e-06
67 3.03589e-06 -7.04295e-05 2.38782e-06
68 3.04949e-06 -7.04376e-05 2.38837e-06
69 3.06311e-06 -7.04457e-05 2.38892e-06
70 3.07673e-06 -7.04538e-05 2.38947e-06
71 3.09039e-06 -7.04619e-05 2.39002e-06
72 3.10403e-06 -7.04699e-05 2.39057e-06
73 3.1177e-06 -7.0478e-05 2.39111e-06
74 3.1314e-06 -7.04861e-05 2.39166e-06
75 3.14507e-06 -7.04941e-05 2.3922e-06
76 3.15874e-06 -7.05021e-05 2.39274e-06
77 3.17244e-06 -7.05101e-05 2.39328e-06
78 3.18616e-06 -7.05181e-05 2.39381e-06
79 3.19987e-06 -7.05261e-05 2.39435e-06
80 3.21358e-06 -7.0534e-05 2.39488e-06
