26 1.04469e-09 -6.92612e-10 2.24742e-08
27 -1.19159e-06 0.000121347 7.86492e-05
28 -8.19911e-08 9.61538e-05 6.08027e-05
29 -1.9492e-06 -2.25216e-05 8.27765e-06
30 -1.75406e-06 -2.06779e-05 8.2937e-06
31 -1.37043e-06 -2.16474e-05 8.33459e-06
32 -1.31708e-06 -2.167e-05 8.29401e-06
33 -1.29836e-06 -2.17175e-05 8.29181e-06
34 -1.28689e-06 -2.17507e-05 8.29027e-06
35 -1.27283e-06 -2.17762e-05 8.2894e-06
36 -1.25945e-06 -2.17996e-05 8.28919e-06
37 -1.24629e-06 -2.18195e-05 8.28886e-06
38 -1.23272e-06 -2.18375e-05 8.28921e-06
39 -1.21896e-06 -2.18524e-05 8.28942e-06
40 -1.2061e-06 -2.18666e-05 8.28981e-06
41 -1.19272e-06 -2.18812e-05 8.29067e-06
42 -1.17913e-06 -2.18917e-05 8.29136e-06
43 -1.16526e-06 -2.19027e-05 8.29228e-06
44 -1.15176e-06 -2.19122e-05 8.29315e-06
45 -1.13798e-06 -2.19215e-05 8.29414e-06
46 -1.12426e-06 -2.19295e-05 8.29511e-06
47 -1.11052e-06 -2.19375e-05 8.29622e-06
48 -1.09682e-06 -2.19451e-05 8.29731e-06
49 -1.08313e-06 -2.19517e-05 8.29842e-06
50 -1.06944e-06 -2.19582e-05 8.29958e-06
51 -1.05571e-06 -2.19645e-05 8.30078e-06
52 -1.04202e-06 -2.19705e-05 8.30194e-06
53 -1.02833e-06 -2.19763e-05 8.30314e-06
54 -1.0146e-06 -2.1982e-05 8.30439e-06
55 -1.00108e-06 -2.19877e-05 8.30566e-06
56 -9.87447e-07 -2.19932e-05 8.30693e-06
57 -9.73771e-07 -2.19986e-05 8.30821e-06
58 -9.60023e-07 -2.20041e-05 8.30951e-06
59 -9.46274e-07 -2.20099e-05 8.31081e-06
60 -9.32608e-07 -2.20153e-05 8.31208e-06
61 -9.18895e-07 -2.20204e-05 8.31337e-06
62 -9.052e-07 -2.20259e-05 8.31467e-06
63 -8.91499e-07 -2.2031e-05 8.31595e-06
64 -8.77813e-07 -2.2036e-05 8.31723e-06
65 -8.64103e-07 -2.20409e-05 8.31852e-06
66 -8.50416e-07 -2.20459e-05 8.3198e-06
67 -8.36712e-07 -2.20507e-05 8.32107e-06
68 -8.23017e-07 -2.20556e-05 8.32235e-06
69 -8.09323e-07 -2.20604e-05 8.32363e-06
70 -7.95632e-07 -2.20652e-05 8.3249e-06
71 -7.81929e-07 -2.207e-05 8.32617e-06
72 -7.68238e-07 -2.20747e-05 8.32744e-06
73 -7.54537e-07 -2.20795e-05 8.3287e-06
74 -7.40829e-07 -2.20842e-05 8.32996e-06
75 -7.27145e-07 -2.20889e-05 8.33122e-06
76 -7.13463e-07 -2.20936e-05 8.33247e-06
77 -6.99772e-07 -2.20984e-05 8.33372e-06
78 -6.86078e-07 -2.21031e-05 8.33497e-06
79 -6.72392e-07 -2.21077e-05 8.33622e-06
80 -6.58712e-07 -2.21124e-05 8.33746e-06
