26 3.7129 3.03235 -7.1855e-10
27 4.317e-06 -3.64525e-05 -7.68887e-08
28 -0.00592098 -0.0229535 -5.70764e-05
29 1.37145e-07 -4.34698e-08 4.50973e-09
30 1.38675e-08 8.82505e-09 5.85169e-09
31 -4.21046e-08 1.82258e-08 -3.47154e-09
32 -3.27113e-08 1.30351e-08 1.78261e-10
33 7.38328e-08 -4.39147e-08 -1.42791e-10
34 -2.468e-08 5.79485e-09 -1.99998e-09
35 -2.72303e-08 1.70412e-08 -1.12823e-09
36 -2.97546e-08 2.95095e-08 4.79122e-09
37 7.9493e-08 -4.07545e-08 -1.60981e-09
38 -7.49937e-08 2.29982e-08 3.04317e-09
39 4.78744e-08 -3.41572e-08 -5.32964e-10
40 -5.3702e-08 2.7921e-08 1.00681e-09
41 1.15897e-07 -6.23365e-08 1.82854e-09
42 -3.02043e-08 2.48317e-08 -1.78807e-09
43 1.6315e-08 -2.47303e-08 -1.24919e-09
44 6.01858e-09 -1.96314e-09 -9.73159e-11
45 -8.6111e-09 1.21383e-08 1.17052e-09
46 -2.09943e-08 4.99108e-09 -8.14907e-10
47 6.00858e-09 -5.28371e-09 1.19599e-09
48 2.449e-08 -1.70692e-08 2.48565e-09
49 -8.84211e-09 1.40024e-08 -9.67248e-10
50 -8.15899e-08 1.98347e-08 2.84126e-09
51 5.70149e-08 -1.34062e-08 -2.90038e-09
52 4.08704e-08 -2.44158e-08 -1.38789e-09
53 2.08279e-08 -1.65651e-08 2.54886e-09
54 -9.24265e-08 5.03424e-08 -1.42154e-09
55 -1.93349e-08 1.46049e-08 -1.06138e-09
56 5.97329e-08 -4.13431e-08 2.51748e-09
57 -5.10577e-08 2.807e-08 4.79304e-10
58 -5.71799e-09 1.37195e-08 -3.19142e-09
59 -2.14172e-08 2.26828e-08 3.50201e-09
60 4.5633e-08 -5.16363e-08 2.02635e-09
61 7.57927e-08 -3.85903e-08 -1.90448e-09
62 -6.73922e-08 3.27041e-08 2.02817e-10
63 1.41695e-08 8.59541e-09 4.43833e-10
64 -1.69566e-08 -4.56748e-09 -1.00545e-09
65 2.29365e-08 4.64956e-09 -1.68893e-09
66 -2.83358e-08 5.12364e-09 2.20552e-10
67 -4.29736e-10 -2.86627e-09 3.26418e-09
68 -1.76965e-08 1.13489e-08 -1.75623e-09
69 -5.73973e-08 3.00661e-08 2.6098e-09
70 -1.80567e-08 1.0335e-08 -1.20599e-09
71 8.3573e-08 -5.66299e-08 2.37151e-09
72 -5.33773e-08 3.09101e-08 1.38334e-09
73 1.39726e-08 2.45564e-11 -2.91902e-09
74 6.11317e-08 -3.19428e-08 -2.22099e-09
75 -2.09384e-08 2.02022e-08 1.00135e-09
76 -4.05939e-08 1.19585e-08 5.27962e-10
77 -4.88708e-08 2.49074e-08 2.61207e-09
78 8.90982e-08 -4.89852e-08 -6.46014e-09
79 -4.07849e-08 2.63528e-08 9.42237e-10
80 1.47247e-09 1.54344e-08 -2.26464e-10
