26 -0.246346 1.5492 -7.40561e-10
27 0.000789398 -6.12897e-05 6.73899e-08
28 0.464153 -0.02924 -4.03073e-06
29 -0.00113612 0.000159696 2.31203e-08
30 -5.82077e-11 1.0084e-07 -2.50111e-10
31 -1.81899e-10 -1.94767e-08 2.3565e-09
32 -6.54836e-11 -2.13628e-08 -8.96762e-10
33 -1.52795e-10 5.86055e-08 -4.30646e-10
34 -7.27596e-12 -3.98163e-08 -1.015e-09
35 -6.54836e-11 8.61487e-08 3.45608e-11
36 -1.45519e-11 -1.68412e-08 2.76759e-09
37 -9.45874e-11 -6.06055e-08 -2.83944e-09
38 7.27596e-12 9.06807e-08 4.2055e-09
39 7.27596e-11 4.04776e-08 -2.04818e-09
40 -1.45519e-11 -1.41592e-08 8.42192e-10
41 7.27596e-11 -3.45195e-08 -7.1459e-09
42 -6.54836e-11 2.50472e-08 6.84622e-09
43 0 -9.23451e-09 -7.93989e-10
44 5.09317e-11 -4.72783e-08 -9.95897e-11
45 7.27596e-11 3.41163e-08 6.69843e-10
46 1.45519e-11 6.87857e-08 -1.71167e-09
47 -2.91038e-11 4.08652e-08 2.89947e-09
48 8.73115e-11 -7.77209e-09 -5.32646e-09
49 -7.27596e-11 4.23483e-08 1.34196e-09
50 -1.45519e-11 2.05411e-08 2.07865e-09
51 -5.82077e-11 -5.87193e-08 -5.51609e-10
52 -5.09317e-11 -1.16064e-08 -5.36602e-11
53 5.09317e-11 -5.2203e-08 1.35424e-09
54 -2.18279e-11 -4.7454e-08 -2.864e-09
55 -2.91038e-11 2.35073e-08 -9.49967e-10
56 7.27596e-12 5.27052e-10 2.12685e-09
57 0 -4.4741e-08 9.79981e-10
58 -7.27596e-12 -3.19361e-09 -4.0809e-09
59 2.91038e-11 1.40558e-08 3.48427e-09
60 1.45519e-11 3.45246e-08 -1.35969e-09
61 -3.63798e-11 3.67001e-08 -3.04044e-09
62 2.91038e-11 6.90385e-09 -2.63844e-09
63 -1.45519e-11 -8.73374e-08 5.42286e-09
64 2.18279e-11 3.97645e-08 -2.26555e-09
65 -8.00355e-11 4.76192e-08 7.98536e-10
66 5.09317e-11 -1.42626e-08 3.90173e-10
67 2.91038e-11 -1.83501e-08 5.90262e-10
68 -1.45519e-11 4.39348e-08 8.00355e-10
69 0 -5.83111e-08 -6.13636e-09
70 0 3.78887e-08 4.80577e-09
71 7.27596e-12 -1.75957e-08 2.96814e-09
72 -7.27596e-12 -2.84786e-08 -4.21232e-09
73 -1.45519e-11 1.40403e-08 2.45927e-09
74 1.45519e-11 7.89968e-08 -3.54248e-09
75 -2.18279e-11 -1.39763e-07 1.43018e-09
76 3.63798e-11 1.32187e-07 5.12046e-10
77 0 -9.98894e-08 -9.29504e-10
78 -1.45519e-11 1.45405e-07 7.05768e-10
79 1.45519e-11 -1.04757e-07 -4.93856e-10
80 0 2.20345e-08 2.91038e-10
