26 -0.0480844 -0.0466627 3.94043e-12
27 7.39472e-06 -2.0008e-06 1.54923e-08
28 -0.00785928 -0.0025268 -1.05616e-05
29 -6.68251e-09 -1.59151e-08 -5.41058e-09
30 -1.43054e-08 -8.0927e-08 3.32147e-09
31 2.32803e-08 9.68557e-08 -2.12003e-09
32 -2.19356e-08 -7.76228e-08 3.23416e-09
33 -1.43477e-08 -7.80682e-08 -2.91539e-09
34 -2.27924e-08 -1.02222e-07 1.29548e-08
35 -1.23146e-08 -6.61764e-08 -5.19231e-09
36 2.52962e-08 9.34911e-08 4.84715e-09
37 -5.73395e-08 -2.8308e-07 -6.45605e-09
38 8.1402e-08 4.10885e-07 1.5807e-09
39 -3.84957e-08 -2.05394e-07 8.43784e-09
40 2.13072e-08 1.25998e-07 -1.37002e-08
41 6.32463e-09 3.77877e-08 -7.1168e-09
42 -2.63603e-08 -1.39418e-07 1.3607e-08
43 1.57875e-08 8.67744e-08 -5.45424e-09
44 -2.45141e-08 -1.0059e-07 -5.81258e-09
45 1.76246e-08 6.24944e-08 1.13218e-08
46 -1.08421e-08 -3.15258e-08 -1.69766e-08
47 -2.9293e-08 -1.53768e-07 -2.29693e-09
48 5.59321e-08 2.76348e-07 9.98716e-09
49 -2.0661e-08 -1.22754e-07 -3.82261e-09
50 -1.61572e-09 1.17046e-08 -4.11455e-09
51 -2.21507e-09 -1.32002e-08 2.1264e-09
52 -1.1958e-08 -5.41276e-08 -3.16777e-09
53 2.24641e-08 7.41802e-08 -3.10047e-09
54 -3.94357e-08 -1.78365e-07 -7.01812e-09
55 1.21736e-08 4.78195e-08 -8.98581e-10
56 -1.1345e-08 -3.79328e-08 8.70159e-09
57 -8.89004e-08 -4.33763e-07 -1.51563e-08
58 5.85105e-08 2.8146e-07 7.06495e-09
59 -1.08485e-08 -5.76534e-08 -5.89807e-10
60 -4.5532e-08 -2.28971e-07 1.65346e-09
61 2.68201e-08 9.5667e-08 -5.14774e-10
62 -4.92309e-09 -1.25811e-08 -7.81256e-10
63 2.40639e-08 1.25149e-07 -2.61298e-09
64 -6.48042e-08 -2.87881e-07 6.37192e-09
65 6.44877e-08 2.89872e-07 4.45607e-09
66 -2.56764e-08 -1.10479e-07 -6.26642e-09
67 -1.51167e-08 -7.81825e-08 1.46356e-08
68 6.16637e-09 4.30426e-08 -2.55977e-09
69 -6.30544e-08 -3.24148e-07 -9.11496e-09
70 4.11528e-08 1.9806e-07 1.42863e-08
71 5.66411e-08 3.06442e-07 -2.18779e-08
72 1.53109e-08 5.2485e-08 2.02672e-08
73 6.05405e-09 1.98113e-08 7.83939e-09
74 -5.34851e-08 -2.53682e-07 1.87265e-09
75 -2.22176e-08 -1.30505e-07 -1.04692e-08
76 5.77284e-08 3.02408e-07 -1.23127e-08
77 -4.39318e-08 -2.15555e-07 5.70572e-09
78 4.76525e-08 2.3127e-07 8.54288e-09
79 -2.81398e-09 -1.18234e-09 9.49422e-09
80 8.20883e-08 4.14598e-07 -1.06679e-08
