26 2.82267e-09 -4.70384e-08 1.84917e-09
27 2.17297e-05 -3.83829e-05 2.03609e-05
28 1.88346e-05 -3.12003e-05 1.58573e-05
29 1.23277e-05 -5.33808e-05 8.3915e-06
30 1.21789e-05 -5.2146e-05 8.42972e-06
31 1.29686e-05 -5.29404e-05 8.52557e-06
32 1.29356e-05 -5.28525e-05 8.46697e-06
33 1.29479e-05 -5.28944e-05 8.46586e-06
34 1.29567e-05 -5.29158e-05 8.46341e-06
35 1.29674e-05 -5.2936e-05 8.46186e-06
36 1.29795e-05 -5.29526e-05 8.46097e-06
37 1.29907e-05 -5.29678e-05 8.46002e-06
38 1.30037e-05 -5.29812e-05 8.45977e-06
39 1.30165e-05 -5.29935e-05 8.45943e-06
40 1.30284e-05 -5.30062e-05 8.45927e-06
41 1.30421e-05 -5.30168e-05 8.45958e-06
42 1.30555e-05 -5.30261e-05 8.45976e-06
43 1.30699e-05 -5.30346e-05 8.46018e-06
44 1.30835e-05 -5.30438e-05 8.46056e-06
45 1.30977e-05 -5.30522e-05 8.46107e-06
46 1.31118e-05 -5.30597e-05 8.46158e-06
47 1.31262e-05 -5.30676e-05 8.46222e-06
48 1.31405e-05 -5.30752e-05 8.46285e-06
49 1.31548e-05 -5.30821e-05 8.46352e-06
50 1.31692e-05 -5.30889e-05 8.46423e-06
51 1.31838e-05 -5.30953e-05 8.46499e-06
52 1.31982e-05 -5.31021e-05 8.4657e-06
53 1.32126e-05 -5.31086e-05 8.46647e-06
54 1.32273e-05 -5.31149e-05 8.46729e-06
55 1.32417e-05 -5.31215e-05 8.46813e-06
56 1.32563e-05 -5.3128e-05 8.46897e-06
57 1.32709e-05 -5.3134e-05 8.46981e-06
58 1.32858e-05 -5.31403e-05 8.47069e-06
59 1.33008e-05 -5.31465e-05 8.47155e-06
60 1.33154e-05 -5.3153e-05 8.47239e-06
61 1.33302e-05 -5.3159e-05 8.47325e-06
62 1.33451e-05 -5.31652e-05 8.47413e-06
63 1.33599e-05 -5.31713e-05 8.47499e-06
64 1.33747e-05 -5.31774e-05 8.47585e-06
65 1.33895e-05 -5.31833e-05 8.47671e-06
66 1.34043e-05 -5.31893e-05 8.47756e-06
67 1.34191e-05 -5.31953e-05 8.47842e-06
68 1.3434e-05 -5.32012e-05 8.47928e-06
69 1.34488e-05 -5.32071e-05 8.48014e-06
70 1.34636e-05 -5.3213e-05 8.48099e-06
71 1.34785e-05 -5.32189e-05 8.48184e-06
72 1.34934e-05 -5.32248e-05 8.4827e-06
73 1.35083e-05 -5.32307e-05 8.48354e-06
74 1.35232e-05 -5.32366e-05 8.48439e-06
75 1.3538e-05 -5.32424e-05 8.48523e-06
76 1.35529e-05 -5.32483e-05 8.48607e-06
77 1.35678e-05 -5.32542e-05 8.48691e-06
78 1.35827e-05 -5.326e-05 8.48775e-06
79 1.35976e-05 -5.32658e-05 8.48858e-06
80 1.36125e-05 -5.32717e-05 8.48941e-06
