26 -0.274322 0.111186 -8.15277e-11
27 -2.39489e-06 1.07252e-05 -1.29185e-08
28 -0.0143663 -0.100293 5.3093e-05
29 2244.47 408.338 2.98496e-09
30 1931.3 -583.588 -1.22236e-09
31 2127.3 62.5847 2.00089e-11
32 2041.73 92.0822 1.93904e-09
33 2049.31 101.644 -1.3988e-09
34 2047.66 100.158 -3.19233e-09
35 2049.03 100.874 -4.54747e-11
36 2049.97 101.57 2.89765e-09
37 2050.95 102.227 -4.94765e-10
38 2051.97 102.926 -1.01136e-09
39 2053.01 103.645 1.09685e-09
40 2054.04 104.371 3.27418e-11
41 2055.12 105.114 5.4024e-10
42 2056.18 105.875 1.00408e-09
43 2057.26 106.643 -2.01726e-09
44 2058.33 107.411 7.53062e-10
45 2059.4 108.179 -9.13133e-10
46 2060.47 108.958 2.02272e-09
47 2061.54 109.731 3.09228e-10
48 2062.6 110.503 8.87667e-10
49 2063.67 111.281 -8.94943e-10
50 2064.72 112.059 -1.78989e-09
51 2065.78 112.838 1.52613e-09
52 2066.82 113.609 -1.22054e-09
53 2067.86 114.382 -1.01863e-10
54 2068.9 115.151 1.3315e-09
55 2069.93 115.916 -3.09228e-10
56 2070.95 116.677 -7.85803e-10
57 2071.97 117.437 1.20599e-09
58 2072.98 118.192 3.19596e-09
59 2073.99 118.942 -3.03044e-09
60 2074.98 119.688 2.57751e-09
61 2075.97 120.434 -3.22143e-09
62 2076.95 121.174 1.54068e-09
63 2077.93 121.912 -4.27463e-10
64 2078.89 122.646 9.1859e-10
65 2079.85 123.376 -2.00089e-09
66 2080.8 124.104 1.24783e-09
67 2081.75 124.827 -6.54836e-11
68 2082.69 125.547 -2.44472e-09
69 2083.62 126.263 1.09139e-09
70 2084.54 126.975 -4.82032e-10
71 2085.46 127.684 -2.10457e-09
72 2086.37 128.389 1.21872e-10
73 2087.27 129.09 5.78439e-10
74 2088.17 129.788 -8.25821e-10
75 2089.06 130.483 9.24047e-10
76 2089.94 131.173 -2.29738e-09
77 2090.81 131.861 -2.18279e-10
78 2091.68 132.545 -3.63798e-11
79 2092.54 133.226 -6.85759e-10
80 2093.4 133.904 1.21508e-09
