26 1.22409 -0.118946 1.30524e-09
27 -0.000650144 -2.53368e-05 2.36105e-08
28 -0.498177 -0.0256648 1.19333e-07
29 0.00103185 0.000121247 -2.17383e-08
30 7.27596e-11 -1.72022e-08 8.47194e-10
31 1.89175e-10 -2.64325e-09 1.35788e-09
32 2.18279e-11 6.39061e-08 3.87899e-10
33 -1.30967e-10 -2.86053e-08 -1.35287e-09
34 0 8.65646e-09 2.75577e-10
35 3.63798e-11 1.62586e-08 -1.35969e-10
36 -3.63798e-11 3.76934e-08 -1.06229e-09
37 -2.25555e-10 3.67494e-08 1.35969e-09
38 -2.91038e-11 -9.0853e-09 1.40972e-10
39 2.25555e-10 -4.74896e-08 -1.28239e-10
40 -1.96451e-10 -1.14998e-08 1.59298e-09
41 -9.45874e-11 4.85413e-08 -2.27283e-09
42 1.09139e-10 -8.8746e-09 -4.04725e-10
43 -5.82077e-11 3.91583e-08 1.00681e-09
44 -2.18279e-11 3.73516e-08 -4.45652e-10
45 -1.45519e-11 -4.14955e-08 1.36242e-09
46 1.30967e-10 5.63364e-08 1.42563e-09
47 1.45519e-11 -9.61107e-09 -4.01542e-10
48 5.09317e-11 6.05364e-08 1.30876e-09
49 6.54836e-11 -3.07297e-09 5.54792e-11
50 5.82077e-11 1.45474e-08 -1.54614e-09
51 -1.89175e-10 2.8164e-08 1.82808e-10
52 6.54836e-11 3.00299e-08 -6.05269e-10
53 -6.54836e-11 3.98479e-09 -3.36968e-10
54 0 -1.67583e-08 2.11912e-10
55 1.45519e-11 2.53188e-09 3.92902e-10
56 -5.82077e-11 5.10856e-08 -2.06637e-09
57 1.52795e-10 -1.90492e-08 5.19776e-10
58 -3.63798e-11 -1.31654e-08 1.25692e-09
59 4.36557e-11 4.34547e-08 1.15324e-09
60 0 -4.07922e-08 -6.8485e-10
61 1.67347e-10 2.94255e-08 -1.3797e-09
62 4.36557e-11 -1.49477e-09 5.53428e-10
63 4.07454e-10 2.11529e-08 1.31331e-09
64 -1.45519e-11 -1.07647e-08 -1.23509e-09
65 -2.03727e-10 -1.40715e-08 5.82077e-10
66 -1.52795e-10 7.50476e-08 2.14004e-09
67 -2.11003e-10 -6.31059e-08 -1.82899e-09
68 4.36557e-11 -2.00004e-08 8.06267e-10
69 4.00178e-10 2.41965e-08 -4.24279e-10
70 8.73115e-11 8.25617e-09 -3.65162e-10
71 -9.45874e-11 -2.31113e-09 -9.73159e-11
72 -8.00355e-11 1.01133e-08 -1.31422e-09
73 1.16415e-10 -1.50003e-08 9.72705e-10
74 -1.74623e-10 3.02017e-08 -8.85848e-10
75 3.63798e-10 -4.65226e-08 3.25599e-10
76 -2.25555e-10 3.92448e-08 -1.12459e-09
77 -2.18279e-11 2.92745e-08 1.00317e-09
78 -1.89175e-10 1.16523e-08 9.45874e-11
79 -2.6921e-10 -6.57229e-09 5.38421e-10
80 1.89175e-10 -7.14461e-10 -1.7676e-09
