26 0.0693634 -0.19862 1.33245e-11
27 -1.34106e-05 -1.62431e-05 -4.71614e-08
28 0.00654266 0.00466554 1.7785e-05
29 1.72495e-08 2.14138e-08 -4.94424e-09
30 -4.75989e-08 6.56273e-08 6.8485e-10
31 -3.85385e-08 5.91344e-08 5.13728e-09
32 4.22397e-08 -4.74781e-08 2.87719e-09
33 -3.35094e-08 6.59552e-08 -7.82052e-09
34 3.94662e-08 -8.48875e-08 3.49473e-09
35 -4.2337e-09 4.05544e-09 2.07592e-10
36 -3.14026e-08 4.52878e-08 -8.0372e-09
37 7.32098e-09 3.68345e-10 7.47241e-09
38 -2.98587e-09 9.3853e-09 -4.77235e-09
39 -4.02897e-08 5.43837e-08 1.1878e-09
40 4.95011e-08 -6.41112e-08 -4.81873e-09
41 -2.8032e-08 3.24749e-08 2.50316e-09
42 -8.99963e-08 1.22475e-07 5.39558e-10
43 3.53098e-08 -3.92229e-08 -2.36196e-09
44 3.51042e-08 -5.46308e-08 1.50112e-09
45 -8.15589e-09 5.34487e-09 3.61479e-09
46 4.40591e-08 -6.79397e-08 9.51786e-10
47 2.87355e-09 -3.74621e-09 -2.46087e-09
48 -1.74914e-08 3.65028e-08 4.06135e-09
49 -6.00303e-08 5.7742e-08 -8.76594e-09
50 7.78005e-08 -7.91497e-08 5.03269e-09
51 -6.83654e-08 9.53005e-08 -1.43496e-09
52 5.80562e-08 -1.06245e-07 2.84899e-09
53 6.03759e-08 -9.10172e-08 -4.82692e-09
54 -1.00403e-07 1.51815e-07 3.64321e-09
55 9.08944e-08 -1.18377e-07 -4.90218e-09
56 -3.53912e-08 4.13861e-08 2.43813e-09
57 1.03323e-08 -1.76001e-08 -8.64247e-10
58 -2.966e-08 5.59232e-08 1.80307e-09
59 -2.76664e-08 3.07825e-08 -3.77622e-09
60 -6.0857e-08 7.84878e-08 8.22865e-09
61 8.34752e-08 -1.1681e-07 -5.21527e-09
62 8.01947e-09 -3.50133e-09 6.07088e-10
63 2.06969e-08 -4.01535e-08 1.04365e-10
64 -1.07516e-08 1.80073e-08 1.23441e-09
65 5.09499e-09 -1.57772e-08 -2.53749e-09
66 4.76734e-08 -5.82077e-08 -3.50292e-09
67 -8.44493e-08 1.2091e-07 6.8751e-09
68 3.1328e-08 -2.65402e-08 -1.59548e-09
69 -9.28685e-09 7.77027e-09 -4.82805e-09
70 -1.5325e-08 2.74413e-08 2.41243e-09
71 4.92405e-08 -8.1528e-08 -2.70302e-09
72 -4.0437e-08 8.34848e-08 1.17714e-08
73 8.48422e-09 -2.73201e-08 7.99901e-10
74 8.63747e-09 -2.03208e-08 -7.33007e-09
75 -5.7501e-08 8.80525e-08 2.28079e-09
76 1.18916e-09 -7.67045e-09 -4.30236e-09
77 1.0486e-08 9.15588e-09 1.06616e-09
78 -4.98771e-08 4.63274e-08 3.46404e-09
79 5.62759e-08 -6.39141e-08 -1.56729e-09
80 -7.06173e-08 1.09126e-07 -4.88944e-09
