26 -2.5493e-09 -4.06275e-08 -3.78977e-09
27 -4.47124e-05 -2.01547e-05 -1.93662e-05
28 -3.39723e-05 -1.41352e-05 -1.55783e-05
29 -1.56866e-05 -4.64608e-05 -8.2278e-06
30 -1.60198e-05 -4.47544e-05 -8.26299e-06
31 -1.55125e-05 -4.5816e-05 -8.34531e-06
32 -1.53619e-05 -4.5724e-05 -8.29571e-06
33 -1.53455e-05 -4.57658e-05 -8.29399e-06
34 -1.53274e-05 -4.57936e-05 -8.29126e-06
35 -1.5311e-05 -4.58162e-05 -8.28953e-06
36 -1.52946e-05 -4.5838e-05 -8.28816e-06
37 -1.52795e-05 -4.58563e-05 -8.2869e-06
38 -1.52642e-05 -4.58743e-05 -8.28612e-06
39 -1.52496e-05 -4.58892e-05 -8.28547e-06
40 -1.52364e-05 -4.5904e-05 -8.285e-06
41 -1.5222e-05 -4.59198e-05 -8.28463e-06
42 -1.52084e-05 -4.59316e-05 -8.28445e-06
43 -1.5194e-05 -4.59443e-05 -8.2843e-06
44 -1.51808e-05 -4.59556e-05 -8.28431e-06
45 -1.51673e-05 -4.59669e-05 -8.28437e-06
46 -1.51538e-05 -4.5977e-05 -8.28446e-06
47 -1.51406e-05 -4.59874e-05 -8.28468e-06
48 -1.51275e-05 -4.59974e-05 -8.2849e-06
49 -1.51145e-05 -4.60066e-05 -8.28517e-06
50 -1.51016e-05 -4.60156e-05 -8.28547e-06
51 -1.50885e-05 -4.60246e-05 -8.2858e-06
52 -1.50757e-05 -4.60334e-05 -8.28615e-06
53 -1.50629e-05 -4.60419e-05 -8.28653e-06
54 -1.505e-05 -4.60505e-05 -8.28693e-06
55 -1.50375e-05 -4.60591e-05 -8.28737e-06
56 -1.50248e-05 -4.60676e-05 -8.28782e-06
57 -1.50121e-05 -4.60759e-05 -8.28826e-06
58 -1.49992e-05 -4.60845e-05 -8.28873e-06
59 -1.49861e-05 -4.60932e-05 -8.28916e-06
60 -1.49734e-05 -4.61016e-05 -8.28964e-06
61 -1.49606e-05 -4.61097e-05 -8.29011e-06
62 -1.49477e-05 -4.61182e-05 -8.29058e-06
63 -1.49349e-05 -4.61263e-05 -8.29107e-06
64 -1.49222e-05 -4.61343e-05 -8.29156e-06
65 -1.49094e-05 -4.61423e-05 -8.29205e-06
66 -1.48966e-05 -4.61502e-05 -8.29254e-06
67 -1.48838e-05 -4.61581e-05 -8.29304e-06
68 -1.4871e-05 -4.6166e-05 -8.29354e-06
69 -1.48582e-05 -4.61738e-05 -8.29405e-06
70 -1.48454e-05 -4.61816e-05 -8.29455e-06
71 -1.48326e-05 -4.61894e-05 -8.29506e-06
72 -1.48198e-05 -4.61971e-05 -8.29556e-06
73 -1.48069e-05 -4.62048e-05 -8.29607e-06
74 -1.47941e-05 -4.62126e-05 -8.29659e-06
75 -1.47812e-05 -4.62203e-05 -8.29709e-06
76 -1.47684e-05 -4.62279e-05 -8.2976e-06
77 -1.47555e-05 -4.62356e-05 -8.29811e-06
78 -1.47427e-05 -4.62433e-05 -8.29862e-06
79 -1.47298e-05 -4.62509e-05 -8.29913e-06
80 -1.47169e-05 -4.62585e-05 -8.29964e-06
