26 0.346619 3.26031 -3.01587e-10
27 -9.94139e-06 -4.62452e-06 -4.85306e-09
28 0.00373572 -0.0253921 7.66911e-05
29 4.98972e-08 2.55239e-08 2.01408e-09
30 -5.06234e-08 -1.14984e-08 -1.9345e-09
31 1.42072e-08 1.09046e-08 1.45519e-09
32 -3.59582e-08 -3.83585e-08 -6.53927e-10
33 -3.15167e-08 -4.76587e-09 2.05227e-09
34 1.65874e-08 -3.01611e-09 -1.0823e-09
35 -4.83942e-09 1.43814e-08 -2.33467e-09
36 -4.12078e-08 -3.57957e-08 1.21963e-09
37 3.64253e-10 1.72095e-08 -1.81899e-12
38 -2.05391e-08 -5.07896e-09 -1.96223e-09
39 4.3769e-08 2.67644e-08 4.78349e-09
40 -9.37898e-08 -5.87945e-08 -3.54703e-11
41 -2.0495e-08 -4.45402e-09 -1.90403e-09
42 4.49409e-08 5.03826e-08 9.95897e-11
43 9.13897e-08 2.31288e-08 -1.98543e-09
44 -5.38025e-08 -3.55955e-08 5.01132e-09
45 9.32796e-08 5.44114e-08 -2.78942e-09
46 2.62571e-09 7.09349e-09 2.60025e-09
47 -6.8379e-08 -3.61615e-08 6.60748e-10
48 -2.72971e-08 -4.11477e-08 -1.14414e-09
49 -4.0885e-08 -4.35057e-09 -7.78164e-09
50 -4.14179e-08 -2.13822e-09 3.09592e-09
51 3.37013e-08 2.95245e-10 6.55291e-10
52 1.15238e-07 6.49868e-08 3.70255e-09
53 -3.70419e-08 -6.94581e-09 -1.06502e-09
54 -1.87224e-08 -2.29246e-08 2.88219e-09
55 3.79009e-08 1.98561e-08 -5.57429e-09
56 -9.66675e-08 -5.26704e-08 -8.8221e-10
57 4.69831e-08 3.48266e-08 -1.73395e-09
58 -7.15136e-08 -3.18093e-08 1.01818e-09
59 -4.57435e-08 -2.70093e-08 4.57067e-09
60 4.37694e-09 8.67556e-09 -6.49379e-10
61 -9.99398e-09 -1.70396e-08 -3.34785e-09
62 9.63632e-08 3.66092e-08 5.51154e-09
63 -3.67754e-09 1.44403e-08 -3.70846e-09
64 6.10171e-08 4.94673e-08 -3.56522e-10
65 -6.56792e-08 -6.71915e-08 -2.96859e-09
66 1.29116e-08 1.01901e-08 4.96175e-09
67 -8.32583e-08 -4.44802e-08 3.29237e-10
68 -2.09184e-10 1.05861e-08 -3.7976e-09
69 -2.37246e-08 -2.92347e-08 1.62163e-09
70 -4.85393e-08 -2.03124e-09 -1.46565e-09
71 -5.17657e-08 -3.96938e-08 -1.83263e-09
72 8.2322e-08 3.26431e-08 1.63845e-09
73 3.43039e-08 2.18463e-08 4.22369e-09
74 -1.93536e-08 -1.29023e-08 -1.47111e-09
75 -1.99789e-08 -1.03803e-08 -2.32603e-09
76 -5.42195e-09 1.43677e-09 -3.84762e-09
77 -4.16685e-08 -5.9382e-09 2.65482e-09
78 5.95783e-08 7.51652e-09 -2.23736e-09
79 -3.49751e-08 -1.19479e-08 2.43517e-09
80 9.21036e-08 4.19782e-08 -2.72848e-11
