26 -0.415651 0.089208 -6.12399e-13
27 -9.59244e-06 1.00424e-06 -4.58203e-09
28 -0.000263983 -0.0470659 0.000112198
29 1.26676e-07 1.77612e-08 5.72345e-09
30 2.27342e-08 1.20565e-09 -4.713e-09
31 1.02127e-08 1.02352e-09 -6.89397e-10
32 -3.27464e-08 -5.46652e-09 -1.41245e-09
33 -1.91767e-09 6.90068e-09 2.55841e-09
34 -3.63757e-08 2.04216e-09 -8.26731e-10
35 5.18849e-08 1.30894e-08 1.50249e-09
36 1.93604e-08 -1.15721e-08 -2.28556e-09
37 -6.02495e-08 -2.10272e-08 1.30876e-09
38 -4.823e-08 -1.70812e-08 2.3565e-09
39 1.17097e-08 2.86525e-09 -3.30783e-09
40 8.59654e-09 1.47152e-08 2.62207e-09
41 2.96213e-08 -9.78389e-10 2.50202e-09
42 -2.57573e-08 -5.04338e-09 -2.10366e-09
43 -4.14502e-08 -2.43332e-08 1.17871e-09
44 4.31837e-08 1.82225e-08 -4.66207e-09
45 -2.94585e-08 -2.46499e-08 4.58931e-09
46 2.84426e-08 1.31115e-08 1.02227e-09
47 -7.78132e-08 -2.18132e-08 -4.51109e-09
48 8.6693e-09 -1.27602e-09 7.12316e-09
49 2.31921e-10 6.57269e-09 -3.02498e-09
50 -2.26919e-09 -2.27578e-09 4.40286e-09
51 -2.26978e-08 -1.17416e-08 1.37516e-09
52 -2.81875e-08 -2.46951e-09 2.97405e-10
53 6.13259e-08 7.89146e-09 -1.28239e-09
54 -7.99878e-08 -2.31531e-08 -1.22782e-09
55 -2.13204e-08 -1.78813e-08 -2.04818e-09
56 2.72657e-08 8.87201e-09 -1.51613e-09
57 4.93274e-08 2.14785e-08 9.40418e-10
58 -3.06622e-08 -2.12219e-09 -4.75666e-10
59 2.71357e-08 6.63988e-09 -9.55879e-10
60 -3.1288e-08 -1.63692e-08 3.51974e-10
61 5.01873e-08 1.22793e-08 -4.58385e-10
62 -3.7759e-08 -8.43204e-09 6.00267e-10
63 -4.11255e-08 -6.94524e-09 -7.85803e-10
64 -3.04453e-08 -8.52822e-09 2.93949e-09
65 -3.21488e-08 -2.19936e-08 -5.35692e-10
66 3.67836e-08 1.15972e-09 1.47611e-09
67 -5.31645e-08 -5.27473e-09 -4.00996e-09
68 6.78019e-08 8.78731e-09 2.03727e-10
69 -7.86476e-08 -1.63481e-08 3.72165e-09
70 -7.41479e-08 -3.63726e-08 -4.64752e-10
71 4.86825e-08 2.36178e-08 -5.11136e-10
72 -4.94219e-08 -2.50653e-08 -1.25601e-09
73 7.6725e-09 1.67358e-09 -1.44064e-09
74 -1.10589e-07 -1.46337e-08 4.07272e-09
75 7.48964e-08 1.91835e-08 4.40195e-10
76 2.53171e-08 1.01265e-08 -3.94903e-09
77 -5.34001e-08 -2.39019e-08 -6.27551e-11
78 -1.45242e-08 -8.66214e-09 3.50519e-09
79 -1.50703e-08 1.55944e-08 -1.51249e-09
80 -6.63385e-09 -7.77789e-09 -1.14051e-09
