26 1.06903e-09 1.97258e-08 1.85907e-08
27 -8.67072e-07 0.00019274 6.8805e-05
28 2.63906e-07 0.00015126 5.30315e-05
29 -1.51113e-06 -1.58487e-05 5.73834e-06
30 -1.31794e-06 -1.401e-05 5.71353e-06
31 -9.34778e-07 -1.4934e-05 5.76726e-06
32 -8.81406e-07 -1.499e-05 5.73753e-06
33 -8.6278e-07 -1.50394e-05 5.7357e-06
34 -8.51383e-07 -1.50737e-05 5.73494e-06
35 -8.37383e-07 -1.50999e-05 5.73435e-06
36 -8.24057e-07 -1.51234e-05 5.73449e-06
37 -8.1095e-07 -1.51434e-05 5.73436e-06
38 -7.97413e-07 -1.51611e-05 5.73486e-06
39 -7.83695e-07 -1.51758e-05 5.73511e-06
40 -7.70862e-07 -1.51896e-05 5.73545e-06
41 -7.57514e-07 -1.52033e-05 5.73638e-06
42 -7.43957e-07 -1.52132e-05 5.73698e-06
43 -7.3011e-07 -1.52234e-05 5.73788e-06
44 -7.16637e-07 -1.52321e-05 5.7386e-06
45 -7.02877e-07 -1.52405e-05 5.73946e-06
46 -6.8919e-07 -1.52476e-05 5.74029e-06
47 -6.75467e-07 -1.52546e-05 5.74122e-06
48 -6.61787e-07 -1.52613e-05 5.74212e-06
49 -6.48121e-07 -1.5267e-05 5.74303e-06
50 -6.34452e-07 -1.52725e-05 5.74397e-06
51 -6.20742e-07 -1.52777e-05 5.74498e-06
52 -6.0707e-07 -1.52828e-05 5.7459e-06
53 -5.93405e-07 -1.52875e-05 5.74686e-06
54 -5.7969e-07 -1.52921e-05 5.74789e-06
55 -5.66186e-07 -1.52967e-05 5.7489e-06
56 -5.52569e-07 -1.53012e-05 5.74992e-06
57 -5.38912e-07 -1.53054e-05 5.75095e-06
58 -5.25179e-07 -1.53098e-05 5.75202e-06
59 -5.11446e-07 -1.53145e-05 5.7531e-06
60 -4.97796e-07 -1.53188e-05 5.75411e-06
61 -4.84099e-07 -1.53228e-05 5.75515e-06
62 -4.70419e-07 -1.53272e-05 5.75622e-06
63 -4.56734e-07 -1.53311e-05 5.75725e-06
64 -4.43063e-07 -1.5335e-05 5.75827e-06
65 -4.29369e-07 -1.53389e-05 5.75931e-06
66 -4.15698e-07 -1.53427e-05 5.76033e-06
67 -4.02009e-07 -1.53464e-05 5.76136e-06
68 -3.8833e-07 -1.53502e-05 5.76238e-06
69 -3.74651e-07 -1.53539e-05 5.7634e-06
70 -3.60975e-07 -1.53576e-05 5.76442e-06
71 -3.47287e-07 -1.53613e-05 5.76544e-06
72 -3.3361e-07 -1.5365e-05 5.76646e-06
73 -3.19924e-07 -1.53686e-05 5.76747e-06
74 -3.06232e-07 -1.53723e-05 5.76848e-06
75 -2.92562e-07 -1.5376e-05 5.76949e-06
76 -2.78895e-07 -1.53796e-05 5.77049e-06
77 -2.65218e-07 -1.53832e-05 5.7715e-06
78 -2.51538e-07 -1.53868e-05 5.7725e-06
79 -2.37866e-07 -1.53904e-05 5.7735e-06
80 -2.24201e-07 -1.53941e-05 5.77449e-06
