26 0.69314 -2.57338 -5.39505e-11
27 -1333.1 8203.38 8.60651e-05
28 -0.385739 0.832403 -0.012672
29 0.00125285 -0.000937096 1.51294e-05
30 5.82077e-11 -1.93268e-09 -6.4756e-10
31 -8.73115e-11 6.29257e-08 -9.15406e-10
32 7.27596e-11 -8.60093e-08 3.51065e-10
33 -7.27596e-11 4.22605e-08 -1.57706e-09
34 2.18279e-11 7.02895e-08 -5.44787e-10
35 -3.63798e-11 -2.05205e-08 6.94854e-10
36 -7.27596e-11 7.3359e-08 -6.8394e-10
37 -7.27596e-12 5.35827e-08 -1.09594e-10
38 -3.63798e-11 -3.61007e-08 9.76797e-10
39 2.18279e-11 -4.00229e-08 -1.52886e-09
40 -5.09317e-11 -2.30784e-08 -1.91449e-10
41 -3.63798e-11 5.57737e-08 2.12776e-09
42 -5.09317e-11 -5.34638e-08 -1.61435e-09
43 -5.82077e-11 -6.31944e-08 -8.46285e-10
44 -3.63798e-11 6.72458e-08 1.5375e-09
45 2.91038e-11 -4.34852e-08 1.75987e-09
46 -1.45519e-11 -8.67637e-09 -1.54705e-09
47 8.73115e-11 -3.68294e-08 1.0773e-09
48 8.00355e-11 -3.81058e-08 -2.05364e-09
49 9.45874e-11 -5.95357e-08 4.97494e-10
50 -5.82077e-11 1.53839e-08 5.67979e-10
51 -2.91038e-11 -1.4986e-08 -1.51886e-09
52 -4.36557e-11 -1.7053e-08 -1.58707e-10
53 9.45874e-11 -3.30415e-08 2.29193e-10
54 -4.36557e-11 -3.06954e-09 -1.20599e-09
55 -3.63798e-11 -6.67652e-09 6.69388e-10
56 1.09139e-10 -5.2885e-08 -4.69754e-10
57 8.00355e-11 -2.58328e-08 8.99036e-10
58 -5.82077e-11 1.56061e-08 2.35559e-10
59 8.73115e-11 8.00459e-09 -3.19233e-10
60 -8.73115e-11 -6.74163e-08 9.98625e-10
61 -5.82077e-11 5.59908e-08 -1.22782e-11
62 1.09139e-10 2.57604e-08 -8.68567e-11
63 8.00355e-11 2.84682e-08 -9.32232e-11
64 8.73115e-11 -6.21867e-08 -5.02041e-10
65 2.03727e-10 4.19815e-08 1.4752e-09
66 9.45874e-11 5.29574e-08 -2.21462e-10
67 -3.63798e-11 -4.8167e-08 9.33596e-10
68 -4.36557e-11 -8.8624e-09 -1.19553e-09
69 -8.73115e-11 8.16116e-08 -1.36652e-09
70 -1.96451e-10 8.41283e-09 1.84082e-09
71 -7.27596e-11 2.52902e-08 -5.60249e-10
72 -1.89175e-10 1.44899e-08 5.69344e-10
73 1.16415e-10 -1.48723e-08 -1.74623e-09
74 -3.63798e-11 4.95985e-08 4.62023e-10
75 -6.54836e-11 -4.85184e-08 -7.26686e-10
76 -3.63798e-11 -4.13407e-08 3.88354e-10
77 1.16415e-10 4.02916e-08 -7.23048e-10
78 2.18279e-10 -5.24923e-08 1.21327e-09
79 8.00355e-11 -1.39473e-08 4.22915e-10
80 -3.0559e-10 -7.29146e-09 -1.8872e-09
