26 1.93297e-09 -4.53804e-08 -1.10253e-09
27 -8.38012e-06 -6.09673e-05 -1.61522e-05
28 -4.67808e-06 -4.70738e-05 -1.31318e-05
29 -3.5937e-07 -6.36429e-05 -6.71473e-06
30 -5.53044e-07 -6.21095e-05 -6.81932e-06
31 7.27417e-08 -6.32944e-05 -6.84426e-06
32 1.30392e-07 -6.30986e-05 -6.8054e-06
33 1.44426e-07 -6.31379e-05 -6.8047e-06
34 1.56931e-07 -6.31593e-05 -6.80193e-06
35 1.70072e-07 -6.31783e-05 -6.80046e-06
36 1.83593e-07 -6.31967e-05 -6.79891e-06
37 1.96216e-07 -6.32122e-05 -6.7977e-06
38 2.09693e-07 -6.32281e-05 -6.79668e-06
39 2.23011e-07 -6.32415e-05 -6.79596e-06
40 2.35181e-07 -6.32552e-05 -6.79544e-06
41 2.48532e-07 -6.32697e-05 -6.79466e-06
42 2.61671e-07 -6.32808e-05 -6.79432e-06
43 2.75514e-07 -6.32928e-05 -6.7938e-06
44 2.88543e-07 -6.3304e-05 -6.79363e-06
45 3.01992e-07 -6.33151e-05 -6.79341e-06
46 3.15418e-07 -6.33251e-05 -6.79325e-06
47 3.2888e-07 -6.33357e-05 -6.79319e-06
48 3.42269e-07 -6.3346e-05 -6.79314e-06
49 3.55564e-07 -6.33554e-05 -6.79315e-06
50 3.68918e-07 -6.33649e-05 -6.79317e-06
51 3.82402e-07 -6.33743e-05 -6.79319e-06
52 3.95745e-07 -6.33836e-05 -6.79328e-06
53 4.09071e-07 -6.33927e-05 -6.79339e-06
54 4.22571e-07 -6.34019e-05 -6.79348e-06
55 4.3576e-07 -6.34112e-05 -6.79363e-06
56 4.49091e-07 -6.34205e-05 -6.79379e-06
57 4.62507e-07 -6.34294e-05 -6.79392e-06
58 4.76096e-07 -6.34387e-05 -6.79407e-06
59 4.89747e-07 -6.34481e-05 -6.79414e-06
60 5.03192e-07 -6.34572e-05 -6.79433e-06
61 5.16699e-07 -6.34661e-05 -6.79449e-06
62 5.30293e-07 -6.34753e-05 -6.79462e-06
63 5.43813e-07 -6.34842e-05 -6.7948e-06
64 5.57317e-07 -6.3493e-05 -6.79499e-06
65 5.70857e-07 -6.35018e-05 -6.79517e-06
66 5.84399e-07 -6.35105e-05 -6.79536e-06
67 5.97965e-07 -6.35192e-05 -6.79556e-06
68 6.11525e-07 -6.35278e-05 -6.79575e-06
69 6.25095e-07 -6.35365e-05 -6.79595e-06
70 6.38674e-07 -6.35451e-05 -6.79614e-06
71 6.5228e-07 -6.35537e-05 -6.79635e-06
72 6.65879e-07 -6.35623e-05 -6.79655e-06
73 6.795e-07 -6.35709e-05 -6.79675e-06
74 6.93147e-07 -6.35794e-05 -6.79696e-06
75 7.06768e-07 -6.3588e-05 -6.79716e-06
76 7.20396e-07 -6.35965e-05 -6.79736e-06
77 7.34047e-07 -6.3605e-05 -6.79757e-06
78 7.47714e-07 -6.36135e-05 -6.79778e-06
79 7.61372e-07 -6.36219e-05 -6.79798e-06
80 7.75037e-07 -6.36304e-05 -6.79819e-06
