26 -0.00736517 -0.0275305 -4.56096e-12
27 -4.85399e-07 5.75335e-07 -6.29552e-09
28 0.0044878 -0.00667345 8.71174e-06
29 9.90758e-09 -7.17178e-08 7.78573e-09
30 4.82532e-09 -7.3321e-08 -8.2191e-09
31 -1.24505e-08 1.11169e-07 -1.02864e-08
32 1.70194e-08 -1.86093e-07 7.56108e-09
33 2.26919e-09 -1.16503e-08 3.3242e-10
34 -2.32985e-08 2.53888e-07 2.462e-09
35 1.83377e-08 -2.04261e-07 5.69071e-09
36 1.53182e-08 -1.45395e-07 9.13633e-09
37 -1.3245e-08 1.26071e-07 -1.23578e-08
38 8.64384e-09 -9.70085e-08 -3.62525e-09
39 -1.70267e-08 1.61027e-07 -4.75711e-09
40 6.59838e-09 -5.27544e-08 2.26555e-09
41 6.31644e-10 -1.79853e-08 -6.17183e-09
42 4.80168e-09 -3.93832e-08 6.34964e-09
43 -1.29016e-08 1.12924e-07 -1.64164e-08
44 -1.03605e-08 1.41196e-07 5.62068e-09
45 4.53292e-09 -3.07305e-08 2.7394e-09
46 -1.42177e-08 1.82435e-07 4.39377e-09
47 2.3183e-09 -8.93269e-08 -1.93236e-08
48 4.56203e-09 2.63499e-08 1.62645e-08
49 -2.12713e-08 2.07491e-07 -7.67204e-09
50 1.14032e-08 -8.86216e-08 1.33045e-08
51 -4.65434e-09 4.34949e-08 3.09228e-10
52 5.44833e-09 -8.50566e-08 -5.20004e-09
53 -3.31374e-09 2.73366e-08 -1.34878e-09
54 -8.4724e-09 1.09699e-07 7.93125e-09
55 -8.86575e-09 9.26529e-08 -1.06356e-08
56 1.6712e-08 -1.69863e-07 7.57973e-09
57 -1.43937e-08 1.57964e-07 -1.16052e-09
58 -1.61026e-09 -1.80624e-08 -1.24874e-08
59 8.64793e-09 -5.44812e-08 4.39741e-09
60 -1.95087e-08 2.10874e-07 -1.81899e-12
61 -6.5379e-09 8.0557e-08 -1.16688e-09
62 9.31686e-09 -9.89959e-08 5.728e-09
63 -9.59062e-10 1.33444e-08 -1.81399e-09
64 2.06774e-09 -2.70684e-08 5.9481e-10
65 -9.94078e-10 -2.08549e-08 -7.87031e-09
66 2.1183e-08 -2.44786e-07 1.07957e-09
67 -2.90979e-08 3.62524e-07 9.15406e-09
68 1.19776e-08 -1.52446e-07 -4.69981e-09
69 2.2028e-08 -2.37349e-07 4.03816e-10
70 -2.07156e-08 2.47051e-07 2.91038e-10
71 4.23552e-09 -4.03565e-08 -2.65618e-09
72 -2.19707e-08 2.3432e-07 -4.78531e-09
73 6.93535e-09 -6.4768e-08 1.71804e-09
74 -9.89348e-09 9.76744e-08 1.57343e-10
75 8.32279e-09 -1.04446e-07 -2.44654e-09
76 -1.52795e-09 5.51691e-09 -5.64614e-09
77 -2.07906e-08 2.28369e-07 6.32463e-09
78 5.28007e-09 -2.61873e-08 1.02218e-08
79 2.52276e-08 -2.49762e-07 5.34465e-09
80 9.19135e-09 -1.42279e-07 -8.84347e-09
