26 -0.911425 -4.89328 2.28346e-11
27 -5.31321e-05 -9.69177e-05 4.98725e-06
28 0.0787297 0.0490448 -5.8058e-05
29 -9.48535e-06 -1.41135e-05 -1.60662e-07
30 -1.45519e-11 2.24781e-09 2.16914e-10
31 1.60071e-10 -2.81138e-08 1.7003e-09
32 -1.45519e-11 1.30581e-08 -3.50565e-09
33 0 -1.03527e-08 4.36103e-09
34 1.38243e-10 -9.3972e-09 -2.7012e-10
35 2.91038e-11 5.11155e-09 -8.44466e-10
36 -1.52795e-10 2.94578e-08 1.70076e-10
37 1.60071e-10 -2.06249e-08 -2.29375e-09
38 -1.23691e-10 6.02968e-09 1.08184e-09
39 -1.09139e-10 7.43133e-09 9.31323e-10
40 7.27596e-12 3.24651e-09 -1.21327e-09
41 -7.27596e-12 1.82758e-09 1.03455e-09
42 1.45519e-11 -2.88107e-09 -1.68302e-09
43 -1.38243e-10 -3.37089e-08 -1.97815e-09
44 -1.38243e-10 2.79176e-09 1.03091e-09
45 1.74623e-10 -9.84372e-10 -1.60162e-09
46 0 4.15024e-09 1.03228e-09
47 -1.52795e-10 -1.40569e-08 2.6921e-10
48 -3.20142e-10 6.05558e-09 -2.19688e-09
49 1.52795e-10 1.83334e-09 8.85393e-10
50 0 -1.92088e-08 2.21644e-09
51 -1.38243e-10 7.90335e-09 -1.97315e-09
52 1.38243e-10 2.66458e-08 2.18279e-10
53 4.51109e-10 -2.90693e-08 2.20098e-10
54 1.67347e-10 1.30696e-08 7.36236e-10
55 1.52795e-10 -7.03712e-09 -1.38107e-09
56 1.45519e-10 4.18766e-09 -7.68523e-11
57 -1.38243e-10 -1.03758e-08 4.89308e-10
58 1.67347e-10 1.5919e-08 8.84938e-10
59 1.60071e-10 5.5778e-09 8.34916e-10
60 -1.38243e-10 -1.08017e-08 -2.59024e-09
61 -1.81899e-10 -7.98115e-09 1.70076e-10
62 1.52795e-10 4.6165e-09 1.37652e-09
63 -1.45519e-10 1.0203e-08 -1.11686e-09
64 -1.45519e-10 -4.63382e-08 -2.44654e-09
65 -1.52795e-10 1.30898e-08 3.0318e-09
66 -1.30967e-10 2.75928e-08 -8.15362e-10
67 -1.60071e-10 -8.93094e-09 -1.46883e-10
68 -4.1473e-10 2.76873e-09 -1.28239e-09
69 -1.45519e-10 6.50745e-09 6.35282e-10
70 -1.23691e-10 -1.64112e-08 1.05319e-09
71 -1.81899e-10 3.21772e-09 1.20053e-10
72 1.23691e-10 8.69154e-10 -2.97405e-10
73 -1.38243e-10 6.97658e-09 5.89353e-10
74 1.45519e-10 8.37536e-09 -1.82399e-09
75 1.52795e-10 -1.59766e-08 1.35151e-09
76 -4.51109e-10 2.47578e-08 1.81808e-09
77 1.74623e-10 7.44284e-09 -1.76897e-10
78 -1.52795e-10 1.30437e-08 -2.41744e-09
79 1.30967e-10 -1.26783e-08 -3.74257e-10
80 -1.67347e-10 1.81812e-08 1.18416e-09
