26 0.460087 0.0643128 1.96271e-11
27 1.26532e-05 -3.30361e-05 -2.93767e-08
28 -0.000963422 -0.0580448 -9.47823e-05
29 1.7561e-08 2.00796e-08 6.08816e-09
30 -5.58653e-08 1.37643e-08 -2.12094e-09
31 5.60367e-08 -1.67092e-08 1.79625e-09
32 -6.43281e-08 1.89269e-08 -1.62981e-09
33 6.3897e-08 -2.09528e-08 -6.00267e-11
34 -5.9526e-08 2.53874e-09 -1.16961e-09
35 -2.01135e-09 1.52659e-09 2.65391e-09
36 -9.33323e-09 9.1577e-09 4.98403e-10
37 -2.07219e-08 -4.53122e-09 -1.02864e-09
38 -3.19578e-08 2.37723e-08 -2.26464e-10
39 9.76024e-09 -5.27689e-09 7.5579e-10
40 -1.17825e-08 -2.69029e-09 5.43878e-10
41 5.20868e-09 6.70093e-09 8.80391e-10
42 1.82658e-08 -6.4482e-09 -3.80714e-09
43 6.99374e-08 -1.52883e-08 5.38421e-10
44 1.16615e-08 -7.2464e-09 -1.49248e-09
45 1.54901e-08 -1.18223e-09 -2.60115e-10
46 -5.46743e-09 8.03766e-11 3.28328e-10
47 -1.22241e-08 4.09727e-09 3.4288e-09
48 6.26183e-08 -6.6749e-09 -1.99998e-09
49 -2.12672e-08 5.35158e-09 -2.58296e-10
50 -4.02852e-08 1.3679e-08 -1.58707e-09
51 6.53472e-09 7.12248e-10 8.2764e-10
52 3.26586e-08 -1.33635e-08 3.14139e-09
53 1.62577e-08 -1.04558e-08 2.68301e-10
54 -5.15593e-09 5.94241e-10 -1.39789e-09
55 -3.81683e-08 1.09828e-08 1.27693e-09
56 2.27742e-08 1.08804e-08 2.60206e-09
57 -1.09744e-08 4.97198e-09 6.45741e-10
58 -4.54202e-09 4.2686e-09 -1.48339e-09
59 2.19466e-08 -1.06057e-08 2.70757e-09
60 -1.97047e-08 1.98457e-08 -1.13232e-09
61 6.21185e-10 2.83467e-09 1.8008e-10
62 1.42377e-08 -9.99364e-09 -9.31323e-10
63 2.23017e-08 -8.40635e-09 7.98536e-10
64 -4.13047e-09 1.49603e-08 -4.91127e-10
65 -1.74205e-08 1.92442e-08 8.08541e-10
66 2.15255e-08 7.68068e-10 -8.53106e-10
67 4.14398e-08 -1.08446e-08 4.52928e-10
68 3.52206e-08 -9.08699e-09 -1.52431e-09
69 -1.4209e-08 6.54268e-10 1.39698e-09
70 -3.39005e-08 1.00111e-08 -1.2551e-10
71 3.23853e-08 -1.75111e-08 -1.98361e-09
72 1.93445e-08 8.3943e-09 4.15639e-09
73 4.95934e-08 -2.38697e-08 -1.22873e-09
74 3.58677e-08 -8.30823e-10 1.33878e-09
75 -2.20425e-08 5.16241e-09 -1.09321e-09
76 -1.14924e-08 -2.48542e-09 6.26642e-10
77 -3.31711e-08 1.27244e-08 -1.30058e-09
78 -3.23985e-08 -3.03953e-09 -7.31234e-10
79 8.27549e-09 2.61912e-09 5.2114e-10
80 -3.43234e-08 6.57451e-10 4.12729e-09
