26 0.789007 1.4353 -4.967e-10
27 -0.000928803 0.000100356 -4.00072e-07
28 -0.283142 0.0526567 8.83153e-06
29 0.000158634 -8.02452e-05 2.85957e-07
30 -2.91038e-10 1.76315e-08 -4.53838e-10
31 3.63798e-11 2.08867e-08 -1.04183e-09
32 1.81899e-10 -2.40124e-08 1.05183e-09
33 -1.09139e-10 2.14336e-08 1.17143e-09
34 2.18279e-11 -6.67442e-09 1.5657e-09
35 3.63798e-11 -2.96536e-08 2.82853e-10
36 -1.23691e-10 -1.27876e-08 -9.68612e-10
37 3.63798e-11 1.15443e-08 2.13231e-09
38 6.54836e-11 -1.04621e-08 -1.16552e-09
39 1.74623e-10 7.30474e-09 1.56888e-09
40 2.91038e-11 -2.53939e-08 -1.39016e-09
41 2.91038e-11 2.97946e-08 5.80258e-10
42 1.81899e-10 -2.07543e-08 1.39289e-09
43 2.03727e-10 -7.65299e-09 -3.41061e-11
44 2.18279e-11 1.20105e-08 -2.55568e-10
45 -9.45874e-11 2.09213e-08 -3.68345e-11
46 -1.16415e-10 -1.65321e-08 1.66347e-09
47 5.09317e-11 9.70511e-09 -8.4674e-10
48 -2.83762e-10 3.19474e-10 5.81622e-10
49 -2.18279e-11 1.06635e-08 7.30779e-10
50 0 -2.63264e-08 -1.06957e-09
51 1.60071e-10 8.08758e-10 8.04903e-10
52 2.91038e-11 1.859e-08 -3.54703e-10
53 -9.45874e-11 -7.62709e-09 5.5752e-10
54 2.18279e-11 -1.08938e-08 6.41194e-11
55 1.45519e-11 3.03011e-08 -1.0923e-09
56 -1.01863e-10 -3.38614e-08 2.3806e-09
57 -2.61934e-10 1.29862e-08 -6.02085e-10
58 -7.27596e-11 7.86022e-09 -5.0386e-10
59 0 -3.10034e-08 1.44473e-09
60 1.89175e-10 1.10607e-08 -7.98536e-10
61 -1.09139e-10 -1.6037e-08 3.07364e-09
62 5.82077e-11 -1.79165e-08 -1.10958e-10
63 5.09317e-11 1.76747e-08 6.73026e-11
64 -1.16415e-10 -9.96415e-09 -5.52973e-10
65 -1.30967e-10 4.99531e-08 -1.33696e-10
66 2.18279e-11 -9.94688e-09 7.32143e-10
67 4.36557e-11 -3.28943e-08 1.62026e-09
68 -9.45874e-11 -6.23407e-09 -2.33103e-09
69 1.45519e-11 -1.57147e-09 -8.4583e-11
70 2.18279e-11 2.09558e-08 2.36469e-10
71 1.30967e-10 -3.90277e-09 -4.26553e-10
72 2.03727e-10 -2.21473e-08 6.05269e-10
73 -1.30967e-10 -1.69667e-08 -8.24457e-10
74 2.91038e-11 2.97917e-08 1.91449e-09
75 7.27596e-12 -2.45218e-08 -1.04683e-09
76 1.96451e-10 3.16913e-08 1.09731e-09
77 -1.38243e-10 -1.65292e-08 -3.31966e-11
78 -1.30967e-10 5.47136e-09 3.08773e-10
79 1.96451e-10 9.71663e-09 -1.26875e-09
80 -1.16415e-10 -3.62186e-08 1.34514e-09
