26 1.04866e-09 3.25331e-08 3.78786e-10
27 -1.44908e-07 0.0002727 -1.97353e-06
28 1.03284e-06 0.000211478 -4.46361e-06
29 -5.36337e-07 -9.72207e-06 3.45294e-08
30 -3.47461e-07 -8.0032e-06 -4.56742e-08
31 3.46534e-08 -8.80345e-06 1.17087e-08
32 8.80648e-08 -8.89646e-06 6.68575e-09
33 1.0649e-07 -8.9485e-06 6.09885e-09
34 1.17711e-07 -8.98274e-06 6.8457e-09
35 1.3158e-07 -9.00949e-06 6.9321e-09
36 1.44793e-07 -9.03203e-06 7.63445e-09
37 1.57788e-07 -9.05189e-06 7.93125e-09
38 1.71239e-07 -9.06824e-06 8.60181e-09
39 1.84867e-07 -9.08234e-06 8.9035e-09
40 1.97632e-07 -9.09562e-06 9.13234e-09
41 2.10923e-07 -9.10736e-06 9.98249e-09
42 2.24407e-07 -9.11622e-06 1.03271e-08
43 2.38192e-07 -9.12466e-06 1.10206e-08
44 2.51608e-07 -9.13229e-06 1.13558e-08
45 2.65316e-07 -9.13924e-06 1.18212e-08
46 2.78945e-07 -9.14503e-06 1.22496e-08
47 2.92621e-07 -9.15057e-06 1.26841e-08
48 3.06254e-07 -9.15583e-06 1.30921e-08
49 3.1987e-07 -9.1601e-06 1.34695e-08
50 3.33493e-07 -9.16414e-06 1.38712e-08
51 3.47157e-07 -9.1678e-06 1.43259e-08
52 3.60785e-07 -9.17153e-06 1.46648e-08
53 3.74407e-07 -9.17481e-06 1.50336e-08
54 3.88081e-07 -9.17793e-06 1.54599e-08
55 4.01549e-07 -9.18098e-06 1.58343e-08
56 4.15129e-07 -9.18397e-06 1.62099e-08
57 4.28748e-07 -9.18665e-06 1.66227e-08
58 4.42444e-07 -9.18944e-06 1.70513e-08
59 4.56142e-07 -9.19244e-06 1.75378e-08
60 4.69758e-07 -9.19526e-06 1.79006e-08
61 4.83418e-07 -9.19773e-06 1.83051e-08
62 4.97064e-07 -9.20047e-06 1.8749e-08
63 5.10714e-07 -9.20289e-06 1.91331e-08
64 5.2435e-07 -9.2053e-06 1.95081e-08
65 5.3801e-07 -9.20762e-06 1.98954e-08
66 5.51646e-07 -9.20993e-06 2.02776e-08
67 5.653e-07 -9.2122e-06 2.06546e-08
68 5.78945e-07 -9.21443e-06 2.10332e-08
69 5.92591e-07 -9.21665e-06 2.14074e-08
70 6.06233e-07 -9.21886e-06 2.17829e-08
71 6.19888e-07 -9.22106e-06 2.21557e-08
72 6.33531e-07 -9.22324e-06 2.25292e-08
73 6.47184e-07 -9.22543e-06 2.28959e-08
74 6.60844e-07 -9.22761e-06 2.3265e-08
75 6.74482e-07 -9.22977e-06 2.36354e-08
76 6.88116e-07 -9.23192e-06 2.40007e-08
77 7.01761e-07 -9.23408e-06 2.43663e-08
78 7.15409e-07 -9.23624e-06 2.47306e-08
79 7.29049e-07 -9.23839e-06 2.50963e-08
80 7.42683e-07 -9.24054e-06 2.54591e-08
