26 -3.06429 -0.118837 -7.19804e-09
27 30911.7 -2.16274 2.12413e-05
28 30638.6 -692.959 -0.0506013
29 28190.9 -115.758 0.0134871
30 28413.7 256.097 0.00020688
31 28426.3 292.158 0.000129398
32 28422.2 298.436 0.000118068
33 28425.3 316.365 4.41651e-09
34 28425.3 328.318 -4.72937e-11
35 28426 340.19 -2.50111e-10
36 28426.7 351.439 9.8903e-08
37 28427.5 362.167 -5.56611e-10
38 28428.4 372.558 6.93035e-10
39 28429.3 382.533 1.26138e-08
40 28430.5 392.274 -8.62201e-10
41 28431.6 401.703 2.874e-10
42 28432.6 410.724 7.45786e-11
43 28433.6 419.491 -1.2069e-09
44 28434.7 428.053 6.27297e-08
45 28435.9 436.396 -7.14863e-10
46 28436.9 444.431 1.02045e-09
47 28438.1 452.335 1.83354e-09
48 28439.2 460.008 -3.75621e-10
49 28440.3 467.422 -7.61247e-10
50 28441.4 474.647 9.70185e-08
51 28442.5 481.667 8.7035e-08
52 28443.6 488.544 5.63887e-11
53 28444.7 495.22 2.3465e-10
54 28445.8 501.657 -2.26464e-10
55 28446.9 508.012 2.05182e-09
56 28448 514.2 -9.50422e-10
57 28449.1 520.198 8.96762e-08
58 28450.2 526.063 -2.26464e-10
59 28451.2 531.771 6.96582e-08
60 28452.3 537.343 -1.06866e-09
61 28453.3 542.706 8.90395e-10
62 28454.4 548.014 -3.72402e-08
63 28455.4 553.119 -2.92857e-10
64 28456.4 558.104 1.05047e-09
65 28457.4 562.931 -7.18501e-11
66 28458.4 567.646 4.64508e-07
67 28459.4 572.229 7.18501e-10
68 28460.3 576.679 -2.41926e-10
69 28461.3 581.011 1.91903e-10
70 28462.2 585.221 3.82897e-10
71 28463.1 589.312 8.23975e-08
72 28464 593.288 -1.0732e-10
73 28464.9 597.151 -6.09361e-11
74 28465.8 600.903 7.57609e-10
75 28466.7 604.545 8.34007e-10
76 28467.6 608.081 4.63842e-11
77 28468.4 611.512 2.39556e-07
78 28469.3 614.841 1.45246e-09
79 28470.1 618.069 5.72982e-11
80 28470.9 621.199 4.05635e-10
