26 -0.49009 -0.791899 2.57925e-10
27 -4.71856e-06 -2.75256e-05 -5.41704e-08
28 -0.00135841 -0.00465392 -9.23239e-06
29 2.10806e-06 1.47568e-06 2.57974e-08
30 -1.71647e-07 1.39754e-07 -5.2637e-11
31 -4.97248e-08 3.46138e-08 2.07046e-09
32 -5.10495e-08 6.03113e-08 1.09173e-09
33 3.24617e-08 -3.77599e-08 -1.12509e-08
34 -4.2633e-08 3.89934e-08 1.12607e-08
35 1.49953e-07 -1.19983e-07 -3.19824e-09
36 -1.19098e-07 1.05611e-07 2.58319e-09
37 -2.76805e-09 7.60292e-09 3.26384e-09
38 -2.56696e-08 3.42093e-08 1.04228e-09
39 -1.11192e-07 7.92941e-08 -9.18931e-10
40 -1.1587e-08 1.47591e-08 2.14516e-09
41 1.8917e-08 -1.17307e-08 8.66771e-09
42 1.09368e-07 -9.69246e-08 -1.02153e-08
43 -4.86507e-08 5.1017e-08 -1.56751e-09
44 1.17211e-08 -3.27009e-08 -6.32667e-10
45 -1.16086e-07 1.18439e-07 5.25904e-09
46 1.2409e-07 -1.05837e-07 -4.95027e-09
47 -7.4981e-08 4.51803e-08 6.61714e-09
48 -1.49895e-07 1.3384e-07 -4.36012e-09
49 1.32955e-07 -9.75072e-08 2.94574e-09
50 9.41191e-09 -2.65443e-08 -1.35128e-09
51 -3.85189e-08 3.93889e-08 5.39535e-09
52 -7.19838e-08 5.9387e-08 -1.37027e-09
53 8.90032e-09 1.26765e-08 4.17435e-09
54 1.85121e-07 -1.63593e-07 -7.95103e-09
55 -1.1769e-07 1.13858e-07 4.20414e-10
56 1.26037e-07 -1.15815e-07 -2.43051e-09
57 -1.09117e-07 1.03585e-07 2.2801e-09
58 1.6626e-07 -1.51537e-07 -5.99186e-09
59 -1.0564e-07 8.00651e-08 3.83488e-09
60 2.34188e-07 -2.08879e-07 -2.75463e-10
61 -1.41852e-07 1.21576e-07 -2.17824e-09
62 -5.95032e-08 4.56873e-08 6.19343e-09
63 1.22063e-08 6.18252e-09 -1.18191e-08
64 2.78465e-08 -3.25961e-08 3.16118e-09
65 3.74225e-08 -4.74381e-08 -3.44903e-09
66 -1.63553e-07 1.41792e-07 4.03554e-09
67 1.16959e-07 -8.66255e-08 -6.22106e-09
68 -9.41468e-08 9.61443e-08 1.09948e-08
69 3.76904e-08 -4.44697e-08 -3.69948e-09
70 -5.36438e-08 6.13006e-08 -5.71811e-09
71 -3.9312e-08 3.93322e-08 1.34187e-08
72 2.2371e-07 -2.11472e-07 -7.53505e-09
73 -1.41498e-07 1.26599e-07 -3.75167e-10
74 6.43313e-08 -6.48499e-08 2.09866e-10
75 -1.67233e-07 1.7054e-07 3.51224e-09
76 8.89363e-08 -8.44457e-08 3.889e-09
77 -4.9075e-08 4.76794e-08 -1.98179e-09
78 -1.8832e-08 7.83984e-10 3.09001e-10
79 1.17628e-07 -8.82612e-08 -2.32149e-09
80 -3.77659e-08 1.895e-08 3.13514e-09
