26 -0.0439195 -0.047103 3.45302e-12
27 5.15281e-06 -9.75776e-06 1.51986e-08
28 -0.00801077 0.00481171 -1.94675e-05
29 2.86032e-08 9.74153e-08 2.251e-09
30 -2.82116e-08 -5.20804e-08 5.6707e-10
31 7.23776e-09 1.8028e-08 -2.67505e-09
32 -8.54016e-10 -1.09703e-08 -4.0427e-09
33 -1.03537e-08 -1.35408e-08 -4.15184e-10
34 -1.24251e-08 1.91312e-09 6.0943e-09
35 4.43083e-08 6.62549e-08 -8.08268e-09
36 2.46978e-08 3.19835e-08 4.02952e-09
37 -4.11728e-08 -6.04452e-08 -4.21164e-09
38 7.81529e-09 5.14024e-09 4.47608e-09
39 3.29132e-08 7.63982e-08 -1.10197e-08
40 3.77922e-08 5.12537e-08 6.58156e-09
41 -1.38771e-08 -3.3381e-08 -3.16572e-09
42 2.87159e-08 3.63964e-08 1.1496e-09
43 -9.41441e-08 -1.29519e-07 -4.2769e-10
44 2.28733e-08 3.24287e-08 -2.75804e-10
45 6.68388e-08 7.07066e-08 3.68823e-09
46 -1.18518e-07 -1.43643e-07 -4.75575e-09
47 3.39483e-08 3.58996e-08 -4.08977e-09
48 2.00753e-08 4.07604e-08 5.33942e-09
49 7.87072e-08 1.18778e-07 -2.25464e-09
50 -1.44912e-07 -2.06473e-07 2.05137e-09
51 4.04029e-08 3.51574e-08 -6.75254e-09
52 -1.16133e-08 -3.0509e-08 2.75259e-09
53 -1.11108e-08 -1.16984e-08 2.18051e-09
54 -1.84264e-08 -3.66908e-08 -4.6532e-09
55 1.44187e-08 1.00019e-08 2.23713e-09
56 -2.27265e-08 -1.07282e-08 -7.05541e-10
57 -7.58882e-08 -1.23774e-07 9.49967e-10
58 1.03831e-07 1.2367e-07 3.00133e-10
59 -1.00885e-07 -1.15918e-07 1.36788e-09
60 4.19441e-08 4.21182e-08 1.38425e-09
61 3.48377e-08 6.33752e-08 -3.80078e-09
62 -2.3168e-08 -2.11182e-08 6.81052e-09
63 -1.04583e-08 -2.70313e-08 -2.13254e-09
64 -1.5084e-08 8.70841e-11 1.33218e-09
65 -2.10985e-08 -5.34567e-08 -2.52726e-09
66 -9.79117e-09 -4.73437e-09 8.8678e-09
67 4.705e-08 7.42198e-08 -3.30692e-09
68 -8.72069e-09 -3.26077e-08 1.90994e-09
69 -2.90743e-08 -5.32282e-08 -5.70731e-09
70 -2.91543e-08 -2.59436e-08 1.42836e-09
71 6.87533e-09 -7.06223e-09 1.76965e-09
72 -1.57411e-08 3.04453e-10 3.09819e-09
73 -2.83976e-08 -6.61332e-08 -1.231e-08
74 6.67906e-08 1.04819e-07 1.53568e-09
75 -1.07093e-08 -2.96523e-08 1.21099e-09
76 -2.85681e-08 -1.99379e-08 -5.39558e-09
77 2.17678e-08 -5.723e-10 1.05683e-09
78 -6.72858e-08 -8.72258e-08 3.23485e-09
79 -8.08741e-08 -1.23604e-07 4.58931e-09
80 9.28558e-08 1.43106e-07 -4.00178e-11
