26 3.35746e-09 -4.65518e-08 2.34035e-09
27 2.69905e-05 -3.37087e-05 2.02874e-05
28 2.29345e-05 -2.75578e-05 1.58193e-05
29 1.44846e-05 -5.14646e-05 8.27088e-06
30 1.43467e-05 -5.022e-05 8.31769e-06
31 1.51598e-05 -5.09937e-05 8.40211e-06
32 1.51119e-05 -5.0919e-05 8.34571e-06
33 1.51239e-05 -5.09611e-05 8.34462e-06
34 1.5132e-05 -5.09831e-05 8.34215e-06
35 1.51424e-05 -5.10037e-05 8.34063e-06
36 1.51543e-05 -5.10204e-05 8.33971e-06
37 1.51652e-05 -5.10358e-05 8.33876e-06
38 1.51782e-05 -5.10493e-05 8.33846e-06
39 1.51908e-05 -5.10618e-05 8.33811e-06
40 1.52027e-05 -5.10744e-05 8.33795e-06
41 1.52165e-05 -5.1085e-05 8.3382e-06
42 1.52299e-05 -5.10943e-05 8.33836e-06
43 1.52444e-05 -5.11027e-05 8.33872e-06
44 1.52581e-05 -5.11117e-05 8.33908e-06
45 1.52724e-05 -5.11201e-05 8.33955e-06
46 1.52867e-05 -5.11274e-05 8.34003e-06
47 1.53012e-05 -5.11351e-05 8.34063e-06
48 1.53157e-05 -5.11426e-05 8.34122e-06
49 1.53301e-05 -5.11494e-05 8.34186e-06
50 1.53447e-05 -5.1156e-05 8.34253e-06
51 1.53595e-05 -5.11623e-05 8.34325e-06
52 1.53741e-05 -5.11689e-05 8.34394e-06
53 1.53887e-05 -5.11752e-05 8.34467e-06
54 1.54036e-05 -5.11814e-05 8.34545e-06
55 1.54182e-05 -5.11877e-05 8.34625e-06
56 1.5433e-05 -5.1194e-05 8.34705e-06
57 1.54479e-05 -5.11999e-05 8.34786e-06
58 1.5463e-05 -5.1206e-05 8.34869e-06
59 1.54781e-05 -5.1212e-05 8.34951e-06
60 1.5493e-05 -5.12183e-05 8.35031e-06
61 1.5508e-05 -5.12241e-05 8.35113e-06
62 1.55231e-05 -5.12301e-05 8.35197e-06
63 1.55382e-05 -5.1236e-05 8.35279e-06
64 1.55531e-05 -5.12419e-05 8.35361e-06
65 1.55682e-05 -5.12477e-05 8.35443e-06
66 1.55832e-05 -5.12534e-05 8.35525e-06
67 1.55983e-05 -5.12592e-05 8.35607e-06
68 1.56133e-05 -5.12649e-05 8.35689e-06
69 1.56284e-05 -5.12707e-05 8.35771e-06
70 1.56434e-05 -5.12764e-05 8.35852e-06
71 1.56585e-05 -5.12821e-05 8.35934e-06
72 1.56736e-05 -5.12878e-05 8.36015e-06
73 1.56887e-05 -5.12935e-05 8.36096e-06
74 1.57038e-05 -5.12992e-05 8.36177e-06
75 1.57189e-05 -5.13049e-05 8.36257e-06
76 1.5734e-05 -5.13105e-05 8.36338e-06
77 1.57491e-05 -5.13162e-05 8.36418e-06
78 1.57642e-05 -5.13219e-05 8.36498e-06
79 1.57793e-05 -5.13275e-05 8.36577e-06
80 1.57944e-05 -5.13332e-05 8.36656e-06
