26 -0.469317 0.161873 -3.93596e-12
27 -3.87614e-06 1.28021e-06 1.40008e-08
28 0.00699832 -0.0364759 3.49171e-05
29 3.889e-08 3.60329e-08 8.84938e-09
30 5.00395e-08 9.78548e-09 2.49838e-09
31 -6.21249e-08 -1.97252e-08 -1.93813e-09
32 2.69165e-09 5.19469e-09 1.18962e-09
33 -2.89588e-08 -1.27817e-08 3.96813e-09
34 -4.7517e-08 -9.36495e-09 1.6671e-09
35 3.43357e-08 2.49814e-08 -1.53614e-09
36 -3.07455e-09 -1.53578e-08 -9.95897e-10
37 1.60026e-09 7.79028e-09 7.33053e-10
38 -1.24369e-08 3.75724e-09 -6.31462e-09
39 -1.52177e-08 4.46812e-09 5.03678e-09
40 8.08409e-08 3.04416e-08 2.65027e-09
41 7.8689e-08 3.57227e-08 -5.02769e-09
42 -3.13571e-08 -1.52942e-08 -9.96806e-10
43 -4.30982e-08 -2.19618e-08 1.12141e-09
44 -2.14482e-08 -8.93851e-09 3.44789e-09
45 -3.74371e-08 -3.13672e-08 -2.92221e-09
46 -2.08638e-08 7.71081e-09 2.4329e-09
47 6.20644e-08 2.75431e-08 7.89441e-10
48 -5.76333e-08 -2.33965e-08 -1.5616e-09
49 -4.85888e-08 -3.06229e-08 -2.66664e-09
50 3.16559e-08 2.15626e-08 3.27873e-09
51 2.2892e-08 -3.78509e-09 -2.8931e-09
52 -7.14972e-08 -1.43186e-08 -4.74938e-09
53 7.63048e-08 3.35315e-08 2.03181e-09
54 7.76936e-09 1.16623e-08 -4.32283e-09
55 -3.03457e-08 -2.03905e-08 2.17733e-09
56 6.22113e-08 4.3373e-08 1.56251e-09
57 4.37517e-08 1.51408e-09 6.16001e-09
58 2.05564e-08 1.78319e-08 2.29738e-09
59 1.53997e-07 6.20868e-08 -2.63481e-09
60 -1.57106e-08 -1.05549e-08 4.72937e-10
61 -1.01569e-07 -5.54627e-08 8.42192e-10
62 -3.62434e-10 -9.32846e-09 -1.31513e-09
63 -1.00827e-07 -3.31194e-08 -2.96586e-09
64 -9.74451e-08 -3.37205e-08 1.01318e-09
65 2.25082e-08 8.77742e-09 1.96815e-09
66 -3.24235e-08 -1.95723e-08 -5.18594e-09
67 -2.69206e-08 -3.81129e-08 3.42243e-09
68 1.34267e-07 5.425e-08 -3.11775e-09
69 -1.14949e-07 -3.93417e-08 -5.97902e-09
70 4.6844e-08 1.38616e-08 4.30828e-09
71 1.32763e-07 6.83964e-08 4.41651e-09
72 2.73308e-08 3.51122e-09 -1.22509e-09
73 -6.65077e-08 -1.79605e-08 -3.56158e-09
74 -8.15417e-08 -2.89718e-08 -3.26781e-09
75 -6.68533e-08 -1.9326e-08 4.41105e-10
76 -1.21549e-08 -3.64423e-09 7.54881e-10
77 2.97582e-08 8.03072e-09 -1.56615e-09
78 2.26555e-09 5.44856e-09 -3.41151e-09
79 -1.05633e-08 -1.0205e-08 5.6898e-09
80 -8.9085e-10 -7.50936e-09 -1.31786e-09
