26 -0.0265519 -0.0611329 4.05285e-13
27 4.5245e-06 -4.32958e-08 2.16605e-08
28 -0.00260071 -0.00466918 -3.43879e-06
29 6.11453e-09 5.44694e-08 -6.63476e-09
30 -2.29929e-08 -3.46241e-07 -4.10182e-10
31 6.96127e-09 9.89841e-08 -6.91216e-10
32 8.86939e-09 1.23589e-07 -1.11595e-09
33 -1.65765e-08 -2.27496e-07 -9.54333e-09
34 -1.07912e-09 -3.00886e-08 1.09321e-09
35 -8.97035e-09 -1.06284e-07 2.5002e-09
36 1.1587e-09 -1.50976e-09 1.59389e-09
37 5.00404e-09 1.01172e-07 -2.93767e-09
38 -7.32689e-09 -1.59775e-07 6.52653e-09
39 7.51834e-09 1.43609e-07 4.34875e-09
40 2.85386e-08 4.12422e-07 1.1878e-09
41 -1.52154e-08 -2.01559e-07 -1.83022e-08
42 6.08134e-09 6.54398e-08 1.52909e-08
43 -7.58973e-10 -1.5481e-08 -3.9654e-10
44 -6.95672e-09 -1.09932e-07 -4.69754e-10
45 -2.60879e-08 -3.7494e-07 -9.9576e-09
46 -4.37558e-09 -6.48477e-08 2.34513e-09
47 5.65842e-09 6.66546e-08 -4.39286e-09
48 2.34272e-08 3.69295e-07 -1.74305e-09
49 -1.78406e-08 -2.38277e-07 3.87263e-09
50 1.23691e-09 -1.70564e-08 -3.13867e-09
51 2.23777e-08 3.67898e-07 -1.01822e-08
52 -1.00126e-08 -1.44871e-07 7.72161e-09
53 -3.23143e-09 -3.99178e-08 -3.98404e-09
54 -5.64796e-10 -5.43382e-08 1.55696e-08
55 6.10726e-10 8.22876e-08 -2.40334e-08
56 -1.04274e-08 -1.97988e-07 1.56692e-08
57 6.83485e-09 1.06492e-07 -1.00918e-08
58 -1.32236e-08 -2.18048e-07 -2.93403e-09
59 -8.56744e-10 -1.98209e-08 6.77437e-09
60 -5.87625e-09 -5.74094e-08 -1.74805e-09
61 4.78758e-09 5.46935e-08 -6.93444e-09
62 1.40162e-08 1.91826e-07 1.49616e-08
63 2.72939e-09 4.65961e-08 -3.94402e-09
64 -2.43253e-08 -3.38747e-07 -5.86715e-09
65 7.04858e-09 7.54342e-08 4.71891e-09
66 -4.90991e-09 -6.17902e-08 -1.02036e-08
67 8.0604e-09 1.37541e-07 1.30294e-08
68 -1.95673e-08 -3.13932e-07 -1.53113e-08
69 2.39015e-09 -5.72035e-09 1.23418e-08
70 4.11137e-09 9.09586e-08 1.7144e-09
71 2.78533e-09 6.61318e-08 -1.4883e-08
72 -5.36011e-09 -8.80466e-08 1.07684e-08
73 -3.39969e-09 -1.65081e-08 -1.7345e-08
74 9.02583e-09 1.40267e-07 7.38373e-09
75 -1.53241e-08 -1.8726e-07 -1.55774e-08
76 -4.44061e-09 -1.45517e-07 9.70022e-09
77 -5.94764e-09 -6.63869e-08 -1.33364e-08
78 1.53655e-08 1.9832e-07 1.37975e-08
79 -3.08683e-08 -4.99567e-07 1.54405e-08
80 2.68251e-08 4.3171e-07 -7.36509e-09
