26 2.11827e-09 -4.5892e-08 -8.09261e-10
27 -5.21565e-06 -6.87379e-05 -1.27972e-05
28 -2.09744e-06 -5.34139e-05 -1.04887e-05
29 9.50687e-07 -6.6857e-05 -5.26078e-06
30 7.79558e-07 -6.53797e-05 -5.36448e-06
31 1.40868e-06 -6.65721e-05 -5.36799e-06
32 1.45892e-06 -6.63582e-05 -5.33938e-06
33 1.47282e-06 -6.63972e-05 -5.33893e-06
34 1.48477e-06 -6.64172e-05 -5.33658e-06
35 1.49762e-06 -6.64355e-05 -5.3354e-06
36 1.51083e-06 -6.64531e-05 -5.33402e-06
37 1.5232e-06 -6.6468e-05 -5.33299e-06
38 1.53647e-06 -6.64834e-05 -5.33203e-06
39 1.54964e-06 -6.64964e-05 -5.33139e-06
40 1.5617e-06 -6.65098e-05 -5.33091e-06
41 1.57488e-06 -6.65239e-05 -5.33011e-06
42 1.58794e-06 -6.65349e-05 -5.32975e-06
43 1.60167e-06 -6.65465e-05 -5.32918e-06
44 1.61466e-06 -6.65576e-05 -5.32896e-06
45 1.62805e-06 -6.65686e-05 -5.32868e-06
46 1.64144e-06 -6.65785e-05 -5.32844e-06
47 1.65488e-06 -6.65891e-05 -5.32828e-06
48 1.66825e-06 -6.65993e-05 -5.32814e-06
49 1.68153e-06 -6.66087e-05 -5.32806e-06
50 1.69488e-06 -6.66182e-05 -5.32797e-06
51 1.70836e-06 -6.66276e-05 -5.32787e-06
52 1.72171e-06 -6.66368e-05 -5.32786e-06
53 1.73505e-06 -6.6646e-05 -5.32785e-06
54 1.74856e-06 -6.66552e-05 -5.32782e-06
55 1.76177e-06 -6.66646e-05 -5.32784e-06
56 1.77512e-06 -6.66739e-05 -5.32787e-06
57 1.78855e-06 -6.66829e-05 -5.32787e-06
58 1.80216e-06 -6.66922e-05 -5.32788e-06
59 1.81582e-06 -6.67016e-05 -5.32782e-06
60 1.82929e-06 -6.67108e-05 -5.32788e-06
61 1.84282e-06 -6.67197e-05 -5.3279e-06
62 1.85642e-06 -6.67289e-05 -5.3279e-06
63 1.86997e-06 -6.67379e-05 -5.32794e-06
64 1.8835e-06 -6.67468e-05 -5.328e-06
65 1.89707e-06 -6.67556e-05 -5.32805e-06
66 1.91064e-06 -6.67644e-05 -5.3281e-06
67 1.92423e-06 -6.67731e-05 -5.32816e-06
68 1.93782e-06 -6.67819e-05 -5.32821e-06
69 1.95142e-06 -6.67906e-05 -5.32828e-06
70 1.96503e-06 -6.67993e-05 -5.32834e-06
71 1.97867e-06 -6.68079e-05 -5.3284e-06
72 1.9923e-06 -6.68166e-05 -5.32847e-06
73 2.00595e-06 -6.68252e-05 -5.32854e-06
74 2.01963e-06 -6.68339e-05 -5.32861e-06
75 2.03328e-06 -6.68425e-05 -5.32867e-06
76 2.04694e-06 -6.68511e-05 -5.32874e-06
77 2.06062e-06 -6.68596e-05 -5.32882e-06
78 2.07432e-06 -6.68682e-05 -5.32889e-06
79 2.08801e-06 -6.68768e-05 -5.32896e-06
80 2.10171e-06 -6.68853e-05 -5.32903e-06
