26 -5.73756e-09 -3.88923e-08 -3.80035e-09
27 -5.84121e-05 -1.28812e-05 -1.40332e-05
28 -4.50012e-05 -8.2798e-06 -1.13177e-05
29 -2.15166e-05 -4.33665e-05 -5.9804e-06
30 -2.18577e-05 -4.16552e-05 -5.96293e-06
31 -2.14143e-05 -4.26832e-05 -6.03598e-06
32 -2.12295e-05 -4.26093e-05 -6.00257e-06
33 -2.12116e-05 -4.2652e-05 -6.00067e-06
34 -2.11917e-05 -4.26807e-05 -5.99894e-06
35 -2.11741e-05 -4.2704e-05 -5.99769e-06
36 -2.11567e-05 -4.27262e-05 -5.99683e-06
37 -2.11407e-05 -4.2745e-05 -5.99597e-06
38 -2.1125e-05 -4.27633e-05 -5.99551e-06
39 -2.11099e-05 -4.27784e-05 -5.99507e-06
40 -2.10964e-05 -4.27934e-05 -5.99475e-06
41 -2.10818e-05 -4.28093e-05 -5.99461e-06
42 -2.1068e-05 -4.28212e-05 -5.99451e-06
43 -2.10535e-05 -4.28338e-05 -5.9945e-06
44 -2.10404e-05 -4.28452e-05 -5.99454e-06
45 -2.1027e-05 -4.28565e-05 -5.99463e-06
46 -2.10136e-05 -4.28665e-05 -5.99475e-06
47 -2.10006e-05 -4.28768e-05 -5.99496e-06
48 -2.09876e-05 -4.28867e-05 -5.99516e-06
49 -2.09749e-05 -4.28958e-05 -5.99539e-06
50 -2.09621e-05 -4.29047e-05 -5.99565e-06
51 -2.09493e-05 -4.29136e-05 -5.99594e-06
52 -2.09367e-05 -4.29222e-05 -5.99622e-06
53 -2.09243e-05 -4.29306e-05 -5.99653e-06
54 -2.09117e-05 -4.2939e-05 -5.99687e-06
55 -2.08995e-05 -4.29474e-05 -5.99723e-06
56 -2.08871e-05 -4.29558e-05 -5.99759e-06
57 -2.08747e-05 -4.29639e-05 -5.99795e-06
58 -2.08622e-05 -4.29723e-05 -5.99834e-06
59 -2.08494e-05 -4.29809e-05 -5.99872e-06
60 -2.08371e-05 -4.2989e-05 -5.9991e-06
61 -2.08246e-05 -4.2997e-05 -5.99949e-06
62 -2.08121e-05 -4.30053e-05 -5.99988e-06
63 -2.07997e-05 -4.30132e-05 -6.00028e-06
64 -2.07873e-05 -4.3021e-05 -6.00068e-06
65 -2.07749e-05 -4.30288e-05 -6.00108e-06
66 -2.07625e-05 -4.30365e-05 -6.00149e-06
67 -2.07501e-05 -4.30442e-05 -6.0019e-06
68 -2.07376e-05 -4.30518e-05 -6.0023e-06
69 -2.07252e-05 -4.30595e-05 -6.00272e-06
70 -2.07128e-05 -4.30671e-05 -6.00313e-06
71 -2.07004e-05 -4.30746e-05 -6.00354e-06
72 -2.06879e-05 -4.30822e-05 -6.00396e-06
73 -2.06755e-05 -4.30897e-05 -6.00438e-06
74 -2.0663e-05 -4.30973e-05 -6.0048e-06
75 -2.06505e-05 -4.31048e-05 -6.00521e-06
76 -2.06381e-05 -4.31122e-05 -6.00563e-06
77 -2.06256e-05 -4.31197e-05 -6.00605e-06
78 -2.06131e-05 -4.31271e-05 -6.00647e-06
79 -2.06006e-05 -4.31346e-05 -6.00689e-06
80 -2.05881e-05 -4.3142e-05 -6.00731e-06
