26 1.06912e-09 -9.341e-09 -2.55505e-08
27 1.08938e-06 8.37511e-05 -7.48339e-05
28 2.31977e-06 6.27975e-05 -5.71329e-05
29 1.10289e-06 -2.69323e-05 -9.73563e-06
30 1.28449e-06 -2.55092e-05 -9.79838e-06
31 1.66485e-06 -2.62033e-05 -9.81236e-06
32 1.71833e-06 -2.62378e-05 -9.77413e-06
33 1.73642e-06 -2.62863e-05 -9.77128e-06
34 1.74734e-06 -2.63145e-05 -9.76876e-06
35 1.76099e-06 -2.63387e-05 -9.76738e-06
36 1.77402e-06 -2.63578e-05 -9.76631e-06
37 1.78682e-06 -2.63755e-05 -9.76539e-06
38 1.80013e-06 -2.63897e-05 -9.76497e-06
39 1.8136e-06 -2.64028e-05 -9.76471e-06
40 1.82626e-06 -2.64156e-05 -9.76467e-06
41 1.83945e-06 -2.64255e-05 -9.76468e-06
42 1.85281e-06 -2.64342e-05 -9.76491e-06
43 1.86649e-06 -2.64416e-05 -9.76515e-06
44 1.87981e-06 -2.64494e-05 -9.76562e-06
45 1.89343e-06 -2.64563e-05 -9.76611e-06
46 1.90696e-06 -2.64621e-05 -9.76664e-06
47 1.92056e-06 -2.6468e-05 -9.76731e-06
48 1.93412e-06 -2.64736e-05 -9.76799e-06
49 1.94765e-06 -2.64784e-05 -9.76871e-06
50 1.96119e-06 -2.6483e-05 -9.76947e-06
51 1.97478e-06 -2.64871e-05 -9.77025e-06
52 1.98833e-06 -2.64916e-05 -9.77106e-06
53 2.00188e-06 -2.64957e-05 -9.77191e-06
54 2.01549e-06 -2.64995e-05 -9.77278e-06
55 2.0289e-06 -2.65034e-05 -9.77369e-06
56 2.04241e-06 -2.65073e-05 -9.77462e-06
57 2.05597e-06 -2.65108e-05 -9.77552e-06
58 2.0696e-06 -2.65144e-05 -9.77646e-06
59 2.08324e-06 -2.65179e-05 -9.77735e-06
60 2.0968e-06 -2.65217e-05 -9.7783e-06
61 2.1104e-06 -2.6525e-05 -9.77924e-06
62 2.12399e-06 -2.65285e-05 -9.78017e-06
63 2.13758e-06 -2.65319e-05 -9.78113e-06
64 2.15116e-06 -2.65353e-05 -9.7821e-06
65 2.16476e-06 -2.65385e-05 -9.78306e-06
66 2.17834e-06 -2.65417e-05 -9.78402e-06
67 2.19193e-06 -2.6545e-05 -9.78499e-06
68 2.20552e-06 -2.65482e-05 -9.78596e-06
69 2.21911e-06 -2.65513e-05 -9.78693e-06
70 2.23269e-06 -2.65545e-05 -9.78791e-06
71 2.24629e-06 -2.65577e-05 -9.78888e-06
72 2.25988e-06 -2.65608e-05 -9.78985e-06
73 2.27348e-06 -2.6564e-05 -9.79083e-06
74 2.28708e-06 -2.65672e-05 -9.79181e-06
75 2.30067e-06 -2.65703e-05 -9.79278e-06
76 2.31425e-06 -2.65735e-05 -9.79376e-06
77 2.32784e-06 -2.65766e-05 -9.79473e-06
78 2.34143e-06 -2.65798e-05 -9.79571e-06
79 2.35502e-06 -2.65829e-05 -9.79668e-06
80 2.3686e-06 -2.6586e-05 -9.79765e-06
