26 -0.555979 -0.4352 -8.07152e-10
27 -1205.32 -0.0849504 3.07566e-07
28 -1087.45 191.052 -0.00100423
29 -1022.01 -359.51 0.000371255
30 -1097.15 -127.101 -7.01529e-07
31 -1118.58 -89.2435 -8.72078e-06
32 -1117.09 -78.1739 -2.12799e-08
33 -1119.15 -62.0696 7.65112e-11
34 -1120.72 -47.4299 -1.8008e-10
35 -1122.48 -32.9077 9.25411e-11
36 -1124.26 -18.6432 3.63798e-10
37 -1126.05 -4.64033 5.19549e-11
38 -1127.94 9.21053 -3.69027e-10
39 -1129.84 22.8345 3.73518e-10
40 -1131.75 36.2318 -4.92946e-10
41 -1133.68 49.4098 3.3134e-10
42 -1135.56 62.3298 2.71314e-10
43 -1137.45 75.0346 1.91676e-10
44 -1139.32 87.5081 -1.01124e-10
45 -1141.19 99.7763 1.99577e-10
46 -1143.03 111.816 -4.11092e-10
47 -1144.87 123.661 2.20837e-10
48 -1146.69 135.306 -6.91784e-11
49 -1148.49 146.728 -2.33626e-10
50 -1150.27 157.959 -4.91696e-11
51 -1152.03 168.996 4.03929e-10
52 -1153.78 179.843 1.17893e-10
53 -1155.51 190.506 -3.65731e-10
54 -1157.23 200.988 7.34985e-10
55 -1158.94 211.293 -5.71333e-10
56 -1160.63 221.421 1.29489e-10
57 -1162.29 231.373 2.28567e-10
58 -1163.95 241.156 2.78533e-10
59 -1165.59 250.772 -3.08773e-10
60 -1167.21 260.222 -1.71724e-10
61 -1168.81 269.508 -1.18803e-10
62 -1170.4 278.636 5.69571e-11
63 -1171.97 287.604 -9.08358e-11
64 -1173.52 296.418 2.84217e-13
65 -1175.06 305.08 -3.19687e-10
66 -1176.58 313.591 3.37991e-10
67 -1178.09 321.956 -9.85665e-11
68 -1179.58 330.175 -2.19416e-11
69 -1181.06 338.252 2.15437e-10
70 -1182.52 346.19 3.15595e-10
71 -1183.96 353.99 -1.34719e-10
72 -1185.4 361.655 -1.23407e-10
73 -1186.81 369.186 7.54881e-11
74 -1188.22 376.587 2.18051e-10
75 -1189.61 383.859 8.63452e-11
76 -1190.98 391.004 -2.66937e-10
77 -1192.34 398.025 -2.14868e-11
78 -1193.69 404.919 2.27374e-12
79 -1195.03 411.693 -2.98996e-11
80 -1196.35 418.353 1.54387e-10
