26 5.64184 6.13319 1.15913e-08
27 0.000311631 -6.00748e-05 -5.47698e-08
28 0.234487 -0.0292476 -9.52728e-07
29 -0.000266938 7.80182e-05 5.95151e-08
30 -2.18279e-10 4.28393e-09 2.0691e-10
31 6.54836e-11 -2.7414e-08 -1.89993e-09
32 5.82077e-11 1.13687e-07 2.15232e-09
33 -8.73115e-11 -4.78157e-08 -2.22963e-09
34 4.36557e-11 -5.07302e-08 -1.71849e-09
35 3.63798e-11 7.36897e-08 8.6402e-12
36 2.91038e-11 6.53699e-08 2.99633e-09
37 5.09317e-11 7.06822e-08 -2.60297e-09
38 6.54836e-11 -6.75093e-08 9.16316e-10
39 -9.45874e-11 -1.17971e-07 -1.67529e-09
40 5.09317e-11 6.91784e-08 3.19324e-09
41 -7.27596e-11 9.71506e-08 -2.13822e-09
42 -1.01863e-10 5.86211e-08 1.2019e-09
43 -7.27596e-11 -1.20234e-07 2.26919e-10
44 -8.73115e-11 -1.53581e-08 -7.42148e-10
45 -5.82077e-11 -7.79892e-08 -1.89448e-09
46 5.82077e-11 5.8032e-09 5.17048e-10
47 -7.27596e-11 7.44545e-08 2.10821e-09
48 1.96451e-10 -7.11525e-08 -1.36743e-09
49 7.27596e-11 7.59738e-08 1.58343e-09
50 8.00355e-11 5.33656e-08 5.81167e-10
51 -7.27596e-11 -7.41858e-08 8.00355e-10
52 5.09317e-11 -7.56844e-08 2.90538e-09
53 1.96451e-10 -1.83604e-08 -1.50067e-11
54 1.96451e-10 -6.13444e-08 -1.3888e-09
55 5.09317e-11 7.3018e-09 8.89031e-10
56 1.74623e-10 -1.38905e-08 2.55341e-09
57 -8.00355e-11 -1.16271e-08 4.94765e-10
58 5.09317e-11 -1.83604e-08 5.82531e-10
59 -5.09317e-11 -4.92574e-08 2.11094e-09
60 -2.25555e-10 6.7654e-08 -1.01591e-09
61 2.18279e-11 -2.58431e-08 2.68756e-10
62 7.27596e-12 -5.60683e-08 6.4847e-10
63 -6.54836e-11 -5.53086e-08 8.87212e-10
64 1.45519e-11 -2.36572e-08 -1.6571e-09
65 -7.27596e-12 1.28787e-07 -1.43064e-09
66 5.09317e-11 6.68582e-08 -1.41154e-09
67 -2.18279e-11 -8.24126e-08 -6.3892e-10
68 5.82077e-11 2.99151e-08 1.04546e-09
69 -7.27596e-12 -2.43135e-08 -1.5666e-09
70 2.91038e-11 1.19723e-07 1.55342e-09
71 -1.45519e-11 -1.28502e-07 4.05635e-10
72 6.54836e-11 1.00106e-07 -1.93904e-09
73 6.54836e-11 -5.00636e-08 -4.1091e-09
74 -5.82077e-11 6.46413e-08 6.71071e-09
75 4.36557e-11 -1.06597e-07 -6.05905e-09
76 0 1.64965e-07 1.00135e-09
77 -8.00355e-11 -1.75853e-08 2.72848e-11
78 -7.27596e-12 1.31009e-07 7.33962e-10
79 -2.91038e-11 -7.19638e-08 2.9504e-09
80 -5.09317e-11 5.48797e-08 -7.48059e-10
