26 1.05365e-09 5.07509e-09 -2.53385e-08
27 8.93981e-07 0.000126139 -7.52555e-05
28 2.11673e-06 9.51757e-05 -5.75474e-05
29 8.44284e-07 -2.18985e-05 -8.17917e-06
30 1.02704e-06 -2.04367e-05 -8.25389e-06
31 1.40767e-06 -2.1128e-05 -8.25015e-06
32 1.46114e-06 -2.1182e-05 -8.21889e-06
33 1.47928e-06 -2.12319e-05 -8.21669e-06
34 1.49025e-06 -2.12614e-05 -8.21439e-06
35 1.50394e-06 -2.12863e-05 -8.21323e-06
36 1.51699e-06 -2.13061e-05 -8.21217e-06
37 1.52983e-06 -2.13243e-05 -8.21134e-06
38 1.54316e-06 -2.13387e-05 -8.21083e-06
39 1.55666e-06 -2.13519e-05 -8.21056e-06
40 1.56932e-06 -2.13648e-05 -8.21049e-06
41 1.58253e-06 -2.13748e-05 -8.2103e-06
42 1.59592e-06 -2.13833e-05 -8.21043e-06
43 1.60961e-06 -2.13906e-05 -8.21047e-06
44 1.62295e-06 -2.13982e-05 -8.2108e-06
45 1.63658e-06 -2.14049e-05 -8.21112e-06
46 1.65013e-06 -2.14105e-05 -8.21147e-06
47 1.66374e-06 -2.1416e-05 -8.21195e-06
48 1.6773e-06 -2.14213e-05 -8.21243e-06
49 1.69085e-06 -2.14258e-05 -8.21296e-06
50 1.70441e-06 -2.143e-05 -8.21351e-06
51 1.71801e-06 -2.14338e-05 -8.21407e-06
52 1.73157e-06 -2.14379e-05 -8.21469e-06
53 1.74513e-06 -2.14415e-05 -8.21533e-06
54 1.75875e-06 -2.14449e-05 -8.21597e-06
55 1.77217e-06 -2.14484e-05 -8.21666e-06
56 1.78569e-06 -2.14518e-05 -8.21736e-06
57 1.79926e-06 -2.14548e-05 -8.21804e-06
58 1.8129e-06 -2.14579e-05 -8.21874e-06
59 1.82655e-06 -2.14611e-05 -8.21937e-06
60 1.84012e-06 -2.14644e-05 -8.2201e-06
61 1.85373e-06 -2.14672e-05 -8.22081e-06
62 1.86733e-06 -2.14703e-05 -8.22149e-06
63 1.88093e-06 -2.14732e-05 -8.22222e-06
64 1.89451e-06 -2.1476e-05 -8.22295e-06
65 1.90812e-06 -2.14788e-05 -8.22368e-06
66 1.92171e-06 -2.14816e-05 -8.22441e-06
67 1.93532e-06 -2.14843e-05 -8.22515e-06
68 1.94891e-06 -2.14871e-05 -8.22588e-06
69 1.96251e-06 -2.14898e-05 -8.22662e-06
70 1.9761e-06 -2.14925e-05 -8.22736e-06
71 1.98971e-06 -2.14951e-05 -8.2281e-06
72 2.00331e-06 -2.14978e-05 -8.22884e-06
73 2.01691e-06 -2.15005e-05 -8.22958e-06
74 2.03053e-06 -2.15032e-05 -8.23032e-06
75 2.04412e-06 -2.15058e-05 -8.23106e-06
76 2.05771e-06 -2.15085e-05 -8.2318e-06
77 2.07131e-06 -2.15112e-05 -8.23254e-06
78 2.08491e-06 -2.15138e-05 -8.23329e-06
79 2.09851e-06 -2.15165e-05 -8.23402e-06
80 2.1121e-06 -2.15191e-05 -8.23476e-06
