26 1.01557e-09 3.20247e-08 1.7527e-09
27 -4.15664e-07 0.000261333 3.0185e-05
28 7.45006e-07 0.000204019 2.29217e-05
29 -9.01805e-07 -1.06026e-05 2.18155e-06
30 -7.11308e-07 -8.82551e-06 2.11636e-06
31 -3.28803e-07 -9.6727e-06 2.1764e-06
32 -2.75406e-07 -9.758e-06 2.16203e-06
33 -2.56905e-07 -9.80937e-06 2.1609e-06
34 -2.45618e-07 -9.84399e-06 2.16113e-06
35 -2.317e-07 -9.8707e-06 2.16095e-06
36 -2.18445e-07 -9.89373e-06 2.16147e-06
37 -2.05408e-07 -9.91377e-06 2.16162e-06
38 -1.91925e-07 -9.93064e-06 2.16225e-06
39 -1.78263e-07 -9.94497e-06 2.16254e-06
40 -1.65472e-07 -9.95845e-06 2.16281e-06
41 -1.5216e-07 -9.97089e-06 2.16373e-06
42 -1.38649e-07 -9.98007e-06 2.16417e-06
43 -1.24841e-07 -9.98911e-06 2.16498e-06
44 -1.11403e-07 -9.99707e-06 2.16547e-06
45 -9.76754e-08 -1.00044e-05 2.16609e-06
46 -8.40252e-08 -1.00107e-05 2.16669e-06
47 -7.03308e-08 -1.00166e-05 2.16732e-06
48 -5.66806e-08 -1.00223e-05 2.16793e-06
49 -4.30459e-08 -1.00269e-05 2.16851e-06
50 -2.94057e-08 -1.00314e-05 2.16913e-06
51 -1.57243e-08 -1.00355e-05 2.16981e-06
52 -2.07982e-09 -1.00396e-05 2.17037e-06
53 1.15582e-08 -1.00432e-05 2.17098e-06
54 2.52475e-08 -1.00468e-05 2.17164e-06
55 3.87292e-08 -1.00502e-05 2.17227e-06
56 5.23226e-08 -1.00536e-05 2.1729e-06
57 6.59561e-08 -1.00567e-05 2.17356e-06
58 7.96662e-08 -1.006e-05 2.17424e-06
59 9.33771e-08 -1.00635e-05 2.17497e-06
60 1.07006e-07 -1.00667e-05 2.17558e-06
61 1.2068e-07 -1.00696e-05 2.17624e-06
62 1.34339e-07 -1.00728e-05 2.17694e-06
63 1.48002e-07 -1.00756e-05 2.17758e-06
64 1.61651e-07 -1.00784e-05 2.17821e-06
65 1.75323e-07 -1.00811e-05 2.17885e-06
66 1.88972e-07 -1.00838e-05 2.17949e-06
67 2.0264e-07 -1.00865e-05 2.18012e-06
68 2.16298e-07 -1.00891e-05 2.18076e-06
69 2.29956e-07 -1.00918e-05 2.18139e-06
70 2.4361e-07 -1.00944e-05 2.18202e-06
71 2.57278e-07 -1.0097e-05 2.18265e-06
72 2.70934e-07 -1.00995e-05 2.18327e-06
73 2.84599e-07 -1.01021e-05 2.1839e-06
74 2.98271e-07 -1.01047e-05 2.18452e-06
75 3.11921e-07 -1.01073e-05 2.18514e-06
76 3.25568e-07 -1.01098e-05 2.18576e-06
77 3.39225e-07 -1.01124e-05 2.18638e-06
78 3.52885e-07 -1.01149e-05 2.187e-06
79 3.66536e-07 -1.01175e-05 2.18762e-06
80 3.80182e-07 -1.012e-05 2.18823e-06
