26 -0.817267 -0.983144 1.04097e-09
27 -0.00138673 0.000109272 -8.28004e-09
28 -0.506101 0.0525113 -2.44044e-06
29 0.000626271 -0.000159384 2.82763e-07
30 2.54659e-10 -3.14899e-08 1.91221e-09
31 2.03727e-10 2.23833e-08 -7.74435e-10
32 -2.18279e-10 -1.98314e-09 -1.36879e-09
33 -5.09317e-11 -3.00652e-08 -2.10093e-10
34 2.32831e-10 4.62489e-08 4.34738e-10
35 8.73115e-11 -3.6118e-08 3.7835e-10
36 2.47383e-10 1.06318e-08 -1.76533e-09
37 7.27596e-11 -9.93834e-09 7.52152e-10
38 8.73115e-11 -1.97738e-09 -1.88993e-09
39 8.00355e-11 -1.46038e-08 -8.77662e-11
40 -6.54836e-11 2.84792e-08 -8.04448e-10
41 -2.11003e-10 8.32064e-09 -2.08729e-10
42 -5.09317e-11 -2.67611e-08 -5.29326e-10
43 -2.47383e-10 1.48368e-08 -6.28461e-10
44 8.00355e-11 1.95598e-08 4.77939e-10
45 -7.27596e-11 2.9357e-08 -1.49612e-09
46 -2.11003e-10 -8.99143e-09 -4.82032e-10
47 6.54836e-11 1.80977e-08 -1.34287e-09
48 7.27596e-11 -2.11948e-08 -5.11136e-10
49 -3.63798e-11 2.6881e-09 1.19508e-09
50 -2.54659e-10 1.06347e-08 1.39562e-09
51 -5.82077e-11 -6.23416e-09 -1.36788e-09
52 8.73115e-11 1.25285e-08 6.00721e-10
53 5.09317e-11 1.58038e-08 -3.10138e-10
54 2.32831e-10 -2.9099e-09 -3.34694e-10
55 1.01863e-10 2.33043e-08 -6.79847e-10
56 -5.09317e-11 -2.58718e-08 1.09412e-09
57 1.16415e-10 2.0901e-08 -4.82942e-10
58 6.54836e-11 -1.36914e-08 2.03045e-09
59 1.23691e-10 2.13989e-08 1.87356e-10
60 -2.18279e-10 -1.09371e-08 -2.00725e-09
61 9.45874e-11 2.23689e-08 5.81167e-10
62 1.01863e-10 -5.48691e-08 1.78352e-09
63 -5.82077e-11 4.01414e-08 -5.30235e-10
64 2.32831e-10 -1.65207e-08 -3.10138e-10
65 9.45874e-11 -1.54566e-09 1.36743e-09
66 -6.54836e-11 1.25141e-08 -1.04956e-09
67 8.73115e-11 2.0003e-08 1.29648e-09
68 -7.27596e-11 1.72112e-08 8.76298e-10
69 8.73115e-11 2.1373e-08 1.14414e-09
70 5.82077e-11 1.34207e-08 -2.13458e-09
71 -7.27596e-11 -2.63351e-08 7.48969e-10
72 -6.54836e-11 1.72103e-09 1.9354e-09
73 7.27596e-11 -9.4692e-09 1.83263e-09
74 8.00355e-11 2.3264e-08 -1.40517e-10
75 1.23691e-10 1.39503e-08 -2.12958e-09
76 -7.27596e-11 9.24164e-09 -2.37833e-10
77 8.00355e-11 7.37948e-09 9.23137e-10
78 -5.09317e-11 -1.05926e-09 6.27551e-10
79 5.09317e-11 1.76861e-08 -1.73895e-09
80 -6.54836e-11 -1.27503e-08 -2.55477e-09
