26 2.23003e-09 -4.6455e-08 -6.51761e-10
27 -3.16618e-06 -7.66159e-05 -7.22112e-06
28 -4.04468e-07 -5.99363e-05 -6.0865e-06
29 1.78509e-06 -7.00537e-05 -2.864e-06
30 1.63359e-06 -6.86549e-05 -2.95933e-06
31 2.2609e-06 -6.98376e-05 -2.93152e-06
32 2.30687e-06 -6.96078e-05 -2.91964e-06
33 2.32072e-06 -6.96466e-05 -2.91955e-06
34 2.33227e-06 -6.96651e-05 -2.91794e-06
35 2.34493e-06 -6.96826e-05 -2.91724e-06
36 2.35789e-06 -6.96993e-05 -2.91617e-06
37 2.3701e-06 -6.97134e-05 -2.91545e-06
38 2.38318e-06 -6.97281e-05 -2.91463e-06
39 2.39624e-06 -6.97407e-05 -2.91412e-06
40 2.40821e-06 -6.97538e-05 -2.91374e-06
41 2.42124e-06 -6.97672e-05 -2.91292e-06
42 2.43423e-06 -6.97779e-05 -2.91255e-06
43 2.44784e-06 -6.97891e-05 -2.91193e-06
44 2.46078e-06 -6.98e-05 -2.91164e-06
45 2.47411e-06 -6.98107e-05 -2.91127e-06
46 2.48744e-06 -6.98204e-05 -2.91093e-06
47 2.50084e-06 -6.98308e-05 -2.91064e-06
48 2.51417e-06 -6.98408e-05 -2.91037e-06
49 2.52743e-06 -6.98501e-05 -2.91014e-06
50 2.54075e-06 -6.98595e-05 -2.9099e-06
51 2.55419e-06 -6.98687e-05 -2.90963e-06
52 2.56753e-06 -6.98779e-05 -2.90945e-06
53 2.58086e-06 -6.9887e-05 -2.90926e-06
54 2.59434e-06 -6.98961e-05 -2.90905e-06
55 2.60754e-06 -6.99054e-05 -2.90888e-06
56 2.62088e-06 -6.99147e-05 -2.90871e-06
57 2.6343e-06 -6.99236e-05 -2.90851e-06
58 2.64789e-06 -6.99328e-05 -2.90831e-06
59 2.66152e-06 -6.99421e-05 -2.90806e-06
60 2.67499e-06 -6.99512e-05 -2.90791e-06
61 2.6885e-06 -6.99601e-05 -2.90773e-06
62 2.7021e-06 -6.99693e-05 -2.90752e-06
63 2.71564e-06 -6.99781e-05 -2.90736e-06
64 2.72916e-06 -6.9987e-05 -2.90721e-06
65 2.74272e-06 -6.99958e-05 -2.90705e-06
66 2.75629e-06 -7.00045e-05 -2.9069e-06
67 2.76987e-06 -7.00133e-05 -2.90675e-06
68 2.78346e-06 -7.00219e-05 -2.9066e-06
69 2.79705e-06 -7.00306e-05 -2.90646e-06
70 2.81066e-06 -7.00393e-05 -2.90631e-06
71 2.82429e-06 -7.00479e-05 -2.90617e-06
72 2.83792e-06 -7.00566e-05 -2.90603e-06
73 2.85157e-06 -7.00652e-05 -2.90589e-06
74 2.86524e-06 -7.00738e-05 -2.90575e-06
75 2.87889e-06 -7.00824e-05 -2.90561e-06
76 2.89255e-06 -7.00909e-05 -2.90548e-06
77 2.90623e-06 -7.00995e-05 -2.90534e-06
78 2.91992e-06 -7.0108e-05 -2.90521e-06
79 2.93361e-06 -7.01165e-05 -2.90508e-06
80 2.9473e-06 -7.0125e-05 -2.90495e-06
