26 0.126006 0.121878 -5.43503e-11
27 0.000445334 -4.68833e-05 -1.1262e-05
28 -0.000348128 0.000670133 1.43351e-05
29 2.27217e-05 -1.48023e-05 -1.7376e-06
30 3.54977e-05 -2.3799e-05 -1.98604e-06
31 -9.83109e-08 6.68467e-08 -1.42435e-08
32 1.60849e-08 2.09752e-09 2.11526e-09
33 -3.43639e-08 1.9789e-08 6.54856e-09
34 -3.05945e-08 4.1226e-08 3.59495e-09
35 6.1113e-08 -4.83024e-08 -3.45932e-09
36 5.55729e-08 -7.34576e-08 -1.54267e-09
37 -7.60792e-09 1.13607e-08 2.69591e-09
38 -1.4231e-07 1.41701e-07 -6.29925e-09
39 9.24174e-08 -6.50573e-08 5.81855e-09
40 -4.0412e-08 3.3391e-08 -2.0178e-09
41 -4.68922e-08 3.8912e-08 8.73968e-11
42 3.62256e-08 -1.97667e-08 1.81186e-09
43 -6.87824e-08 6.649e-08 -9.9194e-09
44 6.69652e-08 -6.26515e-08 5.34629e-09
45 -6.15678e-08 5.18639e-08 -6.13764e-09
46 -7.16304e-08 7.21927e-08 3.37502e-09
47 2.69164e-07 -2.64007e-07 6.90085e-09
48 -1.21548e-07 1.1277e-07 -3.50806e-09
49 1.4079e-08 -1.70342e-08 -5.42047e-09
50 9.13042e-09 -7.83621e-09 1.08472e-08
51 -1.30268e-07 1.44212e-07 -1.6725e-09
52 4.32092e-08 -5.55008e-08 -4.83345e-09
53 7.68705e-08 -8.90609e-08 7.46087e-09
54 -1.2913e-08 2.38172e-08 -1.67165e-09
55 -3.90019e-08 5.89444e-09 -1.07291e-08
56 -6.8635e-08 7.99239e-08 2.15709e-09
57 9.63478e-08 -9.38142e-08 3.78395e-09
58 2.19097e-08 -3.03369e-08 -2.83731e-09
59 5.47889e-08 -5.36368e-08 6.90633e-09
60 6.86573e-08 -7.45197e-08 -6.03754e-09
61 -6.03154e-08 6.14837e-08 5.58512e-09
62 1.62527e-08 -1.25967e-08 -6.85705e-09
63 -1.30306e-07 1.24945e-07 1.90903e-09
64 1.08075e-07 -1.02773e-07 4.58385e-09
65 4.51664e-08 -6.56653e-08 -2.93585e-09
66 -4.82041e-08 5.85912e-08 -6.80259e-09
67 8.52988e-08 -9.0188e-08 7.18609e-09
68 4.03197e-08 -3.08046e-08 3.60859e-09
69 -1.0773e-07 1.10748e-07 -7.22039e-09
70 1.45769e-07 -1.72832e-07 1.3378e-08
71 -3.70251e-08 5.57216e-08 -4.85653e-09
72 -8.82351e-08 7.20484e-08 -7.44947e-09
73 9.13969e-08 -7.98084e-08 3.97554e-09
74 -7.51111e-08 7.0165e-08 2.59911e-09
75 6.12085e-08 -6.37026e-08 -2.07166e-09
76 -5.88552e-08 5.53816e-08 -3.52549e-09
77 -2.1872e-08 3.95257e-08 7.79039e-11
78 -7.46695e-08 6.88626e-08 8.01663e-10
79 1.48443e-08 -9.68384e-09 -3.84517e-09
80 7.63221e-08 -7.56684e-08 -3.13199e-09
