26 9.88702e-10 -3.76919e-08 1.4732e-08
27 -1.81951e-06 -1.01185e-05 5.49601e-05
28 -7.52872e-07 -6.02588e-06 4.3187e-05
29 -2.79355e-06 -4.22721e-05 1.32882e-05
30 -2.59598e-06 -4.05514e-05 1.34159e-05
31 -2.21132e-06 -4.15591e-05 1.34111e-05
32 -2.15801e-06 -4.14879e-05 1.33497e-05
33 -2.13913e-06 -4.15309e-05 1.33468e-05
34 -2.12751e-06 -4.15597e-05 1.33434e-05
35 -2.11335e-06 -4.15831e-05 1.33418e-05
36 -2.09989e-06 -4.16054e-05 1.33406e-05
37 -2.08665e-06 -4.16243e-05 1.33396e-05
38 -2.07301e-06 -4.16426e-05 1.33394e-05
39 -2.05919e-06 -4.16578e-05 1.33394e-05
40 -2.04628e-06 -4.16728e-05 1.33397e-05
41 -2.03287e-06 -4.16887e-05 1.33401e-05
42 -2.01923e-06 -4.17005e-05 1.33408e-05
43 -2.00531e-06 -4.17132e-05 1.33415e-05
44 -1.99177e-06 -4.17245e-05 1.33425e-05
45 -1.97796e-06 -4.17358e-05 1.33435e-05
46 -1.96421e-06 -4.17458e-05 1.33446e-05
47 -1.95043e-06 -4.17561e-05 1.33459e-05
48 -1.93671e-06 -4.1766e-05 1.33471e-05
49 -1.92299e-06 -4.1775e-05 1.33485e-05
50 -1.90927e-06 -4.17839e-05 1.33499e-05
51 -1.89551e-06 -4.17927e-05 1.33513e-05
52 -1.88179e-06 -4.18013e-05 1.33528e-05
53 -1.86808e-06 -4.18096e-05 1.33543e-05
54 -1.85433e-06 -4.1818e-05 1.33558e-05
55 -1.84079e-06 -4.18264e-05 1.33574e-05
56 -1.82713e-06 -4.18347e-05 1.3359e-05
57 -1.81344e-06 -4.18428e-05 1.33606e-05
58 -1.79967e-06 -4.18511e-05 1.33622e-05
59 -1.7859e-06 -4.18596e-05 1.33637e-05
60 -1.77222e-06 -4.18677e-05 1.33653e-05
61 -1.75848e-06 -4.18756e-05 1.33669e-05
62 -1.74477e-06 -4.18838e-05 1.33685e-05
63 -1.73105e-06 -4.18917e-05 1.33701e-05
64 -1.71735e-06 -4.18994e-05 1.33717e-05
65 -1.70362e-06 -4.19071e-05 1.33733e-05
66 -1.68991e-06 -4.19148e-05 1.33749e-05
67 -1.67619e-06 -4.19224e-05 1.33765e-05
68 -1.66248e-06 -4.193e-05 1.33782e-05
69 -1.64876e-06 -4.19376e-05 1.33798e-05
70 -1.63505e-06 -4.19451e-05 1.33814e-05
71 -1.62133e-06 -4.19526e-05 1.3383e-05
72 -1.60762e-06 -4.19601e-05 1.33845e-05
73 -1.5939e-06 -4.19676e-05 1.33861e-05
74 -1.58018e-06 -4.1975e-05 1.33877e-05
75 -1.56648e-06 -4.19825e-05 1.33893e-05
76 -1.55278e-06 -4.19899e-05 1.33909e-05
77 -1.53907e-06 -4.19973e-05 1.33924e-05
78 -1.52536e-06 -4.20047e-05 1.3394e-05
79 -1.51166e-06 -4.2012e-05 1.33956e-05
80 -1.49796e-06 -4.20194e-05 1.33971e-05
