26 2.2395e-09 -4.70556e-08 -6.63223e-10
27 -2.7833e-06 -8.00384e-05 -1.80393e-07
28 -7.76221e-08 -6.29888e-05 -5.16934e-07
29 1.935e-06 -7.13148e-05 1.33571e-07
30 1.78947e-06 -6.99959e-05 5.62109e-08
31 2.41462e-06 -7.1137e-05 1.18285e-07
32 2.46006e-06 -7.09057e-05 1.09537e-07
33 2.47391e-06 -7.09447e-05 1.09236e-07
34 2.48536e-06 -7.09621e-05 1.09869e-07
35 2.49798e-06 -7.09792e-05 1.09978e-07
36 2.51088e-06 -7.09951e-05 1.10618e-07
37 2.52304e-06 -7.10088e-05 1.10922e-07
38 2.53607e-06 -7.10229e-05 1.11546e-07
39 2.5491e-06 -7.1035e-05 1.1186e-07
40 2.56105e-06 -7.10478e-05 1.12128e-07
41 2.57403e-06 -7.10605e-05 1.12914e-07
42 2.58699e-06 -7.10709e-05 1.13277e-07
43 2.60057e-06 -7.10815e-05 1.1393e-07
44 2.61348e-06 -7.1092e-05 1.14289e-07
45 2.62679e-06 -7.11024e-05 1.14756e-07
46 2.6401e-06 -7.11118e-05 1.15191e-07
47 2.65348e-06 -7.11218e-05 1.15633e-07
48 2.66679e-06 -7.11315e-05 1.16053e-07
49 2.68003e-06 -7.11405e-05 1.16449e-07
50 2.69334e-06 -7.11496e-05 1.16865e-07
51 2.70676e-06 -7.11584e-05 1.17325e-07
52 2.72008e-06 -7.11674e-05 1.17687e-07
53 2.73339e-06 -7.11762e-05 1.18075e-07
54 2.74686e-06 -7.11851e-05 1.1851e-07
55 2.76005e-06 -7.11941e-05 1.18905e-07
56 2.77338e-06 -7.12031e-05 1.19299e-07
57 2.78678e-06 -7.12117e-05 1.19723e-07
58 2.80035e-06 -7.12207e-05 1.20158e-07
59 2.81396e-06 -7.12296e-05 1.20641e-07
60 2.82742e-06 -7.12385e-05 1.21021e-07
61 2.84092e-06 -7.12471e-05 1.21435e-07
62 2.8545e-06 -7.12559e-05 1.21881e-07
63 2.86802e-06 -7.12646e-05 1.22277e-07
64 2.88154e-06 -7.12732e-05 1.22665e-07
65 2.89508e-06 -7.12817e-05 1.23063e-07
66 2.90863e-06 -7.12902e-05 1.23456e-07
67 2.92221e-06 -7.12987e-05 1.23843e-07
68 2.93578e-06 -7.13071e-05 1.24231e-07
69 2.94937e-06 -7.13155e-05 1.24616e-07
70 2.96296e-06 -7.1324e-05 1.25001e-07
71 2.97658e-06 -7.13324e-05 1.25383e-07
72 2.99019e-06 -7.13407e-05 1.25765e-07
73 3.00383e-06 -7.13491e-05 1.2614e-07
74 3.01749e-06 -7.13575e-05 1.26517e-07
75 3.03113e-06 -7.13658e-05 1.26894e-07
76 3.04478e-06 -7.13742e-05 1.27267e-07
77 3.05845e-06 -7.13825e-05 1.27639e-07
78 3.07213e-06 -7.13908e-05 1.28009e-07
79 3.08581e-06 -7.13991e-05 1.2838e-07
80 3.09949e-06 -7.14074e-05 1.28748e-07
