26 1.22254e-08 -4.29147e-08 -3.88793e-09
27 4.4467e-05 -1.63899e-05 -2.45948e-05
28 3.64905e-05 -1.40302e-05 -1.93536e-05
29 1.73932e-05 -4.49912e-05 -1.14196e-05
30 1.75316e-05 -4.36456e-05 -1.13505e-05
31 1.80461e-05 -4.44047e-05 -1.15255e-05
32 1.80228e-05 -4.43664e-05 -1.145e-05
33 1.80347e-05 -4.44093e-05 -1.14463e-05
34 1.80414e-05 -4.44332e-05 -1.1443e-05
35 1.80518e-05 -4.44549e-05 -1.14404e-05
36 1.8063e-05 -4.44725e-05 -1.1439e-05
37 1.80738e-05 -4.44887e-05 -1.14373e-05
38 1.80864e-05 -4.45025e-05 -1.14367e-05
39 1.80991e-05 -4.45152e-05 -1.1436e-05
40 1.81112e-05 -4.4528e-05 -1.14354e-05
41 1.81247e-05 -4.45385e-05 -1.14356e-05
42 1.81381e-05 -4.45477e-05 -1.14356e-05
43 1.81524e-05 -4.45559e-05 -1.1436e-05
44 1.81662e-05 -4.45647e-05 -1.14362e-05
45 1.81805e-05 -4.45728e-05 -1.14367e-05
46 1.81948e-05 -4.45798e-05 -1.14372e-05
47 1.82094e-05 -4.45871e-05 -1.14378e-05
48 1.8224e-05 -4.45942e-05 -1.14385e-05
49 1.82385e-05 -4.46006e-05 -1.14392e-05
50 1.82532e-05 -4.46067e-05 -1.14399e-05
51 1.8268e-05 -4.46125e-05 -1.14408e-05
52 1.82827e-05 -4.46187e-05 -1.14416e-05
53 1.82975e-05 -4.46245e-05 -1.14424e-05
54 1.83125e-05 -4.46301e-05 -1.14434e-05
55 1.83273e-05 -4.46359e-05 -1.14443e-05
56 1.83422e-05 -4.46416e-05 -1.14453e-05
57 1.83571e-05 -4.4647e-05 -1.14463e-05
58 1.83723e-05 -4.46525e-05 -1.14473e-05
59 1.83874e-05 -4.4658e-05 -1.14484e-05
60 1.84024e-05 -4.46637e-05 -1.14494e-05
61 1.84174e-05 -4.46689e-05 -1.14504e-05
62 1.84325e-05 -4.46744e-05 -1.14515e-05
63 1.84476e-05 -4.46797e-05 -1.14525e-05
64 1.84627e-05 -4.4685e-05 -1.14535e-05
65 1.84778e-05 -4.46902e-05 -1.14546e-05
66 1.84928e-05 -4.46954e-05 -1.14556e-05
67 1.85079e-05 -4.47006e-05 -1.14567e-05
68 1.8523e-05 -4.47058e-05 -1.14577e-05
69 1.85381e-05 -4.4711e-05 -1.14588e-05
70 1.85532e-05 -4.47161e-05 -1.14599e-05
71 1.85683e-05 -4.47213e-05 -1.14609e-05
72 1.85834e-05 -4.47264e-05 -1.1462e-05
73 1.85985e-05 -4.47316e-05 -1.1463e-05
74 1.86137e-05 -4.47367e-05 -1.14641e-05
75 1.86288e-05 -4.47419e-05 -1.14652e-05
76 1.86439e-05 -4.4747e-05 -1.14662e-05
77 1.8659e-05 -4.47521e-05 -1.14673e-05
78 1.86741e-05 -4.47572e-05 -1.14684e-05
79 1.86892e-05 -4.47623e-05 -1.14694e-05
80 1.87043e-05 -4.47675e-05 -1.14705e-05
