26 1.271e-08 -4.28671e-08 1.9425e-09
27 5.99996e-05 -1.63577e-05 -4.93078e-06
28 4.87171e-05 -1.40046e-05 -3.89098e-06
29 2.57355e-05 -4.49374e-05 -3.68589e-06
30 2.57987e-05 -4.36192e-05 -3.61996e-06
31 2.65311e-05 -4.43762e-05 -3.7959e-06
32 2.64345e-05 -4.4339e-05 -3.75035e-06
33 2.64448e-05 -4.4382e-05 -3.75018e-06
34 2.64491e-05 -4.4406e-05 -3.74927e-06
35 2.64577e-05 -4.44278e-05 -3.74836e-06
36 2.6468e-05 -4.44454e-05 -3.74807e-06
37 2.64776e-05 -4.44615e-05 -3.74755e-06
38 2.64899e-05 -4.44753e-05 -3.74751e-06
39 2.6502e-05 -4.44881e-05 -3.74731e-06
40 2.65137e-05 -4.45009e-05 -3.74712e-06
41 2.65275e-05 -4.45114e-05 -3.74737e-06
42 2.6541e-05 -4.45206e-05 -3.74743e-06
43 2.65557e-05 -4.45288e-05 -3.74773e-06
44 2.65697e-05 -4.45376e-05 -3.74788e-06
45 2.65845e-05 -4.45456e-05 -3.74813e-06
46 2.65992e-05 -4.45527e-05 -3.74839e-06
47 2.66144e-05 -4.456e-05 -3.74872e-06
48 2.66295e-05 -4.4567e-05 -3.74903e-06
49 2.66447e-05 -4.45734e-05 -3.74934e-06
50 2.666e-05 -4.45795e-05 -3.74968e-06
51 2.66755e-05 -4.45853e-05 -3.75008e-06
52 2.66909e-05 -4.45914e-05 -3.75041e-06
53 2.67064e-05 -4.45972e-05 -3.75078e-06
54 2.67221e-05 -4.46028e-05 -3.7512e-06
55 2.67377e-05 -4.46086e-05 -3.7516e-06
56 2.67533e-05 -4.46143e-05 -3.752e-06
57 2.67691e-05 -4.46196e-05 -3.75243e-06
58 2.67851e-05 -4.46252e-05 -3.75289e-06
59 2.68011e-05 -4.46306e-05 -3.75336e-06
60 2.68169e-05 -4.46363e-05 -3.75378e-06
61 2.68328e-05 -4.46415e-05 -3.75422e-06
62 2.68488e-05 -4.46469e-05 -3.75469e-06
63 2.68647e-05 -4.46522e-05 -3.75514e-06
64 2.68806e-05 -4.46575e-05 -3.75557e-06
65 2.68965e-05 -4.46627e-05 -3.75602e-06
66 2.69125e-05 -4.46679e-05 -3.75647e-06
67 2.69284e-05 -4.46731e-05 -3.75691e-06
68 2.69444e-05 -4.46783e-05 -3.75736e-06
69 2.69603e-05 -4.46834e-05 -3.75781e-06
70 2.69763e-05 -4.46885e-05 -3.75827e-06
71 2.69922e-05 -4.46937e-05 -3.75872e-06
72 2.70082e-05 -4.46988e-05 -3.75917e-06
73 2.70242e-05 -4.47039e-05 -3.75962e-06
74 2.70402e-05 -4.47091e-05 -3.76008e-06
75 2.70561e-05 -4.47142e-05 -3.76054e-06
76 2.70721e-05 -4.47193e-05 -3.76099e-06
77 2.7088e-05 -4.47244e-05 -3.76145e-06
78 2.7104e-05 -4.47295e-05 -3.7619e-06
79 2.712e-05 -4.47346e-05 -3.76236e-06
80 2.71359e-05 -4.47397e-05 -3.76281e-06
