26 -6.93461e-09 -3.84464e-08 -3.59674e-09
27 -6.24876e-05 -1.13597e-05 -1.103e-05
28 -4.82926e-05 -7.05092e-06 -8.92551e-06
29 -2.32541e-05 -4.27181e-05 -4.70366e-06
30 -2.35856e-05 -4.10103e-05 -4.66222e-06
31 -2.31647e-05 -4.20299e-05 -4.72694e-06
32 -2.29705e-05 -4.19596e-05 -4.70276e-06
33 -2.2952e-05 -4.20024e-05 -4.70083e-06
34 -2.29316e-05 -4.20313e-05 -4.69962e-06
35 -2.29136e-05 -4.20547e-05 -4.69864e-06
36 -2.2896e-05 -4.20771e-05 -4.69804e-06
37 -2.28798e-05 -4.20959e-05 -4.69739e-06
38 -2.28639e-05 -4.21143e-05 -4.69708e-06
39 -2.28487e-05 -4.21295e-05 -4.69676e-06
40 -2.28351e-05 -4.21445e-05 -4.69651e-06
41 -2.28205e-05 -4.21604e-05 -4.69647e-06
42 -2.28067e-05 -4.21723e-05 -4.69641e-06
43 -2.27922e-05 -4.2185e-05 -4.69645e-06
44 -2.27791e-05 -4.21963e-05 -4.69649e-06
45 -2.27657e-05 -4.22076e-05 -4.69659e-06
46 -2.27524e-05 -4.22176e-05 -4.69671e-06
47 -2.27394e-05 -4.22279e-05 -4.69689e-06
48 -2.27265e-05 -4.22378e-05 -4.69707e-06
49 -2.27138e-05 -4.22468e-05 -4.69726e-06
50 -2.27011e-05 -4.22557e-05 -4.69748e-06
51 -2.26884e-05 -4.22645e-05 -4.69773e-06
52 -2.26759e-05 -4.22731e-05 -4.69797e-06
53 -2.26636e-05 -4.22814e-05 -4.69822e-06
54 -2.2651e-05 -4.22899e-05 -4.69851e-06
55 -2.2639e-05 -4.22982e-05 -4.6988e-06
56 -2.26268e-05 -4.23066e-05 -4.6991e-06
57 -2.26144e-05 -4.23146e-05 -4.69941e-06
58 -2.2602e-05 -4.2323e-05 -4.69974e-06
59 -2.25894e-05 -4.23315e-05 -4.70006e-06
60 -2.25772e-05 -4.23396e-05 -4.70038e-06
61 -2.25648e-05 -4.23475e-05 -4.7007e-06
62 -2.25524e-05 -4.23558e-05 -4.70104e-06
63 -2.25401e-05 -4.23636e-05 -4.70138e-06
64 -2.25278e-05 -4.23714e-05 -4.70171e-06
65 -2.25155e-05 -4.23791e-05 -4.70205e-06
66 -2.25033e-05 -4.23868e-05 -4.70239e-06
67 -2.2491e-05 -4.23945e-05 -4.70273e-06
68 -2.24787e-05 -4.24021e-05 -4.70307e-06
69 -2.24664e-05 -4.24096e-05 -4.70342e-06
70 -2.24541e-05 -4.24172e-05 -4.70376e-06
71 -2.24417e-05 -4.24247e-05 -4.70411e-06
72 -2.24294e-05 -4.24322e-05 -4.70446e-06
73 -2.24171e-05 -4.24397e-05 -4.70481e-06
74 -2.24048e-05 -4.24472e-05 -4.70516e-06
75 -2.23924e-05 -4.24547e-05 -4.70552e-06
76 -2.23801e-05 -4.24621e-05 -4.70587e-06
77 -2.23677e-05 -4.24695e-05 -4.70622e-06
78 -2.23554e-05 -4.24769e-05 -4.70658e-06
79 -2.2343e-05 -4.24843e-05 -4.70693e-06
80 -2.23306e-05 -4.24917e-05 -4.70729e-06
