26 -0.135676 0.0547629 -3.87845e-12
27 -1.13481e-05 2.87531e-06 -2.46564e-08
28 -0.00824046 -0.0589256 0.000160944
29 6.25423e-08 2.36238e-08 -1.40517e-09
30 9.05902e-09 6.1051e-09 7.85803e-10
31 -4.17658e-08 -1.68563e-08 -2.37833e-09
32 4.35671e-08 1.25464e-08 4.05817e-09
33 -4.97153e-08 3.7395e-09 -7.97627e-10
34 -1.18785e-08 -1.04297e-08 -1.48248e-09
35 3.11934e-08 1.25194e-08 5.23869e-10
36 -6.11894e-08 -2.41314e-08 1.32059e-09
37 6.59438e-08 1.65303e-08 1.77715e-09
38 -1.2999e-08 -2.12145e-08 -2.19188e-10
39 -2.68151e-08 -9.95385e-09 2.70848e-09
40 3.30233e-08 6.8078e-09 -1.91721e-09
41 -9.13692e-08 -2.38315e-08 8.73115e-11
42 7.19601e-08 5.52939e-09 -1.85173e-09
43 1.24137e-08 2.83399e-09 2.13731e-10
44 -5.68484e-08 -4.52269e-09 1.29694e-09
45 3.69009e-08 1.37964e-08 -1.20417e-09
46 -2.10803e-08 -1.46076e-08 -1.08685e-09
47 -4.60818e-08 -1.19273e-08 4.34375e-09
48 1.78366e-08 3.97517e-09 -7.04858e-09
49 1.97433e-08 5.37625e-10 -1.01136e-09
50 -3.66726e-08 -1.27852e-09 4.73665e-09
51 -2.80884e-08 -5.0793e-09 -3.52065e-09
52 7.66759e-08 1.75806e-08 -1.66619e-09
53 -3.70801e-08 -1.94132e-09 4.51109e-09
54 1.89807e-08 -4.99062e-09 -3.47609e-09
55 6.38465e-08 4.00657e-08 7.33053e-10
56 4.21437e-08 -1.12e-08 -3.36422e-09
57 1.93008e-08 1.01062e-08 1.1587e-09
58 -1.31909e-08 7.13874e-09 -1.91903e-09
59 -7.67295e-09 -1.25513e-08 2.93585e-09
60 1.14851e-08 6.98526e-09 -9.77707e-10
61 2.86454e-08 -1.14038e-08 1.70076e-10
62 -9.12228e-08 -6.82667e-09 -3.69073e-09
63 5.07762e-08 5.91126e-09 4.73392e-09
64 -7.55472e-08 -1.47004e-08 -4.94765e-10
65 3.43493e-08 1.1107e-08 -1.02773e-10
66 -1.63132e-08 4.00792e-09 -1.20963e-10
67 1.14874e-08 -1.12121e-08 -2.28283e-10
68 9.9094e-09 1.67911e-08 -1.3415e-09
69 2.06251e-08 2.44449e-09 4.46562e-09
70 -5.20095e-09 1.18849e-08 -5.66706e-09
71 1.38916e-08 -7.77607e-09 -9.25866e-10
72 3.0318e-08 1.39905e-08 2.68938e-09
73 -3.33075e-08 -1.9767e-08 -9.67702e-10
74 -4.70664e-09 2.52555e-09 -9.99535e-10
75 1.12968e-08 6.5296e-09 3.94448e-09
76 1.38139e-08 -8.73445e-09 -6.60839e-09
77 1.26529e-08 8.28004e-09 2.71393e-09
78 4.68222e-08 2.13478e-08 1.09958e-09
79 -1.86474e-08 2.34115e-09 1.03591e-09
80 -1.26829e-09 -4.54668e-09 7.3851e-10
