26 -1.12924 -4.10551 2.06459e-09
27 -1.34197 -19158.4 2.51671e-06
28 858.474 -16361.6 0.00492972
29 -1748.7 -7381.23 8.08897e-05
30 -1039.88 -7608.31 8.27903e-07
31 -1107.12 -7553.82 8.35913e-06
32 -1099.39 -7539.98 -4.77485e-11
33 -1094.77 -7523.23 -3.0559e-10
34 -1088.16 -7510.98 4.17003e-10
35 -1081.47 -7500.09 6.02995e-10
36 -1075.01 -7490.26 2.68756e-10
37 -1068.13 -7481.21 -3.41061e-10
38 -1061.55 -7472.92 4.91127e-10
39 -1054.51 -7465.16 1.4752e-09
40 -1047.91 -7457.79 -1.80671e-09
41 -1041.64 -7450.75 1.25556e-09
42 -1034.55 -7444.07 -6.5711e-10
43 -1027.79 -7437.64 8.21728e-10
44 -1020.97 -7431.39 -4.36103e-10
45 -1014.24 -7425.36 8.23547e-10
46 -1007.32 -7419.47 -6.23004e-10
47 -1000.63 -7413.72 4.55657e-10
48 -993.939 -7408.07 -1.06593e-09
49 -987.128 -7402.54 4.90218e-10
50 -980.399 -7397.1 3.79714e-10
51 -973.714 -7391.74 -1.08776e-09
52 -967.069 -7386.42 8.2764e-11
53 -960.448 -7381.17 6.23004e-11
54 -953.916 -7375.97 -7.55335e-10
55 -947.498 -7370.78 8.44011e-10
56 -941.091 -7365.62 8.43556e-10
57 -934.67 -7360.5 7.89441e-10
58 -928.37 -7355.39 -1.81262e-09
59 -922.153 -7350.24 6.53017e-10
60 -915.924 -7345.15 1.10049e-09
61 -909.682 -7340.1 3.02407e-10
62 -903.579 -7335.03 3.03316e-10
63 -897.426 -7330.01 5.46606e-10
64 -891.316 -7325 3.065e-10
65 -885.238 -7320.01 -4.92946e-10
66 -879.199 -7315.02 -1.04865e-09
67 -873.199 -7310.06 -3.81988e-10
68 -867.239 -7305.1 2.46928e-10
69 -861.319 -7300.15 -7.34417e-10
70 -855.44 -7295.21 7.32143e-10
71 -849.602 -7290.29 -1.31104e-09
72 -843.804 -7285.37 -9.19954e-10
73 -838.046 -7280.46 -1.0823e-10
74 -832.329 -7275.56 -6.3983e-10
75 -826.649 -7270.66 1.50794e-09
76 -821.009 -7265.78 1.58252e-10
77 -815.408 -7260.9 -1.55251e-09
78 -809.847 -7256.03 1.08503e-09
79 -804.323 -7251.17 8.77662e-10
80 -798.838 -7246.31 -1.1446e-09
