26 1.05679e-09 2.65834e-08 1.2194e-08
27 -7.16731e-07 0.000221062 5.90998e-05
28 4.24143e-07 0.000173077 4.54967e-05
29 -1.30819e-06 -1.35785e-05 4.55685e-06
30 -1.11589e-06 -1.17542e-05 4.51646e-06
31 -7.32954e-07 -1.26537e-05 4.57378e-06
32 -6.79574e-07 -1.27217e-05 4.54914e-06
33 -6.6099e-07 -1.27719e-05 4.54751e-06
34 -6.49629e-07 -1.28064e-05 4.5471e-06
35 -6.35656e-07 -1.28328e-05 4.54665e-06
36 -6.22354e-07 -1.28562e-05 4.54692e-06
37 -6.0927e-07 -1.28763e-05 4.54688e-06
38 -5.95752e-07 -1.28937e-05 4.54744e-06
39 -5.82052e-07 -1.29083e-05 4.54771e-06
40 -5.69233e-07 -1.2922e-05 4.54802e-06
41 -5.55898e-07 -1.29353e-05 4.54896e-06
42 -5.42356e-07 -1.29449e-05 4.54951e-06
43 -5.28522e-07 -1.29547e-05 4.5504e-06
44 -5.1506e-07 -1.29632e-05 4.55104e-06
45 -5.01311e-07 -1.29712e-05 4.55183e-06
46 -4.87636e-07 -1.2978e-05 4.55259e-06
47 -4.73922e-07 -1.29846e-05 4.55342e-06
48 -4.60253e-07 -1.29909e-05 4.55423e-06
49 -4.46597e-07 -1.29961e-05 4.55503e-06
50 -4.32938e-07 -1.30012e-05 4.55588e-06
51 -4.19237e-07 -1.3006e-05 4.55678e-06
52 -4.05574e-07 -1.30107e-05 4.55758e-06
53 -3.91918e-07 -1.3015e-05 4.55843e-06
54 -3.78212e-07 -1.30193e-05 4.55934e-06
55 -3.64715e-07 -1.30234e-05 4.56023e-06
56 -3.51106e-07 -1.30275e-05 4.56112e-06
57 -3.37457e-07 -1.30313e-05 4.56203e-06
58 -3.23732e-07 -1.30352e-05 4.56298e-06
59 -3.10006e-07 -1.30395e-05 4.56395e-06
60 -2.96363e-07 -1.30433e-05 4.56483e-06
61 -2.82674e-07 -1.30469e-05 4.56575e-06
62 -2.69001e-07 -1.30509e-05 4.5667e-06
63 -2.55323e-07 -1.30544e-05 4.56761e-06
64 -2.4166e-07 -1.30579e-05 4.56851e-06
65 -2.27973e-07 -1.30613e-05 4.56941e-06
66 -2.14309e-07 -1.30647e-05 4.57031e-06
67 -2.00627e-07 -1.3068e-05 4.57121e-06
68 -1.86955e-07 -1.30713e-05 4.57211e-06
69 -1.73283e-07 -1.30746e-05 4.57301e-06
70 -1.59614e-07 -1.30779e-05 4.57391e-06
71 -1.45933e-07 -1.30812e-05 4.5748e-06
72 -1.32263e-07 -1.30844e-05 4.57569e-06
73 -1.18584e-07 -1.30877e-05 4.57658e-06
74 -1.04898e-07 -1.30909e-05 4.57746e-06
75 -9.12349e-08 -1.30942e-05 4.57835e-06
76 -7.7575e-08 -1.30974e-05 4.57923e-06
77 -6.39045e-08 -1.31006e-05 4.58011e-06
78 -5.02312e-08 -1.31038e-05 4.58099e-06
79 -3.65664e-08 -1.3107e-05 4.58187e-06
80 -2.29071e-08 -1.31102e-05 4.58274e-06
