26 -0.229624 0.104489 -8.88978e-12
27 -7.9705e-06 8.66329e-06 -3.01989e-08
28 -0.0290471 -0.0845802 0.000193422
29 1.09758e-07 1.87764e-09 1.45701e-09
30 5.64919e-08 3.08843e-09 8.51287e-10
31 -1.96219e-08 -1.27065e-08 5.23869e-10
32 1.82813e-08 1.53031e-09 -1.46611e-09
33 -1.23077e-08 5.41689e-09 1.14051e-09
34 8.51273e-08 -7.01814e-09 -5.59339e-10
35 -7.19788e-08 3.53253e-10 -4.93856e-10
36 4.47744e-08 -6.53536e-09 1.40608e-09
37 6.57474e-09 1.08003e-08 2.64845e-09
38 -2.40029e-08 -6.40335e-09 -2.18643e-09
39 -3.72356e-08 -1.13189e-08 1.14596e-10
40 3.49496e-08 -1.19934e-08 7.09406e-11
41 2.51275e-08 9.85042e-09 -3.42152e-09
42 3.11402e-08 9.08061e-09 -3.31966e-10
43 -2.17965e-08 -1.36607e-08 9.21318e-10
44 3.52452e-08 5.74856e-09 3.63798e-10
45 -1.75305e-08 -8.98159e-09 -8.0945e-10
46 -4.17431e-08 -1.13829e-08 -3.54339e-09
47 1.95578e-08 9.17309e-09 -1.04319e-09
48 1.94914e-08 8.01225e-09 3.77713e-09
49 -2.71962e-08 1.32881e-08 -2.25191e-09
50 3.80992e-08 2.523e-10 3.56522e-09
51 3.23339e-08 7.10814e-09 -1.95178e-09
52 -1.15933e-08 -6.72168e-09 -1.28966e-09
53 8.80209e-09 -7.07189e-10 1.46611e-09
54 -2.96945e-08 -1.45272e-08 1.77079e-09
55 1.38048e-08 1.16532e-08 -1.31149e-09
56 3.14153e-08 1.34163e-08 -3.63798e-10
57 -2.54331e-08 -2.00059e-08 -2.14641e-09
58 -5.85756e-08 2.95414e-09 2.06728e-09
59 2.64445e-08 -1.09488e-08 1.35515e-09
60 2.08688e-08 3.8534e-09 -9.28594e-10
61 -5.32164e-08 -1.60781e-08 2.17005e-09
62 2.98223e-08 1.30384e-08 -1.63709e-11
63 -4.87689e-08 -1.23063e-08 -1.427e-09
64 2.70479e-08 1.29928e-09 2.51384e-09
65 -3.62056e-08 1.3017e-08 -1.14051e-09
66 2.18433e-08 -9.85065e-09 -6.83031e-10
67 -4.93314e-08 3.96372e-09 2.96859e-09
68 4.8406e-08 -1.20617e-08 -1.11413e-09
69 7.97991e-09 -2.38664e-09 -9.3678e-10
70 2.04036e-08 1.43486e-08 2.08092e-09
71 5.39071e-08 -5.8339e-09 6.87578e-10
72 1.03228e-10 -6.94455e-09 -4.4929e-10
73 -2.36764e-08 8.22293e-09 1.84809e-09
74 8.53152e-09 -1.2707e-08 3.83989e-09
75 -1.28739e-08 9.83995e-09 -4.20187e-09
76 3.80687e-08 -5.51931e-09 2.31557e-09
77 -1.85705e-08 -4.39297e-09 -1.49157e-09
78 2.46837e-08 7.59675e-09 1.78443e-09
79 -6.04537e-08 -7.33137e-09 -2.874e-10
80 6.01676e-09 -9.45379e-09 -2.91402e-09
