26 1.60337 2.73347 -1.9318e-10
27 -6.45555e-06 -3.83122e-06 4.09273e-11
28 0.00575009 -0.0229595 4.93321e-05
29 2.92084e-08 2.09102e-08 -2.53885e-09
30 -2.03818e-08 -1.92831e-08 1.98088e-09
31 3.25676e-08 1.11964e-08 -1.13505e-09
32 -1.14283e-08 3.34921e-09 2.33103e-09
33 6.3309e-08 2.56185e-08 2.63753e-11
34 -2.23554e-08 -3.81829e-09 -6.60293e-10
35 -3.41161e-08 -2.99968e-08 -1.437e-10
36 5.42136e-08 3.49918e-08 5.60249e-10
37 -3.91533e-08 -1.76716e-08 1.95359e-09
38 -2.42517e-09 -1.23665e-08 -5.62977e-10
39 8.35025e-08 3.039e-08 -2.48474e-09
40 3.89027e-08 4.65496e-08 2.73076e-09
41 1.10886e-08 6.96059e-09 -1.62754e-09
42 -2.27374e-11 -2.43947e-08 -2.57342e-09
43 -7.23408e-08 -1.75347e-08 -2.97041e-09
44 6.41699e-08 2.93779e-08 4.69663e-09
45 -4.64047e-08 -1.66062e-08 -5.8435e-09
46 7.99855e-09 -9.40634e-09 2.24281e-09
47 5.04479e-08 2.31603e-08 1.75123e-09
48 -1.1009e-08 2.14662e-08 1.01136e-09
49 -6.02809e-08 -4.2428e-08 -2.09184e-09
50 3.15208e-08 -1.97281e-09 3.75485e-09
51 2.58597e-08 7.45797e-09 -2.33649e-09
52 -5.81958e-08 -3.37213e-08 5.5752e-10
53 1.65442e-08 -6.27097e-09 1.97815e-10
54 2.27469e-08 2.95955e-08 2.55159e-09
55 -7.45713e-08 -2.39023e-08 -3.81033e-09
56 2.03463e-08 6.07474e-09 3.72438e-09
57 -3.77108e-08 -2.87795e-08 -2.2801e-09
58 3.27118e-08 5.97561e-09 3.46381e-09
59 3.72002e-08 2.85304e-08 5.02087e-09
60 -2.22685e-08 -1.8705e-08 4.57021e-10
61 -2.96354e-08 -2.81284e-09 -1.10867e-09
62 -4.15803e-08 -2.71993e-08 2.99815e-09
63 2.03072e-08 -7.70331e-09 -4.78121e-09
64 -5.0708e-08 -3.5315e-08 -1.0441e-09
65 -6.61021e-09 1.37173e-08 1.54796e-09
66 4.50445e-08 3.20762e-08 1.3506e-09
67 6.26619e-08 2.82728e-08 1.5616e-09
68 -1.31427e-08 -1.33067e-08 -3.20233e-09
69 3.98572e-08 3.04311e-08 7.90351e-10
70 -3.48596e-08 -2.45053e-08 3.10229e-09
71 4.31623e-08 2.9441e-08 -1.33741e-09
72 -1.82176e-08 -1.49779e-08 -1.70348e-09
73 2.46132e-08 1.15509e-08 7.88987e-10
74 -1.39153e-09 -5.46811e-09 -1.04592e-10
75 -4.48717e-08 -2.26864e-08 1.5043e-09
76 -5.27984e-08 -3.12509e-08 -4.24734e-10
77 2.91429e-08 2.04329e-08 2.95449e-09
78 -8.94938e-08 -4.4649e-08 1.24601e-10
79 3.10547e-08 3.23907e-08 2.17005e-09
80 -5.7913e-08 -3.65187e-08 -1.62663e-09
