26 1.11214e-09 -3.20706e-08 -2.13974e-08
27 1.41898e-06 1.69979e-05 -6.38445e-05
28 2.66226e-06 1.17433e-05 -4.90262e-05
29 1.53912e-06 -3.74109e-05 -1.23736e-05
30 1.71879e-06 -3.60348e-05 -1.24084e-05
31 2.09868e-06 -3.67583e-05 -1.24577e-05
32 2.15218e-06 -3.6751e-05 -1.24076e-05
33 2.17018e-06 -3.67962e-05 -1.24036e-05
34 2.18102e-06 -3.68218e-05 -1.24007e-05
35 2.19461e-06 -3.68445e-05 -1.2399e-05
36 2.20758e-06 -3.68627e-05 -1.23979e-05
37 2.22034e-06 -3.68794e-05 -1.23969e-05
38 2.23361e-06 -3.68933e-05 -1.23966e-05
39 2.24704e-06 -3.69061e-05 -1.23964e-05
40 2.25966e-06 -3.69189e-05 -1.23964e-05
41 2.27283e-06 -3.69291e-05 -1.23968e-05
42 2.28616e-06 -3.6938e-05 -1.23972e-05
43 2.29981e-06 -3.69458e-05 -1.23978e-05
44 2.31311e-06 -3.69542e-05 -1.23986e-05
45 2.32671e-06 -3.69617e-05 -1.23994e-05
46 2.34021e-06 -3.69682e-05 -1.24002e-05
47 2.35379e-06 -3.69748e-05 -1.24012e-05
48 2.36732e-06 -3.69813e-05 -1.24023e-05
49 2.38083e-06 -3.69869e-05 -1.24033e-05
50 2.39435e-06 -3.69924e-05 -1.24044e-05
51 2.40792e-06 -3.69975e-05 -1.24056e-05
52 2.42146e-06 -3.70029e-05 -1.24068e-05
53 2.43499e-06 -3.70079e-05 -1.2408e-05
54 2.44857e-06 -3.70127e-05 -1.24093e-05
55 2.46196e-06 -3.70177e-05 -1.24106e-05
56 2.47546e-06 -3.70227e-05 -1.24119e-05
57 2.489e-06 -3.70272e-05 -1.24132e-05
58 2.50262e-06 -3.70319e-05 -1.24146e-05
59 2.51624e-06 -3.70365e-05 -1.24159e-05
60 2.52979e-06 -3.70413e-05 -1.24172e-05
61 2.54337e-06 -3.70458e-05 -1.24186e-05
62 2.55694e-06 -3.70503e-05 -1.242e-05
63 2.57052e-06 -3.70548e-05 -1.24213e-05
64 2.58408e-06 -3.70593e-05 -1.24227e-05
65 2.59767e-06 -3.70636e-05 -1.24241e-05
66 2.61123e-06 -3.7068e-05 -1.24255e-05
67 2.62481e-06 -3.70723e-05 -1.24268e-05
68 2.63838e-06 -3.70766e-05 -1.24282e-05
69 2.65196e-06 -3.70809e-05 -1.24296e-05
70 2.66553e-06 -3.70852e-05 -1.2431e-05
71 2.67911e-06 -3.70895e-05 -1.24324e-05
72 2.69268e-06 -3.70938e-05 -1.24338e-05
73 2.70627e-06 -3.70981e-05 -1.24352e-05
74 2.71986e-06 -3.71024e-05 -1.24366e-05
75 2.73342e-06 -3.71066e-05 -1.24379e-05
76 2.74699e-06 -3.71109e-05 -1.24393e-05
77 2.76057e-06 -3.71151e-05 -1.24407e-05
78 2.77415e-06 -3.71194e-05 -1.24421e-05
79 2.78772e-06 -3.71236e-05 -1.24435e-05
80 2.80129e-06 -3.71279e-05 -1.24449e-05
