26 1.13278e-09 -4.40197e-08 -1.99913e-09
27 -1.83637e-05 -4.46556e-05 -2.02513e-05
28 -1.2758e-05 -3.38671e-05 -1.6346e-05
29 -4.53926e-06 -5.68185e-05 -8.51634e-06
30 -4.78679e-06 -5.51958e-05 -8.61019e-06
31 -4.18434e-06 -5.63437e-05 -8.66795e-06
32 -4.10174e-06 -5.61885e-05 -8.6163e-06
33 -4.0872e-06 -5.62287e-05 -8.61515e-06
34 -4.07306e-06 -5.62527e-05 -8.61195e-06
35 -4.05902e-06 -5.62732e-05 -8.61013e-06
36 -4.04461e-06 -5.62931e-05 -8.60843e-06
37 -4.03127e-06 -5.63097e-05 -8.60702e-06
38 -4.01723e-06 -5.63265e-05 -8.60596e-06
39 -4.0035e-06 -5.63406e-05 -8.60518e-06
40 -3.99104e-06 -5.63548e-05 -8.60462e-06
41 -3.9773e-06 -5.63699e-05 -8.60394e-06
42 -3.96398e-06 -5.63814e-05 -8.60364e-06
43 -3.9499e-06 -5.63937e-05 -8.60324e-06
44 -3.9368e-06 -5.6405e-05 -8.60315e-06
45 -3.92327e-06 -5.64163e-05 -8.60306e-06
46 -3.90979e-06 -5.64264e-05 -8.60301e-06
47 -3.89634e-06 -5.6437e-05 -8.60309e-06
48 -3.88297e-06 -5.64472e-05 -8.60319e-06
49 -3.86973e-06 -5.64566e-05 -8.60335e-06
50 -3.85643e-06 -5.6466e-05 -8.60353e-06
51 -3.84301e-06 -5.64753e-05 -8.60372e-06
52 -3.82976e-06 -5.64844e-05 -8.60397e-06
53 -3.81655e-06 -5.64934e-05 -8.60425e-06
54 -3.80315e-06 -5.65024e-05 -8.60453e-06
55 -3.79011e-06 -5.65115e-05 -8.60487e-06
56 -3.77692e-06 -5.65205e-05 -8.60521e-06
57 -3.76363e-06 -5.65293e-05 -8.60553e-06
58 -3.75018e-06 -5.65384e-05 -8.60588e-06
59 -3.73663e-06 -5.65476e-05 -8.60616e-06
60 -3.72334e-06 -5.65565e-05 -8.60653e-06
61 -3.70998e-06 -5.65651e-05 -8.60689e-06
62 -3.69652e-06 -5.65741e-05 -8.60722e-06
63 -3.68316e-06 -5.65827e-05 -8.6076e-06
64 -3.66981e-06 -5.65913e-05 -8.60799e-06
65 -3.65643e-06 -5.65998e-05 -8.60836e-06
66 -3.64305e-06 -5.66082e-05 -8.60875e-06
67 -3.62965e-06 -5.66167e-05 -8.60914e-06
68 -3.61625e-06 -5.66251e-05 -8.60953e-06
69 -3.60285e-06 -5.66335e-05 -8.60992e-06
70 -3.58944e-06 -5.66418e-05 -8.61032e-06
71 -3.576e-06 -5.66502e-05 -8.61071e-06
72 -3.56257e-06 -5.66585e-05 -8.61111e-06
73 -3.54912e-06 -5.66668e-05 -8.61151e-06
74 -3.53564e-06 -5.66751e-05 -8.61191e-06
75 -3.52219e-06 -5.66833e-05 -8.61231e-06
76 -3.50873e-06 -5.66916e-05 -8.61271e-06
77 -3.49525e-06 -5.66998e-05 -8.61311e-06
78 -3.48175e-06 -5.6708e-05 -8.61351e-06
79 -3.46826e-06 -5.67162e-05 -8.61391e-06
80 -3.45477e-06 -5.67244e-05 -8.61431e-06
