26 0.569205 -0.884898 7.3628e-11
27 0.00528385 0.0139214 5.87224e-05
28 -0.578832 -0.0256629 1.765e-06
29 0.00141802 0.000141734 1.61162e-09
30 0 1.69928e-08 -1.2642e-10
31 8.00355e-11 -3.96523e-08 1.40972e-11
32 -1.01863e-10 4.19653e-08 -1.60253e-09
33 -2.91038e-11 -7.14904e-09 -4.00178e-11
34 1.45519e-11 -4.94632e-08 3.57886e-10
35 2.18279e-11 2.27052e-08 8.05812e-10
36 8.73115e-11 -8.2406e-08 -1.11868e-09
37 5.09317e-11 -9.60022e-09 1.83263e-09
38 -4.36557e-11 9.29979e-09 -2.05091e-10
39 -8.73115e-11 5.06959e-08 -1.04546e-09
40 8.00355e-11 1.62889e-08 -4.8658e-10
41 2.18279e-11 -6.22603e-08 1.83627e-09
42 4.36557e-11 8.2776e-08 -3.01952e-10
43 -1.45519e-11 1.90893e-08 -2.79761e-09
44 -8.73115e-11 -5.46273e-08 2.0982e-09
45 2.91038e-11 -2.88753e-09 -2.88765e-10
46 0 3.32747e-08 -4.56566e-10
47 -8.73115e-11 1.03173e-08 -9.32232e-11
48 0 5.36696e-08 -1.36879e-09
49 -2.91038e-11 -7.4836e-09 -2.46837e-09
50 1.16415e-10 2.2111e-08 2.2319e-09
51 -1.16415e-10 3.63901e-08 -5.70253e-10
52 1.09139e-10 7.91539e-09 -5.63432e-10
53 -2.18279e-11 2.29971e-08 -2.03727e-10
54 -8.73115e-11 3.56394e-09 -1.2019e-09
55 -7.27596e-11 -1.18381e-08 -1.46429e-10
56 -2.91038e-11 5.19187e-08 -5.03405e-10
57 -8.73115e-11 1.51803e-08 4.311e-10
58 1.45519e-11 5.11938e-09 1.15915e-09
59 -4.36557e-11 -7.58028e-09 -2.99679e-10
60 3.63798e-11 2.89592e-08 -6.93944e-10
61 5.82077e-11 -6.51067e-08 -4.32919e-10
62 -5.09317e-11 -2.04238e-08 1.43245e-10
63 -7.27596e-11 -1.92219e-08 3.1423e-10
64 -1.01863e-10 5.02347e-08 -1.02955e-09
65 -1.23691e-10 -5.6879e-08 8.10815e-10
66 -1.01863e-10 -3.78907e-08 4.33374e-10
67 8.73115e-11 4.57046e-09 -9.87711e-10
68 8.73115e-11 2.74451e-08 -3.7835e-10
69 5.82077e-11 -5.71107e-08 -3.06045e-10
70 1.30967e-10 -4.60953e-08 1.70076e-10
71 7.27596e-11 -1.55687e-08 -1.30058e-10
72 1.01863e-10 6.89494e-09 1.52704e-09
73 1.09139e-10 4.47599e-08 -4.35193e-10
74 -7.27596e-12 -2.92646e-08 1.35879e-09
75 1.67347e-10 -7.65915e-10 -2.91629e-09
76 -2.18279e-11 5.60162e-08 1.05638e-09
77 -2.76486e-10 -3.63501e-08 -5.63432e-10
78 -1.52795e-10 3.85541e-08 6.08452e-10
79 6.54836e-11 2.74572e-09 -6.86668e-11
80 2.47383e-10 1.55192e-08 -1.53477e-09
