26 -1.3254 -1.38861 -1.13699e-09
27 0.00186292 -0.00442886 -1.50421e-05
28 -0.234007 0.0171136 9.42397e-07
29 -0.000846943 4.59761e-05 -9.21846e-08
30 6.54836e-11 3.35893e-08 -1.4752e-09
31 -5.09317e-11 -3.3703e-08 5.86624e-10
32 -7.27596e-12 -7.29663e-08 5.98448e-10
33 4.36557e-11 3.59664e-08 1.88356e-09
34 -7.27596e-11 -3.73409e-08 -2.7303e-09
35 4.36557e-11 4.07568e-08 1.39653e-09
36 0 -5.97734e-08 2.8831e-10
37 -4.36557e-11 1.66861e-08 -1.46565e-09
38 7.27596e-12 -2.42514e-08 1.25465e-09
39 3.63798e-11 -3.43642e-09 -1.49339e-09
40 1.45519e-11 -1.01439e-08 -6.15728e-10
41 -1.45519e-11 -2.88609e-08 9.22682e-10
42 -7.27596e-12 6.21662e-09 -1.5807e-09
43 5.09317e-11 4.48495e-08 7.08042e-10
44 -1.45519e-11 -1.76524e-08 -2.08274e-10
45 -1.45519e-11 -7.91672e-09 1.23146e-09
46 -7.27596e-12 5.0384e-08 4.78849e-10
47 -7.27596e-12 2.22e-08 -1.55705e-09
48 7.27596e-12 -2.57344e-09 1.57434e-09
49 5.09317e-11 2.35435e-08 -2.17005e-09
50 -5.82077e-11 2.65616e-09 1.84718e-09
51 3.63798e-11 2.01691e-08 1.87356e-10
52 -2.18279e-11 4.29116e-08 3.74257e-10
53 -1.45519e-11 2.64374e-08 -1.24101e-09
54 3.63798e-11 -1.71667e-08 1.24146e-09
55 -1.45519e-11 4.92473e-09 -9.62245e-10
56 -2.18279e-11 -1.77816e-08 1.00636e-09
57 3.63798e-11 9.30167e-09 -1.38698e-09
58 -4.36557e-11 -4.53145e-08 -1.02773e-09
59 5.09317e-11 6.80313e-08 -3.6016e-10
60 7.27596e-12 -8.11309e-09 -1.59162e-09
61 -7.27596e-12 -5.81351e-09 1.33878e-09
62 2.91038e-11 -1.1224e-08 2.09184e-11
63 5.09317e-11 -8.85205e-09 6.98947e-10
64 -8.00355e-11 -5.10764e-08 5.41149e-11
65 7.27596e-12 -1.93991e-08 6.79393e-10
66 4.19241e-08 1.62676e-08 -7.79892e-10
67 -4.18004e-08 -5.61768e-08 2.9554e-09
68 7.27596e-12 1.757e-09 -2.00635e-09
69 0 -7.59428e-08 -9.004e-11
70 -1.45519e-11 4.40692e-08 7.88077e-10
71 7.27596e-11 -3.61886e-08 -1.02636e-09
72 0 1.55547e-09 7.43057e-10
73 5.82077e-11 1.98125e-08 -3.97449e-10
74 -2.18279e-11 1.26038e-08 9.6361e-10
75 9.45874e-11 -1.37819e-08 -1.38198e-09
76 2.18279e-11 -6.16491e-09 -4.7703e-10
77 0 5.1743e-08 1.67847e-09
78 -5.82077e-11 6.85224e-09 -1.15142e-09
79 8.73115e-11 2.05773e-08 2.09229e-09
80 -8.73115e-11 -4.48959e-08 -7.83984e-10
