26 5.26065e-09 -4.51771e-08 3.54987e-09
27 3.97321e-05 -2.47436e-05 1.83664e-05
28 3.28811e-05 -2.05601e-05 1.43509e-05
29 1.95939e-05 -4.78666e-05 7.21576e-06
30 1.94923e-05 -4.65969e-05 7.27868e-06
31 2.03488e-05 -4.73396e-05 7.32519e-06
32 2.02672e-05 -4.72887e-05 7.27973e-06
33 2.02786e-05 -4.73313e-05 7.27878e-06
34 2.02852e-05 -4.73543e-05 7.27653e-06
35 2.02946e-05 -4.73756e-05 7.27522e-06
36 2.03059e-05 -4.73928e-05 7.27433e-06
37 2.03162e-05 -4.74086e-05 7.27348e-06
38 2.0329e-05 -4.74223e-05 7.27315e-06
39 2.03414e-05 -4.74348e-05 7.27281e-06
40 2.03531e-05 -4.74476e-05 7.27266e-06
41 2.03671e-05 -4.74581e-05 7.27278e-06
42 2.03806e-05 -4.74673e-05 7.27288e-06
43 2.03953e-05 -4.74756e-05 7.27311e-06
44 2.04092e-05 -4.74845e-05 7.27339e-06
45 2.04238e-05 -4.74926e-05 7.27375e-06
46 2.04383e-05 -4.74998e-05 7.27411e-06
47 2.04532e-05 -4.75072e-05 7.27459e-06
48 2.0468e-05 -4.75145e-05 7.27505e-06
49 2.04828e-05 -4.7521e-05 7.27557e-06
50 2.04978e-05 -4.75273e-05 7.2761e-06
51 2.0513e-05 -4.75333e-05 7.27668e-06
52 2.0528e-05 -4.75396e-05 7.27723e-06
53 2.05431e-05 -4.75456e-05 7.27783e-06
54 2.05585e-05 -4.75514e-05 7.27845e-06
55 2.05736e-05 -4.75575e-05 7.27911e-06
56 2.05888e-05 -4.75634e-05 7.27976e-06
57 2.06042e-05 -4.7569e-05 7.28041e-06
58 2.06198e-05 -4.75748e-05 7.28108e-06
59 2.06354e-05 -4.75804e-05 7.28173e-06
60 2.06508e-05 -4.75863e-05 7.28238e-06
61 2.06662e-05 -4.75918e-05 7.28305e-06
62 2.06818e-05 -4.75975e-05 7.28371e-06
63 2.06973e-05 -4.7603e-05 7.28438e-06
64 2.07128e-05 -4.76085e-05 7.28505e-06
65 2.07283e-05 -4.7614e-05 7.28571e-06
66 2.07439e-05 -4.76194e-05 7.28638e-06
67 2.07594e-05 -4.76248e-05 7.28704e-06
68 2.07749e-05 -4.76302e-05 7.2877e-06
69 2.07905e-05 -4.76356e-05 7.28837e-06
70 2.0806e-05 -4.76409e-05 7.28903e-06
71 2.08216e-05 -4.76463e-05 7.28969e-06
72 2.08372e-05 -4.76517e-05 7.29035e-06
73 2.08527e-05 -4.7657e-05 7.291e-06
74 2.08683e-05 -4.76624e-05 7.29165e-06
75 2.08839e-05 -4.76677e-05 7.2923e-06
76 2.08995e-05 -4.76731e-05 7.29295e-06
77 2.09151e-05 -4.76784e-05 7.2936e-06
78 2.09307e-05 -4.76837e-05 7.29424e-06
79 2.09462e-05 -4.7689e-05 7.29489e-06
80 2.09618e-05 -4.76944e-05 7.29553e-06
