26 -0.0107776 -0.0668927 -4.10653e-12
27 -1.31107e-06 4.99086e-07 5.88079e-09
28 0.00557833 -0.00627107 1.07418e-05
29 7.62657e-09 -2.24958e-10 1.19076e-08
30 1.09821e-09 -2.81276e-08 -2.23599e-09
31 1.91221e-08 -1.88168e-07 -5.99357e-09
32 -2.66573e-09 7.72783e-08 1.39053e-08
33 -3.42557e-08 2.66569e-07 -1.4561e-08
34 1.48052e-08 -1.3981e-07 -4.10455e-09
35 -2.46291e-09 5.58943e-08 1.43282e-08
36 -1.87733e-08 1.74137e-07 7.46695e-09
37 3.82406e-08 -3.57117e-07 1.10322e-09
38 -3.58441e-08 2.89158e-07 -1.48939e-08
39 4.04029e-08 -3.12137e-07 4.11774e-09
40 -3.07296e-08 2.29098e-07 -8.06585e-09
41 2.79533e-09 -4.02093e-08 -2.81307e-09
42 -1.61981e-09 1.92188e-08 7.54972e-09
43 3.8026e-08 -3.41726e-07 -3.09274e-09
44 -1.15133e-08 7.45044e-08 -6.93217e-09
45 -5.05133e-09 8.02507e-08 -1.11413e-10
46 -1.58798e-09 -3.17817e-08 -4.34602e-09
47 2.88774e-08 -2.19303e-07 -1.40062e-09
48 -2.5781e-08 1.84952e-07 3.98086e-09
49 3.71215e-08 -3.04272e-07 -1.97906e-09
50 -1.93791e-08 1.76299e-07 8.21456e-09
51 -1.27184e-08 8.78058e-08 -7.36327e-09
52 9.10995e-09 -7.27594e-08 3.95858e-09
53 1.48184e-08 -9.09867e-08 2.38833e-09
54 -1.30622e-08 1.07302e-07 -4.68435e-09
55 -4.54747e-11 -4.99713e-08 -1.31663e-08
56 4.86489e-09 1.53275e-09 1.74177e-08
57 -1.00918e-08 6.18787e-08 -1.39662e-08
58 3.90542e-08 -3.41652e-07 8.45557e-09
59 -2.56755e-08 2.23994e-07 -5.47971e-09
60 -1.19121e-08 6.18922e-08 -1.58889e-08
61 4.87948e-08 -4.13872e-07 1.83172e-08
62 -4.13561e-08 3.41716e-07 -8.46148e-09
63 5.86624e-10 2.31358e-09 -2.71484e-09
64 3.39242e-08 -2.47893e-07 1.6671e-08
65 -1.88002e-08 1.30124e-07 -1.43159e-08
66 -8.25412e-09 9.77954e-08 9.61609e-09
67 9.91577e-09 -9.42994e-08 -6.35737e-09
68 -1.29753e-08 9.98437e-08 -1.71985e-09
69 5.65069e-09 -2.33233e-08 1.55878e-08
70 1.81631e-08 -1.88086e-07 -3.08592e-09
71 3.39969e-09 -1.78033e-08 7.23958e-10
72 -7.25413e-09 1.49568e-08 -1.93168e-08
73 2.86636e-08 -2.24486e-07 1.86137e-08
74 3.70528e-09 -4.57364e-08 -2.84945e-09
75 4.15639e-10 2.96139e-08 1.89948e-09
76 -1.15865e-08 6.76913e-08 -9.9626e-09
77 6.92171e-09 -5.0059e-08 -3.98813e-09
78 -8.41283e-09 7.02432e-08 7.67795e-09
79 -2.7836e-08 2.50447e-07 5.26279e-09
80 1.00304e-08 -6.00765e-08 2.91084e-09
