26 0.0357313 -0.267257 3.94667e-11
27 -2.79929e-05 4.28413e-05 1.86957e-05
28 2.07348e-07 -5.76041e-06 -3.03569e-07
29 0.000416032 -0.000602955 1.42749e-05
30 -8.0351e-06 1.03658e-05 3.40959e-07
31 1.23904e-07 -1.0307e-07 -1.15146e-08
32 -3.59014e-08 2.00337e-08 5.80172e-10
33 -3.12666e-08 5.2652e-08 1.10454e-09
34 -2.02181e-09 -1.57456e-09 5.31852e-10
35 1.39544e-08 -2.44124e-08 2.23783e-09
36 -8.45525e-08 9.51241e-08 -2.69944e-09
37 4.24288e-08 -5.44455e-08 4.97531e-09
38 9.33537e-08 -1.02958e-07 -9.58508e-09
39 -5.30972e-08 5.42607e-08 7.41146e-09
40 -8.21274e-10 3.86876e-09 -4.70783e-09
41 4.809e-08 -3.74287e-08 -2.54175e-10
42 6.94281e-08 -8.63679e-08 8.89779e-09
43 5.27689e-08 -4.89595e-08 -1.05592e-08
44 -1.39526e-08 9.9883e-09 8.79994e-09
45 3.06272e-08 -2.80938e-08 -7.71411e-09
46 1.69134e-08 -1.49519e-08 -1.21856e-09
47 -1.13483e-07 9.4909e-08 1.88337e-08
48 8.69386e-08 -6.52451e-08 -6.64826e-09
49 -2.34195e-08 3.23773e-08 -5.61905e-09
50 -6.78992e-08 5.34244e-08 6.32988e-09
51 9.63014e-08 -1.16531e-07 -4.47177e-09
52 2.6188e-08 -9.67952e-09 4.38373e-10
53 -1.19492e-07 1.25863e-07 4.59869e-09
54 6.79393e-08 -7.81968e-08 2.07879e-09
55 8.31196e-08 -7.84432e-08 -5.96007e-09
56 5.82445e-08 -5.38148e-08 2.61004e-10
57 -1.20418e-07 1.20465e-07 2.3525e-09
58 5.93245e-08 -4.75793e-08 2.94071e-09
59 -1.56858e-07 1.48256e-07 -1.16565e-11
60 1.2697e-08 -1.16779e-08 6.56687e-10
61 3.29919e-09 -1.57327e-08 1.13643e-09
62 -3.20824e-08 2.95704e-08 -7.15009e-09
63 1.33273e-07 -1.34944e-07 1.33897e-09
64 -4.90054e-08 7.00675e-08 7.88873e-09
65 -4.66507e-08 5.47798e-08 -1.9545e-09
66 5.74878e-08 -8.48652e-08 -5.30211e-09
67 -3.96958e-08 6.51073e-08 9.44771e-09
68 -1.56497e-08 4.79736e-09 5.12089e-09
69 1.20942e-07 -1.17828e-07 -6.55153e-09
70 -2.01052e-07 2.23904e-07 9.5615e-09
71 -3.37373e-08 2.55864e-08 -9.80057e-09
72 1.7561e-07 -1.67766e-07 -1.10181e-09
73 -1.24413e-07 1.13347e-07 1.84362e-09
74 3.69432e-08 -2.56766e-08 -9.06258e-10
75 -2.71802e-09 -1.99448e-08 3.31982e-09
76 6.08297e-08 -4.5877e-08 -3.77568e-09
77 4.98494e-09 -1.90535e-08 -1.39764e-09
78 -2.49838e-09 9.29617e-09 -4.9839e-09
79 1.12435e-07 -1.11763e-07 4.9429e-09
80 -7.19665e-08 5.95969e-08 -1.6217e-09
