26 0.0948481 -0.0871081 -6.27731e-12
27 -1.18057e-05 -6.83544e-06 -1.92713e-08
28 0.0110216 0.00294576 1.88757e-05
29 -2.04327e-08 8.24009e-08 -8.00082e-09
30 -6.33613e-08 1.50992e-07 1.39653e-09
31 6.04614e-08 -1.25291e-07 -1.11231e-08
32 -3.89377e-08 7.53053e-08 7.64885e-10
33 1.23641e-08 -3.52385e-08 -7.95808e-10
34 8.72269e-08 -1.80667e-07 9.9817e-10
35 -8.24239e-08 1.7174e-07 -1.98361e-09
36 1.1873e-07 -2.40314e-07 3.9322e-09
37 -8.64629e-08 1.69587e-07 -9.83118e-09
38 3.29983e-08 -6.92499e-08 -1.5898e-09
39 2.43617e-08 -6.77824e-08 1.14906e-08
40 -2.043e-08 4.36571e-08 -1.33186e-08
41 5.11936e-08 -1.12962e-07 -6.25732e-09
42 -4.95725e-08 1.24525e-07 1.95814e-08
43 2.71948e-08 -7.21985e-08 -5.38012e-09
44 -4.84215e-09 -9.07153e-09 5.44242e-09
45 2.9645e-08 -5.41435e-08 -3.21415e-09
46 -6.31567e-08 1.48149e-07 -1.50276e-08
47 -4.9944e-08 1.0699e-07 2.69374e-08
48 6.7676e-08 -1.42954e-07 -1.76774e-08
49 5.31636e-08 -1.29887e-07 -2.59342e-09
50 4.37972e-08 -9.57958e-08 -2.09639e-09
51 9.82018e-08 -2.17152e-07 -3.87536e-09
52 -6.0199e-08 1.08187e-07 -7.35599e-09
53 1.0351e-07 -2.37076e-07 1.7706e-08
54 2.65572e-08 -7.15519e-08 -1.02136e-09
55 -9.00104e-08 2.06885e-07 -9.64837e-09
56 1.03864e-09 -3.63434e-09 1.239e-08
57 -3.55099e-08 8.56448e-08 6.35737e-09
58 -2.92453e-08 7.39435e-08 -3.27418e-09
59 -5.8471e-08 1.2282e-07 -4.27963e-09
60 5.22687e-08 -9.76207e-08 1.02796e-08
61 -4.84715e-09 6.62533e-09 -1.35446e-08
62 -3.12593e-09 1.70946e-08 3.16186e-09
63 2.44095e-08 -5.46238e-08 2.16914e-09
64 -6.33172e-08 1.14592e-07 -1.83491e-09
65 1.25651e-08 2.33559e-08 3.84443e-09
66 -2.06587e-08 -2.54299e-08 -4.28372e-10
67 2.42208e-08 -5.79882e-09 3.38332e-10
68 -5.18112e-08 1.27927e-07 4.23142e-09
69 -3.97395e-08 9.76448e-08 4.7221e-09
70 -6.28993e-08 1.19916e-07 -2.874e-10
71 1.06768e-07 -2.31258e-07 -1.15378e-08
72 5.30481e-08 -1.0444e-07 3.86808e-09
73 -2.30748e-08 4.57603e-08 -1.57434e-09
74 -7.65085e-08 1.65339e-07 4.61523e-09
75 1.96255e-08 -4.53311e-08 4.36694e-09
76 -4.79076e-09 3.27204e-08 -1.00135e-09
77 -1.21631e-08 1.11862e-07 1.6164e-08
78 -6.42831e-09 -7.82438e-08 -1.48948e-08
79 -4.37544e-08 1.09388e-07 1.63072e-09
80 -5.02723e-09 -9.72022e-09 6.7057e-09
