26 -0.860664 3.45132 -2.70835e-09
27 0.000741723 -5.91622e-05 1.30458e-08
28 0.441241 -0.0292445 -3.66599e-06
29 -0.00102228 0.000152201 7.22189e-08
30 -2.91038e-11 -1.13816e-07 -5.82077e-11
31 -5.09317e-11 6.79331e-08 7.38055e-10
32 1.01863e-10 -1.65259e-08 7.80346e-10
33 1.09139e-10 -3.15998e-08 -1.58707e-09
34 -3.63798e-11 1.25469e-08 1.85537e-10
35 1.74623e-10 -5.49934e-08 -1.34423e-09
36 -3.63798e-11 8.41954e-08 -1.91449e-10
37 4.36557e-11 -8.98126e-09 2.08274e-10
38 -3.63798e-11 -3.30726e-10 2.50566e-10
39 -6.54836e-11 -5.12469e-08 -1.56524e-09
40 1.01863e-10 3.81213e-08 -2.16005e-10
41 -5.09317e-11 -1.26301e-07 -6.04814e-11
42 2.18279e-11 1.74778e-07 -1.93995e-09
43 -2.18279e-11 -5.23941e-08 1.92949e-09
44 -8.73115e-11 5.27662e-08 -3.5061e-10
45 -4.36557e-11 -5.83834e-08 1.73168e-09
46 -3.63798e-11 -7.08321e-08 -1.60571e-09
47 -1.45519e-11 4.57435e-08 -9.004e-10
48 -5.82077e-11 -5.30918e-08 -2.66891e-09
49 7.27596e-12 -5.04821e-08 1.69121e-09
50 8.73115e-11 2.52643e-08 7.23048e-11
51 8.00355e-11 -5.6275e-09 2.28692e-09
52 6.54836e-11 4.23483e-08 -1.38516e-09
53 -2.91038e-11 4.94951e-08 1.48611e-09
54 -1.45519e-11 4.61465e-09 -9.86347e-10
55 9.45874e-11 -2.14145e-08 -1.05774e-09
56 -1.45519e-11 4.91437e-09 1.88811e-09
57 -4.36557e-11 5.63112e-08 4.74301e-10
58 -7.27596e-12 1.55544e-09 -3.99996e-09
59 -5.82077e-11 -3.09021e-08 4.21369e-09
60 1.45519e-11 -1.05315e-08 -2.42926e-09
61 1.45519e-11 -5.49211e-08 -2.23008e-09
62 -5.09317e-11 -8.44435e-08 7.83984e-10
63 2.18279e-11 1.58862e-07 2.28374e-09
64 2.18279e-11 -5.34845e-08 -1.67665e-09
65 2.18279e-11 2.71298e-09 -1.42927e-09
66 -5.09317e-11 -5.87089e-08 3.5925e-09
67 -1.45519e-11 8.23971e-08 -2.2319e-09
68 0 -4.70974e-08 9.56788e-10
69 1.45519e-11 -5.42751e-08 -1.18735e-09
70 -1.45519e-11 4.12166e-08 1.31331e-09
71 -7.27596e-12 8.34048e-08 7.77618e-11
72 7.27596e-12 2.34195e-08 -3.99905e-09
73 -2.18279e-11 1.78023e-08 1.05092e-09
74 0 -1.58076e-07 -6.09361e-11
75 4.36557e-11 1.04959e-07 2.94676e-09
76 -5.82077e-11 -5.53552e-08 -2.84945e-09
77 1.45519e-11 4.94538e-08 1.29148e-09
78 4.36557e-11 -9.08565e-08 -1.67438e-09
79 -7.27596e-12 4.30253e-08 2.20552e-09
80 -2.18279e-11 -2.29957e-08 3.16504e-10
