26 -2.41279 16.5211 -6.71424e-09
27 0.000457596 -6.06827e-05 5.30054e-08
28 0.305135 -0.0294134 3.19826e-06
29 -0.000466968 0.000102225 5.02932e-08
30 -2.11003e-10 -4.65023e-08 4.51564e-10
31 4.36557e-11 2.87398e-08 -1.60981e-10
32 1.01863e-10 -8.37709e-08 2.69574e-09
33 1.38243e-10 8.67333e-08 -3.17868e-09
34 1.38243e-10 5.57624e-08 2.7112e-09
35 -2.91038e-11 -1.18123e-07 -5.3933e-10
36 5.09317e-11 5.90746e-08 -7.68523e-10
37 7.27596e-11 3.01832e-08 -2.27374e-09
38 -8.73115e-11 -4.63304e-08 3.15777e-09
39 1.96451e-10 2.38688e-08 -4.12228e-09
40 1.16415e-10 2.79706e-08 5.93991e-09
41 -4.36557e-11 -6.47885e-08 -1.58252e-09
42 1.74623e-10 1.97187e-08 2.03772e-09
43 -4.36557e-11 1.19599e-08 -7.90806e-10
44 -1.45519e-11 3.2249e-09 3.55158e-09
45 2.91038e-11 4.47236e-08 -1.90857e-09
46 1.45519e-10 -3.66936e-08 3.12411e-10
47 8.73115e-11 -5.60811e-08 -2.5866e-09
48 -8.73115e-11 8.23294e-08 2.67119e-09
49 5.82077e-11 -1.0791e-07 -1.5134e-09
50 -9.45874e-11 4.93848e-08 2.79897e-09
51 1.45519e-11 6.81195e-08 -2.73531e-09
52 -5.82077e-11 -4.53816e-08 5.80258e-10
53 1.45519e-11 5.18305e-08 -1.24055e-09
54 -5.82077e-11 8.38104e-09 4.78394e-10
55 -2.91038e-11 7.36512e-09 1.94859e-09
56 4.36557e-11 -2.28505e-08 -4.28372e-09
57 6.54836e-11 -6.4574e-08 9.59972e-10
58 7.27596e-11 -3.42244e-10 1.75714e-09
59 -5.82077e-11 4.27504e-08 1.13141e-09
60 4.36557e-11 -6.21366e-08 -9.06311e-10
61 2.91038e-11 -8.05669e-09 -1.75532e-09
62 2.18279e-11 -2.00541e-08 3.1705e-09
63 3.63798e-11 1.46946e-08 -3.00997e-09
64 6.54836e-11 5.2544e-08 1.06229e-09
65 7.27596e-11 -8.75236e-08 5.16593e-10
66 -7.27596e-12 4.73108e-08 1.97815e-10
67 -7.27596e-11 -2.93131e-08 -5.36602e-10
68 2.18279e-11 4.92131e-08 2.32558e-09
69 -7.27596e-11 2.48183e-08 -1.60344e-09
70 8.73115e-11 -4.44769e-08 -9.52241e-10
71 5.09317e-11 -1.76406e-08 1.53295e-09
72 -4.36557e-11 -4.0708e-08 -1.72213e-09
73 -5.09317e-11 1.05994e-07 1.04865e-09
74 -2.91038e-11 -1.17647e-07 -4.73392e-10
75 1.45519e-11 1.01505e-07 -1.06593e-09
76 1.45519e-11 -3.62836e-08 -3.81533e-10
77 -1.45519e-11 -9.11344e-08 8.08541e-10
78 -2.91038e-11 -1.94676e-08 -1.77306e-09
79 -2.18279e-11 1.0911e-08 -2.83308e-10
80 -7.27596e-12 2.8116e-08 -2.13277e-10
