26 0.853392 -1.3262 4.16164e-10
27 -0.000683195 -2.47771e-05 4.03961e-08
28 -0.535426 -0.0255183 5.19777e-06
29 0.00121023 0.000132082 -8.73542e-08
30 -1.45519e-11 6.74371e-09 -1.22418e-09
31 7.27596e-12 -3.81988e-08 7.21684e-10
32 4.36557e-11 -4.23018e-08 1.47338e-10
33 -7.27596e-11 1.42419e-08 1.18871e-09
34 -4.36557e-11 -3.02665e-08 6.33918e-10
35 -1.74623e-10 2.37657e-08 1.37652e-09
36 -2.91038e-11 6.90183e-08 -2.30193e-09
37 -1.23691e-10 1.15239e-09 6.89397e-10
38 2.18279e-11 -3.93098e-08 -1.73395e-09
39 4.36557e-11 -4.26636e-08 1.58252e-10
40 3.63798e-11 4.56039e-08 -7.48969e-10
41 -1.01863e-10 -2.04584e-08 1.40972e-09
42 -9.45874e-11 1.50842e-08 -9.70886e-10
43 5.09317e-11 -4.23173e-08 -4.73847e-10
44 2.18279e-11 3.98886e-08 3.27418e-11
45 -8.73115e-11 -2.33833e-08 8.30369e-10
46 2.91038e-11 -3.62971e-08 4.87489e-10
47 1.67347e-10 3.2039e-08 -1.08957e-09
48 1.67347e-10 6.40265e-09 9.31777e-10
49 6.54836e-11 -3.85243e-08 -7.59428e-11
50 2.91038e-11 -3.58733e-08 -6.39375e-10
51 8.73115e-11 5.38566e-08 1.31058e-09
52 -1.09139e-10 3.0644e-09 -1.43837e-09
53 -1.16415e-10 1.20715e-08 1.05865e-09
54 -7.27596e-11 -5.54947e-08 7.60338e-10
55 -9.45874e-11 3.81213e-08 -1.67165e-09
56 5.82077e-11 -3.20907e-08 9.12223e-10
57 -9.45874e-11 1.88824e-08 -1.30058e-10
58 1.89175e-10 -3.62299e-08 1.18735e-09
59 5.82077e-11 -6.7592e-08 -1.48884e-09
60 3.63798e-11 2.56106e-08 8.54016e-10
61 -5.82077e-11 4.06174e-09 -1.10049e-10
62 4.36557e-11 7.05117e-08 -1.35697e-09
63 7.27596e-12 -2.38845e-08 1.70076e-10
64 -7.27596e-11 3.09022e-08 2.53931e-09
65 -8.73115e-11 -9.80289e-09 -7.89896e-10
66 4.36557e-11 2.52282e-08 -1.41154e-09
67 -7.27596e-11 -2.76155e-08 1.28512e-09
68 -2.03727e-10 -3.62402e-08 1.1546e-09
69 1.67347e-10 -1.85103e-08 -2.20098e-10
70 -1.89175e-10 -1.92544e-08 6.43468e-10
71 1.38243e-10 -2.26338e-09 -8.58563e-10
72 -2.47383e-10 3.54135e-08 3.10229e-09
73 4.36557e-11 3.01064e-08 -1.29239e-09
74 2.91038e-11 -2.57294e-08 1.0732e-10
75 3.49246e-10 -3.07469e-09 -3.64253e-10
76 3.27418e-10 5.20169e-08 1.89357e-09
77 6.54836e-11 6.03419e-08 -3.12502e-09
78 3.20142e-10 -3.1331e-08 5.6707e-10
79 3.63798e-11 5.49883e-08 -1.23146e-09
80 5.82077e-11 -1.05418e-08 2.82671e-09
