26 0.915918 -0.850785 1.55424e-09
27 -2.24868e-07 1.01799e-05 2.04091e-09
28 -0.00367898 -0.143675 -9.28256e-07
29 1980.77 227.094 -1.03864e-09
30 1724.75 640.174 -1.27329e-10
31 1660.21 568.999 4.43833e-10
32 1681.93 578.978 -4.56566e-10
33 1674.88 576.332 -2.39197e-10
34 1673.23 573.819 2.81943e-10
35 1671.51 571.175 1.20872e-09
36 1669.98 568.613 -5.61158e-10
37 1668.49 566.144 -3.18323e-10
38 1667.17 563.765 4.93856e-10
39 1665.87 561.442 -7.80346e-10
40 1664.62 559.193 1.20053e-10
41 1663.5 556.994 2.03727e-10
42 1662.39 554.819 1.9827e-10
43 1661.35 552.701 6.04814e-10
44 1660.32 550.621 -4.91127e-11
45 1659.33 548.577 -1.27329e-10
46 1658.36 546.567 -8.62201e-10
47 1657.44 544.588 2.80124e-10
48 1656.52 542.648 3.90173e-10
49 1655.63 540.744 4.15639e-10
50 1654.75 538.873 -3.13776e-10
51 1653.89 537.043 6.33918e-10
52 1653.04 535.253 -1.87356e-10
53 1652.21 533.491 3.09228e-10
54 1651.39 531.76 -9.82254e-11
55 1650.6 530.059 -1.35424e-09
56 1649.81 528.384 1.18234e-10
57 1649.04 526.737 1.25874e-09
58 1648.28 525.118 -1.21963e-09
59 1647.53 523.525 6.09361e-10
60 1646.79 521.955 -7.18501e-11
61 1646.05 520.436 -9.82254e-11
62 1645.33 518.891 -5.00222e-11
63 1644.62 517.401 8.18545e-12
64 1643.91 515.929 2.00089e-10
65 1643.2 514.492 -1.29148e-10
66 1642.52 513.063 4.19277e-10
67 1641.83 511.66 -6.44832e-10
68 1641.16 510.283 -4.84761e-10
69 1640.46 508.951 -8.1036e-10
70 1639.76 507.644 9.33142e-10
71 1639.07 506.356 9.27685e-11
72 1638.39 505.088 1.15142e-09
73 1637.71 503.84 -9.44965e-10
74 1637.05 502.612 -7.51243e-10
75 1636.39 501.404 1.53523e-09
76 1635.73 500.214 -4.83851e-10
77 1635.08 499.043 3.91992e-10
78 1634.45 497.891 -3.4197e-10
79 1633.81 496.757 9.64974e-10
80 1633.19 495.641 -1.00044e-10
