26 -0.0265734 -0.14057 -1.726e-11
27 -1.73887e-06 -8.37112e-06 1.9339e-08
28 -0.0010114 0.00268504 -3.85765e-06
29 1.19751e-05 -9.02382e-06 1.18501e-06
30 -4.30082e-08 -2.67935e-08 -1.57843e-09
31 -7.81256e-09 -2.7225e-08 3.04431e-09
32 4.73469e-08 4.64702e-08 6.46651e-10
33 -3.28855e-08 -3.05433e-08 -3.20671e-09
34 -2.18993e-08 -1.7609e-08 -4.07147e-09
35 7.31443e-08 7.89955e-08 -3.14827e-09
36 1.19962e-08 2.75049e-08 5.01581e-09
37 -4.00178e-08 -5.13776e-08 -5.87409e-09
38 5.76979e-08 7.44274e-08 -3.50946e-09
39 -7.47318e-08 -8.61255e-08 6.27733e-09
40 1.2484e-07 1.40347e-07 -4.11836e-09
41 4.1267e-08 4.66305e-08 3.64014e-09
42 -2.80311e-08 -4.10932e-08 8.32699e-10
43 -6.03695e-08 -6.21599e-08 -3.64122e-09
44 5.76138e-08 7.87136e-08 1.58366e-09
45 -1.08758e-07 -1.22519e-07 -7.77447e-10
46 -7.51515e-09 -3.05365e-08 1.47548e-09
47 3.52229e-08 4.29759e-08 1.78119e-09
48 -3.45667e-08 -2.92928e-08 -5.89921e-10
49 8.03202e-08 9.52164e-08 -3.58119e-09
50 5.34092e-08 4.26751e-08 4.84124e-09
51 -1.28839e-07 -1.41189e-07 -1.60094e-09
52 6.72594e-08 8.90243e-08 -1.1288e-09
53 4.66439e-08 5.10604e-08 -1.15188e-09
54 -3.67609e-08 -4.68683e-08 -1.80648e-10
55 -5.37316e-08 -5.76847e-08 1.76055e-09
56 5.54373e-08 5.10845e-08 6.51085e-10
57 -5.37661e-08 -5.76019e-08 -1.71127e-09
58 -1.42622e-08 -1.83891e-08 3.3034e-09
59 -5.0818e-09 4.01769e-10 -9.12547e-09
60 9.67248e-09 9.04265e-10 5.92956e-09
61 -3.10492e-08 -2.7499e-08 2.01049e-09
62 -8.9783e-08 -1.12521e-07 -3.80788e-09
63 4.42919e-08 4.97068e-08 2.06342e-10
64 7.52743e-09 1.95089e-08 -2.90999e-09
65 -3.05026e-08 -3.91351e-08 -3.16572e-09
66 6.542e-08 7.29983e-08 5.59743e-09
67 1.05083e-08 7.29642e-09 5.46311e-09
68 -2.15691e-08 -3.01131e-08 -6.0964e-09
69 7.96035e-09 5.87374e-09 -5.47897e-09
70 -4.33392e-08 -5.11648e-08 4.09074e-09
71 9.78253e-08 1.12495e-07 7.4383e-09
72 -6.38765e-08 -8.81887e-08 5.17787e-10
73 -2.10971e-08 -1.94404e-09 -6.21282e-09
74 5.83209e-08 5.52477e-08 2.64606e-10
75 -3.73061e-08 -4.00319e-08 4.40343e-09
76 5.29799e-08 5.71106e-08 -4.29003e-09
77 3.20997e-08 3.27082e-08 2.17597e-10
78 -7.71297e-08 -6.7517e-08 7.88378e-09
79 -9.82982e-09 -2.54145e-08 -1.06262e-08
80 -1.51349e-08 -1.58589e-08 2.90578e-09
