26 1.07018e-09 1.8047e-08 1.95424e-08
27 -8.9707e-07 0.000186616 7.03517e-05
28 2.31932e-07 0.000146539 5.42369e-05
29 -1.55163e-06 -1.63641e-05 5.97372e-06
30 -1.35825e-06 -1.45233e-05 5.95226e-06
31 -9.7505e-07 -1.54519e-05 6.0051e-06
32 -9.2168e-07 -1.55054e-05 5.97436e-06
33 -9.03046e-07 -1.55546e-05 5.97249e-06
34 -8.91641e-07 -1.55888e-05 5.97166e-06
35 -8.77635e-07 -1.56149e-05 5.97105e-06
36 -8.64305e-07 -1.56384e-05 5.97115e-06
37 -8.51193e-07 -1.56585e-05 5.971e-06
38 -8.37653e-07 -1.56761e-05 5.97149e-06
39 -8.23931e-07 -1.56909e-05 5.97174e-06
40 -8.11095e-07 -1.57048e-05 5.97209e-06
41 -7.97745e-07 -1.57185e-05 5.97301e-06
42 -7.84185e-07 -1.57285e-05 5.97362e-06
43 -7.70335e-07 -1.57387e-05 5.97453e-06
44 -7.5686e-07 -1.57475e-05 5.97526e-06
45 -7.43097e-07 -1.5756e-05 5.97613e-06
46 -7.29408e-07 -1.57632e-05 5.97698e-06
47 -7.15683e-07 -1.57703e-05 5.97792e-06
48 -7.02001e-07 -1.5777e-05 5.97884e-06
49 -6.88333e-07 -1.57828e-05 5.97977e-06
50 -6.74662e-07 -1.57883e-05 5.98074e-06
51 -6.6095e-07 -1.57937e-05 5.98176e-06
52 -6.47276e-07 -1.57988e-05 5.9827e-06
53 -6.3361e-07 -1.58036e-05 5.98369e-06
54 -6.19893e-07 -1.58084e-05 5.98474e-06
55 -6.06387e-07 -1.5813e-05 5.98578e-06
56 -5.92769e-07 -1.58176e-05 5.98681e-06
57 -5.7911e-07 -1.58219e-05 5.98787e-06
58 -5.65376e-07 -1.58264e-05 5.98896e-06
59 -5.51642e-07 -1.58312e-05 5.99007e-06
60 -5.3799e-07 -1.58356e-05 5.9911e-06
61 -5.24292e-07 -1.58397e-05 5.99216e-06
62 -5.1061e-07 -1.58441e-05 5.99326e-06
63 -4.96923e-07 -1.58482e-05 5.99431e-06
64 -4.83251e-07 -1.58522e-05 5.99536e-06
65 -4.69556e-07 -1.58561e-05 5.99642e-06
66 -4.55883e-07 -1.586e-05 5.99747e-06
67 -4.42193e-07 -1.58639e-05 5.99852e-06
68 -4.28512e-07 -1.58677e-05 5.99957e-06
69 -4.14832e-07 -1.58715e-05 6.00061e-06
70 -4.01155e-07 -1.58753e-05 6.00166e-06
71 -3.87465e-07 -1.58791e-05 6.0027e-06
72 -3.73787e-07 -1.58829e-05 6.00374e-06
73 -3.601e-07 -1.58866e-05 6.00477e-06
74 -3.46406e-07 -1.58904e-05 6.00581e-06
75 -3.32734e-07 -1.58941e-05 6.00684e-06
76 -3.19066e-07 -1.58978e-05 6.00787e-06
77 -3.05388e-07 -1.59015e-05 6.0089e-06
78 -2.91706e-07 -1.59053e-05 6.00992e-06
79 -2.78034e-07 -1.5909e-05 6.01095e-06
80 -2.64367e-07 -1.59127e-05 6.01197e-06
