26 1.05925e-09 1.06769e-08 2.18e-08
27 -1.0174e-06 0.000160855 7.52526e-05
28 1.03673e-07 0.000126669 5.80749e-05
29 -1.71407e-06 -1.86393e-05 6.91657e-06
30 -1.51997e-06 -1.67934e-05 6.90945e-06
31 -1.13659e-06 -1.774e-05 6.95809e-06
32 -1.08323e-06 -1.77818e-05 6.92332e-06
33 -1.06456e-06 -1.78304e-05 6.9213e-06
34 -1.05313e-06 -1.78643e-05 6.92019e-06
35 -1.0391e-06 -1.78902e-05 6.91947e-06
36 -1.02575e-06 -1.79137e-05 6.91945e-06
37 -1.01262e-06 -1.79336e-05 6.91923e-06
38 -9.99065e-07 -1.79515e-05 6.91967e-06
39 -9.85328e-07 -1.79663e-05 6.9199e-06
40 -9.72481e-07 -1.79803e-05 6.92027e-06
41 -9.59122e-07 -1.79944e-05 6.92117e-06
42 -9.45549e-07 -1.80045e-05 6.92181e-06
43 -9.31689e-07 -1.80151e-05 6.92273e-06
44 -9.18204e-07 -1.80242e-05 6.92352e-06
45 -9.04433e-07 -1.8033e-05 6.92444e-06
46 -8.90734e-07 -1.80405e-05 6.92535e-06
47 -8.77001e-07 -1.80479e-05 6.92636e-06
48 -8.63312e-07 -1.8055e-05 6.92735e-06
49 -8.49636e-07 -1.80611e-05 6.92836e-06
50 -8.35956e-07 -1.8067e-05 6.9294e-06
51 -8.22237e-07 -1.80727e-05 6.9305e-06
52 -8.08556e-07 -1.80782e-05 6.93153e-06
53 -7.94882e-07 -1.80834e-05 6.93261e-06
54 -7.81159e-07 -1.80885e-05 6.93374e-06
55 -7.67647e-07 -1.80935e-05 6.93488e-06
56 -7.54023e-07 -1.80985e-05 6.93601e-06
57 -7.40357e-07 -1.81032e-05 6.93716e-06
58 -7.26617e-07 -1.81081e-05 6.93834e-06
59 -7.12877e-07 -1.81133e-05 6.93953e-06
60 -6.99219e-07 -1.81181e-05 6.94066e-06
61 -6.85515e-07 -1.81226e-05 6.94182e-06
62 -6.71828e-07 -1.81274e-05 6.943e-06
63 -6.58135e-07 -1.81319e-05 6.94415e-06
64 -6.44457e-07 -1.81362e-05 6.9453e-06
65 -6.30756e-07 -1.81406e-05 6.94645e-06
66 -6.17078e-07 -1.81449e-05 6.94759e-06
67 -6.03382e-07 -1.81491e-05 6.94874e-06
68 -5.89695e-07 -1.81533e-05 6.94988e-06
69 -5.76009e-07 -1.81575e-05 6.95103e-06
70 -5.62327e-07 -1.81617e-05 6.95217e-06
71 -5.48631e-07 -1.81659e-05 6.9533e-06
72 -5.34948e-07 -1.817e-05 6.95444e-06
73 -5.21255e-07 -1.81742e-05 6.95557e-06
74 -5.07555e-07 -1.81783e-05 6.9567e-06
75 -4.93878e-07 -1.81824e-05 6.95783e-06
76 -4.80205e-07 -1.81865e-05 6.95895e-06
77 -4.66521e-07 -1.81906e-05 6.96007e-06
78 -4.52835e-07 -1.81947e-05 6.96119e-06
79 -4.39157e-07 -1.81988e-05 6.96231e-06
80 -4.25484e-07 -1.82029e-05 6.96342e-06
