26 1.58507e-09 -4.4704e-08 -1.55871e-09
27 -1.32368e-05 -5.20967e-05 -1.87801e-05
28 -8.61546e-06 -3.98804e-05 -1.51962e-05
29 -2.38713e-06 -5.99411e-05 -7.86393e-06
30 -2.60918e-06 -5.83556e-05 -7.96462e-06
31 -1.99321e-06 -5.95228e-05 -8.00898e-06
32 -1.92359e-06 -5.93489e-05 -7.96197e-06
33 -1.90932e-06 -5.93886e-05 -7.96102e-06
34 -1.89601e-06 -5.94115e-05 -7.95795e-06
35 -1.88243e-06 -5.94313e-05 -7.95626e-06
36 -1.86846e-06 -5.94505e-05 -7.9546e-06
37 -1.85548e-06 -5.94666e-05 -7.95325e-06
38 -1.84172e-06 -5.94831e-05 -7.9522e-06
39 -1.8282e-06 -5.94968e-05 -7.95143e-06
40 -1.81588e-06 -5.95108e-05 -7.95088e-06
41 -1.80232e-06 -5.95257e-05 -7.95015e-06
42 -1.78909e-06 -5.9537e-05 -7.94983e-06
43 -1.77511e-06 -5.95492e-05 -7.94938e-06
44 -1.76204e-06 -5.95605e-05 -7.94924e-06
45 -1.74855e-06 -5.95717e-05 -7.9491e-06
46 -1.73509e-06 -5.95818e-05 -7.94901e-06
47 -1.72162e-06 -5.95924e-05 -7.94903e-06
48 -1.70823e-06 -5.96026e-05 -7.94906e-06
49 -1.69495e-06 -5.96121e-05 -7.94916e-06
50 -1.68162e-06 -5.96215e-05 -7.94928e-06
51 -1.66815e-06 -5.96309e-05 -7.9494e-06
52 -1.65485e-06 -5.96401e-05 -7.94959e-06
53 -1.64157e-06 -5.96491e-05 -7.94979e-06
54 -1.62811e-06 -5.96583e-05 -7.95e-06
55 -1.61498e-06 -5.96675e-05 -7.95027e-06
56 -1.60171e-06 -5.96766e-05 -7.95053e-06
57 -1.58835e-06 -5.96855e-05 -7.95078e-06
58 -1.57482e-06 -5.96947e-05 -7.95104e-06
59 -1.56121e-06 -5.97039e-05 -7.95124e-06
60 -1.54783e-06 -5.9713e-05 -7.95154e-06
61 -1.53438e-06 -5.97217e-05 -7.95182e-06
62 -1.52085e-06 -5.97308e-05 -7.95207e-06
63 -1.50739e-06 -5.97396e-05 -7.95237e-06
64 -1.49396e-06 -5.97483e-05 -7.95268e-06
65 -1.48049e-06 -5.97569e-05 -7.95298e-06
66 -1.46702e-06 -5.97655e-05 -7.95328e-06
67 -1.45352e-06 -5.97741e-05 -7.9536e-06
68 -1.44003e-06 -5.97826e-05 -7.95391e-06
69 -1.42654e-06 -5.97911e-05 -7.95423e-06
70 -1.41303e-06 -5.97996e-05 -7.95454e-06
71 -1.3995e-06 -5.98081e-05 -7.95486e-06
72 -1.38597e-06 -5.98165e-05 -7.95518e-06
73 -1.37242e-06 -5.9825e-05 -7.9555e-06
74 -1.35885e-06 -5.98334e-05 -7.95582e-06
75 -1.3453e-06 -5.98418e-05 -7.95614e-06
76 -1.33175e-06 -5.98502e-05 -7.95647e-06
77 -1.31817e-06 -5.98586e-05 -7.95679e-06
78 -1.30458e-06 -5.98669e-05 -7.95711e-06
79 -1.291e-06 -5.98753e-05 -7.95744e-06
80 -1.27741e-06 -5.98836e-05 -7.95776e-06
