26 0.773832 -4.75298 -1.82323e-09
27 1.1622 -16601 -9.4837e-07
28 -1192.85 -13327.1 -0.00589725
29 1309.45 -6538.82 -7.9329e-05
30 784.656 -6352.1 -2.0332e-05
31 817.497 -6343.41 1.09185e-09
32 811.362 -6333.19 -9.33142e-10
33 808.643 -6317.92 4.5884e-10
34 803.172 -6308.11 -2.82853e-10
35 798.158 -6299.42 -6.21185e-10
36 792.805 -6291.79 1.56706e-09
37 787.34 -6284.97 -1.35788e-09
38 781.945 -6278.83 -1.10185e-09
39 776.404 -6273.17 2.09093e-09
40 771.225 -6268.02 -2.02635e-09
41 765.91 -6263.17 -9.32232e-10
42 760.228 -6258.62 7.76708e-10
43 754.606 -6254.29 -1.15597e-09
44 749.162 -6250.16 -5.25688e-10
45 743.749 -6246.15 1.437e-10
46 738.138 -6242.29 3.46517e-10
47 732.764 -6238.54 2.95586e-11
48 727.395 -6234.87 -8.76753e-10
49 721.926 -6231.31 -8.98581e-10
50 716.509 -6227.82 4.92946e-10
51 711.086 -6224.38 -7.30324e-10
52 705.789 -6220.97 1.15688e-09
53 700.485 -6217.62 1.40972e-10
54 695.21 -6214.3 -1.43473e-09
55 690.064 -6211.03 3.09683e-10
56 684.935 -6207.76 -3.9654e-10
57 679.764 -6204.52 2.25646e-09
58 674.687 -6201.29 -7.8353e-10
59 669.632 -6198.05 -1.02909e-09
60 664.656 -6194.82 8.4583e-11
61 659.632 -6191.63 6.05723e-10
62 654.697 -6188.41 -7.65795e-10
63 649.759 -6185.22 -1.55978e-10
64 644.864 -6182.03 1.27193e-09
65 639.979 -6178.84 2.81943e-11
66 635.137 -6175.65 -2.00998e-09
67 630.325 -6172.47 1.01272e-09
68 625.544 -6169.28 -1.04137e-09
69 620.799 -6166.1 3.11047e-10
70 616.084 -6162.91 -6.39375e-10
71 611.403 -6159.72 1.45747e-09
72 606.753 -6156.53 -1.25146e-09
73 602.141 -6153.34 -3.43789e-10
74 597.559 -6150.15 -4.8658e-10
75 593.008 -6146.96 1.93722e-10
76 588.491 -6143.76 -5.44333e-10
77 584.005 -6140.56 -4.69299e-10
78 579.552 -6137.36 1.51067e-09
79 575.127 -6134.16 -6.14818e-10
80 570.736 -6130.95 8.88576e-10
