26 4.62402e-09 -4.55959e-08 3.21139e-09
27 3.61412e-05 -2.69741e-05 1.91675e-05
28 3.00759e-05 -2.23024e-05 1.49696e-05
29 1.81736e-05 -4.87487e-05 7.62811e-06
30 1.80603e-05 -4.74862e-05 7.68708e-06
31 1.89067e-05 -4.82352e-05 7.74595e-06
32 1.88342e-05 -4.81787e-05 7.69654e-06
33 1.88458e-05 -4.82211e-05 7.69554e-06
34 1.88528e-05 -4.82439e-05 7.69319e-06
35 1.88625e-05 -4.8265e-05 7.6918e-06
36 1.88739e-05 -4.82821e-05 7.69088e-06
37 1.88844e-05 -4.82978e-05 7.68999e-06
38 1.88972e-05 -4.83114e-05 7.68966e-06
39 1.89097e-05 -4.83239e-05 7.68931e-06
40 1.89215e-05 -4.83367e-05 7.68915e-06
41 1.89354e-05 -4.83472e-05 7.68931e-06
42 1.89489e-05 -4.83564e-05 7.68943e-06
43 1.89636e-05 -4.83647e-05 7.68969e-06
44 1.89774e-05 -4.83736e-05 7.69e-06
45 1.89919e-05 -4.83818e-05 7.6904e-06
46 1.90064e-05 -4.8389e-05 7.69079e-06
47 1.90212e-05 -4.83966e-05 7.69131e-06
48 1.90359e-05 -4.84038e-05 7.69182e-06
49 1.90506e-05 -4.84104e-05 7.69237e-06
50 1.90655e-05 -4.84168e-05 7.69296e-06
51 1.90806e-05 -4.84229e-05 7.69358e-06
52 1.90954e-05 -4.84293e-05 7.69418e-06
53 1.91104e-05 -4.84354e-05 7.69482e-06
54 1.91257e-05 -4.84412e-05 7.6955e-06
55 1.91406e-05 -4.84474e-05 7.6962e-06
56 1.91557e-05 -4.84534e-05 7.6969e-06
57 1.9171e-05 -4.8459e-05 7.69761e-06
58 1.91864e-05 -4.84649e-05 7.69834e-06
59 1.92019e-05 -4.84706e-05 7.69904e-06
60 1.92172e-05 -4.84766e-05 7.69975e-06
61 1.92325e-05 -4.84822e-05 7.70047e-06
62 1.9248e-05 -4.84879e-05 7.70119e-06
63 1.92634e-05 -4.84935e-05 7.70191e-06
64 1.92787e-05 -4.84992e-05 7.70263e-06
65 1.92941e-05 -4.85047e-05 7.70335e-06
66 1.93095e-05 -4.85102e-05 7.70407e-06
67 1.93249e-05 -4.85157e-05 7.70478e-06
68 1.93403e-05 -4.85212e-05 7.7055e-06
69 1.93557e-05 -4.85266e-05 7.70622e-06
70 1.93711e-05 -4.85321e-05 7.70693e-06
71 1.93866e-05 -4.85375e-05 7.70764e-06
72 1.9402e-05 -4.85429e-05 7.70836e-06
73 1.94174e-05 -4.85484e-05 7.70906e-06
74 1.94329e-05 -4.85538e-05 7.70977e-06
75 1.94483e-05 -4.85592e-05 7.71048e-06
76 1.94638e-05 -4.85647e-05 7.71118e-06
77 1.94792e-05 -4.85701e-05 7.71188e-06
78 1.94947e-05 -4.85755e-05 7.71257e-06
79 1.95102e-05 -4.85809e-05 7.71327e-06
80 1.95256e-05 -4.85863e-05 7.71396e-06
