26 1.03177e-09 2.99198e-08 6.86841e-09
27 -5.9638e-07 0.0002402 4.89838e-05
28 5.52411e-07 0.000187803 3.76702e-05
29 -1.14574e-06 -1.21372e-05 3.6088e-06
30 -9.5416e-07 -1.03292e-05 3.55748e-06
31 -5.71393e-07 -1.1208e-05 3.6166e-06
32 -5.18007e-07 -1.12841e-05 3.59605e-06
33 -4.99456e-07 -1.13347e-05 3.59461e-06
34 -4.88125e-07 -1.13694e-05 3.59446e-06
35 -4.74174e-07 -1.1396e-05 3.59412e-06
36 -4.6089e-07 -1.14192e-05 3.59449e-06
37 -4.47825e-07 -1.14393e-05 3.59453e-06
38 -4.34321e-07 -1.14565e-05 3.59512e-06
39 -4.20636e-07 -1.1471e-05 3.5954e-06
40 -4.07829e-07 -1.14846e-05 3.5957e-06
41 -3.94502e-07 -1.14976e-05 3.59663e-06
42 -3.80973e-07 -1.1507e-05 3.59714e-06
43 -3.67149e-07 -1.15165e-05 3.598e-06
44 -3.53697e-07 -1.15247e-05 3.59858e-06
45 -3.39956e-07 -1.15324e-05 3.59931e-06
46 -3.26291e-07 -1.1539e-05 3.60001e-06
47 -3.12585e-07 -1.15453e-05 3.60076e-06
48 -2.98923e-07 -1.15513e-05 3.60149e-06
49 -2.85276e-07 -1.15563e-05 3.60221e-06
50 -2.71624e-07 -1.15612e-05 3.60297e-06
51 -2.57932e-07 -1.15657e-05 3.60378e-06
52 -2.44276e-07 -1.15701e-05 3.60449e-06
53 -2.30627e-07 -1.15741e-05 3.60524e-06
54 -2.16928e-07 -1.15781e-05 3.60606e-06
55 -2.03437e-07 -1.15819e-05 3.60684e-06
56 -1.89834e-07 -1.15856e-05 3.60763e-06
57 -1.76191e-07 -1.15891e-05 3.60845e-06
58 -1.62472e-07 -1.15928e-05 3.60929e-06
59 -1.48752e-07 -1.15967e-05 3.61017e-06
60 -1.35115e-07 -1.16003e-05 3.61094e-06
61 -1.21432e-07 -1.16035e-05 3.61176e-06
62 -1.07765e-07 -1.16072e-05 3.61261e-06
63 -9.40926e-08 -1.16104e-05 3.61342e-06
64 -8.0435e-08 -1.16136e-05 3.61421e-06
65 -6.67539e-08 -1.16167e-05 3.61501e-06
66 -5.30961e-08 -1.16198e-05 3.61581e-06
67 -3.94199e-08 -1.16228e-05 3.61661e-06
68 -2.57537e-08 -1.16258e-05 3.6174e-06
69 -1.20868e-08 -1.16288e-05 3.6182e-06
70 1.57585e-09 -1.16318e-05 3.61899e-06
71 1.52517e-08 -1.16348e-05 3.61978e-06
72 2.89158e-08 -1.16377e-05 3.62057e-06
73 4.25895e-08 -1.16407e-05 3.62135e-06
74 5.62699e-08 -1.16436e-05 3.62213e-06
75 6.9928e-08 -1.16466e-05 3.62292e-06
76 8.35825e-08 -1.16495e-05 3.6237e-06
77 9.72477e-08 -1.16524e-05 3.62448e-06
78 1.10916e-07 -1.16553e-05 3.62525e-06
79 1.24575e-07 -1.16582e-05 3.62603e-06
80 1.38229e-07 -1.16612e-05 3.6268e-06
