26 -1.10277e-08 -3.76695e-08 -1.19343e-09
27 -6.54604e-05 -1.01105e-05 8.66213e-06
28 -5.08853e-05 -6.01758e-06 6.72436e-06
29 -2.45065e-05 -4.21875e-05 3.73059e-06
30 -2.46859e-05 -4.05013e-05 3.90115e-06
31 -2.4315e-05 -4.15097e-05 3.90704e-06
32 -2.41264e-05 -4.14407e-05 3.86993e-06
33 -2.4105e-05 -4.1484e-05 3.87182e-06
34 -2.40851e-05 -4.1513e-05 3.86974e-06
35 -2.40668e-05 -4.15365e-05 3.86898e-06
36 -2.40494e-05 -4.15589e-05 3.86799e-06
37 -2.40332e-05 -4.15778e-05 3.86731e-06
38 -2.40175e-05 -4.15961e-05 3.86672e-06
39 -2.40022e-05 -4.16114e-05 3.86635e-06
40 -2.39886e-05 -4.16264e-05 3.86615e-06
41 -2.39742e-05 -4.16423e-05 3.86572e-06
42 -2.39605e-05 -4.16541e-05 3.86561e-06
43 -2.39463e-05 -4.16668e-05 3.86534e-06
44 -2.39332e-05 -4.16781e-05 3.86533e-06
45 -2.39199e-05 -4.16894e-05 3.86529e-06
46 -2.39067e-05 -4.16994e-05 3.86527e-06
47 -2.38938e-05 -4.17096e-05 3.86531e-06
48 -2.3881e-05 -4.17195e-05 3.86537e-06
49 -2.38685e-05 -4.17285e-05 3.86548e-06
50 -2.38559e-05 -4.17374e-05 3.86559e-06
51 -2.38433e-05 -4.17461e-05 3.86568e-06
52 -2.3831e-05 -4.17547e-05 3.86582e-06
53 -2.38187e-05 -4.1763e-05 3.86598e-06
54 -2.38063e-05 -4.17714e-05 3.86612e-06
55 -2.37944e-05 -4.17797e-05 3.8663e-06
56 -2.37823e-05 -4.1788e-05 3.86648e-06
57 -2.37701e-05 -4.1796e-05 3.86664e-06
58 -2.37579e-05 -4.18043e-05 3.86679e-06
59 -2.37454e-05 -4.18128e-05 3.86688e-06
60 -2.37333e-05 -4.18209e-05 3.86706e-06
61 -2.37212e-05 -4.18288e-05 3.86722e-06
62 -2.37089e-05 -4.1837e-05 3.86735e-06
63 -2.36968e-05 -4.18447e-05 3.86752e-06
64 -2.36847e-05 -4.18525e-05 3.86769e-06
65 -2.36726e-05 -4.18602e-05 3.86785e-06
66 -2.36605e-05 -4.18678e-05 3.86802e-06
67 -2.36483e-05 -4.18754e-05 3.86818e-06
68 -2.36362e-05 -4.18829e-05 3.86835e-06
69 -2.36241e-05 -4.18905e-05 3.86851e-06
70 -2.3612e-05 -4.1898e-05 3.86867e-06
71 -2.35998e-05 -4.19055e-05 3.86883e-06
72 -2.35877e-05 -4.19129e-05 3.86899e-06
73 -2.35756e-05 -4.19204e-05 3.86914e-06
74 -2.35634e-05 -4.19278e-05 3.86929e-06
75 -2.35513e-05 -4.19352e-05 3.86944e-06
76 -2.35391e-05 -4.19426e-05 3.86959e-06
77 -2.3527e-05 -4.19499e-05 3.86974e-06
78 -2.35148e-05 -4.19573e-05 3.86988e-06
79 -2.35026e-05 -4.19646e-05 3.87003e-06
80 -2.34905e-05 -4.19719e-05 3.87017e-06
