26 -0.413034 0.206883 -7.00826e-11
27 -5.69632e-06 8.24962e-06 -1.39698e-08
28 -0.016435 -0.0806947 0.000126786
29 -5.75469e-08 -7.65661e-09 -5.42059e-10
30 -3.61383e-08 -1.17691e-08 -3.47427e-10
31 3.8433e-08 1.96497e-08 -5.08408e-10
32 -5.5079e-09 4.24279e-10 -2.19916e-09
33 5.43378e-09 -7.90743e-09 1.55342e-09
34 -4.55143e-08 3.28168e-09 -2.87218e-09
35 1.15065e-08 -1.60931e-08 3.07682e-09
36 3.31333e-08 2.33257e-08 -3.14321e-09
37 -1.33314e-08 -1.2453e-08 3.03044e-09
38 -3.36695e-08 -4.2636e-09 1.18871e-09
39 2.95759e-08 1.41353e-08 5.32964e-10
40 -6.14032e-08 -3.1626e-09 1.60708e-09
41 -3.70001e-08 -3.28851e-09 -2.74576e-09
42 -2.61789e-08 -6.72696e-09 -6.41194e-10
43 -3.60019e-08 1.61748e-10 4.26371e-09
44 -1.33878e-09 2.31412e-09 -1.59707e-09
45 2.28815e-08 1.24172e-08 -1.12595e-09
46 -2.03991e-08 5.86317e-09 4.09273e-11
47 -3.62979e-08 -8.73447e-09 -5.91172e-11
48 -2.02531e-08 -2.07887e-08 3.83261e-09
49 1.97965e-08 -2.1827e-09 -1.82717e-09
50 7.72025e-09 -5.5648e-09 9.07676e-10
51 -3.33162e-08 3.66984e-09 -1.91903e-09
52 9.818e-09 9.31502e-09 -1.1878e-09
53 1.14778e-09 -2.81349e-09 9.004e-10
54 4.31337e-08 6.5948e-09 1.04228e-09
55 -9.13678e-09 2.13996e-09 -1.61253e-09
56 -2.38392e-08 2.92317e-09 -8.74934e-10
57 3.32739e-09 1.56068e-08 -8.54016e-10
58 6.48333e-08 -8.01452e-09 1.74714e-09
59 2.30953e-08 1.38738e-08 -1.51067e-09
60 -1.80921e-08 2.80801e-09 -1.11686e-09
61 4.6065e-08 9.61688e-09 2.60297e-09
62 -1.40367e-08 -1.08347e-08 -9.3678e-10
63 -2.51589e-08 2.25878e-08 2.7776e-09
64 -5.55247e-10 -3.12571e-09 9.73159e-10
65 4.23211e-08 -1.91944e-08 -1.43882e-09
66 -1.86337e-08 1.18754e-08 -8.66748e-10
67 6.48097e-08 -1.41648e-09 2.06364e-09
68 -7.10675e-08 5.02305e-09 1.70985e-10
69 -3.29646e-09 1.61037e-10 -1.20872e-09
70 1.27593e-08 5.69912e-10 1.36424e-10
71 -3.14935e-08 1.54623e-09 -5.92081e-10
72 4.07422e-08 5.03081e-09 -2.77214e-09
73 3.46868e-08 -1.71892e-09 1.1878e-09
74 8.72978e-09 5.25384e-09 2.8258e-09
75 -1.99193e-08 -1.12141e-08 -2.28374e-09
76 -3.92624e-08 6.42041e-09 2.34195e-09
77 3.10565e-08 -2.11034e-09 -2.16733e-09
78 1.13087e-08 -5.4028e-09 -2.80124e-10
79 4.90218e-09 -2.69841e-09 2.91675e-09
80 2.14873e-08 1.48138e-08 -4.48836e-09
