26 1.0544e-09 3.2569e-08 4.38996e-10
27 -1.14778e-07 0.000272367 -5.59815e-06
28 1.06464e-06 0.000210958 -7.34674e-06
29 -4.95831e-07 -9.72953e-06 -2.04097e-07
30 -3.07135e-07 -8.01777e-06 -2.85541e-07
31 7.49361e-08 -8.813e-06 -2.28749e-07
32 1.28349e-07 -8.9064e-06 -2.3273e-07
33 1.46766e-07 -8.9585e-06 -2.33252e-07
34 1.5798e-07 -8.99267e-06 -2.3245e-07
35 1.71843e-07 -9.0194e-06 -2.32334e-07
36 1.85052e-07 -9.04188e-06 -2.31614e-07
37 1.98042e-07 -9.06172e-06 -2.313e-07
38 2.11489e-07 -9.07801e-06 -2.30627e-07
39 2.25114e-07 -9.09208e-06 -2.30325e-07
40 2.37876e-07 -9.10534e-06 -2.30101e-07
41 2.51164e-07 -9.11701e-06 -2.29261e-07
42 2.64645e-07 -9.12584e-06 -2.28928e-07
43 2.78427e-07 -9.13422e-06 -2.28249e-07
44 2.91841e-07 -9.14182e-06 -2.27931e-07
45 3.05547e-07 -9.14872e-06 -2.27485e-07
46 3.19173e-07 -9.15448e-06 -2.27076e-07
47 3.32848e-07 -9.15999e-06 -2.26665e-07
48 3.46479e-07 -9.16521e-06 -2.2628e-07
49 3.60093e-07 -9.16944e-06 -2.25926e-07
50 3.73714e-07 -9.17346e-06 -2.2555e-07
51 3.87376e-07 -9.17707e-06 -2.25121e-07
52 4.01002e-07 -9.18078e-06 -2.24808e-07
53 4.14623e-07 -9.18403e-06 -2.24466e-07
54 4.28295e-07 -9.18711e-06 -2.24067e-07
55 4.41761e-07 -9.19012e-06 -2.23721e-07
56 4.55339e-07 -9.19308e-06 -2.23374e-07
57 4.68957e-07 -9.19573e-06 -2.2299e-07
58 4.82652e-07 -9.19849e-06 -2.22591e-07
59 4.96348e-07 -9.20144e-06 -2.22132e-07
60 5.09963e-07 -9.20423e-06 -2.21799e-07
61 5.23621e-07 -9.20666e-06 -2.21423e-07
62 5.37266e-07 -9.20937e-06 -2.21008e-07
63 5.50915e-07 -9.21176e-06 -2.20654e-07
64 5.64549e-07 -9.21413e-06 -2.20308e-07
65 5.78207e-07 -9.21642e-06 -2.1995e-07
66 5.91842e-07 -9.2187e-06 -2.19597e-07
67 6.05495e-07 -9.22093e-06 -2.1925e-07
68 6.19138e-07 -9.22314e-06 -2.189e-07
69 6.32783e-07 -9.22532e-06 -2.18555e-07
70 6.46423e-07 -9.2275e-06 -2.18209e-07
71 6.60077e-07 -9.22967e-06 -2.17866e-07
72 6.73719e-07 -9.23182e-06 -2.17522e-07
73 6.8737e-07 -9.23398e-06 -2.17184e-07
74 7.01029e-07 -9.23613e-06 -2.16844e-07
75 7.14665e-07 -9.23825e-06 -2.16503e-07
76 7.28298e-07 -9.24038e-06 -2.16167e-07
77 7.41942e-07 -9.2425e-06 -2.1583e-07
78 7.55589e-07 -9.24464e-06 -2.15495e-07
79 7.69227e-07 -9.24675e-06 -2.15158e-07
80 7.8286e-07 -9.24887e-06 -2.14824e-07
