26 2.2474e-09 -4.69041e-08 -6.54507e-10
27 -2.79583e-06 -7.97919e-05 -1.96175e-06
28 -8.75282e-08 -6.27077e-05 -1.92711e-06
29 1.92954e-06 -7.12586e-05 -6.2177e-07
30 1.78396e-06 -6.99214e-05 -7.04319e-07
31 2.40905e-06 -7.10759e-05 -6.50405e-07
32 2.45452e-06 -7.08431e-05 -6.53992e-07
33 2.46838e-06 -7.0882e-05 -6.542e-07
34 2.47983e-06 -7.08996e-05 -6.53317e-07
35 2.49246e-06 -7.09168e-05 -6.53058e-07
36 2.50535e-06 -7.09328e-05 -6.52305e-07
37 2.51751e-06 -7.09466e-05 -6.51897e-07
38 2.53055e-06 -7.09608e-05 -6.51219e-07
39 2.54357e-06 -7.09731e-05 -6.50856e-07
40 2.55553e-06 -7.09859e-05 -6.50558e-07
41 2.5685e-06 -7.09988e-05 -6.4976e-07
42 2.58147e-06 -7.10092e-05 -6.49394e-07
43 2.59504e-06 -7.102e-05 -6.48747e-07
44 2.60796e-06 -7.10306e-05 -6.48403e-07
45 2.62127e-06 -7.10411e-05 -6.47957e-07
46 2.63457e-06 -7.10505e-05 -6.47546e-07
47 2.64795e-06 -7.10607e-05 -6.47139e-07
48 2.66126e-06 -7.10704e-05 -6.46754e-07
49 2.67451e-06 -7.10796e-05 -6.46398e-07
50 2.68781e-06 -7.10887e-05 -6.46025e-07
51 2.70123e-06 -7.10977e-05 -6.45611e-07
52 2.71456e-06 -7.11067e-05 -6.45294e-07
53 2.72786e-06 -7.11156e-05 -6.44955e-07
54 2.74133e-06 -7.11246e-05 -6.44573e-07
55 2.75452e-06 -7.11337e-05 -6.44233e-07
56 2.76785e-06 -7.11427e-05 -6.43895e-07
57 2.78125e-06 -7.11515e-05 -6.43526e-07
58 2.79482e-06 -7.11605e-05 -6.43149e-07
59 2.80843e-06 -7.11695e-05 -6.4272e-07
60 2.82189e-06 -7.11785e-05 -6.42398e-07
61 2.83539e-06 -7.11872e-05 -6.42041e-07
62 2.84896e-06 -7.11962e-05 -6.41652e-07
63 2.86249e-06 -7.12049e-05 -6.41314e-07
64 2.87601e-06 -7.12136e-05 -6.40984e-07
65 2.88955e-06 -7.12222e-05 -6.40645e-07
66 2.9031e-06 -7.12307e-05 -6.40311e-07
67 2.91668e-06 -7.12393e-05 -6.39982e-07
68 2.93025e-06 -7.12478e-05 -6.39652e-07
69 2.94383e-06 -7.12564e-05 -6.39326e-07
70 2.95742e-06 -7.12648e-05 -6.39e-07
71 2.97104e-06 -7.12733e-05 -6.38677e-07
72 2.98466e-06 -7.12818e-05 -6.38353e-07
73 2.99829e-06 -7.12903e-05 -6.38036e-07
74 3.01196e-06 -7.12987e-05 -6.37718e-07
75 3.02559e-06 -7.13071e-05 -6.37399e-07
76 3.03924e-06 -7.13155e-05 -6.37085e-07
77 3.05291e-06 -7.13239e-05 -6.36771e-07
78 3.06659e-06 -7.13323e-05 -6.36459e-07
79 3.08027e-06 -7.13407e-05 -6.36146e-07
80 3.09395e-06 -7.1349e-05 -6.35836e-07
