26 1.02248e-09 3.09379e-08 4.70758e-09
27 -5.3603e-07 0.00024836 4.31259e-05
28 6.16729e-07 0.000194076 3.31449e-05
29 -1.06428e-06 -1.15406e-05 3.13267e-06
30 -8.73059e-07 -9.74205e-06 3.07637e-06
31 -4.9038e-07 -1.06104e-05 3.13604e-06
32 -4.3699e-07 -1.06899e-05 3.11755e-06
33 -4.18456e-07 -1.07408e-05 3.11621e-06
34 -4.07139e-07 -1.07755e-05 3.11618e-06
35 -3.93199e-07 -1.08021e-05 3.1159e-06
36 -3.79925e-07 -1.08253e-05 3.11632e-06
37 -3.6687e-07 -1.08454e-05 3.11639e-06
38 -3.53372e-07 -1.08625e-05 3.117e-06
39 -3.39695e-07 -1.08769e-05 3.11729e-06
40 -3.26893e-07 -1.08905e-05 3.11757e-06
41 -3.13572e-07 -1.09033e-05 3.11851e-06
42 -3.00048e-07 -1.09126e-05 3.119e-06
43 -2.8623e-07 -1.09219e-05 3.11984e-06
44 -2.72783e-07 -1.09301e-05 3.12039e-06
45 -2.59046e-07 -1.09377e-05 3.12108e-06
46 -2.45386e-07 -1.09441e-05 3.12175e-06
47 -2.31684e-07 -1.09503e-05 3.12246e-06
48 -2.18026e-07 -1.09562e-05 3.12315e-06
49 -2.04383e-07 -1.09611e-05 3.12383e-06
50 -1.90735e-07 -1.09658e-05 3.12454e-06
51 -1.77046e-07 -1.09701e-05 3.12531e-06
52 -1.63394e-07 -1.09744e-05 3.12597e-06
53 -1.49749e-07 -1.09783e-05 3.12667e-06
54 -1.36053e-07 -1.09821e-05 3.12744e-06
55 -1.22565e-07 -1.09858e-05 3.12817e-06
56 -1.08966e-07 -1.09895e-05 3.1289e-06
57 -9.53258e-08 -1.09928e-05 3.12967e-06
58 -8.16099e-08 -1.09963e-05 3.13046e-06
59 -6.7893e-08 -1.10001e-05 3.13129e-06
60 -5.42584e-08 -1.10035e-05 3.13201e-06
61 -4.05786e-08 -1.10067e-05 3.13278e-06
62 -2.69141e-08 -1.10101e-05 3.13358e-06
63 -1.32448e-08 -1.10132e-05 3.13433e-06
64 4.09926e-10 -1.10162e-05 3.13507e-06
65 1.40881e-08 -1.10192e-05 3.13582e-06
66 2.7743e-08 -1.10222e-05 3.13656e-06
67 4.14163e-08 -1.10251e-05 3.13731e-06
68 5.50797e-08 -1.1028e-05 3.13805e-06
69 6.87437e-08 -1.10308e-05 3.13879e-06
70 8.24036e-08 -1.10337e-05 3.13953e-06
71 9.60766e-08 -1.10365e-05 3.14026e-06
72 1.09738e-07 -1.10393e-05 3.141e-06
73 1.23409e-07 -1.10422e-05 3.14173e-06
74 1.37087e-07 -1.1045e-05 3.14246e-06
75 1.50742e-07 -1.10478e-05 3.14319e-06
76 1.64394e-07 -1.10506e-05 3.14392e-06
77 1.78056e-07 -1.10533e-05 3.14465e-06
78 1.91722e-07 -1.10561e-05 3.14537e-06
79 2.05378e-07 -1.10589e-05 3.14609e-06
80 2.1903e-07 -1.10617e-05 3.14681e-06
