26 -0.00842902 -0.0326648 5.30359e-12
27 6.94153e-06 -2.14752e-06 2.4711e-08
28 -0.00764685 -0.00554101 -1.5331e-05
29 -1.9058e-08 -8.13724e-08 -1.21418e-10
30 2.23235e-09 2.45924e-08 6.67706e-09
31 -5.63341e-09 -2.06585e-08 -6.53972e-09
32 3.3418e-08 1.63876e-07 -1.74623e-09
33 1.84918e-08 1.06529e-07 -4.58112e-09
34 3.8629e-08 1.97463e-07 7.37145e-09
35 -1.336e-08 -6.52207e-08 2.56614e-09
36 5.27734e-09 6.40391e-08 -4.44288e-09
37 1.44478e-08 6.04991e-08 6.65341e-09
38 -5.86306e-08 -3.17317e-07 -3.99086e-09
39 6.03195e-08 3.30873e-07 1.06365e-09
40 -4.81382e-08 -2.79375e-07 -4.68117e-09
41 6.42012e-09 5.55343e-08 -1.25519e-08
42 6.02859e-09 5.86726e-09 2.14159e-08
43 -4.14066e-08 -2.29787e-07 2.94995e-09
44 -2.06155e-08 -1.28438e-07 7.70387e-09
45 2.69952e-08 1.50717e-07 -1.28875e-09
46 -1.99771e-08 -1.18015e-07 -8.13998e-09
47 3.8599e-09 2.15278e-08 5.50153e-09
48 -2.98555e-08 -1.66077e-07 3.44335e-09
49 3.94957e-08 2.45781e-07 -1.10244e-08
50 -3.11434e-08 -2.10817e-07 7.5579e-09
51 -1.02909e-08 -5.27348e-08 6.01358e-09
52 -1.01891e-08 -7.18632e-08 4.23915e-09
53 1.323e-08 1.27271e-07 -1.49457e-08
54 1.26684e-08 4.87184e-08 6.42103e-10
55 -9.29367e-09 -5.07471e-08 -7.6534e-10
56 8.40419e-09 -2.74918e-09 1.10495e-08
57 1.6963e-08 1.23514e-07 3.25372e-09
58 -1.74418e-08 -8.34594e-08 -4.64706e-09
59 2.80716e-08 1.40025e-07 -5.46606e-09
60 3.72165e-09 -2.00686e-08 1.62609e-08
61 -3.05458e-08 -1.30334e-07 1.49703e-09
62 9.45647e-09 5.00306e-08 -2.9645e-09
63 -2.24222e-08 -9.68571e-08 -4.2387e-09
64 6.09029e-08 2.89902e-07 6.30143e-09
65 -3.16422e-08 -1.69252e-07 -2.74758e-09
66 -1.29394e-08 -5.824e-08 3.74439e-09
67 4.65811e-08 2.2846e-07 5.74528e-09
68 5.35738e-09 4.68038e-08 -7.79073e-09
69 1.2275e-08 7.81627e-08 5.41149e-09
70 -1.77956e-08 -1.19537e-07 9.57061e-09
71 -6.40812e-08 -3.30417e-07 -2.04295e-08
72 3.57531e-08 1.92299e-07 5.80076e-09
73 1.11154e-08 4.80074e-08 3.79987e-09
74 4.26771e-08 2.29755e-07 3.35513e-09
75 -6.92944e-09 -3.37554e-08 -8.13998e-10
76 -6.2349e-08 -3.06341e-07 -1.20344e-08
77 2.64718e-08 1.32052e-07 1.06415e-08
78 -3.43466e-08 -1.94114e-07 6.27551e-09
79 6.644e-08 3.50901e-07 -1.10836e-08
80 -7.87845e-08 -4.3404e-07 -9.58562e-09
