26 0.11807 -0.2475 4.00506e-10
27 -1.82687e-07 1.0437e-05 1.70985e-09
28 -0.00367906 -0.138987 -8.7186e-07
29 -252.638 -114.166 1.41881e-10
30 -4.27272e-08 2.55773e-09 1.01227e-09
31 3.95412e-08 2.56e-09 -5.16593e-10
32 -3.19087e-08 -2.75622e-09 2.00998e-10
33 -1.58998e-08 7.86531e-09 8.91305e-11
34 2.52567e-08 2.54545e-09 -1.2451e-09
35 4.47244e-08 2.56159e-09 2.51021e-10
36 -3.41979e-08 -2.75941e-09 -2.38288e-10
37 -1.07366e-08 -2.76304e-09 7.10315e-10
38 2.69929e-08 2.55363e-09 4.12001e-10
39 -4.44188e-08 -8.06813e-09 2.21917e-10
40 2.06828e-08 -2.76805e-09 -2.3465e-10
41 2.98314e-09 -2.7519e-09 -8.1036e-10
42 1.43355e-08 7.86872e-09 -7.7307e-11
43 -8.50287e-09 2.5434e-09 5.52063e-10
44 -2.62162e-08 2.54977e-09 1.31331e-09
45 -2.18097e-09 2.52567e-09 -7.54881e-11
46 -2.2701e-09 -2.78305e-09 -1.40972e-09
47 6.68479e-10 2.54386e-09 6.55746e-10
48 1.60653e-08 -8.0579e-09 3.0559e-10
49 2.5816e-08 2.54977e-09 3.0559e-10
50 -1.58998e-08 2.55818e-09 -1.2742e-09
51 4.10273e-09 2.56864e-09 4.96584e-10
52 9.28594e-09 2.55113e-09 -1.5425e-09
53 -5.04951e-09 7.85326e-09 7.99446e-10
54 1.79352e-09 -2.77782e-09 7.71252e-10
55 -2.04536e-08 2.55932e-09 -5.37511e-10
56 -3.24935e-08 2.53976e-09 5.74801e-10
57 2.92503e-08 2.56387e-09 8.73115e-11
58 -8.49013e-09 -2.77487e-09 -5.63887e-10
59 4.11546e-09 -2.75395e-09 -6.49379e-10
60 -1.1436e-08 7.8453e-09 1.75532e-10
61 -6.11817e-09 2.53431e-09 1.00954e-09
62 1.20908e-08 2.53954e-09 -5.08408e-10
63 1.21508e-09 2.55272e-09 2.21917e-10
64 9.81981e-09 2.5409e-09 -2.71029e-10
65 2.3847e-09 2.55545e-09 -5.97538e-10
66 1.52795e-10 2.54022e-09 6.89397e-10
67 4.1091e-09 2.5459e-09 -4.3201e-10
68 -3.93084e-09 2.54408e-09 -1.56433e-10
69 -2.27501e-08 -2.7751e-09 -5.43878e-10
70 3.55085e-08 7.87031e-09 5.45697e-12
71 -1.24719e-08 -2.76714e-09 2.30102e-10
72 2.52367e-08 -2.77078e-09 7.72161e-10
73 -1.24655e-08 -2.75895e-09 -1.05501e-09
74 -1.04319e-09 -8.06972e-09 -8.11269e-10
75 2.35577e-08 2.55409e-09 3.32875e-10
76 -2.16251e-08 -2.78123e-09 -1.80989e-10
77 4.0056e-08 2.54772e-09 -1.4079e-09
78 -1.61526e-09 2.5484e-09 5.80258e-10
79 -2.9022e-08 -2.77896e-09 1.61253e-09
80 4.35157e-08 2.56409e-09 -4.60204e-10
