26 -0.769558 0.282669 -1.3292e-09
27 0.000220627 -1.65214e-05 1.5476e-08
28 -0.193624 0.0171139 4.13645e-07
29 -0.000750399 4.35327e-05 5.90353e-08
30 0 6.38507e-08 1.26283e-09
31 -7.27596e-11 -6.55405e-08 2.02681e-09
32 -7.27596e-11 -2.70937e-08 -4.75666e-10
33 2.91038e-11 7.9839e-09 -1.03955e-09
34 1.45519e-11 -1.46139e-08 2.19097e-09
35 -8.00355e-11 -1.13274e-08 -3.87445e-10
36 8.00355e-11 -3.87311e-08 6.73026e-11
37 7.27596e-11 1.36941e-08 -8.16726e-10
38 -8.73115e-11 4.4958e-08 2.32467e-09
39 -7.27596e-12 -3.09022e-08 -6.32099e-10
40 0 1.18131e-08 -1.18598e-09
41 -4.36557e-11 -8.55237e-09 9.85438e-10
42 2.91038e-11 2.8029e-08 -6.62567e-10
43 2.91038e-11 -7.09511e-09 9.52241e-10
44 -5.09317e-11 5.13089e-08 -1.40744e-09
45 -2.91038e-11 -3.61059e-08 -4.09727e-10
46 -7.27596e-12 2.35332e-08 1.12777e-10
47 0 6.76075e-08 1.18553e-09
48 7.27596e-12 1.78333e-08 -8.74024e-10
49 1.45519e-11 -2.74141e-08 3.34239e-09
50 -2.18279e-11 2.30164e-08 -5.31145e-10
51 -1.45519e-11 1.67378e-08 2.45109e-10
52 2.18279e-11 -9.34301e-09 1.81899e-12
53 2.91038e-11 -2.55796e-08 -3.31966e-10
54 1.45519e-11 -4.44051e-08 2.21507e-09
55 -5.09317e-11 4.91075e-08 -1.23782e-09
56 1.45519e-11 -4.59243e-08 -7.27141e-10
57 2.18279e-11 5.36912e-08 1.33605e-09
58 -4.36557e-11 -4.93143e-08 -2.81943e-10
59 1.45519e-11 4.04053e-08 -1.73532e-09
60 0 1.2521e-08 -7.44876e-10
61 -1.45519e-11 -9.39469e-09 -1.06047e-09
62 7.27596e-12 -6.32099e-08 8.96762e-10
63 -2.18279e-11 5.97217e-08 -9.94987e-10
64 7.27596e-12 1.78023e-08 -1.19599e-10
65 7.27596e-12 -2.32696e-08 4.45198e-10
66 0 -5.99853e-08 6.68479e-11
67 0 -6.4786e-08 1.31877e-09
68 -6.54836e-11 9.50783e-08 -1.52795e-09
69 7.27596e-12 -5.57634e-08 1.57206e-09
70 2.91038e-11 1.59368e-08 -5.52063e-10
71 3.63798e-11 5.73808e-08 -9.54969e-12
72 7.27596e-12 -2.63237e-08 2.1123e-09
73 2.18279e-11 1.63554e-08 8.84938e-10
74 -4.36557e-11 -6.33081e-08 9.19499e-10
75 -6.54836e-11 3.10106e-08 9.09495e-13
76 -2.18279e-11 1.40248e-08 -1.30694e-09
77 0 -7.80325e-10 -1.58434e-09
78 0 2.68712e-09 1.28694e-10
79 2.91038e-11 6.65533e-08 1.86901e-10
80 1.45519e-11 2.45253e-08 -5.61158e-10
