26 -0.201191 -2.21512 -2.77245e-12
27 -155.219 2138.54 -8.77178e-06
28 0.620081 0.223682 -0.00139327
29 0.000201482 -0.000307209 1.94378e-06
30 -7.27596e-12 -2.85199e-08 3.88809e-10
31 2.91038e-11 4.81205e-08 1.99543e-09
32 -1.45519e-11 -4.4989e-08 -1.96542e-09
33 0 1.54407e-08 6.73936e-10
34 3.63798e-11 3.98886e-08 6.73026e-11
35 1.45519e-11 -7.59273e-08 -4.91582e-10
36 7.27596e-12 1.78385e-08 1.02682e-09
37 -1.45519e-11 -2.65872e-08 -6.27097e-10
38 -2.18279e-11 4.38728e-09 1.32468e-09
39 -1.45519e-11 -2.31818e-08 -1.56251e-09
40 7.27596e-12 1.91976e-08 -7.74889e-10
41 0 2.58378e-10 3.75621e-10
42 -2.18279e-11 1.22627e-08 -5.57066e-10
43 -1.45519e-11 -4.65289e-08 1.30149e-09
44 -2.91038e-11 -1.19578e-08 -1.51795e-09
45 2.91038e-11 4.59967e-08 7.86258e-10
46 -2.91038e-11 -3.99247e-08 -7.68523e-10
47 1.30967e-10 -1.99004e-08 8.3628e-10
48 -3.63798e-11 -2.12078e-08 -1.80307e-09
49 3.63798e-11 2.96309e-08 -7.06677e-10
50 -5.09317e-11 8.40766e-09 4.19732e-10
51 2.18279e-11 2.58793e-08 1.34514e-09
52 4.36557e-11 -2.41946e-08 -1.34105e-09
53 -5.09317e-11 3.20804e-08 -8.62656e-10
54 4.36557e-11 -8.32911e-08 1.54569e-09
55 -8.73115e-11 8.27692e-08 1.05729e-09
56 5.82077e-11 -1.19319e-08 -1.08184e-09
57 -4.36557e-11 3.94132e-08 -2.21007e-10
58 2.18279e-11 8.88308e-09 -2.23508e-09
59 2.18279e-11 -2.29596e-08 1.29012e-09
60 3.63798e-11 4.61414e-08 1.44973e-09
61 -9.45874e-11 5.3743e-10 -1.36606e-09
62 -8.00355e-11 1.83811e-08 -8.08541e-10
63 -1.16415e-10 -2.88351e-09 1.90084e-10
64 9.45874e-11 2.69593e-08 7.376e-10
65 -4.36557e-11 -1.34461e-08 -4.06544e-10
66 -3.63798e-11 -2.59413e-09 1.35833e-09
67 -2.18279e-11 -3.10055e-08 -1.10595e-09
68 8.73115e-11 7.92707e-09 -6.11635e-10
69 -5.82077e-11 2.58741e-08 2.02863e-09
70 8.00355e-11 4.96295e-08 3.08319e-10
71 8.00355e-11 -5.9944e-09 -4.72937e-11
72 9.45874e-11 -4.10668e-08 1.45974e-10
73 6.54836e-11 1.76215e-09 1.34742e-09
74 1.01863e-10 1.8531e-08 -1.15733e-09
75 -5.82077e-11 -3.16825e-08 6.72571e-10
76 8.73115e-11 2.3683e-08 -1.2983e-09
77 -2.91038e-11 8.89341e-09 6.63931e-11
78 8.73115e-11 -1.15134e-08 -1.75487e-09
79 1.16415e-10 2.88351e-09 -7.63976e-11
80 -2.18279e-11 9.38433e-09 1.28466e-09
