26 1.81801e-09 -4.51322e-08 -1.26759e-09
27 -1.01141e-05 -5.75078e-05 -1.73016e-05
28 -6.08601e-06 -4.42643e-05 -1.40356e-05
29 -1.08168e-06 -6.22024e-05 -7.21581e-06
30 -1.28611e-06 -6.06475e-05 -7.31944e-06
31 -6.63376e-07 -6.18264e-05 -7.35245e-06
32 -6.01504e-07 -6.1639e-05 -7.31005e-06
33 -5.87392e-07 -6.16785e-05 -7.30924e-06
34 -5.74594e-07 -6.17005e-05 -7.30634e-06
35 -5.61295e-07 -6.17197e-05 -7.30477e-06
36 -5.47612e-07 -6.17385e-05 -7.30317e-06
37 -5.3486e-07 -6.17542e-05 -7.3019e-06
38 -5.21277e-07 -6.17703e-05 -7.30086e-06
39 -5.07883e-07 -6.17839e-05 -7.30012e-06
40 -4.95658e-07 -6.17977e-05 -7.29959e-06
41 -4.82229e-07 -6.18123e-05 -7.29883e-06
42 -4.69054e-07 -6.18236e-05 -7.29849e-06
43 -4.55159e-07 -6.18356e-05 -7.298e-06
44 -4.42113e-07 -6.18468e-05 -7.29784e-06
45 -4.28644e-07 -6.1858e-05 -7.29766e-06
46 -4.15203e-07 -6.18681e-05 -7.29752e-06
47 -4.01736e-07 -6.18787e-05 -7.29749e-06
48 -3.88345e-07 -6.18889e-05 -7.29748e-06
49 -3.75053e-07 -6.18984e-05 -7.29753e-06
50 -3.61703e-07 -6.19079e-05 -7.29759e-06
51 -3.48224e-07 -6.19173e-05 -7.29764e-06
52 -3.34892e-07 -6.19265e-05 -7.29778e-06
53 -3.2158e-07 -6.19356e-05 -7.29793e-06
54 -3.08092e-07 -6.19448e-05 -7.29807e-06
55 -2.94922e-07 -6.19541e-05 -7.29827e-06
56 -2.8161e-07 -6.19633e-05 -7.29847e-06
57 -2.6821e-07 -6.19722e-05 -7.29865e-06
58 -2.54639e-07 -6.19815e-05 -7.29885e-06
59 -2.40999e-07 -6.19908e-05 -7.29898e-06
60 -2.27576e-07 -6.19999e-05 -7.29921e-06
61 -2.14088e-07 -6.20087e-05 -7.29942e-06
62 -2.00511e-07 -6.20179e-05 -7.2996e-06
63 -1.87013e-07 -6.20267e-05 -7.29983e-06
64 -1.73531e-07 -6.20355e-05 -7.30007e-06
65 -1.60013e-07 -6.20442e-05 -7.3003e-06
66 -1.46493e-07 -6.20529e-05 -7.30054e-06
67 -1.3295e-07 -6.20616e-05 -7.30078e-06
68 -1.19413e-07 -6.20702e-05 -7.30103e-06
69 -1.05867e-07 -6.20788e-05 -7.30128e-06
70 -9.23108e-08 -6.20873e-05 -7.30152e-06
71 -7.87286e-08 -6.20959e-05 -7.30177e-06
72 -6.51532e-08 -6.21044e-05 -7.30202e-06
73 -5.15561e-08 -6.2113e-05 -7.30228e-06
74 -3.7933e-08 -6.21215e-05 -7.30253e-06
75 -2.43356e-08 -6.213e-05 -7.30278e-06
76 -1.07323e-08 -6.21384e-05 -7.30304e-06
77 2.89447e-09 -6.21469e-05 -7.30329e-06
78 1.6538e-08 -6.21553e-05 -7.30355e-06
79 3.01717e-08 -6.21638e-05 -7.3038e-06
80 4.38125e-08 -6.21722e-05 -7.30406e-06
