26 1.85937 -0.236181 3.67644e-09
27 -0.000591663 -2.40173e-05 -5.95028e-08
28 -0.435226 -0.0255208 3.43714e-06
29 0.000778035 0.000104643 -5.71404e-08
30 4.36557e-11 -9.92641e-08 -2.19143e-09
31 -4.36557e-11 1.54252e-08 3.88809e-10
32 -1.67347e-10 -3.99558e-08 -2.6107e-09
33 0 -5.4425e-08 1.66892e-09
34 1.09139e-10 7.12868e-08 4.20187e-10
35 -1.45519e-11 -4.49115e-08 -1.99361e-09
36 1.23691e-10 3.3796e-09 7.21684e-10
37 -1.45519e-11 7.13127e-09 -6.87578e-10
38 -1.45519e-11 -3.28917e-08 3.38559e-09
39 -2.91038e-11 -3.61783e-08 -1.23009e-09
40 9.45874e-11 3.84985e-09 -2.93448e-09
41 9.45874e-11 -1.40042e-08 2.86946e-10
42 -2.18279e-11 -2.64064e-09 4.34738e-09
43 -1.45519e-11 6.18663e-08 -2.16005e-09
44 -2.91038e-11 -7.39636e-08 -8.61746e-10
45 -1.45519e-10 5.6585e-08 1.73713e-10
46 -1.30967e-10 -5.3593e-08 4.17913e-10
47 -7.27596e-12 1.59503e-07 3.29237e-10
48 1.16415e-10 -1.31649e-07 7.94898e-10
49 1.23691e-10 -3.17186e-08 1.19599e-10
50 -2.18279e-11 4.37074e-08 1.46701e-09
51 -1.45519e-10 -3.55685e-08 -1.36879e-10
52 7.27596e-12 -3.7403e-08 3.33921e-09
53 -1.67347e-10 1.88307e-08 -2.34104e-09
54 2.6921e-10 -2.33678e-08 5.86624e-10
55 -2.61934e-10 4.56298e-08 7.63066e-10
56 -7.27596e-12 -2.49181e-08 2.09047e-09
57 0 -2.26754e-08 -1.99452e-09
58 -2.83762e-10 1.99262e-08 2.17824e-10
59 7.27596e-12 -1.13739e-08 -5.67525e-10
60 -2.98314e-10 -3.92323e-08 -2.09047e-09
61 2.18279e-11 1.13377e-08 7.06223e-10
62 -2.98314e-10 -6.67807e-08 -2.78123e-09
63 -2.61934e-10 -6.4538e-08 2.86491e-09
64 2.76486e-10 1.10907e-07 -5.45242e-10
65 -2.54659e-10 -2.64994e-08 -1.42245e-09
66 -2.54659e-10 1.04892e-07 1.95723e-09
67 0 5.23735e-08 -8.9949e-10
68 0 -7.73432e-08 3.74257e-10
69 -2.6921e-10 6.13806e-08 -1.07684e-09
70 0 1.28001e-08 4.42469e-10
71 0 -4.26429e-08 1.7908e-09
72 2.54659e-10 9.08875e-08 -1.89584e-09
73 2.18279e-11 -1.13377e-08 2.38742e-09
74 2.54659e-10 -4.29685e-08 -4.88853e-10
75 -2.76486e-10 -2.07634e-08 2.66755e-09
76 2.47383e-10 5.88691e-08 2.05637e-09
77 -7.27596e-12 2.03706e-08 -2.05273e-09
78 -2.18279e-11 2.37295e-08 -3.00133e-10
79 -1.45519e-11 1.38905e-08 1.65073e-09
80 2.40107e-10 -5.1743e-08 -5.77074e-10
