26 -0.0616794 -0.932837 -1.92057e-12
27 0.000584524 0.0012045 1.15746e-05
28 0.543296 0.00859486 -3.79115e-06
29 0.000294739 4.36402e-06 -2.40807e-08
30 -1.52795e-10 3.71084e-08 3.01043e-10
31 -4.36557e-11 -1.13568e-07 -1.13914e-09
32 0 7.71727e-08 -5.4024e-10
33 5.09317e-11 -8.64537e-09 9.59517e-10
34 -2.91038e-11 -5.58771e-08 -6.3892e-10
35 -3.63798e-11 7.02326e-08 -7.35781e-10
36 0 -5.36137e-08 -5.45697e-10
37 -7.27596e-12 4.64359e-08 2.44654e-10
38 1.45519e-11 -1.89909e-08 6.79393e-10
39 -3.63798e-11 4.97225e-08 -4.01087e-10
40 5.09317e-11 -4.16507e-09 -1.14142e-10
41 1.45519e-11 -2.29182e-08 -6.23004e-10
42 5.09317e-11 6.14271e-08 2.68665e-09
43 1.45519e-11 2.64064e-09 -6.28461e-10
44 0 3.71239e-08 -4.12001e-10
45 -5.82077e-11 -2.5533e-08 1.68711e-09
46 6.54836e-11 3.33154e-08 -1.05911e-09
47 -9.45874e-11 4.95055e-09 1.78716e-10
48 2.18279e-11 5.18205e-08 -4.62023e-10
49 1.45519e-11 -1.75439e-08 -1.73713e-10
50 6.54836e-11 -1.48361e-08 1.37334e-10
51 7.27596e-12 -6.98554e-08 -5.91172e-10
52 -7.27596e-11 4.93866e-08 -2.32831e-10
53 8.73115e-11 8.96576e-09 9.4542e-10
54 -5.82077e-11 1.41747e-08 -1.49794e-09
55 -7.27596e-12 -8.52548e-08 9.49512e-10
56 -8.73115e-11 1.30533e-08 -1.02955e-09
57 -6.54836e-11 1.5849e-08 2.21053e-09
58 0 9.47218e-09 -1.43154e-09
59 -5.09317e-11 -2.19674e-08 -6.8394e-10
60 -4.36557e-11 -7.38913e-08 2.27828e-10
61 1.45519e-10 4.96708e-08 8.37645e-10
62 1.16415e-10 -2.86853e-08 -1.25647e-09
63 7.27596e-12 2.20036e-08 1.02409e-09
64 1.45519e-11 2.81633e-08 3.16686e-09
65 0 -3.67208e-08 -2.61389e-09
66 2.18279e-11 -2.59051e-08 1.03228e-10
67 0 1.82932e-08 -1.66347e-09
68 -1.38243e-10 -3.94183e-08 -1.9968e-09
69 1.60071e-10 2.6148e-09 3.28191e-09
70 -1.38243e-10 -4.62034e-08 4.54293e-10
71 0 -4.83686e-09 -5.16593e-10
72 -1.30967e-10 8.01492e-09 -1.30876e-09
73 2.91038e-11 -7.00828e-08 -1.66301e-09
74 3.63798e-11 1.94663e-08 5.17048e-10
75 1.45519e-11 1.74664e-08 4.45652e-11
76 0 5.11591e-10 -2.3465e-10
77 0 9.98894e-09 8.99036e-10
78 -1.16415e-10 3.76148e-08 -6.07542e-10
79 -1.45519e-11 -4.44102e-08 -1.9013e-09
80 1.45519e-11 -1.39835e-08 1.08184e-09
