26 1.05322e-09 6.77768e-09 2.22084e-08
27 -1.07774e-06 0.00014738 7.69242e-05
28 3.93626e-08 0.000116267 5.93984e-05
29 -1.79551e-06 -1.99053e-05 7.38853e-06
30 -1.60105e-06 -1.80588e-05 7.38911e-06
31 -1.21759e-06 -1.90138e-05 7.4353e-06
32 -1.16423e-06 -1.90493e-05 7.39851e-06
33 -1.14555e-06 -1.90975e-05 7.39642e-06
34 -1.1341e-06 -1.91312e-05 7.39516e-06
35 -1.12006e-06 -1.9157e-05 7.39439e-06
36 -1.1067e-06 -1.91804e-05 7.39431e-06
37 -1.09356e-06 -1.92004e-05 7.39405e-06
38 -1.08e-06 -1.92183e-05 7.39446e-06
39 -1.06625e-06 -1.92331e-05 7.39469e-06
40 -1.0534e-06 -1.92472e-05 7.39506e-06
41 -1.04004e-06 -1.92615e-05 7.39595e-06
42 -1.02646e-06 -1.92717e-05 7.39661e-06
43 -1.01259e-06 -1.92825e-05 7.39753e-06
44 -9.99104e-07 -1.92917e-05 7.39835e-06
45 -9.85328e-07 -1.93006e-05 7.39929e-06
46 -9.71624e-07 -1.93083e-05 7.40022e-06
47 -9.57887e-07 -1.9316e-05 7.40127e-06
48 -9.44194e-07 -1.93232e-05 7.40229e-06
49 -9.30514e-07 -1.93295e-05 7.40334e-06
50 -9.16831e-07 -1.93356e-05 7.40442e-06
51 -9.03107e-07 -1.93415e-05 7.40556e-06
52 -8.89423e-07 -1.93472e-05 7.40663e-06
53 -8.75745e-07 -1.93525e-05 7.40775e-06
54 -8.62019e-07 -1.93579e-05 7.40893e-06
55 -8.48504e-07 -1.93631e-05 7.41011e-06
56 -8.34876e-07 -1.93682e-05 7.41129e-06
57 -8.21207e-07 -1.93732e-05 7.41249e-06
58 -8.07465e-07 -1.93783e-05 7.41371e-06
59 -7.93721e-07 -1.93837e-05 7.41494e-06
60 -7.8006e-07 -1.93886e-05 7.41612e-06
61 -7.66353e-07 -1.93934e-05 7.41732e-06
62 -7.52664e-07 -1.93984e-05 7.41855e-06
63 -7.38968e-07 -1.94031e-05 7.41974e-06
64 -7.25287e-07 -1.94077e-05 7.42094e-06
65 -7.11583e-07 -1.94122e-05 7.42213e-06
66 -6.97902e-07 -1.94167e-05 7.42333e-06
67 -6.84203e-07 -1.94212e-05 7.42452e-06
68 -6.70514e-07 -1.94256e-05 7.42571e-06
69 -6.56824e-07 -1.943e-05 7.4269e-06
70 -6.43139e-07 -1.94344e-05 7.42809e-06
71 -6.29441e-07 -1.94388e-05 7.42927e-06
72 -6.15755e-07 -1.94431e-05 7.43045e-06
73 -6.02059e-07 -1.94475e-05 7.43163e-06
74 -5.88357e-07 -1.94518e-05 7.43281e-06
75 -5.74677e-07 -1.94561e-05 7.43398e-06
76 -5.61001e-07 -1.94604e-05 7.43515e-06
77 -5.47315e-07 -1.94647e-05 7.43632e-06
78 -5.33626e-07 -1.9469e-05 7.43748e-06
79 -5.19945e-07 -1.94733e-05 7.43864e-06
80 -5.0627e-07 -1.94776e-05 7.4398e-06
