26 -0.199197 0.0963852 -1.21023e-11
27 -8.12047e-06 7.57262e-06 -2.36469e-08
28 -0.0206152 -0.0784351 0.00017167
29 4.89094e-08 5.69713e-10 4.77485e-10
30 1.0793e-08 1.41864e-08 1.07411e-09
31 -3.51688e-08 -2.21138e-08 -8.31278e-10
32 -4.01719e-08 -3.41328e-09 4.38376e-10
33 1.04747e-08 1.57169e-08 5.89353e-10
34 -9.5456e-09 -1.93253e-08 3.76531e-10
35 6.6646e-08 3.17839e-08 -1.53432e-09
36 -5.741e-08 -2.2609e-08 -1.73623e-09
37 3.87004e-08 7.43287e-09 1.59162e-09
38 6.763e-08 8.83949e-09 -7.96717e-10
39 -1.74009e-08 -1.50447e-09 -2.18279e-10
40 9.42978e-08 1.24028e-08 -3.43789e-10
41 1.12855e-08 2.93178e-09 -1.27056e-09
42 -1.27425e-08 -1.17277e-08 1.6862e-09
43 5.23091e-08 1.55029e-08 3.25053e-09
44 -2.24659e-08 9.46244e-10 -2.5193e-10
45 -4.51573e-08 -2.41531e-09 1.10049e-10
46 4.8401e-08 -2.7955e-09 -1.57252e-09
47 -7.22775e-09 4.93188e-09 2.45291e-09
48 5.80803e-08 1.96316e-08 1.63709e-09
49 -1.61654e-08 -4.90894e-09 -2.02181e-09
50 6.78851e-08 6.9947e-09 -3.45608e-09
51 -9.64064e-11 -6.91122e-09 7.27596e-12
52 -6.0335e-08 -8.16564e-09 1.72167e-09
53 4.3116e-08 4.93009e-09 -1.65801e-09
54 -2.37196e-09 1.03947e-09 -1.33514e-09
55 -2.81384e-08 -2.1287e-09 5.2205e-10
56 3.64807e-08 -2.12578e-08 -1.52249e-09
57 -4.64961e-08 -6.06536e-09 1.59889e-09
58 -3.31056e-08 1.02109e-08 -9.91349e-11
59 2.92189e-08 -1.41899e-08 -4.51109e-09
60 -1.2109e-08 3.49959e-09 5.73891e-10
61 -2.42917e-08 -8.19529e-09 1.37788e-09
62 3.22584e-08 1.05633e-08 -2.01362e-09
63 6.37519e-08 -2.07584e-08 5.72982e-10
64 -7.24503e-09 1.42104e-08 1.35969e-09
65 6.19366e-10 3.72805e-09 -3.85262e-09
66 -7.65431e-09 -6.48555e-10 6.07542e-10
67 -3.06909e-09 1.06276e-08 -1.53523e-09
68 5.49289e-08 -1.68734e-09 1.09048e-09
69 -4.79204e-08 -1.30829e-08 1.80808e-09
70 8.84484e-10 7.16872e-09 -6.88487e-10
71 -9.66838e-09 2.8661e-09 1.75623e-09
72 -2.88746e-08 -6.91088e-09 -3.4288e-09
73 -2.95358e-08 -1.50894e-09 8.84029e-10
74 3.37127e-08 -8.29149e-09 4.17458e-10
75 7.361e-09 1.84141e-08 -1.62981e-09
76 7.77386e-08 3.21566e-09 7.45786e-11
77 -5.99357e-08 4.26331e-09 -5.12046e-10
78 -3.74439e-09 6.71696e-09 -7.24867e-10
79 -1.45455e-08 -1.47174e-08 3.55431e-09
80 -1.74291e-08 -7.80051e-09 -4.75029e-09
