26 1.04467e-09 1.16713e-08 -2.42916e-08
27 8.01847e-07 0.000145921 -7.38808e-05
28 2.021e-06 0.000110317 -5.66088e-05
29 7.22344e-07 -1.98281e-05 -7.44716e-06
30 9.05639e-07 -1.83458e-05 -7.52633e-06
31 1.28641e-06 -1.90391e-05 -7.51507e-06
32 1.33987e-06 -1.9101e-05 -7.48708e-06
33 1.35804e-06 -1.91515e-05 -7.48517e-06
34 1.36903e-06 -1.91815e-05 -7.48298e-06
35 1.38273e-06 -1.92068e-05 -7.48192e-06
36 1.39579e-06 -1.92268e-05 -7.48087e-06
37 1.40864e-06 -1.92452e-05 -7.48008e-06
38 1.42198e-06 -1.92598e-05 -7.47954e-06
39 1.4355e-06 -1.9273e-05 -7.47926e-06
40 1.44817e-06 -1.92859e-05 -7.47918e-06
41 1.46139e-06 -1.9296e-05 -7.4789e-06
42 1.47478e-06 -1.93045e-05 -7.47899e-06
43 1.48849e-06 -1.93118e-05 -7.47895e-06
44 1.50183e-06 -1.93193e-05 -7.47921e-06
45 1.51547e-06 -1.93259e-05 -7.47945e-06
46 1.52902e-06 -1.93314e-05 -7.47972e-06
47 1.54264e-06 -1.93369e-05 -7.48011e-06
48 1.55621e-06 -1.9342e-05 -7.4805e-06
49 1.56976e-06 -1.93464e-05 -7.48095e-06
50 1.58332e-06 -1.93505e-05 -7.48141e-06
51 1.59693e-06 -1.93541e-05 -7.48186e-06
52 1.6105e-06 -1.9358e-05 -7.48239e-06
53 1.62407e-06 -1.93615e-05 -7.48293e-06
54 1.63769e-06 -1.93647e-05 -7.48347e-06
55 1.65111e-06 -1.9368e-05 -7.48406e-06
56 1.66464e-06 -1.93713e-05 -7.48466e-06
57 1.67821e-06 -1.93741e-05 -7.48522e-06
58 1.69186e-06 -1.93771e-05 -7.48581e-06
59 1.70551e-06 -1.93801e-05 -7.48634e-06
60 1.71909e-06 -1.93832e-05 -7.48696e-06
61 1.7327e-06 -1.93859e-05 -7.48756e-06
62 1.7463e-06 -1.93888e-05 -7.48813e-06
63 1.75991e-06 -1.93915e-05 -7.48875e-06
64 1.7735e-06 -1.93942e-05 -7.48938e-06
65 1.78711e-06 -1.93968e-05 -7.49e-06
66 1.8007e-06 -1.93994e-05 -7.49062e-06
67 1.81431e-06 -1.94019e-05 -7.49125e-06
68 1.82791e-06 -1.94045e-05 -7.49188e-06
69 1.84152e-06 -1.9407e-05 -7.49251e-06
70 1.85511e-06 -1.94095e-05 -7.49314e-06
71 1.86873e-06 -1.9412e-05 -7.49377e-06
72 1.88233e-06 -1.94145e-05 -7.4944e-06
73 1.89594e-06 -1.9417e-05 -7.49504e-06
74 1.90955e-06 -1.94195e-05 -7.49567e-06
75 1.92315e-06 -1.9422e-05 -7.4963e-06
76 1.93674e-06 -1.94245e-05 -7.49694e-06
77 1.95035e-06 -1.94269e-05 -7.49757e-06
78 1.96395e-06 -1.94294e-05 -7.49821e-06
79 1.97755e-06 -1.94319e-05 -7.49884e-06
80 1.99115e-06 -1.94344e-05 -7.49947e-06
