26 -1.86734 1.49139 4.00715e-11
27 -5.56949e-06 -3.12877e-05 -2.77923e-08
28 -0.0083673 -0.0248124 -2.6742e-05
29 -2.22958e-08 8.09846e-08 4.74301e-10
30 -9.5089e-08 5.14329e-08 3.21506e-10
31 8.72474e-08 -4.79795e-08 -3.35149e-10
32 2.17156e-08 -1.04835e-08 -4.53838e-10
33 -1.96046e-08 1.03976e-08 3.47745e-09
34 4.07254e-08 -1.03216e-08 -1.0682e-09
35 -7.50788e-09 2.12185e-09 -3.36468e-09
36 -3.54839e-08 1.93643e-08 2.22371e-10
37 -4.07858e-08 2.88362e-08 6.14818e-10
38 -2.77491e-08 1.91258e-08 -3.23871e-09
39 3.0283e-08 -3.40901e-09 4.43379e-09
40 -1.32641e-08 4.86352e-10 -3.13139e-09
41 -8.01087e-08 5.42007e-08 3.82988e-09
42 3.2308e-08 -3.43573e-08 -1.45792e-09
43 2.81962e-08 -1.0403e-08 1.94314e-09
44 -6.01635e-08 3.77058e-08 -3.82897e-09
45 3.95203e-08 -2.01292e-08 2.99588e-09
46 -3.53657e-08 1.96574e-08 -4.3301e-09
47 1.11568e-08 -7.67159e-10 2.23417e-09
48 -5.29267e-08 2.93976e-08 7.28051e-10
49 3.94234e-08 -1.31583e-08 5.59339e-10
50 1.53636e-08 2.93721e-09 -1.04592e-09
51 1.9018e-08 -3.10117e-08 2.04909e-09
52 -2.71966e-08 2.33488e-08 -7.03949e-10
53 8.08222e-09 -1.45808e-08 4.84624e-09
54 7.55799e-08 -3.13321e-08 -2.75622e-09
55 1.20649e-08 -9.31254e-09 -1.57434e-09
56 -8.04771e-08 5.01677e-08 1.22782e-09
57 3.5584e-08 -3.16577e-08 -1.75532e-10
58 4.48026e-08 -2.03352e-08 -1.07002e-09
59 5.73073e-09 1.58639e-09 2.10912e-09
60 -7.93998e-08 5.781e-08 1.51886e-10
61 5.09181e-09 -8.303e-09 3.39742e-09
62 4.08818e-08 -1.73468e-08 -1.5425e-09
63 1.92404e-09 -1.10274e-08 1.29876e-09
64 -4.12001e-10 9.54765e-09 -2.00134e-09
65 1.58129e-08 -1.33184e-08 4.6839e-10
66 -9.50149e-09 7.44353e-09 -2.0209e-09
67 7.63976e-09 -4.87762e-09 3.87172e-09
68 -5.94855e-09 6.77005e-09 -3.48246e-09
69 -8.87121e-09 1.76294e-08 -1.97269e-09
70 1.41385e-08 -1.81831e-09 -1.65301e-09
71 -4.86179e-08 3.57461e-08 4.67753e-09
72 7.0645e-09 -4.20619e-09 -1.61344e-09
73 6.88215e-09 -1.05722e-08 -1.62481e-09
74 -3.55067e-08 1.56319e-08 -5.6616e-10
75 3.18887e-08 -1.87379e-08 1.54432e-09
76 1.13005e-09 2.46123e-08 -2.43745e-09
77 8.62747e-09 -9.93396e-09 2.56478e-10
78 5.39026e-08 -4.21385e-08 3.16322e-09
79 2.02494e-08 -1.25988e-08 -4.24734e-10
80 -4.35807e-08 1.4478e-08 -3.19233e-09
