26 1.26614 -7.20489 2.07545e-11
27 -5.07771e-05 4.14024e-05 -3.57453e-06
28 0.0576251 -0.0440255 0.000549825
29 -7.60747e-06 1.49731e-05 -3.57281e-08
30 1.45519e-10 -5.42469e-08 1.45928e-09
31 -1.45519e-10 1.77061e-08 -6.36192e-10
32 7.27596e-11 -2.61155e-08 -1.33741e-09
33 1.09139e-10 1.23375e-08 1.69712e-09
34 1.60071e-10 -5.80187e-08 -1.84355e-09
35 -4.36557e-11 -1.07423e-08 4.72028e-10
36 4.36557e-11 4.24468e-08 5.00677e-10
37 -7.27596e-11 -9.83324e-10 4.90672e-10
38 -2.03727e-10 9.14432e-08 4.07408e-09
39 -8.73115e-11 -1.91974e-08 -2.04182e-10
40 -2.18279e-10 -1.65371e-08 -1.97406e-09
41 -1.16415e-10 3.5365e-08 6.09816e-10
42 -2.61934e-10 -1.10689e-09 8.26731e-10
43 -3.20142e-10 -1.89354e-09 -1.3697e-09
44 -1.52795e-10 1.53483e-08 -3.39242e-10
45 -9.45874e-11 6.84475e-08 4.93537e-09
46 -5.82077e-11 -6.88213e-08 -5.58066e-09
47 1.38243e-10 1.57829e-08 1.32695e-09
48 -2.18279e-11 -2.71088e-08 -3.53566e-09
49 -2.40107e-10 -3.90156e-08 3.5925e-10
50 -1.89175e-10 -7.45647e-09 -5.12955e-10
51 1.89175e-10 2.51972e-08 5.62522e-10
52 2.91038e-11 -4.10394e-08 1.89766e-09
53 8.73115e-11 3.11935e-08 -2.7203e-09
54 -1.60071e-10 1.88295e-08 1.35515e-09
55 -1.23691e-10 2.73938e-08 2.56478e-09
56 -9.45874e-11 -2.78202e-08 2.12822e-10
57 7.27596e-11 3.35749e-08 1.00954e-09
58 -1.23691e-10 1.84692e-08 -1.16552e-09
59 -2.18279e-11 4.95597e-08 8.75389e-10
60 -1.74623e-10 -3.37675e-08 9.09495e-11
61 1.81899e-10 2.71622e-08 2.09502e-09
62 -4.36557e-11 1.94311e-08 -2.81943e-11
63 -5.09317e-11 -5.83701e-08 -3.49291e-09
64 1.16415e-10 9.23271e-08 3.09137e-09
65 -1.23691e-10 3.05744e-08 5.64796e-10
66 1.45519e-11 7.70386e-08 2.89219e-09
67 -1.01863e-10 -1.50321e-08 -1.37152e-09
68 -3.63798e-11 1.18858e-08 2.49702e-09
69 -5.09317e-11 -2.29655e-08 -5.95719e-11
70 -1.45519e-11 -7.1557e-08 -3.21415e-09
71 9.45874e-11 3.26686e-08 5.18867e-10
72 0 1.93729e-08 1.7194e-09
73 1.60071e-10 1.73812e-08 -1.06866e-10
74 -8.73115e-11 1.2341e-09 2.11003e-10
75 2.91038e-11 2.58601e-08 9.14042e-10
76 -7.27596e-12 6.29231e-09 5.51154e-10
77 -2.18279e-11 -3.8253e-09 4.15639e-10
78 -8.00355e-11 9.17666e-08 2.71848e-09
79 -3.63798e-11 -1.85266e-08 1.20963e-09
80 7.27596e-11 5.66631e-09 -2.22644e-09
