26 0.0383738 -2.3438 8.82583e-12
27 195.178 2534.8 -1.94794e-05
28 0.451657 0.273611 0.00185942
29 0.000400373 -0.000347181 -2.28893e-06
30 1.23691e-10 1.17304e-08 2.73531e-09
31 1.89175e-10 8.82262e-08 -2.18051e-09
32 7.27596e-12 -4.0457e-08 1.07229e-09
33 -8.00355e-11 -5.43113e-09 3.39696e-10
34 3.63798e-11 4.41518e-08 -1.15324e-09
35 3.63798e-11 -7.15969e-08 -8.0081e-10
36 -7.27596e-12 7.08889e-08 2.21462e-10
37 -1.45519e-11 -4.68907e-08 2.21917e-10
38 -5.82077e-11 -3.95889e-08 -1.89266e-09
39 5.09317e-11 5.13658e-09 2.01726e-09
40 -6.54836e-11 -1.20922e-09 -3.56977e-10
41 1.45519e-11 2.86181e-08 -3.72438e-10
42 -3.63798e-11 -1.04147e-07 8.09905e-10
43 2.91038e-11 2.99151e-08 8.0172e-10
44 -5.82077e-11 -7.81339e-09 8.78572e-10
45 2.91038e-11 -7.02791e-08 -2.52385e-09
46 -2.18279e-11 1.25934e-08 9.60426e-10
47 3.63798e-11 -1.59368e-08 -3.07409e-10
48 7.27596e-12 -1.71047e-08 1.06866e-09
49 -5.09317e-11 5.80681e-08 1.61026e-09
50 -2.91038e-11 -1.18441e-08 -1.04319e-09
51 3.63798e-11 7.85266e-08 -2.08274e-10
52 5.09317e-11 -4.40536e-08 1.36424e-12
53 -2.91038e-11 -1.19836e-08 8.09905e-10
54 1.01863e-10 1.75284e-08 -1.00044e-10
55 9.45874e-11 6.28585e-08 -3.72893e-11
56 1.74623e-10 -7.59118e-09 -7.89441e-10
57 1.60071e-10 -5.30039e-08 5.75255e-10
58 2.18279e-11 6.11842e-08 1.6762e-09
59 2.91038e-11 2.97963e-08 -3.40151e-10
60 -1.23691e-10 2.62668e-08 -1.86401e-09
61 -1.16415e-10 -4.36609e-08 1.10413e-09
62 -1.01863e-10 2.27942e-08 -1.51613e-09
63 2.18279e-11 -4.72317e-08 -8.54925e-11
64 -1.16415e-10 -8.92648e-08 4.78394e-10
65 2.18279e-11 1.11454e-07 6.70298e-10
66 7.27596e-12 2.00502e-09 -9.44965e-10
67 3.63798e-11 -2.47528e-09 -9.66793e-10
68 3.63798e-11 6.01713e-08 -1.08912e-09
69 -1.23691e-10 -4.20848e-08 1.54796e-09
70 1.74623e-10 5.57066e-09 -1.33014e-09
71 2.18279e-11 -1.74147e-09 -8.11269e-10
72 4.36557e-11 1.12498e-08 -4.62478e-10
73 1.45519e-11 7.85111e-08 -1.28421e-09
74 -1.38243e-10 -2.57397e-08 2.38742e-10
75 2.91038e-11 -2.76879e-08 -4.07908e-10
76 -1.01863e-10 2.8091e-08 1.02682e-09
77 4.36557e-11 -3.51396e-08 -2.08274e-10
78 1.60071e-10 -7.48783e-09 7.13953e-10
79 -8.73115e-11 5.56807e-08 -1.40381e-09
80 7.27596e-12 -1.04385e-08 7.7307e-12
