26 2.23707e-09 -4.65296e-08 -6.46731e-10
27 -3.04497e-06 -7.73897e-05 -6.36749e-06
28 -3.02223e-07 -6.05911e-05 -5.41183e-06
29 1.83317e-06 -7.0359e-05 -2.49888e-06
30 1.68329e-06 -6.8971e-05 -2.59241e-06
31 2.31013e-06 -7.01503e-05 -2.56016e-06
32 2.3559e-06 -6.99193e-05 -2.55081e-06
33 2.36975e-06 -6.99581e-05 -2.55077e-06
34 2.38128e-06 -6.99764e-05 -2.54928e-06
35 2.39392e-06 -6.99938e-05 -2.54865e-06
36 2.40686e-06 -7.00104e-05 -2.54763e-06
37 2.41905e-06 -7.00244e-05 -2.54696e-06
38 2.43212e-06 -7.00391e-05 -2.54616e-06
39 2.44517e-06 -7.00516e-05 -2.54568e-06
40 2.45714e-06 -7.00646e-05 -2.54531e-06
41 2.47015e-06 -7.0078e-05 -2.54449e-06
42 2.48314e-06 -7.00886e-05 -2.54412e-06
43 2.49674e-06 -7.00997e-05 -2.5435e-06
44 2.50967e-06 -7.01106e-05 -2.5432e-06
45 2.523e-06 -7.01213e-05 -2.54281e-06
46 2.53632e-06 -7.01309e-05 -2.54246e-06
47 2.54972e-06 -7.01413e-05 -2.54215e-06
48 2.56304e-06 -7.01512e-05 -2.54186e-06
49 2.5763e-06 -7.01605e-05 -2.54161e-06
50 2.58962e-06 -7.01699e-05 -2.54134e-06
51 2.60305e-06 -7.01791e-05 -2.54105e-06
52 2.61639e-06 -7.01882e-05 -2.54085e-06
53 2.62971e-06 -7.01973e-05 -2.54064e-06
54 2.64319e-06 -7.02064e-05 -2.54039e-06
55 2.65639e-06 -7.02157e-05 -2.54019e-06
56 2.66973e-06 -7.02249e-05 -2.54e-06
57 2.68314e-06 -7.02338e-05 -2.53977e-06
58 2.69673e-06 -7.0243e-05 -2.53954e-06
59 2.71035e-06 -7.02522e-05 -2.53926e-06
60 2.72382e-06 -7.02614e-05 -2.53908e-06
61 2.73733e-06 -7.02702e-05 -2.53887e-06
62 2.75092e-06 -7.02794e-05 -2.53863e-06
63 2.76446e-06 -7.02882e-05 -2.53844e-06
64 2.77798e-06 -7.02971e-05 -2.53826e-06
65 2.79154e-06 -7.03058e-05 -2.53808e-06
66 2.8051e-06 -7.03145e-05 -2.53789e-06
67 2.81869e-06 -7.03233e-05 -2.53771e-06
68 2.83227e-06 -7.03319e-05 -2.53753e-06
69 2.84586e-06 -7.03406e-05 -2.53736e-06
70 2.85946e-06 -7.03492e-05 -2.53718e-06
71 2.87309e-06 -7.03579e-05 -2.53701e-06
72 2.88671e-06 -7.03665e-05 -2.53684e-06
73 2.90036e-06 -7.03751e-05 -2.53667e-06
74 2.91403e-06 -7.03837e-05 -2.5365e-06
75 2.92768e-06 -7.03922e-05 -2.53633e-06
76 2.94133e-06 -7.04008e-05 -2.53617e-06
77 2.95501e-06 -7.04093e-05 -2.53601e-06
78 2.96871e-06 -7.04178e-05 -2.53584e-06
79 2.98239e-06 -7.04263e-05 -2.53568e-06
80 2.99608e-06 -7.04348e-05 -2.53552e-06
