26 0.0394268 -0.115224 1.50029e-11
27 -1.32076e-05 -9.56148e-06 -2.47064e-08
28 0.00991965 0.00422497 1.80425e-05
29 3.43939e-08 -7.46327e-08 -1.85901e-09
30 -4.39859e-08 7.17162e-08 -1.34651e-09
31 -5.34055e-09 3.09499e-08 2.01044e-09
32 -1.94018e-08 3.56206e-08 2.81671e-09
33 8.67249e-09 -3.56238e-08 2.55068e-09
34 1.37334e-09 1.17057e-08 8.45739e-09
35 -6.85532e-09 1.4968e-08 -3.96631e-09
36 -3.53125e-08 5.17539e-08 -3.65253e-09
37 -9.05993e-09 3.57068e-08 5.05042e-09
38 -5.31109e-08 1.0344e-07 -8.69477e-10
39 -3.77577e-09 1.0551e-08 3.21597e-09
40 3.40583e-08 -5.71858e-08 -2.44972e-09
41 -5.02223e-09 1.57129e-08 2.77851e-09
42 -4.28577e-08 7.34094e-08 7.86258e-10
43 3.53953e-08 -7.39667e-08 1.00044e-11
44 3.42538e-08 -5.12523e-08 5.27598e-09
45 -7.41652e-08 1.2753e-07 -3.32147e-09
46 2.79538e-08 -6.90427e-08 -5.82895e-09
47 -1.24824e-08 5.34635e-08 -2.40016e-09
48 8.32461e-09 -3.31966e-08 4.21778e-09
49 -4.20468e-08 9.6348e-08 1.1205e-09
50 2.36619e-08 -5.01582e-08 1.10458e-09
51 5.8054e-08 -1.14817e-07 4.26735e-09
52 -3.68605e-08 6.46251e-08 -2.18733e-10
53 1.235e-07 -2.2958e-07 -3.45744e-09
54 -9.66734e-08 1.81727e-07 1.36515e-09
55 9.30822e-09 -7.00743e-09 -4.8658e-11
56 3.13671e-08 -5.66938e-08 -5.12546e-09
57 2.12303e-08 -5.91783e-08 -1.46929e-09
58 -8.17954e-09 1.55999e-08 9.00218e-09
59 1.60053e-08 -4.30009e-08 -1.8822e-09
60 6.35046e-08 -1.21213e-07 -6.77574e-09
61 -1.40676e-08 3.44241e-08 2.50066e-09
62 -4.68299e-08 9.11393e-08 -3.00679e-09
63 4.85807e-09 -6.21571e-09 -3.97222e-09
64 1.58875e-08 -5.89516e-08 7.98536e-10
65 9.19049e-08 -1.67304e-07 1.20372e-09
66 -4.75343e-08 8.49407e-08 -3.52566e-09
67 -3.66463e-08 5.90071e-08 2.05546e-09
68 8.38304e-08 -1.43094e-07 7.44421e-10
69 -9.97529e-08 1.89815e-07 2.95404e-09
70 2.2163e-08 -3.96535e-08 -3.5393e-09
71 -1.14446e-08 2.05127e-08 -2.89447e-09
72 7.13499e-10 -1.05547e-09 1.78898e-09
73 -2.28247e-08 3.14419e-08 -1.03182e-09
74 -2.53349e-08 6.58536e-08 -1.09458e-09
75 6.08379e-08 -9.67557e-08 9.48921e-09
76 -6.14468e-08 1.08898e-07 -3.34558e-09
77 1.94204e-08 -3.13175e-08 4.25462e-09
78 2.18215e-08 -4.21312e-08 -7.25458e-09
79 -1.12095e-08 -1.37243e-09 -3.32875e-09
80 -4.67626e-08 1.08238e-07 1.06984e-08
