26 1.98053e-09 -4.5494e-08 -1.03019e-09
27 -7.61474e-06 -6.26289e-05 -1.55342e-05
28 -4.05556e-06 -4.84256e-05 -1.26454e-05
29 -4.13511e-08 -6.43329e-05 -6.44604e-06
30 -2.29987e-07 -6.28106e-05 -6.55082e-06
31 3.96926e-07 -6.39978e-05 -6.5716e-06
32 4.52741e-07 -6.37981e-05 -6.53464e-06
33 4.66742e-07 -6.38373e-05 -6.53398e-06
34 4.79115e-07 -6.38584e-05 -6.5313e-06
35 4.92187e-07 -6.38772e-05 -6.52988e-06
36 5.05633e-07 -6.38955e-05 -6.52836e-06
37 5.18199e-07 -6.39108e-05 -6.52718e-06
38 5.31626e-07 -6.39267e-05 -6.52616e-06
39 5.44911e-07 -6.394e-05 -6.52546e-06
40 5.57056e-07 -6.39536e-05 -6.52495e-06
41 5.70369e-07 -6.3968e-05 -6.52417e-06
42 5.83492e-07 -6.39792e-05 -6.52381e-06
43 5.9731e-07 -6.3991e-05 -6.52329e-06
44 6.1033e-07 -6.40022e-05 -6.5231e-06
45 6.23769e-07 -6.40133e-05 -6.52288e-06
46 6.37186e-07 -6.40233e-05 -6.5227e-06
47 6.50645e-07 -6.40339e-05 -6.52262e-06
48 6.64031e-07 -6.40442e-05 -6.52255e-06
49 6.77326e-07 -6.40536e-05 -6.52254e-06
50 6.90682e-07 -6.40631e-05 -6.52254e-06
51 7.04165e-07 -6.40725e-05 -6.52254e-06
52 7.17513e-07 -6.40818e-05 -6.52261e-06
53 7.30844e-07 -6.40909e-05 -6.5227e-06
54 7.44348e-07 -6.41002e-05 -6.52277e-06
55 7.57544e-07 -6.41095e-05 -6.5229e-06
56 7.70882e-07 -6.41187e-05 -6.52303e-06
57 7.84303e-07 -6.41277e-05 -6.52313e-06
58 7.97899e-07 -6.4137e-05 -6.52325e-06
59 8.11554e-07 -6.41464e-05 -6.5233e-06
60 8.25007e-07 -6.41555e-05 -6.52346e-06
61 8.38521e-07 -6.41644e-05 -6.52359e-06
62 8.52121e-07 -6.41737e-05 -6.5237e-06
63 8.65649e-07 -6.41825e-05 -6.52386e-06
64 8.79162e-07 -6.41914e-05 -6.52402e-06
65 8.92711e-07 -6.42001e-05 -6.52418e-06
66 9.06261e-07 -6.42089e-05 -6.52434e-06
67 9.19835e-07 -6.42176e-05 -6.52451e-06
68 9.33405e-07 -6.42263e-05 -6.52468e-06
69 9.46983e-07 -6.4235e-05 -6.52485e-06
70 9.60571e-07 -6.42436e-05 -6.52502e-06
71 9.74186e-07 -6.42522e-05 -6.52519e-06
72 9.87795e-07 -6.42608e-05 -6.52537e-06
73 1.00143e-06 -6.42694e-05 -6.52555e-06
74 1.01508e-06 -6.4278e-05 -6.52573e-06
75 1.02871e-06 -6.42866e-05 -6.5259e-06
76 1.04235e-06 -6.42951e-05 -6.52608e-06
77 1.05601e-06 -6.43036e-05 -6.52626e-06
78 1.06969e-06 -6.43121e-05 -6.52644e-06
79 1.08335e-06 -6.43206e-05 -6.52662e-06
80 1.09703e-06 -6.43291e-05 -6.5268e-06
