26 -1.55251 -1.93668 -5.11123e-10
27 9.07618e-06 -3.8577e-05 -7.57245e-08
28 -0.00555927 -0.0292592 -7.8496e-05
29 -7.92397e-09 3.50976e-08 -5.949e-09
30 -1.44546e-08 1.15722e-09 -6.79347e-09
31 -4.21119e-08 1.99898e-08 2.60707e-09
32 -8.41419e-09 3.32454e-09 4.10637e-10
33 -8.74206e-09 2.53453e-09 1.69712e-09
34 -7.77345e-09 1.14055e-08 5.89353e-10
35 5.09117e-08 -3.10837e-08 -4.0427e-10
36 6.00062e-08 -3.3698e-08 1.87174e-09
37 -1.68279e-08 -7.89646e-09 -2.88856e-09
38 2.62935e-09 -7.51356e-10 -5.0286e-09
39 4.95038e-09 3.45449e-09 6.24095e-09
40 2.18415e-09 1.0087e-08 -3.95403e-09
41 5.95405e-08 -5.79045e-08 2.8831e-09
42 -8.49923e-09 1.84831e-08 1.79625e-10
43 -6.82071e-08 3.63901e-08 -7.83984e-10
44 9.0723e-08 -4.8617e-08 -1.96951e-09
45 -2.00234e-08 2.79601e-09 4.44243e-09
46 1.85628e-08 -8.29459e-09 -5.51609e-09
47 -7.91897e-09 -2.22462e-09 2.49929e-09
48 1.61522e-08 -1.15199e-09 -1.91039e-09
49 -4.10178e-08 1.58799e-08 4.07908e-10
50 2.3515e-09 -5.90319e-09 -6.23004e-11
51 -5.92759e-08 4.32602e-08 -3.21961e-10
52 -1.06015e-08 -4.62319e-09 -3.12912e-09
53 -3.03421e-08 4.55021e-08 2.94631e-09
54 -1.46279e-08 -1.08986e-08 1.46701e-09
55 1.76892e-08 -5.30918e-10 2.03727e-10
56 5.77566e-08 -3.79539e-08 -2.54204e-10
57 -1.12668e-08 2.0344e-08 1.35969e-09
58 -4.30387e-08 1.61657e-08 -8.59472e-10
59 -4.40155e-08 1.57091e-08 -3.15595e-10
60 7.39101e-08 -3.95121e-08 -6.08452e-10
61 -5.55719e-08 2.78635e-08 3.10592e-10
62 -3.20124e-08 2.3355e-08 -1.24328e-09
63 -6.75345e-09 8.52992e-10 1.3265e-09
64 4.89354e-08 -1.91387e-08 7.45331e-10
65 -3.20983e-08 1.4662e-08 -4.03816e-10
66 3.54175e-08 -2.75013e-08 -1.75078e-10
67 -4.64074e-08 3.94625e-08 1.00181e-09
68 7.50019e-08 -4.49048e-08 1.06775e-09
69 3.21461e-08 -3.35657e-08 -3.72893e-10
70 -1.90039e-08 1.11786e-08 -2.15732e-09
71 -2.60798e-08 8.22104e-09 -3.03771e-10
72 1.43882e-09 3.38446e-10 -1.09412e-09
73 3.93629e-08 -2.00309e-08 1.55342e-09
74 1.20408e-08 -5.37716e-09 -2.02272e-09
75 1.16956e-08 -1.89601e-08 4.75484e-09
76 -1.59084e-08 6.27983e-09 -3.99814e-09
77 1.68347e-08 -1.31082e-08 2.14277e-09
78 -6.49538e-08 4.66829e-08 2.47519e-09
79 1.30276e-08 -1.19371e-10 1.5757e-09
80 2.1837e-08 -5.21106e-09 -4.52656e-09
