26 -7.32722e-09 -3.83227e-08 -3.53468e-09
27 -6.364e-05 -1.09948e-05 -9.9031e-06
28 -4.92259e-05 -6.75533e-06 -8.02849e-06
29 -2.37456e-05 -4.25625e-05 -4.2235e-06
30 -2.40721e-05 -4.08563e-05 -4.17356e-06
31 -2.36581e-05 -4.18738e-05 -4.23487e-06
32 -2.34614e-05 -4.18042e-05 -4.21418e-06
33 -2.34427e-05 -4.18471e-05 -4.21223e-06
34 -2.34222e-05 -4.18761e-05 -4.21123e-06
35 -2.34041e-05 -4.18995e-05 -4.21034e-06
36 -2.33864e-05 -4.19219e-05 -4.20984e-06
37 -2.33702e-05 -4.19407e-05 -4.20926e-06
38 -2.33542e-05 -4.19591e-05 -4.20901e-06
39 -2.3339e-05 -4.19743e-05 -4.20874e-06
40 -2.33254e-05 -4.19893e-05 -4.20851e-06
41 -2.33107e-05 -4.20052e-05 -4.2085e-06
42 -2.3297e-05 -4.20171e-05 -4.20845e-06
43 -2.32825e-05 -4.20298e-05 -4.20851e-06
44 -2.32694e-05 -4.20411e-05 -4.20856e-06
45 -2.3256e-05 -4.20524e-05 -4.20865e-06
46 -2.32427e-05 -4.20624e-05 -4.20877e-06
47 -2.32297e-05 -4.20727e-05 -4.20894e-06
48 -2.32168e-05 -4.20826e-05 -4.20911e-06
49 -2.32042e-05 -4.20916e-05 -4.20929e-06
50 -2.31915e-05 -4.21005e-05 -4.20949e-06
51 -2.31788e-05 -4.21093e-05 -4.20973e-06
52 -2.31664e-05 -4.21179e-05 -4.20994e-06
53 -2.3154e-05 -4.21262e-05 -4.21018e-06
54 -2.31415e-05 -4.21346e-05 -4.21044e-06
55 -2.31295e-05 -4.2143e-05 -4.21071e-06
56 -2.31173e-05 -4.21513e-05 -4.21099e-06
57 -2.3105e-05 -4.21594e-05 -4.21127e-06
58 -2.30926e-05 -4.21677e-05 -4.21157e-06
59 -2.308e-05 -4.21762e-05 -4.21188e-06
60 -2.30678e-05 -4.21843e-05 -4.21217e-06
61 -2.30555e-05 -4.21922e-05 -4.21247e-06
62 -2.30431e-05 -4.22005e-05 -4.21279e-06
63 -2.30309e-05 -4.22083e-05 -4.21309e-06
64 -2.30187e-05 -4.22161e-05 -4.2134e-06
65 -2.30064e-05 -4.22238e-05 -4.21371e-06
66 -2.29941e-05 -4.22315e-05 -4.21402e-06
67 -2.29819e-05 -4.22391e-05 -4.21434e-06
68 -2.29696e-05 -4.22467e-05 -4.21466e-06
69 -2.29574e-05 -4.22542e-05 -4.21498e-06
70 -2.29451e-05 -4.22618e-05 -4.2153e-06
71 -2.29328e-05 -4.22693e-05 -4.21562e-06
72 -2.29205e-05 -4.22768e-05 -4.21594e-06
73 -2.29083e-05 -4.22843e-05 -4.21627e-06
74 -2.2896e-05 -4.22918e-05 -4.21659e-06
75 -2.28837e-05 -4.22992e-05 -4.21692e-06
76 -2.28714e-05 -4.23066e-05 -4.21725e-06
77 -2.2859e-05 -4.2314e-05 -4.21757e-06
78 -2.28467e-05 -4.23214e-05 -4.21791e-06
79 -2.28344e-05 -4.23288e-05 -4.21823e-06
80 -2.28221e-05 -4.23361e-05 -4.21857e-06
