26 -0.0122924 -0.0389859 1.10389e-11
27 7.95245e-06 -4.15566e-06 1.02918e-08
28 -0.0101115 -0.00271605 -1.95399e-05
29 1.48138e-08 8.65749e-08 -8.83119e-09
30 4.42878e-09 3.34322e-08 6.97128e-09
31 4.19332e-08 1.48971e-07 3.94039e-09
32 -7.97581e-09 -5.61602e-08 3.11411e-09
33 4.44293e-08 1.77024e-07 4.89263e-09
34 -5.85655e-08 -1.80432e-07 -1.6345e-08
35 -8.25844e-08 -3.29454e-07 1.94395e-08
36 6.07401e-08 2.15377e-07 1.65528e-10
37 -6.75482e-09 -1.64119e-08 6.65295e-09
38 2.85336e-08 7.52251e-08 -1.06811e-08
39 1.31677e-08 7.04758e-08 7.68068e-09
40 7.04858e-10 -9.11484e-09 -7.51243e-10
41 3.82988e-09 1.72522e-08 -8.35462e-09
42 -4.21096e-08 -1.34393e-07 -3.45517e-09
43 5.01636e-08 1.85428e-07 4.88217e-09
44 3.59159e-08 1.1295e-07 9.42782e-09
45 -1.65614e-08 -3.68706e-08 -7.51243e-09
46 8.08864e-08 3.11271e-07 -7.28369e-09
47 -4.12488e-08 -1.63527e-07 4.91946e-09
48 -3.24239e-08 -1.28581e-07 8.9949e-10
49 -8.96034e-09 -3.32864e-08 2.91811e-09
50 1.63104e-08 5.30395e-08 -1.51294e-09
51 -7.60065e-09 -3.29779e-08 -2.09639e-09
52 3.92047e-08 1.39703e-07 -2.44108e-09
53 1.19526e-08 5.26848e-08 5.94446e-09
54 -6.62817e-08 -2.34361e-07 -3.56113e-09
55 -3.03407e-08 -1.20045e-07 9.1286e-09
56 1.33264e-08 5.85933e-08 -6.758e-09
57 7.00493e-09 4.63911e-08 -2.27374e-10
58 5.52359e-08 1.84024e-07 9.80162e-09
59 -7.09906e-09 -2.33389e-08 -8.84847e-09
60 2.36441e-08 6.62412e-08 5.55883e-09
61 -1.64428e-08 -2.0348e-08 -8.68022e-09
62 -8.55516e-09 -6.58223e-08 1.33477e-08
63 -5.78498e-08 -1.80925e-07 -1.10672e-08
64 8.28563e-08 2.83119e-07 1.54914e-08
65 -8.97116e-08 -3.34975e-07 -3.55249e-09
66 1.59343e-09 -2.66505e-09 7.31097e-09
67 9.89849e-09 4.92327e-08 -1.36943e-08
68 -3.56854e-08 -1.29584e-07 6.80757e-09
69 -4.89763e-09 -3.29584e-08 -6.20821e-09
70 -1.55537e-08 -5.80676e-08 2.06419e-08
71 7.43812e-08 2.80148e-07 -3.20824e-09
72 -3.21816e-08 -9.63969e-08 -6.70434e-09
73 4.11137e-08 1.34201e-07 8.65975e-09
74 4.65507e-08 2.00076e-07 -8.38554e-09
75 3.95589e-08 1.35706e-07 9.5597e-09
76 3.65785e-08 1.30463e-07 6.32963e-09
77 -3.92142e-08 -1.51869e-07 -1.31968e-09
78 5.8958e-09 2.6327e-08 -7.87213e-09
79 -9.67507e-08 -3.52085e-07 6.26187e-09
80 -3.99905e-09 -3.64126e-08 -1.10649e-08
