26 1.2239 -0.952674 2.1201e-09
27 1238.67 -0.087029 -1.04582e-06
28 869.928 403.545 0.00200683
29 973.088 17.1411 -0.000308595
30 1062.87 204.333 8.4007e-06
31 1062.17 190.099 1.72057e-05
32 1068.87 203.049 9.4371e-06
33 1069.83 214.755 1.5234e-11
34 1071.64 225.852 -3.65844e-10
35 1073.16 236.562 2.95586e-11
36 1074.78 247.125 3.89264e-10
37 1076.37 257.523 -4.33033e-10
38 1078 267.81 -5.7355e-11
39 1079.6 278.03 1.30058e-10
40 1081.22 288.203 -8.44352e-10
41 1082.84 298.356 6.33008e-10
42 1084.42 308.536 -4.36557e-10
43 1085.98 318.377 2.21519e-10
44 1087.53 328.033 6.48072e-10
45 1089.06 337.499 1.00681e-09
46 1090.57 346.78 -6.36646e-10
47 1092.08 355.886 4.72369e-10
48 1093.57 364.824 2.24645e-10
49 1095.04 373.571 -1.59162e-11
50 1096.49 382.138 -8.60041e-11
51 1097.93 390.533 9.74296e-11
52 1099.35 398.766 -7.0537e-10
53 1100.76 406.837 -5.95719e-11
54 1102.15 414.326 1.31536e-10
55 1103.52 422.001 -6.06576e-10
56 1104.87 429.534 -3.38218e-11
57 1106.2 436.912 5.71788e-10
58 1107.52 444.14 -6.17433e-10
59 1108.82 451.224 2.1339e-10
60 1110.1 458.164 8.41851e-11
61 1111.38 464.954 -2.54772e-10
62 1112.61 471.602 -1.04933e-10
63 1113.86 478.144 4.27121e-10
64 1115.07 484.533 2.50566e-10
65 1116.29 490.809 -3.20597e-11
66 1117.46 496.93 -1.76783e-10
67 1118.63 502.922 -3.4845e-10
68 1119.79 508.803 7.61361e-10
69 1120.93 514.563 2.09923e-10
70 1122.06 520.207 -4.50314e-10
71 1123.17 525.734 3.065e-10
72 1124.27 531.147 3.29919e-10
73 1125.35 536.447 -5.60476e-11
74 1126.42 541.637 1.85423e-10
75 1127.48 546.718 -6.34202e-10
76 1128.53 551.692 -1.46031e-10
77 1129.56 556.561 -9.4019e-11
78 1130.57 561.328 9.14042e-10
79 1131.58 565.994 -3.95687e-10
80 1132.57 570.56 -4.4912e-10
