26 0.2962 0.158644 4.10578e-11
27 3.34408e-05 -2.32804e-05 -4.43542e-08
28 0.0347202 -0.0898714 -0.000204248
29 -6.34436e-08 6.45501e-09 3.7835e-10
30 -2.77719e-08 -1.18984e-08 -2.60297e-09
31 -5.81076e-08 1.63744e-08 2.29375e-09
32 -82.4213 -648.791 -1.24419e-09
33 -88.6635 -662.166 -8.38554e-10
34 -87.5015 -660.644 -2.52112e-09
35 -86.9744 -657.466 1.20963e-09
36 -86.2647 -653.793 1.49339e-09
37 -85.5553 -649.491 -1.89721e-09
38 -84.8762 -644.869 -1.85537e-10
39 -84.2138 -639.794 2.5957e-09
40 -83.5574 -634.635 -6.45741e-10
41 -82.8363 -629.408 2.09184e-10
42 -82.1934 -623.738 -4.42014e-10
43 -81.5068 -618.058 1.41335e-09
44 -80.8838 -612.268 -2.03181e-09
45 -80.2414 -606.391 4.13092e-09
46 -79.5996 -600.405 -3.86535e-09
47 -78.9791 -594.434 2.67028e-09
48 -78.3556 -588.433 1.10958e-10
49 -77.7391 -582.345 -2.95586e-09
50 -77.1232 -576.268 4.3583e-09
51 -76.5031 -570.191 -2.84854e-09
52 -75.895 -564.12 1.13141e-09
53 -75.2925 -558.049 -4.40014e-09
54 -74.6871 -552.008 1.17143e-09
55 -74.0922 -546.014 2.24463e-09
56 -73.5003 -540.033 -4.99313e-09
57 -72.904 -534.06 2.56114e-09
58 -72.3138 -528.141 -7.29415e-10
59 -71.7143 -522.294 6.00267e-11
60 -71.1372 -516.441 -3.11411e-09
61 -70.5534 -510.592 -4.62023e-10
62 -69.9664 -504.822 1.18416e-09
63 -69.3922 -499.041 1.13869e-09
64 -68.8198 -493.291 -2.58296e-09
65 -68.2487 -487.574 6.16637e-10
66 -67.6792 -481.888 -1.21508e-09
67 -67.1135 -476.236 2.35377e-09
68 -66.5486 -470.617 -4.11455e-09
69 -65.9872 -465.033 2.89037e-09
70 -65.4283 -459.485 -1.64619e-09
71 -64.8736 -453.973 0
72 -64.3199 -448.495 -1.20235e-09
73 -63.7697 -443.053 3.18323e-10
74 -63.2207 -437.646 3.74712e-09
75 -62.6795 -432.28 -1.55705e-09
76 -62.1401 -426.949 1.94086e-09
77 -61.6016 -421.653 2.09184e-10
78 -61.0659 -416.392 1.41335e-09
79 -60.5333 -411.169 -1.14596e-09
80 -60.0022 -405.979 3.22325e-09
