26 3.07151 0.31088 4.89233e-09
27 -31059.2 -2.16314 6.02138e-05
28 -31013.7 -344.104 0.0453481
29 -28064.7 474.382 -0.0132451
30 -28274.7 869.437 -1.4236e-05
31 -28295.8 927.282 -0.000233315
32 -28297.5 936.856 -1.29412e-08
33 -28301 949.657 -1.56679e-08
34 -28301.9 957.701 2.05546e-10
35 -28303.3 965.235 4.72937e-10
36 -28304.8 972.343 -1.19871e-09
37 -28306.3 978.896 -1.80898e-09
38 -28308 985.17 -2.81034e-10
39 -28309.5 990.957 9.43146e-10
40 -28311.3 996.608 -1.26784e-09
41 -28313.2 1002.09 2.31012e-10
42 -28314.9 1007.03 -3.59514e-08
43 -28316.7 1011.82 9.44056e-10
44 -28318.4 1016.38 2.28283e-10
45 -28320.2 1020.72 -3.76531e-10
46 -28321.9 1024.78 -1.75532e-09
47 -28323.8 1028.72 -3.18323e-11
48 -28325.5 1032.48 1.90994e-11
49 -28327.3 1036 2.99224e-10
50 -28329 1039.36 7.30324e-10
51 -28330.7 1042.56 -1.00135e-09
52 -28332.4 1045.61 3.80169e-10
53 -28334.1 1048.5 2.77396e-10
54 -28335.9 1051.27 -2.08456e-09
55 -28337.6 1053.92 1.14596e-09
56 -28339.3 1056.43 -6.79393e-10
57 -28341 1058.79 6.18456e-10
58 -28342.8 1061.05 -1.74623e-09
59 -28344.5 1063.21 6.85759e-10
60 -28346.2 1065.23 1.48248e-10
61 -28347.9 1067.09 2.12822e-10
62 -28349.6 1068.89 5.60249e-10
63 -28351.2 1070.53 -4.19277e-10
64 -28352.8 1072.06 5.46606e-10
65 -28354.4 1073.48 -1.65528e-10
66 -28356 1074.8 -9.8953e-10
67 -28357.6 1076.01 9.28594e-10
68 -28359.2 1077.12 -5.70253e-10
69 -28360.7 1078.13 -7.76708e-10
70 -28362.3 1079.05 3.08319e-10
71 -28363.8 1079.87 -3.29237e-10
72 -28365.4 1080.61 -1.51886e-10
73 -28366.9 1081.25 -8.22183e-10
74 -28368.4 1081.81 3.54703e-10
75 -28369.9 1082.29 -1.49157e-10
76 -28371.3 1082.68 5.02951e-10
77 -28372.8 1083 -2.95586e-10
78 -28374.2 1083.23 1.48248e-10
79 -28375.7 1083.39 7.18501e-11
80 -28377.1 1083.48 -1.20963e-10
