26 0.0469332 -0.176118 2.34994e-11
27 5.97108e-05 -4.41465e-05 1.65505e-06
28 5.28178e-05 0.00192512 1.89398e-06
29 -1.96575e-05 1.12493e-05 -5.10052e-07
30 -2.71565e-05 1.35902e-05 -5.09254e-07
31 -4.68494e-08 4.50484e-08 -6.21793e-09
32 1.38707e-08 -1.08694e-08 8.17579e-10
33 1.4777e-07 -1.62755e-07 -3.5111e-09
34 -2.62162e-08 2.14459e-08 8.56079e-09
35 1.3431e-08 -1.52459e-08 -9.04873e-09
36 -3.08037e-08 2.19572e-08 -4.25638e-09
37 -5.84296e-08 6.94552e-08 8.88019e-09
38 3.00442e-08 -1.91064e-08 1.37857e-09
39 4.07786e-08 -6.69058e-08 -3.76593e-09
40 2.89615e-08 -1.99557e-08 -1.51471e-09
41 -2.61098e-08 3.06004e-08 5.5432e-09
42 3.64794e-08 -5.01684e-08 -3.63775e-09
43 -5.49426e-08 6.1885e-08 -1.28574e-09
44 -1.21199e-08 7.88486e-09 1.99748e-09
45 -3.64948e-08 5.26345e-08 1.02352e-09
46 1.092e-07 -1.26855e-07 -7.24356e-10
47 -6.59065e-08 7.84632e-08 -5.91979e-09
48 -2.7253e-09 -9.42237e-10 4.75575e-09
49 1.59903e-08 -2.84874e-08 -9.00502e-09
50 2.37364e-08 -1.77595e-08 9.67668e-09
51 1.14223e-08 -7.04222e-09 7.43978e-09
52 -4.53706e-08 5.85453e-08 -4.71545e-09
53 -1.4049e-08 1.65717e-08 3.46824e-09
54 -3.23098e-09 -6.73617e-09 -6.41649e-10
55 -3.73966e-08 4.89454e-08 -6.71457e-09
56 6.26069e-08 -5.18858e-08 3.14418e-09
57 -4.04011e-08 3.62088e-08 3.91424e-10
58 2.06273e-08 -1.83975e-08 -6.70138e-09
59 -1.95187e-08 1.44105e-08 5.07498e-09
60 -5.88025e-08 7.22107e-08 -6.57019e-09
61 -5.37511e-09 1.25938e-08 1.13857e-08
62 3.63561e-08 -3.9973e-08 -1.17526e-08
63 1.60512e-08 -1.82972e-08 1.00406e-08
64 7.12407e-09 -7.65112e-09 -3.23649e-09
65 -6.55937e-08 7.04961e-08 -1.70144e-09
66 -4.04275e-08 5.20622e-08 1.94575e-10
67 3.06945e-08 -2.30373e-08 -6.45343e-10
68 -1.91621e-08 -7.34281e-09 1.86247e-09
69 6.93121e-08 -9.83096e-08 -6.89533e-09
70 5.34146e-09 4.51662e-08 4.83658e-09
71 1.11891e-08 -3.43748e-08 -3.8512e-09
72 -5.50986e-08 6.72969e-08 2.62179e-09
73 -6.76937e-09 1.46497e-09 -1.56064e-09
74 5.34778e-08 -5.34324e-08 3.80976e-09
75 -2.44122e-08 2.43845e-08 -4.86443e-09
76 -3.8604e-08 4.34586e-08 3.66452e-09
77 1.85532e-08 -2.27858e-08 6.39943e-10
78 3.75903e-08 -4.52069e-08 2.73224e-09
79 -4.62242e-08 4.57107e-08 -1.41813e-09
80 -2.86573e-08 4.5178e-08 -5.97856e-09
