26 2.33619e-09 -4.75606e-08 1.2531e-09
27 1.52899e-05 -4.5098e-05 1.98089e-05
28 1.38238e-05 -3.64247e-05 1.53959e-05
29 9.65722e-06 -5.61656e-05 8.26326e-06
30 9.49805e-06 -5.49414e-05 8.28882e-06
31 1.02553e-05 -5.57698e-05 8.39551e-06
32 1.02412e-05 -5.56622e-05 8.33619e-06
33 1.02539e-05 -5.57037e-05 8.33507e-06
34 1.02634e-05 -5.57242e-05 8.33273e-06
35 1.02747e-05 -5.5744e-05 8.33121e-06
36 1.02871e-05 -5.57603e-05 8.3304e-06
37 1.02985e-05 -5.57751e-05 8.32949e-06
38 1.03116e-05 -5.57885e-05 8.3293e-06
39 1.03245e-05 -5.58007e-05 8.32899e-06
40 1.03364e-05 -5.58133e-05 8.32886e-06
41 1.03501e-05 -5.5824e-05 8.32925e-06
42 1.03634e-05 -5.58334e-05 8.32946e-06
43 1.03776e-05 -5.58421e-05 8.32993e-06
44 1.03911e-05 -5.58514e-05 8.33035e-06
45 1.04051e-05 -5.586e-05 8.33089e-06
46 1.04191e-05 -5.58676e-05 8.33144e-06
47 1.04333e-05 -5.58757e-05 8.33211e-06
48 1.04474e-05 -5.58835e-05 8.33277e-06
49 1.04614e-05 -5.58907e-05 8.33347e-06
50 1.04756e-05 -5.58977e-05 8.3342e-06
51 1.04899e-05 -5.59044e-05 8.335e-06
52 1.05041e-05 -5.59115e-05 8.33573e-06
53 1.05183e-05 -5.59182e-05 8.33653e-06
54 1.05327e-05 -5.59248e-05 8.33738e-06
55 1.05469e-05 -5.59316e-05 8.33824e-06
56 1.05611e-05 -5.59384e-05 8.3391e-06
57 1.05755e-05 -5.59448e-05 8.33998e-06
58 1.05901e-05 -5.59514e-05 8.34088e-06
59 1.06048e-05 -5.59579e-05 8.34178e-06
60 1.06192e-05 -5.59646e-05 8.34264e-06
61 1.06337e-05 -5.59709e-05 8.34353e-06
62 1.06483e-05 -5.59774e-05 8.34444e-06
63 1.06628e-05 -5.59838e-05 8.34533e-06
64 1.06773e-05 -5.59902e-05 8.34621e-06
65 1.06918e-05 -5.59964e-05 8.3471e-06
66 1.07063e-05 -5.60027e-05 8.34798e-06
67 1.07209e-05 -5.60089e-05 8.34887e-06
68 1.07355e-05 -5.60151e-05 8.34975e-06
69 1.075e-05 -5.60214e-05 8.35063e-06
70 1.07646e-05 -5.60275e-05 8.35151e-06
71 1.07792e-05 -5.60337e-05 8.35239e-06
72 1.07938e-05 -5.60399e-05 8.35327e-06
73 1.08084e-05 -5.60461e-05 8.35414e-06
74 1.0823e-05 -5.60523e-05 8.35501e-06
75 1.08376e-05 -5.60584e-05 8.35588e-06
76 1.08522e-05 -5.60646e-05 8.35675e-06
77 1.08668e-05 -5.60707e-05 8.35761e-06
78 1.08815e-05 -5.60769e-05 8.35847e-06
79 1.08961e-05 -5.6083e-05 8.35933e-06
80 1.09107e-05 -5.60891e-05 8.36019e-06
