26 -0.264651 0.305344 -3.57708e-12
27 -7.67341e-06 -6.88354e-07 -1.18234e-09
28 0.00281338 -0.0332183 7.12312e-05
29 -1.14879e-07 3.65454e-08 -2.44381e-09
30 -6.35919e-08 -2.92973e-08 3.02043e-09
31 1.08545e-07 4.59055e-08 -4.2055e-09
32 8.92837e-08 3.15022e-08 -3.16686e-09
33 6.21098e-08 3.2685e-08 2.14004e-09
34 9.98875e-08 1.91378e-08 -5.56611e-10
35 6.71525e-08 1.55985e-08 -6.28916e-09
36 -1.77233e-07 -5.44441e-08 7.49151e-09
37 -7.82074e-09 -2.39561e-09 8.37645e-10
38 -9.75529e-08 -5.48041e-08 -6.02995e-10
39 9.40349e-08 4.62773e-08 7.75799e-10
40 1.24816e-07 4.90923e-08 -7.4142e-09
41 -1.78256e-07 -8.19103e-08 -2.27374e-10
42 -9.83637e-08 -4.9742e-08 5.43878e-09
43 -5.7139e-09 1.95862e-08 3.24599e-09
44 1.4109e-07 5.46028e-08 -2.26919e-09
45 5.33023e-08 2.4339e-08 -3.10411e-09
46 -4.08536e-08 -8.57551e-09 4.8658e-09
47 7.875e-08 3.39314e-08 -6.15364e-09
48 5.60808e-08 1.55202e-08 -1.05592e-09
49 -6.98701e-08 -2.08887e-08 3.28873e-09
50 2.78301e-08 -3.33387e-09 2.40107e-10
51 -1.56194e-07 -5.33645e-08 3.49883e-09
52 4.71691e-08 -8.37349e-09 -2.8358e-09
53 -9.48262e-08 -4.13017e-08 2.44472e-09
54 7.11552e-08 3.54713e-08 -7.99173e-09
55 -3.02516e-08 -7.13896e-09 5.0195e-09
56 -3.70133e-08 -2.03875e-08 -1.6189e-10
57 5.31263e-08 2.1314e-08 1.32331e-09
58 1.74064e-08 6.50084e-09 1.437e-10
59 -2.26878e-07 -9.47728e-08 4.3201e-10
60 4.01524e-08 1.58e-08 -5.92991e-10
61 1.01803e-07 5.23524e-08 1.226e-09
62 -3.64753e-08 3.49132e-10 4.27463e-10
63 1.62569e-07 4.85587e-08 -5.15683e-09
64 3.42939e-08 3.64502e-08 3.80533e-09
65 -6.20121e-08 -3.07159e-08 3.70801e-09
66 -8.34611e-08 -3.45108e-08 8.25821e-10
67 -1.77183e-08 2.5758e-09 5.64978e-09
68 -1.96687e-07 -7.09108e-08 -6.20275e-10
69 6.47369e-08 2.1762e-08 -2.86855e-09
70 5.7521e-09 -2.16767e-09 1.53887e-09
71 -6.97514e-08 -5.1372e-08 7.83984e-10
72 1.235e-08 1.94112e-08 -3.21234e-09
73 2.3651e-08 2.17426e-09 -1.08594e-09
74 1.73154e-08 1.03632e-08 1.60071e-10
75 2.83412e-08 -4.40718e-09 2.59479e-09
76 -1.62852e-07 -6.25315e-08 8.86666e-09
77 -1.78579e-09 9.12894e-09 -2.98314e-09
78 1.5265e-08 5.50926e-09 -4.09273e-09
79 1.2806e-07 4.72501e-08 0
80 -1.58717e-07 -4.64681e-08 6.08179e-09
