26 1.08655e-09 3.28609e-08 4.86013e-10
27 6.53743e-08 0.000263758 -2.66547e-05
28 1.25578e-06 0.000202806 -2.29894e-05
29 -2.52342e-07 -1.02175e-05 -1.64146e-06
30 -6.47254e-08 -8.55042e-06 -1.72857e-06
31 3.17085e-07 -9.31678e-06 -1.67659e-06
32 3.70508e-07 -9.41063e-06 -1.67428e-06
33 3.88875e-07 -9.46289e-06 -1.67439e-06
34 4.00044e-07 -9.49655e-06 -1.67327e-06
35 4.13875e-07 -9.52318e-06 -1.67297e-06
36 4.27055e-07 -9.54525e-06 -1.67215e-06
37 4.40017e-07 -9.5649e-06 -1.67174e-06
38 4.53443e-07 -9.58083e-06 -1.67106e-06
39 4.67045e-07 -9.59474e-06 -1.67076e-06
40 4.7979e-07 -9.60789e-06 -1.67056e-06
41 4.93065e-07 -9.61913e-06 -1.66979e-06
42 5.06527e-07 -9.6278e-06 -1.66954e-06
43 5.20294e-07 -9.63585e-06 -1.66895e-06
44 5.33694e-07 -9.64331e-06 -1.66874e-06
45 5.47387e-07 -9.65001e-06 -1.66842e-06
46 5.60998e-07 -9.65558e-06 -1.66813e-06
47 5.74661e-07 -9.66091e-06 -1.66786e-06
48 5.8828e-07 -9.66596e-06 -1.66762e-06
49 6.01882e-07 -9.67005e-06 -1.66741e-06
50 6.15491e-07 -9.6739e-06 -1.66719e-06
51 6.29142e-07 -9.67733e-06 -1.66692e-06
52 6.42757e-07 -9.68091e-06 -1.66676e-06
53 6.56367e-07 -9.68403e-06 -1.66659e-06
54 6.70029e-07 -9.68694e-06 -1.66636e-06
55 6.83486e-07 -9.68982e-06 -1.66619e-06
56 6.97055e-07 -9.69264e-06 -1.66602e-06
57 7.10663e-07 -9.69514e-06 -1.66581e-06
58 7.24349e-07 -9.69773e-06 -1.66559e-06
59 7.38037e-07 -9.70048e-06 -1.66531e-06
60 7.51642e-07 -9.70314e-06 -1.66515e-06
61 7.65292e-07 -9.70542e-06 -1.66496e-06
62 7.78928e-07 -9.70796e-06 -1.66472e-06
63 7.92568e-07 -9.7102e-06 -1.66455e-06
64 8.06194e-07 -9.71245e-06 -1.66438e-06
65 8.19843e-07 -9.71459e-06 -1.66421e-06
66 8.33469e-07 -9.71673e-06 -1.66403e-06
67 8.47114e-07 -9.71883e-06 -1.66387e-06
68 8.60749e-07 -9.7209e-06 -1.6637e-06
69 8.74384e-07 -9.72295e-06 -1.66353e-06
70 8.88016e-07 -9.72499e-06 -1.66337e-06
71 9.01662e-07 -9.72703e-06 -1.66321e-06
72 9.15295e-07 -9.72904e-06 -1.66304e-06
73 9.28939e-07 -9.73106e-06 -1.66288e-06
74 9.42589e-07 -9.73308e-06 -1.66272e-06
75 9.56218e-07 -9.73508e-06 -1.66256e-06
76 9.69843e-07 -9.73707e-06 -1.66241e-06
77 9.83478e-07 -9.73906e-06 -1.66225e-06
78 9.97117e-07 -9.74107e-06 -1.66209e-06
79 1.01075e-06 -9.74305e-06 -1.66193e-06
80 1.02437e-06 -9.74504e-06 -1.66178e-06
