26 5.14378 -3.54745 1.58905e-08
27 0.000502828 -6.04356e-05 8.38118e-08
28 0.326413 -0.029246 -2.0186e-06
29 -0.000542269 0.000111048 6.20621e-08
30 2.40107e-10 -3.01167e-08 -1.93859e-09
31 -1.60071e-10 -1.64846e-08 7.61702e-10
32 -3.63798e-11 -3.08453e-08 -2.38379e-09
33 -2.91038e-11 2.3978e-09 7.60338e-10
34 -1.74623e-10 -4.7366e-08 3.08637e-09
35 9.45874e-11 2.72642e-08 -4.57339e-09
36 -1.45519e-10 2.12853e-08 2.79852e-09
37 -1.74623e-10 2.50628e-08 1.60981e-10
38 1.16415e-10 -1.50428e-08 4.4929e-10
39 -1.89175e-10 -1.80865e-08 -3.84352e-09
40 -2.91038e-11 -2.40706e-08 6.07042e-09
41 -2.91038e-11 4.68704e-09 -4.19732e-09
42 -1.74623e-10 -8.28363e-08 -7.62611e-10
43 9.45874e-11 2.80807e-08 9.83164e-10
44 -1.45519e-11 -1.11619e-08 3.17323e-09
45 1.16415e-10 -2.55537e-08 -1.0341e-09
46 -1.45519e-10 9.16733e-09 -9.22228e-10
47 -1.45519e-11 7.77877e-08 -1.65255e-09
48 -2.91038e-11 -6.85325e-08 3.2619e-09
49 -2.18279e-11 3.03079e-08 -4.94447e-09
50 1.74623e-10 -3.99092e-08 3.19505e-09
51 -7.27596e-12 -2.1001e-08 -6.09816e-10
52 1.16415e-10 2.58328e-08 -3.01043e-10
53 -3.63798e-11 -1.41488e-08 4.4929e-10
54 1.01863e-10 -9.67368e-09 4.32919e-10
55 3.63798e-11 -3.76355e-08 5.85715e-10
56 -2.18279e-11 8.61023e-08 -1.47338e-09
57 -3.63798e-11 4.09066e-08 -1.02318e-10
58 -1.09139e-10 -6.24915e-08 -1.01227e-09
59 4.36557e-11 2.44948e-09 3.12821e-09
60 -7.27596e-12 2.35539e-08 -2.60206e-09
61 -1.16415e-10 7.40102e-08 1.15688e-09
62 5.09317e-11 -5.26576e-08 -5.82077e-11
63 0 -2.89381e-09 -2.49565e-09
64 -7.27596e-11 -2.02207e-08 2.48383e-09
65 -8.00355e-11 3.48606e-08 -1.84991e-09
66 5.82077e-11 -2.55278e-08 1.18416e-09
67 -2.91038e-11 1.75233e-08 -1.07275e-09
68 0 3.3424e-08 5.98084e-09
69 8.73115e-11 -2.09803e-08 -1.40881e-09
70 -8.73115e-11 2.64787e-08 -1.74168e-09
71 -7.27596e-11 -2.85095e-08 -5.01132e-10
72 2.91038e-11 1.03481e-07 1.00408e-09
73 9.45874e-11 -9.41223e-08 1.60253e-09
74 -2.91038e-11 6.72923e-08 -2.73621e-09
75 2.91038e-11 -7.41544e-09 3.08773e-09
76 -7.27596e-12 2.50266e-08 -8.77662e-10
77 -2.91038e-11 3.33413e-08 -1.7817e-09
78 2.18279e-11 8.5384e-08 1.11731e-09
79 2.18279e-11 -6.85221e-08 -2.80488e-09
80 7.27596e-12 1.14049e-08 1.55524e-09
