26 1.06081e-09 -5.28414e-09 -2.5771e-08
27 1.03444e-06 9.56251e-05 -7.54108e-05
28 2.26269e-06 7.18632e-05 -5.75797e-05
29 1.03018e-06 -2.54287e-05 -9.29749e-06
30 1.21211e-06 -2.39954e-05 -9.36396e-06
31 1.59255e-06 -2.46877e-05 -9.37271e-06
32 1.64603e-06 -2.47281e-05 -9.33645e-06
33 1.66413e-06 -2.47771e-05 -9.33378e-06
34 1.67507e-06 -2.48056e-05 -9.33132e-06
35 1.68872e-06 -2.483e-05 -9.33001e-06
36 1.70176e-06 -2.48493e-05 -9.32894e-06
37 1.71457e-06 -2.48671e-05 -9.32804e-06
38 1.72788e-06 -2.48814e-05 -9.3276e-06
39 1.74137e-06 -2.48945e-05 -9.32733e-06
40 1.75402e-06 -2.49073e-05 -9.32728e-06
41 1.76722e-06 -2.49173e-05 -9.32723e-06
42 1.78059e-06 -2.49259e-05 -9.32744e-06
43 1.79427e-06 -2.49332e-05 -9.32762e-06
44 1.8076e-06 -2.4941e-05 -9.32804e-06
45 1.82122e-06 -2.49478e-05 -9.32849e-06
46 1.83476e-06 -2.49536e-05 -9.32897e-06
47 1.84836e-06 -2.49593e-05 -9.32958e-06
48 1.86192e-06 -2.49649e-05 -9.3302e-06
49 1.87545e-06 -2.49696e-05 -9.33087e-06
50 1.889e-06 -2.4974e-05 -9.33157e-06
51 1.90259e-06 -2.4978e-05 -9.33229e-06
52 1.91615e-06 -2.49824e-05 -9.33305e-06
53 1.9297e-06 -2.49864e-05 -9.33383e-06
54 1.94331e-06 -2.499e-05 -9.33464e-06
55 1.95672e-06 -2.49938e-05 -9.33549e-06
56 1.97024e-06 -2.49976e-05 -9.33635e-06
57 1.9838e-06 -2.50009e-05 -9.33719e-06
58 1.99744e-06 -2.50043e-05 -9.33806e-06
59 2.01108e-06 -2.50078e-05 -9.33888e-06
60 2.02464e-06 -2.50114e-05 -9.33976e-06
61 2.03824e-06 -2.50146e-05 -9.34064e-06
62 2.05183e-06 -2.50179e-05 -9.3415e-06
63 2.06542e-06 -2.50211e-05 -9.34239e-06
64 2.079e-06 -2.50244e-05 -9.34329e-06
65 2.09261e-06 -2.50274e-05 -9.34419e-06
66 2.10619e-06 -2.50305e-05 -9.34508e-06
67 2.11979e-06 -2.50336e-05 -9.34599e-06
68 2.13338e-06 -2.50367e-05 -9.34689e-06
69 2.14697e-06 -2.50397e-05 -9.3478e-06
70 2.16056e-06 -2.50427e-05 -9.3487e-06
71 2.17416e-06 -2.50458e-05 -9.34961e-06
72 2.18775e-06 -2.50488e-05 -9.35052e-06
73 2.20135e-06 -2.50518e-05 -9.35143e-06
74 2.21496e-06 -2.50548e-05 -9.35234e-06
75 2.22854e-06 -2.50578e-05 -9.35324e-06
76 2.24212e-06 -2.50608e-05 -9.35415e-06
77 2.25572e-06 -2.50638e-05 -9.35506e-06
78 2.26931e-06 -2.50668e-05 -9.35597e-06
79 2.2829e-06 -2.50698e-05 -9.35688e-06
80 2.29649e-06 -2.50727e-05 -9.35778e-06
