26 -4.5061e-09 -3.76961e-08 1.08158e-08
27 -2.30475e-05 -1.01188e-05 4.40036e-05
28 -1.74863e-05 -6.0238e-06 3.4744e-05
29 -8.64063e-06 -4.22517e-05 1.35691e-05
30 -8.50516e-06 -4.05328e-05 1.37262e-05
31 -8.11631e-06 -4.1541e-05 1.37151e-05
32 -8.03533e-06 -4.14699e-05 1.36474e-05
33 -8.01504e-06 -4.15129e-05 1.3644e-05
34 -8.00167e-06 -4.15417e-05 1.36395e-05
35 -7.98665e-06 -4.15652e-05 1.36371e-05
36 -7.97248e-06 -4.15875e-05 1.36351e-05
37 -7.95867e-06 -4.16064e-05 1.36334e-05
38 -7.94477e-06 -4.16247e-05 1.36325e-05
39 -7.93079e-06 -4.16399e-05 1.36318e-05
40 -7.9179e-06 -4.16549e-05 1.36316e-05
41 -7.90452e-06 -4.16708e-05 1.36313e-05
42 -7.89105e-06 -4.16826e-05 1.36314e-05
43 -7.87729e-06 -4.16953e-05 1.36315e-05
44 -7.86408e-06 -4.17066e-05 1.3632e-05
45 -7.8506e-06 -4.17179e-05 1.36325e-05
46 -7.8372e-06 -4.17279e-05 1.36331e-05
47 -7.82387e-06 -4.17382e-05 1.36338e-05
48 -7.81058e-06 -4.17481e-05 1.36346e-05
49 -7.79735e-06 -4.1757e-05 1.36355e-05
50 -7.78413e-06 -4.1766e-05 1.36364e-05
51 -7.77088e-06 -4.17748e-05 1.36373e-05
52 -7.75769e-06 -4.17833e-05 1.36383e-05
53 -7.74454e-06 -4.17917e-05 1.36394e-05
54 -7.73134e-06 -4.18001e-05 1.36404e-05
55 -7.7184e-06 -4.18084e-05 1.36416e-05
56 -7.70534e-06 -4.18167e-05 1.36427e-05
57 -7.69223e-06 -4.18248e-05 1.36439e-05
58 -7.67906e-06 -4.18331e-05 1.3645e-05
59 -7.66584e-06 -4.18416e-05 1.36461e-05
60 -7.65276e-06 -4.18497e-05 1.36472e-05
61 -7.63962e-06 -4.18576e-05 1.36484e-05
62 -7.62649e-06 -4.18658e-05 1.36495e-05
63 -7.61338e-06 -4.18736e-05 1.36507e-05
64 -7.60028e-06 -4.18814e-05 1.36518e-05
65 -7.58715e-06 -4.18891e-05 1.3653e-05
66 -7.57404e-06 -4.18968e-05 1.36542e-05
67 -7.56092e-06 -4.19044e-05 1.36554e-05
68 -7.54781e-06 -4.19119e-05 1.36565e-05
69 -7.5347e-06 -4.19195e-05 1.36577e-05
70 -7.52159e-06 -4.1927e-05 1.36589e-05
71 -7.50846e-06 -4.19345e-05 1.366e-05
72 -7.49535e-06 -4.1942e-05 1.36612e-05
73 -7.48223e-06 -4.19495e-05 1.36624e-05
74 -7.4691e-06 -4.19569e-05 1.36635e-05
75 -7.45598e-06 -4.19644e-05 1.36647e-05
76 -7.44288e-06 -4.19717e-05 1.36658e-05
77 -7.42975e-06 -4.19791e-05 1.3667e-05
78 -7.41663e-06 -4.19865e-05 1.36681e-05
79 -7.40351e-06 -4.19939e-05 1.36692e-05
80 -7.39039e-06 -4.20012e-05 1.36704e-05
