26 -1.15716 -1.623 -2.94809e-09
27 -9188.66 -0.643207 -6.26715e-08
28 -9865.27 2066.4 -0.0109023
29 -8748.97 2487.87 -0.00150322
30 -8842.53 2888.84 -1.25355e-05
31 -8831.5 2873.21 -1.97445e-05
32 -8837.75 2848.15 -5.27837e-08
33 -8839.47 2823.43 -5.75437e-09
34 -8840.33 2796.71 2.45791e-10
35 -8841.52 2770.38 3.84716e-10
36 -8842.86 2744.38 -2.57387e-10
37 -8844.21 2718.69 1.93063e-09
38 -8845.77 2693.36 -5.71163e-10
39 -8847.3 2668.36 1.55978e-10
40 -8848.93 2643.75 -3.17641e-10
41 -8850.69 2619.48 4.88626e-10
42 -8852.34 2595.51 -1.42536e-08
43 -8854.08 2571.89 1.45747e-10
44 -8855.82 2548.61 -8.02629e-11
45 -8857.61 2525.65 1.17325e-10
46 -8859.35 2503.01 2.23281e-10
47 -8861.15 2480.7 -4.50655e-10
48 -8862.94 2458.72 1.56206e-10
49 -8864.72 2437.05 -4.93401e-11
50 -8866.51 2415.68 6.04814e-11
51 -8868.3 2394.63 -3.16049e-11
52 -8870.08 2373.87 9.77707e-11
53 -8871.87 2353.42 -2.7535e-10
54 -8873.65 2333.25 7.16e-10
55 -8875.45 2313.38 -3.85626e-10
56 -8877.23 2293.79 -4.52474e-11
57 -8879 2274.48 3.09228e-10
58 -8880.78 2255.44 -1.01636e-10
59 -8882.55 2236.68 -1.31422e-10
60 -8884.31 2218.18 1.94632e-10
61 -8886.05 2199.94 7.25322e-11
62 -8887.8 2181.96 -4.43606e-10
63 -8889.52 2164.23 3.7403e-10
64 -8891.23 2146.76 -1.19144e-10
65 -8892.94 2129.52 -8.68567e-11
66 -8894.63 2112.53 1.90767e-10
67 -8896.32 2095.78 1.62572e-10
68 -8897.99 2079.26 2.24645e-10
69 -8899.66 2062.97 -2.87628e-10
70 -8901.32 2046.91 8.52651e-11
71 -8902.96 2031.07 -3.1946e-10
72 -8904.6 2015.45 4.33602e-10
73 -8906.23 2000.05 -1.03682e-10
74 -8907.85 1984.86 1.24373e-10
75 -8909.45 1969.87 -2.75122e-11
76 -8911.05 1955.1 2.33968e-10
77 -8912.64 1940.53 -1.65073e-10
78 -8914.22 1926.16 -5.8435e-11
79 -8915.79 1911.98 8.2764e-11
80 -8917.35 1898 -2.85809e-10
