26 -0.0810341 -0.0380237 1.15834e-11
27 8.12364e-06 -5.63821e-06 3.95021e-08
28 -0.0115296 -0.00103167 -2.49341e-05
29 -1.2635e-07 8.68255e-08 -4.58385e-10
30 4.80204e-08 1.39776e-07 1.15588e-08
31 -8.01265e-09 -1.89705e-08 -1.30985e-08
32 -1.02197e-07 -3.17113e-07 4.95129e-09
33 5.41681e-08 1.56386e-07 4.14002e-09
34 -1.31089e-07 -3.66699e-07 -1.02459e-08
35 6.32122e-08 1.8441e-07 1.0662e-08
36 -1.17093e-08 -5.2137e-08 -1.09185e-08
37 -9.59744e-09 4.20117e-08 1.24965e-08
38 6.11349e-08 1.34618e-07 -1.21036e-08
39 4.13866e-08 1.13722e-07 9.55743e-09
40 3.09628e-08 8.42307e-08 -1.07352e-08
41 -4.15016e-08 -1.02712e-07 8.61291e-10
42 2.44727e-08 5.3467e-08 -1.43109e-09
43 -1.24551e-08 -3.52645e-08 1.51044e-08
44 -6.55282e-08 -2.07489e-07 -4.12592e-09
45 -3.04713e-08 -6.79144e-08 -4.9713e-09
46 2.28656e-08 4.18911e-08 4.00632e-09
47 2.21571e-08 6.92926e-08 -1.75532e-10
48 4.67844e-09 2.99099e-09 -4.23415e-09
49 -5.06479e-08 -1.54626e-07 1.17152e-08
50 7.58564e-08 2.14201e-07 -1.09621e-08
51 -3.36581e-08 -5.71542e-08 3.54339e-09
52 6.57692e-08 1.53829e-07 -2.94676e-10
53 -7.75353e-08 -1.98331e-07 9.34961e-10
54 8.96553e-08 2.44216e-07 8.90714e-09
55 -1.20358e-07 -3.49268e-07 -4.26235e-09
56 -4.68758e-08 -1.34268e-07 1.39107e-09
57 5.33601e-08 1.48066e-07 -1.3174e-09
58 -6.24368e-08 -1.75382e-07 6.4565e-09
59 6.68192e-08 1.81034e-07 4.43833e-09
60 7.59655e-09 4.49584e-08 -2.5575e-09
61 5.56229e-08 1.8433e-07 -1.42004e-08
62 8.36781e-08 2.2388e-07 1.14387e-08
63 -1.68075e-08 -4.14088e-08 1.14524e-08
64 -2.09184e-11 -3.36836e-08 7.88259e-09
65 -2.82234e-08 -7.06119e-08 -2.27692e-08
66 2.1651e-08 9.30592e-08 -3.43471e-09
67 1.28125e-08 3.58358e-08 -3.24872e-09
68 -5.34051e-08 -1.38891e-07 -5.76983e-09
69 1.05912e-07 2.95447e-07 8.04357e-09
70 3.44298e-08 7.72161e-08 -8.41283e-10
71 -5.14774e-08 -1.0485e-07 -5.70162e-09
72 5.46156e-08 1.31605e-07 1.30285e-08
73 1.04446e-08 6.02572e-08 -9.90713e-09
74 1.91258e-08 4.16416e-08 1.43227e-08
75 -5.17734e-08 -1.51466e-07 -4.63388e-10
76 6.75436e-08 2.08873e-07 -1.51599e-08
77 -5.95264e-08 -1.55411e-07 1.23623e-08
78 1.14314e-08 1.14287e-08 -4.09364e-09
79 6.33945e-08 1.67949e-07 3.8076e-09
80 -9.73082e-08 -2.50265e-07 -8.08677e-09
