26 2.98281e-09 -4.6884e-08 2.00886e-09
27 2.34441e-05 -3.67761e-05 2.03845e-05
28 2.01702e-05 -2.99486e-05 1.58826e-05
29 1.30332e-05 -5.27198e-05 8.37264e-06
30 1.28877e-05 -5.14818e-05 8.41382e-06
31 1.36853e-05 -5.22688e-05 8.50618e-06
32 1.36473e-05 -5.21855e-05 8.44815e-06
33 1.36596e-05 -5.22275e-05 8.44704e-06
34 1.36682e-05 -5.2249e-05 8.44458e-06
35 1.36788e-05 -5.22694e-05 8.44304e-06
36 1.36908e-05 -5.22861e-05 8.44214e-06
37 1.37019e-05 -5.23013e-05 8.44118e-06
38 1.37149e-05 -5.23148e-05 8.44092e-06
39 1.37276e-05 -5.23271e-05 8.44057e-06
40 1.37395e-05 -5.23398e-05 8.44041e-06
41 1.37533e-05 -5.23504e-05 8.4407e-06
42 1.37667e-05 -5.23597e-05 8.44087e-06
43 1.37811e-05 -5.23682e-05 8.44127e-06
44 1.37947e-05 -5.23773e-05 8.44165e-06
45 1.3809e-05 -5.23857e-05 8.44215e-06
46 1.38232e-05 -5.23931e-05 8.44264e-06
47 1.38376e-05 -5.24009e-05 8.44328e-06
48 1.3852e-05 -5.24085e-05 8.44389e-06
49 1.38663e-05 -5.24154e-05 8.44455e-06
50 1.38807e-05 -5.24221e-05 8.44525e-06
51 1.38954e-05 -5.24285e-05 8.446e-06
52 1.39098e-05 -5.24352e-05 8.44671e-06
53 1.39244e-05 -5.24416e-05 8.44746e-06
54 1.39391e-05 -5.24479e-05 8.44827e-06
55 1.39536e-05 -5.24544e-05 8.4491e-06
56 1.39682e-05 -5.24608e-05 8.44992e-06
57 1.3983e-05 -5.24668e-05 8.45076e-06
58 1.39979e-05 -5.24731e-05 8.45162e-06
59 1.40129e-05 -5.24792e-05 8.45247e-06
60 1.40277e-05 -5.24856e-05 8.4533e-06
61 1.40425e-05 -5.24915e-05 8.45415e-06
62 1.40575e-05 -5.24976e-05 8.45501e-06
63 1.40724e-05 -5.25037e-05 8.45587e-06
64 1.40872e-05 -5.25097e-05 8.45671e-06
65 1.41021e-05 -5.25156e-05 8.45756e-06
66 1.4117e-05 -5.25215e-05 8.45841e-06
67 1.41319e-05 -5.25274e-05 8.45926e-06
68 1.41468e-05 -5.25332e-05 8.4601e-06
69 1.41617e-05 -5.25391e-05 8.46095e-06
70 1.41766e-05 -5.25449e-05 8.46179e-06
71 1.41915e-05 -5.25507e-05 8.46263e-06
72 1.42065e-05 -5.25566e-05 8.46347e-06
73 1.42214e-05 -5.25624e-05 8.46431e-06
74 1.42364e-05 -5.25682e-05 8.46515e-06
75 1.42513e-05 -5.2574e-05 8.46598e-06
76 1.42663e-05 -5.25798e-05 8.46681e-06
77 1.42813e-05 -5.25856e-05 8.46764e-06
78 1.42962e-05 -5.25914e-05 8.46846e-06
79 1.43112e-05 -5.25972e-05 8.46929e-06
80 1.43262e-05 -5.26029e-05 8.47011e-06
