26 8.1985e-11 -4.27817e-08 -2.69451e-09
27 -2.78626e-05 -3.37641e-05 -2.1218e-05
28 -2.04146e-05 -2.50868e-05 -1.70864e-05
29 -8.54491e-06 -5.2227e-05 -8.96678e-06
30 -8.83146e-06 -5.05592e-05 -9.04371e-06
31 -8.25918e-06 -5.16728e-05 -9.11685e-06
32 -8.15212e-06 -5.15456e-05 -9.06196e-06
33 -8.137e-06 -5.15864e-05 -9.06055e-06
34 -8.12139e-06 -5.16122e-05 -9.05733e-06
35 -8.10649e-06 -5.16336e-05 -9.05543e-06
36 -8.09132e-06 -5.16543e-05 -9.05377e-06
37 -8.07733e-06 -5.16717e-05 -9.05234e-06
38 -8.06282e-06 -5.16891e-05 -9.05134e-06
39 -8.04874e-06 -5.17036e-05 -9.05057e-06
40 -8.03602e-06 -5.1718e-05 -9.05002e-06
41 -8.022e-06 -5.17335e-05 -9.04944e-06
42 -8.00855e-06 -5.17452e-05 -9.04918e-06
43 -7.99431e-06 -5.17577e-05 -9.04887e-06
44 -7.98118e-06 -5.1769e-05 -9.04883e-06
45 -7.96762e-06 -5.17803e-05 -9.04881e-06
46 -7.95414e-06 -5.17904e-05 -9.04883e-06
47 -7.94075e-06 -5.1801e-05 -9.04899e-06
48 -7.92744e-06 -5.18111e-05 -9.04915e-06
49 -7.91428e-06 -5.18204e-05 -9.04938e-06
50 -7.90109e-06 -5.18297e-05 -9.04964e-06
51 -7.88777e-06 -5.18389e-05 -9.04991e-06
52 -7.87466e-06 -5.18478e-05 -9.05023e-06
53 -7.86159e-06 -5.18566e-05 -9.05058e-06
54 -7.84835e-06 -5.18655e-05 -9.05095e-06
55 -7.83547e-06 -5.18744e-05 -9.05136e-06
56 -7.82246e-06 -5.18832e-05 -9.05178e-06
57 -7.80934e-06 -5.18918e-05 -9.05219e-06
58 -7.79607e-06 -5.19006e-05 -9.05262e-06
59 -7.78267e-06 -5.19097e-05 -9.05299e-06
60 -7.76957e-06 -5.19183e-05 -9.05345e-06
61 -7.75639e-06 -5.19268e-05 -9.05388e-06
62 -7.74311e-06 -5.19356e-05 -9.05431e-06
63 -7.72994e-06 -5.1944e-05 -9.05477e-06
64 -7.71679e-06 -5.19523e-05 -9.05524e-06
65 -7.70361e-06 -5.19606e-05 -9.0557e-06
66 -7.69042e-06 -5.19688e-05 -9.05617e-06
67 -7.67722e-06 -5.1977e-05 -9.05664e-06
68 -7.66402e-06 -5.19852e-05 -9.05711e-06
69 -7.65082e-06 -5.19934e-05 -9.05759e-06
70 -7.63761e-06 -5.20015e-05 -9.05807e-06
71 -7.62437e-06 -5.20096e-05 -9.05854e-06
72 -7.61114e-06 -5.20177e-05 -9.05902e-06
73 -7.59789e-06 -5.20258e-05 -9.05951e-06
74 -7.58462e-06 -5.20338e-05 -9.05999e-06
75 -7.57137e-06 -5.20419e-05 -9.06047e-06
76 -7.55812e-06 -5.20499e-05 -9.06095e-06
77 -7.54484e-06 -5.20579e-05 -9.06144e-06
78 -7.53155e-06 -5.20659e-05 -9.06192e-06
79 -7.51826e-06 -5.20738e-05 -9.0624e-06
80 -7.50497e-06 -5.20818e-05 -9.06288e-06
