26 -8.5567e-10 -4.19068e-08 -3.15136e-09
27 -3.47247e-05 -2.75139e-05 -2.09641e-05
28 -2.59379e-05 -2.00556e-05 -1.68683e-05
29 -1.14488e-05 -4.95825e-05 -8.88144e-06
30 -1.17579e-05 -4.78941e-05 -8.94335e-06
31 -1.12105e-05 -4.89851e-05 -9.02262e-06
32 -1.10857e-05 -4.88741e-05 -8.96834e-06
33 -1.10701e-05 -4.89154e-05 -8.96678e-06
34 -1.10534e-05 -4.89421e-05 -8.96369e-06
35 -1.10379e-05 -4.89641e-05 -8.96182e-06
36 -1.10222e-05 -4.89853e-05 -8.96024e-06
37 -1.10078e-05 -4.90031e-05 -8.95885e-06
38 -1.0993e-05 -4.90208e-05 -8.95792e-06
39 -1.09786e-05 -4.90355e-05 -8.95718e-06
40 -1.09657e-05 -4.90501e-05 -8.95665e-06
41 -1.09515e-05 -4.90657e-05 -8.95616e-06
42 -1.0938e-05 -4.90774e-05 -8.95592e-06
43 -1.09237e-05 -4.909e-05 -8.95568e-06
44 -1.09105e-05 -4.91014e-05 -8.95567e-06
45 -1.0897e-05 -4.91127e-05 -8.95568e-06
46 -1.08835e-05 -4.91228e-05 -8.95574e-06
47 -1.08702e-05 -4.91333e-05 -8.95593e-06
48 -1.08569e-05 -4.91434e-05 -8.95613e-06
49 -1.08439e-05 -4.91526e-05 -8.95638e-06
50 -1.08308e-05 -4.91618e-05 -8.95667e-06
51 -1.08175e-05 -4.91709e-05 -8.95698e-06
52 -1.08045e-05 -4.91798e-05 -8.95732e-06
53 -1.07916e-05 -4.91884e-05 -8.9577e-06
54 -1.07785e-05 -4.91972e-05 -8.95809e-06
55 -1.07657e-05 -4.9206e-05 -8.95853e-06
56 -1.07528e-05 -4.92147e-05 -8.95898e-06
57 -1.07399e-05 -4.92231e-05 -8.95941e-06
58 -1.07267e-05 -4.92318e-05 -8.95988e-06
59 -1.07135e-05 -4.92407e-05 -8.96029e-06
60 -1.07005e-05 -4.92493e-05 -8.96077e-06
61 -1.06875e-05 -4.92576e-05 -8.96123e-06
62 -1.06744e-05 -4.92663e-05 -8.96169e-06
63 -1.06613e-05 -4.92745e-05 -8.96218e-06
64 -1.06484e-05 -4.92827e-05 -8.96267e-06
65 -1.06353e-05 -4.92908e-05 -8.96316e-06
66 -1.06223e-05 -4.92989e-05 -8.96366e-06
67 -1.06092e-05 -4.9307e-05 -8.96416e-06
68 -1.05962e-05 -4.9315e-05 -8.96466e-06
69 -1.05832e-05 -4.9323e-05 -8.96516e-06
70 -1.05701e-05 -4.9331e-05 -8.96566e-06
71 -1.0557e-05 -4.9339e-05 -8.96617e-06
72 -1.0544e-05 -4.93469e-05 -8.96668e-06
73 -1.05309e-05 -4.93549e-05 -8.96719e-06
74 -1.05178e-05 -4.93628e-05 -8.9677e-06
75 -1.05047e-05 -4.93707e-05 -8.9682e-06
76 -1.04916e-05 -4.93785e-05 -8.96871e-06
77 -1.04785e-05 -4.93864e-05 -8.96922e-06
78 -1.04653e-05 -4.93942e-05 -8.96973e-06
79 -1.04522e-05 -4.9402e-05 -8.97024e-06
80 -1.04391e-05 -4.94098e-05 -8.97075e-06
