26 2.24966e-09 -4.76666e-08 1.1145e-09
27 1.38098e-05 -4.68277e-05 1.95618e-05
28 1.26738e-05 -3.77686e-05 1.51946e-05
29 9.03891e-06 -5.68881e-05 8.18252e-06
30 8.87793e-06 -5.5666e-05 8.20474e-06
31 9.62711e-06 -5.65038e-05 8.31338e-06
32 9.61742e-06 -5.6391e-05 8.25425e-06
33 9.63018e-06 -5.64324e-05 8.25313e-06
34 9.63992e-06 -5.64528e-05 8.25083e-06
35 9.65127e-06 -5.64724e-05 8.24933e-06
36 9.66374e-06 -5.64886e-05 8.24855e-06
37 9.67524e-06 -5.65034e-05 8.24765e-06
38 9.68837e-06 -5.65167e-05 8.24749e-06
39 9.70125e-06 -5.65289e-05 8.24719e-06
40 9.71319e-06 -5.65415e-05 8.24706e-06
41 9.72682e-06 -5.65523e-05 8.24747e-06
42 9.74011e-06 -5.65617e-05 8.24769e-06
43 9.75435e-06 -5.65704e-05 8.24817e-06
44 9.76776e-06 -5.65797e-05 8.24859e-06
45 9.78173e-06 -5.65884e-05 8.24914e-06
46 9.79568e-06 -5.65961e-05 8.24969e-06
47 9.80981e-06 -5.66042e-05 8.25037e-06
48 9.82385e-06 -5.66121e-05 8.25104e-06
49 9.83785e-06 -5.66193e-05 8.25174e-06
50 9.85195e-06 -5.66264e-05 8.25248e-06
51 9.86624e-06 -5.66332e-05 8.25328e-06
52 9.88034e-06 -5.66403e-05 8.25402e-06
53 9.89448e-06 -5.66471e-05 8.25482e-06
54 9.90885e-06 -5.66538e-05 8.25567e-06
55 9.92293e-06 -5.66607e-05 8.25653e-06
56 9.93716e-06 -5.66675e-05 8.25739e-06
57 9.95148e-06 -5.6674e-05 8.25827e-06
58 9.966e-06 -5.66807e-05 8.25918e-06
59 9.98058e-06 -5.66872e-05 8.26009e-06
60 9.99492e-06 -5.6694e-05 8.26095e-06
61 1.00094e-05 -5.67004e-05 8.26184e-06
62 1.00239e-05 -5.6707e-05 8.26275e-06
63 1.00383e-05 -5.67134e-05 8.26364e-06
64 1.00528e-05 -5.67199e-05 8.26453e-06
65 1.00672e-05 -5.67262e-05 8.26542e-06
66 1.00817e-05 -5.67326e-05 8.2663e-06
67 1.00962e-05 -5.67389e-05 8.26719e-06
68 1.01107e-05 -5.67452e-05 8.26807e-06
69 1.01252e-05 -5.67515e-05 8.26896e-06
70 1.01397e-05 -5.67578e-05 8.26984e-06
71 1.01542e-05 -5.6764e-05 8.27072e-06
72 1.01687e-05 -5.67703e-05 8.2716e-06
73 1.01832e-05 -5.67765e-05 8.27247e-06
74 1.01978e-05 -5.67828e-05 8.27335e-06
75 1.02123e-05 -5.6789e-05 8.27422e-06
76 1.02269e-05 -5.67952e-05 8.27509e-06
77 1.02414e-05 -5.68015e-05 8.27596e-06
78 1.0256e-05 -5.68077e-05 8.27682e-06
79 1.02706e-05 -5.68139e-05 8.27768e-06
80 1.02852e-05 -5.68201e-05 8.27854e-06
