26 -0.139439 1.38144 -8.4025e-11
27 -1.20998e-05 -4.40335e-06 -1.25328e-09
28 0.000478142 -0.026428 0.000105091
29 -3.95594e-08 3.84978e-08 6.15091e-09
30 -1.5671e-07 -7.51047e-08 -2.71348e-09
31 5.22127e-08 1.30132e-08 5.05725e-09
32 3.77504e-08 2.52725e-08 3.47518e-09
33 5.20786e-08 4.93787e-09 -3.23462e-09
34 1.99789e-08 1.1702e-08 3.29692e-10
35 -1.68205e-07 -5.8193e-08 1.09503e-09
36 1.90981e-07 6.14172e-08 5.24324e-10
37 -9.63182e-08 -1.43245e-08 -2.98678e-09
38 9.75751e-09 -2.00969e-08 -5.90808e-09
39 -1.60979e-07 -4.83649e-08 7.35463e-09
40 -4.32819e-08 -2.46788e-08 -8.67522e-09
41 8.0533e-08 2.74841e-08 5.53882e-10
42 -2.05657e-07 -9.64629e-08 -1.23418e-09
43 1.83832e-08 6.1425e-09 7.30597e-09
44 1.45949e-07 5.20229e-08 -2.75304e-09
45 4.74574e-08 3.80503e-08 -9.76797e-10
46 2.21371e-08 3.86217e-09 2.09639e-09
47 -5.55533e-08 -1.4121e-09 -2.16733e-09
48 1.23908e-07 3.4833e-08 4.72482e-09
49 -2.20777e-07 -1.03184e-07 -8.96307e-10
50 1.54157e-07 7.66946e-08 -2.19643e-09
51 -1.10809e-07 -5.85703e-08 -1.65119e-09
52 3.87104e-08 3.68095e-08 -6.79393e-10
53 -9.22819e-08 -5.90137e-08 -1.84627e-09
54 1.07354e-07 5.36533e-08 7.87986e-09
55 2.32533e-07 9.06566e-08 -5.2496e-09
56 -1.68071e-07 -6.73206e-08 5.22959e-09
57 3.9895e-08 2.78286e-08 4.2246e-10
58 1.58314e-07 7.84704e-08 -7.56245e-10
59 6.7093e-08 1.39506e-08 -3.65708e-09
60 -4.09509e-08 -2.87855e-09 -2.30239e-09
61 -6.58201e-08 -4.01167e-08 5.78757e-09
62 5.4551e-08 4.33162e-08 -5.21231e-09
63 9.66002e-08 3.60702e-08 1.98906e-09
64 -1.1033e-07 -3.62568e-08 -1.64164e-09
65 1.78008e-07 7.63307e-08 6.87623e-09
66 -4.50905e-08 -1.54452e-08 -1.22418e-09
67 -4.86966e-08 -3.67703e-08 -5.34874e-09
68 6.72253e-09 7.46843e-09 7.21047e-09
69 -1.38301e-07 -5.22293e-08 -4.69618e-09
70 2.17776e-07 1.03511e-07 4.49927e-09
71 1.13671e-07 5.92247e-08 -5.0336e-09
72 -1.26082e-07 -4.84174e-08 6.61112e-09
73 8.796e-08 3.57592e-08 -4.68526e-09
74 -5.78734e-08 -1.94087e-08 -8.74752e-09
75 -1.10179e-07 -2.95156e-08 1.19389e-08
76 4.57185e-08 9.38758e-09 2.15368e-09
77 2.37246e-08 1.58681e-08 -2.6057e-09
78 -1.52328e-07 -8.37973e-08 -1.22827e-09
79 -4.44834e-09 1.99165e-08 1.32422e-09
80 8.38895e-08 5.03684e-08 1.06411e-10
