26 -0.159256 -4.6544 -1.83693e-09
27 -3.49208e-06 -6.01269e-06 9.76979e-09
28 0.00522902 -0.0145795 2.51674e-05
29 4.45318e-07 -6.27617e-07 4.71528e-09
30 5.19003e-09 -1.94888e-07 -1.3315e-09
31 7.31429e-08 5.37193e-09 1.53341e-09
32 3.03589e-08 -2.08875e-08 -1.91494e-09
33 -2.47674e-08 -2.16246e-08 4.79304e-10
34 -4.11355e-08 -2.4088e-08 1.8249e-09
35 -4.67321e-08 -2.26817e-08 -5.23869e-10
36 4.22438e-08 2.16471e-08 -3.82215e-09
37 -1.02027e-08 6.11453e-09 1.64619e-09
38 5.8817e-08 2.36707e-08 -8.3628e-10
39 2.78542e-08 2.5386e-08 5.54792e-11
40 1.2938e-08 1.286e-08 -1.84627e-09
41 6.07574e-08 4.66171e-08 5.57657e-09
42 4.87462e-08 3.47486e-08 -4.92173e-09
43 -7.55713e-08 -6.52512e-08 -2.1555e-10
44 -1.66028e-09 1.05099e-08 -3.64707e-10
45 4.71205e-08 3.15742e-08 -1.21554e-09
46 -6.54836e-09 3.01884e-09 -1.96997e-09
47 -7.18001e-09 -2.92832e-08 1.93813e-09
48 6.57001e-08 5.85101e-08 -4.89763e-10
49 -7.13071e-08 -4.97939e-08 3.02907e-09
50 -3.44594e-08 2.65868e-09 -1.34378e-09
51 7.8564e-08 3.29148e-08 -1.28739e-09
52 -4.89126e-08 -9.77298e-09 1.55296e-09
53 4.17331e-08 1.07384e-08 1.88265e-10
54 1.68038e-08 2.81677e-08 -3.49564e-09
55 -7.27805e-08 -6.09293e-08 1.58389e-09
56 2.91479e-08 3.58725e-08 5.7662e-10
57 -7.78919e-08 -4.96168e-08 -3.71301e-09
58 1.05083e-08 -1.62481e-09 -1.76897e-10
59 -3.16049e-09 -1.54816e-08 4.16549e-10
60 -2.63822e-08 -2.50361e-09 -2.58115e-09
61 9.85769e-08 4.58131e-08 3.79532e-09
62 -3.74489e-08 -1.47463e-08 5.02951e-10
63 -9.10404e-09 1.05133e-08 -1.68302e-09
64 6.99201e-08 2.15532e-08 1.83127e-09
65 -2.22117e-08 -1.87486e-08 5.79803e-10
66 -3.78463e-08 -1.42147e-08 -6.33645e-09
67 3.4453e-08 2.5429e-08 3.23371e-09
68 4.70118e-09 -4.67571e-09 -7.76254e-10
69 -3.57136e-08 7.05086e-10 -6.58292e-09
70 -1.67679e-08 -2.63512e-08 1.35424e-09
71 -5.31463e-08 -4.46453e-08 3.37741e-09
72 1.53523e-09 1.09635e-08 -1.45519e-09
73 2.83922e-08 3.30078e-09 1.46019e-09
74 -1.92713e-08 -9.72568e-09 -6.99401e-10
75 5.84837e-08 2.57778e-08 -1.98816e-09
76 -6.55118e-08 -3.69976e-08 -3.34785e-09
77 2.42148e-08 -5.62159e-09 2.30057e-09
78 3.87345e-08 3.24528e-08 -1.27784e-09
79 4.08318e-08 2.65986e-08 -3.09865e-09
80 -3.07637e-09 -2.11253e-09 -3.31966e-10
