26 0.372076 0.131749 4.05929e-11
27 2.8675e-05 -2.9278e-05 -5.07825e-08
28 0.0189394 -0.0791496 -0.000174065
29 9.62541e-08 -1.00321e-08 -7.46695e-10
30 4.46466e-08 -1.37033e-08 1.46156e-09
31 -7.42416e-08 9.90116e-09 2.03909e-09
32 -1.80162e-08 8.91634e-09 -2.26646e-09
33 6.82435e-08 -1.66653e-08 1.41517e-09
34 -9.04356e-09 9.27633e-09 -1.82445e-09
35 -2.97355e-08 -2.19027e-08 -2.22826e-09
36 3.82247e-08 9.06289e-09 -8.66748e-10
37 -7.11702e-08 -9.77553e-09 1.56706e-09
38 -4.12319e-08 1.9291e-08 -3.17414e-09
39 3.08246e-08 -1.42029e-08 1.76806e-09
40 -2.05937e-08 1.80033e-08 2.08456e-09
41 2.92989e-08 -1.51726e-08 -1.3606e-09
42 2.52571e-08 2.52811e-09 -3.67436e-10
43 -2.31339e-08 -4.26803e-09 -7.39419e-10
44 -4.08363e-08 2.48624e-08 -1.51795e-09
45 2.43531e-08 -1.26892e-08 -1.11322e-09
46 -3.56913e-08 -7.63833e-09 2.7012e-10
47 -1.52563e-08 -7.29011e-09 3.07409e-10
48 3.04472e-08 1.14856e-08 7.9126e-10
49 1.06184e-09 -4.57527e-09 4.91127e-11
50 -2.60566e-08 1.28443e-08 -1.16415e-10
51 -2.3033e-09 -6.76556e-09 4.94765e-10
52 -1.70303e-08 1.12024e-08 1.35515e-10
53 2.24404e-08 -8.5941e-09 2.03363e-09
54 -5.90608e-08 1.07535e-08 -2.26191e-09
55 4.7728e-08 -6.76664e-09 -2.32103e-09
56 -1.85628e-08 -1.42251e-08 -1.40699e-09
57 -2.70547e-08 2.03136e-08 3.47427e-09
58 -3.4504e-08 -5.79877e-09 -4.27463e-11
59 -2.70743e-08 5.41132e-09 1.25965e-09
60 -1.78629e-08 -3.06386e-11 2.14641e-09
61 2.45864e-08 1.04324e-08 -3.21234e-09
62 -2.94281e-08 3.81948e-09 2.61934e-09
63 -2.18874e-08 4.18532e-09 -7.54881e-10
64 6.9178e-08 -9.60091e-09 1.02591e-09
65 2.25768e-08 -1.08261e-08 -2.60025e-09
66 -1.53573e-08 -3.77253e-09 -1.96997e-09
67 1.21645e-09 5.99596e-09 1.53159e-09
68 -1.83081e-09 6.67575e-09 9.15861e-10
69 -3.30469e-08 -1.15297e-08 -6.42103e-10
70 1.62381e-08 2.5147e-09 1.24874e-09
71 6.94158e-08 -1.02238e-08 -1.38698e-09
72 -2.68974e-08 -2.10241e-09 2.17915e-09
73 2.7962e-08 5.7841e-09 -6.05723e-10
74 1.44341e-08 -1.37276e-08 -2.47564e-09
75 6.00689e-08 -6.60884e-09 -4.54747e-10
76 -6.4847e-10 4.91946e-09 -1.01863e-10
77 -4.52419e-08 8.54095e-09 1.28239e-10
78 -1.0335e-08 2.7627e-09 4.55748e-09
79 8.55566e-08 -9.01105e-09 -2.55113e-09
80 -6.0515e-08 5.64648e-09 1.90721e-09
