26 -0.209792 -0.0392122 3.65796e-11
27 -1.96582e-07 1.09312e-05 -3.06318e-09
28 -0.00366623 -0.129169 -1.35964e-06
29 -313.001 -66.9477 3.95448e-09
30 2.25341e-08 -3.57431e-10 -3.01134e-09
31 -7.23776e-09 7.60997e-09 1.54796e-09
32 -9.73614e-09 3.56931e-09 9.10404e-10
33 -2.0078e-08 9.43601e-10 -1.85719e-09
34 1.61117e-08 5.18571e-09 3.09228e-10
35 -4.6407e-09 5.0386e-09 3.74712e-10
36 1.31108e-08 -6.24323e-09 2.13549e-09
37 5.75665e-09 7.85099e-09 -2.14368e-09
38 -1.76419e-08 6.562e-09 8.67658e-10
39 -2.10066e-08 5.83668e-10 -7.71252e-10
40 2.94049e-08 -1.55524e-10 -6.41194e-10
41 -8.32233e-09 3.85899e-09 3.15413e-09
42 -1.90503e-08 4.92696e-09 -1.7053e-09
43 -2.5952e-08 -2.38742e-09 -7.7398e-10
44 1.36315e-08 1.24328e-09 1.99907e-09
45 -1.19121e-08 3.05408e-09 -3.19233e-09
46 2.04554e-08 1.78852e-09 1.45155e-09
47 -3.65962e-08 -5.28553e-09 2.10457e-09
48 -2.7926e-09 -3.67413e-09 -1.87447e-09
49 6.07633e-09 -4.37421e-09 1.50067e-10
50 -3.0906e-08 2.2942e-10 1.28784e-09
51 -2.11012e-08 7.6825e-09 6.69388e-10
52 3.88422e-08 1.95928e-09 -5.05679e-10
53 8.19955e-09 -2.50111e-12 -2.28829e-09
54 -2.12372e-08 -3.66867e-09 -8.59472e-10
55 1.4576e-08 -2.45859e-09 1.03591e-09
56 1.17939e-08 -5.43628e-09 6.82121e-10
57 5.82077e-11 2.37151e-10 1.11686e-09
58 -1.58661e-08 -5.44924e-09 -8.42192e-10
59 -2.16141e-09 -4.88535e-09 8.44011e-10
60 3.47377e-08 2.28511e-09 -4.92946e-10
61 -5.16106e-08 3.85558e-09 3.33785e-10
62 1.69152e-08 3.9081e-09 -1.66801e-09
63 -8.40328e-09 2.41016e-10 1.39153e-09
64 8.26003e-09 5.23119e-09 3.12866e-10
65 -9.89439e-09 -4.76143e-09 2.1555e-09
66 1.44e-08 -3.20711e-09 -1.46429e-09
67 -2.55418e-08 5.30144e-09 1.19871e-09
68 1.38816e-08 -1.0541e-09 -2.99224e-10
69 -1.18762e-08 -7.89896e-10 1.51522e-09
70 -3.1866e-08 -2.70438e-09 6.02085e-10
71 1.01045e-09 -2.99838e-09 5.00222e-11
72 -1.73845e-08 -6.87351e-10 -2.36832e-09
73 3.53771e-08 1.50612e-09 -4.62023e-10
74 -2.88401e-08 -4.30055e-09 8.76753e-10
75 1.5948e-09 1.2667e-09 9.55879e-10
76 -4.9431e-10 -1.78488e-10 5.77529e-10
77 3.27113e-08 4.06681e-09 -1.36606e-09
78 -3.84762e-09 9.82254e-11 1.49521e-09
79 1.42154e-09 1.27557e-09 -2.62662e-09
80 1.47884e-08 -1.00999e-09 1.95359e-09
