26 1.94346e-09 -4.81317e-08 1.35419e-10
27 4.31993e-06 -6.05367e-05 1.62079e-05
28 5.32314e-06 -4.83837e-05 1.25008e-05
29 5.0312e-06 -6.26809e-05 6.91879e-06
30 4.86546e-06 -6.14647e-05 6.91266e-06
31 5.55579e-06 -6.23883e-05 7.02671e-06
32 5.57578e-06 -6.22325e-05 6.97389e-06
33 5.58911e-06 -6.2273e-05 6.97286e-06
34 5.59992e-06 -6.22919e-05 6.9711e-06
35 5.61201e-06 -6.23104e-05 6.96985e-06
36 5.62482e-06 -6.23261e-05 6.96936e-06
37 5.63674e-06 -6.23403e-05 6.96868e-06
38 5.64992e-06 -6.23536e-05 6.9687e-06
39 5.66293e-06 -6.23656e-05 6.96852e-06
40 5.67492e-06 -6.23782e-05 6.96848e-06
41 5.6883e-06 -6.23893e-05 6.96902e-06
42 5.70146e-06 -6.23989e-05 6.96929e-06
43 5.71543e-06 -6.2408e-05 6.96987e-06
44 5.72861e-06 -6.24176e-05 6.97031e-06
45 5.74228e-06 -6.24267e-05 6.97089e-06
46 5.75593e-06 -6.24349e-05 6.97147e-06
47 5.76971e-06 -6.24435e-05 6.97215e-06
48 5.7834e-06 -6.24519e-05 6.97282e-06
49 5.79703e-06 -6.24597e-05 6.9735e-06
50 5.81074e-06 -6.24673e-05 6.97423e-06
51 5.82461e-06 -6.24747e-05 6.97502e-06
52 5.83833e-06 -6.24824e-05 6.97574e-06
53 5.85206e-06 -6.24898e-05 6.9765e-06
54 5.86599e-06 -6.24971e-05 6.97733e-06
55 5.87963e-06 -6.25046e-05 6.97816e-06
56 5.8934e-06 -6.25122e-05 6.97898e-06
57 5.90727e-06 -6.25193e-05 6.97983e-06
58 5.92133e-06 -6.25266e-05 6.98071e-06
59 5.93543e-06 -6.25339e-05 6.98159e-06
60 5.94933e-06 -6.25413e-05 6.98242e-06
61 5.9633e-06 -6.25484e-05 6.98327e-06
62 5.97736e-06 -6.25557e-05 6.98416e-06
63 5.99135e-06 -6.25628e-05 6.98501e-06
64 6.00532e-06 -6.25699e-05 6.98585e-06
65 6.01933e-06 -6.25769e-05 6.9867e-06
66 6.03333e-06 -6.25839e-05 6.98755e-06
67 6.04737e-06 -6.25909e-05 6.98839e-06
68 6.0614e-06 -6.25978e-05 6.98924e-06
69 6.07544e-06 -6.26048e-05 6.99008e-06
70 6.08948e-06 -6.26117e-05 6.99092e-06
71 6.10356e-06 -6.26187e-05 6.99176e-06
72 6.11762e-06 -6.26256e-05 6.9926e-06
73 6.13171e-06 -6.26325e-05 6.99344e-06
74 6.14582e-06 -6.26394e-05 6.99427e-06
75 6.15991e-06 -6.26463e-05 6.9951e-06
76 6.174e-06 -6.26531e-05 6.99593e-06
77 6.18811e-06 -6.266e-05 6.99676e-06
78 6.20224e-06 -6.26669e-05 6.99758e-06
79 6.21636e-06 -6.26737e-05 6.9984e-06
80 6.23048e-06 -6.26805e-05 6.99922e-06
