26 -0.0139099 -0.02374 -2.48277e-12
27 6.18338e-06 -8.71006e-07 8.05267e-09
28 -0.00546399 -0.00415942 -7.71838e-06
29 1.3898e-08 8.52207e-08 9.97079e-09
30 4.99767e-10 4.31814e-08 -2.19279e-09
31 -3.29451e-08 -2.71446e-07 5.11773e-09
32 2.35191e-08 1.83114e-07 -1.24173e-08
33 -3.74771e-08 -2.80927e-07 7.62429e-09
34 4.31432e-08 2.8023e-07 1.36774e-08
35 2.48338e-09 2.66105e-08 4.6748e-09
36 -1.98133e-08 -1.57646e-07 -2.95177e-09
37 1.19035e-08 1.15442e-07 -8.0845e-09
38 -2.00853e-08 -1.53473e-07 5.66251e-09
39 4.89308e-10 2.90087e-08 -9.82027e-09
40 1.23159e-08 3.02695e-08 1.36661e-08
41 8.45694e-09 7.70022e-08 -2.00189e-08
42 -3.83052e-08 -2.59458e-07 1.28871e-08
43 -9.93759e-09 -1.08229e-07 2.31194e-09
44 1.82972e-08 1.58096e-07 -1.14114e-08
45 -2.65891e-08 -1.92717e-07 7.71706e-09
46 1.16052e-09 1.71378e-08 2.03909e-09
47 1.12932e-08 5.87843e-08 -1.35151e-09
48 1.63086e-08 1.24238e-07 -4.01542e-09
49 -1.22677e-08 -1.25698e-07 1.23691e-09
50 -2.11758e-08 -1.35192e-07 -6.21367e-09
51 -5.57702e-09 -6.55048e-08 2.78715e-09
52 7.23821e-09 5.59149e-08 1.25156e-08
53 1.70439e-09 4.45811e-08 -2.37651e-09
54 -1.98406e-09 -1.06826e-09 -2.26873e-09
55 1.3928e-08 8.19261e-08 8.41737e-09
56 -8.83938e-09 -9.98803e-08 1.00367e-08
57 6.753e-09 5.3522e-08 -3.00133e-11
58 -1.12213e-08 -9.72632e-08 -4.73392e-09
59 3.35694e-08 2.79952e-07 -1.16979e-08
60 -3.08883e-08 -2.60678e-07 5.34237e-09
61 -2.20657e-08 -1.46195e-07 6.98492e-09
62 9.27912e-09 5.90338e-08 -4.53156e-09
63 1.88302e-08 1.61028e-07 4.74029e-09
64 2.47096e-08 1.45834e-07 6.90306e-10
65 -4.90227e-08 -3.27616e-07 -1.48493e-08
66 4.085e-09 2.87683e-08 -1.90221e-09
67 -1.631e-08 -1.12475e-07 -7.41466e-09
68 1.50712e-08 1.0845e-07 1.46838e-09
69 -8.95443e-09 -7.12329e-08 7.13953e-11
70 5.2587e-09 1.75331e-08 -2.77214e-09
71 -4.05457e-08 -2.65095e-07 3.42607e-09
72 1.60526e-08 9.60824e-08 -9.08858e-09
73 -4.41737e-08 -3.06437e-07 -2.91129e-09
74 1.89325e-08 1.05066e-07 1.62318e-08
75 1.02164e-08 8.28212e-08 -5.48016e-09
76 1.04528e-08 6.51946e-08 -7.46604e-09
77 -2.58769e-08 -1.90723e-07 -1.02409e-09
78 -1.30672e-08 -8.28981e-08 1.28148e-08
79 1.62495e-08 1.06714e-07 -4.60932e-09
80 3.53202e-09 3.56422e-08 4.05498e-09
