26 -0.30757 -0.253413 2.7891e-12
27 0.000389079 0.00013545 -7.89242e-06
28 -0.000657452 -0.0018179 -2.03253e-06
29 0.00132953 0.00112613 8.76465e-06
30 0.000239208 0.000135765 8.98859e-06
31 8.63581e-05 3.12111e-05 3.96254e-06
32 6.53774e-05 2.96076e-05 2.76403e-06
33 6.15e-09 -9.58312e-09 7.0882e-09
34 -2.94481e-08 -2.3877e-08 -6.99833e-09
35 1.01368e-07 1.16421e-07 3.6141e-09
36 -4.0377e-08 -5.55253e-08 -6.55518e-10
37 4.3442e-09 2.09623e-08 8.27356e-10
38 6.57756e-08 5.38657e-08 3.90963e-09
39 -5.33914e-08 -5.58935e-08 -2.81619e-09
40 -1.70257e-09 3.59637e-09 3.43374e-09
41 1.01156e-07 9.79253e-08 -1.04618e-08
42 -3.57386e-09 5.9888e-09 5.07691e-09
43 2.97587e-08 2.98814e-08 4.4061e-09
44 -8.58245e-09 -2.37012e-08 -2.11844e-09
45 -8.36098e-08 -7.1358e-08 1.89812e-09
46 9.41232e-08 7.88616e-08 -6.04166e-09
47 -3.74666e-08 -4.19027e-08 4.90212e-09
48 -2.2294e-08 -1.2963e-08 -4.8326e-09
49 -3.48409e-08 -3.02036e-08 8.48786e-10
50 -3.39551e-08 -3.60433e-08 -6.41592e-10
51 7.99751e-08 6.23056e-08 5.67974e-09
52 -6.39329e-09 1.59162e-09 -5.18952e-09
53 1.48157e-09 -1.10929e-08 3.37775e-09
54 -6.38966e-09 4.0427e-09 -3.50082e-09
55 5.90162e-08 3.64514e-08 2.81477e-09
56 -2.25364e-08 8.6311e-10 -2.94489e-09
57 -1.83522e-08 -1.89552e-08 -1.16358e-10
58 4.27108e-08 2.16851e-08 3.31943e-09
59 -4.41792e-08 -2.91986e-08 -7.68171e-09
60 -3.88413e-08 -4.23145e-08 2.65209e-09
61 2.82157e-08 2.93333e-08 -3.93914e-09
62 -4.14047e-08 -4.01894e-08 9.42237e-10
63 3.12375e-08 2.3761e-08 3.90332e-09
64 1.94827e-08 1.64559e-08 -1.88652e-09
65 2.50984e-08 1.20724e-08 1.65039e-09
66 -5.33464e-09 -9.97966e-09 -6.18797e-09
67 -3.89518e-08 -3.58491e-08 8.19011e-09
68 -3.62102e-08 -1.66244e-08 -4.28986e-09
69 -5.13041e-08 -3.72384e-08 2.4304e-09
70 2.4329e-10 -1.03887e-09 -2.20405e-09
71 6.33859e-08 4.50445e-08 1.8988e-09
72 -6.32886e-08 -8.15114e-08 -9.10745e-10
73 3.71701e-08 4.99288e-08 -3.99177e-09
74 2.08061e-08 2.50759e-08 -6.37101e-10
75 -1.09994e-08 -1.59043e-08 4.12115e-09
76 3.66172e-08 3.68268e-08 3.47791e-09
77 4.87662e-08 3.07225e-08 -3.69482e-10
78 -4.80513e-08 -4.42089e-08 -4.4447e-09
79 -7.9277e-08 -8.20519e-08 3.6631e-09
80 3.91947e-08 4.84929e-08 4.09989e-09
