26 -0.0410273 -0.0489759 4.83549e-12
27 6.60809e-06 -1.45938e-06 1.94286e-08
28 -0.00659254 -0.00569555 -1.24955e-05
29 -8.95898e-09 -5.68278e-08 9.04402e-09
30 1.4787e-08 4.24204e-08 2.60889e-09
31 3.2469e-09 4.72355e-08 -8.11815e-09
32 -1.73777e-08 -8.20193e-08 -6.51198e-09
33 -4.72892e-09 -1.69228e-08 -9.81254e-09
34 -4.30687e-08 -2.94017e-07 1.28907e-08
35 -1.36424e-12 1.59935e-09 6.31053e-09
36 8.15453e-09 3.39705e-08 -1.01486e-08
37 4.87762e-09 3.82097e-08 8.59927e-10
38 2.57764e-08 1.52943e-07 5.66297e-09
39 -1.50949e-08 -8.68919e-08 -1.32422e-08
40 -8.47149e-09 -3.22207e-08 1.35706e-08
41 -4.30873e-09 -1.58354e-09 -1.56379e-08
42 3.65671e-08 1.98814e-07 9.3778e-09
43 2.65682e-08 1.74472e-07 6.23913e-09
44 2.58847e-08 1.48233e-07 6.5229e-09
45 -1.12059e-08 -5.56988e-08 -6.83849e-09
46 -5.99766e-09 -3.64941e-08 8.98126e-10
47 2.93358e-09 1.82432e-08 3.16777e-09
48 1.46606e-08 8.46032e-08 8.21365e-09
49 -3.17036e-08 -1.64092e-07 -1.57415e-08
50 4.47249e-08 2.90733e-07 2.87855e-09
51 1.40876e-08 8.64615e-08 4.04452e-09
52 -7.12089e-09 -6.33676e-08 1.20899e-08
53 -2.92889e-08 -1.92414e-07 -1.1064e-08
54 9.31323e-10 5.95492e-10 -2.30102e-09
55 -1.49298e-08 -9.41449e-08 7.70387e-09
56 8.23502e-09 5.90727e-08 7.67523e-09
57 -5.5411e-09 -6.06094e-08 -4.15639e-10
58 1.15274e-08 9.16473e-08 -5.04269e-09
59 -2.7906e-08 -1.56259e-07 -4.54656e-09
60 3.41761e-08 2.33236e-07 3.77395e-09
61 1.9244e-08 9.15732e-08 3.81397e-09
62 -8.54789e-09 -4.10178e-08 -3.48427e-09
63 -1.28152e-08 -1.08818e-07 7.7971e-09
64 -2.8529e-08 -1.71004e-07 -7.94444e-10
65 5.21959e-08 3.52939e-07 -1.33823e-08
66 1.0361e-08 6.30819e-08 3.49428e-09
67 5.72436e-09 5.42649e-08 -1.08366e-08
68 -2.57987e-08 -1.56383e-07 -1.36288e-09
69 7.50561e-09 4.21147e-08 -1.5998e-09
70 2.37169e-08 1.56267e-07 7.41602e-09
71 1.66306e-08 9.45902e-08 -6.55382e-09
72 -8.29914e-09 -1.66285e-08 -4.46107e-09
73 2.78119e-08 1.86755e-07 -9.91849e-09
74 -4.48008e-08 -2.77833e-07 6.1018e-09
75 1.86446e-09 1.56224e-08 2.66482e-10
76 1.8616e-08 8.12893e-08 1.18143e-09
77 1.7601e-08 1.29054e-07 -4.62842e-09
78 1.84023e-08 8.21723e-08 1.27966e-08
79 -5.08066e-08 -2.84001e-07 -1.50467e-08
80 1.48634e-08 8.28597e-08 1.09931e-08
