26 -1.08659e-08 -3.76728e-08 -1.58597e-09
27 -6.63535e-05 -1.00796e-05 6.74667e-06
28 -5.15767e-05 -5.99367e-06 5.20363e-06
29 -2.48912e-05 -4.21741e-05 2.90734e-06
30 -2.50897e-05 -4.04873e-05 3.06652e-06
31 -2.4719e-05 -4.14957e-05 3.06485e-06
32 -2.45265e-05 -4.14268e-05 3.03374e-06
33 -2.45053e-05 -4.14701e-05 3.03564e-06
34 -2.44852e-05 -4.14991e-05 3.03388e-06
35 -2.44669e-05 -4.15226e-05 3.03328e-06
36 -2.44494e-05 -4.1545e-05 3.03244e-06
37 -2.4433e-05 -4.15639e-05 3.03189e-06
38 -2.44173e-05 -4.15822e-05 3.03138e-06
39 -2.4402e-05 -4.15975e-05 3.03108e-06
40 -2.43884e-05 -4.16125e-05 3.03092e-06
41 -2.43739e-05 -4.16284e-05 3.03053e-06
42 -2.43602e-05 -4.16403e-05 3.03043e-06
43 -2.43459e-05 -4.16529e-05 3.03018e-06
44 -2.43328e-05 -4.16643e-05 3.03017e-06
45 -2.43195e-05 -4.16755e-05 3.03012e-06
46 -2.43063e-05 -4.16855e-05 3.03009e-06
47 -2.42935e-05 -4.16957e-05 3.0301e-06
48 -2.42807e-05 -4.17056e-05 3.03013e-06
49 -2.42681e-05 -4.17146e-05 3.03021e-06
50 -2.42556e-05 -4.17235e-05 3.03028e-06
51 -2.4243e-05 -4.17323e-05 3.03033e-06
52 -2.42307e-05 -4.17408e-05 3.03044e-06
53 -2.42184e-05 -4.17491e-05 3.03056e-06
54 -2.4206e-05 -4.17575e-05 3.03065e-06
55 -2.41941e-05 -4.17658e-05 3.03078e-06
56 -2.4182e-05 -4.17741e-05 3.03091e-06
57 -2.41699e-05 -4.17822e-05 3.03102e-06
58 -2.41576e-05 -4.17904e-05 3.03112e-06
59 -2.41452e-05 -4.17989e-05 3.03117e-06
60 -2.41332e-05 -4.1807e-05 3.0313e-06
61 -2.4121e-05 -4.18149e-05 3.03141e-06
62 -2.41088e-05 -4.18231e-05 3.03148e-06
63 -2.40967e-05 -4.18309e-05 3.0316e-06
64 -2.40846e-05 -4.18386e-05 3.03172e-06
65 -2.40725e-05 -4.18463e-05 3.03184e-06
66 -2.40604e-05 -4.18539e-05 3.03195e-06
67 -2.40483e-05 -4.18615e-05 3.03206e-06
68 -2.40362e-05 -4.18691e-05 3.03217e-06
69 -2.40241e-05 -4.18766e-05 3.03228e-06
70 -2.4012e-05 -4.18841e-05 3.03239e-06
71 -2.39998e-05 -4.18916e-05 3.0325e-06
72 -2.39877e-05 -4.1899e-05 3.0326e-06
73 -2.39756e-05 -4.19065e-05 3.03271e-06
74 -2.39635e-05 -4.19139e-05 3.0328e-06
75 -2.39513e-05 -4.19213e-05 3.0329e-06
76 -2.39392e-05 -4.19287e-05 3.033e-06
77 -2.39271e-05 -4.1936e-05 3.0331e-06
78 -2.39149e-05 -4.19434e-05 3.03319e-06
79 -2.39027e-05 -4.19507e-05 3.03328e-06
80 -2.38906e-05 -4.1958e-05 3.03337e-06
