26 1.31941e-08 -4.28923e-08 -8.24383e-10
27 5.31568e-05 -1.63896e-05 -1.61624e-05
28 4.33288e-05 -1.40298e-05 -1.272e-05
29 2.16928e-05 -4.49748e-05 -8.5831e-06
30 2.18003e-05 -4.36409e-05 -8.51017e-06
31 2.2398e-05 -4.43993e-05 -8.71984e-06
32 2.23424e-05 -4.43612e-05 -8.64622e-06
33 2.23531e-05 -4.44042e-05 -8.64459e-06
34 2.23586e-05 -4.44282e-05 -8.64215e-06
35 2.23681e-05 -4.44499e-05 -8.64019e-06
36 2.23788e-05 -4.44675e-05 -8.63923e-06
37 2.23889e-05 -4.44837e-05 -8.63802e-06
38 2.24013e-05 -4.44975e-05 -8.63768e-06
39 2.24137e-05 -4.45102e-05 -8.63716e-06
40 2.24256e-05 -4.4523e-05 -8.63676e-06
41 2.24392e-05 -4.45335e-05 -8.63702e-06
42 2.24527e-05 -4.45427e-05 -8.63708e-06
43 2.24671e-05 -4.4551e-05 -8.63748e-06
44 2.2481e-05 -4.45598e-05 -8.63774e-06
45 2.24955e-05 -4.45678e-05 -8.63816e-06
46 2.251e-05 -4.45749e-05 -8.63861e-06
47 2.25249e-05 -4.45822e-05 -8.6392e-06
48 2.25397e-05 -4.45893e-05 -8.63976e-06
49 2.25545e-05 -4.45956e-05 -8.64036e-06
50 2.25695e-05 -4.46018e-05 -8.64101e-06
51 2.25846e-05 -4.46076e-05 -8.64174e-06
52 2.25997e-05 -4.46137e-05 -8.6424e-06
53 2.26148e-05 -4.46195e-05 -8.64311e-06
54 2.26301e-05 -4.46251e-05 -8.64391e-06
55 2.26453e-05 -4.46309e-05 -8.64469e-06
56 2.26606e-05 -4.46367e-05 -8.64549e-06
57 2.26759e-05 -4.4642e-05 -8.64631e-06
58 2.26915e-05 -4.46476e-05 -8.64718e-06
59 2.2707e-05 -4.4653e-05 -8.64806e-06
60 2.27224e-05 -4.46587e-05 -8.64888e-06
61 2.27378e-05 -4.4664e-05 -8.64973e-06
62 2.27534e-05 -4.46694e-05 -8.65062e-06
63 2.27688e-05 -4.46747e-05 -8.65148e-06
64 2.27843e-05 -4.468e-05 -8.65233e-06
65 2.27998e-05 -4.46852e-05 -8.65319e-06
66 2.28153e-05 -4.46905e-05 -8.65405e-06
67 2.28308e-05 -4.46957e-05 -8.65492e-06
68 2.28463e-05 -4.47008e-05 -8.65578e-06
69 2.28618e-05 -4.4706e-05 -8.65665e-06
70 2.28773e-05 -4.47111e-05 -8.65752e-06
71 2.28928e-05 -4.47163e-05 -8.6584e-06
72 2.29084e-05 -4.47214e-05 -8.65927e-06
73 2.29239e-05 -4.47266e-05 -8.66014e-06
74 2.29394e-05 -4.47317e-05 -8.66102e-06
75 2.29549e-05 -4.47368e-05 -8.66189e-06
76 2.29704e-05 -4.4742e-05 -8.66276e-06
77 2.2986e-05 -4.47471e-05 -8.66364e-06
78 2.30015e-05 -4.47522e-05 -8.66451e-06
79 2.3017e-05 -4.47573e-05 -8.66538e-06
80 2.30325e-05 -4.47624e-05 -8.66625e-06
