26 1.98979e-09 -4.80383e-08 4.72323e-10
27 7.37771e-06 -5.54978e-05 1.77362e-05
28 7.68591e-06 -4.44909e-05 1.37238e-05
29 6.33149e-06 -6.05381e-05 7.51426e-06
30 6.1657e-06 -5.93222e-05 7.51903e-06
31 6.87654e-06 -6.02119e-05 7.63308e-06
32 6.88672e-06 -6.00723e-05 7.57695e-06
33 6.89986e-06 -6.01132e-05 7.57587e-06
34 6.91033e-06 -6.01325e-05 7.57388e-06
35 6.92218e-06 -6.01515e-05 7.57251e-06
36 6.93489e-06 -6.01674e-05 7.57189e-06
37 6.94668e-06 -6.01818e-05 7.57111e-06
38 6.95985e-06 -6.01951e-05 7.57106e-06
39 6.97283e-06 -6.02071e-05 7.57083e-06
40 6.98481e-06 -6.02197e-05 7.57075e-06
41 6.99828e-06 -6.02307e-05 7.57124e-06
42 7.01149e-06 -6.02402e-05 7.5715e-06
43 7.02556e-06 -6.02491e-05 7.57205e-06
44 7.03882e-06 -6.02586e-05 7.57248e-06
45 7.05259e-06 -6.02676e-05 7.57306e-06
46 7.06635e-06 -6.02755e-05 7.57363e-06
47 7.08024e-06 -6.0284e-05 7.57432e-06
48 7.09406e-06 -6.02922e-05 7.57499e-06
49 7.10781e-06 -6.02997e-05 7.57569e-06
50 7.12166e-06 -6.03071e-05 7.57643e-06
51 7.13567e-06 -6.03143e-05 7.57724e-06
52 7.14952e-06 -6.03217e-05 7.57797e-06
53 7.16339e-06 -6.03289e-05 7.57876e-06
54 7.17747e-06 -6.0336e-05 7.57961e-06
55 7.19125e-06 -6.03433e-05 7.58046e-06
56 7.20518e-06 -6.03506e-05 7.58131e-06
57 7.2192e-06 -6.03574e-05 7.58218e-06
58 7.23342e-06 -6.03645e-05 7.58308e-06
59 7.24768e-06 -6.03715e-05 7.58398e-06
60 7.26173e-06 -6.03787e-05 7.58483e-06
61 7.27586e-06 -6.03855e-05 7.58571e-06
62 7.29008e-06 -6.03925e-05 7.58662e-06
63 7.30422e-06 -6.03994e-05 7.58749e-06
64 7.31835e-06 -6.04062e-05 7.58836e-06
65 7.33251e-06 -6.0413e-05 7.58924e-06
66 7.34667e-06 -6.04197e-05 7.59011e-06
67 7.36086e-06 -6.04265e-05 7.59098e-06
68 7.37505e-06 -6.04332e-05 7.59186e-06
69 7.38924e-06 -6.04398e-05 7.59273e-06
70 7.40344e-06 -6.04465e-05 7.59359e-06
71 7.41767e-06 -6.04532e-05 7.59446e-06
72 7.43188e-06 -6.04599e-05 7.59533e-06
73 7.44612e-06 -6.04665e-05 7.59619e-06
74 7.46039e-06 -6.04732e-05 7.59705e-06
75 7.47463e-06 -6.04798e-05 7.5979e-06
76 7.48887e-06 -6.04864e-05 7.59876e-06
77 7.50313e-06 -6.0493e-05 7.59961e-06
78 7.51741e-06 -6.04997e-05 7.60046e-06
79 7.53168e-06 -6.05063e-05 7.60131e-06
80 7.54596e-06 -6.05129e-05 7.60215e-06
