26 -1.02886e-09 -3.76949e-08 1.3475e-08
27 -9.42027e-06 -1.01186e-05 5.1323e-05
28 -6.73452e-06 -6.02335e-06 4.0441e-05
29 -4.72518e-06 -4.22633e-05 1.36629e-05
30 -4.54687e-06 -4.05428e-05 1.38038e-05
31 -4.16117e-06 -4.15507e-05 1.37945e-05
32 -4.09894e-06 -4.14795e-05 1.37311e-05
33 -4.07962e-06 -4.15225e-05 1.37278e-05
34 -4.06747e-06 -4.15513e-05 1.37239e-05
35 -4.05306e-06 -4.15748e-05 1.3722e-05
36 -4.0394e-06 -4.15971e-05 1.37205e-05
37 -4.02601e-06 -4.1616e-05 1.37193e-05
38 -4.01232e-06 -4.16343e-05 1.37188e-05
39 -3.99847e-06 -4.16495e-05 1.37185e-05
40 -3.9856e-06 -4.16646e-05 1.37187e-05
41 -3.97223e-06 -4.16805e-05 1.37189e-05
42 -3.95868e-06 -4.16923e-05 1.37194e-05
43 -3.94484e-06 -4.1705e-05 1.37198e-05
44 -3.93144e-06 -4.17164e-05 1.37207e-05
45 -3.91776e-06 -4.17276e-05 1.37216e-05
46 -3.90415e-06 -4.17377e-05 1.37225e-05
47 -3.89055e-06 -4.17479e-05 1.37236e-05
48 -3.877e-06 -4.17578e-05 1.37247e-05
49 -3.86346e-06 -4.17669e-05 1.37259e-05
50 -3.84993e-06 -4.17758e-05 1.37272e-05
51 -3.83637e-06 -4.17846e-05 1.37285e-05
52 -3.82285e-06 -4.17932e-05 1.37298e-05
53 -3.80935e-06 -4.18015e-05 1.37312e-05
54 -3.7958e-06 -4.181e-05 1.37326e-05
55 -3.78248e-06 -4.18183e-05 1.3734e-05
56 -3.76905e-06 -4.18267e-05 1.37355e-05
57 -3.75557e-06 -4.18347e-05 1.3737e-05
58 -3.74202e-06 -4.1843e-05 1.37384e-05
59 -3.72846e-06 -4.18516e-05 1.37398e-05
60 -3.715e-06 -4.18597e-05 1.37413e-05
61 -3.70149e-06 -4.18676e-05 1.37428e-05
62 -3.68799e-06 -4.18759e-05 1.37442e-05
63 -3.67449e-06 -4.18837e-05 1.37457e-05
64 -3.66101e-06 -4.18915e-05 1.37472e-05
65 -3.6475e-06 -4.18992e-05 1.37487e-05
66 -3.63402e-06 -4.19069e-05 1.37502e-05
67 -3.62052e-06 -4.19145e-05 1.37516e-05
68 -3.60702e-06 -4.19221e-05 1.37531e-05
69 -3.59353e-06 -4.19296e-05 1.37546e-05
70 -3.58004e-06 -4.19372e-05 1.37561e-05
71 -3.56654e-06 -4.19447e-05 1.37576e-05
72 -3.55305e-06 -4.19522e-05 1.3759e-05
73 -3.53955e-06 -4.19597e-05 1.37605e-05
74 -3.52605e-06 -4.19672e-05 1.3762e-05
75 -3.51256e-06 -4.19746e-05 1.37634e-05
76 -3.49908e-06 -4.1982e-05 1.37649e-05
77 -3.48559e-06 -4.19894e-05 1.37663e-05
78 -3.47209e-06 -4.19968e-05 1.37678e-05
79 -3.4586e-06 -4.20042e-05 1.37692e-05
80 -3.44512e-06 -4.20115e-05 1.37706e-05
