26 0.158431 0.072125 -1.18825e-11
27 3.3408e-05 -2.51175e-05 -4.37358e-08
28 0.0309298 -0.0875719 -0.000200188
29 9.11496e-09 4.76254e-09 3.81078e-10
30 1.27548e-08 3.93533e-09 -1.69166e-09
31 6.07279e-08 -1.16056e-08 2.03545e-09
32 -9.02596e-08 1.94667e-09 -5.47516e-10
33 4.07545e-08 -3.00102e-09 -1.27329e-11
34 -7.05509e-08 -4.36771e-09 9.09495e-12
35 3.80674e-08 2.06038e-08 -6.87578e-10
36 5.03223e-09 -1.37367e-08 5.09317e-10
37 -1.8963e-09 1.25743e-09 -1.64619e-09
38 -4.01878e-08 1.45867e-08 -1.11686e-09
39 6.16074e-08 -1.18798e-08 4.78394e-10
40 -3.68632e-08 2.74554e-09 -1.56433e-10
41 2.37087e-08 1.13858e-08 1.37152e-09
42 -5.54701e-09 -1.27358e-08 -6.81212e-10
43 5.6752e-08 5.62187e-09 -1.99725e-09
44 -1.57565e-08 -5.94123e-09 -1.77715e-09
45 2.02631e-08 1.25829e-08 5.2396e-09
46 1.73582e-08 -1.90429e-08 -6.56109e-09
47 5.98629e-09 1.71911e-08 4.08727e-09
48 -2.26341e-08 6.61186e-09 9.58607e-10
49 -8.29996e-08 -2.42235e-09 1.9827e-10
50 1.11881e-07 -8.10856e-09 -7.77618e-10
51 7.08405e-09 2.99889e-09 -1.82081e-09
52 4.33329e-09 -4.68988e-09 1.74259e-09
53 -6.40589e-08 -1.93857e-08 -2.85672e-09
54 -1.15861e-08 5.59743e-09 8.01265e-10
55 2.47196e-08 3.27248e-09 -4.25644e-10
56 -3.87809e-08 7.8505e-10 -1.90084e-10
57 -1.59921e-08 1.65344e-08 2.54659e-10
58 4.49336e-08 8.13928e-09 -8.35826e-10
59 1.89307e-08 -1.92986e-09 -1.81171e-09
60 -1.09213e-07 8.08797e-10 5.18412e-10
61 -9.64928e-09 -1.2315e-09 -1.50976e-10
62 6.06306e-08 8.21174e-09 -1.81899e-11
63 -2.37314e-08 -7.30182e-09 3.25326e-09
64 -5.00081e-08 1.59946e-09 -5.34783e-10
65 7.40101e-09 4.63402e-10 3.04954e-09
66 6.84049e-08 -1.32911e-08 -4.29645e-09
67 -1.12991e-08 2.19132e-08 1.1587e-09
68 -3.86935e-08 -1.40912e-08 -1.25056e-09
69 5.35674e-08 3.64722e-10 2.88128e-09
70 -1.76933e-08 -1.9526e-09 -2.29284e-09
71 4.78758e-09 -5.41861e-09 -3.82897e-10
72 -5.94173e-08 1.69769e-09 -3.17414e-10
73 8.72842e-09 1.12987e-08 -1.33878e-09
74 7.35222e-08 9.18088e-09 1.04319e-09
75 5.53109e-09 -1.17642e-08 5.4024e-10
76 2.96022e-08 5.12762e-09 -7.03949e-10
77 -4.33652e-08 -3.42479e-09 3.19233e-09
78 5.39353e-08 -5.38297e-09 -1.81626e-09
79 -2.54809e-08 5.66656e-09 -4.03816e-10
80 4.85488e-08 -1.81642e-08 2.21098e-09
