26 1.06691e-09 1.62906e-08 2.0348e-08
27 -9.27068e-07 0.000180361 7.17688e-05
28 1.99958e-07 0.000141717 5.5343e-05
29 -1.59212e-06 -1.69001e-05 6.20896e-06
30 -1.39857e-06 -1.50576e-05 6.19095e-06
31 -1.01532e-06 -1.59909e-05 6.24283e-06
32 -9.61953e-07 -1.60415e-05 6.21109e-06
33 -9.43311e-07 -1.60906e-05 6.20917e-06
34 -9.31899e-07 -1.61247e-05 6.20828e-06
35 -9.17887e-07 -1.61508e-05 6.20764e-06
36 -9.04552e-07 -1.61743e-05 6.20771e-06
37 -8.91436e-07 -1.61943e-05 6.20755e-06
38 -8.77892e-07 -1.6212e-05 6.20802e-06
39 -8.64166e-07 -1.62268e-05 6.20827e-06
40 -8.51327e-07 -1.62407e-05 6.20862e-06
41 -8.37975e-07 -1.62546e-05 6.20954e-06
42 -8.24412e-07 -1.62645e-05 6.21015e-06
43 -8.1056e-07 -1.62749e-05 6.21107e-06
44 -7.97082e-07 -1.62838e-05 6.21182e-06
45 -7.83317e-07 -1.62923e-05 6.2127e-06
46 -7.69626e-07 -1.62996e-05 6.21356e-06
47 -7.55898e-07 -1.63068e-05 6.21452e-06
48 -7.42215e-07 -1.63136e-05 6.21546e-06
49 -7.28545e-07 -1.63194e-05 6.21641e-06
50 -7.14872e-07 -1.63251e-05 6.21739e-06
51 -7.01158e-07 -1.63305e-05 6.21844e-06
52 -6.87483e-07 -1.63357e-05 6.2194e-06
53 -6.73814e-07 -1.63406e-05 6.22041e-06
54 -6.60096e-07 -1.63455e-05 6.22148e-06
55 -6.46588e-07 -1.63502e-05 6.22254e-06
56 -6.32969e-07 -1.63548e-05 6.2236e-06
57 -6.19308e-07 -1.63593e-05 6.22469e-06
58 -6.05573e-07 -1.63638e-05 6.2258e-06
59 -5.91837e-07 -1.63687e-05 6.22692e-06
60 -5.78183e-07 -1.63732e-05 6.22798e-06
61 -5.64484e-07 -1.63774e-05 6.22907e-06
62 -5.50801e-07 -1.6382e-05 6.23018e-06
63 -5.37113e-07 -1.63861e-05 6.23126e-06
64 -5.23439e-07 -1.63902e-05 6.23234e-06
65 -5.09742e-07 -1.63942e-05 6.23342e-06
66 -4.96068e-07 -1.63982e-05 6.23449e-06
67 -4.82376e-07 -1.64022e-05 6.23557e-06
68 -4.68694e-07 -1.64061e-05 6.23664e-06
69 -4.55012e-07 -1.641e-05 6.23771e-06
70 -4.41334e-07 -1.64139e-05 6.23878e-06
71 -4.27643e-07 -1.64178e-05 6.23984e-06
72 -4.13964e-07 -1.64216e-05 6.24091e-06
73 -4.00275e-07 -1.64255e-05 6.24197e-06
74 -3.8658e-07 -1.64293e-05 6.24303e-06
75 -3.72907e-07 -1.64332e-05 6.24408e-06
76 -3.59237e-07 -1.6437e-05 6.24514e-06
77 -3.45557e-07 -1.64408e-05 6.24619e-06
78 -3.31875e-07 -1.64446e-05 6.24724e-06
79 -3.18201e-07 -1.64484e-05 6.24829e-06
80 -3.04532e-07 -1.64522e-05 6.24933e-06
