26 6.68079e-10 -4.34289e-08 -2.34313e-09
27 -2.28711e-05 -3.91171e-05 -2.09327e-05
28 -1.63934e-05 -2.93996e-05 -1.68733e-05
29 -6.43762e-06 -5.44864e-05 -8.82611e-06
30 -6.70484e-06 -5.28395e-05 -8.91252e-06
31 -6.11601e-06 -5.39707e-05 -8.97876e-06
32 -6.02185e-06 -5.38297e-05 -8.92489e-06
33 -6.00704e-06 -5.38702e-05 -8.92361e-06
34 -5.9922e-06 -5.38951e-05 -8.92037e-06
35 -5.97775e-06 -5.3916e-05 -8.91849e-06
36 -5.96298e-06 -5.39364e-05 -8.91679e-06
37 -5.94932e-06 -5.39534e-05 -8.91536e-06
38 -5.93506e-06 -5.39705e-05 -8.91433e-06
39 -5.92116e-06 -5.39848e-05 -8.91354e-06
40 -5.90857e-06 -5.39991e-05 -8.91298e-06
41 -5.89469e-06 -5.40144e-05 -8.91235e-06
42 -5.88131e-06 -5.4026e-05 -8.91207e-06
43 -5.86714e-06 -5.40384e-05 -8.91172e-06
44 -5.85403e-06 -5.40498e-05 -8.91165e-06
45 -5.84048e-06 -5.40611e-05 -8.91159e-06
46 -5.827e-06 -5.40712e-05 -8.91158e-06
47 -5.81357e-06 -5.40818e-05 -8.9117e-06
48 -5.80022e-06 -5.40919e-05 -8.91184e-06
49 -5.78702e-06 -5.41013e-05 -8.91204e-06
50 -5.77377e-06 -5.41106e-05 -8.91226e-06
51 -5.76039e-06 -5.41199e-05 -8.91249e-06
52 -5.74721e-06 -5.41289e-05 -8.91278e-06
53 -5.73406e-06 -5.41378e-05 -8.9131e-06
54 -5.72073e-06 -5.41467e-05 -8.91343e-06
55 -5.70776e-06 -5.41557e-05 -8.91381e-06
56 -5.69465e-06 -5.41646e-05 -8.9142e-06
57 -5.68144e-06 -5.41733e-05 -8.91457e-06
58 -5.66807e-06 -5.41823e-05 -8.91496e-06
59 -5.65459e-06 -5.41914e-05 -8.91529e-06
60 -5.64139e-06 -5.42002e-05 -8.91571e-06
61 -5.62811e-06 -5.42087e-05 -8.91611e-06
62 -5.61473e-06 -5.42176e-05 -8.9165e-06
63 -5.60145e-06 -5.42261e-05 -8.91693e-06
64 -5.5882e-06 -5.42346e-05 -8.91736e-06
65 -5.57491e-06 -5.4243e-05 -8.91778e-06
66 -5.56162e-06 -5.42513e-05 -8.91821e-06
67 -5.54831e-06 -5.42597e-05 -8.91865e-06
68 -5.535e-06 -5.4268e-05 -8.91909e-06
69 -5.52169e-06 -5.42762e-05 -8.91953e-06
70 -5.50837e-06 -5.42845e-05 -8.91997e-06
71 -5.49502e-06 -5.42927e-05 -8.92041e-06
72 -5.48168e-06 -5.43009e-05 -8.92086e-06
73 -5.46833e-06 -5.43091e-05 -8.92131e-06
74 -5.45494e-06 -5.43173e-05 -8.92175e-06
75 -5.44158e-06 -5.43254e-05 -8.9222e-06
76 -5.42822e-06 -5.43335e-05 -8.92265e-06
77 -5.41483e-06 -5.43417e-05 -8.92309e-06
78 -5.40143e-06 -5.43498e-05 -8.92354e-06
79 -5.38803e-06 -5.43579e-05 -8.92399e-06
80 -5.37463e-06 -5.43659e-05 -8.92443e-06
