26 -0.180433 -1.23885 3.19652e-10
27 -8.07435e-06 -2.63133e-05 -4.14107e-08
28 -0.00317674 -0.00791037 -9.52667e-06
29 3.13789e-08 3.27475e-08 -2.89901e-10
30 -1.26784e-08 2.04732e-08 4.02451e-09
31 7.03612e-08 -5.26097e-08 4.93765e-09
32 -1.40844e-07 1.05186e-07 -7.50333e-12
33 5.90912e-08 -2.1814e-08 -1.71872e-09
34 -2.23145e-08 9.57607e-09 8.06494e-10
35 7.77104e-08 -5.01377e-08 -7.92625e-10
36 -9.67248e-09 4.29031e-09 -2.92789e-09
37 -5.31154e-08 4.36455e-08 4.23893e-09
38 1.17395e-07 -9.46072e-08 -7.32416e-09
39 -1.34742e-09 1.56138e-09 6.19957e-09
40 -7.39014e-08 3.24017e-08 -4.24757e-09
41 1.72572e-07 -1.2311e-07 -3.10592e-09
42 -1.55975e-07 1.13729e-07 4.15935e-09
43 5.53378e-08 -4.08718e-08 -1.52727e-09
44 -1.79066e-08 1.26088e-08 1.58298e-09
45 -4.01687e-08 1.84205e-08 5.86624e-09
46 3.1062e-08 -2.20709e-08 -6.33509e-09
47 2.7926e-08 -1.15347e-09 5.06134e-10
48 -1.62536e-07 1.19433e-07 -1.37265e-09
49 1.79187e-07 -1.5043e-07 2.38379e-09
50 1.29066e-08 -1.70819e-08 -8.01447e-09
51 -6.21826e-08 3.83434e-08 4.97312e-09
52 7.13858e-08 -4.80268e-08 3.70164e-09
53 -4.14452e-08 5.47843e-08 -3.65776e-09
54 6.97387e-08 -5.92695e-08 -3.163e-09
55 -6.6203e-08 4.75522e-08 1.6978e-09
56 3.42516e-08 -3.18407e-08 5.95469e-09
57 -2.07879e-08 3.03523e-08 -4.59431e-09
58 4.89244e-08 -2.83433e-08 -4.33579e-09
59 -1.07072e-07 7.9131e-08 4.86943e-09
60 -4.73569e-08 3.38748e-08 -6.4822e-09
61 9.34456e-08 -8.33054e-08 -8.67203e-10
62 -6.8178e-08 7.08756e-08 4.45857e-09
63 -1.42377e-08 3.38348e-08 2.70188e-09
64 7.32011e-08 -7.82259e-08 -1.00686e-08
65 -1.49165e-07 1.1792e-07 1.5325e-09
66 2.59652e-08 -1.51526e-08 8.32392e-09
67 3.47109e-09 3.31215e-09 4.04384e-09
68 5.83873e-08 -7.27025e-08 -3.42834e-09
69 4.57476e-08 -1.82552e-08 -6.46651e-10
70 5.23733e-09 6.21412e-09 3.8699e-09
71 -8.76707e-09 -1.50753e-08 -7.16886e-09
72 9.90758e-09 -1.84104e-09 4.35853e-09
73 -1.36961e-08 3.50276e-08 3.85648e-09
74 -7.25113e-08 4.52119e-08 -4.17913e-09
75 3.74457e-08 -3.86742e-08 -1.68006e-09
76 -7.85344e-08 4.71568e-08 6.2571e-09
77 7.06923e-08 -5.50867e-08 1.17097e-09
78 9.62618e-08 -6.22333e-08 2.756e-09
79 -3.88836e-08 4.1159e-08 -8.80846e-10
80 6.6857e-09 -2.55475e-08 -5.74482e-09
