26 0.660693 -1.23636 -6.0796e-10
27 -3.97829e-06 -6.50755e-06 6.33372e-09
28 0.00454486 -0.0126003 2.25281e-05
29 1.08826e-07 -2.5832e-07 4.68617e-10
30 4.81455e-08 -8.91337e-08 4.13092e-09
31 9.01719e-09 8.8271e-09 -3.11388e-09
32 -5.60249e-08 -6.17792e-08 1.59253e-09
33 5.2722e-08 3.90551e-08 -1.44041e-09
34 4.63651e-08 4.32976e-08 9.89075e-10
35 1.95951e-08 -9.04765e-09 1.69985e-09
36 -7.04426e-08 -4.6364e-08 -1.74987e-09
37 3.51943e-08 7.82961e-09 5.57066e-11
38 -3.69896e-08 -1.93979e-08 -2.00544e-09
39 -1.2295e-08 -2.87446e-09 -1.35719e-09
40 -3.94402e-08 -2.56348e-08 -2.07592e-10
41 -7.89669e-09 -1.66517e-08 2.21894e-09
42 -7.19965e-08 -6.98724e-08 -2.7494e-09
43 6.23927e-08 5.05925e-08 7.4715e-10
44 8.94443e-09 1.49219e-08 -1.50203e-09
45 -2.70784e-08 -2.99999e-08 -2.18961e-09
46 -1.24228e-08 -8.81414e-09 -8.88576e-10
47 4.84738e-08 5.43303e-08 -8.07859e-10
48 -4.64802e-08 -3.81467e-08 -1.99748e-09
49 5.43073e-08 2.79258e-08 4.4929e-09
50 -2.39725e-08 -2.4922e-08 2.14686e-09
51 -3.05813e-08 2.09388e-09 -4.64865e-09
52 2.49202e-08 -7.94012e-09 3.23053e-09
53 -1.69271e-08 1.73713e-10 -1.32172e-09
54 -7.34462e-09 -8.99831e-09 -4.57158e-09
55 5.67088e-08 4.54775e-08 2.7876e-09
56 -4.13816e-08 -3.16081e-08 1.03773e-09
57 2.77878e-08 1.87897e-08 -4.56339e-10
58 -3.2418e-08 -2.18745e-08 1.5807e-09
59 5.08121e-08 5.4245e-08 -3.06522e-09
60 -5.66938e-08 -5.84291e-08 3.22484e-09
61 -1.78597e-08 3.11297e-09 -1.46224e-09
62 5.75569e-08 2.37571e-08 -7.38964e-10
63 -5.65651e-08 -4.91145e-08 2.67187e-09
64 3.77495e-08 5.22311e-08 -5.56952e-09
65 3.15777e-09 -3.13662e-09 2.17233e-09
66 -6.23527e-08 -4.24791e-08 1.2642e-10
67 2.25164e-08 -1.78602e-09 -1.73031e-10
68 -1.26151e-08 -5.85646e-09 -7.36691e-11
69 -2.62935e-08 -2.59622e-08 -2.9022e-09
70 -2.6374e-08 -2.02062e-08 4.82078e-09
71 3.46981e-08 4.0221e-08 4.38399e-09
72 -1.35014e-08 -8.18613e-09 -9.75206e-10
73 5.96256e-08 4.09946e-08 -4.09909e-09
74 -1.96624e-08 -2.47787e-08 2.20257e-09
75 -4.00387e-08 -1.54555e-08 -3.20324e-09
76 -9.89303e-09 -1.30024e-08 1.74714e-09
77 -6.97537e-09 3.82192e-09 1.55228e-09
78 -4.10614e-08 -3.56188e-08 -1.03182e-09
79 -6.80529e-09 -1.63996e-08 -5.05884e-09
80 -3.36686e-08 -1.72276e-08 2.04409e-09
