26 -0.166847 0.0379393 -1.96954e-13
27 -7.39463e-06 2.42149e-06 -2.16278e-09
28 0.00198223 -0.0497703 8.16901e-05
29 -3.03426e-08 -6.33291e-08 2.46018e-09
30 5.11168e-08 3.87349e-08 -2.6921e-10
31 1.47629e-08 2.36855e-09 9.26775e-10
32 5.10986e-08 1.3e-08 -3.18323e-10
33 -4.76525e-08 -3.17572e-08 -4.66571e-10
34 9.75433e-09 5.45026e-09 -2.11094e-09
35 -4.56598e-08 -1.06802e-08 1.85264e-09
36 -1.27234e-08 6.29575e-09 -2.04454e-09
37 2.53513e-08 2.27544e-09 -7.94898e-10
38 -3.676e-08 -1.13318e-08 -2.56296e-09
39 7.30947e-08 3.87139e-08 1.83263e-09
40 -3.52043e-08 -2.94817e-08 1.00499e-09
41 -8.33961e-08 -1.50168e-08 -6.21185e-10
42 3.68959e-08 4.17515e-09 -1.51158e-09
43 2.42953e-08 1.54089e-08 1.42791e-10
44 9.30731e-09 1.38388e-08 -1.42609e-09
45 -2.98955e-08 -1.888e-09 1.07048e-09
46 -2.149e-08 1.06987e-08 1.76169e-09
47 6.96391e-08 3.2046e-09 -5.24142e-09
48 -4.68508e-08 -1.49705e-08 4.89581e-09
49 1.325e-08 4.00985e-09 -2.17642e-09
50 -7.08428e-08 -1.69241e-08 2.46473e-10
51 4.28522e-08 9.52696e-11 2.30557e-09
52 -7.40715e-08 -1.75584e-08 -5.47061e-09
53 4.92314e-08 1.78929e-08 4.97494e-09
54 7.19983e-08 1.49474e-08 -1.72258e-09
55 4.52255e-08 2.11809e-08 -7.1941e-10
56 -3.81319e-08 -2.91675e-09 -2.08001e-09
57 2.41107e-08 2.47041e-10 5.22141e-09
58 -4.21733e-09 3.08864e-09 -2.31194e-09
59 -1.57365e-08 9.8637e-09 -1.33696e-10
60 4.30891e-08 5.07418e-09 8.40373e-10
61 -7.02757e-08 -8.02106e-09 -1.51613e-09
62 6.49106e-08 -2.98314e-10 1.97178e-09
63 1.70467e-08 8.00037e-09 -2.04273e-09
64 -1.74218e-08 1.82627e-09 3.065e-10
65 4.16308e-08 1.85945e-08 -6.09361e-11
66 -1.56297e-08 -6.11817e-09 2.52476e-09
67 6.2395e-08 1.23964e-09 -3.57795e-09
68 -6.22349e-08 1.21827e-09 6.10271e-10
69 -2.01294e-08 1.20247e-09 -1.72622e-09
70 9.61172e-08 3.50169e-08 7.48514e-10
71 -8.21865e-09 -7.98593e-09 1.86446e-09
72 -3.49382e-09 6.51062e-09 -4.3492e-09
73 1.90216e-08 1.17666e-09 3.63798e-12
74 7.75799e-10 -1.45898e-08 -2.14277e-09
75 -1.11609e-08 -6.42103e-10 4.10637e-09
76 5.02159e-08 1.71145e-08 4.69299e-10
77 4.31792e-08 2.5481e-08 -5.74801e-10
78 -4.42487e-08 -1.32226e-08 6.63931e-11
79 6.44695e-09 1.40926e-09 -1.71713e-09
80 3.47545e-08 5.35101e-09 3.29237e-10
