26 -0.244308 -4.20421 1.3496e-09
27 1.61505e-07 -3.46629e-05 -6.73008e-08
28 -0.00559999 -0.01737 -4.04678e-05
29 -1.26257e-07 6.8389e-08 4.96038e-09
30 -2.20871e-09 7.41011e-10 4.89354e-09
31 7.38555e-09 -9.69339e-09 -6.24414e-09
32 1.46488e-08 -2.25366e-08 3.91674e-09
33 3.57995e-08 -2.27794e-08 7.07587e-10
34 -2.63917e-08 1.90462e-08 -2.84172e-09
35 2.40989e-08 -2.4424e-08 1.94996e-09
36 4.95756e-08 -2.30032e-08 -2.64663e-10
37 -3.70278e-08 2.60404e-08 -6.83031e-10
38 6.88401e-08 -5.05083e-08 -6.96673e-10
39 -2.21212e-08 4.53133e-09 1.25283e-09
40 -2.2822e-08 2.30627e-08 -1.38607e-09
41 6.3571e-08 -3.35024e-08 3.79669e-09
42 -8.2131e-08 4.04409e-08 -1.64664e-09
43 9.03037e-09 -5.47016e-09 -4.73392e-10
44 -9.8662e-09 1.46149e-08 -2.91948e-10
45 3.36745e-08 -3.45271e-08 -2.11185e-09
46 -1.58698e-08 2.1302e-08 2.90493e-09
47 -9.66929e-09 -1.28764e-08 -2.15141e-09
48 -4.07945e-08 4.25553e-08 -1.92904e-09
49 3.67863e-08 -3.52138e-08 -2.251e-10
50 -1.95846e-08 2.11112e-08 -1.64255e-09
51 -5.34965e-09 -6.59384e-10 1.60799e-09
52 6.55155e-08 -6.27929e-08 -1.75532e-10
53 -2.30825e-08 2.87846e-08 -9.54515e-10
54 -2.3254e-08 1.26884e-08 -1.66801e-09
55 -6.67387e-09 6.19593e-09 -1.42609e-09
56 -2.83521e-08 1.1149e-08 -1.56342e-09
57 3.1228e-08 -1.63614e-08 1.74896e-09
58 1.16338e-08 -2.39086e-08 -4.92037e-09
59 5.43973e-08 -2.81007e-08 -8.2855e-10
60 -2.09211e-08 2.72898e-08 4.72346e-09
61 -3.15649e-08 1.49723e-08 8.79481e-10
62 -1.99698e-08 1.35251e-08 1.91358e-09
63 -9.96124e-09 4.41537e-09 -7.83075e-09
64 2.43149e-08 -2.89579e-08 4.45198e-09
65 -3.56013e-08 2.33472e-08 -1.29967e-09
66 -3.26713e-08 2.78269e-08 1.14278e-09
67 2.40684e-08 -2.99365e-08 -1.82354e-09
68 -1.50976e-10 -2.91493e-10 6.79847e-10
69 -4.91195e-08 3.05722e-08 -1.89902e-09
70 2.95445e-08 -1.04058e-08 -5.33055e-09
71 -2.21521e-08 7.94989e-09 4.26417e-09
72 2.57846e-08 -2.85954e-08 -4.94765e-10
73 6.59638e-08 -2.62885e-08 2.8781e-09
74 -2.38924e-09 -2.3691e-08 -1.51113e-09
75 1.02132e-08 -3.10183e-09 -2.60206e-09
76 3.80878e-08 -2.69908e-08 -8.97217e-10
77 -3.63748e-08 2.49879e-08 -7.65795e-10
78 7.14681e-09 5.13705e-09 2.50429e-09
79 1.44996e-08 -5.83259e-09 -1.65164e-09
80 2.67278e-08 -1.00829e-08 3.25463e-09
