26 -7.71632e-09 -3.82086e-08 -3.46717e-09
27 -6.4674e-05 -1.0689e-05 -8.70906e-06
28 -5.00651e-05 -6.50711e-06 -7.07835e-06
29 -2.41866e-05 -4.24322e-05 -3.71424e-06
30 -2.45071e-05 -4.07277e-05 -3.65554e-06
31 -2.40996e-05 -4.17433e-05 -3.71311e-06
32 -2.39009e-05 -4.16743e-05 -3.6961e-06
33 -2.3882e-05 -4.17173e-05 -3.69415e-06
34 -2.38614e-05 -4.17463e-05 -3.69335e-06
35 -2.38432e-05 -4.17697e-05 -3.69257e-06
36 -2.38255e-05 -4.17921e-05 -3.69217e-06
37 -2.38091e-05 -4.1811e-05 -3.69168e-06
38 -2.37932e-05 -4.18294e-05 -3.69148e-06
39 -2.37779e-05 -4.18446e-05 -3.69125e-06
40 -2.37643e-05 -4.18596e-05 -3.69106e-06
41 -2.37496e-05 -4.18755e-05 -3.69108e-06
42 -2.37359e-05 -4.18874e-05 -3.69104e-06
43 -2.37214e-05 -4.19001e-05 -3.69112e-06
44 -2.37083e-05 -4.19114e-05 -3.69116e-06
45 -2.36949e-05 -4.19227e-05 -3.69126e-06
46 -2.36816e-05 -4.19327e-05 -3.69137e-06
47 -2.36686e-05 -4.1943e-05 -3.69153e-06
48 -2.36558e-05 -4.19529e-05 -3.69169e-06
49 -2.36431e-05 -4.19618e-05 -3.69185e-06
50 -2.36305e-05 -4.19708e-05 -3.69204e-06
51 -2.36179e-05 -4.19796e-05 -3.69225e-06
52 -2.36054e-05 -4.19881e-05 -3.69245e-06
53 -2.35931e-05 -4.19964e-05 -3.69266e-06
54 -2.35806e-05 -4.20049e-05 -3.69291e-06
55 -2.35686e-05 -4.20132e-05 -3.69315e-06
56 -2.35565e-05 -4.20215e-05 -3.6934e-06
57 -2.35442e-05 -4.20296e-05 -3.69365e-06
58 -2.35319e-05 -4.20379e-05 -3.69393e-06
59 -2.35193e-05 -4.20464e-05 -3.69421e-06
60 -2.35071e-05 -4.20545e-05 -3.69448e-06
61 -2.34949e-05 -4.20624e-05 -3.69475e-06
62 -2.34825e-05 -4.20706e-05 -3.69504e-06
63 -2.34703e-05 -4.20784e-05 -3.69532e-06
64 -2.34581e-05 -4.20862e-05 -3.6956e-06
65 -2.34459e-05 -4.20939e-05 -3.69588e-06
66 -2.34336e-05 -4.21016e-05 -3.69617e-06
67 -2.34214e-05 -4.21092e-05 -3.69645e-06
68 -2.34092e-05 -4.21168e-05 -3.69674e-06
69 -2.3397e-05 -4.21243e-05 -3.69703e-06
70 -2.33847e-05 -4.21319e-05 -3.69732e-06
71 -2.33725e-05 -4.21394e-05 -3.69762e-06
72 -2.33602e-05 -4.21469e-05 -3.69791e-06
73 -2.3348e-05 -4.21543e-05 -3.69821e-06
74 -2.33357e-05 -4.21618e-05 -3.69851e-06
75 -2.33235e-05 -4.21692e-05 -3.69881e-06
76 -2.33112e-05 -4.21766e-05 -3.69911e-06
77 -2.32989e-05 -4.2184e-05 -3.69941e-06
78 -2.32866e-05 -4.21914e-05 -3.69971e-06
79 -2.32743e-05 -4.21988e-05 -3.70001e-06
80 -2.3262e-05 -4.22061e-05 -3.70031e-06
