26 -0.365791 0.207232 -4.5502e-11
27 -8.77115e-06 6.83636e-06 -3.32329e-08
28 -0.0185468 -0.0758313 0.000174178
29 2.82971e-08 -1.13491e-08 -4.35466e-09
30 -5.50472e-09 -1.97268e-08 9.004e-10
31 -2.41052e-08 1.84558e-08 2.46291e-09
32 1.73591e-08 9.14144e-09 1.70076e-09
33 5.59112e-08 -5.74221e-09 -3.24872e-09
34 -9.75979e-09 1.41307e-08 1.50339e-09
35 -2.72271e-08 -3.13574e-08 -3.74621e-09
36 2.03886e-08 1.43078e-08 3.98359e-10
37 1.24032e-08 6.82778e-09 -1.40153e-09
38 -9.46657e-08 3.28694e-09 6.89397e-10
39 -1.04137e-10 -9.30589e-09 8.34007e-10
40 -9.20177e-08 -1.07744e-08 -4.63842e-10
41 -6.59566e-09 -5.24778e-09 -1.51977e-09
42 6.03504e-08 1.53864e-08 -1.05501e-09
43 -2.52817e-08 -1.54138e-08 1.71894e-09
44 1.00686e-08 1.25113e-08 3.69255e-10
45 2.23145e-09 -1.48995e-08 2.65845e-09
46 -2.21353e-08 8.23815e-09 -3.10774e-09
47 3.73543e-08 6.19141e-09 6.87578e-10
48 -1.77038e-08 -2.00479e-08 -6.15728e-10
49 -1.49753e-08 6.35984e-09 -2.81034e-10
50 -9.26261e-08 -1.08105e-08 -2.02544e-09
51 -2.72944e-08 -4.60295e-09 1.64073e-09
52 6.20048e-08 8.63224e-10 1.66619e-09
53 -7.6222e-08 3.93155e-09 1.77351e-10
54 2.30161e-08 4.25305e-09 -2.5384e-09
55 1.21499e-08 -8.65498e-10 1.45064e-09
56 -4.76475e-08 6.93052e-09 -8.31278e-10
57 7.28178e-08 1.62305e-08 3.00133e-11
58 -2.25918e-09 -7.23747e-09 1.91812e-09
59 -1.13676e-07 1.49356e-09 3.79259e-10
60 4.27876e-08 -4.78002e-09 -1.17416e-09
61 1.8329e-08 2.33504e-09 1.76624e-09
62 -4.67235e-08 3.78293e-10 -1.26965e-09
63 -8.04994e-09 1.63021e-08 -2.60843e-09
64 -2.56236e-08 -1.59545e-08 3.26509e-09
65 -8.30414e-09 1.53855e-09 -3.44426e-09
66 8.71069e-09 -9.72909e-09 6.07542e-10
67 -3.29314e-08 -9.72818e-09 5.09317e-10
68 -3.12098e-08 8.65666e-09 -3.29237e-10
69 5.23405e-08 9.86461e-09 1.57524e-09
70 7.65067e-09 -4.204e-09 -1.19235e-09
71 5.00368e-08 1.15169e-08 -6.46651e-10
72 -1.53977e-08 5.00648e-09 -8.91305e-10
73 3.76335e-08 -1.19298e-08 5.02041e-10
74 -3.19005e-08 1.08129e-08 2.92857e-10
75 -5.45792e-08 -3.65181e-08 1.19326e-09
76 -5.35556e-09 1.39223e-08 -4.17822e-09
77 2.46951e-08 -7.47951e-09 1.52522e-09
78 -4.82569e-08 -1.21237e-08 2.30193e-09
79 1.47552e-08 -3.31394e-09 3.66708e-09
80 -2.35564e-08 1.0613e-09 -2.38833e-09
