26 2.24881e-09 -4.68283e-08 -6.50235e-10
27 -2.81134e-06 -7.95126e-05 -2.85757e-06
28 -1.0129e-07 -6.24431e-05 -2.636e-06
29 1.92372e-06 -7.11645e-05 -1.00243e-06
30 1.7778e-06 -6.98176e-05 -1.08743e-06
31 2.40305e-06 -7.0978e-05 -1.03775e-06
32 2.44854e-06 -7.0745e-05 -1.03873e-06
33 2.46239e-06 -7.07839e-05 -1.03889e-06
34 2.47386e-06 -7.08016e-05 -1.03788e-06
35 2.48648e-06 -7.08188e-05 -1.03755e-06
36 2.49938e-06 -7.0835e-05 -1.03674e-06
37 2.51154e-06 -7.08488e-05 -1.03628e-06
38 2.52458e-06 -7.0863e-05 -1.03557e-06
39 2.53761e-06 -7.08753e-05 -1.03519e-06
40 2.54956e-06 -7.08882e-05 -1.03487e-06
41 2.56254e-06 -7.09012e-05 -1.03407e-06
42 2.57551e-06 -7.09117e-05 -1.0337e-06
43 2.58908e-06 -7.09225e-05 -1.03306e-06
44 2.602e-06 -7.09332e-05 -1.03272e-06
45 2.61531e-06 -7.09437e-05 -1.03229e-06
46 2.62862e-06 -7.09532e-05 -1.03189e-06
47 2.642e-06 -7.09634e-05 -1.0315e-06
48 2.65531e-06 -7.09732e-05 -1.03113e-06
49 2.66856e-06 -7.09824e-05 -1.0308e-06
50 2.68186e-06 -7.09915e-05 -1.03045e-06
51 2.69529e-06 -7.10006e-05 -1.03006e-06
52 2.70861e-06 -7.10097e-05 -1.02976e-06
53 2.72192e-06 -7.10186e-05 -1.02945e-06
54 2.73539e-06 -7.10276e-05 -1.02909e-06
55 2.74858e-06 -7.10367e-05 -1.02878e-06
56 2.76191e-06 -7.10458e-05 -1.02847e-06
57 2.77531e-06 -7.10546e-05 -1.02813e-06
58 2.78889e-06 -7.10637e-05 -1.02778e-06
59 2.8025e-06 -7.10727e-05 -1.02738e-06
60 2.81595e-06 -7.10818e-05 -1.02709e-06
61 2.82946e-06 -7.10905e-05 -1.02676e-06
62 2.84303e-06 -7.10995e-05 -1.0264e-06
63 2.85656e-06 -7.11082e-05 -1.0261e-06
64 2.87007e-06 -7.1117e-05 -1.0258e-06
65 2.88362e-06 -7.11256e-05 -1.02549e-06
66 2.89717e-06 -7.11342e-05 -1.02518e-06
67 2.91075e-06 -7.11428e-05 -1.02488e-06
68 2.92432e-06 -7.11514e-05 -1.02458e-06
69 2.93791e-06 -7.11599e-05 -1.02429e-06
70 2.9515e-06 -7.11685e-05 -1.02399e-06
71 2.96512e-06 -7.1177e-05 -1.0237e-06
72 2.97873e-06 -7.11855e-05 -1.0234e-06
73 2.99237e-06 -7.1194e-05 -1.02312e-06
74 3.00604e-06 -7.12025e-05 -1.02283e-06
75 3.01968e-06 -7.12109e-05 -1.02254e-06
76 3.03332e-06 -7.12194e-05 -1.02226e-06
77 3.04699e-06 -7.12278e-05 -1.02197e-06
78 3.06068e-06 -7.12362e-05 -1.02169e-06
79 3.07435e-06 -7.12446e-05 -1.02141e-06
80 3.08804e-06 -7.1253e-05 -1.02113e-06
