26 -1.04237e-08 -3.76994e-08 -2.22731e-09
27 -6.74854e-05 -1.0002e-05 3.13889e-06
28 -5.24401e-05 -5.93458e-06 2.33867e-06
29 -2.53796e-05 -4.21405e-05 1.35801e-06
30 -2.56121e-05 -4.04514e-05 1.49525e-06
31 -2.52394e-05 -4.14599e-05 1.47964e-06
32 -2.50411e-05 -4.13914e-05 1.45981e-06
33 -2.50204e-05 -4.14347e-05 1.46174e-06
34 -2.49999e-05 -4.14637e-05 1.46057e-06
35 -2.49814e-05 -4.14872e-05 1.4603e-06
36 -2.49638e-05 -4.15096e-05 1.45973e-06
37 -2.49473e-05 -4.15285e-05 1.45943e-06
38 -2.49315e-05 -4.15469e-05 1.45907e-06
39 -2.49161e-05 -4.15621e-05 1.4589e-06
40 -2.49025e-05 -4.15772e-05 1.45882e-06
41 -2.4888e-05 -4.15931e-05 1.4585e-06
42 -2.48742e-05 -4.16049e-05 1.45843e-06
43 -2.48599e-05 -4.16176e-05 1.45821e-06
44 -2.48468e-05 -4.16289e-05 1.45819e-06
45 -2.48335e-05 -4.16402e-05 1.45813e-06
46 -2.48203e-05 -4.16502e-05 1.45807e-06
47 -2.48074e-05 -4.16604e-05 1.45804e-06
48 -2.47946e-05 -4.16703e-05 1.45802e-06
49 -2.47821e-05 -4.16792e-05 1.45804e-06
50 -2.47695e-05 -4.16882e-05 1.45805e-06
51 -2.4757e-05 -4.16969e-05 1.45803e-06
52 -2.47446e-05 -4.17055e-05 1.45807e-06
53 -2.47324e-05 -4.17138e-05 1.45811e-06
54 -2.47201e-05 -4.17222e-05 1.45811e-06
55 -2.47081e-05 -4.17305e-05 1.45816e-06
56 -2.46961e-05 -4.17388e-05 1.45819e-06
57 -2.46839e-05 -4.17468e-05 1.45821e-06
58 -2.46717e-05 -4.17551e-05 1.45822e-06
59 -2.46593e-05 -4.17636e-05 1.45819e-06
60 -2.46473e-05 -4.17717e-05 1.45822e-06
61 -2.46351e-05 -4.17795e-05 1.45824e-06
62 -2.46229e-05 -4.17877e-05 1.45822e-06
63 -2.46108e-05 -4.17955e-05 1.45824e-06
64 -2.45988e-05 -4.18032e-05 1.45827e-06
65 -2.45867e-05 -4.18109e-05 1.45828e-06
66 -2.45746e-05 -4.18186e-05 1.4583e-06
67 -2.45625e-05 -4.18261e-05 1.45831e-06
68 -2.45504e-05 -4.18337e-05 1.45833e-06
69 -2.45383e-05 -4.18412e-05 1.45834e-06
70 -2.45262e-05 -4.18487e-05 1.45835e-06
71 -2.45141e-05 -4.18562e-05 1.45836e-06
72 -2.4502e-05 -4.18637e-05 1.45837e-06
73 -2.44899e-05 -4.18711e-05 1.45837e-06
74 -2.44777e-05 -4.18785e-05 1.45838e-06
75 -2.44656e-05 -4.18859e-05 1.45838e-06
76 -2.44535e-05 -4.18933e-05 1.45838e-06
77 -2.44414e-05 -4.19007e-05 1.45838e-06
78 -2.44292e-05 -4.1908e-05 1.45837e-06
79 -2.44171e-05 -4.19154e-05 1.45837e-06
80 -2.44049e-05 -4.19227e-05 1.45836e-06
