26 1.26978e-08 -4.29075e-08 -2.7399e-09
27 4.77743e-05 -1.63898e-05 -2.16768e-05
28 3.9093e-05 -1.40301e-05 -1.70577e-05
29 1.89637e-05 -4.49854e-05 -1.05326e-05
30 1.9092e-05 -4.36436e-05 -1.04607e-05
31 1.96326e-05 -4.44025e-05 -1.06499e-05
32 1.95984e-05 -4.43642e-05 -1.05739e-05
33 1.96098e-05 -4.44071e-05 -1.0571e-05
34 1.9616e-05 -4.44311e-05 -1.05679e-05
35 1.96261e-05 -4.44528e-05 -1.05655e-05
36 1.96371e-05 -4.44704e-05 -1.05642e-05
37 1.96477e-05 -4.44866e-05 -1.05627e-05
38 1.96602e-05 -4.45004e-05 -1.05622e-05
39 1.96728e-05 -4.45131e-05 -1.05615e-05
40 1.96848e-05 -4.45259e-05 -1.05609e-05
41 1.96983e-05 -4.45364e-05 -1.05611e-05
42 1.97118e-05 -4.45456e-05 -1.05612e-05
43 1.97261e-05 -4.45538e-05 -1.05615e-05
44 1.97399e-05 -4.45627e-05 -1.05618e-05
45 1.97543e-05 -4.45707e-05 -1.05622e-05
46 1.97687e-05 -4.45778e-05 -1.05627e-05
47 1.97834e-05 -4.45851e-05 -1.05634e-05
48 1.9798e-05 -4.45921e-05 -1.0564e-05
49 1.98127e-05 -4.45985e-05 -1.05646e-05
50 1.98274e-05 -4.46047e-05 -1.05654e-05
51 1.98424e-05 -4.46104e-05 -1.05662e-05
52 1.98572e-05 -4.46166e-05 -1.05669e-05
53 1.98721e-05 -4.46224e-05 -1.05677e-05
54 1.98872e-05 -4.4628e-05 -1.05686e-05
55 1.99021e-05 -4.46338e-05 -1.05695e-05
56 1.99172e-05 -4.46396e-05 -1.05704e-05
57 1.99323e-05 -4.46449e-05 -1.05713e-05
58 1.99475e-05 -4.46504e-05 -1.05723e-05
59 1.99628e-05 -4.46559e-05 -1.05733e-05
60 1.99779e-05 -4.46616e-05 -1.05743e-05
61 1.99932e-05 -4.46669e-05 -1.05752e-05
62 2.00084e-05 -4.46723e-05 -1.05763e-05
63 2.00236e-05 -4.46776e-05 -1.05772e-05
64 2.00388e-05 -4.46829e-05 -1.05782e-05
65 2.00541e-05 -4.46881e-05 -1.05792e-05
66 2.00693e-05 -4.46934e-05 -1.05802e-05
67 2.00845e-05 -4.46986e-05 -1.05812e-05
68 2.00998e-05 -4.47037e-05 -1.05822e-05
69 2.0115e-05 -4.47089e-05 -1.05832e-05
70 2.01303e-05 -4.4714e-05 -1.05842e-05
71 2.01455e-05 -4.47192e-05 -1.05852e-05
72 2.01608e-05 -4.47243e-05 -1.05862e-05
73 2.0176e-05 -4.47295e-05 -1.05872e-05
74 2.01913e-05 -4.47347e-05 -1.05882e-05
75 2.02065e-05 -4.47398e-05 -1.05892e-05
76 2.02218e-05 -4.47449e-05 -1.05902e-05
77 2.0237e-05 -4.475e-05 -1.05912e-05
78 2.02523e-05 -4.47551e-05 -1.05922e-05
79 2.02675e-05 -4.47603e-05 -1.05932e-05
80 2.02828e-05 -4.47654e-05 -1.05942e-05
