26 1.04235e-09 2.60794e-08 -1.4808e-08
27 5.56381e-07 0.000195472 -6.52962e-05
28 1.76594e-06 0.000148452 -5.05607e-05
29 3.97473e-07 -1.52572e-05 -5.50299e-06
30 5.82209e-07 -1.37158e-05 -5.59026e-06
31 9.63323e-07 -1.44235e-05 -5.56161e-06
32 1.01677e-06 -1.4502e-05 -5.54226e-06
33 1.03501e-06 -1.45536e-05 -5.54109e-06
34 1.04606e-06 -1.45851e-05 -5.53922e-06
35 1.0598e-06 -1.4611e-05 -5.53842e-06
36 1.07291e-06 -1.46318e-05 -5.53742e-06
37 1.08579e-06 -1.46506e-05 -5.53675e-06
38 1.09916e-06 -1.46657e-05 -5.53614e-06
39 1.1127e-06 -1.46791e-05 -5.53584e-06
40 1.1254e-06 -1.46921e-05 -5.53572e-06
41 1.13864e-06 -1.47024e-05 -5.53525e-06
42 1.15205e-06 -1.47109e-05 -5.53521e-06
43 1.16578e-06 -1.47183e-05 -5.53496e-06
44 1.17914e-06 -1.47257e-05 -5.53506e-06
45 1.1928e-06 -1.47322e-05 -5.53509e-06
46 1.20637e-06 -1.47376e-05 -5.53517e-06
47 1.22e-06 -1.47428e-05 -5.53532e-06
48 1.23359e-06 -1.47478e-05 -5.53549e-06
49 1.24716e-06 -1.47519e-05 -5.53571e-06
50 1.26074e-06 -1.47558e-05 -5.53593e-06
51 1.27436e-06 -1.47591e-05 -5.53613e-06
52 1.28795e-06 -1.47628e-05 -5.53642e-06
53 1.30153e-06 -1.4766e-05 -5.53671e-06
54 1.31516e-06 -1.47689e-05 -5.53698e-06
55 1.32859e-06 -1.47719e-05 -5.5373e-06
56 1.34214e-06 -1.47749e-05 -5.53763e-06
57 1.35572e-06 -1.47774e-05 -5.53793e-06
58 1.36938e-06 -1.478e-05 -5.53824e-06
59 1.38305e-06 -1.47828e-05 -5.53847e-06
60 1.39663e-06 -1.47856e-05 -5.53882e-06
61 1.41025e-06 -1.47879e-05 -5.53914e-06
62 1.42387e-06 -1.47905e-05 -5.53943e-06
63 1.43748e-06 -1.47928e-05 -5.53978e-06
64 1.45109e-06 -1.47952e-05 -5.54013e-06
65 1.46471e-06 -1.47975e-05 -5.54047e-06
66 1.47832e-06 -1.47997e-05 -5.54081e-06
67 1.49194e-06 -1.48019e-05 -5.54116e-06
68 1.50555e-06 -1.48041e-05 -5.54151e-06
69 1.51916e-06 -1.48063e-05 -5.54186e-06
70 1.53277e-06 -1.48085e-05 -5.54222e-06
71 1.5464e-06 -1.48106e-05 -5.54257e-06
72 1.56001e-06 -1.48128e-05 -5.54292e-06
73 1.57363e-06 -1.48149e-05 -5.54328e-06
74 1.58726e-06 -1.48171e-05 -5.54364e-06
75 1.60086e-06 -1.48192e-05 -5.54399e-06
76 1.61447e-06 -1.48213e-05 -5.54435e-06
77 1.62808e-06 -1.48235e-05 -5.54471e-06
78 1.6417e-06 -1.48256e-05 -5.54506e-06
79 1.65531e-06 -1.48277e-05 -5.54542e-06
80 1.66891e-06 -1.48299e-05 -5.54578e-06
