26 -0.0482495 -0.13853 -9.56923e-12
27 4.22001e-06 -1.04605e-05 2.40384e-08
28 -0.00726654 0.00483359 -1.93896e-05
29 1.19971e-08 -8.57199e-10 4.67799e-09
30 -2.51716e-08 -2.21446e-08 -4.81577e-09
31 1.342e-08 1.62543e-08 -5.22732e-10
32 2.3761e-08 3.26058e-08 -2.25646e-09
33 -4.29782e-09 7.36713e-09 -1.23509e-09
34 -1.22004e-08 -2.54536e-08 4.17845e-09
35 6.14273e-09 1.01488e-08 -2.79488e-09
36 -5.84691e-08 -9.58903e-08 -9.32232e-11
37 -1.53541e-08 -1.92192e-08 -9.89576e-09
38 2.93439e-08 4.80675e-08 8.26321e-09
39 2.62344e-08 9.60995e-09 -4.96061e-09
40 -6.50325e-08 -9.51816e-08 3.60842e-09
41 8.16226e-09 2.65611e-08 -3.7096e-09
42 1.14851e-08 3.4237e-08 5.8094e-09
43 6.4515e-08 6.95736e-08 -4.24416e-09
44 -4.02056e-08 -4.36826e-08 -1.45155e-09
45 -2.69492e-08 -3.15617e-08 6.91693e-09
46 1.02562e-07 1.34801e-07 -5.68389e-09
47 -1.30312e-08 5.43014e-09 -1.45747e-09
48 -4.09932e-08 -8.11419e-08 2.76805e-09
49 -2.03845e-08 -2.73014e-08 4.01019e-09
50 6.42985e-08 9.14574e-08 -6.02768e-09
51 5.09726e-09 1.46795e-08 -2.87491e-09
52 -8.77208e-10 6.15023e-09 1.21713e-09
53 -1.79957e-08 -3.79964e-09 4.97039e-10
54 1.25418e-07 1.58685e-07 4.68685e-09
55 -5.50626e-08 -4.80584e-08 -9.38371e-10
56 6.81348e-09 8.39373e-09 -1.33127e-09
57 4.69568e-08 6.20846e-08 -2.9388e-09
58 -2.22731e-08 -2.10493e-08 7.83871e-09
59 3.02689e-08 1.17948e-08 -5.88034e-09
60 -6.2902e-08 -8.35812e-08 -1.28375e-09
61 4.67671e-08 7.09542e-08 5.25188e-09
62 -3.06786e-08 -4.65852e-08 1.79648e-09
63 3.92515e-08 4.61546e-08 -2.91038e-10
64 -1.97906e-09 -1.80296e-08 -9.39053e-11
65 1.66374e-08 4.28461e-08 -3.183e-09
66 -9.38062e-08 -1.21748e-07 -5.72527e-10
67 5.83805e-09 -9.10336e-09 1.53454e-09
68 8.55107e-09 9.32914e-09 8.19455e-10
69 5.84246e-08 1.16843e-07 -1.71326e-09
70 7.48332e-09 -1.54796e-08 -1.24874e-09
71 -3.9814e-08 -5.09312e-08 -2.09025e-09
72 9.67066e-09 2.18938e-09 3.0584e-09
73 1.14205e-07 1.86652e-07 -3.74916e-09
74 -9.11446e-08 -1.14579e-07 2.41698e-10
75 2.72048e-08 4.91323e-08 2.70552e-09
76 6.59338e-09 -7.51538e-09 -7.43239e-09
77 1.49653e-08 3.03253e-08 3.67845e-09
78 3.11093e-08 5.31575e-08 4.32237e-10
79 6.01249e-08 7.06127e-08 1.4445e-09
80 -3.67108e-08 -5.66365e-08 5.95332e-09
