26 -0.0860026 -0.00726232 1.90707e-11
27 1.28518e-06 -1.02018e-05 2.1711e-08
28 -0.00326016 0.00396354 -1.03198e-05
29 2.08973e-06 -5.54289e-06 -2.83881e-07
30 -8.23889e-08 -1.03016e-07 3.61126e-09
31 2.29447e-08 3.28123e-08 1.74771e-09
32 1.32686e-08 9.80435e-09 -8.02834e-09
33 8.60109e-09 1.10094e-09 5.02075e-09
34 2.23922e-08 3.72393e-08 -2.65811e-09
35 2.91329e-08 3.31263e-08 1.86469e-09
36 -1.24914e-07 -1.75112e-07 4.69402e-09
37 4.64984e-08 8.4116e-08 -2.58876e-09
38 5.89257e-08 4.38692e-08 4.01633e-09
39 -1.19529e-07 -1.34644e-07 6.08338e-10
40 5.97129e-08 6.99795e-08 -4.0302e-09
41 4.87739e-08 7.46602e-08 1.95814e-09
42 -3.23203e-08 -3.00377e-08 8.65953e-10
43 8.79118e-09 7.79892e-09 1.99964e-09
44 -7.85753e-08 -9.74019e-08 -5.75017e-09
45 1.37259e-07 1.66798e-07 2.97405e-10
46 -8.38854e-08 -1.2104e-07 1.38289e-09
47 4.64206e-08 5.14565e-08 9.95556e-10
48 -6.80129e-08 -6.53315e-08 1.68677e-09
49 4.85625e-08 6.12713e-08 -4.71061e-09
50 2.14568e-08 9.81026e-09 4.84056e-09
51 -5.28989e-08 -5.24078e-08 2.98849e-09
52 1.82854e-09 1.48991e-08 -5.84737e-09
53 4.12151e-08 4.27638e-08 2.12469e-09
54 -6.48743e-09 -3.54642e-08 -5.61158e-10
55 -5.72909e-08 -6.46294e-08 6.13159e-09
56 4.33092e-08 5.05493e-08 -9.87256e-10
57 -5.93759e-08 -7.64576e-08 -1.81581e-09
58 -1.42336e-09 2.81457e-08 -6.28802e-09
59 -1.36624e-08 -3.87438e-08 6.45673e-09
60 3.73939e-09 1.1446e-09 -3.60683e-09
61 3.66254e-08 6.3505e-08 -1.39448e-09
62 -1.59148e-08 -2.51046e-08 4.8783e-09
63 -3.77931e-08 -3.19733e-08 -1.25431e-09
64 9.02619e-08 1.11803e-07 7.84303e-09
65 -1.69393e-08 -3.67536e-08 -3.45676e-09
66 -4.5231e-08 -3.97499e-08 1.85037e-09
67 1.52495e-08 1.2355e-08 1.20826e-09
68 4.27931e-08 4.35198e-08 2.24384e-09
69 2.59324e-08 4.38092e-08 -1.0601e-08
70 1.93995e-09 6.16751e-09 7.25311e-09
71 -1.07553e-07 -1.45551e-07 1.35742e-10
72 1.08391e-07 1.28663e-07 -6.34725e-09
73 -1.14677e-07 -1.2519e-07 1.92767e-09
74 5.04888e-08 4.57167e-08 1.23237e-09
75 -3.46672e-08 -3.00515e-08 1.39903e-09
76 3.07837e-08 2.57687e-08 -6.1558e-09
77 3.77418e-08 5.83323e-08 -2.59024e-09
78 4.81491e-08 6.62296e-08 3.28521e-09
79 -4.40077e-08 -6.30637e-08 3.63343e-09
80 3.4282e-08 6.82542e-08 -3.28532e-09
