26 2.20249e-09 -4.73625e-08 -6.68062e-10
27 -2.69701e-06 -7.93005e-05 3.38271e-06
28 -2.12733e-08 -6.25768e-05 2.30585e-06
29 1.97848e-06 -7.09063e-05 1.63744e-06
30 1.83078e-06 -6.96205e-05 1.5717e-06
31 2.45834e-06 -7.07295e-05 1.64902e-06
32 2.50323e-06 -7.05046e-05 1.63009e-06
33 2.51706e-06 -7.05437e-05 1.62961e-06
34 2.52853e-06 -7.05609e-05 1.62974e-06
35 2.54114e-06 -7.05781e-05 1.62954e-06
36 2.55405e-06 -7.05937e-05 1.62995e-06
37 2.56622e-06 -7.06073e-05 1.63005e-06
38 2.57927e-06 -7.06211e-05 1.63056e-06
39 2.5923e-06 -7.06331e-05 1.63077e-06
40 2.60426e-06 -7.06458e-05 1.63098e-06
41 2.61726e-06 -7.06582e-05 1.63173e-06
42 2.63024e-06 -7.06684e-05 1.63209e-06
43 2.64383e-06 -7.06786e-05 1.63274e-06
44 2.65676e-06 -7.0689e-05 1.63313e-06
45 2.67009e-06 -7.06992e-05 1.63364e-06
46 2.68341e-06 -7.07083e-05 1.63412e-06
47 2.6968e-06 -7.07181e-05 1.63462e-06
48 2.71013e-06 -7.07276e-05 1.63511e-06
49 2.72339e-06 -7.07365e-05 1.63558e-06
50 2.73671e-06 -7.07453e-05 1.63608e-06
51 2.75015e-06 -7.07539e-05 1.63663e-06
52 2.76348e-06 -7.07627e-05 1.63708e-06
53 2.77681e-06 -7.07713e-05 1.63756e-06
54 2.79029e-06 -7.07799e-05 1.6381e-06
55 2.8035e-06 -7.07888e-05 1.6386e-06
56 2.81684e-06 -7.07975e-05 1.6391e-06
57 2.83026e-06 -7.0806e-05 1.63963e-06
58 2.84385e-06 -7.08147e-05 1.64017e-06
59 2.85748e-06 -7.08233e-05 1.64076e-06
60 2.87095e-06 -7.08321e-05 1.64125e-06
61 2.88447e-06 -7.08404e-05 1.64178e-06
62 2.89806e-06 -7.08491e-05 1.64233e-06
63 2.9116e-06 -7.08575e-05 1.64284e-06
64 2.92513e-06 -7.08659e-05 1.64334e-06
65 2.93869e-06 -7.08742e-05 1.64385e-06
66 2.95226e-06 -7.08825e-05 1.64436e-06
67 2.96585e-06 -7.08908e-05 1.64486e-06
68 2.97944e-06 -7.0899e-05 1.64536e-06
69 2.99304e-06 -7.09072e-05 1.64586e-06
70 3.00665e-06 -7.09154e-05 1.64636e-06
71 3.02028e-06 -7.09236e-05 1.64685e-06
72 3.03391e-06 -7.09318e-05 1.64735e-06
73 3.04756e-06 -7.094e-05 1.64783e-06
74 3.06124e-06 -7.09482e-05 1.64832e-06
75 3.07489e-06 -7.09563e-05 1.64881e-06
76 3.08855e-06 -7.09644e-05 1.6493e-06
77 3.10224e-06 -7.09726e-05 1.64978e-06
78 3.11594e-06 -7.09807e-05 1.65027e-06
79 3.12963e-06 -7.09888e-05 1.65075e-06
80 3.14333e-06 -7.09968e-05 1.65123e-06
