26 0.663013 0.379793 5.84e-11
27 7.54472e-06 -3.45672e-05 -4.8276e-08
28 -0.00559192 -0.0444292 -7.43566e-05
29 3.74152e-08 -2.18375e-08 5.73891e-10
30 -1.43141e-08 6.04518e-09 3.25599e-10
31 -4.87821e-08 9.04708e-09 -1.93268e-09
32 -1.51099e-08 9.77138e-09 2.61934e-09
33 2.9293e-08 -2.05002e-08 8.74934e-10
34 -2.31553e-08 1.73959e-08 -1.02227e-09
35 -9.12178e-09 5.25324e-09 3.5925e-10
36 3.64557e-08 -1.22192e-08 -1.42154e-09
37 -3.40287e-09 -1.00022e-09 -3.02225e-09
38 -6.38233e-08 3.35301e-08 1.95178e-09
39 3.16049e-09 1.10321e-08 -1.23327e-09
40 3.85735e-08 -3.97148e-08 -5.2114e-10
41 -3.60405e-08 2.30494e-08 3.53793e-09
42 -2.88969e-08 1.70071e-08 -3.73529e-09
43 -6.40284e-10 -9.14235e-09 2.25373e-09
44 7.36463e-09 9.56334e-10 -3.61706e-09
45 2.31739e-09 3.96915e-09 2.6821e-09
46 4.85124e-08 -3.21744e-08 -3.37332e-09
47 -2.07433e-08 1.6257e-08 5.9481e-10
48 -6.0385e-08 1.9674e-08 2.31557e-09
49 3.18496e-08 -1.74467e-08 -1.09776e-09
50 -1.07839e-08 1.94689e-09 9.04947e-10
51 3.16541e-08 -1.42643e-09 -3.75258e-09
52 -3.82115e-08 2.34354e-08 -3.88354e-10
53 3.63821e-08 -1.83106e-08 -7.86713e-10
54 3.57522e-08 -2.56291e-08 2.32376e-09
55 9.94623e-09 5.17502e-09 -2.6248e-09
56 -8.68858e-08 2.83831e-08 1.57343e-10
57 5.46925e-08 -2.27046e-08 3.14049e-09
58 7.28901e-08 -2.89054e-08 -2.57023e-09
59 -1.34669e-08 2.17785e-08 6.2937e-10
60 3.4514e-08 -2.34577e-08 1.64982e-09
61 3.90046e-08 -2.4207e-08 -3.03316e-09
62 -7.52216e-08 5.09888e-08 5.11864e-09
63 -1.49248e-09 -1.59063e-08 -5.17048e-09
64 4.62728e-08 -2.81069e-08 4.70391e-09
65 2.49702e-09 7.65613e-09 -4.13911e-09
66 7.62525e-08 -4.00886e-08 1.65801e-09
67 2.78928e-08 -2.22508e-09 -2.09093e-09
68 7.88623e-09 1.30159e-08 8.75843e-10
69 -3.10924e-08 2.25566e-09 6.37556e-10
70 -2.15146e-08 1.07331e-08 2.36469e-09
71 -3.97022e-08 1.36588e-08 2.8831e-10
72 3.64116e-09 -7.71126e-09 1.28057e-09
73 -3.1403e-08 1.77806e-09 1.09594e-09
74 8.05953e-08 -2.68318e-08 -3.69346e-09
75 -2.73526e-08 1.7931e-08 9.5406e-10
76 -1.34287e-09 1.08191e-08 4.36194e-09
77 -9.35825e-09 -5.40319e-09 -2.82125e-09
78 1.86487e-08 -3.07364e-09 -4.74756e-10
79 3.75385e-08 -7.38009e-09 -2.97405e-10
80 -7.45495e-08 4.02177e-08 1.77442e-09
