26 2.67745e-09 -4.71819e-08 1.69371e-09
27 2.00395e-05 -4.00063e-05 2.02906e-05
28 1.75185e-05 -3.24642e-05 1.57953e-05
29 1.163e-05 -5.40509e-05 8.38954e-06
30 1.1478e-05 -5.2819e-05 8.42471e-06
31 1.22597e-05 -5.36212e-05 8.52374e-06
32 1.22315e-05 -5.35287e-05 8.46473e-06
33 1.22439e-05 -5.35704e-05 8.46361e-06
34 1.22529e-05 -5.35916e-05 8.46118e-06
35 1.22638e-05 -5.36117e-05 8.45963e-06
36 1.2276e-05 -5.36282e-05 8.45876e-06
37 1.22872e-05 -5.36433e-05 8.45782e-06
38 1.23003e-05 -5.36567e-05 8.45758e-06
39 1.23131e-05 -5.36691e-05 8.45724e-06
40 1.2325e-05 -5.36817e-05 8.45709e-06
41 1.23387e-05 -5.36923e-05 8.45742e-06
42 1.2352e-05 -5.37017e-05 8.45761e-06
43 1.23664e-05 -5.37102e-05 8.45804e-06
44 1.238e-05 -5.37194e-05 8.45843e-06
45 1.23941e-05 -5.37279e-05 8.45895e-06
46 1.24082e-05 -5.37354e-05 8.45947e-06
47 1.24226e-05 -5.37433e-05 8.46012e-06
48 1.24368e-05 -5.3751e-05 8.46076e-06
49 1.2451e-05 -5.37579e-05 8.46144e-06
50 1.24653e-05 -5.37648e-05 8.46215e-06
51 1.24799e-05 -5.37713e-05 8.46293e-06
52 1.24942e-05 -5.37781e-05 8.46365e-06
53 1.25086e-05 -5.37847e-05 8.46443e-06
54 1.25232e-05 -5.37911e-05 8.46526e-06
55 1.25376e-05 -5.37977e-05 8.4661e-06
56 1.25521e-05 -5.38043e-05 8.46695e-06
57 1.25667e-05 -5.38104e-05 8.4678e-06
58 1.25815e-05 -5.38168e-05 8.46869e-06
59 1.25963e-05 -5.3823e-05 8.46957e-06
60 1.26109e-05 -5.38296e-05 8.47041e-06
61 1.26256e-05 -5.38356e-05 8.47128e-06
62 1.26404e-05 -5.38419e-05 8.47217e-06
63 1.26552e-05 -5.3848e-05 8.47304e-06
64 1.26699e-05 -5.38542e-05 8.47391e-06
65 1.26846e-05 -5.38602e-05 8.47478e-06
66 1.26993e-05 -5.38663e-05 8.47564e-06
67 1.27141e-05 -5.38723e-05 8.47651e-06
68 1.27289e-05 -5.38783e-05 8.47738e-06
69 1.27436e-05 -5.38843e-05 8.47824e-06
70 1.27584e-05 -5.38903e-05 8.47911e-06
71 1.27732e-05 -5.38962e-05 8.47997e-06
72 1.2788e-05 -5.39022e-05 8.48083e-06
73 1.28028e-05 -5.39081e-05 8.48168e-06
74 1.28176e-05 -5.39141e-05 8.48254e-06
75 1.28325e-05 -5.392e-05 8.48339e-06
76 1.28473e-05 -5.3926e-05 8.48424e-06
77 1.28621e-05 -5.39319e-05 8.48509e-06
78 1.28769e-05 -5.39378e-05 8.48594e-06
79 1.28918e-05 -5.39437e-05 8.48678e-06
80 1.29066e-05 -5.39496e-05 8.48762e-06
