26 1.05132e-09 7.29455e-09 -2.50886e-08
27 8.63386e-07 0.000132747 -7.49109e-05
28 2.08494e-06 0.00010023 -5.73163e-05
29 8.03791e-07 -2.11895e-05 -7.93595e-06
30 9.86724e-07 -1.97209e-05 -8.01224e-06
31 1.3674e-06 -2.04127e-05 -8.00594e-06
32 1.42087e-06 -2.04694e-05 -7.97576e-06
33 1.43902e-06 -2.05196e-05 -7.97366e-06
34 1.45e-06 -2.05493e-05 -7.9714e-06
35 1.46369e-06 -2.05743e-05 -7.97027e-06
36 1.47674e-06 -2.05941e-05 -7.96921e-06
37 1.48958e-06 -2.06124e-05 -7.9684e-06
38 1.50292e-06 -2.06269e-05 -7.96788e-06
39 1.51642e-06 -2.06401e-05 -7.9676e-06
40 1.52909e-06 -2.06529e-05 -7.96753e-06
41 1.54231e-06 -2.0663e-05 -7.96731e-06
42 1.55569e-06 -2.06715e-05 -7.96743e-06
43 1.56939e-06 -2.06788e-05 -7.96744e-06
44 1.58273e-06 -2.06864e-05 -7.96774e-06
45 1.59636e-06 -2.0693e-05 -7.96804e-06
46 1.60991e-06 -2.06986e-05 -7.96836e-06
47 1.62352e-06 -2.07041e-05 -7.96881e-06
48 1.63709e-06 -2.07093e-05 -7.96926e-06
49 1.65064e-06 -2.07138e-05 -7.96977e-06
50 1.6642e-06 -2.07179e-05 -7.97029e-06
51 1.6778e-06 -2.07216e-05 -7.97081e-06
52 1.69137e-06 -2.07257e-05 -7.9714e-06
53 1.70493e-06 -2.07293e-05 -7.972e-06
54 1.71855e-06 -2.07326e-05 -7.97261e-06
55 1.73197e-06 -2.0736e-05 -7.97327e-06
56 1.7455e-06 -2.07394e-05 -7.97394e-06
57 1.75906e-06 -2.07423e-05 -7.97457e-06
58 1.77271e-06 -2.07454e-05 -7.97524e-06
59 1.78636e-06 -2.07485e-05 -7.97584e-06
60 1.79993e-06 -2.07517e-05 -7.97653e-06
61 1.81354e-06 -2.07545e-05 -7.9772e-06
62 1.82714e-06 -2.07575e-05 -7.97785e-06
63 1.84074e-06 -2.07603e-05 -7.97854e-06
64 1.85433e-06 -2.07632e-05 -7.97924e-06
65 1.86794e-06 -2.07659e-05 -7.97993e-06
66 1.88153e-06 -2.07686e-05 -7.98062e-06
67 1.89513e-06 -2.07713e-05 -7.98132e-06
68 1.90873e-06 -2.07739e-05 -7.98202e-06
69 1.92233e-06 -2.07765e-05 -7.98272e-06
70 1.93593e-06 -2.07792e-05 -7.98342e-06
71 1.94954e-06 -2.07818e-05 -7.98413e-06
72 1.96313e-06 -2.07844e-05 -7.98483e-06
73 1.97674e-06 -2.0787e-05 -7.98554e-06
74 1.99036e-06 -2.07897e-05 -7.98625e-06
75 2.00395e-06 -2.07923e-05 -7.98695e-06
76 2.01754e-06 -2.07948e-05 -7.98765e-06
77 2.03114e-06 -2.07974e-05 -7.98836e-06
78 2.04474e-06 -2.08001e-05 -7.98907e-06
79 2.05834e-06 -2.08026e-05 -7.98977e-06
80 2.07193e-06 -2.08052e-05 -7.99047e-06
