26 1.05632e-09 2.83734e-09 -2.55079e-08
27 9.24577e-07 0.000119505 -7.5489e-05
28 2.14853e-06 9.01043e-05 -5.76983e-05
29 8.84777e-07 -2.2629e-05 -8.42252e-06
30 1.06735e-06 -2.11736e-05 -8.4956e-06
31 1.44794e-06 -2.18647e-05 -8.49447e-06
32 1.50141e-06 -2.1916e-05 -8.46213e-06
33 1.51955e-06 -2.19657e-05 -8.45983e-06
34 1.53051e-06 -2.1995e-05 -8.45749e-06
35 1.54419e-06 -2.20198e-05 -8.4563e-06
36 1.55724e-06 -2.20395e-05 -8.45523e-06
37 1.57007e-06 -2.20576e-05 -8.45439e-06
38 1.58339e-06 -2.2072e-05 -8.45389e-06
39 1.59689e-06 -2.20852e-05 -8.45362e-06
40 1.60956e-06 -2.2098e-05 -8.45355e-06
41 1.62276e-06 -2.2108e-05 -8.45339e-06
42 1.63614e-06 -2.21165e-05 -8.45354e-06
43 1.64984e-06 -2.21238e-05 -8.45362e-06
44 1.66317e-06 -2.21315e-05 -8.45396e-06
45 1.6768e-06 -2.21381e-05 -8.45431e-06
46 1.69034e-06 -2.21438e-05 -8.45469e-06
47 1.70395e-06 -2.21494e-05 -8.45519e-06
48 1.71752e-06 -2.21547e-05 -8.4557e-06
49 1.73106e-06 -2.21592e-05 -8.45627e-06
50 1.74462e-06 -2.21635e-05 -8.45685e-06
51 1.75821e-06 -2.21673e-05 -8.45745e-06
52 1.77178e-06 -2.21715e-05 -8.45809e-06
53 1.78534e-06 -2.21752e-05 -8.45876e-06
54 1.79895e-06 -2.21786e-05 -8.45944e-06
55 1.81237e-06 -2.21821e-05 -8.46017e-06
56 1.82589e-06 -2.21856e-05 -8.4609e-06
57 1.83945e-06 -2.21887e-05 -8.46161e-06
58 1.8531e-06 -2.21919e-05 -8.46235e-06
59 1.86675e-06 -2.21951e-05 -8.46302e-06
60 1.88031e-06 -2.21985e-05 -8.46378e-06
61 1.89392e-06 -2.22014e-05 -8.46453e-06
62 1.90751e-06 -2.22045e-05 -8.46525e-06
63 1.92111e-06 -2.22074e-05 -8.46602e-06
64 1.9347e-06 -2.22104e-05 -8.46678e-06
65 1.94831e-06 -2.22132e-05 -8.46755e-06
66 1.96189e-06 -2.22161e-05 -8.46831e-06
67 1.9755e-06 -2.22189e-05 -8.46908e-06
68 1.98909e-06 -2.22217e-05 -8.46986e-06
69 2.00269e-06 -2.22244e-05 -8.47063e-06
70 2.01628e-06 -2.22272e-05 -8.4714e-06
71 2.02989e-06 -2.223e-05 -8.47218e-06
72 2.04348e-06 -2.22327e-05 -8.47295e-06
73 2.05709e-06 -2.22355e-05 -8.47373e-06
74 2.0707e-06 -2.22382e-05 -8.47451e-06
75 2.08429e-06 -2.22409e-05 -8.47529e-06
76 2.09788e-06 -2.22436e-05 -8.47607e-06
77 2.11148e-06 -2.22464e-05 -8.47684e-06
78 2.12508e-06 -2.22491e-05 -8.47762e-06
79 2.13867e-06 -2.22518e-05 -8.4784e-06
80 2.15226e-06 -2.22546e-05 -8.47917e-06
