26 0.0185898 -0.0624577 -2.89049e-12
27 -6.26295e-06 -1.13569e-06 -1.4239e-08
28 0.00967798 -0.00166568 1.48458e-05
29 -1.08053e-08 2.27842e-08 -1.6541e-08
30 -2.10648e-08 9.92317e-08 1.22227e-08
31 2.79538e-08 -9.21536e-08 5.95264e-09
32 -3.05354e-08 8.192e-08 -1.01054e-08
33 6.9359e-08 -2.41545e-07 3.73439e-09
34 -1.80594e-08 6.06602e-08 -2.99042e-09
35 1.50662e-08 -6.90422e-08 -5.31736e-09
36 -5.7104e-08 2.44108e-07 1.1717e-08
37 -1.5717e-08 4.58559e-08 -1.07284e-08
38 6.0802e-08 -2.0709e-07 -4.83396e-10
39 -7.64194e-08 2.52623e-07 -6.99447e-09
40 8.06003e-08 -2.89454e-07 6.51198e-10
41 1.4561e-08 -4.2443e-08 7.31916e-09
42 1.20258e-08 -9.70946e-08 -2.84081e-09
43 -2.17988e-08 9.93941e-08 -1.61344e-09
44 4.08186e-08 -1.2057e-07 1.43432e-08
45 -5.64805e-08 2.07524e-07 2.14368e-09
46 -1.12218e-08 2.85556e-08 1.10731e-08
47 -1.24919e-08 5.50012e-08 2.17369e-10
48 5.30281e-09 1.99248e-09 -4.02451e-09
49 9.70567e-09 -5.29335e-08 -6.07542e-10
50 -3.54862e-08 1.33139e-07 2.41107e-09
51 8.94761e-09 -3.24499e-08 -1.77033e-08
52 7.87563e-08 -3.23185e-07 1.67706e-08
53 -5.4245e-08 2.09672e-07 -1.46856e-08
54 3.44698e-09 -1.44365e-08 1.9033e-08
55 3.06591e-08 -1.09102e-07 -1.16343e-08
56 -1.4375e-08 3.58724e-08 1.01018e-08
57 2.13822e-08 -6.25486e-08 -5.77529e-09
58 4.0407e-08 -1.69476e-07 8.74843e-09
59 -8.38891e-08 3.39312e-07 -1.06725e-08
60 -7.58109e-09 2.42993e-08 1.08653e-08
61 9.6752e-09 -2.32967e-08 3.065e-10
62 -3.57204e-08 1.34731e-07 -4.30646e-09
63 5.71026e-08 -2.03953e-07 -3.95312e-09
64 -4.87821e-08 1.85074e-07 1.0446e-08
65 5.1084e-08 -2.03191e-07 1.41881e-09
66 5.32509e-10 7.31154e-09 -4.52292e-09
67 -2.38556e-08 9.00727e-08 3.14776e-09
68 -3.86435e-08 1.70713e-07 -3.44971e-09
69 -8.09905e-10 2.48485e-09 -5.98266e-09
70 -2.21357e-08 1.15175e-07 5.57566e-09
71 1.15833e-08 -6.65939e-08 7.0545e-09
72 -4.86575e-08 2.16503e-07 9.82391e-09
73 3.04635e-09 -2.7024e-08 -1.2798e-08
74 2.00444e-08 -8.37319e-08 -7.67614e-09
75 -1.5325e-09 5.87124e-09 1.67602e-08
76 -2.61025e-08 1.24572e-07 1.29376e-09
77 -3.74671e-08 1.56276e-07 -3.67527e-09
78 2.29693e-08 -1.15058e-07 4.19686e-09
79 -4.51023e-08 1.91663e-07 -8.48377e-09
80 7.32011e-08 -2.91436e-07 7.56017e-09
