26 1.96674e-09 -4.80804e-08 3.54379e-10
27 6.28845e-06 -5.72102e-05 1.72586e-05
28 6.8434e-06 -4.58152e-05 1.33412e-05
29 5.8694e-06 -6.12645e-05 7.33024e-06
30 5.70341e-06 -6.00488e-05 7.33138e-06
31 6.40715e-06 -6.09497e-05 7.4457e-06
32 6.42079e-06 -6.08047e-05 7.39055e-06
33 6.434e-06 -6.08454e-05 7.38949e-06
34 6.4446e-06 -6.08646e-05 7.38757e-06
35 6.45653e-06 -6.08834e-05 7.38624e-06
36 6.46928e-06 -6.08993e-05 7.38567e-06
37 6.48111e-06 -6.09136e-05 7.38492e-06
38 6.49429e-06 -6.09269e-05 7.38489e-06
39 6.50728e-06 -6.09389e-05 7.38467e-06
40 6.51926e-06 -6.09515e-05 7.38461e-06
41 6.5327e-06 -6.09625e-05 7.38512e-06
42 6.54589e-06 -6.0972e-05 7.38538e-06
43 6.55993e-06 -6.0981e-05 7.38594e-06
44 6.57317e-06 -6.09906e-05 7.38637e-06
45 6.5869e-06 -6.09996e-05 7.38695e-06
46 6.60062e-06 -6.10076e-05 7.38752e-06
47 6.61447e-06 -6.10161e-05 7.38821e-06
48 6.62825e-06 -6.10244e-05 7.38888e-06
49 6.64196e-06 -6.1032e-05 7.38958e-06
50 6.65576e-06 -6.10395e-05 7.39032e-06
51 6.66972e-06 -6.10467e-05 7.39112e-06
52 6.68352e-06 -6.10542e-05 7.39185e-06
53 6.69734e-06 -6.10615e-05 7.39263e-06
54 6.71137e-06 -6.10686e-05 7.39347e-06
55 6.7251e-06 -6.1076e-05 7.39432e-06
56 6.73898e-06 -6.10834e-05 7.39516e-06
57 6.75295e-06 -6.10903e-05 7.39602e-06
58 6.76711e-06 -6.10975e-05 7.39692e-06
59 6.78132e-06 -6.11046e-05 7.39782e-06
60 6.79531e-06 -6.11119e-05 7.39866e-06
61 6.80938e-06 -6.11187e-05 7.39953e-06
62 6.82355e-06 -6.11258e-05 7.40043e-06
63 6.83764e-06 -6.11328e-05 7.4013e-06
64 6.85171e-06 -6.11397e-05 7.40216e-06
65 6.86582e-06 -6.11465e-05 7.40303e-06
66 6.87993e-06 -6.11534e-05 7.4039e-06
67 6.89406e-06 -6.11602e-05 7.40476e-06
68 6.90819e-06 -6.1167e-05 7.40563e-06
69 6.92233e-06 -6.11738e-05 7.40649e-06
70 6.93648e-06 -6.11805e-05 7.40735e-06
71 6.95065e-06 -6.11873e-05 7.40821e-06
72 6.96481e-06 -6.1194e-05 7.40907e-06
73 6.979e-06 -6.12008e-05 7.40992e-06
74 6.99321e-06 -6.12075e-05 7.41077e-06
75 7.0074e-06 -6.12142e-05 7.41162e-06
76 7.02159e-06 -6.12209e-05 7.41247e-06
77 7.0358e-06 -6.12276e-05 7.41332e-06
78 7.05003e-06 -6.12343e-05 7.41416e-06
79 7.06424e-06 -6.1241e-05 7.415e-06
80 7.07846e-06 -6.12477e-05 7.41584e-06
