26 2.06233e-09 -4.79221e-08 7.18674e-10
27 9.74825e-06 -5.20514e-05 1.85787e-05
28 9.52195e-06 -4.18219e-05 1.44004e-05
29 7.33334e-06 -5.90817e-05 7.83202e-06
30 7.16867e-06 -5.78642e-05 7.84389e-06
31 7.8943e-06 -5.87324e-05 7.95662e-06
32 7.89705e-06 -5.86036e-05 7.8989e-06
33 7.91005e-06 -5.86446e-05 7.8978e-06
34 7.92025e-06 -5.86644e-05 7.89567e-06
35 7.93192e-06 -5.86836e-05 7.89424e-06
36 7.94455e-06 -5.86996e-05 7.89355e-06
37 7.95623e-06 -5.87142e-05 7.89272e-06
38 7.96939e-06 -5.87275e-05 7.89262e-06
39 7.98233e-06 -5.87396e-05 7.89236e-06
40 7.9943e-06 -5.87522e-05 7.89226e-06
41 8.00783e-06 -5.87631e-05 7.89272e-06
42 8.02107e-06 -5.87725e-05 7.89296e-06
43 8.03521e-06 -5.87814e-05 7.89348e-06
44 8.04853e-06 -5.87908e-05 7.89391e-06
45 8.06238e-06 -5.87996e-05 7.89448e-06
46 8.07621e-06 -5.88075e-05 7.89505e-06
47 8.09019e-06 -5.88158e-05 7.89574e-06
48 8.1041e-06 -5.88239e-05 7.89641e-06
49 8.11794e-06 -5.88313e-05 7.89711e-06
50 8.13188e-06 -5.88386e-05 7.89786e-06
51 8.146e-06 -5.88456e-05 7.89866e-06
52 8.15995e-06 -5.88529e-05 7.8994e-06
53 8.17392e-06 -5.88599e-05 7.9002e-06
54 8.18811e-06 -5.88668e-05 7.90105e-06
55 8.20201e-06 -5.8874e-05 7.90191e-06
56 8.21605e-06 -5.88811e-05 7.90277e-06
57 8.23018e-06 -5.88877e-05 7.90365e-06
58 8.24451e-06 -5.88947e-05 7.90456e-06
59 8.2589e-06 -5.89015e-05 7.90547e-06
60 8.27306e-06 -5.89085e-05 7.90633e-06
61 8.2873e-06 -5.89152e-05 7.90722e-06
62 8.30164e-06 -5.8922e-05 7.90813e-06
63 8.3159e-06 -5.89287e-05 7.90901e-06
64 8.33014e-06 -5.89354e-05 7.90989e-06
65 8.34441e-06 -5.8942e-05 7.91078e-06
66 8.35869e-06 -5.89485e-05 7.91166e-06
67 8.37299e-06 -5.89551e-05 7.91255e-06
68 8.38729e-06 -5.89616e-05 7.91343e-06
69 8.4016e-06 -5.89682e-05 7.91431e-06
70 8.41591e-06 -5.89747e-05 7.91519e-06
71 8.43025e-06 -5.89812e-05 7.91606e-06
72 8.44459e-06 -5.89877e-05 7.91694e-06
73 8.45894e-06 -5.89942e-05 7.91781e-06
74 8.47332e-06 -5.90007e-05 7.91868e-06
75 8.48767e-06 -5.90071e-05 7.91955e-06
76 8.50202e-06 -5.90136e-05 7.92041e-06
77 8.5164e-06 -5.90201e-05 7.92128e-06
78 8.53079e-06 -5.90265e-05 7.92214e-06
79 8.54517e-06 -5.90329e-05 7.92299e-06
80 8.55955e-06 -5.90394e-05 7.92385e-06
