26 2.15691e-09 -4.75867e-08 -6.44335e-10
27 -2.43129e-06 -7.76934e-05 5.99412e-06
28 1.69813e-07 -6.14316e-05 4.37663e-06
29 2.10161e-06 -7.01571e-05 2.7328e-06
30 1.95081e-06 -6.88923e-05 2.67666e-06
31 2.58277e-06 -6.99729e-05 2.76415e-06
32 2.62641e-06 -6.97557e-05 2.73789e-06
33 2.64022e-06 -6.9795e-05 2.73729e-06
34 2.65168e-06 -6.98123e-05 2.73705e-06
35 2.66428e-06 -6.98296e-05 2.73663e-06
36 2.6772e-06 -6.98451e-05 2.73687e-06
37 2.68937e-06 -6.98587e-05 2.73681e-06
38 2.70244e-06 -6.98723e-05 2.73723e-06
39 2.71548e-06 -6.98843e-05 2.73737e-06
40 2.72745e-06 -6.98969e-05 2.73753e-06
41 2.74049e-06 -6.9909e-05 2.73826e-06
42 2.75348e-06 -6.99191e-05 2.7386e-06
43 2.76711e-06 -6.99291e-05 2.73926e-06
44 2.78006e-06 -6.99394e-05 2.73966e-06
45 2.79342e-06 -6.99494e-05 2.74019e-06
46 2.80676e-06 -6.99583e-05 2.7407e-06
47 2.82018e-06 -6.9968e-05 2.74125e-06
48 2.83354e-06 -6.99773e-05 2.74178e-06
49 2.84682e-06 -6.99859e-05 2.74231e-06
50 2.86017e-06 -6.99946e-05 2.74286e-06
51 2.87364e-06 -7.00031e-05 2.74347e-06
52 2.887e-06 -7.00117e-05 2.74398e-06
53 2.90035e-06 -7.00201e-05 2.74453e-06
54 2.91387e-06 -7.00285e-05 2.74513e-06
55 2.9271e-06 -7.00371e-05 2.74571e-06
56 2.94048e-06 -7.00457e-05 2.74629e-06
57 2.95392e-06 -7.0054e-05 2.74689e-06
58 2.96755e-06 -7.00625e-05 2.74751e-06
59 2.98121e-06 -7.00709e-05 2.74817e-06
60 2.99471e-06 -7.00795e-05 2.74874e-06
61 3.00825e-06 -7.00877e-05 2.74934e-06
62 3.02188e-06 -7.00961e-05 2.74998e-06
63 3.03545e-06 -7.01043e-05 2.75056e-06
64 3.04901e-06 -7.01125e-05 2.75114e-06
65 3.0626e-06 -7.01206e-05 2.75173e-06
66 3.0762e-06 -7.01287e-05 2.75232e-06
67 3.08982e-06 -7.01368e-05 2.7529e-06
68 3.10343e-06 -7.01449e-05 2.75348e-06
69 3.11706e-06 -7.01529e-05 2.75406e-06
70 3.1307e-06 -7.0161e-05 2.75463e-06
71 3.14436e-06 -7.0169e-05 2.75521e-06
72 3.15802e-06 -7.0177e-05 2.75578e-06
73 3.1717e-06 -7.0185e-05 2.75635e-06
74 3.18541e-06 -7.0193e-05 2.75692e-06
75 3.19909e-06 -7.02009e-05 2.75749e-06
76 3.21278e-06 -7.02089e-05 2.75805e-06
77 3.22649e-06 -7.02168e-05 2.75861e-06
78 3.24022e-06 -7.02248e-05 2.75918e-06
79 3.25393e-06 -7.02327e-05 2.75974e-06
80 3.26766e-06 -7.02406e-05 2.76029e-06
