26 0.481949 0.154519 2.97145e-10
27 -0.000385325 6.16507e-05 1.32084e-06
28 -0.0498777 -0.0288028 -1.30915e-05
29 3.69026e-06 7.32272e-06 -5.57329e-08
30 1.52795e-10 3.2641e-08 2.11912e-09
31 2.6921e-10 5.01182e-08 3.96494e-09
32 -8.73115e-11 1.64942e-08 -5.98584e-09
33 5.09317e-11 -7.2327e-08 8.32188e-10
34 8.73115e-11 4.30208e-08 1.63391e-09
35 3.12866e-10 5.79045e-08 1.68484e-09
36 -1.38243e-10 6.75289e-09 9.96351e-10
37 -9.45874e-11 2.09443e-08 1.48657e-09
38 -2.18279e-11 2.86782e-08 -1.39289e-09
39 -3.7835e-10 -5.77556e-08 2.81443e-09
40 -8.73115e-11 1.01265e-07 3.02862e-10
41 2.03727e-10 -3.31651e-08 1.56297e-09
42 -1.81899e-10 1.44101e-07 -4.94083e-09
43 -2.40107e-10 -9.22768e-08 4.82942e-09
44 9.45874e-11 -2.60958e-08 -1.03637e-09
45 8.73115e-11 -1.16785e-07 -1.41335e-09
46 -5.09317e-11 1.46765e-07 -5.92081e-10
47 6.54836e-11 -2.57745e-08 1.90539e-09
48 -1.09139e-10 6.70319e-08 -2.31375e-09
49 2.91038e-11 1.58193e-08 3.22734e-09
50 -8.73115e-11 -1.8109e-09 3.12184e-09
51 1.30967e-10 -1.07841e-07 -3.02862e-10
52 -2.25555e-10 3.9817e-08 -2.64799e-09
53 1.52795e-10 -4.11422e-08 -9.14042e-10
54 -2.91038e-11 5.24727e-08 6.00994e-09
55 -3.49246e-10 -5.82115e-08 -4.02724e-09
56 -2.83762e-10 6.10378e-10 -6.67569e-10
57 -1.96451e-10 5.21693e-08 1.91858e-09
58 -4.36557e-11 -7.07696e-08 6.82121e-12
59 5.82077e-11 5.4464e-08 -7.35781e-10
60 2.40107e-10 2.68724e-08 -3.98131e-09
61 -9.45874e-11 1.22654e-07 7.03403e-09
62 1.89175e-10 5.91514e-08 -2.88856e-09
63 -1.96451e-10 -6.56173e-08 -2.67391e-09
64 -4.36557e-10 3.31262e-08 5.14774e-10
65 4.36557e-10 -1.17516e-08 2.01544e-09
66 8.73115e-11 6.78985e-08 -1.65073e-09
67 -8.00355e-11 -1.38561e-07 2.03272e-10
68 -1.01863e-10 5.92851e-08 2.47383e-10
69 -4.51109e-10 -2.19844e-08 1.35879e-09
70 -4.22006e-10 -4.34545e-08 -3.2569e-09
71 3.56522e-10 6.35504e-08 3.6589e-09
72 3.12866e-10 -9.89938e-09 4.52201e-09
73 -4.00178e-10 -4.1863e-08 -3.0891e-09
74 -3.92902e-10 4.02725e-08 -2.11458e-09
75 1.30967e-10 -5.26278e-08 8.19637e-09
76 -3.63798e-10 1.15641e-07 -5.21459e-09
77 7.85803e-10 1.19399e-08 -2.34104e-09
78 1.52795e-10 -1.87939e-07 1.10504e-09
79 -3.20142e-10 -4.50927e-08 -1.27238e-09
80 5.60249e-10 2.9048e-08 3.56522e-10
