26 2.18867e-09 -4.74386e-08 -6.63579e-10
27 -2.63387e-06 -7.88615e-05 4.26409e-06
28 2.31359e-08 -6.2272e-05 3.00456e-06
29 2.00835e-06 -7.0697e-05 2.00784e-06
30 1.8597e-06 -6.94186e-05 1.94523e-06
31 2.48848e-06 -7.05184e-05 2.02609e-06
32 2.53304e-06 -7.02958e-05 2.00467e-06
33 2.54687e-06 -7.0335e-05 2.00415e-06
34 2.55834e-06 -7.03523e-05 2.00415e-06
35 2.57095e-06 -7.03694e-05 2.00389e-06
36 2.58386e-06 -7.0385e-05 2.00424e-06
37 2.59603e-06 -7.03986e-05 2.00428e-06
38 2.60909e-06 -7.04123e-05 2.00476e-06
39 2.62213e-06 -7.04244e-05 2.00495e-06
40 2.63409e-06 -7.0437e-05 2.00514e-06
41 2.6471e-06 -7.04493e-05 2.00589e-06
42 2.66008e-06 -7.04595e-05 2.00624e-06
43 2.67368e-06 -7.04697e-05 2.00689e-06
44 2.68662e-06 -7.048e-05 2.00729e-06
45 2.69995e-06 -7.04901e-05 2.0078e-06
46 2.71328e-06 -7.04992e-05 2.00829e-06
47 2.72668e-06 -7.05089e-05 2.00882e-06
48 2.74002e-06 -7.05184e-05 2.00932e-06
49 2.75328e-06 -7.05271e-05 2.00981e-06
50 2.76661e-06 -7.05359e-05 2.01032e-06
51 2.78006e-06 -7.05445e-05 2.01089e-06
52 2.7934e-06 -7.05532e-05 2.01136e-06
53 2.80673e-06 -7.05618e-05 2.01187e-06
54 2.82023e-06 -7.05703e-05 2.01243e-06
55 2.83344e-06 -7.05791e-05 2.01295e-06
56 2.84679e-06 -7.05878e-05 2.01348e-06
57 2.86022e-06 -7.05962e-05 2.01404e-06
58 2.87382e-06 -7.06048e-05 2.01461e-06
59 2.88746e-06 -7.06134e-05 2.01522e-06
60 2.90093e-06 -7.06221e-05 2.01574e-06
61 2.91446e-06 -7.06304e-05 2.01629e-06
62 2.92806e-06 -7.0639e-05 2.01687e-06
63 2.94161e-06 -7.06473e-05 2.01741e-06
64 2.95515e-06 -7.06556e-05 2.01794e-06
65 2.96872e-06 -7.06639e-05 2.01847e-06
66 2.98229e-06 -7.06721e-05 2.019e-06
67 2.99589e-06 -7.06803e-05 2.01953e-06
68 3.00949e-06 -7.06885e-05 2.02006e-06
69 3.0231e-06 -7.06967e-05 2.02059e-06
70 3.03671e-06 -7.07049e-05 2.02111e-06
71 3.05035e-06 -7.0713e-05 2.02163e-06
72 3.06399e-06 -7.07211e-05 2.02216e-06
73 3.07765e-06 -7.07292e-05 2.02267e-06
74 3.09134e-06 -7.07374e-05 2.02319e-06
75 3.105e-06 -7.07454e-05 2.02371e-06
76 3.11867e-06 -7.07535e-05 2.02422e-06
77 3.13236e-06 -7.07616e-05 2.02473e-06
78 3.14607e-06 -7.07696e-05 2.02524e-06
79 3.15976e-06 -7.07777e-05 2.02575e-06
80 3.17347e-06 -7.07857e-05 2.02625e-06
