26 3.33596 3.36468 7.54877e-09
27 -0.000335334 -2.23517e-05 -3.01097e-08
28 -0.154862 -0.0256353 -3.9015e-06
29 7.45178e-05 3.19904e-05 -1.79211e-08
30 -1.30967e-10 1.24571e-07 2.64208e-10
31 -2.32831e-10 -1.18141e-07 2.19688e-09
32 1.16415e-10 1.70008e-08 -2.9454e-09
33 -3.34694e-10 8.25219e-08 4.50746e-09
34 2.25555e-10 -1.1213e-07 4.61114e-10
35 -7.27596e-12 -1.18117e-07 5.47061e-10
36 -1.23691e-10 -6.3687e-08 -1.25601e-09
37 -1.60071e-10 -3.11774e-08 5.0386e-10
38 -2.40107e-10 3.01048e-08 -1.37106e-09
39 -3.63798e-10 3.86693e-08 -1.42882e-09
40 -1.30967e-10 1.21502e-08 4.38831e-10
41 -4.43833e-10 -4.18519e-08 -2.6871e-09
42 -1.01863e-10 1.25575e-07 -7.03949e-10
43 7.27596e-12 2.34624e-08 2.76714e-09
44 2.25555e-10 -1.53949e-09 1.95678e-09
45 1.96451e-10 -1.66468e-09 9.27685e-10
46 -2.18279e-10 3.36797e-08 -1.00044e-10
47 -5.09317e-11 3.97179e-08 -4.18368e-10
48 1.52795e-10 1.55265e-07 4.54293e-10
49 -2.54659e-10 -1.25432e-07 1.36424e-10
50 1.38243e-10 -7.08348e-08 9.91349e-10
51 -7.27596e-11 -7.05497e-08 -8.2764e-11
52 0 -7.97013e-08 -1.06684e-09
53 -1.45519e-10 9.39225e-08 2.76668e-09
54 1.01863e-10 1.49133e-08 -5.40695e-10
55 9.45874e-11 -5.35307e-08 -1.45201e-09
56 2.91038e-10 2.60931e-08 2.75895e-09
57 -5.09317e-11 1.64695e-08 1.36606e-09
58 5.09317e-11 7.09019e-09 -1.80762e-09
59 7.27596e-12 2.03429e-08 1.54068e-09
60 3.34694e-10 2.91337e-08 1.82217e-09
61 -1.52795e-10 5.64726e-08 1.00727e-09
62 1.01863e-10 4.38212e-08 2.70302e-09
63 2.11003e-10 1.13255e-07 -2.38515e-09
64 2.18279e-10 -2.68069e-08 1.92949e-09
65 -4.00178e-10 -5.54966e-08 2.08684e-09
66 -3.63798e-11 6.83657e-08 -9.24047e-10
67 -1.60071e-10 5.13142e-08 5.20231e-10
68 -1.45519e-10 5.52916e-08 1.26965e-09
69 2.32831e-10 -1.32311e-07 3.57431e-09
70 -1.16415e-10 4.40558e-08 3.63798e-11
71 -7.27596e-11 -2.817e-08 2.35923e-09
72 2.6921e-10 7.57461e-09 -4.20368e-09
73 1.67347e-10 1.64011e-07 -7.27596e-12
74 1.60071e-10 4.1931e-08 3.14685e-09
75 1.74623e-10 5.16016e-08 -2.4047e-09
76 1.16415e-10 -2.5139e-08 3.03089e-09
77 3.63798e-11 9.69603e-08 3.92311e-09
78 1.96451e-10 3.35769e-09 -6.35737e-10
79 5.82077e-11 -4.25872e-08 3.26781e-09
80 2.6921e-10 -2.7738e-08 -2.04682e-09
