26 1.06541e-09 1.44498e-08 2.09887e-08
27 -9.57407e-07 0.000173915 7.307e-05
28 1.6762e-07 0.000136746 5.63609e-05
29 -1.63308e-06 -1.74633e-05 6.44674e-06
30 -1.43934e-06 -1.56193e-05 6.43231e-06
31 -1.05605e-06 -1.65572e-05 6.48316e-06
32 -1.00268e-06 -1.6605e-05 6.4504e-06
33 -9.84033e-07 -1.66538e-05 6.44845e-06
34 -9.72613e-07 -1.66879e-05 6.44748e-06
35 -9.58596e-07 -1.67139e-05 6.44681e-06
36 -9.45257e-07 -1.67374e-05 6.44686e-06
37 -9.32135e-07 -1.67574e-05 6.44667e-06
38 -9.18588e-07 -1.67752e-05 6.44713e-06
39 -9.04858e-07 -1.679e-05 6.44738e-06
40 -8.92017e-07 -1.68039e-05 6.44773e-06
41 -8.78662e-07 -1.68179e-05 6.44865e-06
42 -8.65096e-07 -1.68279e-05 6.44927e-06
43 -8.51241e-07 -1.68383e-05 6.45019e-06
44 -8.37761e-07 -1.68473e-05 6.45095e-06
45 -8.23994e-07 -1.68559e-05 6.45185e-06
46 -8.103e-07 -1.68632e-05 6.45272e-06
47 -7.96571e-07 -1.68705e-05 6.4537e-06
48 -7.82885e-07 -1.68774e-05 6.45466e-06
49 -7.69213e-07 -1.68833e-05 6.45562e-06
50 -7.55538e-07 -1.68891e-05 6.45663e-06
51 -7.41822e-07 -1.68946e-05 6.45769e-06
52 -7.28145e-07 -1.68999e-05 6.45868e-06
53 -7.14475e-07 -1.69049e-05 6.45971e-06
54 -7.00755e-07 -1.69098e-05 6.4608e-06
55 -6.87246e-07 -1.69146e-05 6.46189e-06
56 -6.73625e-07 -1.69194e-05 6.46298e-06
57 -6.59962e-07 -1.69239e-05 6.46408e-06
58 -6.46226e-07 -1.69286e-05 6.46522e-06
59 -6.32488e-07 -1.69336e-05 6.46636e-06
60 -6.18833e-07 -1.69381e-05 6.46744e-06
61 -6.05132e-07 -1.69425e-05 6.46856e-06
62 -5.91448e-07 -1.69471e-05 6.46969e-06
63 -5.77758e-07 -1.69513e-05 6.4708e-06
64 -5.64083e-07 -1.69555e-05 6.4719e-06
65 -5.50385e-07 -1.69597e-05 6.473e-06
66 -5.36709e-07 -1.69638e-05 6.4741e-06
67 -5.23016e-07 -1.69678e-05 6.4752e-06
68 -5.09333e-07 -1.69718e-05 6.47629e-06
69 -4.95649e-07 -1.69758e-05 6.47739e-06
70 -4.8197e-07 -1.69798e-05 6.47848e-06
71 -4.68277e-07 -1.69838e-05 6.47957e-06
72 -4.54596e-07 -1.69877e-05 6.48066e-06
73 -4.40906e-07 -1.69917e-05 6.48174e-06
74 -4.27209e-07 -1.69956e-05 6.48283e-06
75 -4.13535e-07 -1.69995e-05 6.48391e-06
76 -3.99864e-07 -1.70034e-05 6.48499e-06
77 -3.86183e-07 -1.70074e-05 6.48606e-06
78 -3.72499e-07 -1.70113e-05 6.48713e-06
79 -3.58824e-07 -1.70151e-05 6.4882e-06
80 -3.45154e-07 -1.7019e-05 6.48927e-06
