26 2.9002e-10 -4.30031e-08 -2.57667e-09
27 -2.61638e-05 -3.55206e-05 -2.11689e-05
28 -1.90465e-05 -2.65015e-05 -1.70519e-05
29 -7.8272e-06 -5.2969e-05 -8.9396e-06
30 -8.10745e-06 -5.13077e-05 -9.01992e-06
31 -7.52938e-06 -5.24272e-05 -9.09094e-06
32 -7.42672e-06 -5.22955e-05 -9.03626e-06
33 -7.4117e-06 -5.23362e-05 -9.03489e-06
34 -7.39636e-06 -5.23617e-05 -9.03166e-06
35 -7.38161e-06 -5.2383e-05 -9.02976e-06
36 -7.36657e-06 -5.24036e-05 -9.02808e-06
37 -7.3527e-06 -5.24208e-05 -9.02665e-06
38 -7.33827e-06 -5.24382e-05 -9.02564e-06
39 -7.32425e-06 -5.24526e-05 -9.02486e-06
40 -7.31157e-06 -5.2467e-05 -9.0243e-06
41 -7.2976e-06 -5.24824e-05 -9.02371e-06
42 -7.28417e-06 -5.2494e-05 -9.02344e-06
43 -7.26996e-06 -5.25065e-05 -9.02312e-06
44 -7.25683e-06 -5.25178e-05 -9.02307e-06
45 -7.24328e-06 -5.25292e-05 -9.02303e-06
46 -7.2298e-06 -5.25393e-05 -9.02305e-06
47 -7.21639e-06 -5.25498e-05 -9.02319e-06
48 -7.20306e-06 -5.256e-05 -9.02335e-06
49 -7.18989e-06 -5.25693e-05 -9.02357e-06
50 -7.17668e-06 -5.25786e-05 -9.02381e-06
51 -7.16334e-06 -5.25878e-05 -9.02407e-06
52 -7.1502e-06 -5.25968e-05 -9.02438e-06
53 -7.1371e-06 -5.26056e-05 -9.02472e-06
54 -7.12383e-06 -5.26145e-05 -9.02508e-06
55 -7.11092e-06 -5.26234e-05 -9.02549e-06
56 -7.09788e-06 -5.26323e-05 -9.0259e-06
57 -7.08472e-06 -5.26409e-05 -9.02629e-06
58 -7.07142e-06 -5.26498e-05 -9.02671e-06
59 -7.05799e-06 -5.26588e-05 -9.02707e-06
60 -7.04486e-06 -5.26675e-05 -9.02751e-06
61 -7.03165e-06 -5.2676e-05 -9.02794e-06
62 -7.01833e-06 -5.26849e-05 -9.02836e-06
63 -7.00512e-06 -5.26933e-05 -9.02881e-06
64 -6.99194e-06 -5.27017e-05 -9.02926e-06
65 -6.97871e-06 -5.271e-05 -9.02971e-06
66 -6.96549e-06 -5.27183e-05 -9.03017e-06
67 -6.95225e-06 -5.27265e-05 -9.03063e-06
68 -6.93902e-06 -5.27347e-05 -9.03109e-06
69 -6.92578e-06 -5.27429e-05 -9.03156e-06
70 -6.91253e-06 -5.27511e-05 -9.03203e-06
71 -6.89925e-06 -5.27592e-05 -9.0325e-06
72 -6.88599e-06 -5.27674e-05 -9.03296e-06
73 -6.8727e-06 -5.27755e-05 -9.03344e-06
74 -6.85939e-06 -5.27836e-05 -9.03391e-06
75 -6.8461e-06 -5.27916e-05 -9.03438e-06
76 -6.83281e-06 -5.27997e-05 -9.03485e-06
77 -6.81949e-06 -5.28077e-05 -9.03532e-06
78 -6.80616e-06 -5.28158e-05 -9.0358e-06
79 -6.79284e-06 -5.28238e-05 -9.03627e-06
80 -6.77951e-06 -5.28317e-05 -9.03674e-06
