26 -1.53317 6.04628 2.62959e-10
27 -0.000792794 0.000103216 -7.63352e-07
28 -0.20761 0.0532101 1.31234e-06
29 7.25626e-05 -5.38069e-05 2.80265e-07
30 4.36557e-11 3.51134e-09 1.05592e-09
31 -5.82077e-11 -1.19184e-08 -2.00998e-10
32 -5.09317e-11 1.33604e-08 2.20098e-10
33 5.82077e-11 -3.11272e-08 4.1473e-10
34 -1.23691e-10 -1.47246e-08 -1.25965e-10
35 5.82077e-11 2.27374e-08 -2.5193e-10
36 5.09317e-11 1.00505e-08 -1.16279e-09
37 4.36557e-11 -2.64214e-08 9.57698e-10
38 -1.30967e-10 1.19242e-08 -1.04228e-09
39 -8.00355e-11 -3.15762e-08 -3.7744e-10
40 5.82077e-11 2.64243e-08 -1.30831e-09
41 -1.01863e-10 -7.18386e-09 2.3856e-09
42 -7.27596e-11 2.63063e-09 -3.63798e-12
43 -2.6921e-10 -1.61176e-08 -1.92767e-09
44 5.82077e-11 3.98623e-09 1.00727e-09
45 4.36557e-11 -3.1107e-08 -8.18545e-10
46 1.89175e-10 -1.05139e-08 -4.96584e-10
47 -1.16415e-10 1.70617e-08 1.27784e-09
48 2.18279e-10 -6.76077e-09 9.27685e-11
49 1.01863e-10 -1.37978e-08 4.44743e-10
50 6.54836e-11 2.50543e-08 -1.18553e-09
51 -8.73115e-11 -7.71344e-09 2.39652e-10
52 -8.73115e-11 -3.50271e-09 8.59927e-10
53 1.89175e-10 2.24496e-10 -3.63798e-12
54 -8.73115e-11 -3.48256e-09 -1.06002e-09
55 5.82077e-11 -7.71056e-09 6.90306e-10
56 5.82077e-11 3.05659e-09 -5.18412e-11
57 2.11003e-10 -1.0062e-08 -3.72893e-10
58 1.74623e-10 -2.38888e-10 9.64064e-11
59 -7.27596e-11 5.33321e-09 -5.97993e-10
60 -8.73115e-11 1.7597e-08 1.44973e-09
61 -9.45874e-11 -2.45995e-08 -1.50976e-10
62 -1.01863e-10 3.98623e-09 -1.2119e-09
63 -1.09139e-10 -6.35495e-09 9.32232e-10
64 5.82077e-11 1.28768e-08 -2.99224e-10
65 5.82077e-11 -3.25403e-08 1.25237e-09
66 -1.16415e-10 -3.06811e-09 -2.93767e-10
67 5.82077e-11 3.49695e-09 -7.18501e-10
68 4.36557e-11 3.16165e-08 -2.99679e-10
69 6.54836e-11 -1.00678e-08 -1.01863e-09
70 5.82077e-11 1.28682e-08 2.90493e-09
71 -9.45874e-11 -1.19357e-08 -1.67893e-09
72 -1.09139e-10 1.57262e-08 1.19599e-10
73 8.00355e-11 1.98909e-08 -5.9481e-10
74 5.82077e-11 -3.76519e-08 1.30285e-09
75 7.27596e-12 2.78576e-08 -7.72616e-10
76 -1.81899e-10 -3.62675e-08 7.34417e-10
77 1.45519e-10 6.79243e-09 -7.69887e-10
78 8.00355e-11 1.29085e-08 1.77351e-09
79 -1.81899e-10 1.18867e-09 -4.22006e-10
80 5.09317e-11 1.64918e-09 -1.36242e-09
