26 -3.60681 3.41699 1.20906e-09
27 -6.15532e-06 -5.29836e-06 3.38696e-09
28 0.00560515 -0.0191803 4.21258e-05
29 -3.84216e-08 -1.66956e-08 4.4929e-10
30 -3.83898e-09 -1.60453e-08 2.27055e-09
31 6.00348e-08 3.52445e-08 -4.11865e-09
32 -2.12299e-08 -1.00226e-09 4.52928e-10
33 1.40976e-08 1.89575e-08 1.00044e-09
34 -1.77301e-08 -1.05022e-08 9.95897e-11
35 -3.77986e-08 -2.18974e-08 -2.06637e-09
36 -4.69549e-08 -1.41376e-08 2.11139e-09
37 -1.40972e-09 -1.02079e-08 4.92037e-10
38 3.87304e-08 1.48846e-08 2.23872e-09
39 5.44228e-08 3.6971e-08 1.20508e-09
40 -7.2173e-09 1.93013e-08 1.42791e-10
41 3.80628e-08 2.15798e-08 -3.94721e-10
42 -4.49636e-08 -3.88898e-08 3.61615e-09
43 3.61583e-08 1.61983e-08 6.19821e-10
44 -8.14462e-08 -4.91439e-08 -1.05956e-09
45 6.44486e-08 4.77601e-08 5.06589e-10
46 7.93307e-09 -9.2341e-09 9.56788e-10
47 1.03428e-08 2.07631e-08 -3.68664e-09
48 -2.06783e-08 -6.69206e-09 2.77396e-11
49 -8.18727e-09 -2.33806e-08 5.99357e-10
50 -6.28738e-08 -3.03221e-08 8.32188e-10
51 4.39782e-08 1.9817e-08 -1.94541e-09
52 -9.02037e-09 -1.23023e-08 1.17325e-10
53 -1.45769e-08 -1.81649e-09 5.77529e-10
54 -1.0637e-08 6.11612e-09 6.33008e-10
55 5.67597e-08 1.49885e-08 2.24327e-09
56 -3.23334e-08 -6.96218e-09 1.73486e-09
57 2.95067e-08 1.87017e-08 3.7744e-11
58 -6.11444e-08 -3.69077e-08 -1.26647e-09
59 -2.89633e-08 -2.31034e-08 -9.84528e-10
60 -5.75028e-08 -3.22261e-08 1.8772e-09
61 1.50171e-08 -1.86124e-08 -1.78625e-09
62 4.11806e-08 3.91267e-08 -5.34374e-09
63 1.71258e-08 7.91897e-09 2.0832e-09
64 2.31544e-08 1.16147e-08 1.7917e-10
65 -5.97529e-08 -2.62496e-08 6.38011e-10
66 -3.5503e-08 -3.12539e-08 1.05138e-09
67 -4.14993e-08 -2.66236e-08 1.61117e-09
68 4.68117e-09 -6.93808e-09 3.62434e-10
69 -4.46644e-08 -1.21433e-08 2.50202e-09
70 3.57886e-09 -5.04565e-09 -2.81716e-09
71 4.63283e-08 1.86894e-08 4.88399e-10
72 1.29653e-08 1.82715e-08 2.15095e-09
73 5.90398e-09 7.18046e-09 1.15142e-09
74 -3.23471e-08 -1.78104e-08 1.99998e-09
75 1.44773e-08 1.33975e-08 -3.1514e-09
76 1.4008e-08 1.59116e-08 5.28416e-10
77 -7.05263e-08 -6.37779e-08 -3.97449e-10
78 -2.39152e-08 -2.56853e-08 -3.58477e-09
79 -2.85704e-08 -7.46763e-09 -1.79625e-10
80 -1.95228e-08 -1.99507e-08 5.69344e-09
