26 0.323517 0.0919413 1.74896e-11
27 1.63195e-05 -3.6809e-05 -6.57983e-08
28 -0.00145655 -0.0489152 -0.00011368
29 -8.46026e-08 3.28229e-08 5.66615e-10
30 2.89206e-08 -1.38414e-08 1.09048e-09
31 2.98551e-08 -2.20712e-09 -2.92403e-09
32 -1.34551e-08 -3.92788e-10 8.53106e-10
33 -3.09387e-08 2.05266e-08 7.83075e-10
34 4.2352e-08 -2.49589e-08 1.60981e-10
35 1.18325e-09 -7.15693e-09 -2.72848e-11
36 7.67704e-09 -5.46572e-09 1.32331e-09
37 2.50693e-08 -2.97564e-09 -1.74896e-09
38 3.48377e-08 -2.15122e-08 1.2551e-10
39 -1.18771e-08 5.02382e-09 -2.01362e-09
40 -4.82182e-08 2.12044e-08 -7.0122e-10
41 2.00162e-08 -1.67838e-08 2.54204e-09
42 8.01128e-08 -2.9231e-08 -7.29415e-10
43 -2.06501e-09 7.73662e-09 2.13549e-09
44 1.32286e-08 -1.4358e-08 -2.25009e-09
45 -2.35559e-08 1.83878e-08 1.08867e-09
46 4.52314e-08 -2.09006e-08 2.74304e-09
47 1.51008e-08 2.71132e-09 -5.91172e-11
48 6.09739e-08 -3.06718e-08 2.59024e-09
49 -3.95744e-08 1.71417e-08 -1.51249e-09
50 1.20799e-08 4.56851e-09 8.54016e-10
51 4.70136e-08 -2.81068e-08 1.08867e-09
52 1.30967e-08 -1.27246e-08 -1.9636e-09
53 -2.23131e-08 2.33315e-08 -1.09139e-10
54 -1.13719e-08 1.4086e-08 3.87354e-09
55 -1.37879e-08 -1.04058e-09 -2.94222e-09
56 7.01302e-08 -2.0429e-08 -8.88576e-10
57 -5.40149e-08 2.56542e-08 3.14594e-09
58 -4.34979e-08 1.56635e-08 -7.31234e-10
59 3.6348e-09 -4.6648e-09 -2.27374e-10
60 -3.52643e-08 1.86164e-08 1.6953e-09
61 -2.54627e-08 1.03618e-08 -2.01453e-09
62 2.82093e-08 -2.77014e-08 2.08729e-09
63 3.76649e-08 -4.80316e-09 -2.82671e-09
64 -8.61696e-08 4.66208e-08 2.16551e-09
65 2.71939e-08 -1.23024e-08 -2.41835e-09
66 -8.42015e-08 3.69611e-08 1.28966e-09
67 9.46648e-09 -2.52184e-08 4.45652e-10
68 4.7371e-09 3.62661e-10 1.32513e-09
69 1.59375e-08 1.22805e-09 -2.44654e-10
70 -1.54591e-08 2.20552e-11 1.2551e-10
71 2.22672e-08 -1.88277e-09 -8.54925e-10
72 -2.82307e-09 4.36933e-09 1.39335e-09
73 -8.40828e-10 -3.8815e-09 -6.14818e-10
74 4.5281e-08 -2.44834e-08 4.12638e-09
75 -1.34742e-09 5.9938e-09 -1.03591e-09
76 -3.88391e-08 -3.05045e-09 1.98361e-09
77 4.87466e-08 -4.85829e-09 -4.79304e-10
78 -4.34843e-08 1.5607e-08 -2.08456e-09
79 -3.03371e-08 5.33396e-09 1.28239e-10
80 3.96776e-08 -1.94592e-08 -5.12955e-10
