26 -0.145759 0.0873826 -7.77445e-12
27 -1.27413e-05 4.17275e-06 -1.51304e-08
28 -0.0160881 -0.0669463 0.000202284
29 -7.59478e-08 -8.51952e-09 3.77895e-09
30 8.86757e-10 9.77252e-10 -6.27551e-10
31 -4.32515e-08 -5.87613e-09 2.47201e-09
32 3.82802e-08 1.20879e-08 -3.79987e-09
33 2.29797e-08 -5.16945e-09 9.43146e-10
34 1.95878e-08 1.86425e-08 -4.82032e-10
35 -4.32738e-08 -7.92448e-09 1.7244e-09
36 -4.78485e-09 -8.18824e-09 -4.33829e-10
37 -1.40108e-08 1.17979e-09 -2.81943e-11
38 -7.92261e-09 6.06821e-09 -1.88629e-09
39 -6.62385e-09 -2.04972e-09 -1.65437e-09
40 2.47005e-08 -7.87077e-09 1.437e-10
41 2.05841e-08 1.79675e-08 3.81988e-11
42 -1.50935e-08 -1.16233e-08 -2.94131e-09
43 1.03364e-09 1.17024e-09 1.9445e-09
44 -9.98307e-09 -1.91258e-08 5.45697e-10
45 1.54582e-08 -8.63224e-10 -1.14414e-09
46 -7.16905e-08 -1.17146e-08 1.66892e-09
47 -1.36506e-08 4.27207e-09 -2.38924e-09
48 -2.57915e-08 -6.6608e-09 6.53017e-10
49 4.83137e-08 1.78798e-08 1.54341e-09
50 -3.79196e-08 -2.59965e-08 -4.47471e-10
51 1.33668e-08 1.01811e-08 1.74805e-09
52 -3.63984e-08 -1.7969e-08 -1.28239e-09
53 -2.01967e-08 6.65011e-09 3.2469e-09
54 3.25431e-08 -5.25597e-09 -4.87762e-09
55 -7.11871e-08 2.89759e-09 1.0823e-10
56 5.3386e-08 -7.32012e-09 2.75577e-10
57 -2.70556e-08 -9.09841e-09 -5.86624e-10
58 -1.83309e-09 -5.92155e-09 1.64164e-09
59 -4.33674e-08 -8.27509e-09 2.52385e-09
60 4.59058e-08 6.6234e-10 -1.74805e-09
61 -3.05072e-08 -3.40168e-09 4.09091e-09
62 -2.63749e-08 -7.4993e-09 -1.32422e-09
63 7.33739e-08 1.85834e-08 -1.1496e-09
64 -4.02238e-08 -1.37106e-10 9.93168e-10
65 1.34719e-08 1.25576e-08 -4.39104e-09
66 4.19773e-08 1.02347e-09 4.62296e-09
67 -2.98173e-08 -1.70689e-09 -1.70166e-09
68 -5.33423e-08 -1.92893e-08 -1.236e-09
69 4.34648e-09 -2.60252e-09 1.72804e-09
70 -7.60147e-08 -1.58104e-08 6.27551e-10
71 3.47495e-08 -1.00459e-08 -1.88538e-09
72 -6.07088e-08 -1.68199e-08 -1.65437e-09
73 3.46727e-08 1.38683e-08 -2.67391e-10
74 1.99834e-08 9.57402e-09 3.43243e-09
75 -2.60452e-08 -4.77604e-09 -1.628e-09
76 5.83959e-08 1.7976e-08 -6.04814e-10
77 -5.66847e-08 -2.34084e-08 -1.17143e-09
78 2.60416e-08 1.53989e-09 7.31234e-10
79 2.65595e-08 2.21926e-08 -6.00267e-10
80 -1.80371e-08 -3.43732e-10 2.1555e-10
