26 1.05564e-09 8.7472e-09 2.20413e-08
27 -1.0474e-06 0.000154193 7.61493e-05
28 7.16994e-08 0.000121527 5.87831e-05
29 -1.75456e-06 -1.92582e-05 7.15128e-06
30 -1.56028e-06 -1.74119e-05 7.14795e-06
31 -1.17686e-06 -1.83627e-05 7.1954e-06
32 -1.1235e-06 -1.84015e-05 7.15963e-06
33 -1.10482e-06 -1.84498e-05 7.15757e-06
34 -1.09338e-06 -1.84836e-05 7.15639e-06
35 -1.07935e-06 -1.85095e-05 7.15564e-06
36 -1.066e-06 -1.8533e-05 7.15559e-06
37 -1.05286e-06 -1.85529e-05 7.15535e-06
38 -1.0393e-06 -1.85708e-05 7.15577e-06
39 -1.02556e-06 -1.85856e-05 7.15601e-06
40 -1.01271e-06 -1.85997e-05 7.15637e-06
41 -9.99351e-07 -1.86139e-05 7.15728e-06
42 -9.85776e-07 -1.86241e-05 7.15792e-06
43 -9.71913e-07 -1.86347e-05 7.15884e-06
44 -9.58426e-07 -1.86439e-05 7.15965e-06
45 -9.44652e-07 -1.86527e-05 7.16058e-06
46 -9.30951e-07 -1.86603e-05 7.1615e-06
47 -9.17216e-07 -1.86679e-05 7.16253e-06
48 -9.03524e-07 -1.8675e-05 7.16353e-06
49 -8.89846e-07 -1.86812e-05 7.16456e-06
50 -8.76165e-07 -1.86872e-05 7.16562e-06
51 -8.62444e-07 -1.8693e-05 7.16674e-06
52 -8.48761e-07 -1.86986e-05 7.16779e-06
53 -8.35085e-07 -1.87039e-05 7.16889e-06
54 -8.21361e-07 -1.87091e-05 7.17005e-06
55 -8.07847e-07 -1.87142e-05 7.17121e-06
56 -7.94221e-07 -1.87193e-05 7.17236e-06
57 -7.80554e-07 -1.87241e-05 7.17354e-06
58 -7.66813e-07 -1.87291e-05 7.17474e-06
59 -7.53071e-07 -1.87344e-05 7.17595e-06
60 -7.39411e-07 -1.87392e-05 7.1771e-06
61 -7.25706e-07 -1.87439e-05 7.17828e-06
62 -7.12017e-07 -1.87488e-05 7.17949e-06
63 -6.98323e-07 -1.87533e-05 7.18066e-06
64 -6.84644e-07 -1.87578e-05 7.18183e-06
65 -6.70941e-07 -1.87623e-05 7.183e-06
66 -6.57262e-07 -1.87667e-05 7.18417e-06
67 -6.43564e-07 -1.8771e-05 7.18534e-06
68 -6.29876e-07 -1.87753e-05 7.18651e-06
69 -6.16188e-07 -1.87796e-05 7.18768e-06
70 -6.02505e-07 -1.87839e-05 7.18884e-06
71 -5.88808e-07 -1.87882e-05 7.19e-06
72 -5.75123e-07 -1.87924e-05 7.19116e-06
73 -5.61429e-07 -1.87967e-05 7.19231e-06
74 -5.47728e-07 -1.88009e-05 7.19346e-06
75 -5.3405e-07 -1.88051e-05 7.19462e-06
76 -5.20375e-07 -1.88093e-05 7.19576e-06
77 -5.0669e-07 -1.88135e-05 7.19691e-06
78 -4.93002e-07 -1.88177e-05 7.19805e-06
79 -4.79323e-07 -1.88219e-05 7.19919e-06
80 -4.65649e-07 -1.88261e-05 7.20032e-06
