26 -0.0102337 -0.025923 5.09873e-12
27 2.53731e-06 4.32548e-07 -9.22773e-09
28 0.000402672 -0.00492392 6.1848e-07
29 3.81988e-11 -3.79303e-07 -3.99723e-10
30 -9.57243e-10 -5.77598e-08 -3.34194e-09
31 -3.97904e-10 -1.62154e-07 1.13141e-09
32 9.70886e-10 -1.15058e-10 9.39508e-10
33 -7.94444e-10 8.15406e-08 -5.64341e-10
34 9.10859e-10 -4.28487e-08 2.04591e-09
35 3.21506e-10 -6.38984e-08 3.80169e-10
36 -1.70712e-09 2.1508e-08 -5.47561e-09
37 1.18462e-09 -3.98908e-09 1.90994e-10
38 9.78162e-10 -8.71284e-08 1.2788e-08
39 2.42244e-09 -2.11866e-07 1.09849e-08
40 -4.80668e-10 -9.91366e-08 -2.07547e-09
41 1.89084e-09 2.34648e-07 1.0049e-08
42 -1.32422e-09 5.23084e-08 -2.03272e-09
43 -1.26465e-09 -8.19554e-08 -1.40944e-08
44 1.65892e-09 2.38909e-07 6.88124e-09
45 -2.94858e-09 -3.1949e-07 -7.97309e-09
46 1.15369e-09 4.54458e-07 2.54295e-09
47 -2.11912e-10 -3.46538e-07 -4.75757e-09
48 7.40783e-10 3.99912e-07 1.16133e-08
49 3.65617e-10 -7.33797e-08 -7.77618e-10
50 -5.55701e-10 2.40924e-07 -7.45604e-09
51 6.87123e-10 -1.74458e-07 2.01908e-10
52 1.41881e-09 -2.77801e-08 9.46375e-09
53 -2.47792e-09 1.81301e-07 -1.63236e-08
54 2.51066e-09 -4.52505e-08 1.10886e-08
55 -9.13133e-10 8.2401e-08 -4.01405e-09
56 4.35648e-10 9.65145e-08 4.26462e-09
57 1.26238e-09 -3.13263e-07 3.67754e-09
58 -2.57069e-09 -7.99084e-08 -1.33555e-08
59 9.13587e-10 6.53188e-08 -2.0018e-09
60 1.015e-09 1.33682e-08 1.29057e-08
61 2.13731e-11 -1.30204e-07 -7.26232e-10
62 -1.32741e-09 1.70287e-08 -7.62248e-09
63 9.7134e-10 -2.59541e-07 6.81166e-09
64 6.18002e-10 3.06106e-07 8.19e-10
65 -7.23958e-10 -8.66276e-08 -1.20508e-10
66 -1.25647e-09 -1.46024e-07 -1.14405e-08
67 -1.36015e-09 3.8721e-07 -1.10708e-08
68 -5.5843e-10 -2.50031e-07 -4.24006e-09
69 1.94632e-10 -1.50317e-07 7.68387e-09
70 1.62891e-09 -1.2599e-07 4.29236e-09
71 -1.87356e-09 9.44415e-08 -1.01122e-08
72 4.77939e-10 -1.05616e-07 2.90083e-09
73 -1.53659e-09 4.07607e-08 -8.19409e-09
74 4.45652e-10 9.36145e-08 7.33735e-09
75 1.7244e-09 -2.04509e-07 1.8058e-09
76 -1.73577e-09 1.8377e-07 -8.3437e-09
77 8.20819e-10 1.07006e-07 7.41375e-09
78 3.94266e-10 9.0573e-08 -2.65936e-09
79 -7.7307e-10 1.29312e-07 -5.63068e-09
80 -1.4179e-09 -9.8073e-08 -7.50697e-09
