26 1.03459e-09 2.3163e-08 -1.80898e-08
27 6.17922e-07 0.000183658 -6.81207e-05
28 1.82988e-06 0.000139321 -5.25616e-05
29 4.78922e-07 -1.62743e-05 -5.98958e-06
30 6.63297e-07 -1.47482e-05 -6.07533e-06
31 1.04432e-06 -1.54511e-05 -6.05068e-06
32 1.09778e-06 -1.55261e-05 -6.02917e-06
33 1.11599e-06 -1.55774e-05 -6.02783e-06
34 1.12703e-06 -1.56086e-05 -6.02587e-06
35 1.14076e-06 -1.56343e-05 -6.02501e-06
36 1.15386e-06 -1.56549e-05 -6.02399e-06
37 1.16674e-06 -1.56737e-05 -6.02329e-06
38 1.1801e-06 -1.56886e-05 -6.0227e-06
39 1.19363e-06 -1.5702e-05 -6.0224e-06
40 1.20633e-06 -1.57149e-05 -6.02229e-06
41 1.21956e-06 -1.57252e-05 -6.02187e-06
42 1.23297e-06 -1.57337e-05 -6.02186e-06
43 1.24669e-06 -1.57411e-05 -6.02166e-06
44 1.26004e-06 -1.57485e-05 -6.02179e-06
45 1.2737e-06 -1.5755e-05 -6.02188e-06
46 1.28726e-06 -1.57604e-05 -6.022e-06
47 1.30089e-06 -1.57657e-05 -6.02221e-06
48 1.31448e-06 -1.57707e-05 -6.02244e-06
49 1.32804e-06 -1.57748e-05 -6.02271e-06
50 1.34161e-06 -1.57787e-05 -6.02299e-06
51 1.35523e-06 -1.57821e-05 -6.02325e-06
52 1.36881e-06 -1.57859e-05 -6.0236e-06
53 1.38239e-06 -1.57891e-05 -6.02395e-06
54 1.39602e-06 -1.57921e-05 -6.02429e-06
55 1.40945e-06 -1.57952e-05 -6.02468e-06
56 1.42299e-06 -1.57981e-05 -6.02508e-06
57 1.43657e-06 -1.58008e-05 -6.02544e-06
58 1.45023e-06 -1.58035e-05 -6.02582e-06
59 1.46389e-06 -1.58062e-05 -6.02612e-06
60 1.47747e-06 -1.58091e-05 -6.02654e-06
61 1.49109e-06 -1.58115e-05 -6.02693e-06
62 1.50471e-06 -1.58141e-05 -6.02729e-06
63 1.51832e-06 -1.58166e-05 -6.0277e-06
64 1.53192e-06 -1.5819e-05 -6.02812e-06
65 1.54554e-06 -1.58213e-05 -6.02853e-06
66 1.55914e-06 -1.58236e-05 -6.02894e-06
67 1.57276e-06 -1.58259e-05 -6.02936e-06
68 1.58637e-06 -1.58282e-05 -6.02978e-06
69 1.59998e-06 -1.58304e-05 -6.0302e-06
70 1.61359e-06 -1.58327e-05 -6.03062e-06
71 1.62721e-06 -1.58349e-05 -6.03104e-06
72 1.64082e-06 -1.58371e-05 -6.03146e-06
73 1.65444e-06 -1.58393e-05 -6.03189e-06
74 1.66806e-06 -1.58416e-05 -6.03232e-06
75 1.68167e-06 -1.58437e-05 -6.03274e-06
76 1.69527e-06 -1.58459e-05 -6.03316e-06
77 1.70888e-06 -1.58481e-05 -6.03359e-06
78 1.72249e-06 -1.58504e-05 -6.03401e-06
79 1.7361e-06 -1.58525e-05 -6.03444e-06
80 1.7497e-06 -1.58547e-05 -6.03486e-06
