26 -0.0516593 -0.0940299 -1.72529e-12
27 6.55219e-06 -8.57509e-06 2.02035e-08
28 -0.0092687 0.00479989 -1.71647e-05
29 2.56632e-08 1.92676e-08 6.57883e-09
30 5.1919e-08 7.44151e-08 4.12228e-10
31 -7.49651e-09 -6.45173e-09 3.28373e-09
32 -4.05394e-08 -5.59614e-08 -1.98133e-09
33 2.75659e-08 5.06279e-08 4.56726e-09
34 -9.96397e-09 5.45697e-12 -4.49177e-09
35 3.51556e-08 3.51961e-08 9.00536e-09
36 8.92896e-09 1.24789e-08 -2.31694e-09
37 2.66723e-08 5.74123e-08 -4.94083e-10
38 -3.71597e-08 -6.18872e-08 1.13778e-09
39 -2.28124e-08 -6.10423e-08 -2.37924e-09
40 -3.05308e-08 -4.20364e-08 8.9733e-09
41 2.02222e-08 2.35252e-08 -8.23502e-09
42 6.45859e-08 1.06009e-07 6.97014e-09
43 -5.68521e-08 -8.29807e-08 4.76348e-10
44 -3.62616e-08 -9.46923e-08 5.64637e-09
45 -5.36975e-08 -6.82339e-08 -6.05519e-09
46 7.72438e-08 1.19045e-07 5.43673e-09
47 -5.23346e-08 -8.19828e-08 -2.22371e-10
48 -1.42854e-08 -1.2594e-08 -3.22734e-09
49 -1.04001e-08 -3.99361e-08 1.44314e-09
50 -1.95491e-08 -2.90602e-08 7.36054e-09
51 -9.35188e-09 3.02839e-09 8.1036e-10
52 -6.02913e-08 -9.80826e-08 -4.17413e-09
53 4.3231e-08 4.35684e-08 -2.91061e-09
54 -3.8674e-08 -7.32337e-08 1.21577e-09
55 1.98447e-08 3.82288e-08 1.24783e-09
56 -8.63974e-09 -7.14226e-09 -5.22869e-09
57 -5.88352e-09 -3.64414e-08 -1.3265e-09
58 -6.22663e-08 -1.09583e-07 7.89919e-09
59 -6.45928e-08 -9.00827e-08 -5.40354e-09
60 -3.19005e-08 -6.28083e-08 5.73709e-09
61 -1.23318e-08 -2.24809e-08 -7.37168e-09
62 -2.62221e-08 -7.37371e-08 8.0604e-09
63 1.5129e-08 2.61339e-08 -1.06959e-08
64 -1.50535e-08 -3.55171e-08 -1.57183e-09
65 -6.28324e-09 2.45791e-09 2.3947e-09
66 -1.18962e-09 5.77666e-09 -8.83415e-09
67 -2.95172e-08 -3.46276e-08 2.33945e-09
68 7.06395e-08 1.12132e-07 -3.88627e-09
69 -1.35697e-08 -9.80367e-09 2.94131e-09
70 2.05478e-08 -1.69939e-09 -9.59722e-09
71 -1.11816e-07 -1.70098e-07 8.41032e-09
72 3.61424e-08 5.94421e-08 -1.32331e-10
73 5.5114e-08 1.12571e-07 7.35145e-09
74 3.2614e-08 4.26317e-08 -9.75706e-09
75 6.46728e-08 1.22126e-07 3.88536e-09
76 -8.19473e-08 -1.35544e-07 2.83717e-09
77 -2.45304e-08 -5.42516e-08 -7.53062e-10
78 -7.06677e-10 -2.74713e-09 -5.73687e-09
79 2.26851e-08 3.3933e-08 -5.82259e-09
80 9.84387e-08 1.66913e-07 4.89104e-09
