26 7.54298e-09 -4.402e-08 3.52405e-09
27 5.01777e-05 -1.95186e-05 1.44555e-05
28 4.10478e-05 -1.64754e-05 1.13072e-05
29 2.35844e-05 -4.58673e-05 5.30554e-06
30 2.35256e-05 -4.45764e-05 5.37735e-06
31 2.4397e-05 -4.53114e-05 5.37639e-06
32 2.42918e-05 -4.52723e-05 5.34796e-06
33 2.43026e-05 -4.53152e-05 5.34723e-06
34 2.43079e-05 -4.53389e-05 5.34548e-06
35 2.43166e-05 -4.53605e-05 5.34457e-06
36 2.43274e-05 -4.53779e-05 5.34384e-06
37 2.43372e-05 -4.5394e-05 5.34321e-06
38 2.43498e-05 -4.54077e-05 5.3429e-06
39 2.4362e-05 -4.54204e-05 5.34264e-06
40 2.43737e-05 -4.54332e-05 5.34254e-06
41 2.43877e-05 -4.54436e-05 5.34254e-06
42 2.44012e-05 -4.54528e-05 5.34259e-06
43 2.4416e-05 -4.54611e-05 5.34269e-06
44 2.44301e-05 -4.54699e-05 5.34287e-06
45 2.44448e-05 -4.54779e-05 5.34309e-06
46 2.44596e-05 -4.5485e-05 5.34332e-06
47 2.44747e-05 -4.54924e-05 5.34363e-06
48 2.44898e-05 -4.54995e-05 5.34393e-06
49 2.45049e-05 -4.55058e-05 5.34428e-06
50 2.45201e-05 -4.5512e-05 5.34463e-06
51 2.45356e-05 -4.55178e-05 5.34501e-06
52 2.45509e-05 -4.5524e-05 5.34538e-06
53 2.45663e-05 -4.55299e-05 5.34579e-06
54 2.4582e-05 -4.55355e-05 5.3462e-06
55 2.45975e-05 -4.55414e-05 5.34665e-06
56 2.4613e-05 -4.55472e-05 5.34709e-06
57 2.46288e-05 -4.55526e-05 5.34753e-06
58 2.46447e-05 -4.55581e-05 5.34797e-06
59 2.46607e-05 -4.55636e-05 5.34839e-06
60 2.46764e-05 -4.55694e-05 5.34884e-06
61 2.46922e-05 -4.55747e-05 5.34928e-06
62 2.47082e-05 -4.55801e-05 5.34972e-06
63 2.4724e-05 -4.55855e-05 5.35017e-06
64 2.47399e-05 -4.55909e-05 5.35061e-06
65 2.47557e-05 -4.55961e-05 5.35106e-06
66 2.47716e-05 -4.56014e-05 5.3515e-06
67 2.47875e-05 -4.56066e-05 5.35195e-06
68 2.48034e-05 -4.56118e-05 5.35239e-06
69 2.48193e-05 -4.5617e-05 5.35283e-06
70 2.48352e-05 -4.56222e-05 5.35327e-06
71 2.48511e-05 -4.56274e-05 5.35371e-06
72 2.4867e-05 -4.56326e-05 5.35415e-06
73 2.48829e-05 -4.56378e-05 5.35459e-06
74 2.48989e-05 -4.5643e-05 5.35502e-06
75 2.49148e-05 -4.56481e-05 5.35545e-06
76 2.49307e-05 -4.56533e-05 5.35588e-06
77 2.49466e-05 -4.56584e-05 5.35631e-06
78 2.49626e-05 -4.56636e-05 5.35674e-06
79 2.49785e-05 -4.56687e-05 5.35717e-06
80 2.49944e-05 -4.56739e-05 5.35759e-06
