26 5.60636e-09 -4.49665e-08 3.66545e-09
27 4.14923e-05 -2.37308e-05 1.78887e-05
28 3.42567e-05 -1.97686e-05 1.39807e-05
29 2.0283e-05 -4.74702e-05 6.97563e-06
30 2.01876e-05 -4.61969e-05 7.04033e-06
31 2.10483e-05 -4.69373e-05 7.08019e-06
32 2.09624e-05 -4.68888e-05 7.03696e-06
33 2.09737e-05 -4.69315e-05 7.03604e-06
34 2.09801e-05 -4.69546e-05 7.03385e-06
35 2.09893e-05 -4.6976e-05 7.03259e-06
36 2.10006e-05 -4.69932e-05 7.03172e-06
37 2.10108e-05 -4.70091e-05 7.03089e-06
38 2.10235e-05 -4.70227e-05 7.03056e-06
39 2.10359e-05 -4.70353e-05 7.03023e-06
40 2.10476e-05 -4.70481e-05 7.03008e-06
41 2.10616e-05 -4.70585e-05 7.03019e-06
42 2.10751e-05 -4.70678e-05 7.03028e-06
43 2.10898e-05 -4.7076e-05 7.03049e-06
44 2.11038e-05 -4.70849e-05 7.03075e-06
45 2.11184e-05 -4.7093e-05 7.03109e-06
46 2.11329e-05 -4.71002e-05 7.03144e-06
47 2.11479e-05 -4.71076e-05 7.03189e-06
48 2.11628e-05 -4.71148e-05 7.03233e-06
49 2.11776e-05 -4.71213e-05 7.03282e-06
50 2.11926e-05 -4.71276e-05 7.03333e-06
51 2.12079e-05 -4.71336e-05 7.03388e-06
52 2.12229e-05 -4.71399e-05 7.03441e-06
53 2.12381e-05 -4.71458e-05 7.03498e-06
54 2.12535e-05 -4.71516e-05 7.03558e-06
55 2.12687e-05 -4.71576e-05 7.0362e-06
56 2.1284e-05 -4.71635e-05 7.03683e-06
57 2.12994e-05 -4.71691e-05 7.03745e-06
58 2.13151e-05 -4.71748e-05 7.03809e-06
59 2.13307e-05 -4.71804e-05 7.03871e-06
60 2.13462e-05 -4.71863e-05 7.03933e-06
61 2.13617e-05 -4.71917e-05 7.03997e-06
62 2.13774e-05 -4.71973e-05 7.0406e-06
63 2.1393e-05 -4.72028e-05 7.04124e-06
64 2.14085e-05 -4.72084e-05 7.04188e-06
65 2.14241e-05 -4.72137e-05 7.04251e-06
66 2.14397e-05 -4.72191e-05 7.04315e-06
67 2.14553e-05 -4.72245e-05 7.04378e-06
68 2.14709e-05 -4.72299e-05 7.04442e-06
69 2.14865e-05 -4.72352e-05 7.04505e-06
70 2.15021e-05 -4.72405e-05 7.04568e-06
71 2.15177e-05 -4.72459e-05 7.04631e-06
72 2.15333e-05 -4.72512e-05 7.04694e-06
73 2.1549e-05 -4.72565e-05 7.04756e-06
74 2.15646e-05 -4.72619e-05 7.04819e-06
75 2.15803e-05 -4.72671e-05 7.04881e-06
76 2.15959e-05 -4.72724e-05 7.04943e-06
77 2.16115e-05 -4.72777e-05 7.05004e-06
78 2.16272e-05 -4.7283e-05 7.05066e-06
79 2.16428e-05 -4.72883e-05 7.05127e-06
80 2.16585e-05 -4.72936e-05 7.05188e-06
