26 1.07697e-09 3.08275e-08 -7.02046e-09
27 4.03042e-07 0.000222387 -5.6302e-05
28 1.60661e-06 0.000169413 -4.41654e-05
29 1.94535e-07 -1.30973e-05 -4.29307e-06
30 3.8017e-07 -1.15169e-05 -4.38263e-06
31 7.61502e-07 -1.22391e-05 -4.34505e-06
32 8.14943e-07 -1.23251e-05 -4.33106e-06
33 8.33218e-07 -1.23771e-05 -4.33032e-06
34 8.44307e-07 -1.24094e-05 -4.32866e-06
35 8.58077e-07 -1.24355e-05 -4.32803e-06
36 8.71206e-07 -1.24567e-05 -4.32707e-06
37 8.84117e-07 -1.24759e-05 -4.32648e-06
38 8.97503e-07 -1.24912e-05 -4.32584e-06
39 9.11064e-07 -1.25048e-05 -4.32554e-06
40 9.23778e-07 -1.25178e-05 -4.32539e-06
41 9.37026e-07 -1.25284e-05 -4.32481e-06
42 9.50455e-07 -1.25369e-05 -4.3247e-06
43 9.64193e-07 -1.25444e-05 -4.32434e-06
44 9.77567e-07 -1.25518e-05 -4.32433e-06
45 9.91236e-07 -1.25583e-05 -4.32425e-06
46 1.00482e-06 -1.25637e-05 -4.3242e-06
47 1.01846e-06 -1.25689e-05 -4.32422e-06
48 1.03206e-06 -1.25739e-05 -4.32425e-06
49 1.04564e-06 -1.25779e-05 -4.32434e-06
50 1.05923e-06 -1.25817e-05 -4.32441e-06
51 1.07286e-06 -1.2585e-05 -4.32446e-06
52 1.08645e-06 -1.25886e-05 -4.32461e-06
53 1.10004e-06 -1.25917e-05 -4.32475e-06
54 1.11369e-06 -1.25945e-05 -4.32485e-06
55 1.12713e-06 -1.25974e-05 -4.32502e-06
56 1.14068e-06 -1.26002e-05 -4.32519e-06
57 1.15427e-06 -1.26027e-05 -4.32532e-06
58 1.16794e-06 -1.26052e-05 -4.32546e-06
59 1.18161e-06 -1.26079e-05 -4.32553e-06
60 1.1952e-06 -1.26105e-05 -4.32571e-06
61 1.20883e-06 -1.26128e-05 -4.32587e-06
62 1.22245e-06 -1.26153e-05 -4.32599e-06
63 1.23608e-06 -1.26175e-05 -4.32616e-06
64 1.24969e-06 -1.26198e-05 -4.32635e-06
65 1.26332e-06 -1.26219e-05 -4.32652e-06
66 1.27693e-06 -1.2624e-05 -4.3267e-06
67 1.29056e-06 -1.26261e-05 -4.32688e-06
68 1.30418e-06 -1.26282e-05 -4.32706e-06
69 1.3178e-06 -1.26303e-05 -4.32725e-06
70 1.33141e-06 -1.26323e-05 -4.32743e-06
71 1.34504e-06 -1.26344e-05 -4.32762e-06
72 1.35866e-06 -1.26364e-05 -4.32781e-06
73 1.37229e-06 -1.26384e-05 -4.328e-06
74 1.38593e-06 -1.26405e-05 -4.32819e-06
75 1.39954e-06 -1.26425e-05 -4.32837e-06
76 1.41315e-06 -1.26445e-05 -4.32857e-06
77 1.42677e-06 -1.26465e-05 -4.32876e-06
78 1.4404e-06 -1.26485e-05 -4.32895e-06
79 1.45401e-06 -1.26505e-05 -4.32914e-06
80 1.46762e-06 -1.26525e-05 -4.32933e-06
