26 -0.429732 -3.14556 -8.26099e-11
27 -0.00069252 0.00101565 8.41298e-06
28 -0.0246949 -0.0387319 -0.000129372
29 4.86863e-07 2.36672e-06 -6.13127e-08
30 -1.16415e-10 -1.72959e-08 2.55523e-09
31 -9.45874e-11 -3.09177e-08 4.77257e-09
32 1.52795e-10 1.44165e-07 1.09685e-09
33 -1.16415e-10 8.53065e-08 1.31922e-09
34 -1.30967e-10 -1.46997e-07 -2.97314e-09
35 -1.09139e-10 -1.42109e-08 3.61706e-09
36 1.60071e-10 -6.39695e-08 -1.55524e-09
37 -1.30967e-10 -9.70472e-09 1.9827e-09
38 -1.30967e-10 4.76089e-08 1.97906e-09
39 3.92902e-10 -5.34948e-08 -2.13277e-09
40 -1.23691e-10 -1.07775e-07 8.00355e-11
41 -1.09139e-10 1.88772e-08 9.21318e-10
42 1.60071e-10 3.24628e-08 2.95358e-09
43 1.74623e-10 -5.19756e-08 -1.59707e-09
44 -1.45519e-10 1.06478e-07 2.51384e-09
45 -8.73115e-11 8.97764e-08 -2.6198e-09
46 -1.16415e-10 -6.70856e-08 2.96041e-09
47 1.60071e-10 -6.45947e-10 6.99401e-10
48 -1.23691e-10 -1.44005e-07 -5.63068e-09
49 1.45519e-10 7.64803e-10 3.88854e-09
50 1.45519e-10 -1.1534e-07 -2.045e-09
51 -1.60071e-10 1.44134e-07 1.27693e-09
52 1.74623e-10 4.75934e-08 1.27784e-09
53 -3.85626e-10 5.21358e-08 -4.52474e-10
54 -1.30967e-10 -1.81759e-07 3.03771e-10
55 4.36557e-10 3.25144e-08 -5.14183e-09
56 1.67347e-10 1.13635e-08 -9.68612e-11
57 1.60071e-10 -3.53979e-08 2.64845e-09
58 -1.16415e-10 6.83671e-09 -2.79761e-09
59 -1.23691e-10 -7.1633e-08 -1.42154e-09
60 1.52795e-10 4.30563e-08 -8.9085e-10
61 1.67347e-10 -1.45555e-07 6.0586e-09
62 1.45519e-10 1.5911e-08 4.37467e-10
63 1.52795e-10 -2.78739e-08 -6.73845e-09
64 1.52795e-10 8.93991e-10 2.03045e-09
65 -4.22006e-10 -4.13717e-08 -3.61069e-10
66 -1.30967e-10 -6.68168e-09 1.05319e-09
67 1.45519e-10 1.35081e-07 -6.36646e-12
68 -1.45519e-10 -4.29013e-08 9.65883e-10
69 4.22006e-10 -6.76952e-10 3.46517e-10
70 -1.16415e-10 9.43497e-08 -1.02773e-09
71 3.92902e-10 -1.54557e-07 -3.64707e-10
72 4.22006e-10 2.79773e-08 5.25915e-09
73 4.1473e-10 7.17674e-08 -1.78034e-09
74 4.1473e-10 4.1537e-08 1.54159e-09
75 -6.76664e-10 -1.78757e-07 -2.04363e-09
76 4.00178e-10 1.42625e-07 6.2314e-09
77 -6.4756e-10 6.84705e-09 -1.46929e-09
78 -1.52795e-10 1.06463e-07 -2.52749e-09
79 4.36557e-10 5.06423e-08 -9.78616e-10
80 -1.30967e-10 -1.12271e-07 -3.28237e-09
