26 2.09917e-09 -4.77928e-08 -5.81959e-10
27 -1.85876e-06 -7.52449e-05 8.5022e-06
28 5.95221e-07 -5.9617e-05 6.36726e-06
29 2.3584e-06 -6.90572e-05 3.77811e-06
30 2.2038e-06 -6.78096e-05 3.73213e-06
31 2.84285e-06 -6.88592e-05 3.82845e-06
32 2.88417e-06 -6.86521e-05 3.7953e-06
33 2.89793e-06 -6.86916e-05 3.79458e-06
34 2.90935e-06 -6.8709e-05 3.79397e-06
35 2.92191e-06 -6.87264e-05 3.79335e-06
36 2.93484e-06 -6.87419e-05 3.79342e-06
37 2.947e-06 -6.87555e-05 3.79321e-06
38 2.9601e-06 -6.8769e-05 3.79354e-06
39 2.97315e-06 -6.8781e-05 3.79361e-06
40 2.98513e-06 -6.87936e-05 3.79371e-06
41 2.99822e-06 -6.88054e-05 3.79441e-06
42 3.01124e-06 -6.88154e-05 3.79474e-06
43 3.02492e-06 -6.88252e-05 3.79539e-06
44 3.0379e-06 -6.88353e-05 3.79581e-06
45 3.05129e-06 -6.88451e-05 3.79636e-06
46 3.06468e-06 -6.88539e-05 3.79689e-06
47 3.07814e-06 -6.88633e-05 3.79749e-06
48 3.09154e-06 -6.88725e-05 3.79806e-06
49 3.10487e-06 -6.8881e-05 3.79863e-06
50 3.11826e-06 -6.88894e-05 3.79923e-06
51 3.13178e-06 -6.88977e-05 3.79989e-06
52 3.14518e-06 -6.89061e-05 3.80046e-06
53 3.15858e-06 -6.89143e-05 3.80107e-06
54 3.17215e-06 -6.89225e-05 3.80174e-06
55 3.18542e-06 -6.89309e-05 3.80238e-06
56 3.19884e-06 -6.89393e-05 3.80303e-06
57 3.21234e-06 -6.89473e-05 3.8037e-06
58 3.22602e-06 -6.89556e-05 3.8044e-06
59 3.23973e-06 -6.89639e-05 3.80512e-06
60 3.25327e-06 -6.89722e-05 3.80576e-06
61 3.26687e-06 -6.89802e-05 3.80643e-06
62 3.28055e-06 -6.89884e-05 3.80713e-06
63 3.29417e-06 -6.89964e-05 3.80779e-06
64 3.30777e-06 -6.90044e-05 3.80845e-06
65 3.32141e-06 -6.90123e-05 3.80911e-06
66 3.33506e-06 -6.90202e-05 3.80976e-06
67 3.34872e-06 -6.90281e-05 3.81042e-06
68 3.36239e-06 -6.90359e-05 3.81107e-06
69 3.37606e-06 -6.90437e-05 3.81172e-06
70 3.38975e-06 -6.90516e-05 3.81237e-06
71 3.40346e-06 -6.90594e-05 3.81302e-06
72 3.41716e-06 -6.90672e-05 3.81367e-06
73 3.43089e-06 -6.9075e-05 3.81431e-06
74 3.44464e-06 -6.90828e-05 3.81495e-06
75 3.45837e-06 -6.90905e-05 3.81559e-06
76 3.47211e-06 -6.90983e-05 3.81623e-06
77 3.48586e-06 -6.9106e-05 3.81686e-06
78 3.49964e-06 -6.91137e-05 3.8175e-06
79 3.5134e-06 -6.91214e-05 3.81813e-06
80 3.52717e-06 -6.91291e-05 3.81876e-06
