26 1.32546e-08 -4.28847e-08 -4.08907e-11
27 5.52798e-05 -1.63894e-05 -1.35466e-05
28 4.49997e-05 -1.40297e-05 -1.06629e-05
29 2.28456e-05 -4.49699e-05 -7.53548e-06
30 2.29429e-05 -4.36402e-05 -7.46475e-06
31 2.35709e-05 -4.43982e-05 -7.67862e-06
32 2.3505e-05 -4.43602e-05 -7.60822e-06
33 2.35155e-05 -4.44032e-05 -7.60714e-06
34 2.35207e-05 -4.44272e-05 -7.60504e-06
35 2.35299e-05 -4.4449e-05 -7.60332e-06
36 2.35404e-05 -4.44666e-05 -7.60253e-06
37 2.35505e-05 -4.44828e-05 -7.6015e-06
38 2.35628e-05 -4.44966e-05 -7.60124e-06
39 2.35751e-05 -4.45093e-05 -7.60081e-06
40 2.35869e-05 -4.45221e-05 -7.60048e-06
41 2.36006e-05 -4.45326e-05 -7.60076e-06
42 2.36141e-05 -4.45418e-05 -7.60084e-06
43 2.36285e-05 -4.45501e-05 -7.60124e-06
44 2.36425e-05 -4.45589e-05 -7.6015e-06
45 2.36571e-05 -4.45669e-05 -7.6019e-06
46 2.36716e-05 -4.4574e-05 -7.60233e-06
47 2.36866e-05 -4.45813e-05 -7.60289e-06
48 2.37015e-05 -4.45884e-05 -7.60342e-06
49 2.37164e-05 -4.45947e-05 -7.60397e-06
50 2.37314e-05 -4.46009e-05 -7.60457e-06
51 2.37467e-05 -4.46067e-05 -7.60525e-06
52 2.37618e-05 -4.46129e-05 -7.60586e-06
53 2.3777e-05 -4.46186e-05 -7.60652e-06
54 2.37925e-05 -4.46243e-05 -7.60725e-06
55 2.38077e-05 -4.46301e-05 -7.60797e-06
56 2.38231e-05 -4.46358e-05 -7.6087e-06
57 2.38386e-05 -4.46411e-05 -7.60946e-06
58 2.38543e-05 -4.46467e-05 -7.61026e-06
59 2.38699e-05 -4.46521e-05 -7.61107e-06
60 2.38854e-05 -4.46578e-05 -7.61182e-06
61 2.3901e-05 -4.46631e-05 -7.6126e-06
62 2.39166e-05 -4.46685e-05 -7.61342e-06
63 2.39322e-05 -4.46739e-05 -7.61421e-06
64 2.39478e-05 -4.46792e-05 -7.61499e-06
65 2.39634e-05 -4.46844e-05 -7.61578e-06
66 2.3979e-05 -4.46896e-05 -7.61657e-06
67 2.39947e-05 -4.46948e-05 -7.61736e-06
68 2.40103e-05 -4.47e-05 -7.61815e-06
69 2.40259e-05 -4.47051e-05 -7.61895e-06
70 2.40415e-05 -4.47103e-05 -7.61975e-06
71 2.40572e-05 -4.47154e-05 -7.62055e-06
72 2.40728e-05 -4.47206e-05 -7.62134e-06
73 2.40885e-05 -4.47257e-05 -7.62214e-06
74 2.41041e-05 -4.47309e-05 -7.62294e-06
75 2.41198e-05 -4.4736e-05 -7.62374e-06
76 2.41354e-05 -4.47411e-05 -7.62454e-06
77 2.4151e-05 -4.47462e-05 -7.62534e-06
78 2.41667e-05 -4.47514e-05 -7.62614e-06
79 2.41823e-05 -4.47565e-05 -7.62694e-06
80 2.41979e-05 -4.47616e-05 -7.62773e-06
