26 1.3211e-08 -4.28772e-08 6.33491e-10
27 5.7036e-05 -1.63893e-05 -1.10318e-05
28 4.63822e-05 -1.40296e-05 -8.68573e-06
29 2.38465e-05 -4.49654e-05 -6.4577e-06
30 2.39338e-05 -4.36395e-05 -6.39009e-06
31 2.45924e-05 -4.43972e-05 -6.60253e-06
32 2.45168e-05 -4.43593e-05 -6.53704e-06
33 2.45272e-05 -4.44023e-05 -6.5364e-06
34 2.4532e-05 -4.44263e-05 -6.53464e-06
35 2.4541e-05 -4.44481e-05 -6.53316e-06
36 2.45515e-05 -4.44657e-05 -6.53253e-06
37 2.45614e-05 -4.44819e-05 -6.53164e-06
38 2.45737e-05 -4.44957e-05 -6.53146e-06
39 2.45859e-05 -4.45084e-05 -6.53111e-06
40 2.45977e-05 -4.45213e-05 -6.53083e-06
41 2.46114e-05 -4.45317e-05 -6.53112e-06
42 2.46249e-05 -4.4541e-05 -6.5312e-06
43 2.46394e-05 -4.45492e-05 -6.53159e-06
44 2.46534e-05 -4.4558e-05 -6.53183e-06
45 2.46681e-05 -4.45661e-05 -6.5322e-06
46 2.46827e-05 -4.45731e-05 -6.5326e-06
47 2.46977e-05 -4.45804e-05 -6.5331e-06
48 2.47126e-05 -4.45875e-05 -6.53358e-06
49 2.47276e-05 -4.45939e-05 -6.53407e-06
50 2.47428e-05 -4.46e-05 -6.53461e-06
51 2.47581e-05 -4.46058e-05 -6.53523e-06
52 2.47733e-05 -4.4612e-05 -6.53577e-06
53 2.47886e-05 -4.46178e-05 -6.53635e-06
54 2.48042e-05 -4.46234e-05 -6.53701e-06
55 2.48196e-05 -4.46292e-05 -6.53765e-06
56 2.4835e-05 -4.46349e-05 -6.5383e-06
57 2.48506e-05 -4.46403e-05 -6.53897e-06
58 2.48664e-05 -4.46458e-05 -6.53969e-06
59 2.48821e-05 -4.46513e-05 -6.54042e-06
60 2.48977e-05 -4.4657e-05 -6.54109e-06
61 2.49134e-05 -4.46622e-05 -6.54178e-06
62 2.49292e-05 -4.46677e-05 -6.54251e-06
63 2.49449e-05 -4.4673e-05 -6.54321e-06
64 2.49606e-05 -4.46783e-05 -6.54391e-06
65 2.49763e-05 -4.46835e-05 -6.54461e-06
66 2.4992e-05 -4.46887e-05 -6.54532e-06
67 2.50078e-05 -4.46939e-05 -6.54602e-06
68 2.50235e-05 -4.46991e-05 -6.54673e-06
69 2.50392e-05 -4.47043e-05 -6.54744e-06
70 2.5055e-05 -4.47094e-05 -6.54814e-06
71 2.50707e-05 -4.47146e-05 -6.54886e-06
72 2.50865e-05 -4.47197e-05 -6.54957e-06
73 2.51022e-05 -4.47249e-05 -6.55028e-06
74 2.5118e-05 -4.473e-05 -6.55099e-06
75 2.51337e-05 -4.47351e-05 -6.5517e-06
76 2.51494e-05 -4.47402e-05 -6.55241e-06
77 2.51652e-05 -4.47454e-05 -6.55312e-06
78 2.5181e-05 -4.47505e-05 -6.55383e-06
79 2.51967e-05 -4.47556e-05 -6.55454e-06
80 2.52124e-05 -4.47607e-05 -6.55525e-06
