26 1.03511e-09 2.15063e-08 -1.95396e-08
27 6.48519e-07 0.000177608 -6.93575e-05
28 1.86167e-06 0.000134656 -5.34356e-05
29 5.19416e-07 -1.6812e-05 -6.23171e-06
30 7.03611e-07 -1.52935e-05 -6.31658e-06
31 1.0846e-06 -1.59943e-05 -6.29401e-06
32 1.13805e-06 -1.60673e-05 -6.27142e-06
33 1.15626e-06 -1.61185e-05 -6.26998e-06
34 1.16729e-06 -1.61496e-05 -6.26799e-06
35 1.18101e-06 -1.61752e-05 -6.26709e-06
36 1.19411e-06 -1.61957e-05 -6.26607e-06
37 1.20698e-06 -1.62144e-05 -6.26536e-06
38 1.22034e-06 -1.62293e-05 -6.26477e-06
39 1.23387e-06 -1.62427e-05 -6.26448e-06
40 1.24656e-06 -1.62556e-05 -6.26437e-06
41 1.25979e-06 -1.62658e-05 -6.26397e-06
42 1.27319e-06 -1.62742e-05 -6.26398e-06
43 1.28691e-06 -1.62816e-05 -6.2638e-06
44 1.30026e-06 -1.6289e-05 -6.26396e-06
45 1.31392e-06 -1.62955e-05 -6.26407e-06
46 1.32748e-06 -1.6301e-05 -6.26422e-06
47 1.34111e-06 -1.63063e-05 -6.26445e-06
48 1.35469e-06 -1.63113e-05 -6.26471e-06
49 1.36825e-06 -1.63155e-05 -6.26501e-06
50 1.38182e-06 -1.63194e-05 -6.26532e-06
51 1.39544e-06 -1.63229e-05 -6.26561e-06
52 1.40902e-06 -1.63266e-05 -6.26599e-06
53 1.42259e-06 -1.63299e-05 -6.26637e-06
54 1.43622e-06 -1.63329e-05 -6.26674e-06
55 1.44965e-06 -1.6336e-05 -6.26717e-06
56 1.46319e-06 -1.6339e-05 -6.26759e-06
57 1.47677e-06 -1.63417e-05 -6.26799e-06
58 1.49043e-06 -1.63444e-05 -6.2684e-06
59 1.50409e-06 -1.63472e-05 -6.26875e-06
60 1.51767e-06 -1.63501e-05 -6.2692e-06
61 1.53129e-06 -1.63526e-05 -6.26962e-06
62 1.5449e-06 -1.63552e-05 -6.27001e-06
63 1.55851e-06 -1.63577e-05 -6.27046e-06
64 1.57211e-06 -1.63602e-05 -6.27091e-06
65 1.58573e-06 -1.63625e-05 -6.27136e-06
66 1.59933e-06 -1.63649e-05 -6.2718e-06
67 1.61294e-06 -1.63672e-05 -6.27226e-06
68 1.62655e-06 -1.63695e-05 -6.27271e-06
69 1.64016e-06 -1.63718e-05 -6.27316e-06
70 1.65377e-06 -1.6374e-05 -6.27362e-06
71 1.66738e-06 -1.63763e-05 -6.27408e-06
72 1.68099e-06 -1.63786e-05 -6.27453e-06
73 1.69461e-06 -1.63808e-05 -6.27499e-06
74 1.70823e-06 -1.63831e-05 -6.27545e-06
75 1.72184e-06 -1.63853e-05 -6.27591e-06
76 1.73544e-06 -1.63876e-05 -6.27637e-06
77 1.74905e-06 -1.63898e-05 -6.27683e-06
78 1.76266e-06 -1.6392e-05 -6.27729e-06
79 1.77627e-06 -1.63943e-05 -6.27774e-06
80 1.78987e-06 -1.63965e-05 -6.2782e-06
