26 1.53742 -0.438055 -2.41245e-10
27 -0.000747727 0.000149452 1.85596e-05
28 -0.0406207 0.0664279 -0.000387171
29 1.76752e-06 -5.1811e-06 1.68666e-07
30 9.45874e-11 8.96833e-09 8.1036e-10
31 1.16415e-10 -1.12046e-08 -1.45155e-09
32 1.16415e-10 1.4103e-08 4.46562e-10
33 -1.81899e-10 -4.02895e-10 7.13953e-10
34 -5.09317e-11 1.442e-09 -4.46562e-10
35 1.01863e-10 -6.07285e-09 6.16637e-10
36 -4.36557e-11 1.07701e-08 3.18323e-10
37 -4.36557e-11 -1.02519e-08 -6.88942e-10
38 1.09139e-10 -1.67623e-08 1.23055e-09
39 -2.03727e-10 2.95385e-08 4.27463e-11
40 -4.36557e-11 -1.7761e-08 -3.49246e-10
41 1.01863e-10 8.44165e-09 -4.92037e-10
42 8.00355e-11 -1.21054e-08 2.37833e-10
43 -1.89175e-10 5.29624e-10 -1.97815e-10
44 1.30967e-10 2.05788e-08 -5.18412e-10
45 -5.82077e-11 -3.04047e-08 1.84809e-09
46 -4.36557e-11 2.06421e-08 -5.19321e-10
47 1.16415e-10 1.73495e-08 1.20053e-10
48 -7.27596e-12 -6.06133e-09 -1.38743e-09
49 -4.36557e-11 -1.2589e-08 -5.46606e-10
50 -4.36557e-11 2.62315e-08 4.83851e-10
51 -1.67347e-10 -3.64891e-08 1.03228e-09
52 -3.63798e-11 1.17745e-08 -8.16726e-10
53 -3.63798e-11 -1.4477e-08 1.87265e-09
54 1.09139e-10 1.26754e-08 -2.64208e-09
55 1.30967e-10 -7.01112e-09 1.28057e-09
56 1.23691e-10 3.37032e-08 -6.40284e-10
57 -4.36557e-11 -8.81572e-09 -3.21506e-10
58 -5.09317e-11 -1.40223e-08 -2.23736e-10
59 -1.74623e-10 6.60252e-09 1.96542e-09
60 1.01863e-10 -1.12103e-08 8.35371e-10
61 -1.74623e-10 2.15286e-08 -1.13687e-09
62 9.45874e-11 -1.07124e-08 -3.7744e-10
63 8.73115e-11 -3.46212e-08 -1.5234e-10
64 -1.09139e-10 1.31589e-08 -3.51065e-10
65 2.18279e-11 1.31446e-08 -9.09495e-13
66 2.18279e-11 -1.83909e-09 1.82126e-09
67 9.45874e-11 -1.02922e-08 4.54747e-13
68 3.63798e-11 1.89963e-09 8.38554e-10
69 9.45874e-11 -8.86465e-09 -8.93124e-10
70 -4.36557e-11 1.4552e-08 -1.65301e-09
71 -5.09317e-11 -1.07268e-08 2.36332e-09
72 3.63798e-11 3.09488e-08 -2.52021e-09
73 -6.54836e-11 -2.42771e-08 5.125e-10
74 5.82077e-11 -6.5391e-09 -3.48791e-10
75 1.45519e-10 -1.58672e-08 5.35692e-10
76 2.18279e-11 9.40583e-09 5.91172e-10
77 7.27596e-12 6.58237e-09 -4.9431e-10
78 5.82077e-11 -1.6345e-08 -3.03316e-09
79 -5.09317e-11 1.68948e-08 -4.20641e-10
80 4.36557e-11 1.88236e-09 -1.49157e-10
