26 1.08203e-09 3.28139e-08 5.71466e-10
27 3.47681e-08 0.000265957 -2.32987e-05
28 1.22399e-06 0.000204724 -2.0588e-05
29 -2.92846e-07 -1.00835e-05 -1.402e-06
30 -1.05049e-07 -8.40887e-06 -1.48839e-06
31 2.76804e-07 -9.17985e-06 -1.43545e-06
32 3.30225e-07 -9.27385e-06 -1.43419e-06
33 3.48601e-07 -9.32611e-06 -1.43437e-06
34 3.59778e-07 -9.35986e-06 -1.4333e-06
35 3.73614e-07 -9.38651e-06 -1.43304e-06
36 3.86799e-07 -9.40866e-06 -1.43223e-06
37 3.99766e-07 -9.42834e-06 -1.43184e-06
38 4.13195e-07 -9.44433e-06 -1.43116e-06
39 4.26801e-07 -9.45827e-06 -1.43086e-06
40 4.39549e-07 -9.47144e-06 -1.43065e-06
41 4.52825e-07 -9.48274e-06 -1.42987e-06
42 4.66291e-07 -9.49144e-06 -1.4296e-06
43 4.8006e-07 -9.49954e-06 -1.429e-06
44 4.93462e-07 -9.50702e-06 -1.42877e-06
45 5.07157e-07 -9.51375e-06 -1.42843e-06
46 5.20771e-07 -9.51935e-06 -1.42812e-06
47 5.34436e-07 -9.5247e-06 -1.42783e-06
48 5.48057e-07 -9.52977e-06 -1.42756e-06
49 5.61661e-07 -9.53388e-06 -1.42733e-06
50 5.75272e-07 -9.53776e-06 -1.42708e-06
51 5.88925e-07 -9.54121e-06 -1.42678e-06
52 6.02542e-07 -9.54481e-06 -1.4266e-06
53 6.16153e-07 -9.54794e-06 -1.4264e-06
54 6.29817e-07 -9.55087e-06 -1.42614e-06
55 6.43276e-07 -9.55377e-06 -1.42594e-06
56 6.56846e-07 -9.55661e-06 -1.42574e-06
57 6.70456e-07 -9.55912e-06 -1.4255e-06
58 6.84144e-07 -9.56173e-06 -1.42525e-06
59 6.97832e-07 -9.56451e-06 -1.42494e-06
60 7.1144e-07 -9.56719e-06 -1.42475e-06
61 7.2509e-07 -9.56949e-06 -1.42453e-06
62 7.38728e-07 -9.57204e-06 -1.42426e-06
63 7.5237e-07 -9.57431e-06 -1.42406e-06
64 7.65997e-07 -9.57657e-06 -1.42386e-06
65 7.79648e-07 -9.57873e-06 -1.42365e-06
66 7.93275e-07 -9.58088e-06 -1.42345e-06
67 8.06921e-07 -9.583e-06 -1.42325e-06
68 8.20558e-07 -9.58508e-06 -1.42305e-06
69 8.34195e-07 -9.58715e-06 -1.42286e-06
70 8.47828e-07 -9.5892e-06 -1.42266e-06
71 8.61475e-07 -9.59126e-06 -1.42247e-06
72 8.7511e-07 -9.59328e-06 -1.42228e-06
73 8.88755e-07 -9.59533e-06 -1.42209e-06
74 9.02407e-07 -9.59736e-06 -1.4219e-06
75 9.16036e-07 -9.59937e-06 -1.42171e-06
76 9.29662e-07 -9.60138e-06 -1.42152e-06
77 9.43299e-07 -9.60339e-06 -1.42133e-06
78 9.5694e-07 -9.60541e-06 -1.42114e-06
79 9.70571e-07 -9.6074e-06 -1.42096e-06
80 9.84198e-07 -9.60941e-06 -1.42077e-06
