26 -1.10361e-08 -3.76802e-08 1.37271e-09
27 -5.81314e-05 -1.01197e-05 1.85263e-05
28 -4.51503e-05 -6.02469e-06 1.45527e-05
29 -2.13787e-05 -4.2203e-05 7.75538e-06
30 -2.14541e-05 -4.05078e-05 7.95817e-06
31 -2.10727e-05 -4.15162e-05 7.98258e-06
32 -2.09121e-05 -4.14456e-05 7.91956e-06
33 -2.089e-05 -4.14889e-05 7.92015e-06
34 -2.08716e-05 -4.15178e-05 7.91664e-06
35 -2.0854e-05 -4.15414e-05 7.915e-06
36 -2.08373e-05 -4.15638e-05 7.91327e-06
37 -2.08216e-05 -4.15826e-05 7.91197e-06
38 -2.08063e-05 -4.1601e-05 7.91097e-06
39 -2.07913e-05 -4.16162e-05 7.91027e-06
40 -2.07779e-05 -4.16313e-05 7.90986e-06
41 -2.07638e-05 -4.16472e-05 7.90924e-06
42 -2.07501e-05 -4.1659e-05 7.90904e-06
43 -2.07361e-05 -4.16717e-05 7.90869e-06
44 -2.0723e-05 -4.16831e-05 7.90871e-06
45 -2.07097e-05 -4.16943e-05 7.90871e-06
46 -2.06965e-05 -4.17043e-05 7.90875e-06
47 -2.06836e-05 -4.17146e-05 7.90891e-06
48 -2.06707e-05 -4.17245e-05 7.90909e-06
49 -2.0658e-05 -4.17335e-05 7.90935e-06
50 -2.06454e-05 -4.17424e-05 7.90962e-06
51 -2.06327e-05 -4.17512e-05 7.90989e-06
52 -2.06202e-05 -4.17597e-05 7.91023e-06
53 -2.06077e-05 -4.17681e-05 7.9106e-06
54 -2.05952e-05 -4.17765e-05 7.91095e-06
55 -2.05831e-05 -4.17848e-05 7.91137e-06
56 -2.05709e-05 -4.17931e-05 7.91179e-06
57 -2.05585e-05 -4.18012e-05 7.91218e-06
58 -2.05461e-05 -4.18095e-05 7.91258e-06
59 -2.05336e-05 -4.1818e-05 7.91289e-06
60 -2.05214e-05 -4.18261e-05 7.91332e-06
61 -2.0509e-05 -4.1834e-05 7.91373e-06
62 -2.04967e-05 -4.18422e-05 7.9141e-06
63 -2.04844e-05 -4.185e-05 7.91452e-06
64 -2.04721e-05 -4.18578e-05 7.91495e-06
65 -2.04598e-05 -4.18654e-05 7.91537e-06
66 -2.04475e-05 -4.18731e-05 7.91579e-06
67 -2.04352e-05 -4.18807e-05 7.91621e-06
68 -2.04229e-05 -4.18883e-05 7.91664e-06
69 -2.04107e-05 -4.18958e-05 7.91706e-06
70 -2.03984e-05 -4.19034e-05 7.91748e-06
71 -2.03861e-05 -4.19109e-05 7.9179e-06
72 -2.03738e-05 -4.19183e-05 7.91831e-06
73 -2.03615e-05 -4.19258e-05 7.91873e-06
74 -2.03492e-05 -4.19332e-05 7.91914e-06
75 -2.03369e-05 -4.19406e-05 7.91955e-06
76 -2.03246e-05 -4.1948e-05 7.91996e-06
77 -2.03123e-05 -4.19554e-05 7.92036e-06
78 -2.03e-05 -4.19628e-05 7.92076e-06
79 -2.02876e-05 -4.19701e-05 7.92116e-06
80 -2.02753e-05 -4.19775e-05 7.92156e-06
