26 -1.19961 -0.211977 -4.08543e-10
27 3.86566e-06 -0.000306173 1.14233e-09
28 0.00551886 -0.200072 4.86805e-07
29 -264.436 -613.346 -1.23282e-09
30 -338.725 383.395 2.35104e-10
31 -315.961 344.705 -5.59339e-10
32 -329.624 339.634 -1.36424e-12
33 -327.224 341.969 -2.83762e-10
34 -327.042 343.622 -7.13953e-10
35 -326.906 345.274 1.05683e-09
36 -326.811 346.895 -9.91349e-10
37 -326.733 348.486 1.28648e-09
38 -326.64 350.144 -7.14408e-10
39 -326.563 351.797 1.19962e-09
40 -326.511 353.436 -1.47793e-09
41 -326.456 355.052 -5.8526e-10
42 -326.407 356.619 1.84627e-10
43 -326.364 358.158 5.42968e-10
44 -326.337 359.59 -8.19e-10
45 -326.317 361.065 1.12277e-09
46 -326.297 362.456 -2.46018e-10
47 -326.288 363.873 -6.99856e-10
48 -326.278 365.273 -1.92813e-10
49 -326.264 366.621 1.14051e-09
50 -326.257 367.957 1.72349e-10
51 -326.249 369.268 -7.51697e-10
52 -326.243 370.56 -4.76575e-10
53 -326.233 371.834 -9.95897e-11
54 -326.227 373.092 -2.0691e-10
55 -326.224 374.332 -2.98769e-10
56 -326.221 375.556 5.08408e-10
57 -326.215 376.761 -4.72937e-10
58 -326.212 377.951 -6.73026e-11
59 -326.205 379.123 7.9217e-10
60 -326.201 380.279 -8.92669e-10
61 -326.196 381.419 -3.81988e-11
62 -326.191 382.543 4.11092e-10
63 -326.185 383.652 9.64064e-11
64 -326.18 384.746 7.44876e-10
65 -326.174 385.825 -6.07542e-10
66 -326.168 386.889 1.04592e-11
67 -326.162 387.941 -7.35781e-10
68 -326.155 388.979 8.57199e-10
69 -326.149 390.004 1.24055e-09
70 -326.142 391.017 -1.7817e-09
71 -326.135 392.017 6.73026e-10
72 -326.128 393.005 -3.21961e-10
73 -326.121 393.981 2.82853e-10
74 -326.113 394.945 6.45741e-10
75 -326.105 395.899 4.96129e-10
76 -326.097 396.842 -1.14414e-09
77 -326.09 397.775 2.86491e-11
78 -326.083 398.672 -1.15051e-10
79 -326.078 399.566 9.32232e-11
80 -326.048 400.428 6.82121e-11
