26 -0.448178 -7.01196 -6.94145e-10
27 0.000167694 -6.04919e-05 3.07118e-08
28 0.164797 -0.0292095 -4.78118e-07
29 -0.000124009 5.32045e-05 3.94293e-08
30 -2.83762e-10 -9.7197e-08 3.98177e-09
31 0 1.21619e-07 -2.71939e-10
32 -2.91038e-10 4.7702e-08 2.5816e-09
33 2.6921e-10 -1.64173e-08 -1.54978e-09
34 0 -2.09958e-08 -1.0009e-09
35 -2.61934e-10 -4.05913e-08 -3.55158e-10
36 -1.45519e-11 -1.46181e-07 2.18733e-09
37 -1.23691e-10 5.13659e-08 -1.66256e-09
38 -1.45519e-10 -3.83072e-08 3.51702e-09
39 -1.60071e-10 1.03564e-07 4.17003e-10
40 -1.45519e-10 1.75778e-10 -4.51837e-09
41 -1.30967e-10 -1.14632e-07 3.68846e-09
42 -1.45519e-11 -8.85199e-09 3.80169e-09
43 0 -4.36092e-08 -8.66294e-10
44 1.45519e-11 1.37097e-08 1.94632e-10
45 0 4.68907e-08 -1.40017e-09
46 -1.45519e-10 3.48554e-08 -4.18504e-09
47 -1.45519e-11 -8.95593e-08 -2.65936e-09
48 1.45519e-11 5.37016e-08 2.25236e-09
49 1.45519e-11 -4.14129e-08 -4.92491e-10
50 -1.23691e-10 -1.41694e-08 2.63753e-10
51 7.27596e-12 -4.51439e-08 3.99814e-09
52 1.45519e-11 -4.73505e-08 1.34332e-09
53 -1.45519e-11 5.82232e-08 1.87629e-09
54 1.38243e-10 -3.45452e-08 -4.82987e-09
55 -1.45519e-10 3.56047e-08 1.65392e-09
56 -1.30967e-10 1.29966e-08 -1.41927e-09
57 -1.09139e-10 -3.15842e-08 -2.33103e-09
58 -2.54659e-10 -3.83486e-08 2.40698e-09
59 1.16415e-10 7.55553e-08 -3.63434e-09
60 1.60071e-10 -9.71815e-08 1.93995e-09
61 -1.38243e-10 5.06476e-08 9.71795e-10
62 -1.09139e-10 -7.60667e-08 2.82853e-10
63 -1.23691e-10 1.17847e-07 1.3888e-09
64 -1.45519e-11 -9.26133e-08 -1.86265e-09
65 2.91038e-11 1.08018e-07 -2.84172e-09
66 -1.23691e-10 -9.71918e-08 -5.3933e-10
67 -1.23691e-10 9.13836e-08 7.72616e-10
68 7.27596e-12 -8.8102e-08 2.58387e-09
69 1.60071e-10 3.12131e-09 -2.10639e-09
70 -1.30967e-10 -9.34453e-08 -1.92995e-09
71 -7.27596e-12 -3.60689e-09 4.55475e-09
72 8.73115e-11 -1.65362e-08 -4.82669e-09
73 -5.09317e-11 -2.17348e-08 2.49565e-09
74 6.54836e-11 4.31287e-08 2.81943e-10
75 -1.45519e-11 1.89238e-08 -1.59844e-09
76 -5.09317e-11 1.64854e-09 4.44015e-09
77 6.54836e-11 1.07284e-07 -7.50333e-11
78 2.18279e-11 -8.20818e-08 9.01309e-10
79 2.18279e-11 1.49478e-07 -1.39153e-10
80 -7.27596e-11 -6.02746e-08 -5.59339e-10
