26 2.24645e-09 -4.66789e-08 -6.4483e-10
27 -2.88369e-06 -7.86527e-05 -4.62294e-06
28 -1.64524e-07 -6.16766e-05 -4.0325e-06
29 1.89622e-06 -7.08477e-05 -1.75412e-06
30 1.74885e-06 -6.94807e-05 -1.84363e-06
31 2.37477e-06 -7.06516e-05 -1.80255e-06
32 2.42032e-06 -7.0419e-05 -1.79835e-06
33 2.43417e-06 -7.04578e-05 -1.79841e-06
34 2.44565e-06 -7.04758e-05 -1.79716e-06
35 2.45828e-06 -7.04931e-05 -1.79667e-06
36 2.4712e-06 -7.05095e-05 -1.79576e-06
37 2.48337e-06 -7.05234e-05 -1.79519e-06
38 2.49642e-06 -7.05378e-05 -1.79444e-06
39 2.50946e-06 -7.05502e-05 -1.794e-06
40 2.52142e-06 -7.05632e-05 -1.79366e-06
41 2.5344e-06 -7.05763e-05 -1.79285e-06
42 2.54738e-06 -7.05869e-05 -1.79248e-06
43 2.56096e-06 -7.05979e-05 -1.79185e-06
44 2.57389e-06 -7.06086e-05 -1.79153e-06
45 2.58721e-06 -7.06193e-05 -1.79112e-06
46 2.60052e-06 -7.06288e-05 -1.79074e-06
47 2.6139e-06 -7.06391e-05 -1.79039e-06
48 2.62722e-06 -7.0649e-05 -1.79006e-06
49 2.64047e-06 -7.06582e-05 -1.78977e-06
50 2.65378e-06 -7.06675e-05 -1.78946e-06
51 2.66721e-06 -7.06766e-05 -1.78912e-06
52 2.68054e-06 -7.06858e-05 -1.78887e-06
53 2.69385e-06 -7.06947e-05 -1.78861e-06
54 2.70733e-06 -7.07038e-05 -1.78831e-06
55 2.72052e-06 -7.0713e-05 -1.78805e-06
56 2.73385e-06 -7.07222e-05 -1.7878e-06
57 2.74726e-06 -7.0731e-05 -1.78751e-06
58 2.76084e-06 -7.07402e-05 -1.78723e-06
59 2.77446e-06 -7.07493e-05 -1.78688e-06
60 2.78792e-06 -7.07584e-05 -1.78665e-06
61 2.80142e-06 -7.07672e-05 -1.78638e-06
62 2.81501e-06 -7.07763e-05 -1.78608e-06
63 2.82854e-06 -7.07851e-05 -1.78583e-06
64 2.84206e-06 -7.07939e-05 -1.78559e-06
65 2.85561e-06 -7.08026e-05 -1.78534e-06
66 2.86916e-06 -7.08113e-05 -1.7851e-06
67 2.88274e-06 -7.08199e-05 -1.78486e-06
68 2.89632e-06 -7.08286e-05 -1.78462e-06
69 2.90991e-06 -7.08372e-05 -1.78438e-06
70 2.9235e-06 -7.08458e-05 -1.78414e-06
71 2.93713e-06 -7.08544e-05 -1.78391e-06
72 2.95075e-06 -7.08629e-05 -1.78368e-06
73 2.96439e-06 -7.08715e-05 -1.78345e-06
74 2.97806e-06 -7.088e-05 -1.78322e-06
75 2.9917e-06 -7.08885e-05 -1.78299e-06
76 3.00535e-06 -7.0897e-05 -1.78277e-06
77 3.01902e-06 -7.09055e-05 -1.78254e-06
78 3.03271e-06 -7.0914e-05 -1.78232e-06
79 3.04639e-06 -7.09225e-05 -1.7821e-06
80 3.06008e-06 -7.09309e-05 -1.78188e-06
