26 6.64225e-09 -4.44151e-08 3.64934e-09
27 4.6317e-05 -2.12217e-05 1.62384e-05
28 3.80284e-05 -1.78073e-05 1.26975e-05
29 2.21412e-05 -4.65039e-05 6.16404e-06
30 2.20647e-05 -4.52208e-05 6.23306e-06
31 2.29338e-05 -4.59568e-05 6.25219e-06
32 2.28367e-05 -4.59142e-05 6.21627e-06
33 2.28477e-05 -4.59569e-05 6.21544e-06
34 2.28535e-05 -4.59804e-05 6.21346e-06
35 2.28625e-05 -4.60019e-05 6.21237e-06
36 2.28734e-05 -4.60193e-05 6.21156e-06
37 2.28834e-05 -4.60352e-05 6.21083e-06
38 2.28961e-05 -4.60489e-05 6.21051e-06
39 2.29084e-05 -4.60616e-05 6.21021e-06
40 2.29201e-05 -4.60744e-05 6.21008e-06
41 2.29341e-05 -4.60848e-05 6.21013e-06
42 2.29476e-05 -4.6094e-05 6.2102e-06
43 2.29624e-05 -4.61023e-05 6.21035e-06
44 2.29763e-05 -4.61111e-05 6.21057e-06
45 2.2991e-05 -4.61192e-05 6.21086e-06
46 2.30057e-05 -4.61263e-05 6.21114e-06
47 2.30208e-05 -4.61337e-05 6.21152e-06
48 2.30358e-05 -4.61408e-05 6.21189e-06
49 2.30507e-05 -4.61472e-05 6.21231e-06
50 2.30659e-05 -4.61535e-05 6.21274e-06
51 2.30813e-05 -4.61593e-05 6.2132e-06
52 2.30965e-05 -4.61656e-05 6.21365e-06
53 2.31118e-05 -4.61715e-05 6.21414e-06
54 2.31274e-05 -4.61772e-05 6.21465e-06
55 2.31427e-05 -4.61831e-05 6.21518e-06
56 2.31582e-05 -4.61889e-05 6.21571e-06
57 2.31737e-05 -4.61944e-05 6.21625e-06
58 2.31896e-05 -4.62e-05 6.21679e-06
59 2.32054e-05 -4.62055e-05 6.21731e-06
60 2.3221e-05 -4.62113e-05 6.21784e-06
61 2.32367e-05 -4.62167e-05 6.21838e-06
62 2.32526e-05 -4.62222e-05 6.21892e-06
63 2.32683e-05 -4.62276e-05 6.21946e-06
64 2.3284e-05 -4.6233e-05 6.22e-06
65 2.32997e-05 -4.62384e-05 6.22054e-06
66 2.33155e-05 -4.62437e-05 6.22108e-06
67 2.33313e-05 -4.6249e-05 6.22162e-06
68 2.3347e-05 -4.62542e-05 6.22216e-06
69 2.33628e-05 -4.62595e-05 6.2227e-06
70 2.33786e-05 -4.62647e-05 6.22323e-06
71 2.33944e-05 -4.627e-05 6.22377e-06
72 2.34102e-05 -4.62752e-05 6.2243e-06
73 2.3426e-05 -4.62804e-05 6.22483e-06
74 2.34418e-05 -4.62857e-05 6.22536e-06
75 2.34576e-05 -4.62909e-05 6.22589e-06
76 2.34734e-05 -4.62961e-05 6.22641e-06
77 2.34892e-05 -4.63013e-05 6.22694e-06
78 2.3505e-05 -4.63065e-05 6.22746e-06
79 2.35208e-05 -4.63117e-05 6.22798e-06
80 2.35366e-05 -4.63169e-05 6.22849e-06
