26 0.0145474 -1.27594 -1.06478e-10
27 0.00017729 4.10114e-05 -9.48785e-09
28 0.405823 0.0459913 -2.52102e-06
29 -0.000367799 -9.7105e-05 -1.7681e-07
30 -1.89175e-10 5.35294e-10 -1.55251e-09
31 -3.20142e-10 4.89191e-10 5.65706e-10
32 -3.27418e-10 -2.10451e-08 4.66571e-10
33 -3.4197e-10 1.50526e-08 -1.2601e-09
34 -5.09317e-11 1.64514e-08 3.65617e-10
35 -4.36557e-11 3.09832e-08 1.72577e-09
36 -1.45519e-11 -5.08002e-09 -2.04773e-09
37 -5.09317e-11 -9.7714e-09 1.24601e-10
38 2.83762e-10 -1.44513e-08 1.00044e-10
39 -4.36557e-11 -1.25805e-08 1.10549e-09
40 -3.63798e-11 -1.79318e-09 -5.95264e-10
41 -2.18279e-11 4.17503e-08 -9.3678e-10
42 2.54659e-10 -7.42283e-09 -5.68889e-10
43 -3.4197e-10 2.16177e-08 5.41149e-10
44 5.52973e-10 2.8154e-08 1.40471e-09
45 2.54659e-10 2.39058e-08 1.9827e-10
46 2.76486e-10 2.86882e-11 4.92946e-10
47 -1.45519e-11 -3.64383e-09 4.89308e-10
48 2.83762e-10 -2.75612e-08 -3.58114e-09
49 -3.63798e-11 -1.67855e-08 -5.27507e-11
50 -3.63798e-11 6.15627e-09 1.99498e-09
51 -3.4197e-10 1.83078e-08 1.35378e-09
52 2.6921e-10 -2.38225e-08 1.44973e-09
53 -3.4197e-10 -4.15614e-09 -1.23146e-09
54 -4.36557e-11 7.57519e-09 -5.45697e-10
55 -2.18279e-11 2.85503e-09 -6.87123e-10
56 2.47383e-10 -1.58616e-08 2.4238e-10
57 2.47383e-10 -1.45175e-08 2.83126e-09
58 2.6921e-10 1.13341e-08 -7.82165e-11
59 -3.4197e-10 4.63755e-08 7.32143e-11
60 2.6921e-10 6.32241e-11 2.67391e-10
61 -3.27418e-10 -1.25862e-08 1.35651e-09
62 -3.4197e-10 1.54498e-08 1.71894e-10
63 -4.36557e-11 -2.42802e-08 5.87534e-10
64 -4.36557e-11 -5.57219e-09 -1.65437e-09
65 2.76486e-10 -3.55395e-08 1.27511e-09
66 2.76486e-10 8.48468e-09 -5.41604e-10
67 2.40107e-10 3.04996e-08 9.35415e-10
68 2.6921e-10 -1.63336e-08 3.16049e-10
69 -1.45519e-11 -2.80304e-08 -7.68523e-10
70 -7.27596e-11 3.84491e-08 -1.94814e-09
71 -3.20142e-10 -1.33843e-09 -1.13505e-09
72 -2.18279e-11 2.67206e-08 -1.06047e-09
73 -3.71074e-10 -1.25488e-08 7.35781e-10
74 -2.91038e-11 3.34431e-09 3.44244e-10
75 -7.27596e-12 2.34482e-08 -3.71529e-10
76 -2.91038e-11 2.01498e-08 4.89308e-10
77 2.91038e-10 1.78732e-08 1.95541e-10
78 -3.63798e-11 -2.14538e-08 1.42882e-09
79 -3.63798e-11 -1.7695e-08 -2.74667e-10
80 2.76486e-10 4.26598e-08 -6.93944e-10
