26 9.89799e-10 -4.38281e-08 -2.11399e-09
27 -1.98151e-05 -4.27825e-05 -2.05222e-05
28 -1.39291e-05 -3.23555e-05 -1.65565e-05
29 -5.14997e-06 -5.60305e-05 -8.63828e-06
30 -5.40409e-06 -5.43993e-05 -8.72985e-06
31 -4.80587e-06 -5.55417e-05 -8.79063e-06
32 -4.71956e-06 -5.53913e-05 -8.7381e-06
33 -4.70493e-06 -5.54316e-05 -8.73691e-06
34 -4.69057e-06 -5.54559e-05 -8.73369e-06
35 -4.67639e-06 -5.54765e-05 -8.73184e-06
36 -4.66187e-06 -5.54966e-05 -8.73014e-06
37 -4.64843e-06 -5.55133e-05 -8.72872e-06
38 -4.63431e-06 -5.55303e-05 -8.72767e-06
39 -4.62053e-06 -5.55444e-05 -8.72688e-06
40 -4.60803e-06 -5.55587e-05 -8.72632e-06
41 -4.59424e-06 -5.55739e-05 -8.72566e-06
42 -4.5809e-06 -5.55854e-05 -8.72536e-06
43 -4.56679e-06 -5.55977e-05 -8.72498e-06
44 -4.55368e-06 -5.56091e-05 -8.7249e-06
45 -4.54015e-06 -5.56204e-05 -8.72482e-06
46 -4.52667e-06 -5.56305e-05 -8.72479e-06
47 -4.51322e-06 -5.56411e-05 -8.72488e-06
48 -4.49986e-06 -5.56513e-05 -8.72499e-06
49 -4.48663e-06 -5.56606e-05 -8.72516e-06
50 -4.47334e-06 -5.567e-05 -8.72536e-06
51 -4.45994e-06 -5.56793e-05 -8.72557e-06
52 -4.44671e-06 -5.56884e-05 -8.72583e-06
53 -4.43351e-06 -5.56973e-05 -8.72612e-06
54 -4.42014e-06 -5.57063e-05 -8.72642e-06
55 -4.40712e-06 -5.57154e-05 -8.72678e-06
56 -4.39395e-06 -5.57244e-05 -8.72714e-06
57 -4.38069e-06 -5.57331e-05 -8.72747e-06
58 -4.36726e-06 -5.57421e-05 -8.72784e-06
59 -4.35374e-06 -5.57513e-05 -8.72814e-06
60 -4.34047e-06 -5.57602e-05 -8.72852e-06
61 -4.32714e-06 -5.57688e-05 -8.7289e-06
62 -4.3137e-06 -5.57778e-05 -8.72925e-06
63 -4.30037e-06 -5.57863e-05 -8.72965e-06
64 -4.28705e-06 -5.57949e-05 -8.73005e-06
65 -4.2737e-06 -5.58033e-05 -8.73044e-06
66 -4.26035e-06 -5.58118e-05 -8.73084e-06
67 -4.24697e-06 -5.58202e-05 -8.73125e-06
68 -4.23361e-06 -5.58285e-05 -8.73166e-06
69 -4.22023e-06 -5.58369e-05 -8.73207e-06
70 -4.20685e-06 -5.58452e-05 -8.73248e-06
71 -4.19344e-06 -5.58535e-05 -8.73289e-06
72 -4.18004e-06 -5.58618e-05 -8.73331e-06
73 -4.16661e-06 -5.587e-05 -8.73373e-06
74 -4.15317e-06 -5.58783e-05 -8.73414e-06
75 -4.13974e-06 -5.58865e-05 -8.73456e-06
76 -4.12632e-06 -5.58947e-05 -8.73498e-06
77 -4.11286e-06 -5.59029e-05 -8.73539e-06
78 -4.0994e-06 -5.59111e-05 -8.73581e-06
79 -4.08594e-06 -5.59192e-05 -8.73623e-06
80 -4.07247e-06 -5.59274e-05 -8.73664e-06
