26 0.061923 -0.034581 -4.15286e-11
27 0.00034422 -0.000651986 6.1922e-08
28 0.0036662 -0.132653 1.40731e-06
29 3.18732e-08 -8.03448e-09 -3.95448e-09
30 -2.32062e-08 3.55612e-09 2.49656e-09
31 9.35688e-09 -3.16049e-09 -2.69665e-09
32 -8.40373e-09 4.75461e-09 -2.48292e-10
33 -1.7882e-08 -1.62891e-09 1.437e-10
34 -2.89219e-10 4.38968e-09 1.80262e-09
35 1.33832e-08 -2.69279e-09 -6.40284e-10
36 1.3084e-08 -2.148e-09 -2.34013e-09
37 -1.05319e-09 -1.12232e-09 7.5579e-10
38 -1.34833e-08 -1.27329e-10 1.92267e-09
39 1.98088e-09 -3.6589e-09 -7.51243e-10
40 2.93539e-09 -4.86807e-10 6.08452e-10
41 1.39471e-09 1.68939e-09 -3.97449e-10
42 -2.08192e-08 4.68526e-09 -3.00133e-10
43 -2.28374e-09 -4.34852e-09 -5.19321e-10
44 1.30044e-08 -1.14551e-09 -6.07542e-10
45 -1.66965e-08 5.87215e-09 3.00861e-09
46 2.96186e-08 -7.258e-09 -2.93585e-09
47 -2.19561e-08 -4.08795e-09 -1.16961e-09
48 -1.19639e-08 1.88993e-09 2.72576e-09
49 3.0203e-08 3.60251e-09 -2.18279e-10
50 -7.53516e-10 1.27625e-09 1.81171e-09
51 3.71556e-08 -1.3265e-09 8.2764e-10
52 8.36053e-09 -5.80826e-09 -2.06182e-09
53 -1.19171e-08 5.42673e-09 7.15772e-10
54 4.1814e-09 -3.91424e-09 1.15688e-09
55 2.94344e-08 -7.20775e-11 5.62068e-10
56 1.32259e-08 -2.08911e-09 -1.41972e-09
57 -4.42396e-08 -4.70209e-09 -1.00317e-09
58 1.94254e-08 -1.64914e-09 1.21963e-09
59 -8.42874e-09 2.78283e-09 5.0477e-10
60 -1.06561e-08 -6.66569e-09 -1.1496e-09
61 1.88211e-08 3.74007e-09 2.24918e-09
62 8.64929e-10 2.09502e-09 -1.36879e-09
63 1.93095e-08 9.36552e-10 4.41105e-10
64 -1.48671e-08 -2.6489e-09 7.25777e-10
65 1.62386e-08 6.33872e-09 -7.1941e-10
66 2.67892e-09 6.63067e-09 -3.08501e-09
67 1.93131e-09 2.16073e-09 2.72303e-09
68 2.52253e-08 -7.83075e-10 -2.22735e-09
69 -2.03977e-08 4.27963e-09 2.47019e-09
70 -2.20971e-08 2.46905e-09 -1.20326e-09
71 1.55505e-08 -2.75895e-09 1.65528e-09
72 -1.33423e-08 -1.01909e-09 6.38465e-10
73 2.39465e-08 -4.86807e-10 -3.07682e-09
74 -3.33312e-08 3.10979e-09 -3.89264e-10
75 1.62481e-08 3.18687e-09 1.43336e-09
76 -2.07547e-08 2.54363e-09 -7.98536e-10
77 2.56705e-09 -2.47428e-09 -1.0923e-09
78 4.38854e-08 -2.6439e-09 1.47884e-09
79 -2.88865e-08 2.70097e-09 1.10504e-09
80 7.96035e-09 3.93038e-09 3.07409e-10
