26 1.02334e-09 -1.12913e-08 2.20655e-08
27 -1.35316e-06 8.40986e-05 7.78896e-05
28 -2.54212e-07 6.73287e-05 6.03424e-05
29 -2.16731e-06 -2.67436e-05 9.53613e-06
30 -1.9712e-06 -2.49131e-05 9.57623e-06
31 -1.58734e-06 -2.59e-05 9.60814e-06
32 -1.534e-06 -2.59021e-05 9.56221e-06
33 -1.51524e-06 -2.59484e-05 9.55987e-06
34 -1.50372e-06 -2.59808e-05 9.55791e-06
35 -1.48963e-06 -2.60059e-05 9.55691e-06
36 -1.47623e-06 -2.60292e-05 9.55651e-06
37 -1.46305e-06 -2.60488e-05 9.55607e-06
38 -1.44945e-06 -2.6067e-05 9.55633e-06
39 -1.43568e-06 -2.6082e-05 9.55652e-06
40 -1.4228e-06 -2.60964e-05 9.55693e-06
41 -1.40941e-06 -2.61114e-05 9.55774e-06
42 -1.3958e-06 -2.61222e-05 9.55846e-06
43 -1.38192e-06 -2.61337e-05 9.55937e-06
44 -1.3684e-06 -2.61436e-05 9.56031e-06
45 -1.35461e-06 -2.61534e-05 9.56135e-06
46 -1.34088e-06 -2.61619e-05 9.56239e-06
47 -1.32713e-06 -2.61704e-05 9.56358e-06
48 -1.31342e-06 -2.61785e-05 9.56475e-06
49 -1.29972e-06 -2.61857e-05 9.56596e-06
50 -1.28602e-06 -2.61927e-05 9.56721e-06
51 -1.27228e-06 -2.61996e-05 9.56851e-06
52 -1.25857e-06 -2.62063e-05 9.56977e-06
53 -1.24488e-06 -2.62126e-05 9.57109e-06
54 -1.23114e-06 -2.6219e-05 9.57245e-06
55 -1.21761e-06 -2.62252e-05 9.57383e-06
56 -1.20397e-06 -2.62314e-05 9.57522e-06
57 -1.19028e-06 -2.62374e-05 9.57661e-06
58 -1.17653e-06 -2.62436e-05 9.57802e-06
59 -1.16277e-06 -2.625e-05 9.57942e-06
60 -1.1491e-06 -2.6256e-05 9.5808e-06
61 -1.13538e-06 -2.62618e-05 9.58221e-06
62 -1.12167e-06 -2.6268e-05 9.58362e-06
63 -1.10796e-06 -2.62736e-05 9.58502e-06
64 -1.09427e-06 -2.62793e-05 9.58642e-06
65 -1.08055e-06 -2.62849e-05 9.58782e-06
66 -1.06686e-06 -2.62904e-05 9.58921e-06
67 -1.05315e-06 -2.62959e-05 9.59061e-06
68 -1.03944e-06 -2.63014e-05 9.592e-06
69 -1.02574e-06 -2.63068e-05 9.5934e-06
70 -1.01204e-06 -2.63123e-05 9.59478e-06
71 -9.98334e-07 -2.63177e-05 9.59617e-06
72 -9.84635e-07 -2.63231e-05 9.59755e-06
73 -9.70927e-07 -2.63285e-05 9.59893e-06
74 -9.57212e-07 -2.63338e-05 9.60031e-06
75 -9.4352e-07 -2.63392e-05 9.60168e-06
76 -9.29831e-07 -2.63445e-05 9.60305e-06
77 -9.16133e-07 -2.63498e-05 9.60442e-06
78 -9.02431e-07 -2.63551e-05 9.60578e-06
79 -8.88738e-07 -2.63604e-05 9.60714e-06
80 -8.75051e-07 -2.63657e-05 9.6085e-06
