26 1.96508e-09 -4.81147e-08 -2.24401e-10
27 1.20064e-06 -6.67244e-05 1.37448e-05
28 2.9233e-06 -5.31427e-05 1.05361e-05
29 3.69287e-06 -6.53361e-05 5.93198e-06
30 3.52978e-06 -6.41142e-05 5.91116e-06
31 4.1968e-06 -6.50843e-05 6.02177e-06
32 4.22717e-06 -6.49079e-05 5.97486e-06
33 4.2407e-06 -6.49481e-05 5.97393e-06
34 4.25184e-06 -6.49662e-05 5.97254e-06
35 4.26417e-06 -6.49843e-05 5.97149e-06
36 4.27707e-06 -6.49999e-05 5.97119e-06
37 4.28911e-06 -6.50138e-05 5.97065e-06
38 4.30227e-06 -6.50271e-05 5.97078e-06
39 4.31532e-06 -6.50391e-05 5.97069e-06
40 4.32731e-06 -6.50516e-05 5.97069e-06
41 4.34057e-06 -6.5063e-05 5.9713e-06
42 4.35367e-06 -6.50727e-05 5.9716e-06
43 4.36752e-06 -6.50821e-05 5.97221e-06
44 4.38061e-06 -6.50919e-05 5.97265e-06
45 4.39416e-06 -6.51012e-05 5.97323e-06
46 4.4077e-06 -6.51096e-05 5.97379e-06
47 4.42133e-06 -6.51185e-05 5.97446e-06
48 4.43489e-06 -6.51272e-05 5.9751e-06
49 4.44838e-06 -6.51352e-05 5.97575e-06
50 4.46195e-06 -6.51432e-05 5.97645e-06
51 4.47566e-06 -6.51509e-05 5.97721e-06
52 4.48923e-06 -6.51588e-05 5.97788e-06
53 4.50281e-06 -6.51665e-05 5.9786e-06
54 4.51657e-06 -6.51742e-05 5.97939e-06
55 4.53004e-06 -6.51821e-05 5.98016e-06
56 4.54365e-06 -6.51899e-05 5.98094e-06
57 4.55734e-06 -6.51974e-05 5.98174e-06
58 4.57122e-06 -6.52051e-05 5.98257e-06
59 4.58515e-06 -6.52127e-05 5.98341e-06
60 4.59888e-06 -6.52205e-05 5.98418e-06
61 4.61268e-06 -6.52279e-05 5.98499e-06
62 4.62656e-06 -6.52355e-05 5.98582e-06
63 4.64038e-06 -6.52429e-05 5.98662e-06
64 4.65418e-06 -6.52504e-05 5.98741e-06
65 4.66802e-06 -6.52577e-05 5.9882e-06
66 4.68186e-06 -6.52651e-05 5.989e-06
67 4.69572e-06 -6.52724e-05 5.98979e-06
68 4.70958e-06 -6.52797e-05 5.99058e-06
69 4.72345e-06 -6.5287e-05 5.99137e-06
70 4.73733e-06 -6.52943e-05 5.99216e-06
71 4.75123e-06 -6.53015e-05 5.99294e-06
72 4.76513e-06 -6.53088e-05 5.99373e-06
73 4.77905e-06 -6.5316e-05 5.99451e-06
74 4.793e-06 -6.53233e-05 5.99529e-06
75 4.80691e-06 -6.53305e-05 5.99607e-06
76 4.82084e-06 -6.53377e-05 5.99684e-06
77 4.83479e-06 -6.53449e-05 5.99761e-06
78 4.84875e-06 -6.53521e-05 5.99838e-06
79 4.8627e-06 -6.53592e-05 5.99915e-06
80 4.87666e-06 -6.53664e-05 5.99992e-06
