26 0.468291 -1.96242 3.82823e-11
27 -1.83182e-05 -5.83161e-05 5.123e-08
28 0.071792 -0.0300115 -4.1304e-06
29 -1.836e-05 2.01409e-05 6.56814e-08
30 -3.20142e-10 6.85945e-08 8.36735e-10
31 -5.82077e-11 -8.15496e-08 -3.10501e-09
32 -3.0559e-10 6.09982e-08 2.61025e-10
33 -3.34694e-10 -5.05958e-08 -3.16504e-10
34 -3.20142e-10 8.59989e-08 -8.44921e-10
35 -6.54836e-11 -2.94862e-08 -1.5516e-09
36 -6.54836e-11 1.20766e-08 3.31238e-09
37 2.18279e-10 -3.47623e-08 -1.2451e-09
38 2.11003e-10 -1.21547e-07 2.7826e-09
39 -3.63798e-11 1.80659e-08 -4.46562e-10
40 2.18279e-10 1.2025e-08 -1.81763e-09
41 -7.27596e-11 -6.08742e-09 2.20734e-09
42 1.96451e-10 1.41592e-09 5.71617e-10
43 4.94765e-10 6.33081e-08 1.68257e-09
44 -7.27596e-11 2.49078e-08 1.71849e-09
45 2.47383e-10 -1.84886e-07 -7.58519e-10
46 1.89175e-10 1.42605e-07 -1.59798e-09
47 -5.82077e-11 -3.17496e-08 4.42014e-10
48 8.73115e-11 1.62195e-07 3.09501e-09
49 8.00355e-11 1.80039e-08 -1.15324e-09
50 7.27596e-11 -5.2823e-08 -3.14685e-09
51 -2.91038e-11 6.41607e-08 4.68481e-09
52 -5.82077e-11 -3.48037e-08 -2.48474e-09
53 -5.09317e-11 6.861e-08 2.82535e-09
54 9.45874e-11 -7.0181e-08 -1.02364e-09
55 1.30967e-10 -4.82084e-08 1.27557e-09
56 1.01863e-10 -7.17364e-08 -4.56293e-09
57 -2.18279e-10 -1.96575e-08 1.76806e-09
58 8.73115e-11 -2.72383e-08 -9.79526e-10
59 -5.09317e-11 -5.89053e-08 8.34007e-10
60 2.32831e-10 9.76157e-09 -1.41972e-09
61 -1.81899e-10 1.19991e-08 3.54112e-09
62 7.27596e-11 -1.81744e-08 2.59661e-10
63 -3.63798e-11 8.00252e-08 -2.3083e-09
64 -6.54836e-11 -1.29836e-07 1.7244e-09
65 6.54836e-11 2.33213e-08 3.18187e-09
66 -5.09317e-11 -8.82882e-08 2.52203e-09
67 8.73115e-11 5.14174e-09 -1.59707e-09
68 -4.36557e-11 -7.69608e-08 -9.33596e-10
69 -4.36557e-11 6.10808e-08 1.32422e-09
70 1.01863e-10 1.27588e-08 -5.80485e-09
71 -7.27596e-11 6.76437e-09 2.52203e-09
72 9.45874e-11 -5.28954e-08 -4.54747e-12
73 -5.09317e-11 3.75787e-08 2.56387e-09
74 8.73115e-11 6.04607e-09 4.8658e-10
75 -6.54836e-11 -6.79641e-08 -8.88576e-10
76 7.27596e-11 1.26606e-08 1.32013e-09
77 -3.63798e-11 2.03448e-08 9.7225e-10
78 4.36557e-11 -7.01448e-08 4.0709e-09
79 8.00355e-11 -3.32069e-08 -1.64073e-09
80 5.82077e-11 -3.07471e-09 -1.41745e-09
