26 -9.85277e-09 -3.77624e-08 -2.70863e-09
27 -6.7816e-05 -9.96455e-06 -2.21576e-07
28 -5.26671e-05 -5.90903e-06 -3.30786e-07
29 -2.5524e-05 -4.2124e-05 -8.3416e-08
30 -2.57857e-05 -4.04315e-05 3.27131e-08
31 -2.54079e-05 -4.14406e-05 4.52572e-09
32 -2.52062e-05 -4.13725e-05 -4.82245e-09
33 -2.51859e-05 -4.14158e-05 -2.87323e-09
34 -2.51653e-05 -4.14447e-05 -3.4951e-09
35 -2.51468e-05 -4.14683e-05 -3.46809e-09
36 -2.51291e-05 -4.14907e-05 -3.76347e-09
37 -2.51126e-05 -4.15096e-05 -3.84441e-09
38 -2.50966e-05 -4.1528e-05 -4.04986e-09
39 -2.50813e-05 -4.15432e-05 -4.11283e-09
40 -2.50676e-05 -4.15583e-05 -4.11604e-09
41 -2.5053e-05 -4.15742e-05 -4.3541e-09
42 -2.50393e-05 -4.1586e-05 -4.39639e-09
43 -2.50249e-05 -4.15987e-05 -4.58179e-09
44 -2.50118e-05 -4.161e-05 -4.61125e-09
45 -2.49985e-05 -4.16213e-05 -4.68805e-09
46 -2.49852e-05 -4.16313e-05 -4.76212e-09
47 -2.49724e-05 -4.16415e-05 -4.83411e-09
48 -2.49596e-05 -4.16514e-05 -4.89544e-09
49 -2.4947e-05 -4.16604e-05 -4.93092e-09
50 -2.49345e-05 -4.16693e-05 -4.98092e-09
51 -2.49219e-05 -4.1678e-05 -5.05557e-09
52 -2.49096e-05 -4.16866e-05 -5.0901e-09
53 -2.48973e-05 -4.16949e-05 -5.1251e-09
54 -2.4885e-05 -4.17033e-05 -5.19359e-09
55 -2.4873e-05 -4.17116e-05 -5.23454e-09
56 -2.4861e-05 -4.17199e-05 -5.28035e-09
57 -2.48488e-05 -4.17279e-05 -5.34031e-09
58 -2.48366e-05 -4.17362e-05 -5.4211e-09
59 -2.48242e-05 -4.17447e-05 -5.52683e-09
60 -2.48121e-05 -4.17528e-05 -5.58382e-09
61 -2.48e-05 -4.17606e-05 -5.65111e-09
62 -2.47878e-05 -4.17689e-05 -5.74687e-09
63 -2.47757e-05 -4.17766e-05 -5.81429e-09
64 -2.47636e-05 -4.17844e-05 -5.88002e-09
65 -2.47515e-05 -4.1792e-05 -5.94994e-09
66 -2.47394e-05 -4.17997e-05 -6.02381e-09
67 -2.47273e-05 -4.18073e-05 -6.0974e-09
68 -2.47152e-05 -4.18148e-05 -6.17249e-09
69 -2.47031e-05 -4.18224e-05 -6.24835e-09
70 -2.4691e-05 -4.18299e-05 -6.32674e-09
71 -2.46789e-05 -4.18373e-05 -6.40685e-09
72 -2.46668e-05 -4.18448e-05 -6.48825e-09
73 -2.46547e-05 -4.18522e-05 -6.57076e-09
74 -2.46425e-05 -4.18597e-05 -6.65736e-09
75 -2.46304e-05 -4.18671e-05 -6.74329e-09
76 -2.46183e-05 -4.18744e-05 -6.83003e-09
77 -2.46061e-05 -4.18818e-05 -6.91948e-09
78 -2.4594e-05 -4.18892e-05 -7.01131e-09
79 -2.45818e-05 -4.18965e-05 -7.10313e-09
80 -2.45697e-05 -4.19038e-05 -7.19667e-09
