26 -0.779978 -0.262843 -4.88232e-10
27 0.000345475 -0.00241402 1.46647e-08
28 0.00367903 -0.151858 1.03457e-06
29 32.0756 79.5043 1.13596e-09
30 -4.05726e-09 1.38516e-09 -1.20963e-10
31 -2.93221e-09 -3.94675e-09 -4.75666e-10
32 3.0821e-08 1.25101e-09 -3.18323e-11
33 -1.20335e-08 1.23873e-09 -3.61979e-10
34 1.48448e-08 -4.09864e-09 -2.77396e-10
35 -2.94494e-09 -4.08727e-09 2.10093e-10
36 2.81761e-09 1.21963e-09 5.67525e-10
37 -1.49021e-08 1.20826e-09 -1.2069e-09
38 -1.03355e-08 1.21872e-09 1.10686e-09
39 7.36418e-09 -4.14002e-09 -1.71894e-10
40 -7.54335e-09 -4.12183e-09 5.9481e-10
41 -1.20581e-08 1.19098e-09 -6.36646e-12
42 6.16274e-09 1.17916e-09 -2.1646e-10
43 1.4189e-08 1.17961e-09 6.53927e-10
44 -5.80712e-09 1.1928e-09 -3.27418e-11
45 5.04406e-09 1.16506e-09 -8.17636e-10
46 -1.20717e-08 1.1778e-09 4.33829e-10
47 -9.54969e-11 -4.12274e-09 -4.54747e-12
48 1.24974e-08 1.17325e-09 1.30967e-10
49 4.58385e-10 1.18098e-09 -6.31189e-10
50 7.91169e-09 1.1737e-09 4.3201e-10
51 -1.54869e-08 1.16961e-09 4.91127e-11
52 1.76178e-08 -4.15457e-09 3.50155e-10
53 -4.08272e-09 -4.14366e-09 -3.08319e-10
54 2.27756e-08 6.49106e-09 5.41149e-10
55 -1.15306e-08 1.1737e-09 -5.63887e-11
56 -2.07019e-08 -4.15503e-09 -1.65528e-10
57 1.02082e-08 -4.14593e-09 2.40107e-10
58 6.19457e-09 6.47924e-09 -3.57431e-10
59 1.56433e-09 -4.14138e-09 -2.26464e-10
60 -1.37761e-08 -4.15366e-09 2.41926e-10
61 2.18733e-09 -4.14775e-09 -2.75577e-10
62 -6.97037e-09 6.48424e-09 -1.38243e-10
63 7.34599e-09 1.15642e-09 -1.39153e-10
64 1.02591e-08 -4.16185e-09 -1.38243e-10
65 2.21371e-09 1.17052e-09 4.80213e-10
66 -7.51152e-09 1.17097e-09 6.73026e-10
67 -6.3983e-09 -4.15685e-09 3.50155e-10
68 -1.54932e-08 1.15188e-09 -6.33008e-10
69 -2.92584e-09 -4.15866e-09 4.33829e-10
70 7.35236e-09 6.48561e-09 -7.27596e-12
71 -1.72422e-08 -4.1473e-09 -1.39153e-10
72 -5.81986e-09 1.16961e-09 -6.33008e-10
73 2.50457e-08 1.16415e-09 5.92991e-10
74 -1.8953e-08 1.16688e-09 2.40107e-10
75 3.32693e-09 1.15369e-09 -7.96717e-10
76 -6.80302e-10 -4.14639e-09 6.79393e-10
77 2.79215e-09 -4.14548e-09 -8.72205e-10
78 -2.3847e-09 -4.15412e-09 4.61114e-10
79 2.1656e-08 1.17006e-09 2.89219e-10
80 1.07812e-08 -4.15093e-09 -4.96584e-10
