26 9.70114e-09 -4.29326e-08 -8.04384e-09
27 3.19407e-05 -1.63903e-05 -3.39547e-05
28 2.66334e-05 -1.40305e-05 -2.67203e-05
29 1.2002e-05 -4.50081e-05 -1.3566e-05
30 1.21667e-05 -4.36534e-05 -1.35162e-05
31 1.2616e-05 -4.44128e-05 -1.36452e-05
32 1.2624e-05 -4.43743e-05 -1.35751e-05
33 1.26379e-05 -4.44171e-05 -1.35696e-05
34 1.26461e-05 -4.44411e-05 -1.35658e-05
35 1.26578e-05 -4.44627e-05 -1.35629e-05
36 1.26697e-05 -4.44803e-05 -1.35613e-05
37 1.26812e-05 -4.44964e-05 -1.35594e-05
38 1.26941e-05 -4.45102e-05 -1.35587e-05
39 1.27071e-05 -4.45229e-05 -1.35579e-05
40 1.27194e-05 -4.45357e-05 -1.35573e-05
41 1.27329e-05 -4.45461e-05 -1.35575e-05
42 1.27464e-05 -4.45554e-05 -1.35575e-05
43 1.27604e-05 -4.45636e-05 -1.3558e-05
44 1.27741e-05 -4.45724e-05 -1.35583e-05
45 1.27882e-05 -4.45804e-05 -1.35589e-05
46 1.28023e-05 -4.45875e-05 -1.35595e-05
47 1.28166e-05 -4.45948e-05 -1.35603e-05
48 1.28308e-05 -4.46018e-05 -1.3561e-05
49 1.28451e-05 -4.46082e-05 -1.35619e-05
50 1.28594e-05 -4.46143e-05 -1.35628e-05
51 1.28738e-05 -4.46201e-05 -1.35638e-05
52 1.28881e-05 -4.46263e-05 -1.35647e-05
53 1.29025e-05 -4.46321e-05 -1.35658e-05
54 1.29171e-05 -4.46377e-05 -1.35669e-05
55 1.29314e-05 -4.46435e-05 -1.3568e-05
56 1.29459e-05 -4.46492e-05 -1.35691e-05
57 1.29604e-05 -4.46546e-05 -1.35703e-05
58 1.2975e-05 -4.46601e-05 -1.35716e-05
59 1.29896e-05 -4.46656e-05 -1.35728e-05
60 1.30042e-05 -4.46713e-05 -1.3574e-05
61 1.30188e-05 -4.46765e-05 -1.35752e-05
62 1.30334e-05 -4.4682e-05 -1.35764e-05
63 1.3048e-05 -4.46873e-05 -1.35777e-05
64 1.30625e-05 -4.46926e-05 -1.35789e-05
65 1.30771e-05 -4.46978e-05 -1.35801e-05
66 1.30917e-05 -4.4703e-05 -1.35814e-05
67 1.31063e-05 -4.47082e-05 -1.35826e-05
68 1.31209e-05 -4.47134e-05 -1.35839e-05
69 1.31355e-05 -4.47185e-05 -1.35851e-05
70 1.31501e-05 -4.47237e-05 -1.35864e-05
71 1.31648e-05 -4.47288e-05 -1.35876e-05
72 1.31794e-05 -4.4734e-05 -1.35889e-05
73 1.3194e-05 -4.47391e-05 -1.35901e-05
74 1.32086e-05 -4.47443e-05 -1.35914e-05
75 1.32232e-05 -4.47494e-05 -1.35927e-05
76 1.32378e-05 -4.47545e-05 -1.35939e-05
77 1.32524e-05 -4.47597e-05 -1.35952e-05
78 1.3267e-05 -4.47648e-05 -1.35964e-05
79 1.32816e-05 -4.47699e-05 -1.35977e-05
80 1.32962e-05 -4.4775e-05 -1.3599e-05
