26 -1.88707e-09 -4.10894e-08 -3.56083e-09
27 -4.11136e-05 -2.25802e-05 -2.01138e-05
28 -3.10775e-05 -1.60864e-05 -1.61793e-05
29 -1.41583e-05 -4.74907e-05 -8.53733e-06
30 -1.44841e-05 -4.57893e-05 -8.5829e-06
31 -1.39618e-05 -4.68609e-05 -8.66492e-06
32 -1.38205e-05 -4.67627e-05 -8.6131e-06
33 -1.38044e-05 -4.68043e-05 -8.61143e-06
34 -1.37868e-05 -4.68317e-05 -8.60855e-06
35 -1.37707e-05 -4.68541e-05 -8.60675e-06
36 -1.37545e-05 -4.68758e-05 -8.60529e-06
37 -1.37397e-05 -4.68939e-05 -8.60397e-06
38 -1.37246e-05 -4.69118e-05 -8.60313e-06
39 -1.371e-05 -4.69266e-05 -8.60244e-06
40 -1.3697e-05 -4.69414e-05 -8.60195e-06
41 -1.36826e-05 -4.69571e-05 -8.60154e-06
42 -1.3669e-05 -4.69689e-05 -8.60133e-06
43 -1.36546e-05 -4.69815e-05 -8.60115e-06
44 -1.36415e-05 -4.69929e-05 -8.60115e-06
45 -1.3628e-05 -4.70042e-05 -8.6012e-06
46 -1.36145e-05 -4.70143e-05 -8.60128e-06
47 -1.36012e-05 -4.70247e-05 -8.60149e-06
48 -1.35881e-05 -4.70348e-05 -8.60171e-06
49 -1.35751e-05 -4.70439e-05 -8.60198e-06
50 -1.3562e-05 -4.70531e-05 -8.60227e-06
51 -1.35489e-05 -4.70621e-05 -8.6026e-06
52 -1.3536e-05 -4.70708e-05 -8.60295e-06
53 -1.35232e-05 -4.70794e-05 -8.60333e-06
54 -1.35102e-05 -4.70881e-05 -8.60374e-06
55 -1.34976e-05 -4.70967e-05 -8.60418e-06
56 -1.34849e-05 -4.71053e-05 -8.60464e-06
57 -1.3472e-05 -4.71137e-05 -8.60508e-06
58 -1.3459e-05 -4.71223e-05 -8.60555e-06
59 -1.34459e-05 -4.71311e-05 -8.60598e-06
60 -1.34331e-05 -4.71395e-05 -8.60646e-06
61 -1.34202e-05 -4.71477e-05 -8.60694e-06
62 -1.34072e-05 -4.71563e-05 -8.60741e-06
63 -1.33944e-05 -4.71644e-05 -8.6079e-06
64 -1.33815e-05 -4.71725e-05 -8.6084e-06
65 -1.33687e-05 -4.71805e-05 -8.6089e-06
66 -1.33558e-05 -4.71885e-05 -8.60939e-06
67 -1.33429e-05 -4.71964e-05 -8.6099e-06
68 -1.333e-05 -4.72044e-05 -8.61041e-06
69 -1.33171e-05 -4.72122e-05 -8.61091e-06
70 -1.33042e-05 -4.72201e-05 -8.61142e-06
71 -1.32913e-05 -4.72279e-05 -8.61194e-06
72 -1.32784e-05 -4.72358e-05 -8.61245e-06
73 -1.32655e-05 -4.72436e-05 -8.61296e-06
74 -1.32525e-05 -4.72514e-05 -8.61348e-06
75 -1.32396e-05 -4.72591e-05 -8.61399e-06
76 -1.32267e-05 -4.72668e-05 -8.61451e-06
77 -1.32137e-05 -4.72746e-05 -8.61502e-06
78 -1.32007e-05 -4.72823e-05 -8.61554e-06
79 -1.31878e-05 -4.729e-05 -8.61605e-06
80 -1.31748e-05 -4.72977e-05 -8.61657e-06
