26 -0.0298292 0.507335 -1.09399e-10
27 -7.66513e-06 -2.51398e-05 -4.2869e-08
28 -0.00230248 -0.00620509 -1.0317e-05
29 1.07578e-07 7.47832e-10 -9.9385e-10
30 1.24722e-07 -8.95723e-08 -2.4877e-09
31 3.04681e-10 -9.34756e-09 -9.09495e-11
32 9.02924e-08 -7.16436e-08 3.29658e-09
33 3.52716e-08 -3.76708e-08 -7.38066e-09
34 -6.14555e-08 4.40289e-08 5.75665e-09
35 -8.709e-08 6.53695e-08 -6.84395e-11
36 2.19884e-08 -7.69342e-09 -3.39537e-09
37 3.30247e-08 -2.96245e-08 5.41434e-09
38 -1.15244e-07 8.27536e-08 -7.75321e-09
39 1.06487e-07 -8.03807e-08 -5.88102e-10
40 -1.40153e-09 2.22769e-08 7.4192e-10
41 -1.95444e-07 1.45614e-07 -1.75874e-09
42 1.48673e-07 -1.08479e-07 4.79292e-09
43 -6.22595e-09 -6.19821e-09 -4.98198e-09
44 2.72153e-08 2.10548e-09 1.68166e-09
45 6.81152e-08 -7.08915e-08 3.06045e-09
46 -8.3829e-08 5.87693e-08 -2.98053e-09
47 -3.02775e-08 2.40459e-08 1.20178e-09
48 1.81415e-07 -1.42159e-07 -2.46507e-09
49 -1.57301e-07 1.33162e-07 5.22732e-10
50 -6.09148e-08 5.86563e-08 -4.55771e-09
51 4.49659e-08 -2.77646e-08 5.93252e-09
52 3.91433e-08 -2.85345e-08 -3.3267e-09
53 -4.82514e-08 1.20215e-08 2.2012e-09
54 -8.42742e-08 6.21515e-08 -2.51021e-09
55 9.82491e-08 -8.3013e-08 -5.75824e-10
56 -4.80804e-09 2.4068e-08 4.22608e-09
57 5.88079e-09 -2.16073e-08 -3.54976e-09
58 -8.49705e-08 6.83533e-08 -1.64061e-09
59 1.15055e-07 -7.32427e-08 4.81327e-09
60 -1.34541e-07 1.08681e-07 5.43139e-09
61 3.06909e-08 -1.85307e-08 -9.10291e-09
62 4.51951e-08 -4.0357e-08 6.26619e-09
63 1.19318e-07 -1.20246e-07 -4.15753e-09
64 -1.50114e-07 1.41942e-07 -4.91286e-09
65 9.38203e-08 -8.21842e-08 5.12409e-09
66 9.72195e-08 -7.04588e-08 4.59636e-10
67 2.03263e-08 -3.87088e-08 1.88572e-09
68 -9.88043e-08 9.80824e-08 -1.06729e-09
69 -1.96223e-08 2.87855e-09 -2.207e-09
70 1.02752e-07 -8.88431e-08 -3.13366e-09
71 -1.49285e-07 1.17089e-07 2.57785e-09
72 -1.16329e-08 2.01962e-08 4.79179e-09
73 1.04509e-07 -1.01182e-07 -1.85344e-09
74 -2.43699e-08 3.36295e-08 2.42471e-09
75 1.46533e-08 -2.48315e-08 -5.72209e-09
76 2.18056e-08 1.2232e-08 1.02622e-08
77 3.77668e-09 -2.32437e-08 -4.36012e-09
78 -2.49752e-08 1.60358e-08 -1.7875e-09
79 -1.60708e-08 1.44366e-08 3.18539e-09
80 -6.12558e-08 5.44735e-08 -2.51316e-09
