26 0.0180182 -0.0804456 -1.67133e-12
27 -1.09008e-05 -6.82059e-06 -3.88709e-08
28 0.0118487 0.000889601 2.97838e-05
29 -1.47438e-08 6.60549e-08 -2.53704e-09
30 1.18764e-07 -2.57101e-07 -5.52564e-09
31 -1.01244e-07 2.30963e-07 -4.4829e-09
32 -6.764e-08 1.90936e-07 1.73495e-08
33 1.87679e-08 -5.78044e-08 -6.46969e-09
34 -4.82901e-08 1.0343e-07 -3.96585e-09
35 4.69563e-08 -1.13369e-07 1.89493e-09
36 -3.44885e-08 6.98707e-08 -7.04131e-09
37 -1.64282e-08 6.02164e-08 4.7462e-09
38 -1.09258e-08 2.51158e-08 -4.43106e-09
39 -6.12022e-08 1.71361e-07 1.78989e-08
40 4.50941e-08 -1.15139e-07 -1.77265e-08
41 -9.58189e-08 2.25244e-07 7.58973e-10
42 1.09397e-07 -2.43919e-07 1.18512e-08
43 -6.08075e-08 1.41575e-07 -9.02673e-10
44 3.31625e-08 -6.84402e-08 6.96673e-10
45 -8.57108e-09 9.80208e-09 -6.04678e-09
46 -1.97956e-08 2.42159e-08 -4.00814e-09
47 1.42944e-07 -3.09545e-07 1.40562e-08
48 -1.37047e-07 2.84778e-07 -8.54698e-09
49 -8.51014e-08 2.27998e-07 3.38787e-09
50 1.15633e-08 -3.61497e-08 -1.03764e-08
51 -2.46873e-08 5.83946e-08 -1.39921e-08
52 -6.50639e-08 1.63668e-07 9.98307e-09
53 3.83657e-08 -8.12404e-08 -2.40243e-09
54 -2.04827e-08 7.34283e-08 -1.06002e-09
55 -2.62426e-08 3.54351e-08 5.87443e-09
56 9.21227e-08 -2.01507e-07 -6.36192e-10
57 7.29838e-08 -1.79329e-07 5.11591e-10
58 2.09184e-10 -4.30873e-09 1.07548e-09
59 6.60862e-08 -1.62998e-07 -6.64386e-09
60 -6.81393e-08 1.50971e-07 1.35283e-08
61 2.70579e-08 -6.08427e-08 -1.69739e-08
62 -7.75199e-08 1.72051e-07 1.50976e-08
63 1.86938e-08 -3.08546e-08 -3.34785e-09
64 4.12169e-08 -9.50502e-08 -3.00588e-10
65 2.464e-08 -7.73525e-08 2.39197e-10
66 -2.87487e-08 2.19401e-08 4.62478e-10
67 -5.30895e-08 1.88636e-07 1.06816e-08
68 6.9168e-08 -1.73234e-07 1.41699e-09
69 5.58034e-08 -1.26846e-07 2.7926e-09
70 8.25785e-08 -2.03016e-07 -5.16775e-09
71 -1.12165e-07 2.70333e-07 -9.33778e-09
72 -9.16907e-09 -7.96842e-09 -3.11866e-09
73 -1.68411e-08 5.53898e-08 4.71937e-09
74 7.11734e-08 -1.66457e-07 4.68845e-09
75 -3.56085e-08 8.26658e-08 6.74117e-09
76 4.53488e-08 -1.18936e-07 -6.55382e-09
77 3.6031e-08 -7.27271e-08 1.78948e-08
78 -5.5325e-08 1.35573e-07 -1.0607e-08
79 5.55328e-08 -1.23357e-07 5.98902e-10
80 1.2335e-08 -1.03832e-08 5.50472e-09
