26 1.06378e-09 2.9344e-08 -9.90583e-09
27 4.64239e-07 0.000212126 -6.02264e-05
28 1.6702e-06 0.000161389 -4.69591e-05
29 2.75527e-07 -1.38953e-05 -4.77552e-06
30 4.60804e-07 -1.23306e-05 -4.86442e-06
31 8.42049e-07 -1.30466e-05 -4.83023e-06
32 8.95493e-07 -1.31299e-05 -4.8141e-06
33 9.13752e-07 -1.31817e-05 -4.81319e-06
34 9.24825e-07 -1.32137e-05 -4.81145e-06
35 9.38585e-07 -1.32397e-05 -4.81075e-06
36 9.51704e-07 -1.32608e-05 -4.80977e-06
37 9.64606e-07 -1.32798e-05 -4.80915e-06
38 9.77985e-07 -1.3295e-05 -4.80852e-06
39 9.91538e-07 -1.33086e-05 -4.80822e-06
40 1.00425e-06 -1.33215e-05 -4.80809e-06
41 1.01749e-06 -1.3332e-05 -4.80755e-06
42 1.03091e-06 -1.33405e-05 -4.80747e-06
43 1.04465e-06 -1.3348e-05 -4.80714e-06
44 1.05801e-06 -1.33554e-05 -4.80718e-06
45 1.07168e-06 -1.33619e-05 -4.80714e-06
46 1.08526e-06 -1.33673e-05 -4.80715e-06
47 1.0989e-06 -1.33725e-05 -4.80722e-06
48 1.11249e-06 -1.33774e-05 -4.8073e-06
49 1.12607e-06 -1.33815e-05 -4.80744e-06
50 1.13965e-06 -1.33853e-05 -4.80757e-06
51 1.15328e-06 -1.33886e-05 -4.80768e-06
52 1.16687e-06 -1.33922e-05 -4.80789e-06
53 1.18045e-06 -1.33953e-05 -4.80808e-06
54 1.19409e-06 -1.33982e-05 -4.80826e-06
55 1.20753e-06 -1.34011e-05 -4.80849e-06
56 1.22108e-06 -1.3404e-05 -4.80872e-06
57 1.23467e-06 -1.34065e-05 -4.80892e-06
58 1.24833e-06 -1.3409e-05 -4.80912e-06
59 1.262e-06 -1.34117e-05 -4.80925e-06
60 1.27559e-06 -1.34144e-05 -4.80951e-06
61 1.28922e-06 -1.34167e-05 -4.80972e-06
62 1.30284e-06 -1.34192e-05 -4.80991e-06
63 1.31646e-06 -1.34215e-05 -4.81015e-06
64 1.33006e-06 -1.34238e-05 -4.8104e-06
65 1.3437e-06 -1.3426e-05 -4.81064e-06
66 1.3573e-06 -1.34281e-05 -4.81088e-06
67 1.37093e-06 -1.34303e-05 -4.81113e-06
68 1.38454e-06 -1.34324e-05 -4.81138e-06
69 1.39816e-06 -1.34345e-05 -4.81164e-06
70 1.41178e-06 -1.34366e-05 -4.81189e-06
71 1.4254e-06 -1.34387e-05 -4.81214e-06
72 1.43902e-06 -1.34407e-05 -4.81239e-06
73 1.45264e-06 -1.34428e-05 -4.81265e-06
74 1.46628e-06 -1.34449e-05 -4.8129e-06
75 1.47989e-06 -1.34469e-05 -4.81316e-06
76 1.4935e-06 -1.3449e-05 -4.81341e-06
77 1.50711e-06 -1.3451e-05 -4.81367e-06
78 1.52074e-06 -1.34531e-05 -4.81393e-06
79 1.53435e-06 -1.34551e-05 -4.81418e-06
80 1.54796e-06 -1.34572e-05 -4.81444e-06
