26 2.11395e-09 -4.78475e-08 8.47853e-10
27 1.10469e-05 -5.03091e-05 1.89465e-05
28 1.0529e-05 -4.04709e-05 1.46967e-05
29 7.88015e-06 -5.83482e-05 7.96677e-06
30 7.71644e-06 -5.71294e-05 7.98214e-06
31 8.44982e-06 -5.79872e-05 8.09379e-06
32 8.44855e-06 -5.78637e-05 8.03547e-06
33 8.46148e-06 -5.79049e-05 8.03436e-06
34 8.47153e-06 -5.79249e-05 8.03217e-06
35 8.4831e-06 -5.79442e-05 8.0307e-06
36 8.49568e-06 -5.79603e-05 8.02999e-06
37 8.5073e-06 -5.79749e-05 8.02913e-06
38 8.52045e-06 -5.79882e-05 8.029e-06
39 8.53338e-06 -5.80004e-05 8.02873e-06
40 8.54534e-06 -5.8013e-05 8.02862e-06
41 8.5589e-06 -5.80238e-05 8.02906e-06
42 8.57216e-06 -5.80333e-05 8.0293e-06
43 8.58633e-06 -5.8042e-05 8.02981e-06
44 8.59968e-06 -5.80514e-05 8.03024e-06
45 8.61357e-06 -5.80602e-05 8.0308e-06
46 8.62744e-06 -5.8068e-05 8.03136e-06
47 8.64147e-06 -5.80763e-05 8.03205e-06
48 8.65542e-06 -5.80843e-05 8.03272e-06
49 8.66931e-06 -5.80916e-05 8.03342e-06
50 8.68331e-06 -5.80988e-05 8.03417e-06
51 8.69748e-06 -5.81058e-05 8.03497e-06
52 8.71148e-06 -5.8113e-05 8.03571e-06
53 8.7255e-06 -5.81199e-05 8.03651e-06
54 8.73976e-06 -5.81268e-05 8.03737e-06
55 8.75371e-06 -5.81338e-05 8.03823e-06
56 8.76781e-06 -5.81409e-05 8.03909e-06
57 8.782e-06 -5.81475e-05 8.03997e-06
58 8.7964e-06 -5.81543e-05 8.04088e-06
59 8.81085e-06 -5.8161e-05 8.04179e-06
60 8.82507e-06 -5.8168e-05 8.04265e-06
61 8.83937e-06 -5.81746e-05 8.04355e-06
62 8.85377e-06 -5.81813e-05 8.04446e-06
63 8.86809e-06 -5.81879e-05 8.04535e-06
64 8.88239e-06 -5.81945e-05 8.04623e-06
65 8.89673e-06 -5.8201e-05 8.04712e-06
66 8.91107e-06 -5.82075e-05 8.048e-06
67 8.92543e-06 -5.8214e-05 8.04889e-06
68 8.93979e-06 -5.82205e-05 8.04977e-06
69 8.95416e-06 -5.82269e-05 8.05066e-06
70 8.96854e-06 -5.82333e-05 8.05154e-06
71 8.98294e-06 -5.82398e-05 8.05242e-06
72 8.99733e-06 -5.82462e-05 8.0533e-06
73 9.01174e-06 -5.82526e-05 8.05417e-06
74 9.02618e-06 -5.8259e-05 8.05504e-06
75 9.04059e-06 -5.82654e-05 8.05592e-06
76 9.05501e-06 -5.82718e-05 8.05678e-06
77 9.06944e-06 -5.82781e-05 8.05765e-06
78 9.08389e-06 -5.82845e-05 8.05851e-06
79 9.09833e-06 -5.82909e-05 8.05937e-06
80 9.11277e-06 -5.82972e-05 8.06023e-06
