26 -2.86261e-09 -3.76958e-08 1.21646e-08
27 -1.64957e-05 -1.01187e-05 4.76401e-05
28 -1.23142e-05 -6.02345e-06 3.75942e-05
29 -6.68637e-06 -4.22577e-05 1.37276e-05
30 -6.52891e-06 -4.05379e-05 1.38778e-05
31 -6.1417e-06 -4.15459e-05 1.38663e-05
32 -6.07025e-06 -4.14747e-05 1.38008e-05
33 -6.05044e-06 -4.15177e-05 1.37973e-05
34 -6.03771e-06 -4.15466e-05 1.37931e-05
35 -6.02301e-06 -4.157e-05 1.37909e-05
36 -6.00911e-06 -4.15923e-05 1.37891e-05
37 -5.99553e-06 -4.16112e-05 1.37877e-05
38 -5.98175e-06 -4.16295e-05 1.37869e-05
39 -5.96785e-06 -4.16447e-05 1.37864e-05
40 -5.95498e-06 -4.16597e-05 1.37864e-05
41 -5.94162e-06 -4.16756e-05 1.37863e-05
42 -5.92813e-06 -4.16874e-05 1.37866e-05
43 -5.91435e-06 -4.17001e-05 1.37869e-05
44 -5.90105e-06 -4.17115e-05 1.37876e-05
45 -5.88749e-06 -4.17227e-05 1.37883e-05
46 -5.874e-06 -4.17327e-05 1.3789e-05
47 -5.86054e-06 -4.1743e-05 1.37899e-05
48 -5.84713e-06 -4.17529e-05 1.37909e-05
49 -5.83376e-06 -4.17619e-05 1.37919e-05
50 -5.8204e-06 -4.17708e-05 1.3793e-05
51 -5.807e-06 -4.17796e-05 1.37941e-05
52 -5.79366e-06 -4.17881e-05 1.37953e-05
53 -5.78035e-06 -4.17965e-05 1.37965e-05
54 -5.76699e-06 -4.18049e-05 1.37977e-05
55 -5.75387e-06 -4.18132e-05 1.3799e-05
56 -5.74064e-06 -4.18216e-05 1.38003e-05
57 -5.72735e-06 -4.18296e-05 1.38016e-05
58 -5.714e-06 -4.18379e-05 1.38029e-05
59 -5.70063e-06 -4.18464e-05 1.38041e-05
60 -5.68737e-06 -4.18545e-05 1.38055e-05
61 -5.67405e-06 -4.18624e-05 1.38068e-05
62 -5.66075e-06 -4.18707e-05 1.38081e-05
63 -5.64746e-06 -4.18785e-05 1.38094e-05
64 -5.63418e-06 -4.18862e-05 1.38107e-05
65 -5.62087e-06 -4.18939e-05 1.38121e-05
66 -5.60759e-06 -4.19016e-05 1.38134e-05
67 -5.59429e-06 -4.19092e-05 1.38147e-05
68 -5.581e-06 -4.19168e-05 1.3816e-05
69 -5.5677e-06 -4.19244e-05 1.38174e-05
70 -5.55442e-06 -4.19319e-05 1.38187e-05
71 -5.54111e-06 -4.19394e-05 1.382e-05
72 -5.52782e-06 -4.19469e-05 1.38213e-05
73 -5.51452e-06 -4.19544e-05 1.38226e-05
74 -5.50122e-06 -4.19618e-05 1.3824e-05
75 -5.48793e-06 -4.19692e-05 1.38253e-05
76 -5.47465e-06 -4.19766e-05 1.38266e-05
77 -5.46135e-06 -4.1984e-05 1.38279e-05
78 -5.44805e-06 -4.19914e-05 1.38292e-05
79 -5.43476e-06 -4.19988e-05 1.38305e-05
80 -5.42147e-06 -4.20061e-05 1.38317e-05
