26 -0.0231861 -0.0626193 1.75655e-12
27 3.24748e-06 4.13246e-07 -1.45246e-08
28 -0.000592657 -0.00728616 -9.6134e-07
29 -2.72848e-11 1.56764e-07 -1.38816e-08
30 1.48384e-09 9.46275e-08 -1.02955e-09
31 7.50151e-09 2.83506e-07 8.1036e-09
32 -5.34192e-09 -1.3669e-07 -6.97946e-09
33 3.84398e-09 8.594e-08 9.13406e-09
34 3.90173e-10 2.26144e-08 8.94943e-10
35 -4.91082e-09 -1.1681e-07 -1.00945e-08
36 4.53201e-09 1.40162e-07 3.86854e-09
37 -8.5538e-09 -2.41189e-07 -1.40458e-08
38 4.31874e-09 4.06786e-08 1.01782e-08
39 -3.31192e-09 -9.25242e-08 -6.57019e-09
40 1.59889e-09 1.05713e-07 -1.67756e-09
41 -7.37555e-09 -3.51049e-07 3.26509e-09
42 3.38423e-09 6.63846e-08 4.83396e-09
43 1.74578e-09 1.97789e-07 -7.41329e-09
44 -3.06545e-09 -2.2374e-07 7.72843e-09
45 4.18822e-09 2.50086e-07 -1.19539e-08
46 7.78073e-10 -1.50857e-07 2.00603e-08
47 -6.05496e-09 1.90439e-08 -2.36996e-08
48 -1.57797e-09 -2.7188e-07 1.89884e-08
49 -3.6016e-09 -7.97567e-08 -9.65429e-09
50 3.87172e-09 8.86404e-08 1.15742e-08
51 2.50202e-09 1.63583e-07 -3.80169e-10
52 -3.41652e-09 -1.37845e-07 -1.05501e-10
53 2.14322e-09 9.13602e-08 -6.24368e-10
54 -8.61382e-09 -2.59708e-07 -6.552e-09
55 7.52925e-09 1.79205e-07 1.11322e-08
56 -3.5734e-09 -1.35925e-07 1.96769e-09
57 5.79712e-09 2.62337e-07 8.25366e-10
58 -9.29958e-10 7.13848e-08 -1.38966e-08
59 1.60162e-09 8.12117e-08 6.4797e-09
60 -8.76753e-10 -1.38312e-07 5.70708e-09
61 -2.97314e-09 -3.60274e-08 -1.03455e-08
62 1.85537e-09 9.43237e-08 -1.1978e-09
63 7.09406e-11 5.53038e-08 -4.94265e-09
64 -5.19776e-10 -1.43472e-07 1.01786e-08
65 -1.2642e-09 -4.7403e-09 -5.40194e-09
66 3.91583e-09 2.70928e-07 -4.20732e-09
67 -1.72759e-09 -1.25804e-07 3.94266e-09
68 6.86305e-09 3.00203e-07 -1.27557e-09
69 -9.60881e-10 -3.23847e-08 -2.84263e-09
70 1.92904e-09 1.12682e-07 3.56931e-09
71 2.61798e-09 1.22073e-07 2.38288e-09
72 -2.00725e-09 -4.67255e-08 -5.90353e-09
73 4.9713e-09 1.62919e-07 3.58159e-09
74 1.65073e-09 -5.29685e-08 9.71022e-09
75 5.65296e-09 2.48738e-07 4.44152e-09
76 -5.83805e-09 -1.76272e-07 -8.00856e-09
77 -5.97493e-09 -2.70353e-07 -2.06228e-09
78 -1.63254e-10 -1.64606e-08 1.60617e-09
79 2.05682e-09 2.47596e-08 3.25235e-09
80 1.5184e-09 1.53297e-07 -4.31464e-09
