26 -0.300035 0.11944 -4.64784e-12
27 -6.9717e-06 3.12995e-06 -1.96324e-08
28 0.00160748 -0.0533806 8.29714e-05
29 -2.07183e-08 1.38182e-08 -1.24146e-09
30 -2.12426e-08 -1.71482e-08 1.66801e-09
31 -1.12946e-08 -4.53178e-09 9.22228e-10
32 -1.12814e-08 6.4141e-09 2.04182e-09
33 4.82532e-08 3.69675e-09 -8.01265e-10
34 7.3328e-09 3.32273e-09 -1.11777e-09
35 -4.87398e-09 -4.88421e-09 -1.02591e-09
36 6.51562e-08 2.1562e-08 1.15415e-09
37 -2.3248e-08 -5.16127e-09 -7.46695e-10
38 4.21319e-08 3.35247e-08 -1.96997e-09
39 -1.32763e-08 -1.9298e-08 5.27962e-09
40 -2.35841e-08 9.50422e-11 -2.53021e-09
41 9.23214e-08 2.50024e-08 5.18412e-11
42 -5.87765e-08 6.93831e-10 -2.68028e-09
43 -1.64318e-08 -1.40896e-08 5.72982e-10
44 4.7185e-08 5.12762e-09 1.85537e-09
45 -2.45786e-08 -8.38736e-09 -1.96087e-09
46 -1.43427e-09 -1.37655e-08 5.32964e-10
47 7.15172e-08 3.01616e-08 2.69301e-09
48 -9.00855e-08 -1.95502e-08 -2.86491e-09
49 -3.81488e-09 -8.77174e-09 -1.77897e-09
50 9.08876e-08 2.30376e-08 1.47975e-09
51 -5.99739e-08 6.94627e-11 1.38243e-09
52 3.30338e-08 2.05512e-09 -7.91533e-09
53 -9.71704e-09 -1.07723e-08 7.22684e-09
54 -6.23995e-08 9.09608e-10 -1.06138e-09
55 -4.21583e-08 -2.55628e-08 -6.59384e-10
56 -1.11295e-08 -4.29577e-09 -4.84397e-09
57 -5.89303e-08 -9.09688e-09 3.28237e-09
58 1.24887e-08 -3.64764e-09 -1.90448e-09
59 3.90596e-08 4.0792e-09 1.33332e-09
60 -4.43156e-08 -4.28577e-09 7.71252e-10
61 3.67054e-08 5.78541e-09 -3.32147e-09
62 -3.61852e-08 -3.28146e-09 3.43789e-09
63 2.36782e-08 1.18634e-08 3.90173e-10
64 4.27249e-08 -7.03619e-09 1.62072e-09
65 -4.03452e-08 -6.71173e-09 1.57343e-10
66 -8.23638e-09 -1.48555e-09 1.17871e-09
67 -8.602e-09 2.05411e-08 -5.0386e-10
68 9.84028e-09 -1.86532e-08 -2.38197e-09
69 5.7094e-08 -3.27896e-09 2.22826e-10
70 -1.04108e-07 -2.19753e-08 4.47471e-10
71 -2.48033e-08 -7.8677e-09 -1.15506e-10
72 4.46908e-08 1.6942e-08 -1.83809e-09
73 4.09273e-12 3.85103e-09 1.07775e-09
74 1.33268e-08 4.70413e-09 -1.56069e-09
75 -3.47154e-09 1.07389e-09 3.40151e-09
76 -9.25484e-08 -2.03871e-08 -1.90903e-09
77 2.53794e-09 -1.638e-08 1.98634e-09
78 5.43696e-09 4.25655e-09 -2.10275e-09
79 3.32975e-08 -6.87567e-09 3.10138e-10
80 -1.45096e-08 6.15114e-09 1.56251e-09
