26 -0.120202 -0.0472229 2.89979e-11
27 8.1886e-06 -6.45259e-06 1.16506e-08
28 -0.0111245 0.00270322 -1.88617e-05
29 4.01615e-08 1.2197e-07 -7.30051e-09
30 2.55259e-08 5.34476e-08 6.24823e-10
31 -8.71046e-08 -1.95248e-07 -4.99949e-09
32 -1.42663e-07 -3.29504e-07 2.26783e-09
33 6.01894e-08 1.2511e-07 1.57161e-09
34 -3.59573e-08 -6.14245e-08 -3.34285e-09
35 5.15233e-08 1.01372e-07 1.04155e-08
36 1.12477e-08 2.90813e-08 -1.27629e-08
37 -6.55746e-10 -2.3553e-08 1.12859e-08
38 -9.0562e-08 -1.96101e-07 -8.23138e-09
39 4.904e-08 1.04506e-07 8.73661e-09
40 -9.70504e-08 -2.24136e-07 5.29735e-09
41 -3.688e-08 -9.15544e-08 -1.51867e-08
42 -7.16268e-08 -1.56528e-07 1.08839e-08
43 9.29936e-08 2.05098e-07 -1.94714e-08
44 -3.08951e-08 -7.42991e-08 1.99207e-08
45 -1.82804e-08 -4.51619e-08 -1.9927e-09
46 -1.68698e-08 -5.27821e-08 -6.50743e-10
47 -1.69612e-08 -3.83409e-08 2.27146e-09
48 -5.57829e-08 -9.67166e-08 1.82081e-09
49 5.71013e-08 1.16765e-07 8.78663e-09
50 4.75065e-08 1.19709e-07 -2.98633e-09
51 4.97803e-08 1.02033e-07 -1.5184e-09
52 4.88812e-08 1.22938e-07 -5.79621e-09
53 -4.93983e-08 -1.02483e-07 -5.6757e-09
54 -1.25464e-07 -2.9709e-07 -8.19455e-09
55 5.04692e-08 1.00795e-07 7.35008e-09
56 -2.58542e-08 -7.13527e-08 7.12771e-09
57 -6.55641e-08 -1.16532e-07 9.004e-10
58 4.38945e-08 8.56539e-08 8.15135e-09
59 3.62093e-08 6.67259e-08 -3.86945e-09
60 -8.83242e-08 -1.97074e-07 7.52607e-10
61 2.96982e-08 6.19627e-08 -3.26145e-09
62 -1.84809e-08 -3.70468e-08 9.87802e-09
63 -2.53431e-09 -7.85315e-09 -9.97397e-09
64 -9.4924e-09 -2.84324e-08 -7.57291e-09
65 -5.09422e-08 -1.08431e-07 1.10122e-08
66 5.60358e-08 1.44069e-07 1.12414e-09
67 -2.38902e-08 -6.70909e-08 -5.1914e-09
68 1.29057e-09 -1.65891e-08 8.36962e-09
69 -7.82579e-08 -1.61069e-07 -4.3492e-09
70 -1.26256e-08 -2.84855e-08 1.09121e-08
71 1.7195e-07 3.89841e-07 -8.57199e-09
72 -4.07786e-08 -9.57677e-08 -4.99131e-09
73 -1.52123e-07 -3.28912e-07 3.36149e-09
74 9.57266e-08 2.04512e-07 5.72663e-09
75 1.02756e-07 2.26997e-07 -1.05533e-08
76 -1.18598e-07 -2.57276e-07 -7.26914e-09
77 3.55731e-08 6.3038e-08 1.38684e-08
78 -5.5772e-08 -1.25354e-07 -5.46697e-09
79 1.28709e-07 3.06575e-07 -8.40464e-09
80 -2.8424e-08 -6.32297e-08 5.87806e-09
