26 -4.70402e-10 -4.22481e-08 -2.97524e-09
27 -3.20461e-05 -2.98268e-05 -2.11456e-05
28 -2.37824e-05 -2.1917e-05 -1.70187e-05
29 -1.03144e-05 -5.05619e-05 -8.9503e-06
30 -1.06153e-05 -4.88806e-05 -9.01836e-06
31 -1.00579e-05 -4.99802e-05 -9.09564e-06
32 -9.94001e-06 -4.98632e-05 -9.04087e-06
33 -9.9246e-06 -4.99043e-05 -9.03937e-06
34 -9.90837e-06 -4.99307e-05 -9.03622e-06
35 -9.8931e-06 -4.99524e-05 -9.03433e-06
36 -9.8776e-06 -4.99735e-05 -9.03271e-06
37 -9.86332e-06 -4.99911e-05 -9.03129e-06
38 -9.84862e-06 -5.00087e-05 -9.03034e-06
39 -9.83439e-06 -5.00233e-05 -9.02958e-06
40 -9.82157e-06 -5.00379e-05 -9.02905e-06
41 -9.80743e-06 -5.00535e-05 -9.02852e-06
42 -9.79394e-06 -5.00652e-05 -9.02827e-06
43 -9.77964e-06 -5.00777e-05 -9.02801e-06
44 -9.7665e-06 -5.00891e-05 -9.02798e-06
45 -9.75295e-06 -5.01004e-05 -9.02798e-06
46 -9.73947e-06 -5.01105e-05 -9.02803e-06
47 -9.72611e-06 -5.0121e-05 -9.02821e-06
48 -9.71283e-06 -5.01311e-05 -9.02839e-06
49 -9.69973e-06 -5.01404e-05 -9.02864e-06
50 -9.68658e-06 -5.01496e-05 -9.02891e-06
51 -9.67333e-06 -5.01587e-05 -9.02921e-06
52 -9.66028e-06 -5.01676e-05 -9.02955e-06
53 -9.64728e-06 -5.01763e-05 -9.02992e-06
54 -9.63411e-06 -5.01852e-05 -9.0303e-06
55 -9.62132e-06 -5.0194e-05 -9.03074e-06
56 -9.60839e-06 -5.02027e-05 -9.03118e-06
57 -9.59535e-06 -5.02112e-05 -9.0316e-06
58 -9.58217e-06 -5.022e-05 -9.03206e-06
59 -9.56885e-06 -5.02289e-05 -9.03245e-06
60 -9.55584e-06 -5.02375e-05 -9.03292e-06
61 -9.54275e-06 -5.02459e-05 -9.03338e-06
62 -9.52955e-06 -5.02546e-05 -9.03383e-06
63 -9.51648e-06 -5.02629e-05 -9.03431e-06
64 -9.50343e-06 -5.02711e-05 -9.0348e-06
65 -9.49033e-06 -5.02793e-05 -9.03528e-06
66 -9.47724e-06 -5.02875e-05 -9.03576e-06
67 -9.46413e-06 -5.02956e-05 -9.03626e-06
68 -9.45103e-06 -5.03037e-05 -9.03675e-06
69 -9.43793e-06 -5.03118e-05 -9.03725e-06
70 -9.42481e-06 -5.03198e-05 -9.03774e-06
71 -9.41167e-06 -5.03278e-05 -9.03824e-06
72 -9.39854e-06 -5.03358e-05 -9.03874e-06
73 -9.38539e-06 -5.03438e-05 -9.03924e-06
74 -9.37221e-06 -5.03518e-05 -9.03974e-06
75 -9.35906e-06 -5.03597e-05 -9.04024e-06
76 -9.3459e-06 -5.03676e-05 -9.04074e-06
77 -9.33272e-06 -5.03755e-05 -9.04125e-06
78 -9.31953e-06 -5.03834e-05 -9.04175e-06
79 -9.30634e-06 -5.03913e-05 -9.04225e-06
80 -9.29314e-06 -5.03992e-05 -9.04275e-06
