26 -1.01521e-08 -3.77255e-08 -2.48621e-09
27 -6.77473e-05 -9.97418e-06 1.42825e-06
28 -5.26304e-05 -5.91433e-06 9.79906e-07
29 -2.54932e-05 -4.21284e-05 6.24034e-07
30 -2.5741e-05 -4.04377e-05 7.50617e-07
31 -2.53661e-05 -4.14464e-05 7.28554e-07
32 -2.51657e-05 -4.13781e-05 7.14061e-07
33 -2.51453e-05 -4.14214e-05 7.16003e-07
34 -2.51247e-05 -4.14504e-05 7.15108e-07
35 -2.51062e-05 -4.14739e-05 7.14989e-07
36 -2.50885e-05 -4.14963e-05 7.14562e-07
37 -2.5072e-05 -4.15152e-05 7.14371e-07
38 -2.50561e-05 -4.15336e-05 7.14091e-07
39 -2.50408e-05 -4.15488e-05 7.13972e-07
40 -2.50271e-05 -4.15639e-05 7.13931e-07
41 -2.50126e-05 -4.15798e-05 7.13655e-07
42 -2.49988e-05 -4.15916e-05 7.13599e-07
43 -2.49844e-05 -4.16043e-05 7.13396e-07
44 -2.49714e-05 -4.16156e-05 7.13371e-07
45 -2.4958e-05 -4.16269e-05 7.133e-07
46 -2.49448e-05 -4.16369e-05 7.13235e-07
47 -2.4932e-05 -4.16471e-05 7.13183e-07
48 -2.49192e-05 -4.1657e-05 7.13142e-07
49 -2.49066e-05 -4.1666e-05 7.13133e-07
50 -2.48941e-05 -4.16749e-05 7.13111e-07
51 -2.48815e-05 -4.16837e-05 7.13066e-07
52 -2.48692e-05 -4.16922e-05 7.13064e-07
53 -2.48569e-05 -4.17005e-05 7.13065e-07
54 -2.48446e-05 -4.17089e-05 7.13033e-07
55 -2.48327e-05 -4.17172e-05 7.13033e-07
56 -2.48206e-05 -4.17255e-05 7.13028e-07
57 -2.48085e-05 -4.17335e-05 7.13008e-07
58 -2.47963e-05 -4.17418e-05 7.12968e-07
59 -2.47839e-05 -4.17503e-05 7.12899e-07
60 -2.47718e-05 -4.17584e-05 7.12884e-07
61 -2.47597e-05 -4.17662e-05 7.12859e-07
62 -2.47474e-05 -4.17745e-05 7.12803e-07
63 -2.47354e-05 -4.17822e-05 7.12779e-07
64 -2.47233e-05 -4.179e-05 7.12756e-07
65 -2.47112e-05 -4.17976e-05 7.12729e-07
66 -2.46991e-05 -4.18053e-05 7.12698e-07
67 -2.4687e-05 -4.18129e-05 7.12668e-07
68 -2.46749e-05 -4.18204e-05 7.12636e-07
69 -2.46628e-05 -4.1828e-05 7.12604e-07
70 -2.46507e-05 -4.18355e-05 7.12569e-07
71 -2.46386e-05 -4.18429e-05 7.12532e-07
72 -2.46265e-05 -4.18504e-05 7.12494e-07
73 -2.46144e-05 -4.18578e-05 7.12455e-07
74 -2.46023e-05 -4.18653e-05 7.12412e-07
75 -2.45901e-05 -4.18727e-05 7.12369e-07
76 -2.4578e-05 -4.188e-05 7.12326e-07
77 -2.45659e-05 -4.18874e-05 7.12279e-07
78 -2.45537e-05 -4.18948e-05 7.1223e-07
79 -2.45416e-05 -4.19021e-05 7.12181e-07
80 -2.45294e-05 -4.19094e-05 7.1213e-07
