26 -0.384741 -0.905472 4.94727e-11
27 -0.00456109 -0.0099389 5.74857e-05
28 0.913999 -0.00872844 -7.07912e-06
29 -0.000198951 -3.66821e-07 2.18915e-08
30 1.16415e-10 2.78894e-08 -1.89812e-09
31 1.89175e-10 -1.25831e-08 2.00316e-09
32 1.45519e-11 5.48746e-08 -2.80761e-09
33 0 2.35642e-08 2.8258e-09
34 1.45519e-11 -4.89835e-08 1.44655e-09
35 2.18279e-11 3.96353e-09 -1.6521e-09
36 -2.18279e-11 -4.79345e-08 1.00954e-10
37 -1.45519e-11 -4.34646e-08 4.44743e-10
38 2.18279e-11 3.59302e-08 -3.08773e-10
39 -2.18279e-11 -6.44243e-08 -2.80579e-10
40 0 7.54054e-08 1.25874e-09
41 -4.36557e-11 3.14396e-08 -2.66482e-10
42 7.27596e-11 1.86395e-08 5.70253e-10
43 2.91038e-11 9.20345e-09 -1.3606e-09
44 -6.54836e-11 1.90167e-08 2.94403e-09
45 -5.09317e-11 4.48545e-09 -6.99856e-10
46 1.09139e-10 1.48723e-08 -9.51331e-10
47 -2.91038e-11 -1.27278e-08 -1.49339e-09
48 -2.91038e-11 -1.44847e-08 2.31739e-09
49 -1.45519e-11 -1.16684e-08 -3.61524e-10
50 2.18279e-11 1.54304e-08 3.09228e-10
51 -7.27596e-12 8.97091e-09 1.50612e-09
52 -3.63798e-11 3.14034e-08 -4.01087e-10
53 8.00355e-11 -9.13113e-09 1.27602e-09
54 3.63798e-11 -2.8091e-08 4.38376e-10
55 -6.54836e-11 -5.48487e-08 -2.27374e-11
56 1.45519e-11 1.91976e-08 -1.5666e-09
57 -7.27596e-12 2.24273e-08 2.69074e-09
58 5.82077e-11 -8.42834e-09 -1.35788e-09
59 1.45519e-11 3.24783e-08 9.09495e-11
60 -2.91038e-11 5.30711e-08 3.13776e-10
61 -1.45519e-11 7.66868e-09 -4.35648e-10
62 1.45519e-11 1.3694e-09 -1.88902e-09
63 9.45874e-11 -4.46583e-08 7.63976e-10
64 -1.45519e-11 3.41474e-08 -1.41381e-09
65 -8.00355e-11 1.76473e-08 -4.58385e-10
66 1.45519e-11 5.29781e-08 1.81444e-10
67 1.45519e-11 2.84206e-10 1.48793e-09
68 0 -9.11563e-09 1.36424e-12
69 4.36557e-11 -1.53064e-08 -2.5293e-09
70 1.52795e-10 8.27846e-09 1.27238e-09
71 6.54836e-11 9.50823e-10 4.54747e-11
72 8.00355e-11 -3.42508e-08 -4.59295e-10
73 1.30967e-10 3.25919e-08 -1.4461e-09
74 4.36557e-11 2.53935e-08 1.06229e-09
75 -1.30967e-10 -5.52944e-10 -2.01544e-09
76 1.38243e-10 -6.5959e-08 1.85992e-10
77 -1.16415e-10 1.5973e-08 1.15506e-10
78 1.45519e-10 -5.28386e-08 7.70342e-10
79 -1.45519e-10 -3.80903e-08 -7.96717e-10
80 -1.45519e-11 -5.62543e-08 6.0254e-10
