26 1.12302e-09 -4.29387e-08 -1.59477e-08
27 1.61996e-06 -1.6391e-05 -5.11298e-05
28 2.87332e-06 -1.40308e-05 -3.97749e-05
29 1.80265e-06 -4.50384e-05 -1.41153e-05
30 1.98213e-06 -4.3676e-05 -1.41246e-05
31 2.36167e-06 -4.44352e-05 -1.41987e-05
32 2.41519e-06 -4.43967e-05 -1.41411e-05
33 2.43314e-06 -4.44394e-05 -1.41359e-05
34 2.44395e-06 -4.44633e-05 -1.41328e-05
35 2.45751e-06 -4.44849e-05 -1.41306e-05
36 2.47046e-06 -4.45025e-05 -1.41295e-05
37 2.4832e-06 -4.45185e-05 -1.41282e-05
38 2.49645e-06 -4.45323e-05 -1.41279e-05
39 2.50987e-06 -4.4545e-05 -1.41276e-05
40 2.52249e-06 -4.45578e-05 -1.41276e-05
41 2.53565e-06 -4.45682e-05 -1.41281e-05
42 2.54897e-06 -4.45774e-05 -1.41286e-05
43 2.56261e-06 -4.45857e-05 -1.41294e-05
44 2.5759e-06 -4.45945e-05 -1.41302e-05
45 2.5895e-06 -4.46025e-05 -1.41311e-05
46 2.603e-06 -4.46096e-05 -1.41321e-05
47 2.61657e-06 -4.46169e-05 -1.41333e-05
48 2.6301e-06 -4.4624e-05 -1.41344e-05
49 2.64361e-06 -4.46303e-05 -1.41356e-05
50 2.65713e-06 -4.46365e-05 -1.41369e-05
51 2.67069e-06 -4.46423e-05 -1.41383e-05
52 2.68423e-06 -4.46484e-05 -1.41396e-05
53 2.69775e-06 -4.46542e-05 -1.4141e-05
54 2.71134e-06 -4.46598e-05 -1.41424e-05
55 2.72473e-06 -4.46656e-05 -1.41439e-05
56 2.73823e-06 -4.46714e-05 -1.41454e-05
57 2.75177e-06 -4.46768e-05 -1.41469e-05
58 2.76539e-06 -4.46823e-05 -1.41485e-05
59 2.77901e-06 -4.46878e-05 -1.41501e-05
60 2.79255e-06 -4.46935e-05 -1.41516e-05
61 2.80613e-06 -4.46987e-05 -1.41532e-05
62 2.81971e-06 -4.47042e-05 -1.41548e-05
63 2.83328e-06 -4.47095e-05 -1.41563e-05
64 2.84684e-06 -4.47149e-05 -1.41579e-05
65 2.86043e-06 -4.47201e-05 -1.41595e-05
66 2.87399e-06 -4.47253e-05 -1.41611e-05
67 2.88757e-06 -4.47305e-05 -1.41627e-05
68 2.90114e-06 -4.47357e-05 -1.41642e-05
69 2.91472e-06 -4.47409e-05 -1.41658e-05
70 2.92829e-06 -4.4746e-05 -1.41674e-05
71 2.94187e-06 -4.47512e-05 -1.4169e-05
72 2.95544e-06 -4.47563e-05 -1.41706e-05
73 2.96903e-06 -4.47615e-05 -1.41722e-05
74 2.98262e-06 -4.47667e-05 -1.41738e-05
75 2.99618e-06 -4.47718e-05 -1.41754e-05
76 3.00975e-06 -4.47769e-05 -1.4177e-05
77 3.02333e-06 -4.47821e-05 -1.41786e-05
78 3.03691e-06 -4.47872e-05 -1.41802e-05
79 3.05048e-06 -4.47923e-05 -1.41817e-05
80 3.06404e-06 -4.47974e-05 -1.41833e-05
