26 9.95197e-10 -2.78317e-08 1.91509e-08
27 -1.62246e-06 2.56812e-05 6.82602e-05
28 -5.41248e-07 2.19613e-05 5.3179e-05
29 -2.53084e-06 -3.51029e-05 1.1625e-05
30 -2.33312e-06 -3.33217e-05 1.17106e-05
31 -1.94887e-06 -3.43267e-05 1.17238e-05
32 -1.89554e-06 -3.4289e-05 1.1669e-05
33 -1.8767e-06 -3.43334e-05 1.16665e-05
34 -1.86512e-06 -3.4364e-05 1.16638e-05
35 -1.85098e-06 -3.43881e-05 1.16626e-05
36 -1.83754e-06 -3.4411e-05 1.16619e-05
37 -1.82431e-06 -3.44302e-05 1.16612e-05
38 -1.81069e-06 -3.44485e-05 1.16613e-05
39 -1.79687e-06 -3.44637e-05 1.16614e-05
40 -1.78397e-06 -3.44785e-05 1.16619e-05
41 -1.77056e-06 -3.4494e-05 1.16626e-05
42 -1.75693e-06 -3.45054e-05 1.16634e-05
43 -1.74302e-06 -3.45176e-05 1.16642e-05
44 -1.72949e-06 -3.45283e-05 1.16653e-05
45 -1.71567e-06 -3.45389e-05 1.16664e-05
46 -1.70192e-06 -3.45482e-05 1.16675e-05
47 -1.68815e-06 -3.45577e-05 1.16688e-05
48 -1.67442e-06 -3.45669e-05 1.16701e-05
49 -1.6607e-06 -3.45751e-05 1.16715e-05
50 -1.64699e-06 -3.45832e-05 1.16729e-05
51 -1.63323e-06 -3.45911e-05 1.16743e-05
52 -1.61951e-06 -3.45988e-05 1.16758e-05
53 -1.6058e-06 -3.46063e-05 1.16772e-05
54 -1.59204e-06 -3.46138e-05 1.16788e-05
55 -1.5785e-06 -3.46212e-05 1.16803e-05
56 -1.56485e-06 -3.46286e-05 1.16819e-05
57 -1.55115e-06 -3.46357e-05 1.16835e-05
58 -1.53738e-06 -3.46431e-05 1.16851e-05
59 -1.52361e-06 -3.46507e-05 1.16866e-05
60 -1.50992e-06 -3.46579e-05 1.16882e-05
61 -1.49619e-06 -3.46648e-05 1.16897e-05
62 -1.48247e-06 -3.46721e-05 1.16913e-05
63 -1.46875e-06 -3.4679e-05 1.16929e-05
64 -1.45504e-06 -3.46858e-05 1.16945e-05
65 -1.44131e-06 -3.46926e-05 1.16961e-05
66 -1.4276e-06 -3.46993e-05 1.16976e-05
67 -1.41388e-06 -3.4706e-05 1.16992e-05
68 -1.40016e-06 -3.47126e-05 1.17008e-05
69 -1.38645e-06 -3.47193e-05 1.17024e-05
70 -1.37274e-06 -3.47259e-05 1.17039e-05
71 -1.35902e-06 -3.47324e-05 1.17055e-05
72 -1.3453e-06 -3.4739e-05 1.17071e-05
73 -1.33158e-06 -3.47455e-05 1.17086e-05
74 -1.31786e-06 -3.47521e-05 1.17102e-05
75 -1.30415e-06 -3.47586e-05 1.17117e-05
76 -1.29045e-06 -3.47651e-05 1.17133e-05
77 -1.27674e-06 -3.47715e-05 1.17148e-05
78 -1.26303e-06 -3.4778e-05 1.17164e-05
79 -1.24932e-06 -3.47845e-05 1.17179e-05
80 -1.23562e-06 -3.47909e-05 1.17194e-05
