26 -0.0665723 -0.0394212 1.1452e-11
27 8.41495e-06 -3.66006e-06 8.16181e-09
28 -0.0101939 -0.000864425 -1.57527e-05
29 1.61804e-08 9.53522e-08 -3.61069e-10
30 -2.55773e-08 -1.05738e-07 2.50157e-09
31 -2.77496e-08 -8.62017e-08 7.3619e-09
32 -6.29798e-08 -1.86466e-07 -1.14196e-08
33 -3.87608e-08 -1.75116e-07 5.08908e-09
34 6.95177e-08 2.4409e-07 -1.26361e-08
35 2.54818e-08 9.78016e-08 5.7571e-09
36 -2.45891e-08 -9.29869e-08 7.50879e-09
37 -2.29056e-08 -8.68288e-08 4.45198e-10
38 -2.01057e-08 -4.48399e-08 -8.88986e-09
39 -7.94535e-09 -4.62079e-08 9.10995e-09
40 5.84728e-08 1.87165e-07 1.00658e-08
41 -5.86683e-08 -1.50451e-07 -1.6656e-08
42 2.77978e-08 8.56596e-08 -6.38238e-09
43 2.69733e-08 4.43914e-08 1.88606e-08
44 -8.43665e-08 -2.72677e-07 -2.00089e-10
45 4.2005e-09 7.28733e-11 -9.75524e-09
46 -5.82741e-08 -2.0016e-07 -7.98991e-10
47 5.09917e-08 1.63154e-07 5.1009e-09
48 -1.96519e-08 -5.6466e-08 -1.01991e-08
49 1.94323e-08 7.13708e-08 5.19094e-09
50 2.06705e-08 9.02382e-08 7.01402e-09
51 5.34237e-09 3.63343e-09 -3.76076e-09
52 -2.31107e-08 -6.16465e-08 2.12685e-09
53 -3.12243e-08 -1.43467e-07 6.13909e-10
54 9.58939e-08 3.43141e-07 2.9695e-09
55 8.54925e-09 4.40996e-08 4.58658e-09
56 -4.38999e-08 -1.74555e-07 -1.36879e-08
57 -3.49883e-08 -9.78063e-08 -3.52384e-09
58 1.20644e-09 -1.21103e-08 2.02335e-08
59 -1.62781e-08 -4.9407e-08 -1.32795e-08
60 -3.18555e-08 -9.32973e-08 3.91583e-09
61 6.64386e-08 2.12681e-07 2.7967e-09
62 -5.4788e-09 -2.24104e-08 8.26367e-09
63 2.90602e-08 1.07312e-07 -1.56087e-08
64 -4.52555e-08 -1.73443e-07 2.21603e-08
65 4.31032e-08 1.56755e-07 -1.41763e-08
66 2.81193e-08 7.81481e-08 1.19876e-08
67 -8.5447e-09 -1.17662e-08 -1.1632e-08
68 9.64064e-09 2.13255e-08 4.21096e-10
69 5.4079e-08 1.82202e-07 2.84126e-09
70 -9.95947e-08 -3.27276e-07 -2.53158e-09
71 -4.08227e-08 -1.38432e-07 5.13592e-09
72 4.39795e-08 1.32133e-07 -4.55293e-09
73 -8.3543e-08 -2.84878e-07 -3.50155e-10
74 -3.66799e-09 -4.01596e-08 1.14096e-09
75 -4.11087e-08 -1.31522e-07 9.76206e-09
76 -1.85009e-08 -7.38453e-08 9.77889e-09
77 -3.80305e-08 -1.00358e-07 -1.65223e-08
78 8.7387e-08 2.68209e-07 9.92895e-09
79 2.34709e-08 6.99199e-08 -1.05233e-08
80 5.28639e-08 1.96643e-07 -1.40926e-09
