26 0.593508 0.0735641 2.12271e-11
27 1.00864e-05 -3.40043e-05 -4.28281e-08
28 -0.00365818 -0.0513739 -8.43766e-05
29 -6.93408e-08 2.14339e-08 -4.44652e-09
30 -1.35574e-08 1.58196e-08 1.85628e-09
31 9.52468e-09 -7.47661e-09 -4.37467e-10
32 -1.7063e-08 -1.22657e-09 -8.07631e-10
33 1.66901e-08 -4.66832e-09 -2.6921e-10
34 -3.00151e-08 1.52086e-08 1.025e-09
35 -1.93254e-08 1.12115e-08 -1.09867e-09
36 -3.03926e-08 7.20149e-09 5.09317e-11
37 1.04847e-08 -8.1219e-09 4.07454e-10
38 -2.66691e-08 2.19452e-08 5.81167e-10
39 3.03744e-08 -2.12332e-08 -7.17591e-10
40 4.85688e-08 -2.43324e-09 -1.00226e-09
41 -1.20126e-08 3.39207e-09 3.22507e-09
42 -5.43582e-08 2.07145e-08 8.50378e-10
43 -2.13277e-09 1.81797e-09 1.73713e-09
44 -2.58024e-09 1.43814e-09 -1.42973e-09
45 -1.91712e-08 -1.4006e-08 -1.3506e-09
46 -4.99103e-08 3.98295e-08 2.17369e-09
47 -4.9406e-08 6.30291e-09 -2.14095e-09
48 -4.71246e-08 1.63358e-08 3.59432e-09
49 2.07378e-08 -8.94727e-09 -2.7012e-09
50 1.61926e-08 3.78668e-09 2.27919e-09
51 -4.63338e-08 1.47747e-08 1.37788e-09
52 -2.02094e-08 1.21199e-08 -2.35741e-09
53 -2.10857e-08 -2.33047e-09 -2.87309e-09
54 -1.51013e-08 2.51987e-09 2.12549e-09
55 2.51812e-08 -2.37139e-09 -2.24918e-09
56 -3.45344e-08 4.73278e-09 1.32695e-09
57 -1.77165e-08 5.24597e-09 -1.3606e-09
58 1.72363e-08 -4.32465e-09 -2.36469e-09
59 7.94034e-09 -1.66052e-08 7.87622e-10
60 9.43965e-09 1.01078e-08 -2.28283e-10
61 1.09999e-08 -9.73955e-09 -2.84945e-09
62 -2.30693e-09 6.97435e-09 3.91992e-09
63 -3.00624e-08 1.7754e-08 -2.62662e-09
64 6.60211e-08 -3.55511e-08 8.65839e-10
65 1.38871e-08 -5.30054e-09 1.49157e-10
66 3.88018e-08 -7.66056e-09 -1.73077e-09
67 1.73668e-09 1.81772e-08 1.1978e-09
68 -3.15572e-08 1.15915e-09 -2.04636e-10
69 -8.78572e-10 1.95564e-09 5.30235e-10
70 2.7012e-09 1.20209e-08 -7.83075e-10
71 -1.01163e-08 -1.45654e-08 9.1859e-11
72 -2.50125e-08 1.15739e-08 -4.1382e-10
73 4.92037e-09 6.25516e-09 -4.52928e-10
74 -7.98873e-08 3.8146e-08 1.98634e-09
75 4.1985e-08 -2.87995e-08 1.59525e-09
76 -1.49607e-08 2.42428e-08 -1.3215e-09
77 -2.02904e-08 -4.93787e-09 1.26602e-09
78 4.07936e-08 -1.25883e-08 -2.27465e-09
79 -9.52195e-09 1.21446e-08 -2.37105e-09
80 -2.01226e-08 9.01127e-09 7.44876e-10
