26 1.02035e-09 3.23259e-08 6.77261e-10
27 -3.25641e-07 0.000267948 1.98333e-05
28 8.40948e-07 0.000208943 1.42327e-05
29 -7.80291e-07 -1.01207e-05 1.46887e-06
30 -5.90333e-07 -8.36162e-06 1.39792e-06
31 -2.07958e-07 -9.19299e-06 1.45761e-06
32 -1.54557e-07 -9.28168e-06 1.44634e-06
33 -1.36081e-07 -9.33332e-06 1.44538e-06
34 -1.24816e-07 -9.36786e-06 1.44579e-06
35 -1.10914e-07 -9.3946e-06 1.4457e-06
36 -9.76728e-08 -9.41749e-06 1.44628e-06
37 -8.46499e-08 -9.43748e-06 1.44648e-06
38 -7.11776e-08 -9.45418e-06 1.44713e-06
39 -5.7527e-08 -9.46844e-06 1.44742e-06
40 -4.47448e-08 -9.48185e-06 1.44768e-06
41 -3.144e-08 -9.49405e-06 1.44858e-06
42 -1.79377e-08 -9.50311e-06 1.44899e-06
43 -4.13736e-09 -9.51194e-06 1.44976e-06
44 9.29311e-09 -9.51978e-06 1.4502e-06
45 2.30145e-08 -9.527e-06 1.45078e-06
46 3.66575e-08 -9.53305e-06 1.45132e-06
47 5.0346e-08 -9.53886e-06 1.45189e-06
48 6.39904e-08 -9.54436e-06 1.45243e-06
49 7.76189e-08 -9.54887e-06 1.45295e-06
50 9.12532e-08 -9.55317e-06 1.4535e-06
51 1.04929e-07 -9.55711e-06 1.4541e-06
52 1.18568e-07 -9.56106e-06 1.45459e-06
53 1.32201e-07 -9.56458e-06 1.45512e-06
54 1.45885e-07 -9.56797e-06 1.45571e-06
55 1.59362e-07 -9.57126e-06 1.45625e-06
56 1.72951e-07 -9.57449e-06 1.45679e-06
57 1.86579e-07 -9.57744e-06 1.45737e-06
58 2.00285e-07 -9.5805e-06 1.45797e-06
59 2.13992e-07 -9.5838e-06 1.45863e-06
60 2.27616e-07 -9.58686e-06 1.45916e-06
61 2.41285e-07 -9.58959e-06 1.45974e-06
62 2.5494e-07 -9.59261e-06 1.46035e-06
63 2.68599e-07 -9.59528e-06 1.46091e-06
64 2.82244e-07 -9.59794e-06 1.46145e-06
65 2.95912e-07 -9.60051e-06 1.46201e-06
66 3.09556e-07 -9.60306e-06 1.46257e-06
67 3.2322e-07 -9.60558e-06 1.46312e-06
68 3.36873e-07 -9.60806e-06 1.46367e-06
69 3.50527e-07 -9.61052e-06 1.46422e-06
70 3.64177e-07 -9.61298e-06 1.46476e-06
71 3.77841e-07 -9.61542e-06 1.46531e-06
72 3.91492e-07 -9.61784e-06 1.46585e-06
73 4.05154e-07 -9.62027e-06 1.46639e-06
74 4.18822e-07 -9.6227e-06 1.46693e-06
75 4.32468e-07 -9.6251e-06 1.46747e-06
76 4.4611e-07 -9.62749e-06 1.46801e-06
77 4.59763e-07 -9.62989e-06 1.46855e-06
78 4.73419e-07 -9.63229e-06 1.46908e-06
79 4.87067e-07 -9.63467e-06 1.46962e-06
80 5.00709e-07 -9.63707e-06 1.47015e-06
