26 2.0905e-09 -4.58001e-08 -8.54129e-10
27 -5.72087e-06 -6.73053e-05 -1.35172e-05
28 -2.51095e-06 -5.22409e-05 -1.10564e-05
29 7.42558e-07 -6.62673e-05 -5.57195e-06
30 5.67464e-07 -6.47787e-05 -5.67619e-06
31 1.19634e-06 -6.59705e-05 -5.68409e-06
32 1.24772e-06 -6.57598e-05 -5.65329e-06
33 1.26165e-06 -6.57989e-05 -5.65278e-06
34 1.27369e-06 -6.58192e-05 -5.65035e-06
35 1.28658e-06 -6.58375e-05 -5.6491e-06
36 1.29984e-06 -6.58553e-05 -5.64768e-06
37 1.31226e-06 -6.58703e-05 -5.64662e-06
38 1.32556e-06 -6.58858e-05 -5.64564e-06
39 1.33875e-06 -6.58989e-05 -5.64498e-06
40 1.35083e-06 -6.59124e-05 -5.6445e-06
41 1.36404e-06 -6.59265e-05 -5.6437e-06
42 1.37712e-06 -6.59376e-05 -5.64334e-06
43 1.39087e-06 -6.59493e-05 -5.64278e-06
44 1.40386e-06 -6.59604e-05 -5.64257e-06
45 1.41727e-06 -6.59714e-05 -5.6423e-06
46 1.43066e-06 -6.59814e-05 -5.64208e-06
47 1.44411e-06 -6.59919e-05 -5.64194e-06
48 1.45748e-06 -6.60021e-05 -5.64182e-06
49 1.47077e-06 -6.60116e-05 -5.64175e-06
50 1.48413e-06 -6.60211e-05 -5.64169e-06
51 1.4976e-06 -6.60304e-05 -5.64161e-06
52 1.51096e-06 -6.60397e-05 -5.64162e-06
53 1.5243e-06 -6.60489e-05 -5.64164e-06
54 1.5378e-06 -6.60581e-05 -5.64163e-06
55 1.55101e-06 -6.60675e-05 -5.64168e-06
56 1.56436e-06 -6.60767e-05 -5.64174e-06
57 1.57779e-06 -6.60857e-05 -5.64177e-06
58 1.5914e-06 -6.60951e-05 -5.6418e-06
59 1.60506e-06 -6.61044e-05 -5.64177e-06
60 1.61853e-06 -6.61136e-05 -5.64185e-06
61 1.63205e-06 -6.61226e-05 -5.6419e-06
62 1.64566e-06 -6.61318e-05 -5.64193e-06
63 1.65921e-06 -6.61407e-05 -5.64201e-06
64 1.67274e-06 -6.61496e-05 -5.64209e-06
65 1.6863e-06 -6.61584e-05 -5.64216e-06
66 1.69987e-06 -6.61672e-05 -5.64224e-06
67 1.71346e-06 -6.6176e-05 -5.64233e-06
68 1.72704e-06 -6.61847e-05 -5.64242e-06
69 1.74064e-06 -6.61934e-05 -5.64251e-06
70 1.75425e-06 -6.62021e-05 -5.6426e-06
71 1.76788e-06 -6.62107e-05 -5.64269e-06
72 1.78151e-06 -6.62194e-05 -5.64278e-06
73 1.79515e-06 -6.6228e-05 -5.64288e-06
74 1.80883e-06 -6.62367e-05 -5.64298e-06
75 1.82248e-06 -6.62452e-05 -5.64307e-06
76 1.83613e-06 -6.62538e-05 -5.64317e-06
77 1.84981e-06 -6.62624e-05 -5.64327e-06
78 1.86351e-06 -6.62709e-05 -5.64337e-06
79 1.87719e-06 -6.62795e-05 -5.64347e-06
80 1.89089e-06 -6.6288e-05 -5.64357e-06
