26 -0.553402 -2.3032 -1.95224e-12
27 0.178857 2575.62 -1.91061e-05
28 0.824961 0.250265 7.87426e-05
29 -6.31482e-05 -0.000375031 -5.37525e-08
30 -8.73115e-11 3.03459e-08 -6.73026e-11
31 -1.96451e-10 -2.24386e-08 3.2378e-10
32 -7.27596e-12 6.7998e-09 -7.50333e-11
33 2.18279e-11 -7.79996e-08 4.05635e-10
34 -7.27596e-12 1.53209e-08 -3.91083e-11
35 0 4.64291e-08 5.80258e-10
36 -1.45519e-11 -4.30871e-09 -2.19916e-09
37 2.91038e-11 7.55118e-09 -1.14414e-09
38 -1.45519e-11 -2.00037e-08 3.79259e-10
39 1.45519e-11 5.11335e-08 -8.53106e-10
40 5.09317e-11 -6.30039e-08 1.78215e-09
41 2.18279e-11 -1.31693e-08 5.38421e-10
42 -8.00355e-11 -2.02773e-08 4.99767e-10
43 5.09317e-11 -2.21478e-08 -1.95359e-09
44 1.45519e-11 -2.20338e-08 2.82216e-09
45 1.45519e-11 2.51165e-08 6.10726e-10
46 -6.54836e-11 8.99509e-09 1.10504e-10
47 3.63798e-11 1.52112e-08 -1.3888e-09
48 3.63798e-11 -2.55851e-08 5.50244e-10
49 4.36557e-11 2.83533e-08 3.89264e-10
50 0 -2.96409e-08 -3.25144e-10
51 2.91038e-11 -4.75944e-08 -2.11912e-10
52 7.27596e-12 -2.76412e-09 8.6402e-10
53 -1.01863e-10 -1.04212e-08 4.16549e-10
54 -7.27596e-11 -2.13029e-08 -1.74623e-09
55 1.45519e-11 7.35898e-08 8.21274e-10
56 -2.91038e-11 2.13713e-09 -6.31644e-10
57 -1.45519e-11 -1.71261e-08 2.93312e-09
58 0 2.00718e-08 -8.43556e-10
59 -2.18279e-11 -1.34159e-09 1.4652e-09
60 7.27596e-11 -6.39795e-08 -1.87356e-10
61 -5.09317e-11 2.29088e-08 9.21773e-10
62 -5.82077e-11 6.80523e-08 1.18371e-09
63 -9.45874e-11 1.83628e-08 -3.81078e-10
64 4.36557e-11 -9.74198e-09 -3.46063e-10
65 5.82077e-11 -2.53884e-09 2.07365e-10
66 4.36557e-11 -2.09376e-08 1.59207e-09
67 8.73115e-11 -2.97298e-08 1.83263e-10
68 -9.45874e-11 2.32011e-08 6.28006e-10
69 -2.91038e-11 4.58594e-08 -1.18052e-09
70 1.45519e-11 -4.40597e-08 -3.16504e-10
71 7.27596e-11 3.59897e-08 1.69257e-09
72 -1.45519e-10 -6.37284e-09 -2.25918e-09
73 1.45519e-11 7.75202e-09 3.35149e-10
74 0 -1.90422e-08 1.35014e-09
75 2.18279e-11 2.55606e-08 -9.14042e-10
76 -1.67347e-10 8.33423e-08 9.79981e-10
77 2.91038e-11 -2.09459e-08 -1.10958e-10
78 2.18279e-11 1.64829e-08 -8.28095e-10
79 8.73115e-11 4.52884e-08 -4.79304e-10
80 1.23691e-10 3.39207e-08 -3.67436e-10
