26 2.11945e-09 -4.7727e-08 -6.07794e-10
27 -2.09087e-06 -7.61498e-05 7.6801e-06
28 4.2168e-07 -6.02926e-05 5.71455e-06
29 2.25498e-06 -6.94606e-05 3.43629e-06
30 2.1017e-06 -6.82078e-05 3.38687e-06
31 2.73806e-06 -6.92679e-05 3.48042e-06
32 2.7803e-06 -6.90572e-05 3.4495e-06
33 2.79407e-06 -6.90967e-05 3.44883e-06
34 2.80551e-06 -6.9114e-05 3.44834e-06
35 2.81809e-06 -6.91314e-05 3.44778e-06
36 2.83102e-06 -6.91469e-05 3.44791e-06
37 2.84318e-06 -6.91605e-05 3.44775e-06
38 2.85627e-06 -6.9174e-05 3.44811e-06
39 2.86932e-06 -6.9186e-05 3.4482e-06
40 2.88129e-06 -6.91986e-05 3.44832e-06
41 2.89436e-06 -6.92105e-05 3.44903e-06
42 2.90738e-06 -6.92205e-05 3.44937e-06
43 2.92103e-06 -6.92304e-05 3.45002e-06
44 2.934e-06 -6.92406e-05 3.45043e-06
45 2.94738e-06 -6.92504e-05 3.45098e-06
46 2.96076e-06 -6.92593e-05 3.4515e-06
47 2.97421e-06 -6.92688e-05 3.45208e-06
48 2.98759e-06 -6.9278e-05 3.45264e-06
49 3.0009e-06 -6.92865e-05 3.4532e-06
50 3.01427e-06 -6.9295e-05 3.45378e-06
51 3.02777e-06 -6.93034e-05 3.45443e-06
52 3.04116e-06 -6.93118e-05 3.45498e-06
53 3.05454e-06 -6.93201e-05 3.45557e-06
54 3.06809e-06 -6.93284e-05 3.45622e-06
55 3.08135e-06 -6.93369e-05 3.45684e-06
56 3.09475e-06 -6.93454e-05 3.45746e-06
57 3.10823e-06 -6.93535e-05 3.45811e-06
58 3.12188e-06 -6.93618e-05 3.45878e-06
59 3.13558e-06 -6.93701e-05 3.45949e-06
60 3.1491e-06 -6.93785e-05 3.4601e-06
61 3.16268e-06 -6.93866e-05 3.46075e-06
62 3.17634e-06 -6.93949e-05 3.46143e-06
63 3.18994e-06 -6.94029e-05 3.46207e-06
64 3.20353e-06 -6.9411e-05 3.4627e-06
65 3.21715e-06 -6.9419e-05 3.46333e-06
66 3.23077e-06 -6.9427e-05 3.46397e-06
67 3.24443e-06 -6.94349e-05 3.4646e-06
68 3.25807e-06 -6.94428e-05 3.46523e-06
69 3.27173e-06 -6.94507e-05 3.46586e-06
70 3.28539e-06 -6.94586e-05 3.46648e-06
71 3.29909e-06 -6.94665e-05 3.46711e-06
72 3.31277e-06 -6.94744e-05 3.46773e-06
73 3.32648e-06 -6.94823e-05 3.46835e-06
74 3.34022e-06 -6.94901e-05 3.46897e-06
75 3.35393e-06 -6.94979e-05 3.46958e-06
76 3.36764e-06 -6.95057e-05 3.4702e-06
77 3.38138e-06 -6.95136e-05 3.47081e-06
78 3.39514e-06 -6.95214e-05 3.47142e-06
79 3.40889e-06 -6.95291e-05 3.47203e-06
80 3.42264e-06 -6.95369e-05 3.47264e-06
