26 3.80358 3.86147 1.26554e-08
27 0.000601753 -6.16902e-05 -6.1209e-08
28 0.374444 -0.0294105 -7.42768e-06
29 -0.000720155 0.000128736 7.18455e-08
30 1.09139e-10 2.90847e-09 7.09406e-11
31 1.16415e-10 -4.68483e-08 -3.16595e-09
32 -3.63798e-11 -1.80829e-08 3.97404e-09
33 1.45519e-11 -3.29358e-08 2.03954e-09
34 -8.00355e-11 5.95079e-08 -2.41926e-09
35 -2.18279e-11 -3.9129e-08 4.12683e-09
36 -1.38243e-10 -2.47051e-08 -1.50749e-09
37 -1.81899e-10 4.96541e-08 -2.77396e-10
38 1.60071e-10 1.23875e-08 1.36879e-09
39 -7.27596e-12 -5.73196e-08 -2.0741e-09
40 1.16415e-10 -1.54412e-08 3.89264e-10
41 -3.63798e-11 5.34611e-08 1.06184e-09
42 1.45519e-11 -8.27164e-08 -1.00044e-10
43 -5.09317e-11 4.09385e-08 -3.76713e-09
44 -1.60071e-10 4.18294e-08 1.9495e-09
45 1.52795e-10 -6.31655e-08 -4.52019e-10
46 1.01863e-10 5.65689e-08 1.13141e-09
47 -7.27596e-11 1.30601e-08 -9.73159e-10
48 -1.01863e-10 -9.69972e-08 1.0632e-09
49 -4.36557e-11 3.06136e-08 3.05681e-09
50 7.27596e-12 -1.63611e-08 -4.36967e-09
51 2.18279e-11 1.84446e-09 3.44971e-09
52 -5.82077e-11 -1.06931e-07 8.74934e-10
53 4.36557e-11 -5.3341e-08 -1.43564e-09
54 -1.45519e-11 8.91456e-08 1.27466e-09
55 -7.27596e-12 3.56507e-08 -1.55069e-10
56 2.18279e-11 2.70543e-08 -3.44562e-09
57 -4.36557e-11 -5.18759e-08 1.23828e-09
58 -7.27596e-12 2.23547e-08 2.73212e-09
59 -4.36557e-11 2.1894e-08 -1.53932e-09
60 -5.09317e-11 -4.04128e-08 -3.21097e-09
61 -7.27596e-12 -2.81679e-08 -5.57066e-10
62 4.36557e-11 -1.15024e-09 3.95312e-09
63 -7.27596e-12 -4.85317e-08 -2.46064e-09
64 1.45519e-11 4.37965e-09 2.52476e-09
65 -3.63798e-11 1.32784e-07 -1.44382e-09
66 4.36557e-11 -3.91673e-08 2.83899e-09
67 -3.63798e-11 -2.42429e-08 -1.53204e-09
68 5.09317e-11 4.28023e-08 -2.256e-09
69 -7.27596e-11 5.79541e-08 8.1809e-10
70 7.27596e-12 -5.61546e-08 1.78625e-09
71 -7.27596e-12 1.38489e-08 -1.2401e-09
72 2.18279e-11 6.87391e-08 -8.92214e-10
73 7.27596e-12 1.84732e-08 1.05047e-09
74 2.18279e-11 -7.97698e-08 8.80846e-10
75 -2.91038e-11 2.15759e-08 1.51385e-09
76 2.91038e-11 -2.1379e-08 -2.82853e-10
77 7.27596e-12 -1.73428e-08 -4.17549e-09
78 -1.45519e-11 -3.49907e-10 2.27737e-09
79 2.91038e-11 -3.91542e-08 1.66801e-09
80 -2.91038e-11 1.23061e-08 1.77806e-09
