26 -1.11402e-08 -3.76709e-08 -7.54137e-10
27 -6.4352e-05 -1.01201e-05 1.06256e-05
28 -5.00229e-05 -6.02503e-06 8.28301e-06
29 -2.40292e-05 -4.21916e-05 4.57492e-06
30 -2.41883e-05 -4.05057e-05 4.75699e-06
31 -2.38163e-05 -4.15141e-05 4.77073e-06
32 -2.36323e-05 -4.14443e-05 4.72702e-06
33 -2.36107e-05 -4.14877e-05 4.72886e-06
34 -2.35911e-05 -4.15166e-05 4.72647e-06
35 -2.35729e-05 -4.15401e-05 4.72553e-06
36 -2.35556e-05 -4.15626e-05 4.72439e-06
37 -2.35395e-05 -4.15814e-05 4.72359e-06
38 -2.35238e-05 -4.15998e-05 4.72292e-06
39 -2.35086e-05 -4.1615e-05 4.72249e-06
40 -2.3495e-05 -4.16301e-05 4.72225e-06
41 -2.34807e-05 -4.1646e-05 4.72178e-06
42 -2.3467e-05 -4.16578e-05 4.72166e-06
43 -2.34528e-05 -4.16705e-05 4.72137e-06
44 -2.34397e-05 -4.16818e-05 4.72138e-06
45 -2.34264e-05 -4.16931e-05 4.72136e-06
46 -2.34132e-05 -4.17031e-05 4.72135e-06
47 -2.34003e-05 -4.17133e-05 4.72142e-06
48 -2.33876e-05 -4.17232e-05 4.72151e-06
49 -2.3375e-05 -4.17322e-05 4.72166e-06
50 -2.33624e-05 -4.17411e-05 4.7218e-06
51 -2.33498e-05 -4.17499e-05 4.72193e-06
52 -2.33374e-05 -4.17584e-05 4.72212e-06
53 -2.33251e-05 -4.17667e-05 4.72233e-06
54 -2.33127e-05 -4.17751e-05 4.72251e-06
55 -2.33007e-05 -4.17835e-05 4.72275e-06
56 -2.32886e-05 -4.17918e-05 4.72299e-06
57 -2.32764e-05 -4.17998e-05 4.7232e-06
58 -2.32642e-05 -4.18081e-05 4.7234e-06
59 -2.32518e-05 -4.18166e-05 4.72354e-06
60 -2.32396e-05 -4.18247e-05 4.72378e-06
61 -2.32274e-05 -4.18326e-05 4.72399e-06
62 -2.32152e-05 -4.18408e-05 4.72417e-06
63 -2.32031e-05 -4.18486e-05 4.7244e-06
64 -2.31909e-05 -4.18563e-05 4.72463e-06
65 -2.31788e-05 -4.1864e-05 4.72485e-06
66 -2.31666e-05 -4.18716e-05 4.72507e-06
67 -2.31545e-05 -4.18792e-05 4.7253e-06
68 -2.31423e-05 -4.18868e-05 4.72552e-06
69 -2.31302e-05 -4.18943e-05 4.72574e-06
70 -2.31181e-05 -4.19018e-05 4.72595e-06
71 -2.31059e-05 -4.19093e-05 4.72617e-06
72 -2.30937e-05 -4.19168e-05 4.72638e-06
73 -2.30816e-05 -4.19242e-05 4.7266e-06
74 -2.30694e-05 -4.19317e-05 4.7268e-06
75 -2.30572e-05 -4.19391e-05 4.72701e-06
76 -2.30451e-05 -4.19464e-05 4.72722e-06
77 -2.30329e-05 -4.19538e-05 4.72742e-06
78 -2.30207e-05 -4.19612e-05 4.72762e-06
79 -2.30085e-05 -4.19685e-05 4.72782e-06
80 -2.29963e-05 -4.19758e-05 4.72802e-06
