26 8.43948e-09 -4.29362e-08 -9.61085e-09
27 2.68489e-05 -1.63905e-05 -3.72749e-05
28 2.26272e-05 -1.40301e-05 -2.93182e-05
29 1.00255e-05 -4.50126e-05 -1.4054e-05
30 1.01965e-05 -4.36558e-05 -1.40147e-05
31 1.06284e-05 -4.44151e-05 -1.41291e-05
32 1.06463e-05 -4.43767e-05 -1.40616e-05
33 1.0661e-05 -4.44195e-05 -1.40558e-05
34 1.06697e-05 -4.44434e-05 -1.4052e-05
35 1.06818e-05 -4.44651e-05 -1.40491e-05
36 1.06939e-05 -4.44827e-05 -1.40474e-05
37 1.07058e-05 -4.44988e-05 -1.40456e-05
38 1.07188e-05 -4.45126e-05 -1.40449e-05
39 1.07319e-05 -4.45253e-05 -1.40442e-05
40 1.07443e-05 -4.45381e-05 -1.40436e-05
41 1.07577e-05 -4.45485e-05 -1.40439e-05
42 1.07712e-05 -4.45577e-05 -1.4044e-05
43 1.07852e-05 -4.4566e-05 -1.40445e-05
44 1.07988e-05 -4.45748e-05 -1.40449e-05
45 1.08128e-05 -4.45828e-05 -1.40455e-05
46 1.08268e-05 -4.45899e-05 -1.40462e-05
47 1.0841e-05 -4.45972e-05 -1.40471e-05
48 1.08551e-05 -4.46043e-05 -1.40479e-05
49 1.08692e-05 -4.46106e-05 -1.40488e-05
50 1.08834e-05 -4.46168e-05 -1.40498e-05
51 1.08977e-05 -4.46226e-05 -1.40509e-05
52 1.09119e-05 -4.46287e-05 -1.40519e-05
53 1.09261e-05 -4.46345e-05 -1.4053e-05
54 1.09405e-05 -4.46402e-05 -1.40542e-05
55 1.09546e-05 -4.4646e-05 -1.40554e-05
56 1.09689e-05 -4.46517e-05 -1.40567e-05
57 1.09833e-05 -4.46571e-05 -1.40579e-05
58 1.09977e-05 -4.46626e-05 -1.40592e-05
59 1.10122e-05 -4.46681e-05 -1.40605e-05
60 1.10265e-05 -4.46738e-05 -1.40618e-05
61 1.10409e-05 -4.4679e-05 -1.40631e-05
62 1.10554e-05 -4.46845e-05 -1.40644e-05
63 1.10698e-05 -4.46898e-05 -1.40657e-05
64 1.10842e-05 -4.46951e-05 -1.4067e-05
65 1.10986e-05 -4.47004e-05 -1.40684e-05
66 1.1113e-05 -4.47056e-05 -1.40697e-05
67 1.11274e-05 -4.47108e-05 -1.4071e-05
68 1.11418e-05 -4.4716e-05 -1.40723e-05
69 1.11563e-05 -4.47211e-05 -1.40737e-05
70 1.11707e-05 -4.47263e-05 -1.4075e-05
71 1.11851e-05 -4.47315e-05 -1.40763e-05
72 1.11995e-05 -4.47366e-05 -1.40777e-05
73 1.1214e-05 -4.47418e-05 -1.4079e-05
74 1.12284e-05 -4.47469e-05 -1.40804e-05
75 1.12428e-05 -4.4752e-05 -1.40817e-05
76 1.12572e-05 -4.47572e-05 -1.4083e-05
77 1.12716e-05 -4.47623e-05 -1.40844e-05
78 1.12861e-05 -4.47674e-05 -1.40857e-05
79 1.13005e-05 -4.47725e-05 -1.40871e-05
80 1.13149e-05 -4.47777e-05 -1.40884e-05
