26 -1.11742e-08 -3.7677e-08 5.73901e-10
27 -6.0584e-05 -1.01198e-05 1.57918e-05
28 -4.70753e-05 -6.0248e-06 1.2383e-05
29 -2.24138e-05 -4.21985e-05 6.71659e-06
30 -2.2518e-05 -4.05069e-05 6.91569e-06
31 -2.21401e-05 -4.15149e-05 6.94006e-06
32 -2.19708e-05 -4.14446e-05 6.88205e-06
33 -2.19488e-05 -4.14879e-05 6.88316e-06
34 -2.19299e-05 -4.15168e-05 6.88e-06
35 -2.19121e-05 -4.15404e-05 6.87861e-06
36 -2.18952e-05 -4.15628e-05 6.87709e-06
37 -2.18793e-05 -4.15817e-05 6.87597e-06
38 -2.18639e-05 -4.16e-05 6.87508e-06
39 -2.18488e-05 -4.16153e-05 6.87449e-06
40 -2.18353e-05 -4.16303e-05 6.87414e-06
41 -2.18212e-05 -4.16462e-05 6.87358e-06
42 -2.18075e-05 -4.16581e-05 6.87342e-06
43 -2.17933e-05 -4.16707e-05 6.8731e-06
44 -2.17803e-05 -4.16821e-05 6.87313e-06
45 -2.1767e-05 -4.16934e-05 6.87313e-06
46 -2.17538e-05 -4.17034e-05 6.87317e-06
47 -2.17409e-05 -4.17136e-05 6.87331e-06
48 -2.1728e-05 -4.17235e-05 6.87347e-06
49 -2.17154e-05 -4.17325e-05 6.87371e-06
50 -2.17028e-05 -4.17414e-05 6.87395e-06
51 -2.16901e-05 -4.17502e-05 6.87418e-06
52 -2.16777e-05 -4.17588e-05 6.87448e-06
53 -2.16653e-05 -4.17671e-05 6.87481e-06
54 -2.16528e-05 -4.17755e-05 6.87511e-06
55 -2.16408e-05 -4.17839e-05 6.87549e-06
56 -2.16286e-05 -4.17922e-05 6.87585e-06
57 -2.16163e-05 -4.18002e-05 6.8762e-06
58 -2.1604e-05 -4.18085e-05 6.87654e-06
59 -2.15915e-05 -4.1817e-05 6.87681e-06
60 -2.15793e-05 -4.18251e-05 6.87718e-06
61 -2.1567e-05 -4.1833e-05 6.87754e-06
62 -2.15547e-05 -4.18412e-05 6.87785e-06
63 -2.15424e-05 -4.1849e-05 6.87822e-06
64 -2.15302e-05 -4.18568e-05 6.87859e-06
65 -2.1518e-05 -4.18645e-05 6.87896e-06
66 -2.15058e-05 -4.18721e-05 6.87932e-06
67 -2.14935e-05 -4.18797e-05 6.87969e-06
68 -2.14813e-05 -4.18873e-05 6.88005e-06
69 -2.14691e-05 -4.18948e-05 6.88042e-06
70 -2.14569e-05 -4.19024e-05 6.88078e-06
71 -2.14446e-05 -4.19099e-05 6.88114e-06
72 -2.14324e-05 -4.19173e-05 6.8815e-06
73 -2.14201e-05 -4.19248e-05 6.88185e-06
74 -2.14079e-05 -4.19322e-05 6.88221e-06
75 -2.13956e-05 -4.19397e-05 6.88256e-06
76 -2.13834e-05 -4.1947e-05 6.88291e-06
77 -2.13711e-05 -4.19544e-05 6.88325e-06
78 -2.13589e-05 -4.19618e-05 6.8836e-06
79 -2.13466e-05 -4.19691e-05 6.88394e-06
80 -2.13343e-05 -4.19765e-05 6.88428e-06
