26 -6.19363 1.85385 -2.17963e-08
27 -0.000423504 -3.46262e-05 -2.74398e-07
28 -0.215032 -0.0257312 7.44068e-06
29 0.000162908 4.89925e-05 -3.75389e-08
30 -1.45519e-10 3.5464e-08 2.42517e-09
31 1.30967e-10 -5.8945e-08 2.89356e-09
32 -2.54659e-10 -6.60131e-08 -3.27509e-09
33 1.81899e-10 7.80698e-08 1.06047e-09
34 -6.54836e-11 2.4933e-08 2.13367e-09
35 -8.00355e-11 5.47551e-09 2.26601e-09
36 -2.6921e-10 -8.58159e-08 -6.47833e-09
37 2.18279e-11 1.20769e-07 5.09954e-09
38 6.54836e-11 4.47335e-08 -1.92222e-09
39 -2.91038e-11 8.31308e-08 8.03084e-10
40 2.18279e-11 -4.10523e-08 2.24918e-09
41 3.12866e-10 1.45256e-07 4.36557e-10
42 2.18279e-10 -1.26255e-07 8.90395e-10
43 1.45519e-10 4.70269e-08 2.8067e-09
44 1.81899e-10 -2.97725e-08 2.18733e-10
45 2.11003e-10 5.06653e-08 -1.68484e-09
46 9.45874e-11 5.52442e-08 2.04182e-09
47 -1.01863e-10 3.14112e-08 -9.98625e-10
48 -2.76486e-10 -1.50858e-07 -1.23464e-09
49 1.67347e-10 7.36935e-08 4.65207e-10
50 -1.45519e-11 1.269e-07 2.53749e-10
51 -2.91038e-10 -7.40338e-08 -3.51656e-09
52 1.60071e-10 1.40319e-07 3.75849e-09
53 2.91038e-10 6.62199e-08 -2.59843e-09
54 7.27596e-11 -1.30029e-07 5.48198e-09
55 -2.47383e-10 -2.56917e-08 -9.07676e-10
56 1.45519e-10 9.85215e-08 -1.74759e-09
57 -3.4197e-10 -1.53081e-08 1.78807e-09
58 -4.43833e-10 3.87125e-08 -2.14595e-09
59 -1.30967e-10 -2.83767e-08 6.01176e-10
60 7.27596e-11 3.34055e-08 2.62116e-09
61 1.45519e-11 -1.17929e-07 -1.77624e-09
62 -2.54659e-10 5.94233e-09 3.81533e-10
63 -9.45874e-11 -2.60084e-08 1.84582e-09
64 2.25555e-10 -3.84566e-08 -1.07048e-09
65 -1.45519e-11 -1.97105e-08 -1.79443e-09
66 1.96451e-10 1.10841e-08 -8.15817e-10
67 2.18279e-11 6.20446e-08 -4.291e-09
68 2.91038e-11 -3.27432e-08 6.30098e-09
69 2.25555e-10 -1.14985e-09 -4.80213e-10
70 -2.91038e-11 2.11758e-08 9.73159e-11
71 -8.73115e-11 4.45157e-08 -2.67255e-09
72 -1.52795e-10 4.48347e-08 3.96085e-09
73 1.45519e-11 -6.40972e-08 -1.6139e-09
74 0 -7.43507e-08 3.12866e-10
75 -2.91038e-11 4.90612e-08 1.89448e-09
76 -1.45519e-11 -1.05885e-07 -7.20775e-10
77 1.16415e-10 4.54372e-09 -3.29692e-09
78 2.40107e-10 4.84614e-08 2.37742e-09
79 -2.03727e-10 -9.38872e-09 -2.66482e-10
80 -1.16415e-10 -1.01195e-09 7.25322e-10
