26 2.16303e-09 -4.60649e-08 -7.38e-10
27 -4.38477e-06 -7.13975e-05 -1.12904e-05
28 -1.41523e-06 -5.5599e-05 -9.30008e-06
29 1.29153e-06 -6.79469e-05 -4.611e-06
30 1.12744e-06 -6.64923e-05 -4.71311e-06
31 1.75657e-06 -6.76845e-05 -4.70772e-06
32 1.80497e-06 -6.74648e-05 -4.68366e-06
33 1.81885e-06 -6.75037e-05 -4.68331e-06
34 1.83064e-06 -6.75233e-05 -4.68117e-06
35 1.84342e-06 -6.75413e-05 -4.68011e-06
36 1.85653e-06 -6.75586e-05 -4.67881e-06
37 1.86884e-06 -6.75732e-05 -4.67787e-06
38 1.88204e-06 -6.75884e-05 -4.67694e-06
39 1.89516e-06 -6.76013e-05 -4.67633e-06
40 1.90719e-06 -6.76146e-05 -4.67588e-06
41 1.92032e-06 -6.76285e-05 -4.67507e-06
42 1.93336e-06 -6.76394e-05 -4.67471e-06
43 1.94705e-06 -6.76509e-05 -4.67412e-06
44 1.96002e-06 -6.7662e-05 -4.67388e-06
45 1.97339e-06 -6.76729e-05 -4.67357e-06
46 1.98676e-06 -6.76828e-05 -4.67331e-06
47 2.00019e-06 -6.76933e-05 -4.67311e-06
48 2.01355e-06 -6.77034e-05 -4.67293e-06
49 2.02683e-06 -6.77129e-05 -4.67281e-06
50 2.04017e-06 -6.77223e-05 -4.67268e-06
51 2.05364e-06 -6.77317e-05 -4.67253e-06
52 2.06699e-06 -6.77409e-05 -4.67247e-06
53 2.08033e-06 -6.77501e-05 -4.67241e-06
54 2.09383e-06 -6.77593e-05 -4.67233e-06
55 2.10704e-06 -6.77687e-05 -4.6723e-06
56 2.1204e-06 -6.7778e-05 -4.67227e-06
57 2.13382e-06 -6.7787e-05 -4.67222e-06
58 2.14743e-06 -6.77963e-05 -4.67217e-06
59 2.16108e-06 -6.78056e-05 -4.67205e-06
60 2.17455e-06 -6.78148e-05 -4.67205e-06
61 2.18808e-06 -6.78238e-05 -4.67202e-06
62 2.20169e-06 -6.7833e-05 -4.67196e-06
63 2.21524e-06 -6.78419e-05 -4.67195e-06
64 2.22877e-06 -6.78508e-05 -4.67194e-06
65 2.24234e-06 -6.78596e-05 -4.67193e-06
66 2.25591e-06 -6.78684e-05 -4.67193e-06
67 2.26951e-06 -6.78772e-05 -4.67193e-06
68 2.2831e-06 -6.78859e-05 -4.67193e-06
69 2.2967e-06 -6.78947e-05 -4.67193e-06
70 2.31032e-06 -6.79034e-05 -4.67194e-06
71 2.32395e-06 -6.7912e-05 -4.67194e-06
72 2.33759e-06 -6.79207e-05 -4.67195e-06
73 2.35124e-06 -6.79294e-05 -4.67196e-06
74 2.36492e-06 -6.7938e-05 -4.67198e-06
75 2.37858e-06 -6.79466e-05 -4.67198e-06
76 2.39224e-06 -6.79552e-05 -4.672e-06
77 2.40593e-06 -6.79638e-05 -4.67201e-06
78 2.41963e-06 -6.79724e-05 -4.67203e-06
79 2.43332e-06 -6.79809e-05 -4.67204e-06
80 2.44702e-06 -6.79895e-05 -4.67205e-06
