26 -0.0156339 -0.0446608 1.06358e-11
27 8.15772e-06 -5.18302e-06 3.23698e-08
28 -0.0111068 -0.00185244 -2.37084e-05
29 1.75945e-07 -1.31243e-07 -3.7503e-09
30 2.29193e-08 5.20392e-08 -4.73847e-10
31 -4.20964e-08 -1.11081e-07 -4.99767e-09
32 1.24838e-07 3.87504e-07 7.04858e-10
33 -7.29415e-09 9.84983e-10 -5.33191e-09
34 2.86495e-08 8.36822e-08 7.15136e-09
35 -2.78001e-08 -1.01994e-07 5.4979e-09
36 -3.3267e-08 -7.82017e-08 -2.95768e-09
37 6.73908e-08 1.13793e-07 2.58206e-09
38 -5.05997e-08 -6.26949e-08 -1.58934e-08
39 -7.67113e-09 -3.24758e-08 4.48426e-09
40 -1.04301e-07 -3.05959e-07 2.72757e-09
41 9.835e-08 2.70373e-07 -9.33414e-09
42 -1.12718e-08 -2.95821e-08 -3.0077e-09
43 -1.32827e-08 -3.67378e-08 1.94823e-08
44 5.99662e-08 2.09743e-07 -4.12092e-09
45 2.33654e-08 7.40462e-08 -5.18412e-09
46 3.16682e-08 1.18521e-07 -5.80712e-09
47 -5.05343e-08 -1.59869e-07 5.29235e-09
48 1.85983e-08 7.71206e-08 -9.04765e-09
49 3.8679e-08 9.37112e-08 1.52959e-08
50 -9.64883e-08 -3.00289e-07 -5.85942e-09
51 3.40819e-08 8.67351e-08 1.93722e-09
52 -2.35991e-08 -6.73984e-08 -5.81167e-09
53 5.10809e-08 1.75324e-07 2.69574e-09
54 -7.35026e-08 -2.4631e-07 8.71887e-09
55 3.15235e-08 8.00286e-08 1.21095e-08
56 8.03857e-08 2.80492e-07 -7.22412e-09
57 -8.12634e-10 -7.58814e-09 -9.95988e-09
58 -4.7894e-09 -1.99465e-08 1.83859e-08
59 2.42735e-08 7.91131e-08 -1.14937e-08
60 -7.00356e-09 -2.83497e-08 -3.46472e-09
61 -1.0701e-07 -3.38416e-07 -4.82578e-09
62 -2.78051e-08 -7.54682e-08 2.27192e-09
63 6.70198e-08 1.89258e-07 2.42699e-09
64 -8.89122e-09 -1.6016e-08 1.07425e-08
65 -3.9307e-08 -1.11298e-07 -1.15606e-08
66 -6.3138e-08 -2.1353e-07 3.92447e-09
67 1.85173e-08 5.76907e-08 -8.93215e-09
68 3.04408e-09 8.6859e-09 2.29193e-09
69 -6.44022e-08 -1.96997e-07 1.86992e-09
70 4.27376e-08 1.37286e-07 -1.39917e-08
71 1.71281e-08 3.25825e-08 -1.09912e-09
72 2.16414e-09 1.11296e-08 4.16503e-09
73 3.76622e-09 3.63784e-08 -1.544e-08
74 3.43694e-08 1.05646e-07 5.27689e-09
75 2.12526e-08 5.6939e-08 5.26097e-09
76 -9.05134e-08 -2.729e-07 -1.12259e-08
77 1.23948e-07 3.66445e-07 -3.57431e-10
78 -8.72019e-08 -2.55541e-07 1.0642e-08
79 -9.68885e-09 2.6273e-10 -6.40011e-09
80 3.97449e-10 -2.7183e-08 8.8703e-09
