26 -0.0561844 -0.0419626 4.60104e-12
27 7.93023e-06 -2.91131e-06 1.57033e-08
28 -0.00921772 -0.00198263 -1.39756e-05
29 -3.8242e-08 -1.71153e-07 -2.30375e-09
30 4.49913e-08 1.78898e-07 -5.62795e-09
31 -2.52339e-09 -2.29047e-08 -3.40924e-09
32 1.15069e-08 5.70296e-08 2.98769e-09
33 -3.96949e-08 -1.42337e-07 2.88583e-09
34 5.5687e-08 2.13546e-07 -1.80962e-08
35 4.39009e-08 1.72166e-07 2.87805e-08
36 2.06446e-08 1.08579e-07 -1.91285e-08
37 -4.7412e-09 -5.15569e-08 1.06079e-08
38 -4.52737e-08 -1.64449e-07 -5.45106e-09
39 -8.27595e-09 -3.96054e-08 5.86897e-09
40 -3.8558e-09 -2.44238e-08 1.14505e-09
41 5.7812e-09 1.35309e-08 -1.02e-08
42 -1.16911e-08 -5.90279e-08 8.15089e-09
43 -2.56746e-08 -8.29403e-08 -1.23919e-09
44 -4.57339e-09 -3.82749e-09 2.85627e-09
45 -2.30925e-08 -1.1106e-07 1.34469e-09
46 -1.53523e-09 -1.29751e-09 -2.57769e-08
47 9.93396e-09 3.11908e-08 1.27875e-08
48 1.30622e-08 6.30741e-08 4.8326e-09
49 -3.13275e-09 -1.4079e-09 5.02314e-09
50 2.0495e-08 5.10209e-08 -7.85894e-09
51 2.13668e-08 1.2161e-07 -7.24322e-09
52 -5.32882e-08 -2.14228e-07 1.9304e-09
53 -1.26602e-09 -2.2867e-09 2.98041e-09
54 4.74138e-08 1.82972e-07 -3.96994e-10
55 4.4568e-08 1.77508e-07 5.70299e-09
56 -5.78675e-08 -2.44397e-07 4.28281e-09
57 1.45997e-08 3.7388e-08 -5.20458e-09
58 -1.27202e-08 -4.10902e-08 1.14051e-09
59 3.94266e-09 4.40665e-08 -9.92759e-09
60 -2.14172e-08 -9.77617e-08 7.26504e-09
61 -3.15713e-08 -1.36076e-07 7.96263e-10
62 1.92317e-08 7.9972e-08 1.23814e-08
63 4.1347e-08 1.4418e-07 -8.7266e-09
64 2.05241e-08 1.07975e-07 -7.93261e-09
65 3.43971e-08 1.38022e-07 8.28777e-09
66 3.63721e-08 1.60656e-07 -2.08001e-09
67 -4.98962e-08 -1.75903e-07 -6.01858e-09
68 4.98394e-08 2.05711e-07 2.35559e-09
69 -1.60185e-08 -6.39014e-08 -4.78394e-10
70 5.5109e-08 2.12428e-07 1.14242e-08
71 -2.88792e-08 -1.18172e-07 -1.29576e-08
72 -2.49884e-08 -1.0108e-07 5.18821e-09
73 3.85085e-08 1.51718e-07 -8.49332e-09
74 -4.76753e-08 -2.09543e-07 -7.83984e-09
75 -1.55233e-08 -5.29293e-08 4.54111e-09
76 -3.83056e-08 -1.477e-07 7.31825e-09
77 6.41148e-08 2.5553e-07 -7.44058e-09
78 -2.58115e-08 -6.75506e-08 -5.28235e-09
79 8.06285e-08 2.90026e-07 9.98352e-09
80 -2.6158e-08 -6.82762e-08 -4.77439e-09
