26 3.29499e-09 -4.29411e-08 -1.44158e-08
27 8.68612e-06 -1.63909e-05 -4.76736e-05
28 8.38257e-06 -1.40281e-05 -3.72447e-05
29 3.85262e-06 -4.50299e-05 -1.449e-05
30 4.03262e-06 -4.36682e-05 -1.44879e-05
31 4.42326e-06 -4.44274e-05 -1.45692e-05
32 4.46838e-06 -4.4389e-05 -1.45094e-05
33 4.48556e-06 -4.44317e-05 -1.45037e-05
34 4.49589e-06 -4.44556e-05 -1.45003e-05
35 4.50913e-06 -4.44773e-05 -1.44979e-05
36 4.5219e-06 -4.44949e-05 -1.44965e-05
37 4.53444e-06 -4.4511e-05 -1.44951e-05
38 4.54765e-06 -4.45248e-05 -1.44947e-05
39 4.56102e-06 -4.45375e-05 -1.44943e-05
40 4.57362e-06 -4.45503e-05 -1.44941e-05
41 4.58686e-06 -4.45607e-05 -1.44946e-05
42 4.60023e-06 -4.457e-05 -1.4495e-05
43 4.61399e-06 -4.45782e-05 -1.44957e-05
44 4.62738e-06 -4.4587e-05 -1.44964e-05
45 4.64111e-06 -4.45951e-05 -1.44972e-05
46 4.65474e-06 -4.46021e-05 -1.44982e-05
47 4.66848e-06 -4.46095e-05 -1.44993e-05
48 4.68217e-06 -4.46166e-05 -1.45004e-05
49 4.69585e-06 -4.46229e-05 -1.45015e-05
50 4.70955e-06 -4.46291e-05 -1.45028e-05
51 4.72331e-06 -4.46349e-05 -1.45041e-05
52 4.73702e-06 -4.46411e-05 -1.45054e-05
53 4.75075e-06 -4.46469e-05 -1.45067e-05
54 4.76454e-06 -4.46525e-05 -1.45081e-05
55 4.77814e-06 -4.46583e-05 -1.45096e-05
56 4.79185e-06 -4.46641e-05 -1.4511e-05
57 4.8056e-06 -4.46695e-05 -1.45125e-05
58 4.81945e-06 -4.4675e-05 -1.45141e-05
59 4.83329e-06 -4.46805e-05 -1.45156e-05
60 4.84705e-06 -4.46862e-05 -1.45171e-05
61 4.86085e-06 -4.46915e-05 -1.45186e-05
62 4.87465e-06 -4.4697e-05 -1.45202e-05
63 4.88845e-06 -4.47023e-05 -1.45217e-05
64 4.90224e-06 -4.47077e-05 -1.45232e-05
65 4.91604e-06 -4.47129e-05 -1.45248e-05
66 4.92983e-06 -4.47181e-05 -1.45263e-05
67 4.94364e-06 -4.47233e-05 -1.45279e-05
68 4.95743e-06 -4.47285e-05 -1.45294e-05
69 4.97123e-06 -4.47337e-05 -1.4531e-05
70 4.98503e-06 -4.47389e-05 -1.45325e-05
71 4.99883e-06 -4.47441e-05 -1.45341e-05
72 5.01263e-06 -4.47492e-05 -1.45356e-05
73 5.02644e-06 -4.47544e-05 -1.45372e-05
74 5.04026e-06 -4.47596e-05 -1.45388e-05
75 5.05405e-06 -4.47647e-05 -1.45403e-05
76 5.06784e-06 -4.47698e-05 -1.45419e-05
77 5.08164e-06 -4.4775e-05 -1.45434e-05
78 5.09545e-06 -4.47801e-05 -1.4545e-05
79 5.10924e-06 -4.47853e-05 -1.45465e-05
80 5.12304e-06 -4.47904e-05 -1.45481e-05
