26 1.04972e-09 2.76054e-08 1.07743e-08
27 -6.86388e-07 0.000226218 5.67461e-05
28 4.56482e-07 0.000177046 4.36739e-05
29 -1.26724e-06 -1.31836e-05 4.31802e-06
30 -1.07512e-06 -1.1363e-05 4.27474e-06
31 -6.92222e-07 -1.22573e-05 4.33261e-06
32 -6.3884e-07 -1.23275e-05 4.30899e-06
33 -6.20264e-07 -1.23778e-05 4.30742e-06
34 -6.08911e-07 -1.24124e-05 4.30707e-06
35 -5.94944e-07 -1.24389e-05 4.30664e-06
36 -5.81646e-07 -1.24622e-05 4.30694e-06
37 -5.68567e-07 -1.24823e-05 4.30692e-06
38 -5.55052e-07 -1.24997e-05 4.30749e-06
39 -5.41356e-07 -1.25142e-05 4.30776e-06
40 -5.2854e-07 -1.25279e-05 4.30807e-06
41 -5.15207e-07 -1.25411e-05 4.30901e-06
42 -5.01668e-07 -1.25507e-05 4.30955e-06
43 -4.87837e-07 -1.25604e-05 4.31043e-06
44 -4.74378e-07 -1.25688e-05 4.31106e-06
45 -4.6063e-07 -1.25767e-05 4.31183e-06
46 -4.46958e-07 -1.25835e-05 4.31257e-06
47 -4.33246e-07 -1.259e-05 4.31339e-06
48 -4.19578e-07 -1.25962e-05 4.31418e-06
49 -4.05925e-07 -1.26014e-05 4.31496e-06
50 -3.92268e-07 -1.26064e-05 4.31578e-06
51 -3.78569e-07 -1.26112e-05 4.31666e-06
52 -3.64908e-07 -1.26158e-05 4.31744e-06
53 -3.51254e-07 -1.262e-05 4.31827e-06
54 -3.37549e-07 -1.26242e-05 4.31915e-06
55 -3.24054e-07 -1.26282e-05 4.32002e-06
56 -3.10447e-07 -1.26322e-05 4.32088e-06
57 -2.96799e-07 -1.2636e-05 4.32177e-06
58 -2.83075e-07 -1.26398e-05 4.32269e-06
59 -2.69351e-07 -1.2644e-05 4.32364e-06
60 -2.55709e-07 -1.26478e-05 4.32449e-06
61 -2.42022e-07 -1.26513e-05 4.32539e-06
62 -2.2835e-07 -1.26551e-05 4.32631e-06
63 -2.14674e-07 -1.26585e-05 4.32719e-06
64 -2.01012e-07 -1.2662e-05 4.32807e-06
65 -1.87326e-07 -1.26653e-05 4.32895e-06
66 -1.73664e-07 -1.26686e-05 4.32982e-06
67 -1.59984e-07 -1.26719e-05 4.3307e-06
68 -1.46313e-07 -1.26751e-05 4.33157e-06
69 -1.32642e-07 -1.26783e-05 4.33244e-06
70 -1.18975e-07 -1.26815e-05 4.33331e-06
71 -1.05295e-07 -1.26847e-05 4.33418e-06
72 -9.16271e-08 -1.26879e-05 4.33504e-06
73 -7.79493e-08 -1.26911e-05 4.3359e-06
74 -6.42648e-08 -1.26942e-05 4.33677e-06
75 -5.06027e-08 -1.26974e-05 4.33763e-06
76 -3.69442e-08 -1.27005e-05 4.33848e-06
77 -2.3275e-08 -1.27037e-05 4.33934e-06
78 -9.60305e-09 -1.27068e-05 4.34019e-06
79 4.06033e-09 -1.27099e-05 4.34104e-06
80 1.77183e-08 -1.2713e-05 4.34189e-06
