26 8.4369e-09 -4.36861e-08 3.44496e-09
27 5.36148e-05 -1.8205e-05 1.2334e-05
28 4.37367e-05 -1.54479e-05 9.64949e-06
29 2.48171e-05 -4.53961e-05 4.29805e-06
30 2.4777e-05 -4.40982e-05 4.37172e-06
31 2.56453e-05 -4.48342e-05 4.34862e-06
32 2.55339e-05 -4.47976e-05 4.32881e-06
33 2.55446e-05 -4.48405e-05 4.32818e-06
34 2.55495e-05 -4.48643e-05 4.32672e-06
35 2.5558e-05 -4.4886e-05 4.32601e-06
36 2.55686e-05 -4.49035e-05 4.32538e-06
37 2.55783e-05 -4.49196e-05 4.32487e-06
38 2.55907e-05 -4.49334e-05 4.32459e-06
39 2.56029e-05 -4.49461e-05 4.32438e-06
40 2.56146e-05 -4.49589e-05 4.3243e-06
41 2.56285e-05 -4.49694e-05 4.32426e-06
42 2.56421e-05 -4.49786e-05 4.3243e-06
43 2.56569e-05 -4.49868e-05 4.32433e-06
44 2.5671e-05 -4.49956e-05 4.32447e-06
45 2.56858e-05 -4.50036e-05 4.32464e-06
46 2.57006e-05 -4.50107e-05 4.3248e-06
47 2.57158e-05 -4.5018e-05 4.32503e-06
48 2.5731e-05 -4.50251e-05 4.32526e-06
49 2.57461e-05 -4.50314e-05 4.32552e-06
50 2.57614e-05 -4.50376e-05 4.32579e-06
51 2.5777e-05 -4.50434e-05 4.32607e-06
52 2.57924e-05 -4.50495e-05 4.32636e-06
53 2.58079e-05 -4.50553e-05 4.32667e-06
54 2.58237e-05 -4.50609e-05 4.32698e-06
55 2.58392e-05 -4.50667e-05 4.32733e-06
56 2.58549e-05 -4.50725e-05 4.32767e-06
57 2.58707e-05 -4.50779e-05 4.328e-06
58 2.58868e-05 -4.50834e-05 4.32834e-06
59 2.59029e-05 -4.50888e-05 4.32865e-06
60 2.59187e-05 -4.50946e-05 4.32898e-06
61 2.59346e-05 -4.50998e-05 4.32932e-06
62 2.59507e-05 -4.51053e-05 4.32965e-06
63 2.59666e-05 -4.51106e-05 4.32999e-06
64 2.59826e-05 -4.51159e-05 4.33033e-06
65 2.59985e-05 -4.51211e-05 4.33067e-06
66 2.60145e-05 -4.51263e-05 4.331e-06
67 2.60305e-05 -4.51315e-05 4.33134e-06
68 2.60465e-05 -4.51367e-05 4.33168e-06
69 2.60625e-05 -4.51419e-05 4.33201e-06
70 2.60785e-05 -4.5147e-05 4.33235e-06
71 2.60945e-05 -4.51522e-05 4.33268e-06
72 2.61105e-05 -4.51573e-05 4.33301e-06
73 2.61265e-05 -4.51625e-05 4.33334e-06
74 2.61426e-05 -4.51676e-05 4.33366e-06
75 2.61586e-05 -4.51727e-05 4.33399e-06
76 2.61746e-05 -4.51778e-05 4.33431e-06
77 2.61906e-05 -4.5183e-05 4.33464e-06
78 2.62066e-05 -4.51881e-05 4.33496e-06
79 2.62227e-05 -4.51932e-05 4.33528e-06
80 2.62387e-05 -4.51983e-05 4.33559e-06
