26 5.86187 -0.273249 1.54792e-08
27 0.000409499 -6.14394e-05 2.54113e-08
28 0.282001 -0.0294129 -6.31358e-06
29 -0.000394582 9.58362e-05 6.25723e-08
30 1.23691e-10 2.69843e-08 1.27147e-09
31 1.60071e-10 -5.20818e-08 9.02219e-10
32 -1.74623e-10 1.08756e-07 1.59616e-09
33 -7.27596e-11 -9.27381e-08 -2.91857e-09
34 -1.09139e-10 -5.79948e-08 2.82716e-09
35 -3.63798e-11 7.51595e-08 1.37425e-09
36 1.60071e-10 1.0419e-08 -3.80805e-09
37 -1.45519e-11 -3.32114e-08 -2.1455e-09
38 1.30967e-10 8.94021e-08 1.27147e-09
39 -1.23691e-10 -1.15852e-07 -8.04903e-11
40 -5.09317e-11 9.43512e-08 5.36602e-10
41 1.23691e-10 2.71167e-08 1.05047e-10
42 -1.09139e-10 4.30158e-08 -7.2896e-10
43 -7.27596e-12 -4.1348e-08 5.18412e-10
44 -3.63798e-11 5.64245e-08 9.30868e-10
45 -7.27596e-11 -1.10311e-07 9.88621e-10
46 -1.01863e-10 4.3613e-08 8.18545e-12
47 -1.74623e-10 4.33171e-08 -2.05318e-09
48 1.45519e-10 -4.61098e-08 1.05501e-09
49 7.27596e-12 3.85657e-08 1.56206e-09
50 -7.27596e-12 5.25613e-08 -1.6862e-09
51 -9.45874e-11 -7.25326e-08 -2.52567e-09
52 -3.63798e-11 4.69525e-08 4.92037e-10
53 1.09139e-10 -7.1488e-08 -3.67436e-10
54 3.63798e-11 2.28998e-09 1.77351e-11
55 -5.82077e-11 8.0215e-08 -1.91358e-09
56 0 -5.62549e-08 -8.00355e-10
57 -1.16415e-10 9.03086e-08 -1.65528e-10
58 7.27596e-11 2.90068e-08 4.9431e-10
59 6.54836e-11 3.04588e-08 -2.08183e-09
60 -1.23691e-10 1.61192e-08 1.11231e-09
61 -5.82077e-11 -3.93456e-08 3.3333e-10
62 7.27596e-12 6.31052e-08 1.27056e-09
63 0 -3.12309e-08 -2.31785e-09
64 -3.63798e-11 -1.93785e-08 -4.1473e-10
65 -3.63798e-11 5.43683e-08 1.97269e-09
66 -2.18279e-11 -6.84101e-08 1.14505e-09
67 1.16415e-10 3.08685e-08 -6.07997e-10
68 2.91038e-11 -1.68021e-08 9.21773e-10
69 6.54836e-11 1.37267e-08 -3.27827e-09
70 -7.27596e-12 -4.53768e-09 1.21327e-09
71 -2.91038e-11 5.91621e-08 -2.83762e-10
72 -5.09317e-11 -4.44383e-08 1.98725e-09
73 -1.45519e-11 -7.65698e-08 -2.32831e-10
74 4.36557e-11 1.1017e-07 -1.68711e-10
75 -1.45519e-11 -1.35415e-07 4.21096e-10
76 -2.91038e-11 8.00943e-08 -2.30921e-09
77 0 6.93943e-08 1.74532e-09
78 4.36557e-11 6.33868e-08 -3.7071e-09
79 7.27596e-11 -4.1808e-08 1.09912e-09
80 -7.27596e-12 -6.1952e-09 -1.17052e-09
