26 -0.000346637 -0.0621496 1.05992e-11
27 -2.98724e-06 4.18531e-07 -6.72298e-09
28 0.00725053 -0.00541825 1.40317e-05
29 -1.04633e-08 6.34277e-08 -3.53975e-09
30 6.4515e-09 -4.48568e-08 -3.76212e-09
31 1.24846e-08 -6.97137e-08 4.39923e-09
32 -9.01218e-09 4.22305e-08 -1.022e-08
33 -2.16505e-08 1.37417e-07 4.59431e-09
34 1.19439e-08 -4.31863e-08 9.55106e-09
35 1.32241e-09 -2.32029e-08 6.76437e-09
36 3.28127e-08 -2.14566e-07 -5.78984e-09
37 -1.80135e-08 9.49125e-08 -2.11094e-09
38 1.82081e-09 3.46108e-09 -1.90994e-10
39 5.03956e-08 -3.08801e-07 2.70848e-09
40 -9.21755e-08 2.25341e-07 4.19095e-09
41 9.50376e-09 2.50423e-07 -9.99853e-09
42 5.61181e-08 -2.88982e-07 1.18084e-08
43 -2.84381e-08 1.46669e-07 3.472e-09
44 -1.9611e-08 1.23695e-07 -4.23779e-09
45 -3.84798e-08 2.77711e-07 1.25265e-08
46 2.29479e-08 -1.63913e-07 -1.21722e-08
47 1.42618e-08 -1.04985e-07 -6.27779e-09
48 1.01363e-09 1.07351e-08 1.16074e-08
49 -1.52581e-08 1.01714e-07 2.77851e-10
50 2.26714e-08 -1.4454e-07 -1.74259e-09
51 4.30009e-09 -2.69177e-08 -8.62656e-09
52 -6.92035e-09 5.11247e-08 -5.38421e-10
53 2.42467e-08 -1.73846e-07 2.62389e-09
54 6.78665e-09 -2.0449e-08 1.2235e-08
55 -3.76594e-08 2.38706e-07 -1.12186e-09
56 -2.01189e-08 1.1724e-07 -1.07116e-08
57 -9.65429e-10 1.16586e-09 2.01226e-09
58 1.83973e-08 -1.25452e-07 -3.61706e-09
59 -2.23449e-08 1.42786e-07 1.3255e-08
60 2.11012e-08 -1.25087e-07 -1.06547e-08
61 -1.83791e-08 1.02658e-07 1.69985e-09
62 1.78002e-08 -9.25011e-08 5.17866e-09
63 7.14044e-09 -2.79042e-08 6.57565e-10
64 -1.77647e-08 9.74406e-08 -3.21734e-09
65 1.38971e-08 -7.48138e-08 -2.46746e-09
66 -3.42197e-08 1.86789e-07 -4.38285e-09
67 2.29602e-09 -3.076e-08 -6.42194e-09
68 3.70947e-08 -2.28685e-07 -4.1e-09
69 -1.97283e-08 1.53919e-07 6.6766e-09
70 2.91038e-08 -2.10494e-07 2.42471e-09
71 5.84232e-08 -3.86082e-07 -5.99402e-09
72 -6.27779e-08 4.2437e-07 1.30904e-08
73 2.85218e-09 -5.36131e-08 -1.46401e-08
74 2.14259e-08 -1.05625e-07 1.93468e-08
75 -8.33643e-09 2.89289e-08 -1.02609e-08
76 -3.14972e-08 2.19277e-07 5.34646e-09
77 1.7395e-08 -7.74061e-08 4.76984e-09
78 -6.11999e-09 -1.72956e-08 -1.70089e-08
79 -6.14591e-09 4.64081e-08 6.73026e-11
80 -2.58424e-08 1.69432e-07 -7.54881e-11
