26 1.08765e-09 -1.73002e-08 -2.47877e-08
27 1.19924e-06 6.0418e-05 -7.26047e-05
28 2.43394e-06 4.49799e-05 -5.54641e-05
29 1.24829e-06 -3.01474e-05 -1.06132e-05
30 1.42926e-06 -2.87429e-05 -1.06677e-05
31 1.80946e-06 -2.94431e-05 -1.06927e-05
32 1.86294e-06 -2.94649e-05 -1.06505e-05
33 1.881e-06 -2.95124e-05 -1.06473e-05
34 1.8919e-06 -2.95398e-05 -1.06447e-05
35 1.90553e-06 -2.95635e-05 -1.06432e-05
36 1.91854e-06 -2.95823e-05 -1.06421e-05
37 1.93133e-06 -2.95997e-05 -1.06411e-05
38 1.94462e-06 -2.96138e-05 -1.06408e-05
39 1.95808e-06 -2.96268e-05 -1.06405e-05
40 1.97072e-06 -2.96396e-05 -1.06405e-05
41 1.98391e-06 -2.96495e-05 -1.06406e-05
42 1.99726e-06 -2.96582e-05 -1.06409e-05
43 2.01093e-06 -2.96657e-05 -1.06413e-05
44 2.02424e-06 -2.96737e-05 -1.06418e-05
45 2.03786e-06 -2.96808e-05 -1.06424e-05
46 2.05138e-06 -2.96868e-05 -1.06431e-05
47 2.06497e-06 -2.96929e-05 -1.06438e-05
48 2.07852e-06 -2.96988e-05 -1.06446e-05
49 2.09204e-06 -2.97038e-05 -1.06455e-05
50 2.10558e-06 -2.97087e-05 -1.06463e-05
51 2.11916e-06 -2.97131e-05 -1.06472e-05
52 2.13271e-06 -2.97178e-05 -1.06482e-05
53 2.14625e-06 -2.97222e-05 -1.06491e-05
54 2.15985e-06 -2.97263e-05 -1.06501e-05
55 2.17325e-06 -2.97305e-05 -1.06512e-05
56 2.18676e-06 -2.97347e-05 -1.06522e-05
57 2.20031e-06 -2.97385e-05 -1.06533e-05
58 2.21394e-06 -2.97424e-05 -1.06544e-05
59 2.22757e-06 -2.97463e-05 -1.06554e-05
60 2.24113e-06 -2.97504e-05 -1.06565e-05
61 2.25472e-06 -2.9754e-05 -1.06575e-05
62 2.2683e-06 -2.97578e-05 -1.06586e-05
63 2.28189e-06 -2.97615e-05 -1.06597e-05
64 2.29546e-06 -2.97652e-05 -1.06608e-05
65 2.30906e-06 -2.97688e-05 -1.06619e-05
66 2.32263e-06 -2.97723e-05 -1.0663e-05
67 2.33622e-06 -2.97759e-05 -1.06641e-05
68 2.3498e-06 -2.97794e-05 -1.06652e-05
69 2.36339e-06 -2.97829e-05 -1.06663e-05
70 2.37697e-06 -2.97864e-05 -1.06674e-05
71 2.39056e-06 -2.97899e-05 -1.06685e-05
72 2.40415e-06 -2.97934e-05 -1.06696e-05
73 2.41774e-06 -2.97969e-05 -1.06708e-05
74 2.43134e-06 -2.98004e-05 -1.06719e-05
75 2.44492e-06 -2.98039e-05 -1.0673e-05
76 2.45849e-06 -2.98073e-05 -1.06741e-05
77 2.47208e-06 -2.98108e-05 -1.06752e-05
78 2.48567e-06 -2.98143e-05 -1.06763e-05
79 2.49925e-06 -2.98178e-05 -1.06774e-05
80 2.51283e-06 -2.98212e-05 -1.06785e-05
