26 -0.971853 -1.54216 -5.72624e-10
27 0.00455096 -0.00206532 1.23837e-08
28 -0.247416 0.0171142 1.11774e-06
29 -0.000880292 4.6604e-05 -3.3896e-08
30 -2.91038e-11 -9.24482e-09 1.91449e-10
31 3.63798e-11 9.78222e-09 -7.18501e-10
32 7.27596e-12 5.71431e-08 -1.48248e-10
33 7.27596e-12 -2.56571e-08 2.3042e-09
34 2.18279e-11 4.7888e-08 -2.26601e-09
35 -2.91038e-11 -4.32269e-08 1.28694e-09
36 -7.27596e-12 4.86321e-08 -2.16005e-10
37 5.82077e-11 2.91451e-08 5.4888e-10
38 -2.91038e-11 -3.66744e-08 -1.43746e-09
39 -2.18279e-11 3.26849e-08 -2.19188e-10
40 -2.91038e-11 3.00235e-09 -9.26775e-10
41 5.09317e-11 3.18013e-08 1.04455e-09
42 -7.27596e-12 1.88668e-08 -4.78849e-10
43 7.27596e-12 -1.50325e-08 2.0118e-09
44 -4.36557e-11 -2.89023e-08 -2.25555e-09
45 1.45519e-11 4.67664e-09 1.08503e-09
46 -7.27596e-12 -8.13274e-08 -8.79481e-10
47 1.45519e-11 1.17252e-08 -5.13865e-11
48 0 -3.87414e-08 -2.51475e-10
49 -2.18279e-11 3.68293e-08 4.91127e-10
50 3.63798e-11 -3.31449e-08 5.00222e-10
51 -2.18279e-11 3.24214e-08 2.49292e-09
52 -7.27596e-12 -6.56232e-08 -6.33008e-10
53 0 1.45312e-08 5.53882e-10
54 -1.45519e-11 1.98693e-08 1.35879e-09
55 0 -7.0021e-09 -1.06047e-09
56 2.91038e-11 -5.06942e-09 -2.72848e-12
57 7.27596e-12 -2.40811e-09 -1.08594e-09
58 4.36557e-11 1.54666e-08 -2.34559e-09
59 -9.45874e-11 -1.62159e-08 1.91085e-09
60 -1.45519e-11 5.28385e-08 3.73802e-10
61 5.82077e-11 -4.07671e-08 -6.99856e-10
62 3.63798e-11 -2.32128e-08 -1.50339e-09
63 -7.27596e-12 -2.02311e-08 -5.81622e-10
64 5.82077e-11 8.22627e-08 1.42563e-09
65 -7.27596e-12 1.74974e-08 5.9481e-10
66 -8.73115e-11 -6.79227e-08 -8.61746e-10
67 -4.36557e-11 2.39517e-08 -6.63022e-10
68 -1.16415e-10 3.92374e-08 -1.93722e-10
69 2.91038e-11 3.24214e-08 -2.01362e-09
70 3.63798e-11 -1.62572e-08 2.00316e-09
71 0 2.50214e-08 -1.51567e-09
72 -3.63798e-11 -1.04127e-08 3.44244e-10
73 -6.54836e-11 -3.97956e-08 -1.27875e-09
74 -6.54836e-11 2.55175e-08 2.63935e-09
75 -7.27596e-12 -5.52955e-10 -2.00362e-09
76 -3.63798e-11 6.03055e-09 -4.93401e-10
77 5.09317e-11 -3.26798e-08 2.51202e-09
78 7.27596e-12 -2.88713e-08 -2.12412e-09
79 -1.60071e-10 -3.8111e-08 1.33377e-09
80 -1.45519e-11 4.03743e-08 -9.84528e-10
