26 -1.12046e-08 -3.76738e-08 -1.33552e-10
27 -6.26527e-05 -1.012e-05 1.31582e-05
28 -4.86957e-05 -6.02492e-06 1.02931e-05
29 -2.32983e-05 -4.21948e-05 5.64968e-06
30 -2.34305e-05 -4.0506e-05 5.84238e-06
31 -2.30559e-05 -4.15137e-05 5.86352e-06
32 -2.28788e-05 -4.14436e-05 5.81186e-06
33 -2.2857e-05 -4.14869e-05 5.81342e-06
34 -2.28377e-05 -4.15159e-05 5.81065e-06
35 -2.28197e-05 -4.15394e-05 5.80949e-06
36 -2.28026e-05 -4.15618e-05 5.80816e-06
37 -2.27865e-05 -4.15807e-05 5.80721e-06
38 -2.2771e-05 -4.1599e-05 5.80643e-06
39 -2.27559e-05 -4.16143e-05 5.80593e-06
40 -2.27423e-05 -4.16293e-05 5.80564e-06
41 -2.27281e-05 -4.16452e-05 5.80513e-06
42 -2.27144e-05 -4.16571e-05 5.80499e-06
43 -2.27002e-05 -4.16698e-05 5.80469e-06
44 -2.26871e-05 -4.16811e-05 5.80471e-06
45 -2.26738e-05 -4.16924e-05 5.80471e-06
46 -2.26606e-05 -4.17024e-05 5.80473e-06
47 -2.26478e-05 -4.17127e-05 5.80484e-06
48 -2.26349e-05 -4.17226e-05 5.80497e-06
49 -2.26223e-05 -4.17315e-05 5.80516e-06
50 -2.26097e-05 -4.17405e-05 5.80536e-06
51 -2.25971e-05 -4.17493e-05 5.80554e-06
52 -2.25847e-05 -4.17578e-05 5.80579e-06
53 -2.25724e-05 -4.17661e-05 5.80607e-06
54 -2.256e-05 -4.17746e-05 5.80632e-06
55 -2.25479e-05 -4.17829e-05 5.80662e-06
56 -2.25358e-05 -4.17912e-05 5.80693e-06
57 -2.25235e-05 -4.17992e-05 5.80721e-06
58 -2.25113e-05 -4.18075e-05 5.80748e-06
59 -2.24988e-05 -4.1816e-05 5.8077e-06
60 -2.24867e-05 -4.18241e-05 5.808e-06
61 -2.24744e-05 -4.1832e-05 5.80829e-06
62 -2.24621e-05 -4.18403e-05 5.80854e-06
63 -2.245e-05 -4.18481e-05 5.80884e-06
64 -2.24378e-05 -4.18558e-05 5.80915e-06
65 -2.24256e-05 -4.18635e-05 5.80945e-06
66 -2.24134e-05 -4.18711e-05 5.80974e-06
67 -2.24012e-05 -4.18788e-05 5.81004e-06
68 -2.23891e-05 -4.18863e-05 5.81033e-06
69 -2.23769e-05 -4.18939e-05 5.81063e-06
70 -2.23647e-05 -4.19014e-05 5.81092e-06
71 -2.23525e-05 -4.19089e-05 5.81121e-06
72 -2.23403e-05 -4.19164e-05 5.8115e-06
73 -2.23281e-05 -4.19238e-05 5.81179e-06
74 -2.23159e-05 -4.19313e-05 5.81207e-06
75 -2.23037e-05 -4.19387e-05 5.81236e-06
76 -2.22915e-05 -4.19461e-05 5.81264e-06
77 -2.22793e-05 -4.19534e-05 5.81292e-06
78 -2.22671e-05 -4.19608e-05 5.81319e-06
79 -2.22549e-05 -4.19682e-05 5.81346e-06
80 -2.22426e-05 -4.19755e-05 5.81373e-06
