26 -0.189053 -0.271974 -3.90585e-10
27 0.000345477 -0.00109345 4.95129e-09
28 0.00367917 -0.137795 8.56417e-07
29 -1291.22 526.562 -5.89353e-10
30 -1135.74 233.744 1.58798e-09
31 -1048.87 205.86 -4.29281e-10
32 -1057.28 235.654 -1.21963e-09
33 -1056.52 240.471 -1.32422e-09
34 -1055.03 242.81 7.94898e-10
35 -1053.73 245.027 6.54836e-10
36 -1052.56 247.347 3.28328e-10
37 -1051.47 249.742 -2.36469e-11
38 -1050.48 252.186 -6.96673e-10
39 -1049.56 254.683 -6.51198e-10
40 -1048.73 257.193 7.41238e-10
41 -1047.91 259.687 3.58341e-10
42 -1047.16 262.233 5.28416e-10
43 -1046.4 264.764 -6.24823e-10
44 -1045.71 267.299 4.72937e-10
45 -1045.04 269.838 -2.12822e-10
46 -1044.38 272.375 3.18323e-11
47 -1043.76 274.899 -1.16597e-09
48 -1043.15 277.409 3.84716e-10
49 -1042.56 279.911 -8.98581e-10
50 -1041.98 282.4 2.04545e-09
51 -1041.41 284.874 1.20508e-09
52 -1040.86 287.331 -1.30603e-09
53 -1040.32 289.767 -5.12955e-10
54 -1039.79 292.187 9.11314e-10
55 -1039.27 294.582 1.5325e-09
56 -1038.76 296.959 1.91358e-09
57 -1038.24 299.316 -1.37879e-09
58 -1037.73 301.651 6.80302e-10
59 -1037.21 303.953 -1.83718e-10
60 -1036.71 306.245 -9.20409e-10
61 -1036.21 308.521 -3.7744e-10
62 -1035.71 310.768 -1.16415e-09
63 -1035.22 313.003 1.37061e-09
64 -1034.73 315.219 -1.22782e-09
65 -1034.25 317.415 9.87711e-10
66 -1033.76 319.592 -1.54523e-09
67 -1033.29 321.749 9.04038e-10
68 -1032.81 323.886 -6.20275e-10
69 -1032.34 326.003 -5.63887e-11
70 -1031.87 328.101 -6.19366e-10
71 -1031.39 330.179 7.43057e-10
72 -1030.93 332.237 1.39244e-09
73 -1030.46 334.277 -1.54796e-09
74 -1030 336.297 -1.24783e-09
75 -1029.53 338.297 1.31149e-09
76 -1029.07 340.278 -4.60204e-10
77 -1028.61 342.24 -6.80302e-10
78 -1028.15 344.183 1.3124e-09
79 -1027.7 346.106 -1.10958e-09
80 -1027.24 348.009 1.69712e-09
