26 1.06608e-09 2.41925e-08 1.49491e-08
27 -7.76732e-07 0.000210278 6.33637e-05
28 3.60193e-07 0.000164773 4.88025e-05
29 -1.38919e-06 -1.44221e-05 5.02877e-06
30 -1.19653e-06 -1.25912e-05 4.99434e-06
31 -8.13502e-07 -1.35006e-05 5.0504e-06
32 -7.60125e-07 -1.35641e-05 5.02373e-06
33 -7.41525e-07 -1.3614e-05 5.02201e-06
34 -7.30149e-07 -1.36485e-05 5.02147e-06
35 -7.16165e-07 -1.36748e-05 5.02096e-06
36 -7.02854e-07 -1.36982e-05 5.02118e-06
37 -6.89761e-07 -1.37183e-05 5.0211e-06
38 -6.76235e-07 -1.37358e-05 5.02164e-06
39 -6.62528e-07 -1.37504e-05 5.0219e-06
40 -6.49703e-07 -1.37642e-05 5.02223e-06
41 -6.36363e-07 -1.37777e-05 5.02317e-06
42 -6.22815e-07 -1.37874e-05 5.02373e-06
43 -6.08976e-07 -1.37973e-05 5.02463e-06
44 -5.9551e-07 -1.38059e-05 5.0253e-06
45 -5.81756e-07 -1.3814e-05 5.02612e-06
46 -5.68076e-07 -1.3821e-05 5.02691e-06
47 -5.54359e-07 -1.38277e-05 5.02778e-06
48 -5.40685e-07 -1.38342e-05 5.02863e-06
49 -5.27025e-07 -1.38396e-05 5.02947e-06
50 -5.13362e-07 -1.38448e-05 5.03035e-06
51 -4.99658e-07 -1.38498e-05 5.0313e-06
52 -4.85991e-07 -1.38546e-05 5.03215e-06
53 -4.72332e-07 -1.38591e-05 5.03304e-06
54 -4.58622e-07 -1.38635e-05 5.034e-06
55 -4.45122e-07 -1.38678e-05 5.03494e-06
56 -4.3151e-07 -1.3872e-05 5.03588e-06
57 -4.17857e-07 -1.3876e-05 5.03684e-06
58 -4.0413e-07 -1.38801e-05 5.03784e-06
59 -3.90401e-07 -1.38845e-05 5.03885e-06
60 -3.76755e-07 -1.38886e-05 5.03979e-06
61 -3.63063e-07 -1.38923e-05 5.04076e-06
62 -3.49387e-07 -1.38964e-05 5.04175e-06
63 -3.35706e-07 -1.39001e-05 5.04271e-06
64 -3.2204e-07 -1.39037e-05 5.04366e-06
65 -3.0835e-07 -1.39073e-05 5.04462e-06
66 -2.94684e-07 -1.39109e-05 5.04557e-06
67 -2.80999e-07 -1.39144e-05 5.04652e-06
68 -2.67324e-07 -1.39179e-05 5.04747e-06
69 -2.53649e-07 -1.39213e-05 5.04842e-06
70 -2.39978e-07 -1.39248e-05 5.04936e-06
71 -2.26293e-07 -1.39282e-05 5.0503e-06
72 -2.12621e-07 -1.39316e-05 5.05125e-06
73 -1.98939e-07 -1.3935e-05 5.05218e-06
74 -1.85251e-07 -1.39384e-05 5.05312e-06
75 -1.71584e-07 -1.39418e-05 5.05406e-06
76 -1.57922e-07 -1.39452e-05 5.05499e-06
77 -1.44249e-07 -1.39486e-05 5.05592e-06
78 -1.30573e-07 -1.39519e-05 5.05685e-06
79 -1.16905e-07 -1.39553e-05 5.05778e-06
80 -1.03243e-07 -1.39586e-05 5.0587e-06
