26 3.80505e-09 -4.61878e-08 2.68039e-09
27 3.06231e-05 -3.08319e-05 1.99926e-05
28 2.57682e-05 -2.53139e-05 1.56002e-05
29 1.59595e-05 -5.02966e-05 8.08149e-06
30 1.58306e-05 -4.9045e-05 8.13351e-06
31 1.6658e-05 -4.98073e-05 8.20869e-06
32 1.66001e-05 -4.97405e-05 8.15457e-06
33 1.6612e-05 -4.97828e-05 8.15351e-06
34 1.66197e-05 -4.98051e-05 8.15107e-06
35 1.66298e-05 -4.98259e-05 8.14959e-06
36 1.66415e-05 -4.98428e-05 8.14866e-06
37 1.66522e-05 -4.98583e-05 8.14772e-06
38 1.66651e-05 -4.98719e-05 8.14741e-06
39 1.66777e-05 -4.98843e-05 8.14705e-06
40 1.66895e-05 -4.98971e-05 8.14689e-06
41 1.67034e-05 -4.99076e-05 8.1471e-06
42 1.67169e-05 -4.99168e-05 8.14725e-06
43 1.67314e-05 -4.99252e-05 8.14757e-06
44 1.67452e-05 -4.99342e-05 8.14791e-06
45 1.67596e-05 -4.99425e-05 8.14836e-06
46 1.67739e-05 -4.99498e-05 8.1488e-06
47 1.67886e-05 -4.99574e-05 8.14938e-06
48 1.68031e-05 -4.99648e-05 8.14994e-06
49 1.68177e-05 -4.99715e-05 8.15055e-06
50 1.68324e-05 -4.9978e-05 8.15119e-06
51 1.68473e-05 -4.99842e-05 8.15187e-06
52 1.6862e-05 -4.99907e-05 8.15253e-06
53 1.68768e-05 -4.99969e-05 8.15323e-06
54 1.68918e-05 -5.00029e-05 8.15397e-06
55 1.69066e-05 -5.00092e-05 8.15474e-06
56 1.69215e-05 -5.00154e-05 8.15551e-06
57 1.69365e-05 -5.00212e-05 8.15628e-06
58 1.69518e-05 -5.00272e-05 8.15707e-06
59 1.6967e-05 -5.0033e-05 8.15785e-06
60 1.69821e-05 -5.00392e-05 8.15862e-06
61 1.69972e-05 -5.00449e-05 8.15941e-06
62 1.70125e-05 -5.00508e-05 8.1602e-06
63 1.70276e-05 -5.00566e-05 8.16099e-06
64 1.70428e-05 -5.00623e-05 8.16178e-06
65 1.70579e-05 -5.0068e-05 8.16256e-06
66 1.70731e-05 -5.00736e-05 8.16335e-06
67 1.70883e-05 -5.00793e-05 8.16413e-06
68 1.71035e-05 -5.00849e-05 8.16492e-06
69 1.71187e-05 -5.00905e-05 8.1657e-06
70 1.71339e-05 -5.00961e-05 8.16648e-06
71 1.71491e-05 -5.01017e-05 8.16726e-06
72 1.71644e-05 -5.01073e-05 8.16804e-06
73 1.71796e-05 -5.01129e-05 8.16881e-06
74 1.71949e-05 -5.01185e-05 8.16959e-06
75 1.72101e-05 -5.0124e-05 8.17036e-06
76 1.72253e-05 -5.01296e-05 8.17113e-06
77 1.72406e-05 -5.01352e-05 8.17189e-06
78 1.72558e-05 -5.01407e-05 8.17266e-06
79 1.72711e-05 -5.01462e-05 8.17342e-06
80 1.72863e-05 -5.01518e-05 8.17418e-06
