26 -1.07794e-08 -3.76835e-08 2.25984e-09
27 -5.5302e-05 -1.01196e-05 2.13416e-05
28 -4.29262e-05 -6.02458e-06 1.67863e-05
29 -2.02063e-05 -4.22083e-05 8.74822e-06
30 -2.02529e-05 -4.05101e-05 8.95096e-06
31 -1.98682e-05 -4.15186e-05 8.9729e-06
32 -1.97168e-05 -4.14479e-05 8.90612e-06
33 -1.96946e-05 -4.14911e-05 8.90616e-06
34 -1.96768e-05 -4.15201e-05 8.90231e-06
35 -1.96594e-05 -4.15436e-05 8.90043e-06
36 -1.9643e-05 -4.1566e-05 8.89851e-06
37 -1.96275e-05 -4.15848e-05 8.89704e-06
38 -1.96124e-05 -4.16032e-05 8.89592e-06
39 -1.95975e-05 -4.16184e-05 8.89513e-06
40 -1.95841e-05 -4.16335e-05 8.89465e-06
41 -1.95701e-05 -4.16493e-05 8.89397e-06
42 -1.95565e-05 -4.16612e-05 8.89374e-06
43 -1.95425e-05 -4.16739e-05 8.89336e-06
44 -1.95294e-05 -4.16852e-05 8.89337e-06
45 -1.95161e-05 -4.16965e-05 8.89337e-06
46 -1.95029e-05 -4.17065e-05 8.89341e-06
47 -1.94899e-05 -4.17167e-05 8.89358e-06
48 -1.9477e-05 -4.17266e-05 8.89378e-06
49 -1.94643e-05 -4.17356e-05 8.89407e-06
50 -1.94516e-05 -4.17445e-05 8.89436e-06
51 -1.94389e-05 -4.17533e-05 8.89466e-06
52 -1.94264e-05 -4.17619e-05 8.89503e-06
53 -1.94139e-05 -4.17702e-05 8.89544e-06
54 -1.94013e-05 -4.17786e-05 8.89583e-06
55 -1.93891e-05 -4.1787e-05 8.8963e-06
56 -1.93768e-05 -4.17953e-05 8.89677e-06
57 -1.93644e-05 -4.18033e-05 8.89721e-06
58 -1.9352e-05 -4.18116e-05 8.89765e-06
59 -1.93394e-05 -4.18201e-05 8.89801e-06
60 -1.93271e-05 -4.18282e-05 8.89849e-06
61 -1.93147e-05 -4.18361e-05 8.89895e-06
62 -1.93023e-05 -4.18443e-05 8.89937e-06
63 -1.92899e-05 -4.18521e-05 8.89984e-06
64 -1.92776e-05 -4.18599e-05 8.90033e-06
65 -1.92652e-05 -4.18676e-05 8.9008e-06
66 -1.92529e-05 -4.18752e-05 8.90127e-06
67 -1.92405e-05 -4.18828e-05 8.90175e-06
68 -1.92282e-05 -4.18904e-05 8.90223e-06
69 -1.92158e-05 -4.18979e-05 8.9027e-06
70 -1.92035e-05 -4.19055e-05 8.90318e-06
71 -1.91911e-05 -4.1913e-05 8.90365e-06
72 -1.91788e-05 -4.19204e-05 8.90412e-06
73 -1.91664e-05 -4.19279e-05 8.90459e-06
74 -1.9154e-05 -4.19353e-05 8.90506e-06
75 -1.91417e-05 -4.19428e-05 8.90552e-06
76 -1.91293e-05 -4.19501e-05 8.90599e-06
77 -1.91169e-05 -4.19575e-05 8.90645e-06
78 -1.91046e-05 -4.19649e-05 8.9069e-06
79 -1.90922e-05 -4.19722e-05 8.90736e-06
80 -1.90798e-05 -4.19796e-05 8.90781e-06
