26 -9.84515e-09 -3.76897e-08 4.33733e-09
27 -4.83539e-05 -1.01194e-05 2.73141e-05
28 -3.74555e-05 -6.02435e-06 2.15237e-05
29 -1.74362e-05 -4.22196e-05 1.05808e-05
30 -1.74258e-05 -4.05151e-05 1.0776e-05
31 -1.70361e-05 -4.15237e-05 1.07881e-05
32 -1.69045e-05 -4.14528e-05 1.07169e-05
33 -1.68825e-05 -4.1496e-05 1.07158e-05
34 -1.68658e-05 -4.15248e-05 1.07114e-05
35 -1.6849e-05 -4.15483e-05 1.07091e-05
36 -1.68333e-05 -4.15707e-05 1.07069e-05
37 -1.68182e-05 -4.15896e-05 1.07052e-05
38 -1.68034e-05 -4.16079e-05 1.07039e-05
39 -1.67888e-05 -4.16231e-05 1.0703e-05
40 -1.67756e-05 -4.16382e-05 1.07024e-05
41 -1.67618e-05 -4.16541e-05 1.07017e-05
42 -1.67482e-05 -4.16659e-05 1.07014e-05
43 -1.67343e-05 -4.16786e-05 1.0701e-05
44 -1.67212e-05 -4.16899e-05 1.0701e-05
45 -1.67079e-05 -4.17012e-05 1.07011e-05
46 -1.66947e-05 -4.17112e-05 1.07012e-05
47 -1.66817e-05 -4.17214e-05 1.07014e-05
48 -1.66687e-05 -4.17313e-05 1.07017e-05
49 -1.66559e-05 -4.17403e-05 1.0702e-05
50 -1.66431e-05 -4.17492e-05 1.07024e-05
51 -1.66303e-05 -4.1758e-05 1.07028e-05
52 -1.66176e-05 -4.17666e-05 1.07033e-05
53 -1.6605e-05 -4.17749e-05 1.07038e-05
54 -1.65923e-05 -4.17833e-05 1.07043e-05
55 -1.658e-05 -4.17916e-05 1.07049e-05
56 -1.65675e-05 -4.17999e-05 1.07054e-05
57 -1.6555e-05 -4.1808e-05 1.0706e-05
58 -1.65424e-05 -4.18163e-05 1.07066e-05
59 -1.65297e-05 -4.18248e-05 1.0707e-05
60 -1.65172e-05 -4.18329e-05 1.07076e-05
61 -1.65047e-05 -4.18408e-05 1.07082e-05
62 -1.64921e-05 -4.1849e-05 1.07088e-05
63 -1.64796e-05 -4.18568e-05 1.07094e-05
64 -1.64671e-05 -4.18645e-05 1.071e-05
65 -1.64546e-05 -4.18722e-05 1.07106e-05
66 -1.64421e-05 -4.18799e-05 1.07112e-05
67 -1.64296e-05 -4.18875e-05 1.07118e-05
68 -1.64171e-05 -4.18951e-05 1.07124e-05
69 -1.64046e-05 -4.19026e-05 1.0713e-05
70 -1.63921e-05 -4.19101e-05 1.07136e-05
71 -1.63796e-05 -4.19176e-05 1.07142e-05
72 -1.63671e-05 -4.19251e-05 1.07148e-05
73 -1.63546e-05 -4.19326e-05 1.07154e-05
74 -1.63421e-05 -4.194e-05 1.0716e-05
75 -1.63295e-05 -4.19474e-05 1.07166e-05
76 -1.6317e-05 -4.19548e-05 1.07172e-05
77 -1.63045e-05 -4.19622e-05 1.07178e-05
78 -1.6292e-05 -4.19696e-05 1.07184e-05
79 -1.62795e-05 -4.19769e-05 1.0719e-05
80 -1.62669e-05 -4.19842e-05 1.07196e-05
